enlucido.puk.ro
oseng.info
www.qnyz.net
www.allincluded.nl
www.jf6s.com
krazylady.digart.pl
fast-hits.info
www.airenzhe.com
koselakautosiskola.hu
e.zjky.cn
ocularis.es
knowzon.com
92meimei.info
zhizhu-2.tumblr.com
villamixsp.com.br
hypermedia.cz
igxhiblkx.blogage.de
cd.h2h.cn
veho.qiwen5.com
kanaldhaber.com.tr
kaele.wop.ro
ipopculture.info
www.rjcy.1819.tv
ta4a.info
xkcd.lapin.org
www.hb6.org
deal-master.pl
jmule.org
www.b2b666.com
e-cyfrowe.pl
chachala.com
dq5.net
aspada.wop.ro
haus-dexel.de
bama888.com
4598.k3y3.net
steppdec.puk.ro
yiwl.210000.org
0375.1775.cn
wordpress.com
hoevehoogland.be
toddie.wop.ro
avenin.wop.ro
niderouqing.fyfz.cn
visitapuertovallarta.com.mx
taxarticles.info
landeman.puk.ro
ashevillechamber.org
kelly-unleashed.net
selserv.pl
test.msk.ru
a2im.org
digitalbooksales.info
www.ibaiyun.ne
alternative-asset-investment-m.blog.hr
www.alsen.pl
sowte.puk.ro
esdata.info
19rus.info
dronacharya.info
tranniesonline.ws
flowerssanfrancisco.7s4.info
eu.tv
qysxy.net
drivesounds.info
kejiao.cntv.cn
netpromo.pl
www.jparker.co
kimdahee.com
sexotube.eu
oxendales.ie
dvdkurs.info
dashoes.fr
1qvod.diandian.com
197.71zs.com
chaoku.sinaapp.com
www.ywliao.com
realbbwgirlfriends.com
0000ff.net
jmzm.nfdy.net
jzwtjnsq.1168.tv
iiit-bh.ac.in
petrolwatch.com.sg
94392.live173.com
tiao.500dd.com
snaha.cz
navy.pinger.pl
noonligh.puk.ro
pachyhem.puk.ro
loop.hamazo.tv
5658777.com
datacenter.cu
theignatpost.ru
derzeitigen.wop.ro
kenkyuum.puk.ro
www.zsq11.com
www.stratinfo.hu
jquerytable.info
1ha.info
4zb7.265link.com
www.rtysl.co
ungelehrte.puk.ro
www.taobao08.cn
casatoscana.co.za
www.d4se.info
www.job2nd.cn
ezinego.com
tricae.com.br
86400.es
www.zhua.biz
kk44kk-823a.tumblr.com
384003.com
vietaste.puk.ro
atlanticalink.info
avras.info
weshareweb.tk
qcyg.e23.cn
bbs.xintiao.net
shhlongji.bokee.net
swissparks.ch
airlib.be
hebwst.gov.cn
garmonia-med.ru
emer.kz
gid43.ru
sonotaka.puk.ro
bed-and-breakfasts-in-belfast.blog.hr
hankle.puk.ro
bj.51tie.com
vaclavovic.info
tw-dating.com
r9h.info
xbox-deals.info
lopburi2.go.th
lena87.digart.pl
snkm.qiwen5.com
bbs.066p.com
ache.info
www.dodge.dk
poleko.mtp.pl
lojabysamia.com.br
shoping2.info
www.ifen8.com
malta.flog.pl
brainjobs.ro
income2.jp
mzintna.com
revijakapital.com
jiankang.cq.gov.cn
zw.tibet.cn
feue.wop.ro
gmatwin.net
geloof.puk.ro
lindenchamber.net
barb.cathayan.org
700kxw.com
953694.co.sonhoo.com
internetstandard.pl
freesexvideosonline.info
aq4e.k3y3.net
guotai.us
screenrush.co.uk
unduly.wop.ro
www.8118.com.cn
ent.pote.hu
jbnjakuljkk.page.tl
www.511dh.com
pig-up.de
3gc0.k3y3.net
babewatch.tv
myrraen.wop.ro
rockingham.info
lotos.pl
bbs.mumayi.com
bagarticles.info
anqing.012job.com
spryciarze.pl
ankuban.ru
themee.info
liflaft.wop.ro
shadowscapetruth.blogspot.com
aftersalesmagazine.nl
schuit.puk.ro
juancong.com
orzegow.home.pl
tajalibasirat.ir
www.blmoto.com
sylwii.blip.pl
fobo.210000.org
biotreat.info
pmnn.210000.org
zg66.ru
camscr.org
guffen.wop.ro
automaticwebsoftware.com
theplatform.info
eulerhermes.fr
govoyagesce.com
vitzka.flog.pl
www.66ssss.com
hochgehen.wop.ro
gamania.in
1-t.cn
miia.wop.ro
etalab.gouv.fr
pamelyn.wop.ro
wpexplorer.me
3800vk.com
mstyczow.prv.pl
topfox.tv
21in.ru
344r2.951n.cn
forestho.wop.ro
eternita.wop.ro
m80.tv
undecoic.wop.ro
www2.qglt.com.cn
anothersliceofcheesecake.tumblr.com
inframicro.com.br
zarb.info
vacationrentals.bg
despecpazar.com
slunecno.cz
usbmultiporthub.3nc.info
bosch-career.it
miloradovic.info
zzqqq-db74.diandian.com
cacgreen.com
naomi1074.hyves.nl
kardel.wop.ro
99477.com
carpi.mo.it
dd5.cc
gratisrecursos.info
vsestudentam.ru
6htg.cn
shop.668jzw.com
midea.tv
www.renti.tw
vkgm.210000.org
wiederzu.wop.ro
agendasetting.pt
www.eru0.4f9.org
mates.sk
incarmobilephonechar.3ji.info
e-conomic.se
laresdj.com
angeljewellery.info
clain.blip.pl
jambaje.wop.ro
justynsmith.info
tododatos.info
loombo.pm
www.toz.pl
pivpiv.dk
eizyuu.wop.ro
gkotsikas.gr
xbdy2008.spaces.eepw.com.cn
activistfaith.org
softwaretalk.info
www.zpasc.gov.cn
aasdegree.info
www.argus.nc
liberi.lv
guru.blip.pl
keymas.wop.ro
bbs.3ddl.net
raore24h.com