coxcombe.puk.ro
bestsitevalue.com
jeansfun.de
restaurantes.com.do
cgzj.210000.org
tigerstores.co.uk
ojhs.210000.org
www.whm.pl
tylkozyczenia.pl
emailadvertisingz.info
siretoko.wop.ro
win.21cbh.co
www.eshop15.cn
taizi.puk.ro
goldprice.com.tw
dcjc.nfdy.net
topseovideo.com
gaben.wop.ro
aboo.com.pl
atehenmei.com
amhfcu.org
uoouo.info
awa.digart.pl
npwy.210000.org
hostingprovidersz.info
portal-elblag.pl
7782235566.phone.searchwww.com
vipc9.com
pherdark.com.pl
duplexers.puk.ro
www.av001.cn
www.lovelytu.com
dcasa.it
www.zpasc.gov.cn
apartamenty.pl
jobchase.info
zsm.gog.pl
airtickets.ro
helvetica-t.ru
linux.kiev.ua
gratisrecursos.info
winterhighland.info
sirb.net
news.liao1.com
chuyenphatnhanhquocte.net.vn
jinj.1168.tv
easy-hebergement.info
gadgetguruji.com
travanto.de
easyadultdating.co.uk
tolkland.com
xjyv.lizhidy.net
bookmark-factory.info
vegaskids.info
bbs.yyxxsd.com
www.congnghemoitruong.org
lepszypoznan.pl
bensinmo.wop.ro
limity.tv
gbkk.info
sblab.info
liber.pl
onlinepokerweblog.net
kongotimes.info
beseitig.puk.ro
biham.wop.ro
axn.pt
ferwor.flog.pl
alio.lt
www.rnews.be
kalkulierende.puk.ro
inter-directory.info
shop57490376.taobao.com
socengine.ru
ndxr.k3y3.net
www.lcf.ca
szopka215.flog.pl
35z.info
howtobewell.info
carolinkie.digart.pl
dv.ttx.com.cn
www.024ksw.com
anatematizador.puk.ro
bourky.cz
848848.com
fukulog.jp
passiers.wop.ro
funtasyisland.com
travlinkz.info
xixichengyuan.com
ibaw-ev.de
vishwa.us
onlynngirls.info
examresults99.info
grensopener.eu
zilveren-ster-toverstok.istats.nl
banaliserait.puk.ro
huwai.0916.tv
jastimber.co.uk
www.e3co.de
www.lkcisen.com
yuki.tk
www5.51avnv.info
yaranehmehr.ir
8rb.info
somadjinn.deviantart.com
028mov.com
paris-sorbonne.fr
www.mss.am
pcpoints.ca
stillup.ca
vxb.com
fortunaweb.com.ar
www.menorca.net
www.1000m.me
anglingdirect.co.uk
paludisme.info
gtch.prv.pl
www.gtz.de
bruna.nl
anflehendem.wwwwww.wop.ro
creped.wop.ro
fenti.biz
inshining.puk.ro|jiin.wop.ro|hxh.bdwl.cn|ovis.jatek-online.hu|www.int.nf|www.sjzhuakang.com|asqj.nfdy.net|mndy.nfdy.net|spante.wop.ro|soreve.xtgem.com|gz.h2h.cn|www.avzai.com|xpdi.nfdy.net|youxi.com|kaiarei.deviantart.com|www.jzswdc.com|www.huanggua.com|moreb.wap.ai|canada-goose-shop.frnewsby.com|fct.unl.pt|arcade.rakuten.co.jp|qipabuluoge.taobao.com|www.guilin.gov.cn|cfwc.nfdy.net|unyn.nfdy.net|wjub.nfdy.net|www.biantaoti.in|www.zhongguo315.com|ytoh.nfdy.net|www.3111.co|mediakosar.hu|www.03187.com|zpbk.nfdy.net|wfylnwyql.mobie.in|nxkh.nfdy.net|medial.wop.ro|zbfp.nfdy.net|uyxzmjzacgcksn.blogtrue.com|www.1-l.cc|www.ksxjd.com|revctrl.org|ekxx.nfdy.net|masse.wop.ro|www.lmmw365.net|www.abc625.com|www.0351sem.com|www.youy8.com|lionbass2.blog.so-net.ne.jp|lwzy.nfdy.net|www.pixeltuuning.feim4u.ee|www.hecor.cn|nisa.nfdy.net|uggonline.info|vlieguren.wop.ro|icamtech.net|www.aiyunpw.com|www.xshpjy.com|ikng.nfdy.net|www.evenimenteromanesti.com|targanewfoundland.com|www.38767725.com|www.zfeiwang.co.cc|arena-barani.com|dibao.org|zhishangnet.cn|nexustournament.com|radabg.com|www.0539house.com|daogouwang.tk|3490.nfdy.net|tehl.nfdy.net|seostats.asia|www.cpa.hk.cn|modelschool.com.au|www.shszc.com|pocoma.wop.ro|18mei.com|0wnenstein.deviantart.com|nanrenwa.com|flambe.wop.ro|twitpic.com|gimzo.wop.ro|www.yhdnzc.com|tolhuoche.buscx.cn|autobodydynamics.net|www.ctt111.com|www.365shhr.com|iplforum.com|dicks.co|uggforcheap.info|fplt.nfdy.net|bbs.007.mx|www.wdhrb.com
www.a67com.com
bybab.com
linkswarm.info
suihua.h2h.cn
dgxn.info
www.gyxhjs.com
timmi.puk.ro
sexbig1.info
simplefly.nl
5e2g.265link.com
6hhy.com
pro-poly.ru
juancong.com
33c.cc
shoppen-mit-herz.de
cctv1.cntv.cn
dree.pinger.pl
viaggiavventurenelmondo.it
gconline.de
hostingreviewz.info
wztx.ta68.com
shark-tank.net
www.umas.hr
dj.kenhdj.net
qq6688.qzone.qq.com
samosut.puk.ro
21directoryast.info
printermaster.hu
lehighacresgazette.info
noqueban.com
kinozad.ucoz.ru
ijfe.nfdy.net
sankeys.info
bidify123.weebly.com
www.jsfair.org
crearforo.com
wiispin.com
craftboard.pl
yardflocking.info
zeqv.210000.org
formularze.iform.pl
1000day.dumex.com.cn
lichcatdien.info
4wh.pl
valuebond.com
liroly.hu
urlaube.info