tajemniceebiznesu.pl
cubicweb.co.uk
thaibubbles.com
subbrigade.puk.ro
www.xt12312.gov.cn
thuantuong.vn
elpmultimedia.info
flawlessliving.info
www.emtetech.pl
www.naruto.hk
tutubo.tv
3gp.net
www.hrs22.com
www.haose779.com
fy8dy.com
seohao123.info
al-abbasiyya.ps
shafts.wop.ro
clipxxx69.info
regame.pl
www.autosiskolamiskolc.hu
dorkroom.info
events-live.ru
www.wheretobuywholesale.org
bookmarklogs.info
fiedor.wrzuta.pl
www.yangoncity.com.mm
www.qhu0.4f9.org
baguzajja.info
geo-mag.fr
sklep.spirulina.pl
5ucom.com
sextopliste.ch
www.seo51go.com
nextlinks.info
www.meyd.cn
www.zdjsyy.com
bo.8rree.com
jlrn.210000.org
wgn.localus.pl
skyldte.puk.ro
visionista.tv
www.grhpv.net
terra.mx
chachala.com
www.chinanijiu.com
fd.eyilan.tw
memory-alpha.org
sjc.pku.edu.cn
penza.wop.ro
nsvp.210000.org
gd.zhuxianll.com
multijet.wop.ro
91porn.na.tl
shirator.wop.ro
innova.puk.ro
missionmoldova.org
puiserio.wop.ro
www.hdycw.net
economie.gouv.fr
backlinkpopularity.info
mobile.people.com.cn
ricoq.prv.pl
eva.ro
dni-afryki.olsztyn.prv.pl
www.momaps1.org
www.3332.cc
www.fjkeda.com
arabmoheet.net
fadj.210000.org
thelalgi.puk.ro
osmania.ac.in
newyorknofaultadvisor.com
dzhuiou.suliao.biz
www.yb993684574.com
gofreearticles.info
mahost.in
zadrotam.ru
rugame.mobi
fundabrinq.org.br
hanko21.info
avaro.pl
dreamofmetin2.aq.pl
midas.co.za
www.caay.tk
spitshon.wop.ro
beget.ru
fable.flog.pl
www.pornopaarden.nl
xtm81.taobao.com
zsdl.hvacr.cn
murone.wop.ro
nazghrun.com.pl
cognisab.wop.ro
ashghal.gov.qa
zuraka.wop.ro
www.tyyyqqxyq.com
donbosco.pl
www.lsxdc.com
ahiva.info
vkhl.info
afknevelt.puk.ro
pravosudje.hr
www.hdw7.4f9.org
striempj.puk.ro
www.grt55tjj7.com
shuswap.wop.ro
montgomeryparents.com
nbyhdq7190cc.7190.cc
notesfromafruitstore.net
lateststory.net
lumens.no
mido-sat.com
wow-petopia.com
is-tools.net
trdiziizle.net
www.elettricitta.it
seowho.is
thesistheme.org
cubestage.pl
wap888.org
lichtcharakter.de
idbi.co.in
www.ycyh.net
www.hfyl.net
guihuaxiang.com
neverdie.funbbs.me
latestclassifiedsite.com
piszacamama.pl
www.fc3d.net
antag.pl
socialbookmarkingmarketingsuccess.info
kcjv.210000.org
rundlich.wop.ro
unikurage.sakura.ne.jp
procommu.puk.ro
www.95572.info
www.jaksw.com
minecrafter-s.ru
techmaisbrasil.blogspot.com
www.emiljensen.se
www.sdsms.ccoo.cn
estimatearticles.info
parseta.home.pl
hikiok.wop.ro
matrix.co.il
narancsvidek.lap.hu
11xo.playz.it
aprilzaa.wop.ro
vitaherb.no
586zw.com
patioart.ge
szempilla.info
www.mqfood.nev.cn
www.8shaoxing.com
domico.info
yh6m.qiwen5.com
hupan.net
geneethics.org
rzxg.210000.org
tt.5aw.info
vjz.pl
life-of-brian-full-movie.blogspot.cz
trockenmilch.wop.ro
www.alejagowniarzy.pl
cn7.net
vyprodejskladu.eu
halver.wop.ro
muk.ac.th
wikivideo.it
inadecuada.puk.ro
anxietyneurosis.soup.io
donnais.wop.ro
little-black-dress.fad3.cn
sanason.com
astracar.info
woerstfrance.com
www.ecommercetimes.com
mtz.digart.pl
kkck.nfdy.net
tanseged.info
www.58dq.4f9.org
vosco.puk.ro
xiaoke.info
blueshow.net
mgrbjs.114.org
gemeley.net
crop.wrzuta.pl
www.xiaobenxiong.net
neefs.wop.ro
mqql.210000.org
photomag.wop.ro
temerariousness.puk.ro
helsepakken.no
clubwarner.jp
pginsbach.info
melbourneonmymind.com
volante.pt
moujyuu.wop.ro
taocicanju.net
zaqk.ro
the-efa.org
gazipuryouthclub.com
ysxx.gaga16.com
deyang.66law.cn