websystem.cz
familymarketing.org
mangguo.org
snatchporn.info
adsom.pl
kusubu.wop.ro
anutel.it
www.goosejacketssale.com
impinged.wop.ro
zeedieren.wop.ro
rinvino.wop.ro
bbs.jxcn.cn
heroeswow.info
www.she88.com
bookmarkmix.info
bbs.sqfc.cn
www.lhw.so
qriosity.eu
blenke.wop.ro
relja.puk.ro
beluegt.wop.ro
www.hhaavv.com
aanrolle.puk.ro
virtualizationsoftwarez.info
dmozsubmission.info
www.zelex.de
djt4t.1168.tv
hyrax.org
dbeta.info
wildfishandship.com
b-channel.info
kartyajatekok.info
mujglock.com
capdesign.se
www.argus.nc
krolik79.wrzuta.pl
taihi.wop.ro
titanquest.org.ua
taobaotianxia.tmall.com
www.uuubt.com
etourisme.info
talon.cz
sat-module.de
titleist.com
dbstczh.taobao.com
mirgeografii.ru
casevill.puk.ro
wgh.100hg.com
un-ecobuilding.info
clixseo.info
rovo.puk.ro
esizvzbk.blogger.hu
hupan.net
unoter.puk.ro
pirates-of-the-caribbean-full-movie.blogspot.cz
mojamafia.pl
bostonbikessummit.info
smallbusinessaccountingz.info
westerdals.no
septeni-holdings.co.jp
africaone.tv
grine.fr
citeo.pl
prj.csdn.net
tornadosolos.info
locals.wop.ro
kajfol.wrzuta.pl
zagubieni.pl
pornoclipz.nl
lindin.is
raccontioltre.it
interbytchim.ru
sonicbrew.info
wobble.wop.ro
souschef.fr
dyox.210000.org
soyuq.biz
folk.com.pl
czt.lygbst.cn
www.100m.hk
mkoza.blip.pl
www.yytao.com
ducatimonsterforum.org
thebestlocalbusinesses.com
vtechtuning.pl
padmag.cn
szb.nxnet.cn
isaleq8.com
www.plk-sa.pl
websitereported.com
discuss.com.hk
la-cerchia.it
5ds.com
omyene.wop.ro
pkd.com.pl
clubnet.pl
www.bakonyalja.hu
crazyinventions.net
www.1mag.cn
6traveler.com
yellowware.wop.ro
noindex-nofollow.info
theupsetapplecart.com
6hgb.com
greatlinklist.info
yvimg.kz
eso.so
student.pev.pl
ptc-champion.ucoz.ru
x90x.net
chachala.com
xixidieyuan.com
www.carmenmoldovan.ro
jpnvren.info
healthnet.com
solitair.wop.ro
020.himin.hk
www.ensjel.blogg.no
www.twspg.com
brgmusicworks.com
dukascopy.com
oznb.qiwen5.com
mootylek.digart.pl
bratstvo.info
cropping.software.informer.com
phimnhanh.info
tradevan.com.tw
gagaag.at
xindayuan.china.hntoo.com
bookmarkpages.org
111.001jd.net
infanzonazgo.puk.ro
scooterreviews.co.uk
fuelsaving.info
uvme.lizhidy.net
shinmin.wop.ro
kardiolog.pl
inshining.puk.ro|jiin.wop.ro|hxh.bdwl.cn|ovis.jatek-online.hu|www.int.nf|www.sjzhuakang.com|asqj.nfdy.net|mndy.nfdy.net|spante.wop.ro|soreve.xtgem.com|gz.h2h.cn|www.avzai.com|xpdi.nfdy.net|youxi.com|kaiarei.deviantart.com|www.jzswdc.com|www.huanggua.com|moreb.wap.ai|canada-goose-shop.frnewsby.com|fct.unl.pt|arcade.rakuten.co.jp|qipabuluoge.taobao.com|www.guilin.gov.cn|cfwc.nfdy.net|unyn.nfdy.net|wjub.nfdy.net|www.biantaoti.in|www.zhongguo315.com|ytoh.nfdy.net|www.3111.co|mediakosar.hu|www.03187.com|zpbk.nfdy.net|wfylnwyql.mobie.in|nxkh.nfdy.net|medial.wop.ro|zbfp.nfdy.net|uyxzmjzacgcksn.blogtrue.com|www.1-l.cc|www.ksxjd.com|revctrl.org|ekxx.nfdy.net|masse.wop.ro|www.lmmw365.net|www.abc625.com|www.0351sem.com|www.youy8.com|lionbass2.blog.so-net.ne.jp|lwzy.nfdy.net|www.pixeltuuning.feim4u.ee|www.hecor.cn|nisa.nfdy.net|uggonline.info|vlieguren.wop.ro|icamtech.net|www.aiyunpw.com|www.xshpjy.com|ikng.nfdy.net|www.evenimenteromanesti.com|targanewfoundland.com|www.38767725.com|www.zfeiwang.co.cc|arena-barani.com|dibao.org|zhishangnet.cn|nexustournament.com|radabg.com|www.0539house.com|daogouwang.tk|3490.nfdy.net|tehl.nfdy.net|seostats.asia|www.cpa.hk.cn|modelschool.com.au|www.shszc.com|pocoma.wop.ro|18mei.com|0wnenstein.deviantart.com|nanrenwa.com|flambe.wop.ro|twitpic.com|gimzo.wop.ro|www.yhdnzc.com|tolhuoche.buscx.cn|autobodydynamics.net|www.ctt111.com|www.365shhr.com|iplforum.com|dicks.co|uggforcheap.info|fplt.nfdy.net|bbs.007.mx|www.wdhrb.com
www.yyrtys.net
www.0311seo.net
cs-hltw.ru
246kk.com
classedin.info
amazingp.wrzuta.pl
4xstrategy.net
www.com3721.com
herbatha.pl
nk577.com
juancong.com
syubou.puk.ro
perfumesencasa.com
guihuaxiang.com
www.dragonkwest.net
aneta6912.digart.pl
club80.ch
www.e168.com.cn
yaojing1128.n9.youmac.info
canis.ee
hecmreversemortgage.pro
ventasdeoro.net
rotor.uw.hu
freesextube.info
race.es
44abcd.com
locasit.fr
niie.56dvd.net
www.emigranci.co.uk
knirk.wop.ro
bookmark-fastupdate.info
www.juskt.cn
www.14499.info
c211.210000.org
5secrule.de
www.wgdnf.info
2ge.us
easyelectronics.ru
vinka.wop.ro
melancia.puk.ro
phpwomen.org
www.chidexingfu.com
atehenmei.com
andrzej08.digart.pl
absolute-photography.co.uk
thetopdir.info
marketingman.net
mymob.in
lanexa.wop.ro
alpineskishop.info
www.vasttex.com
couponsc.puk.ro
sitti.co.id
licorneantiques.com
dominoq.digart.pl
alienacja.pinger.pl
melone.wop.ro
fluffysheep.net
pocket.co.il
www.rtsoft.cz
phsaturn.pl
6hchk.net
amida.wop.ro
educationalsoftwarereviews.info
actualitesduweb.com
bezoplat.ru
www.cheap-dedicated-servers.info
glad.wop.ro
www.73kx.com
ytsj.info
gewerbe-anmelden.info
pokies.sg
nigra.blip.pl
giveawayforyou.info
usc.edu.tw