zendblog.pl
scarj.asia
hellodrupal.info
pixmania.pl
bestfilmy.pl
sui1234567890.wanye68.com
subboreal.wwwwww.wop.ro
www.size.vn
communicationmaster.nl
chachala.com
www.gratisneukfotos.nl
ruckygames.com
www.usmoker.com
www.ulinix.com
forumpraca.pl
cn220.com
shakha.wop.ro
6y.nuc.edu.cn
gardenworld.in
freeporn.to
canefields.puk.ro
supermarketi.info
picwall.info
cosmedictravel.pl
hn.efw.cn
bygy.nfdy.net
room-runner.info
restsuperannuation2nn.info
www.3ghulian.org.cn
gawin.pl
dy.5se.in
benin.lap.hu
yuyue.shdc.org.cn
www.hlfp.net
globalestrategias.es
6178406.5sing.com
die-geschenkidee.de
bookmarkinginformation.info
one.cz
christmascashout.com
arsamandi.ru
ankang.biz
turnto23.com
debeers.co.uk
omarpela.com
unforebo.puk.ro
qcahuruxvw.blog.mongenie.com
i365.pl
countershear.puk.ro
newcumbe.wop.ro
anybusty.com
rss-clipping.com
florae.fr
babynameworld.com
sc365.org
www.olympc.cn
musicontology.com
www.wangjianran.com
ki.ki
www.dzxh120.com
www.cheu.cn
what2seeonline.com
hyderabadhometutions.info
hupan.net
slajd.blog.pl
wbzd.tk
baitbuddies.com
pbr.com
www.rosdev.ro
andluk.ch
www.xxx57.com
niunn.blip.pl
struxtravel.com
selbst-doku.de
d3m.zhongsou.com
tuneup.ru
nagayama.wop.ro
pamako.cz
hepatoptosia.puk.ro
gonct.info
acetylio.puk.ro
clownerie.puk.ro
www.hacg.me
sbready.info
www.ssl.be
jylr.info
natocrimes.com
1shoppinguk.info
kinosik.pl
maltsethoublons.com
www.9979.com
predilig.puk.ro
gehuiverd.puk.ro
hshewl.com
vergaffend.wop.ro
farsimarket.net
cng1.blip.pl
automobil-info.de
34ppp.in
quietuderom.free.fr
hxkr.info
bedienpu.puk.ro
mrj.blip.pl
lecards.com
minxiao.eol.cn
1jlh.210000.org
www.ew52.cn
www.sdjck.net
iida.jp
www.52wf.org
www.zgzbsc.com
3g.118114.cn
imposes.puk.ro
typo3.pl
craftymind.com
axela-tw.net
sermonettino.drejeskive.wwwwww.wop.ro
canterburyca.co.uk
china-lsj.com
perfcreatives.com
fsakfyztshif.1168.tv
electotronics.com
gestamme.wop.ro
www.7k7khhsh.in
junqueral.puk.ro
mydreamsuniversity.info
sakalaga.wop.ro
bzykanie.com.pl
alle-onderwerpen.nl
www.lipeng.biz
aboutreversemortgages.com
thornthran.org.pl
www.iriver.jp
aeschyle.wop.ro
tsukimid.wop.ro
did.pinger.pl
kretaforum.info
jerseyfanshop.com
zhiyong063.huijucn.com
shengtong.cc
567kx.com
lacasadirectory.info
www.aopengzuoye.com
all-transport.info
dawiki.ru
www.5252kan.name
sm-ex.com7.info
findautoforex.info
trendsderzukunft.de
mcn7.k3y3.net
pc-car.net
wkb.int
www.pp500.com
avmt.info
v5f.info
sexjkw.info
www.begeng.com
aimimpossible.org
wolontariatlo2.za.pl
psdstyle.net
amrik.wop.ro
mollusks.wop.ro
www.rhxy.cc
messe-bremen.de
kolokol.ru
backlinker.fr
tui-guang.net
gratismuziekdownload.nl
xixichengyuan.com
thwisp.com
gov-hzrb.hangzhou.com.cn
bishopmuseum.org
www.zhaofush.com
sybase1.software.informer.com
comicrantz.com
taaze.tw
get.xrea.jp
flyingmouth.com
franken-business.de
jatek2000.hu
phoebe100.com
xbeta.info
www.cybersulting.de
porterly.puk.ro
t2ho.k3y3.net
torneret.wop.ro
gf30.nfdy.net
rnz5.qiwen5.com
samygo.tv
brpg.nfdy.net
prd.go.th
prolineplayer.com
esselunga.it
hz.youku.com
verhaaste.wop.ro
www.gzlzqy.com
volleygame.it
tchabitat.org
qbkl.net
www.ftbxzp.cn
atomisms.wop.ro
seventh-angel.net
crearewebsites.co.uk
zoom.blip.pl
lazygirls.info
evc-cit.info
ptcxqfy.chinacourt.org
tmue.edu.tw
searchouse.net
famosa.wop.ro
forexforex.pl
univ-orleans.fr
senlac.wop.ro
fr-minecraft.net
wpark.info
bltraffic.info
www.gdkesion.com
barngirls.com
dancecentral.com
testdemo.info
nessie.wop.ro
endo.puk.ro
pyroclas.puk.ro
ra.jogger.pl
citeman.com
mary13.pinger.pl
mebel-olimp.com.ua
albrainger.ru
gesuendernet.de
unzen.puk.ro
andungen.puk.ro
coza.com.ua
monclervestreviews.net
58v.2044.cn
vayo.pl
argiro.gr
leychile.cl
thebestlocalbusinesses.com
www.robpic.com
pcsky.cn
www.jiad.cn
xixidieyuan.com
tiendastore.net
www.fanel.ro
sakurcia122.wrzuta.pl
plymouth.edu
esxx-sy.com