pakten.wop.ro
volnasport.ru
taotaoremai.com
092.jpn.com
onebookmarkstep.info
www.rysbtwr.info
seeweges.wop.ro
86ma.tk
rbqb.info
call2duty.info
vasorontu.puk.ro
chineses.puk.ro
shisha.polki.pl
wichtigtuerei.wop.ro
bramma.wop.ro
jego4.digart.pl
leovolt.ru
17520.info
imtech.eu
lxbp.nfdy.net
www.avszs.com
webb-tv.nu
dehong.wop.ro
thetechrepo.com
tujm.nfdy.net
shanghai.5ilou.com
matus-leather-highbak-chairs.do
afripol.org
tourisme.gouv.fr
www.28la.cn
23055000.ir
basha.blog.hr
epikwin.com
klikki.com
www.idcsol.net
sinosima.puk.ro
hostingbusinessz.info
software-secure-2012-ddgf.info
49tmw.com
fatal.pl
aaltci.org
bunt202.digart.pl
mam-aid.jp
jchn.lizhidy.net
parseta.home.pl
police.go.kr
cmshelper.ru
adult-planet.info
brachystochrone.puk.ro
sptc.ac.th
kingtour.com
spa-vital.pl
kidp.or.kr
www.wr.nl
www.sss4567.com
dolc.eu
iglo.tk
phcz.nfdy.net
arqd.210000.org
maknik.info
netzaehler.de
bajasen.wop.ro
unesa.ac.id
nbzufang.net
i-network.com.co
eryi.org
cinter.puk.ro
foramateurs.info
mbs-worldwide.ac.cn
changriw.puk.ro
ligimesekaitseks.ee
glaza.info
carsfromitaly.info
bottendag.se
bigweek.co.jp
avonmere.com
www.jxsy.org
haisan.org
reopen911.info
surreal-art.info
bielsko.pl
qiaqin.com
enterbio.es
48zh.net
viaje.info
contabilidad.tk
www.laikk8.com
traveledearth.com
c.thor.hu
730c13.diandian.com
hypodermically.respinsero.wwwwww.wop.ro
accede.puk.ro
franc.wop.ro
baijyou.wop.ro
lastdesign.it
ohion-wow.com
fitorfat.info
hybrid-autos.info
harian-aceh.com
43gan.com
www.nnxsdn.com
chicksto.puk.ro
grimgreen.digart.pl
www.gamet.eu
best-sec.net
cw8888.net
jddw.qiwen5.com
alomuaban.net
jeuxmaker.com
e-skype.tk
jhx0.k3y3.net
letapartment.com
afganec.fo.ru
spnadma.pl
kindra.wop.ro
dailystrength.org
www.zzzyit.net
qxvx.nfdy.net
nasahustla.pl
howtogettrafficonblogger.info
airportguides.co.uk
namcogames.com
bbs.592ppc.com
guoshu666.com
www.24wd.net
www.kozbiztautosisk.5mp.eu
dirde.com
cneggwet.skynetblogs.be
conflittiestrategie.it
www.velaro.com
microventures.com
fujicars.jp
attagency.ro
eurobase.se
alphafox.pl
fordijegerjente.no
mostraimoveis.com.br
master99.com
blog.zhulong.com
freearticles101.info
aqevol.com
www.tee5.com
lorithayer.com
batcafe.com
milavica.ru
fajnelaski.pl
craigslist.co.za
mediafirebuzz.com
acckomputer.com
sudachi.puk.ro
acerenza.info
treppen-discount.eu
upek.pl
achamel.info
aktorek.pl
79abc.com
theenvironmentsite.org
91acc.com
glas-srba.info
barnesoldgirls.co.uk
hcwang.cn
1rediq.ru
dayamana.digart.pl
mil.gov.ua
theophyl.puk.ro
tuznajdziesz.pl
infoacademy.net
lagons.wop.ro
www.dmailmanager.com
alleks.ro
croconic.wop.ro
education.gov.lc
93zz.com
niik.com
besthomy.info
outama.puk.ro
chachala.com
www.fzlvision.com.cn
kaukas.wop.ro
818tv.com
makjuzer.blip.pl
lejour.info
mob1.biz
kdjoteros.com
56671.cn
thailandoutlook.tv
granjear.puk.ro
www.gsbaykee.com
board.iamlights.com
he.klaki.net
chats.co
dreamgreenhousedesigns.com
www.tulufan.gov.cn
xxb54.kkzz.us
1hc.cc
kroma.wrzuta.pl
bbs.clzg.cn
umn.edu
indiavoice.info
www.capestay.co.za
otosata.wop.ro