renf.pinger.pl
www.wjpifu.com
rzeczny.eu
garu.digart.pl
djbudi.prv.pl
agilito.pl
joinrp.info
www.leike5d.com
xrumer7.pl
kde.hu
camaraforquilha.com.br
raziiiii.wrzuta.pl
www.vovso.cn
tewpik.com
readcom.info
matri4web.com
www.koderi.cz
10musume.com
zizka.digart.pl
homejobhelp.com
www.forma1joe.tvn.hu
senket.wop.ro
faithfulministries.net
www.isse.tk
yemanpk.com
chachala.com
converse.de
13ise.com
www.duolianhb.com
gptxqoip.blogger.hu
word.co
guihuaxiang.com
psoriasis-help.org.uk
bancogallego.es
blm.gov
22.6aq.info
8cl.us
apkplay.com
app.hubspot.com
app.klik.me
app.omia.cn
app.zhui.cn
bbs.cnux.com
bbs.csai.cn
bbs.d1tv.cn
bellafacil.com.br
blogshopr.com
boathotel.nl
braseamless.1yl.info
brasted.co.uk
buscape.com.ar
business.wengo.fr
business.westernunion.nl
business.westernunion.sg
caodi.us
caoliu-caoliushequ.tap.cn
caoliuforum.pen.io
caoliushequtaozi.tumblr.com
caoliuyaoqingma.tk
caonai.com
caoya.info
caoyiba.com
cap-form-attitude.com
cap-i-cua.net
capb.nfdy.net
capdesign.se
capernaitical.puk.ro
capitoni.puk.ro
capoeiralasvegas.com
chinacncrouter.com
chinaniupai1.com
cubestat.com
cudapang.com
cue.hu
cuheritage.org
cujuna.puk.ro
cuketka.cz
cul.sina.com.cn
culinar.ro
kwazar-lighting.pl
culinarya.ru
www.yemense.com
cultamente.puk.ro
excitose.puk.ro
dy.xxqs.info
ex4.me
gtesports.com.au
gttp.org
heliocom.de
hellet.wop.ro
hellokittymania.net
hellwaches.wop.ro
hyousyou.puk.ro
jsquffalue.blog.mongenie.com
jtonline.info
jtz.cyxw.cc
juegosindie.net
julia494.hyves.nl
kdoteje.be
keeppeaceman.blogbus.com
latribune.fr
ly.dwap.hk
simplify.de
mrji.nfdy.net
nebar.wop.ro
network-karriere.com
ngobrol.us
zt.qutao.com
oiik.tk
rixsta.co.uk
oldham-chronicle.co.uk
oliveology.co.uk
pasotsuu.wop.ro
pelais.wop.ro
pelleteu.wop.ro
peopleviews.net
phonearena.bg
phonex.de
pod.tv
podarimo.si
www.yb993684574.com
podium.wop.ro
poetryarchive.org
poortsel.verruca.wwwwww.wop.ro
popanime.net
www.12520.cc
popfun.co.uk
popstreams.eu
ptctalk.org
pterygia.wop.ro
ptmsik.pl
publicity4u.eu
publyworld.org
pucminas.br
pullboat.wop.ro
pulsar.bg
syariki.puk.ro
www.fajiaowang.com
punky.wwwwww.wop.ro
puntarle.wop.ro
pure-anime.biz
pussylick.info
trugame.ru
chinapoesy.com
puvg.210000.org
puxy.nfdy.net
quotediary.me
rabaty-rodzinne.pl
rabbitlike.puk.ro
bolerofilm.it
saltlakecityutah.org
saludtotal.com.co
samhande.wop.ro
samildemir.av.tr
samirabbas.net
samphotostock.cz
sarisayfalar.us
seitekia.wop.ro
sekelski.wop.ro
selneocranting.soclog.se
sextics.de
sfantasy.de
sgvps.net
cyjm.9998.tv
sh-lijing.com.cn
shadowable.bunmen.unsacredly.euwww.wop.ro
shambhala.org
shanon.co.jp
shina.ru
shinmin.wop.ro
shinrijo.wop.ro
shiryoku.puk.ro
najem-wynajem.pl
sociedadephd.com.br
socken.wop.ro
sonna.wop.ro
sorria.com.br
senete.wop.ro
bield.puk.ro
spiraalvormig.puk.ro
spodnepradlo.eu
spongebobgames.me
sponplat.puk.ro
spontanes.wop.ro
stthomas.puk.ro
theradius.us
thermaltake-italia.it
tui-guang.net
turkfirmarehberi.tv.tr
u8xj.k3y3.net
uaead.ae
brob.abflauender.zilber.wwwwww.wop.ro
ubroad.mn
ubuntu-art.org
verwendbare.wwwwww.wop.ro
wellnessziget.hu
www.51hk.org
www.5yb.net
www.avtodelo.by
www.azett.de
www.azleg.gov
www.baoanqicai.info
www.cssrc.org
www.edb.gov.sg
www.ekapija.ba
www.emploi-public.ma
www.ergops.nl
www.erin.gov.au
www.gofer.hu
www.hert.nl
www.hk-event.jp
www.jrjr.cn
www.jseie.org
www.manufactor.at
www.vegjd.de
0one.net
107.ywsw.org
atrico.hamazo.tv
betus-kifesto.kifesto1.hu
bocciand.wop.ro
clubspage.net
meine-bookmarks.info
cooptero.wop.ro
czxyxywfosvadu.blogtrue.com
dictionary.mobile.goo.ne.jp
feladat.hu
gladiatorgw.com
intdev.co.za
interkontakt.net
islamic-resource.org
itros.blip.pl
itssystems.co.uk
iyey.nfdy.net
iyouf.info
jago.9r.ro
jingyoufengxiong.net
jinhua.qiannan.org
jipc.jp
jiqingxx.info
jldh.net
jli.edu.in
discussion-board.info
020mideazl.com
endzeitwiki.de
www.goldjob.cn
afsy.org
0818school.com
archleague.org
www.cd5117.com
magnoliaceous.puk.ro
missa.flog.pl
fti-newquay.co.uk
szexport.hu
skku.edu
sportsmole.co.uk
kanitel.com.ua
kankan.us
kapsalontabak.nl
kekq.210000.org
kelownadailycourier.ca
kinshostore.co.jp
wouassipedia.com
kintaiatweb.jp
kintek.com.au
kolibri-kindergarten.at
kosamui.de
kouryuun.puk.ro
sx.189.cn
krenn.wop.ro
kriz.nfdy.net
kucniposao.ws
kvinnene.puk.ro
kw-eng.net
lacerano.wop.ro
fi33.com
vivorio.com.br
landingsterrein.wop.ro
lechu.flog.pl
legrand.us
lenm.cz
lens.ph
lensway.nl
leoforos.gr
leonidas.be
lesingenieurs.net
leso.epfl.ch
liers.wop.ro
linux.kiev.ua
liseliporn.tv
liseliporno.org
list-business.net
lkie.nfdy.net
mamablogg.ru
meek.ir
isiga.wop.ro
mujka.ca
my.xishui.net
net-lab.net
nethelper.com.au
nutv.dk
nuvoryn.fr
artwolan.pl
nycc.edu
slmame.com
oahspe.ws
ogerente.com.br
omashal.freeforums.org
ov5.ru
ovejuno.wop.ro
overbo.com.br
police.go.kr
repleto.wop.ro
romanpoet.org
sairon.wop.ro
saucedal.wop.ro
saurel.wop.ro
sbrz.pl
sbtonline.in
scandal.vn
sds.r.gd
sedal.cl
sertum.puk.ro
shop8586.com
sksy.k3y3.net
slating.puk.ro
slightlydifferent.co.uk
sln-toimintakeskus.fi
smartinc.com.au
socialdot.net
termenses.com.ar
www.663ss.com
www.aiao.cn
www.ancool.net
www.angbo.cc
www.baba.hu
www.bavnv.com
sfile.info
woerstfrance.com
directoryweb-usa.info
captivatinglust.tumblr.com
mcpraha16.cz
images.google.cn
www.dm520.net
anarchiaswdn.wrzuta.pl
www.gzxym.com
www.jcwk.net
www.jinancd.net
www.letop.be
siels.wop.ro
www.sjjs.com.cn
www.ngrx.net
www.oxygym.eu
www.ozp.cz
www.paginasamarelas.co.mz
www.palmex.cz
www.parini-merello.it
www.pbb.lt
www.sywzh.com
www.xianyangrc.com
www.xnyg.net
www.yanmoai.net
434pp.com
www.zglhgs.com
yangxi365508.qjwm.com
1o2.ir
6c1u.nfdy.net
6candy.com
8282.wap.ai
amanti.biz
deck.ly
nonperce.puk.ro
www.bilik.biz
www.meileg.com
usual.in
puer.yunnan.cn
wap.1cs.so
www.9wbb.com
bakteria.blip.pl
3vvv.org
dieselkino.at
homeimprovementarticledirectory.info
cscblog.jp
celvik.ba
studyaway.co.uk
radio-set.ru
treppen-discount.eu
telebe.az
bea.gov
reviewmylife.co.uk
www.wys.net
inshining.puk.ro|jiin.wop.ro|hxh.bdwl.cn|ovis.jatek-online.hu|www.int.nf|www.sjzhuakang.com|asqj.nfdy.net|mndy.nfdy.net|spante.wop.ro|soreve.xtgem.com|gz.h2h.cn|www.avzai.com|xpdi.nfdy.net|youxi.com|kaiarei.deviantart.com|www.jzswdc.com|www.huanggua.com|moreb.wap.ai|canada-goose-shop.frnewsby.com|fct.unl.pt|arcade.rakuten.co.jp|qipabuluoge.taobao.com|www.guilin.gov.cn|cfwc.nfdy.net|unyn.nfdy.net|wjub.nfdy.net|www.biantaoti.in|www.zhongguo315.com|ytoh.nfdy.net|www.3111.co|mediakosar.hu|www.03187.com|zpbk.nfdy.net|wfylnwyql.mobie.in|nxkh.nfdy.net|medial.wop.ro|zbfp.nfdy.net|uyxzmjzacgcksn.blogtrue.com|www.1-l.cc|www.ksxjd.com|revctrl.org|ekxx.nfdy.net|masse.wop.ro|www.lmmw365.net|www.abc625.com|www.0351sem.com|www.youy8.com|lionbass2.blog.so-net.ne.jp|lwzy.nfdy.net|www.pixeltuuning.feim4u.ee|www.hecor.cn|nisa.nfdy.net|uggonline.info|vlieguren.wop.ro|icamtech.net|www.aiyunpw.com|www.xshpjy.com|ikng.nfdy.net|www.evenimenteromanesti.com|targanewfoundland.com|www.38767725.com|www.zfeiwang.co.cc|arena-barani.com|dibao.org|zhishangnet.cn|nexustournament.com|radabg.com|www.0539house.com|daogouwang.tk|3490.nfdy.net|tehl.nfdy.net|seostats.asia|www.cpa.hk.cn|modelschool.com.au|www.shszc.com|pocoma.wop.ro|18mei.com|0wnenstein.deviantart.com|nanrenwa.com|flambe.wop.ro|twitpic.com|gimzo.wop.ro|www.yhdnzc.com|tolhuoche.buscx.cn|autobodydynamics.net|www.ctt111.com|www.365shhr.com|iplforum.com|dicks.co|uggforcheap.info|fplt.nfdy.net|bbs.007.mx|www.wdhrb.com
homair-villages.com
www.sexycity.hu
reversib.puk.ro
www.ztgy.org
law.zwbk.org
navikon.pl
dr.vit.ir
yembe.wop.ro
go5.ch
swat.mylog.pl
91084.com
www.devonenergy.com
jizhe.cc
movies-links.tv
www.lifeilong.net
www.zgso.so
cmais.com.br
www.rubydesign.cz
western.org
nightwish3.wrzuta.pl
osccreation.com
190120.com
ywdg.c.la
zssinotech.b2b.hc360.com
powermeetings.pl
tepapa.govt.nz
www.4932.com
adsl-fpt.org
gamershelper.com
1hotmama.a-liveprivates.com
dialadeck.com
fipav.tn.it
www.baidu006.com
aquadiving.be
goodental.com
97sese.com
sweetcheaptoronto.ca
yourlocalweb.co.uk
www.twinkids.nl
arborlist.com
movirutcamb.blogg.se
kistj.link.xfree.hu
www.yogou.cn
www.syf99.com
cricketextravaganza2015.blogspot.com
eztv.it
safebrowsing.info
iranjib.ir
faktura-xp.de
carl-auer.de
detail.china.alibaba.com
guangdong.qyi168.com
ddlovato.pl
njuta.wwwwww.wop.ro
anemon.pinger.pl
remen.biz
www.486xx.com
sexsites.uol.com.br
vaartuig.wop.ro
cpnqt.name.vn
gubihaojn.1168.tv
knaakland.nl
jaggedalliance.pl
www.pornokino.ru
xwcm.net
etpi.com.ph
www.68uuu.com
www.gyxhjs.com
prokapitalizm.pl
socialsceneevents.com
interschool.net.ua
4zon.com
namazi.info
ricardogarciavilanova.com
inetverification.com
odeon-ast.ru
mijobrands.com
www.uusheying.com
www.941yin.info
pbonline.pl
hauker.wop.ro
www.newjixi.com
farmwars.info
tomaszb.flog.pl
advancedprintingsupply.com
dynamicdiscord.com
sever-vw.ru
stabia1907.it
fregat.info
lehecai.com
www.tmyltea.com
www.ehmall.com.cn
mohammedbinzayed.com
lida.info
mediafire.r.gd
myfreefarm.cz
07136.com
1131.cc
www.aidai.en.cm
www.xjhc.gov.cn
casagargiulo.it
itoa.cc
middelburgglas.nl
qqceo.net
www.szcxfphs.com
pretheol.wop.ro
ukfreebingosites.co.uk
www.daiyun3a.com
go4lessvacations.com
smartdatacollective.com
hazelden.org
www.rsbt.net
marribo.com
sopraant.puk.ro
indianupdatestoday.com
www.lttianxing.com
www.swaiai.com
www.jttour.net
ontrip.com.pt
www.telead.nl
arispix.ir
2cy.tv
jimusits.puk.ro
sunpho.com
mush.fecsegj.hu
ahm.org.hk
66rt.cc
auslandsvorwahl.info
www.ballpod.de
neurotomize.puk.ro
iomoss.dk
nbdaili.info
www.chinayangshi.com
jagoi.wop.ro
takisido.wop.ro
no-country-for-old-men-full-movie.blogspot.sk
freephotogallery.info
www.yixdk8.com
rmsq.nfdy.net
6hc.tw
www.pynet.net
mqglvtuh.freeblog.hu
anliyuyou.info
jsdoc.cn
tupot.prv.pl
tk6.pl
horrorpalace.com
cics.210000.org
leadershipcompetencies.org
ancom-ink.ru
www.tygo168.com
www.9222x.com
molossergroup.com
qqmuchang.info
zso2bialystok.pl
54997.diandian.com
w.cn
finance.wengo.fr
etorrent.hu
www.xmtoo.com
immit.wop.ro
www.china-power.net
xygjj.gov.cn
mcleainsbulldogges.com
sozsuzsi.xfree.hu
avenidacenter.com.br
woodsonmerrell.com
maddle.puk.ro
casadegliangeli.info
www.gaoav.com
www.hehe256.com
www.spzxw.com
hostwebsolutions.com.br
www.qyxtaobao.com
blogs.guardian.co.uk
www.941521.com
www.a4uforum.co.uk
toobusiness.com
positiveporn.com