juancong.com
x7777777.info
beautyteen.info
hebinzhicheng.com
www.hdradio.com
xixidieyuan.com
hupan.net
vmpa.k3y3.net
gemius.pl
fat-clan.net
bieg2012.pl
tasiemce24.pl
www.mmy.cc
www.db120.net
travel.yahoo.com
osccreation.com
www.modele.oh.pl
www.xdnm.net
hipster-mcdouchebag.soup.io
ru-moto.ru
www.nasm.us
atayr.org
www.zgtm.mobi
se.48sao.com
unvizard.puk.ro
ruizinen.wop.ro
wap.zsrx.info
30.media.tumblr.com
elmapadelcielo.com
3vi.info
tigaku.wop.ro
weavesocial.info
ahm.org.hk
allpress.tv
www.lkrongdi.com
mirtiens.ru
privat24.ua
jizhe.cc
order.1und1.info
www.multimed.hu
a1eg.com
a.fmx.cn
lvlv.com
84aaaa.diandian.com
kwansei-ac.jp
quanaodep.info
wogibtes.info
1818vod.com
www.nb2.info
leathern.wop.ro
www.njn.net
annali.us
vlbook.com
www.zaixian.us
lamd.210000.org
91ggg.aa.am
riserve.wop.ro
unionen.se
asia.lk
trannypornzone.com
vremea.acasa.ro
www.pacio6.digart.pl
www.ykp.gdynia.pl
prisons.gov.sg
passwordup.com
getnews.jp
www.22lxw.com
z8797.cn
www.wy724.net
hk39.info
skeletaldrawing.com
ammof919.cn.alibaba.com
rmn.fr
ez-ip.info
www.mtime.me
www.iuusee.net
peggi.wop.ro
directorytool.info
www.dianyiciu.com
aspada.wop.ro
opera-mini.net
beinsure.info
www.sebaoyu.com
www.bfmdy.com
al3adl.info
gdp.pl
chistes-cortos.info
snapperzsteambar.com
polokwane.info
www.dziedome.pl
www.ehaier.cn
misulzden.freeforums.org
douyo.puk.ro
www.yiren1.co
www.syam999.com
radiobielsko.pl
48e.info
muslim-names.us
socialbookmarkingreview.info
www.plinkit.org
www.acc-elearning.net
6h9y.com
lineameteo.it
pacyfka.flog.pl
xiuang.tw
2days.org
www.sexav.us
lotyzwrocka.pl
prqi.info
e.sggw.pl
tls.vn
nipmukasu.eblog.pl
programfiles.pl
www.nnswx.cn
fxone.pl
egsp10-water-heater.info
www.ebi.ac.uk
haoserenti.info
renetamusic.cz
mania15.flog.pl
stealthgenie.com
cube3d.pl
gratuits-web.com
bromde.wop.ro
371.net
digicliff.com
www.so588.com
yyqc.nfdy.net
ictknowledgebase.org.uk
99titi-723a.tumblr.com
battisti.etc.br
rubikvn.org
wordrider.net
neptunbad.de
wapcf.cc
sangotunhien.info
kaukas.wop.ro
gart-info.ru
zorg-directory.com
neti89.digart.pl
soccer-picks.org
tkadlubo.soup.io
zy0jsw.com
wysokapozycja.pl
health.zhjy.net
gwede.wop.ro
xnka.265link.com
incentre.net
tze33-9bb7.tumblr.com
reseo.com
nijmegen.web.nl
www.dbglw.com
www.wuqiku.org
cazforum.net
rea.flog.pl
lamangaclub.com
logsexe69.info
mz.zhangye.gov.cn
www.cnmeitong.com
www.hbsmf.com
se.se
kryptis.lt
oga.digart.pl
drukarniaspeed.pl
blog.163.com
suchy92.digart.pl
eve-central.com
drewniane.com.pl
1jia1.info
dzikk.digart.pl
pokerzysta.pl
mandelkerlaw.com
cgems.it
sekstelefon.pl
royal-pigerne.dk
link-building-service.org.uk
skanka.wop.ro
bushido24.pl
clipxxx69.info
medialoot.com
dojotoolkit.org
alexfeinman.com
transfer.infoseek.co.jp
www.13337.info
www.94haokan.com
m.56ye.net
www.nycslb.co.cc
espouses.puk.ro
motorsport24.pl
iw-hosting.de
softcom.biz
luts.wop.ro
pbxphonesystemz.info
www.as45.com
gosiaxd.flog.pl
1day1step.ru
taggin.com
przymorzu.pl
web.utk.edu
www.hdmee.com
realcycling.pl
aldon.digart.pl
otona-nikibi.info
sportifo24.pl
livetvchannelsfree.in
nrc.hu
www.seoexper.com
myfineforum.org
pressabout.us
xahaqrbdd.blog.mongenie.com
erikson.edu
www.zaizhijiaoyu.com.cn
isladelburguillo.es
verdidebatt.no
shout.pl
livebookmark.info
zhangzhiping.com
gotrendy.info
fixes.wop.ro
www.xueyu2010.com
xpartner.net.pl
724876636.33591.cn
kythuatbachkhoa.info
anglingdirect.co.uk
net.91cy.cn
www.medaille.edu
uitloosd.puk.ro
ad.moinhat.info
voipsector.com
myfreedomfoundation.com
samsungbada.pl
ck100.info
competently.wop.ro
blog.ngochieu.com
candiganjuran.com
prototyp.pl
www.lys6320.sunbo.net
zyx777888.hk05.3355.cc
www.zzlkwl.com
funda.montroyd.loopmand.wwwwww.wop.ro
pdrcihaber.com
yfcq.951n.cn
cib.com.ua
kouaa-blog.com
www.gzlndz.cn
thebayisback.com
selecta-multimedia.nl
williamspr.co.uk
judo.eu
nonstopuzlet.hu
truskawka83.flog.pl
nswag.com
true-religion-outlets-2012.info
torrent-finder.info