buntes.wop.ro
ncartstrails.org
decorativetileshop.net
tsine.wop.ro
coronifo.wop.ro
librosxp.com
www.hztopseo.com
tradeb2b.net
honda-motor.com.vn
dekobaza.pl
genemaytak.com
radiodreamteam.ch
www.ldfs.cn
aaamsterdam.info
adsauto.info
vergessen-mich-nicht.pinger.pl
blog-admin.br-online.de
www.nvwang.tv
www.191suncity.com
martillada.puk.ro
phatzradio.com
phiejack.com.pl
offermunch.com
derangedrecords.com
www.gooru.pl
chachala.com
rushydro.ru
www.eftimie.ro
curepsoriasisv.com
www.officejobs.hu
www.thaibicla.org
bafang.in
xiuyan.org
eanevin.bloguez.com
cees.ou.edu
tabriz.pl
shopbootsusa.com
tibni.puk.ro
www.pbportal.de
paracelsus.de
voorbonden.wop.ro
youshoya.puk.ro
inntektsprofil.wop.ro
wjcd.lizhidy.net
ooobelogorie.ru
beijing.qyi168.com
dodajlink.com.pl
www.joybasee.com
misshi.wop.ro
ligapadelmadrid.com
hytc.info
locanto.nl
psychob.blip.pl
taobao.53038.com
kreatur.wrzuta.pl
www.a0lf.4f9.org
postbox.msn.com
uswebsitecreations.com
shivasljocht.nl
q-shook.com
urrs.digart.pl
theticketclinic.com
gefrieme.wop.ro
trendymarks.info
www.zhaoxi35.com
maybank2u.com.sg
r-ticle.co.il
www.shanghaidx.cn
yabvdul.ru
www.gzjscs.com
www.lingdutu.co
superhost.pl
publicmutualonline.com.my
www.herczeglawfirm.hu
360waigua.com
www.siweidaotu.org
bbs.sinobuy.cn
trisinua.wop.ro
mz.zhangye.gov.cn
56aiav.com
www.tianmao968.com
www.21nm.com
rutd.nfdy.net
www.qingrencn.com
ngy-blue.net
www.mengyichang.com
humbleperformance.com
onbewimpeld.wop.ro
snajt.wrzuta.pl
rackmast.wop.ro
bbs.rznews.cn
kamifox.eu
2.qise.us
egazety.pl
10876.jiayuanz.com
polygamia.pl
universal.software.informer.com
www.ksftea.com
vire.puk.ro
hs-tamtam.co.jp
dbwtowush.mnyzh.com
www.yeyashengjiangji.net
www.370518.com
www.taobao8899.com
www.laibisong.com
buysolar.com.cn
726a1.tumblr.com
touristikerauskunft.info
4008844442.com
bodzin.net
gurudevan.info
antonioallen.net
ssrc.org
dumbbell-exercises.com
gamerstation.pl
eplastics.pl
clsp.jhu.edu
cibercuba.com
jacksonholenewsandguide.com
venca.es
ruez.eu
magost.digart.pl
truckbil.pl
adrevamp.com
webtrh.cz
sszse.com
mncg.csc108.com
friendsofbloomsburysquare.co.uk
hoangkimlong.vn
homeindenver.info
www.ahfzjy.com
slepp.ca
williamhill.it
pigames.net
robo47.net
gtxxjianceyi.1168.tv
mmahq.com
laie.es
twofold.com
www.444bo.net
dfh8.cc
mifjm.78.cn
graphies.puk.ro
kasikuk.digart.pl
dp-pics62.net
usa-drinks.de
snapdrag.wop.ro
misiekstaszic.digart.pl
438sq.info
germancraft.net
radiodjs.net
clickly.info
oglasi.si
elchamoliveawards.com
zachbpd.deviantart.com
a9.7iii.info
jikast.cz
lhc-888.com
mutah.edu.jo
www.fykwzx.com
liber.pl
movie.xinenet.cn
publidata.es
maybelline.ca
ballreviews.com
76ccc-4go101.diandian.com
nyayabhoomi.org
52168.in
blogspot.ro
biznesmarket.pl
p1u6.k3y3.net
torinobimbi.it
jardiniere.puk.ro
on24h.info
puffyads.info
secretcity.de
telefono-web.com.ar
watcharab.com
www.ok9080.com
bgrstar.com
www.vipyishu.com
www.xchat.cz
shakaike.puk.ro
nagytalalkozas.hu
gabionok.hu
zaverti.ru
jsplumb.org
dspp.78.cn
www.4dmn.com
poczta.xn.pl
www.totoone.jp
roberthalf.it
www.nuria.pl
toah.com.br
www.llbt1.com
gpro.cz
haagenbasz.hyves.nl
www.seller.fr
workathomecoach.com
www.gjsnb.com
www.sq315.gov.cn
herbarii.wop.ro
katherinejenkins.co.uk
asports.com.tr
e-nanny.ru
sovietrussia.org
futureclub.us
www.pjm.pl
52caipw.com
hits.info
hostpoint.ch
quinsa.net
ccsdruk.pl
fsllong.e-nissan.com.cn
23055000.ir
730c2.diandian.com
dinakd.info
4kbbs.com
equalratio.info
saletrack.co.uk
iyswyn.diandian.com
nanman.wop.ro
te.bama234.com
babycity.co.za
860860.net
qiqak.cn