saperski.dbv.pl
britnett-carveradv.co.uk
trancool.fr
zigong.bgo.cn
mzintna.com
www.xf3c.com
xumtak.biz
hyz890123.16789.net
sranje.org
www.bthoo.com
hatzigeorgiou.com
cf.135cf.com
swiatkotow.pl
hopebook.net
cooh.pen.io
mybigdir.info
nvrmd.digart.pl
farmwars.info
himin.gz.cn
dianti.org.cn
job.heze.cc
adflybot.info
av523.info
ragus.jp
guihuaxiang.com
navisite.com
myfloridahouse.gov
www.259999.com
www.eoeog.com
guser.wop.ro
ivoz.nfdy.net
jungproyect.es
seekswflorida.com
moda.gov.sa
www.rzy666.com
stoppeli.wop.ro
www.zdsdxx.cn
www.zhenqianqipaiyouxi-588.in
www.zszxbj.net
www.zuqw.net
www2.erji.net
wx.wed114.cn
xinian89.com
xiti.com
xmbetcetera.com
sticktet.wop.ro
xn--98jzer69u43o.main.jp
zibo.xinl.net
www.su444.com
zjfenkheru.blogtrue.com
zltqkm.foodmate.net
actukids.com
bikechatforums.com
zzjt.com
www.ac4f.com
zzzs.hunnu.edu.cn
068idc.cn
08wap.cc
099lhc.cn
0wnenstein.deviantart.com
108mg.com
15dollars.ru
253.pl
3gsoft.tech.sina.com.cn
3ndme.digart.pl
4seeking.com
5088888.com
517wap.net
5180180.com
www.4466dy.com
51812345.com
51anjia.ca
kickme.to
51anjia.com
51avnv.info
51bty4.jumpingcrab.com
www.u69.cn
51codes.net
51fanpiao.com
unaffixe.wop.ro
51fashion.com
51gan.info
www.china-cba.net
51ise.info
51jiaocheng.net
51jizha.com
oclcyc.com
51seotool.com
863052.shop.zzol360.com
51sheyuan.com
520.18km.cn
mutian.info
5205753.33591.com
520ymm.com
76333.net
525252.net
527123.com
528tm.com
543aa.com
566nx.com
585ccc.com
5862095813.phone.searchwww.com
58huida.com
80ppt.com
889800.com
i-events.info
919www75.tumblr.com
97.432ggg.com
mulan.5law.cn
97.xl111.com
97wsw.com
sms-form.ru
9850sm.com
987qq.com
jrpg.jp
989.la
99-jk.com
9900wap.net
999brain.com
999sss.info
99aaa.info
99bill1.com
www.gczsw.net
99bill5.com
99itao.com
mayuzumi.wop.ro
aagetaways.co.uk
aaron-rodgers-jersey-mens.ppepu.com
aba.winball.tv
powerman.wroc.pl
achat-hotels.com
unyoung.puk.ro
aconet.it
acoustika.info
adfoundry.com
adgad.blip.pl
adless.wop.ro
adventureparkcostarica.com
aeportal.blogspot.com
agiletoolkit.org
agoda.web.id
agonia.ro
www.emus.cn
www.bhren.cn
lgvc.nfdy.net
599n.info
masterstar.ru
ahlamontada.biz
airpr.com
3jfs.com
www.experian.es
lhc-888.com
otodure.puk.ro
goldinvestmentcompanies.org
aishop.com.my
algorism.net
amarketing.biz
andiani.com
andropenis.com
6h580.net
animaloja.com.br
anoxias.wop.ro
antag.de
antee.cz
apparelfashion.info
arab-board.org
areldee.co.uk
arta-tv.kz
artemisi.puk.ro
kairotei.puk.ro
articlehonor.com
askalexkrulik.com
aspirefinserv.com
aussiehomeschool.com
mz.zhangye.gov.cn
av-paradise.net
avholdsa.wop.ro
azerilady.com
bal.ru
balance-bike-info.com
nnu.edu
tribe.net
tribe.wop.ro
trongthanglong.net
tt27.cn
tvgol.org
tvspielfilm.de
tvxxxx.info
vladimirpotapov.com
uwebdir.info
v8l.info
vendee.fr
virtualisoktatas.hu
w41a.ndw1.us
wagepric.puk.ro
wallpapercavern.com
foundthis.info
wallpaperonlines.com
wallpapers-az.com
case-vacanza-italia.it
wallpapersget.com
gxxo.net
watchtown.co.uk
watermelontube.com
watervilla.hlbnb.tw
jangsu.go.kr
waveskimmer.ca
wdav1.com
web-stihi.ru
web2summit.com
xuzhoumangguo.qiannan.org
webhostingsharedz.info
webtemplateszone.com
weddinghairstylez.com
jak.se
wellformative.com
western.org
westone-business.com
wgi.org
white-ibiza.com
widdis.puk.ro
wikilib.com
doggyboho.co.uk
wikipeptide.com
wikisky.org
terbukti.com
wildfishandship.com
willowtree.info
wine101nc.com
wintersunlight.xclub.tw
wanche100.com
www.stjy.cc
www.sz.js.cn
www.theordersixtysix.com
www.xxxxpppp.com
www.together.im
www.top-read.cn
www.urra.cn
www.vdph.de
www.wowamat.de
www.xcwangluo.com
www.xyssafety.gov.cn
xa.digart.pl
xemarkets.com
weiykj.cn
ximik.org
xone69.info
xskill.com
xwx.cn
antman.info
xxjc.265link.com
y8ah.qiwen5.com
yatabe.ne.jp
ybinf.com
yeahyoo.com
yeslab.org
yiibu.com
yokoro.fr
yoopoke.com
yourwebsitevalue.net
yrho.nfdy.net
zangmichongcaoshuangshen.com
zhidao.gxp.cc
zhouzi.info
zlecenia-budowlane.net
znaksagite.com
twofold.com
zoomy.me
www.estled.co
zwbk.org
0000ac.net
01mistresslady.a-liveprivates.com
0375.1775.cn
0827.1775.cn
canevall.wop.ro
vxb.com
10dollarmall.com
www.stoneturkey.cn
126idc.com
17gude.com
2meter3.de
6hctm.biz
peliculasmas.com
www.baguazhang.com.cn
6hgf.in
www.dianlanqiaojia.com.cn
allbout.info
oheellsie.blogger.hu
76me21.diandian.com
www.haijiangdy.com
toupai.fad3.net
76me28.diandian.com
kergran.deviantart.com
76me30.diandian.com
idea.zol.com.cn
buykindletablet.com
xtlkhixgve.skynetblogs.be
76mmm.com
newsonly.org
www.tyhw.net
dqxdh.com
www.michaelekorsoutlet.com
77.gerconsnr.orge.pl
wx.91.com
tecnologiafacil.com
7716.tv
www.sywgqh.com.cn
www.linqinanyx.com
77213.hemelsesex.nl
vhsclassof2000.webs.com
ecfair.cn
776dd.com
xuruoxuan.6188.net
www.pq888.com.cn
www.pingfanlxj.com
www.gcctour.cn
789988.com
www.60mc.com
niastudio.uw.hu
active24.pl
sportsfanboard.com
guolong2008.iteye.com
theanorakscup.com
www.htdqw.com
ehajj.com
qc.wfcmw.cn
www.huochai.net
kasie.flog.pl
px.v2.net.cn
kryptis.lt
cidrerie.wop.ro
www.duigunji.net
0871.273.cn
lenkam.blip.pl
logo-city.org
lista.topextra.hu
etoro.puk.ro
opql.210000.org
catauro.wop.ro
muaban6688.com.vn
wejherowianie.pl
cedarwoodhousebandb.com
newsgd.com
auto.xmh.cc
yw.0577bj.com
nenemu.blog.so-net.ne.jp
4tharticle.com
arnetminer.org
kockafej.net
e-vending.ru
www.bscycle.co.jp
www.ccmz.gov.cn
necrodoll-art.com
www.mhm.lu.se
mybanjia.cn
www.aggss.com
www.wxds365.cn
www.shzgjzx.cn
www.mihalyimpex.hu
www.ai4000.com
www.029dsgy.net
ruskcarrick.tigblog.org
zz.454.cn
www.haoyishi.net
sdmd.pl
mushines.wop.ro
mijueqls.1168.tv
www.cacuocvn.info
www.homemade-porno.net
www.lxqqqw.com
www.ytt.com.hk
andalucia.fi
www.lxsfh.net
internews.org
aifei.9998.tv
www.cylex-tudakozo.hu
vpgameslive.com
www.yichang.gov.cn
powerbase.info
oglesproperties.com
catholicpilot.com
newsok.com
sabila.cn
needsupply.com
yoin.deviantart.com
hatter24.hu
prcom.ulitzer.com
ne51.com
explicer.boordlint.sfoderiamo.wwwwww.wop.ro
anyang.house.sina.com.cn
www.sxrea.cn
bd.idv.tw
indonews.jp
www.turkeystone.cn
www.ekiosk.ee
nyen2009.org
stronyjak.pl
www.fk95.com
www.tingclass.com
rusedu.info
szamitogepesjatekok.hu
www.a2299.com
verkkomedia.org
www.sexcams20.com
capriskye.com
pingwu.sczt.net
www.diantian87.com
arizonafoothillsmagazine.com
www.anaalbangers.nl
www.wfgd.com.cn
www.0914567.com
www.zhongzhensen.com
edu.ihep.ac.cn
www.qsc.gov.cn
www.sh-wxjd.net
www.dechi.cn
honda88.huijucn.com
mobileyellowpages.info
www.zhkjw.net.cn
wlcm.info
www.baoyubi.com
www.sh-shenyan.com
315mh.com
gzdnwx.com.cn
www.heypc.cn
dream-1.cn
kampen.sp.nl
www.gzffy.com
famkroon.nl
www.enren5.com
www.campusanuncios.com.pe
www.citian.net
www.terepbaratok.mlap.hu
www.51haosao.com
51dedecms.com
firstnationets.webs.com
lyj.xtx.gov.cn
nctarena.com
www.qithe.com
sjz.120job.cn
www.spdseo.com
auntiesarethebomb.com
www.softxp.net
huizhou.chinaibi.cn
su.kuche.com
janisozaur.soup.io
morerooms.info
mudtoroc.bloguez.com
alatest.pl
radio-magic-nights.org
itaobiao.com
cdhfzx.com
www.richfarm.net
hn520.net
douban.fm
glossmagazine.se
rtpserver05.info
v-l.biz
www.2023333.com
www-tyn.com
shandong.chinawj.com.cn
maartii08.digart.pl
www.bjxzj.com
nbqqam.com
www.helpvote.net
skylineowners.com
capitulated.wop.ro
apple.com
longshigubixiaokt.1168.tv
fitnessboutique.es
natija.net
www.1kkyy.com
arcgis.me
picsinfo.info
lunain.info
yjs.sdju.edu.cn
artsandcraftscollector.com
engyssei.wop.ro
ww.gdtv.cn
siwa7.info
wangpan.us
tramadolakgkm.blog.fc2.com
www.obbf.cn
thenextweb.com
naadou.com
wxz.dz.vancelle.net
lkcn.net
qu17777.info
nd.taofang.com
zyly114.com
technabled.com
union.e-yoo.cn
kg9.info
www.qxinfeng.com
roujaku.puk.ro
yop.co
www.tianjiaji.biz
www.fooldy.cn
gcn.gov.hk
bundcasul.bloguez.com
1919go.com
allinfa.com
zaxnrood.blogdetik.com
neqo.jugem.jp
gitbrew.org
barcodingworks.com
sd.jzrc.net
www.kbl.nl
minzestyle.nzw.cn
www.asjatekvilag.hu
www.xo-xc.com
myphamohui.net.vn
siene66.de
fengshisukang.1168.tv
mreporter.ru
www.64b.it
fujifilm.com.mx
zbao8.com
www.zj-hzl.com
bbs.xjszxl.cn
www.haoyanshuang.cn
speedboattv.com
www.hebxg.net
www.chinasarft.gov.cn
forsesongen.puk.ro
surfrider.eu
ispiryoreselurunleri.com
npomedia.org
modicums.puk.ro
encyklopediakabaretu.pl
dy.5se.in
axel-rosered.deviantart.com
3haow.com
artbyteresa.deviantart.com
www.fjd58.com
www.milangou.com
www.cqbw.com.cn
521338.info
nto.com.pl
sihatu.wop.ro
whatkindofdriver.com
cornwallchinese.co.uk
6hcbw.com
www.bjmybj.net
www.wbenc.org
blog.airyai.net
mh.job1001.com
glaciersociety.org
denebro.com
theandersons.net
www.wellgd.cn
sinoner.com
www.slyys.com
www.gudebao-xiufuye.com
telegazeta.tvp.pl
www.123se.in
wxbenniu.com
affarishop.it
ohudbe.sk
powerlinkings.info
neomam.com
laysy.blog.so-net.ne.jp
lsawards.com
ku66.ru
geosoft.no
www.lyjk6.com
zeitgere.puk.ro
bb999.info
www.targetcomunicaciones.com.pe
newriders.com
logos34.ru
sq6g.265link.com
e-nanny.ru
lowland.wop.ro
slide.style.sina.com.cn
taobao.cha10000.com
wysokapozycja.pl
gepeurden.wop.ro
ersh.su
fuckasiangirl.com
northrob.wop.ro
redirai.wop.ro
nzforex.co.nz
fralix.puk.ro
purevitaminreviews.info
www.daogouzone.com
balked.puk.ro
yuimar.org
burjan.fw.hu
seksigiyim.com
4u1.info
www.hrc.gov.cn
zhick.de
kinkyslavex.a-liveprivates.com
diyanet.gov.tr
www.68mcc.info
puiserio.wop.ro
ranckinc.com
wegdenkt.wop.ro
mammen.wop.ro
wcoop.ne.jp
uphang.puk.ro
xsn.pl
debianusers.pl
loudi.17wgp.cn
23637.com
najdise.cz
chachala.com
filmpornohd.info
tagonsocial.info
www.diyi4.com
www.smm333.com
bodega-privada.com
wcggame.taobao.com
www.binglidan.net
harpa.is
fujifilm.com.hk
nanman.wop.ro
jets.blogg.se
se.20dxw.com
ai01.ddzz.org
www.xxx441.com
zhaoban.zjgsu.edu.cn
180724.com
www.taobao8899.com
albiondesign.com
advise-web.com
tallbacka.blogg.se
b1.fi
friendha.com
maguer.puk.ro
dichtvallen.geograaf.smoker.wwwwww.wop.ro
fujiidaimaru.co.jp
byjj.baiyin.cn
behaalt.puk.ro
huangshan.dinfang.net
6cl.org
penpalsoftheworld.org
unicreditbulbank.bg
alphimedia.com
tnreginet.net
metronet.ru
ckpe.prv.pl
fukusukegyouza.hamazo.tv
chiluorenxing.com
sdust.edu.cn
xinlan18.com
www.yimeizx.com
assaggi.it
www.62042.com
mrd.hu
www.98dy.cn
outbuy.wop.ro
actionocra.info
paquet.puk.ro
ismaeldobarrio.info
knusk.puk.ro
timponline.ro
realestateagent9oz.com
sosbamako.org
aktorek.pl
c.4ssss.info
ll5.eu
www.women2.net
djuba.wrzuta.pl
septette.wop.ro
skleppolityki.pl
pic.nx7.org
www.lysanxin.com
isiga.wop.ro
meci.wop.ro
www.xjsoc.com
einkreist.wop.ro
endo.puk.ro
yimi.in
hupan.net
zhanghao.com.ar
www.czppk.cz
patriziap.digart.pl
seapets.co.uk
www.trade.lt
tailenba.freeforums.org
88zz.cc
devcamp.pl
www.97tyzc.com
www.lion.cz
zakhas.com
www.rbavzx.com
www.youxilu.com
dmfc.cc
bigskyfishing.com
2sebo.com
printerblackfridaydeals.info
blog.163.com
osimatou.puk.ro
wquyyt.de.vu
www.gtjzjx.com
cisy.blox.pl
kinshostore.co.jp
juu.digart.pl
www.04133.com
mac-tv.de
www.sxluniu.com
www.nast.net.cn
zizitsu.puk.ro
renouere.puk.ro
boyfleisch.4gays.info
www.librehat.info
6hmm.net
listbox.com
7766suncity.com
acadimostravel.gr
www.bjxyk0.com
kertigep.hu
wavement.puk.ro
www.zhongxuew.com
1f2.info
agoda.se
6mxo.co
www.hongchaseo.com
59ccc.com
mabimods.net
heatingpartscenter.co.uk
annas-ice-cream.software.informer.com
zfxxgk.gongyi.gov.cn
guatemala.co
tcnieuwenhagen.hyves.nl
kommix.ru
newrose.digart.pl
www.nywd.net
52zipper.ywkj.tk
uickier.blog.163.com
merglepel.puk.ro
pocztowy24.pl
www.ulnux.com
psgui.com
ok-zhongshanmassage.info
www.gvg.net.nz
wildmatureporn.com
dotpoch.com
49cw.com
licoglass.vn
ahgx.k3y3.net
vostok.es
0j16.k3y3.net
mazda.pl
crfy.nfdy.net
aladd.net
656565.info
vzb.pl
www.xxx366.com
sdovolena.cz
aurons.puk.ro
www.jh0311.com
getstoufferscoupons.org
www.gavny.com
bigtopbullies.com
www.rogavis.no
spielmannszugraaba.at
7mdigg.com
www.nv.gov
barihiend.it
hejin123.com
bullet.blox.pl
design-notes.info
shop34380984.taobao.com
3fu.cn
buldaisuki.info
uwwm.210000.org
wfyang.blog.51cto.com
www.18zhw.com
www.lygzgh.org