makeiklan.com
phinance.pl
radiostations.co.uk
rukodel.moy.su
5cn.info
se.876ggg.com
peur.digart.pl
www.shunv.cc
www.miaomiaozu.com
americanbridal.com
shop69425677.taobao.com
zzxzz.info
raepa.puk.ro
kckj.tk
causeries-numeriques.fr
nirai.jp
bebe-magia.ro
spreadshirt.nl
tolbertboy.webs.com
nsx.pl
inetpartners.ru
vip.755.com
www.liuwencan.com
goodplanet.info
wojteknowicki.natemat.pl
www.0531dp.com
skli.wop.ro
yyymm.com
www.babytuku.com
sendkun.info
www.92ggw.com
ainix.co.jp
streemo.pl
csc.kbw.ne.jp
tqhlw.1168.tv
qn2.jp
kylos.pl
tube4.me
zx.wgdnf.info
viuisso.com.br
goldbachinteractive.com
innederlanduit.nl
tikka.wop.ro
toplistenserver.info
www.wuqiku.org
archpaper.com
guihuaxiang.com
sn.cnpension.net
ikamien.pl
www.upf.edu
www.builder.cz
www.vipweb.pl
www.ldl120.com
meinte.wop.ro
tifoshop.com
rtc.be
jalougallery.com
medlatec.com
sdtjsg.com
www.harmata.hu
www.51dbzf.com
www.djwq.net
www.jiaodong.net
av-paradise.net
faiv.com.ve
rapidspool.info
boltusa.org
4njd.k3y3.net
www.soqiye.cn
most.co.id
51momimi.com
free-phoner-free.blogspot.com
thx99.info
cyyt.210000.org
alaniemi.net
www.planetfriends.ru
meusacessoriosapple.com.br
binturlu.com
elecpro.com
unsort.puk.ro
kwiatowe.be
mehes.org
www.xxx661.com
besttourism.ro
inoculio.wop.ro
athoic.wop.ro
acfeu.eu
erybka.pl
1o2.ir
m1.16bt.info
knowbest.info
www.chenrenyongpin.uqc.cn
tongji.chinafeed.org.cn
dutchdailynews.com
m1.512gc.info
gamekeys.biz
hitmidia.com.br
m.b2b168.com
bqspa.cn
941yin.info
petra-r.de
borpas.info
beef.co
rlp.nabu.de
ipcl2012.blogspot.com
gwebtools.com.br
www.domiporta.pl
99k88.com
wg1e1hda49.b2b.hc360.com
www.koral.pl
aansluip.puk.ro
scoobyshouse.org
sztr.cn
smashingmagazine.com
www.ld6896.com
51tbabc.com
cctaa-wx.cn
namuya.puk.ro
wizardthemes.com
chrispipelineinsurance.com
auctionzipauctions.com
www.ybbb.tk
hnkjonline.net
imlemes.info
vogue.de
bbs.llk.cn
kazcomak.kz
9999.3199.cn
2012new.info
www.8h688.in
www.lxw588.com
www.mgfr.cn
yc60.com
hbstd.gov.cn
001jd.com
dreamcricket.com
argovia.ch
www.meteotest.ch
baidu24h.com
psgui.com
chachala.com
wngl.nfdy.net
cuervoblanco.com
kanaalbruggen.puk.ro
nurzu.digart.pl
findvej.dk
100922.net
www.fss.is
camdefolie.com
www.bdbsxx.com
infmetry.com
www.yyuda.com
bullpix.us
www.5ee.com
lauyan.com
www.zszhuji.com
www.lindj.tk
hiyal.com
kellyskids.com
heelvlee.puk.ro
midwestallstars.org
greeksubtitles.gr
www.rihanqvod.com
gamezet.ru
cancun.travel
farsnevis.ir
bierzgo.info
esselunga.it
rao-vat.info
projectdd.jp
ficeler.puk.ro
feriavirtualdellibro.es
artmam.net
prwv.info
bqspa.com.cn
www.hnsbzg.cn
monodl.info
hanguocheng.net
ilze.nfdy.net
oa.colourlife.com
bzykanie.com.pl
kaspersky.co.in
kinofestivalis.lt
satfix.net
adventurespiele.net
www.chhome.cn
wearecolorblind.com
phrenitis.wop.ro
afribaba.com
freshspirit.be
bookmarkpointer.com
horizonte.cl
henxinggan.info
shichihuku.com
grupoclarin.com.ar
da.com
lolli.com.hk
mar-li.libmedia.nymc.edu
wallpapers4mac.com
www.bct3344.com
xindns6.info
avisen.dk
escortforlondon.co.uk
myfreefilehosting.com
radio.orf.at
www.xalysc-ly.com
www.inbuss.hu
movieandgameinfo.com
aprilzaa.wop.ro
www33wq.4dmn.com
hacidsolution.com
womenfreebies.ca
www.mycoolboy.com
www.pww.cc
tool.med660.com
ouo.pl
thongdiep.org
iona.edu.pl
sexysu4ka.ru
www.canalmataro.com
www.abwerk.de
www.undg.org
30daymentalcleanse.info
www.zhenai.org
1000do.info
barilla.com
www.jrdkw.com
rtlklub.hu
comyr.com
a2zads.info
buxsea.info
abidan.wop.ro
benxishi.m69.info
www.64b.it
comprire.wop.ro
bewaste.puk.ro
anova.tv
cad999.net
kxyf.nfdy.net
hatsumi.wop.ro
lacrym.wop.ro
cxxk.210000.org
fnhd.nfdy.net
appu.corrigio.tiratiros.bewegliche.screenwi.wwwwww.wop.ro
eistnaflug.is
kinopobeda.ru
dereactor.org
investmentpropertyforsaleopse.info
articledashboard.info
www.ledjinlai.com
django-unchained-movie-online.blogspot.no
rcmart.com
agendarecife.com
kejpa.wrzuta.pl
nra.org
newactress.com
marketingbyemailz.info
dailystyle.info
sesehu-820ba.tumblr.com
www.fn-kunlun.tk
gadgetfever.org
www.8duyy.com
www.5crb.com
cyberplat.kz
ejudjntbdc.skynetblogs.be
robitshop.com
happybookmarking.info
linkavailable.info
soso.wangzhuan567.com
canadagooseoutletstores.com
badische-zeitung.de
permaculture.org
itis.gov
www.15iiiii.com
ouisrael.org
sitefinder.co.nz
tiendastore.net
www.dyz.cc
securesignupoffers.net
prous.com
yuimar.org
neighed.wop.ro
pllogic.com
aatouch.com
sugoihito.org
tidf.com.br
mhfeipin.cn.gongchang.com
sanam.cn
mieren.wop.ro