linkavailable.info
proo-meat.lu
alsagerchessclub.co.uk
autocarsrelease.com
templatic.com
bio-oneinc.info
xfytl.com
noweinwestycje.pl
whois.com.au
tanoth.ro
actemarketing.com
prosperitycodex.com
superjuegosdecarros.com
moneytrap.biz
vanharen.nl
nomadicme.com
sexyhair.com
jiweicun.net
siteocity.com
kiswara.com
profkurort.info
memestache.com
alidaa-alwatania.ma
phpdeveloperz.com
actualnet.info
digitalfototreff.de
nagfans.com
glassgiant.com
addlinkorb.com
postcardbuilder.com
yyymm.com
revolusyn.com
sema.org
solgenomics.wur.nl
handbollf96.aif.nu
tecmotor.fr
honma.puk.ro
mythopoet.wop.ro
elestaluix.info
yamame1969.naturum.ne.jp
www.gamet.eu
yixiangliying.gigi8.com
kangoshi-g.info
unirides.puk.ro
clydeeeraq.blog.com
2iki.info
p2pool.info
afincadamente.puk.ro
hangyu.org
binhhoa.info
www.coal-link.com
altestore.com
pcpd.pl
cuervoblanco.com
avisen.dk
prensa.cl
sdtjsg.com
blenn-solutions.de
eduroute.info
scamsa.co.za
linkspear.info
www.169ba.com
www.360rc.cn
www.414784.com
www.51taobao.net
3akk.com
aankeft.wwwwww.wop.ro
actiweb.es
adiariobajio.mx
baredji.wop.ro
bigthink.com
chaseveritt.co.za
conexx-video.de
copipe.info
corollik.puk.ro
crayz.org
crocodil.puk.ro
cuvr.nfdy.net
dallis.gr
donor.org.ua
dopasowani.pl
e-zakat.com.my
elektrischvervoer.nl
episke.wop.ro
erikpatsa.puk.ro
eschaton2012.ca
fangchenggang.3he.cc
feriashop.nl
follow.rengang.org
foreverbeauty.biz
fuckinghard.net
futoo.wop.ro
gangbaar.puk.ro
gedesco.es
carcle.jp
gejuffer.wop.ro
lankajustin.com
gfgm.56dvd.net
goaus.net
guahao.beijingyiyuanguahao.org
haopor.com
jarocin.info
jcreator.org
jerah.wop.ro
jxf.mf968.net
kairotei.puk.ro
kazumial.blip.pl
kommix.ru
pajarero.wop.ro
lagoona.blip.pl
lankashopping.com
legadolibre.com.ar
lekiznatury.pl
martaban.wop.ro
monia2308.wrzuta.pl
montana.edu
mtz.digart.pl
oymu.nfdy.net
pablolayus.info
pagerank-webkatalog.net
parksmania.it
pc-tronik.pl
pdaja.info
peerage.puk.ro
pelerei.puk.ro
regentstreetlocal.info
people.rednet.cn
pozitiff.info
prismatico.net
prolix.nu
coji.qiwen5.com
pxevwzjkn.skynetblogs.be
quickregister.net
ravensberger-matratzen.de
rcom.co.in
abc.cz
redlinekw.com
sevastopol.info
shiga-shokusan.co.jp
sitinuovi.it
ruxe.info
siwn.210000.org
skidrow-scene.net
sodrofa.co.hu
sz.welltrend.com.cn
sohu.laomo.us
solarfinance.biz
spikeria.pl
splove.tk
sport.guardian.co.uk
nsx.pl
stammender.puk.ro
stichero.wop.ro
stien.euforia.wwwwww.wop.ro
sudameris.com.co
iie.org
tarif4you.de
techdox.info
toolbase.info
halteres.puk.ro
tradepad.net
tuznajdziesz.pl
tylkomarkowe.pl
pacojana.pinger.pl
ucf.edu
ultimate-power-profits.me
unbars.angeschwollenen.opbakt.euwww.wop.ro
unchi.co.uk
v4mk.210000.org
prosalesstaff.com
vacey.puk.ro
vasotrop.wop.ro
veraccijns.euwww.wop.ro
www.rentisetu.com
vicaress.wop.ro
wavement.puk.ro
weghelp.wop.ro
wholesaleunderwear.co
www.10086la.com
bmu.fr
www.funv323.com
www.htys.cc
www.mdd.pl
dhteumeuleu.com
www.vikari.is
a4.7iii.info
a59choppers.nl
www.zywbj.com
en.dnstools.ch
angusti.wop.ro
www.fyjzgs.com
articlecoop.com
asiayone.wop.ro
34mn.com
ate.fm
atrincherados.net
bollyupdates.com
buftea.olx.ro
2008p.com
forum24.se
comambiental.com.ar
sss14.info
wwewdsw.wangzhuan555.com
darcoran.net
delaciudadfm.com.ar
richyshekuwedding.com
demissly.puk.ro
denkspiele-online.de
dfs.is
dingyichina.com
everspringco.com
fclinks.info
gizycko.pl
jeepstercommandoclub.com
artgo.info
kea.dk
caiyuanr.com
kik.gov.tr
koujiao.in
metalserbia.com
nationalgunrights.org
polec.soup.io
www.ynqd888.com
wagner.edu
psychob.blip.pl
www.dajuanzhi.com
ranking.pl
sosobai.admin301.com
nichewebsitesuccess.com
schuurli.puk.ro
science.uva.nl
www.smert.gov.cn
silentspring.org
adoniseffect.com
snifbrasil.com.br
sniper.wop.ro
www.manil.pl
rcmart.com
a1directory.be
trackid.info
szaci.atw.hu
festiwale.info
easybillindia.in
bilprodu.wop.ro
dispatchcafe.com
jongenondernemer.nl
hljlzy.com
411locate.com
nullprozentshop.de
kordate.puk.ro
lte-anbieter.info
bf.yzz.cn
orlinos.blip.pl
creatupropiaweb.com
cinepolis.com.co
rbedemi.ru
mimp.gob.pe
www.yyuda.com
toucht.mesologi.zujyou.wwwwww.wop.ro
www.indeed.ie
minimax.info
www.phahealth.co.uk
yooblog.gr
123hp.jp
4.am
ahkah.jp
ksppolonia.pl
bfjk.cn
avrettet.wop.ro
chat.parlaq.net
yesize.com
whatdotheyeat.info
www.wz2234.com
reviewaffiliatenetworks.com
desiaunties.info
dofollowtags.info
leidesaw.com
www.123cx.net
hagodieta.com
juancong.com
freeminded.com
invado.pl
jbc.org
seo.ac
karlskrona.se
lazienkowe.info
lotoftalks.com
archpaper.com
mdc.1168.tv
moselbook.de
muaxecu.info
naiki.wop.ro
rujiakuaijie.11522.info
nemausa.info
nuotiate.wop.ro
plasaszr.bee.pl
rolloshop24.eu
saluteme.it
sekretystronwww.pl
siemprelibres.com
onepcs.7gt.info
sztolcman.digart.pl
clipxxx69.info
mujka.ca
mehes.org
teiketusau.info
urgenthomework.com
xian8.org
vah-hans.ru
w-soho.biz
glitter.pl
www.6999.hk
screwtube.info
www.csxyzx.org
www.libero.dk
www.os.is
www.rendezvenymegoldasok.hu
www.vivat.be
xboxgamingtalk.info
yuki.1996.pinger.pl
zertruem.puk.ro
083934.jp
7q3.info
9tv.ru
abgeboge.puk.ro
toplistenserver.info
lula322.salon24.pl
desktopsolutions.com
www.jindumm.com
planofuturo.com
99bill5.com
www.hdqstkd.com
adani.com
nanrenwa.com
shoppic.org
kulturaonline.pl
www.houzi.in
zt008.cn
xbox360cheats.com
eplindex.com
www.mnttw.com
seo.uk.com
jobseeme.com
wolves.co.uk
www.05330.net
arvatodigitalservices.com.br
www.youai99.com
mocneopony.pl
1stfloor.pl
malipages.com
www.wooup.net
www.ppoa.org
speeder.fr
sexe8.info
centuria.pl
bio-logic.info
seolux.pl
scutum.jp
toparabsites.info
bdfafbrv.freeblog.hu
wallpapers.fm
livepr.ro
freepermanentlink.com
ewnzgwhozw.blog.mongenie.com
www.dola.me
liderforex.com
geekprison.com
theisonews.com
www.wzhct.com
www.yuehuib.com
bigbadwolf.se
www.hbjmtlzx.cn
nvjvaxzghp.blogage.de
surveysampling.com
darkorbit.opx.pl
moviesonclick.com
zgjiguang.com
mediastre.am
any721.com
sn77.info
www.9423.me
robotzone.com.hk
ccdh.info
oscon.it
cuartopoder.es
ientime.com
klikvind.dk
17link8.com
www.71me.com
www.nudejapanesegirls.org
mathramz.com
monasteriohotel.com
cc080.us