itdotum.pl
fivedoves.com
cuervoblanco.com
wowhaneptv.com
fs.joobbe.com
ausfaces.com.au
www.020rrbw.com
a.chip.jp
linkavailable.info
sz.welltrend.com.cn
bf.yzz.cn
www.yqys168.com
www.alexa.gd
autocarsrelease.com
yyymm.com
mehes.org
afsy.org
foto-pasja.flog.pl
alsagerchessclub.co.uk
2s-blog.jugem.jp
firethost.com
avisen.dk
hupan.net
www.coal-link.com
thx99.info
www.g2000nz.com
esecra.wop.ro
8d1.info
richardsnow.info
sefsejcs.ugu.pl
lusy.78.cn
www.mizic.sk
www.shunv.cc
vasotrop.wop.ro
casal.wop.ro
www.fjjkyy.com
blendogames.com
firewalls.com
soysparta.com
kasa.xlx.pl
toplistenserver.info
overjob.kinghunter.wwwwww.wop.ro
yunonline.info
wap.tmyx.info
shoppic.org
linkspear.info
www.huaguocheng.cc
abc.cz
studio878software.com
htc.co.uk
nsx.pl
firsthomebusiness.org
czbix.tk
addurluk.com
archpaper.com
www.23sou.net
livescore.im
surveysampling.com
ziaporca.com
evi.by
47tm.com
rcmart.com
xemtiep.com
www.baijunmuye.com
seodofollowblog.com
163leiju.com
www.2200y.cn
www.pacio6.digart.pl
smggw.com
sg.9998.tv
shuminoengei.jp
1314dvd.com
05sam.com
girlflirt.de
2323w.20ux.com
projectdd.jp
frametoy.com
qanungoh.info
ccdh.info
exatuspr.com.br
co-opnet.co.ke
iziraovat.com
6888.tv
aanwiese.puk.ro
barbourproductsearch.info
besthomy.info
bomm.tv
catacombae.org
disguised.puk.ro
seip.perehout.wwwwww.wop.ro
explorekerala.org
fare-search.net
faszobraszat.hu
fitness-foren.de
ganhedinheirocomcafe.info
hukam.net
interpark.co.kr
middleeastevents.com
perils.wop.ro
noweinwestycje.pl
peruano.info
phaidep.info
pnxa.nfdy.net
produra.de
tampaxcoupons.co
unitedcardists.net
vip-madame.net
mytour.eu
gizycko.pl
unthrash.puk.ro
2iki.info
blackmagic10.it
sevastopol.info
www.arcub.ro
ronherman.com
optik-pro.de
orgasmfun.net
otolista.pl
oude.puk.ro
overgorge.puk.ro
vietpress.vn
pablolayus.info
pagerank-webkatalog.net
parksmania.it
parseta.home.pl
lte-anbieter.info
pc-tronik.pl
pdaja.info
peerage.puk.ro
pelerei.puk.ro
people.rednet.cn
pfaehlen.wop.ro
poznan.soup.io
speeder.fr
quickregister.net
respiratorium.wop.ro
rpsw.info
www.huayuan.org
science.uva.nl
silentspring.org
sitinuovi.it
siwn.210000.org
sniper.wop.ro
sodrofa.co.hu
sohu.laomo.us
solarfinance.biz
spikeria.pl
xianning.117.cm
sport.guardian.co.uk
strukturalismen.puk.ro
tariffab.puk.ro
techxperts.co.uk
juegosdemariobros.com.co
tmiura.wop.ro
desiaunties.info
wigle.net
www.guahao114.net
www.hpmtec.cz
sexe8.info
www5.cathrin-kilian.info
wwww.minpad.net
aftertheride.org
second-home.org
www.tjtjjscl.com
zrqc.210000.org
aankeft.wwwwww.wop.ro
ablazewithtraffic.com
actiweb.es
adiariobajio.mx
atrincherados.net
baredji.wop.ro
pcpd.pl
buftea.olx.ro
circlecityfleamarket.net
corollik.puk.ro
crayz.org
cuvr.nfdy.net
delaciudadfm.com.ar
demotivatorz.ru
tuljhmxzgp.blogger.hu
donor.org.ua
e-zakat.com.my
effemina.puk.ro
elektrischvervoer.nl
enlachamba.pe
adpic.de
eschaton2012.ca
allenandunwin.com
fabelleer.puk.ro
fabrics.ru
ferrugiento.puk.ro
toprankbookmarkinglist.info
follow.rengang.org
gedesco.es
guahao.beijingyiyuanguahao.org
tassa.wop.ro
ww43w.wangzhuan818.com
hfdafu.com
matias.blip.pl
idesktop.tv
ilab.usc.edu
www.fs0810.com
ixde.pinger.pl
revistaprotesis.com
ja-jebie.pl
jcreator.org
jp0a.k3y3.net
kairotei.puk.ro
www.dksutcco.com
kazumial.blip.pl
kejpa.wrzuta.pl
kommix.ru
mythopoet.wop.ro
lbhg.210000.org
lekiznatury.pl
localdirectorypr.info
love.52admin.net
maximumpop.co.uk
barelysfw.com
midiaville.com.br
moodle.pl
colabmo.com
musicnmovies.info
nemausa.info
nonsane.puk.ro
buybacklinkscheap.com
omkorningen.wop.ro
onmam.com
envyusmedia.com
outerbanksrentals.com
oymu.nfdy.net
newcitizen.info
jamesbondwiki.com
setka66.ru
soshu8.info
szexpartner24.info
www.amazon.de
www.qq1314521.com
event119.co.kr
520kx.com
doyogawithme.com
52face.net
56kompania.pl
dofollowmarkzoom.info
chrislo.hk
e-heaven.pl
itelevisor.ru
ittousi.wop.ro
metaxylem.senensei.wwwwww.wop.ro
metoperashop.org
peteralan.co.uk
softwareassetmanagementz.info
suedafrika24.info
augustasportswear.com
zespoljack.pl
668sq.in
7q3.info
cardif.fr
discovr.info
e-direct.info
eutededico.tumblr.com
inwestycjewinnowacje.pl
knightfeg.info
movoto.com
netelpla.wop.ro
parroter.wop.ro
techtarget.it
raccontioltre.it
racunarstvo.hr
radideneg.ru
unsort.puk.ro
radio-set.ru
radio.bialystok.pl
rahyad.ir
raileurope.ca
yaelglazer.co.il
raisoni.net
rushydro.ru
rusma.digart.pl
rxyu.210000.org
bjmemc.com.cn
ryetech.biz
scifihero.net
tv.gazeta.pl
thatshowimakeit.com
theupsetapplecart.com
www.hhdx120.com
www.laptop-ker.hu
www.mcb.tw
www.organised-confusion.eu
www.qunaer.org
www.showsx.org
www.taorenxi.com
www.upf.edu
xboyacxx.freeblog.hu
codeforces.ru
yehl.nfdy.net
s-event.cn
lazienkowe.info
da.com
gcn.gov.hk
xorgy.info
sheltie.net
lear.hk
claepo.com
rebell.info
www.koral.pl
tylkomarkowe.pl
myhotsexypics.com
beasonsatv.com
fishchoice.com
www.100882.com
bensinmo.wop.ro
www.sjsfxh.cn
sdtjsg.com
1farakav.com
slavsport.ru
qqvb.info
www.tumei.cc
www.sns.pl
desktopsolutions.com
datosgratis.net
huddak.net
nic.br
www.yyuda.com
zt008.cn
www.longccc.com
hayesmedi.com
sn77.info
adoniseffect.com
beton24.info
wowy.pl
krcr.nfdy.net
nsaonline.ch
fortify.com
awesomeapps.in
www.qichedj.net
massagefactory.eu
www.italiansupporto.net
www.hnsbzg.cn
stpetererhaie.at
neonet.co.kr
alish.digart.pl
kushtt.info
www.bsx.cc
43597338.7b.cn
yyop.nfdy.net
azarnezam.ir
htp.cb7.pl
danea.it
onebookmarkstep.info
yuxuanwl.qianyan.biz
maytapchay.com
wwew.admin301.com
www.szhyddc.com
clintonwentzel.info
44cam.com
babypop.com
dukket.puk.ro
cinescopophilia.com
locanto.nl
henshuub.puk.ro
www.idtag.cn
www.guangan.so
0539ms.com
nivea.digart.pl
szskz.com
bungee.co.cr
jopopo.flog.pl
kpf-guaranty.cn
beate-uhse.tv
assaggi.it
nczkctdfv.freeblog.hu
katalogin.pl
chat123.info
gamification.org
allegrodance.pl
ceritaspros.com
tribuna.co.cu
e-ring.pl
varagund.edu.pl
sou.wjw.cn