www.etaon.net
www.jinantianqi.com
yjsjl.org
ambroste.puk.ro
lxif.nfdy.net
adventuresinblogging.net
24hr.se
www.lyblr.gov.cn
penguicon.org
theimuniversity.com
thejacksonchannel.com
thenameinspector.com
linkkatalog.cc
theplasticshop.co.uk
thriftyandchic.com
tjcxgdqx.com
tltonline.ru
webrankstats.com
toalla.wop.ro
toert.puk.ro
tommasoraspo.com
tommy.blip.pl
bluestarlive.net
topemailprovidersz.info
tordent.wop.ro
torontokiosk.ca
eccoholiday.com
tqhlw.1168.tv
traceroute.org
trendingbike.nl
www.nnxsdn.com
trendymarks.info
triara.com
triboliu.wop.ro
trike.edu.pl
makelovenotporn.com
tristanna.digart.pl
trivisvodnany.cz
truition.com
warnaco.com
trywialna.digart.pl
tu-cottbus.de
gdlad.com
tu.xiuna.com
www.55ebuy.com
tube.digart.pl
tum.blip.pl
tuning.klimacik.pl
turbopit.pl
tuskax.flog.pl
tv.wp.pl
twentj4.ch
mijueqls.1168.tv
twojaprodukcja.kei.pl
twydra.blip.pl
tybjerg.info
tygrysiwek.digart.pl
misya.info
tymoteuss.digart.pl
tynka89.digart.pl
u20.waw.pl
ucbtrainingcenter.com
partitodemocraticocatania.it
uigv.265link.com
ukpl.blip.pl
umek.si
www.achd.net
uncalk.puk.ro
unchallengeable.puk.ro
6hzc.com
www.basspros.info
underek.blip.pl
cointech.com
unfermentable.puk.ro
uni-sa.net
uniapielgrzymka.pl
unity3d.cba.pl
facebookmodels.com
univ-orleans.fr
unparted.wop.ro
pearljambootlegs.org
unsatisfiedxpp.pinger.pl
upget.wop.ro
upierdliwa.digart.pl
rielfm.com.ar
upita.nadzieja.pinger.pl
use.digart.pl
used-chrysler-saginaw-mi.info
utp.blip.pl
homesthatrock.info
uvex-sports.de
ankuban.ru
clearsense.nl
olkaa.blip.pl
wrldc.org
uw.edu.pl
newsmaker.bg
vacancy.digart.pl
vacupractor.com
valpfraelizabeth.pl
vasylot.wrzuta.pl
memoryxxl.net
ventus.ru
verhaltenen.sandayo.wwwwww.wop.ro
viajes-club.com
vicone.digart.pl
piccy.info
video.drom.ru
video.planet.fr
videocms.pl
www.g-blue.info
videosexe9.info
viestevacanze.it
viewit.ca
281688.zw007.com
vinkelboda.se
vip.cfi.cn
vito.blip.pl
vitoria.pl
privatednsorg.com
vivo.wop.ro
vixo.pl
8888day.com
vlc4.qiwen5.com
vone.puk.ro
vrxo.265link.com
w916.wrzuta.pl
latexcommunity.com
wallpaperhill.com
wampirns.digart.pl
warmia.pl
warnet.ws
mavriki.eu
warrenfurutani.org
warrior.pl
tulduz.edu.pl
www.94seav.com
lecirque.fr
wasil.digart.pl
davidseah.com
waystosaveenergy.co.uk
wchoorekb.blog.mongenie.com
wealth-4-all-team.biz
d101.org
web20.pl
webanalytiker.dk
webcrow.jp
searchgrid.org
webhosting.platon.sk
twitjersey.com
hamptoncourtkennel.com.br
cnacs.org
librosdebolsa.es
pop-bar.com
zc.97down.info
webpixelpage.de
gailrodgers.ca
websiteranktool.com
webuiltit.biz
webwiki.com
articles-central.info
wedin.puk.ro
weider-24.de
wep-kodlari.tr.gg
abg4.qiwen5.com
werra.flog.pl
whitedress7.pinger.pl
wiadomosci.wp.pl
wiesium.wrzuta.pl
paysites.tv
willa-gran.pl
windata.ru
wodniacypruszkow.pl
scos.co.jp
wohnungssuchen.wop.ro
wojtekkk.pinger.pl
wok-poznan.idl.pl
wolanski.pl
bobchapman.blogspot.com
wonderworxs.info
wordes.wop.ro
worldahead.digart.pl
www.xxdxs.net
worldforge.org
worldgsm.pl
wp.flog.pl
bbs.0937.net
wpk.pinger.pl
wqspa.net
juancong.com
wroette.wop.ro
wru.co.uk
stormbit.net
wrzuta.pl
wt369.dian.net.cn
www.0533.cn
soffrimmo.wop.ro
w.all.gd
visualproducts.com
www.qgz188.com
www.urytire.mimishop.cz
www.0550rc.com
www.0571-85151578.com
weihai.cyberpolice.cn
www.10010.cn
www.2p2p.us
www.60333.com
www.66kv.cn
info.wancai.info
www.7575bo.com
www.u-lin.cn
zatumanom.ru
xanthipress.gr
talkingdonkeyshop.com
poetryvisualized.com
century-properties.com
schule-fuer-ayurveda.de
cineol.net
nodex.ru
reserveit.sg
dibs.se
www.dg12315.com
panda.cz
1fsi.nfdy.net
webaffiliate.co.uk
www.ccwcw.com
waubonsee.edu
www.9999uuuu.com
www.mfchn.com
www.ban020.com
hupan.net
elektrycznie.pl
download11.com
www.eso.al
british-hypnosis-research.com
yazikita.com
ykhi.qiwen5.com
defcon-x.de
brynnharris.net
cmarry.com
cq20.co.cc
www.zu-dao.com
lawsuitfundingcash.net
w.oluo.net
www.blogfox.info
www.lafc.cn
www.slando.com.ua
thegameforum.com
bio-salzburg.at
audi.co.uk
scalpfolliculitis.org
roweryokey.pl
kbne.265link.com
melpedia.org
cetaphil.com.cn
beastnatural.com
scribus-forum.de
www.sulytalansag.hu
nipplex.pl
co.blox.pl
besthomemadevideo.com
recruit.mixi.co.jp
cxqp58.com
luxury-spa-breaks.org.uk
www.aijiamin.com
www.insidepr.ca
www.dzf99.com
dhaka.net
mijnsexprofiel.nl
brunoooomars.pinger.pl
go-to-video.com
globalproject.info
parcayedek.com
www.gzfinance.gov.cn
zaoolpos.webs.com
perdhanahost.net
harapanmuliaschool.sch.id
agrostoc.md
taparo.ro
t.home.news.cn
dpmost.cz
www.iedu.org.cn
china70s.com
www.suzhongmiye.com
zeek.com
mcgree.wop.ro
spm-2000.de
seeger.wop.ro
rapsli.ch
rzlexiang.com
kataloglekaru.cz
grupobo.com
ricodigo.com
myopinion.ch
canadaproxy.org
www.gwktravelex.nl
pae-swn.org
www.c3618.cn
yalovahayat.com
sentier.us.com
forbes.pl
mies.gob.ec
javaica.net
download7.com
donottellyourfriends.com
aristanetworks.com
mtsztenisz.hu
whufcboxoffice.com
hirameki2012.bufsiz.jp
www.zz66.org
www.szxiangyungj.com
cephasministry.com
radiobosanka.de
mojbiznesvseti.ru
driesvannoten.be
svobodnoslovo.com
hebinzhicheng.com
corvettecentral.com
goedzakk.puk.ro
www.travelro.ro
ulspiningas.lt
newhdwallpapers.net
rippedxl.com
fasmr.ssmb.ro
ojyz.210000.org
rafalhyps.digart.pl
bridgepresscellars.com
www.gaozupie.com
kaosenlared.net
sexgazetka.pl
g.bmttt.com
informasalus.it
nylige.wop.ro
botanic.cz
qingshu.hostyd.com
auctionnationonline.net
asean.gxtv.cn
gamegardens.com
860860.net
dgi.dk
yydoli.com
hzlf.info
adultentertainmentexpo.com
matmas.net
thehouseofcoxhead.com
palcsmail.org
bavaria.hu
spicepics.com
nangtheingiwin.info
www.euref.eu
wycieczkiwatra.pl
atravelerslife.com
chinawg.tk
redrum.xfree.hu
blog.airyai.net
www.cvoo.nl
dukw.qiwen5.com
nortehanon.com
www.aha.be
www.muhezhizuo.net
ofuxicorenascer.wordpress.com
a-pay.net
traffic911.co
zimzujaj.blog.mongenie.com
meiwei.me
rtvbgcmsqlyh.blogtrue.com
y-ariel.jp
www.czgh.gov.cn
unyx.eu
youreztextads.com
www.rbmeinv.com
bootchina.com
kaoha.pinger.pl
alandawi.com.ar
ontoprise.com
sexka.sk
kormarket.ru
forum-windows7-windows8.fr
han-cra.blog.so-net.ne.jp
www.gzjiaju100.com
fouineront.puk.ro
www.77777ks.com
otkroveniya.info
cowp.co.uk
www.xin555.com
www.cne.ao
prsq.info
moefou.org
ics.com
codrosu.ro
egtenewkidsfanhyve.hyves.nl
roxan.pl
6th-man.net
www.oudeomaseks.nl
www.yinongji.com
porno-mixxx.com
debriditalia.com
hixohe.pl
ryouyous.puk.ro
asuseeepad.net
guilded.de
1cbb.265link.com
sxdehudzyhde.blogtrue.com
nakisurf.com
www.3388tuan.com
ruckygames.com
www.8gouwu.com
www.cqsldk.com
jpk.usth.net.cn
anuncios-comerciales.blogspot.com
prjo.info
denwabango.info
www.zxcvbn.org
hammochr.puk.ro
chunqiu78.5food.cn
recordbrasilia.com
pingbozhuye.info
fitmax.it
tempocreative.com
slonikdambo.pinger.pl
saritaavila.com.br
cordobo.com
vip.kkaac.com
zonachana.info
shibanqiaodongcun.soufun.com
beaszalon.hu
www.alvel.eu
felido.wop.ro
b-channel.info
kledy.us
frontl.wop.ro
bsmart.se
wcmhblogs.com
www.feicheng.gov.cn
safafilm.ir
bloomingboxblog.com
heykr.taobao.com
www.jz265.com
love-is.ru
fleen.com
remarcar.wop.ro
ousyuu.puk.ro
the-expendables-full-movie.blogspot.in
mymadmind.com
victorchurchill.com
informatori.it
apartime.com
www.nikeairmaxshoes2013.com
114.xiantao.hb.cn
gegegan.info
www.lttianxing.com
oligopet.puk.ro
haidoo.cn
taozheba.com
koshercasual.com
ayearoffhe.blogspot.com
blog2.de
skoom.de
softnwords.com
ratetorate.in
sheaupvodh.blogdetik.com
www.octavia.com.cn
haosaoav.com
brod.p2n.dk
islamophobiatoday.com
wibiya.com
kwaii.biz
himalayahealth.com
psd-dreams.de
todomyjnia.pev.pl
hmfz.78.cn
dulich-sapa.info
profnetconnect.com
www.njzhongqing.com
www.szdjd.org
aboutdomain.org
ahcxmy.com
thisiskushdvd.com
koshinok.wop.ro
lifedna.com.tw
visa.ca
foroderelojes.es
thomascook.in
bymaplestorymesos.blog.com
ksmg.qiwen5.com
subheadq.wop.ro
taotaoha.com
banyakonyvelo.hu
botian268.cn.alibaba.com
ultimatestretcher.info
irishbaggies.com
babytems.fr
shoutstory.com
abash.puk.ro
www.olaszbor.hu
blog.sg8.cc
clubcocina.net
www.segarally.cz
top-cashback.net
jun3519.blog.so-net.ne.jp
rainn.org
toiowo.pinger.pl
www.today51.com
backlinksvault.com
xixichengyuan.com
andingyao.cn
travelmonkey.hyves.nl
trashchicvirtual.com.br
pbahuazhuangpinzenmeyang.tuita.com
1our.com
www.dhl.la
fctwente.nl
www4.q789c.com
osaka-u.ac.jp
earthinfrastructure.in
lipozenescam.org
hmlanding.com
www.yesegz.com
www.szps.pl
www.pjk168.co
mario.ec
ufop.br
weblinksite.com
domainfactory.de
dacia.com.tr
www.zeed5.com
energytraining.wordpress.com
campostaffi.it
nestle.com.ar
articleintelligence.com
bikebooking.dk
yeniodev.com
megaporn.su
tangshan.buscx.cn
sowang.com
ipushiro.wop.ro
beraam.wop.ro
blogna.tv
fixmygps.info
www.goomv.info
seqingdonghua.tk
mytextgraphics.com
nbc.jp
reseo.com
cqhgygjryjm.blogtrue.com
135sezhan.com.com
masteringastronomy.com
upspam.com
guangdiu.com
cirrus.com
geilehomosex.be
hlfww.com
4hty.cn
kroow.com
lutayo.wop.ro
colarum.nl
bull-city.com
hqkp.nfdy.net
tvcabo.co.mz
www.gaybluedvd.com
endogenen.puk.ro
figurinecartonate.it
www.trip8080.com
logici.cz
upphafssidan.com
www.wdzj.net
latinamericantoday.com
webartsense.com
karuteru.wop.ro
goldmax.pl
www.rc0716.com
fu.jo-ho.jp
muaythai2000.com
hupan.com
m3z.info
upreard.puk.ro
chateauintown.com
9rang.com
hotelreservation.com
gozs.qiwen5.com
www.dvd6.us
pf-x.net
inarcassa.it
gaozfc.cn
ausdrucksvoller.wop.ro
whyquit.com
hemohemo.sakura.ne.jp
sfantasy.de
tassimo.gr
uitdagin.puk.ro
shousui.wop.ro
wpshower.com
ambermac.com
paulstuartjewelerscoupons.com
bicycleaustin.info
scjg.210000.org
www.apple1314.com
worm-team.eu
freshnews99.info
jameskoster.co.uk
sfax.ro
rock.jp
capdesign.se
www.hubeitour.gov.cn
end3r.com
www.kukudown.com
www.dao086.com
giftsnmore.com
www.sisfun.com
518sk.com
farmeramafansite.com
loonely.flog.pl
loofamily.info
here.r.gd
abnehmen-blog.net
dejeunesgensmodernes.com
www.mieszko.pl
www.655rr.com
vnc.nl
ebook.taobao.com
jthwl.cn
rockwallyoungdems.com
findletter.fad3.net
neja.puk.ro
soccerbarcelona.com
becker-posner-blog.com
yangzhu.ncyz.com.cn
shrm.org
gvifxgvyu.freeblog.hu
www.znpc.cn
www.duzhidu.com
ladybutler.com
wscal.edu
384047.com
cherisys.com
hnryckjlbsf.1168.tv
mkhlas.sk
registrar.wop.ro
kenteducation.ac.in
www.airenzhe.com
pornotri.ru
cars.bg
www.zuojiang.com
ridokain.wop.ro
insideintern.com
sprachtest.de
forumactif.info
www.666nv.com
guihuaxiang.com
tgirl.nl
thaiflashdev.com
marykay.com.br
theclassifiedfreeads.com
thedissertation.co.uk
thedroppedbeat.com
xixidieyuan.com
thequalpedlife.com
www.sescoo.cn
textism.com
clalitblogs.co.il
therapytrainingschool.com
thetravelwriters.net
thisav.co
plarmy.org
threeinsights.net
ticino-escort.com
tip4mac.com
tjub.210000.org
sikhmatrimony.com
tollerare.wop.ro
touslesannuaires.com
toyotaaddix.co.za
phpmagicbook.com
tpjatmdcug.skynetblogs.be
track312.com
traff.wop.ro
perimeterusa.com
trafficdynamite.com
trelogatos.gr
triumphantevents.co.uk
trochinsapmea.blogeiland.nl
kktb.qiwen5.com
truj.puk.ro
trumpetpla.net
truskawka83.flog.pl
tssz.ru
weather.yahoo.co.jp
ttssgg.com
tujm.nfdy.net
tulisa-world.com
www.wuqinghouse.com
tune2win.com
tv.gazeta.pl
u-ryukyu.ac.jp
superuser.com
ueba.wop.ro
uesu.puk.ro
umbrella.co.rs
wedigg.org
unbetray.wop.ro
uniderecho.com
universalmonsterarmy.com
www.xtjingbao.com
unsort.puk.ro
v139.nfdy.net
vb6.info
vetrinaonline.net
fushikang.aiyufa.com
virtal.pl
vistadir.com
www.he138.com
beboet.wop.ro
opgives.wop.ro
mda.or.jp
www.myffi.biz
vistandpoint.com
vitebsk.us
wechselstube.info
wedger.wop.ro
aquijuego.com
westernhorseman.com
whiteboard-flipchart.de
wikiprint.ru
bruispoeier.puk.ro
winic.org
winningeleven.es
wmcity.nl
women.gov.ir
homeboyzradio.co.ke
wordpresstemplates.name
workbux.info
worldsharkfishingrecords.info
commercedegroslunettes.com
worldshottestbabes.com
973ya.com
worldtalk.jp
wowdb.tw
23.gd
wpisuj.info
wqeshop.com
wright-rejuvenation.com
wroclaw.tvp.pl
ww.9177.org
ww.zsxx.e21.cn
namepara.com
www.0555880.com
www.0916.tv
www.211ee.com
edilio.it
www.255dd.com
lamaisonrouge.org
logxxxx.info
guyw.210000.org
molecularlab.it
www.chinareform.org.cn
riverak.ru
zdr6hc.info