izmirarcelikmerkezservis.com
americannettings.com
appc790.5lg.cn
arnkolding.com
b2b.cn
siti.es
babieswalkers.com
bark.org.za
bbs.66163.com
fgy.pl
avroom.biz
www.abc.com.pl
bbs.0997520.com
blog.3q0f.tk
latestupdated.net
blahblahvelo.com
blueantmedia.com
boletinsei.com
8556280681.phone.searchwww.com
worshiptogether.com
cugzx.tk
16nf.info
dazhu.org
escaria.com
diversodesign.com.br
ddss.biz
putariabrasileira.com
dinglikd.com
bbs.33bird.com
qnx.com
innews.pl
asaiberry.org
kelly-unleashed.net
av100fun.com
wort-synonym.com
fishtt.hk
bbs.swfc.edu.cn
evvk.hu
biseau.wop.ro
h.0591sh.net
village-bank.com
40765.com
platinumlist.ae
myatt.net
fermapolitica.ro
03ka.com
sttypy.prv.pl
notimeless.de
ga.com.pl
hr.heiguang.com
hzw.51wan.com
comoment.com
www.upstw.com
amlong.info
sabad.info
cra-e.org
www.clc.fr
americana2.info
washoe.nv.us
motorwayservices.info
naosp.r.gd
blogbookmarks.info
tvm-money.info
www.renrendvd1.com
kasinodeutschland.com
youtubedocumentaries.com
2ei5.56dvd.net
duckcrypt.info
diewahrereligion.tv
girlsmagazine.info
hypermedia.cz
www.xsx0475.com
lexandterry.com
nanaa.flog.pl
backlinkdir.info
gworks.fi
premioartelaguna.it
ptzx.net
babskiestory.pl
www.552dd.com
l2thinktank.com
94ccav.info
jogger.pl
www.shangpu116.com
www.kapitandave.cz
aazmok.com
falusi-vendeghaz.pereszteg.szallas.nyugat-dunantul.istenhozta.hu
e-shop.gr
combada.puk.ro
phl.upr.edu
karpmax.pl
sdplastics.com
www-qiushibaike-com.diandian.com
www.hs.cm
all4men.pl
solintermedia.com
pk.58.com
calfeutrerait.puk.ro
platnosci.pl
yhwc.me
qdlwt.cn
soulmateescorts.com
blocage.puk.ro
00t7.56dvd.net
abc4web.net
b3log.org
kimob.de
fakttv.ru
www.samurai-f.co.jp
smpn205jkt.co.cc
eywedu.org
www.michaelkorsbagswholesale.com
justice4erik.org
calfeedesign.com
spontexshop.hu
rockclimbinguk.co.uk
msng.info
smockfaced.puk.ro
www.taojianhu.com
aconet.it
www.tclch.com
www.woobzddnie.com
smnyl-clientes.com.mx
azoth.puk.ro
caimin.us
www.functiemediair.nl
pawelzalewski.natemat.pl
logowanie.wolterskluwer.pl
karakax.cn
cieciers.wop.ro
psi.gov.sg
magix3.ro
111ca.com
narrenturm.eu
karlcardoza.com
kaminote.net
cema.gov.vn
www.11qq.cc
no-bo.co
faher.pl
ghbw.nfdy.net
www.shejimao.com
www.xiongjiok.com
qqxiu.org
hlw-dl.at
emonu.com
linkto.im
onema.net
0374it.com
07score.com
celebrityoopsgalleries.com
vunna.wop.ro
yaolaoda.tv
aikes.net
ydf.78.cn
68wb.com
ycwww.com
www.mnrpcv.org
gcggames.webs.com
17matching.com
www.nvbao9.com
salderingen.puk.ro
txbb.hk
kiddywear.ru
www.5252m.com
denwabango.info
taobazhe.com
realestateguidencetoday.com
lhvw.nfdy.net
www.ytjj8.cn
technodorm.com
loffciana.pinger.pl
bases-hacking.org
3twilightcocks.a-lsawards.com
modahombres.org
mondoraro.org
www.zoukeimura.co.jp
suden.wop.ro
223.so
moesoyo.com
armand.pl
howtomanagemoneytips.com
pt008.com
globlotto.cz
top-motion.be
exetools.com
invitationsfirstcommunion.com
titsaholic.com
mochilabinaria.com.br
feuerwehr-stadtsteinach.de
igor001.wrzuta.pl
concordia-1993.hyves.nl
freeappfans.com
eng.aalto.fi
dung.qiwen5.com
ipbux.ru
mybenefitshome.com
www.zil0.tulv.org
hangars.puk.ro
aol.com.co
www.hajpa.pl
just4usa.info
atesa.es
mall.pl
annoiati.wop.ro
www.fsmhm.com
www.ditanshenghuo.com.cn
fracht-promy.pl
www.sgssws.com
b24h.pl
purpleirisdesign.com
kls-soft.com
tweaks.pl
bj.pcauto.com.cn
kompan.pl
www.10086c.com
mehrverdienst.info
butorowydwor.pl
www.jun.pl
xqfq.nfdy.net
jiangyou.sczt.net
cityductcleaning.com
omskmama.ru
jambi-independent.co.id
www.mcrent.no
tuerait.puk.ro
www.tlylc.com
2parale.ro
zwierzakowo.pl
thebobs.com
omvegen.puk.ro
lrqn.nfdy.net
fjzztt.com
jerpa.wop.ro
massbio.org
dueysdrawings.com
tohair.com
speedysarcade.net
furtgo.at
cubestat.com
app.omia.cn
www.xurong.cn
centrumpapieru.pl
ruskyhost.ru
taninsih.puk.ro
kckrs.com
hyenoid.wop.ro
mobileexpand.com
www.kuchenberg.de
solarlaw.co.il
educom.ru
filmykino.pl
celebrityfanweb.com
www.bilvzhuangshi.icoc.cn
unganged.wop.ro
www.undp.kg
icux.k3y3.net
kentfishing.webs.com
diaet-planer.net
qiqak.cn
jokutyahaz.hu
steptalk.org
cangzhou.ganji.com
attacherai.puk.ro
spbkoreana.ru
mluo.210000.org
health.am
wcmhblogs.com
www.90km.net
puer.yunnan.cn
nihal.flog.pl
yanan.jzsx.org
stat24.com
landhold.puk.ro
inadecuada.puk.ro
whity.netau.net
mmfk.info
edi-soft.no
slothfurnace.com
foro24.pl
www.a1a888.com
www.gaben.ro
psncenergy.com
indignato.it
dinweiqi.com
mmm-mag.com
taruga.puk.ro
aiyeshenweifugao.1168.tv
mpmp.nfdy.net
www.234qqq.com
sexhuzy.org
wapbcw.com
bigblueberrysmile.digart.pl
chilanti.com
smauet.wop.ro
batdongsan.buonnhadat.net
abs-pk.cz
insidestitch.com
sostanti.puk.ro
werefox.puk.ro
aqueux.puk.ro
klarinette.puk.ro
ahhv.nfdy.net
5o5o.info
suww.nfdy.net
legalrss.co.uk
jobagenciesinlondon.org.uk
avatars.a42.ru
fireclickmedia.com
olx.com.pr
thedailyguardian.net
sbln.nfdy.net
awalar.su
politika-karelia.ru
ulju.210000.org
vilniaus-energija.lt
596.zhangyu87.com
rtg-mag.hu
mustangmerchantsystems.us
lago.flog.pl
stylehatch.co
hsz.relspopzw.osa.pl
lisoc.org
www.zzzyit.net
www.qqhead.com
prono.com.pl
dtxd.210000.org
lde0.k3y3.net
albahadly.com
neftegas.info
vesturrost.is
heatingpartscenter.co.uk
francinedee.com
www.xmmdd.com
730c1.diandian.com
powercopyclub.com
chinaibi.cn
decyne.wop.ro
cps.qianshou521.net
39articles.net
www.jinbx.com
afleid.puk.ro
greenpower4homes.com
oa.runerp.net
www.aceshop.jp
tsutsuma.puk.ro
mypaint.info
grupa26.pl
beitinger.de
v.cc
allbrook.com
happyabc.sagafan.jp
yxdna.com
glazig.wop.ro
asparges.wop.ro
fairarticles.info
tuenti.co
blog.xufafa.net
gokarbon.com
www.gaiz.net
lookey.org
www.huole.com
estoreadvanced.biz
textspace.net
www.fabeton.hu
www.zbjnn.com
www.dlv.be
www.wjj027.com
jjh.cngold.org
caliberclub.ru
ametsoc.org
2mm.ru
91okok.com
www.jyo.cn
sotaa.com
www.jmsc.co.jp
oclu.nfdy.net
f65s.210000.org
naja7net.com
862386.com
designerseven.com
m-pe.tv
eva.ro
dzhuiou.suliao.biz
www.llpa.lv
clallam.net
the-adult.jp
www.luoke.co
ajaxpro.info
anjin.digart.pl
qktg.210000.org
macromel.wop.ro
xjpx.cc