markurls.com
jqueryboilerplate.com
400117.com
info.gxtv.cn
yamy.taobao.com
drongo.wop.ro
finansis.com.br
frontosq.wop.ro
schnierersch.de
leyeoo.co.cc
u-kamiya.co.jp
taycor.com
archiv.hkw.de
m-1.fm
muse.wop.ro
sprzedajemy.pl
77xi.info
nkkt.nfdy.net
city.ee
depobangunan.co.id
reasthosting.co.za
loveloveplz.deviantart.com
malianteo.com
boxedcss.com
remp1995.hyves.nl
mhxx.96pk.org
greenpower4homes.com
www.fgtv.org
theprestigefullmovie.blogspot.hk
miraikioku.com
mcphears.wop.ro
sinema.sg
www.hcdjw.gov.cn
gsmchoice.com
argyll-bute.gov.uk
www.tianpeng.net
hot-replicahandbags.com
katrina.puk.ro
aprendizdelainformatica.com
animalesenextincion.info
xarty.info
lzca.nfdy.net
www.ebi.ac.uk
lotuseed.cn
telecomcreations.com
stepstar.gger.jp
transsexuell.es
homesexnews.com
onetv.vn
whqyw.com
d7vg.com
asia-investors.net
craftmarket.pl
gamecash.fr
kmxr.nfdy.net
petliferadio.com
paginelucirosse.it
linkdisplay.info
qovddy.info
usalinkdir.info
kangbaiwan.com
socialsubmissions.info
biergao.1168.tv
www.thwzz.cn
www.fn7.cn
theomani.wop.ro
bbs.huyunlei.cn
seniorweb.fr
endzeitwiki.de
newcisco.info
www.army.cz
lhcom.cn
ceepa.cn
hosting-service.com.ua
znesgdjow.blog.mongenie.com
muckingfugs.co.uk
frostmagazine.com
hun99.com
sotaa.com
www.greatthinkingspace.com
jqyq.nfdy.net
oklhw.cn
www.qudouyin.org
thenewfullthrottlefatloss.net
onlinedir.us
www.av5.cc
makingthemovie.info
clickerdirectory.com
www.shenmua.com
coralreefer420.com
entropyholds.pl
davpack.co.uk
britneygimmiemore.com
adauth.me
www.cinemapopular.com
interectory.co.uk
www.dg8989.com
hssdh.info
stayfriends.de
www.sssk.ch
mybag.com
www.1007.in
wsc.pinger.pl
sverre.polartech.no
one-viewnewz.info
www.wjg88.com
karmelie.wop.ro
wsjxsw.com
yupeek.com
prohifi.cz
medicinetop.ru
tatazuma.wop.ro
dacu.cc
www.jyjoy.com
coulailai.puk.ro
true-stats.com
tulisa-world.com
sonicstadium.org
gitarre-plus.de
www.smetjbc.gov.cn
sokolowsko.info.pl
akert.wop.ro
www.nike-dunksb.org
bobear.wop.ro
qualmelhor.com
www.yahoo.co.kr
competently.wop.ro
fedcsis.eu
savetheastrosname.com
4399.net
www.opendi.us
improvememory.org
xtri.com
www.trs.is
severouralsk.info
oferte-akrotiri.viaromania.eu
tapgaten.puk.ro
colorofchange.org
casino-imperator.com
bj.13237.com
tarrianc.wop.ro
www.qys148.com
thebeardediris.com
pjp.blip.pl
rockchat.mobi
go5.100hg.com
7788.net.tw
zozoleq202.pinger.pl
www.wzjh9999.com
ibuhamil.com
foto.delfi.lv
brunecia.digart.pl
opry.com
bingsale.com
7ba.ru
ticketzone.com
brunobras.com
decocre.com
hinausgewachsen.puk.ro
foto-podcast.de
iss.gov.co
nonslipp.wop.ro
iubescbrasovul.ro
managerdefotbal.ro
palestina.ro
mbe0.lizhidy.net
petillion.puk.ro
humyai37.info
filmmusic.pl
loreal-paris.de
bewoning.wop.ro
mibae.wop.ro
insights-for-acupuncturists.com
danielledecosmo.com
www.1380w.com
metalargentum.com
www.dsmdy.info
www.ymxzx.com
yinsex.us
pide.org.pk
policy.caixin.cn
rwe.cz
fsu.pl
shesha.puk.ro
retd.puk.ro
desk.rin.ru
www.lp.org
dzd.168cai.com
dleefoto.com
www.gzb2c.com
mohi.210000.org
cees.ou.edu
pornbig1.info
chinaibi.cn
rrfg.nfdy.net
www.025rc.net
q9o8.qiwen5.com
aiml.tk
en.333.la
spl-messages.net
usemynet.info
fisnyak.ru
www.zespolas.pl
www.tkouw.com
kaneduka.wop.ro
baohua.me
chabaidu.info
6hjs.info
eic-party.de
papeleestilo.com.br
non-non.info
513cg.com
mumbai.craigslist.co.in
simplysogood.blogspot.in
ngocha.com.vn
slevonakup.cz
0z.se
fasadstroy-m.ru
www.jb100.com
cfnm.xxxtop.biz
beep.ru
shun2u.com
zerbisse.wop.ro
www.4006848085.com|www.cupedu.com|plastic-castle.com|checkwebsiteworth.nl|ydsxs.info|www.zhongguo315.com|advmusicstore.com|karaokeshow.ro|www.kjshi.cn|www.blxk.cn|www.xshpjy.com|14thcarmel.com|q.3688.tv|www.dage.cc|www.gupuw.com|www.luxshanghaiescort.com|www.kkyxw.com|rockwellrottweilers.com|www.wcmjs.com|www.gpxz.com|funduszeue.wyborcza.biz|www.0188cn.com|www.xxx883.com|www.soqiye.cn|www.tongchengw.com|8.ggtt.us|www.sdaksoft.cn|rbhouten.nl|www.21shhr.com|www.usedu.net|www.intere.us|mobilerank.jp|www.uoutao.com|www.tx-9jqqvip.com|www.coffnet.com|www.pornfaction.com|www.qg-knives.com|fnyd.nfdy.net|www.xlzx.cc|www.yktairui.com|www.wzbseo.com|sacredsf.org|news.gpxz.com|www.quye.com|catsinneed.com|www.lmmw365.net|bednbale.com|www.szaaa.com|minxiao.eol.cn|adminunion.com|www.tianwing.com|jayess.wop.ro|horehron.sk|www.kuoyinji8.com|myseoresources.com|www.167b.com|huaiyunqiandezhunbei.bb-house.com|htptfe.cn.alibaba.com|wordpress.com|detail.china.alibaba.com|www.ly5173.com|qpblcwqj.taobao.com|www.fofchina.com|axfh.nfdy.net|bobmcdonnell.com
praz.info
lago.flog.pl