chipkinsey.com
gimmemydomains.com
wmrrm.org
expose.me
nines.wop.ro
yougedi.net
guihuaxiang.com
kvitka.ua
1bf.info
azmdb.com
029hq.com
52mba.com
classifiedads4all.com
mymacs.ca
startingahomebusiness.ws
barcsak.uw.hu
www.388ii.com
feuerwehr-wellesweiler.de
businessman.su
cnota.cn
googla.org
programmableweb.com
saigonmobile.vn
cema.gov.vn
tavi.wop.ro
www.zq.cc
v.shifugao-av.info
poland.pl
minibulles.info
tigerstores.co.uk
bencetoth.fecsegj.hu
siwn.210000.org
diquwang.com
www.010zx.cn
dzz.cc
kem-rabota.ru
gohha.blip.pl
17matching.com
www.19977.info
txtxz.com
existe.wop.ro
venyoo.de
brennst.puk.ro
janosiki.flog.pl
3xiao8.com
stancjowo.pl
stacy.kz
dell.puk.ro
chinaz.cm
www.uy63.com
mykitchen.bg
www.ditanshenghuo.com.cn
inec.gov.ec
prontofido.it
dype.wop.ro
2lj.info
mp3zonebg.net
aluniversity.edu
alamout.net
bahnte.wop.ro
www.juniortrader.pl
kaps-f.info
www.jnsrx.net
smsonline.ir
jhuas.com
kompan.pl
nac2012.com
www.tdpump.net
abbyy4.software.informer.com
whbyfts.tumblr.com
shopblackhawkjerseys.com
sbb.rs
pace.edu
www.yq920.com
indianpioneers.com
dreddyclinic.com
fenminapa.blogger.hu
www.eduxh.cn
fan-forum.ch
goodfood.ie
ruqd.nfdy.net
videochatbarato.com
np.kz
se.234qsw.com
excortication.puk.ro
www.xxx887.com
www.7x8x.net
www.yaoliu8.com
praktikumsanzeigen.info
cqhxdj.com.cn
222ooo.com
meniulzilei.info
guineefoot.info
www.annengda.com
mahadevatravels.com
ampli.com
euphoriabux.com
3clans.ru
autoinsuranceonlinez.info
ltdalarna.se
wd.cqnews.net
www.tyfloemploy.org
chiari.co.uk
www.ykp.gdynia.pl
irc.org.tr
kravfitnow.com
carka.digart.pl
www.97cb.net
ctcbcreditcard.com.tw
mrd.hu
uploadgold.info
platinumlist.ae
147zzzzz.com
socmel.net
www.ooogm.com
www.xfjyt.info
imcbasket.ir
mudtrack.wop.ro
billboard.co
websitedown.info
jeux-mmorpg.fr
newskyenergy.ca
annuaire-de-referencement.com
poszkole.pl
0001girl.com
v.cc
www.xkydkw.com
www.caravan.no
vivee.info
1-2-3.tv
www.nic.cz
uir.ir
baseballacademy.iplace.cz
byweb.it
islamhome.info
memya.com
www.naruto.hk
interdating-ukrainian-women.com
www.honter.eu
addurl.me
network.com.tw
exquisite.cc
cqebbwtq.blog.kazeo.com
rokuro.nu
cntd.ru
florinpainting.com
geithold.no
vnews.com
myheritage.nl
domii.blip.pl
chats.co
edojyou-isityouba.ppoo.jp
hllytransmitter.com
bacaujob.ro
pc01.cn
bejr.210000.org
faba5.com
down.cnzz.cn
depositfiles.com
quickbid.com.tw
wsjhqd.78.cn
download-ace-hood-ringtones.blogspot.hk
com.free.fr
logga.me
kava.lt
bbs.sem.cm
tomsshoes.pbyu.com
79abc.com
miyosire.wop.ro
mata-l-23.com
www.1235777.com
www.mercedes-benz.dealer.zhaopin.com
www.130ddd.com
bdsmsexinpublic.com
ankarabarosu.org.tr
fantasywriter.co.uk
www.17b.cc
schtrade.co.uk
logo-city.org
www.waha123.com
myitiltemplates.com
atehenmei.com
david-t.info
www.655xx.com
macromel.wop.ro
0563.job234.net
www.hoolon.net
vintage-wine.pro
dfj.com
kafirm.pl
ra.hg8871.com
pageglance.com
powerfit24.de
fujiya-camera.co.jp
921.cc
sotaa.com
besteproduct.nl
design911.co.uk
earnprofitsguide.com
www.kslqbj.com
professionallinkbuilding.com
www.logeb.com
ketquaday.vn
w1d1.265link.com
trustedhomeservices.com
868996.com
katsukuni.wop.ro
cache29.enet.com.cn
www.n4zg.4f9.org
pommietravels.com
zerx.do.am
www.yzsos.com
designerseven.com
arctichawk.com
guqz.nfdy.net
www.diashow.hu
www.qcrl.cn
hillsjp.com
kabol.wop.ro
ergoq.puk.ro
www.webxuexi.com
wangubaoguxibaoxfy.1168.tv
xarty.info
cc.wwmmm.net
bzykanie.pl
kima.lt
dogsecrets.ru
www.yimeizx.com
dr-feil.com
amherstarmsandsupply.com
twipper.tk
qqdnf.tuita.com
chinanetedu.info
e-tennis.tv
bbs.sgchinese.net
chuangguan.7755.com
thexx.info
lepukka.pl
kupi.ba
bbb.dounixiao.org
ad2town.com
www.richnow.cn
pijarki.pl
www.42ye.com
great-dane-cuisine.meetup.com
fixai.com
www.430022.com
2012.sifa8.cn
nortehanon.com
bzooz.com
choicesocial.info
muckingfugs.co.uk
thehistory.com.br
magix.net
www.jk53.com
overstoo.puk.ro
hentaitube.info
yanchengshi.m69.info
dianpujia.com
eudal.wop.ro
ace-mat.deviantart.com
www.snowvillage.nl
gb91.net
alejahandlowa.pl
www.wxcs.cn
020pgj.com
b2b139.com
www.lyjk5.com
bytow.pl
bjxfpp.com
dotnetwebservices.phpchinaz.cn
x5x-noc.ru
rockindustry.co.uk
ng.ru
glazig.wop.ro
milver.hu
bloger.hr
www.ygg123.com
adult-planet.info
internetzarada.org
amishpromqueen.com
keymas.wop.ro
3g6hc.info
www.51tongcheng.info
nivea.digart.pl
kokusai21.jp
okna-lider.com
www.vsese.com
cygnusb2bmail.com
fivefreeapps.com
chezt.gznet.com
wahlrecht.puk.ro
ahrcw.com
jianqiege.w7.inets.cn
twowar.com
aertv.ie
mp3letoltes.info
www.djsava.ro
naja7net.com
777tt-1av39.tumblr.com
predigender.wop.ro
www.furong8989.com
gesystem.wop.ro
bbs.siheel.com
elsistema.info
nexths.it
www.eawball.com
healthist.info
yelken-mandalinci.jouwpagina.nl