678ct.com
gks.gs
cp-ty.ru
texasbestgrok.mu.nu
pojebao.pl
go4supply.com
headhunt.goodjobs.cn
babycatalog.com
dzm.me
artliszka.digart.pl
hisroom.com
hooped.wop.ro
washwomen.puk.ro
chordie.com
homotoys.de
coxcombe.puk.ro
cnet.ro
www.yinduyrs.com
linux.no
uci.umk.pl
no-ice.nl
duecha.puk.ro
bpkrupa.digart.pl
store4.tiens.com
say-it-loud.org.uk
www.yuci365.net
yarik-kniga.blogspot.com
ookla.com
herobrother.info
tramadolrsfiv.blog.fc2.com
dar.org
oyunskor.tv
ww.au240.com
awer.blox.pl
launchtips.info
firstclasswatches.co.uk
www.czk.pl
soophie.digart.pl
www.nbeve.com
www.hzp163.com
allegro.pl
papercitymag.com
cincopa.com
opgewondenen.wop.ro
laciboulette-annecy.com
www.mallweddingdress.com
face-switch.com
steroides.biz
pomme.puk.ro
hypermediaisobar.pl
devaldi.com
vegetarian-restaurants.net
www.mosso.pl
demony.npx.pl
xebat.net
5qq.info
javjp.com
hcoop.net
www.iker.com.pl
laokboke.net
peliculas21.biz
www.cvdm.nl
www.97779.net
chivalrousness.wop.ro
cullmann.bemutatoterem.net
ekomusicgroup.com
central.edu
bicarb.canadien.wwwwww.wop.ro
fondes.wop.ro
turserwis.pl
schoolisgood.com
zhanghongmei001.com
adelfi.info
channelweb.it
6ddd.net
webfordesignvn.com
pinoybrokers.com
chipmunk.puk.ro
howtoviewprivatefacebookprofiles.com
lomophoto.0513.org
tafel.pl
getwebsitevalue.com
ipolisa.pl
www.90xz.net
fraudar.puk.ro
www.italiancentre.ca
barcreativa.ru
kreativ-workshops.net
www.17sese.co
saschina.org
forum.deviantart.com
bsmail.in
roasso-k.com
muft.en.gongchang.com
apaczowe-ubieranki.pl
s.smhp.jp
bikesport.bg
merchandisingweb.com.ar
rogershelp.com
buxed.com
gz.58.com
nano-reef.com
lo2test.tk
fashioncookie.com.tw
arquideas.es
ghostgrip.com
speedysledder.com
trifter.com
luckart.pl
www.phny.cn
ns-support.com
chexing.net
3uz.com
arkusb.prv.pl
monicakenton.com
www.vegjd.de
polls.dailynews.yahoo.co.jp
dude.digart.pl
chaosmode.info
4193.210000.org
clov.pinger.pl
gamekapocs.hu
oquehubusb.3nc.info
hr.cc
jaslonet.pl
venina.wop.ro
delightnature.com
www.uu88.tk
eurogsm.ro
rollingbay.puk.ro
nancykeane.com
litabau.345.pl
china-citytour.com
lawlessamerica.com
bankersonline.com
www.9xj.net
gardenvilla.ch
seo-lab.waw.pl
www.gzrinnai.com
csqcgs.net
tenminutesago.info
www.avgirlinfo.com
granduncle.puk.ro
www.salvatidelta.ro
www.jimidao.com
shafts.wop.ro
5hk.cc
www.sexation.us
www.gzktwxw.com
wm2z.qiwen5.com
salonlepote.info
fsn.mobi
holistic-mindbody-healing.com
www.iphone-cloud.co.cc
www.xfuedu.org
ideality.pl
kadu.blip.pl
gosh.blip.pl
soloads4sale.com
6501.fyfz.cn
www.norenco.pl
geheimka.wop.ro
tolkiensarda.se
dream.pinger.pl
keralaindiatour.com
gagabox.blip.pl
zycierzeczy.pl
thatsme.in
sport.ebay.de
edu5a.com
www.fp81.com
yinxiao.net
smarterweb.at
davidlynch.de
www.xxx559.com
vpshostingforum.com
www.qsw11.com
myworldlistings.com
www.9177.org
4bba.qiwen5.com
gymnasttube.com
sz.zol.com.cn
akrochordite.wop.ro
msi.flog.pl
echtten.puk.ro
fanhui.cc
empikfoto.pl
uitdagin.puk.ro
www.aisege.com
www.musicsite.it
ns1.jiasule.net
autoridaddelconsumidor.gob.pa
66hh.me
evelinaa.pinger.pl
isport.blesk.cz
all.vic.sina.com.cn
ifra.wop.ro
bbs.d9c.net
kissid.ro
320kbps.org
gs24.pl
www.free001.net
www.haogen190.com
liuhe.tv
pullboat.wop.ro
cbclansing.org
magnesite.wop.ro
www.yjxnjy.com
dalzollsqg.freeblog.hu
chnp.wrzuta.pl
sanyparts.com
zenglegao.com
njure.puk.ro
rosejj.com
uaua.nfdy.net
www.dailyfinance.com
ewasteguide.info
peridial.puk.ro
www.wwq.cc
www.hscaisha.com
twojaprodukcja.kei.pl
studiomoviegrill.com
sammy691.hyves.nl
aleksandr-lavrukhin.narod.ru
371jiuxun.com
ventasbalss.ru
www.5678007.com
fondospantalla.com.mx
www.plogim.fnp.pl
office67.ru
dark.software.informer.com
www.aopengzuoye.com
www.wm115.com
lnit.edu.cn
www.hnhhmm.com
bed-and-breakfast-in-italy.com
palcraft.co.uk
howmuchisaminilaptop.7gt.info
k-msc.info
lowagie.com
san09.ru
jailbrea.kr
iyad.wop.ro
quiztaketraffic.com
www.w-w.so
mpoptavka.cz
iie.org
notebookwebsite.com
110book.ir
justwebvalue.com
sd.beareyes.com.cn
music.douban.com
seocompetitionreport.org
bako2000.pl
utro2.ru
sedo.210000.org
www.gcpu.pl
www.daliner.net
wbaiduso.wangzhuan555.com
movieslol.com
audiclub-kreis-bergstrasse.de
w100.wrzuta.pl
mqtbkmzv.bloguez.com
althair.blip.pl
hykjfpplu.blog.mongenie.com
anageimoveis.com.br
moguez.wop.ro
e-focus.ws
pulsara.net
grynet.puk.ro
comptiastore.com
supercanais.com
eshow365.com
colorguides.net
www.xmmw.net
amequn.com
www.31cao.com
gyfzgbdsfb.1168.tv
lifeclip.org
www.iii22.com
auto-locksmith-exports.com
shijiazhuangyiyeqing.6rj.info
puitis.com
sandisk32gbmicrosdhc.3ia.info
rawa-maz.pl
ddc.tarnobrzeg.pl
www.f5um.4f9.org
newera.com
mushitv.com
fotogarnek.pl
alegratka.pl
memory-alpha.org
hil.no
cadb.fr
pixozu.com.pl
a-cubed.co.uk
www.amazon.de
hotcoin.info
www.insecure.org
sportifo24.pl
swsm.blip.pl
po.st
alliancebank.com.my
www.97dxl.com
newlatestinfo.blogspot.com
www.onepress.pl
annuairetop.fr
imlemem.info
artbyteresa.deviantart.com
lr.ru
mukigens.puk.ro
imedia-ventures.com
www.883bb.com
stardoorparts.com
sovende.puk.ro
seamframework.org
uepoqiys.de.tl
socialstreet.co.uk
thecarwallpapers.com
olx.com.gt
monstar.fm
holosteu.puk.ro
iecpvkudrbpv.com
inmobi.co.jp
articleaccessory.com
mediatouch-online.de
leqingxiaoqu.soufun.com
picads.blip.pl
dycj.210000.org
tctc.org
823409.info
amazon-presse.de
praseodymium.wop.ro
silverjet.nl
fe.aiao.cn
yaoi.pl
feest-snorren-zwart.istats.nl
xboli.com
teemail.gr
mihonbai.wop.ro
casinospiele.net
manboobsauthority.com
atecdn.com
www.fenbaihe.com
chiphotographyofcharleston.com
hcgdietclub.com
www.shuiwushi.net
www.iowi.4f9.org
noaros.com
yoyoque.com
www.phsun.com
stellarassault.fsmods.net
www.88ii.info
builder.kz
jabyr.com
sl.qincai.net
ckdvd.com
www.siiiis.cn
frendice.hr
freearticleadvertising.com
www.airvek.nl
jungle.digart.pl
cafe.pl
hsxymc.com
www.hrs.de
pointrouge.de
www.lw70.com
e-review.tv
wizora.com
8hpp.com
3g.2h3h.cn
thesisthemestudio.com
xaradu.de
kyleroot.com
videla.ru
egroupware.org
qingting.org
m-ce.pl
deskat.net
drwafikalwattar.com
ewrite.us
canosign.com
newsexbook.com
www.miaogu.com
www.11baidusao.com
satoseitai3.blog.so-net.ne.jp
erarbeitung.puk.ro
ava8.qiwen5.com
www.bjsyouth.cn
www.gzf66.com
jed.blip.pl
mankotategal.sch.id
www.886tt.com
wo.cm
successus.dk
ania8642.digart.pl
graycell.ru
leoforos.gr
worstsportsinjuriesy78s.info
coloft.com
brothersofthesouth.pl
lhh.com
sbutki.newsvine.com
eccles.wop.ro
kave.tk
cve.me
furnitureonfinance.co.uk
kqrt.info
modi-auto.com.cn
cnipr.com
dehiwala.net
enthusin.puk.ro
webnhanh.vn
chaoyang.bgo.cn
bg-rose.at
www.hongboxin.com
mangaryu.blip.pl
babycake-hilden.de
rahim.pl
3w.guizuse.com
techblogbiz.blogspot.in
jaalergik.pl
rujiajiudian.11766.info
www.jiemawang.com
dav-plauen-vogtland.de
www.ntjzq.com
zeiljachthuren.nl
sakura.tv
hc433.com
www.uromastyxforum.com
www.6846.cn
spelstal.nl
www.actiview.de
www.pesthuyspodium.nl
ratsit.se
freshlook.asia
novoimperioimoveis.com.br
investingingoldoq5.info
mzt.zj.gov.cn
lithuania.co
youmi.net
awera.puk.ro
www.tatalp.cn
www.bpc.lu.se
neetkaa.flog.pl
pesymista.soup.io
mykitchen.bg
jx.273.cn
kolow.com.pl
ntvsports.jp
yc3x.cc
modernlib.ru
omskmap.ru
best-home-rate-refinance.com
crystalina.blog.so-net.ne.jp
xjxahla.com
bohdan.info
nonkes.puk.ro
6ltf.qiwen5.com
jarnvag.puk.ro
www.biofacts.nl
djscene.lt
bookmarkingwebsiteslist.info
sbookmark.net
emiliaw.blip.pl
yl.1039.cn
franciabulldog.net
namonaku.wop.ro
myhentai.tv
download-twista-ringtones.blogspot.co.at
7886.tv
bestpay.com.cn
tubara.puk.ro
piluli.kharkov.ua
teensexdream.com
prink.it
alekoncerty.pl
unitn.it
www.ka7a.net
ukapu.org.uk
badziu.digart.pl
21directorymis.info
zirve.edu.tr
mollyrustas.se
shtvu.edu.cn
www088.com
bestified.com
dejectedness.puk.ro
www.elmastudio.de
jl.1775.cn
fuvest.br
theextrememarketing.com
biurowirtualnewarszawa.pl
www.sport.ro
suwon.ne.kr
car365.org
carnivalclicks.com
nhacpro.info
dotrack.info
rrrppp.com
www.86ssss.com
www.zsxy.gov.cn
sexycriollas.com
astraaal.pinger.pl
reefsanctuary.com
www.fanghu.biz
www.jxdtgy.com
ingatlankorzo.hu
clubpoint.com
lazona-kawasaki.com
www.2tansuo.com
sb.ge
fc-mado.com
wowy.pl
eastafritac.org
japonka.pl
blisshabits.com
www.kokoholidays.nl
www.com3721.com
6565.3199.cn
dilemaveche.ro
tiberclan.webs.com
freeweblinkdirectory.info
prounionrp.ro
top-40.startpagina.nl
tahmorra.digart.pl
arrienvanderlaan.hyves.nl
pluche-kattenpakken-kinderen.istats.nl
mynextcollege.com
prioraet.wop.ro
penchi.jp
intheworld.com
wholesalecellphoneac.3vi.info
satdy.info
chiaro.wop.ro
magnumium.digart.pl
davidunited.digart.pl
orkugifs.com
spikes.wop.ro
lapy.pl
bagtjuh.zoom.nl
1gr.jp
www.zxxbc.com
mybbstore.com
vistastory.com
artsboston.org
enass.info
www.kubirt.com
zskc.210000.org
bulex.blip.pl
www.tqdkw.com
r1ia.210000.org
ktcs.co.kr
mbunix.wop.ro
dftw.265link.com
inkjetart.com
x6.xclicks.net
voievodate.ro
bakersfieldbug.com
wwtx.cn
papierhe.puk.ro
cio.de
www.wfhyfrp.com
concours-facebook.fr
qipai.211600.com
www.y1923.cn
bunkry-tof.xlx.pl
www.zhangui123.com
it-cp.net
10x12-rug.blog.hr
padmag.cn
melone.wop.ro
www.mainlead.net
book.hmz.cn
m1.510gc.info
tizo.blip.pl
www.starbaby.cn
bookmarkball.info
iansomerhalder.pl
studiomorphic.info
yiwl.210000.org
banoosh.com
latest-autoreviews.info
organikhit.net
www.3kvcd.net
azfsi.com
nn.gxrc.cc
aitikens.puk.ro
pisalike.cn
nlqiniwno.freeblog.hu
ciddiask.com
darwincentral.org
tuvater.com
robkio.digart.pl
www.jianzhanzhe.com.cn
ormafa.hu
rambia.wop.ro
alvino.puk.ro
advenediza.puk.ro
www.vvgi.nl
elliottdavis.com
www.xinzhou.org
puxy.nfdy.net
djbagado.wrzuta.pl
zhaoqingsu8.fdchs.cn
cleanet.org
binhduongbds.com
uu97.com
slupsk.pl
life-stream.it
www.j2.hk
kulinyamka.ru
cdknusdbkq.blog.mongenie.com
esprit.fr
hpa-pod.org
www.lyjk3.com
motoricerca.info
wamoodle.org
tc-1926-derendorf.de
gkcx.zqbe.net
bollywoodlatestnewsandgossips.info
antarctica.ac.uk
hiperlegal.com.br
extremklettern.de
vividvideo.com
casemodbr.com
iwebdirectory.org
www.ichman.de
northwest.is
edc015.info
somfy.com
directoryfile.info
certech.co.za
www.xhrsjs.com
jukeforums.com
mindigtvextra.hu
costaricacloseup.com
votesocial.info
www.oaeach.com
eitx.265link.com
jodenkinderen.puk.ro
oldtowncanoeshop.com
apple.bloks.cat
vioset.com
securesoft.info
traumaticlesionsbraindek.info
smpn7bgr.com
fitdance.info
www.aoxingguanye.com
parking.ba
whatscripts.com
skyventure.co.kr
edu54.ru
7292.nfdy.net
ksu.art.pl
zthfit.com
www.38qingse3.com
abgaberaten.puk.ro
nusaduahotel.com
sowam.flog.pl
footballweekly.jp
walrod.wop.ro
netcoo.info
www.xchuizi.com
www.psisz.panasonic.com.cn
travelguide.com.ph
sw.hcvt.cn
okpo.ru
coban.me
nonerotic.puk.ro
tradeatlas.com
nakupovat.sk
www.hainanmr.com
feetschan.org
jacksonsnurseries.co.uk
admin918.com
sebw.nfdy.net
info.pl
nlprc.fyfz.cn
screwvids.com
www.sochor.cz
eatsmartlivehealthy.com
www.caosaobi.com
fenglintianxia.soufun.com
shanu.info
corian.cn.china.cn
11sasa-820b.tumblr.com
scottcrumpabfn.ning.com
etutienda.com
gs.189.cn
girighet.wop.ro
groparu.ro
babysittersinmyarea.info
tousokuh.puk.ro
www.natpol.pl
beneqs.digart.pl
920807.com
www.fake-coach-bagsale.com
survivalcenter.us
www.sujiali.com
cfi.net.cn
www.866.com.cn
www.ashld.com
joysflair.com
www.cfxy9.com
www.fy1069.com
skalnik.pl
szekszard.lutheran.hu
www.cflx.net
mall.371.net
daystarproducts.com
www.kkbzw.com
swex.de
flashseats.com
www.eecyd.com
wealth-4-all-team.net
manfreds-welt-von-abisz.de.ki
www.lyjk8.com
helpdesk-online.net
zgz93.com
blox.pl
www.sjnx.cn
globalshop.org
517na.com
guffen.wop.ro
obikidas.wop.ro
maclatino.com
solero.wop.ro
woodsonmerrell.com
uk-racing-results.com
turksecurityteam.com
summitbank.com.pk
rockstarpix.tv
macieke.blip.pl
3gsoft.tech.sina.com.cn