huangchuan.co
carreleurs.puk.ro
88xs.15852.com
www.iryd.pl
aaconnection.info
yuluqi.cn
genetics.ac.cn
hyoukayo.puk.ro
abjectes.puk.ro
collinor.de
phonecardchoice.com
glib.wop.ro
nslizhi.com
gaixinhvietnam.info
comprenne.wop.ro
kartyajoslas.lap.hu
www.0606.cc
beauty-cosmed.com
theilest.puk.ro
digissofts.com
www.deppon.name
barwn.pl
cwch.xsyu.edu.cn
ophtalmo.puk.ro
qrpradio.com
aconet.it
ceuel.org
inselgeb.wop.ro
brzozow.org.pl
ainix.co.jp
christmaslightscompetition.com
vip.7cl.cc
excellentarticlesubmission.info
hiperlegal.com.br
sitelinkbuildingservices.info
tjana-pengar.nu
c.lexun.com
84777777.com
heimatwe.wop.ro
cumbu.com
annuncilavori.it
koblizci.net
pc580.info
mayaweibel.ch
fondes.wop.ro
wiederse.puk.ro
davidbutcher.info
microscopical.tash.hypersensuous.deliriant.wwwwww.wop.ro
cartridge.co
admartinator.de
www.jo186.com
happy-sex.at
www.kasifx.com
coreydp.com
ilikefun.de
chicosabetudo.com.br
shop35774262.taobao.com
www.cloudleft.com
mor4cesperformancemarketing.com
red-tie.com
www.72tx.com
date-up.com
www.she88.com
gamespace24.net
www.gzfotile.com
adultscriptpro.com
noches.pl
orph.nfdy.net
aqua.tokai.jp
bridal-souken.net
xeres.wop.ro
sirs.com
parkanex.pl
jingpinnanmu.com
mojblog.hr
autoclub78.ru
domomladine.org
www.letop.be
locir.org.pl
www.200.com.cn
ds.dnfa.info
bbs.suzhou.cc
oozex.com
kuang.wwwwww.wop.ro
www.fpfs.pl
www.polimex.cz
kyo.cc
hyundai-i30.it
kas8.digart.pl
massachusettsshortsales.info
qqcw.tk
domingo-savio.edu.pe
aresdirectoryresource.com
damoney.ru
49gsm.net
www.fosongci.cn
mctony.wrzuta.pl
myiptest.com
www.cftyj.cn
1000fbfans.info
www.hzkon.com
www.jutaogu.com
shop45473.tbhui.com
gongboa.taobao.com
tron-sector.com
compusoft.co.in
muitaoferta.info
boscarol.com
redham.ru
sviti.wop.ro
k-leaguei.com
montagelagunabeach.com
natboard.edu.in
umold.meteo.pl
moirecepti.mk
www.koderi.cz
eranzi.com
jnjmed.co.kr
php5.cz
www.strv.is
insertgt.com.pl
gumis3000.flog.pl
wap.023799.com
sartacion-jp.net
cleanharbors.com
magusia30.blip.pl
qqaqlhoh.typepad.com
gehuiverd.puk.ro
articlesguru.com
zaufanatrzeciastrona.pl
itls.jp
harga-blackberry.web.id
encoveronline.com
4444kk-823a.tumblr.com
jazzlog.blip.pl
sobmark.info
neiro.wop.ro
www.fengquanfq.com
621r.k3y3.net
baruch.puk.ro
bbgaleria.hu
technologymarketingpartners.com
blackoro.com
austincollege.edu
dinbaghave.dk
juepinxigu.taobao.com
beirobot.com
ululu.in
66.hk228.in
ibarra.gob.ec
chugokugo.biz
red.es
isobyglilg.freeblog.hu
phoinikas.com
inext.us
www.info0.info
jatekokautos.info
ingame.co.id
chongchuang8.sdthsk.com
telovtelo.ru
www.huangshantea.cn
ironfist.pl
666bukkake.com
adobomagazine.com
lovespot.ro
gdus.net
tel-web.it
cewk.265link.com
atkinsstephen.tigblog.org
xsg.ledu.com
atmarkjojo.org
atlascopco.be
www.spdesign.pl
www.tensmak.pl
raucid.wop.ro
designgraf.pl
sckfp.com
manomaman.com
appsforandroid.webs.com
mmlf.nfdy.net
flashinformatique.epfl.ch
hypotheekrente.nl
www.brightconnection.org
0951fk.com
blin.puk.ro
bookmarkicononline.info
www.chrysler.nl
2011.focus.cn
fulek.natemat.pl
goodten.org
fes.apbank.jp
www.shrtfj.com
woodbywy.com
qiunanqi.com
ksdd-klub.si
mecunet.org
everestnews.com
www.lynets.net
tousyo.wop.ro
easyguide.de
www.qjedu.cq.cn
071magazine.pl
quarei.it
80st.org
www.ssxx.info
cuisine.com.ar
rubylearning.org
facemrecords.ro
www.583idc.com
backarticles.info
sconfini.eu
baselineresearch.com
chrisfugiel.pl
galanura.puk.ro
pisaki.digart.pl
lagatka.pl
justyna1281110.flog.pl
cdyy007.com
kjsc.com.cn
infonegocios.info
icamtech.com
de-club.com.cn
ilovetumblr.com
bracafbank.com
book.hmz.cn
homezweethome.info
fajatek.lap.hu
vhsl.org
mafors.ru
marimari.info
itk.fi
alusshop.com.mx
www.pace.edu
angrybirds.fad3.net
ajada.wop.ro
gadelwap.co.de
neustar.biz
www.topclanky.cz
fat.lk
nokia-e52.pl
www.taodaoni.com
planet.dokuwiki.org
makevrndavan.org
z231v.eet88.com
bakcynalia.art.pl
salademaquinas.es
mis.ielts.cn
www.hq52.com
news.money.pl
www.73nnn.com
spanherres.nl
www.jieyitongtop10.com
xshell.net
ahjtxx.cn
grupoazul.nl
e-commerce-hamburg.de
stantonamarlberg.com
thesearchagency.net
enrichyou.info
unity3d.cba.pl
mvm.si
ands.dz
ghafla.co.ke
pueblosmexico.com.mx
inmoment.ru
salesforce.it
www.rian.org.cn
tripadvisor.dk
weightwatchers.nl
www.chunvdy.ne
www.teta.com.cn
nbc.org.kh
www.baidugoogle.org
ilqut.com
goro196.wrzuta.pl
trabajaenelbcp.pe
dingu.wrzuta.pl
www.qbvv.4f9.org
www.diskynaauto.sk
mhsz.nj.focus.cn
chsou.com
adultfriendfinder.com
saigaich.puk.ro
kncu.qiwen5.com
stynka1.pinger.pl
codeclub.org.uk
elosdoamor.com.br
pipelinersales.com
www.job.nl
www.coinnet.cn
actualizatu-nod32.blogspot.com
garnir.edu.pl
eduworldwideindia.com
movie.xunlei.com
lepape-info.com
unconfuted.wop.ro
preektranten.wop.ro
murza.wop.ro
www.flll.net
gaytubepremium.com
wealthcreationmelbourne4jf.info
foxclub.ru
www.gbbbs.org
postloop.com
hunhir.info
yese.us
www.fashion-click.com
darwincentral.org
aboutg.net
jonesean.com.pl
gnaj.210000.org
ebonyblacktube.com
baidaiap.taobao.com
mapidian.puk.ro
honingzoete.puk.ro
securitynewsdaily.com
gearmac.tumblr.com
asn.groups.tianya.cn
join-true.com
yoretime.puk.ro
crowcas.com.pl
pimpelt.puk.ro
gwrrakyv.org
mpadmin.info
www.amsups.cn
seocompanychandigarh.com
360fdc.com
computer-directory.org
dishtamilonline.com
white.software.informer.com
6979.cc
sexdategezocht.nl
torrentz.org
ewsite.co.nz
ubifeel.com
bbs.cc369.cn
sfujbqsfmcsu.com
wru.co.uk
nadineundmichael.ch
biuroprasowe.blip.pl
emegami.com
betterproductadvisor.com
linkattributes.info
mobkut.com
ultimoparadiso.com
inspiraonline.com
scrollava.puk.ro
betterlivingwomen.info
investfunds.ru
www.rfqy.org
europeanphoenix.com
cheer-ann.taobao.com
pink-drink.pinger.pl
www.58cccc.com
sheaupvodh.blogdetik.com
qbzz.com
animalporntube.org
bbs.23dopod.com
cz.taofang.com
www.yihushixi.com
rocknroll.ee
zsc.ysu.edu.cn
anemon.pinger.pl
downtownhost.com
iranserial.tk
qingting.org
of.ru
nulalighgolf.page.tl
pursesandi.net
abovethefoldbook.com
bjzzw.cn
kinderboeken.blog.nl
gdywstecz.blox.pl
bbs.sqee.cn
3xiao.com
movemediaproductions.com
ayanet.es
headwinds.puk.ro
rain-mail.ru
bartekft.digart.pl
joshcoppins.com
buyqube.com
huichunruyijn5f.1168.tv
64ze.lizhidy.net
xx.58.com
www.seeho.net
tui-guang.net
fun-action.at
carzsjvb.blog.mongenie.com
bundeskongress-partizipation.de
s.job5156.com
xinytt.com
modrzew.blip.pl
euamodesign.com.br
www.pdsfdc.gov.cn
qvod.joke.joy.cn
krono.blip.pl
guihuaxiang.com
bewinter.puk.ro
disserr.com
linkshunt.info
pisu.digart.pl
www.tu.ro
aszt.4399.com
product-life.com
www.185115.com
pjm.cba.pl
alqad.info
americanhighwayexperience.com
wennigsen-deister.de
www.8972dy.com
dinamalar.in
tyngdekraft.wop.ro
bielsko.pl
7475.cn
tenables.wop.ro
www.strefatukan.pl
fzpfw.78.cn
banglebishopbooks.com
craigslist.fr
hack4hell.in
ce-resources.com
4444kk.diandian.com
tvaz.nfdy.net
malta.flog.pl
centroradialhn.net
schock.dk
weider-24.de
armstrongtownhomes.com
o-g.cn
taiclobervir.blogger.hu
samochodowe-ubezpieczenia.pl
akmagaza.com
appartement-kwaalburg.istats.nl
www.gxbxxh.com
www.olx.com.ni
livesocial.info
www.hdsz.hu
koszyka.pl
anzeigen-net.com
umk.ac.id
tattooartists.org
z-wiki.com
podlasie.pl
www.lvcai.biz
aio.sk
jsconf.us
aoi.mangowe.pl
lianyungang.travel.mapbar.com
www.yq920.com
wm92.265link.com
teklaplus.pl
rpgdl.com
esd-cd-6704.com
live.xes.pl
ebook8.org
4kbbs.com
centurion.bb
jessicapayne.pinger.pl
www.yuej.org
gracemontclair.org
ilger.it
josias.sattelsc.schwangeren.organisiere.wwwwww.wop.ro
tahminler.com
aiqisoft.com
liuyi.co.cc
www.yyy46.com
fuhenpat.puk.ro
jutaowang.com
clixseo.info
sitebookmarks.info
realestatemelbournet28p.info
hotmasalaboard.com
dayamana.digart.pl
www.5252m.com
pinexbank.com
domaingoat.com
55ds.com
actmyself.com
37eu.com
tempauto.ru
ak5d.265link.com
5253.fad3.net
riedon.com
rush.wop.ro
simdepdalat.com
podkarpackapilka.toplista.pl
www.tiaozhiji.org
mail.cdshell.com
sports-directory-submitter.info
alumni.umc.edu
www.4namebrand.com
pojiekey.com
sunchaleshoy.com.ar
ramuda.wop.ro
mutter.wop.ro
bbs.d99net.net
humyai62.info
purdue.edu
sweet-treasure.pinger.pl
ouf0.qiwen5.com
rucks.wop.ro
merchang.puk.ro
voile-toile-ombrage.com
blutheran.org
jqpj.qiwen5.com
5tsb.265link.com
kodesekvens.wop.ro
www.kukud.net
sportozona.lt
455rt.com
www.scopsr.gov.cn
www.orai.tv
carka.digart.pl
hewijustcrew.ning.com
lotosaudio.ru
www.33dyw.com
anmoltv.info
fhw.gr
91wen-0ya308.diandian.com
nanfang.tatazx.com
matine.blip.pl
diecast-aviation.eu
top-40.startpagina.nl
itbites.com
miltonbayer.com
sra.in
bestfilmy.pl
mandavan.wop.ro
nic.net.sa
hejnet.pl
videosexe11.info
wdrv.com
xxxfilms.jouwpagina.nl
askellogg.com
dinkholdermuehle.de
www.aytys.com
indn.nfdy.net
adlszmfnat.uintu.com
blogaid.net
presidente.digart.pl
moviezddl.com
frank-teens.com
autoatlanta.com
airjordans-for-sale.net
archesite.ir
edoj.265link.com
runthedeuce.com
archadia.co.uk
braam.wop.ro
plucaeuropy.pl
biznisliga.info
comyr.com
dramatvseries.info
lovesharers.com
cigarinspector.com
findbook.tw
redirect.simba.taobao.com
toateblogurile.ro
mondolowcost.net
mlgdzx.com
goyx.qiwen5.com
mein-hinterland.de
greggshotwell.net
zhdy.ru
www.gogo.mn
kn11q44.diandian.com
radiohamburg.de
traffictactics.com
betek.info
tryllede.wop.ro
www.139ee.com
baoguan365.cn
znaj0ma.digart.pl
dalmans.se
olawa.pl
www.xrtkw.com
ukex.qiwen5.com
www.tiyu.cc
acii.digart.pl
somtajms.digart.pl
simpleme.digart.pl
ogiwara.wop.ro
dibs.se
battleknight.us
cyousyou.wop.ro
culturamoronasantiago.com
hekko.pl
yx.k6h.cc
cslink.cz
niagarafallslive.com
manualedereparatie.info
camera-le-nse.info
fida.jp
askmoxie.org
www.717.so
jlpt.jp
10010baidu.com
web-directory-australia.info
csd.pl
bajoran.puk.ro
15.ywsw.org
bedsideapps.net
matus-leather-highbak-chairs.do
farexpo.ru
archidiecezja.wroc.pl
smerra.fr
joviniam.wop.ro
www.cccxp.com
activevideo.com
acnenomoresecret.info
zefirrr.digart.pl
c1521.fr.nf
lchfklubben.se
sendest.wop.ro
digartson.digart.pl
asklinks.info
pvkyyo.diandian.com
fontanot.it
enrudecer.puk.ro
xixihuafu.com
ways.nfdy.net
childrenofpokot.org
www.0473w.com
7days7nights.tv
nonslipp.wop.ro
nifty.com
totalsportsmadness.com
chernerchair.net
myprosper202.com
tefl.scujcc.cn
xain.265link.com
indianspeaks.in
www.msbn.tv
capitaloneventure.com
dvdverkoop.com
hestafrettir.is
nightgrow.info
tivi.pl
galamboshintok.hu
arenaconrad.tigblog.org
zaomengxiyou.3839.com
slonkowa.pinger.pl
bodzio1.blip.pl
allianz.pl
www.lansz.cn
geekberry.net
fuhei.net
cyemen.com
guezit.biz
neuelisterott.de
sevensummitstrader.info
www.fangshen110.com
bookmarklead.com
boxedcss.com
acbcecgaf.co.cc
www.mobpub.net
nn.xdf.cn
mochizuki.com
www.cf163.com
jinanstar.fdcez.cn
atoato.pl
hgmc.ru
www.uavto.pl.ua
6a1.info
ozqy.qiwen5.com
www.60840.com
karmelowy.digart.pl
tools.360.cn
mnpo.ru
harenet.ne.jp
djyy.net
www.sjzxyw.com
securitymag.pl
08wap.cc
www.jsq99.info
newsyemen.net
sauta.wop.ro
www.yeniheyat.biz
www.608hcyh.com
aumshantih.net
stopie.komunita.eu
rz-www.sd.cninfo.net
prstatus.eu
qmq.78.cn
gallery.ihiro.me
www.peiwen.net
hostvideonow.com
healthwaywealth.info
www.847313aaa.com
hcc.nl
omywiki.com
conferee.puk.ro
www.zsess.org
monikkak.digart.pl
algarve24.pt
dimondchanel.info
ntlf.0513.org
qiuzhang.org
hao.b2b.cn
1000months.net
gamewind.de
couponsherpa.com
www.80banjia.com
www.66ll1.com
anda.jor.br
kapsalontabak.nl
proficredit.pl
58xx.info
cpxx.cn
www.zgqh.cn
skst.us
www.dichvuvisa.name.vn
bat3403073.huijucn.com
dkeyy.com
lanei.soup.io
www.51plain.com
www.glvenus.cn
www.arbitr.az
www.goinphoto.cn
tomnieboli.pl
admin5.asia
glq88.net
coco-sta.com
northwestonline.org
sesexxx.info
rp5.ro
www.kaisuo110.cn
dieticiandegreeonline.org
giacaphe.com
www.trafftrader-team.com
complex.com
mai-happy.com
dragonbookmarks.info
papajogos.com.br
a.34ls.com
blog.jajcus.net
999.cc
auto55.be
dq9.org
albanyhomezone.org
gladless.wop.ro
milos-djacic.info
sanczczoklepa.digart.pl
wizardli.puk.ro
honigzeem.safetyin.babuism.wwwwww.wop.ro
gb28.net
cometogether.it
garconne.digart.pl
zbyszek.flog.pl
epcyclopedia.com
lqzk.nfdy.net
teawchiangmai.com
www.a636.com
frenchentree-languedoc.com
0898.okok.cc
avernus.puk.ro
pps.7k7kddt.info
www.13969818605.com
www.51vanda.com
www.ckdc.net
astroadictos.com
striepersgatsehofkapel.nl
sns.zsr.cc
rapnuty.pl
bianxoo.pinger.pl
kak3.210000.org
apweb.fr
chitgoks.com
www.argus.nc
aotenjou.hananoir.wwwwww.wop.ro
aseba31.digart.pl
glade.gnome.org
zurba.wop.ro
ergx.nfdy.net
akzent.wop.ro
3zitie.cn
pinkfacebook.com
studio878software.com
emprendedores.name
mefistosoft.pl
kaffeine.digart.pl
mankotategal.sch.id
porn-cum.com