ainone.com
bxov.k3y3.net
radionet1490.com.mx
clubmujersinlimites.info
www.eglifix.com
nhcp.zjol.com.cn
www.dy12.net
shiouti.puk.ro
www.uniwag.pl
shizuokaonline.com
www.barexpo.cz
moziverzum.net
verspil.puk.ro
disfatta.puk.ro
clearinternational.org
notifiers.puk.ro
www.baltazar.sk
www.bbyy120.com
ulunix.cn
soleyn.puk.ro
domstolen.puk.ro
aluw.nfdy.net
golfinformationblog.net
www.29ui.com
bostwick.puk.ro
qiunanqi.com
optomagt7003dgametim.3jx.info
cuni.cz
ingrid-bakker.de
aggiornamentorls.it
www.946.cc
www.mfu8.com
spanknet.info
www.wjmu.net
www.22renren.com
stubbornella.org
groony.com
tv.bild.de
www.cnhtcpurch.com
bramage.puk.ro
bookmarkhove.com
www.shafa021.com
code-snippet.co.uk
www.302s.com
vannonces.fr
vdk.de
koala.it
www.4pyy.com
www.8so8.com
s.jl2.cn
www.xfuedu.org
musicofoursoul.com
www.allget-jiaju.com
www.35941.net
scgc.99114.com
tianjinzhongyangkongtiao.info
www.dzxlxj.com
gsxrfans.hu
www.greenchem.lu.se
www.haolehui.net
jpsis.com.ar
sunsweet.info
6hpm.net
www.dg12315.com
ydvkxzbqds.freeblog.hu
perth.usconsulate.gov
rekom.ru
xc.thsk.com.cn
reverseinternet.com
finderia.com
mipid.blip.pl
huazhuang8.org
78v.com
www.zmqingjie.com
wdde.info
www.wealth758.com
spccard.ca
abax.cz
onlinehealthtips.net
amarth.wop.ro
hawaiiathletics.com
ww.winearth.com
www.olx.pt
www.itdsy.cn
www.13845187698.com
jpegclub.org
www.1510.com.cn
saifutong.com
asocialnetwork.co
torridart.com
u.to
puiserio.wop.ro
wap.t7zl.us
die-staemme.de
emergenzeonline.tv
www.saoxue1.in
opendi.lu
clipart.software.informer.com
onebigtorrent.org
unduetre.com
site.8684.cn
www.sckeji.com
georezo.net
maishu.org
truskawkowo.soup.io
servindi.org
1800scales.com
stockbee.biz
stone365.biz
zehx.k3y3.net
tuccycle.org
www.hsc2.4f9.org
www.lutcte.com
getyourbonusgifts.com
www.enfedu.com
vivre-mieux-etre.eu
chicagofree.info
dnf989.com
rubberdoll.net
dangbb.com
makelaarsmiddelburg.goedbegin.nl
sentraegold.com
radiophoenix.jp
tollgard.co.uk
weblinkmarker.com
www.dentabo.hu
c.4ssss.info
sfzcs.com
www.wcsjcl888.cn.alibaba.com
gotowe-projekty-domow.pl
www.taobben.com
www.5ka.pl
gymlondon.org
indestructibledeskjockey.info
megahugelinkbuildingdirectory.info
jyj.tongchuan.gov.cn
kms.dk
incom.vn
www.rinkel.nl
truj.puk.ro
www.dgxinshi.cn
yayco.info
www.jhchangkong.com
blogplay.pl
yzjhyy.1168.tv
www.wwww.76me.com
punidora.wop.ro
muell.wop.ro
freedownloadtemplate.com
zt.b2cf.cn
sponplat.puk.ro
tviscool.com
japaneseavfree.com
rederecord.com.br
www.sd-seo.org.cn
mm.xsdxw.com
www.niwat.org
www.cdasy.com
vhsl.org
threeinsights.net
666749.com
urlaubstours.de
jjfenterprises.com
zyswcx.c.yxgz.cn
www.marine-e.co.jp
chinaprint.org
tgm-capital.info
changeda.puk.ro
propagluti.blogg.se
jnoonn.com
hunter2.software.informer.com
rmtj.net
zertruem.puk.ro
nhanhoa.com.vn
paytachok.ru
www.jogositvanyok.hu
freelyporn.com
amrod.co.za
gardaexperience.com
okwap.us
rantsports.com
poiskovik.tv
jacekgram.wrzuta.pl
e-earphone.jp
thepalmshotel.com
fen2-97a.tumblr.com
thehamner.org
larswegink.hyves.nl
www.zcwh.cn
westvirginia.usa.tigweb.org
www.3adyw.com
mczsz.pl
tomaszgolonko.natemat.pl
ighd.nl
rkqr.265link.com
www.festo.hu
all-star-hockey-players.blog.hr
www.bagnicatainin.it
gblocker.info
www.dbglw.com
koutsui.wop.ro
www.zngay.com
www.newmoonhotel.cn
cq.ya-k.com
winscrabble.com
liumangcf.com
hotspot-locations.com
www.daja.net.cn
getpaidtomoney.altervista.org
jnpay.net
www.elmastudio.de
trezv.su
ramada.com
die-geschenkidee.de
fengbiantiao.cn
www.tantasalute.it
www.gzbangyue.com
www.hibinzorg.nl
bb.51yyzc.com
guoxiaolei.xiaodoutao.com
arrugia.wop.ro
www.chinacloud.net
numoo.co.uk
simplydir.net
www.jyhi.net
aanloeft.oomorina.smeltbar.thermochrosy.sondiere.wwwwww.wop.ro
matesfind.com
hao144.info
mazan.prv.pl
clickmeeting.pl
malachitequills.webs.com
campeon.gr
anfritz.de
sonnenkraft.com
leanature.com
articledashboard.info
movie-torrentz.tv
act.sg.com.cn
misssocialnetwork.com
www.lcd365.com
wwww.minpad.net
baluches.puk.ro
www.allincluded.nl
bigpigs.org
anobis.ir
www.afailure.tk
trafficdynamite.com
kakuzits.wop.ro
feestwinkel-egmond-binnen.istats.nl
59121.info
searchles.com
balzando.puk.ro
bandjela.puk.ro
bangladeshi-sex.net
banghy.puk.ro
www.keshi.co
stanleygibbons.com
teampromote.com
publiceye.org
protrept.wop.ro
www.gd.xinhuanet.com
vinfolio.com
enjoyflmag.com
6xaway.com
lessonslearned.co.uk
nowdirectory.co.uk
a-web-directory.info
fusione.info
admin918.com
rougharticles.info
club312.info
horrorbid.com
germanysucks.info
mondgras.de
nzzexecutive.ch
tcpalm.com
cooh.pen.io
www.tysse.no
digitalconqurer.com
www.a888.info
tongji.chinafeed.org.cn
fairies.artpassions.net
oxeo.pl
essexmax.co.uk
dollardex.com
zfdt.nfdy.net
authpuppy.org
dr138.com
earncashwithbusinessebook.info
veho.qiwen5.com
www.ylyxw.com
kfa.org
tuecommerce.es
qh.189.cn
www.yte.co.jp
merinero.usifuuhe.wwwwww.wop.ro
eurodata.com.br
criminal-info.com
prudy102.flog.pl
www.algahirek.hu
soku-deco.jp
383961.com
www.njtgz.cn
tplus.89.pl
5967.eduol.cn
www.6yyd.com
westmeathsports.ie
www.xinxiandai.cn
label-park.de
hc.pilesask.com
www.guule.com.cn
www.trjeans.net
gegegan.com
www.senvgo.com
www.hylasverige.se
www.xiaoyaxiao.com
freepricealerts.com
www.sportabars.lv
mymichiana.net
igotl.com
nkik.265link.com
themistyedition.com
pig-up.de
valait.wop.ro
internet-business-startup.info
oney.fr
svinki-ekos.ru
huntermvptraining.org
feardark900.webs.com
c.viavoordeel.nl
desteptarea.ro
www.31zs.net
ukyaku.com
brazzer.org.uk
sxutcm.com
portalpwc.com.br
cyberlinksr.net
juancong.com
plcf.info
vannetukku.fi
womenfreebies.ca
taipeicycle.com.tw
farly.wop.ro
hydrangeaceae.puk.ro
ranking.pl
kk55kk-a.tumblr.com
hchan.deviantart.com
maguer.puk.ro
www.debraak.nl
rfpattorney.com
feestwinkel-purmerend.istats.nl
ygwg.in
oplas.wop.ro
bartkova.ru
smrc.cc
pcsoft-windev-webdev.com
protisto.wop.ro
sciacque.puk.ro
afkuierd.puk.ro
sebko.flog.pl
socialbookmarkingmarketingtool.info
qzap.210000.org
ayegear.com
wsb-nlu.edu.pl
taniedlugopisy.pl
ureplicawatch.com
scooterforum.no
ankwe.wop.ro
usphrmcy.com
subgenus.puk.ro
webjunction.org
a-ya.5d.cn
ecstacy.wop.ro
asaro.wop.ro
www5.pidown.info
kk55.net
ccoo.cn
www.rorace.ro
hi668.net
ulju.210000.org
justinonline.info
wuhan.bwxx.net
sunbrella.com
www.channelsoft.co
www.o591.com
www.salemarkedcards.com
dance-life-tour-2008.tvcom.cz
genglou.zj.com
lo2test.tk
locals.wop.ro
557k.com
www.profeo.pl
www.gxyjkwj.com
uveret.info
radiostacja.pl
directoryinclusion.info
www.usg-3d.pl
xn--gewinnspielknigin-b0b.info
broadcast.uk.net
libros.blox.pl
doormagazine.info
nazghrun.com.pl
videomedia.info
zhonghuan.sh.cn
althoztorg.ru
sankeys.info
picorer.wop.ro
talents-r-us.com
321ww.com
hanxuan.3355.cc
www.5yy.cc
fc-zenit.ru
linkevent.info
goldwave.ca
versalzend.puk.ro
precisionbillet.co
diariomundo.com.ar
tnfront.net
olavobikers.info
utazas.jatek-online.hu
socialbookmarkservices.info
www.zxyy.cn
trst.me
netfugl.dk
chiapas.puk.ro
suxiaohaochangw.1168.tv
haidea.wop.ro
albyl.wop.ro
livingtodayforward.com
dcsgttsfwj.freeblog.hu
snapperzsteambar.com
nbmm.cnbb.com.cn
truereligion-jeans-outlet-2012.info
glenne.wop.ro
verschni.wop.ro
www.sbwire.com
dracon-85.hyves.nl
rhtdcchjraacc.blogtrue.com
vht.com.vn
negishia.wop.ro
linkjobs.info
www.543xx.com
sro-mosk.ru
www.hfbj88.cn
webankieta.pl
cage.nfdy.net
guzolka.wrzuta.pl
dby.jp
angeles-city.ph
plakaty.blox.pl
www.kzfj.net
naveen.info
pctbp.org
www.966yx.com
1stkent-dating.co.uk
carrollu.edu
inzinken.wop.ro
ikea.com.pl
redcrossracing.com
casinodiner.pl
wxrf.265link.com
neirong.funshion.com
argos.ie
iglesia.net
pawelzalewski.natemat.pl
yaransk-deti.org
ptlegenfhj.freeblog.hu
boobe.puk.ro
wishlist.com
drummat-voor-kinderen-258.istats.nl
serif.wop.ro
ontournet.org
raisowna.digart.pl
www.tangrenf.com
jnmh.net
gulasoft.uw.hu
linkbaby.info
258.tw
guangdiu.com
net-lab.net
gbs.com.vn
bugan.puk.ro
socialkindred.com
ihipop.info
the-home-brew-shop.co.uk
drexel.edu
sezhandaohang.8bit.at
guarnieri.com
biurowirtualnewarszawa.pl
americatube.com
csustbbs.net
jccug.net
mispicaderos.net
makeavoice.com
offerta.se
buyfacebookfans.net
klubwodny.eu
palitra-vkusov.ru
qask.me
delta.fi
eed.eg
piepjong.puk.ro
apeocorp.com
5bb.in
www.dy978.com
tukinaka.wop.ro
christianlifestyle.com
webdatasolusindo.co.id
knowledge-management-tools.net
www.xfbaba.com
jessiejea.tk
zverushka.net.ua
liuanshi.m69.info
unipharm.ru
dilemaveche.ro
0798.ws
www.sao.la
acnsatellitetv.com
glory-hunter.co.uk
www.idea-king.org
x3.hu
jpg4.info
accoucho.puk.ro
dansdata.com
smilevideo.jp
www.cscn.cc
conrad.fr
klipleriseyret.com
newsofandhra.com
grgastronomia.com
www.jjlovebb.com
frousses.wop.ro
www.6655.in
www.sybp.cn
generalbookmarkers.info
www.ymmdy.com
www.kdyhao123.com
wap66666.com
www.renti444.com
www.598wl.net
synonyma-online.cz
fiat.dk
www.qqjjjx.com
wraakbar.wop.ro
spartelbeent.abductin.wwwwww.wop.ro
irvmzncsn.blog.mongenie.com
matasano.com
knowsley.gov.uk
ourstate.com
samsungsmarttv.co.kr
dieselfemaleapartment.no
thaimakeover.com
twinkletoestheclown.com
www.xa24.cn
supremecenter16.co.uk
www.dszy.cn
worthofweb.com
sueris.com
hokanhou.wop.ro
prosperity.ie
theweek.co.om
eromitai.2chblog.jp
neonetda.org
bogatyryov.puk.ro
www.suliaoban.org
cdnetworks.net
maraq.info
motorblog-reuben.blogspot.com
tigersupraoutlets.com
www.coolmt.net
piloti.com.br
kuragano.wop.ro
ribolov-hrvatska.com
www.tooe.org
vseprostoetut.info
morphos.pl
socialmediaempresario.com
5555.a-thera.jp
www.0pa.cc
zh-w.info
leasingnews.org
asiapan.cn
tjyek2012.qjy168.com
biotechinstitute.org
756321.com
www.webren.cn
wapella.puk.ro
ultrasta.puk.ro
sidoumya.puk.ro
eluthu.net
39articles.net
you-meishi.com
phovx.com
yjxnjy.com
www.wenlijewellery.com
this.is-my.real-life.pinger.pl
miugok.wop.ro
clubstars.pl
www.bpfhw.net
learndrawing.com