ausgewor.wop.ro
katalog-polskiego-internetu.pl
shishaka.puk.ro
lottomania.ch
thr.soup.io
www.tecmowave.co.jp
msqiche.com
khanehmoallemqom.ir
www.dfxz.info
yuufuku.puk.ro
humanproteomics.org
www.txrc.cn
hivips.com
www.445522.com
kulinyamka.ru
bekendst.puk.ro
capitaloneventure.com
www.htjdh.cn
wdtvhdmediaplayerhac.20j.info
99j.name
link.zhan76.com
shen.yiwang.cn
vbqh.nfdy.net
www.negerinnen.info
ism.me
www.jsscpfa.com
software-secure-2012-ddgf.info
overacut.wop.ro
newporntube.org
luckart.pl
pigproxy.cn
www.d8694.cn
www.wedding6688.cn
sylwiaaa.blip.pl
grupko.rs
ruscargoservice.ru
hostpc.com
modakoleksiyonu.com
grynet.puk.ro
megaferias.com
happy-healthy-successful.com
kde.org
sekiedge.com
pearlandbmx.com
www.aler.cn
houseandgarden-discount.com
trinityhold.com
global-relations.de
hoclienthong.org
gooshnavaz49.in
www.0312byd.com
lshouse8.com
gruponacion.biz
futureranking.com
www.xmzyjs.com
mwvr.nfdy.net
gitapack1.com
tinyurl4.info
www.hv51.com
qadamsoft-player-1-0-free.vn
www.vakantie-aanbiedingen.info
abirato.digart.pl
ukyaku.com
www.sss6789.com
tnd.pinger.pl
ba1.shinobi.jp
www.lcmg.cn
www.megami.nl
snimifilm.com
offersclick.pl
biggo.pro
blockbuzz-israel.org
unhaggle.puk.ro
cit.net
sunkistmeteor.cn.gongchang.com
ikea.com.do
firmenen.wop.ro
yedxxx.com
www.gamli.tv
www.icr.ro
bjsf.gov.cn
pobelle.com
www.zive.sk
cardplayeritalia.com
jingo.fr
www.hywdw.info
www.eqsz.com
thenetwar.com
warofdragons.pl
txnews.zjol.com.cn
groffo.com
achiyala.puk.ro
ventasbalss.ru
grahamite.wop.ro
osprofanos.com
ugandalawreview.com
blogingmoney.info
www.cokfs.com
transgre.puk.ro
www.zdkan.com
docpdf.org
netspaceindia.com
celluloidlore.com
conciertosen.com
duia.org
www.nanpl.com
anbound.info
www.scesinc.cn
www.xhfang.cn
wealthcounsel.com
hbzgw.hebei.com.cn
www.g.hb.cn
yourcaitlynn.a-liveprivates.com|cdpheritage.org|heretici.puk.ro|fx.xlpolo.com|naucmdkovj.freeblog.hu|safesell.cn|www.55ebuy.com|cherry365e.jumpingcrab.com|www.shszc.com|www.top-swiss-replica.com|wordpress.com|dcjxdwka.skynetblogs.be|www.zhongguo315.com|www.38dv.com|ous.edu|www.ld-led.net|rmbbpoml.typepad.com|www.fsdzbj.cn|www.ammof.com|tbaoqu.com|www.linuxmisc.com|www.qqjiemei.com|chouwazi.com|www.zjhuada.com|www.hongdadianti.com|www.131.tw|www.bashaspa.com|www.semm11.info|www.yingwuyu.org|www.jc-cnc.com|hfjj.nfdy.net|www.qusoo.com|www.culcn.cn|www.opv.se|www.chinaw3c.org|8168666.com|www.se8.com.cn|kimkirchen.lu|isobyglilg.freeblog.hu|qrsljgbbx.blog.mongenie.com|shoushi001.com|www.haosao1.info|www.milangou.com|2sebo.com|bbs.php.net.cn|hnzlw.com|www.webjiankong.com|www.apyunhao.com|phcc.files.cms-plus.com|www.xinshou8.com|all-gay-video.com|horseheart10.webs.com|www.hac-ker.tk|nateriggs.com|70475.dealer.it168.com|www.52taose.com|www.8415030.com|cracksites.com|taomeisz.taobao.com|www.139ppp.us|www.bjbihua.com|www.edgeautomotive.net|myxybb.com|respage.com|wmb.hebei.com.cn|www.hmz.cn|www.qg-knives.com|wwwaaa252.shunshunfa.com|btconnect.com|recept.lap.hu|niemuzycznapieciolinia.pl|shop33466885.taobao.com|solaris.software.informer.com|0902muzapar.33591.com|wetter.vol.at|wmuacfrfu.blog.mongenie.com|www.972sf.com|ccshuang.rfjpp.com|iofl.nfdy.net|www.baiduxc.com|www.hongqingxin.com|www.9iqh.com|www.daqiaowaiyu.com|www.hz38.cn|twhy.nfdy.net|zhejiang.ha168.net|www.xianqwer.co.cc|www.wgb320330.com|www.gupuw.com|www.nlsfc.com|yangquantianqi.qiannan.org|www.imwarm.com|www.fc0.cn|www.djyjob.com|gz.58.com|www.astraltrip.net|vip.1168.tv|www.60ask.com
dansmagrotte.net
tambapost.com
dobratuba.pl
qyff.210000.org
ishield.ro
givemeneither.com
travanto.de
driver.zol.com.cn
ciddiask.com
marudi.wop.ro
sisyphos-berlin.net
soulnyc.com
www.qilef.com
apuliastation.puk.ro
www.nyxw.net
zooexpress.pl
finebike.cz
sf.super-search.jp
parental.software.informer.com
www.kwqbrand.com
jiamaiyi.com
seotoolz.nl
hsrj.net
ok113.cn
mall.10086.cn
roysanpa.com.pl
finelinepits.com
noelgallagher.es
tgirl.nl
www.mxrdy.com
zirusi.wop.ro
bitlis.evden-eve.gen.tr
allemannsarbeid.puk.ro
cxteaw.com
caoliu-caoliushequ.tap.cn
zenith.aero
spooneyn.wop.ro
vcvehanp.1168.tv
www.rchb.4f9.org
www.hk588.in
www.jlca.gov.cn
weggaengen.wop.ro
newshs.com
tviscool.com
ladysavings.com
biobidet.com
rujiakuaijie.03111.info
www.millionen.tk
khcp.net
liyi.66law.cn
hotdeals4.com
deai-cafe.net
bantam-house-hockey.blog.hr
www.palms.com
szxgo.com
spcc.edu.hk
www.hnxkw.com
demony.npx.pl
infopyk.pev.pl
www.hlstu.com.cn
newrose.digart.pl
levavate.wop.ro
mommyladyclub.com
www.ebiotrade.net
85tw.com
ddbronline.com
chilipoker.com
mela.wop.ro
quiksilver.com
www.aspinfo.cn
www.bmvb.nl
sex-pornos.biz
download-anime.web.id
www.freebt.biz
www.mozielozetes.hu
www.njjtsw.com
k-tecracing.com
c1521.guf.fi
starline.ee
jissuuta.wop.ro
gallonag.wop.ro
hcoop.net
revistaman.es
freeopener.com
kepesmotor.hu
www.slipstop.hu
www.432aaa.com
tochituk.udgjort.wwwwww.wop.ro
fifa-zone.ru
gzmcmall.com
tahmorra.digart.pl
www.meidi-air.com
xboxland.net
www.xundiks.com
jandan.net
9tpy.com
holistic-mindbody-healing.com
nuevo-estilo.es
ai.xwcm.net
wqghsj.com
www.china-hcf.cn
www.zhuzaigua.com
psoriasis-help.org.uk
lingshuichengshibianjie.fdchs.cn
e-fon2.com
hotelmisanoadriatico.name
anubavam.info
noviber.com
sorga.fr
networksasia.net
linkspion.de
www.kkmsn.cn
videosasd.com
katalik.pl
www.gangjiaoxian99.com
abing.hk
exodus3000.com
findabizonline.info
epac.to
howsocialbookmarkingworks.info
eyespysupply.com
madam-flower.net
squirrelmail.org
www.onepress.pl
einfuhrantraege.wop.ro
marketingwithpostcards.com
gesundheitsprofi.info
schimmi.eu
toneytool.com
eniro.pl
chuix.info
lr.ru
bookmarkingwebsiteslist.info
puxy.nfdy.net
metrogreece.gr
commercev3.com
lokao.puk.ro
i.mouto.org
www.yv1.info
hipertensoo.xpg.com.br
athoic.wop.ro
belalsoft.com
cyber-benyo.blogspot.com
shutterislandfullmovie.blogspot.com.ar
ciufcia.pl
www.xohxoh.biz
toutsurlimmo.com
www.paojiao.cn
guangzhou.aifang.com
rubbing-porn.info
etahias.deviantart.com
www.811mi.com
armerons.puk.ro
lqjl.cn
cevesvergeer.nl
this.is-my.real-life.pinger.pl
cylh.taobao.com
dance-x-perience.de
www.sao.la
jquerylink.com
bike.puk.ro
kubo-lab.jp
aycslm.5d6d.net
asianantiquestoday.info
craved.puk.ro
lokers.cn
ania8642.digart.pl
anacapa.biz
anloetenden.wop.ro
multidata.dk
pumppricer.info
vannonces.fr
fisheagle.co.za
be.cx
papeleestilo.com.br
click-mania.fr
eduroute.info
smartstocks.com
tysy.net
reefcube.biz
beppeviola-arco.it
www.caryinxiang.cn
emocje.art.pl
vitalem.wop.ro
monthlyblogs.com
artikel-platz.de
vjz.pl
sellbu.ru
myphotocollage.de
71j.cn
ttuu.com
cve.me
offspring.com
meaningfullife.com
bangiace.rackers.wwwwww.wop.ro
cydios.com
english-area.com
iogou.com
rokuro.nu
cz71096.com
jqueryplugins.info
zmarsa.pl
kosibone.wop.ro
zopomobile.com
zgl3635840.fyfz.cn
powerschool.com
blogverde.com
comptiastore.com
airstop.cz
liqui-moly.de
www.wuyulunbi12580.com
hq.139.cc
the-helix.com
webdesigninsydney.com
hypostoma.wop.ro
yinxxx.info
marlovia.melkkruik.wwwwww.wop.ro
slupsk.pl
earn-withme.info
dreamscope.jp
morgenau.wop.ro
minispeakeramplifier.7wx.info
kac.flog.pl
lavalink.com
www.woquye111.com
bbs.ty7.cn
baby.0916.tv
sap.xfree.hu
wugmxfih.blogger.hu
yaki.puk.ro
www.tyyyqqxyq.com
lacerano.wop.ro
medla.wop.ro
whub.org.uk
hopebook.net
bli0.qiwen5.com
expert.software.informer.com
donaucup.at
szkoda29.pl
www.hualan.com.cn
bionaturally.net
habitat24.com
getyournextclient.com
tripatlas.com
malinowe.digart.pl
stargard.com.pl
rohlig.com
khaira.puk.ro
migente.com
fcrl.mae.wvu.edu
tuzfeszek.hu
hc433.com
qsi-ks.com
zcdowvogb.blog.mongenie.com
badafnpe.blogger.hu
arcelikal.com
draguerunefille.net
glendavidandrews.com
www.xiaort.info
beic.az
infoakademie.de
beatsmonsterbydre.org
wwwaaa252.shunshunfa.com
ipu.org
perfectlyposh.us
isesco.org.ma
unitedwayofalleghenycounty.org
prioraet.wop.ro
go2school.com.tw
qxvx.nfdy.net
49yc.us
www.6ku.cc
www.118ddy.com
sportsfanboard.com
el-mexicano.com.mx
asci.puk.ro
gdziejestdziecko.pl
webartsense.com
shikoku-gas.co.jp
twt.co.za
markagallagher.com
volcanicvalley.com
www.femme.re
haolhc.cn
souz01.com
die-3beiden.de
readygold.com
zdamy.pl
www.bjxhsdjj.com
5793.vgb.no
lunlipian.net
ceap.br
www.natpol.pl
www.myqile.com
jd37.nfdy.net
peliculasmas.com
qd1o.qiwen5.com
junkor.info
differenziata.org
ecardgraphics.net
sued-afrika.de
talee.mihanblog.com
acbt.net
telemach.puk.ro
fkzf.56dvd.net
sunwaybag2000.cn.alibaba.com
www.chengxinaoyuan.com
ronk.wop.ro
tuan.0579.cn
lollypop.puk.ro
jlgjw.com
onlynzjm.78.cn
dimondchanel.info
tedxife.com
millioneurohomepage.pl
aiochecker.com
souboube.wop.ro
train2game.com
schneemuehle.de
mymobiles.info
idablak.hu
qqmcc.cc
lvmore.com
ftkam.com
avellaneous.vuurproe.rikujouh.proklami.wwwwww.wop.ro
kosakowo.pl
osirisdevelopment.com
severouralsk.info
egiptoviaje.es
pmyx.210000.org
semetrical.com
harige.wop.ro
nolleys.co.jp
baankhaolak.com
lubuskiprzedsiebiorca.zgora.pl
sprinxcrm.com
clubcocina.net
byethost17.com
www.mimiyishu.com
necner.digart.pl
londonvacationrental.co.uk
overlap.gr
turbodatabase.com
amadorwa.com|chris-ensoll.com|surroundreceiverrevi.9see.info|www.olx.com.sv|www.renticd.com|aleksandra1.flog.pl|www.138fp.com|www.oov.pl|bbnj.nfdy.net|khamta.wop.ro|tortellini.hu|www.wens.com.cn|fmq7.nfdy.net|webgarden.com|janjl.deviantart.com|www.7898989.com|www.04baidu.com|www.xmrsd.cn|menudirect.com|parishcreations.com|ulusahizmet.com|prsorgulama.org|www.jianfei.net|www.rts.fm|huaiyunqiandezhunbei.bb-house.com|fotobanda.com|glaent.wop.ro|anthonyackroyd.com|bioon.net|cpugjbxvci.blog.mongenie.com|www.158mlt.com|aagamas.net|www.luhacovice.cz|www.joojd.com|setools.cn|ieb.be|jphkywgi.skynetblogs.be|www.ldd6899.com|sankygz.com|dreamworld.goedbegin.nl|bbs.hkvmv.com|www.xxx93.com|www.qg-knives.com|aerialarts.deviantart.com|kzaa.nfdy.net|www.714302.com|gs.mbzl.us|vq5o.k3y3.net|www.ttky4.com|www.dcvg.cn|gascaquintero.com|www.hxtao8.com|affordablehealthcare-1.info|churchofchristehr.com|kamban.in|pan-yu.net|www.cntianxin.com|www.lmmw365.net|utorque.com|www.dywtx.com|www.shszc.com|www.dbxigua.com|www.bsyjfc.com|tumen.mk.ru|pagestat.com|www.qiangren.org|www.baimao.com|goodartanimation.com|9yin-vvoniuu.com|www.tsyouxi.cn|www.cnsummit.cn|www.zhenxingo.com|www.djdmy.com|ranking.pk|cigarettes.typepad.com|actresssex.a-maturescam.com|plsearch.com|escaparatevisual.com|adminunion.com|www.hnzyxx.net|htqc168.b2b.hc360.com|qianjin88.gitom.com|www.leica.org.cn|www.asianhugecock.com|dazs.66law.cn|19qq.hk|wap.tudou.com|www.szhq.com|www.twspg.com|valu.cn|szoves.lap.hu|wordpress.com|digital.orf.at|www.4006848085.com|bbs.sqfc.cn|ftpcdn6.r633.cn|www.szaaa.com|www.liswl.com|www.sjhfs.com|24xxoo.com|www.babaw.com|www.kkyxw.com|qdlwt.cn|fotbalstudenka.cz|gytq.nfdy.net
hd134.com
www.tzbbs.org
chen123.rrl88.com
ledieci.net
www.outlets365.com
musanc.com
0596.51jz.cn
koczalski.pl
richardcummings.info
www.tisztitoszer.lap.hu
baby.ce.cn
www.775zu.com
168dog.com
sysikt.no
aughra.wop.ro
www.sdzymy.cn
comicfury.com
redeaesquerda.com
serveerster-kostuum-roze.istats.nl
aquabookmarks.com
mommyblogexpert.com
www.xueshengjiaoyu.com
nxeon.com
bodystore.com
www.shenzhenseo.net
www.lee365.info
hugesearchenginedirectory.info
www.ph96345.cn
livepoker.fr
beidu.org
greenpeace.org.uk
crocuses.puk.ro
klub69.net
www.clphj.cn
l5yc.k3y3.net
iranqpg.com
hcpad.com
narf.pl
www.inzerujes.cz
unprohibited.puk.ro
pomimi.com
itdoc.com.ua
kosekito.puk.ro
msxy.qdu.edu.cn
topman.com
www.yftwkgy.com
gorkori.uw.hu
sharingrare.com
www.jxzbl.com
koreadaily.com
www.gzlvnuo.com
oferta.sfd.pl
killerich.com
www.houselvs.com
zonuqjlv.blog.mongenie.com
khanen.wop.ro
thehackettgroup.com
chengmai.home898.com
suikang.cn
liczycielkabiedronek.wrzuta.pl
p30learning.com
erofacies.com
adinsight.com
skindinavia.com
www.1065sms.com
totora.cl
freeteenxxxtube.com
www.ycie.org
a.gd
www.nhkj.gov.cn
www.adop.se
ilike.cz
terrors.wop.ro
phation.deviantart.com
www.jkbyl8588.ce.ms
oceanamps.org
imagenesamor.com.ar
mynextcollege.com
popkids.neworiental.org
penjingluntan.com
zuimafan.com
canadianwebhostingz.info
www.55ebuy.com
wayback.com
myloandetails.com
uzhil.puk.ro
wap.ip138.com
zurnal.info
bandersn.puk.ro
www.xyy6.com
www.studio-mario.jp
www.bbga.cz
youpic.org
front-porch-ideas-and-more.com
bestified.com
www.sxgov.cn
desperat.wop.ro
freshmeeting.com
gaia-festival.com
q8talents.com
methodstoquitsmokingcigarettes.info
tblc.org
xyzreviews.net
koenne.wop.ro
martelaoutlet.fi