www.yunshideng.uqc.cn
clapalong.co.jp
nb0e.lizhidy.net
iranianlawyer.org
www.fareno.nl
3o.cn
www.dvdoke.nl
thexxxx.com
dan-links.dk
newmedia-campaigns.com
ntck.210000.org
elit-galand.ru
avoiderrors.com
www.janossomorja.hu
avola.ro
avondklo.puk.ro
milkybody.info
avram.puk.ro
avrinky.org
avrivingen.puk.ro
muriloq.com
avsett.puk.ro
andriy.info
avszs.com
avto-ug.ru
avvertira.puk.ro
avvieres.puk.ro
wai1010-a18.tumblr.com
avyese.com
avyy.cn
avzo.sogo.i2i.jp
jangsu.go.kr
awebsitethatworksforyou.com.au
awfulplasticsurgery.com
awji.puk.ro
langke.dmz.se
awkwardtv.org
awsomecheats.net
axacalcio.it
gvd.nl
acclinal.puk.ro
axilla.puk.ro
axiom.puk.ro
domaintrakker.com
axiomdesign.com.au
unirides.puk.ro
axmdy.taobao.com
axmltea.com
4weather.ca
axometry.puk.ro
axvpn.saixun.net
gzjn.gzlm.net
axwlc.cn
axxa.ua
t.e0575.cn
www.larp.nl
74674.com
axxiommfg.com
otkur.cn
ay899.com
ayaya.ccmw.net
studiosynergia.pl
ayccc.com
aycslm.5d6d.net
aydinwebs.com
smhardpic.com
ayekmedikal.com
ayeright.com
ayiwo.puk.ro
shaoxing.baixing.com
theenterprisebulletin.com
dh.2zf.cn
aynigar514.33591.com
searchmotorsport.ro
ayook.net
ayosclassifieds.net
ayparty.com
moujyuu.wop.ro
ayrshireroots.co.uk
simplepickuplive.com
ayseozsoyanaokulu.k12.tr
ayshch.com
lightake.com
ayxdp.net
ayyub.puk.ro
ysm.78.cn
azabu.puk.ro
azamgarh-uttarpradesh.olx.in
azfsi.com
rutd.nfdy.net
azizi.puk.ro
soomal.com
azkiemtien.info
222882-16go400.diandian.com
azleg.gov
brochuresenligne.com
azoktato.atw.hu
azur.puk.ro
azure-reflection.net
azurlingua-culture.com
carx1.com
azxzsp.cn.zhongsou.net
snovaozarabotke.ru
mayn.jp
bf2.7m.cn
rebecca-full-movie.blogspot.com.br
djye.com
azzuffav.puk.ro
b-om2n.com
b-rhymes.com
junglekey.com
b.8x5x.com
b.b2b.cn
b.fmx.cn
youngvoices.nl
b.gg678.com
b.kkaac.com
air-jordan-release-dates.com
b11.hu
b2b.cn
b2b.jianzhanzhe.ws
b2bhbsj.com
encuestasavantel.com
b2evolution.net
b2p.jp
b304.sutra999.net
b3log.org
eldotor.blogspot.com
b4.qq.com
b441.sutra999.org
vyak.210000.org
b518.sutra999.net
avery.it
b52.blip.pl
b6o.com
freesolutionmanual.com
b8894856.cn.alibaba.com
baarzen.puk.ro
babbelzieker.puk.ro
abcissa.puk.ro
babby.puk.ro
babes.xxxpornosex.net
765aaa.com
babieswalkers.com
babiwawa.973.com
nieuwsuitregio.nl
babup.com
baby-high-chair.com.au
baby.56.com
casagargiulo.it
baby.ebay.com.my
baby.lnd.com.cn
baby.meinvf.com
ys-a.info
baby.nx.e23.cn
baby.qdqss.cn
tv.yahoo.co.jp
baby.taobao.39.net
baby.yynet.cn
carmem.info
baby.zzxx.in
babybluefolk.yculblog.com
babyboyclothesonline.7s4.info
cartoone.puk.ro
babybuddhanm.com
babycake-hilden.de
www.028ym.com
babylon5.lap.hu
hartzegavin.tigblog.org
babysachen.puk.ro
babysittersinmyarea.info
qsoftnet.com
babystitch.com.au
stopie.komunita.eu
nextcool.cn
kanobu.ru
www.goto.hu
www.suliaopaishuiban.com
bacerai.puk.ro
backfiri.puk.ro
ionology.com
www.gaoni.info
backhaus-team.de
backlink.com.tr
izzbela.pinger.pl
backlink.is-me.de
psicologo-orbassano.it
backlinkcharger.info
aycz.nfdy.net
costabilespinelli.it
eweisa.com
backpackerguide.resortcairns.org
backpackvacuum.co
huis-hoornsterzwaag.istats.nl
backstreetboys101.webs.com
backtothefuturefullmovie.blogspot.com.es
lickitty.com
mexas.wop.ro
www.116.com.tw
www.wfcyjpjpf.com
sewsistemas.com.br
fengsu.net
androidpolska.pl
bulklinks.info
gic.fr
dbox.cn
www.mmll.com.cn
azurimmo17.com
encyclopaedia-magica.de
www.xuegeya.com
bacsirodatechnika.hu
www.99tongfeng.net
bad-ass-full-movie.blogspot.pt
badarchaeology.net
badava.puk.ro
fsahandbook.info
badezimmer-onlineshop.de
badian.puk.ro
dejeunesgensmodernes.com
badmintonclubtornado.be
badpitzi.eu
www.qianduzw.com
badu.in
baduwa.com
baegu.puk.ro
bahha.puk.ro
boorman.us
bahri.ir
bai.lu
plomarinews.gr
baibai.ru
vse-svobodny.com
baidaiap.taobao.com
baidu-zx.com
newssaudi-today.blogspot.com
baidu.0790.cn
metalgods.com.ar
baidu.6003.us
baidu.6004.us
www.pesticide.com.cn
bip.pwpw.pl
baidu.cn
baidu.com
baidu.dd118.com
baidu.wangzhuan808.com
bbs.heiruan.net
civ.hu
baidu23.admin301.com
baidubd.wanye68.com
ametsoc.org
baidujpw.cn
baidumv.com
baidusao.com
longshumi.com.pl
baidusao4.com
baidutuan.gouwuke.com
baiduw.net
saper.soup.io
baiduwangmeng.com
eaeb.cn
shiroikoibitopark.jp
payu.com.tr
bizbeep.net
www.tienersexfilms.nl
baijiale08.com
cc.wapyc.us
baikaiyu.puk.ro
baike.baidu.com
ytterlig.wop.ro
dokidoki.ne.jp
vaarstok.wop.ro
kdy9.com
reporteconfidencial.info
iaw.hyves.nl
baike.ledtrade.com.cn
centurion.bb
baikuzu.taobao.com
bainie.puk.ro
baja.lap.hu
bbs.foz.cn
bakalang.puk.ro
bakay.com.ua
bakers.puk.ro
khimeros.com
www.blackcamz.nl
bakery.puk.ro
ava.org
hallmark.be
lenta2012.ru
marombapura.com.br
radbraakte.rutena.zujyou.wwwwww.wop.ro
bakkersk.puk.ro
baknilo.freeforums.org
www.thisiswhyimbroke.com
bako2000.pl
bakom.puk.ro
bakul-jamu.deviantart.com
balasmeh.com
56task.com
balatonihajozas.hu
balazsy.hu
realitygangcams.com
balbal.blogbus.com
www.book6.net
balen-disc.com
bestwebdesigner.ru
zhongtezctian.tzsb.cn
assyou.wop.ro
constantinum.hu
baleon.info
balett.cgr.hu
balgooi.nl
pathname.com
balijanigallery.com
balinger.puk.ro
club22.com.pl
balked.puk.ro
www.fonik.pl
agileweboperations.com
jdcpdl.78.cn
rooseveltinstitute.org
ballarat.edu.au
ballergauds.de
ballerupmini.dk
lh.19188.cn
ballou.puk.ro
zfn8.56dvd.net
balls.puk.ro
cdemocratics.com
avalera.puk.ro
balsar.puk.ro
baluches.puk.ro
lanus.com.ar
thuoctridaurang.suckhoevietnam.info
directorytay.info
www.ebozi.com
afvagen.wop.ro
banchou.puk.ro
kurosawagakki.com
bandadifelino.it
santopedia.com
sacmemorial.org
bandasantacecilia.com
www.shyilong.info
bandjela.puk.ro
bang.becod.com
typo3.pl
banghy.puk.ro
banginto.puk.ro
bankclerkpo.com
qiby.com
cnfm365.com
banke.puk.ro
bankfull.puk.ro
www.hxer.net
bankracio.hu
team-xpc.com
banks.puk.ro
banned.puk.ro
bannercsere.no-1.hu
odensya.info
bannerwise.puk.ro
bansal.puk.ro
bansubtakro.com
www.aibo2012.com
furryyiff.org
bantyp.puk.ro
banyaszat.lap.hu
jefx.org
bao-bao-wang.com
bao7749.taobao.com
baobaoshop.5d6d.com
av.qise.in
baobeihi.cn
baodeliangjing.1168.tv
baoding.anjuke.com
itezo.org
baohua.me
baoji.zhixinn.com
baokanggujin.1168.tv
baolesh.com
www.dhl.la
baolongpowertransmissions.com
baoming.kaoyan.eol.cn
baoshan.ganji.com
hu.hu
baow.net
lampcommerce.com
baoyuan.lwedu.com
baoz.net
baptisthealthsystemalabamajusn.wordpress.com
iledzisiaj.pl
myphotocollage.de
marlobeauty.com
dihalt.ru
sohen.wop.ro
nfinity.pl
notebookreview.ro
cfdonline.cc
www.myspace.com
jsdoc.cn
www.3dk3d.com
www.431126.com
magnya.wop.ro
datamapper.org
mpdrolet.tumblr.com
barack.lap.hu
www.traumringe24.de
baraic.puk.ro
baramejnet.info
baratnoszerzes.hu
barbarossa-studio.com
washwomen.puk.ro
barbycicus90.fecsegj.hu
barcampmumbai.org
barceo.puk.ro
barei.puk.ro
fouineront.puk.ro
barely.puk.ro
bargaina.puk.ro
barie.puk.ro
barin.puk.ro
avancemosenpedagogia.org
bark.org.za
barkat127.33591.cn
barkhas.puk.ro
3g.baihe.com
barneavd.puk.ro
barnesphysiotherapyclinic.com.au
paradigmsample.com
barnum.puk.ro
barrette.puk.ro
barta.digart.pl
dlhome.ws
bartaandi.xfree.hu
bartekft.digart.pl
bartoosh.digart.pl
cornedbeefhash.wordpress.com
basarado.puk.ro
ibc.pl
basavate.puk.ro
basera.puk.ro
www.qijiao.net
www.82anmo.com
news.ai0939.com
bilgilgi.com
www.dqhqw.net
aagayhorsecock.a-lsawards.com
infosdesite.fr
job.0760.me
wallpaperjoint.com
apal.com.vn
psyrianp.com
tubicolo.wop.ro
taobaobuy.5d6d.com
avdd.info
website-go.com
sunlive.co.nz
erelibre.fr
trouwgel.wop.ro
base-search.net
puplegnica.pl
defendimiento.puk.ro
jpnvren.info
posadzka.prv.pl
mushroomgeeks.com
cylex.ie
avantel.com.mx
www.jnsxjj.com
hoc-tieng-anh-online.info
tobysoft.net
talkingdonkeyshop.com
lenw.cn
pmhe.210000.org
avbtv.com
bicyclebuysell.com
hilti.com
mianbaotou.com
boxhaus.de
goutetnature.fr
pbaa.lizhidy.net
www.bkv.nl
freezipcodeinfo.com
incube.ch
9090.ws
66.ru
executivewisdom.com
dmdstudent.com
ojhs.210000.org
mega.co.il
jomres.de
gedoolden.wop.ro
leti.nfdy.net
engrangions.puk.ro
hongze.gov.cn
mw.to
unqw.com
www.btmc.cn
folder-seo.pl
amicidelparco.org
oolka.flog.pl
www.webchina110.cn
industrystock.com
favlisting.info
www.pk0471.com
siamusic.net
porndealer.net
vioolspel.puk.ro
alkos.info
e-zakat.com.my
tubebeurette.info
photo-printers.org.uk
echu.co.kr
md.uz
ddt.439.w1.gs
holodilnik.info
clankillas.com
huangjinshenwang.1168.tv
bronadmin.ru
suansanruk.blogspot.com
ekr13.info
x13.pl
gsipartners.com
comptanoo.fr
glowinc.com
santarosasucks.org
wkok.info
cl.orc.st
bicyclesportshop.com
y2cf.265link.com
thursday-afternoon.com
say.ac
ngy-blue.net
frecuencialatina.com.pe
viet-studies.info
buyfansplus1.com
wfrp.com.pl
luskebuks.info
agora.pl
ricksworkshop.org
inpersia.com
inou.pl
boudweg.wop.ro
ktal.nfdy.net
poemes-amour.fr
farsaran.ir
newlywedsurvival.com
hvtc.edu.vn
omeirenti.com
logd.k3y3.net
nb.kuche.com
padh.de
www.tripadvisor.com.tr
sex-tapes.biz
leisurebuildings.com
www.hdew.nl
surf4.info
rrnba.com
madagascarfullmovie.blogspot.in
btoj.210000.org
bog888.com
www.shufugao.com
www.qdzz.org
intelligencecareers.com
www.mmnn.in
lt02.net
kuuchuuy.puk.ro
0731yc.cn
digitalproductreview.net
watchout4snakes.com
virtualbuilders.net
spinacz.pl
zerohalliburton.com
mnkontir.hu
4008844442.net
cabula6.com
www.zhwzh.com.cn
hiphopkemp.de
audiorecording.me
flowmind.jp
www.yihaoseo.cn
1817.ee99.org
net63.net
camomilla.wop.ro
kiro.me
debojyotipal.com
www.fjzq.cn
bhseo.biz
www.cn-c114.net
fitdance.info
dirdisk.info
seutuliiga.fi
oldtowncanoeshop.com
596.zhangyu87.com
poradnia.pl
subviet.tk
elitehomemakers.com
ok.by
phrenitis.wop.ro
ruskahost.com
social-media-aachen.de
www.16mm.it
mtn.com.sy
hksummit.com
www.smgay.us
jfzc.210000.org
schools9.com
bibiwang.net
ztxz.cn
www.44szs.com
cfastream.info
gpstrackingapps.com
musstest.puk.ro
allmobileaccessories.co.uk
rr4.eu
autonationdirect.com
penserem.wop.ro
cbre.co.uk
foxreal.com
spihost.com
biografias.es
111ca.com
livebookmarking.info
kuhnshop.de
newyorkgiantsjerseysonline.com
baid.us
deus.puk.ro
justonehost.com
toranomon-ichiba.com
nbaallstarshoes.ybfn.com
socialbookmarkingnews.info
closetandstorageconcepts.com
game.hxsd.com
filu89.digart.pl
tjdumbrell.com
www.cinem.ru
openroomz.com
bioverlag.de