www.822mi.com
now.ru
klokow-gmbh.de
eiyi.265link.com
100suji.info
ruszorallyteam.hu
party-place.ru
thueringen-tourismus.de
id3.org
hojeeuvou.com.br
benet.wop.ro
newgreatoffer.com
stoneagegamer.com
hotmazia.com
searchouse.net
skigo.pl
pawelrosner.natemat.pl
www.gfnet.tw
risepk.com
www.0731itch.com
web-ads.pl
tigna.puk.ro
guihuaxiang.com
nuestronombre.es
mirtiens.ru
www.xu5858.com
wedigg.co.uk
newnewsportal.com
africansuccess.org
jn.bwxx.net
nickrthomas.co.uk
argus7.com
ukbankholidaydates.co.uk
historijagradacac.blogger.ba
edilex.fi
rcreducation.com
elsalakawi.com
trimar.gr
365planetwin.com
www.g2000nz.com
heroal.de
trlevel.de
digimuziek.nl
ukma.kiev.ua
colourpages.com
jiancai9.com
511sd.com
go1888.com
jonne.wop.ro
www.bjb021.com
www.tophoer.nl
chachala.com
shigemor.wop.ro
zuengelnde.puk.ro
1lacrosse.info
yagyagaire.blogspot.in
bartisschatjexb.hyves.nl
second-bev.de
atilaj.digart.pl
sg4ge.com
www.golfkurs.com
dejoie.puk.ro
belte.wop.ro
dutyfreeports.com
los-foros.com
smnc.ac.th
flero.ru
returnoninfluence.com
flashpromotions.biz
cnithr.com
seolinktoday.info
verlamt.wop.ro
hospitalitymsi.com
www.yfsjj.com
us-link-directory.info
aryabhatt.com
www.lsoos.cn
osziacs.hu
openphpnuke.ch
pornoteatr.com
medtutor.org
miseffec.wop.ro
acores.net
7989.info
bestabcd.info
qaaq.210000.org
telekomza.ru
jpnzjm.78.cn
webitext.com
bandfinder.se
vhelpglobal.in
cellphone-express.com
7zzv.qiwen5.com
karolek3.pinger.pl
locals.wop.ro
thelovelyeyez.com
www.0855job.com
cp.m6h.tv
www.nanrend.tk
www.cafekachel.nl
www.destinychurch.nl
miskreditt.puk.ro
intea.ru
neubauer.puk.ro
multijet.wop.ro
lltw.info
spikeria.pl
fdsshare.com
35ys.net
s0un.56dvd.net
astrodirect.fr
ns115.com
hao8.aa.am
humyai19.info
juvemania.it
4ma.cc
clippornhq.info
greenearthgoodies.wordpress.com
infelis.bloguez.com
alazhar.gov.eg
www.xoro.nl
mashary.info
dep.cqwu.net
articletrend.info
javparadise.com
indians-mc.com
gotrendy.info
teensblast.com
inchiri.net
airtours.co.uk
articledashboard.info
obstetri.wop.ro
q2l.org
guenstiger-bekommen.de
automotivemarketinggroup.net
baike.baidu.com
theilest.puk.ro
clush.com
linuxforum.ru
indievault.it
geetshabda.com
www.chinaqphy.mobi
lieyee.com
camfrogmotel.com
developmentscout.info
villaggipuglia.com
www.min-qi.com
pensionhotel.cz
cookfood.net
dbw.topka.pl
anticopy.de
healthonabudget.com
newsyemen.net
www.ruqiulp.com
lollu.net
my123.net
tsurifune.com
matsugo.wop.ro
carvana.puk.ro
vpsmm.com
www.911sz.com.cn
litinstitut.ru
bautamsu.com
yuncheng.xinl.net
337.0874.cn
nail-yamaki.com
hostgiant.co.uk
jelai.wop.ro
hypotecnibanka.cz
pommietravels.com
tektite.wop.ro
www.adrianwykrota.pl
einzusau.wop.ro
rarespecies.info
artinfo.pl
u85.us
billstrickland.info
charento.puk.ro
sastakaun.com
rootways.com
www.photo50.da.ru
bryja.net
blackbirdhotel.com
wwww.81zzz.com
bewed.ca
paris-movie-walks.com
518tzpf.com
wuhai.buscx.cn
uwc-usa.org
healthtalker.com
kamairicha.com
leket.wop.ro
elexmedia.co.id
mystical-musings.com
blackfridayportablegps.us
6y.nuc.edu.cn
anago.crap.jp
nieogarniamzycia.pinger.pl
gz.to8to.com
otodok.puk.ro
meiduoke.9998.tv
alergohouse.com.br
mbaconsult.ru
emprendedoras.com
nachgebloggt.de
brookes.ac.uk
szpondi.pinger.pl
iveri.com
wrocanka.pl
aojian.7711.com
s-lines.net
regelt.puk.ro
chivalrousness.wop.ro
shop61817503.taobao.com
www.xxx400.com
sitemapx.com
kbmaniac.pl
online-allsports.ru
cuisine-recettes.com
3esi.nfdy.net
gamerzheaven.info
sdsumonth.com
electroteque.org
2kw.net
bravica.net
aryarup.in
traffic-flows.info
bbs.dafeng.cn
aylatje41.hyves.nl
timbeeren.nl
44323.net
www.86as.com
closefri.wop.ro
minimalistica.org
www.ehime-inryo.co.jp
titi.100hg.com
srcb.265link.com
hydrotype.wop.ro
jandstransport.co.uk
nosideclub.jp
iampanicked.com
tomsshoes.pbyu.com
roadrunner.vgb.no
ok2upload.com
burlapandcrystal.com
adiantum.wop.ro
typhaceous.wop.ro
abenyu.puk.ro
kupi64.ru
doorgrav.puk.ro
cc799.net
adword123.net
www.daluxyy.com
53meili.com
adkontekst.pl
gamers.org.ua
consentb.wop.ro
gymlondon.org
iloveptc.info
opcuity.biz
diezelfde.puk.ro
iris-bulbeuses.org
avv2.k3y3.net
160573.com
492zt.com
tianquan.sczt.net
51tbabc.com
dalaras.com
aqhost.org
www.rtysst.com
oodomi.wop.ro
vivianmaier.com
a2.cn
passionofsweden.se
ailtware.com
cleardarksky.com
endsh.xicp.net
heb.yes515.com
hecheng287.b2b.youboy.com
heijinsha.com
heiyh.net
hejin.117.cm
devenirartiste.com
hejnet.pl
hellogambia.com
helloup.net
help.lab.alipay.com
admin.com
hengguang58.cn.gongchang.com
hengguang58.cn.toocle.com
hengrui22.qjy168.com
hengshuisu8.fdcez.cn
herwaard.puk.ro
kubens.pl
untuk-lelaki.webs.com
windbeutels.puk.ro
hurryup.nl
aroma-plage.com
lprussia.com
aspick.wop.ro
g.koowo.com
www.ctpt.cc
pedinere.euwww.wop.ro
5qt.org
hammi.info
j7v.info
indobase.com
prestashop-german.de
www.zwpsc.com
monitechonline.com
downtowndeals.com
informaticsblog.it
edilcostasarda.it
67percentobsession.deviantart.com
goope.jp
pocheng.35free.net
oref.nfdy.net
99ting.cn
ototo.puk.ro
ssm-consult.ro
mintblue.vivian.jp
awsomecheats.net
disaggregated.puk.ro
www.zaboe.be
rassalud.com
beauharnais.puk.ro
djbagado.wrzuta.pl
aqchq.com
alegramy.pl
joyisnow.cn
kwiatyl.pl
huaxw.net
ghoomo.com
1arr.265link.com
bma.org.uk
nyltw.net
basata.com
kafkas.wop.ro
ajandekozz.hu
dance-x-perience.de
6tc.cc
ioffer.net.pl
biella.it
dominos.bg
www.tawen.net
rjshuwu.info
maipa.pl
mattrogowski.co.uk
098.com
deepvision.ro
ra000.com
lobbyhobbys.com