mylittletown.ca
cinematy.net
pub-db.com
kitagawa-hanga.com
explorekerala.org
flokwire.com
thegalaxys3.net
ebaby.it
dut.ac.za
griekenlandreis.com
bluff.sk
ecodo.nl
jobcircle.nl
huaxw.net
portalrzeszowski.cba.pl
7zeed.net
periodismodelmotor.com
fallisjoshua.tigblog.org
dr-feil.com
deck.ly
56aiav.com
fixmygps.info
jn001.com
www.udun.biz
adamant.net
sd-video.ru
kinsetsu.puk.ro
njyd.520edu.com
8038890.com
a-one.info
changson.net
www.h596.com
hackgame4u.wap.sh
fabiolahanna.com
natocrimes.com
laurna.wop.ro
gekratzt.puk.ro
brandinst.com
internetstatistik.dk
babia-gora.pl
strongwebinar.com
efsl.nfdy.net
convecto.puk.ro
stiri.rol.ro
roulartamail.be
theblackcell.net
isfdb.org
djezzygsm.com
kolkatapolice.gov.in
iyli.ro
vertextile.info
eird.org
chinabank.ph
biggo.pro
molenheide.be
antispyware.com
jackiececilia.com
instootten.puk.ro
atichera.puk.ro
fkzz.265link.com
culpornospot.info
021pfb.com
51jj-1av102.tumblr.com
e-biurowce.pl
cnovo.com
juancong.com
mywordpower.com
arte.go.it
my-friends.info
fanandmore.info
globalreise-billig.info
9lick.net
fujiidaimaru.co.jp
calfeutrerait.puk.ro
eurodiet.no
www.egeeg.net
telecomitaliahub.it
miyim.com
www.mcw.nl
corsonemesis.it
f1.com.tw
aaneenpaste.puk.ro
calamity.com
jiankang58.taobao.com
actualiteduweb.com
achmea.nl
hfzk.net.cn
abirato.digart.pl
speckste.puk.ro
baby.nxmyhome.com
bokone.com
archis.org
debentured.wop.ro
usadmini.wop.ro
hdmk.nfdy.net
www.xqgg.net
www.sjzxyw.com
cx.cc
gemeinschaftshaus-elm.de
aihacker.wop.ro
mnorz.com
tatiyants.com
adr168.com
pattani.wop.ro
lillfjonkan.blogg.se
hudsonpastpupils.co.za
hsrj.net
4vkusa.ru
2012-ru.ru
023788.com
jxmctgy.com
ahacktitude.org
cjgbyy.com
redish.puk.ro
nfb.ca
hackrafahi.jugem.jp
jiangyou.sczt.net
kenfu.digart.pl
dev.piwik.org
stanford.edu
amp.co
dn.vc
wvvw.yifa78.net
xyupload.com
census2011.co.in
willsoor-shop.pl
www.akado.ru
proconcept.ag
binaryoptions.ws
linkup-coaching.com
1mdq.265link.com
6hsmw.com
97sd.com
stigroup.pl
aliorbank.pl
gmc.hr
50centmailer.de
383955.com
www.cm.cm
bientek.com
cantonade.puk.ro
greatchinaweb.com
accentinvest.com
helitransair.com
0paf.210000.org
www.4tech.vn
all.kharkov.ua
gould.puk.ro
esteridge.puk.ro
bash.ir
basher.puk.ro
basia.puk.ro
basic-paper.com
khawaja121.webs.com
baskar.puk.ro
basketball-jersey.de
basketgrandivalli.it
basoid.puk.ro
bastin.puk.ro
www.szkuaidabw.com
bat3403073.huijucn.com
bathstexpwork.freeforums.org
batiks.puk.ro
sslcommerz.com.bd
batis.puk.ro
batliner.puk.ro
djembe-webshop.com
batman-begins-full-movie.blogspot.com.au
uppop.puk.ro
magnitudeerror.wop.ro
sinusita.net
bundesaerztekammer.de
exchange.kg
bookmarkinguk.info
hautemaurienne.com
battit.puk.ro
battlecombatro.com
azstat.org
glymph.wop.ro
kubuntu-art.org
atheistvoices.org
batty.puk.ro
batumiplaza.ge
gostats.cn
batuzuih.puk.ro
bauernhofes.puk.ro
baule.puk.ro
baumelnd.puk.ro
bayarea-website.com
unherd.puk.ro
baylakecommunications.com
baylink.com
baymer.puk.ro
bayridgehonda.com
baysidesec.com
bazafilmow.eu
bb-napoli.org
cobatab.edu.mx
bb.51yyzc.com
bb.online.sh.cn
ygzk.210000.org
bbc-heroes.be
bbdeovhzaw.page.tl
abhors.puk.ro
bbe.cc
bbicxsww.freeblog.hu
bbk.800app.com
bbktech.net
bbmagicgarden.com
bbmm.cc
import-export-romania.de
bbog.nfdy.net
bbppbatu.info
bbs.00000008.com
bbs.0534.com
sina-niko-heiraten.de.ki
www.isso.nl
bbs.061300.net
bbs.066p.com
automobilklub.org
bbs.0710-zy.com
bbs.0931zxw.com
bbs.0937.net
bbs.1000sos.com
bbs.1069tw.com
bbs.123pet.com.cn
anwait.com
bbs.168hs.com
bbs.17wan.la
bbs.1pad.cn
bbs.211400.com
bbs.25gs.com
bbs.33bird.com
bbs.425500.cn
gree.gz.cn
bbs.51783.net
bbs.51kaoshi.cn
bbs.51yyzc.com
bbs.52samsung.com
bevreview.com
bbs.61abc.net
bbs.66163.com
bbs.6870.com
bbs.6c8.org
bbs.766.com
bbs.7747.net
alcheme.ca
bbs.86to81.net
bbs.88bx.com
bbs.942dn.com
bbs.96hq.com
bbs.adminup.com
bbs.aipai.com
geistligheten.puk.ro
bbs.airia.cn
bbs.aitime.net
vintage-wine.pro
bbs.ajj.cc
bbs.ald.cn
bbs.alkin.cn
bbs.anatuprak.com
bzzpxx.78.cn
bbs.anger456.com
megadosya.com
costaricacloseup.com
92cc.com
precisionbillet.co
arsip.indipt.org
jeansgal.com
karhuize.wop.ro
ani.me
wuhanccc.net
greatmodels.com
www.lache.nl
www.yyido.com
elementcraft.org
bbs.bk35.cn
bbs.cbbn.net
ladine.xfree.hu
bbs.cehome.com
bbs.cinqtv.com
bbs.cm3c.com
bbs.cnedu.cn
0.0.0.0.llav.net
bbs.cnexp.net
bbs.cs.cq.cn
bbs.d.cn
bbs.dbank.com
bbs.dbit.cn
caoliu522.pen.io
bbs.dxszx.com
bbs.dynews.zj.cn
bbs.dz169.net
bbs.e9china.net
bbs.eastday.com
vietboblog.net
bbs.eduu.com
bbs.elqut.cn
bbs.emoney.cn
bbs.exam8.com
bbs.ezacg.com
bbs.ezxw.net
elkosmos.gr
54.hk
294p.com
servicecenter.de
allcity.fr
atal.ca
homestay-chiangrai.com
tao.61578.net
www.414784.com
bbs.fogoo.net
2fou.com
creativeagency.eu
www.poslovice.net
ccftn.com
www.gnr.nl
eastmon.co.cc
bbs.freegames.com.cn
bbs.fy168.cc
bbs.gandongs.cn
bbs.gdga.gov.cn
bbs.gemeitech.com
bbs.ggg.cn
passagen.se
bbs.greenday.gd
bbs.gssky.net
bbs.gzuc.net
bbs.hly800.com
bbs.hmz.cn
bbs.house.inhe.net
bbs.htols.us
pdracer.com
bbs.huaihai.tv
bbs.hxyjw.com
bbs.hyzm.org
bbs.iazhuo.com
bbs.icnpda.com
bbs.ifeng.com
jungly.puk.ro
bbs.imp3.net
bbs.inwesky.com
bbs.jhtong.net
bbs.jmdg.cn
bbs.jstz.org
acior.digart.pl
bbs.jx.fccs.com
bbs.jxcn.cn
bbs.jyb.cn
bbs.kaoshibaike.com
bbs.kfsky.com
bbs.khcp.net
bxyu.56dvd.net
bbs.koodian.com
bbs.kugz.net
bbs.lcu.cn
bbs.lft.name
bbs.libo266.com
www.ctpt.cc
doseng.org
bbs.llk.cn
bbs.lxzc.net
bbs.masrx.net
bbs.mengnan.biz
kartris.com
666749.com
588nba.com
abadszalokfire.hu
zarabotok-new.blogspot.com
19114.cn
foreverpetite.net
bbs.mxhack.org
exling.com
bartnik.digart.pl
d.brsqb.cn
apeurer.wop.ro
bbs.myarowanas.com
bbs.myzg.net
esjkbaqu.blogger.hu
bbs.newyx.net
bbs.nimyta.net
bbs.nynews.gov.cn
bbs.nzkd.com
bbs.paojiao.cn
bbs.pc165.cn
www.youlaiyq.com
bbs.pcauto.com.cn
bbs.pcsoft.com.cn
bbs.php.net.cn
boardmanbikes.com
bbs.php168.com
bbs.pp3.cn
bbs.pp597.com
bbs.ptbus.com
bbs.putbol.cn
bbs.qjzqw.com.cn
10762648.5sing.com
bbs.qzzszx.com
bbs.rainbowsoft.org
bbs.rayi.cn
bbs.rayli.com.cn
bbs.saltyweb.net
bbs.shart.cn
ekiden.puk.ro
bbs.shgj.cn
bbs.sinobuy.cn
bbs.sisterswz.com
bbs.souxin.cn
bbs.stormcodec.com
arturia.com
bbs.suizhouwang.org
flash-deck.com
tatiware.wop.ro
eroticmagic.com.br
revistaviajar.es
bbs.suzhou.cc
phai.nfdy.net
astro.cz
piorno.puk.ro
emprendego.com
komp.1k.by
culturame.it
www.dajuanzhi.com
19602.223344.info
bbs.tzi.cn
bbs.uc.cn
bbs.v007.net
bbs.v1v1.cn
bbs.wailb.com
jeromebrezillon.com
bbs.wapbmw.me
bbs.whjm.com
bbs.whjzw.net
bbs.wuhu.cc
bbs.xinji.net
bbs.xml.org.cn
espasserelle.net
bbs.yngsxy.net
bbs.yuzhouzhiwang.com
bbs.yz-jd.cn
bbs.zbinfo.net
bbs.zjwap.cc
bbs.zm7.cn
club.jrws.cn
bbs.zzjie.com
bbs2.mowo.cn
bc-coda.com
bc1116.com
bcjc5.com
bcnin.com
bcphtnnxai.blogtrue.com
www.smgay.us
bcplci.puk.ro
bcpratteln.ch
bcsj.cc
crystaldew.info
bcsp.org
bd.focus.cn
bd8.in
bdw.me
be.fo
be5.biz
logo-logos.net
beastsofthesouthernwildfullmovie.blogspot.in
smuc.ac.uk
u.youku.com
hakantanta.com
c.viavoordeel.nl
actiludis.com
almina.net
fsc.org
eichnews-online.com
exetools.com
liekka.com
beatniks.puk.ro
beauftrage.puk.ro
beauharnais.puk.ro
beauty.2hua.com
beauty.bobazg.com
dexters.co.uk
beauty.deviantart.com
beauty.xmnn.cn
bebimaci.blog.xfree.hu
bebop.puk.ro
bec-et-ongles.com
bechar.puk.ro
provincia.fe.it
becker-furniture-world-going-o.blog.hr
beckerat.puk.ro
bedall.puk.ro
bedash.puk.ro
bedayaa.webs.com
bedd.tk
emigre.puk.ro
bederfelijkst.puk.ro
bedia.puk.ro
bednar.blip.pl
bedoms.puk.ro
bee4.biz
www.dijiaqi.com
beechy.puk.ro
beeder.puk.ro
beef.co
beehive-trade.com
beely123.com
beento.tk
beepitett-butor.cgr.hu
thepaintstore.com
beepsanjuan.com.ar
befanden.puk.ro
befehl.puk.ro
beffroi.puk.ro
befgroup.net
began.puk.ro
raisowna.digart.pl
begavede.puk.ro
begehrenswertem.puk.ro
beginrij.puk.ro
beguina.puk.ro
begyndt.puk.ro
snapmedia.com
beheshti.puk.ro
behinds.puk.ro
behindthescenes.puk.ro
behsud.puk.ro
beiben.cn
fptsaigon.info
beichtge.puk.ro
beidu.org
beifangfaxue.fyfz.cn
beihaidc.com
beijg.in
lesliehindman.com
beijing.7kjia.com
beijing.jinruilai.cn
beijing.tigercity.net
beijingcc.net
beisnica.com
beiwei315.com
beiwody.com
action-collective.com
bejade.puk.ro
bekatlar.com
bekindtolawyers.com
beklagt.puk.ro
beklop.puk.ro
norton.mobi
beknepen.puk.ro
bekoringen.puk.ro
bekwarra.puk.ro
belarus.co
belazer.puk.ro
belfagor.digart.pl
www.tripadvisor.com.tr
belfo.puk.ro
belgi.com.pl
bellagio-cats.com
bellus.puk.ro
belona.puk.ro
belonk.puk.ro
kruthai.info
beltgica.freeforums.org
beltramiandcompany.co.uk
slubre.puk.ro
49vvb13.diandian.com
8hk.cc
www.nzihelmets.co
lurzdahk.edu.pl
1hourloansdirect.info
hervelegeraus.com
aroundtheworldin80girls.com
hotshare.net
chronocarpe.com
shia-media.ir
real9.jp
arbhoster.com
9sites.net
asuspda.net
aftnet.be
agffodbold.dk
prominere.com
etargoviste.ro
0900-cvservice.nl
9rank.com
colortrend.com.br
domain-history.info
189.3gbc.cn
deal-master.pl
www.chiponline.hu
ahgoobaby.com
ij.org
7-eleven.com.ph
paradoxmusic.cz
avmt.info
aanlande.puk.ro
ae911truth.org
kultur-news.net
shoppozine.com
palpi.puk.ro
anchorfreeweb.info
olatorun.blip.pl
www.amateurfilmsinhd.nl
2ndasa.com
gztimes.com
libuse.puk.ro
madamevoyeur.com
moscot.com
lastshopping.it
a-at.jp
palsra.info
capsworld.ru
mispay.wop.ro
slappyto.net
grafichenenci.it
findme.ru
alaqsaa.com
wvcombatsports.com
themelike.info
dz.focus.cn
tuoitreninhgiang.net
www.gdyuelong.com
brasilphp.net
aelchheb.free.fr
forema.it
kosakowo.pl
bacari.pl
9ytt.info
emergenzeonline.tv
www.xsbaxx.net
divine-music.info
denebro.com
kmvb.k3y3.net