mestskenoviny.cz
zgtuango.com
jcmf.upol.cz
atsuta.puk.ro
wycenawww.pl
cheap-linksjewellery.com
benden.puk.ro
dwingi.puk.ro
slubre.puk.ro
1evl1.deviantart.com
trackingdownuptimevps.org
tapada.puk.ro
www.viplice.com
sawuy.puk.ro
letra.puk.ro
sxdehudzyhde.blogtrue.com
ujed.mx
eksohr.puk.ro
viscus.puk.ro
thecars.ws
jungle.puk.ro
den.blog.ocn.ne.jp
www.tianheqq.com
www.xqgg.net
elizabethbanks.com
bloody.puk.ro
yw.0577bj.com
redish.puk.ro
www.plar.cn
soundstage.com
musub.puk.ro
www.egeeg.net
sachte.puk.ro
shibaharikhatiwada.com.np
palpi.puk.ro
changa.puk.ro
www.chuangyisc.uqc.cn
mendaz.puk.ro
kulturverein-lebenbrunn.at
wiki.eguan.cn
peteralan.co.uk
www.ya-k.com
hellen.puk.ro
www.dfuefysf.com
lighthead.net
metyl.puk.ro
miamin.puk.ro
vidian.puk.ro
www.kirch.ru
kencho.puk.ro
www.shengqian668.com
wilco1988.hyves.nl
fedare.puk.ro
katalogseo.net.pl
de3bedste.dk
sweets.puk.ro
usaco.skr.jp
steviescommuterblog.wordpress.com
fievi.puk.ro
jackiececilia.com
ninuke.puk.ro
ovillo.puk.ro
forum.vuontinhyeu.info
childcarecameras.com
guyuk.puk.ro
kyqymdwm.blogerzi.com
wiinintendo.net
www.inrx.cn
affaisserions.puk.ro
mikron.puk.ro
incarmobilephonechar.3ji.info
kaya.puk.ro
www.ccjlwj.com
youl.puk.ro
shoder.puk.ro
www.gzzhengxingyiyuan.com
www.xxx0123.com
a2.ee55.info
unherd.puk.ro
thewheelerreport.com
www.okyb.net
siwaku.puk.ro
artwolan.pl
yourstats.net
rb38.com
www.remaxedu.com
attend.puk.ro
www.jjtxx.cn
humebuild.com.au
www.meiyanjie.com
www.grashof.nl
www.tjzyp.com
www.922e.com
kanzou.puk.ro
www.0668111.com
a.tiantianse.info
kipmooney.com
www.qqphotos.com
bloggerjobs.biz
katalog-automobilu.cz
longchamp-lepliages.com
unsort.puk.ro
san-pablo.com.ar
xppq.nfdy.net
singlereisen.de
www.yaqiuji1.cn
www.cm.cm
reima.puk.ro
www.lvyougw.com
www.babyzbozi.cz
pxysorjive.blog.hu
www.52tv.cc
paulwagstaff.com
mmm789.com
fujis.puk.ro
www.888f.net
automobil-info.de
matchartists.com
omwipt.puk.ro
freebooks.vn
dpiphoto.eu
iiduka.puk.ro
www.das-helmi.de
hlkjywztbjkzg.1168.tv
zarah.puk.ro
divagavi.wop.ro
arcadia.co.cr
ekiden.puk.ro
linkbenefit.info
www.yfhealth.com
www.lylcjsw.gov.cn
adexchangeworld.com
www.wwwxp13.com
web-master-links.com
www.aaawj.com
kvadrati.info
sozcu.com.tr
netarteria.info
violette-aner.deviantart.com
amica.bemutatoterem.net
jungly.puk.ro
rodigarganico.info
www.shubaihui.com
bigblueberrysmile.digart.pl
csgia.org
migomex.com.pl
www.yyido.com
castle.fad3.net
pluche-kattenpakken-kinderen.istats.nl
merell.puk.ro
www.cafeanimal.pl
www.njycjj.net
mtn.com.sy
lvcorsetti.pl
scheisstag.de
kreishaus.puk.ro
www.wdhrb.com
isuppress.net
songsforteaching.com
bhagiratha.in
superautos.cl
kerbe.puk.ro
thatawkwardmoment.net
umotivateme.com
138l.com
dinbaghave.dk
farm8.static.flickr.com
wowwarez.net
gorau.puk.ro
knf.gov.pl
www.baltazar.sk
e-meteor.pl
jil.go.jp
domainmarkt.de
www.minube.pt
psu.hu
unfermentable.puk.ro
lvdapeng.120.net
ceas.cc
7-eleven.com.ph
www.gzwsasa.com
chaoku.sinaapp.com
www.rw89.com
kinopoisk-online.ru
abfallprodukt.puk.ro
www.viatoura.de
winnersworldcasino.com
fti.at
playpoker.pl
profiledefenders.com
pia-wberg.com
streept.puk.ro
www.nelkabloxerka.blox.pl
milady777.blogspot.com
www.dubaishu.com
kdrq.qiwen5.com
bechoco.wrzuta.pl
tribadism.puk.ro
paulina5230.wrzuta.pl
julita-fabiszewska.flog.pl
enveloper.home.pl
www.11sa.com
benc.pl
www.hsxinhai.com
muti.wop.ro
fa-t.ru
www.siteloop.net
www.cnmpr.com
quadronix.ru
saitamatoyota.co.jp
achaja.blip.pl
freecdtracts.com
freestuffcanadaguide.ca
sfat.info
talkingnewspaper.org
siebe353.hyves.nl
www.astrele.ro
kouloudr.wop.ro
hochvaku.puk.ro
pic.aili.com
raovatmekong.vn
karr.com.pl
www.coenen.nl
workinglink.info
www.zzz76.com
oldradio.pl
japandeep.info
the-men.flog.pl
krdl.info
quickreference.info
yibdav.info
w.uuunn.com
tysiacediamentow.cba.pl
energiaolcson.hu
netlima.com
8591.com.tw
ek33.eekk.org
www.botzg.com
ourperfectworld.com
atn.lt
zhaobailing.com
infos-zum-thema.de
guangxi.9che.com
antoinezone.net
nvren.vancl.com
educava.puk.ro
seo-shop.at
auzentech.com
luxurytyme.com
totohost.hr
www.syqczl.org
grovemade.com
cashforipads.com
www.bgs.by
zenoo.blog.so-net.ne.jp
xa2008.cn
akustiks.wop.ro
organizebookmarking.info
murtha.puk.ro
theaffordableseoservice.com
www.wxds365.cn
azarask.in
spinics.net
lifescrazyjoke.com
ecommercedemo.it
realestatelicensefc25.info
haocai.pcpop.com
www.hmzsc.cn
18ccd.com
budtrade.pl
grubba.net
vqzs.lizhidy.net
debt-settlement-tools.com
kepnosocjum.pl
yzwj.78.cn
zuzannahudzinska.pinger.pl
www.fasc.org.cn
firdaustech.com
jacksonville.craigslist.org
amof.info
www.usmoker.com
gksuple.pl
www.220dd.com
articleset.info
katbol.puk.ro
www.whjdshebei.cn
aleksanderbochenek.digart.pl
rxshop.md
www.guolichem.com
outbustl.wop.ro
tarato.info
solos.puk.ro
www.css88.com
tusfiles.net
stk-hradec.cz
buildyourchannel.com
revolucaoangolana.webs.com
linkseek.info
goubaola.com
26uuu-823a.tumblr.com
thisiscareof.com
virologi.info
anewme.digart.pl
freewebdirs.info
fiffe.wop.ro
downloadrockroll.info
briefkastenanlagen.info
oozo.info
vestidoparagorditas.com
www.lhxf.org
yuncheng.xinl.net
miczi007.pinger.pl
yumusica.org
baztabit.com
14liao.com
mrpartner.co.jp
baraje.wop.ro
5snm.qiwen5.com
tdarkcabal.blogspot.com
t.xungou.com
girlfriendgalleries.net
www.www.76me.com
wheelsetc.ca
lgblog.cl
gorving.com
csmetropolitan.ro
biopolicywiki.org
reiki-energy.lu
viviendosanos.com
amwso.com
devilscafe.in
myheritage.nl
gophp5.org
pacificvoyagers.org
primlenrema.blogger.hu
www.xmball.net
sateliteservicez.info
www.chaeg.com
devenirartiste.com
asxetos.gr
5wkr.nfdy.net
www.fjtd196.com
hellground.pl
passionofsweden.se
www.shundehk.com
oomisoka.wop.ro
dempning.wop.ro
damai.in
sportfit.pl
kimaron.com
rzds.gov.cn
www.zpzxw.cn
nptp.56dvd.net
uskleo.com
prestus.com.br
www.qqwm.org
internationalpromo.it
rpctv.com.br
www.itgg.com.cn
binaryoptions.ws
kefalonitikanea.gr
unitaangola.org
craftserve.pl
ruoyu.net
naillusion.hu
verstov.info
comulgar.wop.ro
sheqi.cc
expressoviagem.com.br
www.gzmengli.com
yusou.wop.ro
gevaarlijker.puk.ro
derby-betshop.ba
miuu.soup.io
aangravi.puk.ro
thirdage.ru
glanzer.at
retumu.org
lujian.fyfz.cn
www.yly21.com
strongbookmarks.info
galofrito.com.br
www.xekh.net
newgam.org
afilo.pl
ces.edu.co
kyszz.soup.io
precootimo.com.br
wontner.wop.ro
forumtransportu.pl
gretor.eu
varulv.wop.ro
fanic.jugem.jp
uriya.puk.ro
qh.1775.cn
thefrock.com
valyoo.in
heyprestomagic.com.au
keurings.puk.ro
deborahdachinger.com
hechima.wop.ro
adviso.ca
justa133.wrzuta.pl
www.aretesa.pl
2012cheapraybansunglasses.com
hollsopp.wop.ro
fgsy.qiwen5.com
www.ccswdk.com
vivaville.org
www.cczjyy.com
moontv.fi
aruhaz.lap.hu
webd.pl
dpva.info
topic.xcar.com.cn
wheatgrass-benefits-weight-loss33.webs.com
aatouch.com
louisiana.gov
iphone-occasion.fr
vitalbook.com
www.mn-123.com
nurizad.info
wprzerwie.pl
www.ahlxsj.com
sm6s.com
xingkong98.com
www.kael.at
bvbl.nfdy.net
ee44ee.12397.info
aquaqeen.digart.pl
bretoniere.hyves.nl
watchus.com
vtual.cdutcm.edu.cn
www.bedrijfsuitjesin.nl
www.xxcsxy.com
lasmejoresescuelas.org
brunoooomars.pinger.pl
assommerait.wop.ro
www.jtljx.cn
holzberewoeoerm.ch
sichuan.chinawutong.com
www.ec.com.cn
7gnomov.ru
davidgis.fr
bjsbrewhouse.com
www.maturedating.nl
sidekickcomicsuk.com
woodbywy.com
bbs.ph88.com
helpforsinglemother.net
clemsonlink.com
www.simplyhired.ru
zl.lv
7mar.qiwen5.com
kunming.cebn.cn
osu.ppy.sh
www.owww.cz
chooseveg.com
www.caigang.biz
hs.cjiechengwang.com
lcnlegacy.com
dijazzradio.com
zut.edu.pl
wange.im
www.q8dy.com
www.text265.cn
kids24.ch
cloneface.info
shijiazhuang.baixing.com
dell.wroclaw.pl
nissan.kz
centre-telechargement.info
cashadvances4u.info
otofotki.pl
haotelaser.com
praima.ru
imagra.ru
accecarono.puk.ro
bookclubshop.com
borkum.de
vgchat.info
leahremini.com
aandraafden.puk.ro
heiratsportal.de
upxsuccess.com
la-botte.com
nifx.210000.org
darknes27.polki.pl
yingshi.114la.com
hardfindelectronics.com
www.qc31.com
juancong.com
zeanballonline.com
gewinnspiele-forum.com
oleole.it
egoist.wop.ro
zzz97.com
hmjs.0937.net
customersquare.com
flipside.me.uk
innosystems.net
www.pos188.com
forkaste.puk.ro
der-poker-trainer.com
snapbackzoo.myshopify.com
tasbeha.org
www.lja.de
ventureli.st
fh-niederrhein.de
mui-ne.anantara.jp
jdzscq.zz.hntcwl.net
aandreas.digart.pl
uaau.info
searchpo.net
sicksidess.com
linkbuildingspot.info
lsaclookup.lsac.org
jxmgbs.com
bo3news.com
www.xiaoshulou.net
justynsmith.info
breadfruits.puk.ro
britecarpetcleaners.com
utbc.210000.org
bosch-eshop.com
chasyagoresanhati.blogspot.com
patternandco.com
najezka.cz
john-howard.org
hzbaykee.com
ursynow.waw.pl
sazla.com
6kkkkk.com
zylinder.sk
www.lingzhi315.com
lasky.hu
instantoracle.com
chachala.com
chinacwserv.com
www.vuwplp.com
find-itonline.com
www.mrmovie.nl
watch-gossipgirl-season2.blogspot.sk
speakersformp3.3nc.info
omg.no
movieslol.com
klairedelys.com
teu.blip.pl
cpa3y.net
municipios.mx
ankietka.pl
ao2.aiao.cn
hunjia.chengw.com
www.mmhx.net
bbs.6wang.cc
managerdefotbal.ro
mydatingclub.co.uk
gecombin.wop.ro
entoptoscope.puk.ro
phillypolice.com
larque.wop.ro
kasiaratajczak.digart.pl
automakett.lap.hu
jin-co.com
bihun.info
viaembrateltvporassinatura.tv.br
patazstudio.com
netjsp.com
docpdf.org
noipress.it
remotto.net
ozone.wop.ro
ipsw.k3y3.net
www.hx-my.com.cn
avellareduarte.com.br
iphone-5-store.info
espectaculosynoticias.com
jielu.org
klascement.info
shahab-moradi.ir
www.hm110.cn
leka.soup.io
www.yhy2.com
www.bscsm.co.uk
espasserelle.net
zchx168.net114.com
kowalskijanusa.digart.pl
fm1617.com
rwmanila.com
www.hnpr.cn
www.nnyb.cn
okhan.net
sharingthis.info
mahali.pl
rx.ee
cleotube.com
sqlite.org
hopl.pl
sazmtv.cn
www.feifankslm.com
gowp.ca
desunia.digart.pl
ggpet.com.hk
printer-spb.ru
robinmccue.over-blog.com
petrobest.pl
5stank.com
sputnikmusic.com
www.haizhu.gov.cn
shokubai.co.jp
www.jiancainet.com
linedance-neuhofen.de
vbpf.nfdy.net
www.cargoinchina.com
politiebericht.puk.ro
www.geerben.net
www.antaigd.com
ubbt.nfdy.net
www.5meibai.com
dopais.wop.ro
eltec.pl
fikejs.cz
alkabs.net
33meble.pl
bdadyslexia.org.uk
21directoryast.info
nicsieniedzieje.pl
amking.com
socialbacklink.info
websiterank.in
www.ynchuying.org
gralandia.pl
cyberxteam.info
pivote.wop.ro
go2article.info
bxzcw.net
gw321.com
moeer.wop.ro
armchairempire.com
ropeg-kemenkes.or.id
mbca.org
bols.com
youtube.com
siamanswer.com
chengdu.100che.cn
encuentros-jader.com
guihuaxiang.com
moncontratdetravail.fr
socialbookmarkingdel.info
kdy9.com
excision.puk.ro
plasmon.it
www.comseocn.com
kuaiw.net
richjanitor.com
oe-design.com
gcff.org
bumlux.net
mtn.co.ug
onomatol.wop.ro
clubbingabroad.co.uk
xcdz.jhgcw.cn
wb.88lb.com
www.miedzy.blog.pl
www.yyxx.biz
hbzyzs.info
deuteran.wop.ro
yasoo.ru
lamperonline.dk
ttu-jo.net
www.aussielines.nl
iannnews.com
blogit.idg.pl
www.rrk3d.com
www.5qq.info
geabonneerde.puk.ro
www.x2005.net
lectoren.puk.ro
www.4-6.com.cn
www.neta.pl
cgzj.210000.org
konpan.wop.ro
www.hmdyw.net
23u.info
bluebellsandseashells.co.uk
procuresafe.com
www.gmzzb.com
rusflat.ru
rompue.wop.ro
gohotrod.com
codelesbian.tumblr.com
mihata.puk.ro
whatsmywebsiteworth.info
zl.d98.us
bijie.baixing.com
haznevi.net
www.wangjinart.com
autonovedad.com
gxxo.net
goldasmith.com
ponyapepe.sakura.ne.jp
galej.wop.ro
realestateguidencetoday.com
www.kit.edu
cctvc.5d6d.net
slowbos.com
8c.contterrz.bee.pl
rosim.ru
sev7n.net
jisko.ru
atlanticalink.info
byjj.baiyin.cn
tricicar.com.br
bobbi.be
www.fm.be
spam-seo.info