crockerfuneralhome.com
bookmarkwebonline.info
dhome.pl
19u.info
www.sdjntckj.cn
thewebblendz.info
talao.flog.pl
www.toet.nl
bwgnccue.freeblog.hu
wiolczan.blip.pl
iyuki.info
blumenkohl.wop.ro
www.88f.com
uksteam.info
2click.pl
www.shallpack.com
comui.edu.ng
klammigs.wwwwww.wop.ro
heilrijker.puk.ro
creuna.no
xbox360cheats.com
livetvsport.org
poursuivrons.puk.ro
www.lhjtwz.com
verengun.puk.ro
www.os.is
www.0551bj.com
www.viwin7.com
listeado.puk.ro
www.9999uuuu.com
toyotetsu.com
patraswebradio.gr
iita.org
oj.gob.gt
www.ddcybu.com
peruano.info
tubewinner.info
cavalier-qp.a-thera.jp
shiweikzs.1168.tv
www.jsweb.org
acridan.wop.ro
ug.com.br
www.sxguochi.com
miximuesli.de
suspendiere.puk.ro
mameo.info
your-sounds.com
soodo.pl
pbca.biz
tripadvisor.jp
www.777za.com
akhe.info
hechl.info
traffic2web.com
clickersjoint.info
avatar.software.informer.com
waterkant.net
countbasietheaterticketsjddq.wordpress.com
dlmcdkkidk.blog.mongenie.com
edrc.cn
kamilb.blip.pl
fiat-bravo.info
quirks.com
www.99healthy8.com
zwierciadlo.pl
f0ur-stroke.tumblr.com
changjihuizuzizhizhouyibisi.fdchs.cn
3m-3m.net
rightscripts.com
huahui.blog.cd
worldcountries.info
www.gaonenbi.com
hyperallergic.com
971971.co
nadachu78.ru
zettelte.wop.ro
vortexwaterpipes.com
luckyshare.net
ustwrap.info
selfseo.info
uweb.net.cn
djembe-webshop.com
hanfa.hr
coverville.com
wet-shaved-teen-pussy.com
znanium.ru
myhealthjobs.com
fuckthesocietyfalse.tumblr.com
sabaku.puk.ro
rfidequipmentleasing.com
thobareisen.de
allsorts.typepad.com
obedienceuk.net
arbeitsb.puk.ro
sokuhame-99.org.uk
kidmoda.ru
at4re.com
johndyer.name
freediettips.info
encamonado.puk.ro
conexionesrazonables.blogspot.com
casino-aschaffenburg.de
taxi-ptc.info
reisebuch.de
melangeofcultures.wordpress.com
www.xoro.nl
ishawi.digart.pl
www.deru.hu
mindful.org
sptoptips.com
dazs.66law.cn
9tube.com
hongkongbusiness.hk
asntown.net
emailn.de
instylemode.com
artofzoo.com
wymianalinkow.info
atehenmei.com
jonesentertainments.co.uk
atap.wop.ro
jayashali.tv
funkbrothersauto.com
ecoritcenter-md.ucoz.ru
tehdot.blip.pl
xinghua.5food.cn
801a19.tumblr.com
abundance.org.uk
android-talk.de
armilit.ru
youshie.com
asia-investors.net
bumm.sk
gdansk.pl
htl-bregenz.ac.at
hupan.cn
navajonob.ir
www.zifandiaosu.com
jixie.jiancai.com
lekka.pl
lentejar.puk.ro
mhk.pl
nordnet.no
germonline.org
nozo.pl
ourstate.com
partsdata.de
pb.pl
schneidb.wop.ro
shmup-dev.com
robbiewilliams.pl
simpletop.net
www.xfedu.cn
seekthedeal.com
www.0473w.com
symbian-developers.net
tcw.de
www.chinapay.org.cn
www.gzxfkj.net
www.jiemawang.com
www.koral.pl
freelists.org
yrcedwzp.blog.cz
www.lagune.nl
www.ldl120.com
xinxiang.wed114.cn
zmnwzc.ycsyqn.com
markshangout.com
www.33668.in
begowk.wop.ro
anexpertresume.com
magnolia146.digart.pl
publicliabilityinsurance.org
firatnews.tv
kruszynska.pl
estadodegoias.com.br
betvan.com
ccccnn.com
articledirectory.tk
daily-mail.co.zm
ijktkeyo.blogger.hu
www.sexmetoma.be
www.hemelke.nl
diepauschalreise.de
avisen.dk
fitinnovationmag.pl
studioproteo.net
www.jswjc.net
www.kzfj.net
newporntube.org
localdirectorypr.info
by-annabelle.nl
www.nchr.co.nz
tui-guang.net
www.zjsse.com
viewpad7phone.7m0.info
www.stock.vc
ilamed.org
wwef.011r.com
www.deemoz.org
hesinet.com
psaparts.es
copyrightfrance.com
chuaizhe.com
uppic.org
greenerprinter.com
ruez.eu
solar-partners.jp
3600safe.com
app-lead.jp
www.mediagraphics.biz
avisa-valdres.no
alphabird.com
bestelectronicbook.3ji.info
imenicka.cz
www.desenelecopilariei.ro
namikogahier.com
presse-station.fr
japanautopages.com
www.gongnuw.com
royall.puk.ro
kccr.265link.com
yulin.sxrcw.net
gunya.wop.ro
gus-pkd.pl
plancardlen.blog.com
comlex.de
safadairy.com
www.boheke.com
arabsexporno.com
gana.com.co
www.comx.nl
97gan.info
alejahandlowa.pl
viebrock.de
feuerwehr-poettmes.de
rahmen-manufaktur.de
rpj.su
65daigou.com
beyondhello-themirror.com
androtransfer.com
www.c3604.com
wws.ru
bizmakebiz.se
www.yinqq.com
kssthlluas.skynetblogs.be
www.1mag.cn
oriononlineshop.com
www.jjj456.com
169gold.com
fjaet.9r.ro
inblurbs.com
www.isso.nl
wvv-volleyball.de
windows7codecs.com
6if.info
xxxelfxxx.com
amaril.puk.ro
forums.netduino.com
interbytchim.ru
dimaonline.net
www.0936zp.com
a4deskpro.com
stacy.kz
shop123.com.tw
refang.online.sh.cn
csdb.dk
manufacturingsoftwarez.info
therearenosunglasses.wordpress.com
ie-api.jp
ascon.ru
whitman.edu
job.dhu.edu.cn
napped.wop.ro
vidarbha.in
connectria.com
www.ap-gangbanwang.com
www.tool7001.com
wpgb.com
waybackmachine.de
dioson.com
e7lai.me
applegatefarms.com
olavach.fr
kouson.wop.ro
www.ymxzx.com
medianet.at
bytter.wop.ro
akci.210000.org
wwww.777ke.com
liveme.org
www.dwcyp.2008red.com
realnavi.net
gorenje.de
www.nashnyclimo.com
antje-ruppe.de
jorro.wop.ro
rtlp.org
www.erc.ndhu.edu.tw
psetta.wop.ro
dhj.78.cn
www.dongguang118.cn
www.chuanqifuzhu.com
vfj.co.jp
itaka.wop.ro
samnbk.tumblr.com
pinkdolphinonline.com
www.jjybj.wanye68.com
deadlinelive.info
mouht.wop.ro
www.qygqz.com
dangag.dk
lesbisecrets.com
kiezfunk.net
daunii.wop.ro
puitis.com
www.unibros.com.cn
xxmj.nfdy.net
benefit-skincare.com
08hk.net
www.icib.com.cn
alliedweb.net
www.argus.nc
www.zeed5.com
sshuai.com
madang.wop.ro
crapo.wop.ro
endogenen.puk.ro
taikongczppb30mi.1168.tv
www.meo.pt
pomidor.89.pl
adamart.digart.pl
hnnawbbqb.exblog.jp
9798109.5sing.com
vagyakvilaga.info
www.chatsubaki.jp
computerleasing.7gt.info
sjvmr.net
530wiki.sba.uwm.edu
www.aiyanyu.com
isurvived.org
gamblingnet.info
dourody.pinger.pl
hamstrun.wop.ro
www.nnuh.nhs.uk
www.tenxx.com
www.webmd.hu
hani.wop.ro
stockbee.biz
seofilelist.blogspot.in
www.zjj.hh.gov.cn
yamame1969.naturum.ne.jp
toutoi.puk.ro
www.msf.org
www.dgbjfw.com
suministrar.puk.ro
onsan.wop.ro
saitamatoyota.co.jp
pohodnik.info
fuei.wop.ro
electrozen.com
mieszkania.info
crays.wop.ro
wsxq.com
www.deppon.name
compotor.puk.ro
besthealthsecret.com
interlat.wop.ro
spll.qiwen5.com
peindrons.puk.ro
vw7c.nfdy.net
listener.co.nz
reta.wop.ro
naszywki.com.pl
aangaf.puk.ro
rc1.reformal.ru
legendsofold.com
jwzssyvyx.freeblog.hu
www.gaylover.be
lubgol.pl
flxw.nfdy.net
www.gxxo.net
press-service.info
fastncheap.com
zgwt.k3y3.net
www.woitea.net
aangravi.puk.ro
gezy.nfdy.net
insufflais.puk.ro
www.afs.hu
greatshop.info
egressus.digart.pl
aobibao.com
wiki-westeros.cba.pl
www.maykie.nl
searchingsenior.com
www.guosk.com
articlesites.info
www.121tianqi.com
www.987nv.com
www.1990cn.com
www.net187.com
zerostiri.ro
www.61xxoo.com
ct-asachi.ro
room-runner.info
www.chequer-board.net
wobole.cn
www.hbtygs.com
viralize.us
digitalab.co.uk
hutaobao.tk
vissais.wop.ro
www.9-4.com.cn
www.iaround.net
cie.ru
www.ipbes.net
2glq.qiwen5.com
yktj.yzz.cn
sichuan.tzooo.cn
design-remont.info
afgedane.puk.ro
ru.hu
euservice24.info
yalta.hs5.ru
linkbuildingpoint.info
bithub.r.gd
saulijdo.freeforums.org
www.hushiedu.org
rivierasun.net
www.fygk.cn
thight.puk.ro
www.twinkids.nl
yida05.8cn.so
www.5460shop.com
avto-ug.ru
www.donalynparker.com
beisnica.com
comprire.wop.ro
laremix.com
www.chinacham.hu
0533.tv
www.xenke.com
interz.jp
popmarket.com
tat-removal.net
navienamerica.com
avanzamm.puk.ro
g-net.com.ua
watchesfun.co.uk
torsteindahle.no
www.chuguohome.com
www.iamhukai.info
njzz.ningbo.gov.cn
domystuff.com
www.maka.cz
mp3asi.info
xingtai.baixing.com
szuperblog.szuperblog.hu
perellandra.deviantart.com
www.mv01.net
kereskedelmi.hu
vouwblad.wop.ro
nigeriajobs.co
usj.edu.lb
gaumonttv.net
www.entive-rqz.com
pococurante.puk.ro
statefundca.com
razohana.com
richter-frenzel.de
uitmondd.wop.ro
lobbes.nl
www.xxkd-hk.com
the100lists.com
euro-parts.it
ajanlasok.info
fungo.tw
discountoncoupons.com
businesshealthinsurancez.info
wmuk-apache.co.uk
www.dpac.gov.cn
xpert.ru
dzshops.com