www.tmoll.net
jr12.net
cicku.me
linkuk.info
domo-to.info
pydvps.com
metersbonwe.com.cn
platoscloset.com
vegasvip.com
www.91bobo.info
bobchapman.blogspot.com
vdown.info
www.xinzhan8.info
www.orareo.nl
ruciadera.wop.ro
kk44kk-115a1.diytrade.com
learndrawing.com
www.985auto.com
www.v55555.com
standardkabeln.utilstre.spunti.wwwwww.wop.ro
www.cnmzfs.com
dev.joomla.fr
8614.zhua.biz
webstatsdomain.com
www.dolmobile.com
foerde-fishing.de
www.yygan.info
zeina.wop.ro
jerifiano.wop.ro
wwwfc500wang.com
nscc.ca
actisante-shop.com
ostseekreuzfahrt24.de
www.kmtsly.com
szsxhdsj.qqkkaa.com
jddw.qiwen5.com
advanceyed.com
youdoze.com
y8ah.qiwen5.com
caihao.com
dillusio.wop.ro
swigin.com
www.chinahuashang.com.cn
dejoie.puk.ro
travelwiki.nl
peristeropodes.puk.ro
www.dlxj.org
webb-site.com
marspedia.org
zerrenden.puk.ro
www.sexdochter.nl
patarak.blog.sme.sk
www.endurance.pl
72t1.210000.org
thewoolhousetoronto.com
firstup.info
www.olaszbor.hu
oleodecoco.com
uhuru.wop.ro
zbxy.nfdy.net
www.txyjhs8.com
www.palms.com
onmu.qiwen5.com
bzht.210000.org
kmvb.k3y3.net
deine-zukunft.net
www.go2xm.com
elasmobr.puk.ro
sachsbikes.jp
schutkol.wop.ro
mctreadiness.com
fietscross123.hyves.nl
picworld.ir
toranomon-ichiba.com
www.nkpc.gr
trsseltzh.mixxt.pl
unadmiring.wop.ro
708090100.cn
kakatech.com
www.nvlt.nl
coloriety.com
01hu.net
dhanaarsega.blogspot.com
fly2lan.com
queenofescort.com
ioi.prv.pl
shootergaming.com
www.lncc.cc
extramina.in
airplaydirect.com
www.t523.com
wap.jtmw.info
sociale-commerce.com
serenacancun.com
jpehouman.com
sindbad.pl
www.shuiguanyin.in
concrete5-cms.de
chinfui.wop.ro
overtroa.wop.ro
uncalk.puk.ro
xtubx.com
perfecto.wop.ro
speeltaf.wop.ro
valuable-and-free.info
sonicomusica.info
dimostrai.puk.ro
e0580.cn
zac6.qiwen5.com
spyrosol.com
ssl-id.de
www.sosoyy.org
hjelpepo.puk.ro
fsnhg.taobao.com
kobus.digart.pl
beltramiandcompany.co.uk
hvilken.wop.ro
yusou.wop.ro
jobananas.com
www.renrendvd2.com
onlinebusinesssolutionsz.info
thomala.com
bernerio.wop.ro
www.rbscl.com
soda.tv
jmymh.com
wext.210000.org
ztwoman.org
cwch.xsyu.edu.cn
08nm.com
vyak.210000.org
www.4489.net
travelinfo.ca
onoranzefunebridario.it
3pah.ir
engrangions.puk.ro
gouwu.wshu.info
tributestream.com
support-intelligence.com
www.45920.asia
i.m.fm
soft72.com
pulsstacja.fm
www.kkdyw.info
www.jiuxianwang.cc
xixichengyuan.com
slotregel.wop.ro
1pcmarket.info
sktrade.jp
rzvj.56dvd.net
bakelovenotwar.co.za
www.sxxkl.co
ottoschulzephotographers.com
netsolutions.in
winscrabble.com
zgred.pl
cambridge800.es
nationalaffairs.com
midu.info
berusky.eu
badiane.info
tvinfor.com
zentrada.de
bgz.xxx
2kw.net
agarik.fr
websitelists.info
isozial.so
seamanfan.com
affairs.puk.ro
elmar.ee
oneworldonewebsite.com
itbites.com
chl.soup.io
unicochicago.com
edilcostasarda.it
myprojectupdates.com
amupmdc.org
www.ujiarmy.net
qute.biz
japanmgp.com
newsday.co.zw
richardleggett.co.uk
unifor.br
localjoespizza.com
cunxinh.soz.vn
watermelontube.com
tezima.wop.ro
kenchristianonline.com
yingkong.net
www.uithuis.nl
izawit.home.pl
www.jetpak.ee
werde-unsterblich.info
counterstamp.puk.ro
zolushka2010.ucoz.ru
douyy.com
esmokeronline.com
webbingstudio.com
www.wjyyfck.cn
www.025rc.net
turcjaturcja.wordpress.com
rmtj.net
mirfilmow.ru
www.55599.cn
bbs.inwesky.com
hqsupport.hyves.nl
www.cnc-engravers.com
111zy.info
sadf.asia
educationviews.org
yougedi.com
anas1.com
www.tellows.se
an.pcgames.com.cn
mianmo51.net
augustasportswear.com
puiserio.wop.ro
foodandlife.com
www.cctv40.cn
utrangerte.wop.ro
wprzerwie.pl
www.jinankc.com
tu-chemnitz.de
republiquedessens.com
www.dubbelepunt.nl
www.dipu.cn
wolfgnards.com
www.yaoyaojiameng.info
deniru.wop.ro
zokuraku.puk.ro
www.insecure.org
77link.com
megajeugdkoor.be
snay.210000.org
www.moreparty.cn
bbgyy.com
imbolt.com
p1u6.k3y3.net
visitcalifornia.fr
my-mazda-3.ru
ithinkthatshot.com
yshdkt.6c8.org
geist-reich-trinity.deviantart.com
classifieds777.co.uk
abalakin.puk.ro
rumahtanahbali.com
www.aliyh.com
vingert.wop.ro
www.tokyo-keizai.co.jp
49cao.cn
host.sk
findanopportunity.net
torquayunited.com
www.dqsdh.info
www.xxt139.com
xiefashi.info
613631.com
watermillholidays.co.uk
cl.orc.st
gabot.de
zippyshare.me
uzdatniamywode.pl
www.sfrd.cn
comberstame.blogsalbum.com
012magazine.pl
vtual.cdutcm.edu.cn
zsp2.edu.pl
www.llqws.com
www.456088.com
pzcrtosntw.blogdetik.com
jtcdesign.com
0898abc.net
toryburch.zusl.com
qmlandqj.eju.cn
telx-orders.com
ds.joymain.com
truthisscary.com
zt.qutao.com
www.app111.org
et1y.k3y3.net
webstyles-chinese.info
www.skinfit.eu
bykjpx.58.com.cn
westernherbal.com
www.64vvv.com
pbwyflrlcl.blogger.hu
dhl-bj.net
www.666we.com
www.ainuoge.com
www.nj.gov.cn
www.qlcom.net
childrenofpokot.org
zoldvilag.info
skatter.se
tnttorrent.info
download-kid-cudi-ringtones.blogspot.ca
360.sqxlh.com
medinaonline.se
room-ayaka.jp
www.sao678.com
www.cztkw88.com
jutaowang.com
bestelvis.com
global-relations.de
z77v.com
weiming.info
donators.wop.ro
gameclan.pl
chazy.wop.ro
cj49.me
hk68bc.com
australiansuper.com
colmena-arp.com.co
0818school.com
bounce-away.org.uk
tdxl.xdf.cn
www.dog58.com
swe.mit.edu
liwuyou.com
jlpsw.gov.cn
www.loveheng.com
oocl.com
www.gzrf007.com
www.cdipit.com
sjapten.wop.ro
classedin.info
babbee.com
musicalchairs.info
rpgamer.pl
spianai.wop.ro
www.ms99888.com
massage-rooms.ru
paslek.wm.pl
www.hlfp.net
officelist.com
green-jumbo.jp
kontrakan.org
puls.lv
testmart.cn
www.leiyun.me
5mfz.com
www.wtxgs.com
www.yijiawang.net
wrestlingzone.info
www.glassbeads.hk
yx.k6h.cc
mc-com.de
keywordtiger.com
hdts.ru
www.tjgyhzs.cn
minisite.dk
www.hubfda.gov.cn
nozokino.net
opswat.com
baumeandmercier.blogbugs.org
iie.org
outlawsmcworld.com
supercochonne.com
dinmat.no
shabiba.com
yxgz.cn
siamusic.net
7ba.ru
lokotopia.com.br
www.geigan.com
36tui.com
tabulorasa.info
www.tsxdnk.com
profitspot.net
veen.com
balinger.puk.ro
roundtheworldtrip.me.uk
robnroll.deviantart.com
freekingflakes.de
www.t35.com
ogbah.wop.ro
www.poznaj.sk
theses.fr
chooseyouradsads.co.cc
zhaokf.com
www.qqyst.com
www.jinmen.cc
cehuan.com
www.webpark.ru
www.hnga.gov.cn
itypqmiik.blog.mongenie.com
www.lvbanwang.net
4kbbs.com
elhora.info
www.zicai.cn
mailchimp.org
www.4006401518.com
kite4you.ru
optes.wop.ro
alpenglu.wop.ro
tecnologiafacil.com
www.plusacademia.sk
guzikprawda.pl
xlunwen.com
szaaa.com
ccftn.com
qchsw.cn
mqvs.nfdy.net
xixidieyuan.com
womenstuff.info
mondeos.pl
zioale.it
nessus.at
www.haixia.edu.cn
mokume.wop.ro
uncrafty.wop.ro
dodatkinabloga.pl
www.dd87.com
acfli.webs.com
hostrightnow.in
hotfunnysms.com
alexon.co.uk
freevns.net
findroulettecasinos.com
www.newpb.com
www.goshopping.nl
lsodiuf.at.lv
schaarhout.puk.ro
www.bcallaccess.com
deadmanzpitbullz.com
fatbacks.puk.ro
www.waimao1.com
p2media.pl
seotoools.com
9888.hk
9y5.info
poloniaonline.eu
afgevare.puk.ro
procarcare.com
reimplan.puk.ro