commercialphotographydirectory.info
al-nukhba.ly
665561507.7190.cc
66ad.net
68flash.com
6bao.net
appu.corrigio.tiratiros.bewegliche.screenwi.wwwwww.wop.ro
6bjl.com
sequential.wop.ro
pankadj-944.hyves.nl
6hcwt.com
www.somfygarancia.hu
6hgc.net
bk.com.vn
freshminds.co.uk
bkevine.net
www.xmjqw.net
bkpnk089.blogsport.de
free-solutions.de
bl-portal.de
black-and-green.de
brulegge.wop.ro
btn.ir
facebooksky.blogspot.com
bungee.co.cr
hdf.com.pl
trainershouse.fi
bwxv.210000.org
hunn.wop.ro
chabange.puk.ro
shishaku.puk.ro
justin.tv
cricketplus.info
fpharmacie.com
dailygamecock.net
www.reestdal.nl
nded.it
www.js-n-tax.gov.cn
deadlier.wop.ro
avenin.wop.ro
dentalbraces.com.au
shua.in
obuvohun.r.gd
iyobfuqglihm.blogtrue.com
donga.puk.ro
bravejournal.com
dukascopy.com
pianotio.puk.ro
duplexers.puk.ro
qdno.nfdy.net
wdrv.com
rios.pro
dusha-loca.co.il
kolkatapolice.gov.in
blog.pacificlegal.org
dustfreepc.com
estoreadvanced.biz
faldxgzqfr.blogger.hu
fannywang.com
fenglintianxia.soufun.com
1sexhotlatin.a-liveprivates.com
fhcwiki.org
ficeler.puk.ro
spotlesscleaningchicago.net
fjpkw.com
www.jiuse123.com
fortunaweb.com.ar
fostyle.net
gannan.66law.cn
gaoyuanhongjn5f.1168.tv
jackrussellterrier.ru
garethwalters.com
shahblog.net
v.0351nv.com
tchatoucam.com
goldentouchrecharge.com
www.geileblogs.nl
golf1.info
goniopholidae.puk.ro
graast.vergammelten.wwwwww.wop.ro
vnews.com
gtesports.com.au
gzbqgs.net
hao.b2b.biz
hatena.ne.jp
www.argus.nc
soberania.org
hdfcbank.com
hsy.78.cn
www.568tao.com
lovenmarry.com
odkrywamy-talenty.pl
b2blocal.net
indiawildliferesorts.com
wakou.wop.ro
han-han.info
amateurpornvids.net
cysjw.78.cn
perfectsociallist.info
ogrodnictwa.pl
x8kk.com
saratov.ms
www.68uzz.com
techandmobile.info
fridayfullmovie.blogspot.dk
autodiscountgroup.com
ejdsrmffalot.blogtrue.com
52xing.info
www.9anla.com
6ddd.info
copts-arrivals.com
theitpgroupir.com
t.xdlinux.info
www.001union.com
xoops.lap.hu
imadislam.com
zlix.tk
calis.nju.edu.cn
alla.nl
www.lanova.nl
terase.wop.ro
eskapizm.blip.pl
www.kk999.info
showmuch.com
www.cqsloa.com
nkr.am
dinamize.com.br
cpu8pin.7ic.info
zandkeve.wop.ro
carolinkie.digart.pl
2455.hu
azurimmo17.com
baza-dziecka.pl
botmaster.pl
investmentpropertyseminars8mti.info
elektroauto-gebraucht-kaufen.de
xn--wein-vergngen-5ob.de
bookmarklink.info
w168.info
zattiero.wop.ro
88zz.cc
zhaoya.tk
hinshibu.puk.ro
farmes.puk.ro
lavani.wop.ro
vaporizing.wop.ro
skiresort.de
charter.net
chat.hntz.org
quockhuyen.vn
chat.lwtv.net
chat.whinfo.net.cn
chat.wyw.hu
chatmoneywin.blogspot.co.uk
nationalpetregister.org
3gcm.net
chato3-cham.blog.so-net.ne.jp
chawalag.puk.ro
ijye.210000.org
www.htmlresource.com
www.2ktxt.com
1hz.cc
www.lpev.nl
167e33.tjtongdai.com
cheapflightstothailand.com.au
camergroupusa.com
cheapjordanshoe2012.net
soft.jx-sptjj.com
cheatersfullepisodesjgl.wordpress.com
odnoklassniki-adv.info
bqspa.com.cn
evep.nfdy.net
orlidom.pl
gsia.265link.com
ticketingboxoffice.com
rborn.info
rokked.net
avisrefe.puk.ro
articlewritershub.info
checheng123.com
vuix.210000.org
chechuang.sdthsk.net
check.bpn.vn
memo.hu
checkgooglepr.com
tigerlee.me
www.yuhong.net.cn
achras.wop.ro
iphonesa.co.za
checksiterank.com
1182.org
checkwebvalue.com
rr3r.com
cheerer.puk.ro
nscc.ca
zl.5law.cn
cheezmovies.com
chefk.com
chefmikeroemhild.com
www.a4uforum.co.uk
chelsea-carpetcleaning.com
banggia.ssi.com.vn
guide-book.org
chelsea.co
chelsea1992.fecsegj.hu
chemgio.bigphim.net
tvshack.net
chendomain.9998.tv
chengducc.net
chenge.blog.51cto.com
chengxin528.com
xaxtzs.com
chenruinet.com
chenshubln.webpromooffer.com
www.taxihome.net
chercheurdelumiere.com
coronifo.wop.ro
chew.puk.ro
cheyenne.cn
chiasmatype.puk.ro
chibi-uchiha4.deviantart.com
chichi-rimayansy.com
chicksto.puk.ro
chidian.esaygo.com.tw
freunde.com.br
china.cv.ua
china.eb80.com
china.soqi.cn
chinahdtv.org
chinanetedu.info
chinaohr.com
www.725dy.info
chisso.puk.ro
chisum.puk.ro
www.tskyp.com
chitosi.wop.ro
7hiv.265link.com
snyggt.wop.ro
whro.org
yulin.sxrcw.net
aangevij.wop.ro
rxlmdh.us
chizhou.tielu.org
chm-pdf.com
chmelic.net
chn.lotour.com
www.gljet.com
chofu.keizai.biz
choice.co.nz
chongchuang9.sdthsk.com
www.sexcam-sexchat.net
chongw88.com
chongzuo.bgo.cn
chopear.puk.ro
chouzai.puk.ro
chozou.puk.ro
royaalst.wop.ro
christianloutinsexyshoes.com
chrzanek23.blip.pl
y9pq.k3y3.net
chuabenhtimmach.suckhoevietnam.info
chunqiujueyu.fyfz.cn
churchofchristprnque.org
chuusou.puk.ro
www.kagneen.com
chy.cc
www.syzszx.org
chzhjd.com
ciads.com
ciblexo.fr
cichoo.digart.pl
webgarden.at
ciconioid.puk.ro
rcanblog.com
cid-ebfe42d31479b3be.skydrive.live.com
ciddiask.com
www.pxtk.net
cielosereno.it
www.nso.mn
cielsasukekamui.a-thera.jp
cigarettes.typepad.com
radu-tudor.ro
cigola.puk.ro
twb.ly
cigolero.puk.ro
www.6300.cc
cijnsplichtig.puk.ro
ciljope.xtgem.com
lusitaniatradition.com
cio.cxo.pl
www.yfyyc.com
cioshio.com
circolosanmartino.it
circonscrivions.puk.ro
circuit.blog.so-net.ne.jp
eauk.nfdy.net
cirimba.puk.ro
cisf.nic.in
eros-tube.com
cita.lu
www.amur.ro
citec.cc
antyamy.digart.pl
citrixonline.com
awek.210000.org
mybenz.org
www.daocy.com
miftg.1168.tv
5x5x.info
cjwq.2000y.net
gkgk8.com
cksmh.gov.tw
ckx5.com
lxbp.nfdy.net
cl.orc.st
netv.pl
clan-wod.dk
claranet.de
finance.most.gov.cn
claremanson.deviantart.com
www.sexmmrt.info
clart.puk.ro
realsex.jw.lt
classdrive.net
haishun88.com
classichostess.com
martinspechtphotos.com
claudia901.winblog.ro
claypoolseth.tigblog.org
clean-energy-ideas.com
euro-kitchen.com
dorsi.puk.ro
clearlyyoung.net
jasonomahony.ie
clevelryta.blogger.hu
cligotso.freeblog.hu
hesermi.freeblog.hu
climateroofing.com.au
tuttostranieri.it
clipxxx69.info
klaziena12.hyves.nl
clitsnotdicks.tumblr.com
closhow.cn
wakacje-polska.pl
clown-und-roemer.de
club.hmz.cn
clwbrygbi.com
678ct.com
clyde.flog.pl
cm8.jp
www.913hg.com
cmancn.org.cn
cn-midea.com
www.zgyyw.net
arab-torrents.net
mystars.com.br
cn-zjj.com
cncook.info
cn.fmcchina.com.cn
cn.krypt.com
spisstron.pl
cnc.sdthsk.com
cnease.cn
oznaczenie-ce.pl
cnpc.me
cnporter.com
cnzhanzhang.com
coastal.edu
povisa.wop.ro
codeclub.org.uk
churchia.puk.ro
codeflow.org
feed.feedcat.net
codeine-shop.net
codelesbian.tumblr.com
coeldership.puk.ro
akci.210000.org
coelopla.puk.ro
cognera.puk.ro
songe.digart.pl
cola-hotel.net
cold10.com
colg.cn
collection.chinaluxus.com
www.ndcnc.gov.cn
collectionslink.org.uk
college-contact.com
column.chinabyte.com
comune.prato.it
colupi.de
www.weetix.fr
com-meilishuo.com
www.lnzjmy.com
konstell.wop.ro
com-web.cn
com.tolook.cn
com8.tk
www.pirazol.hu
combatpoetry.com
comm100.com
raftingsport.com
commensalist.puk.ro
comment4.news.sina.com.cn
commerceapp.yahoo.co.jp
reallylinux.com
comoj.com
contao.pl
compan.ru
complico.puk.ro
compucelonline.com.br
hec.fr
computerworld.pl
computex.org
comtugua.freeforums.org
bialasol.wrzuta.pl
comunize.com
comyr.com
awq2.gn2012.com
concernaient.puk.ro
www.bmt7.vn
conestee.puk.ro
confectionna.wop.ro
dunedin.govt.nz
ama.com.au
confoo.ca
xurixuefuhy.soufun.com
conforming.puk.ro
conifero.puk.ro
holidaygoer.com
conjuncture.puk.ro
bigasslover22.tumblr.com
wislalive.pl
connossementen.puk.ro
www.atk369.com
conoscessi.puk.ro
angol-magyar.hu
constantinum.hu
contrail.puk.ro
www.selenaonline.org
www.debruijnhaarmode.nl
goctn.wap.sh
contrebasse.puk.ro
convore.com
tornano.wop.ro
cooc8.com
cooh.pen.io
07358.com
cookipedia.co.uk
cookville.puk.ro
fzmfkj.info
coralgate.co.uk
5ye5.info
corbeling.puk.ro
corneliodigital.com
cornerstoneelkhart.com
vancl.cn
cornwallchinese.co.uk
corporif.puk.ro
bytzbiorowy.pl
corvettegigi.com
coulailai.puk.ro
counterfort.puk.ro
chestionabil.ro
www.aktivist.pl
couples.fad3.net
courant.com
coursefacilitators.com
cowansvi.puk.ro
cp.cnball.net
cp9e.com
cpa315.com
cpdlzs.78.cn
cps.qianshou521.net
cpu.it168.com
cq.xywy.com
cqfc.cc
cqgangneng.tzsb.cn
cqy2004.com
cracksites.com
l4x.org
crackskull.puk.ro
crandelltheatre.org
hdc.edu.cn
crash-power-radio.de
craved.puk.ro
www.big-discount.org
crawli.net
918cp.net
crax.pl
baratnoszerzes.hu
creanotive.com
dubaievents.ae
crear-paginas-web.blogspot.com
code-snippet.co.uk
pztrn.ru
kiezfunk.net
dhf.org.tw
ccftn.com
creativeintensive.org
ilovetech.it
dogleveedish.com
aranzadi.es
www.ks-chaoshun.com
chachala.com
www.20yx.com
avangarda66.za.pl
www.iwavecn.cn
www.sinf.se
creatr.cc
wie-ratna.com
cred.nu
creepshow.blip.pl
thebullyproject.com
crime-wiki.org
www.zuqw.net
crisse.puk.ro
critical.puk.ro
vxnu.210000.org
crome.digart.pl
crossfitmurphy.com
crosswear.hu
woyetaobao.com
crow.puk.ro
crufties.puk.ro
www.docj.tulv.org
crune.puk.ro
cruzdesigner.com
cryptogon.com
cryptogon.net
cs.008.net
cs.888ao.com
csccm.org
cschangrun.com
cscomputers.com.au
csd5.com
oiik.tk
csepeli.hu
csgonetwork.com
rouletti.wop.ro
csillus85.fecsegj.hu
csmtjm.78.cn
csoergo.puk.ro
tjkunwei.com
csolck.com
csspw.cn
csszandi.fecsegj.hu
cris.flog.pl
csyp.jmw.com.cn
ctcar.com.my
ctcbcreditcard.com.tw
www.jyo.cn
ctct58.com
ctsorthodox.info
quickserials.info
cuchot.net
www.dy987.com
www.nabhi.nl
culturachianti.it
lescatoledellemeraviglie.com
culturerooms.com
cunabular.puk.ro
cup8848.com
cupe.bc.ca
curepsoriasisv.com
hubmilan.com
current.com
currentcity.org
vebanet.pl
customink.com
cicku.me
cvpxmvfb.blog.cz
www.111k.cn
cvsphoto.com
blog.voce.ro
cvtwg.puk.ro
kloa.wop.ro
cwkgfwlxzq.blogdetik.com
cxjyxx.me
cxwx365.com
sas.unl.pt
cxxcsd.playz.it
cxxk.210000.org
wikipoliti.org
nvnet.org
cxzyx.blog.163.com
strava.cz
cyberdesignworks.com.au
cyberforum.edu.pl
visioncritical.com
cycling.puk.ro
blizoo.bg
cycyxm.78.cn
cyjm.9998.tv
cys8894856.cn.alibaba.com
cyw.tw
asianladybugs.webs.com
cz.360.cn
czbohui.net
czhsw.com
www.euroinvestor.no
czsj.net
czt.lygbst.cn
czwl.com
www.ssgp.cn
czxlyzj.blog.163.com
amandawakeley.com
czzyx007.blog.sohu.com
d.veve.tv
ifen.me
d1kd.com
d4ddd.com
d4syy.com
d89.cc
d975.com
dabo.me
www.xx920.com
dabokush.wop.ro
www.free.de
dabrowsk.puk.ro
slackware.pl
dachuanwang.tianya.cn
daduzichahk.1168.tv
dae.pinger.pl
daffodilvarsity.edu.bd
merell.puk.ro
www.xingguangdad.com
dagili.com
daibin.info
chache88.wanye68.com
daihiki.puk.ro
www.centreceramique.nl
www.lh100.com.cn
daikatui.puk.ro
daily-feeds.com
dailybooth.com
dailymotion.r.gd
dailystrength.org
daiwgnamitra.co.in
hematuric.wop.ro
greenvillehousing.org
landbond.com
inasha.wop.ro
www.nvxw.4f9.org
fzjm.78.cn
foromsn.com
cq.ct10000.com
www.cafte.gov.cn
oldgamesclub.com
j.mp
mos-window.ru
tratto.wop.ro
yoppic.com
coool4u.com
www.orareo.nl
applexos.software.informer.com
nextcool.cn