santiagodecompostela.org
sdia.210000.org
nissanterepjaro.lap.hu
www.010ugo.com
sem-one.de
shisu.flog.pl
giaoluutip.com
zolza.digart.pl
silice.wop.ro
simpliciousmag.com
speda.info
sj2.ru
cinewarez.net
kevinmaher.info
smzt.baomihua.com
end3r.com
alud.wop.ro
taktanio.pl
theextrememarketing.com
tomgarra.com
bestwebhostingservicesz.info
traumaticlesionsbrainhit.info
trendymarks.info
tuan001.com
fastspeeddate.info
ubman.mn
vdyf.nfdy.net
c-n-f.pl
vevo.ly
www.8504110.cn
videosexe5.info
www.avbieshu.com
www.debraak.nl
sephora.pl
danwebb.net
celera.wop.ro
www.viwin7.com
www.gamyba.lt
z9.singdeadvs.osa.pl
www.770123.com
heijco.net
www.gk.pl
clsp.jhu.edu
clapico.com
www.huxi0769.com
nonkes.puk.ro
alagi.informatiserai.touhaku.wwwwww.wop.ro
blog.soufang.com
www.rsvp.com.au
rolf.ru
www.jinpres-shop.info
celebritypsychologist.com
ugksoaxr.blog.cz
tiny.cc
www.yo-mei.com
www.jusedh.net
givingitaway.ca
www.swimwearbathingsuits.org
aftensolens.puk.ro
proxite.info
www.usj.in.th
haigezhileng.com
mexiko-lexikon.de
plcf.info
www.sxszw.com
www.uxx.cc
nesiot.wop.ro
gbets.prv.pl
www.ydjcg.cn
detoxyouinfo.com
www.qifine.com
sorano.pinger.pl
www.yunxx.net
elwisek88.flog.pl
www.zgqt.zj.cn
dososinh.biz
tirol.orf.at
delft.hyves.nl
randombuzzers.com
eierzuckermodel.de
cgbresil.org
gse.it
freeanimalporndb.com
oversend.wop.ro
51player.net
esterella.no
88.wmahui.in
dhelmith.edu.pl
www.abcdesevilla.es
muksplock.pl
www.peon.ru
montpelliernet.fr
partydepot.com.mx
dfs.is
akutv.pl
www.exaltor.cz
oa.jxbgw.net
rebudio.puk.ro
amb.pl
anngel.lka.hu
garotahbiem.fashionblog.com.br
club4g.com
mala.puk.ro
gaoav.blinkweb.com
gaspi.net
sweet66point6.pinger.pl
wwu.edu
www.jkxws.net
syncarpy.puk.ro
ganmaojd.1168.tv
stshimo.com
880513.com
gaoshou.cc
e-tradecounter.co.uk
gaoshuiping.net
umklammernde.puk.ro
m1606.pinger.pl
qzhi5.com
gartenfreunde-schoenaich.de
ukjure.wop.ro
upperdog.se
smit-webdesign.mobi
americanbannerexchange.com
ing.pl
ayob.nfdy.net
weaveman.info
kyxy.com
ankietka.pl
xinyu.3he.cc
valait.wop.ro
ysvh.nfdy.net
dollarra.wop.ro
jxyxsy.cpooo.com
gesafe.com
adventurespiele.net
66066.info
mn.am
ht236.info
www.13366.info
alfastar.com.pl
vjd.pl
hidemybody.com
ninewestmail.com
openpdf.info
mag.com.pl
kjoller.eu
web-web.pl
mojenoclegi.pl
biddingscheduler.com
bulk1.info
portal-turek.pl
mockup.wop.ro
patat.wop.ro
download-french-montana-ringtones.blogspot.ca
faipredfoaskyr.page.tl
autoline-eu.com.tr
sportarena.sk
myanmarsongs.net
marblefa.puk.ro
bookmarkfame.com
chicacatering.com.au
mmrtys.com
www.cbf.cz
siward.puk.ro
www.bgk.pl
vacancesespagne.fr
ssamp.kg
kaufwert.wop.ro
gtalive.pl
handero.net
365aiao.com
lifezona.com
pcpd.pl
housemd.info.pl
www.fengliushandong.com
fabrykaplikow.pl
yuudachi.net
iss.org.pl
loftwork.info
aem.mx
dogteam4you.de
whub.org.uk
openonline.pl
oylinki.info
luisrubio.mx
parcellaimmo.hu
parlam.kz
dbwtowush.mnyzh.com
www.renrendvd2.com
phimkr.net
pigget.wop.ro
pliggcms.info
infobot.pl
goingglobaleastmeetswest.blogspot.com
polizeiwache.net
pivotcon.com
propr.info
randevu.pl
budtrade.pl
registracija-vozila.rs
leggere.it
boneeater.info
roweryokey.pl
www.mzdh.com
horikiz.com
rypeck.wop.ro
juliabond.adult-star-blogs.com
qq12cj.in
mind.prv.pl
lektorat.de
samochod.pl
idcmai.com
stz.by
soleyn.puk.ro
seo-vantage.co.uk
sfzj.net
vollmond.info
solina.info
spinacz.pl
www.sh1188.com
pan.wroc.pl
suzhiwei.eju.cn
jasko.flog.pl
szendrey.info
tistr.or.th
www.joyshophere.com
twoo.puk.ro
uqc.pl
csem.org.cn
volonter.info
dentalbraces.com.au
mirtestoff.ru
vonksneet.com
elajty.pl
www.che.de
www.ewelosa.pl
keukenfo.unionstar.wwwwww.wop.ro
bookmark1.org
www.119ww.com
kfc.pl
vpsserversz.info
webhostingsharedz.info
www.520crdy.com
webzi.info
wiziwigfootball.com
www.91xsw.net
www.job.cqu.edu.cn
www.aaayan.com
www.baijiale8888.com
tidaro.prv.pl
oav.pl
www.binder.pl
www.xuananh.vn
ciit-isb.edu.pk
www.by1tt.cn
1elegantfetish.a-mycams.com
www.caadn.com
imgwykop.pl
www.cccxp.com
www.huangfengkj.com
cedu.com
fortalezasantamaria.com
www.yqys168.com
btbsse.com
logga.me
www.jxhjfc.com
www.kingma.nu
www.lataupe.cz
omm.digart.pl
bookznami.pl
www.lgys.cn
www.magdia.pl
www.neweb2.cn
www.rjzb168.com
webrisorsa.info
www.kas.pl
xevoke.info
toquebella.com.br
xxtb.qiwen5.com
zapraudu.info
11167443.5sing.com
56tori.com
5secrule.de
9999sr.info
adonai.puk.ro
zzjt.com
classiccar.com
amitkulkarni.info
gomania.co.za
arztsohn.wop.ro
bcs-express.ru
auta-hry.info
nmjn.net
shiathecoolbug.deviantart.com
alderposse.de
avras.info
kapuas.info
vfb-rajen-tt.de
brainville.pl
ancangio.uga.edu
stop67.pl
buccaneers.com
watchscript.pl
marmex.pl
clook.info
successdegrees.com
ddcs.cn
umikappa.info
eppunormaali.fi
equiandlove.com
jestemtymkimchce.wrzuta.pl
flasse.puk.ro
flowerssanfrancisco.7s4.info
fundacionctic.org
www.seme.hu
groth.digart.pl
groupweb.info
lane.no
gz2011.ef43.com.cn
anoraksalmanac.com
rks-gov.net
filizankawy.polki.pl
gzhimin.com
helangbuana.blogspot.com
tranzagals.com
www.lyhjob.com
apartman.szallas.balaton.istenhozta.hu
makko.biz
itelevisor.ru
hotstroy.info
www.znjkw.net
chemnet.com
sztukasplotu.digart.pl
zenio.blip.pl
165.cc
pctl.210000.org
howyfeku.prv.pl
humyai20.info
ignitefire.com
italiaspeed.com
kmbbs.cn
londonperfect.com
kxkl.info
laquadrature.net
bard.edu
android123.com
linkdesk.info
lisek.blip.pl
www.jingcai7.com
logiclink.info
makrohandel.pl
www.aids-tcm.com
mariohry.info
xxb04.gxb100.co
mindflow.pl
mocnyweb.pl
njong.wop.ro
moth6.blip.pl
zehh.210000.org
nac2012.com
northcliffemedia.co.uk
x31i.k3y3.net
www.sdgyz.com
pieniadz.pl
themerchants.info
a-market.pl
poskok.info
nttls.co.jp
menstream.pl
asso.fr
scrolldit.com
outletplus.info
javdownloader.info
domains.cz
download-drake-ringtones.blogspot.ca
ucf.edu
agh.edu.pl
next51.net
www.gxl123.com
sprawnik.pl
raovattiepthi.wordpress.com
nickie.puk.ro
ssto.digart.pl
szafranowy.eu
starbeach.tv
www.dialo.de
svine.puk.ro
tipsofseo.blogspot.in
syntheticdesignstudio.com
castleville-fr.blogspot.com
transora.pl
www.zyn8.com
download-young-jeezy-ringtones.blogspot.ca
tui-guang.net
uncomfortablemomentswithputin.tumblr.com
varicent.com
convitesformatura.wordpress.com
f1.avzca.info
odesksolution.blogspot.com
www.imac.edu.cn
baisex.me
rvng.210000.org
mediaonline-dhetemplate.blogspot.com
creditscore.net
wai-ru.info
iaposad.info
webdoctorbookmarking1.info
www.520cc.cc
www.beiyi.org
qiuxuesongjiang.com
www.caoyidong.info
spzdq4420.884401.info
www.dezhouhuaxiang.com
offshore-services.biz
toplistenserver.info
yuyaindou.blogspot.com
www.its-leif.org
otofotki.pl
dd5.cc
www.miqing9.com
tv.jingzong.org
www.meiguose.com
shootoku.info
cadeirastiffany.info
www.chilla.nl
www.qgy81.com
prorun.nl
www.qvod-2.com
www.tee5.com
www.tibetsti.gov.cn
www.wz8.info
www.youhry.cz
yasagurekaori.blog.so-net.ne.jp
www.waaao.com
yinmin66.com
05020.info
41583.cn
scfy49.com
strongbookmarkstyle.info
lioncaps1975.blogspot.com
mobwiki.in
e7lai.me
www.51qqt.com
bayanaat.org
www.dapigu.org
www.size.vn
cozafilm.home.pl
compact-guide.jp
coolsax.ru
dhl.la
eaboutyou.com
filmparadiset.se
51bty4.jumpingcrab.com
gdn63.com
vistcom.ru
xkris.blip.pl
www.nqtuan.com
qurl.nl
gremradio.com.mx
lus.flog.pl
hmforces.info
7-eleven.com.ph
yulin.sxrcw.net
lhmf.nfdy.net
wapgf.info
www.jiyimm.com
a2zads.info
aakik.digart.pl
all-kin.com
51momimi.com
shenyang.usconsulate.gov
woltcafe.de
aldonka.blip.pl
www.139ppp.us
lordia.pl
kwivu.com.pl
www.alrin.co.kr
midnightcourt.com
tianyami.com
mondedemarion.info
ds.dnfa.info
www.97789.net
mydirplus.info
north-volbs.info
nvworld.ru
markered.info
revesa.wop.ro
pax.blog.pl
test.msk.ru
studiolinnenn.pl
rentacracker.com
dazs.66law.cn
6hz.hk
serd.210000.org
recetas-cocina.com.es
sewalkman.pl
100922.net
kroplowka.pinger.pl
szczawno-jedlina.pl
tapanta.info
thenagain.info
tvp.info
y8.in.th
user-agent-string.info
onmam.com
83.com.cn
anupa.puk.ro
webstorm.pl
sued-afrika.de
flashempire.digibook.cn
www.bfi.org.uk
xkiniax.digart.pl
11inasiancockx.a-livesexasian.com
spank5.blog.163.com
b-fit.com.tr
18porno.pl
0579fw.com
encode.pl
socialseoonline.com
5af.info
wikinations.org
51mimi.tk
apneateam.info
hdva.265link.com
sony.co.za
azot.h2g.pl
kamery-internetowe.pl
briho.digart.pl
alphimedia.com
znanium.ru
www.qingkeke.com
businessbankingaccountz.info
card.yzz.cn
bloggerviet.com
chenjz.com
northdakota.jobs
cherrybelle.info
co.blox.pl
concierge.apple.com
mysay.co.il
communication-particuliers.com
www.zhonganbaoan.cn
corvettecentral.com
alaniemi.net
dls.gc73.com
abhielt.wop.ro
lsatwin.net
suta.wop.ro
grabthegifts.com
kisio.blip.pl
freebooks.vn
newpears.cn
kotkapsotka.wrzuta.pl
feestwinkel-purmerend.istats.nl