nijmegen.web.nl
wweb.nfdy.net
bookbuy8.com
dynanet.pl
marinatje.hyves.nl
remisivo.wop.ro
gehemelden.wop.ro
hachou.wop.ro
pataxo.wop.ro
knieende.wop.ro
biaotou.com
max3d.pl
thefacelift.co
toefl.xdf.cn
lescatoledellemeraviglie.com
www.hac-ker.com.nu
alphareturn2.com
www.cdmyjia.com
www.kkdyw.info
acridan.wop.ro
dikaryon.puk.ro
hupan.net
hero.prv.pl
mspoints.de
mtweb.pl
xn--888-n25e927wd9b.tw
cheap.pinger.pl
atehenmei.com
juancong.com
pk.vqq.com
chachala.com
www.shuangchaa.info
rossoescort.com
ermines.puk.ro
kldjy.com
timesamachar.com
o-k2.com
beck1240.com
idolcritic.com
clain.blip.pl
kiezfunk.net
www.a4uforum.co.uk
corriere.publisherconnect.ch
pic.ddjiankang.com
dejting-experten.se
nkjunak.com
windowsdailynews.com
afromen.puk.ro
wg1e1hda49.b2b.hc360.com
www.ittz.net
iogonline.net
csshover.pl
all.by
www.cninf.com
123feijibei.com
one.cz
germanmilitaria.com
choices.de
91data.com
pliggcms.info
taigoku.puk.ro
www.glzzy.net
indexnew.info
xgma.210000.org
pocztowy24.pl
www.xinyuqj.net
v-for-vendetta-full-movie.blogspot.jp
ttgou365.com
6lzo.nfdy.net
www.ib-china.com
fable.flog.pl
gzfz.78.cn
gosperism.wop.ro
chomaynenkhi.vn
lysacup.cz
parasfera.pl
122166.com
lekkerdoen.nl
mia.htw.pl
peaonyflower.com
www.pxrc.com.cn
stqybqtwp.typepad.com
chili-mac.org
huangjiamifang.1168.tv
couponsc.puk.ro
losrosales.cl
emailn.de
houseplans.co
4lt.info
lattc.edu
domains.cz
cooled.pl
shlf.info
www.111zy.info
meetin.gs
gplusviet.com
mmaniak.pl
samir18.toplista.pl
c.5kk.in
text-image.ru
siterj.net
gpnetsoft.com
gptxqoip.blogger.hu
camping-frankrijk.nl
sermonettino.drejeskive.wwwwww.wop.ro
fomh.210000.org
www.556.com.tw
inoculio.wop.ro
chloie.xfree.hu
miyoshi69.digart.pl
ayob.nfdy.net
cybertron.ca
pilsacher-batzis.de
culsexevid.info
www.hadm.pl
teb.org.tr
www.wyzd.cn
www.qcypsc.com
kmzm.cn
f1online.pro
spinacz.pl
020sdjck.com
claudiaarte.flog.pl
doenges-rs.de
ling.pl
coffeeresearch.org
h.etb.ht
www.zuche001.com.cn
interlinks.info
www.xt33.com
lainesse.puk.ro
33665.net
watch-marina-abramovic-online.blogspot.ca
animaltracks.com
www.qqme.tk
maxwap.pl
wojteknowicki.natemat.pl
nissanklub.pl
ben-roethlisberger-jersey-for-sale.ppenk.com
life-of-brian-full-movie.blogspot.com.ar
wow-petopia.com
www.klops.pl
shop67740352.taobao.com
bvzj.210000.org
picpac.info
nona-polska.pl
www.hfgg10.com
cozafilm.home.pl
schoolexpress.com
solefall.wop.ro
www.91qucao.com
alliance-scotland.org.uk
qipim.cz
gadudodatki.pl
easydew.co.kr
jsquffalue.blog.mongenie.com
radio.org.ml
stickerland.nl
koniczyna13.polki.pl
mssuna.hyves.nl
dygod1.cc
aies.210000.org
teredo.pl
hiarticles.com
www.jrjr.cn
schnierersch.de
www.szvc.com.cn
mihram.wop.ro
dirlinktoday.info
live-radio.blogspot.com
cityzenclub.pl
emao.me
rxpills.it
sexe8.info
esplanade.de
onlinegamenews.ru
the-bourne-ultimatum-full-movie.blogspot.ca
56xoo.com
56yc.com
574878396.user.qzone.qq.com
57883.net
57dns.com
57tan.com
5967.eduol.cn
5999.hk
59bj.com
59bj.taobao.com
rusfootball.info
59igp.com
59ii.info
59win333.us
5aicode.com
5aj.info
5amn.com
5b6.info
5bodog.com
www.zjjnedu.cn
saarig.wop.ro
5c5c5c.haolae.com
5cp.tv
5d.cn
5d6d.cn.im
5d6d.hostoi.com
5dd.com
5dy.181.net
hossit.com
5dzp.cn
5e5e5e-722a112.tumblr.com
5fenka.tk
5gf.us
5haoxue.ne
5hk.cc
5hk.hk
5hk.me
5htp.org
5hw.cc
5hw.tv
17044703.5sing.com
5i2.net
5iwuhu.com
5izm.cn
5jl.info
5linx.net
5lyx.cn
5maya.com
5peixun.com
5plus.blog.so-net.ne.jp
5point.info
5qq8.cn
rotala.pl
5ty.org
5u88.cn
5ucom.com
5vn.info
5wycy.78.cn
5x5.asia
5ydy.info
5yee.info
5zgz.k3y3.net
5zsz.net
6.6hha.com
clcu.nfdy.net
60.by
60.yunnan.cn
math.edu.pl
6051-pi.com
6070.az
60xz.com
613631.com
61dz.nfdy.net
61jjj-725c.tumblr.com
61jjj-a.diandian.com
622hk.com
626.hk
kortsche.puk.ro
626pp.com
6296.com.cn
62tk.com
62uuu.info
6312370027.phone.searchwww.com
632b.nfdy.net
636559.cn
649168.in
www3.aiavnv.com
64news.com
65.cm
zh.yipu.com.cn
6502712302.phone.searchwww.com
654321.q.sohu.com
654aaa.com
6565.3199.cn
65de.com
660.a-thera.jp
6622.cc
66321.hemelsesex.nl
663zz.com
664678.com
6655.cu.cc
abrdirectory.com
665bb.com
665mi.com
666666hc.com
666686.info
6666hk.com
666749.com
6668.hk
666ak.com
667966.com
668h.net
668sq.in
668vip.net
epaper.cena.com.cn
669lian.com
669mi.com
66av.cn
66bb.com
66bobo-723a.tumblr.com
66bobo-726.tumblr.com
86image.cn
8765765765.a-livesexasian.com
87847659.mojugang.net
878wty.com
8795398.5sing.com
kempwire.com
88.beihk.com
88.ggabc.net
88.xntz.net
880513.com
881903.com
885227.com
886879.com
886tt.com
887d.com
888.ac596.net
888.fa688.net
rgf-hragent.asia
888.sooe.cn
8880t.cn
camiza10.com
8882566553.phone.searchwww.com
88872.taobao.com
8888168.net
88888la.com
888aaa.in
888dyw.net
888in.in
888qi.com
88uu.info
touritalynow.com
8gtu.net
8hhh.net
8hk.cc
8hw.cc
8inchcock4rent.a-livesexasian.com
8mvm.com
97.88szs.com
97.xl111.com
97694.net
977hhh.com
9798109.5sing.com
fhfcyy.net
97md.org
97sese.com
97sese.in
97wsw.com
9877.com
987qq.com
9888.hk
989.com
989.la
989866.cn
989game.com
reiki-energy.lu
98news.net
99-bill.com
99-jk.com
99100.taobao.com
9979.com
998853.com
999120.net
kuro-cat.jp
999276.soufun.com
999brain.com
999sao.info
999xu.com
glgbpx.com
99abcd.com
99bii.com
99bill1.com
99bill2.com
99bill3.com
99bill4.com
99bill5.com
99bill6.com
99bill7.com
genot.wop.ro
despertardelsur.com
onomatol.wop.ro
2ndswing.com
sanibras.com.br
norplex-micarta.asia
nymc.wop.ro
torgland.ru
brinkmantransholland.nl
postbode28.hyves.nl
dywanstyl.pl
szsxhdsj2.cn.gongchang.com
novacnation.com
e-monki.pl
oksyd.blox.pl
goodeals.co
mybeautynet.gr
kartgroup.fi
www.leling.cc
irarse.wop.ro
escolainfo.com.br
njoftohu.ch
socialroot.info
wanrong.ycrcw.sx.cn
e-l-l-y-5-4.hyves.nl
drupal-translation.com
murderme.puk.ro
garudaindia.in
themewp.com
erotiikkaliikkeet.com
www.tscprint.cn
40752.hemelsesex.nl
vixen.co.jp
korathealth.com
redstate.org
multiplusmobile.hr
huiz.114.org
entermedia.mx
titanum.biz
xrco.265link.com
www.yun-peng.com
pcug.org.au
powerdieselgenerators.com
devastiate.puk.ro
oahspe.ws
patdollard.com
marin.edu
treppenliftinfo.net
reupload.it
minoruta.puk.ro
www.911ee.com
oiik.tk
nextlinks.info
gamei.tld.cc
www.g2000.in