bbb.dounixiao.org
0898.okok.cc
graypic.com
601448.com
www.dy68.net
firmy.dsl.pl
borcka.bel.tr
thoja.com.pl
6047573409.phone.searchwww.com
africaimports.com
laryngalgia.puk.ro
wusterlin.de
et1y.k3y3.net
nifty.org
foliating.puk.ro
westsci.org
www.njsdyl.com
www.dwjy.4f9.org
unprobated.puk.ro
www.0710-zy.com
fuenflingen.puk.ro
e-cyfrowe.pl
nile.eg
www.akibaos.com
cumez.org
diclehaber.com
www.chunvdy.ne
aftensolens.puk.ro
dwergach.wop.ro
www.13337.info
www.hzcw120.com
ckneckermann.cz
www.186s.cn
cwch.xsyu.edu.cn
seamanfan.com
donr.nfdy.net
myshoppingbag.de
pulse-uk.org.uk
www.gpxz.com
geabonneerde.puk.ro
www.bady-shop.com
0902muzapar.33591.com
niedostrzegalna.digart.pl
scientific-calculator.appspot.com
mgnz.nfdy.net
www.58hongganji.com
fyh.faayoo.com
taikongczppb30mi.1168.tv
oclu.nfdy.net
www.enom.com
www.fuzhoushutong.com
avvisare.puk.ro
qe5l.56dvd.net
www.bnuzy.com
portal-staszow.pl
hejin123.com
wecansex.com
spisstron.pl
gangliob.puk.ro
isxperia.com
szming83.cn.alibaba.com
rpme.com.br
www.scalae.net
vorstoes.wop.ro
tianjin.jinpu.com
martyniarzek.digart.pl
gamemeester.hyves.nl
www.cheapmichaelkorsoutletcanada.com
koerperbaus.puk.ro
moxg.56dvd.net
myphoto.to
bjdl.jianzhanzhe.ws
noonligh.puk.ro
www.xshpjy.com
bezwadde.wop.ro
www.wlui.cn
www.mik.ozimek.pl
www.wgbn7i.com
suzhou.baixing.com
socksproxy.wydl.info
igirl.mojblog.hr
www.peon.ru
pohoda.menu.atlas.sk
miltos.wop.ro
idc.jlczwl.com
ginou.wop.ro
troostli.wop.ro
diezmesino.puk.ro
www.tupaginawebgratis.net
pos-bj.com
feestwinkel-wateringen.istats.nl
domowe-wypieki.pl
eqnaiti.bloguez.com
epodatnik.pl
bresjen.puk.ro
xixidieyuan.com
flashmap.org
hupress.com
husveti-kifestok.kifesto1.hu
huxinjiaonang1.1168.tv
ilona60.flog.pl
immenseseodirectory.info
ipolecat.com
iranianlearn.com
bdgbf.61.21d3d3lj.info
bebservice.info
www.0937a.com
ltt.xt.pl
mamakoala.es
mbtlausanne.info
tourisme-alsace.info
trafficplaybook.info
xixihuafu.com
interseaboard.puk.ro
searchlinks.de
www.jiankanghao.cm
www.szitwh.com
yein.in
pfkt.nfdy.net
anqu.pinger.pl
mudanjiangditu.fdcez.cn
pmtutor.org
ddatuuitlw.blogtrue.com
kumadigital.livedoor.biz
patientimpact.net
dj-alfredo-da-matta.hyves.nl
pivote.wop.ro
www.ycrencai.cn
garislurus.com
zacandvanessa.pinger.pl
facecurve.com
www.e-iphoneparts.com
www.pcwt114.com
www.js88it.com
ogled.wop.ro
alathary.net
www.sudugujia.com
shmama.net
www.55443.info
kinnikukaizou.com
tragischsten.puk.ro
razem.pev.pl
watch-bikini-spring-break-online.blogspot.co.uk
universityofcalicut.info
schilferige.puk.ro
bniroda.hu
minaevlive.ru
tivit.com.br
aym.100hg.com
dinweiqi.com
soxan.cn
allargassi.puk.ro
www.51ngrc.com
24ddd.12397.info
strongerbetterandbigger.ru
aniszyn18.pinger.pl
www.pyteli.com
svarfristen.puk.ro
stulce.info
amritsar.khojle.in
klubzixo.blip.pl
sd.189.cn
zg.yzz.cn
webxpress.co
whooshtraffic.com
errante.wop.ro
clockwise.info
www.dangdaiit.com
prensil.wop.ro
celebsy.wrzuta.pl
szoborpark.lap.hu
apcp.ie
kisskissnapoli.it
kunstbern.ch
ausliefernde.puk.ro
tttxxxtttt.flog.pl
barselseng.puk.ro
atacamit.wop.ro
domain.name.vn
bbs.hyzm.org
kamoshit.wop.ro
yv2x.nfdy.net
chachala.com
www.turksikiss.net
portek.pl
streetball.polskikosz.pl
www.0335live.com
arcaplex.hyves.nl
www.bigsem.de
www.yupiteru.co.jp
morfi.flog.pl
www.419tv.com
guihuaxiang.com
china.soqi.cn
lekiifobie.pinger.pl
dworo920.wrzuta.pl
taska.eu
doublemedia.net
6wnu.k3y3.net
love7758.com
www.evona.cz
salary.lk
517111093.qqku.com
www.hitteson.com
ulatroph.puk.ro
care.hnjkw.net
glenn-constructioninc.com
planetquake.pl
www.haifa-wehbe.com.nu
dayulight.cc
www.ftet.de
wszyscymoi.flog.pl
axob.210000.org
olx.com.pr
doctrinarismo.puk.ro
people.rednet.cn
12345xxx.a-livesexasian.com
erpy.nfdy.net
toodamnglam.co.uk
rxlmdh.us
wet-shaved-teen-pussy.com
wmid.info
workbux.info
write2me.nl
www.29394.com
www.565331.com
www.jiacang158.com
cim.gov.ly
www.outdoorsklep.pl
www.ppzkb.com
www.rk24.pl
www.seob.nl
www.szhuanong.jnn.cn
www.wspia.pl
www.xiangyue0769.com
www.yindaoyindao.in
www0.mmon.info
xexe.me
ingrandivi.puk.ro
xlazyfree.info
yahaz.info
yaki-da.se
yantai.myjob.com
ycjps.com
yellowassistance.com
youthtech.info
zakko.digart.pl
inscrives.puk.ro
zohur.net
zso2bialystok.pl
ztxz.cn
zztianci.com
10983.5o5o.info
163z.com
1miancanju.taobao.com
abelmosk.puk.ro
adata.pl
rolski.wop.ro
advanceyed.com
aeek.info
affifah.info
afntijuana.info
agu.blip.pl
almatur.pl
amaco.com
amas.blip.pl
www.luckboy35.com
any721.com
argnetcast.info
italiatorrent.free.fr
artgen.pl
asciimw.jp
astracar.info
asvor.digart.pl
atmosphericperspective.info
autosusadoscostarica.info
biborate.wop.ro
caber.info
doball.info
eintro.info
elbolero.info
encoveronline.com
eprofessional.info
erepublikhu.info
finansosfera.pl
fishki.pl
forinternet.info
fotoplus.pl
foxct.info
freeflashtemplates.com
freentwk.com
www.hbmzyq.com
freesexpornvideo.info
fv-20vq3.info
gatormade.com
gereuteld.puk.ro
www.bjbihua.com
getipv6.info
glitter.pl
gold-nm.ru
iread.it
isicredit.it
issb.info
itatis.pl
eros-tube.com
trade-ok.com
iyouf.info
izba-skarbowa.bydgoszcz.pl
jamesbondwiki.com
jewish.org.pl
jobble.pl
jocurigatit.info
joynd.puk.ro
jse.gov.cn
kaworu.blip.pl
kerryleaf.info
kilian.wop.ro
kingaziele.wrzuta.pl
kodal.info
l2ranking.com
largestarticles.info
lg123.info
liderland.info
mynight.pl
mysteryscenemag.com
nano-bookmarking.info
naturalchelationtherapydkb.info
niebieskalazienka.pl
noga.toplista.pl
o0l.info
o9m.info
oa.xmcsa.com
odwjorbvij.blogdetik.com
piprojekt.pl
privi.ru
www.ir3s-sympo-eng.net
51avnv.info
autolikbez.info
av600.info
byronic.info
calink.info
coursemonster.com
cup8848.com
debbiedoesdesigns.com
devisenhandel-forex.info
diluisse.puk.ro
isperky.sk
korseberg.com
mf1.info
qxf.9998.tv
mivi.cn.ms
ogcw.at
paludisme.info
priv.pl
przo.info
rss-clipping.com
taikentai.info
dklogs.net
veiligbeter.nl
versandkosten.info
www.xiaoyao.tv
singer.yiqilai.com
cherifsoccer.net
dz-tv.com.cn
www.gooru.pl
franchecomte.puk.ro
duzylotek.net
msarat-sa.com
wandelkaart-oosterwijtwerd.istats.nl
miyajima-wch.jp
louboutincanadashop.com
www.yl8.cn
usin.puk.ro
nachgeschicktem.puk.ro
www.jhczj.com
baderai.puk.ro
icamtech.net
cnsq.com.cn
www.ilse.be
salsabravapro.com