korseberg.com
www.tek.com.cn
natti.soup.io
ssve.210000.org
aftensolens.puk.ro
klumse.wop.ro
ohioreview.net
cosmedictravel.pl
craftboard.pl
e-podlasie.pl
titanum.biz
acii.digart.pl
dreamcricket.com
ekiga.org
9.atvtm.info
hanula.pinger.pl
bezprzyciskow.pl
012magazine.pl
clearfit.com
appelsie.wop.ro
bjdl.jianzhanzhe.ws
wordes.wop.ro
shlf.info
nvrp.k3y3.net
modernlib.ru
equipment-center.com
videveritatis.pl
ccnaanswers.com
supercias.gov.ec
juniorhotel.sk
marek.blip.pl
io.com.gt
jutting.puk.ro
herigst.puk.ro
matsugo.wop.ro
gamecard.mobi
e-brylanty.pl
d-p-h.info
searchlinks.de
auto.0916.tv
activator.com
rolski.wop.ro
l88.atvtm.info
fers.puk.ro
saarig.wop.ro
fightplay.tv
richrussell.co
tetsig.wop.ro
guihuaxiang.com
abonwa.puk.ro
bm.anyang.gov.cn
sdlceku.co.in
www.metina.nl
www.tx791.com
afzwenke.puk.ro
www.peon.ru
ccut.tk
multikod.pl
www.akcjonariatobywatelski.pl
you-mp.pl
benet.wop.ro
globmail.pl
merrjep.al
dw5.888ao.com
wholesalecellphoneac.3vi.info
www.race.es
folk.com.pl
www.44zy.info
drawn-hentai.com
cjc.pl
jimen.wop.ro
heijco.net
www.viwin7.com
wii.abchry.sk
mortycjamcgonagall.mylog.pl
cicc.com.cn
chachala.com
www.xsjyi.com
eeginfo.com
esok.polki.pl
shidohikaru.digart.pl
fabkids.org
telukbet.wop.ro
azardownload.com
runhewine.9998.tv
www.salejob.cn
www.77cc.info
hupan.net
fsc.com.pl
tripadvisor.jp
qilu120.com
zepteo.info
juancong.com
kyhappyask.info
icms.info
www.86ssss.com
enigmatic.az
domowe-wypieki.pl
betting-portal.net
dieselkino.at
watch-gossipgirl-season2.blogspot.ca
megahugebacklinksdirectory.info
krishaweb.info
qqski.com
android123.com
tomaszlacki.pl
kaffeebusiness.de
dicavit.info
richlong.com.cn
bristol24.pl
sturgeon.wop.ro
mmee.blip.pl
daisuke.pinger.pl
desierta.wop.ro
parabeatriz.com
officepro.jp
aanschikken.puk.ro
kinostar.com
ergoarena.pl
foto-podcast.de
knjs.210000.org
b2b-center.com.tr
www.cpitax.cn
huxinjiaonang1.1168.tv
securistul.info
www.lycbearing.com
tiratira.puk.ro
zuruecksehnende.wop.ro
dubaievents.ae
pole-barn.info
momoka88.fecsegj.hu
www.024ksw.com
sjlf.nfdy.net
haria.wop.ro
xtupload.com
bbs.sgchinese.net
bodelin.com
tastewine.nl
borcka.bel.tr
www.3vkk.com
kinnikukaizou.com
conjointboardemmalaysia.webs.com
tapferst.wop.ro
korekarashinro.jp
mlody-inzynier.pl
angelladykstra.com
apertium.org
sc-sx.com
rebell.info
boas.digart.pl
techcamp.pl
maysaytoc.net
hei.net
studioabm.com.pl
www.bbieshu.com
nongji1688.com
aahv.210000.org
abalakin.puk.ro
kamilsipowicz.natemat.pl
www.danandronic.ro
601448.com
0898.okok.cc
firmy.dsl.pl
yz21.net
www.dy68.net
www.akibaos.com
www.dwjy.4f9.org
nile.eg
e-cyfrowe.pl
taikongczppb30mi.1168.tv
www.enom.com
rpme.com.br
moxg.56dvd.net
vorstoes.wop.ro
miltos.wop.ro
sichuan.qyi168.com
lentinatravel.com
troostli.wop.ro
socksproxy.wydl.info
armor.ag
ginou.wop.ro
diezmesino.puk.ro
suzhou.baixing.com
www.bingzu.cn
www.ceas.cc
epodatnik.pl
anqu.pinger.pl