telegu.wop.ro
cnacs.org
bibiwang.net
www.1000xiaoshuo.com
sharesocialbookmarkingsites.info
yougedi.net
www.61307.com
bloemenv.wop.ro
patternandco.com
enewsletters.hbr.org
www.8x5x.com
agrinatura.pl
depcl.3x.ro
www.emilyornament.com
wqi2012.machine365.com
pic.tw.cn
www.0371yzh.com
vitrum-media.ru
gallogla.puk.ro
notaeal.wop.ro
freebs.info
auto.gzbs.cn
sea-hotelier.com
netlinks24.de
chevrony.puk.ro
xxxelfxxx.com
london-se1.co.uk
celac.digart.pl
www.jstaisheng.com
www.yinzuo.org
ababy.es
playme.it
hami.wenyue.org
flagstick.wop.ro
entersingapore.info
tapanki.r.gd
yanfun.kuylar.cn
tnaimpactwrestling.com
ndali.puk.ro
888123.info
utoski.pl
varicoseveinscausesqqsj.info
programy.dsl.pl
chouzai.puk.ro
rg0.info
www.yuanjingchen.com
amex.4zy.info
wai1010-a14.tumblr.com
hupan.net
tomipnh.blip.pl
uncalk.puk.ro
mapdomain.org
girlishn.puk.ro
googleebookstore.booksprovider.com
curvatura.puk.ro
bhpbilliton.net
dorpelingen.wop.ro
hao.94pian.com
spk-berlin.de
walletking.co.uk
dalat.pl
umreisst.wop.ro
wanya.wop.ro
samsunggalaxytab10in.7m0.info
whity.wop.ro
propmark.uol.com.br
97se.dingwei18.com
planetaanimal.ru
unsanften.wop.ro
citizen.wop.ro
makshop.3x.ro
worriedness.puk.ro
africanews.com
laroseweb.com
www.cyberpolice.cn
travsels.wop.ro
unbossed.wop.ro
www.haoav123.com
problogthemes.com
serviceanswers.com
twojetrojmiasto.pl
annaslinens.com
www.jdb.nl
www.tede.pl
mylinkvault.com
geyuxu.ngzerone.info
veidaa.flog.pl
zirve.edu.tr
carsandcoffee.info
productfeedtool.nl
fuguixiang.da.vancelle.net
andersbergh.com
3soe.com
bokkiger.wop.ro
pv2.awalker.jp
myhard.com
halvard.wop.ro
skeivt.wop.ro
www.1yang.net
oceandrive.com.ve
lavitrine.com
www.slando.com.ua
www.osnn.net
www.chinawz.net
www.gtu.edu
www.cnfixs.com
tsuusin.wop.ro
menoschesis.wop.ro
websupply.com.br
dichvuthamtu.asia
siteguide.jp
linkadmit.info
hipgnosis.us
concursosweb.info
piasta.pl
www.hk588.in
hostinfo.ru
vintageporntv.com
teg.cn
beezup.es
www.meinvzipai.com
catchlinks.info
nekopost.net
bhhn.210000.org
sweetcheaptoronto.ca
zhck.210000.org
mbtron.info
www.ehzrt.hu
www.xwys.org
oerfil.puk.ro
naghdnews.ir
trynid.pl
www.upstw.com
rcplock.pl
w-ac.ru
balygirl.startbewijs.nl
snowboard-online.pl
gzhaisen.net
live4.ru
walkside.puk.ro
novelist.jp
syydy.info
itetu.wop.ro
getminecraftfree.info
makeleaps.jp
games24x7.com
shigemor.wop.ro
imgw.pl
tdasset.co.jp
dildoparties.dk
kx.wgdnf.info
guihuaxiang.com
sinsenke.wop.ro
www.guannan.tk
www.xgnphoto.com
www.lizin.hu
webmiles.info
chaffcut.wop.ro
peyronnet.info
www.029wsw.com
onomatol.wop.ro
lajfisbrutal.soup.io
trocmaer.info
chunseju.info
sneeuw-man-kostuums-voor-kinderen.istats.nl
brennst.puk.ro
pikanteria.com.pl
epinmi.puk.ro
servertalk.in
zomerweder.puk.ro
excitingcommerce.de
www.leiyu88.cn
keyword-link.info
superannuationc1m.info
gamestop.es
mskj.net
m.xdlinux.info
skoetsel.wop.ro
wearesource.co.uk
achipa.wop.ro
buehnent.puk.ro
pide.org.pk
oetv.at
www.shcrcljbj.com
biyografi.info
www.qvod.de
traineeprograms.com
scrittori.tv
www.huaduge.com
gekwotis.puk.ro
hungaria.org
www.wangzhanjianshe.org
www.g2000nz.com
prachatai3.info
bentsen.puk.ro
www.18ladys.com
www.szjd.buct.edu.cn
uselessn.wop.ro
khangan.vn
2nddegreeprogramsz.info
www.tvmark.ru
sss.fi
bozenkowo.pl
zehx.k3y3.net
www.ngrx.net
isetan.co.jp
puro-ocio.info
turismobrasil.gov.br
kilart.com
mortycjamcgonagall.mylog.pl
socketapp.com
kaapor.wop.ro
precipiti.puk.ro
cdig.info
unwto.org
comunicatostampa.net
motor-x.pl
pandoon.info
dotbay.info
swbag2000.cn.alibaba.com
sblz.nfdy.net
www.espuna.jp
latestantivirussoftware.info
ivanka.co.jp
ngene.puk.ro
justynkaa14.wrzuta.pl
meadjohnson.com
fwb7.k3y3.net
punjabroadways.gov.in
uprawy.info
aaooxx.bee.pl
xtj.net.cn
0533jjc.info
tkcp.org
ccftn.com
galaxy.com.pk
onepcs.7gt.info
puralopez.com
www.kfz-tech.de
ahhv.nfdy.net
sommerai.wop.ro
www.mgb.pl
h344.nfdy.net
ukxcam.co.uk
ymagestore.com
www.flowar.de
inesem.es
www.zxcpa.net
weitz.de
kenkenfu.puk.ro
hanayome.com.vn
bajoran.puk.ro
housou.puk.ro
seomamta.blogspot.in
englishtourdutranslation.pk
49hh.net
www.makler.ge
bucle.puk.ro
artemisi.puk.ro
dajiji.info
luxurix.com
pouredst.wop.ro
nathalie.freshnet.se
rapidspool.info
www.itunion.cn
www.danlan.org
simizim.wop.ro
thomas-krenn.de
www.asglhg.com
48wap.net
minaco.wop.ro
wetter.at
imm.io
www.chatpub.nl
php4script.com
www.hzyg.gov.cn
sbdim.pl
www.226aa.com