libc.210000.org
www.omga.me
kqrt.info
sugita.puk.ro
www.cnc163.qb.com
www.38qingse2.com
inteleca.org
kysuce.cz
www.njjieli.com
takumots.wop.ro
voytekp.blip.pl
spark.org.vn
cnc.3745.com.cn
primely.wop.ro
nagayama.wop.ro
chimie-sup.fr
cs-przebicie.pl
demotivatorz.ru
outdoor-gas-fireplace.info
foreversa.co.za
www.dldsh.gov.cn
www.xyxhw.net
www.ewelosa.pl
bioclear.hu
gree.lap.hu
the-great-escape-full-movie.blogspot.hk
zzz76.info
www.13149921.com
www.vlm.hr
www.caoporn.me
tradestime.info
www.mm399.com
guihuaxiang.com
www.longyang.zp300.cn
anneclapp.com
phuquy.com.vn
m.55128.cn
gzzhentan007.info
www.iesl.lk
oublierais.puk.ro
prensa.wop.ro
whxhgp.b2b.youboy.com
ccftn.com
www.man.de
trevian.co.kr
eehj.210000.org
www.taomew.com
guccii.info
thechessdrum.net
xbox360games-cheats.info
lillfjonkan.blogg.se
game-dev.pl
sextopliste.ch
vtex.com.br
www.prinz.it
www.gy233600.cn
plcp.nfdy.net
uqc.pl
urbantreemusic.de
news.samba.org
vectonemobile.se
vegie.pl
wardens.puk.ro
wasvrouw.wop.ro
web.dg.gov.cn
webhostingsharedz.info
chopperclubbern.ch
webzi.info
automapa.pl
welgeval.puk.ro
wmmarket.info
konatatoyama.flog.pl
woobin.puk.ro
worldsoft-oasis.info
wtabkol.cba.pl
hooped.wop.ro
www.aaayan.com
zfn8.56dvd.net
www.kmm-clan.de
yougedi.org
www.quote.fm
www.zhongyi528.com
www.recalc.nl
www.redeenhond.nl
www.rpgmaker.pl
optilt.wop.ro
www.shjdwxgs.com
www.simpletelecommute.com
www.yysafe.gov.cn
xn--eckvdwa7536a9ol.la
www.188soft.com
13ii.info
18061.info
1hqo.k3y3.net
1miancanju.taobao.com
88.6h20.com
888k.cc
888ss.info
vbuhanov.ru
888sunjinping.com.com
my1pureluv.com
889800.com
8898575.com
linkexpress.info
www.tivi.pl
www.bilan.ch
endureront.riesenpa.loquet.wwwwww.wop.ro
8899.me
8899lai.taobao.com
xixihuafu.com
88lin.in
absvolt.puk.ro
bloodfestival.livedoor.biz
88mq.net
88ree.com
88szs.com
larswegink.hyves.nl
88tmxx.net
88uu.us
88xk.net
88xs.15852.com
88yv.210000.org
88zz.cc
899dd.com
www.p5q.org
8b662.com
8bei.cn
www.npx700.com
8c.contterrz.bee.pl
8count.ca
8cw.be
zelzelefilm.ir
germi.puk.ro
cscl.umn.edu
8d8r.com
8d8v.com
euromobilnidomy.cz
8liao8.info
9.133hk.com
poj.org
90hi.net
911lifeline.org
91porn.aa.am
941yin.info
skynetmod.info
rasaee.ir
9422.210000.org
97aixx.com
97sdd.net
993998.com
99dv.net
yuban2012.info
www.fjcx.com
99k.org
99k88.com
abipona.puk.ro
abkuerze.wop.ro
seyed.wop.ro
sinjukuh.puk.ro
abolirent.wop.ro
acolop.info
activeskin.com.au
videosex69.info
actngo.info
antman.info
advanceyed.com
affifah.info
afntijuana.info
azerenerji.gov.az
tvweb360.tv
ahiva.info
bikemoto.ru
freudenhaus-hase.de
gkstychy.info
1314.qyjy.cn
glas-srba.info
greplinks.info
hemelingen.puk.ro
hentaitube.info
hernie.info
doantn.edu.vn
hhos.ru
varicoseveins0y2.info
hcsv.nfdy.net
hitai.wop.ro
hlifeshop.it
holidayasia.info
homeopatia.info.hu
howtolose-weight.info
cazforum.net
inblow.wop.ro
independentliving.org
indiaprice.net
universityofcalicut.info
veluxshop.de
accessmanager.co.uk
versandkosten.info
vertextile.info
vichyconsult.es
videnie-kz.info
vipc9.com
video.1010xx.com
videosexe6.info
vuk-kun.deviantart.com
www.peopleart.tv
web-h.info
webdoctorbookmarking1.info
wet-shaved-teen-pussy.com
wheelmap.org
wmid.info
workbux.info
www.29394.com
okui.wop.ro
ivoz.nfdy.net
www.565331.com
www.78844.com
www.aaalab.net
www.rk24.pl
broadsha.puk.ro
www.u6soft.net
www.uetd.nl
www.undg.org
www.verbon.nl
www.weso.es
www.whufc.pl
www.wspia.pl
ceuel.org
www.xawz.net
www.xiangyue0769.com
521me.taobao.com
www.9787.info
www.xiaoyao.tv
www.fir.at
from-china.biz
edi-soft.no
g.cn
mobiltel.bg
9086.cc
bianjian.org
biborate.wop.ro
bigsound.org
ergoarena.pl
mackmichaels.org
europa.eu
huy3.56dvd.net
corvettecentral.com
6hz.hk
jakbook.info
javenue.info
james-harrison-jersey-jr.ppcpu.com
livewriters.com
www.520ddd.com
www.qvod-2.com
caribbeanmecca.com
enopo.jp
enpurse.net
www.hbmzyq.com
entersoft.vn
entropyholds.pl
emiliaw.blip.pl
epac.to
erclans.ru
ibdr.210000.org
ereport.ru
ericprydz.tv
erklaere.puk.ro
luxebar.com
erreape.cl
ershou.xtfw.cn
www.44jq.com
eutededico.tumblr.com
farly.wop.ro
2ge.us
filmz.cz
fix-a-tile.com
hfdafu.com
firstus.org
hopevision.net
horner.wop.ro
hotstroy.info
xponte.net
www.18vip.net
hq355.com
hring.puk.ro
kamilbiela.blip.pl
linkadvertiser.info
laibaby.info
linkloved.info
yibdav.info
thisit.de
www.tzxz.net
linkzilla.info
qingfo.com
lkar.pl
freetechie.com
www.hao57.net
cdlyw.cn
lola-stock.info
lutong628.fyfz.cn
mediengestalter.info
www.3kvcd.net
pythonfinder.info
qruh.56dvd.net
www.nunes.nl
quanbuzhuiqiu.diandian.com
forumpro.info
florence.com.tr
raccontioltre.it
racunarstvo.hr
radideneg.ru
radio-alaaf.de
radio-set.ru
fywap.net
www.altach.at
radio.bialystok.pl
rahyad.ir
raileurope.ca
raisoni.net
receptiki.pro