www.ppbk.net
www.swimwearbathingsuits.org
www.tek.com.cn
znaj0ma.digart.pl
chargesh.wop.ro
8684.cn
www.gofer.hu
ccaiai.tk
businessworld.ws
www.cntvzb.net
www.ssc60.com
gl6x.265link.com
inews.de
333job.com
bufl.nfdy.net
gladiatorgw.com
thevoguenews.info
360buyc.om
j-garage.co.jp
whengeniusprevailed.comolyxkp.wordpress.com
epopulace.org
bernthaler.at
hocmot.wap.sh
xixidieyuan.com
pornoh.info
newspedia.it
top10000.info
www.9k7.net
iona.edu.pl
bastinad.wop.ro
london-se1.co.uk
pornoindir.name
unwell.puk.ro
infatuat.puk.ro
differenziata.org
webnoviny.sk
suwon.ne.kr
zdchina.net
highcare.co
meczenazywo.eu
www.rws-verlag.de
hlbb.nfdy.net
sport1tv.cz
ranking.pl
yindumogen.1168.tv
hupan.net
www.industridesign.lth.se
tm7.us
moje-seo.pl
becker-furniture-world-going-o.blog.hr
tvsexehd.info
pointastic.de
sou.wjw.cn
ixde.pinger.pl
casaleggio.it
firedeye.info
99chengren.info
semduvida.net
wordsjournal.com
chodof.info
www.yingege1.com
lsatwin.net
directoryok.info
wercu.info
xn--72c9abai5dubta0b6n2a8e8a.net
literallyinspired.com
webhry.cz
66bb.com
thepoc.net
03918kumacat.blog.so-net.ne.jp
afgedane.puk.ro
iweb.net.vn
nextmag.pl
download-katy-perry-ringtones.blogspot.co.nz
centre-telechargement.info
scri.digart.pl
cxxk.210000.org
tubexxx18.info
dsfc.net
7cait.com
brachystochrone.puk.ro
ling.pl
jtcb.nfdy.net
westhyan.wop.ro
techsmash.in
oceandrive.com.ve
jobble.pl
xalbn.taobao.com
www.xiaosege.in
shurload.es
gadget.wop.ro
homelidays.nl
google.co.bw
jrsn.hsw.cn
regiosportweb.de
bm.17syy.com
hamara.ir
xfwz168.com
cybermonday2012tabletdeals.info
manor.puk.ro
www.xfjyt.info
skatter.se
equifree.dk
spacerki.pl
upfree.pl
pagerankchecker.net
intolaw.com
autosusadoscostarica.info
pressnet.or.jp
skaut.cz
www.suaiqi.com
51huizhen.com
www.mdd.pl
1sexhotlatin.a-liveprivates.com
malta.flog.pl
vestraat.net
tepapa.govt.nz
www.sjh816.com
yhwh.lcxw.cn
genglou.zj.com
chinaprivatetravel.com
bananatrans.com.br
energy-design.it
psicologo-orbassano.it
gb5j.210000.org
nj180degree.net
yein.in
restos.tel
www.31262.com
www.egenz.com
ambuy.net
bme.uh.edu
zewf.nfdy.net
umili.blox.pl
88uu.info
fizoka.hu
idc.jlczwl.com
fmk.edu.rs
l8e.info
www.yuansubuy.com
i-cube.gr
kausal.puk.ro
mysamsung.fr
chachala.com
cinefamily.org
zbychaha.prv.pl
triboliu.wop.ro
jinghuank.com
daiviet.net.vn
www.rzy666.com
sydneybuses.info
diendanso.vn