8b662.com
byqz.k3y3.net
landacity.com
newgamevn.net
www.whyred.se
graphics.beareyes.com.cn
www.aoao.cc
xixihuafu.com
www.oj6r.4f9.org
alusshop.com.mx
dirlinklist.info
michigannaturalparenting.com
wap.1pt.hk
zarkiletnisko.pl
candportalen.dk
kmg.kz
phones4u.co.uk
comtugua.freeforums.org
www.bjdqqy.com
optonline.net
silice.wop.ro
www.erocasting.nl
buera.puk.ro
tked.210000.org
igeng.info
oxycom.pl
funzine.nl
drvb.nfdy.net
024anmow.com
astrocd.pl
xfpx.com
bme.uh.edu
hebinzhicheng.com
tp.222hh.info
innovaos.com
www.222bo.com
www.5jxsj.com
karlinho.cz
domosti.ru
deloitte.es
kslegislature.org
motivation-erfolg-reich.de
bb.com.do
clt.ac.uk
e7lai.me
igssgt.org
nwacc.edu
trainershouse.fi
ixperia.ru
enable.hku.hk
prtd.info
zhck.210000.org
www.kuaibo.li
it.gen.nz
uuu25.info
tuzfeszek.hu
kmmtu.info
makkahedu.gov.sa
stshimo.com
antiexpo.puk.ro
ootsusin.puk.ro
free-articledirectory.org
noeuf.com
juancong.com
e-bach.eu
www.dayezhan.info
adorenok.puk.ro
django-unchained-movie-online.blogspot.no
armbanks.am
jira.me
ambuy.net
purelynsfw.com
dachs.puk.ro
verdiktor.com
lhmf.nfdy.net
transora.pl
hoppe.blog.so-net.ne.jp
qnpv.265link.com
accenture.com
gefaesse.wop.ro
iwo0.cn
daklan.puk.ro
caiunanet.us
skaut.cz
dnv.org
skiresort.de
kankanai.wop.ro
socialbookmarkingfinder.info
caymanians.puk.ro