www.rws-verlag.de
wenzi.hunnu.edu.cn
sou.wjw.cn
nava.wop.ro
e-monki.pl
gupiao.5w.com
5e2g.265link.com
thecoolbean.org
www.dltongyong.com
sejj8.info
aarresaari.net
pobeditel.bg
isicredit.it
sex.fh21.com.cn
www.networks.pl
www.52wf.org
lolislove.us
fsc.com.pl
999vod.net
8du.info
shinbu.wop.ro
www.dvd6.us
aasitedesigns.com
shareapp.net
xevoke.info
guihuaxiang.com
ogbah.wop.ro
solar-power-sales.com
gb.chinabroadcast.cn
pointastic.de
vah-hans.ru
c.5kk.in
www.olaszkert.hu
uncalk.puk.ro
www.heiloo.nl
v-gn.de
vestraat.net
fu.jo-ho.jp
suponta.puk.ro
alienasj.wop.ro
fortlass.wop.ro
xulibin.com
www.kkdyw.info
cfutx.net
contingenteerde.wop.ro
darrein.wop.ro
shopbot.co.za
snaha.cz
dinakd.info
aitikens.puk.ro
susu.at
adjuvant.co.jp
ff-ampass.at
fanblogs.jp
bme.uh.edu
safj.210000.org
fun.ruonuo.com
mbummund.puk.ro
infocell.info
xponte.net
escolainfo.com.br
elitets.ru
fazes.wop.ro
b.nrlm.info
etre-un-homme.fr
enopo.jp
yulawyer.66law.cn
folle.puk.ro
forum.od.ua
footballteam.pl
blog.nguoiaolam.net
gruppobm.it
happyet.org
gb9.9998.tv
doedels.puk.ro
ksppolonia.pl
literallyinspired.com
leile.flog.pl
ledstar.net
lechia.gda.pl
web-masters.org.uk
nogre.blip.pl
katanore.puk.ro
www.web4399.net
lifeclip.org
dddblue.info
cepillar.puk.ro
sol.brainaid.de
itelevisor.ru
skh.pinger.pl
cvc.com.br
webgarden.com