www.hcsindex.org
www.hangzhoshikaifapiao.com
www.qnyz.net
dushaj.hu
ketsumaz.puk.ro
www.wgfuwu.com
www.pxrc.com.cn
futuremedng.com
mgyl.210000.org
giasingma.bloguez.com
thecanyonweekly.com
internetsatelitarny.com.pl
dopais.wop.ro
www.bsx.com.tw
mypclc.org
about-inter.net
he.189.cn
festgestaltung.de
flex-comix.jp
www.ilgiornale.it
hnf8.net
cio.zdnet.com.cn
www.10m2.net
theprayerbook.info
0736.job234.net
aanschikken.puk.ro
www.cieol.com.cn
mikeslife.org
mount-kinabalu-borneo.com
bumlux.net
bbog.nfdy.net
aiejia.com
blogart.ro
villapetrino.gr
bbs.airizi.com
xixihuafu.com
abschiede.puk.ro
xxx10.info
nansei.info
jaworznianin.pl
fantalegadeirospi.it
shennongbct.1168.tv
www.harmata.hu
pacanow.pl
yeastier.puk.ro
surcentro.com
www.lijoys.com
7szg.com
horny-babes.info
uky.edu
www.huaning.gov.cn
hitachin.com
www.teec.org.cn
noren.com
www.5se11.co
chinateaw.net
drjoya.com
beemil.net
angeljewellery.info
adorables.a-lsawards.com
moretrend.net
articledashboard.info
fulek.natemat.pl
warsawvoice.pl
olx.com.uy
b88oat.info
jxf.mf968.net
qualitech.info
abstiendrais.puk.ro
moduswort.puk.ro
zonakz.net
sc.189.cn
crafterminds.com
tousokuh.puk.ro
enterophthisis.puk.ro
hasshino.wop.ro
gj138.com
christhyani.info
berkeleycollege.edu
peixund.com
k-do.org
www.decn.co.jp
www.115bang.com
earlytollywood.blogspot.in
xdphy.cn
abuse.puk.ro
www.xxx882.com
nvisionarts.com
wiziwigfootball.com
tamby.info
vppi.265link.com
richosoft.co.uk
www.dh-airs.com
komp.1k.by
www.cqy2004.com
sejunkie.com
chnav.com
www.tjdxgj.com
www.k9k8.cn
guihuaxiang.com
links.39.net
virtualactivism.org
bridgestone.co.th
channelnine.ninemsn.com.au
p2media.pl
lagatka.pl
sc-sx.com
dear9.com
0832idc.com
www.dvd6.us
infova.es
www.szies.org
graphics.beareyes.com.cn
live120.us
asso.in
alexa.cn
www.fjclht.com
nba.blip.pl
afkant.puk.ro
toucht.mesologi.zujyou.wwwwww.wop.ro
www.zkdaan.com
resinet.pl
www.fengxun.cc
litiq.com
www.bioon.com
dy365.tv
www.come0513.com
janeck.de
dqh8718.7190.cc
carrieandchristopher.com
www.fjau.edu.cn
laohu.biz
foobarbox.info
exe.666.my
bookmark-webassist.info
7fgame.yxsoo.com
clinicalconnection.com
1628gd.com
www.hrc.gov.cn
www.epoli.cn
860860.net
max-site.pl
scheibe.rusticoat.likere.owling.paradentium.wwwwww.wop.ro
plzen.idnes.cz
boyi.nzw.cn
wwv.188vod.net
19gc.qiwen5.com
basijisu.ir
bolo.rbc.cn
kof.fad3.net
indexme.info
islamicthinking.info
ladyboypornspy.com
servefeed.info
unbrilli.puk.ro
www.49idc.com
legterelo.hu
photo-documentary.com
juancong.com
seorank.eu.com
northdakota.jobs
www.lydtb.com
softwaremind.pl
3302.wapbm.me
pzu.gorzow.pl
tenso.puk.ro
abusief.puk.ro
4kbbs.com
autosusadoscostarica.info
512you.com
02edu.com
wiki.abcde.cn
bloklists.blog.com
ds.dnfa.info
www.utcabutor.lap.hu
www.hir.com.au
cheb.mk.ru
www.sosonv.com
igctech.webs.com
midea-water.org
www.59vn.cn
gankaikai.or.jp
peretz.ru
www.lszjw.gov.cn
5iwuhu.com
51ceobao.com
pennablu.it
symbolernes.wop.ro
bradfiel.puk.ro
www.183yy.com
hao.94pian.com
2746.9911.biz
gd-hengyi.com
www.kongfeilei.com
www.cn-ucla.com
swstarone-sat.com
hostingreviewz.info
www.qtrd.gov.cn
pprn.pl
ngoinhateen.info
mipaja.es
di4se2.com
bronksik.blip.pl
www.25ccc.info
www.tzjw.org
olx.ba
idb.picgo.info
esstao.taobao.com
youh.wop.ro
cherchiez.puk.ro
www.htys.cc
czasopism.pl
sweetsherree.com
www.5qcn.net
www.666za.com
yc910.com.cn
exxtra.blip.pl
locco.digart.pl
es.taofang.com
key.plu.cn
hqlaw148.com
7gt.info
www.93zzz.com
168168hz.com
ewarez.net
1und1.info
socialhubs.info
www.lyang.net
iks.blip.pl
drumdogs.com
ljg60.com