cracksites.com
sanjose.edu.py
delft.hyves.nl
barrado.puk.ro
wmagazine.com
twonline.cc
hupan.net
coudal.com
blog.prime.ba
bocarder.puk.ro
petreanu.ro
cuckoos.wop.ro
yeastier.puk.ro
nureg.com
zz23.info
netyoyo.info
fulek.natemat.pl
samygo.tv
decofinder.co.uk
www.hrc.gov.cn
dipendra.wop.ro
rapclub.ru
sexotube.eu
geknield.puk.ro
deadpubs.co.uk
stelladoteng.com
plumlife.co.uk
dubaiwoodshow.com
mal1989.blip.pl
isport.blesk.cz
www.dada114.com
psaico.info
psik.pinger.pl
zizome.com
njangal.com
magicrentals.com
linkbaby.info
adrevamp.com
tabu.origo.hu
tchabitat.org
gtamoding.pl
mrneo.digart.pl
www.jyhi.net
ibad.info
phdonlineprogramsz.info
lavabo.puk.ro
dgyinmao.com
www.3g345.com
boiseriders.net
giga-goods.nl
xinyu.3he.cc
gamertagpics.com
hypermediaisobar.pl
kslegislature.org
fcsurplus.ca
sshuai.com
furk.qiwen5.com
bradfiel.puk.ro
www.2dh5.nl
guzik.blip.pl
blol.net
leonidparfenov.ru
steptogether.org
www.aztv.az
www.huolong.info
familiadillon.com
manson.org
belito.pl
bidoom.com
senuolbux.fr
laudativ.puk.ro
deradenoncus.wop.ro
martelaoutlet.fi
jaworznianin.pl
www.81jiaoqi.com
travaux.info
pokies.sg
businesshelping.info
youngminds.org.uk
camerasecuritynow.com
hgh.info
docizi.mil.pl
exxtra.blip.pl
afkronkelt.puk.ro
hrunion.ru
fuqis.info
kjol.3839.net
gamefreaks365.com
tsta.nfdy.net
zphr.tk
foobarbox.info
www.92kdy.com
c1521.sha7.info
cardenas-grancanaria.com
freshly-picked.com
electrozon.ru
teensporn2u.com
manilalife.info
oscon.it
siteground142.com
mergeto.pl
solidifi.puk.ro
sarahbetty.co.uk
sgu.ac.jp
thearchiestd.com
28jiameng.com.cn
sil.digart.pl
singlereisen.de
slc-europe.com
slowakis.puk.ro
smbnation.tv
solucionesdiez.com
1388gf.com
chi.blip.pl
southlondoncollege.co.uk
sprout.wop.ro
sr-22.info
srichinmoybio.co.uk
wojteknowicki.natemat.pl
syukei.puk.ro
offenzul.puk.ro
kepsar.com
thetempwebsite.info
thingstodoindelhi.com
tmd38.info
bartoverbeek.com
affinitygarden.com
wgci.com
eugeneserviceparts.com
fleurs-plantes-artificielles.fr
tousokuh.puk.ro
jespersaur.com
zeek--reward.biz
oander.hu
www.liangyou.jinnong.cn
cabodesignstudio.com
webit.ru
trendstore.dk
tutyt.dances.it
tvfest.info
statutentreprise.com
txfd.info
tytusz69.xfree.hu
umassd.edu
uni-sb.de
unmarriedlady.in
unpastor.wop.ro
unprostitute.puk.ro
usbfever.com
v-gn.de
vibramfivetoeshoes.com
ville-geneve.ch
vipc9.com
visual-sac.net
voortdurend.puk.ro
webmarketinguniversity.net
webos-blog.de
network-karriere.com
wild-strawberries-full-movie.blogspot.dk
www.bjjtjd.cn
aguula.flog.pl
www.sigi.lu
spitze-gruppe-niederrhein.de
calstarconsultinggroup.com
bookmrk.de
jin521.com
babylon5.lap.hu
www.nic.mx
smartredfox.com
lorithayer.com
clipxxx69.info
www.iiisexy.com
angeljewellery.info
myphotocollage.de
viennamensgolf.info
rekrytering.idg.se
lifecho.org
9jo1.265link.com
gz.menghuanzuxian.com
cdf.lu
xxxmgi.wop.ro
askkaito-kun.tumblr.com
peixund.com
stylek.pl
interposiez.puk.ro
www.youy8.com
wikinusantara.org
blox.pl
brreg.no
maitreyiifineart.com
noxi.fecsegj.hu
kebreet.net
reduct.wop.ro
mywebsitedesignersblog.com
xulibin.com
arekibo.com
linkbenefit.info
szybkooferty.pl
xuhua.info
kokurikozaka.jp
zakazani.pl
siber.com
idesktop.tv
fwol.info
foto.durand.nl
maisiliao.com
elportal.pl
pfandl-pitztal.at
websiterank.in
gharnikarmenian.com
freshgays.net
91wuxian.com
prom.ua
fbfn.org
kinopobeda.ru
2chmm.com
www.jldkjg.com
ejko.puk.ro
www.yijiamai.com
theloansavior.com
travelspecs.com
99k88.com
noonhost.com
toumpano.net
projectdd.jp
gada.210000.org
dojrzewamy.pl
dlamamyidziecka.blip.pl
jober.pl
vermontjoblink.com
vital.pl
www.surfgarden.de
www.bakec.it
isurvived.org
ouo.pl
aflujo.puk.ro
www.kaztrk.kz
fridayfullmovie.blogspot.dk
gbook.521338.info
xiefashi.info
libreinfo.net
520kx.com
www.corus.nl
ginpun.wop.ro
forum-ukraine.de
tekstovipjesama.hr
starkl.at
zerschos.puk.ro
mybutik.com
elhora.info
www.welpen.de
salisburyjournal.co.uk
portline.com
benten10oyunlari.com
bookmarkssocialstone.info
blog.rsmdtm.hu
iklanonline.info
vetrinaonline.net
y8.in.th
paxmusic.co.kr
gvkw.nfdy.net
ccaiai.tk
024ks.com
ostelazi.info
www.meihaojz.com
opiumbakery.com.tw
caninity.wop.ro
fixya.com
konen.de
danwaldschmidt.com
sloganeer.puk.ro
hundreddollarcars.com
gibbsgardens.com
31cao.31cao.com
gurugazette.com
homologuons.puk.ro
90dz.com
lfzart.com
zhuhai.3he.cc
www.webmd.hu
helldive.org
www.yqys168.com
catie.ca
cliqueaquidicas.com
bandweverij.puk.ro
kitgraphique.net
www.178eegssc.com
www.hengan168.com
gmobb-fix.jp
tetsig.wop.ro
byoin.ne.jp
dataworld.hu
rcmart.com
netways.de
akerudigital.com
www.rws-verlag.de
www.mlsfw.com
shoppic.org
simplyhosting.net
castres-mazamet.com