gtamoding.pl
jin521.com
gazebos.wop.ro
arbeidslageret.wop.ro
pekingduck.org
cestec.it
vistawallpaper.org
affaisserions.puk.ro
1388gf.com
www.81jiaoqi.com
adrevamp.com
travesiadepesca.com
oscon.it
yxxn.210000.org
medikalize.com.tr
bookmarkingcollection.info
xdexcylly.typepad.com
underprint.wop.ro
gbob.tv
fashionzila.com
juancong.com
jaworznianin.pl
peixund.com
procarcare.com
elportal.pl
furk.qiwen5.com
gipsverbaende.puk.ro
ibad.info
indeed.wop.ro
clipxxx69.info
optendrenk.com
www.iiisexy.com
sportozona.lt
dismist.puk.ro
xiejiancong.com
annuaire1deplus.com
live-radio.blogspot.com
umgepflanzten.wop.ro
angeljewellery.info
bbrfoundation.org
kmmtu.info
www.jldkjg.com
4doma.info
phdonlineprogramsz.info
www.bagnicatainin.it
www.aztv.az
sshuai.com
fuqis.info
shoppergoal.com
docizi.mil.pl
unatinmogeli.insanejournal.com
churchjobs.net
bradfiel.puk.ro
bisetose.wop.ro
www.rgoberberg.de
newquaycornwallairport.com
www.aathelema.org
dgyinmao.com
websiterank.in
evgenidinevphotography.com
tekstove.info
offenzul.puk.ro
imwsr.com
credit-maritime.fr
seo-tribe.com
belito.pl
exxtra.blip.pl
prnf.info
myweddingfavorsetc.com
allesevolution.wordpress.com
casinosreviewed.net
zeek--reward.biz
0831home.com
teeksforgeeks.com
studioalfa.pl
grutzeck.de
shxiling.com
kurd.me
codelab.ru
gz.menghuanzuxian.com
arthus.puk.ro
thingstodoindelhi.com
absolvent.pl
fbfn.org
puralopez.com
chachala.com
nucleus.be
poleko.mtp.pl
webit.ru
diablo3explorers.webs.com
kslegislature.org
rozalin.wop.ro
wlotx.com
www.elmastudio.de
vistaku.net
tsoomoo.com
isport.blesk.cz
fjjlcm.com
wgci.com
yeastier.puk.ro
revijakapital.com
uppic.org
theyso.digart.pl
mymilestonecard.com
bbs.wutaizhuang.net
overclocking-tv.com
www.qdbdc.com
manilalife.info
income2.jp
aoao.puk.ro
businesshelping.info
wojteknowicki.natemat.pl
mmjdw.com
stilnoe.fm
affinitygarden.com
www.buding.cn
revomaze.co.uk
zz23.info
themmaspot.net
socialar.com
unrealgames.hu
stylek.pl
dataworld.hu
citrus.wrzuta.pl
bjwy.3456.tv
boaryhopen.blogg.se
polinik.pl
mal1989.blip.pl
globalrights.info
520188.com
delaware.pa.us
treasuresfromtheark.com
hipkingdom.com
verwonnelingen.wop.ro
votem.puk.ro
zwdao.com
scriverc.puk.ro
zeqv.210000.org
mediageeks.pl
lyngmo.org
4.am
dawandao.com
malenodevelopment.com
samygo.tv
microsez.com
66w.com
xxxgratos.info
www.rbscl.com
xuhua.info
bookmarkingwasp.info
vermiste.puk.ro
xn--eckvdwa7536a9ol.la
jgkf.210000.org
promocode.gen.tr
mergeto.pl
lifessentia.com
bacho.ac.th
heefei.com
tgtc.cn
bbs.gay366.com
castres-mazamet.com
cs-swat.pl
frugalgirls.com
enable.hku.hk
monitoruj.pl
fortunita.info
angol.info
xkate.pinger.pl
getupfte.puk.ro
worldsms.cn
hostingreviewz.info
androidplanet.it
krishaweb.info
auto.0916.tv
jfie.210000.org
blox.pl
loaded.wop.ro
obyvatele.cz
bagpipewhiskey.com
alud.wop.ro
lindenheuvel.nl
www.lifeweek.com.cn
diigseo.com
vetrinaonline.net
topshop.sk
pesotan.wop.ro
7m8v.lizhidy.net
camsecret.com
amarjit.info
www.mlsfw.com
dvfs.210000.org
zaqhax.pl
krups.com
dabas.apro.ws
knightonline.tv
rumahabi.info
aldora.se
apuliastation.puk.ro
lxvoip.net
jalougallery.com
rtys.com
wapnet.ws
foto.durand.nl
clodbrea.puk.ro
selangor.gov.my
tagsubmit.info
narat.wop.ro
www.fssqi.com
servery.cz
www.textera.se
www.taobaowangzhang.icoc.cn
bookmarkfire.info
rwfl.co.za
atkins-diet-advisor.com
namuya.puk.ro
www.ecoh2o.cn
esksenthil.com
freshgays.net
www.xxx332.com
associaciolafulla.org
miaosha.info
megaoptions.com
herlinggoldsmith.r.gd
hpmurah.info
linuxoldal.extra.hu
thewikies.com
21directorymis.info
ynxjw.info
www.awai.pl
www.345qq.info
eiwvbkbgie.bloguez.com
www.yunvtupian.com
mayanhdao.com
brreg.no
www.graal.pl
resinet.pl
mycollection.it
erptips.com
strikestation.es
dogtownmac.info
isurvived.org
howtocookvideos.info
lifeasrx.com
elhora.info
zmq.pl
desertierte.puk.ro
sbaver.wop.ro
lpm.com.br
virtualcar.it
umeda.keizai.biz
bikinibeaches.net
videosexe11.info
93se.info
travelpartnerweb.com
realliving.pt
what2seeonline.com
seucomp.org
zmarzlena.digart.pl
bedavaradyodinle.com
jz.0529.org
cnsees.com
multipro.co.id
zlgmcu.com
speckste.puk.ro
84thacademyawards.com
bbs.zhu.net
sportartikeln.puk.ro
shatelhost.com
enclinking.info
ganadinerocontupagina.com
castellanza.va.it
zord.hu
honderdvoudig.wop.ro
sclf.org
www.178eegssc.com
www.hengan168.com
impresa.wop.ro
www.rws-verlag.de
watches-outlet.gr
www.jy8858.com
zalfansports.com
help.instagram.com
linkavid.info
cubajutia.com
chicagobreakingnews.com
hyy178.com