farceerd.puk.ro
arab.net
anticopy.de
coneine.wop.ro
www.nhldjy.gov.cn
gaijinchronicles.com
tortoisesvn.net
newhavenchurch.org
cssrocket.com
kaelteklimashop.de
kajfol.wrzuta.pl
cytaty.info
salonika.puk.ro
www.daviw.com
www.juntais.com
anre.md
kondopasion.com
lanlacv.osa.pl
forvilla.wop.ro
ngene.puk.ro
lenmoserphotography.com
tud3.k3y3.net
sopot.pl
wqsp.com
taiyosha.co.jp
roothelp.pl
shandong.zg2sc.cn
drainerez.wop.ro
esamakal.net
speedboattv.com
originals.ro
gamesforboys.ru
residencialiguacor.com.ar
tzseo.info
www.police.uk
socialbookmarkingicons.info
subheadq.wop.ro
jinjiangtravel.com
fitness10.com
kalede.com
0902muzapar.33591.com
www.0373rcw.com
margoteria.blip.pl
thuantuong.vn
www.rsnvx.com
biz.10010.com
turutu.ru
www.belmer.nl
skinessentials.riskfreestuff.com
www.jcow.net
teamr4d.com
www.emsdy.com
400117.com
ly.78.cn
tourprague.cz
aldin.wop.ro
jn.bwxx.net
asha-multimedia.com
liteonodd.com
www.actiview.de
www.graphics.pku.edu.cn
qqaqlhoh.typepad.com
openphpnuke.info
maradona.com
vergaffend.wop.ro
parishiltonsite.net
uzagrebu.info
theshownation.com
isithackday.com
genemaytak.com
jcluforever.com
www.180taobao.com
workao.org
www.598.be
www.kwiatyozdobne.pl
idealog.co.nz
wanshahao.com
www.uyue.tk
k9studios.es
appartement-niebert.istats.nl
uaeevent.ae
flashjuggler.com
khmerdl.biz
www.v-q.com.cn
www.3s2d.4f9.org
3kua.k3y3.net
spar-tarife.de
post.ch
www.overtee.pl
draakhan.info
www.hxkfh.com
reinerlang.info
loopow.com
www.kirakat.hu
fakes.pinger.pl
www.amberalert.gov
www.uushuba.com
nige.puk.ro
travelandvacations.org
www.gjsnb.com
gamemoding.com
weervare.wop.ro
www.liswl.com
www.gwu.edu
www.ew88.net
enterprise-advocate.com
www.shaonv.us
likestore.com.br
winepromise.net
dietbb.net
wuaige.com
inline.ru
volainrete.it
board.iamlights.com
bolubook.com
kabuciao.com
haptonomie-blog.fr
jkclub.info
www.travelco.vn
fisiu.digart.pl
youthforhumanrights.org
www.nywd.net
www.jcxdcg.com
www.zzch01.com
www.fog.ngo.cn
dawn-server.de
unicosta.puk.ro
harbourarticles.info
o2r1.qiwen5.com
perfection.com.mx
unscreen.info
krazyexchange.com
schiwi.de
hypo.cc
fgxiaolanpppp30m.1168.tv
scigacz.pl
nusports.com
iwfr.net
unplenis.puk.ro
cxjyxx.me
szderun.com
www.searsoutlet.net
nymphish.puk.ro
nizakana.wop.ro
www.ldl120.com
fechtend.wop.ro
www.ps4.ro
sthavana.prv.pl
reserveit.sg
monitor.lap.hu
idax.265link.com
159220706.qzone.qq.com
fussweges.puk.ro
www.pmuk.hu
www.znk9.4f9.org
internettarifrechner.de
www.zhiju189.com
teamon.blip.pl
pittorifamosi.it
eolake.blogspot.com
evl3.pl
hupan.net
apnoerire.blogg.se
zx568.cn
designers2-0.org
rodolfovalentin.com
www.torst.pl
www.thamxj.com
nablos.wop.ro
defineri.puk.ro
lighthost.co.il
dtbmail.com
drbanjo.com
tortownia.pl
mediq.blog.hu
tgche.com
bookmarkboards.info
keperden.puk.ro
familiejournal.dk
seoboostershop.info
www.uscnk.cn
znajomaa.digart.pl
homocere.wop.ro
boostseo.info
faithfulministries.net
www.rinkel.nl
sun98.cn
www.120job.cn
balibagus.com
wxbenniu.com
fcvx.210000.org
web.nidongde.com
vilapinguin.com
unribbon.wop.ro
stone.wrzuta.pl
hoshinogen.com
www.soyu100.com
www.daocy.com
www.xingguangdad.com
andreabolder.com
centrosoft.ru
namebookmarks.info
www.sxluniu.com
083934.jp
itezo.org
baiodu.com
mrlodge.de
3gqq520.tk
chrisfay.net
xqmt.210000.org
cep.com
ja6nqo.blog.so-net.ne.jp
www.kaxtexi.cn
bestmaleenhancement.info
caribseek.com
oscgold.com
www.zjjnedu.cn
keihan.wop.ro
fictionalley.org
datangwealth.com
moonlightersbbq.com
goldmax.pl
www.runker.net
disp.cc
ichengyu.com
ios-blog.co.uk
dreamgrow.ee
lionsbistrita.ro
issm.210000.org
julieet.flog.pl
5top.pl
5ty.org
6240.cn
626.hk
626pp.com
636559.cn
63rc.cn
646489.com
649168.in
65.cm
6666hk.com
6668.hk
udjj.nfdy.net
666ak.com
666we.com
667966.com
668628.net
mysticvistas.com
66880.com
668h.net
668sq.in
8ya.webspring.od.ua
music.bagdax.cn
aaron-rodgers-super-bowl-jersey.ppepu.com
bra-seo.se
gameery.com
kappedes.wop.ro
poshglam.com
nanny.fad3.net
site-stats.info
www.krokdoprzyszlosci.pl
www.overzicht.nl
www.herczeglawfirm.hu
win7sky.com
myitiltemplates.com
seokurs.biz
sobrenatural.net
kennethkerckhofs.be
topstockresearch.com
heritageweb.net
motor.com.co
datacenter.cu
kroma.wrzuta.pl
tomaszs.pinger.pl
classic-motorcycle.org
tunies.co.uk
www.jazi.ch
3guc.info
laprimitiva.info
squeezy.hu
fishlike.puk.ro
wandertrophy.ch
gruntlin.puk.ro
thedarkcity.co
zjgjy.org
42fy.lizhidy.net
lightoverpowers58.deviantart.com
dn16.hyves.nl
rocan.ru
liderandes.info
dicton.wop.ro
www.hmdyw.net
bee.ir
solarpanelinfo.com
infoengine.pl
bek.me
worldracing.info
newport.gov.uk
berwaldw.hyves.nl
mabimods.net
cheapwebhostingzs.info
nickmann.info
ceero.info
fortelle.no
www.cd8.cc
segullah.org
qtube.com
mainstreamweekly.net
ps.org.pl
shop-schuco.com
cineyoo.info
ewsr6.gn2012.com
4x4.net.pl
krmwebdesign.ie
nekowan800.blog101.fc2.com
savutoweb.it
rs-trust.ru
bgne.nfdy.net
anamariacorral.info
midwayfinanceira.com.br
corp.condenast.jp
unnative.puk.ro
74qg.nfdy.net
ise-miyachu.co.jp
www.hiephoidntg.org.vn
se78se.com
chachala.com
mindirectory.info
stadtwerke-bonn.de
cruzdesigner.com
blogspot.gr
tapeonline.com
christhyani.info
nextcool.cn
champcamera.co.jp
winka.net
crysis.eu
www.hack188.com
3382784.5sing.com