rlto.210000.org
lyred.com
makeitinamericanow.com
okazyjni.pl
qd1o.qiwen5.com
z51.biz
kawarai.puk.ro
www.candientucas.net
softpedia.ro
www.viud.4f9.org
shiryoku.puk.ro
dydu.digart.pl
orcast.net
suretish.wop.ro
guolaotai.1168.tv
cgcht2.co.cc
dfnkyy.com
ai8rt.info
729a1.diandian.com
vinote.kinkhoorns.utilstre.spunti.wwwwww.wop.ro
dvorakdesigns.com
kvnforall.info
neijiangchepiao.qiannan.org
energofish.ro
boucles.wop.ro
ccba.info
ladest.wop.ro
fuerzasmilitares.org
bravofly.es
uviol.wop.ro
x.efu.com.cn
penpalglobal.com
juancong.com
fisiu.digart.pl
animated-gifs.org.uk
nded.it
chaseveritt.co.za
bm.0513.org
alltraf.com
cheapestdomainhostingz.info
lhfr.210000.org
anre.md
fossilpark.info
www.444bo.net
look.co.il
www.jianhuacq.com
burande.puk.ro
ab-ins-schwimmbad.de
qt2g.210000.org
hadopi.fr
emblematology.wop.ro
adpulp.com
jsquffalue.blog.mongenie.com
it-matchmaker.com
tatam.puk.ro
f-tian.com
hp0.info
zxiu.com
www.caomeiguo.com
konicaminolta.fr
rilakkuma.co.uk
beedigd.wop.ro
gobuck.com
calcuttanews.net
komerski.pl
chanvre-info.ch
mobilniej.com.pl
goodfigh.puk.ro
laik.blogger.ba
laanga.puk.ro
l1sa.li
ekosfera24.pl
belord.wop.ro
gouseigo.puk.ro
mexiko-lexikon.de
faulinanovianty.com
duypham.info
longluntan.com
wa5372.x111.org
itseccity.de
hxkixvmenz.page.tl
kapin.wop.ro
www.magnat.de
makelifeeasier.pl
articlewarehouse.net
helpsmith.com
zzqqq-d74.diandian.com
www.chuwei.biz
ehfl.nfdy.net
pennystockreview.org
portkent.wop.ro
eusew.eu
www.crvcd.com
vosco.puk.ro
laxie.digart.pl
www.dgxinshi.cn
2012.com.pa
travunity.de
profit7days.com
sistaminuten.dk
trafionyprezent.pl
scran.ac.uk
hqsupport.hyves.nl
wiederzu.wop.ro
kyuudouk.wop.ro
bbliveshow.info
carlissongaldino.com.br
gob.es
www.bjnjw.cn
xfrcw.78.cn
crdp-montpellier.fr
ccfa.info
diqinggongjiao.fdchs.cn
doktorka.cz
ache.info
waveskimmer.ca
petrdoroshkevich.com
49gsm.net
diy.xslweb.cn
bigbangbounce.com
dynn.org
www.123528.cn
memriaddr34gb.7q9.info
coolbuzz.org
1stbankcenter.com
mypr1.info
librus.pl
new-liberty.net
e-bizo.pl
dermalisse.de
tellurit.wop.ro
genelec.ba
aaneengedriegd.puk.ro
luhs.org
viaggiavventurenelmondo.it
djauhari.com
www.toto258.com
111ca.com
tao.xiaoyoyo.com
tarif4you.de
tatxjx.cn
fameproducts.com
taxi314.uw.hu
teachnet.com
best-web-hosting.tk
teamhappy.jp
techniczna.com.pl
techslash.de
teensexposed.in
teleco.tv
tempotur.com.tr
fairmedia.se
tenis.pt
terlelave.toxicplace.com
terminator3riseofthemachinesfullmovie.blogspot.com.au
prfolks.info
moofaces.com
gibsnglory.com
thebanter.com.au
theboxingstore.com.au
praktizeerde.puk.ro
theprivacyguy.com
faxmyway.com
vuitton-collection.com
theteaparty.co.za
findme.ru
tiekka.puk.ro
arctichawk.com
tjh5148.jimdo.com
tkpai.cn
flybarless.de
tlj.cc
tmyafcvnp.blog.kazeo.com
tnniketn2013.webnode.fr
topcoating.wop.ro
topicinfo.com
topv5.com
torontobotanicalgarden.ca
tp.300301.com
traff.wop.ro
axamb.puk.ro
trelogatos.gr
trnty.edu
trovit.ma
trustnet.pl
elhora.info
tryworks.jp
elchamandelpeyote.com
tt.cas.cn
tts.ac.th
tubes-4u.com
turktechnet.org
tv-sets.net
tw-bavttle.com
twtjmsgc.blogger.hu
txbb.hk
tzrc.78.cn
u.yicha.cn
uazf.210000.org
ueda-web.net
ukyaku.com
ulagos.cl
enviro.ubbcluj.ro
ultra-xxx.net
unioncountynj.org
univ-lyon1.fr
unpam.ac.id
alboaire.puk.ro
uppjaktim.webs.com
vbzzdxaroz.freeblog.hu
vneklassa.narod.ru
vokeo.wop.ro
cwac.k3y3.net
vorota.de
vshow.sina.com.cn
vvx.cc
vwa-giessen.de
wagepric.puk.ro
wap.196wap.com
war3.org.ua
watch-gossipgirl-season2.blogspot.sk
acores.net
watchwwethebash.blogspot.it
watercampresort.com
wb.88lb.com
wbcsd.org
wd1r.com
web-creators.info
webjx.com
websitejunky.info
websiteranktool.com
weilikecanw.1168.tv
westfalia.de
wfcity.de
whatstodo.in
wheatgrass-benefits-weight-loss33.webs.com
whereisaaron.com
whisler.hyves.nl
cio.cxo.pl
wickedpedia.info
wiederse.puk.ro
wiki.7color.org
wikibon.org
winboard.org
wizardthemes.com
wjg88.com
wmagazine.com
wnrr.nfdy.net
wo177.com
wordpress.com
worldarticle.us
wow-veritas.net
wpcounter.com
wucherte.wop.ro
ww.0411114.com
www.0086zg.com
www.023114.net
www.023dy.com
www.024xiaolu.com
www.027tzx.com
www.romfilmpromotion.ro
www.120job.cn
kthread.com
geguld.wop.ro
www.1480w.com
www.1516.cc
www.17ttn.com
www.18p2p.com
www.212qq.com
www.284.cc
www.288a.com
www.28bisheng.co.cc
www.2gouw.com
www.331uuu.com
www.33dyw.com
papcomputer.pl
everforex.com
guihuaxiang.com
shabiba.com
www.38767725.com
jardipartage.fr
hychess.com
rzeszow.pl
blog.atopowe.pl
www.4ady.cn.vc
www.5198hd.com
www.520lianai.com
www.524500.net
www.5252kan.name
www.52jpz.com
www.53zw.net
www.552dd.com
www.58lady.com
www.5iml.cn
nikkisims.info
videocamerareview.info
www.69zc.com
www.7kav.org
maids.puk.ro
sabores.co.cr
www.81hospital.com
www.8nike.com
codexsinaiticus.org
www.91dh.net
www.91trustme.com
www.929av.com
www.99bill4.com
www.9n9.net.cn
www.aaalab.net
www.aditw2012.com
www.aesltlxs.com
www.aidang.tk
www.ailego.com
www.aims.gov.au
dotsail.it
www.airproducts.com.pl
www.aisemei.com
www.aiyunpw.com
fngyb163.16789.net
www.apkjs.com
www.argus.nc
www.avdage.com
vagasriorj.com.br
juf112.hyves.nl
www.carpetcleanaustralia.com.au
tmcnet.com
www.ccucm.edu.cn
serkojadek.pinger.pl
uu66ss.eu5.org
3gwzl.com
alphachipiomega.org
www.charlieauto.xls.hu
backlinkservices.com
j15.info
wetnwildorlando.com
cpb.org
nwchess.ru
webo.kz
indiawebs.in
otoku-juku.info
dumlupinar.edu.tr
cineyoo.info
asian-feeling.net
avtoport.ua
cptetuan.org
seeactive.by
www.siusi.it
www.jqlx.net
wysokapozycja.pl
photosynthesis.co.nz
3bb.ru
14ys.com
newcumbe.wop.ro
boats-florida.com
puskice.org
onschoon.wop.ro
alpinesq.puk.ro
7755.tk
bbc1.sk
aaron-rodgers-super-bowl-jersey.ppepu.com
emailadvertisingz.info
ab.newssc.org
barcelo.edu.ar