cezar92.wrzuta.pl
cakeobake.com
dressup.me
schedom-europe.net
asian-eca.org
musisert.wop.ro
chiediam.puk.ro
www.xoaaa.com
tm-touristik.de
departures.com
kolorere.wop.ro
78170.com
kouryuun.puk.ro
j6mp.265link.com
back2thebeach.net
03ka.com
gxxo.net
steamartmobile.pl
hetada.com
dinakd.info
butuzou.wop.ro
calorifu.wop.ro
gdtt.net
san-pablo.com.ar
lefz.nfdy.net
carbonize.co.uk
marketingdinerohispano.info
cdradio.7wx.info
jobs24.co.uk
mykh.com.ua
wowbug.info
autofilter24.de
337668.com
arstelle.ru
www.opzp.cz
alliance.de
gyous.com
asgatechshop.com
morotomo.wop.ro
jz.0529.org
zewf.nfdy.net
caven.org.uk
fotomaniak.pl
rumbo.com.br
platinumlist.ae
6qquu-1av21.tumblr.com
vipbook.info
cyberls.com
moegazo.info
extrastyle.hu
pharox-led.com
v9n9.k3y3.net
cafecinema.hu
lolek475.wrzuta.pl
carear.wop.ro
eoo8.k3y3.net
jrcc.sa
fenghuangyou.net
gostats.pl
plaatshe.wop.ro
cursusharsen.nl
med.ly
buddyweb.me
war3.uuu9.com
101ako.com
xhaberleri.com
mmatycoon.info
kiruna.cc
use-less.ca
cofunds.co.uk
awq5.gn2012.com
emeishan.sczt.net
www.u-q.com.cn
capnito.cz
ciputra.ac.id
thecoolbean.org
europcar.de
overtalt.wop.ro
piccolipassi.info
ccl2011-cq.match.chinago.cn
sc-sx.com
9xhot.info
autazchin.eu
androidve.com
yc.58.com
aansluip.puk.ro
kopij.wop.ro
tuchtmid.puk.ro
looonie.com
fr.4ever.eu
littlestar.fr
centurylink.net
lbi0.56dvd.net
2parale.ro
nianduhoy.com.ar
www.3659898.com
corvetteblogger.com
www.daocy.com
6257.dyy08.info
e379.net
dh.jinluo.cn
headhunt.goodjobs.cn
adultminigames.com
machy.blip.pl
amandawakeley.com
vacarro.puk.ro
sobdan.cba.pl
www.overtee.pl
ync.ne.jp
1153.price.foodqs.cn
a.d.cn
126s1.126slagle.co
13022015959.pur5.com
www.0551ks.com
13113866893.com
135sezhan.com.com
13backlinks.wen.ru
redrum.xfree.hu
4xstrategy.net
infotop-a.jp
freehandjobcumshot.com
milehighrealestate.com
adventurespiele.net
148casinos.com
criminal-info.com
uhkl.210000.org
ondrejbaar.cz
szderun.com
kelten-lexikon.info
hcgdietclub.com
tracky.com
serd.210000.org
www.czi.cz
sxrlzy.com
wqs.pl
guihuaxiang.com
metro24.de
apinfo.com
84eee.co
advenediza.puk.ro
ejms.com
hitradio-ohr.de
portal-elblag.pl
win7sky.com
auto.net.cn
paperthin.de
dhl.se
articleamc.info
books.lk
cactus.ee
mozziebite.com
inzoutten.wop.ro
strykninen.wop.ro
osl.iu.edu
harrington-fabric-and-lace.co.uk
jiaozuoqunaer.qiannan.org
cyfrografia.pl
jousetuc.puk.ro
dt00.net
dp.968.cc
fsi.co.jp
poults.puk.ro
www.longyugroup.com
aeschine.wop.ro
ahsouche.com
ceena.net
78cw.cn
huggies.com
dreams-come-true-matrix.info
endogenen.puk.ro
wvea.210000.org
caboolturemicrolights.info
yyfn.nfdy.net
tcf.org.sa
mantenka.wop.ro
gascolumns.info
www.skeptik.ee
intbranch.org
download-akon-ringtones.blogspot.ca
eva.ro
harlequiniberica.com
garyoutensei.com
libyaheart.com
tarek.org
ke-zhong.com
aac.ase.ro
travelagencyinsurancez.info
nb0e.lizhidy.net
patents.uspto.gov
budstechshed.com
e-volos.gr
edataindia.com
glaceau.com
centstosave.com
taiji-netzwerk.de
mulberrybagstore.org
detailsofmylife.net
newgb.com
375798.i.tiexue.net
kaytag.puk.ro
mequedouno.com.mx
dsmdtu.org
asxetos.gr
lww666.com
zeal-gp.co.jp
www.zqshw.net
brachystochrone.puk.ro
adwordser.com
magic-warez.net
socialledder.info
erovd.ru
desy.de
www.wmyj.net
moip.gov.ck
511hz.cn
4sq.com
photographybb.info
mv2h.k3y3.net
animationnow.pl
www.2341.cn
www.xx74.com
fleshlight-store.biz
0662.1775.cn
amandapeyton.com
ikworks.jp
aruhaz.lap.hu
rasme.com
bargains99.com
dominerthed.puk.ro
supplementsolutions.co.uk
chenpeng.info
bielawa.pl
bookmarkcommodity.info
animo.wop.ro
100000volts.com
bog888.com
pieters80.hyves.nl
yellow.co.ke
www.torst.pl
www.goldendoc.org
graphics.beareyes.com.cn
grundstoff.net
www.gzsouth.cn
gazipuryouthclub.com
rbcu.ru
dvd-coverz.com
paradeast.de
www.chinacham.hu
green-flash.ru
azalp.nl
euskotren.es
fogpotlas.info
republiquesolidaire.fr
abook-loversreview.com
aktivere.wop.ro
snartgravid.com
grafichenenci.it
bgonair.bg
metin2.es
wie-ratna.com
calda.wop.ro
daogouwang.tk
tatuazh.info
787878qqq.com
britishgenes.blogspot.com
ofertymieszkan.pl
awbank.net
bimru.ru
ugjhkkpwll.exblog.jp
gamegardens.com
google.lt
higea.net
presse-net.fr
vintagefashionguild.org