qy.hn788.com
aidex.de
census2011.co.in
diastasisrehab.com
zaiks.org.pl
emoney.cn
ishawi.digart.pl
artdstract.home.pl
www.olcsoedeny.hu
168ckf.com
aosuzi.wop.ro
boudou.wop.ro
marylandsquare.com
take-me-to-auction.de
diapsida.wop.ro
dominiok.net
zeal-gp.co.jp
barihiend.it
chachala.com
aksjebre.wop.ro
ladybunny.net
www.l03r.4f9.org
advrt.in
telebe.az
curvedbridge.info
12799.com
samiajiklinik.com
engraved.wop.ro
jfss360.com
dvs.vn
think2loud.com
1-aluminum-blinds.blog.hr
bodacrisyjavi.com
czzygy.com
a00firebangers.a-livesexasian.com
greatmodels.com
prostrahovanie.ru
acto.265link.com
swiatkotow.pl
planeterlang.org
climaxed.puk.ro
pigget.wop.ro
haidea.wop.ro
anadoluhayat.com.tr
ricorsiva.puk.ro
blauer.wop.ro
euphoriabux.com
dvdventas.com
fjzztt.com
best-price-india.com
airberlin-binoli.com
vergaffend.wop.ro
houseinthesun.com
blic.rs
makeadoll.info
123cha.com
17link8.com
wikipowell.org
autobagchina.com
scharrelbeent.puk.ro
fups.info
48cc-bike-engine.blog.hr
bellana.flog.pl
osceolaclerk.com
4799.fad3.net
a-z-animals.com
sony.co.za
mizner.wop.ro
youthforhumanrights.org
dietz.soup.io
articlewagon.com
bocarder.wop.ro
hjjcn.cn
articlebuilderreview.com
oeag.at
ponte.wop.ro
affiliatetheme.de
anybusty.com
crackonu.info
27.com
5d.cn
grandvalira.com
myfolio.com
253.pl
www.salvavinilos.org
pupa.it
560degree.com
szag.210000.org
internettarifrechner.de
mblog.biz
asiantits.org
sinhvien18.wap.sh
dianziyouxi.net
portalplock.pl
gametop.de
schuessler-salze-liste.de
biznes.katalogi.pl
eddyburg.it
creativekristi.com
office67.ru
sda.co.kr
afrts.puk.ro
hantairi.puk.ro
bernd-lehmann.de
7f7q.qiwen5.com
behesht.info
777tt-1av39.tumblr.com
cnet.ro
guihuaxiang.com
kokonu.info
top10ofall.com
admoto.pl
sanguife.puk.ro
cjx.qznc.cn
businesscnet.com
inborn.wop.ro
www.coe.ro
sportdepo.ru
makeup.net.cn
jest-lirycznie.art.pl
360-panoramabilder.de
breket.info
btd.soup.io
robincalis.hyves.nl
statepress.com
24rus.ru
seobuilders.com
hunter-pp.jp
homesexnews.com
nobius.ru
exsight-security.com
88xs.15852.com
chinacache.net
chicasconmorbo.com
rabbit613.poco.cn
paxmusic.co.kr
freezads.com
www.travelco.vn
139dy.com
dermoosseous.puk.ro
perueduca.edu.pe
abominable.wop.ro
kvb4.nfdy.net
appartager.be
mightycrown-store.com
jud1th.rajce.idnes.cz
ipielle.it
cornix.wop.ro
kaapor.wop.ro
sba.vn
654321.q.sohu.com
bonlight.com
ausartet.wop.ro
gbitez.soup.io
bookeasy.com
planetunik.com
bbs.qintaotao.com
soulmateescorts.com
psik.pinger.pl
gripping.digart.pl
1001experiencias.com
0i6f.265link.com
aurasma.com
caltraps.puk.ro
fashionzila.com
www.qilef.com
ftabeta.com
gixxer.com
katze-luna-lucky.de
lahuli.wop.ro
blacklabs.de
coolt-v.com
aztec.ru
www.mwawa.24.gg
sonnenkraft.com
www.roon.ro
lifecity.tv
cheap-iphone4.org
pittart.com
fire-forex.com
canis.ee
news.55.la
yzuh.210000.org
kartells.puk.ro
socinet.go.kr
bio-oneinc.info
vdio.265link.com
lyaf.210000.org
celutronic.com
autobodydynamics.net
godsdien.wop.ro
mirasoldisplays.com
frw.co.uk
forumszosowe.org
audiovu.com
askmedicaldoctor.com
binxxx.org
lavani.wop.ro
freelancersworlds.com
chikotuk.wop.ro
sihasara.lk
cssmobi.com
8051projects.info
admission.com
www.tin2k5.info
itusozluk.net
ecomponents.de
loukous.com
www.chunse8.com
zoo3.com
chili-mac.org
escort-girl-marie.com
91adv.com
www.metastudio.hr
fgui.265link.com
108594.www.blox.pl
hupan.net
coloring-book.info
abic.co.jp
diceaaa.com
equidiavideo.fr
chapelhall.info
borcka.bel.tr
91tousu.org
agland.pl
dirsubmit.net
fuoco.wop.ro
188w.210000.org
bowrd.com
zhifukc.78.cn