cookipedia.co.uk
masorti.cz
botsugo.wop.ro
bodyguardapotheke.com
hpnokia.info
lianyun.lyg.gov.cn
barki-nicols.pl
chuanqisifu.com.co
bet.nl
swiatkotow.pl
kutyas.jatekok.co.hu
sweet-angel.wrzuta.pl
gg120.com
cdig.info
artigos.me
pornohd69.info
adviramigos.ning.com
www.ywtcn.com
drivingspirit.com
kk55.net
dsfawie3.tumblr.com
tigaku.wop.ro
newsonly.org
muchomorka.digart.pl
realaviles.es
panglaoisland.net
ccftn.com
futurestep.com
blogsbyfans.com
mavermedia.com
loswerden.puk.ro
cdl.66law.cn
coolblades.co.uk
aurasma.com
detailha.wop.ro
socken.wop.ro
supervaluetours.com
komenoshizuku.jp
kidsactivities.net
sofields.com
florenceconsultant.com
bozzartsite.hu
dsa.org.uk
cdd.me
igmetall.de
dorint.de
kumusha.at
arbeidsinspectie.net
3jfs.net
ffhe.nfdy.net
bishonen.org
euro-parts.it
wechselstube.info
mahya.info
nn-n.jp
rtl-themes.co.il
cafemakeup.com
hemipare.wop.ro
deadpubs.co.uk
888sunjinping.com
designerpolska.pl
360hyzj.com
martuuha.blip.pl
www.365wnfw.cn
campus.eol.cn
seizor.net
asdoltre.it
mdoff.blip.pl
monitoruj.pl
wasvrouw.wop.ro
bestik.wop.ro
ndil.nfdy.net
desbromoto.es
reisenwe.wop.ro
abflache.wop.ro
cigarett.puk.ro
bwgnccue.freeblog.hu
innemedium.pl
finderia.com
intextur.wop.ro
boungler.pl
aflat.com
kantiana.ru
asia.lk
a5klub.pl
juju.in
tdubbed.blogspot.com
gadzikowski.com
laiwu.gov.cn
ben10.fad3.net
ttrumble.com
deyang.66law.cn
maraq.info
ilovetech.it
ausstattendes.puk.ro
l3j.info
designcommunity-hub.com
centier.com
1.lapianyi.sinaapp.com
stafaband.info
hd-videoconverter.com
curcy.wop.ro
w3spy.org
bikeandroll.com
d7vg.com
meodiu.us.pn
monavocatonline.fr
cookfood.net
narew.info
emigal.ro
clubvanessablue.us
beanogas.com
controldetransito.com.ar
e-dart.net
albert.cz
www.zxcvbn.org
ki-oon.com
kissed.co.za
heeta.hyves.nl
blacklogic.com
nvrp.k3y3.net
o2r1.qiwen5.com
laptopguru.in
cdsqingyq.jinnong.cc
heimatliche.wop.ro
forty.pl
1quh.nfdy.net
peru-travel.info
seektime.info
gestauch.wop.ro
weitlaeufigstes.puk.ro
cad999.net
neetsha.info
48hk.cc
kegel.puk.ro
dancehallcelebrities.com
maldonit.wop.ro
feuillue.wop.ro
richmondchambers.com
a1directory.info
preflightparking.com
www.caobi.in
situeron.wop.ro
teoti.co.uk
4b7.info
czycit.com
mengd.wop.ro
monnen.puk.ro
health.gdcct.gov.cn
cztenis.cz
etxf.nfdy.net
harrah.wop.ro
dominants.puk.ro
gilerkentang.com
koolaganpost.com
7point.pl
1-aluminum-blinds.blog.hr
www.gfnet.tw
hoteldelasletras.com
hatena.ne.jp
aggiornamento.puk.ro
aland.fi
1000colori.com
laurasscarves.com
skboy.wrzuta.pl
egonoc.wop.ro
guihuaxiang.com
pitylus.wop.ro
birleyhighschool.com
www.geo365.no
cdmkd.cn.alibaba.com
ccarb.org
galaxy.com.pk
communio.ch
puj.edu.co
faito.wop.ro
xpartner.net.pl
www.9369.org
cumshotfans.com
divxonline.info
zosia.r.pinger.pl
www.happy-post.tk
elvsun.cn
76me30.diandian.com
www.chinaqiqiang007.com
ivan-ta.de
kabuciao.com
daar.puk.ro
salmangolriz.com
www.anuntpromovat.ro
harleyradio.ning.com
blogutils.net
km-school.ru
www.jjzz.biz
www.pace.edu
www.pacio6.digart.pl
x90x.net
goosebumpsfullepisodeswac.wordpress.com
rssintelligence.com
abm-sac.com
amorfo.wop.ro
rebelleerde.wop.ro
chromeball.com
91gyy.cn
freecomicsdownload.com
biznes-firma.pl
e-global.es
airtofly.com
ces55.com