viagema.com
nationalparks.org
binamitrabarokah4.com
labo.net
tuempresa.gob.mx
mountainbike.com
liacs.nl
sidmit.ru
wowclips.com
reporteconfidencial.com
erotiksexhikayeleri.net
notebookwebsite.com
codigosecretodeafiliados.com
claimjumper.com
bestfora.toplista.pl
sarah-hoedje.istats.nl
cooktocreate.com
w3c-compliant.com
refreshingnews9.blogspot.in
flasheezy.com
blurayteam.com
xz.gov.cn
goodsay.com
dasgroup.ru
gsm-inform.ru
banque-rhone-alpes.fr
atraveo.it
toquiodigital.com
cloudcomputing-china.cn
adnetik.com
stevenashfitnessclubs.com
fengca.com
timberlandboot-sale.net
krosphoto.ru
sindbadbookmarks.net
modellerii.com
tianmao.com
hamnen.se
informatori.it
screamandfly.com
freeteenxxxtube.com
audiomusica.com
kerja.in
ztv.ne.jp
detiseti.ru
airjordans-for-sale.net
lotro.fr
geniecoupons.in
kartmotor.com.br
cnc.3745.com.cn
plantao190pb.com.br
phphyip.net
misionescuatro.com
care-concept.de
go2relax.ru
lemkesoft.com
turks.nl
emailretargeting.com
news-roll.ru
ab.gr
breakpoint.org
acapela.tv
konrei.wop.ro
trade-taiwan.org
site-forums.com
zwenyuan11.blog.163.com
nemovitosti.cz
arcelikal.com
donkiz.com.ar
apfelwiki.de
immozip.com
kosmetik.org
truebeautygirls.com
thelook.com
telechrger.info
myjewellery.ru
kaiastudio.co.id
orlandodiscountticketsusa.com
zakersoft.ir
separatista.net
outdous.com
outdir.com
carnivalclicks.com
dgtvi.it
traco.jp
mnogofilmov.ucoz.ua
odpoczne.pl
quieroserblogger.com
artparis.fr
blackhatware.com
86xc.com
mp7.ir
grillfuerst.de
fmoh.gov.sd
constructionenquirer.com
thegameforum.com
technoinfonet.com
dietandfitnesstoday.com
noclibya.com.ly
mister-auto.es
free-hentai-video.com
renxo.com
nationalbusinessbuilders.com
www.shaofu.in
lternet.edu
abatterypack.com
finder.ph
funbeingfrugal.com
vinaphone.vn
uzit.co.il
della.ua
suncnn.co.cc
superfastcars.net
severinform.ru
ensen-homes.jp
litilife.com
empireborn.com
oozex.com
ics.com
www.hbsymp.com
www.totitv.net
freelinkurl.com
internetboutique.net
socialservice.com
nachrichten-rss.de
bizontv.com
genoacfc.it
patentmaps.com
1043thefan.com
soocial.com
aliexpresso.com
imagensmexidas.com
news-seven.net
newmobileorder.com
missfemdom.com
ecogas.it
694free.com
grayandsons.com
childstats.gov
nowdirectory.co.uk
handypia.org
iknow-uk.com
freehst.net
hotelreservation.com
wantforall.com
serverqueen.jp
intelweb.com.mx
pampercasino.com
peepsandcompany.com
arabnokia.com
linuxinsight.com
glass.org.cn
roseurobank.ru
31philliplim.com
careerjet.hk
cameraslens.com
cindyratzlaff.com
detektor.fm
msc.ir
ahmedabad.com
censtatd.gov.hk
wechseln.de
www.gsbaykee.com
francopedia.org
qiaccess.com
polaris.com.tw
the-one.hk
cricketfains.com
hkproducts.net
poetrykit.org
getpets.me
dallassymphony.com
personalitypathways.com
calil.jp
eolica-argentina.com
newmusiclabel.com
olimp-supplements.com
trotto.de
scikotics.com
asy.com
orem.org
stnts.com
safafilm.ir
rapidprofitssystem.com
howtomakeelectronicmusic.com
ydreams.com
tomzap.com
reicon.com.cn
freshsound.org
onlineshopping24.us
simplesli.de
baimaec.com
pvhs.org
vkl.biz.ua
prostomore.ru
astronomynow.com
latinamericanstudies.org
22bestdeals.com
port-system.net
tcm.com.br
sportingtv.eu
thebowmanstravels.co.uk
yeniozgurpolitika.com
chinese-architects.com
xxx-porno-online.com
topoftherocknyc.com
58off.com
itjobboard.nl
classicbookmarking.info
kampaniespoleczne.pl
mlsu.ac.in
soscuisine.com
xtremelinks.net
emag.cz
toutsurlesimpots.com
riie.com.ar
hegerys.com
voltzenlogel.net
healingthresholds.com
keltron.org
qsi-ks.com
10000link.com
blacklabelboutique.com
linkman.pl
stuff4sale.eu
delhaizedirect.be
wuhan98.info
searchforhappiness.pinger.pl
trekamerica.com
adeem.me
nagel-polska.com.pl
mrbass.org
responsemagazine.com
iq888.com
startupselling.com
deskwanted.com
couturelab.com
drivertrainingtoday.co.uk
aicr.org
aliproject.jp
breadexperience.com
nederporn.tv
yerelgundem.com
beatmasters-winlite-blog.de
fonogramm.net
bquarto.pt
usability.de
manbiz.com
officefix.co.uk
www.cs.urnaweb.cz
themefurnace.com
universalservice.org
highest-paying.com
la963.com
vael.com
smartlink-network.jp
replusnet.com
cncmn.cn
werbeblogger.de
tackthis.com
usingimho.wordpress.com
gamertheory.com
yazikita.com
personalloan365.com
travelguideline.net
www.metalfest.eu
poczta.lublin.pl
satprnews.com
indiaflowergiftshop.com
ygeianet.gr
softestan.com
yubuk.com
safelistsubmitters.com
chiohd.com
rao3h.com
prosperity.ie
you-meishi.com
gowll.com
digital-camera.gr
fahrenheitstore.nl
collierappraiser.com
illinoishsbasketball.com
unser-web-forum.de
scs.co.jp
sexmomtube.com
arkansaslassies.com
tvclub.cn
affiliates-money-online.net
minutorioja.com.ar
vidbang.com
fotobase.cn
altnature.com
patrickjmt.com
rallye-magazin.de
affiliateroyale.com
iu91.com
sms911.ru
dimdima.com
sellfudosan.com
kijiji.com
lancarklik.com
sweetbaysupermarket.com
canalstreetchronicles.com
mediafire.name
cleardarksky.com
www.maxina.cn
librodot.com
supplemen.com
lien-en-dur.fr
nisanyansozluk.com
tutiendasmol.es
mercadointernomx.com.mx
56orb.ru
vibranthemes.com
unp.edu.pe
dwshare.com
starkdigitalmedia.com
babysky.hk
3g2win.com
resolution-bio.com
vectorfinder.com
soldigital.com.br
ggvc.com
wizardinternetsolutions.com
earlyamerica.com
newuxi.com
theoutsourceblog.com
silvamindbodyhealing.com
hackysackdirectory.com
sdsgwy.com
f8f8.com
bartnik.digart.pl
swtorhub.com
88lan.com
partyurlaub.de
livevn.com
freehzp.com
vkfair.com
www.socaso.com
wjcd.lizhidy.net
tipking.co.uk
patakawire.info
iso27001standard.com
tecnicofederal.com.br
hdgih.com
harbour-plaza.com
air-travel-corp.co.jp
hudoba.ru
corriereimmobiliare.com
brillig.com
rubikssolver.com
maslahat.uz
jajeek.com
bonnieplants.com
barbariangroup.com
zombobox.com
freelancewriterscafe.com
lelong.com.my
pryj.info
webcool.cn
lab.in.th
datanta-brasil.com
mpoint.ca
grandprixforums.net
skleponline.co.uk
vmpfree.com
oswald-versteigerungen.co.at
uxmyths.com
summerwood.com
loancalculator.com
the-zomb.com
onthewayapp.com
shenyang.gov.cn
derfmagazine.com
gambling-gazette.com
52cydia.com
supwar.info
koala-toys.de
hdfcbank.com
youpic.org
vqqx.com
buxunite.com
sdesire.com
skyair-ship.cn
www.tao528.com
robertwhite.co.uk
vtzv.nfdy.net
anuncios-comerciales.blogspot.com
superstockpicker.com
readygold.com
ipu.org
servusbud.kiev.ua
bayhdole25.org
ie-erabi.net
bayoubuzz.com
obrasweb.mx
catan.com
4jam3a.net
universityofmakeup.com
www.4493.com
blossom.io
adamart.digart.pl
qnxzkoromwhk.com
raiffeisenclub.at
preistipp.at
wordbuff.jp
klaboseni.cz
dtp-bbs.com
m7-online.com
dauerstress.de
everparent.com
keyhole.com
sanzoudo.com
simpleproducts.de
milepost.jp
sobretudo.org
sliceofscifi.com
joshgarcia.com
nanaimocu.com
doctor.kz
usedlaptopcomputers.com
truck1.eu
miscasasrurales.com
mond-wow.com
divulguemeusite.com.br
jeuxenligne.net
redlondon.wordpress.com
kudel.ru
modelclub.gr
publicdomaintorrents.net
telemetry.com
notaroja-koneocho.blogspot.com
fbextremo.com
youronlineagents.com
myninjamail.com
izhev.ru
glamourhair.com
yezzar.com
selmapilgrimage.com
sonystas.com
oliveshop.com
loterias-sorte.blogspot.com
ifreeapps.ru
genealodzy.pl
viatorcom.es
talkabouttennis.com
privatecommunities.com
novo-sibirsk.ru
vouchergurus.co.uk
aloojamiento.com
perfumery.puk.ro
www.illi.ru
www.aougu.net
mmmsait.ru
bdsmmpegs.net
star-motoring.com
bsmail.in
iphones.cx
blue1000.com
jusline.de
braintreepaymentgateway.com
azaronline.com
mercabusca.com
kid.wsbgt.com
room187.com
agromat.ua
ivystar.jp
thewebhostbiz.com
samsung.nl
healthwise.net
dropace.com
vresdelivery.gr
bbfun.de
fzdschool.com
economica.pro
taobaomai05.ok8.so
keyform.ru
www.cztkw88.com
ailaba.cn
ync.ne.jp
playsoft.fr
healthyweightlossrecipes.org
tischdeko-shop.de
myzone.cn
himalayanglacier.com
jobmastersnigeria.com
dedadadigital.ws
bsf.nic.in
phlaunt.com
liveactionnews.org
smsmarkaz.com
kendinigelistir.com
beritanet.com
televisionporno.net
jeuxtorrent.com
mybookmarks.biz
semichiffon.puk.ro
bigorre.org
freesessionformula.com
www.977sex.info
aromathologie.com
globeslist.pk
rutd.nfdy.net
www.osnn.net
erolabo.com
www.456088.com
aartssch.puk.ro
pragueapartments-k.com
digcms.com
gonct.info
masropainterior.com
rwtss.com
coastertour.nl
torrentcafe.com
nagoya-yorutomo.net
bestonlineadvertisingz.info
jumpfrompaper.us
softkenya.com
vdh.pl
tamilmovierockers.com
milkmen.com
moserbaerhomevideo.com
voicetree.co
hardsextacy.com
loyolacollege.edu
urbanoflowmusic.com
ratmilwebsolutions.com
prestashophelp.com
searchdatacenter.de
goldchest.ru
dealclassifieds.us
www.lzlfanli.com
mosnet.ru
spitfirehiphop.com
kudok.com
mcc.com
somaliaonline.com
naturpenis.com
bestnet.ne.jp
evsjupiter.com
eafootballworld.com
themanipaljournal.com
eccoholiday.com
murciaeconomia.com
ironworksforum.com
mywpthemes.net
plaanck.com
0930168511.magent.com.tw
wqs.pl
fietsnet.nl
univadis.com
peryi.com
www.hcdjw.gov.cn
rojoynegro.info
rose03.digart.pl
aquabookmarks.com
board.joshgroban.com
archanaskitchen.com
bluedolphinhotel.eu
www.sqoo.net
ironaddicts.com
kingofblack.com
wilwheaton.net
imefix.info
parklabrea.com
www.ohrenti.com
yi.org
skarbiec.biz
bj-bigtree.com
immusoul.com
fasebonus.net
marqueemedia.com
lmsa4.com
gdhaoma.com
youreztextads.com
antary.de
fiddlersgreen.net
yakujihou.com
superferry.com.ph
klimatyzacja.biz
mgtowforums.com
xiecheng.info
mingshangge.com
spamrats.com
ausderhoelle.de
pythonforios.com
bcr.co.rw
freeverticaljumptraining.com
girlsfuckmovies.com
socialbookmarkingsiteslist.co.in
knits.wop.ro
anabolex.com
swing4ireland.com
alpintouren.com
alkalimaonline.com
librosaulamagna.com
indovacations.net
digitalbookindex.org
acenet-inc.net
arakus.ir
sunbrella.com
aeskulapp.com
articlenix.com
7daypic.com
shoq.ru
trabulsi.com.mx
extratobe.cz
bita.in
couponshelper.com
billboard.cz
lichtderwelt.ch
talktojcpenney.com
dia.org
alb.kz
surterreproperties.com
mefa.gov.ir
amigos.lv
news.cntjzs.cn
www.kafei360zx.com
www.begeng.com
maytman.digart.pl
subtlerantings.com
merida.sk
www.hbcpqc.com
cq-app.jp
digitalgupshup.com
qualitywallpapers.eu
radio.opole.pl
dirtydoglinks.com
celestialseasonings.com
sophian.wop.ro
koopjespakker.nl
downmusic.org
the-home-brew-shop.co.uk
jmad.ne.jp
trichyads.com
neosoft.hu
churchrelevance.com
duepercento.com
safeguardproperties.com
www.szprovence.com
77qe7.diandian.com
warezhud.com
antenna-theory.com
cocoa-soft.net
adsjunk.com
stampauctionnetwork.com
baza-winner.ru
izu-shimoda-fishing.co.jp
childcarelounge.com
itnintl.com
fenixclub.com
villagegreen.com
theperfumespot.com
awalax.ru
kenhmua.com.vn
www.bd-oa.com
otlichnoezdorovie.ru
wgyzj.com
tanelorn.net
intertrust.jp
zerodoi.ro
supraskytopsfootwear.com
thepaintstore.com
how-to-get-rid-of-bed-bugs.us
reallymoving.com
washtrust.com
caddereputation.over-blog.com
theclosetentrepreneur.com
hotelmanagement.net
remnantofgod.org
aufrecht.de
trimup.co.nz
e-kurier.net
feelandlive.com
mundodecaballos.com
adrianleeds.com
galenfrysinger.com
speakermatch.com
www.dragonkwest.net
swaychic.com
synechron.com
www.merida.sk
region-bourgogne.fr
outdoorpro.de
nalinisingh.com
sensualseductive.com
republiquedebananes.com
gdhc888.com
mywebtronics.com
futureranking.com
gtrnissan.com
upxsuccess.com
tjyk.9998.tv
www.cftyj.cn
www.tila.be
www.nabaigkj.com
private4.com
mitula.com.co
seenandshared.com
everythingrf.de
www.stimon.nl
ehow.wop.ro
worldbestonlinepharmacy.com
quickeasyvegetariancooking.com
kravfitnow.com
turbobricks.com
med-magazin.com.ua
newlinks4u.com
creation-societe-offshore.info
tvperuana.us
e-know.jp
couchwives.de
www.rhxy.cc
an-city.net
kenreimer.com
webapprater.com
cant-col.ac.uk
capsarsivi.com
www.qixinseo.com
votinginfoproject.org
articlesmaze.com
smilevideo.jp
seoorganization.com
constructionequipmentguide.com
foto174.ru
vinylemusique.fr
celfin.com
ploscompbiol.org
lasikplus.com
htmlform.com
albronz.net
drumlessons.com
garu.digart.pl
www.zgzbsc.com
390999.com
konstantinym.com
pleromorph.wop.ro
achefshelp.com
jece.wop.ro
wwwaaa13.shunshunfa.com
fj.cenn.cn
itjob.xue.net
rockandrollbbq.com
z77l.qiwen5.com
asca.wop.ro
www.wee.lt
www.shnt120.com
wikilink.us
www.rgmd.it
gofr.qiwen5.com
vipcaribbean.com
lero.puk.ro
musicjunkeys.com
junyitangjcyw.1168.tv
yiduzone.com
dako.wop.ro
51shuo.net
seorankingview.com
yoti.wop.ro
bh9s.qiwen5.com
symtab.wop.ro
duanhousheng.fyfz.cn
luxemutt.com
gamerzacademy.com
mdjx.265link.com
xxcyj.gygov.gov.cn
jazoom.biz
ehmw.qiwen5.com
www.youxiji-pifa.com
gespod.nl
lzuk.qiwen5.com
wuzhoutianqi.fdcez.cn
yeskey.com
3jx7.qiwen5.com
nhtourguide.com
mv1905.de
cees-air-compressors.nl
gamers.org.ua
pewdiepie.net
www.bkvl.nl
overjaagden.puk.ro
hofu.wop.ro
davidadamek.cz
albanyhomezone.org
grancacique.com.ve
grandise.com
x-arena.eu
lemontech.cl
rsskataloget.dk
ibikeyou.net
931p.qiwen5.com
articleapprove.com
mrgooder.com
ffmpeg-hosting.net
www.rxsi.cn
www.totisport.hu
kabar17.com
kinderkamers.uwpagina.nl
l7gv.qiwen5.com
vate.wop.ro
neri1030.uw.hu
knightsbridgeinsolvency.co.uk
yhiu.qiwen5.com
w2pt.265link.com
mattlehrer.com
helicon1.software.informer.com
www.899fanli.com
fcdenver.org
xinlei-go.taobao.com
intelligentinvesting.me
nazi.wop.ro
fhf-online.de
pibguaianazes.org.br
jnuf.265link.com
mydrg.de
www.zjcgw.com
safran-gewuerzbasar.de
www.tookx.com
8uc.name
pya.org.pl
www.wgoabc.com
east-horizon.net
www.sjzpxr.com
cnshineast.com
amau.org
yxsyzx.hbu.cn
girlsblogspot.com
viewpoint.com
mesuradamente.puk.ro
highly.software.informer.com
www.ndcnc.gov.cn
yzrcw.78.cn
www.think58.com
radpropaganda.org
wbgrupp.net
eula.wop.ro
vrvy.265link.com
www.gifucity-tower43.jp
magnolia146.digart.pl
aladdinserv.com
pays.wop.ro
katakiut.wop.ro
myuti.com
482z.265link.com
ngom.wop.ro
t3udon.ac.th
2sebo.com
www.aoaisp22.com
unitagged.com
listmyhairsalon.com
xingkongee.diandian.com
ronk.wop.ro
charger.puk.ro
tamebeast.com
chachala.com
brou.wop.ro
qdk4.qiwen5.com
babynameworld.com
domain-lookup-az.com
i-do-i-do.be
swigin.com
parkgrovehotel.com
socialize.ae
www.wjx998.com
www.hrcc.gr
topbookmarkings.com
www.outlook.pl
syhj.cn.gongchang.com
scgyong.net
setools.cn
shap.wop.ro
couplesoasis.net
pussymonster.net
www.54cn.net
smocca.jp
bogh.wop.ro
blob.wop.ro
www.ejiaojiage.net
wowtaiwan.com.tw
e1h1push.com
onlysex.us
kikasan.alink7.uic.to
www.182hh.com
pittcon.org
dudu.nnm.ru
ni4t.qiwen5.com
mywhic.taobao.com
itsnewtomeconsignments.com
ajurhk.cz
edit.wop.ro
go10.qiwen5.com
site.wop.ro
dith.wop.ro
ukchat.com
soup.wop.ro
553-0ya400.diandian.com
gazprojekt.hu
www.xmwst.com
regi.wop.ro
as9c.qiwen5.com
ihta.265link.com
lonelyplanet.fr
yocooware.com
bernarda.wop.ro
suvi.wop.ro
www.0312baidu.com
prasinous.wop.ro
alfy.wop.ro
pair.wop.ro
xn--holistisktrning-blb.se
latour-kagurazaka.jp
5tst.qiwen5.com
cybertrapsfortheyoung.com
ki9em.pl
dualrealm.com
prgl.info
fratturai.puk.ro
americanboll.com
schiverein-altenstadt.at
searchdollar.com
jeanlucbeghin.com
ht-tw.com
nemborg.net
zbitacena.si
diysecurityforum.com
ototohon.jp
lelo.wop.ro
www.0731.ca
sosite.sozza.wwwwww.wop.ro
www.1580ws.com
babykick.com
yoshikun-uhauha.blog.so-net.ne.jp
rona.wop.ro
ckh4you.com
brvg.265link.com
www.shwxsakura.com
frankfortballet.com
www.8090kk.co
www.0830jz.com
commonmed.ning.com
53sz.com
sportsinjurysolutions.com
www.watg.cn
qqezx.com
onoha-ittoryu.de
prvy.265link.com
bookmarkingapps.info
666mi-11go200.diandian.com
ddcs.cn
www.887a.info
ulmb.com
www.hami.gov.cn
www.1granite.com.cn
fhxn.qiwen5.com
mydubainetwork.com
yyenonline.net
www.geleite.cn
hent.wop.ro
jibs.wop.ro
mfa2.qiwen5.com
c52a.265link.com
wxdb.qiwen5.com
mucousness.puk.ro
www.yanchu360.com
roco.3839.com
djyellow.eu
www.xx163.cn
freelancewriter.com
www.baby152.com
asda.co.uk
fatman.nsu.ru
onsugar.com
meridianamagazine.org
pereche.ro
kielerhautaerztin.de
japan-fishing.net
fashions-for-disney.deviantart.com
www.notpt.org
plymslayer.com
lsou.265link.com
noordbrabant.vakantieparken.a1boulevard.nl
horrorbid.com
mr-jingles.org
xstylebeauties.com
adeadland.com
njdy.265link.com
appi.wop.ro
surestimera.puk.ro
jiaotongyunshu.huangye88.com
meimeidy-2go1.diandian.com
chenshanshan2.diandian.com
8aer.265link.com
junyitangptws.1168.tv
www.588dz.com
easterhegg.ch
secuvita.es
mjnrw.com
adbon.net
bli0.qiwen5.com
llt.msu.edu
hawm.wop.ro
44126.cn
nvyx.qiwen5.com
mylittletown.ca
itie.wop.ro
childrenofthesun.org
tisa.wop.ro
www.ifhk.is
oxidedesignco.com
topzrz.com
unlimitl.wop.ro
crimeindetroit.com
www.991573.com
flipplanet.com
1u0k.qiwen5.com
6hu1.qiwen5.com
2007.tdu.at
www.2bysj.cn
munkaado.monster.hu
www.jzswdc.com
6ltf.qiwen5.com
bokn.wop.ro
gilt.wop.ro
cerf.wop.ro
ladblog.ru
naur.wop.ro
bing.wop.ro
www.cnnbps.com
winstart.se
www.8uc.name
qpg2.qiwen5.com
idus.wop.ro
mob.cx
www.58xdjx.com
xmrf.qiwen5.com
lefronc.tk
rzrk.soup.io
www.searsoutlet.net
quemar.wop.ro
99lime.com
abaut-niuyork.comunita.unita.it
pavy.wop.ro
clanvz.biz
wishlist.com
holycross.ac.uk
from.tv
hpa-pod.org
tricia.me
www.chnip.org
www.zyzlm.org
newsmap.jp
druppels.be
lauf.wop.ro
pnf-usa.com
pkz1.qiwen5.com
www.gdhra.org.cn
guardapelo.puk.ro
kertben.hu
asr0.265link.com
51shanzi.com
rubberwa.wop.ro
tbrh.qiwen5.com
demetrovics.hu
www.power-cn.cn
giah.wop.ro
balloonjp.a-thera.jp
sh.58.com
www.qss.org
ozdikc.hu
resimsakla.com
www.toiyeugoogle.net
phimkr.net
www.fastdeals.it
zhwz.info
waka.wop.ro
www.yaolanwu.com
jktyre.com
horgolotu.linkekneked.hu
nudebabespics.net
www.wwmp.ro
great-gardening.com
lozd.com
dhah.210000.org
modart.hu
junyitangjzytt.1168.tv
www.bilibili.com
qqj5.qiwen5.com
womennewsmagazine.com
mastudentnurses.org
www.ftxbe.com
howk.wop.ro
62333-11go399.diandian.com
htxh.qiwen5.com
leadingleaders.net
azal.wop.ro
dans.wop.ro
qink.net
thankyou.ru
finanz-partnerweb.de
www.42296.com
www.gzsht.com
imeshs.com
sheu.wop.ro
www.acfun.tv
haomaigu.com
feestwinkel-groet.istats.nl
www.baidu.com
web.jsr.cc
www.senvgo.com
kulm.wop.ro
kprazdniky.ru
tylo.wop.ro
e0ni.265link.com
gruabarock.de
www.google.com
mgweib.1168.tv
paperfan.ru
sakalaga.wop.ro
silt.wop.ro
www.deepred5.com
uwindsor.ca
forumpassat.fr
jammerli.puk.ro
tasteofnawlins.biz
www.ytywbx.cn
www.57315.net
vseo.ru
www.tagver.com
mohawkschools.org
wmob.210000.org
hospital.fad3.net
skag.wop.ro
www.liveseks.info
parkanex.pl
www.metrobond.nl
shelbyobgyn.com
92cc.com
seoagency.com.sg
directorylife.info
shop45473.tbhui.com
www.wfst.co
www.vatera.hu
cwej.qiwen5.com
thecomet.com
jjazz.pl
www.xbrc.gov.cn
edppacka.adontava.kravitz.skalpell.euwww.wop.ro
68fa.net
falusi-vendeghaz.feldebro.szallas.istenhozta.hu
iop.or.jp
landlordwiki.org
www.9qwd.com
kork.wop.ro
socialloft.com
ewve.265link.com
spoten.wop.ro
yvjc.qiwen5.com
78901.net
www.jxhsm.com.cn
j7pl.265link.com
vannet.cn
guestbook-free.com
sexrura.pl
travel.36tv.cn
iski.265link.com
www.89719.com
vvlf.qiwen5.com
sitesgravity.com
mlqq.net
studi38.de
meiu.wop.ro
ueba.wop.ro
adult.chinese.cn
tracciabi.li
redvida.ning.com
chrrr.com
notanota.deviantart.com
97734.www.blox.pl
fudiculous.com
langke.dk.tc
slicehost.net
www.88f.com
eternitylinks.com
toystoryfullmovie.blogspot.cz
www.147ad.com
www.carp.de
hoyo.wop.ro
ucgm.265link.com
badankar.com
drjb.qiwen5.com
114la.ofcard.com
lukezang.com
www.fnvzbo.nl
tfc.fgstfc.com
old.chip.cn
obqo.qiwen5.com
msorchestra.com
www.prweb.com
sack.wop.ro
salesautomationsystems.com
jomsend.com
www.yesegz.com
jelisaueta.wop.ro
koka.wop.ro
olro.nfdy.net
mein-ebam.info
opik.wop.ro
nowiny24.pl
www.mk1.cn
silentblocbush.com
www.seyuju.com
mumingerlai.1168.tv
berkeley.edu
chinanetedu.info
typo3.pl
dejectedness.puk.ro
vear.tk
ws.fs.cn
my-fotobook.fr
wm.longyan.gov.cn
webmirable.com
www.haitaowang.net
wbtrans.com
java-technical.com
www.northfacejacketsoutletsale.net
www.hkfanyi.com.cn
kmxr.nfdy.net
www.0771nnxy.com
bgu.ac.il
pentalph.wop.ro
www.zygon.az
www.77xx.info
matvett.no
www.tunpo.net
www.lle.lt
mengba.5food.cn
www.rega.ch
morphinepilgrims.com
www.jinpinyuan.net
bldg.wop.ro
www.aobieg44.com
forum.nusantarahost.net
urus.wop.ro
www.o591.com
rusu.wop.ro
dcple.com
hfww.qiwen5.com
www.qzonept.com
voom.wop.ro
sonepar.fr
www.cntrades.com
bogeydown.com
pistachios.org
cityofthornton.net
www.zhaofush.com
sentier.us.com
lake.wop.ro
emqr.qiwen5.com
retombera.wop.ro
qingchen.me
vip9.755.com
tewpik.com
graphicboulevard.com
www.gouchezi.com
mobdis.co
www.xntk.net
www.jrq.cc
ouym.265link.com
www.ceri.com.cn
howoma.com
tripod.com
voen.nfdy.net
pise.wop.ro
youse.wop.ro
cheaps.wop.ro
miniklubovoda.hu
jchn.lizhidy.net
mega-streaming.info
teehaus.de
0457.273.cn
schlaepfer-mazi.ch
rt999.net
www.pengood.net
www.365nvzhuang.com
www.unccd.int
www.dz155.com
www.forojgs.com
forum.kucnilekar.com
511dd-3go1.diandian.com
www.szylconn.com
ee3.eu
asosan.wop.ro
zord.hu
www.imls.gov
www.flll.net
www.fanjiwang.net
9lgd.265link.com
webdirectory2010.info
yieldbuild.com
jama3fna.com
www.gbhtb.com
cricketextravaganza2015.blogspot.com
zulubeehive.co.uk
www.casio100.com
norsk6film.com
www.lauber.pl
www.tolle.pl
ropt.wop.ro
www.wdhrb.com
wiki21.info
www.zh516.info
zhouchuan.net