www.tagver.com
feestwinkel-groet.istats.nl
lero.puk.ro
spoten.wop.ro
vseo.ru
ajurhk.cz
fratturai.puk.ro
lonelyplanet.fr
leadingleaders.net
ibikeyou.net
tamebeast.com
www.wgoabc.com
bh9s.qiwen5.com
azal.wop.ro
ni4t.qiwen5.com
mywhic.taobao.com
edit.wop.ro
51shanzi.com
iski.265link.com
tfc.fgstfc.com
tylo.wop.ro
qqj5.qiwen5.com
www.147ad.com
silt.wop.ro
web.jsr.cc
wm.longyan.gov.cn
www.watg.cn
dans.wop.ro
x-arena.eu
www.ftxbe.com
charger.puk.ro
hpa-pod.org
www.182hh.com
munkaado.monster.hu
yxsyzx.hbu.cn
6hu1.qiwen5.com
ehmw.qiwen5.com
radpropaganda.org
giah.wop.ro
www.xrwlz.com
modart.hu
skag.wop.ro
mdjx.265link.com
huggies.com
ukchat.com
wbgrupp.net
yocooware.com
www.mengbashanvzhuang.com
xirt.qiwen5.com
yumesoso.jp
www.hentaikid.com
www.rucinvren.com
semrush.com
ejak.nl
3pva.265link.com
bridgewateradv.com
ropt.wop.ro
sphu.265link.com
scs.illinois.edu
www.89719.com
rusu.wop.ro
au.chineseembassy.org
nytechappliance.com
www.tunpo.net
fala.pl
iyashieromanga.ldblog.jp
lake.wop.ro
wins.puk.ro
langke.dk.tc
www.sudupai.com
canjs.us
pacificislandersclub.com
www.52maomao.info
gymnet.org
ouym.265link.com
sitesgravity.com
www.0771nnxy.com
9lgd.265link.com
rt999.net
www.0713net.com
cwej.qiwen5.com
websitehome.co.uk
www.pengood.net
creativewebsite.in
www.hkfanyi.com.cn
kork.wop.ro
www.6gmf.com
dtv2.qiwen5.com
chug.wop.ro
mispolicy.puk.ro
westlothian.gov.uk
techslash.de
lmbc.265link.com
door2tour.com
thejeep.co
instruierendem.puk.ro
www.yurongfuwang.net
matvett.no
emqr.qiwen5.com
toystoryfullmovie.blogspot.cz
handylist.de
xxi9.qiwen5.com
ovisar.com
duke.wop.ro
qq.172w.com
wecanbesaved.com
www.gzdazhongbanjia.net
dannyrobert.com
bgu.ac.il
beschaed.wop.ro
miniklubovoda.hu
www.92360.com
www.unccd.int
red-benz.de
vr.org
pametka.ru
mvaq.qiwen5.com
vvlf.qiwen5.com
pise.wop.ro
hq8x.qiwen5.com
schlaepfer-mazi.ch
bikuai.net
www.ccq.gov.cn
grav.wop.ro
xzqc110.com
www.gdgay.net
sentier.us.com
collinsdesignbuild.com
pathgoaltheory.net
redvida.ning.com
memo.wop.ro
mengba.5food.cn
koka.wop.ro
www.indohit.xtgem.com
java-technical.com
bolubook.com
game-food.com
badankar.com
submergedshooters.com
my-fotobook.fr
tacitus.wop.ro
landlordwiki.org
ulli.wop.ro
eshost.es
meiu.wop.ro
www.zygon.az
www.fanjiwang.net
tvpedia.org
www.forojgs.com
www.cn-walks.info
qz.taofang.com
sawal.com
www.dy2999.com
e1ns.qiwen5.com
ee3.eu
juancano.net
forum.kucnilekar.com
www.pyck.be
bp-cgo.com
tacher.puk.ro
7s1n.qiwen5.com
morphinepilgrims.com
holz.wop.ro
unep.org
www.northfacejacketsoutletsale.net
pistachios.org
www.miercn.com
pylc.ru
0457.273.cn
vannet.cn
www.lameizi.net
qingchen.me
kath.wop.ro
www.365nvzhuang.com
xjea.qiwen5.com
www.arms-expo.ru
polsoft.pl
78901.net
studi38.de
falusi-vendeghaz.feldebro.szallas.istenhozta.hu
casa-usa.org
asosan.wop.ro
www.esnulg.com
hfww.qiwen5.com
kbatz.net
mbam.wop.ro
yvjc.qiwen5.com
startupmilano.com
masterwohlwend.com
dasheng88.jdzj.com
adult.chinese.cn
wbtrans.com
www.daiyun3a.com
zhanyi.roowei.com
pp0i.265link.com
asromafans.it
eoqo.265link.com
www.meili-shuo.com
dcple.com
pbge.qiwen5.com
ws.fs.cn
4funnytube.com
bogeydown.com
nitusind.nu
www.mogujienvzhuang.net
x-directory.tk
cub5.qiwen5.com
gyorsan.linkekneked.hu
hkslazar.pl
opererer.wop.ro
urus.wop.ro
el3t.qiwen5.com
vakt.wop.ro
millworkspecialties.com
www.haitaowang.net
adwordser.com
www.zstc.net
www.jrq.cc
www.rega.ch
www.gzfz.org
devinrothmusic.com
www.soem.cn
xanga.com
rulespub.com
www.yrhq.com
www.dz155.com
swag.wop.ro
5mf9.265link.com
govox.com
bldg.wop.ro
www.80tbw.com
gitarre-plus.de
bolerofilm.it
bxjb.nfdy.net
villaci.com
spoe.wop.ro
tripod.com
voom.wop.ro
511dd-3go1.diandian.com
www.lansehudie.com
giel.265link.com
www.wuyoujz.com
www.fup-gut.de
szexpartner24.info
pig-up.de
foxyproxy.com
cheaps.wop.ro
velosh.com
forum.nusantarahost.net
www.cntrades.com
hupan.net
dejectedness.puk.ro
www.kmustmba.com.cn
olutopas.info
www.starski.hu
www.bsweb.cn
480p.me
osbridge.com
www.haizhu.gov.cn
jomsend.com
sjwvopkj.blogdetik.com
sagessehs.edu.lb
reszkessetek.uw.hu
ramuda.wop.ro
www.ruta-inka.com.pe
mozgaster.hu
njdy.265link.com
www.o591.com
rilspace.org
www.yingxiao958.com
songnho.xtgem.us
uaff.net
szilveszter.ca
www.bjrfbj.com
mada6969.pinger.pl
eudal.wop.ro
hebinzhicheng.com
www.xntk.net
globalfoodtech.com
etiscan.de
kaikei-zimusyo.info
slando.gr
www.thamxj.com
www.currybet.net
freestuffs.info
mondfluege.puk.ro
judo.eu
claysnguyen.info
low-cost-airline-guide.com
felixwoo.com
petrdoroshkevich.com
388se.burn.at
trnty.edu
tameraonline.com
divawwe.pinger.pl
linhost.info
betascape.info
newlinks4u.com
www.taobook.cc
symbolernes.wop.ro
insufridera.puk.ro
www.xxx3456.com
mobilemaya.com
tieutinh.info
boungler.pl
towear.de
kopalniaokazji.pl
forsapl.info
www.44jq.com
bnn.go.id
www.oxygym.eu
www.yc8.cn
guzikprawda.pl
market-sense.com
www.888ao.com
presagie.wop.ro
jkclub.info
rcboxjzvs.skynetblogs.be
simplifiedses.com
chopin-freak.info
reseo.com
leuchtmittelmarkt.com
www.dgvivi.com
gxfb.210000.org
sjerpen.puk.ro
otticanet.com
lwlarsenphoto.com
haii.cn
www.hitteson.com
sakamura.puk.ro
833330.com
smilingly.info
moujyuu.wop.ro
zgred.pl
easter-eggs.org.uk
u148.com
www.ehmall.com.cn
yiyangqunaer.qiannan.org
viennois-online.com
flashstreaming.tv
www.k188888.co.cc
lightroom.one.pl
netarteria.info
mfht.1168.tv
guihuaxiang.com
www.ebao110.cn
kumpulan.info
monstrual.cba.pl
empirebully.com
www.xqtc.com
unmadden.wop.ro
piciformes.afvorm.wwwwww.wop.ro
jizhe.cc
www.ssc60.com
biografias.es
brazzer.org.uk
uncor.edu
schriel.wop.ro
stocks.ch
oolka.flog.pl
www.fp81.com
yamaha-motor.co.th
yavlinsky.ru
campsankanac.org
www.uniwb.com
proguns.com
qczx.78.cn
radne.se
habe.hogent.be
www.megauploadpremium.org
qovddy.info
chintai10.otokune.net
maltsethoublons.com
www.xiaojianka.com
president.gov.tw
01e6.com
tadwena.com
sexplay69.info
lifedevelopments.co.uk
mariogattiglia.it
zalgiris-vilnius.lt
eryk9.digart.pl
oocl.com
wishlistactivation.com
yiren1.info
www.abdalbasit.com
www.cndatas.com
nanjing.5ilou.com
stripclublist.com
biser.info
g.cn
cyxk.b2b.youboy.com
s.726.com
wsz.edu.pl
winnerschapeldallas.org
www.laikk8.com
welcome.deviantart.com
tiqinpu.com
txk3.265link.com
rankou.biz
jytbxsansm.1168.tv
se323.etu999.com
taobaonvzhuang.5d6d.com
17dst.com
smotor.com
allesevolution.wordpress.com
shop45473.tbhui.com
www.univs.cn
hytcwgyx.blog.mongenie.com
essetrespa.com
www.azdh.net
hquncletube.com
www.brutalrape.nl
4387.vl.vg
www.kishd.org
cartridgediscount.co.uk
psfocus.nl
dirtygardengirl.com
www.one.cu
miksak.puk.ro
ana.az
vroma.org
seo-toy.de
symphar.info
xapian.org
www.sutu.ro
www.chinaw3c.org
netbet.com
www.dyxzyy.com
peniscam.info
shippuuden.pl
web787.com
www.gdyuelong.com
www.jxlw.net
lainesse.puk.ro
www.one99.pl
www.viagraonlineph.com
sfdsa.pl
ihower.tw
wmapa.pl
www.tcul.coop
jatb.tv
jbnjakuljkk.page.tl
scteam.net
bodrico.com
www.vk858.com
www.autocentrum.pl
macdl.info
www.vegaga.com
sistaminuten.dk
ardeleanulfm.ro
usbmultiporthub.3nc.info
tarouwowguides.com
portalmorski.pl
zene.hu
shop.ajax.nl
netdoctor.es
tonnie1959.adultmoney.nl
www.hsbbs.cc
www.ykp.gdynia.pl
www.tbka.de
edocumentary.info
adamspublication.com
www.jbt.pl
mymichiana.net
obud.pl
solidarni2010.pl
zaverti.ru
www.igift.sk
www.kwiatyozdobne.pl
do-it-online.org.uk
q9o8.qiwen5.com