jc.0316.cc
jdd.org.pl
mp3store.pl
jeansfun.de
jeetle.in
jeuking.puk.ro
jhep.jp
jqrulqtbm.freeblog.hu
jqueryscripts.ru
clook.info
js.ce.esnai.net
js2002.hyves.nl
js3.net
jsh-frankfurt.de
ddh.9998.tv
jyoga.com.tw
kitacchi.wop.ro
kogan.com.au
kojyusyo.wop.ro
zchx168.blog.tianya.cn
kompisbloggen.se
kompiuterija.pasimokom.lt
koncz.wop.ro
koneviesti.fi
roberthalf.it
kuhbaner.de
kukanar.puk.ro
leckercheck.de
letscc.net
levneknihy.cz
literaturnetz.org
litos.com.ua
littlebit.soup.io
liupeng.us
lvdv.nfdy.net
makemeco.me
tranzagals.com
makeupminutes.com
ua3000.info
medikalize.com.tr
mmfq.210000.org
monooji.wop.ro
monstersteakhouse.com.au
pesavo.puk.ro
monulu.puk.ro
mosa.gov.sa
mortyn.puk.ro
mossless.puk.ro
mountainbuggy.co.nz
mya.co.uk
sjaal.puk.ro
mysbi.tk
nailzone.com.hk
nandos.co.za
nannyakuten.se
raiffeisen.al
nano-reef.pl
nee1.co.uk
neelsieshuttles.co.za
neforex.at.ua
netregistry.com.au
netrpg.org
nlio.nfdy.net
nmit.ac.nz
mauripress.info
nnfp.210000.org
nubilati.puk.ro
nucept.com.au
nude-celebs-4-free.net
nuevoviernes-nuevolibro.es
appartement-twisk.istats.nl
numeravano.puk.ro
templatesparanovoblogger.blogspot.in
cknorwid.prv.pl
ohwe.210000.org
okene.wop.ro
okselstu.wop.ro
pianotio.puk.ro
scoobyshouse.org
scootercommunity.com.au
scriptsz.com
seilpo.biz
sonicbbs.cn
a-z-animals.com
fleshin.ru
stryke.wop.ro
6hw.me
studiocalico.com
techsmash.in
wilsongop.org
www.5271314.net
www.catfood.hk
www.cotojest.info
www.jsonline.pl
www.taobook.cc
www.xtmy.cn
1a-gebrauchte-drucker.de
addition.wop.ro
boardsite.info
communicationdegreecareers.net
consciencia.blog.br
contratti-svizzeri.ch
denkt.puk.ro
depdagri.go.id
dinamitkipufogo.hu
dinamize.com.br
www.zh516.info
diplotop.fr
djfm.ca
doktorka.cz
freebooks.vn
glorybaptist.org
jamp.cz
jiujiuhongyao.1168.tv
khodroweb.ir
ki.ki
kartuzy.info
kokkelko.puk.ro
tuiuk.ltd.uk
lancia.es
landa70.hyves.nl
lomejordeviajar.com.es
london-se1.co.uk
lopinion.ma
maqc.nfdy.net
maratona.it
margreet555.hyves.nl
mariannemoe.no
mayuzumi.wop.ro
mazatlan.gob.mx
mk-portal.org
nanago.info
mmrt-jp.net
network.am
networkjob.ru
nevada.ie
annas-ice-cream.software.informer.com
newdev.ro
noticia.es
chachala.com
notiziediprato.it
nouhibus.co.jp
www.0574fh.net
nova.no
olgh.net
prtz.info
opiumbakery.com.tw
cozaile.pl
roundcoffeetable.org
routaient.wop.ro
teehaus.de
rovarok.blog.hu
payway.com.np
rowicked.net
linknationwide.info
szextube.info
lojascem.com.br
vnap.210000.org
www.0396.net
www.66602.net
www.afir.fr
www.jsqw.net
www.ptbg.nl
unrealizing.gynophoric.piecewis.plattecity.wwwwww.wop.ro
www.xuexiji.net
wzt.9998.tv
multibook.pl
xponte.net
rozwojowiec.pl
yougedi.org
barkodtescili.info
climaxvids.com
obpn.nfdy.net
www.cnfixs.com
www.sjzxyw.com
www.travelco.vn
psu.edu.sa
www.jcow.net
tuku.eastlady.cn
www.bjmeishunbao.com
saintejeannedarc.org
minicruise-guide.dk
sro-mosk.ru
stsweb.fr
2lj.info
niagaraadvance.ca
www.97dxl.com
timgrendell.com
net4oman.com
mi.99bitgongchang.com
vraagster.wop.ro
s4cloud.com
uvoz.56dvd.net
astercity.flog.pl
oy.r.gd
x.efu.com.cn
siewierz.com.pl
elciudadano.gob.ec
abating.puk.ro
www.byjj.net
rottka.pl
www.myoula.com
aoluosi.com
zentrada-network.com
www.hnsj365.com
gxds.210000.org
mustaffa.org
www.cdm520.cn
malinaa0.flog.pl
www.the-miyanichi.co.jp
jeez.jp
collected.info
ebrochures.org
www.zbksy.cn
www.0769tc.net
dvd.weblink.hu
www.daiyun3a.com
688tm.com
rondetafelvansocialisten.be
wayback.com
www.o-mei.com.cn
pc580.info
www.realtokyo.co.jp
www.bdzy.cc
e-mexico.gob.mx
www.ebain.cc
facilazo.com
www.mobio.ro
hupan.net
lastplacecomics.com
globalart.pl
473000.org
webentwickler24.com
shonan.keizai.biz
61jjj-a.diandian.com
latex.blip.pl
blogforarizona.com
shop-schuco.com
startpla.puk.ro
sexe16.info
www.pifasou.net
dokidoki.ne.jp
www.darbin.ru
moto-akcesoria.pl
622hk.com
premiumlinkdirectory.info
www.cgland.com
www.hdi.at
golf.cctv.com
galaxy.com.pk
www.dv678.com
paketto.puk.ro
zegevier.hyves.nl
kamilsipowicz.natemat.pl
987654321sf.com
ngpvan.com
tukinaka.wop.ro
gpsfun.org
grimgreen.digart.pl
guihuaxiang.com
www.yatingge.com
robsequin.com
ladnydom.pl
pc-planet.de
ydmyker.wop.ro
e-molp.pl
dailytimes.com.ng
feriashop.nl
chicksto.puk.ro
xtd.6633.cn
imagepic.org
caseolink.info
best-seo.blogfa.com
alumni.umc.edu
indiavoice.info
shopwithscrip.com
y8freegames.info
1388gf.com
snay.210000.org
shayasanm.ir
www.bjfsjy.com
jp6.info
www.yingxl.com
supamamas.co.ke
statas.lt
quintary.puk.ro
splove.tk
wowedge.info
iranvl.ir
bestfora.toplista.pl
ztv.ne.jp
zakersoft.ir
terkep24.hu
freeseobookmarks.info
www.hbsymp.com
androidfamily.net
uobkayhian.com
www.gsbaykee.com
websta.pl
getthroughguides.co.uk
www.88308188.com
officefix.co.uk
senhaiki.wop.ro
www.metalfest.eu
www.pianhaonien.com
ititti.info
www.maxina.cn
haili168.com
www.xk2013.com
www.furongqi.com
miswebcamsgratis.com
www.226500.cn
abc.cz
nbsfpk.com
atool.org
hostingprod.com
www.4493.com
gada.210000.org
33eeedh.info
www.hzp163.com
yw.0577bj.com
magali.wop.ro
glamourhair.com
obchod-nokia.cz
www.llg88.com
timeleft.info
wuaige.com
www.ffdy2.com
www.chequer-board.net
dichtvallen.geograaf.smoker.wwwwww.wop.ro
jurkow.prv.pl
kinostar.com