joysflair.com
www.453529883.com
ulinex.net
webres.vietiso.com
allonym.puk.ro
bieg2012.pl
hzwseo.sinaapp.com
www.52rd.com
dell-forum.de
szsxhdsj.kuyibu.com
uydu.info
performanetwork.com
www.sesecr.in
nvsos.gov
www.ppbk.net
tunies.co.uk
ittc.ir
higea.net
www.weather.gov.hk
dgxihu.com
percy.ru
estrenos-sub.com
farooa.wop.ro
virginabarney.pblogs.gr
www.xxx559.com
visathegioi.vn
shtion.com
diskfesta.com.br
kimaster.punt.nl
bafis-halle.de
www.fitband.de
booktraining.tv
www.mytaoke.net
tivi.pl
maley.wop.ro
yatara-metara.co.jp
reco.se
www.izhensan.cn
lokale.nportal.pl
www.3ms.it
theneptunes.org
steibock.ch
young-girl-porn.com
lubevolley.it
piwo.nfdy.net
www.44ss.net
realty.lenta.ru
bqspa.bqspa.org
math93.com
souqaldoha.com
pagan-magic.co.uk
etn.se
thelinuxsource.com
yujia.zailx.com
www.uighurislam.net
overacut.wop.ro
4trade.pl
iceagefullmovie.blogspot.mx
unifor.br
bnatksa.com
menslife.info
hanyuehost.com
mintingnickels.com
aflamycoool.blogspot.com
pobeda.org
eaak.tk
rutracker21.org
slmhosting.net
leshanly.cn
ibootytube.com
oozo.info
kokosik.com
darephone.info
pscl.265link.com
schools9.com
neboleem.net
byootmasr.com
mlongines.com
kawasaki-zephyr.de
outletplaza.co.jp
yaknge.wop.ro
secretsales.com
mekanisk.wop.ro
glwholesale.com
www.bzyfwy.net
44abcd.com
monitor.lap.hu
www.bowenguanzhizao.com
cosmo.com.ua
mydamnchannel.com
dtfp.nfdy.net
www.soduo.org
aibank.co.il
sexehook69.info
gri.fo
bestprdirectory.info
syrenki.pinger.pl
imigra.com.ar
fossilpark.info
yankeeanalysts.com
panama-real-estate.co
guihuaxiang.com
office-taxi.jp
www.wzbwgc.com
www.macmakeupsale.org
adroitcaninetrainer.com
naplesrealestateguys.com
kaisijik.puk.ro
vip.1168.tv
www.haomeimei.info
overabou.puk.ro
www.6zkj.com
not-4u.info
valiasr-aj.com
phuket4rent.com
www.rmvb365.com
ankama.pev.pl
ahgdqy.com
free-mobile-downloads.info
sports.3g.cn
fengsu.net
yxjza.cn
shaanxibaidu.com
hideme.mobi
chyack.wop.ro
7city.jp
dobradieta.waw.pl
funiforum.org
desora.com
webhost-a.com
premiosausage.com
fh-niederrhein.de
turikichi.biz
dem.pinger.pl
www.138991.net
nuvisionfederal.org
rpgtonight.com
myforum.pl
vorota.de
tvseculo21.org.br
rrqj.210000.org
www.lecanardeur.com
wangfengblog.cn
djld.nfdy.net
www.ysp.gov.cn
facilbox.com
pmplogin.com
www.wushi.fscstore.com
tre-mg.gov.br
nyen2009.org
data3s.com
peteralan.co.uk
rakuraku-shinkoku.com
haber.soup.io
lwzb.jsstjj.cn
senderwilinkpdbr.com.br
mini-niga.blog.so-net.ne.jp
necrodoll-art.com
argixdirect.com
www.zttv.cn
bigshotbikes.com
cae.com.cn
tgirlpron.com
wordweb.info
www.xsxs.in
singapore128.blog.163.com
yaoq.net
yubuk.com
realclearenergy.org
jintiannongli.com
newbodyandlasercenter.com
www.dreambridalshop.com
inteleca.org
wz.51jz.cn
chrono1.software.informer.com
stringman.wop.ro
vector-cliparts.net
ukcampsitefinder.co.uk
www.hnjz.qp110.com
0371.273.cn
vannet.cn
torquayunited.com
kr8.de
estoesporno.com
brugertest.nu
indienet.ch
annaryabova.ru
mediadot.ro
ebook88.com
bm.wapyc.net
wwww.8dxh.com
asvl.hyves.nl
alreadyfamouslive.com
www.zarabridal.com
so.mv98.info
hcw520.com
outerbanksrentals.com
photosdujapon.com
momcorps.com
dazer.soup.io
www.xxx883.com
giochiperragazze.com
ydjf.zhuxian2zt.com
evep.nfdy.net
krrit.gov.pl
pixelpace.com
morfx.digart.pl
huecity.com.vn
tektite.wop.ro
news.liao1.com
misulzden.freeforums.org
sz12333.gov.cn
subtitlesnl.com
www.songgaox.com
ndbxasdmbg.freeblog.hu
caifengsheng.taobao.com
tvdarija.com
lescatoledellemeraviglie.com
95thriflesclan.info
discount-news.info
textkit.com
www.buyweddingdresses.net
razameadesoare.ro
laptrinhhaiphong.com
zjdyw.net
www.301yyghpt.com
www.luqiao.net
85tw.com
www.tv2.dk
linksubmitsite.com
rukodel.moy.su
damasceert.wop.ro
www.3plt.com
www.ustr.gov
ascensus.com
tvp.info
klaudiaw24.pinger.pl
kizi.wop.ro
quotes.money.163.com
www.guoxt.com.cn
trailrunners.org
closeouts.puk.ro
memburu.info
gdata.co.jp
daedalus.es
hebinzhicheng.com
filterzentrale.info
www.xyy6.com
www.fhldy.com
amyturnsharp.com
greatwall-door.cn
llb6k.info
www.szwxpx.com.cn
netts.ru
www.sebiaomei.com
superakwarium.pl
zoomukdirectory.co.uk
oz.19188.cn
www.pvp.it
minaevlive.ru
duffy.wop.ro
itour.com.ua
joinopenclass.com
pantheonmen.com
socialmediacoursesz.com
litesound.tv
socialbookmarkingreview.info
gb8008.us.ly
thebamboozle.com
allotmentjunkie.com
nasos.info
flounder.com
teammagic.com.tw
www.qifanqz.com
bhpbilliton.net
jojoni.puk.ro
it500.blip.pl
103.wapyc.org
brilletj.puk.ro
portkent.wop.ro
www.11xxpp.com
ledsell.com.cn
go.tdc.dk
guanajuato.gob.mx
wwf.gr
speedrewards.com
1015b-a2.tumblr.com
www.chenjun168.cn
sis.waw.pl
lenobera.blogia.com
cnmpsy.com
ewelajn.flog.pl
nomeat.com
sapigeri18.fecsegj.hu
www.im286.cn
twrt.me
neusch.eu
www.gddakun.com
pansitenederland.nl
6hsm.com
www.jcow.net
numaranitasi.gov.tr
aminen.freeforums.org
5ekk.com
doctorinternet.ae
cadeiratiffany.info
coolmath4teachers.com
www.yzjunci.com
www.yangtse.com
emisja.nazwa.pl
filedonkey.org
cordilleratraveller.com
dvdrip-french.com
xn----8sbgbkqbbcbsyjadp6cuq1a.eu
lputje.hyves.nl
thedissertation.co.uk
www.azauto.hu
exsight-security.com
infopyk.pev.pl
unand.ac.id
wwcikvizm.freeblog.hu
wiki.7color.org
kanesh.wop.ro
goelijke.puk.ro
farota.wop.ro
zinshin.puk.ro
urlop-danusia.eu
thefeministbreeder.com
electro-mpo.ru
kupildoma.ru
html-coding.biz
ftkam.com
diarionegocio.es
phai.nfdy.net
windstuffnow.com
lqzk.nfdy.net
rockymountainsusp.com
www.monsterheadphoneforsales.com
zhimeicunzenmeyang.diandian.com
soundsystemreceiver.4yb.info
www.love126.cn
seoprofiler.de
bestpravo.ru
www.laojjzw.com
freesessionformula.com
inventech.ru
www.bdfjk.info
15163.ywec.cn
fukusukegyouza.hamazo.tv
tojedobre.pl
bbs.5w.cc
xkdl.net
www.baoxingtang.com
www.edukatka.pl
bronystudy.com
99.nicaza.osa.pl
mlsu.ac.in
bloggingcanadians.ca
privilegenet.com.br
osplipsko.vel.pl
gkgk8.com
logsped.pl
bohandn.com
sinoner.com
www.pyteli.com
www.3650sn.com
bancointernacional.com.gt
zitbrno.cz
untendur.puk.ro
weekweak.blog.so-net.ne.jp
juliabond.adult-star-blogs.com
pubers.wop.ro
motoresx.com
medstar.net
kyrostabletbr.blogspot.com
shirel.a-liveprivates.com
bj.008.net
www.fckeditor.org
mi.99bitgc.info
zcdowvogb.blog.mongenie.com
linksef.info
mynextcollege.com
tgscom.com
geizigeres.wop.ro
ohlahotel.com
vannientung.com
xa.digart.pl
bus.tielu.org
toegeknikt.puk.ro
jouei.wop.ro
www.siit.cn
id3.org
sklep.tvp.pl
chaokai2010.5food.cn
www.zgll.org
namako.puk.ro
bayguzin.ru
www.sifangtu.net
koopjegadget.nl
www.xo-xc.com
www.789xy.com
linecoaching.com
is-tools.net
illshare.net
www.wenxueyizhan.com
electrostudio.gr
www.qimingxing100.com
wh.haopoo.com
techpeller.com
worldreviewer.com
notars.wop.ro
micasa.ch
darmocha24.pl
publicenemy.com.hk
goo.gl
qualipet.ch
wallpapercavern.com
tianwing.net
swissmomforum.ch
collective2.com
rapidlylosebellyfat.com
o.rdy.jp
www.wnedu.gov.cn
135.org
drimys.wop.ro
stillmeadow.com
fis.edu
gamezet.ru
farmgirlcitygirl.com
6ku.cc
www.nbo.hu
shenmashenma.com
topit.me
parquewarner.com
erufa.com
pucp.edu.pe
185r.net
3499.cc
miniatur-wunderland.de
www.easydot.com.cn
www.sky9vote.cn
webstatu.com
cb.fengj.com
revolutionarymoneysystem.com
guenstig.de
beez.com.hk
www.mercedes-benz.dealer.zhaopin.com
www.chinarui.cn
dvvo.k3y3.net
beastpieces.com
seo-gravity.info
monpuzzlephoto.fr
www.yzglgsl.gov.cn
kash-holon.co.il
talentbase.me
sewmanyplaces.com
www.equus.hu
ashantigold.com
mandria.ua
www.jiuse1.com
futto.puk.ro
www.saobimm.com
www.sklinux.com
xixihuafu.com
web.pe
zoloto.in
biura.pl
www.charlieauto.xls.hu
www.job.cqu.edu.cn
rp5.at
eroticmagic.com.br
www.jzjj8.cn
www.gyxyw.net
earlyamerica.com
adexchangeworld.com
cafesalud.com.co
pornoencolombia.co
www.bykongjian.com
www.mashsq.gov.cn
radiook.co.th
www.135qb.com
www.yishuyy.com
frank-teens.com
milteer.com
chipbox.co.za
japan-onsen.com
isvor.com.br
videohut.in
forym.in.ua
www.clxqb.cn
lian.taomaa.com
rahim.pl
nycn.info
besidesdream.com
fd1.info
zrtl.nfdy.net
kellari.ws
www.mbmed.de
ichikawa.lg.jp
prmf.210000.org
www.edu-yj.com
metalgods.com.ar
ahwi.nfdy.net
kapitalwissen.de
manad.puk.ro
financeworld-daily.net
usigroup.org
newsmaker.bg
nab.ch
austrium.puk.ro
moct.gov.sy
www.wxjiay.com
68isp.com
fwkg.nfdy.net
takisido.wop.ro
degustapanama.com
zblpw.com
twitnow.net
dotsub.com
swiatkrysztalow.pl
www.111814.com
web33.in
www.qichedj.net
nagano-c.ed.jp
www.pabxlh.cn
sh-ry.com
511ct.com
travelguideline.net
www.wangzhuan818.com
chinanews.co.nz
party-station90.at.gg
picbasic.co.uk
emps-scape.net
www.wenlijewellery.com
www.cnpn.com.cn
amiravids.com
www.997cc.com
dissertationsgratuites.com
www.dinepenger.no
geographicmap.ir
abm.org.mx
mechaniseert.puk.ro
i58.tw
www.xwtanbao.com
dlmcdkkidk.blog.mongenie.com