home.1k.by
privatvejen.puk.ro
www.zhougongjiemeng.org
aneczka.blip.pl
dailyjokers.de
www.hiacynt.pl
wirofe.wop.ro
diversehiphop.com
ultravnc.info
healthnet.com
www.cbtol.org
webdesignpackages.com
raziiiii.wrzuta.pl
www.85cafe.asia
www.gzfz.org
abolirent.wop.ro
lum-tec-france.com
thechimera.pl
etalab.gouv.fr
www.250071.com
destinationinfinity.org
www.xcws.cc
technicalities.puk.ro
miee.tk
www.xxx37.com
rucninaradi.info
szsxshwx.com
unnes.info
xxtb.qiwen5.com
people.rednet.cn
www.sxxkl.co
91porn.aa.am
haedu.cn
capclassique.wordpress.com
futanarigirls.net
www.gfsdy.com
assemblages.puk.ro
mpcs.keep.pl
www.mwawa.24.gg
sitemapxml.jp
affaticato.puk.ro
watch-the-hunger-games-full-movie.blogspot.ie
bungee.co.cr
www.blogiq.ro
89.ooii.biz
pingbozhuye.info
w3452.4dmn.com
www.wchcz.cn
xonetv.info
www.lbqsj.com
www.csdr2009.cn.vc
whiskylive.ru
sypp.oicp.net
teatrdramatyczny.pl
calculcir.fr
refererende.wop.ro
g00ld.blogspot.com
verge.puk.ro
loansettlementz.info
stepbystepcashsystem.com
stumbledirectory.org
atehenmei.com
play.fpt.vn
mysocialtraffic.com
www.jbteens.net
planetapodelok.ru
vjazhemvmeste.ru
iroonimarket.ir
comoenamorarse.com
fineteenimages.com
date-spot.info
aviationglossary.com
grine.fr
hostingpackagez.info
beronco.info
isantiago.com.ar
televisindo2.blogspot.com
thesettlers.com.pl
kcgeneral.com
fabit.com
inhaal.puk.ro
hsubbs.com
entomb.wop.ro
www.ewelosa.pl
waltersweine.com
suedekneehighboots.com
publicdomainmovies.info
bloomspot.cn
www.881mi.com
supplants.wop.ro
omar.ec
mofnet.gov.pl
lear.hk
gaelleleroux.co.uk
www.bandy-ferrari.atw.hu
thebooneclan.com
monowaka.puk.ro
debeers.co.uk
guglio.wop.ro
coloring-book.info
hsi.org
mebnqtau.blogger.hu
biurovita.pl
adwheel.pl
onlinebookies.eu
2ch-news-vip.info
nude-in-russia.com
www.go2html.com
imx.wap.ai
yulawyer.66law.cn
www.21nm.com
www.jaclaw.pl
fossil.co.jp
mqvs.nfdy.net
slotregel.wop.ro
www.bfi.org.uk
www.xingyuquan.cn
greenvillehousing.org
piotrx81.wrzuta.pl
kiep24.pl
cosi.org
leon13th.digart.pl
mianfeijiaocheng.cn
ladygamer.jp
myskype.info
www.ynfn.ccoo.cn
socio.ch
prwv.info
grabporntube.com
www.qicaidi.com
fr.user.26l.mobi
salno.com.pl
ehrlicher.puk.ro
www.73.com.cn
numero-tva.info
www.yl8.cn
erufa.com
www.g2000.in
canonical.com
smrc.cc
t6a.de
mywalltattoos.com
eldov.info
www.222xu.com
bandalargavivo3g.com.br
465.cc
maxillopalatine.wop.ro
www.sx-dj.gov.cn
imsec.ac.in
happy-bookmarks.de
wkok.info
bironevica.hupont.hu
awazu-bekkan.jp
kerala-malayalam.com
hnkjonline.net
januario.wop.ro
www.cheu.cn
freehosting.md
garconne.digart.pl
www.cqrunan.com.cn
tradewithoutborders.org
dghtserver.de
xihase.com
3tqq.cn
www.wjg88.com
top.cnkqn.net
futuresindustry.org
webpozycja.com.pl
eluxury-replica.co
www.se5178.com
www.dgqian.cn
www.dufgfrtg.com
sportsinjuriesrhw.info
euroclinix.com.pt
qask.me
www.vision.pl
www.gzf66.com
rico-s.jp
henhengan.info
marts.us
changchuncc.net
good-exercises-for-losing-belly-fat53.webs.com
itypqmiik.blog.mongenie.com
www.1fanxian.net
fucinita.wop.ro
v8supercar.com.au
newduggtag.info
bdesigner.cz
databacks.com
www.sheng0312.cn
666666hc.com
www.wuxianseo.net
woman.ru
lmp15.hu
ergamine.puk.ro
verneigu.puk.ro
www.raovatvieclam.vn
www.tyrolit.at
swisabeauty.de
utsubyou.puk.ro
alcar.pl
sem.nm.cn
albiazules.es
thend.wrzuta.pl
ejdsrmffalot.blogtrue.com
outofstock.com
trailrunners.org
kk18.info
stilo.info
meistbeobachtet.de
www.immie.nl
gainsaver.com
cloner.wop.ro
ikarus.net
www.cntaoxin.com
bosporus.wop.ro
cangzhou.ganji.com
831jy.com
bmu033143.chinaw3.com
ozarow.info
travelcreditcardz.info
medicaldevicemanufacturingz.info
poursuivrons.puk.ro
www.h755.com
godwars.info
instantoracle.com
bonifratrzy.pl
yr-gruppe.ch
freestockimages.org
www.ywtcn.com
www.norenco.pl
amos.alicdn.com
ejka.blox.pl
falusi-vendeghaz.hosszuheteny.szallas.istenhozta.hu
www.avgirlinfo.com
umcs.lublin.pl
perkle.wop.ro
payaneh.ir
asystentseo.pl
www.zhangfeiyijue.org
ctf.digart.pl
www.se114a.net
silverado.pl
dienacht-ontour.de
www.sigmans.nl
declinan.wop.ro
uzpa.210000.org
fj.189.cn
linkplacc.info
731a4.tumblr.com
www.broekland.nl
fonbet.info
www.sbsafe.tk
austinrentall.com
www.tvtravel.ro
bkoc.56dvd.net
alkaloid.org.pl
hanxu.dz.vancelle.net
www.ysjdh.com
verhalle.wop.ro
www.studiobento.tv
x6.xclicks.net
www.zhuib.com
twtn.nfdy.net
www.fqdvd.com
qiyegou.com
www.szwen.gov.cn
mini.wop.ro
hotmovies25.blogspot.it
www.df114.net
sspb.blip.pl
victoza.com
www.789zy.us
briefkastenanlagen.info
www.wngc.icoc.cn
www.573sf.com
webmiles.info
eurasia.nu
usunn.wop.ro
guihuaxiang.com
calcuttans.com
zalgiris-vilnius.lt
4814.nfdy.net
wangenqi.a1.cn
www.nscmp.com
www.heihercw.cn
cool.az
abbaiavo.puk.ro
ameriglide.com
aktivix.org
knowzon.com
hebinzhicheng.com
aieo.nfdy.net
www.seo51go.com
diariodesorocaba.com.br
www.staples.cn
imiona.pinger.pl
timmerloodsen.puk.ro
www.xjddzs.cn
www.mimi948.com
edi75.flog.pl
www.szwxpx.com.cn
thongay.info
zvoner.ro
makojakopako.net
www.1w1.com.cn
verker.wop.ro
vgys.nfdy.net
unbehaglicher.puk.ro
www.s-z.biz
zpyvps.com
new-petersburg.ru
alyssanation.com
forsesongen.puk.ro
www.gcyxzx.cn
abc17news.com
thevalleyraceway.com
www.taobao.om
halfpriceutah.com
carea.digart.pl
www.wangluojiasuqi.com
rvak.210000.org
livingnaturally.com
viburnic.puk.ro
d654.nfdy.net
oxenby.wop.ro
kavkaz.mk.ru