licorneantiques.com
tomyka1.fecsegj.hu
youth.lcu.edu.cn
sewaiguo.info
krause-systems.de
55.ht
k9un.210000.org
vwtdi.hu
tked.210000.org
www.anshen365.com
ewise.blip.pl
qilu120.com
www.wbto.cn
www.079dj.com
tarbud.wroclaw.pl
webnhanh.vn
vtoldboys.com
axiez.wop.ro
zeusconsult.com.mx
solidati.puk.ro
rcdrive.ru
yam.co
eastidahocu.org
vivlajeunesse.fr
mypkw.ch
cz71096.com
municipios.mx
immerses.wop.ro
wapa.tv
dk.dk
ruka.fi
quockhuyen.vn
damiraimobiliari.ro
www.google.com.hk
www.aitao666.co
juac.265link.com
www.alprom.pl
ccdh.info
maryseouellet.info
www.myeke.com
bnn.go.id
pofenligh.freeforums.org
casadegliangeli.info
www.zhaolong.co
eng.thea.cn
simplybe.ie
kwansubo.wop.ro
ciblexo.fr
phproxyurl.info
hcgdietinsight.com
ssua.210000.org
www.360.cn
eyewrinklesahr5.info
e-uczelnia.info
www.ci.pasadena.ca.us
www.rrkav.com
uitgelek.puk.ro
krychukwask.blip.pl
outhit.wop.ro
takisido.wop.ro
m.b2b168.com
emersoneraquel.com.br
k.333456.info
ityoudao.com
sgraziata.puk.ro
realestatelistingsw1sa.info
www.9423.me
www.zxwr.net
sinsenke.wop.ro
yaan.xinl.net
anflehendem.wwwwww.wop.ro
themcrookedvultures.com
tymoshenko.ua
shigemor.wop.ro
18porno.pl
tianmaowanggou.info
revistaviajar.es
juancong.com
bedandbreakfastwiki.com
zeilt.puk.ro
watchesinmovies.info
mobilinstile.it
vistula.edu.pl
www.xiaoranlt.com
ozhs.nfdy.net
sonnenkraft.com
jtb.jp
www.arbitr.az
www.exweb.sk
www.ovh.pl
iyia.nfdy.net
kattintside.hu
999giochi.it
tvf.org.tr
www.jnhsaf.com
this-is-40-full-movie.blogspot.se
xtremedirectory.net
caymanians.puk.ro
cq.008.net
healthandsafetyinjurylawyers.com
pagerankchecker.net.in
aeronoticias.com.pe
8858.com.nu
dashoes.fr
neighed.wop.ro
gulfsip.com
citec.cc
www.sxtxj.cn
44ss.net
rtg-mag.hu
ff.semm11.info
pauleycreative.co.uk
www.2013lang.com
www.czi.cz
j-tajiri.or.jp
www.xcws.cc
168sex.info
fitnessboutique.es
viatorcom.mx
nvisionarts.com
jp-lt.com.cn
keqingjiaon.1168.tv
pieluszkomania.pl
www.hzncrc.com
mon-coach-particulier.com
myitiltemplates.com
suwnice24.pl
matsuka.wop.ro
www.inlatplus.lv
rizi.in
ttnh.vn
www.sqhzi.com
wenera.eu
delphine-desmarets.com
bestbookmark.info
xarchevnya.ru
fissiparous.puk.ro
mrj.blip.pl
datatransmission.co.uk
thetvcritic.org
www.jxsme.gov.cn
nettigo.pl
televanbh.com.br
amorfo.wop.ro
moviestarplanet.pl
zhifukc.78.cn
www.zzruanyin.net
occupato.wop.ro
mukigens.puk.ro
xggx.zsxx.e21.edu.cn
mojeciuchy.pl
ropeg-kemenkes.or.id
2sports.info
phimhd.vn
cssnature.org
manathure.fr
freewebtools.com
cipaganti.co.id
malta.flog.pl
almofrez.puk.ro
daatsolutions.info
dourody.pinger.pl
676867.com
sonnige.puk.ro
jjjc.ww.gov.cn
av.ipobar.net
www.xsllzp.com
www.kongque.biz
01mistresslady.a-liveprivates.com
www.111e.cn
weissmanreport.com
pactisa.puk.ro
purefamemedia.com
publiciteinternet.fr
bandongbang.org
www.kagneen.com
life-adj.co.jp
vivirconmascotas.com
maybank2u.com.sg
91yy.cc
classifiedreal.com
voucher.vn
eudal.wop.ro
beurten.puk.ro
bbs.e9china.net
www.9999uuuu.com
seobuilders.com
emploie-moi.fr
zadels.wop.ro
ddche.78.cn
728a2.tumblr.com
guihuaxiang.com
731a5.tumblr.com
4elements-earth.de
a.34ls.com
www.sjh816.com
mojegory.com.pl
jandp.soup.io
jd.yocoojj.com
sunpho.com
boostseo.info
zanmai.info
amsinc.co.jp
jungle.digart.pl
hqmagazin.de
web.kuys.cn
50guan.com
tataprojects.com
apodia-diary.a-thera.jp
ballergauds.de
federationpeche.fr
ahf3.nfdy.net
blognovoconceito.com.br
cas-mittelstand.de
pogledaj.to
gekopplaatjes.hyves.nl
chaye89.com
mc-wiki.eu
www.xkku.com
oxfordlearnersdictionarytrux.wordpress.com
ximon.nl
pxtxuetangp.1168.tv
peur.digart.pl
tvweek.com
cin.gov.cn
funix.org
www.iiboys.com
health.newssc.org
www.51gongsi.net
www.tupiancom.com
www.024jiaren.com
chloie.xfree.hu
www.caifulou.com
www.t4mall.com
www.1212mm.com
mitamura.puk.ro
zgzks.jxedt.com
ljzxzxl.com
butikuroda.pl
mi.99bitgongchang.com
www.fulilai.net
sokolowsko.pl
www.123zhaojx.com
chelsea.com.ua
tz.guahao.zjol.com.cn
www.xliantong.com
miniera.puk.ro
wangluogequ.2651.cn
webface.lt
penseriez.wop.ro
sirdax.la
tsplabs.net
zxgj8.com
erotic-models.net
yy3.org
yydsasdfabv.diandian.com
lamba.wop.ro
7t2.info
remonstrans.net
lxif.nfdy.net
gasshow.pl
xwh.cn
www.44ss.net
basiura2.digart.pl
vdsworld.com
overmarsje.hyves.nl
slemish.info
sklep-notebooki.pl
gallonag.wop.ro
association.sitoshop.fr
kanz.caghetta.disintegrative.sybariti.somnolio.wwwwww.wop.ro
broma.fr
youthoutlook.org
www.antaigd.com
0769tyn.com
kolibri-kindergarten.at
www.lnboy.net
freizusprechen.wwwwww.wop.ro
wiegje.nl
zegevier.hyves.nl
gs.educm.cn
search-indonesia.blogspot.com
www.tyqcbx.cn
www.renrendvd1.com
trouwgel.wop.ro
www.sky.la
imgwykop.pl
wesolomi.pl
elmundo.int
haakten.wop.ro
www.84420.com
marathi24.com
eqwiki.net
zl.z6i.net
jingulianj.1168.tv
hagl.com.vn
www.1868.tv
yesky.com
www.aveee.com
tunisietravail.net
qinggycw.1168.tv
www.dol-mobile.com
impiger.pl
www.stwc.cn
www.7taoxian.com
lappen.wop.ro
www.91vpnn.com
randewoo.ru
ningde.51qc.com
www.puma88888.com
wonderworxs.info
dwg.com.mx
snaha.cz
wallet.yahoo.co.jp
articlewritershub.info
funfun.com.hk
www.zhusanjie.com
pixiart.com
teacher.eol.cn
westfalia.de
www.fsshfj.com
www.wanjiawood.com
faro.hamazo.tv
bbe.cc
kinopobeda.ru
qmjrhgxvgh.blogtrue.com
www.yz2s.cn
www.02514.com
2012new.info
www.17cet.com
www.3355.com
www.600i.com
biedenko.wop.ro
www.665bb.com
www.sao82.com
xfj.ningbo.gov.cn
www.digilentchina.com.cn
lawsuitfundingcash.org
www.wokon.net
wj.cdrcw.net
tommyherrmanndesign.com
www.honk.cc
netlovebbs.info
valor-dolar.cl
headwayblog.com
wxayt.com
sugita.puk.ro
www.postdx.com
www.stonedk.cn
embourre.wop.ro
24hrdefenseattorney.com
www.rucheng.gov.cn
social.drecom.co.jp
oceangroups.info
tokolosh.wop.ro
www.negerinnen.info
kabelek.hu
www.cnmeyer.com
www.2008chinaren.cn
www.juntinghao.com
aibohang.com
mypkyyx.com
haspeltj.puk.ro
giver.digart.pl
zettinge.puk.ro
kupildoma.ru
torworld.com
pvtj.nfdy.net
amarixe.com
o5wj.qiwen5.com
www.saodh.com
www.tz15.com
startnederland.nl
overacut.wop.ro
yhbv.nfdy.net
www.itoa.cc
turklib.uz
psfocus.nl
mtn.com.sy
clubedodownload.info
i-x.com.cn
retrade.no
pc-hry.cz
c8160.com
projektorparishilton.ru
warriorsworld.net
rinsho.wop.ro
aroundthenetworks.com
my-jewels.net
www.jq12.in
hill.xinlin.net
post-subtitle.info
freerapid.org
inrou.wop.ro
westsci.org
koketea.com
www.dwjy.4f9.org
jeux-de-guerre.biz
drv.de
dudo.org
vaniinstitute.org
fila.com.br
www.hnjmbbs.com.cn
vctools.net
zgrtys1.info
bazyli.blip.pl
red.aiao.cn
3sports.at
bedook-1905.info
shew.210000.org
somebag.com
halfpricetourtickets.com
professortwist.co.uk
www.ptbg.nl
lesdoit.net
irex.org
www.rr265.com
altersvorsprung.de
linkavailable.info
mamagfs.com