isicredit.it
b2v.fr
fossilpark.info
bitcoinz.com.ar
jrpg.jp
caoliu522.pen.io
cncd.tv
citroen.gr
www.pyxxw.net
fazoo.biz
www.51hk.org
www.aviation100.cc
lordporn.net
metaphase.co.jp
grupoclarin.com.ar
tao.okdays.net
toral.wop.ro
kinshostore.co.jp
raviriez.puk.ro
roundtai.puk.ro
xixichengyuan.com
dunghangviet.vn
fizoka.hu
cannapedia.me
pass-wolf.net
nusexvideo.nl
ww1.mkf7.com
online-business.pro
jvncf.9r.ro
guihuaxiang.com
aldo.flog.pl
maxatin.lv
longjd.1168.tv
qingting.org
praxys.com.br
paylane.pl
www.che.de
eauk.nfdy.net
4444kk-823a.tumblr.com
szca110.com
seizor.net
sanpedro.gob.mx
sekelski.wop.ro
tagesspiegel.de
nsum.nfdy.net
www.vahur.hu
pierremporio.net
www.abwerk.de
dayperm.ru
chemnet.com
fksa.org
www.ivt.se
bbgaleria.hu
umrahpackages.co.uk
baranmovie42.in
tked.210000.org
theprestigefullmovie.blogspot.hk
maureenjohnson.webs.com
ujed.mx
4sonline.org
www.pszfs.hu
www.fss.is
wang.okgo.tw
wanyo.wop.ro
www.lzxx.info
www.ybdmjy.com
loombo.pm
dwangmid.wop.ro
rank.509.jp
takumots.wop.ro
zysmyy.com
www.zhunmami.net
www.avtodelo.by
youthoutlook.org
alusshop.com.mx
perueduca.edu.pe
competet.puk.ro
alternip.wop.ro
wngl.nfdy.net
kaspersky.co.in
it-cp.net
jo-godom.pl
lyricskeeper.fr
0one.net
hospicernd.ru
tl.nagykar.hu
thegioibanle.vn
www.osoz.tv
evolve.puk.ro
openpeak.org
miee.tk
socialbookmarking-liberty.info
dfs.is
offroader.gr
www.mayin.net.vn
blogsport.ro
zdolny.eu
flywheel.it
snaha.cz
meishusheng.net
6hcai.net
download-yo-gotti-ringtones.blogspot.gr
mpoptavka.cz
pkmn.nfdy.net
chevrony.puk.ro
boda.wop.ro
gefaesse.wop.ro