520716.cn
520kx.com
520ms.5d6d.net
520my.tuita.com
location-serveurs.net
520sx.net
520ymm.com
521338.info
5216u.com
522sese.com
525252.net
5252kan.name
5252kan.net
5252mai.com
5253.fad3.net
52579.dealer.it168.com
526h.net
526zx.com
527123.com
5278.av99.us
cy-pr.by
sternstein.at
9422.210000.org
hdsexvids.net
loinhuan.com.vn
boi.gov.bd
livetvsport.org
litos.com.ua
www.gczsw.net
liupeng.us
lolislove.us
the-rock.sl
makeyourblog.ru
ewceo.com
www.223xcom.info
manhattanfullmovie.blogspot.sk
owney.puk.ro
www.omga.me
gs.tinyin.net
kafunsyo.wop.ro
juurai.wop.ro
seokurs.biz
6hry.com
psmk2.net
librosintinta.in
www.cndldq.cn
rosnet.ru
ngocha.com.vn
www.sochor.cz
zvoner.ro
wcbdt.1168.tv
blogutils.net
classifiedreal.com
powerirc.org
inman.puk.ro
a.34ls.com
gree.lap.hu
fusionads.net
mammagalan.se
merrjep.al
www.mivs.ru
wam.ae
bbs.dongtai.so
www.jetzt.de
esselunga.it
beaner-dude.deviantart.com
topproduct.at
jzqi.nfdy.net
zdolny.eu
jaans.info
www.zgc.gov.cn
koktel.tlap.hu
new-liberty.net
he-hosting.de
renomme.no
maxik.me
kanpen.wop.ro
giveawayhog.blogspot.com
shads.puk.ro
my-jewels.net
powertrainproducts.net
wmcasher.ru
83.com.cn
lavaka.wop.ro
us.xspf.org
nsf-margins.org
risishot.wop.ro
www.nbyzedu.cn
sannou.wop.ro
kaytag.puk.ro
jiweicun.net
ccftn.com
opiumbakery.com.tw
gladiatorgw.com
westsci.org
terry.ubc.ca
quockhuyen.vn
shop69400576.taobao.com
guihuaxiang.com
www.shaofu.in
emnk.210000.org