www.losco.no
www.rentiseying.com
juancong.com
www.overzicht.nl
cgsg.soup.io
bbs.ty7.cn
www.geo365.no
www.rmtsougou.jp
albiazules.es
candportalen.dk
hellfest.fr
actmyself.com
hebinzhicheng.com
mdnw.net
agonija.eu
netfugl.dk
www.mesemix.info
www.hs114.net
shua.in
it.gen.nz
sys100m.org
famigliacristiana.it
wap.bbs.chunai.us
ai-yellow.biz
ektoderm.wop.ro
www.yeyaba.net
chemenal.wop.ro
www.nnuh.nhs.uk
digimorph.org
shareapp.net
www.aaaa848.com
www.abaliget.hu
forumakademi.info
queer.de
microchip.com.tw
daiviet.net.vn
calix.wop.ro
www.cxsww.net
mymdc.net
stshimo.com
openpgp.org
www.dommel.nl
yougedi.org
epitesz.lap.hu
mamore.wop.ro
www.xfedu.cn
diplotop.fr
manlyyoga.com.au
www.yunxx.net
www.ehu.lt
uitspraa.wop.ro
tsc-fischbeck.de
furlow.puk.ro
herzinfarkten.wop.ro
65w5.nfdy.net
nepujsag.hu
mysbi.tk
www.cdjbqj.com
haringka.puk.ro
www.xess.4f9.org
sitebulk.info
atap.wop.ro
bfcec.com.cn
worldhistory.net
xixihuafu.com
caikoo.net
olye.nfdy.net
hupan.net
ungnarred.puk.ro
7sport.ro