cartoonclipartfree.info
websaocarlos.com.br
dedicatedserversforblackopsz.info
seoboostersite.info
toko-onlineblogspot.info
www.sport-typ.info
dy.dnfa.info
ahdirectory.info
zso2bialystok.pl
cdradio.7wx.info
www.renhe123.com
fathom.info
www.cdlgkj.com
xiangxi.kc7.info
bookmarkingposter.info
gente10.info
siwa7.info
e-deklaracje.gov.pl
91530.info
theroaches.info
berwind.wop.ro
jpppt.com
gromadin.info
xkissgratuit.info
chamm2.info
colorear.info
fxxyy.2008red.com
prvp.info
mi.99bitgc.org
fantasport.eu
hostingserviceproviderz.info
przemek.blip.pl
mecsc.org
djuba.wrzuta.pl
women-interests.info
chicagoarchitecture.info
beyondrainbow.pinger.pl
www.wlyz8.com
www.xinghuokeji.com
berpidato.info
lauwerzijl.info
articleabc.info
muscularpaininchesti3cs.info
angle520.info
wirtschafts-magazin.info
expressloon.info
www.catfood.hk
sljk.info
onlinedirs.info
laptop13inch.7m0.info
naissus.info
grabpage.info
cartarticles.info
articleseen.info
decretalen.wop.ro
pornotik.info
m1.512gc.info
kadets.info
spl.info
bookmarkcommodity.info
kill-bill-vol-2-full-movie.blogspot.fi
ufospace.info
www.hh5h.com
gaixinhvietnam.info
down.97dz.info
minak.blip.pl
seoranktool.info
chinhchumienbac.info
making-easy-money-online.info
www.china-puritans.com
tavosapnas.info
informatore.info
ttplayer.info
elektroda.pl
noithattamcuong.com.vn
logsexe69.info
ketoandoanhnghiep.info
kurddrama.info
promarkets.info
mk6667.72.xindns7.info
tforum.info
sidcoserver01.info
bartoszkrajewski.natemat.pl
topbookmarking.info
juweeltjes.wop.ro
habous.gov.ma
rainstrage.info
bookmarkyourpost.info
hdmecz.pl
frsklep.pl
www.5wzq.com
www.147ad.com
muve.pl
olgino.info
elisabeth-tissen.info
serioushostingservice.info
pskungfu.info
terrabook.info
administratosphere.wordpress.com
seosearchranking.info
www.ante.cc
lamthenao.info
socialnewsmark.info
aomenduchang.info
blipfestival.org
thecomputerbin.info
sanabria.info
www.itglw.com
gmnet.info
eslc.info
medicalwastemanagementz.info
becomingafityummymummy.info
a.77xi.info
www.paginasamarelas.co.mz
zy.06060.info
creditdebtconsolidationz.info
linpin.com.cn
jrinvestsa.pl
lonis.info
1-800-222-1222.info
krak.tv
cddrives.7kt.info
seodawn.com
f8q.info
evobio.info
yywztp1848.227916.info
feinkostshop.info
ygwg.in
theproarticles.info
ecatel.info
humyai22.info
fahg.info
travelportal.info
how-to-grow-cannabis.info
345pp.info
istodecostinel.info
garethjmsaunders.co.uk
goodsoft411.info
x6.gfzl.info
czestochowa.pl
d4syy.com
domsportowca.pl
thetempwebsite.info
bookmarkingbug.info
babyboyclothesonline.7s4.info
newstar-diana.info
tovabbkepzesek.info
mp3rock-gothic.info
wap.nanrenwu.com
museumcenter.az
americandoobie.info
dulich-halong.info
xianjj.gov.cn
dbowen.info
top50.com.pl
votelinks.info
skripterz.info
tymoshenko.ua
freiwilligfrei.info
housemanagementsoftwarez.info
ag888.info
chomsky.info
gameolot.info
xinpx.info
creditreportsfree.info
anvietson.info
planmiasta.info
viralheat.com
www.qimiyingshi.net
lb6.info
acideurique.info
pergunte.info
gov.nv.gov
www.wtscy.cn
christianlouboutinsaleus.info
lifeguard30.info
directorybe.info
c1520.amlong.info
ltcwl.com
ghurd.info
szatek94.wrzuta.pl
99ady.info
krzmagda.pinger.pl
qiji55.info
doku.info
dombal.com.pl
transfermarkt.it
enten.info
krickovi.info
servpark.pl
cinemaadhoc.info
satinhosting.info
witryna.czasopism.pl
nbsm.info
frostbiten.info
2addlink.info
gbook.521338.info
19ccc.semm11.info
swinoujscie.pl
datei.info
myseorank.info
naturalshealth.info
peacelovechange.info
838838.net
megashare.info
pot.gov.pl
iwa.info
mmtowel.info
schoolcounselingprogramz.info
fitnessauthority-sklep.pl
kreis-hrz.info
v.yangbang.cn
cirurgiasplasticas.info
raptorclicks.info
bizimyol.info
cybermonday2012canoncameras.info
realmexico.info
purelogics.info
fe.5ay.info
chemer.info
hmbs.info
www.wesave.pl
ehc.org.au
xianggangliuhecaigongsi.info
partyhiphop.info
bookmarkone.info
sweatparkasale.info
article7.info
antiagingandskincare.info
sf.tongji.net
xn--gewinnspielknigin-b0b.info
silverlinkbuildingdirectory.info
uicupid.info
pornw.info
rocaima.info
erohard.info
balbriggan.info
cojestgrane.pl
www.satu-mare.info
urbanterror.info
filmy-online01.pl
girlsmagazine.info
havanesepuppy.us
fajniewiedziec.pl
n0a.info
index.pl
swierklany.info
dogmaticboast.info
beic.az
baskenmuetze.puk.ro
amazonka.pl
babysittersinmyarea.info
ssip.prv.pl
54754.y5y5.info
firmybudowlane.pl
2hello.info
kemis.pl
www.ajcf.pl
cpadreams.info
evotechnologie.pl
maxinews.info
bwbblog.info
anageimoveis.com.br
mamadahi.info
zhouliang.info
mwap.info
dofollowbookmak.info
787878qqq.com
writeon-irishgirls.info
poland.pl
ccftn.com
platinumbacklinksdirectory.info
guihuaxiang.com
joinarticles.info
milanoans.it
tijaa.digart.pl
rbqb.info
dongfanghuaer.com
bjqtzx.info
toplinkdir.info
leapex.info
streamsdirect.info
ebuild.co.th
hanmersprings.info
7z0.info
eastsain.wop.ro
dlcentral.info
whiteroom.info
watchdifferent.info
wiki.jogger.pl
lady4s.info
up-stage.info
gggm.info
www.heimannn.com
asicscheap.com
onpron.info
zurnal.info
gec.af
lunguwang.taobao.com
cdemocratics.com
seriensc.wop.ro
www.va-hosting.info
reputationconsultants.us
www.wei-suo.info
o.rdy.jp
6g4.info
staroog.puk.ro
t2o.info
synopse.info
phpbbstyles.info
s-event.cn
gamestube.us
solutionsquad.info
mobwiki.in
pirit.info
sharkpie.com
spurgeongems.org
second-home.org
korathealth.com
bjzcy.66law.cn
felicito.wop.ro
90nb.info
hitmidia.com.br
assuredmoneysolutions.co.uk
97.84474.com
wowmagazine.pl
poco.blip.pl
web123.co
tuutijy.puk.ro
222813.com
shonv.info
www.cd4.pl
sluggy.info
www.maydonggoi.vn
www.mente.cl
xixichengyuan.com
5kv.info
yamamura.com.br
www.sbc.hu
yatou.name
yavlinsky.ru
parquons.wop.ro
ycok.nfdy.net
unirides.puk.ro
websiteranks.info
www.visithainan.gov.cn
attosoft.info
rak-seo.co.il
yieldabl.puk.ro
you.xiaoyoyo.com
yougedi.net
zapodida.wop.ro
zindo.wop.ro
dokfilms.org
reuniting.info
ukcarparts.info
007gzzt.info
elitemedia.pl
belkinaudiocables.84v.info
emailservicesz.info
mirmod.polki.pl
florian-schulz.net
crocodilenail.info
c.shifugao-av.info
zprh.nfdy.net
a25.pz81.info
nr0.info
antiwringlebegonesolutions.info
peixund.com
mmtupian.info
ibad.info
1o2.ir
storebookmarks.info
yumusica.info
www.zhuxiaomei.cn
zalex.info
ybanda.com
otkroveniya.info
epfans.info
hhgm.info
wiki2buy.com.br
buliba.pl
hrubieszow.info
1tvnet.ru
masalah.info
yxbook.info
kpilibrary.com
searchignite.com
agataa79.polki.pl
december.com
naruken.info
www.founder-pcb.com
chenrenav.info
stulce.info
tim-koepsel.info
mastersbachelorsdegreez.info
reviewengineroiplugin.info
disegnidacolorare.eu
socialfarm.info
defrauding.info
mgolc.pl
stanleycapable.info
kangury.blip.pl
chapelierfuuu.tumblr.com
58kk.info
shop57727691.taobao.com
tubepatti.info
baniqued.info
onlinewealthcreationof2n.info
odnok-oklahoma-lass-niki.info
cui.pl
25ez.265link.com
horny-babes.info
23055000.ir
propr.info
idwhois.info
vocung.info
www.73wx.com
autohitexchange.info
broia.info
3000y.net
freibad-st-florian.at
tsokkos.com
blog-catalog.info
webly.blip.pl
elihorep.isolierstoff.prerebellion.karaoke.hygien.wwwwww.wop.ro
www.9941.cc
42os.nfdy.net
webunblockproxy.info
expressgeme.info
dieldra.org.pl
dorusiam.pinger.pl
8r3.info
randomquotenopr.info
kominex.pl
callmecha.info
linkkatalogus.info
qeeei.info
mypinoytvonline.blogspot.com
agarishou.info
vueme.info
biodatos.info
www.cai.org.uk
tenco.info
ilcorsaronero.info
4daagsetv.nl
pagemaker.pl
xinbali13.info
varicoseveinscausesqqsj.info
r-i-p.info
sopan.info
v63.info
mvshipin.info
allfreetemplates.info
kaka365.com
insurancelawyerz.info
olang.info
linux88.info
runescape-bot.info
hbdirectory.info
kabarakh.de
suqianshi.m69.info
melintasiberita.info
education.gov.lc
bankbusinessaccountz.info
newzealandvstongalive.info
moto-r.info
upublish.info
7i8.info
manualbookmarking.info
celebritystyleandfashion.info
olive.blip.pl
rmll.info
pribalt.info
osusports.info
okontakte.info
zhitomir.info
rozamira.info
seocompanylosangeles.info
schuhbaum.info
dcmoversz.info
restsuperannuationaustraliacf5.info
3xo.info
4dj.cz
chuabenhtimmach.suckhoevietnam.info
asmg.info
carboncapturereport.org
mboa.info
millionairesecretsociety.info
articlemin.info
tubesexe20.info
sudanradio.info
moool.net
iss.biz.pl
candela.info
socialbookmarkingseostrategy.info
heimbygda.puk.ro
movja.info
bookmarksservice.info
77sj.info
findmetv.info
clipx6.info
idb.picgo.info
myz.info
changde.kc7.info
fastpr.info
viainfo.com.pl
zz23.info
blackfridaywatchdeals.info
c1521.amlong.info
astrochappuis.info
demoscene.info
freeitclassifieds.info
martinlutherkingfacts.info
godsloveptc.info
askbud.info
informationlibrary.info
howtomakefruitsalad.info
gp8000e.info
cn.krypt.com
networkingcity.com
sviderski.digart.pl
wochenkurier.info
fancable.7l9.info
forum-actif.info
chengdu.16555.info
sepecat.info
fitdance.info
lf1.info
toplistenserver.info
flyafrica.info
seo-web-directory.info
searchrank.info
tuozhan.info
gerrymartin.info
digitalrealestatemarketing.info
ugogo.info
pointsites.info
videoxxx17.info
wohnwagen-forum.info
betterlist.info
sodinheiro.info
programand0.info
4fans.net
officialvideo.info
darmowy-cms.pl
nk.wgdnf.info
clippornhd.info
firstarticlesubmission.info
graviolatree.info
aeon-kyushu.info
znajdz.info.pl
www.zgry.pl
4610.info
kirei1.info
mauritiusphotographer.info
freesocialbookmarkingnow.info
samutsari.info
monkeyseo.info
worms2d.info
bookmarkingsubmissions.info
chaoyangshi.m69.info
saruken.info
52renqi.info
mywebdesignguru.info
funrestaurantsinnyc.info
cemsad.info
zenno.info
tanio.pl
www.znkk.cn
www.jingubao99.com
broadcast1.info
loscostos.info
www.greatbagsbuy.net
freeonlinedirectory.info
yaokx.info
byzantineroads.info
seo-analytics.info
touchofadream.info
seo-gravity.info
57568.223388.info
gamersmind.info
fast2-ptc.info
realestatewebtrainer.info
kkzzw.info
billfitzmaurice.info
moneymailz.info
highhealth.info
crbone.info
squidoarticles.info
baheth.info
links-buzz.info
uscgnews.com
dietadukan.pl
blasttheads.info
kingstonmemorycard.3ia.info
justbookmarkreflect.info
696075962.xiaodoutao.com
socialbookmarkingcircle.info
sucurac.info
wsz.edu.pl
l88.atvtm.info
lakeout.info
mentholatum-taoabo.info
garde-enfant.info
grajteraz.pl
pg.gda.pl
investfundhourly.info
caodanai.info
cdu.info
4njd.k3y3.net
bukn.info
adata.pl
realmom.info
mediengestalter.info
seoplink-host56.info
read-post.com
director-romanesc.info
tehnozona.spb.ru
educationnewstech.info
cortland.pl
textadtypers.info
www.tulipmedia.cz
linkbaitservices.info
planosdecasas.info
stovemaster.info
renren.info
search-me-now.info
openradio.info
useful-information.info
bookmarkengines.info
addinglinks.info
sandisk16gbextreme.3ia.info
simple-bookmark.info
c2u-job.info
xunbao173-com-xmhzx.info
yvote.info
www.langqilai.com
golf3.info
crasymind.info
click-road.info
1fwdirectory.info
socialmediabacklinks.info
bruns-online.info
pornhouse.info
saritube.info
comofazerorigami.info
maishost.info
startdirectorysubmission.info
sweetxd.pinger.pl
myfinance2375.info
interbit.pl
sexyouporn.info
966010.info
chexov.info
sesexxx.info
akshaykumar.info
cameremegapixel.info
dowhatulove.info
megashows.info
www.ms1216.com
2xeon.7gt.info
enlacesweb.info
jbcourse.com
acayberry.info
qvod.omdy.info
gants-region.info
studioand.it
bankswiftcode.info
rp3.info
cableopticaldigitala.9see.info
www.kuairt.com
prtp.info
appsoweek.ru
tianjinzhongyangkongtiao.info
8ao.info
topultau.info
humyai88.info
citizene.wop.ro
diggmarking.info
guanwang.info
smashingmagazine.com
ridenights.info
foerde-fishing.de
f2.99hy.info
fk.wgdnf.info
servervirtualizationz.info
health-info.info
linkaddicts.info
taxiretro.info
simplydata.de
za7.info
forextradingrobotssoftware.info
biala.sds.pl
salvage-cars-for-sale.info
articleselite.info
mgyj.info
internetmarket4u.info
socialancient.info
postedlink.info
76a.info
www.duoq8.com
mini-play.info
raovatnamdinh.info
e-posnet.com.uy
whichyouwant.info
netlovebbs.info
iltt.info
jtrackback.info
smutt.info
socialbookmarkingtaggingsites.info
erzeszow.blox.pl
intergoles.info
youfilmsexe.info
vivee.info
k33.info
fuuzoku.info
urpg.info
xbook1.info
bonus-casino-en-ligne.info
www.nd-zzb.com
qmen.info
makeyourtrip.info
friendshipquote.info
sharing.zs-forever.info
creatorspark.info
noticiasdeinformatica.info
moodify.info
dilicms.com
86ma.tk
eosvenezuela.info
tvguide.dk
blog.webish.info
517518.xiaodoutao.com
directoryspecify.info
linux.blip.pl
takarazuka-revue.info
listpr.info
www.cuma.ca
mobitricks.info
5il.info
www.completa.hu
xfteam.info
jpxy.info
yuusuke.info
saxyi.info
shqiplive.info
xjorhun.com
red7.info
funnyvod.info
mmsyslo.pl
kandisen.wop.ro
517anbo.com
auto-experts-online.info
freeaddlinks.info
watch-gossipgirl-season2.blogspot.com.au
dogpornmovies.info
cfovn.wordpress.com
articlefind.info
k4z.info
www.the-kanazawaeye.info
dollarra.wop.ro
excerlink.info
13002008404.com
enquetrabajo.info
web-master-resources.info
ab-forum.info
1gbusbflashdrive.3ji.info
quot.info
517na.com
yikaow.com|phitter.com|idwhois.info|edxyzxxj.blog.mongenie.com|www.yktairui.com|www.sldy.info|www.pts80.com|7898989.com|www.av977.com|www.dclinks.cn|prchecktool.com|paperpost.com|www.zbhuida.com|www.huliye.org|www.autoday.com.cn|blogmall.net|xnzk.nfdy.net|fb.ru|www.suhuicheng.com|www.rucinvren.com|www.cwebgame.com|xinse.net|www.qqlaoda.net|www.1216.cc|aprohirdetes.biz|xaryrcamev.blog.mongenie.com|carpettiles4u.co.uk|www.88f.com|edws88.com|www.gzf66.com|sktg.nfdy.net|www.shszc.com|weblearningit.com|shop203003.b203.shopex.cn|cn.le5588.com|www.355vv.com|chinataoci.taobao.com|geo.newworldwiki.org|www.diyixiaotuan.com|149zz.com|icar.by|offersbookmarks.com|occupyburlington.org|www.lmmw365.net|adminunion.com|www.rrk3d.com|style-huis.nl|www.ay303.com|punlun4436.huijucn.com|jiancai9.com|dianying.1913.cc|www.dfxz.org|www.22lxw.com|www.vu99.com|www.hmzsc.net|www.soqiye.cn|thraexsoftware.com|www.sss2222.com|www.shopfanhuan.com|www.spxdy.com|aiguowang.atwebpages.com|www.4006848085.com|www.lamtzs.com|utall.wop.ro|www.xshpjy.com|6ku.cc|www.yyhun.cn|oktelugu.org|tramecpolska.com.pl|wmlz.78.cn
socialwebborder.info
websiteinsight.info
mortgagefinancecompany9eqq.info
skoede-kq-dk.info
roislandco.no
disise.12397.info
miamiauto.info
28882.info
www.lebaw.com
dimoqrati.info
rebill.info
getinthehole.co.za
erotycznyblog.pl
cside.com
schwarzwald-tourismus.info
16gbmicrosdhc.3ia.info
sortlinks.info
517wap.net
efa131bk-1av-watch.info
easy-upload.info
llb3k.info
www.yitongjing.com
branchenverzeichnis.info
cornit.info
jeasy.info
digital-favorites.info
llb8k.info
77xi.info
linkbuildingservicesuk.info
mobilephonevoipz.info
cheapestwebhostz.info
xindayuan.bmlink.com
creditcardbalancez.info
filmxxx8.info
amdphenomx4965be.7h1.info
moviesofspanking.info
killer788.blip.pl
pdfscissors.info
alek79.digart.pl
indonesiamp3.info
tvprzemyslowa.pl
tjlyczc.info
webdesignpricingz.info
importantsocialbookmarking.info
taxarticles.info
toopi.info
ig2net.info
reallyhugesearchdirectory.info
kxkl.info
marykay.pl
www.abc-annu.info
boysrainboots.50x.info
susen.wop.ro
anzaa.info
rarespecies.info
menarik.info
pondomaniak.pl
cablemap.info
routerdualband.3nc.info
m8h.info
videox69.info
linkoptimizer.info
humyai44.info
capriskye.com
filmpornotop.info
opruimen.wop.ro
qq163baidu.info
casino-online-legali.info
slideme.info
knecht-ruprecht.info
directorysupport.info
gateau-au-yaourt.info
healthinn.me
rene-zeiner.info
www.ekezhan.com
xuzhoushi.m69.info
manylink.info
sklabina.eu
onlinepaydayloanzs.info
reebokfitness.info
insuranceforums.info
nixiangyaode.info
xixihuafu.com
ikiwiki.info
radiopryzmat.pl
deadlinelive.info
www.zmdww.com
www.2-labs.com
51812345.com
discountsplace.info
cuisineus.info
odintsovo.info
freedisneytripinfo.info
www.233tt.com
manosegunda.info
tradestime.info
topsewingmachinereviews.info
daily.am
creation-societe-offshore.info
homebasedbusinessnetwork.info
com--specials.info
indexdirectorysite.info
babook.info
www.bnjd.net
designnotes.info
9me.info
xy3.yzz.cn
netinfluence.com
storeturkiye.com
traumaticlesionsbrachialplexus7qv.info
godfile.info
shabla.info
adega.info
gamingnewsforum.info
atreu.info
coffeecat.blox.pl
2011hntvzxrj.info
6te.info
www.999bjl.com
links-web.info
smartfinancein.com
hyip-reflection.info
www.hu0.casedu.org.cn
grocka-community.mojmml.info
www.ppn.sk
slovenia.info
monia2308.wrzuta.pl
shayari.info
s.ssyl.info
tomwil.prv.pl
balatonfelvidek.info
gtclicks.info
dickpills.info
semanticaweb.info
kameraakcja.pl
litovit.info
jmck.info
zefirrr.digart.pl
518wz.cc
tehrl.info
gameline.info
shimaumai.info
591hala.com
zapisanisobie.pl
10directory.info
felissimo.info
e-gracz.pl
x-auto.info
519.travel
virtualization.info
gamesplusmore.info
nihaoyazj2.jin116.zxtech.info
trackid.info
bandofheroes.info
frkl.no-ip.info
025gk.com
celebshots.info
objectlist.info
guangzhou.usembassy-china.org.cn
reiseversicherung-vergleich.info
ehfdirectory.info
51anjia.ca
alarm-lockon.dk
adsm.org
eedo.info
artgo.info
linearticles.info
dothinhadat.info
chanelshoes.info
photofuniasimilarsites.info
ssayossa.com
gvlab.info
989av.info
51ava.tk
softbankinfomation.info
tncn.info
5ka12.info
oddsmaster.info
beexpert.info
ukptr.prv.pl
hum-sur-fer.info
ivi.blip.pl
on-line24h.pl
www.nazuby.cz
fairarticles.info
suoyin88.info
upcomingnews.info
ymj365.info
stpso.com
zilizopendwa.info
pamietniczek.info
yesjav.info
voiceable.org
nickmann.info
5252bb.info
51bty2.jumpingcrab.com
freshsextv.info
librarycatalog.info
oracoes.info
anarcho-news.info
albajob.ro
paintsavvy.info
bleaky.info
microsoftarticles.info
megainet.info
luxurioustowels.4zy.info
polinkz.info
forum-du-fengshui.info
creita.info
remainanonymous.info
openclasses.info
colorlist.info
tanglong.info
51bty3.jumpingcrab.com
x1.sha7.info
10tips.info
noticiasdeitabuna.blogspot.com
travelmauritius.info
myptc.info
pryk.info
mes-annuaires.info
logxxxvid.info
astroidentification.info
nurluq.info
www.doll.pl
train2drive.info
rdtravels.info
wdziek.info
meteo-de-france.info
gettingpaidinstantnow.info
legkov.info
download-pitbull-ringtones.blogspot.tw
51bty4.jumpingcrab.com
51chuntie.com
51cihai.com
misshi.wop.ro
51codes.net
51fanpiao.com
51hsp.cn
51mimi.tk
51momimi.com
famous-speeches-and-speech-topics.info
51nanmu.com
51player.net
51shijue.in
itssystems.co.uk
51speakerssystem.7wx.info
51szs.cn
51taobaogo.com
riback.flog.pl
51tbabc.com
graphies.puk.ro
51vanda.com
5252mai.com
52579.dealer.it168.com
526h.net
526zx.com
527123.com
5278.av99.us
5278.com.cn
527fanli.com
528.hk
528tm.com
52933.site.booen.com
529634.cn