patrondash.com
oublierais.puk.ro
sa.newsclassifieds.com.au
9598721.5sing.com
watchefoot.com
www.speedmeter.hu
fostyle.net
ace.nsw.gov.au
planetarium-hamburg.de
aranawa.puk.ro
chukki.com
slowakis.puk.ro
skoczow.pl
podm.nfdy.net
www.myip.cn
axispay.co.in
nvrp.k3y3.net
97.84474.com
www.lifeweek.com.cn
aanschikken.puk.ro
loladela1.hyves.nl
www.sponichiprime.jp
agoda.it
dlera.com
sidcoserver01.info
merglepel.puk.ro
www.bz988.com
miftg.1168.tv
cschangrun.com
s22i.210000.org
sh.lesson9.com
pvmq.nfdy.net
8pwa.265link.com
chidukm.88ka.cn
www.518haogou.com
xgnn.nfdy.net
gqlr.nfdy.net
www.yinxing.name