atusadora.puk.ro
admin.ev123.com
cinosanap.eu
rn-wissen.de
www.dzxy2012.info
www.rzjs.gov.cn
aftale.puk.ro
aftandt.puk.ro
radio.com
www.594tv.com
afteract.puk.ro
aftermas.puk.ro
aftershine.puk.ro
aftrompe.puk.ro
afvoerka.puk.ro
afwassen.puk.ro
afweek.puk.ro
afwoo.com
afzonden.puk.ro
ag.arizona.edu
aggressoren.puk.ro
agifrzxy.blog.mongenie.com
agita.net.ru
agitar.puk.ro
agitiez.puk.ro
agito.puk.ro
aglutinar.puk.ro
loladela1.hyves.nl
aglycosu.puk.ro
agnail.puk.ro
agnostics.puk.ro
agnscody.a-liveprivates.com
agoda.cz
agoda.fi
agoda.it
aluminium-redony.lap.hu
alumni.gwu.edu
mdime.org
aaron-rodgers-premier-jersey.ppepu.com
www.hs49.com
www.0531bjq.cn
www.abc625.com
www.sn0769sn.com
www.wjg88.com
56task.com
aatouch.com
accepts.puk.ro
adornd.puk.ro
aanschikken.puk.ro
adottavamo.puk.ro
adquisitivo.puk.ro
www.1idy.com
adrede.puk.ro
adria.lap.hu
adrien.puk.ro
adsclassifiedads.com
advertisinginflatable.com.au
advertisingsite.ru
advicegroup.ro
advsites.com
ady8844.com
adymares.de
adzi.taobao.com
aedgency.com
aegina.puk.ro
aegyptischem.puk.ro
intervenieren.puk.ro
websiteranks.info
aehnle.puk.ro
aentra.puk.ro
aeromed-software.com
afbreken.puk.ro
afcommanderen.puk.ro
afdammen.puk.ro
afdanking.puk.ro
afdweilden.puk.ro
afelpada.puk.ro
aferve.com
affairs.puk.ro
affaisserions.puk.ro
affaticato.puk.ro
affengei.puk.ro
affery.puk.ro
affiatan.puk.ro
affibbiare.puk.ro
affidiam.puk.ro
affiliatesterra.com
affiliatewebprograms.com
afgedane.puk.ro
afripol.org
afrodiamondxxx.a-liveprivates.com
afroeien.puk.ro
afrost.puk.ro
afschrijflonen.puk.ro
afschuww.puk.ro
afsolt.puk.ro
afspaanden.puk.ro
afspit.puk.ro
afstakke.puk.ro
afsteekb.puk.ro
www.goldentulipsibiu.ro
afstikte.puk.ro
afstraff.puk.ro
afsy.org
gnuw.210000.org
paratomial.puk.ro
ldou.nfdy.net
oklara.puk.ro
tpca.or.tz
www.jlkeda.cn
88.ggtt.cc
agoda.se
fulloftags.info
indiadvertiser.com
shibobo.cn
www.diyi4.com
t.qq.com
universal.software.informer.com
ww.au240.com
www.binglidan.net
www.hzj.gov.cn
www.kan0775.com
yingyin.biz
oublierais.puk.ro
mokoulou.puk.ro
glossopodium.puk.ro
ama.com.au
www.festivalbunnik.nl
r43dscanada.com
strizhenova.puk.ro
kebrokan.web.id
sxoo.qiwen5.com
www.tudou88888.com
0571400.com.cn
www.parliament.sa.gov.au
www.ceodh.com
ariadne.it
www.buylsw.com
www.cntaoxin.com