www.aroclubindonesia.com
glossopodium.puk.ro
www.68yin.com
www.festivalbunnik.nl
ipekyoluilahigrubu.com
eogi6.com
abaas.co.uk
www.kan0775.com
leist.puk.ro
74ise.com
www.cheynehoran.com.au
rumli.puk.ro
deputymcgrane.com
no-ip.org
job.cq.qq.com
scoey.puk.ro
www.parliament.sa.gov.au
7k7k.com
palcraft.co.uk
kweet.puk.ro
www.xxx332.com
unfei.puk.ro
baptistfamily.net
innovationtrip.com
www.try999.com
drypa.puk.ro
www.yinse66.com
toert.puk.ro
aangravi.puk.ro
pikehunter.se
zeilt.puk.ro
nuanpp.org
jiazhengyi.com
ubwvocjdt.blogdetik.com
donga.puk.ro
njure.puk.ro
www.studiobento.tv
ensor.puk.ro
shahblog.net
www.173line.com
aaxxx.soup.io
bedoms.puk.ro
nikotako.blog.hr