phoenixhrdservices.net
w168.info
www.jh888.net
girovagando.info
ford.tlap.hu
xbeta.info
yousana.info
juancong.com
www.bk1.jp
silverbookmark.info
gcfoto.pl
applicationhostingz.info
www.ox-abc.com
odnokllassniki.info
saimu0.info
prar.info
gotowanie.info
review-notebook.info
greplinks.info
penguinpetes.com
mekk.waw.pl
helpisi.com
dugi.hu
cdu.info
www.scfqjr.com
www.2322.cc
radstock4u.info
bluetraxx.com
xnspdy.info
sitereports4u.info
magzweb.info
cuby.info
debdan.edu.pl
seotutorial.info
njure.puk.ro
1bu.info
www.zjrlzy.net
lavan.wop.ro
vipggk.info
odit.info
alhgroup.info
888dd.info
elaml.info
seibudome.jp
zgorzelec.info
balsar.puk.ro
kefang.13366.info
azrs.info
cataloniaresearch.info
slingshotdirectory.info
kouiskas.deviantart.com
real-estate-marketing-link.info
1cc1.info
eurasialegal.info
sedansa.be
hiroshimatours.info
mbttransmenu.info
av523.info
xanario.de
ugur.tv
beic.az
fxtec.info
connectseo.info
prnm.info
giaiphapso.info
waterbookmarks.info
ceramicroostertaxa.wordpress.com
celebek.info
poimel.info
9see.info
nekretnine-srbija.info
textadtypers.info
yvimg.kz
websitedown.info
knopixxx.info
93kk.info
lowinterestratecreditcardz.info
zeejobsite.com
optonline.net
svoim.info
www.haqitu.com
gotjokes.net
tsqj.info
infusiongraphics.info
zsb6868.b2b.chemm.cn
globalproject.info
53bt.info
april.fr
wt.sha7.info
interviewsuccesskit.info
dungcuyte.info
www5.cathrin-kilian.info
pjrw.210000.org
2012007.info
illmixtapes.info
ggax.info
m1.13bt.info
doublegames.info
yxbook.info
prolifeservices.info
flag.com.tw
albina.wop.ro
bootstoasses.info
die-gruppe.info
flowhot.info
dezkargaz.info
kvartplata.info
crosstrainerx.info
mamare.info
nwang.info
kapsalontabak.nl
pdaja.info
centsys.co.za
carcareconsultant.info
www.okazii.ro
sidcoserver01.info
customizedfatlossreviews.info
animant.wop.ro
webzz.info
nvrp.k3y3.net
blog.sina.com.cn
www.cioexecutivecouncil.com.au
olx.no
uviol.wop.ro
afreeurl.info
www.yabosion.com
qubancn.info
e-bolt.info
daohang.info
photoart.si
mangermusikklag.com
300name.info
pornohdfree.info
crogoo.com
matomemo.net
fdx.ro
31968.223366.info
energofish.ro
superannuationc1m.info
myptc.info
illa.wop.ro
granews.info
dpva.info
agavey.com
3158wh19.diandian.com
www.wanzl.hu
lamented.puk.ro
bezoplat.ru
www.dgtg.net
duypham.info
whoaorno.com
suzuki.com.ph
qvod.omdy.info
verzug.wop.ro
yn167.com
bo2pic.ir
qd.aapinche.cn
phaidep.info
livebookmark.info
mosync.com
www.1yang.net
v7o.info
www.23fanli.net
poniatowa.pl
ruher.info
62o.info
youporn15.info
www.wxjbhy.com
committedworks.org
jego4.digart.pl
klassika.info
consumerdailynews.info
folhetoavon.com.br
trends-on.info
bookmarkarticleshop.info
starvingchildrenptc.info
9me.info
www.ltfbdq.com
peta.surfsleutel.info
cytick.info
www.caifulian.org
www.nicnt.cn
www.ahip.cn
qy.hn788.com
zsy.cn
nj.giraffe.js.cn
j15.info
sexfilm.sexdumpert.nl
service.esf.sina.com.cn
entama.info
www.178taotao.net
enjoyz.de
cyprus10.com
rsdnospam.com
v9k.info
businessflow.info
camping-courtille.com
soulshift.info
screwtube.info
recenzje.net.pl
jmjl.210000.org
bestwebhostingcompaniesz.info
placedesopinions.fr
thegreatmusic.info
kuploading.info
seo-kagoshima.info
eronetz.info
net-bg.info
canadianforextradingz.info
nuworldcredit4u.info
gameguru.kz
vasotrop.wop.ro
cq4dm.info
vizz.pl
rattlenu.puk.ro
remslaes.wop.ro
getipa.info
freeunderwear.info
pdfsuche.info
linkeuropean.info
bajandomelo.com
blogs.top.org
web-creators.info
jinshengzuiai.info
pronterpreecorn.blog.pl
lovewholelife.info
opendata-toulouse.numahel.net
oelig.wop.ro
home.pl
kvs7.qiwen5.com
www.pornopaarden.nl
jobjungle.info
lltw.info
traumaticlesionsbraindek.info
phototechniques.info
www.51xisuiji.cn
sw5d.info
shinmuse.info
90dar100.com
dobra-drukarnia.pl
ediva.info
lvsz.210000.org
www.axa.fr
refurbisheddesktop.7gt.info
pornobigtv.info
aunojuroky.pinger.pl
meteorolde.info
videomarketingzone.info
wdziek.info
patricefilio.info
cb14.info
artide.info
chtootvetit.info
patioumbrellaparts.net
ptcwave.info
ynumba.info
www.mivs.ru
fragme.info
downloadandsaveyoutubevideos.info
howtogetridofpimples-fast.info
www.lehrbuch.pl
tp.pl
huaianshi.m69.info
evanced.info
4rn.cn
photographygg.info
listpr.info
howtobuildanything.info
c1520.sha7.info
www.monkbk.com
gorila.freeforums.org
millionairetraccer.info
edwardwillett.com
duola.7755.com
xtreme-jumps.eu
lessin.puk.ro
ujed.mx
statushomerealty.com
hapi.5d6d.com
desenetv.info
sexytv.info
perfumesencasa.com
detaier.com
strategies-options.com
www.666ta.com
kampie.info
coscj.ro
motyar.info
www.dofob.cn
energiedirect.nl
iranpeyvand.ir
drypa.puk.ro
civilisa.puk.ro
the-maglers.info
xn--888-lq2e340nu1za.com
lvliangshi.kc7.info
site-stats.info
paolobotticelli.info
www.2020dy.net
tsuri-jp.info
www.nqih.com
hamman.info
58g1.lizhidy.net
smartphone-test.info
1cpvlab.info
forthegoodofmasonry.com
topnewreleasesondvd.20j.info
f8q.info
mysilverlottoreview.info
plantezi.puk.ro
designerwhey.com
avilo.pl
skimap.jp
flashgames.info
lavitrine.com
immocb.info
www.webkit.org
malagacf.es
www.126ppp.com
ss500.info
www.maiaedu.org
biyografi.info
outbud.wop.ro
webhilfe.info
x7777777.info
touristikerverzeichnis.info
unblocked5.info
irancardshare1.info
stalker-portal.info
aanmelden-zoekmachines.info
3121777.info
bso.at.webry.info
glasgow24.pl
themakeupgallery.info
golf1.info
exhibezvous.info
www.ccav99.com
terpforum.com
gotrendy.info
freshnews99.info
gigeso.cn
teatr-mickiewicza.pl
charity.todio.info
leeanntorrans.info
mtfy.info
hypersilcolumns.info
avaro.pl
1000fbfans.info
wordpress-jp.info
linkhub.info
sunne.puk.ro
m6mm6.info
maltsandmore.de
poznati.info
6q4.info
giselle-job.info
voyance-gratuite.info
010101.prv.pl
ks.taofang.com
teensexehd.info
poweredbypligg.info
abm-sac.com
fua.digart.pl
www.imagic.pl
pomabu.com
com-2i.info
portalsafadas.info
makingmusic.org.uk
juegosandroid.info
daiwa-cormoran.info
n-proudia.com
extremesudoku.info
uli10.info
1xsuccessteam.info
derby-betshop.ba
socialblogger.info
yokanavi.com
suoi.info
dobroutro.info
miratek.pl
houseinterior.info
techandmobile.info
kslib.info
m1.512gc.info
katholisches.info
6g4.info
unimedia.info
hotel-voederheil.istats.nl
entersingapore.info
currency-today.info
mymanagedaccount.info
v.zy169.net
langweil.info
studiomorphic.info
travelaccomodations.info
crnetshop.com.br
directcurrentmusic.com
lelela.info
sextv1.pl
bookmarkinginformation.info
chicagowebdesignzs.info
jncc.nuaa.edu.cn
isaar.ir
mi.99bitgongchang.info
justiceschoolsz.info
rollingbay.puk.ro
magnetictherapyproductslzng.info
yugao365.com
selco.info
design-notes.info
691.chlorovwc.orge.pl
pclord.info
nvselang.info
d9k.info
35z.info
www.lorealparis.com.cn
atlanticalink.info
tomac-it.info
annali.us
vdkrug.info
filmjezjerzy.info
henkel.pl
wer-ruft-an.info
latestonweb.info
potenciatwitter.info
5ydy.info
topchans.info
smartdriver.pl
kaikei-zimusyo.info
antie.info
klubseata.pl
universitycollegesearch.info
voxx.info
springmaidbedding.info
klimaty.blox.pl
fedupwithfoodadditives.info
guitarlessonvideo.chengyy.info
ewz888.com
linkalways.info
listrapid.info
acutely.info
www.5917dy.com
besturllist.info
www.dxbsm.cn
isse.org.uk
skoedecentret-bolighandel.info
a4.7iii.info
optivance360.com
schwimmschule-wellengang.info
www.welcome-vietnam.info
artaud.info
048.pl
www.bobo90.info
unemployment.info
marriagepic.info
onewaylinkelementdirectory.info
finalized.info
www.chotot.vn
ipl52012wallpapers.info
e-vent.info
saifhassan.info
shobo--n.info
eszter.info
ir8.info
najdise.cz
nmvt.info
artpics.info
www.caifukejicom.com
www.de1000.com
beinsure.info
cricketplus.info
tusur.info
analytics202.info
pingurl.info
domesticquest.info
lovelydays.syncl.jp
cinema.lt
mexico-reisen.info
www.yqxsg.com
www.whwwsz.com
articles456.info
www.mirr.ru
colloquy.info
vtap.info
hkyima.net
jenniferhayashida.info
m9d9.qiwen5.com
denonavr1905.9see.info
www.dgqian.cn
www.dorguska.maxmodels.pl
voprosovnet.info
airtofly.com
fogu.com
mcspike.info
railcorp.info
directoryfile.info
servermonitoringz.info
semanasanta.info
itwissen.info
nr8.info
vojatiqiw8.htw.pl
car-luxury-agency.com
shypzh.117.cm
shoping2.info
p2pool.info
amarjit.info
www.191av.com
dus-wetter.info
worldbusinessseobookmarks.info
wuhaishi.m69.info
barbourproductsearch.info
qualitech.info
www.jiexunseo.com
yumii.digart.pl
piotripawel.pl
worldsharkfishingrecords.info
allebonygals.com
buzzupsites.info
rencaigongyu.soufun.com
qudangdang.com
sexhook1.info
www.rentihh.com
nachalka.info
articletracer.info
photphet.info
basesnet.com
medicaldevicemanufacturingz.info
www.kp.pl
18rt.info
kahc.co.ke
1directory1.info
dowcipy.toplista.pl
breakthenewsedge.info
hotcast.info
aes.blip.pl
bravo-company.info
url123.info
8gv.info
www.hopna.net
idaikkadu.info
victor2012.info
socialbookmarkingreview.info
thekawaiiworld.info
mojd.qiwen5.com
cp520.info
prd.go.th
procherk.info
investing1018i5.info
guihuaxiang.com
linkdemon.info
simnovo.net
wikihotel.info
www.17cet.com
warezforum.info
westernherbal.com
nirmana.info
sultoni-kabir.tj
chanthachhim.com
luskebuks.info
sekes.info
www.marblesinks.com.cn
velo.com.pl
qqezx.com
tjzl120.com
russianangels.info
hotmilfz.info
elinks.info
thaigold.info
webbookmarking.info
statesocialbookmarking.info
51digg.info
xxxgratos.info
tgche.com
blogotop.info
bookmarking2website.info
patrishm.wrzuta.pl
rspec.info
autocarheadlights.info
www.fx115.com
lailalila.blog.de
pertutti.info
flirtr.info
vpn-central.info
stylusmagazine.com
sevensummitstrader.info
e-lokaty.pl
celebrityweddingbuzz.com
cheapdomainhostingz.info
realestateoneogmx.info
dghfgsh.info
justynsmith.info
paiddirectories.info
2nddegreeprogramsz.info
holenderskiskun.pl
tyhplvhh.b2b.hc360.com
vbegy.info
mesotheliomasolutions.info
yaojing1128.n9.youmac.info
de9135qw.info
laik.blogger.ba
laptopslenovo.7m0.info
www.cheapobd.com
waterdamagecleanz.info
oopop.info
okcao.com
k-msc.info
071magazine.pl
openphpnuke.info
varkapu.info
sansuimobile.cn
nanzpfa.78.cn
dcgolf.info
lithosol.puk.ro
rewind.software.informer.com
student.mynavi.jp
comptalks.com
5uk.info
marketingdinerohispano.info
kaseguzo.info
avtorem.info
hupan.net
kieruzo.info
fbcbn.info
sataharddisk.7h1.info
silhouettesolos.info
coord-med.cz
bandlive.info
sblab.info
achemina.wop.ro
hw0.info
hostingcostsz.info
mapcam.info
volvocarclubsa.co.za
krychukwask.blip.pl
cynthia-recommends.info
perekop.info
poznaj-datesmierci.pl
healbokks.info
www.ceik.pl
b-channel.info
www.rawiplast.pl
parentingteenagers.info
bbalbania.info
www.msxx.cn
esism.info
mosa.gov.sa
oval.wop.ro
hcnn.info
shcqjx.cn.zhongsou.net
freebookmarking.info
www.vibia.pl
g15o.qiwen5.com
www.st181.com
vanganh.info
x-top.info
www.webd.pl
elciudadano.gob.ec
captainsblog.info
everyonehere.info
bestusabookmarking.info
vostlit.info
googabox.com
foundthis.info
jobbankguide.info
www.dj.ru
cseie.com.pl
zeek--reward.info
qsdxt.com
red.es
21maxlink.info
angliki.info
insignia-bible.info
nextpush.info
ikea.com.pl
advantagehotel.info
fxguild.info
royg.info
12bt.info
www.xjatc.com
zespolsweet.pl
narzedzia.pl
themlmwarehouse.info
andhrauniversity.info
seohao123.info
technoboard.pl
lingyan.net
contactenoscolombiaaprende.info
forum.vuontinhyeu.info
ecommerce-pratique.info
pagefault.info
visone.info
afschraa.puk.ro
krolik79.wrzuta.pl
srilankamirror.info
gkchesterton.pl
shiziwang.info
dieta-dukan.pl
jafland.info
nasos.info
sfile.info
www.3ead.cn
1uf.info
anoiadiari.cat
dvdprojectorsforoutd.4vw.info
www.cdqz.net
phones-g.info
patrycjaa1427.wrzuta.pl
e7z.info
4vs.info
holodilnik.info
execvalue.com
shuangcha.info
linkescape.info
13bt.info
letswrite.info
babywalz.dk
www.lj.gov.cn
www.b19fym.pxlnet.info
borden-carleton.ca
linksection.info
filipinoofw.info
mymobilemoneypagesx.info
bookmarks4seo.info
www.gdadjs.com
online-casino-spielen.info
stulce.info
plugposts.info
allindianmovies.info
www.mger2020.ru
effectmedia.pl
polskamanga.pl
newduggtag.info
codeforces.ru
nnxmdmyx.skynetblogs.be
collegeclassesonlinez.info
proxyforce.info
nanoriff.info
migrainesinchildrennr9i.info
nivea.pl
nkp.digart.pl
portalingua.info
delimiter.info
karim2000.info
www.abb.pl
dipascha.puk.ro
overstuu.wop.ro
cyberjaya.name
5ye5.info
cficanada.ca
tusi.pl
changsha.01666.info
prnh.info
socialhubs.info
youporn7.info
lidian.info
ddea.info
diet-vlc55.blog.so-net.ne.jp
www.mayifanliw.com
www.jhlflaw.com
cvetq.info
mintia01.info
read.10086.cn
jimbou.info
bookmarkmax.info
prny.info
youvidsexe.info
lordia.pl
www.kitty.pl
4eh.info
webstyles-chinese.info
afed.info
51gan.info
lemonde-fr.info
sportcreds.info
somxy.com
4angeleshorny.a-mycams.com
www.gyxhjs.com
kredyty-bez-bik-2012.com.pl
scooterx.biz
pushchair-guide.info
t1.sha7.info
xx45.info
szendrey.info
asseenontvguys.com
yinxing.info
bookchart.info
articleliss.info
quachdaica.info
noel-wanwanclub.a-thera.jp
www.iboav.com
weightdietplan.info
www.avszs.com
wep-kodlari.tr.gg
sexe16.info
directorytool.info
siteslike.info
www.ziviler-ungehorsam.info
qqme.info
balatonservice.info
omeda.com
guochan.info
www.djmysz.pl
www.xtepb.gov.cn
bociara03.flog.pl
adobance-pro.info
warez4u.info
www.plays.jp
www.44ddd.in
emailfilteringz.info
toishi.info
futondani.tanoshimu10.info
mivi.cn.ms
www.8848wholesale.net
fdcpl.info
aptea.info
jfs500.info
electric-cigarettes-shop.info
atrico.hamazo.tv
sensa-reviews.info
8x2.info
undergraduatedegreebaz.info
mbtantishoeebay.info
xemayhonda.com
alphasis.info
yqyrhs.com
beskoinet.info
ptcbusiness.info
webmobilesimulator.info
8jg.info
newmotorforcarz.info
burgenland.info
tricksnew.info
dj-blog.info
mylinksdirectory.info
articlewritershub.info
498h.net
booktrade.info
gdn.edu
www.ruz5o7.1.vg
pharmaline.info
carrentalbusiness.info
bookmrkstories.info
frontaliers.info
lavoromilano.info
fotobasia.pl
brisbane.craigslist.com.au
mazikao.info
18hxbbs.info
software-secure-2012-ddgf.info
yasintek.puk.ro
dealingwithdifficultpeople.info
eyfs.info
15415.sew10.info
domystuff.com
wap.116hk.com
culsexex.info
html5tutorial.info
normalwhitebloodcellcount1.info
sharingthis.info
rendezvous2012.info
taohv.info
skoedecentret-hushandel.info
www.shehla.biz
elka5.flog.pl
werbung-regional.info
onlineteachingdegreez.info
masspagerank.info
microoven.info
bookmarkdistasnce.info
innen.hu
zamrazanie-rur.info
bookmarkmix.info
ligapolska.info
polinox.info
humyai3.info
videocamerareview.info
danchuyentoan.info
forumlist.info
nekabu.wop.ro
czarodziejskieliny.pl
dirjournal.info
kpumuk.info
laobingjn.com
thenagain.info
hulando.info
99bbbb.info
mama-net.info
slajd.blog.pl
acha.waw.pl
gzviagra.info
actionocra.info
saasbook.info
intelmotherboards.7l9.info
wxmaps.org
surname.info
4173.info
elzbietka.flog.pl
jameskutty.info
r9h.info
bet-a-tet.info
neckermann.info
viyq.info
ustrustcanada.info
shareyourtaste.com
www.cisco.pl
makelifeeasier.pl
ads.gov.ba
mobipocket.info
moviesin3d.3ji.info
herobrother.info
akoni.info
visitingmexico.info
ecoresults.info
myziaaaa.pinger.pl
zocktubuz.com.pl
approvelinks.info
345uu.info
kliog.pl
www.vasttex.com
globalseobookmarksshop.info
www.thos.cz
sateliteservicez.info
justz.info
linkjeim.info
doublage.info
3bbiptvhd.4yb.info
escortguide.ro
www.maojin.cc
friv.info
0hl.info
aojian.7711.com
jennyskavlan.com
sdqgq.1168.tv
klusek15.flog.pl
brosmilfs.com
ypajwgzm.blog.cz
www.jsjr.cc
fwmtrack.info
yqgw.info
mti.pinger.pl
fastandfurioustraffic.info
loli.c-77.info
package-tracking.info
web-solo.info
dosklejania.pl
christmascashout.com
globalreise-billig.info
finanznachrichten.info
drivesounds.info
nf.pl
penzion-hotel.info
aznajiroft.info
stakelen.wop.ro
atria.ro
lenitiva.puk.ro
rpcxt.1168.tv
deploymyapptothecloud.info
easywordpressbookmarking.info
dai.at.webry.info
jessicabeattie.com.au
bookmarkingonipad.info
devinfo.info
tvgol.info
selangju.info
dnua.info
imfgoldmine.info
uncrowning.puk.ro
lubik.info
minea.org
hostingserversz.info
opticas.info
dbmw.info
saddlery.info
christianity.com
gedbud.pl
squash.wroclaw.pl
lkpics.info
floresti-cluj.info
happysad16.pinger.pl
tzseo.info
kingbus.com.tw
xxx12.info
besthometheatrerecei.26z.info
houseinsurancecompanyz.info
www.cheap-dedicated-servers.info
i4iphones.info
desirules.info
inter-directory.info
etourisme.info
wikifinance.info
westernusawx.info
wjpumc.cn
hugesearchenginedirectory.info
powiatowa.info
rujiakuaijie.02255.info
etrend.info
poluchka.info
pedated.wop.ro
www.yoth.net
kablinga.info
socialbookmarkflex.info
1ha.info
doesthiswork.info
www.sd-it.cn
os7p.265link.com
planmieszkania.pl
bm.aybm.cn
askedfor.info
fastwealth.info
ceskyblog.info
camxuc.info
guzik.blip.pl
lant.info
1yuan.info
my.wgdnf.info
iubiri-secrete.info
www.mmsunday.com
swiftyshows.info
fruitvro.puk.ro
jasonleister.com
isaithenral.info
gamato.info
linkprotegido.info
chinasewang.info
silversurf.info
pakdef.info
htmldoctor.info
uslakes.info
hybrid02.digart.pl
antiagingtoday.info
setalink.info
www.post.ye
ehong.info
91530.co
zielonyogrodek.pl
shukatu.info
cieszyn.pl
www.flash-filter.net
valkenhu.wop.ro
oyez.info
crockerfuneralhome.com
externalharddrivecybermondaydeals.info
surner.wop.ro
not-4u.info
sklepfotograficzny.pl
edc015.info
www.shuashoucang888.com
www.518haogou.com
reise-artikel.info
investigativereport.info
networksolutionssucks.info
ybcygdqr.blog.cz
pickupfuck.com
browsehappy.pl
sitedata.info
videox2.info
needjerseys.info
earning-cash-with-ppc.info
fh-bigband.bastianpusch.de
letsfun.info
s.clickgamer.info
fmchits.nl
submitmyurl.info
thegioi3x.info
aussieholidayrentals.info
xara-users.info
monroecollege.edu
swtb.info
vyluk.info
for-leader.info
www.cn-ywq.com
yourtie.info
htcshop.3ji.info
www.best-archery-bows.info
forums.netduino.com
dogcatz.info
maturempegs.info
leec.info
ziq.gov.cn
fsayd.info
looktech.info
abczawal.pl
aftermarket.pl
bookmarktime.info
5ddy.info
my.ikang.com
canwehelp.info
bookmark1.org
hotseosite.info
izzi.com.my
ga.igaz.org
mmrts.info
warez-town.info
onlinerockpop.info
filmesavi.info
cuztomize.info
pornbook69.info
seom.info
u-bo.info
kawerna.pl
informatica.goldendistribuidora.com.br
sexdate-dordrecht.info
niespodzianka.pl
wuhanccc.net
bestdesignschoolsz.info
mianyangjiudian.kongfuba.info
devo2011.info
cosmedictravel.pl
vinnumber.info
kameraakcja.pl
prpz.info
therobot.info
strefadzieciaka.pl
celebrityring.info
sehul.info
gegegan.info
goodwebhostingz.info
takeacourseonlinez.info
site-stars.net
katalmach.info
webdirectorystore.info
japanx.info
asiula90.flog.pl
o882.210000.org
runemakeup.com
mansonnew.info
star941fm.com
betsystem.info
home-link.org.uk
kingdomcultureministries.info
ipoff.info
cyberxteam.info
bookkeep.info
zakazani.pl
www.epic-design.info
roddywoomble.co.uk
lalla.puk.ro
rome.info
humyai60.info
jpoplyrics.com
focusklubpolska.pl
brothers-connexion.info
landwirtschaft-bw.info
isfic.info
5l5l.info
newesthideproxy.info
linksby.info
fresharticlestores.info
chisey.jp
www.dict.pl
www.ccjlwj.com
prosumidor.info
gerberdiaperbag.7s4.info
nokat.info
o2ja.info
opensubtitles.info
kozikaza.com
inspiron-15r-1570mrb-laptop.info
www.xfw.cn
c88hain.info
shop.668jzw.com
nextera.cz
comment4.news.sina.com.cn
xiaobai516.taobao.com
thelinkdirect.info
onlineadvertisingfree.info
freehentia.net
bcpl.info
skarpatravel.pl
cupcakecure.info
2abc.info
iyuji.info
plattendealer.ch
chblt.81666.net
sina-niko-heiraten.de.ki
nsp.bg
itxv.265link.com
xu.ourezuv.bee.pl
4299.info
yoururllive.info
wesleyhobartuca.org.au
xbox360games-cheats.info
beurette2.info
hellinacell2012livestream.info
pya.org.pl
cboy.us
www.aeroclub.hu
2001sr.info
ecolopop.info
jdre.265link.com
moneyandfinances.info
travel-link.info
movie086.com
suckhoevadoisong.info
adsmoney.info
kosty555.info
dlafirmy.info.pl
adtotal.pl
toprankbookmarking.info
blog.stanleyxu.info
articlehbo.info
quantumcube.info
dans-le-1000.info
diggit.com
bine.info
kredite-web.info
hdmimatrixswitch8x8.4vw.info
4yous.info
priceofgold.info
2ch2ch.info
www.monclerstore-uk.com
www.qlx81.com
xtremesurf.info
bildungspraemie.info
slwo.info
oscommerce-fr.info
77net.pl
sunandsnow.pl
onlinerock-folk.info
53yao.com
e-f4n.info
mlfi.info
glossybox.at
tinytexasyorkies.com
businesslinkz.info
thechristmascardcompanyz.info
prenociste.com
hangngon.info
www.thuecau.com
avtomaslo.info
atxtowercase.7h1.info
dochorwacji.pl
personal-development.info
sexhelper.info
ranga3ddesignlab.info
jydd.info
christianparents.info
healthfreedom.info
paw.blip.pl
www.tinforex.com
parafiakrajenka.cba.pl
91530.cc
floridarealestatekww.info
directoryobedience.info
senavirtual.info
raekkehus-lr-dk.info
fastrapidshare.info
tubexxx10.info
zonadownloadbokep.info
linkviper.info
changmao.9998.tv
humuun.info
xxzx.hbucvc.info
sit.glogow.pl
dred21.flog.pl
pokerstarslive.fr
mmtietu.info
neoitv.pl
videomedia.info
filmyporno.info
t88.in999.info
520renti39sss.info
dddblue.info
pavlitto.digart.pl
vnp45.info
ziviler-ungehorsam.info
tubesexe13.info
www.nme.pl
www.jocuri-degatit.info
cai-led.taobao.com
googlearticles.info
lehighvalleyaesthetics.info
www.love999.taobaowm.info
webzi.info
arts-up.info
igol.flog.pl
dom-2.info
bz16528.com
prhv.info
american.woman.pinger.pl
revolver.info
afribiz.info
bjrs.co.za
gtfd.info
historyfliks.com
gayavatar.info
ferndalepride.com
lubie.blip.pl
videowidgets.info
ww132.com
humyai31.info
sobie.digart.pl
luoben.info
park-our.pl
coastalorganizingsolutions.com
ep0.info
spiskatalogow.pl
beraterteam.info
dofollowsocialbookmarklist.info
aimbot.info
indicativo-do-pais.info
socialwebdoor.info
gold-job.info
71hometheaters.26z.info
dsl.cz
baidu.com
radiosolution.info
www.wchcz.cn
plikowy.info
pineapple.flog.pl
businessloansstartup.info
okes.pl
budi2610.info
meteoalarm.info
e-projects.info
www.sanex.net
script-php.info
monsterdirectory.info
vway.info
digg1.info
aaamsterdam.info
commuserv.com.au
videosexehq.info
jkbjam.info
mbtze.com
desene-animate.info
m1.511gc.info
affiliateselling.info
www.diyar.so
fbh2.265link.com
basketmbt.info
internet-kurs.info
www.ya-k.com
statman.info
24ddd.yy35.info
v-too.cn
qiaqin.com
leb4host.com
163gg.com
twoj-se.info
linkdominators.info
gossiptalk.info
olsztyn.pl
hplccolumns.info
interone-korea.com
shopxinh.info
lugointernet.info
askoracle.info
hosting-wire.com
aikoi.info
ataturkum.info
katalogmonet.pl
certificationbillingz.info
knobz.home.pl
kongfu-fight.info
lightsup.info
nga.pl
jexis.info
futurecom.info
china.w5w5.info
gotlink.pl
burinist.wop.ro
webmaster123.info
www.resonance.com.cn
centrumkomiksu.pl
baixefilmes.info
pc-tuneup.info
eroticacafe.info
www.vakantie-aanbiedingen.info
tipsofseo.blogspot.in
pagerankcheck.info
0533jjc.info
websimilar.info
expertenrat.info
filipetto.com
elinditas.info
dongguan.11766.info
geldsparmeister.info
phototvs.info
rujialiansuo.14477.info
asbestosattorneyz.info
hao144.info
8s8s.info
zaginiona-biblioteka.pl
loxton.wop.ro
petasoku.info
deltabux.info
amit19.info
directoryone.info
www.vcbeta.cn
dango.pinger.pl
tridaurang.suckhoevietnam.info
juac.265link.com
nazare.flog.pl
www.zuozw.com
thechatroulettegirls.com
best--host-with-mysql.info
multiweblibre.info
katalogik.pl
20framesperpage.com
hadhwanaagmedia.info
pinaymum.info
taoo.info
socialbookmarkingseobenefits.info
retrospectivewiki.org
www.shzxv.com
aaron-rodgers-youth-jersey.ppepu.com
fwdtestsite.info
missa.org
www.95598.ha.sgcc.com.cn
berane.info
couponcodefree.info
darephone.info
rankjack.info
hanoitour.info
cikarang.biz
article-marketingnow4u.info
3fef.info
rss-halo.pl
glovofarchive.info
javascript.info
directorybuy.info
certifiednursingassistanthq.com
tu-ffgei.info
careernet.org.tw
milaz.info
merida.sk
wingofwind.info
lowcostautoinsurancez.info
betbase1.info
lacryma.info
daijo.info
administerlink.info
socialbookmarkinglinksseo.info
pneu-zone.cz
www.chanpin.net.cn
jouyamanzali.info
okostelefon.info
fc8800.info
www.0668yz.com
surfrider.eu
tulli.hu
0op.info
thakims.info
happyfunvidsite.info
iheartgiveaways.info
xt-commerce.info
socialframework.info
moziverzum.net
lezajsk.pl
yoursubmitnewdirectory.info
mediaonline-dhetemplate.blogspot.com
hebergement-discount.info
livebookmarkperformance.info
51716.223388.info
onlineaction.com.au
bookmarkwebsite.info
mmtuku.info
stainbarrier.info
bookmarkscript.info
1crm.info
exuzhou.info
cardonationcharityz.info
jm.taofang.com
necchisewingmachine.info
blushingarticles.info
www.lycbearing.com
www.y334.com
i-bbshuang.info
news.gpxz.com
dvbtmythtv.4vw.info
doltuku.biz
socialmarketbooks.info
linkhappy.info
tophostingserversz.info
slovecf.info
walatwist.digart.pl
boomarkszilla.info
xiecheng.info
health-video.info
shuppan-d.info
quotix.info
musicroz27.com
imfornewbies.info
67ru.info
designtutorials.info
shegotass.info
osyaku.puk.ro
anielscy.pl
daibin.info
iphone-5-store.info
fujianyan.net
webcraze.info
professia.info
laowang.info
codespostaux.info
chansheng.info
homealarmla.info
idgm.picgo.info
fen1-910a.tumblr.com
www.fx-virtual.info
bestgamblingportal.info
nador.fr
mudy.info
download-game-gratis.info
sadeczanin.info
footfetishes.info
stoku.info
linkborn.info
hotfix.pl
magnetictherapyq4az.info
darmowe-konkursy.pl
ems-test.info
unblockspace.info
uee5.info
18mmshow.info
link-direct.info
bezemkruid.puk.ro
www.rentiddd.com
blogtimes.info
cenk-tosun.com
bookmarksbuzz.info
click4biology.info
maanshanshi.m69.info
link-katalog.dk
zukunft-haus.info
eztzvuzvuz.info
rurale.wop.ro
tamvn.info
tjcloutier.com
moneymakingideasnow.info
uploadgold.info
echowong.info
chinawp.info
abgaberaten.puk.ro
www.pzpn.pl
vcot.info
afspaanden.puk.ro
resourcefinder.info
jellyarticles.info
coolala.info
shwack.info
lynn.edu
tourviet.info
t20worldcup2012wallpapers.info
annacampbell.info
19rus.info
albbcy.78.cn
villapie.info
amart.biz.pl
satdy.info
zefirmedia.ru
4ddianying.info
kody-pkd.pl
openbookmarking.info
gazetaregionalna.pl
pszczolki.info
socialinformbookmarking.info
articlenbc.info
internetanbieter.info
govtslaves.info
collegeeducationonlinez.info
tm9988.info
hidemy.info
jvncf.9r.ro
jishanimalix.info
nangtheingiwin.info
119902.info
nnm-club.info
balmerlawrie.com
searchdog.info
socializer.pl
fotobanky.info
700zy.info
nkatalogas.info
wap.hiao.com
ilwebmaster.info
gonic.info
trovit.ma
solitary-refinement.com
illinoiswildflowers.info
qin-yuan.net
wp-junkie.info
mbtchaussuresprix.info
nicheclub.info
www.cw925.com
bookmarkingflyer.info
tagcentral.info
gouwu.15566.info
inkcartridgesprinter.3qa.info
social-bookmarkz.info
www.jkk8.com
dougapedia.info
nicchoku.info
bookmarkglobe.info
zezalice.info
teensexegang.info
nycn.info
38480.net
seodofollowsites.info
nbrm.mk
besthometheatersubwo.20j.info
310ink.digart.pl
itxsk.com
organono.puk.ro
flowerhome.info
verycreative.info
migrainesinchildrenfcu1.info
mileysweetz.pinger.pl
sewalkman.pl
bizzon.info
brstar.ru
www.163666.net
squintlimited.com
dolgolet.info
e-goju.net
judgemysite.info
xcess.info
szemelyihitelek.info
tiao8.info
sexhdtv.info
dflcd.info
33aisese.info
www.df366.com
www.ciprofloxacin-buy.sitew.com
puyo.info
download-young-jeezy-ringtones.blogspot.ca
socialbookmarkingsubmissionsiteslist.info
zadira.info
dubiq.blip.pl
www.charity.gov.cn
prlinks.info
tutlogistic.pl
wojo44.digart.pl
redstarbelgrade.info
sspig.com
otellerimiz.info
ryoo.hamazo.tv
sqlserverhostingz.info
mm.mv98.info
thomasaboshow.com
pierwszymilion.info
conociendo.info
timwhitlock.info
pedigreebooks.com
freesms.com.pk
largestarticlesdirectory.info
65bb.info
www.hnfms.com.cn
gratisjogos.info
clipzone.info
grantthornton.pl
potterfilm.info
businesssmallvoipz.info
gadgeds.info
server-list.info
internetbookreader.4vw.info
thaitux.info
noches.pl
onlinebusiness-affiliate.info
carlsbadestateplanning.info
coloring-book.info
getfamous.pl
bengkel.info
kwwap.info
krs-online.com.pl
freshlyrics.info
wealthcreationsolutionssn8.info
dataword.info
mynewrl.info
qymp.hdt.net.cn
sjrcw.78.cn
index.go.kr
dlaludzi.info
editthis.info
unixbsd.info
nudart.info
justbookmarkobject.info
haizyu.puk.ro
blackfridaywhere2buycybermonday.info
ekocentrum.info
tagonsocial.info
kukucska.cjb.hu
automatedaffiliatex.com
educationusa.info
go2link.info
articlesdirectory.in
www.rubberhr.com
pakfashion.info
windax.pl
woq.object.com.cn
w.kkkbo-kk.info
doctorateeducationprogramz.info
hfdafu.com
sevportal.info
leonidas.be
hellofriend.org
zz1su.info
luvable.info
pornofilmyhd.pl
walon.info
videonuizle.info
www.concursosfederais.com
laanga.puk.ro
2-hand.info
kigind.com
socialbookmarkingimprove.info
chsl.webs.com
joyousbirth.info
kamery-internetowe.pl
m-cat.jp
aktywnisingle.pl
happybookmarking.info
kstolica.ru
honban.wop.ro
beseoexpert.info
www.5173keji.net
evep.nfdy.net
perevod-posolstvo.com
ayous.wop.ro
linkcompiler.info
physicianpracticemanagementz.info
dragpic.com
thoribuzz.info
43h.info
amp.co
hoboed.wop.ro
aktionstage-politische-bildung.net
guineefoot.info
the-rock.sl
theincognito.info
gbob.tv
hyperllamalord.info
www.lckdgg.com
saberviajar.info
wose.com.ar
hands-on-hardcore.info