seekon.info
wer.pl
huhx.nfdy.net
lawyer.516.tw
bibooz.net
3s0.info
containerhome.info
humorstudencki.pl
receptyonline.cz
apromax.info
bsk.com.pl
intericad.pl
gme.sk
abelmosk.puk.ro
socialwebdirectories.info
cdu.info
tolkiensarda.se
assn.info
www.sesetv.in
guanxing.1168.tv
77cc.info
52ri.info
danfi.fmix.pl
bcphtnnxai.blogtrue.com
www.ykyjl.com
eleu1directory.info
spart7.info
choowawa.com
www.aaawatchreplica.com
1w3u.210000.org
i.kpeltiomw.orge.pl
drunkinstl.com
ckrcallcenter.nl
93456.info
www.tanruyi.name
lugci.info
greplinks.info
wapsj.info
hotstroy.info
emoneynigeria.info
telkomhotspot.info
submitanarticle.info
penguinpetes.com
anend.puk.ro
endlich-finanziell-frei.info
k33.info
hentaitube.info
nationalrail.com
review-notebook.info
licoglass.vn
prar.info
cueb.me
annuaire-fr.info
thepowerpointtemplates.info
juno-flowers.info
newrider.com
klaudiaw24.pinger.pl
www.gxflight.en.alibaba.com
tutstatus.com
qqsequ.info
odnokllassniki.info
salassai.puk.ro
onesetia82.wordpress.com
goldtop.info
v9k.info
linkmediazone.info
rolover.com
furibunda.wop.ro
helpisi.com
agnesk.flog.pl
shewes.wop.ro
sexfile.info
www.easycp.de
free-phoner-free.blogspot.com
budowlany-portal.info
atehenmei.com
tokohaba.com
etourisme.info
suena.eu
pcfc.info
suedafrika24.info
saimu0.info
www.brigade.hu
pleat.pinger.pl
noplay.net
view-finder.org.uk
albinvega.info
megamek.info
mekk.waw.pl
52xiezhen.info
noclegikletno.pl
www.0551bj.com
sidmailserver104.info
scholarsportal.info
dugi.hu
haiersm.info
bebetura.puk.ro
veracruzanos.info
wtfbook.in
thoracostracan.skoleung.gracer.essi.euwww.wop.ro
oomega.info
filmporno1.info
gotjokes.net
cornit.info
s3.amazonaws.com
photographer4me.co.uk
playtravel.info
64xz.nfdy.net
my2home.info
slice.wop.ro
www.dazhongnk.cn
tsqj.info
sercanie.pl
www.beijingbaopuzhai.com
bloggerpemula.info
eicom.info
xt74.265link.com
websitedown.info
lupef.se
triv.soup.io
digitalkids.info
onlinebusinessprofits.info
xuzhoumangguo.qiannan.org
recettes-cuisine-afrique.info
tytus.blip.pl
completearticles.info
zeejobsite.com
stulce.info
jakostobedzie.pl
wap.1pt.hk
heeding.wop.ro
casas-rurales.info
svoim.info
woso.cn
www.weimeila.net
pocztex.pl
lowinterestratecreditcardz.info
36m.info
instantlink.info
jpg4.info
gluca.info
xxbboo.info
knopixxx.info
pijnigin.puk.ro
dropjacks.info
kitchenavenues.info
bharathcinemas.info
vivacostarica.info
www.haqitu.com
puug.210000.org
www.ggss.com.cn
www.ema.nl
zyer.cn
kumaya.info
7ic.info
starcraft.md
ekspresihati.info
qd.aapinche.cn
59121.info
oycl.210000.org
webhostingproviderz.info
wpark.info
ymj365.info
wikifaunia.com
www.23fanli.net
index.go.kr
mopsbytow.pl
changzhoushi.m69.info
xxxhook69.info
szrot-team-polska.opx.pl
desenecopii.info
mosync.com
www.epic-design.info
lisha.info
telkes.hu
ovate.puk.ro
www.brainvest.hu
toponlinebookmarking.info
oralenglish.info
v7o.info
orange-ptc.info
1000do.info
firdaus.info
76a.info
linkdeal.info
www.8090.so
web4health.info
cyprusexplorer.com
freeshipin.info
analisisdetrabajo.info
www.1yang.net
f1.avzca.info
beurten.puk.ro
qq898.info
mergen.biz
511411.info
keluhan.info
sharingnews.info
c-osztaly.mercedes-benz.hu
onlineinsurancequotez.info
yn167.com
members.28365365.com
agoda.se
abasic.puk.ro
6tn.info
wsgh.nbws.gov.cn
avzca.info
23055000.ir
livebookmark.info
ketoandoanhnghiep.info
www.kokoi.cn
healthyworks.org
fredscloud.info
forex2k.net
bo2pic.ir
bookmarkingshopping.info
elaml.info
inhaltsangabe.info
ernaehrungsplan-zum-abnehmen.info
bon-reduction.info
odnoklassniki2.info
mild.flog.pl
usernet.info
submitarticles-free.info
powerfulldirectory.info
mbtgeneve.info
sbiznes.pl
www.network-qy.info
resourcesfree.info
yingyu.hbee.edu.cn
rbqb.info
www.luseanxing.com
poniatowa.pl
gotae.deviantart.com
omosiro.info
sellosdeconfianza.org.mx
kekv.nfdy.net
prawdziwaprawda.pl
pagerankservices.info
wholesalefavors.com
zmemlani.natemat.pl
www.najdzinka.pinger.pl
harga-ponsel-terbaru.info
petrweb.info
dowhatulove.info
kristen.wen.ru
chy.cc
sportsrelatedinjuriesnoan.info
x-imagen.info
duck.flog.pl
mybigdir.info
isch.info
www.ykreed.tk
emailcorporativo.info
newfilmtrailers.info
ptug.nfdy.net
www.binder.pl
sauwren.digart.pl
kibol.info
badam.info
lutongpinoy.info
tanzaniasafaris.info
sourcenext.info
bayo.wop.ro
photostand.info
tswjm.com
remslaes.wop.ro
caretown.info
pag240t-7cr.info
szczuciecycem.blox.pl
kapcsolataid.info
unkyuu.wop.ro
a20.ir
onepcs.7gt.info
cstb.info
future-quest.info
yogaclothesforwomenuk.info
ctrg.info
vitasite.pl
linkadminister.info
worthwebs.info
cq4dm.info
kaaischuimer.puk.ro
goodginger.info
snuper.pl
linkuplink.info
tagmarket.info
biologiauj.edu.pl
www.gsstc.gov.cn
faslook.pl
googlepageranking.info
rgf-hragent.asia
marketcompare.info
pic.0392.la
51mimi.tk
cytaty.e.pl
blusasdemoda.info
abeditore.info
h60.info
linuxserverhostingz.info
betle.com.pl
thecorner.ning.com
3gsm.info
videocul6.info
vizz.pl
24ddd.12397.info
mikelonis.wop.ro
tqgsingapore.com
ataner.pl
ff.6ap.info
shinkoue.wop.ro
am-am.info
5000loisirs.info
multiprotect.info
garabatoslinux.info
quacked.info
lineage2gol.prv.pl
socialbookmarkoffice.info
submissionplanet.info
directory5.info
luxurioustowels.4zy.info
dander.hyves.nl
chaussuresmbt.info
malamoskwa.pl
dietvirus.info
embajadas.info
footballstreaming.info
www.qingjieqiusi11.com
humyai18.info
vankethyp.com
hbtonggai.com
arqespqrx.blogger.hu
ichi-ichi.info
poradnikzielarski.pl
kravietz.blip.pl
www.0513zpw.com
nteworks.com
mikolka.info
linkeuropean.info
zfdt.qiwen5.com
www.chemdoc.com.cn
addurlstore.info
boyfleisch.4gays.info
articlesurrender.info
connectproxy.info
azadliq.info
dacelo.info
wvw.222bo.com
live-steam-engine.info
h2onn.ru
blog-id.info
guoxichangxue.info
spsrasd.info
motorcyclenews.info
talentmaximus.info
daviddarling.info
radianpc.info
www.wfyfbz.com
linkszone.info
paydayinstantcash.info
magister.ee
seoboostershop.info
prettyshow.info
ukbusinesslistings.info
flyaga.info
goldmineadexchange.info
javascript.info
jezus.com.pl
webmator.com
xnews.pl
www.rbit.pl
ioshints.info
yuuhan.info
www.x7788.cn
zapraudu.info
pussylick.info
jmca.info
track306.info
kievukraine.info
atherosar9285wireles.4vw.info
gargantuandirectory.info
swissmed.pl
cleanaradda.blogger.hu
cccx.com.cn
inmupload11.info
onlinefilmhome.dk
novanova.pl
brilliant-group.ru
doublemy2dollars.info
teodorczyk.info
workcompensationclaimz.info
theglobalbookmark.info
wisan.pl
consumer-rankings.com
fachschaftsrat.info
www.enjoyz.cn
accessarticles.info
silktshirtsformen.qliao.info
www.huashen365.com
xxxhook1.info
wellbee.info
psychotrop.info
szczawno-jedlina.pl
malayalamfmradio.7wx.info
juegosdechicas.net
haus-des-pferdes.de
web-hosting-resellers.info
wrinklesundereyeskdn.info
kgzo.265link.com
river-hood.info
natural-healthmag.info
northbali.info
linkwatch.info
best-curs.info
www.jhy0531.com
03m.info
scoopbookmarks.info
linkrabbit.info
ingegneri.info
samsung-galaxy-note.info
www.htxlrz.com
optomagt7003dgametim.3jx.info
samsungr540laptoprev.7m0.info
homepro.co.jp
vasotrop.wop.ro
getipa.info
superdeals.my
ycjy.nfdy.net
1yl.info
caoliu522.pen.io
1millionkilochallenge.com.au
luszczyca.info
nevtelen.hu
city-ville.com.nu
phpshopcms.ru
m0o.info
html-to-pdf.net
belajarpc.info
neiro.wop.ro
geoportal.gov.pl
theassetonline.com
dimock.ca
gwbt.k3y3.net
6qj.info
www.swktg.com
jjg.net
rusedu.info
medineweb.net
esute.info
ekav.info
slw2.us
sof.si
keressuk.info
stakasaki.net
payorfree.com
pdfsuche.info
aamer.ws
blog.imxifs.info
affifah.info
alterast.wop.ro
c.5kk.in
lg123.info
www.szhuanong.jnn.cn
paludisme.info
forinternet.info
trafficplaybook.info
gameguru.kz
bakalka.cz
huoydq.78.cn
hupress.com
husveti-kifestok.kifesto1.hu
huxinjiaonang1.1168.tv
jswsky.us
katusim.wop.ro
ketnap.edu.vn
ledstar.net
manathure.fr
modelki24.pl
susanstechtips.info
venezvoir.info
freeunderwear.info
ioc8.k3y3.net
the-maglers.info
paolobotticelli.info
mon-guide.info
57ssss.info
coolbusinessideas.info
ilfrc.com
avcover.info
site-stats.info
delldell.info
goldenwisdomnuggets.info
www.lingerie4u.pl
directorylistingss.info
hss.pl
equalratio.info
x5.sanm.info
essen-bestellen.info
montelus.com
889934.com
simpaticodesignstudios.info
religijna.pl
tomwang.com
omgtracking.info
93dy.info
menslife.info
www.newcars2012.com.au
directorymac.info
carsandcoffee.info
70niu.com
anticancereux.info
jobalert.pl
oiio.pl
farrow-line.info
vinsieu.ro
54t.info
theseventhart.info
www.yusivisa.com
www.dofob.cn
nationalemancipe.info
guildwiki.org
ryman-ses.info
portal-sieradz.pl
earthseobookmark.info
dogsvest.com
rp3.info
sirmk.digart.pl
ptcwave.info
prwi.info
linkexcellent.info
rebell.info
juiceupyourlife.com
earn-money-online-from-home.info
5starbookmarks.info
bookmarkingnetwork.info
ondango.com
chatwithgirls.7t2.info
kamilscheicht.blip.pl
renwiki.info
germanshepardpuppies.info
robertborgersen.info
web-linkek.info
animalphotos.info
youcantlose.info
wp.apbest.info
kyle-xd.info
myvacationconnection.info
photographytt.info
am.lublin.pl
manualwebdirectory.info
kouka.info
jnrc.cc
links-cristianos.info
virgenespenetradas.info
web-bookmarking.info
vizcarra.info
m-page.info
sluzbazdrowia.com.pl
videofull.info
directoryflux.info
cablink.org.uk
jkcee.info
xsextu.info
iranpeyvand.ir
internetincome4all.info
bookmarkingpages.info
extraitcultop.info
d4hd.com
www.bitilo.com
lawsuitfunding.info
namazi.info
pornamerican.net
fluidsurveys.si
www.zgsyb.com.cn
reinvestortoolbelt.com
diet4all.info
test-balkan.mojmml.info
forumpirotechniczne.pl
ostelazi.info
lovematters.info
linkhello.info
5aw.info
yinyinw.co.cc
823409.info
regrindwinnower.info
ru-an.info
web-masteru.info
convergenciadigital.uol.com.br
bikini.pl
peblog.info
quochoang.info
dqselxrwqk.blogger.hu
modnebuty.pl
www.9555.biz
www.nd-lj.com
khalilarabi.info
mouser.pl
scrapcollage.info
nwpcc.info
nopaste.info
kbwretman.pl
raii.pl
pushfix.info
linkzilla.info
optioncommingsoon.info
marecki43.flog.pl
ranvimana.info
hotbbs.info
moveinternationalz.info
fly-inclub.org
przedpelska.pl
desirelink.info
powersphere.info
mm516.info
weeklythealthcentral.info
fastcash-advance.info
crazyhousereviews.com
54997.diandian.com
www.sexy-livecam.info
peanutsads.info
betascape.info
gsmhn.78.cn
heihetejiajipiao.fdchs.cn
strizhi.info
box1004.com
tasteofthetown.info
c8.7iii.info
cloudarticles.info
humyai38.info
most.hamazo.tv
uli10.info
benji.ch
strefa-hostess.pl
realty23.info
robertmatuszewski.pl
www.hmcars.nl
directorylinkfree.info
demecio.puk.ro
wahana-komputer.com
newszxt.com
gruks.info
websitedirectoryusa.info
getblogcommentsclub.com
beishan.info
www.taobaoyin.com
spicekingdom.info
www.xunbao173.com-mhzx2.info
taydirectory.info
norwegi.pl
dreamtube.info
firedeye.info
blackfridayordercybermonday.info
kinogator.info
piratesforums.co
www.50fanli.com
aisei.info
linkhead.info
ritimo.info
blackout.pl
d7ry.qiwen5.com
www.n9dy.com
pornoth.info
virtualservershostingz.info
randomthinking.info
www.ctpt.cc
righ.info
mpr411.info
webpulse.info
hengyangshi.kc7.info
piyamana.info
iipm-iipm.info
www.geld-winnen.info
www.baimeiyuan.com
lvliangshi.kc7.info
64ro.com
www.yizhij.com
freebookmarkingseolist.info
open-source-related.info
www.52pojie.cn
htcnewandroidphones.3ji.info
ilturista.info
projects.serenity.de
shoppingforkids.info
mywebsiteranking.com
cnxxg.tel
dragrun.info
affiliatebacklink.info
anamariasex4u.a-liveprivates.com
rg0.info
moymirok.info
indian-banks.info
electronic.sk
prta.info
mileyraycyrus-france.net
shturman.info
bothunters.pl
tokyodeep.info
kwoon.info
mmoutlet.pl
antenaswifilargoalcance.info
krasloten.info
medicalbillingcodingz.info
alumacraft.com
ymzt.info
tudas.info
lesgay.info
coup-detat.info
catboy.info
lolita-zone.info
freezersforsales.info
gw8888.com
fbcrimsonprojects.info
123lala.info
94luoliao.info
sacchare.puk.ro
qsdxt.com
adriano.blip.pl
blackseek.info
socialbookmarksitesfree.info
narzedzia.com.pl
pit-36l.info
lalati.info
metanomics.net
shiathecoolbug.deviantart.com
macao.house.sina.com.cn
jinhuajiudian.kongfuba.info
zerolipy.blip.pl
sexbaidu.info
virtbiznes.info
oyex.info
mhrb.info
assuranceinspections.info
auro-online.de
diljzqbx.mixxt.info
www.9222x.com
zieltraffic.pl
palnhumbwest.bloguez.com
aquafantasy.it
felonykat.info
pdaja.info
vietnamcorner.info
tomch.blip.pl
zielonezacisze.waw.pl
fragantica.info
prka.info
mediascape.info
dreamplan.info
xn--888-lq2e340nu1za.com
k.333456.info
wikion.info
comwettterda.blog.pl
dalniy-vostok.info
3edy.info
southalabama.edu
a-fast.co.uk
nadapenny.com
asese.info
kluuu.pinger.pl
assofthecentury.com
vimfox.info
minneapoliswebdesigners.info
www.bszyxy.cn
nnville.info
mylinkbuldingspot.info
ladyzona.com
femininebeauty.info
evc-cit.info
deliciarum.info
www.0202g.com
www.hungary.embassy.gov.au
taianh.info
leplayers.com
ffuis.edu.ba
pinakes-zografikis.info
aimei.y5y5.info
mega-streaming.info
mmmojemiasto.pl
onelinkdl.info
www.milosny.pl
saifitube.info
freeworldbookmarking.info
onlinerockblues.info
ostrowwlkp.pl
klinikamurano.com.pl
assurances.info
cwlp.210000.org
kimclouford.pinger.pl
www.pvlink.info
13661441917.com
universal.elra.info
smallbusinessphonesystemsz.info
humyai11.info
personalinjurysolutions.info
mooxar.info
medicalbooksonline.info
terrasse-bois.info
laptop-driver.info
shoshin.pl
wordpresstemplates.name
akitacity.info
gpks.prv.pl
www.68uuu.com
oberhaeuser.info
baharden.pl
bernthaler.info
rongshui.gov.cn
georg21.wrzuta.pl
4gm.info
infantdresses.qiji55.info
nano-reef.pl
liaoyang.bgo.cn
www.370kan.com
thzaa.com
kiemtien-online.info
energiedirect.nl
bafree.net
hean.pl
leiy.info
coulink.info
zimple.info
blackfriday2012tabletdeals.info
snwz3.info
unic77.info
carycitizen.com
fineworld.info
mazazik.info
www.anquye4455.com
isolink.info
stealth-jp.com
cheapestwebhostingz.info
3w.18ccc.info
fateqq.com
www.1k1k.cc
radiomaryja.pl
clubpenguincheaters.info
111zy.info
www.astraltrip.net
litomysl.cz
zgjb.210000.org
repararpc.info
prqy.info
dajiji.info
nokero.com
ussmcmorris.org
matrixbusters.info
blog-pinger.com
rankfirst.info
healthcareersinalaska.info
zafy.info
aboutwebhostings.info
kinslover.info
auta-hry.info
cunow.info
iroiro-douga.info
bider.info
dnsbl.info
dodoshiryo-hokkaido.info
icg6.com
www.changtaizunyi.com
mskj.net
best4www.info
canhathuongnhau.info
szklarygorne.pl
worldsoft-help.info
sricool.info
gsxr-freaks.info
tustgainers.info
xys.liruqi.info
asfera.info
visualwall.pl
auctionsdirectory.info
shanu.info
scrdiraq.gov.iq
abcdata.com.pl
amydiamond.info
www.mocuj.pl
forenet.info
yourshoe.info
wmkopeika.info
richardsnow.info
4682.info
server-world.info
soko-zabava.info
dailystyle.info
beatingstress.info
gondormt2.pl
tourismusverzeichnis.info
cement.com.ua
drypa.puk.ro
bankruptcymastery.com
teaeek.info
7ns.info
www.3765pt.com
www.8sxh.com|cwrenren.com|www.yindu66.com|www.1weekmall.com|mostlyblack.com|www.59limi.com|www.bbxp.cn|www.yulezp.com|www.ay303.com|126s1.126slagle.co|www.58kb.com|ptzx.net|www.seonaut.org|www.bjbihua.com|www.03187.com|www.qg-knives.com|pengbos.com|www.0710rcw.com|myhate.pinger.pl|www.lmmw365.net|myxybb.com|free-feet.net|artonpaper.com|www.huli-bearing.com|clbj.k3y3.net|tuan.babaw.com|rxusps.com|gkpp.nfdy.net|www.sothink.cn|www.yaleglobalfd.fudan.edu.cn|vote.e23.cn|sdtzmall.com|hehaitao.66law.cn|hien.hk|9yin-wooniu.com|vjxx.nfdy.net|cys8894856.cn.alibaba.com|www.uggpascherfrbottes.com|www.mimise22.com|www.sjhfs.com|wqmo.nfdy.net|akibahobby.net|pianyi.hk|azumi.blip.pl|buyprovailen.org|www.7sujx.com|cableopticaldigitala.9see.info|ru7u.265link.com|ccjb.nfdy.net|zqqq.265link.com|bullett.puk.ro|whiskandquill.com|www.zhongkangyaoye315.com|ufk2.lizhidy.net|lygsdljx.com|ien.pl|goeda.wop.ro|lazerow.com|www.zjws.com|chat.deviantart.com|thjx.nfdy.net|fx.xlpolo.com|afxfs.com|altervista.org|www.shxbsw.com|www.72cm.cn|www.suvche.cn|www.aikc.net|qav8.com|www.cd8.cc|muft.en.gongchang.com|meiti.bmizg.com|jinghua.cn|www.sdpp.cn|cheapmonclerby.com|www.xunweicn.com|www.400com.cn|www.guanlonsen.com|www.ying30.com|oneco.wop.ro|hlacocqqqn.skynetblogs.be|www.meilishuo2.com|offersbookmarks.com|efbz.nfdy.net|jdlr.nfdy.net|zpmt.nfdy.net|www.caicai20.com|w88n88.com|yftj.cn|naglen.wop.ro|ganyu.tielu.org|deko11.senngoku.net|contemptible.wop.ro|www.yingtutaobao.com|nur.cn|www.zhongguo315.com|ru.m4.cn|edws88.com|www.shopfanhuan.com|www.xshpjy.com|akyw.nfdy.net|dhhu.dk|www.home.wmw.cn|www.96900.com.cn
udugama.info
trady24.de
earnitalia.com
regularbacklink.info
955uc.info
gccitcom.iq
theculinarylife.com
plaisirxxx.info
epidems.info
dirjazz.info
maraq.info
6a1.info
sao123.info
www.hnxxjtj.com
warashibe.info
storiessite.info
newscoobydoogames.info
tarout.info
ohitustie.info
z7l.info
bsqjcy.78.cn
friendslike.info
odensya.info
www.lbqsj.com
i9h.info
de-colombia.info
vidz.info
mytridir.info
newsofandhra.com
reasonstobreathe.tumblr.com
beh3da.tk
maennersachen.info
anbaa.info
scriptmantra.info
getlol.info
inconnaissable.crocky.affligerons.otocepha.bescribble.angefall.wwwwww.wop.ro
autogielda.pl
pythonfinder.info
monai.info
pcpprod.info
istrs.info
gutos.flog.pl
sydneyferries.info
smartbay.pl
ppsama.info
torontokiosk.ca
wynajem.pl
viajesturismo.info
yiyang.13337.info
trtes.jus.br
breast-actives-reviews.info
addresslink.info
www.yinsaose.com
soldessacs2012.info
rujiakuaijie.01588.info
outletsdemoda.info
resumesamples.info
xone1.info
666hh.info
computer-tech.info
paydayloanszs.info
bestabcd.info
jewishnurseryny.info
listbox.com
joblance.info
goodsarticles.info
kuaiw.net
wkdown.info
devisenhandel-forex.info
mivi.cn.ms
ipolecat.com
kidica.com
prow.slaskie.pl
byronic.info
keralaindiavacation.com
jobble.pl
securistul.info
jordangreen.info
jse.gov.cn
igdev.info
canpan.info
kimmyschemy.info
tourisme-alsace.info
jstour.gov.cn
promotion.com.pl
mazury.pl
logiprint.es
isegretidellacasta.blogspot.it
charmfactory.com
accrediteddegreeonlinez.info
desitalkvid.info
yaki-da.se
www.apandim.com
selmanc.info
my-fbapps.info
ddd13-13ddd.info
fitnesstrening.pl
www.xohxoh.biz
les-sports.info
12cioyuncu.info
bber.info
newcisco.info
www.pesticide.com.cn
ipowerpay.com
west-frc.com
creditedonlineschoolsz.info
bathroom-rugs-and-towels.blog.hr
6star.info
tuberosity.wop.ro
liveusb.info
thoisinhvien.info
easybookmarkingservice.info
55jq.com
tur.caucuzn.bee.pl
wenjian.info
www.kizla.cn
game.gozaru.info
maxham.info
c1522.amlong.info
globalwebdirectory.info
ang.keep.pl
visitwesternillinois.info
dvdsoft.info
klaniny.pl
bez-min.pl
sanbatdongsanduan.info
wapnha.info
toishi.info
gsmcenter.pl
bookmarkclauses.info
tppc.info
acidity-pd-ugg.info
prlinkkatalogus.info
ssmatomeantenna.info
sevendays7.info
sexrura.pl
lirik-lagu.info
pro-und-kontra.info
porno17.info
socialboolmarkingaspect.info
freehost.pl
motywator.blip.pl
devi-nurvita.com
banhtrungthucaocap.info
web-directory-australia.info
www.mm522.net
talon.by
getbookmark.info
ciai.info
alks.info
weeklyhealthtips.info
88.txcp.info
anticrizisbux.info
applicantsystemsz.info
i11egal.info
www.25318.cn
beijingkaifang.03111.info
kico.digart.pl
eazymut.pl
kanini.info
kaboom.pl
all4syria.info
hausundheim.net
dy.94.cm
multimediasearch.info
schooldz.info
bkw-fmb.ch
ivdtech.info
kiemtiennhanh.info
zmnwzc.ycsyqn.com
directorymj.info
realhomefuck.com
marvinsally.info
alazhar.gov.eg
sexwo.info
www.bt-a.info
libya-watanona.com
bookmarkingmagnet.info
jfs500.info
kramatorsk.info
www.xuananh.vn
lennar.com
eldersrealestatewas.info
telecom.com.ar
prmn.info
realife.pl
dakini.blog.hr
www.jianzhuhr.cn
o5a.info
ed-big3.info
www.guiyangcc.net
playarena.pl
logocompany.info
biel-bienne.ch
russ-wmr2.info
bohdan.info
migrainescqn.info
59uuu.info
ehabich.info
92xj.info
pwcats.info
pagz.k3y3.net
tmd38.info
bh44444.huijucn.com
shomoo5.com
dimitraki.info
blowjobmovies.info
undereta.henreki.wwwwww.wop.ro
www.csag.net.cn
step2australia.info
articles-free.info
kampeerzaken.info
nami86.deviantart.com
www.m-ac.an
jacquie-et-michel.info
marchingsnaredrumdeals.info
nij.gov
magicsecrets.info
dref.info
freebookmarkarticle.info
apdu.info
skarzysko.info
createeo.com
e-articles.info
prensa.wop.ro
pacmangame.info
lazybone.info
pornomix.info
11.5ax.info
koucai.cn
kenedwardsmedia.com
bookmarkboards.info
video2email.info
aptea.info
salesuk.info
yinci.info
directory-concepts.info
viewcms.info
strikeforce.pl
directorioespana.info
mojar.wop.ro
cit499.info
premiumsafe.info
howsyourpony.com
meetoyen.info
schakal.digart.pl
sdnag.com
puck.blip.pl
oakleyglasses.xhci.com
roxan.pl
torrentsite.pl
ivaza.info
changshashi.kc7.info
bookmarkingbasics.info
xxxkisstv.info
nakrakow.prv.pl
cinepolis.com.co
brigrugbyleague.co.uk
rzdru.info
palmademallorca.es
fuqis.info
oxhdksmysf.mixxt.info
gamblersdir.com
bookmarkingtrack.info
wulisheng.info
financeandinsurance.info
prlistplus.info
sis.waw.pl
m1.16bt.info
hyderabadhometutions.info
dduri.info
forextradingbroker.info
64m.info
qingyuan.house.sina.com.cn
welovenet.com
www.taowoxihuan.com
memphisspeakers.3ia.info
cheapbags.1yl.info
zhizhu18.info
hercegsport.info
north-volbs.info
197.71zs.com
soundnight.info
bestlawn.info
etaow.cc
wwehellinacell2012.info
fdcpl.info
f2.98hy.info
512kbs.info
justclickon.info
adrichmedia.info
azsatforum.info
trading6.info
howtogetanebook.7s4.info
dziwki.toplista.pl
www.keedow.com
amicogatto.org
topwebhostingservicesz.info
globalbookmarkings.info
ritz.edu
iup.ro
tour2010.info
samsunggalaxysmenorp.3vi.info
charlatans.info
66289.info
dgy3.com
battit.puk.ro
www.0539rl.com
socialbookmarkingservicedelicious.info
ba.5aq.info
jizbiceunachoda.cz
sphx.it
mail.1j.pl
989av.info
clipbg.info
eaton-family.info
84n.info
bezplatni.info
pornobooktv.info
www.pb-a.info
runcornrowing.info
ppa.pl
suggestasite.info
phl.upr.edu
8181168.info
wett.info
bo.80cc.info
lombokwisata.com
onspp.info
guest-ranch.info
rosua.info
5ydh.info
udenar.edu.co
lekiznatury.pl
arenagroup.ru
swteam.info
megafitness-shop.info
blitz-school.info
mormans.digart.pl
girri.blip.pl
bosch-do-it.it
onbookmarkyard.info
bestusbharddrive.3qa.info
keaitupian.info
onsuu.info
www.8848wholesale.net
news.2118.com.cn
folkit.info
pk4.info
tea-diet.info
joontz.info
australiansuperannuationb0z.info
obliquions.verdensb.wwwwww.wop.ro
flmail.info
whiterowdy.digart.pl
mybiosis.info
www.techcamp.pl
wright-rejuvenation.com
blast.ncbi.nlm.nih.gov
tixe.blip.pl
emtb.pl
men.gov.pl
ipcl2012.blogspot.com
linknic.info
linksdigital.info
hermes-top.info
cloudirectory.info
se-world.info
newstar-cutie.info
organizedwisdom.com
soolp.info
www.tibia.pl
elblogger.info
tagsocial.info
linkallow.info
hostingwebservicez.info
duno.info
jeux-guerre.info
spacearchive.info
www.falko.pl
www.zqshw.net
narou.dip.jp
www.pj60.cn
gentayangan.info
lasvegassands.com
tourisme-france.info
give1get4-israel.info
38uu97boqvods.info
earning-cash-with-clickbank.info
cpdls.78.cn
ymccolumns.info
bbs.tongling.cn
rq.5ay.info
idfblog.com
pit-28.info
thecreationofwealth44w2.info
gratyzchaty.pl
voprosotvet.info
associatedegreeassociatedegreez.info
projectlancer.info
whatcausesmigrainesy40c.info
noticias.info
zclm.net
ds.dnfa.info
kuzamani.puk.ro
adamprzemyk.pl
kimberliah.com
hehaitao.66law.cn
www.680.com
thinkmarket.info
emailfilteringz.info
monsyndic.info
ssas.pl
www.mhfoto.pl
hpntv.com
lets-sell.info
rfw9.qiwen5.com
linkstag.info
huh.digart.pl
xsosx.info
pf5q.265link.com
socialopia.info
iqid.pl
globalbookmarksite.info
radekdk.wrzuta.pl
noches.pl
gazetamsk.info
airbel.com
propertyinvestmentadvicelcv.info
www.freeport.cz
25sataharddrive7200.7l9.info
yy29.info
se1zui.info
npt-webcast.info
hdfreewallpaper.info
gewinnspiel.info
nerax.org
cloudcomputingservicesz.info
atavis-et-armis.info
amex.4zy.info
dnscname.info
bookmarkmysite.info
ovh.pl
inis.pl
filles-facile.info
drilldevice.info
opticopapillary.puk.ro
gm.szczecin.pl
zespoltelex.pl
afrikiannu.info
businessintelligencez.info
mando.blip.pl
bookmarkdream.info
uahub.info
ryoko.info
tubesex3.info
listofdofollowsocialbookmarkingsites.info
tomopop.com
dianyings.info
dvd.98zzz.info
onlinejobsbd.info
sicherheit.info
bestguitarparts.info
www.dgcabinethandles.com
divxonline.info
bookmarkingbeetle.info
krzysztofmadel.natemat.pl
samuiaccommodation.info
coh-t.info
flinzy.com
cenveo.biz
www.jnrcw.cn
abflusses.puk.ro
pecheur.info
6av.info
soloheaven.info
zzzblue.info
edu.sina.com.cn
anti-cream-wrinkle.info
chat63.com
trafficsolos.info
onlinehome-server.info
animaladvocacy.info
nyscerion.blip.pl
coco9.info
degrees.info
wemenlife.info
www.hornylittledevils.com.au
s.shifugao-av.info
akitapuppiesforsale.info
2biznes.info
cuteboy.info
logpornojizz.info
webtvxxxx.info
rebielcz.pl
bukovel.info
hostedexchangez.info
osprofanos.com
blogusav.info
xscape.info
www.air-mekong.info
chernyspisok.info
growtharticles.info
trlevel.de
www.zxec.com
escame.mg
postarticles.info
easyvn.info
vagyakvilaga.info
prlp.info
beyondthedow.com
topic123.info
homefitnessequipmentreviews.info
ezic.info
alcantaravalley.info
irancloob.net
pzhgp.pl
luno.info
klassika.info
status-zone.info
kavise.info
gym.sheshewang.com
veho.qiwen5.com
modthesims.info
newusedcar.info
jff.info
outerddk.info
sejj8.info
vinothek.info
poweredbypligg.info
freewptemplates.info
www.ailego.com
dayarticles.info
pornobir.info
htccamp.info
www.huoyan.com
websitelistings.info
7eu.info
panasonic-broadcast.eu
greenherb.info
mnpt.info
mynameisnigeria.info
nianqing.info
changchunshi.m69.info
www.xjgqxx.com
huizhou.zufang.sina.com.cn
39168.info
www.sanh8888.com
ramonbs.hyves.nl
skoeder-ko-dk.info
cinemagia.ucoz.ro
polchat.pl
electric-cigarettes-shop.info
shop71986967.taobao.com
www.9aiwai.com
liny.info
binsearch.info
5ye3.info
nnneversleeps.info
zarabotatmln.info
ebookgratis.info
lovehomegrowgarden.info
paginaswebgranada.info
holesterin.info
werde-unsterblich.info
avzcy.info
amarillasinternet.info
software-indo.com
www.cztkw88.com
klanslonko.mky.pl
clung.info
www.perevozkilux.ru
findimagehost.info
keiyaku.info
foramateurs.info
3si.info
wp.flog.pl
wizazonline.pl
whattodo.info
3g.ms
fajne.info
lerondoudou.info
revistafuturos.info
spicaneal.com
wenzhoushi.kc7.info
rockmetal.pl
quatangtinhyeu.info
sanasa.info
leneczek.flog.pl
www.pp597.co
jeden-tag-reicher.info
023nk.com
bluraydiscbd.26z.info
acc.digart.pl
www.axing.org
fortepeople.info
o53.info
365ip.info
penpalsoftheworld.org
3uspatenthojo.info
www.tonoyang.com
xl-rank.com
wedding-channels.info
usbmicrousbadapter.3ia.info
sweetday.info
www.ptymy.com
ben.edu
websiteaccountant.com
antabus.puk.ro
rose03.digart.pl
njgufmwj.blog.mongenie.com
elitehomemakers.com
bmwtreffen.info
droparticles.info
lindashopreview.com
industriallabeler.4zc.info
tardives.wop.ro
webatou.info
www.uuu90.com
i-learner.com.hk
southscan.info
sonyvegas.info
bookmarkeditorials.info
futondani.tanoshimu10.info
aurl.blip.pl
www.ymyo.info
seoplink-nxtlevel.info
www.cacuoc-bongda.info
yys.qihaa.info
54l2.265link.com
akcjacredo.pl
postcardpowermarketing.info
investbookmark.info
quosideo.pl
www.29058177.com
afiliadosdeelite.info
e-burg.info
pokerway.info
paski.org.pl
grupoarmados.info
livingwithmigraine.info
bloggacon.info
eliton.info
conk.info
piciuu91.wrzuta.pl
gangbangtube.info
joomlatemplates.info
rswhomesforsale.com
true-religion-outlets-2012.info
alexdimaphoto.info
caojinchunv.info
hkorz.info
un-ecobuilding.info
box3.info
drugaddictions.info
haiguan.info
hatushikiki.info
thietbicongnghiep.info
hvf3.265link.com
freeusabookmarking.info
www.adre.pl
kwve.com
hp0.info
www.kjk88.com
bidify-bidsson.info
internet-business-startup.info
tarjetasplasticaspvc.info
randale.info
socialbookmarkeasy.info
cylv.nfdy.net15.com|www.slhi.cn|gorillabaseball.com|majik.wop.ro|vxrc.nfdy.net|www.126jk.org|www.school.sh.cn|badatsports.com|dyda81.deviantart.com|www.qg-knives.com|www.chnbook.org|collectnike.com|adminunion.com|tupy.k3y3.net|www.xshpjy.com|myuoo.com|owqb.nfdy.net|hram.nfdy.net|www.cqwx120.com|youxi.com|uwmrhwjk.freeblog.hu|jrtyn.com|elve.nfdy.net|bbs.php.net.cn|cup8848.com|gurani.wop.ro|rincalzata.wop.ro|jwdj.nfdy.net|fwym.nfdy.net|lulw.nfdy.net|brisfebethci.blog.free.fr|1beautifulthai.a-livesexasian.com|jajao.wop.ro|canada-goose-victoria.frnewsby.com|shirky.wop.ro|3g.204.at|josses.wop.ro|lehner.wop.ro|riqe.nfdy.net|www.339.la|finelinepits.com|renew-ability.com|e379.net|mnzq.nfdy.net|sh.58.com|www.jingzhanshuang.com|abha.wop.ro|huica.tk|gybjgs.com|bqxi.265link.com|rusteloosheid.wop.ro|www.s971.com|go2link.info|canada-goose-parka.frnewsby.com|hbdssc.com|www.mygtl.cn|www.3tqq.cn|keezmovies.com|byye.nfdy.net|ecsg.nfdy.net|www.heyecn.com|www.baimao.com|supercheapstores.com|game1.vsa.com.cn|www.zzzyk.com|cuet.nfdy.net|www.i-hr.hu|www.zifandiaosu.com|9ik.cc|www.lingki.com|www.hkfphsgs.com|radabg.com|www.twspg.com|tituporep.outilblog.com|plance.wop.ro|setools.cn|lu.xiaoyoyo.com|jenta.wop.ro|dvcd888.com|ginkgo.wop.ro
chotot.info
e-line.nu
weird-websites.info
sagacity.halliblash.corrigio.tiratiros.bewegliche.screenwi.wwwwww.wop.ro
samochut.wrzuta.pl
hcdukla.cz
www.xianseor.com
hardwarebook.info
sewalkman.pl
larrystack.info
nsfcd.com
xiaort.info
partyserviceberlin.info
chunseju.info
filmfire.info
milichiidae.info
goodplanet.info
dorkroom.info
qq-128.info
beurettehd.info
wap.mlxc.cn
jandoqualityhair.com
mp3rockprogressive.info
prtz.info
wikiutil.info
givearticles.info
kabelhdmidvi.20j.info
letgetmorefollowers.info
bestwebemailservicez.info
joomla.pl
bachelordegreeprogramonlinez.info
maskr.info
www.matureway.com
monsterarticles.info
socatots.pl
rosvesty.ru
juggex.com
marty6.digart.pl
theotherside.info
iphone4home.info
odnnoklaasniki.info
966sex.info
4lt.info
gazouillis-songbird.info
aakk.com.cn
xixihuafu.com
www.chs.net.pl
losangeles.co
www.deon.pl
48cf.com
minangkabautourism.info
logo-style.info
girona-design.info
www.420dj.com
banktransferlimitz.info
3c6.info
danielsoper.com
emhana8.kz
porad.cz
6918.info
www.pidai68.com
www.123jxdp.com
lexus.com.au
jintanhuayuan.soufun.com
pornharms.com
jqueryplugins.info
mio-treo.info
anonymoussite.info
verycreative.info
packandplaycrib.juxing55.info
www.acfe.pl
ascplose.info
scootenacfon.blogger.hu
nakhodka.info
rtys.com
newyorkdirectoryonline.info
festiwale.info
dentistalbuquerque.info
hermetic.com
commercialphotographydirectory.info
fighers.info
canadianforextradingz.info
azindex.info
smbu.blip.pl
digital24.pl
www.bjcomic.net
hanak-nabytek.cz
xepcoh.info
4399ddt.info
myseoguru.info
zoloftlawsuitz.info
abidjantic.info
www.cpa365.cn
gestiondecalidad.info
www.ds996.net
e-posnet.com.uy
denwabango.info
topentry.info
websiteaccountant.be
speedydirectory.info
sipeliculas.co
dante.flog.pl
slwek93.wrzuta.pl
frontex.antira.info
mrs2be.info
ys.222ii.info
nbrm.mk
ste.eso9.cz
dwiattorneyz.info
www.parot.fbl.pl
chinafoods.info
123hitlinks.info
mymaxlinks.info
optionsbravo.com
guineeconakry.info
artwales.biz
realpagerank.info
mamantravaille.fr
bookmarkingerror.info
tvv-battles.com
createbookmarks.info
www.zzsdygs.com
www.pd.sd.cn
obuwienahaluksy.pl
homes-for-sale-by-owner.info
biopole.info
lightweight.info
svw.info
muxx.info
emailblastz.info
shuugiin.info
opendir.info
freeebookreader.foodcosmeticshealth.com
watchesinmovies.info
wowdirectory.info
estateonline.info
dofollowmarkzoom.info
36vids.tv
braain.pl
trickphotography.info
www.yimeiwang.org
monsterout.info
angol.info
alternative-energy-news.info
mileysweetz.pinger.pl
xxxkiss69.info
crazymaker.info
arturhirth.pl
nilab.info
hartl.info
theroseandcrown.info
lmxm.78.cn
adidas--shop.info
cityfarmer.info
loss-grief.info
linkdrive.info
serialnod32.info
dlaopornych.info
jovonk.info
wangbaochinese.com
qvod10.info
eminemplz.deviantart.com
dorey.wop.ro
nike-air-force.info
boxic.info
www.8090logo.com
newgetlink.info
us-link-directory.info
gry.polter.pl
avav.info
shangshanggongguan.soufun.com
tutrend.com
szum.digart.pl
zvornik-online.com
6vii.qiwen5.com
mar2.pl
bulipirat-bulipirat.blogspot.com
etransporter.info
personalinjurylawz.info
vegfacile.info
reservelinks.info
kita-colle.com
mmka.pl
aktuelles.info
bankwetten.puk.ro
hkforum.info
aclockworkorangefullmovie.blogspot.in
pembetube.info
electriccigarette.info
firebrand.info
letsmakemoneyonlinetoday.info
cheerall.com
smallestdvcamera.20j.info
j-info.info
housebuildingsinsurancez.info
www.fireworkschina.cn
www.acer.pl
asklinks.info
asva.info
linkrock.info
citizenkanefullmovie.blogspot.de
www.yydh99.com
itxsk.com
sportshouse.info
instantautoinsurancez.info
bingarticles.info
voorstemt.wop.ro
tundaowata.info
rvl.info
x77.bz
offpay.wop.ro
microscopical.tash.hypersensuous.deliriant.wwwwww.wop.ro
dovolenkakreta.info
haker.com.pl
businessemailz.info
5506.wapbm.me
lovedear.info
www.zzxqjy.com
czasnachill.pl
www.seqiao.com
hilink.info
parental.software.informer.com
legalstudiesdegrees.info
avtodrug.info
sourcedirectory.info
freearticles101.info
techdox.info
uh5.1bjp0h.com
tubexxxhot.info
nisiek.flog.pl
saudistartups.info
agrarnet.info
buygougou.com
chinanetedu.info
addalo.info
lightcms.com
lokipibuxus.info
nesttag.info
enakievets.info
prorg.info
lymesdisease.info
adflybot.info
maytman.digart.pl
investinginbondsvz3.info
gbki.nfdy.net
wordwithfriendscheat.info
datingandsingle.com
nordify.com
310ink.digart.pl
www.aqsjs.com
howtogetfreesatellit.4vw.info
magenhyta.eblog.pl
timmynaija.cn
69park.info
humyai16.info
toenailfungustreatmentfaster.info
www.899link.com
vww.887e.info
myhomehealthandgarden.info
www.incoreservice.pl
cb12.info
indepthnews.info
smallcommercialloansz.info
gor-online-rollenspiel.info
microcodes.info
www.gavny.com
lowinterestpaydayloanscg.info
3mints.info
reklamujzarabiaj.pl
socialentry.info
toursmachupicchucusco.com
castigabanionline.info
nozkaswintuszka.digart.pl
cenq.com
arhrock.info
colocationhostingz.info
carrufo.it
daikuan012.info
greenlan.pl
btplive.com
lesbfucks.info
ez-websites.net
www.aldyjg.com
istanbulisrehberi.info
dicolsf.info
www.youy8.com
schorzenia.info
commerce-ville.info
streetstofashion.info
germancraft.net
hoangmanhhiep.info
ww.0411114.com
123.yinxi.net
makelink.info
alexsdbzrpg.info
tullamore.info
www.7687.info
temari407.wrzuta.pl
sutenm.info
okiloveyou.info
pietroburgo.it
bookmakermirrorsite.info
extasiie.wop.ro
pornhd69.info
serverspamprotect.info
ps3-fan.net
www.51lihunlaw.com
modz.blip.pl
kblldy.info
okayu.coresv.net
eu-football.info
qq111.info
www.dsl-chem.com
www.ncqiche.com
lunliqvod.info
fusionhq.info
glas-srba.info
linkgyujtemenyes.info
8du.info
pop-u-lar.com
chaynikam.info
athleticslog.com
home-based-business-ideas.info
articlespy.com
depdagri.go.id
18061.info
wrinklesundereyes6ee.info
nanjing.xinl.net
www.chn60.com
organono.puk.ro
turante.digart.pl
niqu.blip.pl
www.hrs22.com
www.ahls.gov.cn
interflora.it
xasie.info
suzukiclub4x4.com.ar
jaiphodemo.info
lzdq.7190.cc
www.oklejamy.com.pl
livefilm.info
4nr.info
banditcraft.info
ddr2pcmemory.7ic.info
wheyproteine.info
rkdms.com
viuff.info
qec.edu.sa
webhostadvice.info
g6m.in
mylinkdir.info
webmarketingtips-4u.info
workinjuriesz.info
mybestbookmarking.info
www.xxx661.com
christianbautista.info
adulatio.puk.ro
www.niagarach.katowice.pl
worldwide-bookmark.info
kostenlosedeutscheporno.info
infernus.digart.pl
farahdiba.info
dcgolf.info
djoles.pl
www.gbuybag.com
6699fa.cn
p97.info
getusb.info
sisco.info
scheduleonce.info
topfx.pl
rujialiansuo.01666.info
bluntgang.info
legaulois.info
flowerhome.info
6t5.info
www.modele.oh.pl
atlanticmedia.info
club-saludable.info
linkcat.info
e-direct.info
gdzddq.cn.gtobal.com
3bk.info
hy1158.com
yyggss.com
tubewinner.info
gelezki.info
lifechoice.biz
cdurable.info
usr.sicilia.it
stephemeris.info
humyai58.info
mackozer.pl
vsetkani.info
1689.100hg.com
www.bjmeishunbao.com
chungcuvn.info
www.randi.sk
earthseobookmarks.info
stalowemiasto.pl
unisoft.com.pl
loubebert.info
uni-blog.info
mediatv.info
salonsante.info
makeup-artist-nj.com
wiichat.com
clipxxxhd.info
bookmarkicononline.info
progenerations.com
mshaa3l.com
gregbabula.info
virgiliamo.it
pferdewasser.info
blutzuckertagebuch.info
maszrum.pinger.pl
dmzwarez.info
6767.info
rdv-medecin.ma
knoji.info
buy-adwords-vouchers.info
renault-twizy.info
1414.info
hkcww.org
tutoncana.puk.ro
humh.nfdy.net
everywhere-socialbookmarking.info
coursework.info
besthometheatersubwo.20j.info
dxszgz.78.cn
punlun4436.huijucn.com
tdm.rednetmedia.pl
loyola.edu.bo
abwebdir.info
mmrt.info
incestsexcomics.com
notoopisooowoo.pinger.pl
logopedics.info
photohowto.info
powstanie.pl
bestmaleenhancement.info
www.optionstocktrading.com.au
pecherz.pl
allaboutmusic.info
www.400288.com
proeiur.ns02.info
baixarfilmestorrents.info
estar.cc
imageneschistosas.info
askhomedesign.info
palyazat24.info
agaxnieszka.digart.pl
smotri-online.info
5ec.info
keyunji.com
www.szs44.com
bb-roma.info
yf1a.265link.com
twenga.pl
mail.safea.gov.cn
rsvp4lifedatingservices.info
bibiyou.info
linkbuilding2website.info
seoarticlewritingservice.info
5e1.info
rudzik.prv.pl
holden80.digart.pl
messaad.info
instantapprovalcreditcardz.info
planetquake.pl
www.bi54.com
cyberwarez.info
kognet.de
migrainesinchildrenfcu1.info
mohe-casm.edu.eg
die-hard-full-movie.blogspot.dk
eurofinance.com.pl
onsoku.info
neopak.pl
donnons.info
wewomen.info
www.8744788.com
legendof.info
tgfxj.com
kai-fist.pl
free-dom.info
33eeedh.info
anli163.info
wbc.blip.pl
keywordrankingchecker.info
my-garden-hose.com
boilies.info
greatproviders.info
companymovingnewyork.info
labnay.puk.ro
wlgforever.info
minibulles.info
humyai21.info
b88ridge.info
wondercom.info
addurldir.info
seditvicoba.or.tz
tamayura.info
hensa-chi.info
crazed.puk.ro
whoami.xfree.hu
kloss.pl
vipgrup.info
tiao100.info
afterarticles.info
onlinewatchvideo.info
kg9.info
kamery-internetowe.pl
www.678qsw.com
www.xjxy.net
www.reezbrand.org
axiba.info
zy.wgdnf.info
7bo.info
www.news365.com.cn
fxlider.com
wap0088.com
dvdprojectorsforoutd.4vw.info
axob.210000.org
frascha.puk.ro
eurocamps.info
virologi.info
pryu.info
www.zzist.net
hockey-news.info
tokyotosho.info
bestinternethostingz.info
intolaw.com
mp3dainos.info
nomosaic.info
www.on00.net
col3negshiran.info
zfjmw.78.cn
iiuchi.info
www.321ys.com
sepaxbola.info
cameroon-tribune.cm
midea.sx.cn
uslinkdirs.info
beko.com.pl
rtpserver02.info
gg.semm44.info
pertapan.info
vip49.tk
fortunehide.info
amitriptyline.info
f1re.info
degracaemaisgostoso.info
happybookmarking.info
auto.luan.co
chaosmode.info
landstakes.com
piercingonbody.info
lib.njau.edu.cn
nswap.info
20lx.com
dttv.info
artfans.info
berghof.dk
hard-link.info
masakratory.pl
kivii.deviantart.com
newstar-daniele.info
fla.pl
aitr.info
mytwitterdirectory.com
offerte-sconti.info
myphpdugg.info
latigoserrano.com
nvxin.info
gzlf168.com
t0h.info
buxfobia.info
5af.info
san.edu.pl
zahipedia.info
2gel.qiwen5.com
mensresourceblog.com
marktocheck.info
sfgame.com.pt
www.syneer.com
medvuz.info
heartart.pl
t.365ye.info
mo-bilet.info
honban.wop.ro
lovesove.pl
babol.pl
wonderkingfinale.info
krosno.pl
rynok.info
japan-schools.info
hydragp.info
vdolg.info
weide.wop.ro
aleesoft.com
implesite.pl
ehak24.pl
www.iso.gd
riqualificazioneenergetica.info
zydek.prv.pl
notiziefresche.info
updatestatus.info
physicianbillingsoftwarez.info
index.ht
nihao.cn
pc-spektrum.ch
bookmarkr.de
tina-dani.hyves.nl
21f.info
diamondirectory.info
btf2.265link.com
mobileyellowpages.info
xiyangyangyuhuitailang.3199.cn
www.twalender.ch
2mille1.info
www.7723.cn
sloff.digart.pl
specanest.za.pl
statracker.info
checkonlinecasinoreviews.com
allesevolution.wordpress.com
bestemailservicesz.info
hellokitty89.digart.pl
dou-po-cang-qiong.info
1pcmarket.info
cuahoanmy.vn
mingteng.com
www.belmer.nl
www.nieckowiak.pl
blauwbek.puk.ro
mynewarticlestores.info
beseoexpert.info
shlf.info
anucde.info
howtobewell.info
socialbookmark.info
haskovo.info
zjr.net.cn
pro-fx.info
zonacero.info
networkgate.info
at9n.qiwen5.com
out-and-about-with-your-dog.com
appleseed.at
lscgm-star.info
steinhuder-meer-region.info
wowbookmarking.info
topgoogle.info
6312370027.phone.searchwww.com
inhock.info
topvpswebhosting.info
bigomix.info
pro-pr550n21r.info
www.appartement-berlin.info
www.jzsc588.com
puplegnica.pl
livrosgratis.com.br
cieha.digart.pl
gries-deco-company.com
design-notes.info
hunter2.software.informer.com
social-bookmarking-service.info
schoolsforbillingandcodingz.info
www.yinfan.net
fullmoon.info
vastars.info
feuerwehr-schaan.li
m-cat.jp
peachtreeaudio.com
carfastmx.com
milashka.info
nuevosgadgets.info
marraas.flog.pl
namebookmarks.info
maboss.info
18hhh.av78.info
sunaryohadi.info
vppi.265link.com
themegalist.info
handy-flatrates.info
prnp.info
hostingprovidersz.info
tttxxxtttt.flog.pl
flog.cat
snoopy2.software.informer.com
aliev.info
sitetiffany.info
skylights.pl
thegeneraldirectory.info
rencaigongyu.soufun.com
xbxk.nfdy.net
www.hnjixie.com
parp.gov.pl
investmentpropertymortgagej9ku.info
neetsha.info
bunt202.digart.pl
navygouge.com
020.net
dv789.com
nv.pl
sa8.info
outlet4usale.info
usawebdirectory.info
www.5173keji.net
econostrum.info
thetranny.info
thichphim.info
businessaccountingsoftwarez.info
businessphonelinez.info
fetishi-sm.com
pozycjonujesz.com.pl
y4d.info
netbizpromo.info
fairbankscenter.org
www.53k.com.cn
www.5sta-mall.net
satelitehdtv.4vw.info
brandarticles.info
myteenoasis.com
italienische-woche.info
madamejanette.info
ewebarea.info
www.oncake.net
miniforextradingz.info
fobox.ru
metazori.com
www.intel.pl
total-recall-full-movie-online.blogspot.dk
machine.21food.cn
domainhostingservicesz.info
selao.in
rweibull.se
kintuu.wop.ro
toplista.i-rpg.pl
se.567qsw.com
socialbookmarkingsubmitter.info
aktywnisingle.pl
www.belstaff-outlets.co.uk
pingbozhuye.info
e-affacturage.fr
taize.fr
askalo.info
kids-hits.info
bestorg.info
bleachglobal.com
www.ine.cl
www.4-6.com.cn
slym.info
jugendschach.com
korrdon.info
downforwhatever.info
kaulonline.com
otviets-emeil.info
tvp.info
acessototal.info
science.edu
rm4d.265link.com
healthandwellnessconcepts.info
baixarmusicas.info
huagangyan.info
mediatv.ne.jp
komunikaty.pl
imperialwebdirectory.info
cazad.info
7s6.info
2m7.info
darlingn.puk.ro
twittaku.info
allemeble.pl
earncashwithbusinessebook.info
dancingnetwork.info
multitrader.com.br
eska.pl
filippid.wop.ro
uscgaux.info
flyingmouth.com
lawfirmmarketingz.info
www.powiat.tatry.pl
egossiplanka.info
coolinkdirectory.info
investinginsilvernyk.info
great-guitar-deals.info
techytalk.info
albri.info
www.podaga.pl
qanungoh.info
bachecabakeca.com
make-money-on-the-internet.co
gustavodost.info
drwcy.info
iam18.info
down.ali213.net
iranwebshop.info
winalitela.com
sfa.net.pl
fastteks.com
turbo-proxy.info
kitchenstories.info
financebusinessesz.info
brothersofthesouth.pl
exportbookmarks.info
insurancecommercialsz.info
receptite.info
mynewrl.info
expressadne.info
richardbowdery.info
ld6.info
yagnob.wop.ro
zsllvceyzqq.blogtrue.com
htcub.info
sexlovesex.info
anziyue.taobao.com
online-vergleich-versicherung.de
nsoidyd.myftp.biz
kazuja.digart.pl
owcl.info
linkant.info
dse.fizber.info