thatrentalsite.com
www.liudu.org
aprettylifeinthesuburbs.com
justynka.blip.pl
roadrecord.co.uk
juancong.com
literallyinspired.com
ecgorzow.pl
www.weblaptar.hu
numero-tva.info
toopmarket.net
coinombrab.freeforums.org
xixihuafu.com
www.sweets.ro
guihuaxiang.com
yougedi.net
mobilniej.com.pl
www.365zhaosheng.com
www.arcub.ro
www.baodaolvyou.com
www.bbsx5.com
www.hamayou.net
foroactivo.info
www.jyhi.net
www.mcb.tw
jameshughes.info
www.yinxing.name
yamdas.org
youropinion.gov.sy
ezlms.com
ys.222ii.info
yyymm.com
anbound.info
pics100.net
bbs.lcxw.cn
bbs.myboogle.net
curepsoriasisv.com
czasopism.pl
da.com
vidyapatha.in
desmondes.com
di4se2.com
dilfolicious.com
elitetravelconcierge.com
elportal.pl
elweb.cz
emacswiki.org
empiresmarketing.com
emsdata.net
emwoufjmj.skynetblogs.be
eomt.210000.org
ewuska497.wrzuta.pl
existe.wop.ro
expedi.pl
familiadillon.com
www.chilla.nl
zeefde.wop.ro
flikk.wop.ro
flyer-miles.com
fnvwznlvrbn.blogtrue.com
foobarbox.info
foodstoq.com
foreversa.co.za
foz5.56dvd.net
fqsm.nfdy.net
fuckmytoons.net
fuelthemind.com
germancraft.net
studiopodrozy.pl
gpro.cz
gree.lap.hu
haber.soup.io
agoda.web.id
baotao.com
uaua.nfdy.net
al-sakr.com
bbs.revefrance.com
bloedkleurige.puk.ro
av523.info
malsains.wop.ro
sebooks.info
meadowridge.com
supersaas.de
alterpismo.pl
webmasters-fernakademie.de
www.111zy.info
www.taihuachina.com
radusiralu.ro
puranpu.com
handynotes.ru
haizaolhj.1168.tv
club21.org
banyanbranch.com
norcom.com.pl
e-anfini.co.jp
hosakan.puk.ro
qnpv.265link.com
boursa.info
bookmarksearch.info
hutaobao.tk
ccftn.com
gutkov.wrzuta.pl
lluq.info
www.blhsm.com
brandsonfacebook.de
zanmai.info
moduswort.puk.ro
bayridgevolvo.com
haiton.wop.ro
computerworld.pl
housebbs.info
dejwid.pl
vivo.wop.ro
adbi.org