zanmai.info
da.com
housebbs.info
exceltanar.hu
www.shcw9.com
haizaolhj.1168.tv
coatingsquare.com
shq.lasdnews.net
ccftn.com
ganretus.puk.ro
www.wmzos.pl
itclms.ir
www.81jiaoqi.com
deathknight.info
601448.com
www.salmed.pl
sugar-art.jp
jpnvren.info
spk-stanok.ru
vichyconsult.es
www.1stekeuze.nl
www.2ap.pl
www.33ldh3.com
www.4233.info
www.500hc.com
www.55aise.com
www.animonda.de
www.bors.hu
www.gazx.gov.cn
www.hrc.gov.cn
www.huangye99.com
www.kow.nl
www.nj02.4f9.org
www.pnek.org
www.rimei1.us
www.roon.ro
www.shaidog.com
www.varlak.hu
ihower.tw
www.vdolady.com
www.webmd.hu
www.y532.com
www.yiyuetian.com
www.ywzb.cn
www.zhibo8.cc
yutoo.info
zabawkopolis.pl
zalgiris-vilnius.lt
zamotka.pl
allevatoricinofili.it
awebdirectory.info
bathroomshoppingclub.com
bavant.puk.ro
bbs.5200tv.com
bbs.wuhu.cc
bc608.com
beant.puk.ro
bedavaradyodinle.com
beijing.tigercity.net
benyt.puk.ro
betpicksapuestas.com
bg-sait.eu
canada-goose-trillium-parka.frnewsby.com
castellanza.va.it
cbclansing.org
cccar.com.cn
cebado.wop.ro
cement.com.ua
centli.com
centrumdrewniane.pl
chat.parlaq.net
chnav.com
chunseju.info
cimladonland.ru
cinepolis.com.co
cleancutmedia.com
codeco.pl
codelab.ru
colombiadominios.com
combusto.wop.ro
dasheng5.dginfo.com
debianusers.pl
dekersonline.nl
dekkan.flog.pl
delur.tv
directorygate.info
dirslot.info
dismist.puk.ro
dksoft.com.vn
doab.wop.ro
dvdprojectorsforoutd.4vw.info
mygk.nfdy.net
dynn.net
dysse.puk.ro
dziecka.pl
e-bolt.info
e-cyfrowe.pl
e-magin.se
educationh.com
eduweb.de
eehj.210000.org
essexmax.co.uk
etiscan.de
etoro.puk.ro
eugeneserviceparts.com
eutekne.info
evans.co.uk
evropskaspolecnostaab.cz
fastwealth.info
feestwinkel-delfzijl.istats.nl
feirasdobrasil.com.br
femjoyangels.com
fennek.no
festabox.com.br
fightplay.tv
fortunita.info
forum24.se
freemaine.org
freeonlinedir.org
freeunderwear.info
fruitmedia.de
gamershelper.com
gamesandcasino.com
gamespedia.de
gamezet.ru
goatse.info
goinfre.wop.ro
goldilocks.com.ph
gsky-link.cn
gubenlzb27f.1168.tv
guia-londres.com
gurushosting.com
gustaffik.digart.pl
guuhatsu.wop.ro
futureclub.us
gwrrakyv.org
emarket.gr
hebinzhicheng.com
19qq.co
malivot.info
ombord.wop.ro
www.ifaw.org.cn
www.kanmen8.com
www.pres-aix-marseille.fr
intimdialog.com
synlighet.no
www.239300.org
www.cnbeta.com
www.kole.cc
www.nantong.biz
okazyjni.pl
aspnethostingz.info
publishing-expo.co.uk
multipasaz.pl
dl.kuaiwan.com
68ee.info
x58.peps.jp
bitefight.pl
iguuana.polki.pl
01navi.info
saulbgroen.nl
automapa.pl
www.chnthu.com
network-karriere.com
chasinglilly.net
www.chunvdy1.com
tamilamazing.com
polsasa.xfree.hu
cantara.pl
muzzo.pl
babamama.info
firanytkaniny.pl
www.10086la.com
hupan.net
diarihati.com
www.smmail.cn
www.77qe.com
bkrs.info
xixichengyuan.com
mojevijesti.ba
amann-x.hyves.nl