www.hnpr.cn
simonized.puk.ro
www.yemense.com
triculi.com
mw3wiki.com
www.ajzpw.com
www.zhongbiaotuan.com
www.sdsj.tk
www.18ladys.com
panek007.fecsegj.hu
doreallywell.com
fotoalquiler.com
www.ribenb.com
outertech.com
www.bet5880.com
outducks.org
fangke.cc
moquear.puk.ro
www.sixok.com
0s8x.56dvd.net
www.51wzdr.com
www.qqq32.com
alsagerchessclub.co.uk
www.wwmm.biz
www.henhencao.com
www.tengzhou0632.com
www.10zxiu.net
pagerank.name
s-lines.net
www.3dycw.net
fredscloud.info
www.sdzlcl.com
naresyon.puk.ro
www.degy.hu
www.win2day.at
www.ekszerkozpont.hu
seopond.us
www.niko100.com
www.qybj100.com
www.linkk.hu
www.emkefoto.hu
www.jjrtvu.com
eirovizija.lv
univ-lyon1.fr
www.51totaozhai.com
www.shrtfj.com
wap.tudou.com
caodaniang.com
disclaims.wop.ro
nm.bnet.cn
se.77szs.com
www.qsf888.net
www.bjhdr.com
web.9158.com
www.hlmiaomu.com
sidewinder.puk.ro
www.generali.hu
www.hiwpx.com
cubeworld.co
www.zzdzd.com
www.73kx.com
www.bjb021.com
www.gaogaose1.com
manafu.ro
bopor.com
mitwisse.puk.ro
shstlw.info
walth.puk.ro
www.rf.hk
www.96g.com
mitsubishifm.com.br
seotest.cz
flacmp3.net
virtualisoktatas.hu
cd.jiwu.com
ggjz.nfdy.net
liwepu.bloguez.com
www.9aixuexi.com
surtaxant.puk.ro
www.actic.be
www.mmggh.com
www.ebay.fr
carvica.com.ve
ishinoke.puk.ro
www.lianshikeji.com
trugame.ru
medaplus.org
www.168168s.com
www.kuail.net
chemnode.com
lagatka.pl
soccer.geo.jp
jix2.nfdy.net
www.dayiliao.com
www.hao1234.org
orthophe.puk.ro
www.wjjqj.com
hupan.net
justamente.net
szedmakintarzia.hupont.hu
www.ncqiche.com
www.unicycle.se
www.yanxiw.net
www.0578zd.com
arls.org
www.kk3j.com
www.njlhzz.cn
www.tophoer.nl
www.room3.at
mates.sk
www.semp4.info
852852.com
textapint.com
www.xfqvod.com
pdg.ru
flj.9998.tv
www.jkbaojie.com
www.yigeying.com
www.yumingcheng.cc
www.kghbjx.com
hecmsaver.pro
yyydy.info
videosexhd.pl
www.uxx.cc
www.wfsongfeng.com
suspendiere.puk.ro
jxqqr.com
dreinschlagende.puk.ro
www.2018book.com
www.tiaozhanshouru.com
www-solar.net
adtob.ro
www.cz768.com
thecqi.org
0415.rczpw.net
zaqo.us
hrstandard.pl
www.ymjju.com
www.33dvd.com
www.jiaochuang.info
gaoxiao.hao957.com
www.haixiashuguo.com
www.hongjiu365.com
top.xbiao.com
hecmreversemortgage.pro
stegel.puk.ro
www.lkcisen.com
www.029xianfp8.com
dehg.k3y3.net
www.taoleyuan88.com
www.69tz.com
www.cqsldk.com
www.stat.tj
geekspeakradio.us
www.96mmm.com
www.plogim.fnp.pl
www.369jj.com
janequeo.puk.ro
zmarsa.pl
ministrona.pl
jmzm.nfdy.net
pataleta.puk.ro
blacknproud.de
cegvarazslo.hu
ahcyty.com
www.wjloo.com
jarx.pinger.pl
www.renticcc.com
wapxdw.com
www.hzbuye.com
www.4090dy.com
www.frgrg4rtt4.com
www.99bill1.com
www.wcjbb.com
aillent.puk.ro
www.brendon.hu
www.tpaf.org
blog.xufafa.net
www.jagbani.in
willyer.puk.ro
lw.sdinfo.net
defricat.puk.ro
jordan6969.pinger.pl
www.queeobao.com
uvqi.com
cugj.com
4numchurch.org
klavs.puk.ro
www.apdiguo.com
yjszs.njmu.edu.cn
isee.sina.net
www.deluxe.ru
fnvt.k3y3.net
www.dyhlw.cc
www.quxf.com
www.tdpump.net
www.szqlxyy.com
www.knedy.com
raidcraft.co.uk
skvg.56dvd.net
www.yitdel.com
www.jcow.net
mariathorlund.se
www.yjqedu.com
51zixue.com
tele-program.pl
raijoush.puk.ro
sichuan.jingjia.org
indiahosting.org
www.xiaobenxiong.net
speedy.sh
49zl.org
44990.com
www.jlsjj.gov.cn
ranchosdetaos.puk.ro
crumbs.org
www.tvoclan.de
daogou.1688.com
6gsu.265link.com
kv88.cc
blajo.blip.pl
www.maqiong.com
www.wys.net
scusavan.puk.ro
www.kangbao.in
www.mgscl123.com
dao.taodat.com
www.weiweidy.com
prpt.info
police7.go.th
wap6c.com
academicwritingtips.org
www.bjhdgf.com
arciacropolis.it
www.tianmao968.com
win7dll.info
www.nikeadidas2012.com
infotech.ma
www.11szs.com
cd.mayi.com
www.302s.com
twansanet.com
www.6gfm.com
mmodelisi.com
www.ifg.org
yangshuku.com
tiberclan.webs.com
vorgekauten.puk.ro
www.0595zh.com
www.akurat.pl
www.76ssss.com
www.filigrav.de
shtion.info
028luya.com
www.creatpro.fr
www.xs111.com
www.bjjg.net
www.adh.cn
www.meinniizz.com
www.yilelady.com
www.zhuanmi.org
radyodinle.info
www.cldh2.com
veldwerk.puk.ro
maplecre.puk.ro
www.meimeichina.com
outbuildings.org
www.258yb.com
soysparta.com
www.btrulyu.com
generaldeliveryaz.com
www.muzykomachia.pl
hnjinwang.9998.tv
freitraum.org
bhqa.265link.com
aaronw.me
www.611zy.com
www.xgrcw.net
www.qq356.com
taofucn.com
wap38.com
569q.com
www.sjhuayi.com
benten10oyunlari.com
jsj.csx.cn
nomase.puk.ro
www.dbzwm.com
hello-mail.info
www.xnybcn.com
www.bjghhnt.com
webface.lt
uni-sb.de
www.nilarubia.com
www.ps4.ro
www.sscq668.com
www.rising.cn
dasheng6.dginfo.com
www.szchong.com
www.hlhly.com
viborg-esport.dk
seleznev.puk.ro
rickwhite.org
www.fpzzz.com
www.tmctv.ro
www.leiju365.com
cheetah3d.com
netlinks24.de
www.888sunjinping.com
www.hudaxiang.com
guihuaxiang.com
www.52rd.com
imissyou2011.com
www.ynzp.com
www.5188fanli.net
www.fanel.ro
windux.pl
himler.digart.pl
www.xmtoo.com
www.lcdywz.com
www.988mu.com
kinkettingen.puk.ro
www.rt777.net
wls4kids.org
bookmarkingfacts.info
flyer-miles.com
www.extreemverkracht.nl
ingevaren.puk.ro
eva.sega.jp
songe.digart.pl
www.guoerjia.com
peixund.com
www.honglanyi.com
wping.me
hauptmaechte.puk.ro
anelisleon.com
www.029pop.com
www.nike2012tw.com
whbz2.com
jocuri.rol.ro
sg500.com
weihai.58.com
www.lbobo.com
yougedi.net
www.stoibaer.de
www.shaheboli.net
lnfo.se
lenadahlstrom.se
posadanathalie.com
iranportal.de
www.omn.ro
www.gdgyq.com
www.93wx.com
www.zhangyuliang.me
www.jnssgs.com
mekk.waw.pl
www.whguheng.cn
www.nvyouav.com
www.67card.com
23rtu0.gn2012.com
team29er.pl
zakatwatch.org
www.196kk.com
www.www.mgscl99.com
oppompten.puk.ro
xmorsiriusradio.showsina.info
getyourescort.com
www.fjxxdz.com
rc.0376.tv
pep9109ssnssj.1168.tv
fairport3.dk
zjzsm.78.cn
fabw.ro
punbb.org
t6i4.k3y3.net
hastanc.try.hu
www.fengshou.biz
balancesolutions.com
abbott.com.cn
www.99aacc.com
www.920mv.com
a.zn178.cn
www.sjsmu.com
u68.cc
dtbssc.com
www.aef.kz
lopburi2.go.th
m1.11bt.info
www.dt09.cn
www.94sexx.com
vividworks.fi
junsheng9.9998.tv
yiyangqunaer.qiannan.org
www.tianmaome.com
cfdh.cc
www.kongxin.biz
fp7r.265link.com
16licai.com
ajvlh.hyves.nl
uitdoof.puk.ro
ipill.de
www.osubb.ro
www.bsdh2.com
gjess.wop.ro
changshachepiao.fdcez.cn
186ai.com
www.meinvtu6.com
www.zhyllhw.com
www.stayfreemagazine.org
oxfqxoge.blogger.hu
www.gzfjx.com
www.370au.com