juegosparablackberry.com
dg.easiu.com
wiederse.puk.ro
misbruke.wop.ro
diy.xslweb.cn
recursul.ro
dj8.cn
graysantiques.com
cj.0752rc.cn
pornohd69.info
avineon.com
qute.biz
cheaplouboutinhotsale.com
curando.puk.ro
www.9sex.tv
wap1888.net
www.kondor.de
920531.com
hispace.info
mahallam.cn
gabber.pe
www.renti.tw
www.555bo.net
tvprzemyslowa.pl
sh.lxsfh.net
www.gzsnkj.org
dagensmedicin.se
break-through.org
vysledek.com
ybay.co.il
e-conomic.se
superpoop.com
www.hnyytj.com
softsait.ru
egpal.com
wellsana-apotheke.de
macintegral.com
dancingnetwork.info
desdelasvegas.com
onlinesupport.ec
duomenucentras.lt
www.hoa.it
88uw.k3y3.net
farvarter.ru
6bjl.com
excise.go.th
websiteslike.org
cddx.bokee.net
hyrbil.se
bonspneus.fr
kejinfa.com
xx83.in
www.maskr.in
autocarros506.com
cl.orc.st
www.volthe.nl
1747643.i.tiexue.net
weaveman.info
rechtsga.puk.ro
www.medena.de
www.70tao.kilu.de
se.se
starcoshop.com
edu.aisino.com
8bab.k3y3.net
ooops.pl
dell-forum.de
familiesfightforlife.org
arctal.com
kmax.gr
goorny.com
sebo1.com
rospiggarna.nu
so.1dache.com
z.thor.hu
chevrolet.co.jp
dogate.wop.ro
dielytra.wop.ro
awardr.net
americanbannerexchange.com
eeds.focus.cn
thx99.info
pittjug.org
fixed.wop.ro
bog888.com
knallgrau.at
openclasses.info
sz.nuomi.com
quadridentated.puk.ro
sp.tomsk.ru
showqq.com
downloadplrforfree.com
trustbait.com
hkdh.co
maysaytoc.net
pompo.wop.ro
idamay.wop.ro
dbo.131.com
mscnoticias.com.ve
stahnu.to
1891889.com
amancebamiento.puk.ro
yuanchuang.kunmingguoji.com
cboy.us
bigone.info
aegeanblues.net
www.nfp.cz
iowa.puk.ro
janneke475.hyves.nl
linknet.be
chromeball.com
www.100000se.com
goodir.info
mysquidoo.info
mentors.ie
skrypta.pl
academy.edu
noaa.gov
wegetdressed.com
camlog.com
fobomade.org.bo
adesrea.at.lv
retraite-branche.com
thefutureofthenhs.com
jd.yocoojj.com
naughtyfishdating.co.uk
agonija.eu
mightyparking.co.uk
index.do
www.niketn2012pascher.com
kgbdhg3f.1168.tv
abhijeetkudva.com
asdf91.wrzuta.pl
lubtur.wkraj.pl
phpwebmaster.pl
36dy.net
mihanstore.net
machikog.wop.ro
gostats.ru
lx10.net
hcip.210000.org
barlowgroup.co.uk
bonlinetest.com
www.cnshu.cn
metrosavannahguide.com
iqra.edu.pk
refreshcartridges.co.uk
aelysia.net
arabkarab.blogspot.com
roadrunner.vgb.no
inital.gr
401.mx
vnspace.com
germanynews.net
katacori.com
countdownparty.info
e6g.info
enameforum.com
eastlabs.co
cifrede.wop.ro
hdx6811.51.com
homepagebd.com
clickly.info
www.bancentral.gov.do
www.lxdk789.com
cristal98.com
falcom.co.jp
www.lochness.pl
beak.puk.ro
oakton.edu
c-suncap.cn
thats.info
themewp.com
legniczanin.pl
caoliugame.tumblr.com
house.mshw.net
reefers.com
maueken.tao132.cn
www.waga9.com
qun.zix.cc
www.outlook.pl
cabro.wop.ro
comozooconservatory.org
filmporn9.info
iphone73.com
bestgsm.pl
subtlerantings.com
flowerfinder.com.au
geflatte.wop.ro
lonesomegeorge.net
ovnnafjefd.blog.mongenie.com
tvtv.fr
minrevi.jp
www.etkqq.gov.cn
35ys.net
onmu.qiwen5.com
krant.spitsnieuws.nl
imzdl.com
jdd.org.pl
b3.pp.cn
mz.czxd.gov.cn
www.kossuth.hu
daedal.de
vani.com.mx
gucciflatsse.99k.org
nylonmag.com.mx
lafcpug.org
v590.nfdy.net
cgcookie.com
messe-bremen.de
paolobarnard.info
kk253.lingd.net
guarnieri.com
crochetclub.net
erf.de
sweets.puk.ro
www.imouto.tv
exotischstes.puk.ro
chenmiao.0fees.net
qxnzmlhxg.s.yxgz.cn
axxiommfg.com
gudv.nfdy.net
ccrlasvirtudes.com
0755333.com
altijdgr.puk.ro
aksudiyari.cn
opererer.wop.ro
california.com
dlyawbn.78.cn
autohifi-w.de
sitesi.web.tr
compilerfree.com
twinklight.tv
assurprox.com
kpaga.wop.ro
avando.cz
auto1.fi
praamden.wop.ro
nomitalisman.info
abuzarse.wop.ro
platinoweb.com
lubevolley.it
office-removals-london.co.uk
netzwordpress.com
favosely.puk.ro
iasworld.com
ok.cidu.net
230.janexou.orge.pl
bizneston.pl
blueknights1.ch
kanonista.eu
jaynealinternational.ws
ck-promotion.com
diver-sant.ru
briankeene.com
avaplus.net
exionnaire.com
luxurybeach.com
fangka.net
rabotaizdoma.net
espertoforex.com
chorfreunde.de
departed.wop.ro
atin.wop.ro
www.4namebrand.com
www.abstynencja.pl
a9zx.265link.com
markbladet.se
2era.com.cn
dataflow.ws
bowenengineering.com
www.qiyegongqiu.com
521tibet.com
dawes.wop.ro
eat-alian.it
cnmax.org
betterthantv.com
baptisthealth.net
www.filmowo.blog.pl
wellcom-ltd.de
zmarzlena.digart.pl
ksljw.com
videla.ru
www.pe51.com
abouammar.com
fjordhestlaget.com
cookies.soup.io
mnpo.ru
henan100.com
elektrov.wop.ro
nuvo-tek.net
fjyw.com
kendal.wop.ro
html-js.com
alphasondesigns.com
iiso.210000.org
deoveritas.com
www.3612999.com
desigifs.com
knx.biz.pl
www.yinxing.name
azbet.com
r6ad.lizhidy.net
amerd.deviantart.com
nap.net.id
sikw.210000.org
brasok.no
sharpeneth.eekhoorns.wwwwww.wop.ro
576553.ru
articlemarketinghome.com
cosmeblog.jp
nishikawa.pinger.pl
geigerexpo.com
thepeoplesmovies.com
recessbook.com
tuzcuoqluevdeneve.com
bea.com
3dinspection.com
bel.com
ad-lister.co.uk
361.cm
hotel-travel-service.de
blogfreehere.com
bliskausluga.pl
mephibos.wop.ro
aijada.puk.ro
fikas.blip.pl
compucareperu.com
issm.210000.org
funkhaeu.wop.ro
ent.27.cn
ioshomebrew.x10.mx
52kshu.com
sketchle.wop.ro
bourgogne.puk.ro
biblored.edu.co
sf.hao45.com
bmw.wapyc.net
12345678999.taobao.com
betbase1.info
444ke.com
ruslan-ahtahanov.ru
dj2012.net
best-cart.com
alexon.co.uk
nmargin.com
plymouth.edu
epulo.wop.ro
autonovita.info
girlracer.co.uk
iogou.com
picscrazy.com
gdc-uk.org
hebinzhicheng.com
my.cn.china.cn
guihuaxiang.com
groei.wop.ro
cawaii-hs.net
funhumour.com
atv2012.com
www.yuyuuu.com
www.ptbg.nl
psdpoint.com
precombi.puk.ro
sensikim.wop.ro
ricodigo.com
abihud.puk.ro
popilius.wop.ro
recavate.wop.ro
fairr.ru
murone.wop.ro
www.shkaikou.net
helongjian.m69.info
pyt-odp.pl
billigmed.de
logistik-express.com
05020.info
articletitles.com
504o.k3y3.net
beef.co
govd.com
dogfood.hk
dachstuben.puk.ro
chestershoes.ru
kidzonwheels.nl
healthywealth.org.uk
dell-laptop-battery.com
sdxy.qiwen5.com
fkndcxmmkq.blogtrue.com
lynchpin.com
10424513.zz.100ye.com
francobiz.com
blenke.wop.ro
mopsbytow.pl
sewages.puk.ro
schuylkill.pa.us
srcb.265link.com
8.lhc49.info
joshhosler.biz
ifon.pl
ahmedabad.com
eggame.info
cslaurentides.qc.ca
primely.wop.ro
haikou.2882.in
wwrn.org
manualeitor.com
shbxzc.com
wis.ro
lieux-spirituels.fr.nf
hztx.us
livelifeofsuccess.com
irishinfertilitysupportforums.ie
www.ecaihr.com
bfinternet.co.uk
evotrade.ru
ybtcard.com
konyv.arukereso.hu
0dyl.qiwen5.com
jdown.info
imoment.info
al3ab-al3ab.org
ovh.org
jhm.fr
www.xmjzz.com
00852kk.net
asese.info
gorunfaster.com
chinesekisses.de
flashmirrors.com
batteries-inc.com
aqgw.qiwen5.com
ittousi.wop.ro
49k.us
pomiar24.pl
seychelle.com
arquideas.es
niiblo.jp
chaip123.com
wizardli.puk.ro
payperclick-uk.com
www.dzfcw.com
electroburg.ru
golook.at
beamnote.com
perils.wop.ro
shengwushibie.com
0798.ws
92xs.cn.la
yoopoke.com
mediarange.de
hereteens.tv
workao.org
gezy.nfdy.net
mamaison-immobilier.com
6668.hk
sdxiuchang.taobao.com
232designs.com
huohong.uni86.net
wz.yq920.com
2s-blog.jugem.jp
nefertariline.it
news.ai0939.com
burande.puk.ro
steveshoemaker.info
naggy.wop.ro
cafe438.daum.net
ipagerankchecker.tk
www.ihaizi.com
dona.wop.ro
arobbase.fr
forth.gr
ndhub.net
espasserelle.net
43searchengines.com
giffgaffed.com
www.htys.cc
adultartlist.com
futurecapital.in
vistacartao.net
baenkli-clique.ch
internetzollanmeldung.de
tesorizar.puk.ro
magheraf.puk.ro
leiet.wop.ro
raumklim.puk.ro
kulen.puk.ro
4ufreetemplates.com