soldesdunet.fr
www.nuup.4f9.org
liupeng.us
sentidohotels.com
7tff.com
skra.pl
exoticrides.com.mx
prnwatch.com
bike.se
www.njtaxs.com
ferdowskhabar.com
thtv.info
x-directory.tk
saglikraporum.com
pinoyfanatictv.info
pollogen.com
bbs.goldhoe.com
mondane.wop.ro
xxx-spot.com
investmentmanagementfirmsz.info
www.ali.ug
ems-baustoffhandel.de
youtoyou.fr
www.dplly.com
seolivebookmarking.co.cc
xue6.cn
njok.210000.org
keywordanalyzer.org
4444kk-823a.tumblr.com
www.nordea.se
aunus.wop.ro
smsapi.pl
download-young-jeezy-ringtones.blogspot.ca
carlsoncraft.com
distrobandung.net
www.uxx.cc
krav.se
www.tyccs.com
skanka.wop.ro
atehenmei.com
51qqjy.tk
www.fjredcross.org.cn
wheatgrass-benefits-weight-loss33.webs.com
sewages.wop.ro
www.tetuanw.com
nanazia.ir
zeestudio.tv
www.av700.info
www.htxlrz.com
huagangyan.cn
www.mmaaaa.com
congressorio20.org.br
stabs.wop.ro
zjj.2118.com.cn
monicahair.weebly.com
subsandspeakers.3ia.info
openlinksys.info
nikefree-runtilbud.net
czarymary.pl
www.ltc58r.uqc.cn
www.wgbn7i.com
www.lkapay.com
cnhtm.com
www.xiuxiuw.com
www.987ggg.com
myfineforum.org
testinge.puk.ro
softsait.ru
shopperdiscountsandrewards.com
t.games.sina.com.cn
www.p-o.com.cn
mjcd.265link.com
www.zangao.hk
kerber.fecsegj.hu
gyysxx.lyge.cn
www.sexy-girls.cz
www.yxlc.net
www.typjdb.com
ombouw-wii.nl
cyzx.gov.cn
sanndru.wop.ro
intersatdf.com.br
www.njchaoji8.com
bprq.qiwen5.com
gekratzt.puk.ro
www.mysteam.tw
chachala.com
www.klxxshzf.com
tip4mac.com
luckychannel.deviantart.com
suzhou.51chudui.com
pliggsiteslist.info
www.baoxs.com
polyphosphoric.puk.ro
auslaender.at
dh.2zf.cn
mahaina.co.jp
cuctema.info
floridasunvacationvilla.com
top-hentai.eu
hdnl-blog.co.uk
municipalidadsaylla.gob.pe
bug.co
gotogame.com.cn
www.pydxqf.com
www.mmnn.in
time.software.informer.com
xa.piao.com.cn
yuansuy.net
nyabis-r1200rt.blog.so-net.ne.jp
w3.com.pl
www.25game.cn
www.aliyh.com
www.2345la.cn
setai.wop.ro
acnedirectory.info
www.shinetr.cn
www.ofeminin.pl
powerstores.com
fotocolombo.it
smssmile.it
1920-30.com
www.alexandru-grumaz.ro
www.168bangong.com
www.stpy.cn
www.jjfanyi.com.cn
1t.cn
guihuaxiang.com
bbs.longrich.me
d1kd.com
www.aougu.net
www.szprovence.com
www.adi-das-2012.com
yuyue.shdc.org.cn
www.696kk.com
www.91boba.com
morehomegarden.info
doye.art.pl
spirites.wop.ro
padelstar.es
www.chncanoe.cn
consumer-rankings.com
moriseba.com
sushihouse.cl
www.xiaozi.me
y87h.nfdy.net
se.567qsw.com
hoehere.wop.ro
appointmentbookingpro.com
hybrid-auto-moto.com
alzi.nfdy.net
untergebene.moosewoo.krenteriger.wwwwww.wop.ro
ideelok.com
winalitela.com
smartgc.com.ar
latigoserrano.com
avahi.puk.ro
siphonos.wop.ro
foundratopmend.blog.pl
chenmiao.0fees.net
spartoo.pl
www.pkmyxxy.com
sublr.com
rugstorene.co.uk
sandiskcardreader.3qa.info
bronsoncoc.com
minecrafter-s.ru
poc-2002.hyves.nl
wxds626.com
thamudene.puk.ro
jorto.wop.ro
www.buonissimo.ro
bravobride.com
fgy.pl
vralte.wop.ro
idrissaadi.yoo7.com
www.59129999.com
59gg.cc
www.itbenet.net
www.5hdj.com
online-tutorials.gr
www.szmeixin.com
sqcvnbhbpk.blogger.hu
www.hq52.com
fazfinance.net
tong-bao.net
aldona16.blip.pl
www.converse2000.com
xsjy.whu.edu.cn
faviccek.hu
www.029wjj.com
shrimpis.folgten.wwwwww.wop.ro
www.sbbrsy.cn
taxi-alisa.ru
worthofweb.com
www.hhqq.cn
0577ms.org
leadogenerator.ru
abwechse.puk.ro
follow.rengang.org
vaupe.wop.ro
sulfonal.puk.ro
madeinitalypulizie.com
erzaehle.puk.ro
www.xgnyw.cn
gurudevan.info
www.parkooair.org
luckydogthreads.com
snjianzhan.com
www.spzxw.com
serverlar.gen.tr
situgo.puk.ro
protrept.wop.ro
nuall.rs2clan.net
www.zscy.cn
www.tzjy.in
www.d8dy.cn
www.jhu.cn
cramif.fr
www.shdtqx.com
sexystory.info
hit-counter.info
zukangpenj.1168.tv
yatego.it
ringfoermige.puk.ro
changshachepiao.fdcez.cn
brewplus.com
www.sfrd.cn
silagratoday.net
www.whzph.com
www.yinseng.net
quaelead.com
millbanksystems.com
www.21led.net.cn
6mxo.co
www.ksdx.gov.cn
www.hzjzl120.com
www.caoke.com
www.kanmaopian.org
zhushou.jianfei.com
lentinatravel.com
www.shwxsakura.com
www.czxpj.cn
normated.wop.ro
27324.info
76mmm.com
prc.org.uk
kmjz.210000.org
0594e.com
kabulict.net
yowat.wop.ro
www.llqws.com
taobkeer.com
city-map.net
sitagawa.puk.ro
www.xxx377.com
jingling.3199.cn
www.yageoo.com
spaceninja.com
livshjulet.se
www.pradajp2012.com
ciled.cn
www.focac.org
fjaler.origo.no
dl.ravok.ir
newhavenchurch.org
www.1dudy.com
www.axoo.hu
4455.cu.cc
retirementhomesuk.com
www.gmsese.com
sx141.ee99.org
syntheticdesignstudio.com
www.ifen8.com
mobile.itcpn.net
www.uu777.net
www.njcjs1.com
uyu.r.gd
78igo.com
theuncommon.co.uk
linkavid.info
www.changdaoyujiale.cn
www.97694.net
adventurejay.com
www.dcpaimai05.com
unterholz.puk.ro
hjbh.org
wt.10.gov.cn
www.sqsc.gov.cn
www.rtys10.com
www.xixise5.com
www.bjrfbj.com
show-ee.com
www.hebzk.cn
www.ymbtw.com
www.exp5.cn
spezzo.com.br
xisutuopan.com
unisont.puk.ro
thewebsiteprice.com
huecodigital.net
www.ywdg5.in
shtion.com
articledashboard.info
tjana-pengar.nu
www.yqtfgs.com
aliendirectory.com
juegosdeautos.tv
www.yyy46.com
landesfo.wop.ro
docomo.biz
blogabond.com
neforex.at.ua
www.nhlst.com
75er.ch
www.chuangyisc.uqc.cn
www.veganblog.de
ilovehome4ever.info
efx3.com
pwxt.net
akscms.net
27.com
australianfashion.org
www.kabaren.cn
www.seoqy.com
sidmailserver102.info
srttu.ir
tartaglini.it
glamoroustore.com
www.zbw668.com
toplistenserver.info
lidl.si
www.iyao8.com
www.chenzhixue.com
buglo.pl
prj.csdn.net
damavodstvo.ru
sugarloaf.com
www.orszagvaros.hu
noble-house.tk
autocadokulu.com
919hh.com
uhealthtips.com
whfn.net
ywaid.com
www.meidiju.com
geistligheten.puk.ro
xy.58.com
zend.com
consult-ic.com
mcdonalds.co.uk
aelita.fr
sptoptips.com
www.ityw.net
sh-rashid.net
www.xixi789.info
hapjesmaken.net
seimeihoken-jp.info
tki.org.nz
kutz.kazimierz.salon24.pl
zlgmcu.com
gpbg.nfdy.net
yousell.hu
www.his2010.com
my-tvtotal.de
thaishop.in.th
phu-gral.pl
xoom.it
priv.pl
www.66ssss.com
www.wwwxp13.com
tanbaooy.wop.ro
earnmoneyonlines.info
swbv.de
fuqis.info
www.022jin.com
xqxt.210000.org
muenzen.ebay.de
quickreference.info
triponline.hu
www.cnmpr.com
www.rentiwang.info
www.ww96.com
gw.875.cn
loginserver.ch
www.rdphb.com
www.cqkan.com
voyeur.wop.ro
leeswammes.wordpress.com
xroadsllc.com
toronto-lime.com
defaultpasswords.in
net4oman.com
tongluren.com
imprim-pub.fr
www.qpdkw.com
www.sqhj.com
latemodelrestoration.com
amitbravo.com
keilabsatzes.wop.ro
www.resortsindooars.com
bookmarkalphabet.info
mybag.com
otanew.jp
carlosbakery.com
lascosasderobin.com
mypurpleblood.com
thederrick.com
wordoid.com
mycam.hu
n49w.qiwen5.com
mirrorreaderoffers.co.uk
ygsav.net
radicalreference.info
zarlenga.wop.ro
uniben.edu
derscografya.com
sato.fi
www.podruga.net
colo4dallas.com
megamarket.pl
radiomart.nl
shenlongcheye.b2b.hc360.com
tonystiresonline.com
www.bach.de
fatalnes.wop.ro
www.xycj.gov.cn
cqgs12315.cn
www.fjhonghui.com
xkw.me
inews.cjn.cn
lc100.net
www.smv.se
mahya.info
zalaegerszegiceg.lap.hu
zhobgnkfnp.blogtrue.com
tidika.wop.ro
www.taobaowkf.com
www.xiaoxuew.com
www.cfuxy.com
bloggergadgets.info
www.yfeng.com.cn
www.a67dy.com
www.zcypf.com
motoemi.pl
semijunkies.com
bancoinmobiliario.com.gt
erbfm.co.uk
ibookmarker.com
www.chiponline.hu
stupiremmo.puk.ro
www.cheapmichaelkorsoutletcanada.com
blog.feih.name
www.ty-web.net
www.fifa99.de
josch.soup.io
cyclesearch.ch
detskiysad.ru
namibiasport.com.na
www.leiju365.om
krhk.210000.org
castlevalleyoutdoorsgallery.com
barista.lap.hu
contenido.com.mx
wedlinydomowe.pl
the-v.net
ritto.wop.ro
r114.co.kr
racecarsdirect.com
kk44kk-823a.tumblr.com
dagensmedicin.se
giryou.puk.ro
hool.mn
www.ipf.jp
infodaymedia.com
ord.yahoo.co.jp
vartips.com
agz-rnk.de
xixichengyuan.com
29searchengines.com
www.xdytt.com
adventuresinblogging.net
www.lub.sk
chugokugo.biz
wzds.nfdy.net
www.ntt-west.co.jp
thxp.210000.org
www.cs.js.cn
xianba.net
www.xlmr.com
zishu.cn
52ttkb.com
bazin.wop.ro
www.detair.com
fsv.cvut.cz
www.bj9966.cn
changsha.01666.info
swingertopia.com
wbrschools.net
xz.ganji.com
tool.babaw.com
www.ykrenti.com
eskapizm.blip.pl
csmtjm.78.cn
xixidieyuan.com
fuoco.wop.ro
www.sesecr.in
yh0222.com
www.today51.com
www.ppp86.com
zgwqgl.net
2006.imcsit.org
unplenis.puk.ro
kymp8.com
www.sxxywl.com
dinleyelim.org
www.gdhra.org.cn
teknolojig.net
disgavel.wop.ro
brandies.puk.ro
5ucom.com
whbyfts.tumblr.com
red.fm
twitterbuttonfactory.com
hfive.pro
klubb6.se
www.qncyw.com
www.sgtf.eu
www.anzile.de
www.umassd.edu
kroopnik.pl
ahmedabad.craigslist.co.in
athoic.wop.ro
bookmarkarticlesite.info
www.ybsy-56.com
logographos.com
pornwebcams.info
www.handuyishegw.com
www.135qb.com
3138104.meerderheid-voor-coalitie-schotte.berichten.klup.nl
shop64199997.taobao.com
www.067.cc
centurion.bb
chechuang.biz
valhallatreestopeople.org
husun8.cn.alibaba.com
snowbora.com
subgit.wop.ro
www.youhotel.cn
hangars.puk.ro
xn--slgerlistk-t4ah.hu
abcom.tv
pilsacher-batzis.de
www.tjxiu.com
uzziel.wop.ro
kid.wsbgt.com
99477.com
tiao.600ai.com
www.viagraonlineph.com
vurq.210000.org
www.qqcy.com
www.qianduzw.com
nevesta.info
www.zgzsp.com
www.xdnm.net
tannachanddistrict.org
www.kenyee.cn
www.sohopeiyin.cn
skyte.puk.ro
ar.bab.la
futurecom.info
littleblackcoffee.com
adult-planet.info
www.sportlo.hu
t3ridersgroup.org
www.laptopbattery.jp
peterbergmann.info
www.yaedu.net
thecinemaniacs.com
www.toxic.hu
bqspa.bqgl.net
stoort.puk.ro
hasshino.wop.ro
zalukaj.pl
tunamagisterio.com
www.580daigou.com
kqkd.210000.org
www.yulechina521.cn
xlif.qiwen5.com
taeshino.wop.ro
www.zjcoo.com
www.shxiaoleng.com
zzjt.com
www.moli28.com
xn--so-7ia.li
5ddy.info
www.adboo.net
shufazidian.com
www.mellowgarden.co.jp
zgsyxww.com
haan.nfdy.net
www.elhousenyelviskola.hu
desiaunties.info
www.fohee.net
mariogattiglia.it
z8oy.qiwen5.com
www.uyooo.com
www.icib.com.cn
xz.h2h.cn
860098.net
www.whcxjh56.com
szderun.com
www.mkon.lth.se
virgie.wop.ro
androidfan.ru
kaneko.puk.ro
t66y.com
www.11rrrr.info
imprudents.puk.ro
tw.estedse.orge.pl
www.k9yy.net
sanday.jp
www.xb163.com
gkcx.zqbe.net
vireporter.net
norris.flog.pl
libertymountainresort.com
rzu.gov.pl
saudiusa.com
loc-aid.com
www.konyari.hu
felnottoktatas.info
www.069f.com
ellcchoicehomes.org.uk
vmg.digart.pl
yaoq.net
illel.fr
www.qqyst.com
www.mingshen.net.cn
www.sunsys.pl
hitv.lk
www.chengrense.info
www.tsknatek.ru
www.rerou.com
justwatch.co.uk
windowsphoneapplist.com
kmv-tour.org
simplecitylifeblog.com
schachchronik.de
www.gzlvnuo.com
bbs.ph88.com
2020gamer.com
www.mygen.pl
www.01446.com
www.zkivision.net
daftariklan.net
bearbrick.com
libertiamo.it
24net.kz
tuugo.ec
yx1978.cn
www.netlab.no
schoolgirls4all.com
yep.it
www.divy.pl
sukcesstrony.pl
fitgesundschoen.de
nolimitimports.com
huahui.blog.cd
www.678eee.com
realtruthaboutabs.net
twitjersey.com
kukankan.com
0op.info
f1zone.pl
b-quik.com
vellithira.in
insurancequotesforall.com
watervilla.hlbnb.tw
www.generali.hu
iautmu.ac.ir
wooztones.com
mkgn.net
tvuj-lekar.cz
www.dlbest.com.cn
xfd0.265link.com
onepcs.7gt.info
xlzx.ziqiang.net
www.1582222.com
buzheng.net
doomos.com.pe
www.lyckobacken.se