classiceliteyarns.com
xxbbyy.com
nonki-news.com
eatmydear.com
livelifeofsuccess.com
xcodeitalia.com
www.0701.com
nflschedule.tv
www.1258yingxiao.com
dirtytony.org
capcomfcu.org
tltonline.ru
okj.tlap.hu
vade.info
lotostat.com
zzwv.qiwen5.com
linkhumper.com
jstriclub.org
passion.pl
mykindofcountry.wordpress.com
lygsdljx.com
www.139ppp.us
warumdarum.de
www.jufengshang.com
sprachtest.de
volages.wop.ro
corian.cn.china.cn
hustwenhua.net
www.kbdywang.com
rssintelligence.com
www.ytsjg.net
iimanager.dk
zknz.78.cn
articlesaz.com
rinsaviate.wop.ro
www.gdpibbs.com
guihuaxiang.com
www.keb.de
soft.jx-sptjj.com
silje.nl
articleforsubmission.com
230.pl
riemon.de
zebreizen.nl
www.citybd.net
asketic.lv
parklabrea.com
ratiokontakt.de
www.3868.cc
renewablemedium.org
shawgmc.com
shinapus.wop.ro
www.informatik.uni-ulm.de
www.chodirin.or.id
www.wenzhangw.net
qzkn.com
www.lashoucar.com
kcr-karting.com
www.mhmp.cn
funne.wop.ro
rightcopywriter.com
swpark.or.th
www.hohoho.cn
www.k-k.pl
www.grafinet.pl
zrpress.ru
vip.1168.tv
themedust.com
wijun.com
xitti.com
www.7huc.com
www.yamietie.com
venina.wop.ro
summitbank.com.pk
vkusnee.ru
quiz.msn.de
lindapop.com
www.pysmzx.cn
bookmarkstudio.com
morientes.wrzuta.pl
www.i8i8.com
topinfo.al
service.com.br
verge.puk.ro
track312.com
www.zhaoxiyou.com
www.qvod.de
parcadula.ch
yoox.biz
amantis.net
zhengys.taobao.com
epicurean.com
zhypermu.com
passiers.wop.ro
www.rzyey.com
mobileresources.net
eyelasion.com
me2.it
louisvuittonoutletstore8.com
studentam.org
cl8.cc
yczhongyi.com
netinclusion.com
www.fjlnw.com
fabpro.pl
redham.ru
www.17294.com
nolimitimports.com
yourcaitlynn.a-liveprivates.com
listlesson101.com
54yjs.cn
visby.pl
tinysolo.com
demotywery.pl
royalvintagetube.com
dzhuiou.suliao.biz
www.renshou.gov.cn
beiphone.it
ravyna.soup.io
akhonsamoy.com
whauve.wop.ro
tvonlinepaulista.net
liuhe.tv
www.dsiys.com
s-info.ru
motorcyclistcafe.com
ewar.lt
www.8gouwu.com
www.bowok.com
pcdi.com
uedcss.com
presse-net.fr
moonenpackaging.com
cardview.net
ageh.jp
happynebula.com
autogallery.org.ru
www.120job.cn
hurricanea.com
calcuttanews.net
neftegaz.ru
pulpandwire.com
onlinesitedesigner.com
maskinbladet.dk
tottalmulher.com.br
downloading4fun.com
13-e.ru
webliste.ch
vcrzvtxzgw.blogger.hu
3akk.com
bonoapuestasgratis.com.es
www.liuhecaigongsi.hk
fanpicture.ru
www.520kkn.com
libpng.org
aphthita.puk.ro
viewmycalendar.com
dfjb.com.cn
ez4u.co
100bestonline.com
scrappinhappens4u.com
winchester.jp
ichbinkeinrassistaber.tumblr.com
pruna.com
ihc.unc.edu
www.ort168.com
academicworld.net
univers-fromages.com
dsdz.210000.org
www.cinem.ru
basesloaded.eu
kiwy.fecsegj.hu
barihiend.it
www.13kav.com
tuscanrecipes.com
unsmote.wop.ro
wordpressy.pl
designmarket.su
zlsj.cn
cssray.com
treehoo.com
rec.su
naijacupid.com
openlinksys.info
eaglecounty.us
naiki.wop.ro
www.tao-dp.com
klick.ee
tcw.de
disser.com.ua
aviatnet.com
culpornogang.info
finanz-experte.info
mybeautifuljob.com
infolancer.net
extremevidx.info
nexuspheromones.com
shieling.wop.ro
itzcaribbean.com
wasvat.wop.ro
olyv.nfdy.net
leipziger-buchmesse.de
www.skye.cz
spl-messages.net
www.yulin168.com
ksa-777.com
zanzibarmagic.com
www.nmu.nl
solar-rating.org
thedoulosgroup.com
service.furongedu.com
tequilaband.lv
govoru.net
sinema.sg
bonifratrzy.pl
www.haitaowang.net
minispeakeramplifier.7wx.info
shitagi.org
verschlagenem.puk.ro
www.szyoo.com
rpgamer.pl
luru.wop.ro
ideality.pl
tefanet.net
www.js-n-tax.gov.cn
nominet.co.uk
maixiou.com
teemail.gr
qqc.co
www.dlwf99.com
www.ppp97.com
filmmirchi.com
parisgallery.com
fixtureslighting.net
dontgetmewrong.org
the330.com
www.jyo.cn
lunatrix.co.uk
tvguide.dk
www.ppfine.com
bitchmagazine.org
www.zlzfw.com
yeyaji9.sdthsk.com
forexamax.com
gnaj.210000.org
www.yeyou.com
www.dodomush.com
socialize.ae
monitoruj.pl
www.suelaw.com
newstand.ug
medisa.pl
szex.org
www.yzwhc.com
international-bookmark.info
yearnful.puk.ro
hkab.org.hk
gamesidestory.com
sonnenkraft.com
trouwgel.wop.ro
www.ruibuy.com
bin.go.id
irsst.qc.ca
timswell.com
volcreole.com
bytesbrothers.com
xiaogan.com
xzyo.com
suntran.com
bellmedia.com
hidden-anime.tv
v-angle.com
pakarhowto.com
emploi.gov.tn
rooseveltinstitute.org
ahgytv.com
zhuna5.com
3721sn.com
selfgrowth.ru
coolt-v.com
www.annaguseva.com
fuckbook.co.in
goldsea24.com
www.cninfoyu.cn
pittorifamosi.it
medyadagundem.com
stat24.com
conventuelle.wop.ro
nationaalautoforum.nl
uca.edu
subaru.se
htnet.hr
camillestyles.com
bazin.wop.ro
luckydogthreads.com
alkuwaitiah.com
register123.com
reals.lt
tewpik.com
www.hosei.ed.jp
harpercollege.edu
colleensbooknook.com
www.sy77.cn
tpy888.com
directorylife.info
mw.mil.pl
www.yzjzw.cn
banjar-jabar.go.id
yimiyimi.com
www.noizgate.nl
baguzajja.info
wwtx.cn
www.imax365.com
jinrigz.com
theprestigefullmovie.blogspot.hk
fm1025s.com.cn
www.uci.edu
sumopix.com
sc2clan.tw
umk.ac.id
franciscocampoy.com
yue.co.kr
off-grid.net
burnettpainting.com
www.alipage.net
worldjam.jp
inthearab.com
zoldtea.info
ordineavvocatimilano.it
www.vatera.hu
xarchevnya.ru
hot-deals.org
purefamemedia.com
kvaz.com
www.yifakucun.cn
mysky.ws
energistudentene.no
babysock.wop.ro
www.huizhijia57.com
stadtgarten.de
impowersuite.com
lfccro.com
www.0371yilong.cn
tk.99.com.cn
developnew.com
softbankhc.co.jp
usclaab.org
spar-tarife.de
patioart.ge
my-hammer.at
rp5.is
61jjj-725c.tumblr.com
yjsjl.org
davidicke.pl
siteratios.com
www.miqing5.com
zgtz0576.com
shootergaming.com
charifa20.hyves.nl
terkep.zoldrozsa.hu
www.sexsfh.com
www.sibspress.org
tetoep.lapunk.hu
faout.com
rett.wop.ro
porer.wop.ro
twenters.wop.ro
spyinthecamp.com
treebankwiki.org
jcmanet.or.jp
www.ugr.net
kinobomba.net
www.qs508.com
n598.210000.org
mailerlite.fr
phpday.it
pablolayus.info
52yingxing.com
godsex.com
daqtools.info
amupmdc.org
www.sbny.cn
globaal.wop.ro
download-fat-joe-ringtones.blogspot.co.uk
domeny.tv
buro.ru
blogutils.net
www.hj419.com
www.xxx27.com
haklay.wop.ro
bja.gov
www.ct138.net
wouch.wop.ro
59bj.com
2tm.cc
lasu.nfdy.net
www.oajs.org
www.klimadiszkont.hu
viert.puk.ro
ferrugiento.puk.ro
1-800-222-1222.info
kravushka.com
gele-wip-walvis.istats.nl
www.wshu.info
hackver.fad3.net
transactionguard.com
gmc.uzhgorod.ua
0427zsw.com
www.9900pao.com
handmadeshoppingguide.com
goksir.eu
sprengningen.wop.ro
www.tecpuntobio.it
www.aibidh.com
tnw.to
www.youbaixiu.com
shop.021021.net
ihspk.info
top50-motorrad.de
www.daguan365.com
caoliushequ520.info
stonebor.puk.ro
www.fuse.be
www.jjcu.com
z8oy.qiwen5.com
cherry365e.jumpingcrab.com
yingshi.bbs.1966.me
www.daphme.com
support-intelligence.com
pay160.com
freeoa.org
www.dlutcool.net
gzmr.org
url.my
sbarre.boshihok.wwwwww.wop.ro
100shuju.com
refresh.ro
www.fibbs.nl
yoopoke.com
www.degrenskeerlkes.nl
thedeenbros.com
sogning.puk.ro
tepehome.com.tr
walthamforestcouncilwatch.org
qwerqw.de.gg
womensmentalhealth.org
ivdtech.info
mar-li.libmedia.nymc.edu
adtor.wop.ro
designsvalley.info
495533183.qzone.qq.com
telkomadsl.co.za
matomez.jp
4008844442.net
bayannaoer.mca.gov.cn
www.jnhengchao.com
webugs.net
dentalfocus.com.ph
alliwantisforyoutoloveme.tumblr.com
chuabenhtimmach.suckhoevietnam.info
mck.blip.pl
cupidity.wop.ro
baidu-zx.com
www.hsbbs.cc
luvulite.co.uk
patache.wop.ro
thoughts-create.com
pales.info
plasmare.puk.ro
lovelandfyi.com
www.shengjianghuoti.net
schweizerjungzuechter.ch
lvye.info
depdagri.go.id
afrodiamondxxx.a-liveprivates.com
www.rzdgds.gov.cn
congluti.wop.ro
trwmoto.com
rtg-mag.hu
www.ttt999.net
www.iondesigns.org
www.youhuoyuan.com
wowcms.com
erufa.com
www.bassxtreme.cruise-evo.co.uk
020512.taobao.com
www.katechizmus.sk
murzgor.edu.pl
preuss-medien.de
tiffcity.puk.ro
icc-picturebank.dk
karhuize.puk.ro
www.fahei.net
wir-leben-berlin.de
omvegen.puk.ro
www.sappa.se
tmu.ac.jp
gersimi.pl
pedinere.euwww.wop.ro
niloo.fr
2dives.com
sanposha.co.jp
rhetolo.kr
smuc.ac.uk
www.52saonv.com
phim.yo88.net
linkkatalogus.netau.net
php.itcast.cn
holiday-agency.de
funtip.de
mijobrands.com
justteenbabes.com
abzuloesen.puk.ro
zgwqly.net
mbnashopsafe.com
archivex-ht.com
titanic-titanic.com
cyberbiznes.pl
www.rws-verlag.de
pornohd69.info
opensourcetesting.org
kabol.wop.ro
www.zenmeyangjianfei.net
zitounafm.net
www.htpzs.com
rossjoyner.com
www.randomcr.com
toolbarn.com
nurluq.tk
qcfww.com
www.musu.cc
meun.210000.org
wap.cntv.cn
yilindesign.com
pigproxy.cn
kmrubber.com
www.766222.com
www.gt
draconiansfc.com
www.szmiracle.cn
www.666nv.com
www.budoclubkarlsruhe.de
czeladz.pl
fushun.myjob.com
netcom6.com
lyfrj.com
waplele.net
www.hmzsc.net
chameleonsonline.com
canada-goose-online.frnewsby.com
loofamily.info
boromarket.com
gelouterde.gedankenarmut.wwwwww.wop.ro
www.zhaojiaoxue.com
bbls.co.il
webinspector.net
iaazdamha-hrmis.webs.com
www.wfmhmm.com
www.94xo.com
thegreatindoors.com
www.safari.nl
optipess.com
solagecalistoga.com
www.kashimo.net
www.345qsw.com
vaseduva.wop.ro
xy2.yzz.cn
beauty.deviantart.com
www.lomag.pl
gxxo.net
mobileautomatedsystems.com
www.pradajp2012.com
wabcw.info
kavise.info
taalpoli.puk.ro
www.180312.com
www.cqsloa.com
resistance1.com
gzjx.info
brokensocialscene.ca
kingwilliam.biz
www.qjedu.cq.cn
mantiden-forum.com
mallubox.com
minivps.co.uk
radioandmusic.com
dsl-speedtest.us
geobookmarks.info
sparkasse-rhein-neckar-nord.de
tokyolust.com
novina.com
beznakazannosti.net
prepsrugby.us
main.puk.ro
lewmar.com
doershow.com
mtn.com.sy
bestgasgrills.us
www.plotter.nl
shop34597632.taobao.com
fomatto.wop.ro
scigacz.pl
xkxz.210000.org
dibbs.puk.ro
campusapts.com
emsisoft.ru
maharaja.wop.ro
hvtc.edu.vn
vespucionorte.cl
eva.ro
open-academy.org.uk
kathrein.de
xccjm.78.cn
kqkd.210000.org
riserve.wop.ro
morpheusweb.it
ptptpt.cn
sloganeer.puk.ro
portaltyller.com.br
kidopo.com
ariatemp.ir
allbooks.com.ua
kwetsing.puk.ro
casongrandprix.net
usinfo.pl
iteach.kz
www.hnfzb.gov.cn
aktienpreises.wop.ro
pnxa.nfdy.net
2taody.com
janesguide.com
6hkkk.com
zolushka2010.ucoz.ru
www.zg550.com
sakalaga.wop.ro
tarskeresoblog.hu
remarcar.wop.ro
www.marto.com.tw
www.vcps.nl
degiorgi.me
lichtcharakter.de
ptks.nfdy.net
articlebay.co.in
unikurage.sakura.ne.jp
youpornosexe.info
11haosao.com
grootpap.wop.ro
www.gsxjl.com
wap.62141.cc
multijet.wop.ro
222k.ru
marxie.wop.ro
wmr.flog.pl
www.directis.nl
i4hc.qiwen5.com
rpgwars.pl
wdjc88.com
suzannadanna.net
3cgz.qiwen5.com
fopartikel-kogelgat-sticker.istats.nl
tahir.wop.ro
underprint.wop.ro
cnk.digart.pl
www.xihase.com
lvliangshi.kc7.info
itsolutionssa.co.za
mtz.digart.pl
tesorizar.puk.ro
shop57490376.taobao.com
hostingreviewz.info
fastwealth.info
www.iphonies.de
bretoniere.hyves.nl
xixihuafu.com
tolkland.com
px.zbinfo.net
bcochem.co.kr
fppro.blip.pl
noticia.es|oyoygbvff.blogage.de|www.shszc.com|www.web-164.com|buycdplayer.17toysbaby.com|zhangshigang.shgj.cn|www.fx321.com|vyrm.nfdy.net|www.xshpjy.com|d975.com|neusch.eu|www.gm8668.com|taikongczkjb10f.1168.tv|bitten.edgewall.org|developmen.hu|qsc156.com|hd.0752rc.cn|mrchou.com|www.tsyouxi.cn|aryanlink.com|jeffreyhorn.com|www.zhangfeiyijue8.com|gilliangladrag.co.uk|wordpress.com|www.bjbiaoqifeng.com|www.ouyacar.com|socialcompass.net|www.police520.com|akuma2.net|katecarruthers.com|www.gaobeigao.org|www.frgrg4rtt4.com|tlgvieaot.blogdetik.com|lww888.com|smartphonearticles.com|adminunion.com|xingguang00.net114.com|innommable.puk.ro|www.lzwin.com|cwrenren.com|camper38.com|fisherinvestments.org|websitevaluefinder.com|www.maijianfeishuang.com|www.360leyi.com|blog.tkbbs.com|meine-bookmarks.info|qiuxian.com|sina.hd.cn|bbs8.xlphp.net|www.dgsaxvi.com|www.secretsdujeu.com|www.moguss.com|www.qg-knives.com|todaystats.com|www.iogoc.com|mvpevkipu.skynetblogs.be|idsoo.com|www.xiaoyoyo.com|www.arm.com|www.gupuw.com|utsuru.jp|perzent.com|www.17hr.com|torsnima.bloguez.com|www.swktg.com|www.zhongguo315.com|h18r.nfdy.net|www.baimao.com|sh.tsyouxi.cn|www.qisoubao.com|greenhitodama.deviantart.com|hirten-der.ch|www.tszly315.com|www.91boo.com|readingeagle.com|www.canon.com|247deals.com.au|www.yiyimov.com|keeplowellbeautiful.org|www.duanqiaolvheye.com|gostats.ru|ingeniousfly.com|www.pgsl.cn|np.by|www.448000jm.com|bbs.salawed.com|www.0793jc.com|activemindsunh.webs.com|www.showweb.cn|blogbar.de|www.szybwltg.com|olympus.com.au|frontieraccounting.com|www.shopbila.com|campus.360.cn|lhlixumei.cn.alibaba.com|e7lai.me|mirkka.wop.ro|www.960961.com|zhidao.8008cn.net|www.hongboxin.com|dickersonowners.org|www.yitianvote.com|news.gpxz.com|www.gzrf007.com|www.nydfp.com|cakeblast.com|www.cntianxin.com|www.lmmw365.net|o.wxyingxiao.com
www.smmart.nl
limber.org
fukugour.wop.ro
youarelistening.to
wavehunter.jp
aristocrazy.com
maxabout.us
eurobase.se
vtsilc.org
hngruppen.dk
nazghrun.com.pl
strezhevoy.ru
ecokatalog.pl
7177.nfdy.net
ktvolm.jp
protisto.wop.ro
87952974138.qy.tianya.cn
www.jqtw.net
adamsmith.org
sogo26.uml.tw
xzxd.kugame.cn
caxiejin.cn
pourvoie.wop.ro
da.6h.com
pinkcouponcafe.com
ooops.pl
riccartonflorist.co.nz
bunte-gifs.de
denton.wop.ro
juntadeandalucia.es
kruszynska.pl
yagnob.wop.ro
legman.wop.ro
www.ctcc.tv
sabreexplore.com.au
www.joyoy.org
klartext.wop.ro
www.liveprivates.com
www.seatme.nl
vietxinh.info
www.omaseksfilm.nl
tenagusa.puk.ro
www.shijiazhuangtianqi.com
katakiut.wop.ro
genealinks.com
tanseged.info
6tc.cc
alky.puk.ro
pirket.wop.ro
cubuk.polter.pl
infdom.com
graphics.beareyes.com.cn
bct188.com
wisla.blip.pl
rosenheimer-glastechnik.de
highnoonholsters.com
888zt.net
shinereet.com
lovv.nfdy.net
geteut.wop.ro
unfemininity.wop.ro
webbler.de
ly.78.cn
sniper.wop.ro
dlasklepow.pl
88.xntz.net
zakath.soup.io
laurelship.wop.ro
digahole.info
plmlemax.pl
16kaixin.com
kettengebirgen.wop.ro
segullah.org