anvelopeweb.ro
www.haitao9.com
groovymobile.net
mypolicestore.com
grafoteka.pl
svobodnoslovo.com
analisisdetrabajo.info
derrickrosesshoes.com
kupipodarok.ru
manlyexcellence.com
dcbl.com
uned.es
www.smlian.net
chinkara.puk.ro
www.wosezy.net
weavermobile.com
porncomix.net
metricamerica.com
udesc.br
uom.lk
popo520.info
netcom6.com
www.gogo.mn
www.250071.com
www.543qqq.com
riraclub.ie
www.lvhezi.com
www.x05.net
www.hnsycts.com
redeaesquerda.com
autoentusiastas.blogspot.com
qyi168.com
solit24.com
se.ke555.com
www.tbzhuanhi.com
vinothek.info
www.bowien.pl
www.15wdhy.com
wobole.cn
ohwe.210000.org
www.xddjw.gov.cn
ng-escort.de
www.huizhijianet.com
comambiental.com.ar
katsukuni.wop.ro
portalamador.com
videosexe4.info
iamjc.net
3uni.net
autoridaddelconsumidor.gob.pa
www.dayi100.com
arts.allnet.cn
www.xdzs.com.cn
yujiko.wop.ro
gtt5434.com
tongkatali.net
autohelp.mn
cdslindia.com
all.anyany.net
ncpx168.com
lylia.hu
download-whiz-khalifa-ringtones.blogspot.ca
94luoliao.info
apn-dz.org
postsackes.wop.ro
horseracingodds.me.uk
farousa.com
www.lqtjyht.com
mackozer.pl
www.firefox2000.com
www.ipokoj.pl
vissha.com
directferries.ie
nerax.org
ihr-linktipp.de
pvpzon.ru
ethnictobaccoindia.com
d98.us
www.ggrc.cn
www.gsstory.com
tiguta.wop.ro
float.com
campushallen.se
avineon.com
inflightservice.se
t53.ztzt.us
cikkter.com
765aaa.com
fredytv.com
www.qingkong.org
iniada.info
hadi-institute.ir
modchip.it
www.520meitui.com
grimco.com
thewhitestudios.de
p6p6.com
www.zgc.gov.cn
charba.wop.ro
familytreetemplates.net
aloemagazine.com
kstc45.com
pooleinsurance.co.uk
www.rt4848.com
moblesguillen.com
scdlpapers.blogspot.in
rezztoran.com
hsgd.net.cn
445688.com
inti-edu.net
academicwritingtips.org
www.5ee.com
smswriter.com
qqmt.net
rindre.wop.ro
gaming420.com
movietools.info
newriders.com
websystem.cz
saaslight.com
www.chweic.com
rewards-spot.com
landscapesbytom.com
nacski.com
shop-alphaicon.com
yutie.info
www.wangzhi315.cn
octroy.wop.ro
www.96255.com
tuvideoclubx.com
ccdc.nfdy.net
4diq.com
youngvoices.nl
bikeland.org
oumedicine.com
matmas.net
www.yjren520.com
vpsville.ru
pompo.wop.ro
dananews.net
bridgewatercommons.com
andanet.com
www.tooe.org
www.resiay.com
bookmarklegasy.info
realamateurxxx.info
bmiscales.com
ms5188.info
www.eveas.nl
upsup.puk.ro
tousokuh.puk.ro
best-buy-deal.com
foxmarks.com
techo.wop.ro
gerifonds.ch
abgesprochenes.puk.ro
annareads.com
www.4dmn.com
mypcwallpapers.com
livebearers.org
descambiar.wop.ro
potatogoodness.com
soukshop.com
careerjet.ru
whatscripts.com
mieres.com.ar
madmaker.com
kino-dom.tv
neoskop.de
florisan.wop.ro
www.yn114.net
tympani.puk.ro
regionalfind.com
gpwcatalyst.pl
agiri.org
dubnahome.ru
www.ntt-card.co.jp
www.dzxlxj.com
www.lolajl.net
xiashu.net
d-dd.biz
zyrex.com
slida.lk
pizzacouponscodes.com
strato-alojamiento.es
forexmarkettradingz.info
nfinity.pl
bafis-halle.de
www.xxx1111.com
soudure.puk.ro
www.hao229.com
tt1177.com
www.sese98.info
rainbowgrey.webs.com
qingchuntuan.com
claudiarafaella.com
www.lrzp.cn
guffen.wop.ro
goldentriangletour.co.in
qfqv.210000.org
www.mimise2.com
virus-protect.org
ld-t.ru
www.pxian.cn
56aiav.com
deco.ci
yangfanss.com
baylorhealth.com
kakatech.com
unrealizing.gynophoric.piecewis.plattecity.wwwwww.wop.ro
themes1.com
fastprintmalaysia.com
bbls.co.il
sexy-suchen.com
institut-sommeil-vigilance.org
ucvguaira.edu.py
opencart.co.za
www.88887100.net
nps.ed.jp
70439.com
www.chuangyouj.com
bemailer2.info
vrllogistics.com
boliviahostels.com
miyakojimacity.ti-da.net
0549223707.com
gameoke.info
dadoc.or.kr
pornturbo.com
myfolio.com
saludnavarra.es
farly.wop.ro
onania.org
vraagster.wop.ro
zisu.org
www.ae04.com
179401.cn
www.hxqdj.gov.cn
truffelw.wop.ro
villadeleyva.net
al-shareeef.com
sitesbookmarking.com
www.024qingye.com
www.beijingzheng.com
tongliaogongjiao.fdcez.cn
aqq-project.info
compuscore.com
www.456zzz.com
sgjgh.78.cn
nj-gm.com
soudansy.puk.ro
inmuebles.do
dinu.wop.ro
tunisie-sondages.com
paktak.hk
thomms.de
sro-mosk.ru
www.537888.com
52ri.info
www.heylogo.com
webkafe.info
oxincollege.ir
2008106.com
1rediq.ru
www.zgtuango.com
stuart-edwards.info
looved.flog.pl
cinemonger.com
apollo.fyfz.cn
3w12.com
self-defender.net
myphpmaster.com
xugkari.com
www.bxgfbw.com
kuat.puk.ro
debontherocks.com
sonnenkraft.com
q88k.net
www.iwin8.org
www.xqtc.com
zild.digart.pl
the-artist-full-movie.blogspot.sk
www.222bo.com
image-kitchen.com
inok-nv.com
try-now.nl
revolutionvideo.ru
www.iqvod.in
ipb-ru.net
wz.csdn.net
spicepics.com
snesjpr.org
netxpress.biz
nongnoochtropicalgarden.com
muchospremios.com
fsi.spline.de
www.wxwzdq.com
sweetandmaxwell.co.uk
infoakademie.de
maids.puk.ro
webcost.info
bitriangle.info
vs.tc
tr5r.265link.com
plentifulness.puk.ro
cottageguide.co.uk
airline-world-manager.de
trzupek.pl
smartpost.com.br
wbaw.nfdy.net
oakdiningsets.co.uk
rupzzz.hyves.nl
pae-swn.org
teacherville.co.kr
www.mxbmcc.com
talent.czeskieporno.pl
nonfinis.puk.ro
samirabbas.net
shipping-usa.co.uk
socelulares.com.br
ellesees.blogspot.com
quintatech.com
www.joyie.net
bestonlinegames.net
slashracer.com
jitsugen.wop.ro
490338867.cn.gongchang.com
www.tophoer.nl
www.jp-cycling.com
r01.ru
www.ooocedima.ru
lafcpug.org
acmakyok.com
ayb0.265link.com
nationalstemcentre.org.uk
www.56sg.com
lublana.si
indy500hagerstown.com
fudle.info
elnuevodia.com.co
manueldelgado.com
talkgold.co.uk
freedomforex.com
onlinedadrogist.nl
ua-ix.net.ua
hakamada.ru
centronsoftware.com
viajaretudodebom.com.br
xn--mbtx10a8v6a.com
artofloving.ca
chemistry.narod.ru
unfeudal.wop.ro
bodyguardshop.com
luisrubio.mx
www.gyxhjs.com
mfht.1168.tv
vinka.wop.ro
paid4upload.com
o-d-k.net
suxornot.com
talendforge.org
arbeitsb.puk.ro
www.bcad.cn
henne.no
rcjewelry.com
oecp.cn
teengrowth.com
tuugo.com.ve
www.e3co.de
transit.map.yahoo.co.jp
rapnuty.pl
shapshap.com
dreamworld.vg
canadadeals.ca
drc-bzg5.de
emnk.210000.org
mail.163.com
tampagov.net
www.rvauctions.org
www.sport.ro
aloudsound.net
dfjb.com.cn
toppy.org.uk
www.leaimall.com
artofnaturalliving.wordpress.com
carx1.com
whip.puk.ro
private-bad-credit-lenders.com
ventureli.st
lisbonlux.com
yuntongding.1168.tv
airport.jp
offshoreradio.org
spinazieacademie.nl
comuf.com
zhengzhou.kela.cn
whoisbolaji.com
psetta.wop.ro
uwcart.ru
www.cresc.eu
statybajums.lt
pupils.ru
www.vu99.com
pamperthepets.com
emailbiznes.pl
products-services.ru
designspektrum.pl
pecherz.pl
liberarmovil.net
gisline.no
bwvip.com
sony.co.za
ssp-teamsport.de
cloudshore.com
earlychildhoodeducations.com
mymesaba.com
bb.cc
waipo-hotel.com
makaimedia.com
aanstuwd.wop.ro
guihuaxiang.com
tubexxx18.info
unifcg-kredit.ru
vannonces.fr
internet-inspired.com
stchristopher-sports.com
www.metoo.ie
copec.cl
igeta.wop.ro
vodahost.net
singingbone.net
clipsandfasteners.com
masterit.ru
granitecanyon.com
resourcepower.net
tze33-9bb5.tumblr.com
speedwaymedia.com
kennethkerckhofs.be
dienlanhtheviet.com.vn
clanhost.nl
mmm-kazakhstan.info
ezylisting.org
www.xiangpaoshu.com
gor03.ru
niches.wop.ro
toyotaaddix.co.za
sjcdrums.com
nsexpert.com
abwechse.puk.ro
zodiaconline.com
seosalamanca.com
ramps.wop.ro
jshdfy.de.gg
quebecseeds.net
www.678banjia.net
www.tz-expo.com
robinthecoach.com
sxd.cy3.cn
uplolit.com
narutobux.info
udmr.nfdy.net
candidteengirlfriends.com
fincasdelvalle.com
psn.ru
troux.com
r.sega.jp
kpdr.210000.org
www.yzsxy.com
sportamore.se
fb-application.com
interracialgang.com
towerlife.jp
heyash.com
www.sitebro.fr
www.whjdshebei.cn
guidacampeggi.it
pagoswpr.com
makeanenemy.com
longarim.puk.ro
92qnashville.com
weixiaoshuo.com
www.nmgjgdj.gov.cn
4008197197.com
tootay.pl
www.wedm.4f9.org
sqee.cn
www.seopoz.pl
uxcps.com
chelnyltd.ru
fyrephreak.com
www.shymbj.com
mixle.cz
www.dzzzs.cn
auchipoly.edu.ng
inaddminus.com
cmmagazine.ir
skaland.pl
yop.co
csstemplates.net
gsb.or.th
luxuryvegabaja.com
dream-lounge.com
buyselleverything.com
easy1up.com
safarigorilla.com
blogspot.ch
subeducation.com
mskj.net
www.region20.com.ar
rushed.wop.ro
homeschoolmosaics.com
longshumi.com.pl
nesquik.com
hinessight.com
www.cqwgdg.net
xxx-amateurs-xxx.com
revistazo.biz
forpetsonly.it
www.tybcw.cn
www.ttt999.net
ru.org
apertium.org
nokia-asia.com
oaba.fr
harrisinstitute.com
bzw.tw
autoundlkw.de
www.qulela.net
rivasweightloss.net
position.de
guenstig-einrichten.de
cuopbienhth.wordpress.com
lofd.nfdy.net
tarato.info
suendigt.wop.ro
t5ih.210000.org
www.zzz48.com
88.6h20.com
ivonciak.digart.pl
www.aikb.in
usenet-provider.eu
adrianofarano.owni.fr
227.hk
kayseri.bel.tr
yy020.com
birthday.presentidea.org
themedust.com
www.guahao114.net
www.enetsz.cn
www.avavxo.com
topaddlinkdir.com
www.nnjiankang.com
maps-einbinden.de
tev.de
stylelemon.com
www.daftrucks.nl
1234ask.cn
bradleybirth.com
newbathingsuits.7s4.info
www.un5888.com
mfanny.art.br
ooo0.info
salonlines.co.uk
rather-be-shopping.com
huiten99.com
www.jdmzd.com
ringreef.com
www.boxgods.com
rolandovera.com
totaldesk.co.cc
richinstyle.com
castles.co
aralasvegas.com
shopusastores.com
emailencryptionz.info
virologi.info
freekingflakes.de
dhbr.net
wqxx.net
www.daili.cv.ua
luzimmobilier.com
langfangtianqi.qiannan.org
sonandmother.com
stl.digart.pl
developnew.com
xn--so-7ia.li
www.123sqw.net
localizarmoviles.info
www.aakerk.nl
cerience.com
boligangfengji.net
bethproudfoot.blogspot.com
www.blshe.com
korsettshop.at
cos.pl
antoniostanziani.it
yougedi.com
casadiscografica.tv
quikr.pk
iarbiz.com
www.aj2ee.com
strategyguidereviews.com
www.uetd.nl
yernawe.be
entusiasti.ru
fiorry.org
www.wusu.net
dimensiongames.com
xxjc.265link.com
3js.nl
pavant.puk.ro
zellophan.puk.ro
www.cn-hunan.cn
creativeconsultingservices.org
furiafilm.com
amwso.com
www.9941.cc
bridgepresscellars.com
zooseite.de
looftex.com
myssc.in
bbs.teatea.co
www.ehox.de
www.rewanba.com
themakeupgirl.net
ndhub.net
www.chunvse.com
www.52hunan.com
www.gzlcdp.com
mitao520.com
mgaepal.com
baps.org
www.oxatis.es
ponovom.sk
3hk.cc
quote.fm
tvporinternet.tv
cc-tinho.gicp.net
seara.com.br
guirguis.net
ghd50off.com
unebensten.wop.ro
bj.onlinedown.net