mongolab.com
www.jfss360.com
sharingit.co.uk
eingeklemmte.wop.ro
neftegas.info
liveball.tv
malaria40.com
danbraun.com
mpph.nfdy.net
dublerte.puk.ro
zansin.wop.ro
strobree.wop.ro
emiratescity.org
redsociology.com
qav.cc
dogsandpuppies.co.uk
trouwgel.wop.ro
webliste.ch
nickjwifey95.webs.com
pc-online.es
exposednurses.com
molion.fyfz.cn
nationalbanken.dk
youladyboytube.com
www.gmachl.at
pointspread.com
openvideoads.org
comprasnoparaguai.com.br
flyingmuellerbrothers.com
fgxiaolanpppp30m.1168.tv
spk-stanok.ru
hr1871.com
n0.flowermn.osa.pl
trevi.com
lemondedesreligions.fr
medicshops.net
mhweb.pl
sjukemel.puk.ro
palnhumbwest.bloguez.com
mexicanosprimero.org
nettserier.no
www.gsbaykee.com
pornohd69.info
ph.ncjxj.com
baldhead.biz
escortbureau-vlaanderen.startspot.be
blhzxwsy.net
melone.wop.ro
www.nvyongcuiqing.net
globalvoicesonline.org
myweb-portal.info
www.weiykj.cn
e-send.ro
www.v0766.com
miksportraits.com
skaterscafe.com
exatuspr.com.br
webcam-sms-4-0-1-free.vn
opry.com
newusbhub.info
www.665aa.com
osvarke.info
nwesd.org
www.borhanteb.ir
searchve.com
lordporn.net
www.cfwzw.com
con.hu
morganbotanicals.com
mrsgrapevine.com
nakubani.ru
optiononeonline.com
cuanhuasaigon.net
idbi.co.in
www.ttt999.net
www-kurs.de
mlovery.taobao.com
juancong.com
wdjc88.com
www.vahur.hu
www.hbtejiao.com
psiaki.prv.pl
pravkons.ru
fav.li
qjren.com
hodgepodgegarage.com
syncarpy.puk.ro
parissocialclub.com
elmapadelcielo.com
socialbookmarkingfinder.info
simedaka.puk.ro
zoofiliagratis.com.ar
startutazas.hu
familylawaberdeen.co.uk
qqq-qqq.cn
profile.com
www.twjjj.com
www.fjbb.gov.cn
traderselite.com
praima.ru
jiujiuhongyao.1168.tv
sms.org.ir
memorylanebymel.com
fsi-language-courses.org
www.tkjixie.com
odv1.k3y3.net
adventuregaming.co.uk
xuhoo.net
easyjournal.com
greencorner-al.ru
peterboroughcc.com
tadwena.com
dillerdesign.com
raumklim.puk.ro
severiza.wop.ro
www.lzweb.in
techcampglobal.org
www.300301.com
shujutsu.wop.ro
soulgreat.com
www.xiao-you-xi.net
download-fat-joe-ringtones.blogspot.co.nz
www.mxgled.com
por-internet.net
try.meiyi.cn
reselect.wop.ro
uuuubt.com
qwld.nfdy.net
twig-design.co.uk
www.poaa.nl
terradas.wop.ro
scubanase.com
circuitcat.cat
lxlyfyh.com
us.xspf.org
cec-epn.edu.ec
protestantedigital.com
sportstudiobagheera.nl
www.world-slate.com
termometr.wrzuta.pl
tvaudienciadeblogs.in
downloadplrforfree.com
autopalyamatrica.ws
eblockwatch.co.za
tiago.wop.ro
torinobimbi.it
revistasgratis.info
tehdot.blip.pl
isladelburguillo.es
shen.yiwang.cn
sandra1106.pinger.pl
rieker.hu
www.bd80.com
gabionok.hu
gameguard.co.kr
vocalistonline.com
epilasion.ru
s99.cc
nicesport.pl
sircliff.hyves.nl
bollymania.in
thornstone.wop.ro
nexus.sonatype.org
sozcukcevir.com
animalpicture.ru
www.96356.in
acckomputer.com
www.pcr-online.biz
wzzkb.com
norran.se
gz-web.com
www.90hs.us
www.zhexia22.com
w26.org
web-h.info
www.pr12.pl
pengbos.com
setca.net
mrt.ac.lk
asu.freepimphost.com
www.kutengsc.tk
www.gamesgogogo.net
seobybookmarks.com
www.258bc.com
x6.gfzl.info
woman7.ru
hockey-news.info
www.520cc.cc
hbj.ningbo.gov.cn
www.codes5.net
tstong.huanbohainews.com.cn
5101.se
www.yvewhz.com
poznan.soup.io
revert.nl
gindara.com
taylor.puk.ro
www.17a0.org
foliating.puk.ro
kejixun.com
dlapacjenta.pl
percy.ru
400.yanyi.cn
odig.net
mfs.fo
thongdiep.org
wwb.in
georgeholmesii.x10.mx
rasme.com
yealing.net
witchpage.de
iniada.info
www.zhimaizl.com
behesht.info
www.strv.is
clubfiat.ro
iwin.edu.vn
chytrak.cz
www.outdoorsklep.pl
elementalgame.info
watermillholidays.co.uk
www.negitaku.org
spravki.zl.lv
auto.liao1.com
bgn-neustadt.de
www.n3t.pl
mrbj.78.cn
futureworkz.com
xv4.cc
cctv.lap.hu
mrup.265link.com
www.buyonglani.com
kugou.baiduddt.info
beme.net.vn
1186.cc
www.thesys.hu
nobilis.com.pl
stemma.wop.ro
norfolkisland.co
vizisense.com
www.haju.cc
kzcaqudva.skynetblogs.be
midaj.digart.pl
www.114can.com
tastev.com
www.chaoo.info
kmweg.com
homocere.wop.ro
theromanticlife.blogspot.com
insidesales.blogg.se
topv5.com
www.zxint.cn
pinkfacebook.com
gefaesse.wop.ro
dota2-utilities.com
www.rawan.in
handpote.puk.ro
alusshop.com.mx
www.netlab.dk
hansell.dk
webhosting.pl
linkdatabase.nl
sergiolopes.name
k4lab.info
www.kaakaki.com.ng
mjollnir.org
oecist.wwwwww.wop.ro
peer2.net
ilpvideo.com
ros-med.info
pinner.nl
twe8.qiwen5.com
hotrealgirl.pinger.pl
qixian.elandbnb.tw
hessnatur.info
verleer.wop.ro
bj.digart.pl
gattle.puk.ro
uxbite.com
5938.com
1bpk.qiwen5.com
www.youbaixiu.com
roelandmeyer.org
web-manual.co.uk
www.nysfcy.com
trigem.co.kr
sexdategezocht.nl
homesexnews.com
los-horarios.com.ar
loreal-paris.de
www.ywwyedu.com
gerestit.wop.ro
wyc.fillseo.com
vaterland.li
www.honter.pl
azadipress.com
fajara.wop.ro
www.xxbbyy.com
testonlinewebsite.com
ptks.nfdy.net
atehenmei.com
bilprodu.wop.ro
zulk.puk.ro
meenakundan.com
faithbaby.com
theory.workercn.cn
beneaththecover.com
totally-shop.com
thaigooglehack.com
www.bard.pl
www.0571-85151578.com
nuanpp.org
edzel.hyves.nl
www.jstaisheng.com
vchan.org
jl.fccs.com
www.sexgs.net
xg.110.com
alleviar.puk.ro
www.zsnews.cn
www.neodom.pl
preciosas.com.mx
www.xgnzl.net
freebookmarkarticle.info
promdress.co.uk
argenziano.ausklopfen.euwww.wop.ro
w286.com
www.chinahollands.com
amoy.210000.org
cabideiro.com
worthtips.info
zuipin.cn
nj.com
jokeworld.mihanblog.com
turayuki.puk.ro
www.0x50sec.org
www.jiujiuss.com
zhp.pl
wai1010-a15.tumblr.com
amolli.wop.ro
runin.wop.ro
submitdone.com
shinagawa-parts.jp
euroexchange.de
seorankplus.co.in
vipbinary.org
oneinjesus.info
webscript24.de
comacipe.org.mx
viareality.cz
www.chenrenyongpin.uqc.cn
bengoldacre.posterous.com
better-dating.de
wooztones.com
zgyy.in
www.shkaikou.net
www.anbj520.com
www.alltommac.se
726.com
wainepittman.com
lorinquer.com
qask.me
lloydhearingaid.com
www.jsgwyxx.com
garlicwo.wop.ro
leiju1688.com
bosch-career.it
tui.ch
se.987ggg.com
new-smoke.com
krazyexchange.com
zxhp.cn
www.bjblx.cn
dgoca.cn
www.avdr.net
nenekini.wop.ro
liseliporn.tv
down.kunlun.com
ajaxpro.info
www.cuny.edu
www.67card.com
thokkthokkmarket.com
forgatokonyv.lap.hu
stauffacher.ch
www.3jshuwu.info
puug.210000.org
www.ni0bajw.com
cqjkjy.com
gyakokt.freewb.hu
ggc-stream.com
agendadelacomunicacion.es
sanday.jp
miia.wop.ro
www.njliancheng.com
ns3.us
clus.ch
symcell.de
lessons-tva.info
www.6364.cc
kutz.kazimierz.salon24.pl
grabeuh.com
qdzxjx8.b2b.youboy.com
guihuaxiang.com
www.outdoorfridge.org
ll5.eu
www.hvod.cn
fttp.info
sztocsi.xfree.hu
uncor.edu
vandaagopstap.nl
jungtang.com
zgl3635840.fyfz.cn
buildwebhost.com
www.ssc765.com
www.hu0.casedu.org.cn
sciencegl.com
giveawayforyou.info
sq6g.265link.com
www.qianduzw.com
wuye12.com
lawofattraction-thesecret.com
glemgas.com
yousan.puk.ro
solai.cn
userena.cl
www.xawz.net
xuhai1668.huijucn.com
beatsmonsteroutlet.com
mediagadgets.net
mydofollowlink.com
misulzden.freeforums.org
gongqiu.agri.gov.cn
screamoboy.ru
s-wonder.jugem.jp
xseksvideo.com
lechenieslovom.ru
www.tysyjjs.com
disharmonies.wop.ro
www.kroetengruen.de
www.zhufengslate.com
7788mn.com
hebinzhicheng.com
photoshoptutorial-s.info
calendario-lunar.net
www.tqdkw.com
saludtotal.com.co
www.godr.org
cav.uing.net
www.godlines.cn
vaughanmompreneurs.com
findmombasahotels.co.ke
www.lw70.com
www.powerstreet.fr
1gbusbflashdrive.3ji.info
machit.de
inwerken.wop.ro
minecraftworldexchange.com
www.bialog.ro
oyunskor.tv
ong-unc.org
passionofsweden.se
www.jnysmhd.com
olpt.210000.org
smartinc.com.au
kaikei-zimusyo.info
dansukker.dk
pathema.puk.ro
300themovie.info
cof.net.cn
rerecords.wop.ro
ssl-id.de
emtparamedicschoolz.com
simplee.com
desdecuba.com
kount.com
doma.bg
contactenoscolombiaaprende.info
aeek.info
frontosq.wop.ro
hubi12349.digart.pl
www.ifen8.com
gxm.me
tv5.ca
www.ztkygs.info
koo4.cn
my.ust.hk
selbstverwaltung-deutschland.de
tametomo.net
nextore.pl
t.games.sina.com.cn
5mfz.com
www.ancora.cz
chengde.h2h.cn
pixels.fad3.net
paracelsus.de
jibbering.com
thinkerstar.com
mbkoebrugge.hyves.nl
spravkakirova.ru
nebucable.com
aofv.265link.com
touchdown-music.com
www.rizn.bg
www.1wed.cn
morachat.com
barand.lap.hu
bzw.tw
www.haiguanlvshi.com
jldy.210000.org
freecashincome.info
hbtonggai.com
www.chengrense.info
haikou.2882.in
www.ny369.com
dukat.wop.ro
geinoutanoshi.blog.so-net.ne.jp
polkiri.com
prous.com
www.486xx.com
petillion.puk.ro
wi-fi4free.it
coreydp.com
sudachi.puk.ro
qdlaticus.digart.pl
www.abc.hu
diaocvang.com.vn
www.gdjswj.com
pornothumbs.ru
dema-bicycles.com
zapodida.wop.ro
onlinehome-server.info
insideintern.com
zvcd.210000.org
rffj.cn