rp5.nl
mbit.puk.ro
topcoat.co.jp
mealprograms.com
spa008.info
zeek--rewards.co
www.enom.com
www.yueshou.net
internetjobplacement.com
fairlady.com
www.shakaijin.org
vasilenko.info
www.tbzhuanhi.com
globalpartnersearch.com
freshnewgames.com
r-domain.com
wan.to
sosshop.it
www.abjenema.nl
sys.no
www.birouldeimportexport.ro
radio.bialystok.pl
koala.nu
qdg.ca
www.bs120.net
www.currybet.net
pcstech.com
gamesfor3.com
ontmoetdexter.nl
fj.swok.cn
www.8006.tv
www.sssk.ch
internationalpromo.it
globalintegrity.org
bouleversiez.puk.ro
www.szepagynemu.hu
www.septox.hu
67888.bggb.cn
kawoa.com
www.miedzy.blog.pl
bblistup.jp
ballhaus.de
hyzl.210000.org
cifrede.wop.ro
timworstall.com
adero.de
fragrancecity.com
mesenaatti.me
cxzyx.blog.163.com
shenyang.baixing.com
www.ist-tkn.de
www.jxlh.cn
empathyholistics.co.uk
ingyensmskuldes.extra.hu
kisvladnik.com
www.zqdxsc.com
psiaki.prv.pl
www.bancatransilvania.ro
freesms-senden.net
www.zhxhkj.com
moonloh.com
simplydir.net
thematuretube.com
spreadshirt.dk
www.wxtyzx.cn
www.xcshidiao.com
dipucordoba.es
lesacbonmarche.com
angelicdir.com
andrewchristian.com
www.pinzhihk.net
merell.puk.ro
www.se.998.com-www.ccc61.com
hro.ir
ireth.digart.pl
npxyp.net
www.innotiv.nl
66066.info
newzealandbuspasses.com
nepalimate.com
gnutn.org.ar
depcl.3x.ro
ecofoodrecycling.co.uk
www.xiangtan.cn
bollore.com
denge.com.tr
bilboquet.com
pomoc.o2.pl
www.topone.pl
warmingt.puk.ro
51qufanli.com
tip-sa.com
dalvik.googlecode.com
18-print.com
pctrecords.com
ringeraja.ba
zenio.blip.pl
www.cheapbridalwholesale.com
gruma.com
nanfang.tatazx.com
www.rosime.com
ecoformica.it
www.zgmjg.com.cn
na6o.k3y3.net
giannipalagonia.it
kreskoweczki.pl
60wh.com
taozfuqingyuan.b2b.qieta.com
www.foodnmg.cn
www.51uc.com
saeco-support-forum.de
www.puchunjp.com
rusimperia.info
mybmvdeals.com
iranak.org
turnersportsdesk.com
shouka.wop.ro
mbkoebrugge.hyves.nl
hummingbirdhits.com
chinaz.cm
drought.wop.ro
www.muyou.us
domainsugo.hu
bestbathoil.info
extlink.blogsys.jp
arnoldbread.com
www.hcccp.gov.cn
phitter.com
foxalba.com
ca.zhuxianll.com
dhome.pl
loiza.puk.ro
www.zhiyue.me
alientorrents.info
www.gea.de
grey.wop.ro
menschkunst.info
ventatotal7.cl
asketic.lv
uwi.edu
nokiaforum.com.pl
www.top.zp.ua
cancerbeglammed.com
167000.ru
5d6d.cn.im
dietforlosers.info
www.elcato.org
kogeatletik.dk
simplymirrors.com
sf920.com
www.erinstone.org
taobaowalk.com
aikaimage.com
revolucaoangolana.webs.com
advrt.in
haiton.wop.ro
www.abpaudio.net
ams.web.tr
yankeeanalysts.com
bobo.676pp.net
oikeus.fi
wextend.com
albanyhomezone.org
www.456hhh.com
house.com.sa
eroticartnews.com
shinhwafan.jp
www.fuyangfangchan.com
softwaregratis.web.id
www.wanghu.net
enobin.bloguez.com
www.115u.net
ferienhaus-nagel.de
ids-zas.de
bestescorts.co.za
hnjinwang.9998.tv
djokmarsfivi.blogger.hu
www.yzav1.com
btlarsen.com
bedes.puk.ro
kimballoffice.com
61.tlt.cn
navanparish.ie
www.xmsqjs.com
articlevolcano.co.cc
xvznmlww.blog.kazeo.com
fz.se
georg-frank.de
kyouei-ltd.co.jp
fashionforclothing.com
e-barty.it
bawblackandwhite.ch
tuningmex.com
www.miayi.cn
www.jiananol.com
boxing.fi
eblockwatch.co.za
ciftlikoyunlari.org
canuckster.com
dragueuses.wop.ro
www.3wfw.com
dhanphotos.com
shikoku-gas.co.jp
www.vogue.in
outhit.wop.ro
agrfamily.com
clemetparks.com
afsmet.wop.ro
sns.chinaluxus.com
www.cnsmo.net
thuoctridaurang.suckhoevietnam.info
calley.wop.ro
www.wpc.me
shadowsandclouds.com
xtrasize.sg
groupewib.com
thefbapps.in
terugstotende.puk.ro
tobedwicopm.blogger.hu
www.meimeichina.com
tzjy.gov.cn
cky2828.lingdi.net
yyes.qiwen5.com
gaydemon.biz
iar.com
yys.qihaa.info
www.zjgrcw.cn
vistaprint.no
www.uwex.edu
www.yahuleather.com.cn
nantong.zg2sc.cn
atena.puk.ro
topsexex.info
butalife.net
forskningsavd.se
wwtao.net
openlinksys.info
slnb.265link.com
widow2widow.org
vision.ae
schaeffer-ag.de
www.jinligan.com
mar504.wrzuta.pl
allopsm.fr
ockc.ru
haoyule.info
www.yogou.cn
tellurideskiresort.com
ni.dk
77qe7.diandian.com
djscene.lt
hf.86jcw.cn
tiffanyandco-usa.com
videosexe9.info
nanjing.51chudui.com
www.hongbolc.com
rainbowbuzz.tk
photoguild.co.uk
expt.qiwen5.com
www.shuaci.com
madgoat.cn
onerobotstudio.com
www.nxbys.com
wap.yywap.co
tangibledifference.com
stm.fi
mtk-gruppenreisen.de
www.sessoitaliano.net
bloghosting.co.kr
www.wikivegan.org
lolmart.com
www.wzgcc.cn
oud.izb.nl
csd.pl
www.thuecau.com
zabmedia.ru
www.h4399.com
gillie8000.blog.so-net.ne.jp
adminiculum.wop.ro
womenshealthmatters.ca
shuqi.com
515.cc
tecnyo.com
myface.com.nu
v-zoom.ru
www.cc2200.com
cutedirectory.com
wikipublic.net
businessinformationandadvice.com
www.huangguan44.com
achipa.wop.ro
sekretizobilia.ru
mensajeamalvinas.com
legalne.info
svezakucu.rs
eyecity.com.cn
yc.huayueting.net
socw.cc
frameip.com
sexgazetka.pl
thesocialmedianews.com
pobjeda.me
vip2.a168888.com
makeupmania.com
www.jsdtj.com
tout-actu.com
www.nudecelebrityporn.net
qysxy.net
thirdrivermarketing.com
663pp.com
al-robili.com
bakalang.puk.ro
rpej.nfdy.net
enthusin.puk.ro
4ie.ie
sportsmarkette.com
pornothumbs.ru
1800scales.com
unconventionalnet.com
minisites.com
etrium.co.uk
ss188.3355.cc
linet1999.hyves.nl
rp5.ca
wkool.com
dyrlegebutikken.no
vozniski-izpit.com
my-uk-mail.co.uk
razavimet.gov.ir
str8bisexualthoughts.tumblr.com
mypokertracker.com
www.653411.com
pabj.210000.org
compucert.com
www.dhuehfud.com
jejaringkimia.blogspot.com
comune.prato.it
kolaczyce.itl.pl
tverrvit.puk.ro
pxwdq.com
anstand-mrt.blogspot.com
blogculinar.ro
freecredit-report.net
lightspeed.ch
future.com.lb
vcta.dk
latourist.com
stocks.ch
www.yrvod.com
mayfairgames.com
talismgmt.com
firesport.cz
peddl.com
subpelis.info
wp-events-plugin.com
xrope.com
koreanindo.wordpress.com
macworld.com
wegrinta.net
fcb10.info
www.hchjhd.org
www.cyberdyn.cn
bbs.shunde.com.cn
damat.digart.pl
www.51bdt.com
spongyabob-jatekok.b11.hu
inductiestromen.puk.ro
voyance-officielle.fr
broken-links.com
articlebeach.com
mythem.es
lundi.pinger.pl
tappocity.com
866tryelite.com
kresalapesca.com
zimmerpflanzen.ws
cbreviewpages.com
55ys.com
ezedir.com
globerunners.de
chiangmai-bikerental.com
lwlzw.gov.cn
www.tjzljt.com
ee44ee.12397.info
lmt.ro
www.p2p886.infohao.360.cn
xxxmgi.wop.ro
shiny.flog.pl
analonlyy.a-livesexasian.com
uncabulldogs.com
centurion.bb
kovels.com
pawposse.com
www.swjixie.com
emlf.nfdy.net
pisir.edu.pl
spring.edu.sg
hexa-keys.de
www.kingfifa.webd.pl
mbsdirekt.de
aschaffenburg.de
westernsageinsurance.com
hea.cn
www.hallofthephoenix.eu
www.borthy.blogg.se
qibd.lizhidy.net
www.travelco.vn
heiguteng.1168.tv
fti.at
og2.ru
vscaprice.info
forcedfuckers.ru
anuvo.pl
zavodmebel.ru
firstnationalhb.com
www.xianyangzhiyuan.cn
kasiullek.digart.pl
www.jhdiaplay.gmc.globalmarket.net
dbzer0.com
sobie.digart.pl
bxwx.cc
zharov.ucoz.ru
aadikerala.com
singingbone.net
wisterm.pl
orai.tv
prospectuschezmoi.com
yusou.wop.ro
www.dwz.pl
wyxk.cn
digahole.info
zoebl.de
sellvalid.com
www.gcctour.cn
antipodemap.com
molefonkne.wop.ro
safewaresblog.co.nr
www.mimi948.com
www.katechizmus.sk
www.boxing.nl
reg.do
www.cctv017.com
verstell.puk.ro
gzsyddqkgc.wenju.biz
seofnw.com
zgwt.k3y3.net
www.xiaoxiaoyouxi.net.cn
reisu-fars.com
themerchants.info
www.screw-news.com
wap.xd178.net
velo.flog.pl
www.canero.cz
djyy.net
yykkse3.info
www.hengbinli.com
namonaku.wop.ro
4lmy.265link.com
www.rwno.4f9.org
csnf.qiwen5.com
pioneersfestival.com
shawty.a-mycams.com
www.gdllca.org
wealthauthority.com
textus-receptus.com
www.heyuan8090.com
yuwang.in
www.3dijaszportal.hu
taoke.21330.com
www.umdnj.edu
www.eb678.com
kdv.pl
kyamites.com
gsmchinois.com
jiaju.jc001.cn
lc.gljy.cn
www.cqxcs.com
www.60840.com
ustrustcanada.info
selmax.eu
resourcerecycle.net
statistics.gov.lk
3hk.cc
uscauxnvncu.blogtrue.com
deadline.hu
fujicars.jp
www.shgm.net
tousokuh.puk.ro
www.cqsldk.com
kiks.56dvd.net
www.srba.cz
sobmark.info
fufa3310.fyfz.cn
vkc0.265link.com
www.hxjixie.com
tyrann.wop.ro
highmeadows.us
sovidigital.com
invendium-dev.com