automobiliai.biz
www.apseo.com
rhostbh.com
yuluqi.cn
www.wichs.tv
cafemba.ir
www.veterinaire.fr
vanlanschot.com
twice.hu
fleshlight-store.biz
www.nvjdfiddis.com
bananatrans.com.br
gsfc.wop.ro
cjzgw.78.cn
www.ywdg5.in
xbkidjyb.blogger.hu
tele-program.pl
tnsp.210000.org
best-4-stroke-dirt-bike.blog.hr
zytsyx.tmall.com
www.etimes.cc
flyingfox.asia
yerta.puk.ro
www.jigui26.com
alsh.nfdy.net
jkzz.cn
bancodechile.cl
www.ppp444.com
www.gnzlw.com
www.ir-china.com.cn
www.532yx.com
sauta.wop.ro
yaycodes.com
lvonlineshop.net
quanzhou.qd8.com.cn
socialworldnet.net
nmm-hd.org
skott.blog.is
www.shenbb.com
freealbum.mihanblog.com
buddhanet.com.tw
www.appidc.net
harderbloggerfaster.com
h2trade.com
lnbf.210000.org
www.bjjwld.com
look2man.com
civ.hu
zggb.nfdy.net
oranjelovers.hyves.nl
www.mwomen.org
oceandivers.asia
gutin.wop.ro
kruidengeneeskunde.jouwverzamelaar.nl
largeformatphotography.info
gosiaa1.flog.pl
newradio.tk
gb.ru
usc.edu.tw
acerbas.wop.ro
chrisfay.net
www.163valves.com
changzhoubuding.fdchs.cn
enteratecali.net
give1get4-israel.com
www.csospain.es
oferteo.pl
momi3.net
embolum.wop.ro
ipcomms.net
riamoda.ru
www.o-mei.com.cn
www.taobaowomens.com
721001weber.info
aojian.7711.com
leopalacehotels.jp
www.fozuli.com
dy.bcn.cc
edrc.cn
ecard.e-tianping.com
bbs.hty.cc
xf1.derezw.osa.pl
lcqkwz.com
ssjzw.com
resorts360secrets.com
maisou.wop.ro
www.y568.net
nbtm.nfdy.net
msn2.me
geetshabda.com
tautness.puk.ro
ostferns.puk.ro
frames.uk.com
fameproducts.com
la-strada.de
d4q.info
pamelyn.wop.ro
uitdagin.puk.ro
ladysavings.com
listastron.pl
sylvo.wrzuta.pl
www.szzhudi.com
powerinbox.com
tp-pkkpusat.org
showmeyourlinks.blogspot.in
amazon.co.za
inmobi.co.jp
ultrahaus.com.br
vtuner.com
cps.qianshou521.net
www.360site.org
vtew.265link.com
ss95.wap.sh
naruto-zone.ru
rapszodi.puk.ro
shudan.org
erotomania.blog.hr
zctea.cn
www.crgk.org
kiki-verb.com
hamptonbay.me
haffiliation.com
www.zq98888.com
daymen.ca
banjin1.com
gierstko.puk.ro
bf1069.net
www.jljob88.com
outstando.com
www.uplus.cn
www.crjia.com
sonnenkraft.com
wurznito.bloguez.com
ptjuhs.hyves.nl
13c.ru
youthalternatives.com
www.goodvod2.net
basser.puk.ro
www.cnteresa.com
fitness-exercise-guide.info
enix.pl
killmebaby.tv
desktoprating.com
garapon.tv
www.fly3389.com
bortunolteanu.ro
www.meirendu.com
shiaief.wop.ro
printerblackfridaydeals.info
www.golfer.cn
reals.lt
yourfiles.to
kawabeok.wwwwww.wop.ro
indologist.puk.ro
www.91yinhua.com
4webhelp.net
punidora.wop.ro
mminfo.mn
rotjochmetstijl.hyves.nl
cartes-northamerica.com
thekotel.org
securityvulns.com
mediatouch-online.de
anglia.linkpark.hu
trevorjizz.tumblr.com
ilcode.com
slot-777.net
yozawa.info
erogram.net
www.mmrcw.net
mallubox.com
ptsj.net
www.ghzjlt.cn
253.pl
lazzeo.com
lanus.com.ar
www.caodanai3.info
www.60333.com
ratetorate.in
www.12345mm.com
www.marshrutka.ro
3esi.nfdy.net
zwcad.com
delsol.fr
timelesstruths.org
janfc.cn
rc.0376.tv
submitarticles-free.info
drexplain.com
www.sxzz.org
penciltalk.org
mrbass.org
www.557ff.com
raosee.com
www.bjand.net
uci.umk.pl
balkt.puk.ro
oruhuma.wop.ro
puzzerete.wop.ro
www.yh-tech.com
1145591376.wz7d.com
kauai.co.za
uas.mx
pestjobs.hu
mjyh.210000.org
netways.de
xue.szol.net
beic.az
minsheng365.net
powstanie.pl
agita.puk.ro
untuk-lelaki.webs.com
ikati.pinger.pl
www.51dbzf.com
zappo.wop.ro
cn-english.cn
youarejoke.pinger.pl
mazda3klub.hu
www.suutao.com
une.edu.ve
zmhy.qiwen5.com
iwantthatwedding.co.za
xl.wgdnf.info
tianyou1818.ebdoor.com
universomedico.com.mx
marriottmodules.com
ankara.gov.tr
sukienki.eu
targetsseo.com
imod.pl
98i.cn
surf.software.informer.com
1stymnetworker.com
tjcxgdqx.com
agx.gr
www.mfu8.com
diverdirectcorals.com
gscnc.org
www.hainanshangcheng.com
ciemnanocka.blip.pl
tirsdag.wop.ro
suihuaganji.qiannan.org
tashia.digart.pl
hercle.com
www.520hana.com
encebollar.wop.ro
planetaanimal.ru
furnitureonfinance.co.uk
libreas.eu
haptonomie-blog.fr
xfpjw.com
ilger.it
www.joecarletto.com
emprendedoras.com
in-tendhost.co.uk
pace.edu
devaldi.com
yoretime.puk.ro
sellfire.com
www.wlui.cn
acwl.nfdy.net
by0x.k3y3.net
famkroon.nl
tj.bbs.jiaju.sina.com.cn
tenso.puk.ro
tante-ju.net
cofidis.pt
www.zombiedogs.net
mo6.me
weddinglds.info
diaperjunction.com
www.dazao.net.cn
shanghai.aiao.cn
youradsl.co.za
www.acca.so
93zz.com
keibun.wop.ro
www.13kav.com
010vps.com
gastroscan.ru
mamfirme.pl
ironworksforum.com
elistingz.com
queroumencontro.com
panama-real-estate.co
womankino.ru
travelro.ro
golih.net
www.yndhys.com
deutschlandgourmet.info
yasagurekaori.blog.so-net.ne.jp
www.vtnoe.at
animeron.info
diema.bg
pornberry.mobi
skyrama.cz
xwx.cn
www.526zx.com
justahotels.com
www.postnet.pl
www.xx90.info
stormbringer.at
spreadsomeawesome.com
0798.ws
speedytown.com
blauworld.de
cmalo.nl
big-library.info
www.wafu.4f9.org
ogrzewnictwo.pl
netzgefluester.net
www.997cc.com
bdxt.nfdy.net
vifilfell.is
automobil-blog.de
bagtjuh.zoom.nl
www.evvc.nl
knobz.home.pl
racconte.puk.ro
www.foxdoc.com
paned.wop.ro
ringvemedia.com
mail.zhangjun.me
rawcio422.flog.pl
rock-climbing-for-life.com
www.jakus.pl
sendflowers.ru
henv.cn
papilot.pl
hhstyle.pl
megan-summers.com
thuoctridaurang.suckhoevietnam.info
www.csapa.org
529634.cn
caihongcheng.soufun.com
digitalfototreff.de
kidschristianbookreviews.com
dibs.se
11x.pl
www.english119.cn
www.tsgxv.com
cralregionesiciliatrapani.it
bbw.hu
hdcity.com
linkbenefit.info
wiki.komputerswiat.pl
shrewsbury.ac.uk
gamed.nl
huangsedianying.info
zurb.net
graduateschoolmasterseducationz.info
republicanlibertyforum.com
bielsko.pl
99luna.com
jochen-schweizer.de
fta.wa.pl
hqadultvids.com
routeplanner-maaidijk.istats.nl
suikerga.wop.ro
nepaltourism.info
senioren-residenz-davao.info
www.xinminmalu.com
www.jinanjj.org
lula.pl
sintcatharinagildeson.nl
pkejlklag.blogdetik.com
x3sc.qiwen5.com
voorspelling.puk.ro
alfredozucchi.com
sugarfactory.com
stz.s.yxgz.cn
arabalar.gen.tr
www.sxszw.com
kasynointernetowe.biz.pl
amtb.tw
zeta-zone.eu
preiskri.loquet.wwwwww.wop.ro
717.com
ugandansatheart.org
jnuf.265link.com
worth.im
helperek.hu
www.changjun.com.cn
www.yuqun.net
jor.pl
www.ysp.gov.cn
linkadding.info
matomemo.net
smz.jooov.cn
hylle.puk.ro
amway.com.co
www.jzswdc.com
erlyvideo.org
werkself.de
energyonline.gr
obscurities.wop.ro
kairos.wop.ro
ssl-einkaufen.de
szekesfehervar.hu
webmer.tk
premier-capital.com
www.ruizoo.com
gsmdevleri.net
dzwang.com
www.xinlide.com.cn
www.11player.com
forextradingplatformz.info
household.software.informer.com
polskastacja.pl
socialbookmarkingnews.info
ls.bwxx.net
www.hongguxuan.cn
whg.com
www.hy-zd.com
haemolager.ch
blackjackhound.com
escolainfo.com.br
www.ktjzq.com
chouwazi.com
mytoplist.gen.tr
promdressonsale.co.uk
feuergarben.puk.ro
quanjian120.com
dynanet.pl
wmuacfrfu.blog.mongenie.com
service-webmaster.fr
dimeriza.wop.ro
portio.wop.ro
on-mag.fr
lewistow.wwwwww.wop.ro
www.sw517.com
avernus.puk.ro
mee.nu
www.dzaic.gov.cn
mittc.ir
www.twyougu.com
rovini.puk.ro
vsmie.cz
blickwinkel-portal.de
aisanya.net
spyrosol.com
www.0512xm.com
fsmlabs.com
index.do
piibupood.ee
downloadmediafiremoviez.blogspot.com
clipx6.info
youarelistening.to
topfirm.pl
ruatha.wop.ro
www.77xbmeinv.com
dominiok.net
coastalplain.com
www.xiaojie581.com
filmbuffonline.com
www.hnyzy.com
www.corpgo.com
bankersonline.com
melkpap.wop.ro
smzt.kuwo.me
comofazer.com.br
gomaomi.com
www.13845187698.com
www.zjnhs.com
picads.blip.pl
guihuaxiang.com
schuit.puk.ro
raleightwenty.webs.com
www.ltc58r.uqc.cn
maryke.co.za
wjxm.org
www.kjshidai.com
sozai-site.com
frr.ro
www.235300.cn
blic.rs
mazatlaninteractivo.com.mx
kaifan5.com
www.jinankc.com
fordmuscleforums.com
aboundeth.wop.ro
jtb.jp
paraqueestesbien.com.mx
radio-happysun.de
www.malmo.se
gerryweber.de
despegar.com.uy
www.tmz168.com
www.xmalaya.cn
to.mitoxx.com
rpzp.cn
officerecovery.com
www.le-colibri.net
allnigerianrecipes.com
hnmazaigu.com
npmpc.people.com.cn
ngc.pl
www.gaomimi.info
zoom-cinema.fr
moultriefeeders.com
www.yinse88.com
aangename.wop.ro
oswframe.com
www.91bobo.info
www.n998877.com
dogass.blog.xfree.hu
maaczek.pinger.pl
qujiaozhi.diandian.com
phimvothuat.info
dorsz.digart.pl
88xs.15852.com
www.33dyw.com
kux-til.blogbus.com
www.cfxy6.com
plusboard.de
www.xiangyue0769.com
ufiles.info
lasunigeria.org
www.fauna.hu
articlelive.info
www.tkvod.com
kawmassrf.blog.mongenie.com
www.supremecourt.gov
emocje.art.pl
www.hongchaseo.com
uca.edu.ni
nfb.ca
juliawroblewska.pl
psychob.blip.pl
comprasparaguai.com.br
sex.fad3.net
azkorm.digart.pl
thptlevantamsoctrang.edu.vn
eltlwlklf.blog.mongenie.com
yilanbnb.tw
www.0473w.com
aga11.blip.pl
www.zady.info
topzrz.com
df.kk66.cn
ezeefreedirectory.com
zx.libai.cn
travanto.de
blogsfree.org
www.gm8668.com
www.hl0911.com
japanfemdom.net
www.wheretobuywholesale.org
graftombe.nl
singaporebestsite.com
collimat.wop.ro
www.nozare.lv
www.wwaa.pl
mangfpt.info
rose03.digart.pl
cbre.com.sg
culinarya.ru
trucheck.it
www.shwbbj.com
gaotonghuogen.net
tenoru.wop.ro
bct8888.com
www.987ggg.com
myworldlistings.com
www.5skb.com
www.karuite.net
seonightmares.com
thetexasjobsource.com
www.seoso.net
hays.it
ngo-monitor.org
seocompanychandigarh.com