online-business.pro
jandp.soup.io
ccshuang.rfjpp.com
immerses.wop.ro
pctechmagazine.com
emnk.210000.org
iplink.no
appu.corrigio.tiratiros.bewegliche.screenwi.wwwwww.wop.ro
www.monkey.be
nyuujyuu.puk.ro
manor.puk.ro
lomejordeviajar.com.es
agoda.web.id
lateststory.net
nnd8.info
remmonmethoar.puk.ro
cbimobiliare.ro
toxicoid.wop.ro
bbs.sohuko.com
jiaowu.scfc.edu
ueof.nfdy.net
climatiu.wop.ro
bewacher.puk.ro
guihuaxiang.com
gardendirectory.com.ar
yavlinsky.ru
www.arcub.ro
loladela1.hyves.nl
kappedes.wop.ro
flying-tuna.blog.so-net.ne.jp
tui-guang.net
5wbjl.info
tool.med660.com
www.djwq.net
pelais.wop.ro
codeforces.ru
boozt.com
bragat.wop.ro
xixidieyuan.com
afschraa.puk.ro
www.nia.az
starcraft.md
vbaddict.net
pakir.wop.ro
pornoclipz.nl
unrowed.wop.ro
bungee.co.cr
hupan.net
lifeclip.org
hojevouassim.com.br
atehenmei.com
www.vonix.be