elfic.wop.ro
soaz.artblog.fr
eauk.nfdy.net
listings.sg
www.2020dy.net
vgwiki.net
lerel.wop.ro
doktorka.cz
mysmtp.eu
kegelclubmac.nl
homemoney.ua
julia494.hyves.nl
astrozone.com.au
codenavi.net
cicer.wop.ro
www.daikichi.jp
juancong.com
qun.zix.cc
dimonbos.a-liveprivates.com
vashmlmuspeh.ru
www.6895.net
churchia.puk.ro
aaxxx.soup.io
deltaforce.se
kitakanto-carsensor.net
carolepope.com
www.91530.in
www.100sorrisi.it
claritine.hu
gcn.gov.hk
dutchdailynews.com
jiaowu.scfc.edu
wws.ru
448448.hk
www.nv.gov
oidas.puk.ro
surgeryloansforbadcredit.info
reise.ebay.de
freshminds.co.uk
ccftn.com
www.by1tt.cn
hianapa.ru
hassex.net
www.52dqq.info
guihuaxiang.com
ishinabe.wop.ro
anneclapp.com
i-x.com.cn
usigroup.org
wanche100.com
rasaee.ir
webwagon.biz
chunxin8.com
mujka.ca
jdd.org.pl
www.freebackgroundweb.com
www.youjoy.net
vnap.210000.org
dubaievents.ae
hupan.net
offroader.gr
laptopbits.co.uk
anupa.puk.ro