www.afir.fr
www.angbo.cc
www.lyang.net
www.bd125.com
shahblog.net
www.ccstock.cn
www.ceshiyiw.com
www.cisnet.pl
zvoner.ro
www.cotojest.info
www.crc-vip.com
www.czary.pl
www.gooru.pl
www.hert.nl
www.hk-event.jp
www.hsjiptv.com
www.hu0.casedu.org.cn
www.iphonies.de
www.ivt.se
www.jcwk.net
www.jrjr.cn
bienxanh.info
bocciand.wop.ro
boyzone.co.za
bressure.net
bumper.wop.ro
bunt202.digart.pl
calix.wop.ro
camlog.com
carcle.jp
justamente.net
www.zglhgs.com
innato.nl
www.cimbu.cz
www.losco.no
sevensamuraifullmovie.blogspot.ca
bsi.ac.id
gonweb.co.jp
gwbt.k3y3.net
caribbeanmecca.com
erfolg-reich.org
s-lines.net
revesa.wop.ro
depkes.go.id
ssnq.nfdy.net
guangzhou.wshu.info
www.teozofija.net
medebroeders.puk.ro
unlime.wop.ro
zornfunk.wop.ro
shenyang.usconsulate.gov
abiatec.by
amirmusic1.in
atacamit.wop.ro
b273.com
cbimobiliare.ro
chyw.210000.org
www.wqshw.com
denkt.puk.ro
designtist.org
dinamitkipufogo.hu
dinamize.com.br
dutta.wop.ro
dy.xxqs.info
enshi.117.cm
esecra.wop.ro
fullwarez.net
goyub.net
gunnuts.net
yougedi.org
datatransmission.co.uk
hebinzhicheng.com
huohong.uni86.net
japanarts.co.jp
jatb.tv
javasourcecode.org
jpflappie.hyves.nl
jqlw.k3y3.net
jqrulqtbm.freeblog.hu
humebuild.com.au
jqueryscripts.ru
auxamyla.wop.ro
js.ce.esnai.net
js2002.hyves.nl
js3.net
jsh-frankfurt.de
jtonline.info
jtz.cyxw.cc
juegosindie.net
juicycoutureonline.dinstudio.co.uk
julia494.hyves.nl
jutakuga.puk.ro
jyoga.com.tw
jzqi.nfdy.net
k-cosme.jp
k12.ct.us
hupan.net
k12.ky.us
k12.oh.us
kabana9f.1168.tv
kapsalontabak.nl
chargers-express.co.uk
alienasj.wop.ro
kyks.org
asayu.wop.ro
la-bancarella.it
laatst.puk.ro
chili-mac.org
lagmanns.puk.ro
mangguo.org
lahistoriaparalela.com.ar
lancia.es
landa70.hyves.nl
landingsterrein.wop.ro
lane.no
langeoog-travel.de
langlipp.puk.ro
languidecer.wop.ro
koblizci.net
akflatland.no
cdd.cn
angekopp.puk.ro
lankahost.net
laopu.jinnong.cc
laoyaowengxixuecaojz.1168.tv
lastarjetasdecredito.com.mx
latagliatella.es
latribune.fr
laurna.wop.ro
lavan.wop.ro
period3.to
trotsaar.wop.ro
lopinion.ma
molecularlab.it
momschoose.ru
monall.ru
monark.tur.br
mondfluege.puk.ro
monkeyin.puk.ro
monooji.wop.ro
monulu.puk.ro
vrijlope.wop.ro
www.839dy.co
www.letop.be
ajada.wop.ro
buscape.com.ar
dopie.wop.ro
luna-e-sole.co.jp
combom.co.uk
abbrunar.puk.ro
ektoderm.wop.ro
jz.0529.org
www.urbanears-china.cn
zakazat.ru
mbili.wop.ro
pelmel.info
sas.unl.pt
termenses.com.ar
seo.ac
www.ancool.net
agoniseraient.wop.ro
braseamless.1yl.info
djfm.ca
www.gonen.nl
www.mnmt.us
www.uetd.nl
www.kwksw.com
konnte.wop.ro
k9obedience.co.uk
lekkerdoen.nl
opiumbakery.com.tw
rollito.eu
rulez.org
tezie.puk.ro
bz.newssc.org
farsimarket.net
mahatmaen.puk.ro
blogsport.ro