268988.com
www.festivalbunnik.nl
www.k-china.net
www.magnat.de
www.myavon.pl
www.ngrx.net
www.nkp.cz
www.ntjxt.com
www.ooo.lt
www.paginasamarelas.co.mz
www.ruta-inka.com.pe
www.whlyst.com
www.yijiamai.com
wzt.9998.tv
xulibin.com
zehh.210000.org
42os.nfdy.net
6candy.com
aaabillsremvalists.com.au
argusian.wop.ro
as.ua.edu
autoridaddelconsumidor.gob.pa
bcfm.ca
bcz49.com
caid.wop.ro
cd.120job.cn
deyang.66law.cn
epac.to
fctimes.jp
filmz.cz
flashmap.org
fptthaibinh.net
guihuaxiang.com
gwebtools.com.br
helium.co
hkbuas.edu.hk
juancong.com
korathealth.com
lacerano.wop.ro
lagt.nfdy.net
llhc.hyves.nl
local-hook-up.com
makeyourblog.ru
verkkomedia.org
mediastre.am
mediatv.ne.jp
mediclin.de
medizin.de
meego-fr.org
meek.ir
megalinksdirectory.com.ar
megei.jp
mehes.org
meiman.ilanbnb.tw
membraneous.jusin.switchkeeper.wwwwww.wop.ro
mensagens.nom.br
mensas.wop.ro
mentoringstore.ca
mentors.ie
meodiu.us.pn
mercatinoannunci.it
mercedes171.hyves.nl
merchang.puk.ro
merckmanual.jp
palcraft.co.uk
www.jiusi.net
yaal.blip.pl
www.linode.im
theresit.prerebellion.karaoke.hygien.wwwwww.wop.ro
e-monki.pl
tirwit.wop.ro
cypf.78.cn
tzdk.210000.org
dsource.org
qijp.210000.org
ndil.nfdy.net
y1pi.210000.org
nodong.org
www.mpmrecruitment.com.au
casan.com.br
cauthangnghethuattxt.com.vn
512bxfc.com
the-rock.sl
mimixiu.net
wuwf.210000.org
gracemontclair.org
www.uxx.cc
silice.wop.ro
skathari.net
mabuta.wop.ro
coudal.com
buy.chinanb.org
xixidieyuan.com
beitinger.de
tsine.wop.ro
gekinavi.net
gov.ro
glaciarismo.puk.ro
v555.co.cc
fontje.hyves.nl
pctl.210000.org
stachyos.puk.ro
chachala.com
tmgj.210000.org
pcnet.com.tr
tv.szex.hu
linkera.info
www.detair.cn
refog.es
shmu.210000.org
bookbuy8.com