atrico.hamazo.tv
bacterialendocarditis.net
bafang.in
bcfm.ca
bcomplete.com
beurten.puk.ro
bienxanh.info
black.hk
bocciand.wop.ro
boyzone.co.za
braseamless.1yl.info
bressure.net
bucconid.wop.ro
bumper.wop.ro
bunt202.digart.pl
buscape.com.ar
calix.wop.ro
rizi.in
sermonettino.drejeskive.wwwwww.wop.ro
gztv.210000.org
camlog.com
latino.msn.com
cbimobiliare.ro
centerlight.org
cgsn.210000.org
charlie.puk.ro
cheannunci.it
chevy-niva.ru
chyw.210000.org
claranet.de
classiccar.com
cntower.ca
colonic-cleanse.net
com-promos.info
combom.co.uk
comradio.cat
contratti-svizzeri.ch
cooptero.wop.ro
cosmetik.es
crabwise.wop.ro
hocherie.puk.ro
dayperm.ru
dazs.66law.cn
delur.tv
denkt.puk.ro
depdagri.go.id
designtist.org
dinamitkipufogo.hu
dinamize.com.br
docomo.biz
doktorka.cz
dutta.wop.ro
dweper.wop.ro
dy.xxqs.info
ebiznesy.pl
ebonywhores.org
effitrace.fr
eminem-relapse-2009-album.blogspot.ie
enshi.117.cm
epac.to
ericprydz.tv
esecra.wop.ro
eudal.wop.ro
euthenic.puk.ro
f1talks.pl
falciata.wop.ro
farsnevis.ir
fctimes.jp
federmanager.it
fffid.com
fightplay.tv
filmz.cz
flashmap.org
forumbrzeg.pl
fptthaibinh.net
freebooks.vn
fubang18.com
crockerfuneralhome.com
fucinita.wop.ro
fuckmytoons.net
fullwarez.net
fzuw.210000.org
gale-online.org
gamesurf.it
gladiatorgw.com
goldendict.org
goo.com.br
goyub.net
guihuaxiang.com
gunnuts.net
gwebtools.com.br
haizyu.puk.ro
www.2235679.com
hcip.210000.org
hebinzhicheng.com
hispanictips.com
hivaidstribe.com
hjbh.org
hkbuas.edu.hk
100922.net
huohong.uni86.net
huyuanjiadrmj.1168.tv
hypopsel.wop.ro
ifra.wop.ro
intdev.co.za
interkontakt.net
internetengagement.com.au
internetincomeacademy.org
inzyu.wop.ro
iol.co.za
iphonesa.co.za
ipro-shop.gr
irad.fm
irandnn.ir
iranjib.ir
irruan.wop.ro
isicredit.it
islamic-resource.org
ispgate.biz
isport.blesk.cz
isport.com.au
istanbulbilisim.com.tr
mayasolar.mx
isup.me
isurvived.org
it-cp.net
it.gen.nz
itam.nfdy.net
itosigo.wop.ro
itros.blip.pl
itssystems.co.uk
iulm.it
iuruna.puk.ro
ivepesp.org
iweb.net.vn
iyey.nfdy.net
adrien.puk.ro
mengmaijinzujiu.1168.tv
izlehd.net.tc
jamm.210000.org
jamp.cz
japanarts.co.jp
jatb.tv
adult-ash.jp
kzpii.cz
javasourcecode.org
importio.puk.ro
plus500.pt
jawic.or.jp
jbnjakuljkk.page.tl
jc.0316.cc
jeansfun.de
jeetle.in
jemmie.wop.ro
jerusalem.muni.il
jeuking.puk.ro
jhep.jp
chevrony.puk.ro
nsfz.osa.pl
jingyoufengxiong.net
jinhua.qiannan.org
jinlishebei.feijiu.net
jipc.jp
jiqingxx.info
jiujiuhongyao.1168.tv
jiweicun.net
jizbiceunachoda.cz
jldh.net
zeitgere.puk.ro
jli.edu.in
jn.sapo.pt
jobbank.dk
jobnet.dk
jodenkinderen.puk.ro
jogogames.nl
jogusek.wrzuta.pl
johanna-krichling.de
johndyer.name
dzony.soup.io
joinarticles.info
jolokia.cz
angelo.puk.ro
xixidieyuan.com
ilger.it
xixihuafu.com
qilu120.com
is-sec.org
bz.newssc.org
deesa.puk.ro
shinbu.wop.ro
adminunion.com
quequi.com.mx
rumli.puk.ro
heg-portal.de
www.shanghaicaidi.com
wercu.info
mayudama.wop.ro
t39.us
wegdenkt.wop.ro
ngocha.com.vn
rupzzz.hyves.nl
joemonster.org
bloggerviet.com
celerity.wop.ro
miyosire.wop.ro
a.34ls.com
cement.com.ua
juancong.com
a00daveskyler.a-lsawards.com
almaware.net
three20.info
surgeryloansforbadcredit.info
66hk.us
benefits.gov
interkon.puk.ro
y8.in.th
lawoi.puk.ro
flashes.eu
style.qooza.hk
bluefire.com.au
www.detair.cn
5hk.hk
foreparts.puk.ro
chachala.com
validi.puk.ro