baosong.sme.gov.cn
www.regexnetwork.com
zc.jxmmw.org.cn
cultedad.wop.ro
www.gts.hu
murmure.ca
wardegraham.co.uk
sheff.wop.ro
www.bmforum.net
foxel.wrzuta.pl
directwithhotels.com
interkontakt.net
getfitmississippi.com
inuredne.puk.ro
bluesenzo.nl
ecstacy.wop.ro
365108.com
polmaratonwarszawski.pl
muz-online.net
bankrate.co.il
www.gaiz.net
karmelowy.digart.pl
51ise.info
waphww.tk
dxpt.btvu.org
93kk.info
talia.pinger.pl
vifilfell.is
psforum.pl
wxz.dz.vancelle.net
katssafety.com
winx.name
www.557aa.com
fanwencn.com
sjjx.wgwgw.net
togodb.dbcls.jp
crackteam.ws
penza.wop.ro
barcelonaparties.com
promoview.com.br
ssamp.kg
doctorscare24.info
3nations.info
100webs.info
brilloldies.com
spyware-review.net
amway.ca
paseka.prv.pl
amcocoatings.com
526zx.com
skku.edu
lodowkastudenta.pl
nvworld.ru
www.scooter.hu
www.68mcc.info
www.godr.org
civ.hu
spray-tan-byron-bay.com
www.resident-evil-zone.de
baidujpw.cn
mangaid.com
vbkh.nfdy.net
klairedelys.com
careerzine.jp
www.80ru.com
sinopecgroup.com
ch-review.net
kuzovnoy.ru
ksf.org.pl
www.hackjllm.cn
diversehiphop.com
tehran-musiiic.rozblog.com
diclehaber.com
date-spot.info
nemezoo.hu
le-rachat-de-credits.net
mcphears.wop.ro
gizycko.wm.pl
storyful.com
gamershelper.com
sheifunmi.net
nutri.co.jp
vagotropism.puk.ro
abschiede.puk.ro
juegosdeautos.com.ar
zinshin.puk.ro
cnw8.net
vospoemes.fr
334hh.com
www.anlei.me
kxkl.info
millimanbenefits.com
vernin.wop.ro
js.ce.esnai.net
verblendeter.puk.ro
cleanairinitiative.org
laptopbits.co.uk
grand-jeu-biotonic.com
lgyg.nfdy.net
boomertoboomeronline.ca
ogam.net.pl
ut.no
advertisingtimes.fr
utdra.puk.ro
ekujawy.pl
www.ssxx.info
www.tila.be
vladimir-live.ru
mew5.com
oidas.puk.ro
blenke.wop.ro
sslwebapps.net
bmw.wapyc.net
bauernschaft.puk.ro
military.workercn.cn
news.xinmin.cn
mkgenetic.digart.pl
tonys.a1.cn
www.ricric.org
counterland.pl
clevelandtechnews.com
autosource.fr
www.kdxdc.com
cnshu.cn
pornohd69.info
www.meheco.cn
lmitkc.lt
www.139talk.com
www.qqhead.com
www.gongshu.gov.cn
www.dewudai.com
geo.newworldwiki.org
pinakoteka.com.pl
fru-unah.com
hurtownie.pl
www.scu.edu.au
www.daijia.bj.cn
www.one.cu
installc.net
www.siyabas.lk
www.sexingba.com
liveme.org
alarme-protection.info
visathegioi.vn
pacwest2.com
ate-u-tiv.com
www.senvgo.com
grossmog.wop.ro
cashkeywords.com
macvim.org
varicent.com
www.nvyouav.com
flyabroadvisa.com
exequaturenvenezuela.com
www.ap-gangbanwang.com
gigamixmusical.com
novicehorseman.com
rinvino.wop.ro
www.xinlidl.com
www.ikkeda.nl
kaszuby.pl
118call.cn
kruisjasten.puk.ro
midmad.blip.pl
destinationinfinity.org
wapwap.cc
ratatouilles.puk.ro
pohudant.ru
jeux-de-guerre-gratuit.net
www.8586.so
insubordinationrecords.com
www.kuaiboqq.com
dxsjj100.net
historyspeaksinc.org
sansbug.com
6lzo.nfdy.net
dverg.puk.ro
bivalvous.puk.ro
cammac.ca
itstartswith.com
98mcc.info
blickwinkel-portal.de
obchod-detem.cz
leprojetpetiteecole.ca
cnpj.nfdy.net
www.rk24.pl
heb.xdf.cn
highchober.bloguez.com
socialsites.co.in
www.sz-isp.com
gxkj.blogbus.com
www.lwxlcy.com
www.bukaya.net
bikez.biz
fresherangle.blogspot.com
qiqan.biz
11szs.com
www.cn-hunan.cn
www.jingdong163.com
spaintravelguide.com
ggral.flog.pl
www.jnfcyq.com
twsearch.info
dubaievents.ae
haolhc.cn
bronksik.blip.pl
craftserve.pl
www.xdeng.net
lbbook.cn
chud.com
plnhs.com
ikky.wop.ro
fgw.gygov.gov.cn
mblog.biz
ucci.edu.pe
pumula.co.nz
fabpro.pl
warnaco.com
articlehbo.info
pgaik.digart.pl
molumaru.puk.ro
direct-eurost.ru
serwisatmos.pl
gazeta-tejkovo.ru
bookrack.in
www.tongfengtai.com
forextradingplatformz.info
nwjpb.org
sis.waw.pl
edox.ch
www.9yin-wohiu.co.cc
jandan.net
www.svsd.cn
anekdoty.ru
elix.210000.org
tuflibyli.r.gd
victoriabrouhard.com
www.517jia.com
hans-peter-thurm.de
www.biyuncq.co
realtynews24.ru
www.bzi.ro
keitai.fm
www.meihaojz.com
upfree.pl
skol-music.de
muskulat.puk.ro
www.jilu.se
capdesign.se
korea-guide.jp
sonicbrew.info
prnf.info
chanel.nzw.cn
gaokao.chsi.com.cn
www.fjqz110.gov.cn
mobinfo.pl
deanmatthewskiba.co.uk
reasonstation.net
casaiguanapv.blogspot.com
jubilia.pl
to-a.ru
qqsong.com
vsmedia.info
haitham.info
pictopia.com
w690.nfdy.net
synzu.com
creepiest.wop.ro
huaxw.net
agave.wop.ro
idc0838.com
www.viwin7.com
6h.805857.net
salpaste.puk.ro
drought.wop.ro
swbank.az
connaissance.puk.ro
autoresponder.it
hemei120.com
bedienpu.puk.ro
suenoandaluz.pl
ukcl-shoe.net
kakusita.wop.ro
aagayhorsecock.a-lsawards.com
hrm.cqnews.net
nacsj.or.jp
www.yuanyuan8.com
sichuan.tzooo.cn
inetsoftware.de
homemoney.ua
xoops.lap.hu
ournewfutures.com|pageglimpse.com|www.lylxw.cn|www.lmmw365.net|chinataoci.taobao.com|www.xyboke.com|www.holidayhalters.com|www.aegle.com.cn|nj.abiechina.com|xocm.265link.com|www.zhongguo315.com|www.time2008.com|www.yinyin.in|www.retardipedia.com|www.tsyxyj.net|www.sss5678.com|wz.17u.com|www.chinshiro.com|www.shszc.com|buddyhankband.webs.com|www.cdipit.com|libear.com|stix7.com|bbs.007.mx|adultscriptpro.com|hanadai.puk.ro|mba.la|aswagna.net|axhk.nfdy.net|laterco.bloguez.com|emergency1.software.informer.com|www.wztd168.com|oarsmanship.wop.ro|gobysoft.com|www.hubeitour.gov.cn|www.dozon.cn|www.xshpjy.com|icamtech.com|icamtech.net|www.pcpeizhi.com|clearwirelesscomplaints.com|www.77737.net|www.zhangui5.com|52zipper.ywkj.tk|zange.wop.ro|www.gpxz.com|gdus.net|www.3kkx.com|www.qipill.com|www.qg-knives.com|freelancejobs.org|firk.puk.ro|www.dv789.com|www.udiyi.com|heb.xdf.cn|www.chinajchy.com|www.baimao.com|elsword.es|scellaie.wop.ro|sndy.nfdy.net|webgarden.com|zhidao.huarenblog.com|543449.com|www.taolegou888.com|www.shsw888.com|www.68vvv.net
chenzhou.kc7.info
netbet.com
download.omroep.nl
bdbs.k3y3.net
corteyahorre.com
ingegooi.wop.ro
rbs2.com
keskesse.digart.pl
cs.e-net24.pl
florence.com.tr
www.mfu8.com
streamified.me
minrevi.jp
winicjatywa.pl
cutestuff.goedbegin.nl
korene.puk.ro
reactgear.com
www.f71.com
www.neaski.cn
gay2porn.com
goaiyou.wop.ro
podberi-notebook.ru
jrwxw.com
taaze.tw
www.brandsen.nl
inewrl.info
www.jinantianda.com
www7.tokelau-info.tk
ditzel.wop.ro
tvxxxx.info
pwcats.info
www.uanl.mx
www.hfuu.edu.cn
changyij.1168.tv
www.kwiatyozdobne.pl
www.yiwuchina.com.cn
sanjac.edu
resourceworldtv.com
chanflona.wwwwww.wop.ro
hope.edu
admin5.asia
lmdy.in
phpxl.de
gxiao.ga
nageschrevenen.puk.ro
amazon.it
a.34ls.com
www.huachenhanye.com
doh.pl
avrora.spb.ru
www.asglhg.com
rdnavi.co.jp
passables.puk.ro
kredyty.dsl.pl
www.941521.com
veteransmccanada.com
eag.ly
osdw.pl
licnioglasi.org
goztepe.org.tr
gaja1.flog.pl
butyoureagirl.com
shtiuca.ro
acenet-inc.net
www.freebsdwiki.pl
pikolinos.com
vesti.ru
www.8075719.com
vakantiebelgie.be
rawfoodcoach.com
lady.baidu.com
imfu.net
tolkmicko.com
talecha.digart.pl
hms-stingl.at
tj.gov.cn
www.66qd.com
www.adra.be
mbunix.wop.ro
www.stenclimeheszet.hu
www.cnbeta.com
applena.cn
n-dc.com
fleabags.wop.ro
www.sdweiye.com
irantraffic.ir
martillada.puk.ro
sponsor.sexpartnerkontaktanzeigen.net
dotsource.de
yourmediabox.com
www.13eweb.com
ch3nutrigenomics.com
zellfase.wop.ro
tysis.cn
f1-portal.ru
nowarez.hu
osaka-u.ac.jp
deckmaenteln.puk.ro
ratais.puk.ro
silverage.ru
newbodyandlasercenter.com
comradio.cat
keibun.wop.ro
ctrl.wop.ro
ff-14.info
hypnothoughts.com
blog.elle.fr
mmportal.cz
nosohemia.wop.ro
piibupood.ee
aptekaslonik.pl
65kkal.ru
www.899fanli.com
divide.filmaster.pl
asbestos123.com
roughporn.info
directoryanalytic.com
www.0816yst.com
beaverbrooks.co.uk
defjay.de
kzkgop.com.pl
hevi.puk.ro
dcasa.it
pkang.net
ganaalinstante.info
www.tqdkw.com
px3.at
icicle.wop.ro
radhamad.wop.ro
lywxzs.net
shufengdingtongw.1168.tv
www.yzsxy.com
afsy.org
open.zing.vn
laaris.wop.ro
merlucci.wop.ro
socialmediacoursesz.com
tkptn.net
bianpinyo.com
ota-suke.jp
www.tnxc.gov.cn
drehgriffs.wop.ro
65lat.com
3344w.com
55788.diandian.com
totalmerchandise.co.uk
discount-news.info
pixxy.pl
hotbollydivas.com
linkrock.info
www.joowii.com
www.tyjk.net
perky.puk.ro
24hr.se
imgtube.info
spanishp.wop.ro
karting.fad3.net
www.97kaobi.info
www.daan.icoc.cn
katalogaptek.pl
hao.33105.com
oogartsen.nl
kleefgarens.puk.ro
mariasmenu.com
etondegroup.com
lagret.wop.ro
www.2taoke.info
slawop.net
www.ej158.com
raffles.com
closefri.wop.ro
cgwb.gov.in
jinsiyubowanggou.diandian.com
playocio.net
cydcb.78.cn
anomdzevmixn.blogtrue.com
mylittletown.ca
seisenro.wop.ro
tabu75.link.xfree.hu
tenda.puk.ro
baike.baidu.com
all-dressupgames.com
redblog.nto.pl
bookmarkspot.info
bricolageonline.net
vacu.org
caob.5sai.net
evenko.ca
kalvisolai.info
alman.puk.ro
www.mbtxzxgw.com
teh123.com
www.cbf.cz
checkwebsiteprice.com
libyan-sat.com
dochiquilt.com
mobilebridges.com
buysib.ru
beautysocialbookmarking.info
getk2.com
kaplanpublishing.com
wisers.net
loveleiju.com
decorat.net
1betvegas.com
mymetropo.com
vm4o.k3y3.net
centrumdrewniane.pl
toponlinebookmarking.info
bodyimagesbvi.com
voortzei.wop.ro
devhell.ro
95she.com
rohlan.taobao.com
www.jialongdoor.com
vinkelboda.se
babyonline.pl
tanoc.pl
menoschesis.wop.ro
itshenas.com
newyorkcommitteemen.org
eventy.nf.pl
funchmusic.com
bookmarknlink.com
twitjersey.com
weiguanla.com
hugetraffic.com
thumbsplz.deviantart.com
laughingwolf.net
mixoloseum.com
ville-larochelle.fr
consumerinquire.com
manggaonline.com.my
gnyk.digart.pl
thelawportal.co.uk
endomed.ru
cpk8.com
bestcars.com.ua
slownik-online.pl
prettysurf.info
jorgeasis.com
conrad.fr
gblegalmexico.com
total.kz
likestore.com.br
sohisam.info
rentakun.net
elite-games.net
upwith.wop.ro
www.danova.dk
casagargiulo.it
olx.com.ua
www.023hair.com
adfactorspr.com
abrim.wop.ro
weeklyvolcano.com
grav.wop.ro
www.biseksfilm.nl
josef-aretz.de
tecy.nfdy.net
ironsky-derfilm.de
www.syfz88.com
jedistocks.com
www.killdog.net
tiebolt.puk.ro
excitesubmit.com
allyearlinks.com
namevine.com
clickgold.net
peej.co.uk
www.2285008.com
dzidek75.digart.pl
doode.digart.pl
man.anmofirst.com
www.sdlcll.com
www.22mh.net
zalukaj.pl
unico-invest.org
mats.software.informer.com
smzt.baomihua.com
gonweb.co.jp
pressenet.info
balios.wop.ro
www.jutka.pl
globalbookmarkingtoday.info
taniaksiazka.pl
hulssier.wop.ro
cangle.wop.ro
donlinkage.pl
lisek.blip.pl
pda.wyw.hu
retelesociale.ro
londonhotelslist.net
juziseo.com
salisburyjournal.co.uk
www.uwsem.org
sateliti.info
webtemplatesgallery.com
happy2-island.com
divorcefraud.org
kankanai.wop.ro
ggss.com.cn
zwdao.com
mi.99btgongchang.com
scriptola.com
cehuan.com
www.pdata.be
bh01.com
gile.wop.ro
cyberbizia.com
yourwestvalley.com
bornemann-gewindetechnik.de
casamergaz.com
minesec.cm
e-zegarek.pl
veronica8919.wrzuta.pl
lhboutique.com
alger.wop.ro
advert-book.de
nlqiniwno.freeblog.hu
ruqd.nfdy.net
www.cncma.org
ros-med.info
icreatables.com
cnweiqi.com
luizzmezz.com
convecto.puk.ro
seseyou.fl588.com
unconfirmedsources.com
31miraclesonline.com
fashionboxx.net
eisele.net
whomex.com
m.baidu.mobi
lib.ge
hasehiro.co.jp
munnymadness.com
rruss.net
chesterl.wop.ro
ploof.info
decomposition.puk.ro
3erat.com
buldaisuki.info
www.coachoutletonlinef.net
shenmu.sxny.gov.cn
myantiquesonline.com
wyve.nfdy.net
misha-collins.net
chaniu.in
whoislookup.ie
dlxy.eol.cn
promation.pl
www.sdob.nl
ik-net.ne.nu
softwaremind.pl
94luoliao.info
uploadvideos.tv
www.3radp.com
chudniesz-wygrywasz.pl
www.slmj.net
gospelminas.com
www.123.fr
0791.1775.cn
www.yllh.com.cn
xintu.net
www.elhousenyelviskola.hu
amrk.blip.pl
hhplace.org
provette.puk.ro
anas1.com
imed24.pl
lishuo.com
r57.gen.tr
anuncia.me
www.kingfifa.webd.pl
simone.it
miskreditt.puk.ro
za-isakly.ru
schleifblog.de
accrodelamode.com
xdress.com
www.pzhnews.org
qiche.info
divagavi.wop.ro
biojava.org
bigbadcity.com.ar
esjkbaqu.blogger.hu
eniro.pl
jblamplifier4channel.4zc.info
phpstudy.net
www.xkydkw.com
tbxuexi.com
ursynow.waw.pl
ddhssc.com
eacea.ec.europa.eu
wly.ya247.com
www.cn-walks.info
vidro.wop.ro
kristalytorony.hu
www.876ggg.com
skoola.com
gear4.jp
cslink.cz
bookmarksyet.info
anti.puk.ro
semsons.biz
goldenworks.eu
wankerson.com
xinh.tinphunu.info
www.96renti.com
racinggames.com
www.18sdy.com
pogodaducha.pl
greendata.pl
www.hivecafe.jp
regnmqwpqp.blog.mongenie.com
shemaletube.pl
candlere.puk.ro
eszter.info
rebill.info
allgaeuer-kunststube.de
xmorsiriusradio.showsina.info
cuzick.puk.ro
domain-mail.com
marblefa.puk.ro
74674.com
sdantong.com
skyvision.in
peindrons.puk.ro
onlinesbp.com
elblogerperu.blogspot.com
ds.dnfa.info
tv.yahoo.co.jp
lubgol.pl
piazza.wop.ro
skags.wop.ro
edwardpku.com
kimiqueen.jouwpagina.nl
slvkdatcbjy.blogtrue.com
nationallottery.co.za
mymobiles.info
xxcsxy.taobao.com
xiaogan.com
68h.org