kasynointernetowe.biz.pl
www.ntjzq.com
awardspace.info
www.hotelpraid.ro
zhwz.info
mayn.jp
sprawnik.pl
fjb2.56dvd.net
elpirata.pe
zyiis.com
www.nqih.com
home.eit.cc
ausrichtung.wop.ro
upphafssidan.com
ziuz.210000.org
casemodbr.com
hzhcys123.cn.alibaba.com
www.xz65.com
tytka.digart.pl
triadadom.pl
gmc.uzhgorod.ua
kjsc.com.cn
paknet.net
mmanews.pl
terrors.wop.ro
metatest.nl
384047.com
686c.com
phidoi.go.vn
dobi.wop.ro
3jfs.net
www.eveas.nl
amirnawawi.com
hoffie.info
shuma.zhuxian2zt.com
mehrbeautycare.nl
fermapolitica.ro
curriculumvitaedacompilare.it
www.n998877.com
protenis.cz
schnueffel-slips.de
magena13.pinger.pl
www.vtnoe.at
aqey.nfdy.net
non-non.info
www.rxlmdh.us
neek.ir
www.9dgg.net
fashion-paradise.fr
ewie1.blox.pl
v.bjradio.com.cn
eve-isk.com
youthumbs.com
3o.cn
galaga.software.informer.com
ifredrik.com
milver.hu
enkle.wop.ro
biznisliga.info
qq.gjwz.net
gamaarte.com
epay.bg
joomlaportal.cz
bz1ma.net
vnap.210000.org
furatto.info
942942.in
meteo-tv.am
xzsmhy.78.cn
vaolvginta.blog.mongenie.com
zbigniewholdys.blip.pl
wlzezq.78.cn
natasza0727.digart.pl
prontofido.it
hpa-pod.org
isse.org.uk
iofe.pl
www.metapart.nl
wxhrm.com
foromsn.com
ayaco.ru
magharakademia.hu
dtzcb.net
nanago.info
bloghery.info
frankfortballet.com
megarembertow.pl
qht.yimanni.com
emailsfromsanta.com
chyngreyes.com
bay2.qiwen5.com
49yc.us
49ft.com
hl.hljkj.cn
www.quiee.com
clickpayz.com
magazyn-kuchnia.pl
37dz.com
aishuz.com
adlszmfnat.uintu.com
empathyholistics.co.uk
lungless.puk.ro
dyjc.net
newmusiclabel.com
futbolya.com
fuyumi.puk.ro
www.wabei.com
cn-software.com
dohodizruneta.ru
coinombrab.freeforums.org
coachemprendedores.com
3lqv.210000.org
nerdland.info
mtfy.info
apssonora.com
trynid.pl
eventcatalog.ru
cntraders.com
niceradio.fr
freepsychic-readings.com
wheam.wop.ro
2nddegreeprogramsz.info
autoankauf-fahrzeug.de
ej.ru
onlinelearningresearch.info
affinage.wop.ro
www.fashion-click.com
sielises.bloguez.com
bohdan.info
angolnyelv.tlap.hu
ruanxiansheng88.feijiu.net
khimeros.com
f-logic.jp
linksdirs.info
balaeric.wop.ro
fernfachhochschule.ch
futuwawa.pl
daymen.ca
axxiommfg.com
domaingoat.com
googlekontrol.com
8tronics.com
xiyy.info
nikolaos-eventi.com
3xx.biz
hardrockhideout.com
tenerifecity.com
betka.pinger.pl
articles.ba
christianwallpapers.net
dkt-buve.com
eol.cn
witkeysky.com
codexsinaiticus.org
erlingfolkvord.no
alltaobao.com
www.caobi.in
metsel.wop.ro
amwso.com
delovelyg.a-maturescam.com
campersinn.com
iblip.blip.pl
fus.soup.io
truongmamnonlythaito.edu.vn
cuisine-pied-noir.com
designisphilosophy.com
homeconceptdecoration.com
www.pese.co
keijoumy.puk.ro
smb.gov.ru
wdis.co.uk
animationnow.pl
olivetelecom.in
ibc.pl
beneqs.digart.pl
www.fanlidg.com
mayken.digart.pl
dualtec.com.br
escala.jp
14144.tk
netwalkapps.com
bullterrponyva.hu
hgh.info
gaypornvideosonline.ru
voursa.com
bazagmin.pl
www.hzdlk.cn
sarducci.puk.ro
avsese.kickme.to
www.877k.com
autazchin.eu
sirja.wop.ro
directemailmarketingz.info
yk.9939.com
aini.0513.org
rs-direct.co.uk
narakotsu.co.jp
www.580daohang.cn
qq898.info
www.jj.jx.cn
craftserve.pl
tateobi.wop.ro
konaviews.com
car.jiage.cc
wh65.com
www.mfzp88.com
iris-bulbeuses.org
bafut.puk.ro
rg74.ru
jedistocks.com
bookmarksdemon.info
cmth.qiwen5.com
drupalfrance.com
aljoufedu.gov.sa
cristianievangelici.info
ccs.com
heartland.org
roswellhcc.com
aha.de
9111.org
singingbone.net
anekdoty.ru
pushab.wop.ro
filhadaputa.com
linustechtips.com
eliza14.digart.pl
kwgu.k3y3.net
ad2town.com
91aaa.tk
nyo.me
banmarkrentals.com
hopelessrecords.com
aborning.puk.ro
ezmedinfo.com
belkingnetworkadapte.4v6.info
acetylio.puk.ro
6mwww.cn
expression-publique.com
chilipoker.com
citebite.com
kuuchuuy.puk.ro
xiaoyueyao2010.b2b.youboy.com
typepad.com
anvietson.org
webshad.com
academiaauma.es
adiswora.wrzuta.pl
aadikerala.com
cooktocreate.com
diamond-dollar.com
ekr13.info
newcitizen.info
www.zzse.us
www.jxeea.cc
megaplayer.info
cigarasylum.com
3366xs.com
zhushan.cn
f-p.com.tw
animaloja.com.br
locanto.nl
nrrd.210000.org
cashprom.ru
android-dls.com
www.yueqing315.gov.cn
fastlaneus.com
0857.me
xinytt.com
woophy.com
2345.pptv.com
accioba.org
e-mecha.jp
gzhaisen.com
zuslist.com
cipfa.org.uk
www.cubiqz.nl
xn--muratyklmaz-4zbb.com.tr
www.fp81.com
tubeporno.pl
rapidxhtml.com
adyimsolutions.com
gouwulink.com
assaggi.it
1628.cn
samia.us
emqr.qiwen5.com
acadiankennedys.com
lernen-mit-spass.ch
apartmani-marela.com
www.ahm1.4f9.org
chiangmai-bikerental.com
0712.1775.cn
likarili.9r.ro
crogoo.com
faszobraszat.hu
www.220aa.com
buzz.vn
news.wbiao.cn
mychko.ru
dzwncd.78.cn
phpnow.org
971971.co
xronika.az
katyanddave.com
ddt.439.w1.gs
webmasterhome.cn
webtoolz.me
blog.yzwb.net
60wh.com
avernus.puk.ro
hdlf.org
sezhandaohang.8bit.at
rechnik.info
aluss.digart.pl
jenkle.com
dweebden.org
mcpsweb.org
alamout.net
www.sizuhuisuo.net
beholdni.puk.ro
dupeerde.wop.ro
5diary.com
bbs.siyang.cc
msoms-anime.net
22avril.org
hotproxylist.info
antenna-theory.com
dxha.210000.org
freakyshow.info
www.ssbs.cn
markettoyota.co.za
73ca.com
paginaswebcreactivodesign.com.mx
semeuse.puk.ro
6xrw.56dvd.net
bored.com
lwtl.cn
linuxforum.ru
bloghi.com
mp.infor.pl
www.zqhaocai.com
desuso.wop.ro
deploying.software.informer.com
start2000.net
666mi-11go200.diandian.com
www.wansipu.com
julli.flog.pl
forum.te.ua
main.jp
institut-francais.org.uk
mbtlausanne.info
335hh.com
bbs.66xue.com
betabuzz.de
hossa.gda.pl
www.vietnamtourism.org.vn
c136.dyy07.info
asiamarkt-wing.de
430022.com
beautyproductreviewsandrants.info
fitri.it
noctrl.edu
modiriran.ir
cap-sciences.net
bousei.puk.ro
wap.1pt.hk
allmovies.co
box.az
8888168.net
bluehackers.org
67xo.com
cellpay.co.in
homewirelesssecurityz.info
dolphinbayresort.com
informatiegeletterd.be
buehl.de
elrey.wrzuta.pl
golfshop.com.tw
signitysolutions.com
abmp.com
kompick.ru
onlineglobaltravel.com
wematis.de
axelssonkatt.tumblr.com
bogdanauto.com.ua
osirisdevelopment.com
www.caosaobi.com
gigantesque.fr
dozily.wop.ro
f-cafe.net
allongepruik.wop.ro
apola.gr
www.66abcd.com
voip-info.com.br
kleefgarens.puk.ro
m1-centrum.pl
ninaxx.flog.pl
429674020.qqku.com
hitlernewz.com
cn.maaao.com
flaghouse.com
mygirl.com.tw
graphies.puk.ro
cnph.cn
foto-pasja.flog.pl
360.sqxlh.com
frasesparafacebook.ws
furmansound.com
520716.cn
forkammer.puk.ro
ergoindemand.com
cuteweblinks.info
taiwanbike.tw
www.abgent.com
marrandino.it
6ltf.qiwen5.com
carzone.ie
sahafi.jo
attagency.ro
applehungary.com
mailplaneapp.com
kindachi.wop.ro
stupidfacts.net
przepinki.pl
arrowroots.puk.ro
filesking.net
027.118114.cn
on-linefilms.ru
mew.blip.pl
erlebe-insite.de
blog.ggdog.info
baltimore-florists.blog.hr
autodiscountgroup.com
korkep.sk
stellarassault.fsmods.net
wygraj-quiz.pl
albert.cz
kashan-gsm.com
0930168511.magent.com.tw
www.sf.dk
beadem.puk.ro
vingerringen.wop.ro
bbs.eto99.com
www.rc.cc
erexton.com
fatman.nsu.ru
33d9.cn
northbynorthwestern.com
cfo.cio.bg
casadiscografica.tv
qqooopp.com
eyv.5ck7wy.com
adminweb.jp
dkb-club.de
ucbtrainingcenter.com
parkgrovehotel.com
homesearchbarcelona.com
99desi.com
asocialnetwork.co
pill-counters.net
redbull.pl
i2zh.k3y3.net
6htv.com
searchclassifiedads.co.cc
www.dmdc.co.uk
3zitie.cn
putts.puk.ro
www.dogfood.hk
vitbbs.cn
5bb.in
www.365pv.com
erklaere.puk.ro
wtkanwil.com.pl
3amw.com
dansukker.dk
famulicio.puk.ro
www.xinjiaxieye.com
2parale.ro
551128.com
mobilhat.com
rjtlaaom.typepad.com
22zw.cn
www.sexgs.net
ihr.com
tikus.wop.ro
mefa.gov.ir
dolphinaris.com
giftboxes.huarenblog.com
magpie-angel.deviantart.com
aardbron.nl
876786.com
omashal.freeforums.org
shimoisa.puk.ro
seo.net.pl
crmhost.co.za
gurukriupa.com
cimbali.it
juancong.com
fm1617.com
www.95ooo.com
cfqa.265link.com
snowdreamanimations.com
bynet.ro
6qquu-1av21.tumblr.com
www.edu80.com
blog.rucy.ciao.jp
areyes.info
moron.gov.ar
alarabiya99.ae
99name.net
445688.com
michaelwinkler.de
www.97kb.info
imagelanka.com
jocr.jp
371vps.com
fingolfin5.digart.pl
beleza.wa3.com.br
5ydh.info
belazer.puk.ro
360mag.nl
av8.tv
bbs.tazhao.com
ardidosamente.puk.ro
61tube.com
dugdig.info
888888.hk
karin0965.hyves.nl
edlund.dk
dinweiqi.com
hamerfanclub.com
equityapartments.com
chlizaceh.info
hjpts.1168.tv
gunpou.wop.ro
rekibun.or.jp
expecial.wop.ro
mobilemarketingcompletekit.info
wap.62141.cc
doom.lap.hu
dielytra.wop.ro
ljlhyh2006.fyfz.cn
ahjmxx.com
vfsp.nfdy.net
dgsport.cn
elysiumwebdesign.com
inandaround.ie
cdsave.com
bestblogsbrasil.com.br
dhome.pl
googla.org
lugu.wop.ro
deckard.fr
live.fad3.net
7469.com
l2dubai.com
breaden.net
nkca.210000.org
4webhelp.net
nevtelen.hu
www.maler.ch
asblond.wop.ro
votreactuwelcome.com
intelligentutility.com
websitemovers.com
kidsdeal.de
epicphotos.org
jeepcreeps.tv
mm5mm5.com
ehow.wop.ro
dominoq.digart.pl
premier-capital.com
av.1111xx.com
fak.ru
admin918.com
ranuccio.wop.ro
bd-article.com
newstand.ug
taxeu.ro
montagproject.digart.pl
berndnaut.nl
co.br
cwkz.nfdy.net
www.avrtw.com
lexandterry.com
cpa-blaster.com
date-up.com
www.recyklujteshasici.cz
mouse.zol.com.cn
dancehallhits.com
toolsba.com
www.cnchiyue.com
www.comlrc.com
txn.ca
gameplay.md
www.97ssdh.info
funfiles.cc
2startup.biz
nexus.sonatype.org
gsmboltok.info
lr.org
3i1.net
thesexualgourmet.tumblr.com
ryougae.wop.ro
bolsa.com
imperiales.ru
0pet.k3y3.net
huluoboyinyue.wanye68.com
www.gongnuw.com
aightgenossen.ch
look.co.il
all.kharkov.ua
ixda.org
www.xsktg.com
www.peacecorps.umich.edu
macminiserver.com
backtrack-fr.net
029hifi.com
doskaukr.com.ua
companyregistrations.co.uk
grannyexposed.com
teknolojig.net
9pasand.ir
on.forto.pl
psearch.yahoo.co.jp
hothyips.com
www.365wgzj.com
www.dduu.org
54c.ru
0851xiu.com
pornobabytv.info
clickmagicnetwork.com
74floor.ru
codou.com
lishuo.com
mazovia.pl
www.dayulight.cc
gwzr.265link.com
dochiquilt.com
smsd.org
free.vipiu.net
netbypassone.info
vip.wzcbd.com
mercedes.net
partnersmarketing.ru
min.us
biz.uz
fyldepennen.dk
unonotizie.it
www.wh12333.gov.cn
prensa.wop.ro
www.56dh.com
mymanagedaccount.info
lenw.cn
51tbabc.com
ybtcard.com
xiangtan.myjob.com
leksa.flog.pl
opticnet.ro
curro.co.za
cesma.es
ruutartphoto.com
gecementeerde.puk.ro
123xa.org
sat-module.de
erinscloset.net