justbrowse.us
friskposts.info
icoff.ee
avbnet.free.fr
budoxperten.dk
thecamwankers.com
szdnmedt.skynetblogs.be
motorsport-aktuell.com
www.kukud.net
asdf91.wrzuta.pl
orgwww.virscan.org
optavo.wop.ro
zukwiki.org
porno-istorii.info
touchchatapp.com
wyve.nfdy.net
hochgehen.wop.ro
91jj.info
pembinatrails.ca
www.netmero.hu
indiaflowergiftshop.com
consumerdailynews.info
fuckthesocietyfalse.tumblr.com
iceble.tk
prgh.info
katalog-automobilu.cz
mirmetal.ru
foals.puk.ro
succodesign.it
lrt.tv
kimballoffice.com
hcc.nl
i2harmony.info
dda.org.in
wszia.edu.pl
kamot.puk.ro
tedxamsterdam.com
www.casip.ac.cn
arsenalnewsreview.co.uk
hrnews.pl
presidente.digart.pl
www.717.so
treeweb.pl
kave.tk
vobyavleniyah.ru
uuuubt.com
rostovskie.info
wz0891.aonik.com
lauwerzijl.info
8614.zhua.biz
dragnet.se
thetreasureofthesierramadrefullmovie.blogspot.nl
www.kph.org.pl
sdo.gsfc.nasa.gov
vlotheid.puk.ro
kedestudio.com
rz.v2c.cn
k12.or.us
tubesexe2.info
hairybbwpussy.com
rt-express.com
wwww.76me.com
chrono1.software.informer.com
lymebeteg.hu
bocd.com.cn
beshift.com
stream-movies-free.blogspot.ie
dominiohost.com.br
www.havenaer.nl
m.55128.cn
tc6.cc
pus8.qiwen5.com
aqus.kr
tkxin.com
www.5fa.info
darek781.digart.pl
jiasuqi.commas.cn
bing.co.kr
yeslab.org
allinbox.com
guihuaxiang.com
michas93.wrzuta.pl
googlemap.com
abc.cz
lari.265link.com
lizal.cz
seopasswords.com
thyj.yzz.cn
ktyl.blip.pl
bachekaincontri.com
rawa-maz.pl
bbs.e2345.net
elwiki.pl
davidnaylor.co.uk
tvafterdarkonline.com
4zc.info
pump.flog.pl
mitao123.spaces.live.com
www.mytaoke.net
616161.tk
caoliuyaoqingma.tk
www.haoyunzhuangshi.com
hlv.blox.pl
somtajms.digart.pl
naaikuss.puk.ro
kafkas.wop.ro
bangus.com
shinsaku.me.land.to
www.dressale.com
kreissektors.wertete.scorretta.houtyuu.wwwwww.wop.ro
szmudiya.com
lesh.fr
blikoogde.puk.ro
linearticles.info
daisi.wop.ro
medyadagundem.com
www.51cao.info
borodajl.puk.ro
csgia.org
tybet.ru
amwso.com
ngamgaixinh.com
q8talents.com
tacmarketingonline.com
klartext.wop.ro
schlagholz.at
chudoforum.ru
wg.ai92.cn
visitnj.org
www.ltesting.net
dotal.wop.ro
fun-action.at
hask.nfdy.net
www.runff.com
strzegom.pl
www.jfc168.com
tsshutong.cn
suimitsu.puk.ro
singularinsanity.com
petburada.com
mmtuku.info
mushkin.com
fl5.me
heb.xdf.cn
girlsfuckmovies.com
rambia.wop.ro
fpvsz.hu
tvweek.com
applicationandroid.fr
wowdps.cn
econostrum.info
businesstipsweb.info
nlbouw-online.nl
laviata.de
rxpills.it
qu163.net
bodybagsent.net
hms100.hyves.nl
greatlakesav.com
www.ulinix.cn
www.tengerivitorlasberles.hu
91530.cc
www.yuliutang.com
gibytuke.prv.pl
89.pl
www.ruta-inka.com.pe
www.goeshine.com
www.nemtv.ro
safelyremove.com
netpeak.ua
tj.tianya.cn
schoof.puk.ro
hupan.net
www.666ca.com
14mirror.com
mikasa.wop.ro
xonlineme.blogspot.com
www.unie.cz
bloggerjobs.de
www.bslcn.com
legersteden.puk.ro
desperately.pinger.pl
angarc2.deviantart.com
huhuys.com
awer.blox.pl
sexplay69.info
healthwomen.com.tw
kshownow.asia
deost.ru
xsoo.nfdy.net
stylebible.ph
heamang.net
galakleding.info
mnogofilmov.ucoz.ua
baibo.com
bd-article.com
ys.222hh.info
tatakiot.wop.ro
graficapaulista.com.br
joejord.co.uk
www.cd998.net
www.mmsfw.com
angelinaballerina.com
deploying.software.informer.com
waystosaveenergy.co.uk
www.cnxinmao.com
www.txhyw.net
gvenglish.com
hangzhoukezhan.01335.info
www.gzf66.com
alphasondesigns.com
www.gzyes.com
cytick.info
benchtop-freezer.blog.hr
www.kazakhemb.org.il
www.sanwugroup.tk
www.789xy.com
plitrabka.bloguez.com
bdb.jiangxuezhi.org
www.gzffy.com
rosmarket.ru
barded.puk.ro
hydrogode.euwww.wop.ro
qxvx.nfdy.net
duplexers.puk.ro
meke.cn
cn.mobisights.com
www.goupengyou.net
pixic.net
gamblingcommission.gov.uk
www.fation.com.cn
gzkpy.org
myfund.pl
www.daan.icoc.cn
cvalley.co.jp
capnito.cz
origno.com
bbs.xintiao.net
amex-cmb.com
www.chengkaopx.com
sharebees.com
kitakanto-carsensor.net
myuti.com
sgyz.net
iogou.com
vtuner.com
prorsal.puk.ro
banners.com
bu.edu.eg
bearsfuckboys.com
njcx.cn
latagliatella.es
pridetube.com
27yl.duduo.net
terdodgters.bloguez.com
www.av.887e.info
sh.tuku27.com
www.qqvee.com
themefield.com
longchamp-lepliages.com
www.massys.nl
ukhouseinsurancez.info
www.mmmmw.cn
weitz.de
www.kl-lasin.us
templatesellers.info
guaguliaodu.1168.tv
www.foodsell.com.cn
www.kreanord.org
hf8.info
123web.pro
unetassedethe.info
sarahmari.blogdetik.com
www.ws2sc.com
immobilienmakler.klup.info
cksmh.gov.tw
visualapex.com
766.com
91530.in
almased.de
nimbusbooks-verlag.com
quadtk.com
bankpress.ru
ws0537.com
leeaky.com
murziq-upskirt.narod.ru
jis.gov.jm
fitness4x4.com
childrenofpokot.org
nttls.co.jp
southafrica.com
omskmama.ru
littlewhiz.com
kuls.net
letra.puk.ro
mobiletraffic.co.il
www.ontozes.hu
partyluv.com
dextroca.wop.ro
ebo.edu.pl
9d8x.qiwen5.com
thend.wrzuta.pl
m7s.info
deushi.net
globalestrategias.es
fotobase.cn
lofd.nfdy.net
frynds.com
on-the-lamb.com
paramounttpa.com
epromotor.info
www.muslimin.cn
www.majs.hu
ritchiewiki.com
bainsoft.com
www.jtebh.com
www.myren.cc
recatch.tv
lindybrown.com
rocht.com
angekopp.puk.ro
bbs.chinaz.com
indomada.wop.ro
fukuda.co.jp
sckfp.com
xh520.tk
metoperashop.org
cdl.66law.cn
hornypickle.com
www.mpmrecruitment.com.au
ktokogo.pl
www.vscoo.net
manfreds-welt-von-abisz.de.ki
cheerleading-shoes.net
www.new-ag.info
backpackermedan.org
esecra.wop.ro
www.sexhuzy.com
noches.pl
www.weiyiqinhang.com
popkids.neworiental.org
youyouse.fl588.com
torrevieja-holiday-villas.co.uk
hawkie.puk.ro
www.xxx37.com
www.511dh.com
czaj.digart.pl
fenice.pl
qsquare.com.tw
noipress.it
desynced.net
batinote.wordpress.com
s5830.pl
printshopsinc.com
desigifs.com
comuf.com
pojistovnacs.cz
pornoyoutube.org
communitymarketinginc.com
www.dg-zk.com
thelook4less.net
abc.79.net
samsvojmajstor.com
jubejuss.ee
nazghrun.com.pl
noziri.puk.ro
brainfoodextra.com
zbjmm.com
snappy-andy.com
at111.us
etsl.org
wsex.pl
xuijs.com
www.hlfp.net
manafu.ro
www.fulilai.net
contes.biz
himalayanacademy.com
skyldte.puk.ro
littlesaint.ca
supercheapstores.com
jesusviveministries.org
www.tanggaozu.com
commandarticles.info
kaimenzhima.com
glib.wop.ro
www.chunvw.com
beppu-u.ac.jp
openonline.pl
controlarticles.info
finanz-experte.info
phpkurs.pl
jam-music.com.ua
index.do
iluvdressup.com
www.qq1.cn
kolorowemarzenia.pl
www.07686623470.com
qiwei.6188.net
www.stadium.az
ingyenapro.wyw.hu
motorreviews.info
51shuo.net
awebdirectory.info
ticketsbar.es
babyliss.co.uk
porntubelibrary.com
pgs2.net
www.fangwei.org
moniquesartplace.com
bankschutzgemeinschaft.de
arx.digart.pl
feyv.nfdy.net
news.game.com.cn
www.net-pipe.com
multirama.gr
uuav1.info
cancuntodaynews.com
dalliard.net
xj7.info
shanghaiseo.com
www.020dfs.net
www.npx700.com
www.taobao8899.com
piggin.wop.ro
sugita.puk.ro
www.ybdmjy.com
sbagliaste.puk.ro
www.gasexpo.net
compotat.puk.ro
vzb.pl
www.soohu.cn
xn--hu1ba146aba.info
www.10088888.com
hayaotoubao.1168.tv
vito.blip.pl
dfw-jsu.org
roi.orf.at
dhl-bj.net
gry-dladzieci.org
resourcing.co.za
com-web.cn
revorix.de
linknationwide.info
talkfree.com
goodir.info
blogfire.biz
rockstarpix.tv
nachleuc.wop.ro
shift.pl
wusail.com
wilsongop.org
www.hnsbzg.cn
senpaigamer.com
business-tiande.ru
eyeonline.com
aadikerala.com
www.xrgztpc.com
pariera.puk.ro
delur.tv
www.houzi120.com
zalozfirmu.cz
gvxe.56dvd.net
pwcats.info
lvbagusa.net
noctrl.edu
access-southwest.co.uk
www.webren.cn
petlittle.com
molossergroup.com
transmediainc.jp
fswhw.com
taikongczppb30mi.1168.tv
cobrawlers.webs.com
www.hbxianghang.com
aotenjou.hananoir.wwwwww.wop.ro
bijsmaak.wop.ro
jerah.wop.ro
sexgazetka.pl
google.com.co
mandycash.com
reclamao.com
xlzx.ziqiang.net
psiaki.prv.pl
prensa.wop.ro
musicmusic.pinger.pl
selfseo.info
curiosi.wop.ro
docento.es
koans.wop.ro
memory-alpha.org
cuchudua.puk.ro
directoryfile.info
worldmobile.jp
trialsireland.com
kapanga.net
www.159ee.com
www.30ie.com
shaem.digart.pl
www.sss6666.com
encantador.wop.ro
nababo.puk.ro
der-ideen-shop.de
www.6guilin.com
kunyansoft.com
www.njis.cn
sonera.fi
zivinicka-raja.com
www.barmot.pl
www.wm115.com
uni-due.de
www.zuozw.com
bxgbkrdzm.blog.hu
www.oqipai.com
jhm.fr
henhao1.info
losed.tk
www.6can.com
www.fogolu.com
georgiawebcrafters.com
geallite.puk.ro
roddan.puk.ro
cptz.nfdy.net
www.dianguen.com
juegosdeautos.tv
stilmasculin.ro
www.csll.ro
derbysnooker.co.uk
de.mvdrf.ru
capolado.wop.ro
www.94dp.com
www.5321.cn
chinajerseys2011.com
www.wxwzdq.com
www.zczxs.com
forhirejobs.com
ymry.qiwen5.com
nogreaterjoy.org
www.xzqc.net
synechron.com
gxs856898.5food.cn
socialtag.info
stressillness.com
yvlvv.com
www.hunningtu.cn
cnhuyang.com
junhuili.com
farm1.staticflickr.com
bjcloud.k.cn
www.runhetianze.com
www.rmuttso.co.cc
articledirectoryland.info
cystoid.puk.ro
migglechat.com
www.eho.pl
easyhomeconnections.com
yo.tsyouxi.cn
dlvtc.edu.cn
www.eurosys.pl
traders-union.ru
www.wyjy.cn
songyuan.66law.cn
www.kz2010.info
dqxdh.com
redglobaldepagos.com.ar
isshitsu.puk.ro
japanpornmovies.net
www.tk988.com
dzcnc.info
9tv.ru
kollegak.hu
blueprintds.com
www.vlon.net
kangata.wop.ro
auto.gsp.ro
statyour.com
cnsb.cn
ebiznesy.pl
videoporn7.info
i-uranai.net
ck.ckdvd.com
futures.xinhua08.com
taximilanairport.com
www.dichaan.com
dienlanhtheviet.com.vn
7zeven7.nl
musicianguide.cn
www.900ff.com
rovini.puk.ro
mtn.com.sy
linkcounsel.info
www.3done.cn
8106101156.phone.searchwww.com
xcea.nfdy.net
bie.to
techxplore.net
www.hackjllm.cn
vssvalzbety.sk
tuku.cn
ds.blog.pl
www.88se.us
trial-sari.com
oesel.hyves.nl
ksseo.net
xzzsmsyryz.78.cn
somgun.soup.io
culxxx.info
cuponiks.com
gwsh.xlx.pl
fangka.net
pomme.puk.ro
advert-book.de
www.oiv.int
bf.yzz.cn
hillsong.co.uk
moto110.com
zettelte.wop.ro
blutste.puk.ro
www.goodo.info
www.rockting.com
tequilaband.lv
www.521leiju.com
www.recyklujteshasici.cz
danielurda.ro
hohosoft.com
cyberhostpro.com
cryptoparty.org
www.lips.com.tw
52podcast.com
lakeridgechurch.ca
jungleseeds.co.uk
shuizhi.ncyz.com.cn
www.daphme.com
hackathonazerbaijan.org
www.hnryyq.com
www.sceats.com.cn
mmlf.nfdy.net
www.cdjj.net
webpixelpage.de
bg-info.info
fehlerqu.puk.ro
diversifiedbusiness.us
jakkolwiek.digart.pl
ask.me
2kb.co.in
alacourt.gov
marketingformulapro.com
wardata.cz
tedbaker-london.com
mijobrands.net
www.mm399.com
www.yihaich.com
dangwsgw.com
www.csbz188.com
shoppinggranderio.com.br
homeofnews.info
jacweb.info
teplo.com
www.nerta.hu
taumel.wop.ro
cresaefer.blog.com
justsomelyrics.com
monodl.info
uchlhr.com
gnvj.210000.org
wosp-ostrow.pl
fussilet.com
7z0.info
canis.ee
diendanso.vn
norma4.ks.ua
gfriend.info
satsat.info
wh.carschina.com
kutny.pl
fashionfolio.biz
sso.go.th
somna.puk.ro
dweebden.org
www.caesar.it
stanleybet.ro
cdeluruguay.gov.ar
miturex.digart.pl
tentai.puk.ro
loot.co.za
www.vdad.cn
wedigg.org
www.caoya.info
udsving.puk.ro
aanaardi.puk.ro
anfritz.de
sur.digart.pl
tivi.gocrieng.vn
www.artshots.pl
rental.faq.rakuten.co.jp
daysnavi.info
poyo-china.com
tribunemediaservices.com
endura.wop.ro
elmati.cat
resortcerts.com
beautyversand.info
www.5isf.com
ujed.mx
www.yaotome.jp
pdf-more.com
weddingfavorsinbulk.info
devise.puk.ro
funpic.de
cxjz.info
winboard.org
platoscloset.com
caliberclub.ru
mtt.cl
kingbus.com.tw
evenest.pl
potrossalvajes.org
clipxxx69.info
www.kj50.com
southbaylo.edu
couplesoasis.net
uaika.digart.pl
www.ldnet.cn
annuaire-de-nathalie.com
lagt.nfdy.net
kameraakcja.pl
books.gmw.cn
pollogen.com
webpozycja.com.pl
www.huanbohaiwl.com
injm.cn
blog.vipiu.net
burs.puk.ro
erlyvideo.org
sex-party-xxx.com
sitigat.wop.ro
feine.wop.ro
azembassyprague.az
onebookmarkstep.info
xssxss.com
qqdfn.tuita.com
www.dfxz.org
www.gaypersonals.com.au
www.sparse.net
ania081211.pinger.pl
torrent-finder.info
radio-utopie.de
www.magicware.cz
www.kk44kk.com
sztenke.digart.pl
v.rbc.cn
engineseeker.com
hermeticuniversityonline.com
www.shangmenn.com
igri-2012.ru
nk.wst.cn
skku.edu
bodegastw.com.ar
vdelte.com.ua
www.myqile.com
www.bubble.nu
rivasweightloss.net
tj.gov.cn
anupa.puk.ro
www.spbopen.ru
23.gd
toquiodigital.com
mbtchina.net
palcommunity.com
opentraintimes.com
amie.blip.pl
kreditklick.com
watami-takushoku.co.jp
www.rsvp.com.au
schock.dk
sodinheiro.info
pestjobs.hu
rella.puk.ro
ladyrasta.com.br
www.chinarui.cn
gametronik.com
bookcabo.com
szmb.gov.cn
5b6.info
amaryllis-flowers-pictures.blog.hr
gcwap.net
www.zhougongjiemeng.org
www.0510anmo.com
jqnk.nfdy.net
www.dlu8.com
shubaihui.com
pingtandao.com