personalityjunkie.com
123cha.org
wasvrouw.wop.ro
fastpc.pl
chemistrystore.com
www.cwts.ca
studentloandataz.info
bonita.eu
www.ywppt.net
www.3vvv.org
fenti.biz
277se.com
www.janor.se
trade-trade.jp
kp.ua
www.xsq999.com
nj179.com
komiksomania.pl
eymy.flog.pl
bivproductions.net
linkshunt.info
marychacz.digart.pl
iis-answers.com
sitoserio.it
ihm.blox.pl
www.123dbc.com
diversifiedbusiness.us
www.youzhik.com
rtlp.org
e-focus.ws
www.qjqylm.com
diz.blip.pl
www.14448.info
djscene.lt
monstermediaworks.ca
anayurt.biz
mg9.9998.tv
mediaanalyzer.org
svezakucu.rs
www.cbcb.umd.edu
woodbywy.com
www.91taoke.net
tako.net.pl
sanyparts.com
soluzioni-informatiche.info
boundy.de
webplus.info
www.0731ys.com
360tbw.com
onlinefilmvilag.hu
www.exaltor.cz
webstores.ch
gauhe.puk.ro
doci92.wrzuta.pl
kio.hu
skku.edu
ozhs.nfdy.net
www.725dy.info
wshn.hnol.net
fvdh.net
shop-sh.ru
www.sebaidu.info
bewinter.puk.ro
adventuresinblogging.net
fwwap.cc
bokone.com
fx.xlpolo.com
dijo.ro
fy8dy.com
fzen.com.cn
visioncritical.com
fzppxs.78.cn
penjingluntan.com
prettingfelsi.blogger.hu
fzvip.78.cn
www.pixey.de
fzxj.cn
www.tnpascher2013.com
g-global.kz
g.34ls.com
noticia.es
g.virscan.org
masalatextiles.co.za
guilinok.com
expertlink.info
taisiich.wop.ro
healthcarejobs.org
uglyhonest.com
fugi.wop.ro
travelcreditcardz.info
www.028zsgs.com
henshuub.puk.ro
535353.info
addurlnow.info
g2000-g2000.com
upierdliwa.digart.pl
rentersinsurance.com
weblinc.com
gailly.net
gainlinks.info
besttop.mobi
game.ali213.net
fideliscare.org
gamesurf.it
imiona.pinger.pl
garax.jp
game.mop.com
gizmodo.com
we-cms.info
gp32x.com
purduecal.edu
grajteraz.pl
grattz.com
student.pev.pl
greeksubtitles.gr
nyuujaku.puk.ro
gurullada.puk.ro
abbrunar.puk.ro
gustaffik.digart.pl
gzmcmall.com
superlinks.blogspot.com.br
gzmeiy.com
h2nh.210000.org
gotrendy.info
haodp123.com
u76.cn
angolnyelv.tlap.hu
dercio.com.br
jushangmei.com
mononoke.flog.pl
www.jiaoy88.com
kill.online.cq.cn
bbs.365jilin.com
haoji.la
4eh.info
haokafei.cn
harena.info
allemeble.pl
hatae.wop.ro
dlcine.com
whol.org
hbzyzs.info
www.torpesun.atw.hu
hcw520.com
www.leonardoeloi.com.br
hdsexyes.com
hdt.gob.mx
guangdiu.com
www.xj163.cn
letsallworkathome.com
www.jieyitongtop10.com
hdturkporno.com
www.51duobi.com
askalo.info
5ec.info
szansebezdrozy.pl
buttermouth.com
melancia.puk.ro
www.hfbj88.cn
vktemy.ru
saxnet.ch
headache82.soup.io
straeckt.puk.ro
healing4heroes.org
ergraba.com
healthservicewiki.org
hnz4.com
56cs.com.cn
iasworld.com
healthy-joy.msk.ru
1701.210000.org
hebraicaymacabi.com
date-up.com
hqne.210000.org
yckeji.net
commercialphotographydirectory.info
hefei.aifang.com
www.yigeying.com
marianistas.org
heijinsha.com
ils.gr
dnazsmzj.blogger.hu
kushtt.info
hejnet.pl
svnlabs.com
helem.puk.ro
psfocus.nl
heli-depot.com
hellogambia.com
lolcats.soup.io
setup.sk
help.9939.com
indir.biz
help.live.com
usinspect.com
help.weibo.com
kaluweb.fr
www.ypzb.net
arbtoday.net
ciemnanocka.blip.pl
campanul.wop.ro
cost.eu
www.cgmh.org.cn
migente.com
www.qiteyy.com
itaka.wop.ro
hemaservers.com
pejdani.fecsegj.hu
nonukdbhb.freeblog.hu
fsjms.net
selbysoftfurnishings.co.uk
hengguang58.cn.gongchang.com
rzxg.210000.org
hengguang58.cn.toocle.com
o.rdy.jp
www.sancity88.com
hengrui22.qjy168.com
www.peixian.cn
hengshuisu8.fdcez.cn
henryj.org
www.dg-zk.com
www.977sex.info
vivekananda.org
phpstudy.net
tjana-pengar.nu
avvio.pl
www.omga.me
gs.idc5.com
zakatwatch.org
hentai8.fad3.net
84aaaa.diandian.com
vnmg.210000.org
hentai8.info
binhduongbds.com
hentaicommunity.com
sprachtest.de
hentaitube.info
taagz.info
ptibidou.com
www.yjytg.com|apholxfkhn.blogdetik.com|www.havehome.com|www.kotarski.co.uk|www.11lg.com|www.zhongguo315.com|mbsmiley70.org|www.12333-hr.com|setools.cn|www.kanmaopian.org|www.xo52.com|www.dgqinyue.com|fcsalzburgwiki.at|bookmarkdiamond.com|www.uekeji.com|wmlz.78.cn|codeflow.org|www.988058.com|baidujpw.cn|www.szjhjc.com|www.caverta.in|a8t7.lizhidy.net|askhumanapplejack.tumblr.com|www.aikb.in|ylc.net.cn|www.owlmall.com|hcai.cc|28.vg|twclocaledition.com|socialshoppingnetwork.org|fibnjvqpyz.skynetblogs.be|www.365woyou.com|camorris.wop.ro|leeiio.me|rachelhammond.net|www.cpa139.com|huica.tk|www.airjordanyeezy.net|www.srszsm.com|cxxcsd.playz.it|www.kkyxw.com|www.taoess.com|gsebfchurch.webs.com|www.55sqz.com|r8r88.com|bytes.co|wiralodra.heck.in|bedpp.com|www.0399.net|www.qiaoqiao.net|www.shszc.com|newlcn.com|www.shszc.com|www.xshpjy.com|openhandhelds.net|fasmr.ssmb.ro|www.91sxo.com|neuebookmarks.com|t.zhzyw.org|barcelonarem.com|effectivetaxratecalculatoruvio.wordpress.com|www.zj558.com|cnph.cn|www.nbjiashan.com|hoodestate.ning.com|www.us-christianlouboutinonline.com|cn.maaao.com|chushi.hnpr.cn|qiuxian.com|blog.xuming.net|www.94dp.com|www.babaw.com|spb.renavigator.ru|realitatea.mobi|www.chuju010.com|hilts.wop.ro|cqrm.cn|www.szaaa.com|stacum.a-liveprivates.com|orlate.wop.ro|hempsygoq.blog.hu|3kse.com|jrtyn.com|www.op-woo.com|daaata.com|www.712q.com|go2left.com|w.beijingyiyuanguahao.org|mlemchukwu.com|9yin-vvoniuu.com|www.yunaimm.com|wetab-community.de|www.jzkeji.com.cn|www.dcyishu.com|hklny.taobao.com|rz-sd.cninfo.net|www.xiaoyoyo.com|www.gve.cn|downsrs.com|blogsome.com|claremanson.deviantart.com
66bobo-723a.tumblr.com
laserarticles.info
mafiaspillet.no
kidsdeal.de
www.rtyssy.cc
heppenheim-web.info
fsn.mobi
herabsteigenden.puk.ro
jmjl.210000.org
haydee.com.br
heraldtimesonline.com
profeto.pl
se.77qsw.com
actingbalanced.com
ventatotal7.cl
herefordshirebuilders.com
herexxxtoons.com
pogrywam.pl
artsonia.com
bijia123.cn
hermanastro.puk.ro
yzrcw.78.cn
www.ikuaibo.be
lqrc028.com
ikeastampa.it
herwaard.puk.ro
ur-social.com
orifleim-skazka.ru
hevi.puk.ro
exposebuenosaires.com
flibug.org
webanalysis.us
www.revco.ro
www.cninfoyu.cn
hoogvliet.com
upf.edu
mohhq.com
pieters80.hyves.nl
mi.99bitgongchang.org
www.ly521.org
itlounge.eu
adleader.pl
anuskadziu.wrzuta.pl
visibill.co.nz
www.jetzt.de
gegegan.com
hvuz.nfdy.net
biznisliga.info
htp.ac.id
vietucchau.com
humyai95.info
icebergbux.ru
www.tongxing114.com
idancing.cn
idlest.wop.ro
eucd.info
igmarkets.co.uk
mitteilu.wop.ro
laveteranaplus.com.ar
cocomment.com
ilsa.nfdy.net
mondoworldwide.com
www.job.cqu.edu.cn
hk.damn.so
veidaa.flog.pl
fullshangweblog.com
everlastinginanger.flog.pl
bbs.sjzcity.com
www.uk444.com
seaboardstudio123.com
aranzadi.es
minet.jp
offizin24.de
abp1.qiwen5.com
infoo.se
youseemii.fr
www.fcv2008.dk
pllogic.com
unyx.eu
kobski.com
jn.bwxx.net
jmaaze.diandian.com
alfabank.ru
embo.org
webprojektant.pl
mmpk.nfdy.net
information.de
iphoneappreviewguy.com
ipadtv.cc
jalalabad.wop.ro
blogsbyfans.com
tp.59jj.info
nyhetsdatabasen.se
www.waga9.com
javascriptgarden.info
olka6633.flog.pl
chotot.info
www.198ok.com
rossmoor.us
jbnjakuljkk.page.tl
jc.0316.cc
seot.in
jeffgardner.ca
9xd.info
jefj.hyves.nl
www.21js.org
yythw.com
99itao.com
xiaoshuoxiu.com
tf2012.egi.eu
djtomee.de
www.njztq.com
yxdna.com
pkt.pl
dem.pinger.pl
www.520lianai.com
9494job.com
diarioladiscusion.cl
deng3636.blogspot.com
chisum.puk.ro
wowtaiwan.com.tw
ziembor.pl
alvino.puk.ro
eros-thanatos.com
humyai63.info
downloadzones.info
percevalfinance.com
gorgeouspantyhose.com
naplesseo.com
www.yxinw.com
isaac.soup.io
c8.7iii.info
pinoy-ako.info
wsjy.fyfz.cn
indonesiaberprestasi.web.id
www.xxx881.com
www.jzxuc.com
www.3339.cn
kultboy.com
kontaktkalender.de
www.kfsyw.cn
www.wynnking.com
burnettpainting.com
sandiegohaunted.com
fwb7.k3y3.net
roberthalf.it
photostudio.bg
scrapedlinks.com
riedspatzen.de
mazurown.wop.ro
local-hook-up.com
explainxkcd.com
fx.tl
www.cf193.com
www.lebaw.com
kingdomcultureministries.info
stopatom.cba.pl
websitemovers.com
mulberryhandbags-uk.info
bridgewell.org
greenday.art.pl
www.westchinago.com
borisfx.com
daotaobatdongsan.edu.vn
www.chinaviagra.info
midyo.com.tr
wayback.com
www.znjkw.net
fixed.software.informer.com
shop.minebb.com
bankbusinessloanz.info
weba.ru
www.kan250.com
unexplainablee.flog.pl
dist-tutor.info
6hfy.com
hausamwald.se
hidecube.info
collinor.de
mypaycheckcalculator.net
cjh.cz
cityexpress.ru
sharkpie.com
dimmedne.wop.ro
kimowota.net
radio-hitshaker.co.de
dewf.nfdy.net
skjuta.wop.ro
takyuuda.puk.ro
salamayor32.com
alutka-malutka.wrzuta.pl
ageface.com
138dh.us
www.yinfan.net
lactocit.puk.ro
mobiledevicemanagementz.info
96pk.jtxm.ws
musee-chateau-fontainebleau.fr
faststart.ru
acquistareuggs.com
bbs.sz9060.net
hlbb.nfdy.net
kontramarka.ru
www.dxh11.com
nuss.56dvd.net
e.cantonfair.org.cn
downloadstube.org
tabicapi.com
palnhumbwest.bloguez.com
ejxmxcupiw.blog.kazeo.com
armaniwatches.uk.com
quadridentated.puk.ro
blackbusinessspace.com
shamstraightmaleescort.co.uk
linustechtips.com
nucullers.com
bartnik.digart.pl
knits.wop.ro
fastforexmillions.com
miyosire.wop.ro
sentier.us.com
i-lateral.com
ajaxpro.info
511sd.com
tigaku.wop.ro
feestwinkel-groet.istats.nl
jadsonet.com
kanjukumania.com
mdm.kfgame.com
silentfloor.ca
teaze.wop.ro
guanyun.gov.cn
isurvived.org
unica.wop.ro
yxdb.co.cc
www.tebim.pl
activebookmarking.com
energyonline.gr
langke.dk.tc
recept.lap.hu
shoushen.bmizg.com
classifiedads4all.com
www.cao10086.info
karmorra.info
niedostrzegalna.digart.pl
jktyre.com
kinoline.su
nepujsag.hu
v.pps.tv
paolobossiniblog.it
www.htys.cc
www.meihaojz.com
siteszones.com
dokarmianie.blip.pl
zeal-gp.co.jp
www.ysmmjd.com
www.iii80.com
sonderions.wop.ro
wp.flog.pl
whatshebuys.com
www.jyw888.com
ikky.wop.ro
www.haoriz.net
tci-khorasan.ir
mindmixer.com
dsr.com.pl
filmspek.com
www.everal.pl
snapdrag.wop.ro
dysse.puk.ro
sccnursingalumni.org
zgmp114.com
aanwiese.puk.ro
blog.3czhidao.com
aksudiyari.cn
synechron.com
dxwl.210000.org
musicvideos-hq.net
www.ckm69.pl
rewardgateway.co.uk
neks.info
needfulthingzs.org
adlszmfnat.uintu.com
lear.hk
experten-tricks.de
www.liuyimiao.cn.vc
forex2.info
apotekhjem.no
vano.vn
www.aid.nl
xahaqrbdd.blog.mongenie.com
kwiatek.edu.pl
spa008.info
www.zgdino.com
www.nanrend.tk
theignatpost.ru
c.5kk.in
yellowpagesindia.net
d3.ru
8181168.info
rejuela.puk.ro
jonesentertainments.co.uk
www.smi.pl
goodten.org
findwhatwhere.info
findafreelance.co.il
band.pl
robest.net
xinqideren.diandian.com
www.linbajiezl.com
archyyyy.hyves.nl
dbamyoceny.pl
86g.org
www.babykan.com
sauvegarde-donnees.com
www.vchn.nl
szpilki.soup.io
www.seatme.nl
elcuartopoder.com.mx
socw.cc
vanarendonk.nl
8cw.be
www.sxhack.net
redlightevents.com
uitdagin.puk.ro
www.iti.pl
www.shisu.edu.cn
institutoideias.com.br
www.yinqq.com
bcc.it
www.jnlsfw.com
www.gomega.jp
intertrust.jp
blauersalon.at
egroupware.org
www.pravopis.cz
cabletelevisionservicez.info
simplegtd.com
travian.ws
com-web.cn
biura-magazyny.pl
www.chinlux.com
tamil-bible.com
www.bookmk.com
www.ptsxx.cn
www.malamuteclub.org
www.chnav.com
manosegunda.info
juancong.com
kuntal.org
v.rbc.cn
www.stt.lt
codebrief.com
lickitty.com
www.uxx.cc
28g.co.uk
www.sarok.org
www.12ddd.in
ke555.com
www.zygjg.com
thecouponscoop.com
www.huaxiaborui.com
vizeu.com.br
khilafah.com
32zolltv.info
www.mbabuy.com
undereyewrinklesewi.info
womd.info
ya-ob.ru
tmq9.lizhidy.net
ilawaonline.pl
patch.ali213.net
js.ce.esnai.net
antipathieke.wop.ro
aqzpw.com
browsershots.org
www.haoav123.com
aare.edu.au
deutsches-seniorenportal.de
watch-gossipgirl-season2.blogspot.sk
www.113113.net
www.klwww.net
www.nnn.co.jp
serviceafter.do
katoenfluweel.wop.ro
nines.wop.ro
www.aiwen2345.com
adfoundry.com
qsa.ch
swps.edu.pl
mypearllife.com
investpuls.pl
perugia.it
www.yxfsgc.com
tremani.nl
especialistassecundarios.net
sobmark.info
www.gzmengli.com
freepornsexxx.com
adobance-pro.info
ihc.unc.edu
seasonalnews.info
www.789xy.com
eleveneggs.org
bookmarking2site.info
whatstodo.in
amrod.co.za
www.opowiesciwpr.bloog.pl
hcbbt.com
www.liga.net
boatshowchina.com
www.vaovan.fr
ortskenntnisse.wop.ro
elektroauto-gebraucht-kaufen.de
yktcw.com
zhaoqingsu8.fdchs.cn
www.sriwork.hk
ligadepadres.cl
inieleo.hyves.nl
tl.changyou.com
fipe.com.br
v4mk.210000.org
kickingthehabit.nl
www.hopna.net
hypodermically.respinsero.wwwwww.wop.ro
smz.jooov.cn
maure.wop.ro
pocketin.wop.ro
keiyaku.info
weldbham.com
solopreciosbajos.es
flying-jump-radio.de
jeanmari.wop.ro
mrchou.com
nuevoviernes-nuevolibro.es
turktechnet.org
dibbs.puk.ro
wielded.puk.ro
stock.cfi.cn
hot-pics.in
gulshnagdish.com.pl
98fu.tk
zenit.flog.pl
videosdesexo.ws
tmbam.co.th
rudezakupy.pinger.pl
katuno.wop.ro
roundtheworldexperts.co.uk
hometheaterprojector.4vw.info
somden.wop.ro
www.dijiaqi.com
shop63788365.taobao.com
demaio.info
54545tb.com
uplbox.info
mhs.com
athoic.wop.ro
jif.com
audiomusica.com
k4947.co.cc
redart.digart.pl
gordonsv.wop.ro
www.soushenmo.com
scsn.cn
muzyka.57.pl
sushihouse.cl
avernus.puk.ro
hfhtzs.com
www.teta.com.cn
anfritz.de
www.xixise1.com
www.egov.md
soonish.puk.ro
tm892.net
hjbh.org
atrl.me
www.shal007.com
triboliu.wop.ro
bbmsupport.com
kantoork.wop.ro
ngobrol.us
keshilliministrave.al
vegweb.com
dam24.de
mc-s.nu
o41.ndw1.us
www.ckck520.com
helpdesk-online.net
www.972sf.com
zajfon.pl
salesportal.com
tw-bathle.tk
cantarillo.puk.ro
itwenti.com
dszy.cn
tonysurridge.co.uk
mediatravel.ru
asfory.com
www.platinumfashion.hu
www.saglamlik.com
epikwin.com
truckdog.com
543ee.com
www.cntugongbu.com
domgeo.ru
srs.gs
shopbarbers.net
hnfgw.gov.cn
1320800672.qqku.com
ai666.info
www.9787.info
shlf.info
braeman.euwww.wop.ro
philmitschforamerica.com
carmines.pl
www.93nv.com
cfdian.com
tenwu.com
portline.com
sejcfs.ugu.pl
tanita-hw.co.jp
tenagusa.puk.ro
goodrich13.com
vu.6ak.info
www.lxjunshi.com
www.bkjy.sdnu.edu.cn
wintershop.pl
anadoluhayat.com.tr
software4fun.de
cedarnews.net
bookmarkingtraffic.info
gf-porno.com
saifhassan.info
africaxotica.com
hayesmedi.com
prepsrugby.us
nusexvideo.nl
www.188188.info
hebinzhicheng.com
www.apkplay.com
www.zhiye18.com
wzhai.com
avtoport.ua
gofan.info
xq57.cn.vc
warenek.ru
zttwap.net
qq78668762.web-135.com
www.sqhxgg.com
www.ivsky.com
themes4you.net
cwa-union.org
hwahomewarranty.com
www.fjqz110.gov.cn
fulbright.state.gov
ls.bwxx.net
sina-niko-heiraten.de.ki
www.yxtcwl.com
lvaaa.net
griyoib.com
seoulforeign.org
goingglobaleastmeetswest.blogspot.com
www.52liuxing.com
8373.vgb.no
braseamless.1yl.info
www.roowei.co
moviecolors.net
shell.ca
mjql.210000.org
tappi.org
thursday-afternoon.com
fundraisingbox.com
cpdi-agadir.info
www.wurft.nl
masumizu.puk.ro
syntasium.com
beni92.fecsegj.hu
www.lsx00.com
koszyka.pl
keihards.wop.ro
moviemaster.de
gq.ru
nme.blip.pl
dooperelle.pl
tuili.com
janefonda.com
videocraving.com
liberarmovil.net
12stones.com
yu-lan.cc
myyatradiary.blogspot.in
aladdinserv.com
ifjusagi-szallas.szallas.del-dunantul.istenhozta.hu
www.61x.net
truprint.co.uk
karamay.tel
www.gogo.mn
stattracking.info
weferlia.freeforums.org
www.yxsco.cn
www.v10.pl
bytesbrothers.com
onyxgfx.com
www.qingons.com
gaychatz.net
sanp.info
yougedi.org
world.daqi.com
noutbyk-magazin.ru
hdhkkd.com
printcity.com
uwph.210000.org
pdrcihaber.com
greenz.jp
260983562.taobao.com
nitetimetoys.com
viaggodasogno.it
3h.ca
allfortheboys.com
qkrk.56dvd.net
bbs.0731.cn
bbot.blip.pl
lipto.info
www.hzad.info
realamateurxxx.info
overheer.puk.ro
jlpian.com
ssaa888.com
rememberthealamo.info
certificat-ecommerce.fr
witchpage.de
www.s4foryou.net
www.scu.edu.au
www.sajko.se
cqbanzhengjian.com
k12.nc.us
www.jxfc0633.com
toplace.com
www.aspjc.com
www.qqq88.net
bannut.puk.ro
zqp.pl
www.audible.fr
bio-logic.info
claudia901.winblog.ro
www.mm151.com
weihnachtsgeschenke.de
ibiubi.com.br
rtcquebec.ca
www.rendezvenymegoldasok.hu
bbs49.net
alarmeren.puk.ro
whbytfs-1.tumblr.com
game-dev.pl
culsexehd.info
artdecor24.pl
dku.blip.pl
sarimingeek.com
www.22rc.com
neoviatelecom.com.br
venecsibiry.ru
cc310.com
kimipe-movie.jp
artu.pinger.pl
www.suzwang.com
idev.co.in
bim.ir
macpara.com
nn.gxrc.cc
www.twjjj.com
stonebuy.us
wetpaint.com
whitetapes.de
registracija-vozila.rs
sociocomplement.info
recurvit.wop.ro
virtualactivism.org
www.paropunte.net
www.jimi007.com
www.cncma.org
zerafshan.info
webnhanh.vn
qidiantianxia.net
affibiz.com
jiangaole4f.1168.tv