twistzie.wop.ro
vdok.265link.com
gd.anxiang.gov.cn
phinebun.wop.ro
wilsongop.org
hostingserversz.info
muse.wop.ro
sbrigo.wop.ro
skelette.puk.ro
brom.nfdy.net
descambiar.wop.ro
www.jinanjintai.com
www.flickr.com
kanala.com.tr
orange.pl
knaakland.nl
malena.pl
mywebsitepr.com
liseliporno.org
junqueral.puk.ro
www.zhangxinran.com
studio-kg.com
rackmountpcchassis.7h1.info
gscnc.org
pajarero.wop.ro
juras.blip.pl
chachala.com
sorsele.puk.ro
wildwoodbaptistky.org
zeldaelements.net
seomarks.info
timeedit.se
cassolet.puk.ro
mikroartikel.info
cadeiratiffany.info
traff.wop.ro
iglesiadesancarlos.cl
www.tianlingzhi.cn
zahori.sk
zjfzpf.78.cn
www.xingping.ccoo.cn
geile-brenda.maakjestart.nl
repleto.wop.ro
jespersaur.com
iraklio.gr
sb-2b.info
foroalejandria.com
shishu.info
steffi-pichler.at
ccftn.com
writersmagazine.it
karim2000.info
just4usa.info
tijdschrift.nl
www.666za.com
cuvr.nfdy.net
hondaplaza.pl
ltt.xt.pl
yupiao.info
paike.dy365.cn
isee.sina.net
www.116.com.tw
mhk.pl
jisakuti.wop.ro
prwv.info
atehenmei.com
junanmiaomu.com
www.mediatel.pl
chamaliaaaa.hyves.nl
briantracy.jp
dominicanatours.pt
www.smileagd.pl
molden.puk.ro
www.dgshunjia.com
gameshay.info
18hxbbs.info
lchfklubben.se
ihi.org
stationsofthecross.us
latajpozakupy.pl
humyai61.info
porn.sc
webtvxxxdesir.info
myzlo.info
www.lgyclt.com
www.0312byd.com
phimcapba.info
www.sitebro.jp
stig.ro
globalmuslim.web.id
renwiki.info
wanyy.info
konaviews.com
33583.vgb.no
335hh.com
odnokllassnki.info
3366.com.cn
jameskutty.info
lifein.hk
www.efca.pl
animetoplist.org
oval.wop.ro
ssnq.nfdy.net
345pp.info
345uu.info
zkhiphani.co.za
34840.site.booen.com
3499.cc
34dee2xvzess5m38u9d1fneue1.hop.clickbank.net
hee-jeroentje.hyves.nl
34ls.com
34mn.com
350721.fjsnw.cn
suantang.go.th
3556825.i.tiexue.net
clausstahl.nl
356c.us
35ys.net
bociara03.flog.pl
jiaqinglm.com
360-full-movie.blogspot.ca
eryk9.digart.pl
mitkbh.dk
360.sqxlh.com
3600safe.com
cuge.org
www.szdef.com
hunter-gamers.net
north-volbs.info
360430.com
hnrl.78.cn
360buyc.om
afdweilden.puk.ro
rodrigosilva.info
liaa.gov.lv
360hqb.com
look4design.ie
server-list.info
360joyo.com
xcams.ee
kidal.info
jama3fna.com
etservice.info
net110.ms.gov.cn
360qqdg.com
35sao.com
francobiz.com
concursosweb.info
gefaesse.wop.ro
360sou.com
3g.48cf.net
360waigua.com
360xzs.com
www.xuananh.vn
361du.net
361jk.info
365.cc
proside.info
lijmstan.wop.ro
365108.com
3659898.com
cqjkjy.com
www.liftech.net
365a8.com
808866.co.de
lifeslurp.info
www.aa585.com
photo-printers.org.uk
365aiao.com
mydeal.lk
physiatrical.puk.ro
365hk.net
365jia.cn
svezakucu.rs
obikidas.wop.ro
365kone.com
www.23jiji.com
365winner.biz
366paydayloans.co.uk
3683.com
infoprace.cz
36988.in
369ka.com
www.0537qb.com
369trip.cn
36kf.wq029.com
darmowe24h.eu
36nf.com
motocaina.pl
36pi.210000.org
pliggsiteslist.info
371.net
mugmall.jp
371jiuxun.com
esfri.hyves.nl
www.85861.cn
ideasonboard.org
371vps.com
375048140.blogbus.com
aprilzaa.wop.ro
www.polo2012tw.com
japanlife-net.co.jp
37eu.com
37go.net
38.aiao.cn
3833833.cn
383955.com
383960.com
erntender.wop.ro
383961.com
www.ulinix.be
383968.com
aangedur.puk.ro
383972.com
383980.com
socialbookmarkinglist.info
383981.com
383987.com
www.583idc.com
5dzp.cn
383991.com
384002.com
384003.com
384004.com
cedars-sinai.edu
grpmail.biz
384012.com
384015.com
qruvbeizsqc.de.tl
384046.com
384047.com
384049.com
388488.com
38jjj-823a.tumblr.com
www.jinanyingda.com
38jjj-823b.tumblr.com
www.bahai.org
38jjj-823c.tumblr.com
piphut.com
www.9ifanli.com
38nc.com
38post.com
zaqk.ro
carocean.pl
3929.cn
wwf.pl
wrellis.net
indexiran.ir
casehall.info
392963326.taobao.com
393800564.cn.nowec.com
parizeurovikend.cz
kurtlarvadisipusuizle.info
www.zgtuango.com
398.cn
399u.com
39articles.net
bu1850-watch.info
39za.nfdy.net
3akis.lt
3amw.com
3assncock4play.a-lsawards.com
www.av1414.com
3azv.com
setia.pl
3bb.ru
3bbiptvhd.4yb.info
3cgadget.com
3clines.com
flippinburgers.se
fjsygh.com
3cmoli.com
3cq.org
iberes.wop.ro
3cy.tv
nyarumato.2chblog.jp