endormiriez.wop.ro
quinielista.es
justpay.pl
fazes.wop.ro
allrecipes.co.in
dmdmoda.pl
a.x77.me
samar.wop.ro
kaspersky.fr
jara.blip.pl
bartnik.digart.pl
www.studiobento.tv
www.nczd.ru
khatib.wop.ro
aluplast.com.pl
www.7ca.net
feizhouyeniu12fen.1168.tv
xkasiakxx.digart.pl
rosnet.ru
campari.com
buftea.olx.ro
socialbookmarksearch.info
4script.info
www.top-6.com
www.wapnet.tk
metros.wop.ro
www.7ghost8.com
knowbest.info
www.btjixie.com
dccreative.org
lnit.edu.cn
elix.210000.org
vurv.nfdy.net
amway.com.co
miscelanea.info
www.gz6sense.com
mifflint.wop.ro
www.ispan.pl
julitucha.flog.pl
michaeljacksonscode.webs.com
sieki.wop.ro
lehikana.flog.pl
indian-airlines.nic.in
wowestores.co.uk
zywyrozaniec.pl
www.8090kk.co
b.888sss.info
ankbot.com
asiayone.wop.ro
hao.33105.com
jiuye.xawl.org
pagerankstore.info
meshsocial.info
it.binhyenquan.com
sat-life.info
unifolio.wop.ro
bcotlghlz.blogerzi.com
shope.info
peripatetic.puk.ro
streamhd.eu
dzdp.nfdy.net
indianpioneers.com
socketapp.com
parafie-strzyzewo-jankowo.pl
hatsumi.wop.ro
kiraga.info
www.770123.com
wedeln.puk.ro
televanbh.com.br
ukkq.265link.com
odds.789530.com
mbili.wop.ro
www.qzpfzc.com
www.wjj027.com
aicel.info
justmeans.com
word.co
gf-underlien.dk
123.pl
esgieha.pl
www.infoseek.co.jp
rpo.digart.pl
freedirectorylisting.info
seat-farum.dk
diadofretegratis.com.br
tarenea.cz
lfzart.com
lacrym.wop.ro
www.socss.cn
labrero.puk.ro
nachgeschicktem.puk.ro
www.pocoyl.org
lurdanis.wop.ro
dogshoppe.net
ibetherthol.page.tl
filmsx23.net
www.hsjiptv.com
headache82.soup.io
omsktut.ru
www.pdclinks.net
www.5068.com
www.rc9000.com
amazingp.wrzuta.pl
seo90s.com
www.33ccc.info
guihuaxiang.com
muraldavila.com.br
zerschos.puk.ro
www.parot.fbl.pl
2938.ir
yaknge.wop.ro
convecto.puk.ro
paktak.hk
eu1l.qiwen5.com
tusabeklk.net
qixian.elandbnb.tw
www.coolwallpapershd.net
aquijuego.com
yw.0577bj.com
in.reuters.com
key.plu.cn
prwv.info
www.atmost.info
www.222abcd.com
yanan.jzsx.org
obmen-akov.clan.su
24au.info
dibudao.diandian.com
dichcongchungso1.com
www.gajdar.pl
dichtienganhso1.com
dichvucamdo.info
muzykant.flog.pl
dichvuchuyennha.org
dichvutangle.com.vn
dichvuvanchuyen.com.vn
dickwu.com
didongmango.com
diemdaihoc.com
diemden.trungdich.vn
diendan.gpm.vn
diggingfortruth.org
digital-specter.com
digitalizalo.net
roonix.com.pl
dilicms.com
dimajadid.net
dobradieta.warszawa.pl
doctorgev.org
dokterkink.sexzsite.nl
hdsexteen.com
hdsexyes.com
he.189.cn
healing4heroes.org
heartland.org
www.adrianwykrota.pl
heilerdored.page.tl
heimagu.net
www.zgykc.net
hejin123.com
it8wn.info
webphotoshop.pl
www.zpkpkp.pl
jadr.de
jakehi.wanye68.com
jbtalks.com
www.sxs123.com
jcjrfbzs.blogger.hu
jedistocks.com
jeez.jp
jegyelovetel.hu
jena-im-wandel.de
fadhli.web.id
jeparafurniture.com
www.rpgmaker.pl
republiekallochtonie.nl
jeuxmaker.com
utili.wop.ro
jf-castelo.pt
jf.wgdnf.info
jf6d.uqc.cn
jgmalvqiyd.blog.hu
jgyy.wst.cn
www.mblog.pl
jhankinewz.info
jhkcrejiee.freeblog.hu
jiaju.99114.com
jianduedu.host4.idc136.com
jiangmen.job001.cn
jiangsu.martianreptile.com
jiangsu.qyi168.com
leadmanagementz.info
jiangxi.cistc.gov.cn
jif.org.au
jilin.ucar.cn
jillthorn.com
xxxmgi.wop.ro
js.ce.esnai.net
jilupian.youku.com
jin24k.com
jinghua.cn
silentshot.soup.io
woerstfrance.com
jingtianqr.1168.tv
jizhe.cc
jizou.blog.so-net.ne.jp
jizz-on-my-gf.wanknews.com
rxpills.it
jjjppp.cn
jjynzhqqxg.blogger.hu
jl.1775.cn
jl.bidcenter.com.cn
helldive.org
webindeks.pl
jaunira.puk.ro
w88n88.com
hupan.com
i-cube.gr
dotpoch.com
tabutimu.wop.ro
www.etkqq.gov.cn
vinylbreaker.net
www.ylsw.net
idiota.wop.ro
dinanimtia.blog.pl
ifilhome.com
igoex.com
isobyglilg.freeblog.hu
gasthaus-poetz.at
netways.de
stillup.ca
56dh.com
5a6a.net
64748.hemelsesex.nl
cnc.3745.com.cn
www.turboproject.nl
assemblages.puk.ro
www.gssex121.com
artevoce.com
brandbox.uz
dibao.org
dotpay.netpr.pl
dyndns.biz
zr.digart.pl
97md.org
beelo.digart.pl
emiratesstadium.info
freebookmarkidea.info
ginou.wop.ro
gracemontclair.org
hkozvxbrkvqj.com
igmarkets.co.uk
information.de
janneke475.hyves.nl
lovas-kifestok.kifesto1.hu
mamare.info
movie-torrentz.tv
net-mar.pl
net110.ms.gov.cn
olx.no
optonline.net
prnf.info
news.stack.nl
qindex.info
shopniagara.ca
solegro.pl
studiojg.pl
tnec.co.jp
visualtec.es
www.dianstone.com
www.taian.gov.cn
silverjet.nl
maxtelecom.bg
trova.wop.ro
www.ulinix.be
allargassi.puk.ro
www.cninf.com
spark.org.vn
letapartment.com
vostok.es
nemausa.info
thudded.puk.ro
ilovemotor.jp
www.textera.se
www.toz.pl
www.tumei.cc
www.wpc.me
guiyang.bgo.cn
blogzr.us
izap.in
linkazia.co.jp
76.procjoueaw.osa.pl
chiggerweed.puk.ro
energiaolcson.hu
novelist.jp
lasky.wop.ro
infosdesite.fr
www.msmplock.pl
www.665aa.com
epicself.com
lala-xiaoniu.taobao.com
gargantuansearchenginedirectory.info
toko.puk.ro
viajesturismo.info
www.banzhengwangzhan.com
www.gam3zlife.info
pascalhens.de
workwithjessemeyers.com
www.jncyjj.9998.tv
www.experian.es
artdecor24.pl
izbelvane.info
roflcopter.pl
wicz.210000.org
www.nnn62.com
orangeinfo.fr
arcluce.it
chinanetedu.info
fukulog.co.jp
www.zsq9.com
hupan.net
tradevan.com.tw
mayhembiolos.posterous.com
preattun.wop.ro
indses.wop.ro
bjp110.com
www.ceas.cc
www.bdu.me
angebote.allgaeu.info
9adf.265link.com
kamoshit.wop.ro
zyme.wop.ro
beijing.qyi168.com
peigna.wop.ro
57ro.qiwen5.com
imprint.com
www.baorushe.com
nimh.wop.ro
btoj.210000.org
zlotoryja.info
publishing-expo.co.uk
www.ynnk.4f9.org
excelforum.pl
svt.se
mkvi.info
www.adh.cn