wsjhqd.78.cn
nogre.blip.pl
prwv.info
zlgmcu.com
www.cjkav.com
zacandvanessa.pinger.pl
guihuaxiang.com
ak-warriors.cba.pl
ek33.eekk.org
yulin.sxrcw.net
dy.iirt.info
fendou.info
romantunnel.info
samar.wop.ro
hkslazar.pl
zuraka.wop.ro
fsi.spline.de
www.fjkeda.com
hl.my2my.cn
2400.nfdy.net
webprofiters.ru
xoopsengine.org
senkes.wop.ro
tvaz.nfdy.net
celera.wop.ro
umassd.edu
volleygame.it
carea.digart.pl
infoseek.co.jp
lacrym.wop.ro
www.delsol.hu
cursomegaflores.com.br
subliemst.wop.ro
www.wcjbb.com
handynotes.ru
www.sxbjmy.cn
lhc-888.com
vesper-net.jp
tinyurl4.info
www.7xo.info
sbln.nfdy.net
destery.info
yousan.puk.ro
refertus.info
pawf.info
nika92.pinger.pl
wertii.prv.pl
www.67163.com
cts.com.tw
misiekstaszic.digart.pl
bzskapu.hu
www.10zxiu.net
www.bevyshare.com
videox69.info
taikentai.info
yot.org.hk
cwu.edu
53aiai.com
atehenmei.com
borda.qip.ru
axilar.wop.ro
www.konakmermer.net
youporn15.info
lankahost.net
vinden.wop.ro
sydgm.gov.tr
myoidema.puk.ro
iwpawood.org
indeed.wop.ro
ccftn.com
www.dljinling.com
www.789bf.com
www.169ba.com
edrache.pl
www.hdi.at
stattracking.info
puiserio.wop.ro
fjaert.wop.ro
www.scott.pl
openphd.info
victor2012.info
erostar.info
video.drom.ru
www.keeway.ee
winona-heart.deviantart.com
tattoos-gallery.net
youngminds.org.uk
connut.wop.ro
concursosweb.info
weddinglds.info
px.zbinfo.net
vautrais.wop.ro
sulfonal.puk.ro
kerastase-paris.jp
t-mobile.mk
www.xnfdh.info
tomo.client.jp
homokozo.lap.hu
news.liao1.com
perfectbookmarks.info
dilli.wwwwww.wop.ro
www.hntel.net
jizbiceunachoda.cz
feestwinkel-purmerend.istats.nl
childrensclothingsit.7s4.info
txyq.nfdy.net
torsteindahle.no
www.maca315.org
traffictrade.info
alley.wop.ro
alexander.ms
originals.ro
www.csna.cn
www.metalvulc.ro
hupan.net
ocesia.edu.pl
okcao.com
weaveman.info
olsztyn-online.pl
www.bjhdgf.com
gekten.wop.ro
txsoccer.info
jjg.net
lubik.info
fp3k.210000.org
hhstyle.pl
t2ho.k3y3.net
wondercom.info
desiserial.com
sexysu4ka.ru
youradsl.co.za
stylek.pl
taxi.toplista.pl
cala-millor.eu
angac.puk.ro
humyai51.info
verkalke.puk.ro
przegladyrogow.pl
www.hr366.net
ukjure.wop.ro
westhyan.wop.ro
www.pdsgyxx.com.cn
think2loud.com
fhcwiki.org
utsubyou.puk.ro
www.448u.com
massage-rooms.ru
keft.ru
lisek.blip.pl
www.gdjswj.com
www.fmcn.cn
pornoth.info
xisuifagu.1168.tv
xixichengyuan.com
hnfy.chinacourt.org
thekooples.co.uk
juu.digart.pl
suhw.210000.org
selbst-doku.de
vinculacionsinaloa.gob.mx
eluxury-replica.co
www.0578zd.com
dtzl.wan.360.cn
hao.94pian.com
hc-lan.de
surfer.rankking.pl
eu1l.qiwen5.com
www.qzbianmin.com
milkboys.org
cedex.wop.ro
jiujitangregutie10f.1168.tv
www.sitebro.jp
paolobarnard.info
raconter.wop.ro
www.kamvbrne.cz
klubbinfo.no
pugan.puk.ro
cnacs.org
kimdahee.com
cubus.blip.pl
lovesp.jp
taicang.info
outofscn.co.cc
fakk.tk
pnorbert.xfree.hu
audience.com.hr
blog.adelie.dk
www.hs49.com
tvgy.nfdy.net