www.hao229.com
metallized.it
hupan.net
dzidek75.digart.pl
armitagemarvin.tigblog.org
qinfei.info
fabiob.eu
fix-a-tile.com
fixes.wop.ro
fixya.com
fj.189.cn
fj.house.sina.com.cn
fjblogger.com
6654.com.cn
fjcqsz201117.21food.cn
fjyel.com
flodistro.com
florigen.puk.ro
mirresyr.blogspot.se
florinpainting.com
flugelman.puk.ro
fluid-controls.cn
www.dalianjsd.icoc.cc
fluidsurveys.si
fm.tuba.pl
foclas.com
foudemusique.free.fr
www.ons.mr
fox.com.au
fr-chanel.com
fragland.net
frambringer.wop.ro
franklinquakers.org
freakinthecage.de
linksection.info
free-classified.in
freehostia.com
suendigt.wop.ro
katuno.wop.ro
freemoviesto.com
frontwindow.co.uk
fsu.pl
fukugour.wop.ro
fungame.com.ua
follow.rengang.org
funpic.de
furafura-life.blog.so-net.ne.jp
furusetfestivalen.no
gbook.521338.info
furyogc.webs.com
fushun.chinaibi.cn
fuss.bz.it
burnettpainting.com
futanarigirls.net
futureisyou.org
futurodepresente.intel.com.br
quechoa.info
slajd.blog.pl
www.dljinling.com
fuzhou.tg.com.cn
nivea.pl
germanamateur.info
fuzzipede.de
web-bi.net
gangoos.com
1and1.pl
72avreceiver.7wx.info
gardenplanet.pl
gasthaus-poetz.at
asso.fr
trezv.su
gatwickcheapparking.com
gazeta-tejkovo.ru
gd.cenn.cn
gddkia.gov.pl
dojrzewamy.pl
flexcin.com
geelong.campertrailer.com.au
geigerexpo.com
geizigeres.wop.ro
gekuu.wop.ro
geleverden.puk.ro
geniessende.puk.ro
genomeinformatics.org
genomesociety.net
gonia4.digart.pl
gensiro.puk.ro
worthtips.info
gersimi.pl
getaconnect.com
getintheloophouston.com
gettyimages.cn
klumse.wop.ro
guanbaokl.1168.tv
guangdong.qyi168.com
xixihuafu.com
obzibo.co.uk
guangfu.bjx.com.cn
guangzhou.aifang.com
osgeo.jp
guanshen.cc
fatmamas.pl
klmj.nfdy.net
miasto.dsl.pl
ictwiki.org
guarnieri.com
guayaquil.usconsulate.gov
gudebao.1168.tv
gulnur.cn
gazetabankowa.pl
omstonde.puk.ro
penize24.info
guofengmeitangsk.soufun.com
personterra.info
rondden.puk.ro
gupiao.5w.com
rvgw.nfdy.net
salitpa.wop.ro
www.mappy.it
thomala.com
gvn.co.jp
www.jjbctv.net
www.ku9.me
www.rsvp.com.au
azhostinq.info
www.sdjck.net
www.toz.pl
www.tuotuo.cc
colquitt.puk.ro
www.vibia.pl
bnb.flog.pl
gxwzzj.com.cn
wuhan.tielu.org
bronsde.wop.ro
centrumwspolpracy.org.pl
clinique-star-tour.jp
dhre.210000.org
gz.58.com.cn
dol.gov
gz.888ao.com
fando.wop.ro
frinklinspeaks.mu.nu
gzchinachant.com
gzcvheyjamvwcf.blogtrue.com
hopelessrecords.com
hshewl.com
kanonista.eu
linglong.inhe.net
moe.edu.tw
mortycjamcgonagall.mylog.pl
netways.de
shimoisa.puk.ro
gzelectrolux.com
venexie.info
gzrcw.78.cn
srbska-armija.org
www.whzjjz.com
114la.ofcard.com
pannaka.blip.pl
18158.net
gzsdjck.com
1a-ads.si
2lj.info
aggiornamento.puk.ro
h4g.co.uk
aike01.com
bikechatforums.com
ccyl.org.cn
dalethoughts.com
doenges-rs.de
fast-hits.info
feminiweb.com
forum.big.az
fukyou.wop.ro
haber.soup.io
hackver.fad3.net
gizmos.es
gjess.wop.ro
hahaheihei.com
ihi.org
ingatlankorzo.hu
jogaklasyczna.pl
haifanliwang.com
kravfitnow.com
haiguan.info
haii.cn
kuzamani.puk.ro
bf.yzz.cn
kvartplata.info
haijiangdy.com
literallyinspired.com
hailo.org
haishun88.com
literia.pl
nychhc.org
haivip.info
oponovum.pl
orar.info
haizeiwang.3199.cn
orexnyvi.blogg.se
halloweencostumevampire.net
hamaisum.com.br
salderingen.puk.ro
shanon.co.jp
www.hzyg.gov.cn
segullah.org
bvnb.nfdy.net
han.zyue.com
stscript.info
hangyujy.org
terase.wop.ro
travelro.ro
hansarangobgy.co.kr
vaupe.wop.ro
watch-gossipgirl-season2.blogspot.ca
hanzke.hyves.nl
haonet123.jimdo.com
www.neasiafoods.org
www.seacha.com
haoxifu.net
youporn15.info
happy.ccsakura.to
ausliefernde.puk.ro
haprogroup.vn
haqida.uz
phongkhamnamkhoa.vn
polsatsport.pl
hardcorecsaj.fecsegj.hu
hardwaretests.puk.ro
www.firewarrior.de
harmsway4kids.com
harry-potter-4-full-movie.blogspot.com.au
98hy.info
spartoo.pl
ankiss.flog.pl
marketingwww.pl
www.xalimite.com
cheapdedicatedhostingz.info
steffi-pichler.at
hausudas.puk.ro
tur.caucuzn.bee.pl
havealink.info
www.m9191.com
tukaibas.puk.ro
evi.by
netcredit.pl
www.krista.ru
www.argus.nc
hayleypallett.co.uk
www.mkm.ee
hbcsgw.com
osservato.wop.ro
hbyixian.678114.com
hcai.cc
hcbbt.net
hcysa.org
se972.com
www.rjecnik.net
honsiki.wop.ro
babycard.pl
hdantennaconverterbo.9see.info
prwv.info
hdfrenchsex.com
www.meiyanjie.com
shishioh.info
hdhkkd.com
looktech.info
hdk-kwbbelchatow.pl
help.h2h.cn
outhit.wop.ro
herinoto.com
hexun.com
hf.86jcw.cn
hfdafu.com
hffjl.vip.wed114.cn
hfnhivmy.freeblog.hu
hgt.vip.wed114.cn
hgzb.baidajob.com
hhstyle.pl
hiasiewapad.blogger.hu
hijikisokuhou.doorblog.jp
himin.gz.cn
himmelreichhuette.de
hinrichsen.puk.ro
hipercole.net
hiro-games.com
hiry.blog.so-net.ne.jp
hitek-blog.com
frankfxg.fyfz.cn
hiuoiwaat.blog.mongenie.com
bzskapu.hu
wwtx.cn
hiyama-n.blog.so-net.ne.jp
hkihmhxdri.skynetblogs.be
hkirscout.org
hkonline.com.hk
hktkw.net
suchmaxx.de
beant.puk.ro
djmixes.net
hkwdh.com
technoboard.pl
igoex.com
brussels.info
yf168.net
guihuaxiang.com
www.96435.net
umgepflanzten.wop.ro
xxl-affiliates.net
yz.sssc.cn
www.crwstc.org
k12.ne.us
rrqj.210000.org
www.tnxc.gov.cn
www.wdzj.net
foodstoq.com
foreversa.co.za
hellokittymania.net
hoechwirt.at
frustavano.puk.ro
sztukarnia.pl
fz168wd.com
newconnect.pl
ptks.nfdy.net
maxpan.pl
gallonag.wop.ro
appartement-elshof.istats.nl
break-through.org
eurnation.info
www.animonda.de
risishot.wop.ro
www.mucdo.com.vn
t-online.de
hdsexteen.com
headache82.soup.io
0lovebite0.flog.pl
helloworldbox.com
ivo.flog.pl
hotproxylist.info
ilsamaritano.org
inficone.com
bocai6699.com
nachgeschicktem.puk.ro
informator.com.pl
cai.902007.com
innermor.wop.ro
j-garage.co.jp
jadr.de
btoj.210000.org
bidxi.com
shstlw.info
www.fx115.com
stoedda.puk.ro
r43dscanada.com
r66.cn
racedayweather.com
radio.com
vmpa.k3y3.net
www.jxdhb.com
www.k-n.com.cn
www.lelv001.com
www.monkey.be
www.ueafc.org
kcjv.210000.org
pojebao.pl
pcinfo.fr
areca-backup.org
caob.5sai.net
creed.pl
footcrab.soup.io
designsekcja.pl
pridek.soup.io
superpoop.com
kavkaz.ge
matr3o.ro
phrenoty.puk.ro
pogotowie.org
seminarr.puk.ro
pudder.wop.ro
bikezone.pt
www.jldyks.com
cabodesignstudio.com
streetjournal.org
piert.wop.ro
fsi.spline.de
k9studios.es
gcwap.net
massify.com
padishah.puk.ro
rid-magaz.ru
journalisten.dk
www.askseo.cn
supercheapstores.com
shisanbe.puk.ro
www.abmauri.com.au
ero-neo.soup.io
tw6m.com
aremc.hyves.nl
tubexxxhd.info
wbzd.co.de
hg1708.com
radiotha.wop.ro
mkv0.qiwen5.com
1hox.56dvd.net
gavisual.info
www.maisiliao.com
www.twinkids.nl
www.szrl.cn
www.ahfzjy.com
togy.nfdy.net
shengyabj.cn
bio-oneinc.info
www.yoolego.com
suckafreetv.net
grabeuh.com
www.frame.net
66289.info