icoin.cn
bigevilgrin00.soup.io
colectie-stiinte.ro
www.woek.nl
ibelong.ca
bigbrotherawards.fr
www.qth8.com
bananarepublic.ca
bbda.210000.org
lvi.963-hualian.com.tw
dm-drogeriemarkt.hr
www.vitanu.nl
www.huaduge.com
www.sexcu.nl
apfn.org
oteruelo.puk.ro
codigoaventura.com.ar
pawin.co.at
galary.su
www.apcwomen.org
viptube.su
www.tripadvisor.com.my
www.fanliwang.mobi
rickneal.ca
comune.asti.it
chinawokaudubon.com
dighumlab.dk
so.smxe.cn
starstruckastrology.org
gifperv.tumblr.com
bradleycvs.co.uk
amelinguitars.com.ua
starwarsepisode5fullmovie.blogspot.co.uk
nj.esf.sina.com.cn
ip0.co
yfya.210000.org
shakira-argentina.com.ar
liertongkangfuyi.1168.tv
www.ouda.hn.cn
vadrouille-covoiturage.com
ligneroset.fr
ivaw.org
duypham.info
ioreth.digart.pl
e-hotel.tv
pigenudenordforraad.dk
www.skoften.tv
arregui.es
a-d.org.cn
ultras-mons.be
e.cc
cdip.ucsd.edu
gushi.co.nu
korda.co.uk
mkqe.210000.org
www.zgzyzx.cn
mrcaction.org
gsmcity.com.ua
tkn-hosp.gr.jp
carder.pro
zhen-collection.com
ywbb.org
bell-helmets.it
parks.org.il
bbs.jl.sina.com.cn
oresco.org
www.toolyx.com
www.sf666.name
profitux.cz
yup.mobi
auto-surf.at
telesatellite.com
www.loveradio.com.ph
alta.ge
arkel.ca
live.amtb.tw
seriatio.wop.ro
music.samsung.com.cn
seznamit.cz
live-production.tv
cq.centanet.com
ivonadesign.blog.hr
nestle.com.cn
wuwq.210000.org
technotoday.com.tr
altenergy.org
www.slon.kz
erps.org
hildes.epla.no
idealweddingplan.co.uk
shoppersdrugmart.ca
zibo.gov.cn
o-nm2012.no
casapres.go.cr
grgshowspain.es
www.gdcp.org.cn
seo-engineer.info
www.typjdb.com
stz.s.yxgz.cn
tecnohackers.net
xantiva.de
avaxx.info
wxc.fai.org
yanzhongjian.qo7.cn
jxwmw.cn
eternalnetwork.org
tiantongyuan.org
qiqu.la
la1ere.fr
motralec.com
brasil.no
jmsh.210000.org
activedancer.com
www.lusong.gov.cn
prfriend.com
tridel.com
eegafullmovie.blogspot.ca
vkfx.210000.org
www.yushudanchina.com
insatsingenjorerna.se
k12.mo.us
crea-templates.fr
newitalianlandscape.it
technov.eu
h2s2.wap.sh
trainingseo.com
www.0750solo.com
unregali.puk.ro
ahhlgs.com
www.geilishe.com
www.cheapsharing.com
www.yfyy86.com
modellove198.a-liveprivates.com
shootinggamesfree.org
p5xi.k3y3.net
www.xiazaigang.com
ttl.com.tw
mexfi.az
mmb.cn
cybeye.com
unicac.diandian.com
northbynorthwestfullmovie.blogspot.no
hulssier.wop.ro
zkmr.210000.org
camargue.fr
pexeto.com
www.cotta.jp
panduankerjaonline.com
www.pb2p.4f9.org
toshiba.com.cn
euaw.210000.org
polsy.org.uk
ads-get-read.co.uk
www.ifionacc.org
kpmfinancialservices.co.uk
art-fair.kr
canon.com.mx
basketnieuws.be
questbridge.org
planetgps.it
letenky.tiscali.cz
vakantie.hebbes.be
www.kmwater.cn
www.dailyfx.com.hk
www.ningxiaxinwen.info
www.sjzlib.cn
www.cgigc.com.cn
x18x.org
www.ti9o.4f9.org
jjtg.210000.org
coca-cola-france.fr
pushab.wop.ro
flevovalkenhof.eu
szgw.djzx.fy.cn
thismeanswarfullmovie.blogspot.mx
fobiasocial.net
www.skbn.nl
www.zhengzhou.org.cn
medtradenet.com.my
mihansports.com
www.qbvv.4f9.org
marin.org
sjwx.78.cn
at256.com
0516u.com
luxurylvbagsus.com
www.cangchu.biz
brevard.fl.us
powerhousegym.co.nz
cinemacenter.com.ar
thelittlebrownhouse.us
deltamac.com.hk
www.b6qo.4f9.org
outsidemymind.com
www.wedding6688.cn
domekwbieszczadach.pl
hotel-stefanik.menu.atlas.sk
rerora.prv.pl
pmitoolbar.com
wippies.com
sz.120job.cn
oget.pl
gototurkey.co.uk
www.sytaoli.com
nyo.me
csonlinebr.net
smg.cn
putongfapoao.w1680.com
www.yuejuanji.com
eldarz.co.il
guigushi5.com
onlinecreditcardapprovalz.info
3413.cn
igora.biz
www.125jia.com.cn
mkgenetic.digart.pl
enfieldindependent.co.uk
www.meridian.org
3157.bggb.cn
gr-ee.net
verizongo.com
cicap.org
v-explorer.com
inpoli.freeforums.org
jtnjjjm.78.cn
socialorsingle.co.za
mtmostroda.pl
cutephp.com
yitongtnlp.1168.tv
zookaction.gr
businesslink.com.cy
nivelles-maisondessports.be
homestudio.fr
uaal.com.br
saxoargentina.com.ar
www.acimit.it
www.hneee.com.cn
adecco.be
ciee.org
www.hnspi.net
dokkiri-jk.com
kleisetrapezi.gr
topic.kdsj.sx.cn
boilerroom.tv
jobisjob.at
dioivo.eu
kaninu.co.il
love392.com
www.232100.cn
knixthqm.mobie.in
abdichtenden.puk.ro
mush.fecsegj.hu
elwisek88.flog.pl
lostminds.fr
fpoq.com
survivalcenter.us
cesa.edu.co
subgit.wop.ro
oyell.com
www.tkouw.com
webuiltit.biz
www.sf.dk
grand-jeu-biotonic.com
seoprofiler.de
www.xxx332.com
solestruck.com
www.java.cz
meedeel.puk.ro
watchfunnypeoplenow.blogspot.sk
xexe.tk
pagesdor.be
carpetworx.net
www.jimei.com.cn
olimp-blog.ru
ecoast.idv.tw
grijpt.wop.ro
m-m-m-2011.ru
indovacations.net
3.cn.nf
www.gniew.pl
www.ksjjybj.com
etkr.nfdy.net
airlib.be
planeterlang.org
uobaghdad.edu.iq
www.lsmz.gov.cn
mercury7.biz
zoudongyan.com
cinehoyts.cl
www.91mrks.com
fanpagelikes.net
designinsight.se
wikiecole.fr
poptract.fr
theherbprof.com
fiorigialli.it
yangquan.jiaju.sina.com.cn
vjsglasses.com
www.zangao9.cn
frenchgamers.free-h.fr
ryouude.wop.ro
vvebhotellit.eu
henne.no
juncture.puk.ro
3j.soup.io
sectorlink.com
lapunaise.fr
trackforum.com
feestwinkel-helmond.istats.nl
162v.210000.org
qsa.ch
auntie-elaine.deviantart.com
erbol.com.bo
moge.210000.org
sport-outdoor.sk
aaronparecki.com
mbkoebrugge.hyves.nl
tahandbabti.eblog.pl
kaja19930908.blip.pl
lol-full-movie.blogspot.be
pzuy.210000.org
lohnsteuer-kompakt.de
www.euterpe.ro
xmpk.210000.org
femdomnyc.ning.com
vadenumeros.es
browneshealth.co.uk
jugarmariobros.com.ar
www.perkata.eu
qifei.lingd.net
chaye89.com
bambuk.tv
kumc.edu
flj.9998.tv
w3.tbd.my
listbuildingdoneforyou.com
electionscope.fr
institut-sommeil-vigilance.org
avto-lombard-minsk.by
www.cjdesign.com.tw
taninnews.ir
automodellando.it
bfrental.co.kr
karelwaignein.be
hc08.cn
unebensten.wop.ro
www.pcomic.com.cn
www.gdfcs.com
o.comnuecs.orge.pl
nvbao1.5d6d.com
wikipowell.org
amylase.wop.ro
purepc.pl
fun-blog.pl
kjenneli.puk.ro
www.yinqq.com
gzhimin.com
www.mercedes-benz.dealer.zhaopin.com
webpagebackground.com
bestblogsbrasil.com.br
zijlen.puk.ro
evelinaa.pinger.pl
vtuner.com
www.jmqz024.com
ftstarnberg09.de
firmalog.com
grohe.pl
hoveret.co.il
www.mswhw.cn
enmiguel.com.ve
nnlian.in
www.flatws.cn
clairvoyant-psychic.co.uk
regosuki.hamazo.tv
taitra.org.tw
sigfreds.dk
www.xqd2003.com.cn
holiday-turkey.pp.ua
geplaagden.puk.ro
bakamonster.com
psbookmarks.com
znaksagite.com
npsrrealty.com
www.athensdeejay.gr
sheplaw.us
whystopnowfullmovie.blogspot.ca
www.lyntgy.cn.99114.com
ageofpatrons.se
wycker.com.ar
bloeken.puk.ro
galeriakasza.pl
smartoption.jp
lasuperkfm.com
nandamurifans.com
calis.nju.edu.cn
ikky.wop.ro
www.loppen.dk
www.zhangxunbuy.com
theextrememarketing.com
www.bjtime.cn
domainvalaszto.hu
26441111725.page.tianya.cn
bgez.indladende.canthi.wwwwww.wop.ro
www.harmata.hu
hayes.com.pl
www.avrtw.com
bensinmo.wop.ro
msi.flog.pl
susu.at
cpadreams.info
overwerken.wop.ro
www.ileader.com.cn
irarse.wop.ro
www.playtech.ro
cc310.com
www.fjybtg.com
slickplan.com
www.xhhswb.com
www.xbd001.com
xi.xiaoyoyo.com
pier-2.khcc.gov.tw
piomalek.digart.pl
sepermuta.es
iis-answers.com
ttolk.ru
huangchuan.co
breeg.digart.pl
www.paginasamarelas.co.mz
www.skysq.info
guihuaxiang.com
vica0430.fecsegj.hu
dora-chi.blog.so-net.ne.jp
dhrosfin.org.pl
doggallery.hamazo.tv
kansm.in
www.shinetr.cn
turkulainen.fi
recetasdelcocinero.com.ar
book.people.com.cn
millionairepalace.com
infodocs.eu
unit.ee
anon-pass.org
skh.org.tw
gorkanajobs.co.uk
apple-geek.org
www.jamievalentine.net
glvy.nfdy.net
www.weuk.4f9.org
ticketzone.com
chaoyang.guyu.cn
shop58793986.taobao.com
spikes.wop.ro
www.informatik.uni-ulm.de
onlineatlas.us
w916.wrzuta.pl
elbaghdadi.com
watchtheyankonline.blogspot.mx
tollgard.co.uk
aceromex.com
coco-diary.com
peterkropff.de
www.gratiskondomer.nu
alsabah.puk.ro
borderless-travel.com
seopopular.com
finanzpruefer24.de
samishi.puk.ro
ricoq.prv.pl
soft-poker.ru
ezhou.gov.cn
sisimin.puk.ro
lukdbz1.wrzuta.pl
deernes.com
amirnawawi.com
www.2599tv.com
sanita.cz
bulunge.puk.ro
udmgossovet.ru
0513.org
twydra.blip.pl
anuroopwiwaha.com
play-porno.com
tinyimages.us
www.qufuck.com
you.leparisien.fr
affairs.puk.ro
aveofthestars.com
schwarzenegger.ca
staelld.wop.ro
5560.56dvd.net
web.3366.com
emlakdream.com
tharunaya.tv
hit.ua
millenniumbim.co.mz
crackle.com.br
clubfocusargentina.com.ar
axfood.se
baidulian.net
itezo.org
globebaby.ie
advert-book.de
gonegothic.com
wholesalescams.co.uk
joepten.puk.ro
chroniquedisney.fr
bt-family.org
wstudio.gr
thialblick.at
qxvi.56dvd.net
www.astraldynamics.pl
bazarbaneh.com
comunicacion.edu.uy
nancykeane.com
jiawen.wop.ro
updirectory.eu
triacon.org
www.rmgera.com
digikey.cn
carolepope.com
qiqiang321.com
www.gegexi.cn
yes2condom.com
infolancer.net
zfjm.78.cn
wind-works.org
jarnvag.puk.ro
moluv.com
www.alidora.ro
nyscerion.blip.pl
www.geberit.ro
sendest.wop.ro
chillies.co.za
firstchoice-ski.co.uk
hchk.cz
pickipicki.se
onlynzjm.78.cn
weathat.com
replicawatchshop.us
cmemail.ca
celaeno.puk.ro
www.bsna.org
laplink.puk.ro
thedateguy.co.uk
favrbrands.com
dexclusive.com
reinforcedplastics.com
carinal.puk.ro
sikawka.eu
burzum-polska.info
trasuavn.org
www.hao229.com
box92.tv
chanzan.puk.ro
www.7luche.net
edel-optics.pl
gratz.puk.ro
xn--7kr68pbu2agpg.flop.jp