sobotel.pl
sobrenatural.net
sou.wjw.cn
kantonow.com
southeastfarmpress.com
spontanes.wop.ro
sqeb.210000.org
tousokuh.puk.ro
fat.lk
a.com.mx
stiffnec.wop.ro
esaunggul.ac.id
y.pay4.cn
stillup.ca
avtoklub.us
pub.lapin.org
stipulavo.puk.ro
37plus.de
alliedkiwi.co.nz
storebookmarks.info
fafacebook.ir
strengthgroup.info
jjwxc.cn
studio878software.com
subtiliz.puk.ro
surf.sk
suwon.ne.kr
svar.pl
cgj.org
www.jnyingduji.cn
symbian-developers.net
elephantsneverforget.co.uk
www.tjgzkjy.cn
ecosoft.com.mx
synzu.com
syrc.com.cn
szaci.atw.hu
szopka215.flog.pl
lmri.210000.org
vixens-london-escorts.co.uk
xplaisir.fr
www.firstrow.tv
tafel.pl
talcott.wop.ro
tanjungpinangpos.co.id
tarbot.puk.ro
tayeh.9r.ro
membox.org
pakish.tv
knok.ba
tcg.ir
borispilote.fr
scbid.gov.cn
serenity-gaming.eu
mojaponuda.rs
tcw.de
tek-9.org
terry.ubc.ca
sb-home.blog.so-net.ne.jp
mtti.go.ug
thecomposites.tumblr.com
themmaspot.net
tht.dui.lu
timelesstruths.org
tinyurl4.info
littlebit.soup.io
tlgvieaot.blogdetik.com
albelli.co.uk
tmyafcvnp.blog.kazeo.com
topcoating.wop.ro
tophostingprovidersz.info
topicinfo.com
myjquery.co.uk
toplexis.com
toplistenserver.info
sexyelders.eu
toppad.info
traff.wop.ro
trafficnav.hu
traffictrade.info
trelogatos.gr
trendstore.dk
dvd.index.hu
trnty.edu
bora5.digart.pl
hoiquantre.info
wlic.nfdy.net
desiserial.com
pierwszapozycja.com.pl
solicitar.wop.ro
www.stay2rock.de
vb.com
trongthanglong.net
seduoduo.info
submitpressrelease.info
deploying.software.informer.com
trustnet.pl
tuozhan.info
twonline.cc
uniquedestination.co.za
unisearch.jllib.cn
uploadplaatjes.nl
uploads.software.informer.com
rotter.name
e-987.com
hepdata.cedar.ac.uk
www.previo.sk
upped.wop.ro
oxeo.pl
learn-more.org
rti.org.tw
usertutor.org
usg.edu
utk.edu
uwebdir.info
www.igc.int
valsabor.com
www.sxjnhb.mobi
opel.cz
vdelte.com.ua
www.hcgy.cn
wapstatistic.us
velosh.com
www.li
www.okzhaosheng.com
vendeevous.fr
www.workib.com
www.kflxs.com
co.na
vereno.at
www.gs1.org.ar
i.damai.cn
persigg.ir
www.fuc-led.com
videocul6.info
sankeys.info
game117.alink.uic.to
sammekexxx.be
kgsmdzq.78.cn
videoeuro2012.com
videoglazok.ru
www.haoyiya.com
jrcc.sa
videosexe9.info
rpcxtdgbsyf.1168.tv
dreamworld.vg
www.gasometro.com.ar
vifilfell.is
cutiesgalore.org
nptc.ac.th
omgsa.co.za
babelmondo.it
parseta.home.pl
vikax.prv.pl
pk235.us
vip.755.com
vip.kuaibo.com
www.eomag.eu
vipgrup.info
visiofakt.de
vortexwaterpipes.com
gilead.org.il
remedium.wop.ro
votencmentalhealth.info
voxshadowhex.webs.com
vsm1.com
vwt2.lap.hu
vybm.210000.org
w41a.ndw1.us
w484.wrzuta.pl
wallpaperpimper.com
wallpapers-az.com
jiuweiqianglongjn.1168.tv
wangpei.info
seofastaction.biz
www.hisense.com
wap.111hz.net
shaggytail.dk
watch.impress.co.jp
hsdirectory.com
watervilla.hlbnb.tw
www.sssk.ch
muto-mold.com
waveskimmer.ca
wdav1.com
wdbnl.com
wdesk.pl
www.feliratok.info
visby.pl
www.cmias.cz
weather.1neng.cn
www.mr5128.com
web-stihi.ru
page4.me
playfin.com
webnoviny.sk
weisuo.info
wellformative.com
westwing.pl
lowristear.co.uk
vsu.edu
www.xifeng98.cn
maikowa.digart.pl
wext.210000.org
whatis-communication.com
whbyfts.tumblr.com
whoistop99.com
widdis.puk.ro
wii.2.ag
nao-pink77.blog.so-net.ne.jp
pcecat.com.cn
wiki.zhulong.com
adcom.fr
umaine.edu
desertschools.org
wikipeptide.com
wildfishandship.com
wintersunlight.xclub.tw
chaussuressupra.org
wirelesspronews.com
news.shgj.cn
wisniowski.pl
pornmovies.sexybegin.be
odontologijosakcijos.lt
shiouti.puk.ro
faaj.210000.org
www.cqbw.com.cn
wiwrestling.info
geekzone.co.nz
aloevera-bg.eu
puposa.wop.ro
businesstipsweb.info
wkamsterdam.nl
truecondos.com
www.hbcdc.cn
fleurkikuya.com
listof90210episodesnwfx.wordpress.com
woaj.qiwen5.com
wood-china.org
netpaslaugos.lt
word.langfly.com
wtnpzyag.skynetblogs.be
www.101domain.gm
www.11qq.cc
www.1b2k.net
higheroneaccount.com
blackangelica.com
www.2tt.cc
www.360rc.cn
www.400-0431-908.cn
www.568tao.com
lecere.com
www.90im.com
www.bzyfwy.net
58k.2044.cn
imiduk.wop.ro
2012.sports.cn.yahoo.com
isobyglilg.freeblog.hu
k4947.co.cc
greyhound.co.za
zadost.mawis.eu
laopost.net
www.sdbx.org
asbtdcblog.org
metria.puk.ro
miface.org
www.madon.cn
juegoszone.es
bitefight.org
novaschool.es
uzmanwarez.org
gs.scu.edu.cn
www.nxaudit.gov.cn
myeducs.cn
enshi.tielu.org
best-way-to-clean-ceramic-tile.blog.hr
sinaurl.cn
pocketapp.co.uk
lianyun.lyg.gov.cn
lesherbiers.fr
audiomusica.com
housing.gov.om
hemtex.se
fyravindar.dk
www.ycsd.k12.or.us
healthyinsurances.org
add-site.co.uk
www.unbnews.org
propertywide.co.uk
perso.ens-lyon.fr
lwxo.210000.org
privacy.co
www.czdl.cn
chilango.com.mx
web.usts.edu.cn
hu.tralandia.fr
ks.house.sina.com.cn
mayoristasinformatica.es
advancia-negocia.fr
www.96888.net.cn
www.cwv.com.ve
preektranten.wop.ro
huaan.org
ny.no
bcyb.cl
ugc.edu.hk
www.aph.org
jdd2.1168.tv
gogyy.com
wh.528.cn
www.csdz68.com
jiaodidi.1168.tv
gr-ee.com
allnight.gr
lancer.com.ua
amusants.puk.ro
www.clwto.com
handjob.pro
pesak.eu
www.khenpo.eu
20six.co.uk
vtime.co.za
adamvozip.es
www.jipinguan.com
lubiangws.1168.tv
www.colegio-herbart.edu.mx
trabajaenelbcp.pe
mundotec.cl
wdaaktjip.jw.lt
businessdirectory.co.za
dazhou.house.sina.com.cn
kalietis.wrzuta.pl
www.mercedes-benz.dealer.zhaopin.com
egsmarken.dk
mohawk-finishing.com
lippu.fi
ciddeturkokulu.k12.tr
www.aefj.es
www.44783.com
www.hhh6669.com
nu2.nu
www.kaibao99.us
tattoolatinoitalia.it
www.gruposodercan.es
www.chengdufushikang.com
trafikverket.se
www.78324.com
eazisales.co.za
timegeek.dk
onlinehome.us
www.coachoutletstore2012.us
netlabs.co.za
www.dlchaohua.com
fnb.mobi
www.babys-care.com
veyq.ir
www.xuandien.com
www.zr136.com
diarioelexpreso.com.ve
www.abaap.com
www.xvkga.com
www.cho-thue-xe.com
fuska.se
www.ynts-cn.com
www.himypc.com
photoart.si
www.hnfsd.com
dovolenkainfo.sk
www.fhvar.com
mullbergaskolan.se
www.nccyzfzn.com
tamiii.digart.pl
kneeguru.co.uk
sust.tk
hackgame4u.wap.sh
cepillar.puk.ro
qnpt.s.yxgz.cn
kuharica.hr
www.51success.org
cuadernorayado.com
curryplum.com
hydatomo.wop.ro
recall-service.de
asistentesvirtuales.org
www.cqdjy.com.cn
debatiendo.cl
www.zjgjgg.cn
mimiyule.us
bitefight.com.mx
titres-services-onem.be
viktklubbar.se
marineregimentet.dk
fun.ruonuo.com
www.netmero.hu
netto.de
chuyenphatnhanhquocte.net.vn
www.lov999.com
idesigner.es
winalite.co.id
www.dana.at
bloguniverse.com
devcamp.pl
www.xysml.com
www.cixingcailiaoka.com
redglobaldepagos.com.ar
www.sz5.cn
www.sex99tw.com
ktk.kz
yaboo.ir
kompanije.co.rs
pe.com.ua
bergenfieldpal.org
wipi.prv.pl
www.muwanwanju.com
sht.com.ar
www.tap.pt
www.piyif.com
biuroprasowe.blip.pl
www.tylenda.eu
suchki.tv
www.olx.com.ua
www.chatpub.nl
formulare-ke-stazeni.cz
www.chuanmeiku.com
tablet-computer.us
spreadshirt.es
www.cnnl.tv
www.hinhnen-hinhnen.com
luchettiprop.com.ar
accmera.no
emaily.eu
24-7articles.co.uk
www.dogdinners.com.au
www.schiffsfonds.eu
ewsite.com.mx
www.domotors.hu
www.falconadvertising.gr
karloff-media.kz
hollisterolympic.co.uk
kamifox.eu
kzcaqudva.skynetblogs.be
www.jyyg123.mobi
mrmac.us
www.sdrlqy.com
kumarefullmovie.blogspot.ie
seven-and-a-half-new.com
www.fangxiangsou.com
mercurioantofagasta.cl
www.seo8138.com
gov-hzrb.hangzhou.com.cn
www.ccpcpt.com
www.ho.ua
2009.hack.lu
ourskinnylove.blogg.se
www.ehuojia.org
ciaintegral.com.ar
www.exiaoshuo.com
nepal.start.be
global-shoping.ru
surpriseaz.gov
www.festivalbunnik.nl
vawquidk.skynetblogs.be
changzhijiuan.1168.tv
www.firsthandbuy.com
www.richful-hk.com
qingren.tv
badische-zeitung.de
feqyofygbg.skynetblogs.be
www.zzhtj.com
muz.uz
jtufkzgn.skynetblogs.be
www.hb6.org
medargim.co.il
www.shtkyw.com
www.heylogo.com
warez.web.tr
elhchamy.skynetblogs.be
www.yinaodian.com
www.hlshops.com
informatica-hoy.com.ar
www.lgljx.com
picsearch.es
www.hnxdn.com
kis-adam.blog.xfree.hu
www.koukouche.com
www.jnpayy.com
www.hs.cm
rrigpmau.skynetblogs.be
www.000814.com
economiaparatodos.com.ar
m.zy357.co
www.cqgdzx.com
www.hmting.com
airys.be
81.china1840-1949.net.cn
www.now366.com
orange.es
fdcxjbbab.skynetblogs.be
rambam.org.il
www.xx478.com
www.rfcpa.hk
paralyzery-vychytavky.cz
www.newbalanceshoesby.com
gentikoule.gr
margotaustin.ca
elsocialistadigital.org.ve
semcad.com.ar
www.industridesign.lth.se
diccionario-nautico.com.ar
www.zqwqw.com
theater-bartholomaeberg.at
www.56739.com
www.jinantianqi.com
getsmarteraboutmoney.ca
www.sqqzz.com
www.jkxws.net
noursat.tv
rbx.at
ttmobile.co.kr
weiyun.so
mk-iselsberg-stronach.at
www.gqbifen.com
www.jnzjgs.com
dinkes-sulsel.go.id
www.tury.by
heritagecraftalliance.co.uk
www.amerilogic.com
alexa.gd
mama.pl.ua
picpack.ir
nie.soup.io
diariocorreo.com.ec
www.mustad.no
creativefx.it
unabodaoriginal.es
www.jrdkw.com
diariodeleon.es
emailmanager.dk
gemor.su
viennaescort.at
canceriscurablenow.tv
www.kancai.com
coms.ws
hid.ir
porteniochic.com.ar
emarket.do
www.kfcms.net
www.koral.pl
udt.co.za
ogone.be
1forum.tc
bmg.gv.at
0857.me
city24.ee
jestem.mobi
mpadmin.info
druckclever.de
www.tacxmbmf.18.lc
magiclantern.fm
www.crcf.org.cn
www.me361.com
www.mp4xz.com
www.nece.eu
www.newelement.com.cn
veronafiere.eu
www.xtftc.com
xshell.net
www.newmoonhotel.cn
www.njmeiyaju.com
www.oooccc.com.cn
www.cqpsy.com
www.noithatvesinhtoto.com
presentationload.es
www.trendmicro.co.id
www.coasttocoastwildlife.com
www.guts.se
www.youxijchang020.com
www.lvhmp.com
hostway.co.kr
www.lehoicaphe.com
www.crawlability.com
jiriczek.eu
pamebolta.gr
fightermag.se
youcantcall.us
www.orido.jp
larosanegra.be
iell.210000.org
directory.n.nu
recensiekoning.nl
cme-mec.ca
google.tm
www.vesti.bg
dolinawarty.eu
www.z-o.com.cn
www.to8to.com
www.tecou.com
www.czechtrade.mx
www.scc.lt
www.qinrun.org
www.hbcsgw.com
www.rzy666.com
topshop.si
mindfusion.eu
www.sao678.com
2cp.tv
today.co.id
www.shop.ir
afriforum.co.za
www.szukamnaboku.pl
1obchodak.cz
mobilealliance.sg
www.huayaojinshuwang.com
006.hk
www.jemelv.dk
bulletins.be
tastets.cat
sindy.mojblog.hr
www.hs2z.com
www.epetbar.com
ismole.com
newsboard.gr
betacube.eu
www.hmjmqz.com
ushared.mobi
www.tj-syt.com
tap.az
sjoberg.nu
serialo.tv
bebetteronline.se
spearitblog.ie
elektrycznie.pl
globaltv.ge
dotpay.eu
vanhemelryck.be
www.jcfj888.com
eosherr.se
medaljongen.blogg.se
viaggimolinari.eu
enpassant.dk
www.ttri.info
opishatter.co.uk
www.ml73.com
www.028-z.com
elga.gr
hoksa.fi
vti.be
ladypopular.bg
newreversemortgagerules.pro
www.lexus.ba
diarioavanzada.com.mx
hifimusic.co.il
hitad.lk
123motor.ie
bloggie.se
www.xiezhen78.com
qemslt6f.1168.tv
doctors.co.il
www.lwfengba.com
demczenko.soup.io
www.gxncbh.com
webground.su
donttrack.us
mainada.es
bbs.hs.cm
www.xianhq.com
rentnow.my
paruka.eu
www.hurl.ws
christmascashout.com
1977.ws
sahafi.jo
xixidieyuan.com
www.mi70.com
www.sovva.sk
www.b.bngi-channel.jp
www.psg8a.com
www.igocctv.com
thewebempire.us
www.cfkd-hk.com
www.jp16.com
kmc.edu.pk
www.lengku360.com
beezup.es
www.phohongkong.com
learn2speak.eu
agoda.se
publicmutualonline.com.my
tj.tianya.cn
filmparadiset.se
www.pixeltuuning.feim4u.ee
barlowgroup.co.uk
pkbc.ca
pages.ebay.com.hk
dementia.pt
www.mz753.com
www.zgwood.com
wda.gov.sg
www.60840.com
3g.hn
todolibros.com.ar
powerbooks.com.ph
tc.xjkunlun.cn
fctcp.name
iii.cm
np.by
www.best-market.com.cn
swish-designs.co.uk
kawasaki.es
betole.gr
bie.to
nisa.es
daigobyo.wop.ro
www.jnfoodgm.com
www.qqlilin.com
senso--critico.blogspot.com
ecclaser.ca
jaq.digart.pl
www.cccljt.com
ken.go.kr
alus.tv
deculture.es
www.023115.com
www.e-solar-company.com.pl
seguretatinformatica.cat
qzin.jp
www.osira.se
www.snlvh.com
hylle.puk.ro
www.52-gou.com
ex.ac.uk
citycentre.com.kw
qke.name
afspaanden.puk.ro
www.geilidaogou.com
www.xyfsnmy.com
www.meidiju.com
adteks.kz
gugu.ba
kiteforum.no
rmb.co.za
renaultclub.lt
trade-schools.ca
guenterflatschacher-photography.eu
www.tourismus-statt.de.tl
ll.cx
listings.sg
www.uymuslim.com
www.tu.ro
mobiltel.bg
www.fuqions.com
cchst.ca
guaiwangch.1168.tv
duliang.9998.tv
www.dsf.my
www.zhufudx.com
www.kr-prunus.com
misskato.dk
www.cfvip6.com
www.xjera.com
teling.1168.tv
www.spacva.hr
www.zhenming.net
yaooe.info
good24.jp
taxes.ca
pmeu.nfdy.net
ensanchesur.com
www.aenm.nl
kwanyintea.com
www.monarch-sw.com
www.epluse.cn
www.compdf.com
aldenshoe.com
elwf.digart.pl
apuzeconomia.blogspot.com
guxin.org
chefcreativo.com.ve
esdata.info
listingsangle.com
chanpin.asiapump.cn
chengde.h2h.cn
guaiziwangchuanqigygs.1168.tv
baidubookmark.com
www.wwwlrc.com
www.diskynaauto.sk
sirdax.la
fuck.big.ly
emedia.am
www.bitup.org
gratuiterencontre.fr
oua.soup.io
sinovoice.com.cn
photo.295.cn
informator-medyczny.info.pl
tradewithoutborders.org
cool.lc
compassreviews.org
bjxyj.com.cn
unikorea.go.kr
bigfishfullmovie.blogspot.tw
naturamed-pharma.no
brother.com.ar
roznica.com.ua
vituperance.prakkizeerden.stabiliserons.wwwwww.wop.ro
view2.be
www.vietiso.com
surgerycbh.org
fil.film.fm
www.97find.cn
jpds.210000.org
solidairesdumonde.org
dropgifts.de
www.fsicl.cn
www.s5cq.4f9.org
radiovozdeinspiracion.org
duga.jp
www.plogim.fnp.pl
psychicdirectory.co.uk
alternativechannel.tv
aoa.gov
se.se
www.thenewgucci.com
conveer.com
codou.com
www.cheapsharing.com
wuzhoujinjiangzhixing.fdcez.cn
zoran.flog.pl
businesscommunications.com
www.99.selang.com
se.997wyt.cn.vc
cxjyxx.me
venturasports.com.bz
upjs.sk
fine.to
pornbig1.info
caiunanet.us
immotop.lu
teleservice.com.tr
24net.kz
smartcompany.se
edu.ms
abacus.com.sg
shiciku.info.nu
krakremija.digart.pl
sabili.co.id
andypiper.co.uk
www.xqtc.com
www.xn--omsv47c.com
fqs.at
colorfulsurprise.soup.io
sumeks.co.id
www.gamer.no
m2.by
www.lxdk789.com
internic.ca
safe-full-movie.blogspot.fi
smartmessage.com.tr
usuaria.org.ar
www.alekchmura.com
www.568568.com
www.forum.sprzedaj-auto.eu
mothercare.com.sg
kinopirat.ws
chongchuang9.sdthsk.com
babooshka.blip.pl
oldboy-full-movie.blogspot.gr
carparts4less.co.uk
www.avast.es
segitokutya.eu
www.glitterpowder.com
www.qdyinghua.com
theloonie.ca
www.why999.com
our.orf.at
hardcore-porno2.startspot.be
www.jxrencai.com
jobbank.ca
www.aisedao5.com
www.dcsjfh.com
www.jxblzx.com
bestik.cz
www.jtyy120.com
www.xinxizao.com
321.lt
realio.hu
malkoek.co.za
www.zhiyeban.com
www.360cxrc.cn
rbnett.no
ormco.com
cocoonbarcelona.com
live.video.sina.com.cn
knight-hall.blog.so-net.ne.jp
nn.hr
thelittlebrownhouse.us
hk.damn.so
game-chart.com
slavophi.puk.ro
amonline.com.my
lml.no
www.tzgzc.com
www.yogcn.com
www.translatecom.com
www.acc198.com
www.gooluu.com
nimbusbooks-verlag.com
lifelikeapps.com
www.pifayan.com
www.hraj.cz
google-plus.es
crystalinks.com
amria.se
www.uy63.com
vinyldecals.us
domains.ph
doero.alink.uic.to
www.f1ok.com
nebeslev.cz
bol.co.th
dondefortiz.cl
www.lmxftd.com
www.xsq999.com
eschaton2012.ca
klyz.ao.tc
rospiggarna.nu
merwebbtrafik.se
t68.kkzz.us
www.voguehellas.gr
likelarissa.gr
suldoz.ir
www.hjmysh.com
open.go.kr
h3x.soup.tv
repota.puk.ro
www.segou11.com
www.rrk3d.com
lioq.210000.org
zett.us
pomorska.tv
thestevewebershow.com
qdk4.qiwen5.com
www.airjipiao.com
rsrit.co.za
cntr.lt
mummp3.eu
drive.cl
www.cqswpt.com
sibs.pt
officeshoes.hr
www.yuyaojuneng01.cn.alibaba.com
wuchunjiu.9998.tv
look.co.il
e-hotel.tv
www.65862.com
estigimnaziumbudapest.eu
chabelita.biz
www.kongbutupian.com
www.tedahr.com
bonecollection.co.za
tokillamockingbirdfullmovie.blogspot.se
www.zhongxinwufenggangguan.com
www.ri1b.com
www.esb.ie
myprepaidcard.ca
interactus.com.ar
kelhtyg.a1.cn
alpbachtal.at
www.paijiujishu.com
fenglei.name
pti.gov.tw
www.hajhcm.com
box.0916.tv
sapo.ao
blog.3czhidao.com
showroomprive.es
political.ir
www.mitula.co.nz
www.dypolice.cn
milhome.com.cn
www.1230580.com
www.democraticleader.gov
irequest.ca