bautamsu.com
bitcraze.se
www.jiazhiyuan.com
my-lunch.blog.so-net.ne.jp
tui-guang.net
www.profik.cz
mrpronostico.com
nena.se
revegeneral.org
xcams.ee
laguna.rs
smsd.org
andypope.info
degreeaccountingonlinez.info
taxation.co.uk
www.twdg.4f9.org
sverigestalare.se
yoposteo.com.ar
napimoka.hu
kredytysamochodowe.pl
mashimaro.itigo.jp
c2u-job.info
yogame.com.tw
mestonachod.cz
www.yc.sx.cn
www.pfxiu.com
resultsnow.co.il
www.8444.com
the-dictator-full-movie.blogspot.co.at
layerscape.org
download-whiz-khalifa-ringtones.blogspot.mx
www.thepiratescove.us
watch-unforgivable-online.blogspot.se
2br.in
lrjb.210000.org
ifa.gr
watch-madagascar-3-online.blogspot.gr
imu.edu.cn
newar.com.np
ch9.ms
1200-calorie-vegetarian-diet-p.blog.hr
bizlisto.com
dartybox-news.fr
blogspot.co.uk
99k.org
american1999.jp
www.fkmw.4f9.org
trtc.com.tw
bomm.tv
zoyaa.pinger.pl
kino.kz
www.zhongfu.hk
vouchersforwomen.co.uk
myplaniq.com
gions.info
thevoice.eu
creamcup.puk.ro
24.dk
inran-jogakuin.com
ahume.co.uk
ugur.tv
vomusa.org
52ss.cc
freedownloadmovie.org
rotativo.com.mx
motoborgotaro.com
g.cc
2866.cc
m.wappp.cn
bianjian.org
www.lunwenchina.net.cn
kunden-sog-system.eu
jawwna.com
share.wf
singin-in-the-rain-full-movie.blogspot.dk
www.a6110.cn
studio123.fi
www.yinqq.com
5x5.asia
www.lexueke.cn
lailaikeji.com
nesdb.go.th
fwps.org
atriumhosting.com
joswide.blip.pl
frostshock.eu
anal.pro
radom.pl
lok.digart.pl
travelsense.org
sport.ua
harbourarticles.info
mebank.ir
clock-desktop.com
gz815.com.cn
connected.com.cn
bestwebemailservicez.info
mis-recetas.org
kulbit.net
sirius.ca
prefixr.com
kss.com.tw
nextel.tv
yxcs.com.cn
contactmanager.ie
zoznam.sk
curriculum.co
www.787q.cn
teeraiders.com
alternip.wop.ro
equityfinancemortgage5it.info
ganaalinstante.info
0769.teambuy.com.cn
cougar-world.com
themeswiki.org
www.116114.org
celine.digart.pl
kissmydear.com
caravanlife.cz
zj.pcgames.com.cn
alawan.org
livefootballstreams.co.uk
caslib.org
shoe-envy.co.uk
akbank.com.tr
www.be.fcm.travel
rzjb.210000.org
mnrc.com.cn
gf-forum.dk
jogjabelajar.org
baojichengshikezhan.fdcez.cn
cin.pt
yjfs.org
www.proszynski.pl
www.sex021.com
renatica.org
www.hyhdz.gov.cn
ben-hur-full-movie.blogspot.co.nz
seekgod.org
4m.net
zhjiaju.bbs.house.sina.com.cn
fidesol.org
laudel.lt
ligg3.com.br
www.kepu.cn
girlsfuckmovies.com
www.ahxx.gov.cn
herts.ac.uk
modern-war-militia.com
juancong.com
www.avis.nl
www.dxb.so
my-pleasure.dk
www.a-bwb.com
i-q.com.cn
za88888.wyy.cn
werbepraemien.com
clvr.tv
calittici.blog.pl
rzepazpazdzierzem.natemat.pl
hydrographie.wop.ro
siotw.org
climatedepot.com
andreabocelli.com
www.pension-sarstein.at.tf
hosagep.hu
aurumescorts.co.uk
51mimi.tk
guideantivirus.com
subdriven.com
9377.com
fdkq.210000.org
www.meizuphone.cn
themza.com
scripophily.net
metrocentre-gateshead.co.uk
happy0769.hk
7080.ca
nanning.66law.cn
foto.26l.de
in24.co.za
www.rodp.org
lrmoilpollutioncontrol.co.uk
www.tjkg.cn
bbc1.sk
nsp.lv
dodot.es
www.cronightlife.hr
hb666.com
www.youthinfo.biz
www.yhenbxg.cn.alibaba.com
mq.soup.io
jackmichael.co.uk
replicashop.com.ua
minirunner.com
medama.me
kvinderaadet.dk
sarbacan.es
bradycampaign.org
holu.tk
arrapante.com
imt.ie
cactus-art.biz
cimawards.co.uk
events.ucsc.edu
www.ks.js.cn
www.999hys.cn
www.yac.cz
kadinca.us
shukatsu.yahoo.co.jp
i5k.cn
futura.org.br
websitetrafficstats.info
www.argenteuil.fr
iphil.com.pt
thepuck.soup.io
e-sports.sk
pei9100nznsj.1168.tv
kbsmc.co.kr
eemuagap.de.tl
tiiveni.webs.com
www.resortsindooars.com
wetukita.htw.pl
pipers.ie
ysearchblog.cn
themagicofbelleislefullmovie.blogspot.fr
big-y.blog.so-net.ne.jp
thegamecreators.com
xz.gov.cn
www.php.gr.jp
www.veryhuo.com
www.smetc.net
wanlife.miyachan.cc
www.365wgzj.com
carijob.com
dhnx.210000.org
detur.puk.ro
www.adyprogram.eu
adjuvant.co.jp
www.all-sky.net
drbd.org
blog.mises.org
blogso.tw
www.samkwaipuak.go.th
tam.org.mx
www.kasteelbisschoppenhof.be
sooe.cn
touteslesreductions.fr
babyweb.cz
stonersr.us
securityautomata.org
ssly.8bbs.cn
assuta.co.il
hagahag.org
torg.rv.ua
iict.pt
artfuldatasolutions.at
musclehack.com
www.burning-g.com.tw
taninnews.ir
wozi.digart.pl
urbanchaos.digart.pl
jheel.wop.ro
www.icipki.pl
designhouse.se
designersunglasses-store.org
www.paradisehostel.com.cn
valki.ucoz.ua
www.jufejo.ch
pseudopost.org
hero21.flog.pl
studiorasch.pl
shuangliguaijndh2fd.1168.tv
mercedes-benz.cz
article-marketing.co.uk
buiige.wop.ro
top-strony.com.pl
ppj.gov.my
download-katy-perry-ringtones.blogspot.com.ar
opencla.cntv.cn
edrei.wop.ro
regus.be
xandene.co.uk
huon.ro
www.xjzk.cn
51ylk.com
carlbrandon.org
www.jiahuastar.com
www.tak.ee
www.china1611.cn
brugge.goedbegin.be
domainsigma.com
jahtas.lv
5d6d.cn.im
freenetworkfoundation.org
clic.com.my
facial.pro
kaznu.kz
www.loushi.cn
kls.net.ua
www.ehc.eu
hx.awo.cn
facebookirc.org
oktabit.gr
krik.210000.org
maanshan.jpw.cn
paomo.co
oa.fawtc.com.cn
rezeknesbiblioteka.lv
www.sto.se
kw.flog.pl
limpa.am
974.jxradio.cn
sehir.edu.tr
kaimenzhima.com
www.cfxy6.com
catfood.com.hk
domain.yahoo.co.kr
kvik.es
amennet.com.tn
bostonbookfest.org
sonylens.digart.pl
sunfate.astro.sina.com.cn
swim.to
arrupeetxea.org
usatudni.es
lahikauppa.fi
ctsweb.fr
pulsar.com.co
www.scs.illinois.edu
necta.go.tz
hermay.org
aamna-shariff.com
ncssm.edu
kzsd.210000.org
kouka.info
gofreearticles.info
tukee.blox.pl
8.cn
www.cqdzjw.cn
shop71986967.taobao.com
consi.ro
befe.co.kr
bkso.210000.org
worktop-express.co.uk
o-nm2012.no
aircel.in
kava.puk.ro
caoliuyaoqingma.tk
ekr13.info
blogacg.info
www.zhjisi.com
www.postdx.com
jmmsn.com
bbs.cc369.cn
www.jw-exam.com
www.xmzhm.com
www.qdshangshan.com
www.hxtgy365.com
down4all.org
www.fad8.com
rusff.ru
shaw.ca
cooh.pen.io
www.seed.net.tw
www.hfswdk.com
findletter.fad3.net
nlqiniwno.freeblog.hu
webpagemistakes.ca
tommielag.se
bsfw.sxga.gov.cn
mivoz.cl
www.morning.lv
www.npw.nu
bbs.d99net.net
camino.pl
news.gpxz.com|www.ctcc.tv|websitegespot.nl|sergifuss.com|www.gddgky168.com|www.xinhaimining.com|www.llady.cc|www.sinala.net|www.0530job.net|hobbylobby.me.uk|www.jordanshoeseoutlet.com|qq.zgxsp.com|www.zg550.com|90ph.com|doemaar1.hyves.nl|lqentzjgn.blog.mongenie.com|ji-xiang.com|chaptersworld.com|hr.t.sina.com.cn|www.aaimi.com|moon.bbs.xoyo.com|jdnorunnmy.freeblog.hu|www.hhh97.com|www.dujiaclub.com|www.12kredit.ch|ciulea.ro|eincyjuys.blog.mongenie.com|www.qg-knives.com|przeploty.pl|www.cboy.us|www.hiperfauna.com|www.xshpjy.com|www.ahmf.net|blogspot.gr|52ccw.com|thepenzancehorse.com|www.keepl.com|www.shszc.com|www.haoyinwang.com|www.gupuw.com|etaow.cc|nzfs.78.cn|www.bjbihua.com|centcojunma.manblog.us|www.wzdy.net|u76.cn|www.moobao.com|infocube.com.au|hebtv.com.cn|ndximaging.com|www.4006848085.com|easytreid.webs.com|vip.1168.tv|wordpress.com|hoodvibe.com|www.seiii.com|go.mrp.name|114.org|www.lmmw365.net|facbook.com|www.ew52.cn|njwhcnc.com|www.gpxz.com|ddbbs.com|www.qqjiemei.com|www.shaobingouwu.com|uu9c.com|www.17kdy.com|www.huilixie.org|www.huilixie.org|www.actic.be|www.kaisuogongju.com|tg.hhcsw.net|listz.org|uwmrhwjk.freeblog.hu|www.discountchristianlouboutinboot.com|www.kkyxw.com|just-catch-themoment.deviantart.com|soundsystemsandmore.qliao.info|www.xinshaobbs.net|www.51screw.com|www.dsl-chem.com|jbwx.nfdy.net|www.zhongguo315.com|blogmare.ro|oceanfree.net|jookmarks.com|www.revealed.3d9ymj.com|www.tao5030.com|qcmntp.com|www.448000jm.com|www.milixiu.com|www.ld-led.net|www.daijia.bj.cn|www.xiangfudz.com|www.zjahe.net|www.szsxmc.com|erodis.de|www.sifangsebo.com|www.rrk3d.com|programaformacionintegral.cl|dqz8.com|moorank.com|barro.wop.ro|www.zgrcxx.com|daohang888.info|wqspa.net|2hotsexplosion.a-livesexasian.com|bfigjmqcsf.blog.mongenie.com|bigasslover22.tumblr.com|ecoline.hu|nfshost.com
sbstransit.com.sg
hc5.yy.ai
atehenmei.com
chimpo.sk
www.rt668.com
actionlife.gr
www.ulyart.com
plustv.fi
todayshelp.org
arg-agro.com.ar
kocham.im
home.xnzc.cn
15199787882.33591.cn
www.cohui.com
www.09917.com
esolar.cz
ljubljana.si
unaindia.org
www.unicef.cz
msn.finance.sina.com.cn
krawattenknoten.info
groth.digart.pl
www.baidu1688china.com
www.maihuo.com
grooming.se
www.syyxnycs.com
www.ywoywo.com
www.haitian998.com
www.253399.com
teleurope.eu
uaff.us
jinchangkjmjs.1168.tv
sun.az
www.lctyw.com
shrek2fullmovie.blogspot.dk
trinca.name
emailings.es
tectal.wop.ro
www.diaosu888.com
www.itmop.com
www.minnanfood.com
www.ucshop.hk
wealth-4-all-team.biz
www.yeseliaotian.com
www.bangiasoc.com
bluebirdcare.ie
webmoney.com.ua
racas.lt
topclassifieds.eu
oleyovska.soup.io
aimangz.es
rciguadeloupe.fm
autopower.se
www.njhxmy.com
rijah.dk
businessclub.gr
www.yavqy.com
sodisce.si
kkbkk.in.th
fitplus.sk
www.zwyz.com
www.chahtc.com
hooky.co.kr
patrocine.es
focusnet.co.il
www.cyds168.com
www.nanjihan.com
www.e377.com
www.xiao77dvd.com
doctorsoft.co.kr
islandinfo.mu
femme-cougar.tv
www.m1398.com
kaplans.se
anglingandoutdoor.co.za
356c.us
shoppingportal24.at
www.chuyencamera.com
www.huangfenchong123.com
www.huiyiwh.com
cebyp.1168.tv
wheretolive.eu
www.xueqianw.com
www.jnshenghui.com
www.tire168.com
www.ciyingwg.com
pijpmij.be
look4design.co.za
sheldor.org
ceuel.org
jasnowidz-santi.pl.tl
janas.flog.pl
yapcna.org
alkuwaitiah.com
www.ppnnn.com
suzuki.com.ph
www.ppmsg.com
www.kbg.hk
sohag-univ.edu.eg
dv.gd
www.maestrolearning.com
tube4.me
www.net9999.com
www.lijoys.com
veredictotv.cl
k12.mn.us
finanzaspracticas.com.mx
daguzi.at
evitalehti.fi
magazin-odezhdy.kz
obento.uk.to
www.jytx88.cn.alibaba.com
delawaredirectory.us
elster.soup.io
www.sor.no
ymx.5888.tv
5gf.us
stalkergame.cz
www.gzhssnzp.com
www.lns.no
arkitektkopia.se
uscourts.gov
werkzeugh.at
ustjogja.ac.id
www.longchampofficialoutlets.com
arroba.com.mx
partidosendirecto.es
muebles.co.cr
www.yyqhd.com
hanbiteds.co.kr
www.tadiao88.com
gxfq.265link.com
paxmusic.co.kr
portal-oswiecim.pl
ilim.kz
hakkapedia.fi
uiah.fi
www.k1990.com
singlesnet.co.za
www.ztgame.com
www.czfa.pl
banquedeluxembourg.lu
1-click.jp
wallpaper.ge
www.anertai.com
uc.edu.kh
mainoffice.dk
trendwhore.ca
epostbank.go.kr
www.yaxla.com
burlington.ca
www.nike88a.com
www.jinzhicarbon.com
www.freepornbay.com
rainbow.mn
difc.ae
sociosinversores.es
tophosting.org.ua
www.rfholding.com
ja1.ir
3946.vgb.no
delphine.sk
www.isso.nl
vakantiebelgie.be
cm-portimao.pt
gettyimages.dk
audi.co.za
dell.at
entel.cl
fabu.com.ec
dnb.ca
www.video.lap.hu
miaocaoyisheng54m.1168.tv
www.daohe3000.com
marinet.gr
www.yoursisterim.com
ntb.no
jinrigz.com
juniorpussy.com
www.momojj.com
greeksubtitles.gr
tomako.tv
pythonmexico.org
boorman.us
lepointnet.be
zadovoljna.hr
jobsassist.com
the-five-year-engagement-full-movie.blogspot.hk
oreignin.puk.ro
schaeffer-ag.de
www.xfjyt.info
bentley.umich.edu
www.ffjt.com
primitivegatherings.us
millenniumgolf.be
gpscity.com
presidenri.go.id
wisdom-teeth-removal.us
ordsiden.no
www.yeb2b.com
inanutshell.ie
dwar.gen.tr
www.yun.io
webstrategy.co.nz
bankreferatov.kz
www.shwbbj.com
puerto.dk
www.yunml.com
loop.hamazo.tv
www.hrbsgmc.com
www.huaibei.name
nexchannel.cl
descargarvideos.com.mx
gif.tv
www.qscysc.com
www.rrr81.com
bryja.net
hardrockhideout.com
tel-web.it
expertlink.info
www.jiameizs.com
surfcamportugal.com
dpb.gov.tr
www.ualg.pt
www.baidu.com
medinaonline.se
yida05.8cn.so
www.zgxamy.com
www.welvida.bg
serials.ws
yoursisterssisterfullmovie.blogspot.no
ruangsoftware.com
vishwa.us
musicmusic.pinger.pl
ec.crcc.cn
www.misja.org.pl
kvzugmcufwib.blogtrue.com
badgirl123.pinger.pl
hxjy01.cn.b2b168.com
wzt.pg88.cn
cappelendamm.no
www.wuzuxi.com
www.godeyes.cn
www.ine.cv
pappas.at
cinemark.com.mx
www.sss74.com
citizencorps.gov
officedepot.co.il
vaegttab.nu
inadeh.edu.pa
balance-guild.eu
mejoresfrases1.com.ar
dynamicsite.gr
www.dihaowine.com
penguincheatscp.us
sjracing.com.ua
farsmet.ir
www.dlcca.com
212.ua
tcdownload.us
www.lowchen.no
www.yftwkgy.com
motour.gov.my
myperfectlinkbuildingfirms.info
www.ww99bill.com
www.cqzol.com
www.bc919.com
artliszka.digart.pl
www.ikki.be
iteach.kz
9ku.tv
www.kkouk.com
www.uudos.com
www.yt-kd.com
oy.r.gd
i-stores.com.gr
www.xiaoqingtz.cpanel.my
www.bj010hh.com
totalbarca.do.am
postie.co.nz
abus.de
www.jxqzqb.com
cybermondaytabletdeals2012.info
easy-hebergement.info
www.bunyn.com
www.xb163.com
www.jixiepj.com
sarussia.wrzuta.pl
radikal.ua
www.taichangle.com
nope.dk
snatchadeal.co.nz
www.lyweiya.com
www.dgjfh.com
osziacs.hu
zmarsa.pl
3things.be
www.zjsw007.com
wrestling.co
kapcsolat.del-alfold.istenhozta.hu
www.cusptrade.com
www.jqwuyuetian.com
www.dibisen.com
www.ahljfk.com
osod.dk
verrereizen.go2.be
www.840708.com
www.paranormalborderline.com
barrandov.tv
aqua4fun.gr
femi.soup.io
www.gyhrscl.com
audi.it
www.seolyy.com
campananoticias.com.ar
www.ccutu.com
taken-2-full-movie.blogspot.sg
www.lwhxsj.com
rockschool.tv
howrse.co.il
2012.sports.cn.yahoo.com
gamefreaks365.com
www.765007.com
ccccc.se
jmvc.210000.org
momstown.ca
whochu.co.kr
www.hifonics.cz
agaem.soup.io
www.foodservice-consultant.com
zzqqq-db74.diandian.com
cs.film.fm
gsm.vn
unhas.ac.id
www.tuan3000.com
elbo.ws
www.ye186.com
www.bstoon.com
competitive.si
politiarutiera.md
who-is.hr
gongboa.taobao.com
mo-mama.org.ua
jinqissjt.1168.tv
groupon.co.za
www.cuodie.com
www.caoliuyy.com
telenoticias.com.do
wubeipingba.1168.tv
yy.mhxx.es
www.haiyangchen.com
www.syq7.com
www.kaixin73.com
www.sebiai.com
petrolwatch.com.sg
www.cdxin.com
lsodiuf.at.lv
virginiadirectory.us
www.yjxnjy.com
tmc-it.com.mx
www.ythang.com
best-way-to-clean-a-shower.blog.hr
sngaming.eu
bbs.deey.cn
www.bjyaozhang.com
www.etonmobile.com
www.yeahyy.com
inlive.co.kr
www.stxav.com
zhidao.8008cn.net
www.piluo.com
www.xtcg.cn
www.dmcy.ibicn.com
sales-lentz.lu
www.todaysd.com
alchemysoftware.ie
mainmarshall.co.za
www.csxyushi.com
syrenki.pinger.pl
hilaryshepherd.com
waaau.tv
www.6gdp.4f9.org
www.wacai.com
www.tmalll-taobao.com
www.bjbjanmo.com
botkyrka.se
wonderrentals.es
www.tdc.fi
kdd.org
imenik.hr
bxyu.56dvd.net
google.es
www.ccjyggtd.com
www.wuxi.cn
google.gp
www.yjgb.com
blogirame.mk
gogle.es
salmanmusic.iran.sc
orinfor.gov.rw
eurofinance.com.pl
www.sftl.be
52wwz.cn
saveonenergy.ca
itstartswith.com
utexts.ca
www.jsjyt.edu.cn
www.kao333.com
gallosblancos.org.mx
www.9ae7.com
reproi.us.pn
visiotech.es
www.1069999.com
www.dolmobile.com
pocasi.profi.cz
blogspot.sk
cuevanapeliculas.tv
iscte.pt
bestdomains.gr
tosio.wop.ro
gotoday.com.cn
ucuztatil.biz
kusunoki-456.blog.so-net.ne.jp
uu97.com
www.haozhushouw.com
www.xxx400.com
miee.tk
www.chenhuiqin1983.com
www.zgwg.mobi
froschportal.at
whitbylibrary.on.ca
pandemic.puk.ro
live-well-fit.com
sd1m.qiwen5.com
www.rb3j.com
microsoft.co.il
printer.zdnet.com.cn
www.bestraybanshop.com
www.jzthzs.com
allthings.tv
sexlista.mx
www.pornokoning.be
op.se
artlab.by
www.jundae.com
www.ccccnn.com
240.v-r.biz
www.nong123.com
yum.vn
mallorca-info.dk
upperlink.com.ng
www.bobcardbuy.com
euroshop-24.eu
neonteam.hu
karakutu.tv
wmurphy.ie
od.com.ua
co-opnet.co.ke
www.veshua.com
adcloud.net
travel.com.hk
www.hnyaocai.com
www.pipehy.com
www.ok9080.com
uodas.lt
dl.ln.cn
puerh.cn
colorofchange.org
eselectplus.ca
qwickup.com
www.nxldfy.gov.cn
nexity.fr
www.cnic.cn
xn--l3cfbfcc5dugvai2otbi.com
seoer.1987214.cn
audioboo.fm
etal.se
www.sc903.com
usac.edu.gt
nsi.bg
oremlibrary.org
fp.cn
www.shkunyi.com
www.altxw.com
nine.com.tw
centima.pt
www.avis.dk
assada.com.ua
comparecarhire.co.uk
lamb.b3log.org
dejectedness.puk.ro
funchal.puk.ro
mytoplist.gen.tr
darkdragon23.de.cm
www.naobing999.com
www.hbbdfyy.com
coss.fi
wcdh.cc
sozvesdie.su
ematic.us
bogamedikal.com.tr
dailynews.net.pk
ut-frre.com.ar
lagerzeitung.puk.ro
perca.digart.pl
verderbtheit.puk.ro
gizmos.es
www.bedrijfsuitjesin.nl
3f.dk
stofnanir.hi.is
philips.co.id
nr2.com.ua
unipaper.ir
london-plumber.co.uk
olx.by
www.boda0731.com
bash.ir
roamdog.com
shankly.ymn.my
shiathecoolbug.deviantart.com
unread.puk.ro
dafiji.r.gd
www.linkssalesuk.com
www.qk128.com
gezi.ncyz.com.cn
tuentiadictos.es
www.df6.cqstar.cn
zsok.nfdy.net
tusrecetasya.com.ar
annuaire-habitat.eu
www.cpblawg.net
www.tw-zfw.co.cc
www.dreambighustlehard.com
eliteretreat.info
tequilanockpremium.com
www.duwww.com
www.attackers.net
nordichardware.se
www.diboguoji.com
golshidth.com
download-katy-perry-ringtones.blogspot.se
linkstatistics.co
jelly-beans.co.jp
www.057250.cn
butterflyinternet.com.au
www.fufangbanmaojiaonang.org
southchinafc.hk
www.saga-led.com.cn
kka.blip.pl
websitedesigntheme.co.uk
www.cmte.cn
radiantsilverlabs.com
www.2504.cn
uniqueness.it
occaz-auto.com
freehouseowner.com
ggsqw.com
pixeldsign.com