www.teta.com.cn
dom.ir
info-hoteluri.ro
ralfheidenreich.info
hotels.co.il
ggadget.org
nortemisionero.com.ar
baijiacm.com
onlydad.com
www.movieip.cn
jamzoo.com.tw
solar.org.ar
11ch.tv
cn.hk
zhouliang.info
alfaautosiskolakft.hu
www.fjjd.cn
lovelylife.se
mobile-arsenal.com.ua
rekrytering.idg.se
kulopucolente.digart.pl
www.pjlsjx.com
pornvideostube.net
skumweb.dk
sued-afrika.de
2ab.com.br
www.ahaa.ca
www.kilroy.is
elvaso.cl
www.monaco-parkings.mc
altenergyshift.com
www.tw-zfw.co.cc
www.nanren.se
payitforwardtraffic.com
nagano.lg.jp
headphone.tk
clstechnology.biz
www.roca.pl
gdiu.210000.org
urooj.co
severouralsk.info
rtec.de
insurance.yahoo.co.jp
cs50.tv
ychr.com.cn
taiyuan.cebn.cn
snownet.jp
lille.indymedia.org
kipq.210000.org
flsenate.gov
photoland.com.gr
horizonte.cl
ef4.be
cableworld.se
tongren.bgo.cn
www.ozonas.lt
aibbdz.c.la
pulscen.com.ua
relished.wop.ro
friend.ly
mendoza.com.ar
samsung.co.kr
filipinolife.org
liushijingutongt.1168.tv
ducotedechezmartin.free.fr
studentloaninfo.org
www.huodong2000.com.cn
xniamamailp.de.tl
ghanamusic.com
ikfg.210000.org
tribuforex.fr
airbrush-tanning.de
www.g8emw.114.at
www.pubmed.cn
stupidhumans.org
dsg.hr
102.wapyc.org
linuxac.org
sixt.es
www.klinikazdravi.cz
job.scuec.edu.cn
ch9.ms
arena.com.tr
howrse.co.il
artofloving.ca
ii03.xx11.org
fju.edu.tw
qlbj.210000.org
koukou.gr
ukbutterflies.co.uk
down.tech.sina.com.cn
www.splc.org
areaconnect.ca
14hli.co.uk
k4947.co.cc
baliorbit.org
www.ylagri.gov.cn
www.hualan.com.cn
www.sanfengsh.com
dpark.gov.cn
fotomontoya.es
kanichat.com
socra.org
poti.ge
saturn.com.tr
www.dgbentu.cn
www.jyrjy.gov.cn
svezakucu.rs
nn.hr
www.520azy.com
www.0371.cn
jeux-jouets-doudous.fr
yamaha-motor.com.ph
www.anguo.ccoo.cn
outdoormegastore.co.uk
rpi.edu
www.and6.at
hick.210000.org
yz.78.cn
bible-prophecy-newsletter.us
codefuture.co.uk
balderolrik.dk
htjlq.9998.tv
animex.ws
se.se
hunxiaozi.com
1aol.210000.org
pornbig1.info
index.do
www.hedu.at
ivani.co
zk.asiapump.cn
www.ctrl-f.cn
fabu.biz
www.redcross.org.hk
abbottmama.com.cn
better.kz
bankinginfrastructure.co.uk
sylviam.blog.is
pcametro.ph
www.ahtf.cn
mjtimes.sk.ca
www.auto0754.com
sciencekids.co.nz
np.ffw.com.cn
e-mesto.si
news.91.com
www.cukuan.com
www.qbdjjw.com
psdguides.info
tui.ch
carprangers.at
gocpro.com
www.huandareshuiqi.com
irfan-view.pl
jnwsekfya.blog.mongenie.com
backup.uz
www.dairyqueen.com.cn
uni-blog.info
unica.wop.ro
wwww.flmbj.com
cz.taofang.com
websitebacklinks.org
beautyproductreviewsandrants.info
teleperformancepolska.pl
www.111zy.info
utfallit.puk.ro
jeux-de-guerre-gratuit.net
blogspot.mx
theria.wop.ro
creativityhurts.net
jankis.digart.pl
myfrontporchswing.com
isabelmarant.tm.fr
symbianthemes.us
pamebolta.gr
almatytelecom.kz
www.lidier.com
min.org.mx
moganobaldai.lt
www.eyintong.com
bbs.3gsc.com.cn
cnls.210000.org
www.jiyimm.com
www.axa.ie
hd4u.ir
helsinginjaahalli.fi
www.jsjmrc.com
antoinezone.net
www.zb.jmw.com.cn
giotasterpi.gr
www.chinadavco.com
1gbps.ws
ncyardhoppin.us
seiyu.soup.io
www.letao.com
hv1.su
www.020314.com
www.607880.com
familymovie.fr
www.shenbaopump.com
cvsvans.co.uk
www.yxba.com
www.gdfsbl.com
wapb.us
www.nuvid.com
thinkmoreer.org
theblackcell.net
www.gdmsh.com
www.xpjlm.com
www.chenhanchao.com
openx.2300.cz
www.rgl.si
cybrarians.info
www.shanghai-study.org
spotlightkitchens.co.za
www.776pp.com
www.shfangle.com
www.vv99.com
lsf.com.ar
www.lsbfloor.com
aaooxx.bee.pl
webanalytiker.dk
zbnssewmca.skynetblogs.be
spartoo.se
www.logonshow.com
zmar.eu
www.lengkuba.com
iestpchocope.edu.pe
www.jamsa.fi
www.shxfsw.com
azv.az
www.qqbzw.com
512.yy.ai
www.wiha.com
www.wdfzc.cn.gongchang.com
www.ri52.com
playrapport.se
beeha.us
purglede.no
aboutu.gr
8868.hk
www.tohu.ca
cobra-net.com.mx
lens.ph
www.99478.com
www.ganqingren.com
www.hyphh.com
deallx.at
www.soheat.com
ucp.edu.pk
www.glossitonline.com
www.lieyinga.com
popai.co.za
www.meituzhijia.com
www.suiyibuys.com
oilgas.gov.tm
salimah.or.id
iklanbaris-gratis.us
is.gd
harakiri-full-movie.blogspot.gr
www.payabled.com
www.eunwin.com
redfn.dk
www.lukeburrage.com
www.hhd888.com
www.0791-88489283.com
anunico.com.ve
elektromoscigi.eu
photoshop.pl
flux-internet.com
radioislam.org.za
adesrea.at.lv
www.nvxing99.com
nanazia.ir
www.jxbngw.com
www.aizhishang.com
cajaespana.es
www.wumadiguo.com
nocowboys.co.nz
toshicenter.co.jp
www.mzyypt.com
danen.wop.ro
0.0.0.0.llav.net
royal-taste.eu
www.szjl168.com
jinpingguo.1168.tv
www.sm93.com
www.chinaqphy.mobi
hxjy01.cn.ec51.com
vaping-paradise.de
solomons-mines.com
bioplanter.blog.com
turkfood.se
borneobulletin.com.bn
www.country-sy.com
www.ncjntz.com
www.monsterbeatheadphones.com
www.kxqq.cc
gossips.se
fukl.1168.tv
www.ganmaonet.com
www.dvd5.us
ebay.com.sg
petronet.ir
www.hermesoutletforcheap.com
yhtfsatpjlpqf.1168.tv
blogg.weft.se
little-miss.eu
www.hengjiumodel.com
myp2ps.eu
www.beijianbest.om
joomla.com.es
www.hamanhotel.com
zbzx.com.cn
thedoulosgroup.com
dyn.hu
utenskas.visits.lt
doujin-moe.us
ciemat.es
www.msbn.tv
www.pwtxt.com
cork-guide.ie
tianbs.1168.tv
www.xdytt.com
tips4u.co.il
ehost.ir
lszaa.lv
safp.cl
www.k874.com
www.8006.tv
www.gdhkl.com
www.yanggu888.com
ip5.org
www.qufuck.com
mothercare.ie
kastelliotis.gr
laptopspecialist.ca
www.jixianta.com
rock.dp.ua
durl.kr
radiomaestro.ge
pobox.ph
jaynealinternational.ws
seccanti.puk.ro
91porn.cf.gs
wakemo.com
mini.be
ads2.thr.fm
www.niuniuyy.com
www.ythongyao.com
hotel-stefanik.menu.atlas.sk
www.jrdnwx.com
www.baoxs.com
www.hxmztj.com
elskling.se
www.planetahuevo.es
www.fumantuan.com
wtw.im
www.ubmgkw.com
mopoi.de.lv
lamaga.es
herfund.org
hc.am
www.1sz.com.cn
travelandfashion.blogg.se
www.hkbu.edu.hk
filmparadiset.se
jf.wgdnf.info
mir24.tv
www.chongdianreshuidai.com
atoo.ci
hao.taodat.com
tiraduvidas.eu
www.wfzxw.com
elga.gr
www.waga161.com
utel.edu.mx
osbm-hoshiv.in.ua
jianfei50.5lg.cn
celiachia.org
farmanrava4.ir
synergywebservices.ca
uksoccershop.com
viewmix.tv
ytb.com
tickledpinkinvitations.com
webinspect.info
cajas-automaticas.com
www.apollo.cn
www.onefy.cn.vc
tssv.cn
shibuya-celeb.com
honlapteszt.hu
www.cmma.org
worldofwarcraft.pl
doradcaprow.pl
affiliatewebprograms.com
auto-entrepreneur-declaration.com
gordgerrie.com
www.ebabc.com
frische-pralines.de
elflocks.wop.ro
fptfreenet.com
www.jianfeiwu.tk
pf.zol.com.cn
gbrdirect.eu
srnanek.sk
mh68.cn
setonhill.edu
mcagold.org
sciencemadness.org
adores.puk.ro
deploiement-fibre.fr
shhx.wan.360.cn
niazeemrooz.ir
loonwatch.com
abbeygh.co.uk
ordermusic.se
kina.um.dk
aryabhatt.com
sespack.5food.cn
mandycash.com
uall.cn
www.sacd.be
fatal.pl
affiliatemark.com
cosmeticprabhash.com
bbs.xdf.cn
sa.pcgames.com.cn
religion.in.ua
wow.lk
haoyoujia.5food.cn
eha.bg
akita-welt.de
bizzspotlight.com
gride.cn
www.cygd.cn
matumo.pa.land.to
pililloo.puk.ro
hnist.cn
nukelaj.com
mogu.by
adless.wop.ro
designer.ccd.com.cn
jamespolanamusic.com
yindumogen.1168.tv
dhomino.fr
hljtjh.cntjzs.cn
www.ihp.sinica.edu.tw
abook.fm
share-links.biz
seoinfo.lt
hf.pppppj.cn
domeny-sk.sk
loeildutako.com
itailor.co.uk
www.iradam.biz
www.pia.co.jp
ws.com.ve
mino.udir.no
eylence.az
img.hmz.cn
bwwq.210000.org
yunzhuji.us
mdjm.78.cn
nevillejohnson.co.uk
internalmovieclub.com
jasonfladlien.org
rnjh.210000.org
www.xznane.pl
uploadvideos.tv
zeebuk.com.pt
hiti.or.id
s.to
tupytaj.pl
bir.co.kr
wallpaper.ge
igra.hr
www.xinqiao.org
upluslte.co.kr
vpsinn.pl
ccas.com.cn
mennonitegirlscancook.ca
seeu.edu.mk
folkloredelnorte.com.ar
koi.lu
www.80008.cn
friends-tv.org
isla.pt
budgetair.fr
financnik.sk
swarthmore.edu
dype.wop.ro
myfunkvolume.com
njkryq.com
culturewav.es
mattburtonassociates.co.uk
rattleandmum.co.za
www.daanart.org
wp-danmark.dk
customwills.co.uk
okosabo-2.blog.so-net.ne.jp
bddk.org.tr
www.ministation.org
turk-h.org
mem.hk
ing-online.eu
www.tjing.cn
xtremesystems.org
cooloutfit.at
linux.uplook.cn
www.58tc.cn
carcomputer.co.uk
naturalsensia.es
www.46li.cn
dcc.ac.uk
download-flo-rida-ringtones.blogspot.in
www.33155.cn
offf.ws
www.lnyjf.com
xtreme-jumps.eu
www.lightcn.web-198.comwww.lightcn.web-198.com
xilinguole.chinaibi.cn
www.wapnet.tk
zeekwork.cz
evermotion.org
sestrysvkriza.sk
cao.ir
www.sxs-l-tax.gov.cn
www.se5300.com
www.topwinechina.cn
uncandid.puk.ro
ur0.org
google.gp
beveto.wop.ro
haerbin.edeng.cn
www.nsk-skf-ina-ntn.com
resonate.io
dbacg.com.cn
doctordave.com
www.institutes.cz
sylvain-icart.fr
stedentrips.nl
themodernhomestead.us
info.0916.tv
linhe.tielu.org
www.lhd.cn
www.lhrb.com.cn
mumbojumbo.ir
www.miele.no
survol.fr
chicagoclassicalmusic.org
achsoo.de
polcattebeke.be
johncage.org
aporadun.com.ua
vpo.si
www.tzsb.cn
tywigs.org
webwide.de
globalreporting.org
xuwc.210000.org
qim8.org
oja.la
normanmcginnis.tigblog.org
shutterpixel.org
flvtubesearch.co
dusza.sk
jj.nt.tg.com.cn
xipy.210000.org
revolutionanalytics.com
medister.info
muc8.info
xe37.cai888.net
hossa.gda.pl
www.tzs88.com
raydium.org
www.jdsoft.be
siemens.com.tr
gatewayworldshop.co.uk
www.jocuri-3d.org
sj.9cha.org
latestdownload.org
t.games.sina.com.cn
www.gx-ch.cn
webmas.ru
www.imedia.com.cn
neozone.org
www.p10000.cn
49.idv.tw
muskurahat.pk
www.whsmz.gov.cn
periodicodigital.com.mx
boliga.dk
bancamarch.es
wurth.is
complementosabril.es
zus-studenka.cz
lanfc.com
live.video.sina.com.cn
rental-server.ws
bm.7cait.us
dualscreendvdplayers.26z.info
ycl37.com
rsbot.lt
superkava.eu
www.2ren.tv
tdpu.uz
kgrp.webs.com
web-feeds.com
www.bestonepack.cn
links.r.gd
itis.gov
lux-case.se
thestar.com.my
24speed.at
simplyhired.com.ar
www.bubushen.com
www.ycjsy.com
ganzhou.bbs.house.sina.com.cn
www.boshibang.com
oqdf.210000.org
www.zaol.com.cn
kartsport.co.uk
6hz.hk
laanga.puk.ro
opensourcecms.pro
karemax.com.ua
www.du.tc
www.jiusehua.com
hawker.com.bd
www.cqtlqz.com
flottera.wop.ro
macguider.se
adsmarket.es
zhidao.8008cn.net
www.bfi.org.uk
hf.dqccc.com
akzn.210000.org
mmtorun.pl
misaki.ch
8883175906.phone.searchwww.com
wealth-4-all-team-israel.me
holbay.co.za
fuoco.blox.pl
holyfamilybirthcenter.org
www.020gay.org
qiu.im
www.yoshimototaiwan.asia
rackers.wwwwww.wop.ro
tresc.cat
lactocit.puk.ro
www.isbs.se
gravedadzero.tv
yaelglazer.co.il
zhot.wap.sh
yha.org.hk
iww.ca
ba-bamail.co.il
gef.asso.st
www.youguan.com
www.hsrtys.com
tubexxx18.info
of-cour.se
9158sj.78.cn
www.bensoo.com
gemilang.tv
www.mingxs.com
xfq211.tj.md
spar.ge
www.yzcyfm.com
qtom.tv
hyundai-motor.com.ve
www.xs53.com
www.haijob.com
anluanzuodian.cn.alibaba.com
videomarketingzone.info
www.jxthc.com
www.shilanqing.com
ttfall.us
www.sxmjj.cn.alibaba.com
prvsoft.com
bluegate.at
www.anquanyue.com
carnivalclicks.com
www.tibetitw.com
i1.to
sigma.nowyekran.pl
www.redform.hu
hdzoo.com
kusunoki-456.blog.so-net.ne.jp
wowcamiguin.ph
wo.cm
atp-messtechnik.de
where.in.th
debreceniceg.lap.hu
rayovac.com
incident.su
3gtan.cn
www.glass.co.nz
www.xalda.eu
watch-piranha-3dd-online.blogspot.pt
spu.edu
bob-marley.es
elbazar.es
15.ywsw.org
laroche-posay.es
www.qtom.tv
omplassering.no
w88n88.com
makrohandel.pl
www.foodspark.com
rls.se
blog.ggdog.info
www.nfglasses.com
nusamandiri.ac.id
einkaufssackerl.at
www.gamesgames.lv
habbotstudios.com
www.akk3000.com
www.3533.com
www.jcyey.com
aqua-dome.at
0668.tv
kunluntianlai.soufun.com
iidh.ed.cr
www.mddi.lu
ccs-tm.ro
www.atfz8.com
chfk.1168.tv
bbs.xidian.edu.cn
kariho.wop.ro
net-working.co.il
ibroidery.com
renardudezert.com
theonmak.edu.pl
www.xiezhen78.com
stockopedia.co.uk
lpru.ac.th
www.207007.com
desingbyfan.blog.hr
conus.sk
www.say666.com
ivaerk-tv.dk
balogh-fenyoker.internettudakozo.hu
hpgolf.ca
franciscolopez.pro
www.aishedes.com
www.3g4gp.com
nestorgomez.com.ar
5151-job.com
nousagi-yamame.blog.so-net.ne.jp
download-tyga-ringtones.blogspot.com.es
lecourrier.es
tripres.house.sina.com.cn
www.hnyhlw.com
archerytalk.ca
cargogarant.lt
www.111666888.com
www.chengda.com