www.tubsu.com.cn
ukbest.net
nocking.wop.ro
www.ipf.jp
manufacturingsoftwarez.info
muldyr.wop.ro
radarlisboa.fm
linkhumper.com
vossejon.wop.ro
linkbyme.com.ar
humanfactors.com
sanne-appa.hyves.nl
www.jiaju001.com
aelchheb.free.fr
tibet-dog-forum.de
fsfx.nfdy.net
ligaswiata.napisala.pl
gog.com.cn
whois.ipcn.org
pt.hu
www.lapdatdiennuoc.net
telefenoticias.com.ar
robogo.lap.hu
www.hrssx.com
novoimperioimoveis.com.br
fuezu.wop.ro
expresstravelworld.com
immondic.wop.ro
planasia.com
e-materace.pl
cjol.com
avis-boutique.com
beguiles.wwwwww.wop.ro
seifen.wop.ro
kamasound.com
songsmap.com
lihongcn.com
www.hhaavv.com
gruma.com
armacaa.com.ar
imyoutube.com
eastmoney.com
enagicwebsystem.com
jinanzheng.com
www.525go.com
piemontenews.com
aanbruisen.wop.ro
www.jhchangkong.com
njmbank.com
glyguaguldtjjz.1168.tv
socialoneplus.info
lueya.com
aasitedesigns.com
fpthanoi.com.vn
perfectsociallist.info
fengshihjzhsq17f.1168.tv
www.19wb.com
exe.666.my
doriangrey.net
www.venez.fr
pacosentjens.hyves.nl
www.588698.com
www.tool258.cn
gayjewishprofessionals.com
mo-mama.org.ua
googleebookstore.booksprovider.com
farriers.wop.ro
bbs.e23.cn
klmu.edu.pl
vinden.wop.ro
poetica.art.pl
cazlawyer.66law.cn
www.pixel.hr
elciofernando.com.br
av.pl
www.alvel.eu
www.365ip.info
alexiafoods.com
spcc.edu.hk
icecast.fr
www.tsjq.net
hfbaykee.com
bbadmin.net
www.66abcd.com
inficone.com
sharewareisland.com
bitcode.in
www.1580w.cn
satelite.com.mx
rsna.210000.org
net-sis.com
websitehostingreviewsz.info
aspre.wop.ro
abcleg.dk
iamministry.us
guenstiger-bekommen.de
sex8.cc
doctorscorecard.com
sonnenkraft.com
koudokuh.puk.ro
vorp.blip.pl
modshaman.com
ecauldron.net
celysvet.cz
bortenst.puk.ro
woobuzz.com
www.520yuyan.com
puzz.wop.ro
www.myprice.com.cn
www.kaniner.dk
www.eyov.tk
shrewsbury-ma.gov
florist.od.ua
abwasche.puk.ro
ucla.edu
3rin.net
avadeals.com
cuisine.com.ar
waz.com.br
lflive.net
cajuns.puk.ro
woobin.puk.ro
penedofm.com.br
drxlr.com
colegioespiritusanto.edu.es
moreshop.net
www.jaystyle.eu
np.by
tbn.org
convershop.ru
nonim.pinger.pl
45zgw.com
save-money.ch
fraudais.wop.ro
www.outlets365.com
imtech.eu
eium.nfdy.net
redlog.pl
town.pri.ee
indesit.it
muaythai2000.com
acuvue.ru
letitbook.ru
gcccd.edu
nkp-bulldogru.ru
quickbd.net
www.gyxhjs.com
kupongid.ru
newsdroid.at
sinaisafaris1984.com
400ai.com
dickievirgin.com
crushe.info
478893089.qqku.com
tappi.org
guihuaxiang.com
nguanhengsupply.com
groei.wop.ro
oraprednisolone.com
directorylinkfree.info
iyia.nfdy.net
gazeta-tejkovo.ru
www.120job.cn
dqbk.210000.org
smdl.zol.com.cn
cs.zgfj.cn
youth.com.tw
backlinkdaemon.com
efind.com
jogosdopicapau.org
www.f2688.com
motosale.com.ua
dworekhelena.pl
www.joybasee.com
dehir.hu
repleto.wop.ro
abp1.qiwen5.com
bobo.401ai.net
www.11tp.net
citent.puk.ro
ilike.cz
zdr6hc.info
artviper.net
golfriron.com
sqeb.210000.org
lungless.puk.ro
opiniolandia.com.ar
gnutn.org.ar
greatcentsoaps.com
thingpage.cn
bergpizzeria-kelheim.de
jornaldelavras.com.br
weinelt.de
bewerbungspartner.de
gopsusports.com
gardcn.com
kzdu.56dvd.net
vervelt.wop.ro
www.romania.ro-site.com
vecino.wop.ro
cich.info
webfreeclassifieds.com
bookmarkings.info
ratonviajero.com
klaziena12.hyves.nl
fristetet.puk.ro
admin918.com
acfe.nfdy.net
poliartcr.com
it-handbuch.net
cityalert.com
www.whrailway.cn
kaapor.wop.ro
pyrrhocoridae.wop.ro
gdynia.pl
www.msnl.nl
roelandmeyer.org
jadoreacl.hyves.nl
weblibre.com.br
hq.zgynk.com
calda.wop.ro
wmcasher.ru
gisuser.com
parla.dk
saugstube.to
srisangwankhonkaen.ac.th
ctds.info
www.kokoholidays.nl
panathen.puk.ro
cashsurveysonly.com
61jjj-0go1.diytrade.com
spamlaws.com
newinspire.ru
www.yuanlin.name
6h4s.qiwen5.com
cmsns.com
meineabgeordneten.at
comambiental.com.ar
inforotor.ru
did.pinger.pl
linkdragon.info
zxqbvlip.blogger.hu
artemisi.puk.ro
bbgaleria.hu
cumfilm.info
taobao.cha10000.com
office-removals-london.co.uk
hami.wenyue.org
profitgamehyip.org
cs-serwers.pl
hotcocoa.biz
haowang.cc
fillseo.com
jforz.com
aanrolle.puk.ro
superannuationc1m.info
krolewskipensjonatpaslek.pl
rugstorene.co.uk
yc88.mobi
labkultur.tv
gxxinet.com
surfshop.net.ph
www.findagrave.com
jostu.com
egazety.pl
google-scraps.com
dona.wop.ro
auiti.wop.ro
www.xiangpaoshu.com
experiencemad.co.uk
utfallit.puk.ro
tfhdigital.com
iaew.nfdy.net
videoshentai.tv
daytrader.com.ua
transins.wop.ro
gnokii.org
www.ningmenggf.com
fomatto.wop.ro
snjianzhan.com
luomai1.blog.163.com
riuf.ro
lettre.gr
overcolo.puk.ro
filka.info
faxmyway.com
inteliscorp.com
ilich.in.ua
idzoom.com
fleurvdzwaluw.hyves.nl
axka.265link.com
warszawa.studentnews.pl
sgranchi.puk.ro
breast-actives-reviews.info
klikvind.dk
vhod.ru
perevodslov.ru
11sasa-823b.tumblr.com
makeupminutes.com
mindvalleyacademy.com
www.365chem.com
hcqu.net
us-soma-250.wetpaint.com
ussxs.com
vkb-bank.at
caricaturais.puk.ro
www.capestay.co.za
8.atvtm.info
pengz.digart.pl
shiweikzs.1168.tv
vpxl.name
myfolio.com
descente.wop.ro
dogoo.us
sports262.com
propintelectual.com.br
pure-beauty.hu
www.027bbkk.com
recipebook.com.ua
kwaii.biz
www.xcwangluo.com
hamaisum.com.br
begood.vn
snatchporn.info
unbetray.wop.ro
roadwaydnb.com
one-piece-wear.fad3.cn
oudallee.nl
e-leclerc-conad-bologna.it
websupergoo.com
www.cqckgtfg.gov.cn
bk.kz
www.avbo8.com
ekiscoaching.it
tainy.info
kulturalna.warszawa.pl
tylus.wop.ro
pennymarket229.net
sweetpoison.com
dreamsite.me
seoblog.com.ua
felizviaje.com
meestbie.wop.ro
www.efca.pl
www.xxx400.com
na6o.k3y3.net
yoao.com
haidea.wop.ro
apotekva.wwwwww.wop.ro
kezi.nfdy.net
rze.pl
queche.wop.ro
starcraft2-tipps.de
tpgy.210000.org
zhuti.155.cn
www.lxxwtv.cn
c.thor.hu
nsx.pl
digg-digg.com
www.qt561.com
lyedecke.puk.ro
www.nscmp.com
sexydisneycartoons.com
www.ooo.lt
hlfx.ru
www.888ke.com
asvl.hyves.nl
51speakerssystem.7wx.info
genetics.ac.cn
selige.fr
rainboworchids.ca
fargband.wop.ro
www.ckdc.net
i.mouto.org
tropiland.it
www.qdnzy.cn
www.dodge.dk
sulafat.wop.ro
amicale.puk.ro
educationh.com
drewee.info
tkukndcbd.blogger.hu
kefid.com
tznetcom.com
498h.net
lsbk.lizhidy.net
himin.hk
presidenri.go.id
acrl.org
droogje.puk.ro
dancehallcelebrities.com
fw.9191.cn
nibblings.com
ok92.info
hzuz.nfdy.net
natusia11197.pinger.pl
puls.lv
fufa3310.fyfz.cn
www.ankaraescortlar.tk
www.ray-bansunglassess.com
divtech.net
maingames.co.id
www.17kdy.com
rafenstain.com
nword.com.cn
vlegeltj.puk.ro
healthfitnessblog.info
demis-promo.ru
mbpz.210000.org
sexe4.org
www.ilse.be
directoriofavoritos.com.ar
incomattic.com
scrappingexpert.com
kilroy.se
webwide.de
kevinspencer.org
rajzfilm.lap.hu
vindowb.com
classicopen.cn
olenkaduber.pl
www.rslqq.com
rackspace-hosting.de
ilosoft.de
tuplaya.com
kurnik.pl
selogerpro.com
ponoorak.wrzuta.pl
6dsd.nfdy.net
dgmaxinteractive.com.br
transcoderaient.wop.ro
leibovitch.wop.ro
franc.wop.ro
jeux-gratuits.fr
www.edugeo.fr
traveler.com.br
warensortiment.de
1965.cc
escuelaing.edu.co
detail.china.alibaba.com
princesscruises.de
www.6238293.com
preuss-medien.de
www.lntv.cc
pika.360che.com
darnley.wop.ro
interestuarine.wop.ro
biljartten.puk.ro
nutritionfor.us
21980.com
www.hbmzyq.com
mobywrap.com
luvq.net
photomap.puk.ro
h1.cz
wmb2.nfdy.net
www.xwax.cn
www.444dy.info
chl.soup.io
ngc7000.co.kr
kosibone.wop.ro
www.tbzhuanhi.com
higawari.co.jp
www.xixise1.com
avdi.org
japanesecomposers.info
www.avatari.eu
majchrowicz-stolarnia.cba.pl
aychelel.puk.ro
worthwebs.com
newsvo.ru
pmsteel.com.my
jobsy.tk
alkos.info
nachgebloggt.de
dfjb.com.cn
tshkeel.com
rcseng.ac.uk
icast.co.il
artandtourism.it
kapolo.com
ruskix.digart.pl
scubanase.com
usurpor.puk.ro
nvod.cn
lifescience.pl
syrfuture.com
nomix.it
oililyshop.com
easyart.de
kvikli.com
ys.222ii.info
vulaga.puk.ro
pollusjon.puk.ro
tlyr.nfdy.net
www.nativejpa.org
altoclick.es
www.cbp.nl
legalized.us
alma.wop.ro
www.polskie-ksiazki.de
klokow-gmbh.de
armerions.puk.ro
49xz.com
dierenfan.nl
downloadplrforfree.com
v.gd
inway.su
silencefactory.com
bastir.puk.ro
book.hmz.cn
jiangxi.eol.cn
muslimmillionaire.com
dred21.flog.pl
cnc-jc.com
millcreekbistro.com
hylle.puk.ro
dieselperformance.com
taojinghua.net
badang.wop.ro
www.242dy.com
bookznami.pl
dh.2zf.cn
www.lygls.org
5mfz.com
smnc.ac.th
lausbueben.de
dzmzft.1168.tv
hungarian-food.hungaryguide.info
chuangjiamohoshangzhu.soufun.com
eights.puk.ro
gear.fad3.net
www.gaylover.nl
patrickwagner.de
energology.ru
ozdd.210000.org
rockstah.de
wealth-4-all-team-israel.me
moggies.co.uk
hebinzhicheng.com
shop-sh.ru
thegamblinggurus.com
wingsandwheels.webs.com
music.bagdax.cn
www.klkjn.com
forcom.it
delphi-id.org
cunard.co.uk