iolt.nfdy.net
loert.puk.ro
250442404.qzone.qq.com
hosiduki.wop.ro
www.idwear.nl
garten.ebay.de
benmouch.wop.ro
linkattributes.info
www.kanxun.net
qq6688.qzone.qq.com
point-directory.com
wkbmaratonczyk.pl
portal-konskie.pl
www.58linyi.com
cjbjvb.1168.tv
avmt.info
boda.wop.ro
orderletter.info
atusadora.puk.ro
mensagens-para-celular.net
reagere.wop.ro
bushido24.pl
ooj.pl
tked.210000.org
diypig.com
amata.info
sanliurfaguncel.com
ohne.biz
zahd.de
werde-unsterblich.info
www.meiyimeimeirongyi.com
debond.wanye68.com
www.ff62.de
katalog-next.pl
i9yt.k3y3.net
5thround.com
visguy.com
www.90km.net
opencv.org
dennit.de
roekeloost.puk.ro
flashes.eu
gaj-it.com
mgjm.78.cn
shhaoku.com
iniada.info
sitebookmarks.info
dhl.com.pk
aljumhor.net
ovz51.hc.ru
www.coc.cc
tnsradio.ning.com
elslawyer.org
desiree-zeijlmans.hyves.nl
nevresimdunyasi.com
nanrenhai.cn
acisaonline.com
myforexindicator.com
www.yrg1.com
vn4v.com
plus500.be
yoursubmitnewdirectory.info
sujeetseo.blogspot.in
co.br
aaa38-12go146.diandian.com
eegarai.com
ainostri.ro
sexgazetka.pl
lastminutelauderdale.com
www.jzseo.net
www.seguoguo.com
kaelte-klima-innung.de
www.365mao.com
skrmjg.com
trikaa.wop.ro
www.aussielines.nl
whyhomeschool.blogspot.com
textkit.com
fishcharters.com
lechenieslovom.ru
dokk.wop.ro
qensio-panel.biz
rivierasun.net
vancouvercoffee.ca
nau.edu
ralph-lauren-shirts.net
seoboostershop.info
viamichelin.co.uk
tag-ziolinking.info
madscience.org
duntz.info
leetcode.com
dev.mo.cn
socialtag.info
rosnet.ru
0563.job234.net
spiderworking.com
uca.edu.ni
www.iii22.com
chinese.ruvr.ru
westcoastcustoms.co.jp
digital-architect.net
mahu.cc
www.90dy.com
howie.puk.ro
emktagc.info
plattsburgh.edu
npwy.210000.org
geaz.tk
nu-heat.co.uk
disserr.com
sebo12020.wrzuta.pl
www.gxql.cn
jlhufford.com
www.nmgjgdj.gov.cn
gkcx.zqbe.net
eu-football.info
www.dyit.net
vietnamtourism.com
www.iamhukai.info
cyokuyak.wop.ro
www.mftuku.com
downloadfreesinhalamp3.blogspot.com
mygreatlakes.com
www.tenisziskola.hu
www.fanli31.cn
planetunik.com
lfmylove.com
imaginecup.in
www.qingqinggan.com
get.xrea.jp
kan93.com
envydi.nl
laurens.puk.ro
directmailingservicesz.info
islamophobiatoday.com
absencethemovie.com
crivellato.puk.ro
imgartists.com
daringideas.com
zzyfz.78.cn
www.45mv.com
freeglobalbookmark.info
www.17xla.com
nk.wst.cn
www.everhost.nl
raffles.com
audit.org.ir
spaceninja.com
gizmee.com
www.345qqq.com
fertility-world.co.uk
lpch.org
exiug.com
homethinking.com
blog.fireage.cn
www.nemtv.ro
onthesnow.co.uk
www.22rc.com
twitip.com
www.posgd.com
mistressjanca.com
iklan-iklan.com
atsbullion.com
politicsandmarkets.com
shudan.org
article-promotion.info
fotonoc.pl
bai19.com
arunachalam.boks.tueckisc.wirksamerem.akatuka.kaitakuc.wwwwww.wop.ro
www.sdjxxinxi.com
www.waeco.pl
kostnixx.de
re-volta.pl
xi.xiaoyoyo.com
www.yyxgs.cn
sejutablog.com
www.fsbit.edu.cn
spiral.co.jp
ty28.qiwen5.com
livegonzo.com
bentsen.puk.ro
janbari.tv
www.argus.nc
www.941521.com
themediterranean.it
christianlouboutinmen.info
creativityhurts.net
nega.ir
cooks4arab.com
12wbt.com
jl.1775.cn
chocoomint.deviantart.com
yared.flog.pl
racinguk.com
arlz.nfdy.net
moriseba.com
froute.jp
mass-msue.edu.mn
ketquaday.vn
www3.gaf.de
foreverpetite.net
88g.iyh.cc
turismobrasil.gov.br
niedoceniana.wrzuta.pl
kingtwinks.com
dasiosim.wop.ro
webanalytic.co
wtkanwil.com.pl
jkeve.com
sohukm.586.la
hanguoditu.51yala.com
etology.com
evotraffic.co.uk
www.hj8866.com
ngobrol.us
nbcm.puk.ro
www.jylyw.net
chawz.cn
chauth.wop.ro
www.zzfda.gov.cn
maybank2u.com.sg
shouka.wop.ro
8cul.com
www.cpipee.com.cn
2-steps.net
www.365wnfw.cn
yuantel.com
ehmw.qiwen5.com
boogu.pl
www.coocle.jp
rc.lt
guymaes.zoom.nl
gazee.puk.ro
eaak.tk
nuboost.com
club80.ch
www.dong456.com
www.renti.com.cn
professortwist.co.uk
casameza.cl
mediacorp.sg
kenfu.digart.pl
bbs.mengnan.biz
michaeljohnsonline.com
solar-partners.jp
talkreviews.co.uk
kian.ru
forum-gitara.pl
r-l.com.cn
chl-live.at
www.1k3k.co.cc
3315.taobao.com
casa.it
cityvilleguide.co
qk.soup.io
mbschool.ru
aunnajames.blogspot.com
vergegraphics.com
conductility.wop.ro
ehost-services.com
jinglipin.com
wnpt.org
www1.bbiq.jp
mastermind.co
rockindustry.co.uk
www.imm.ac.cn
www.tanggu.gov.cn
cdyy007.com
unesco.org
blast.ncbi.nlm.nih.gov
www.lttianxing.com
pezurbano.com.ar
sksy.k3y3.net
interviewhelper.org
dustinhavensforjudge.com
deltamac.com.hk
arborlist.com
justcal.in
ipornotube.net
homesworldwide.co.uk
khaira.puk.ro
mwbn.265link.com
www.candientucas.net
www.ahfzjy.com
swissmomforum.ch
bobo.474pp.net
ndatejwinle.blogger.hu
www.liveseks.info
gutc.210000.org
rid-magaz.ru
leeney.org
bolognafiere.it
militarybank.com.vn
anandasy.com
sgrab.ru
kphb.56dvd.net
milwaukeetool.com
www.zqshw.net
houshano.puk.ro
syria3.com
aderezo.puk.ro
149zz.com
kwiatowe.be
www.txrc.cn
merlspik.puk.ro
chamsocbe.vn
sos-odchudzanie.pl
huskerpowerhour.com
prokapitalizm.pl
coffee-blends-now.com
barrenn.flog.pl
www.haoxiao8.com
comments.people.com.cn
opgives.wop.ro
bbyy.name
cksmh.gov.tw
anime-top.org
kitchenaid.it
coloradoski.com
pmgd.nfdy.net
wed.022v.com
panahome.jp
assurland.com
ahrcw.com
vintaj.com
amtra.org
calculadora.org
construfacilms.com.br
www.czxpj.cn
coocha.co.kr
travelagencyinsurancez.info
sultoni-kabir.tj
grainelevators.ca
sweb1.com
sofp.org
animationarchive.org
uca.edu
stokedseo.co.uk
kk-tanaka.com
thourio.gr
fute.puk.ro
kingsman.wop.ro
friendsbuddy.in
ingrandivi.puk.ro
47qg.com
cp.m6h.tv
apola.gr
bestlawn.info
incestuosas.com
chi.mp
sjoerdenunite.hyves.nl
lux-club.ru
carl-auer.de
blueboomerang.com
heidelberg-web.info
bonzaipaint.biz
pdxdesigner.com
neusch.eu
www.lache.nl
7f7q.qiwen5.com
moban101.com
conversebank.am
www.sankygz.com
4doma.info
5wbjl.info
zinkbakk.puk.ro
phuket101.net
www.vientin.net
tkadlubo.soup.io
ku.dk
epinmi.puk.ro
kupizoloto.com
jedzenie-na-telefon.pl
asian-eca.org
metronet.ru
activehistory.co.uk
55.ht
xxcsxy.taobao.com
first-responder.co.uk
www.ddzf.com.cn
ignoreerden.puk.ro
nodex.co.uk
kvinnene.puk.ro
spoliate.wop.ro
habbaniy.puk.ro
rabota.yandex.ru
tourismdaily.ru
aclockworkorangefullmovie.blogspot.in
comb.es
milteer.com
my1pureluv.com
transitionslifestyle.com
anget.puk.ro
gifarchiv.net
ingatlankorzo.hu
mrpizza.jp
www.topas.bo
syxs.com
argentou.wop.ro
www.yz86.net
mispicke.puk.ro
lrt.tv
ma.tt
wh.serun.net
nemnd.9r.ro
cititrust.biz
etuyo.puk.ro
aduni.org
fitness4x4.com
omolog.wop.ro
kontramarka.ru
junior.wm.pl
www.xxbbyy.com
biorama.at
flashstreaming.tv
oxland.wop.ro
ajk2.210000.org
mtm.prv.pl
www.yzjsks.cn
cq.bbs.jiaju.sina.com.cn
jerf.nfdy.net
pornmummy.com
landenkompas.nl
jz.sxgov.cn
deaikeisitenohajimekata.com
portalsafadas.info
onx1.qiwen5.com
gnu.org.in
shoppen-online.startspot.nl
planetjazznyc.com
www.hehe256.com
theplatform.info
oaa-accessibility.org
49t.org
ioio.name
shrimpis.folgten.wwwwww.wop.ro
drozfans.com
iafactory.fr
www.hec.fr
kerber.fecsegj.hu
oferte-akrotiri.viaromania.eu
www.130ddd.com
pagerank-webkatalog.net
kiemtien-online.info
abs-pk.cz
18vip.net
ympf.nfdy.net
ibs-designs.com
jdfz.sh.cn
sproeter.puk.ro
beaglefreunde-dresden.de
infoski.pl
centurion.bb
questoria.ru
kotteg.com
www.hnadl.cn
www.517866.com
antifono.gr
prous.com
tipsdecompras.com
domainedesdeuxamis.com
www.ea.cn
aeinrst.info
www.reestdal.nl
elider.pl
sefindia.org
sharingnews.info
arw.ro
webmarketing.by
bedroom.co.jp
unice.fr
fti-newquay.co.uk
www.xhcf.cc
guffen.wop.ro
0755sjmg.com
monkeyin.puk.ro
ugr.es
gratis-ordbok.se
vip.3v.cm
mobilemarketing.inet.vn
dechema.de
9xhot.info
sf719.net
borch-e.com
4799.fad3.net
55study.ru
sakura.hyves.nl
infolive.tv
mokoulou.puk.ro
gmailloginpage.org
axmdy.taobao.com
guiadowindows.net
www.39ik.com
dtv.gov
noopnet.com
cjx.qznc.cn
neff.co.uk
dc.uz
anyaoga-1av63.tumblr.com
fee1100.com
gaozfc.cn
cherishedhandmadetreasures.blogspot.com
top-context.ru
articlemarketingrobot.com
unica.wop.ro
www.fenglouwang.com
vip.tq.cn
cupertinoplumbing.com
www.amateurfilmsinhd.nl
kyosho.wop.ro
peacepiece.info
oglasi.ru
jha-kansai.com
chuguidenvren.cc222.com
fanx.fanli31.com
agathongroup.com
coolphotos.de
ptt.rs
ribenav.info
garla.9r.ro
depoklik.com
40gvps.com
nicesport.pl
digua123.com
tskk.qiwen5.com
foxalba.com
laberpla.net
xixidieyuan.com
hdmnw.com
glenaholm.com
allegrodance.pl
cancerbeglammed.com
exoticphilippines.info
downloadmusicguide.info
estimatedwebsite.fr
fdx.ro
recetaensaladas.com
cm8.jp
stockwatch.pl
www.lizu.ro
chisum.puk.ro
overacut.wop.ro
lavaka.wop.ro
barkodetiket.tk
butt.pro
videosexe9.info
allxxxvideos.com
rococo.fecsegj.hu
astel.be
www.syqiangda.com
neobookings.com
page4.me
webtoolz.me
trendybookmarks.info
classicmustang.sk
lernia.se
justlittlethings.net
tasley.puk.ro
forumup.es
axisweb.org
avianca.com.br
jxmctgy.com
97sd.com
tatt.ly
voila.web.id
immerses.wop.ro
www.rws-verlag.de
vayo.pl
654.cu.cc
blucolor.com.br
bikerszene.de
lks.jookn.com
vava8.com
mp3mp4players.3qa.info