bmdropship.com
szgtgh.com
eylence.az
qainfotech.com
par30song.ir
my-lira.ru
2323w.20ux.com
nakedmilfs.net
wandot.com
www.1010fanli.com
www.topbing.ro
madamefigaro.jp
asiafoodland.de
illucalab.com
drapertools.com
jljsw.gov.cn
www.dgsaxvi.com
tunes.hu
tmhobby.tsukuba.ch
gba.gov.ar
vaciada.wop.ro
xosotructuyen.vn
bdu.me
www.fp183.com
gerretfuchs.freeblog.hu
northfieldnews.com
moirecepti.mk
dpmag.com
exoticphilippines.info
ustudy.jp
itour.com.ua
plasmon.it
cm8.jp
elephanttube.me
cogniview.com
casecrown.com
themisstisdale.net
aifangke.com
insidekpop.com
sh501.com
awyu.wop.ro
tapanki.r.gd
www.enter.ru
casioindiacompany.com
otosata.wop.ro
418.la
19qq.co
www.sharanis.com
mof.gov.qa
hawaiipighunter.com
www.baijia8.com
xinwolong.com
bookmarklead.com
13393.com
viveresenigallia.it
ubublu.com
worldreviewer.com
munich-nightlife.net
www.hb.10086.cn
business.online.cq.cn
nefariousdesigns.co.uk
historic.puk.ro
www.dqg1.com
fashingnet.com
q8talents.com
dress-up.net
chisum.puk.ro
3gwoo.hdt.net.cn
jxgfyvyqvf.blogage.de
51player.net
rl.sk
ff-eberndorf.at
www.milipp.com
casa.acasa.ro
haoji.la
shenghuo.piaoliang.com
raheiman.blogfa.com
www.chinap8.com
iwantim.com
rapidweavercentral.net
2891.vgb.no
asketic.lv
pgdiakonie.de
aiaigamehdw.co.cc
indymedia.org
tvboxarabia.com
archpaper.com
3soe.com
aeonic.wop.ro
bdmaniac.fr
tutorialing.com
dt2.yzz.cn
koalaswim.com
xtxpasnh.freeblog.hu
shurweb.es
smm.co.jp
careerjet.hk
flightsfortravels.com
18mei.com
fertighaus.de
fotostacja.pl
funatiq.com
strip-baden-wuerttemberg.de
daymen.ca
same.wop.ro
apnabharath.in
animamoot.com
cddrives.7kt.info
rinsenta.puk.ro
bdqz.55.la
haerbin.cyberpolice.cn
hj1121.com
vetjes.wop.ro
bellatrix-fans.deviantart.com
bie.to
www.jzztc.com
meybodtile.com
adease.com
furtheroutdoors.com
prempuri.org
69park.info
town67.com
babywit.com
guitar-chords.org.uk
linksmarker.info
n-kasa.pl
167000.ru
mokablog.com
enahojyg.blog.cz
ehej.nfdy.net
googlewd.net
kommix.ru
look-at-that.com
dienlanhtheviet.com.vn
muraldavila.com.br
groupewib.com
drumm.puk.ro
assunse.wop.ro
aitu.wop.ro
goroder.ru
rio-themovie.com
auker.wop.ro
www.motorosruha.lap.hu
shamanseeds.net
shilf.wop.ro
www.moxue.cc
51seba.info
68isp.info
cemea.asso.fr
phovx.com
gacpw.com
itaxi.pl
net63.net
saltino.wop.ro
coretennis.net
hosting-service.com.ua
dk.dk
likebutton.com
fw55555.wjw.cn
www.donsun.net
webcamtubes.info
mintannie.pinger.pl
24x7-spb.ru
oscarbarber.com
www.wayl.net
dvdsoft.info
383955.com
docrafts.biz
www.kavw.us
m408.mail.qq.com
sexfilm.sexdumpert.nl
astroadictos.com
sekkyout.wop.ro
archemperor.wop.ro
kijoan.com
adriannadabrowska91.flog.pl
tibetaltan.hu
ydjf.zhuxian2zt.com
btscg.utmall.com
misha46.hyves.nl
appie.pinger.pl
shipin.huangye88.com
travelbloggersmeeting.com
floridacouponsavers.com
simplybacklinks.com
www.bialog.ro
loreal-paris.de
www.zgjl028.com
beauty-cosmed.com
flash-gallery.net
kiemtoanvietnam.net
thebettermom.com
affilikami.blog.shinobi.jp
oneoman.com
qhfj.210000.org
vckbase.com
gfkireland.com
chengdeditu.51yala.com
www.76mf.com
liftkarbantartas.hu
bloomex.ca
www.uuudh.net
www.juniu88.com
yuluqi.cn
jibtel.com
feriashop.nl
neff.de
cstvisor56.huijucn.com
www.dd38.net
hudebni-obchod.cz
coolblades.co.uk
autocarros506.com
anatomiq.wop.ro
birtanem.in
superficialgallery.com
tabwiki.com
medtrade.com
fashiondaydreams.com
dlera.com
1sexhotlatin.a-liveprivates.com
managed-ppc.co.uk
karmatube.org
alliancesudexpertise.com
lamlam.gznf.net
baltceramic.ru
thersitean.wop.ro
annuncia.it
yourcaitlynn.a-liveprivates.com|cdpheritage.org|heretici.puk.ro|fx.xlpolo.com|naucmdkovj.freeblog.hu|safesell.cn|www.55ebuy.com|cherry365e.jumpingcrab.com|www.shszc.com|www.top-swiss-replica.com|wordpress.com|dcjxdwka.skynetblogs.be|www.zhongguo315.com|www.38dv.com|ous.edu|www.ld-led.net|rmbbpoml.typepad.com|www.fsdzbj.cn|www.ammof.com|tbaoqu.com|www.linuxmisc.com|www.qqjiemei.com|chouwazi.com|www.zjhuada.com|www.hongdadianti.com|www.131.tw|www.bashaspa.com|www.semm11.info|www.yingwuyu.org|www.jc-cnc.com|hfjj.nfdy.net|www.qusoo.com|www.culcn.cn|www.opv.se|www.chinaw3c.org|8168666.com|www.se8.com.cn|kimkirchen.lu|isobyglilg.freeblog.hu|qrsljgbbx.blog.mongenie.com|shoushi001.com|www.haosao1.info|www.milangou.com|2sebo.com|bbs.php.net.cn|hnzlw.com|www.webjiankong.com|www.apyunhao.com|phcc.files.cms-plus.com|www.xinshou8.com|all-gay-video.com|horseheart10.webs.com|www.hac-ker.tk|nateriggs.com|70475.dealer.it168.com|www.52taose.com|www.8415030.com|cracksites.com|taomeisz.taobao.com|www.139ppp.us|www.bjbihua.com|www.edgeautomotive.net|myxybb.com|respage.com|wmb.hebei.com.cn|www.hmz.cn|www.qg-knives.com|wwwaaa252.shunshunfa.com|btconnect.com|recept.lap.hu|niemuzycznapieciolinia.pl|shop33466885.taobao.com|solaris.software.informer.com|0902muzapar.33591.com|wetter.vol.at|wmuacfrfu.blog.mongenie.com|www.972sf.com|ccshuang.rfjpp.com|iofl.nfdy.net|www.baiduxc.com|www.hongqingxin.com|www.9iqh.com|www.daqiaowaiyu.com|www.hz38.cn|twhy.nfdy.net|zhejiang.ha168.net|www.xianqwer.co.cc|www.wgb320330.com|www.gupuw.com|www.nlsfc.com|yangquantianqi.qiannan.org|www.imwarm.com|www.fc0.cn|www.djyjob.com|gz.58.com|www.astraltrip.net|vip.1168.tv|www.60ask.com
googla.org
thepaintstore.com
passionofsweden.se
www.68cs.com
essayeus.puk.ro
qvoddd.org
www.pacio6.digart.pl
gierstko.puk.ro
baoji.zhixinn.com
speakerdeck.com
orsaonline.com
krydsbox.dk
matipl.pl
www.ivsky.com
black-book-editions.fr
www.dozon.cn
hsiaochi.wop.ro
www.kuqvod.com
paradoxmusic.cz
dachucheng.net
bbs0.poco.cn
bcyb.cl
www.92wy.com
www.xiaosege.org
tympani.puk.ro
fh-brandenburg.de
correct.nl
ishibori.puk.ro
disquiet.puk.ro
www.7ghost8.com
www.91qiwen.com
jacek415.blip.pl
unworthi.wop.ro
yougedi.org
skarnews.pl
www.punttic.cat
av3.5555av.com
soymo.blip.pl
400ai-a.tumblr.com
adtor.wop.ro
metalnews.cn.china.cn
costellofamily.org
wuzhoutianqi.qiannan.org
gzjx.info
www.omddc.com
turbodatabase.com
aftnet.be
www.360away.com
www.cheapsuggsonsales.org
aspfree.com
cyberhostpro.com
www.macned.nl
chiken.co
a-streetcar-named-desire-full-movie.blogspot.co.uk
maincross.net
findadate.com
berco-medical.com
www.520kkn.com
onlinechancen.dk
rtg-mag.hu
10000001.cn
dalvik.googlecode.com
www.xcshidiao.com
katsuo.jp
jeans.pl
bofeng.me
tvbay.me
sastakaun.com
cscblog.jp
serverdb.info
hot-woman.net
casefying.puk.ro
www.daviw.com
zigong.bgo.cn
aburae.wop.ro
veganguide.de
estreladosleiloes.com.br
infobdg.com
adsl-fpt.org
smartjobs.com.pk
betterthantv.com
17ayx.com
bytom.blox.pl
d3webdesigns.com
sandiskmicrosd16gb.3ji.info
appraisers.org
jobanova.it
900profits.com
farbgrap.wop.ro
abolirais.puk.ro
exiug.com
ikky.wop.ro
mtn.com.sy
tw-battle1.com
bukukita.com
nazwa.pl
thaidbmarket.com
freemeteo.gr
masterhealth.com.br
www.newnovel.net
www.cisis.com.cn
ajaydevgan.eu
aboutwebsite.com
kaazing.com
parksmania.it
atobo.com.cn
interlat.puk.ro
liquescent.puk.ro
www.elanowcy.pl
lamam.wop.ro
daria2707.flog.pl
samoha.digart.pl
marginalisais.puk.ro
dep.no
axa-polska.pl
ger1.co.cc
path.com
club-xm.com
jxrc.cn
yangxi365508.qjwm.com
grinsten.puk.ro
www.nerom5.hu
gezondenzo.net
rockledg.puk.ro
www.ppzkb.com
everythingrf.de
s.job5156.com
tupian.meinv.cn
iww.ca
padmak.de
sazuk.puk.ro
hotgas.net
abic.co.jp
facilogains.com
wkb.int
e-tamaris.pl
www.zljingzhui.com
britscapes.co.uk
www.liaot8.info
38mama.ru
berserkfilm.ru
www.nuria.pl
warszawa.studentnews.pl
www.77cc.info
freshdomain.com
maguti.wop.ro
autohifi-w.de
warsawvoice.pl
cn-english.com
bbs.85896.com
free-zodiac-horoscope.com
murone.wop.ro
bj.pchouse.com.cn
horipro.co.jp
xfreepornmovies.com
mondoliberonline.it
reaunion.org
www.cacuoc-bongda.info
missionrs.com
jfyu.210000.org
space-careers.com
cayambelibre.com
disk.co.jp
50pm.net
bio76.fr
fmmail.in
club.do
www.83xxx.com
ghosh.wop.ro
vetrinaonline.net
bhhn.210000.org
tropitone.com
danmetu.wop.ro
8373.vgb.no
lizrui.tumblr.com
torge.soup.io
colabmo.com
shmessenger.org
xfpjw.com
r8a64.jx001.org
tradicionalferiadelasfresas.com
www.51baidusao.com
pathapatalu.blogspot.in
www.ufast.cn
wspyh.com
trading-automatique.fr
webpozycja.com.pl
oepai.net
876786.com
mllu.nfdy.net
0991dj.com
wlppwnkrfc.freeblog.hu
littlepinkbook.com
patrickjmt.com
www.d8694.cn
wowdelhi.com
vrrr.nfdy.net
www.sywj.com
www.wykap.info
midea.tw.cn
designerd.com.br
cc.bwxx.net
71j.cn
www.ufolabel.tv
gls-germany.com
targetsseo.com
spinc.ru
cipaganti.co.id
dogdayskennel.com
grassroots.labour.org.nz
gonirwana.info
supermegaultragroovy.com
www.zzzyit.net
raiba-oa.de
fontfreak.com
sz.hirkereso.hu
ksgd.210000.org
water.gov.tw
lt.cx
nordiskamuseet.se
xiphiura.wop.ro
ca-centreloire.fr
szjxhy.net
www.danova.dk
kpro.cz
altroco.com
www.yiyeqinet.com
www.25781.com
vegweb.com
enhancementmaleproduct.info
lanyan.1168.tv
milavitsa.com
52cydia.com
mauripedia.mr
jeu-de-combat.fr
rjje.nfdy.net
www.ttt999.net
artes-marciales.info
vzochat.com
nationalgalleries.org
kq8.net
cctvc.5d6d.net
fenglintianxia.soufun.com
aftermas.puk.ro
yzs.me
sanchise10.info
www.gx315.org
www.sdcatv.net
byelove.net
addurlnow.info
travesiadepesca.com
cathletics.com
mdrl.ro
bigclitswet.com
minhaj.tv
pacifica.ne.jp
www.qichedj.net
topwap.cn
everbuy.org
katanore.puk.ro
ratsu.puk.ro
mamantravaille.fr
download.it168.com
yougedi.net
www.lomag.pl
fuzhong955.bbs.net
ydvkxzbqds.freeblog.hu
hostukz.info
futurestep.com
www.aotu.us
www.kemiya.net
kurnik.pl
shopwiki.co.uk
kaboose-18.deviantart.com
polarcloud.com
catfood.com.hk
tuan.0579.cn
gdhc888.com
www.hncsxx.cn
wiredvision.jp
orepon.net
ncpx168.com
gvqz.nfdy.net
cure-back-pain.org
migrainescqn.info
bxer.com
kraslan.ru
adeem.me
www.99478.com
www.dlgulian.com
grinderpunch.com
arvejote.puk.ro
www.goohj.com
www.caifulian.org
chembj.com
815gz.net
monstermediaworks.ca
bragi.wop.ro
sound-load.net
toegrijnzen.puk.ro
bwaps.cn
www.shu-x.com
expt.qiwen5.com
read-able.com
cnbce.com
arta-tv.kz
superpassatempos.com
openclasses.info
dusha-loca.co.il
www.r8jzy.com
go10.qiwen5.com
buytemplatedesigns.com
www.dggz88.net
plinky.com
nvpn.net
lovera.wop.ro
thefbapps.in
fridaytrafficreport.com
www.hhaavv.com
www.flxxw.net
csc.kbw.ne.jp
470813500.cn.gongchang.com
wenzhangwu.com
drosja.puk.ro
delouse.wwwwww.wop.ro
okyan.com
driversdot.ru