santopedia.com
wordai.com
gmecity.com
fanfan.com
ngoinhateen.info
pomorskie.eu
13560061768.com
emagrecentro.com.br
jiweicun.net
www.cast.net.cn
www.minpad.net
kupbilet.pl
www.weso.es
www.civd.de
dfsb.kr
www.daibankan.com
jinqu.mp3.baidu.com
galber.puk.ro
xe37.cai888.net
fatatortina.it
hrcoll.hyves.nl
samsungaanbiedingen.nl
reisenwe.wop.ro
brother.cn
tohair.com
rootsana-shopping.info
3uspatenthojo.info
kelownadailycourier.ca
bbwsamantha38g.com
www.shichengbbs.com
mybenz.org
tobii.com
www.suiyichong.cc
ashspublications.org
alexatrafficbooster.com
mikomedia.de
stalker-in-training.deviantart.com
stopfrequenturination.com
technobee.in
9yo.cc
corriereimmobiliare.com
thepalmshotel.com
aykak.com
unveridical.wop.ro
www.rt668.com
pczy.265link.com
coosccr.info
bsl8.cn.b2b168.com
www.nederland-sexcontact.nl
jobchase.info
letitbook.ru
suagm.edu
citasescorts.com
www.gg77mmwang.com
adamspublication.com
xhamster.su
wptheme.wpgp.org
dezinfo.net
forum.vuontinhyeu.info
www.riia.nl
i80hou.cn
www.2345.com
ascension-arthas.de
www.52caobi.in
wardegraham.co.uk
www.hfbj88.cn
www.hol.edu
kimowota.net
pso2.jp
bottendag.se
metanomics.net
cimalpes.com
shoppozine.com
i.wanwan.sina.com.cn
ithink.pl
tibet-dog-forum.de
any.ge
www.shtcws.cn
glwholesale.com
zigong.bbs.house.sina.com.cn
zhuangyangchun.info
varikoz.kiev.ua
picturesindia.com
econo.com.ua
jishinon.statseks.abaisanc.wwwwww.wop.ro
26uuu-725c.tumblr.com
www.hec.fr
rich-plastic.com
doubleclick.net
3cy.tv
mt4.acm.org
januario.wop.ro
blrf.net
amill.pl
interreligiousdialogue.info
alliance-francaise-des-designers.org
etoday.ru
handyman.co.nz
grosirjilbabmurah.net
daiji.puk.ro
show-ee.com
4kbbs.com
cctv1.cntv.cn
fiwaga.wop.ro
tielingshi.m69.info
arbeitsraum.puk.ro
chandlerproject.org
infinioffice.com
www.7517tea.com
sexyxxx.org
thecut.com
chiping.net
kiinteistotahkola.fi
8051projects.info
bkm062238.taozfu.com
tossirem.wop.ro
saratogian.com
www.45920.asia
fabfab.net
sizwzgjolpuamk.blogtrue.com
ciclismo.it
dream-search.info
www.jhczj.com
horrorzone.ru
cnic.cn
lepers.wop.ro
timmstuff.com
e4.digart.pl
jirai-soft.net
incontinence-protection.com
paidsurveyslive.com
www.feixuesq.tk
7gov.nfdy.net
gewitten.wop.ro
zfdt.nfdy.net
sgtt.com.vn
iryojinzai.net
sgjgh.78.cn
gagucsitan.eblog.pl
bhsf.cn
www.outlets365.com
synovitis.puk.ro
archiv.hkw.de
kessanho.puk.ro
www.uyue.tk
pirellireagency.com
enmaracaibo.com.ve
batmanjs.org
www.028hxlysx.com
majafolek.pl
lastminutetraveldeall.info
3sec.info
toddlergirlclothes.eu
waveprotocol.org
businessworldsearch.info
sandrulkaaa.wrzuta.pl
rapnuty.pl
www.789xy.com
gtoc.ningbo.gov.cn
winnersworldcasino.com
digiautolinks.com
syr.edu
litemybb.com
hit.waw.pl
qipabuluoge.taobao.com
dienthoaihanquoc.com.vn
wereldmuziek.pagina.nl
fangchenggang.mofcom.gov.cn
bhatri.wop.ro
homeaudioshop.7wx.info
therundown.tv
theory.workercn.cn
www.daja.net.cn
wrozki-wrozka.pl
versitek.com
www.meekfm.org
8u.bionterca.orge.pl
phocks.org
kympno.pl
aziatix.com
enrique-iglesias5.hyves.nl
autopalyamatrica.ws
alexanderrussell.co.uk
crazy-crow.de
cvw.cc
www.zzshbj.cn
l.easou.com
www.rgnj.gov.cn
9dpe.k3y3.net
fitness-exercise-guide.info
asigurari-animale.info
thptlevantamsoctrang.edu.vn
www.btla.nl
china282.com
aa.is
bvsd.org
osszeeskuves-elmelet.lap.hu
xjk.cn
hesperies.wrzuta.pl
undevotion.puk.ro
djelfa.info
www.nemtv.ro
coda.org
shakha.wop.ro
www.888yzc.com
betting-portal.net
juventudrebelde.cu
www.sosodj.com
kinopobeda.ru
uebersetzer-verzeichnis.com
greatfunsite.com
anybusty.com
wafasalaf.ma
approvedschool.info
sharecashdownload.info
maopsoi.flnet.org
valentinecarnival.com
aqua2ch.net
tmpj.nfdy.net
jp99.net
sesexxx.info
octants.wop.ro
totalmerchandise.co.uk
planung-einrichtung.de
wowmovies.cn
aqvnrauwn.freeblog.hu
www.yinxingshu.net
cdeluruguay.gov.ar
arioslinux.org
usbmicrousbadapter.3ia.info
barsking.puk.ro
hulafilms.com
artinpoznan.pl
afxfs.com
3gcm.net
lzca.nfdy.net
auntiembb.ca
artofwarcentral.com
artsofunderstanding.org
ao5.aiao.cn
koenne.wop.ro
solar-partners.jp
serafinarestaurant.com
ibox.co.id
ptc-ajanlatok.hu
kitongwe.luchtperspomp.canthi.wwwwww.wop.ro
xinhu.cn
thewritersmanifesto.com
az.free.fr
yes8.info
thefbapps.in
divshare.info
hq69.com
www.yscom.sakura.ne.jp
nukijob.com
7788dyw.net
medmacs.ru
theglobalbookmark.info
filu.digart.pl
www.fising.cn
931p.qiwen5.com
sysikt.no
yunnan.aiao.cn
m1.dk
xianlan315.com
wzdh.us
hammoto.com
dreevoo.com
adsclassified.net
bangomargitetterem.hu
kingstonmemorycard.3ia.info
digitalmash.com
hotproxylist.info
www.2012com.net
veenendaal.uwpagina.nl
thinkwithgoogle.co.uk
imatv.es
medved.us
domainhostingservicesz.info
aapostro.puk.ro
hiltonhhonors.com
www.84696.com
bankruptcybankaccounts.info
rainbow-shows.de
jeuking.puk.ro
zgwqly.com
www.drface.com.mo
helheim.ch
downloadmediafiremoviez.blogspot.com
noircirons.wop.ro
uncalk.puk.ro
www.toyox.co.jp
spddm.org
gkcx.zqbe.net
bannerlista.1n.hu
hassex.net
www.loppen.dk
ircquotes.fi
mail.cstnet.cn
akuseisi.puk.ro
spicypr.com
dblock.org
bloemenv.wop.ro
cosmostoursandcruises.co.uk
wucherte.wop.ro
www.kt-house.com.tw
www.yunvtupian.com
www.bubble.nu
articlehbo.info
absvolt.puk.ro
sheshe.wop.ro
w3.com.pl
smrenti.com
jubao8.qjwm.com
91porn.me
elpatrone.blip.pl
jungle.digart.pl
sccdy.info
www.bakec.it
159zz.com
bucketlistdir.com
linlahearborn.blogg.se
www.renti1234.com
koushina.puk.ro
freebusinessemailz.info
gf2.2u.com.cn
gekratzt.puk.ro
cybersyndrome.net
rosieanimaladoption.ca
roadshow.cnfol.com
rokkentj.puk.ro
www.livetv.az
laveteranaplus.com.ar
www.flashuser.net
iberes.wop.ro
sy-mignon.nl
cakewalk.jp
rss-feeds-submission.com
www.huoguow.net
securesoft.info
bc608.com
minhaprimeiracasa.com.br
5iipad.com
chelzem.info
dynamitelessonplan.com
e-belgrade.net
twitterarticles.info
windowshostingz.info
articlemod.info
hevosurheilu.fi
marketingonlinetoday.biz
armvolle.puk.ro
kiev.ua
domuy4384.huijucn.com
imgchili.com
musicmarketingmanifesto.com
zenousia.com
toprankbookmarkinglist.info
jfgarden.com
www.securityweb.org
pozycjonowanie-z-kojotem.pl
www.xxx400.com
www.matomeru.net
xjrc365.com
www.oxbridgedu.org
theplasticshop.co.uk
parcadula.ch
love77.com.cn
rentalserver.jp
sixpix.net
www.ddd668.com
krakowmiasto.pl
tradeinexchange.com
goudayos.puk.ro
kimballoffice.com
pridetube.com
timeleft.info
e.alisoft.com
palcraft.co.uk
xxcsxy.taobao.com
r5.digart.pl
travelcreditcardz.info
trendybookmarks.info
zmbrasil.com.br
www.uubocai.com
afilias-india.info
92306499.taobao.com
kak3.210000.org
rohrermarketing.com
www.xjpx.cc
www.meiren.net
keystoneconference.org
ps2-fate.com
socialbookmarkingforum.info
www.realtokyo.co.jp
pojebao.pl
claassen-kunststoffe.de
sa-pol2010.narod2.ru
www.runhetianze.com
waaronde.wop.ro
franciabulldog.net
mb210sp-enclosure-amp-combo.info
painteranddecorator.co.uk
www.hamaba.com
v590.nfdy.net
telefenoticias.com.ar
jcw029.com
rassortissiez.wop.ro
zwen.me
www.quyangdiaokeyishu.com
mimediacenter.info
vsegenialno.blogspot.com
baby-walz.ch
94luoliao.info
schaarhout.puk.ro
mailtech.cn
gazeta.pl
e.viu.ca
sintcatharinagildeson.nl
www.uscis.gov
muou.info
e-hentai.org
subaru.se
teachnet.com
topica.com
haubaner.sunlight.lontana.barverka.wwwwww.wop.ro
bekwijlt.puk.ro
domovest.ru
tapgaten.puk.ro
www.ahshengshi.net
lingvo.ua
yerukala.puk.ro
sbgjwl.com
bbbse.hu
mnpo.ru
www.ocrk.pl
tabu-escort.de
www.36058.net
www.exweb.sk
szderun.com
perfecslogistica.com.br
www.bm.ust.hk
www.jcrb.com.cn
rooms.kiev.ua
csduc.jp
specialcounsel.com
qy2o.k3y3.net
www.zxart.cn
28277.223355.info
yiqigun.com
cartesfrance.fr
www.woonfc.com
www.etimes.cc
exm.nr
ast100.foodmate.net
szinonimaszotar.hu
freelancewriterscafe.com
ugentlig.puk.ro
4f7u.qiwen5.com
universitas-ngurahrai.ac.id
luatqalm.com
tremer.wwwwww.wop.ro
pulsar.bg
www.pp500.com
www.thinkvm.net
arquitec.com.br
c.shifugao-av.info
x3.sha7.info
4user.org
www.shenbb.com
huizhou.to8to.com
bbs.eto99.com
xijm.210000.org
yoko-san.blog.so-net.ne.jp
socketlabs.com
norcalsys.com
smallvideosoft.com
www.55sqz.com
blanko.prv.pl
xit.me.uk
car365.org
kryv.digart.pl
verkkomedia.org
wqxx.net
hotelpuntanord.it
samplescanada.ca
rukodel.moy.su
albrainger.ru
period3.to
53habermerkezi.net
adoomer.deviantart.com
pairies.wop.ro
www.indeed.ie
pidown.info
xxgou.taobao.com
opony.pl
socialbookmarkingsiteslist.in
www.cafte.gov.cn
www.bx23.cn
kiska.xfree.hu
k12.nc.us
kedin.es
nibn.210000.org
czava.com
soccerplay.net
dachuanwang.tianya.cn
qk64.qiwen5.com
scd-lunjina.org
swiftowner.com
chinpo.me
baoku168.com
severouralsk.info
zasqwee.ch.lv
madam-flower.net
www.diveadventures.gr
kiloserve.com
www.cqwx120.com
ignoreerden.puk.ro
inca.gov.br
formulaf1.es
makemarketing.es
ployer.wop.ro
sistemasabertos.com.br
www.chicagomanualofstyle.org
www.bjfw.mobi
dachucheng.net
extraunza.eu
mtn.com.sy
soutuite.puk.ro
elit-galand.ru