zegenwerp.nl
www.ycruixin.com
www.stock.vc
shuhada.pk
www.metalvulc.ro
isport.blesk.cz
srisangwankhonkaen.ac.th
www.donsun.net
vevo.ly
mwhy.265link.com
hupan.net
bogoubeiyongwangzhi.info
rxyu.210000.org
piasta.pl
zyuuketu.wop.ro
www.rejseliv.dk
barrenn.flog.pl
trylife.cn
greeksubtitles.info
www.caesar.it
slowka.info
abc.cz
kyxy.com
chunxin8.com
aaii.ca
kuo-2775778.com.tw
diariovictoria.com.ar
thessalia.tv
www.265tc.com
tiao8.info
www.jiyin88.com
www.tommot.eu
carl-auer.de
aangevij.wop.ro
goniopholidae.puk.ro
vip.755.com
bazanowski.pl
robal.soup.io
ccaiai.tk
paperthin.de
invado.pl
lockerem.puk.ro
kankanai.wop.ro
www.1299.us
bestemailservicez.info
manilalife.info
homeinsurancepricez.info
0898.okok.cc
www.0931lanzhou.com
5peixun.com
5plus.blog.so-net.ne.jp
5point.info
5qq8.cn
abrus.wop.ro
www.infakt.pl
www.xsllzp.com
wazzubzarada.info
1dentity.info
billing.goo.ne.jp
cnkuc.114.org
graphics.beareyes.com.cn
emwoufjmj.skynetblogs.be
www.5068.com
celebrity-pictures.org
www.xzdzj.gov.cn
innastrona.pl
www.t2av.info
freetv.com.au
lighterlife.com
artero.wop.ro
innerstadsspecialisten.se
jikast.cz
agip.gob.ar
dpmost.cz
1lxj.qiwen5.com
alternip.wop.ro
fanblogs.jp
26greyowl.com
mapscuhb.com
kupgazete.pl
kanmw.com
missegzotica.com.pl
66ahr.com
gwbt.k3y3.net
raev.wop.ro
pensjonat-poniatowski.pl
matsumus.wop.ro
news.liao1.com
d.brsqb.cn
ons5.info
visaforchina.in
cool-proxy.net
www.sanluigi.at
bataan.us
www.ali57.com
www.cne.ao
1a-ads.si
jaslonet.pl
www.renrenkan.cc
sihasara.lk
mafiku.digart.pl
www.4233.info
petitionenligne.fr
jjrcw.78.cn
hcrc.78.cn
poliman.pl
oakton.edu
quadratmeter.de
s3s-perf.net
www.pjhome.net
dlch.210000.org
katalogseo.pl
docomo.biz
p6ia.k3y3.net
www.daiyun.asia
hooped.wop.ro
bonnuoctana.com
avtzwucgqf.skynetblogs.be
guihuaxiang.com
spccard.ca
www.okbuy.com
www.xgdqw.com
china.asia-pacific.locations.aastra.tel
ngobrol.us
8x2.info
3g.tkss.co
dewitech.com
kinsetsu.puk.ro
suihua.h2h.cn
coffeela.gameclub.tw
www.94xx.com
www.linode.im
gzlf168.com
838838.net
www.44seyu.com
gkgk8.com
www.znjkw.net
diotima.wop.ro
bjdl.jianzhanzhe.ws
websitegegevens.nl
mehes.org
gastronomia24.pl
6918.info
gdziejestdziecko.pl
www.4888.cc
cyc.edu.tw
bbs.masrx.net
nycivic.org
ca.mhzx8g.com
bookarnia.pl
dnbp.nfdy.net
zcw1.k3y3.net
familiadillon.com
fzjm.78.cn
114vip.com.cn