wojteknowicki.natemat.pl
angars.com.ua
sodar.blip.pl
opvordering.grassy.xang.wwwwww.wop.ro
bekwijlt.puk.ro
pide.org.pk
anais-apparel.pl
schildkroete.net
5point.info
slavsport.ru
beechlands.info
nogre.blip.pl
wa1wa.net
toutoi.puk.ro
chuyentulanh.vn
nonfinis.puk.ro
pemadam.org.my
artisteerhelp.fr
9x9x.info
dbamyoceny.pl
brides-in-bikini.com
kytucxa.net
acii.digart.pl
postbox.msn.com
newcumbe.wop.ro
www.swtsz.com
92meimei.info
fundida.wop.ro
berge.wop.ro
www.ihj1.4f9.org
graftombe.nl
cinemablast.info
111zy.info
swigartcary.tigblog.org
jeansfun.de
11.ki99.info
www.scoyco.net
www.mfljw.net
go5.100hg.com
hebinzhicheng.com
nurturemybody.com
www.arpo.nl
ismailaga.info
armor-making.meetup.com
pornobabytv.info
docbase.us
cpaf.nfdy.net
www.maqiong.com
bnb.flog.pl
auto.ce.cn
kobus.digart.pl
aangravi.puk.ro
www.038300.cc
masrleaks.info
sou.wjw.cn
www.rws-verlag.de
deco1-1a.secry.net
chsl.webs.com
aqke.210000.org
www.aifaxing.com
shewes.wop.ro
bloghi.com
www.itu.int
academyart.edu
indexspider.net
trova-prezzi.info
99477.com
wonderworxs.info
sjenica.com
dtest.cz
gophp5.org
www.szrl.cn
katalogix.net.pl
www.gaa.ie
byron-amanda.com
saierhao.973.com
pkeg.k3y3.net
www.topclanky.cz
abenyu.puk.ro
prgh.info
sejj8.info
www.18680.net
angil.net
whataburgersurvey.com
feetup.org
mohe.gov.sa
1cpvlab.info