chemenal.wop.ro
iphoneottercover.3ji.info
onebookmarkstep.info
guihuaxiang.com
www.148lawyers.com
d4ddd.info
leto-shop.ru
ericprydz.tv
rtpserver04.info
audiclub-kreis-bergstrasse.de
c77studios.com
tw.qiss.mobi
lumieregroup.net
filmshare.info
www.os.is
www.yinxing.name
tube4.me
perueduca.edu.pe
skynetmod.info
7bwap.com
wose.com.ar
beezup.es
subjectlink.info
second-home.org
itthun.hu
aftensolens.puk.ro
exactlybookmarks.info
com-web.cn
77sj.info
forums.mapletip.com
pinballhead.com
laanga.puk.ro
www.dadi2k.me
socialand.info
cookschoolz.info
tell-it.net
shua.in
chihair.ca
bilprodu.wop.ro
liebgewo.puk.ro
xinian89.com
6hwap.cc
www.3dcaitu.com
www.gegegan.com
linkey1.info
cgsn.210000.org
lankanmasala.info
nasiap.wop.ro
crockerfuneralhome.com
io.com.gt
xeml.210000.org
nod32id.org
freebooks.vn
sevastopol.info
directorylinksubmit.info
mazda3klub.hu
dedecms.cn
ariannacenter.org
linkavailable.info
digitalkids.info
niebieskiparasol.info
smartcashsystem.com
multirama.gr
chachala.com
66bb.com
aileen.vii.im
collisionyouth.com
afschuww.puk.ro
shimane.lg.jp
23055000.ir
8dofollowbookmark.info
bookmarkingsubmissionss.info
www.lxjunshi.com
ben10.fad3.net
7days.ae
qbudkskk.blogger.hu
ridokain.wop.ro
bigone.info
decretalen.wop.ro
pharmaxchange.info
daar.puk.ro