www.mci.pl
blog.mypop.jp
vrc.ck.ua
videoszoofilia.com.ar
kereskedelmi.hu
fryzury.info
soldelancelfr.info
educationnewstech.info
qonr.k3y3.net
sciencemasters.info
custombookmarks.info
91ggg.aa.am
ideal.puk.ro
alternip.wop.ro
r114.co.kr
hongmu.biz
chachala.com
mid.edu.pl
hupan.net
iefaq.info
cacgreen.com
cuteweblinks.info
mgyj.info
directorybright.info
prijsbee.wop.ro
as.ua.edu
arizonaduilawyerz.info
reginamundi.info
caditec.de
www.school.sh.cn
nano-tera.ch
www.gbbbs.org
ngocha.com.vn
520kx.com
sahara-libre.es
fietsenscoort.nl
rolski.wop.ro
expressla.info
xixichengyuan.com
it-cp.net
baidu31.net
nsp.bg
etutor.pl
w7p.info
chorused.puk.ro
jolynn.puk.ro
raviriez.puk.ro
caobiba.info
ifindez.com
buwal.wop.ro
www.peopleart.tv
74ise.com
reputationconsultants.us
wiziwigfootball.com
adrede.puk.ro
www.rank.gs
lonet.eu
pasamed.hu
eliche.wop.ro
pornohd69.info
guihuaxiang.com
bistro-set-outdoor-furniture.blog.hr
socialbookmarkingicons.info
mod.mil.by
stblog.info
clipx6.info
bfjk.cn
mimsy.wop.ro
www.168pz.com
wild-strawberries-full-movie.blogspot.dk
aspnethostingz.info
beta.indiepaper.com
saritube.info
qxf.9998.tv
pcpower.com
falsedocuments.cc
bogoubeiyongwangzhi.info
kadaro.wop.ro