www.azj.sh.cn
showsiteinfo.net
bijubeyou.pinger.pl
clubepe.fm
www.zscy.cn
www.rtysbb.com
e1ns.jp
cleafka.pinger.pl
bookofsex.com
www.tzwoo.org
sumthinblue.com
idletribes.com
inixplicable.puk.ro
www.iukpop.name.vn
www.ae04.com
dsl-speedtest.us
www.supremecourt.gov
euforia.com
wellformative.com
lakwatseradeprimera.com
orphancareresources.org
acech24.pl
hypercup.org
imasearch.com
biofollow.com
mantinades.gr
youmi.net
iisz.210000.org
gwqb.net
openstream.ch
linxinru.a1.cn
corsential.com
spreadsomeawesome.com
www.ons858.com
rabee.net
isilon.com
www.0663.net
exp-blog.com
nasha.lv
bbs.61abc.net
www.cncyedu.cn
lsx110.cn
verraeuchertes.puk.ro
pumka89.digart.pl
www.xhhswb.com
akumei.puk.ro
tumen.mk.ru
awsomecheats.net
www.fake-louisvuitton.com
spiderman-verkleedkleding-kinderen.istats.nl
detailha.wop.ro
raspiate.blades.winderigheid.wwwwww.wop.ro
toplista.no-1.hu
www.faithier.com
www.121tianqi.com
www.discount-linksjewellery.com
moretruestories.com
register-pajaronian.com
www.edc002.info
fashioncourses.info
ferdowskhabar.com
www.9990pao.com
base64encode.org
mondane.wop.ro
mapmachinerysa.co.za
newplacestobe.com
weitz.de
jacksonsnurseries.co.uk
aufstellend.puk.ro
handan.anjuke.com
www.mathchalabi.c.la
atehenmei.com
boundlessfreebies.com
imgsinemalar.com
www.newcoin.info
19.la
133d10.951n.cn
vnmg.210000.org
sunnywind.fyfz.cn
lg123.info
thomasbatcom.prv.pl
fairtyre.eu
byarticles.info
turbodatabase.com
lelei.info
susen.wop.ro
nzddl.78.cn
yl.1039.cn
www.qiuziti.com
hebihuayu.com
mollusks.wop.ro
wakealone.com
jawatankosongkerajaan.my
dagobah.net
vip.txbb.hk
www.mbtxzxgw.com
aim.ag.org
artrick-playground.com
seisekih.wop.ro
cupertinoplumbing.com
ciaquidis.bloguez.com
yixiangliying.tvsc.cn
techtweets.com.bd
thestudentpress.net
lidl.hr
flyphilippines.com.ph
kariho.wop.ro
republiquesolidaire.fr
qassia.com
www.haosela.net
archgove.puk.ro
algeria-isp.com
blackbirdhotel.com
htzh.net
site.lady8844.com
www2.888ao.com
teuvo.wop.ro
myyatradiary.blogspot.in
www.aaaa848.com
www.2p2p.us
vannet.cn
www.dlysled.com
regexbuddy.com
w.kkaac.com
bloomingboxblog.com
cs.nykd.cn
www.sc.189.cn
starton.biz
debenhamsplus.com
dustark.ru
www.ltwdh.com
metodologic.com
corvatsch.ch
ihr-linktipp.de
unsnaps.puk.ro
triumphb.wop.ro
pcimagine.com
bjerremediaservice.dk
infocell.info
wesclark.com
www.dqe.hk
91dlb.co.cc
awebdirectory.info
ticketsreview.com
touchdown-music.com
winfried.wop.ro
mediaquell.com
flirtr.info
pkusky.com
www.hw99.com
www.gshg88.com
www.hhaavv.com
calvintimo.com
www.bnwdoors.com
movie-download-portal.com
my-best-wishes.com
sygeuyozpq.skynetblogs.be
yakyutsuku-online.com
csas.jobs.cz
kobidestek.org
nachkommt.wop.ro
www.maturedating.nl
www.360hangye.net
rstyle.me
gamernews.hp2.jp
ibiubi.com.br
bqgh.net
74floor.ru
meinv163.info
www.xiebaishun.com
ecomas.info
blue.blip.pl
raahenua.com
guihuaxiang.com
linkkatalog.cc
raftingsport.com
almwirt.com
adauth.me
rio-chikara.com
xxleddyxx.de
newswiretoday.com
nadineundmichael.ch
yulin.jzsx.org
www.cnshineast.com
lan5.com
www.hbssor.com
deluxe.wop.ro
sc588.3355.cc
www.83xxx.com
www.uuu65.com
bqnbzxnymc.blog.mongenie.com
domaininfowhois.com
www.maxcm.com
websiterankingtool.net
densha.blog.hr
www.kmust.org
radarlisboa.fm
houqiu.com
www.saleburberry-store.com
www.cpa139.com
klc.go.kr
kowalkrz.digart.pl
downloadpaper.ir
kontentdesign.com
goosebumpsfullepisodeswac.wordpress.com
www.angel.ru
javart.com.pl
www.007swz.com
ikusa.fr
wami528.com
triv.soup.io
langfangzhan.lingdi.net
eglobalelectronics.com
bartoverbeek.com
www.rd16.com
yogenfun.wop.ro
www.gnnu.cn
se.50dxw.com
kappa-create.co.jp
tamilbeat.com
sexplay69.info
www.ssdms.si
www.8643333.com
gcok.cn
punjabimob.org
yy.dnfa.info
finril.org.pl
kurser.dmjx.dk
tt.se
taozfzj.com
www.zq98888.com
www.lnmo.com.cn
337.0874.cn
www.x6180.cn
good-monthly.com
cuponica.com.mx
www.zqjywl.com
www.21xw.org
cep.com
juancong.com
www.women2.net
www.licaizhe.com
665mi.com
7mux.nfdy.net
ehha.210000.org
mof.gov.vn
gravitymovieonline.blogspot.ie
dako.wop.ro
waka.wop.ro
backend.com.mx
thelingerieaddict.com
www.59zz.info
bellevilleshoe.com
sj33.cn
armia-centrum.pl
sharnoff.puk.ro
tumunet.com
lastminuteponude.com
dk.zhongxuew.com
680829.com
spongebob.de
www.22eeebb.com
articlebom.co.cc
pelo.jp
668vip.net
metadot.net
uvigo.es
seo4.cz
webthing.com
skoda.at
act-dg.com
larmesblanches.info
hentaiincest.net
egdir.net
csango.hu
rasme.com
ajax.blog.nl
www.coinnet.cn
minhaj.tv
kave.tk
yidana.wop.ro
jseb.nfdy.net
hrb.kuche.com
unzen.puk.ro
www.english119.cn
www.orz6.com
cast.org.cn
www.cpcrugao.cn
kuszholy.kz
opplagss.puk.ro
ordensgesetze.puk.ro
nycivic.org
www.148csls.cn
princess.cc
neewa.puk.ro
sdtconf.com
curvyliciousbbws.info
myfund.pl
adticket.de
brock.wop.ro
gamefreaks365.com
xuzhou.baixing.com
stalkergame.cz
longboard.soup.io
www.f71.com
www.0991led.com
hitcric.info
stilartmoebel.de
zest-cantina.jp
www.mobec.cn
5starautoauction.com
www.88c.us
norcom.com.pl
moneycon.pl
francefeux-ardi.fr
www.91hehe.com
776dy.com
dlysled.com
usrrx.com
sexrelax.de
qelqelak.wordpress.com
cabals.wop.ro
veterinerhekimiz.com
friendsofharehillpark.co.uk
bilprodu.wop.ro
wowy.pl
www.qnyz.net
www.c6ju.4f9.org
wikipoliti.org
az.nl
partydepot.com.mx
www.netlab.no
kartgroup.fi
slownik-online.pl
papayatours.de
aniulka51632.polki.pl
www.iowa.gov
systqd.com
csjcf.cn
fotozsercem.flog.pl
nhance.pl
oecp.cn
studionashvegas.com
sonnenkraft.com
www.jsbdog.com
live-film.net
plauze.de
www.pixmania.be
nishizhu.net
www.51zufang.org
bc365.info
online-games.dk
ahbszj.com
www.qzgwjx.com
sh-lijing.com.cn
hitmanforhire.net
fm1025s.com.cn
elblogger.info
smfforfree3.com
www.enshang.net
alehkaky.com
cityandguilds.gr
3g.d.cn
vee97.flog.pl
www.ha666.com.cn
gooddeal-hunting.com
download.mn
leragecomics.com
0431cn.com
provo.edu
flugplatz-guenzburg.de
dogass.blog.xfree.hu
admin918.com
interlardation.wop.ro
www.xyssafety.gov.cn
jshdfy.de.gg
finnalle.no
redblog.nto.pl
www.mnks.cn
theblackoutproject.com
b5563.cn
shostak.puk.ro
thong.co
seksporno.info
mypdfdownload.info
buy-selltextlinks.com
www.avrtw.com
unitednationscenter.com
respage.com
93da.qiwen5.com
saper.soup.io
www.dyfcw.com
androsky.wop.ro
deverde.elandbnb.tw
t4je.210000.org
spreelichter.info
ouropenmind.com
www.xin923.com
mecreloaders.com
www.kk3927.com
virtualagentconnect.com
topcoating.wop.ro
funky802.com
spireinme.com
fizzbangseo.com
here.r.gd
geridsfloristshop.com
seks.io
www.she88.com
www.cqxcs.com
www.uyyz.info
www.eb678.com
sdsodif.at.lv
www.apseo.com
lzejodponiedzialku.pl
nq.com.tw
articledashboard.info
sujica.de
mygreenpages.com
www.agba.hu
coursework.info
www.pagesinventory.com
breakingmuscle.com
widdy.wop.ro
skywarn.at
neqo.jugem.jp
lomo.com
mp51.net
pto.hu
templatesblog.info
thetexasjobsource.com
www.cnz9.com
accessmba.com
gruponacion.biz
www.sjzsmw.com
pace.edu
www.cnsb.cc
cubiq.org
www.xxx400.com
2xr.info
euro-police.noblogs.org
ircd.leukgevonden.nl
www.ybsfda.gov.cn
rafil.soup.io
balsar.puk.ro
autoevenementnijkerk.nl
luoma.biz
19qq.hk
www.informatik.uni-ulm.de
androidfiguren.de
uncaptured.puk.ro
www.731tv.net
www.hxtgy365.com
rruss.net
clearviewfcu.org
the-leatherpants.info
esakimar.puk.ro
sldoss.at.lv
advertisingonly.net
rhcx.9998.tv
acckj.com
votpusk.kz
monova.be
kmu.gov.ua
www.dcsw007.com
www.egreh7j6.com
entstelltes.puk.ro
re8r.265link.com
ereambte.puk.ro
sextubeporn.info
happynis.hyves.nl
mommylounge.com
cyberbiznes.pl
5252kan.name
setsunan.ac.jp
travelandvacations.org
zhuifengpianybs35f.1168.tv
newseum.org
laremix.com
www.aizi.biz
eu1l.qiwen5.com
miikka.wop.ro
live52.35free.net
hiphopkemp.de
lapenseedujour.net
bed-and-breakfast-in-italy.com
garlicwo.wop.ro
defendimiento.puk.ro
donghuawu.com
kmor.qiwen5.com
fotobanda.com
www.szyhnk.cn
intexchange.ru
gabyou.wop.ro
j-garage.co.jp
jifenka.com
4script.info
iggroup.com
www.elektroskandia.pl
kjn1.qiwen5.com
www.nini.hu
www.q-5.nl
lputje.hyves.nl
www.eeepo.com
truka.puk.ro
starcashplus.com
getfreecouponz.blogspot.com
www.ynf99.com
nonukdbhb.freeblog.hu
wiki.finerywool.com
careercollege.edu
langweiledich.net
www.rqstyle.com
vistaprint.fi
malawishop.pl
chinayanghe.com
dallasmoversz.info
relatechurch.ca
zuidelijkst.wop.ro
www.sjhuayi.com
mjyh.210000.org
chartwellsupport.com
www.jiaju88.com
cambridge800.es
www.cao13051403391.cn.alibaba.com
16100.com
www.paihui.net
www.xjhg.org
archiemouse.deviantart.com
buzzmedia.blip.pl
butonii.ro
lichtwelt-uo.net
www.myrice.com
j3sk.265link.com
www.806yx.com
www.xcfsjj.com
recommendedstuff.com
barmeneerjansen.hyves.nl
papus54.fecsegj.hu
home-moneymaking.com
mazovia.edu.pl
treebankwiki.org
famemeasurements.com
modify-mortgage-loans.info
ekfz.56dvd.net
www.autoclubs.ca
redirion.com
www.dibao.org
cantraps.wop.ro
www.eobo.cn
www.zx0371.com
u3c3.nfdy.net
everestnutrition.com
pengbos.com
mhi8.qiwen5.com
585qqq-d91.diandian.com
eloge.wop.ro
ckdvd.com
xiaoyan2012.blog.tianya.cn
www.firsthandbuy.com
joggers.com
www.moslove.ru
spectrumhealth.org
linhaihui.com
www.zzcn.in
effeff.de
cry.org
canaldoensino.com.br
pomorski-zpn.pl
tvspielfilm.de
smak.ua
ck.ggabc.net
malagaholidays.com
www.sotui8.com
murone.wop.ro
truckbil.pl
rolltidebama.com
freeappfans.com
okaina.wop.ro
shenegotiates.com
www.zrfk120.com
grevet.wop.ro
health.sdnews.com.cn
kosekito.puk.ro
www.tao5030.com
driscollgrogg.tigblog.org
directorysupport.info
www.jtceshiyi.com
3dmozi.lap.hu
wertii.prv.pl
wealthcounsel.com
ecstacy.wop.ro
qxvx.nfdy.net
mainstreetcoach.com
best-cheap-exercise-bike.blog.hr
swtor-rp.de
ruosoft.com
creosol.puk.ro
piratpartiet.se
proside.info
www.orareo.nl
wwo-tpwc.cba.pl
rudyroots.org
tahitiannoniasliindonesia.blogdetik.com
sony.ro
vision.ae
rollenprofi.de
tresujsmoka.pl
newscup-inc.com
fiekevoncken.hyves.nl
rcseng.ac.uk
csfwjs.com
www.p6yes.com
katespadeny.tumblr.com
julianwainwrightweddings.com
wegoodlinks.com
corona-club.ru
www.96296.net
kovels.com
tzf.e2345.net
ohaus.com
rutopia.info
hyyat4host.net
natemac.net
koseya.com
meinbot.de
olkaa.blip.pl
tickletoothdental.com
www.qbxs.net
gleneaglespethospital.com
hot1079philly.com
ahbaobao.cn
radio.hajikko.net
listingfrog.com
www.844mi.com
www.jso.so
malou.prv.pl
www.ckck520.com
electrogeneral.es
galeriaobrazow.pl
lvyoubbs.com