www.abrys.pl
www.meinvda.com
crackpdf.com
socialmarketingtribe.com
4y.cn
freshmeeting.com
carforums.net
pincode.vn
digitalspinner.com
www.400dg.cn
xxx.pipnalip.ru
www.b1b2.net
www.jxgt.cn
tour.tianjinwe.com
www.pref.chiba.jp
aboutcookies.org
succinit.wop.ro
deliveryhero.com
cnwinery.com
stellenboersen.de
lankasrinew.com
s-hotel.ru
sobloznee.com
mulberryhandbags-uk.com
mommycouponswappers.net
net63.net
easyguide.de
flashzone.pl
youare.com
honeyvillegrain.com
senukai.lt
lobbesachtigst.wop.ro
divtech.net
sumitk.net
qadin.net
www.zsmm.org
videosexe9.info
art-dalarna.nu
shaibal.wop.ro
juancong.com
www.05ge.com
www.tdd6.com
piggin.wop.ro
hexametric.puk.ro
www.ufoa.net
255wap.com
bookservice.jp
interio.ch
mazda.co.th
salestaxinstitute.com
saratogian.com
www.xilu.com
website-marketing-solutions.com
getblogs.com
idtechproducts.com
www.jncfq.com
musky.wop.ro
semitonally.puk.ro
eslfast.com
zappybaby.be
www.rdkc.4f9.org
www.gd.xinhuanet.com
phcc.files.cms-plus.com
chiromys.puk.ro
www.t963.com
www.023dfnz.com
numero-tva.info
www.shanghaigss.org.cn
percevalfinance.com
www.xs13.net
seoaspect.com
se.50dxw.com
spieprzaj.pinger.pl
spinc.ru
garten-literatur.de
inet.hr
www.igct.cn
www.yuadmin.com
annemariehagenaars.nl
ycyw.210000.org
nikt.pl
thegivinggiftblog.com
rossip.wop.ro
indojp.com
sandmakingmachine.org
cameraland.nl
doodie.com
shanghai-beter.taobao.com
waphv.com
aboutus.org
purlicue.wop.ro
www.crh.pl
refluxremedy.com
stylo.wop.ro
www.36963.com
www.sxdaily.com.cn
juan.pl
foxduck.de
www.schnierersch.de
www.bbstoday.net
alafaf.net
meusacessoriosapple.com.br
android.journal.mycom.co.jp
www.qiyuebuluo.com
diemdaihoc.com
wapzc.cc
www.rsoc.ru
talonnag.wwwwww.wop.ro
www.wakealone.com
effitech.fr
php-help.ro
uhuru.ch
herocopter.com
www.gdpccc.org
www.xywy.cn
nlc.gov.cn
herogeme.alink7.uic.to
6hhy.com
likar.info
www.ennue.com
mogororo.puk.ro
imperish.puk.ro
zangmichongcaoshuangshen.com
mzjpfu.legou888.com
cibercuba.com
bbooster.org
avent-media.fr
werkraum-media.net
onlyway.com
fundacionluisvives.org
keysfleamarket.com
news.lvcai.biz
openecu.org
www.iloveou.com
mijterdragers.kersenti.caneyville.wwwwww.wop.ro
yogaclothesforwomenuk.info
splenolo.wop.ro
chengmai.home898.com
railways.kz
90nb.info
dpex.com
www.35on.cn
czsttviw.blog.mongenie.com
www.33695855.com
mahendra.prv.pl
dubaievents.ae
people.net.ua
logiciel-gratuit-licence-gratuite.blogspot.com
gaywebmasterchat.com
xgbfw.com
freeheartedness.puk.ro
www.yataihufu.com
www.itstart.ro
ptjuhs.hyves.nl
zyeaygxmtago.com
dnscook.net
larswegink.hyves.nl
www.qtek.gr
ryland.wop.ro
vicscape.com
mweb.net
asiafan.hu
www.jinkouzhoucheng.cc
narreweng.puk.ro
libertiamo.it
vectraklub.pl
bitstatement.org
interclinic.net
www.sy.e21.edu.cn
360xzs.com
clipxxx69.info
gamespace24.net
infotravelromania.ro
lueya.com
s.to
www.hbffcgzx.cn
partylingerie.it
neuverte.wop.ro
x.rentipic.org
www.baibu.com
gazetaliteracka.pl
tizergun.net
putlockermovies.net
kikaninchen.de
yanneko.biz
www.kanal5play.se
artnet.pl
roundtheworldexperts.co.uk
openbsd.nu
rdsw.3456.tv
www.typjdb.com
fortstanton.puk.ro
malerfreunde.com
www.zhonghuakaoyan.com
eljaya.com
id.ekads.net
helmsburg.puk.ro
ydclean.com
of-road.com
www.hengcx.com
nidi.puk.ro
neponsit.org
agito.puk.ro
jjgyp.78.cn
voxx.info
olkaa.blip.pl
afglijding.puk.ro
poppenwereldlandgraaf.nl
xincaile.com
eparu-world.blog.so-net.ne.jp
weltumsegeln.ch
actuvveb.net
tpqr.210000.org
altisource.com
3m8.info
poyo-china.com
kdqw.265link.com
www.pentalink.com
www.zbcq3.casedu.org.cn
www.xdtk.org
yka.cc
www.shishizi.in
vpser.net
mfanny.art.br
byhand.wop.ro
u.miaogu.com
pxqfzy.uni86.net
www.hct-test.com
oyako119.jp
lt.gene100.com
tx.am
toeibqvqmigtbn.blogtrue.com
extreme-hosting.net
in-tendhost.co.uk
zauberclown.info
lvmore.com
myfrontporchswing.com
watchalcatraztv.com
www.ante.cc
marqueemedia.com
galenfrysinger.com
hardwarecatalog.co.kr
freepricealerts.com
cheapolosn.co.nf
pxysorjive.blog.hu
www.xcmytc.com
alkharjonline.net
66se.us
unser-web-forum.de
www.deru.hu
webslug.info
socialancient.info
fouineront.puk.ro
socialservice.com
neighed.wop.ro
humyai86.info
starmovies.in
ww.shpsoft.com
vidbang.com
francopedia.org
www.argus.nc
timberlandboot-sale.net
attorneydirectorydb.org
se.66szs.com
cyxqd.com
www.trinity.org.hu
veradessing.xfree.hu
quick.web.id
icebergbux.ru
disn.210000.org
sof.si
bjzcy.66law.cn
directoryflux.info
falciata.wop.ro
xemayhonda.com
pokertips.org
gamertheory.com
olimp-supplements.com
klangmassage-adam.de
www.netcistirny.cz
www.hy88168.com
summerwood.com
hamnen.se
tutiendasmol.es
wai1010-a13.tumblr.com
www.betsuncity.com
sweetopia.net
ty0i.qiwen5.com
tojedobre.pl
the-zomb.com
kinderkamers.uwpagina.nl
fudoumya.openging.wwwwww.wop.ro
radpropaganda.org
viewpoint.com
adeadland.com
appi.wop.ro
pereche.ro
hq8x.qiwen5.com
www.wuyoujz.com
www.yurongfuwang.net
www.aoteman.info
nytechappliance.com
centurion.bb
www.sdgk.org
socialbookmarkinglist.info
teya.flog.pl
sciencestage.com
olalazar.pl
lkie.nfdy.net
rhfv.nfdy.net
kokyuute.puk.ro
bookmarkfame.com
www.444dy.info
tm.com.my
q.yulewangzhan.cn
www.pyxxw.net
whoisthedomain.com
jl.bidcenter.com.cn
webprofessional.org
www.zh516.info
hypersilcolumns.info
graian.wop.ro
capitaltire.net
adobance-pro.info
en.wikibooks.org
www.1819wz.com
622hk.com
pojebao.pl
statas.lt
wikitags.info
web-springer.ch
thetvmegastore.com
putaozirjn.1168.tv
domains.cz
migliorblog.it
1hhhh-0go92.diandian.com
rcboxjzvs.skynetblogs.be
db-bud.no
sermonettino.drejeskive.wwwwww.wop.ro
www.yogames.net
bestjobs.ph
kdwl888.com
inscricaofacil.com.br
abgebraustem.puk.ro
ikkiichi.wop.ro
438sq.info
cue.hu
4n1n3q.njlss.gov.cn
giochiperragazze.com
www.bscycle.co.jp
newsok.com
www.duigunji.net
bookmarkmadeeasy.info
4tharticle.com
xmbetcetera.com
kamihoro.wop.ro
illblogtoday.com
880513.com
www.dfbl.cn
freemoviesto.com
reduct.wop.ro
www.xcar.com.cn
www.huachenhanye.com
0731.okok.cc
comerafuera.mx
americancyclist.com
anyaknapja.lap.hu
openacademy.ph
www.xxx229.com
site-info.be
bbadmin.net
eventsession.com
www.sbc.hu
qiyo.cc
juvenewsradio.it
zaufanatrzeciastrona.pl
www.wg955.com
www.7qia.com
www.dewatered.com
www.taobao2012.org
glogow.pl
hiphopblog.ro
www.cnboo.net
3led.ch
topman.com
www.wmkbyy.com
velolife.net
slf.lk
www.hhaavv.com
www.ymy988.com
brookesds.webs.com
prevencion.ceg.es
xnview.de
www.fhldy.com
tvonlinepaulista.net
amolli.wop.ro
www.dayecao.info
telefon-treff.de
dema-bicycles.com
udmr.nfdy.net
sanisidro.gov.ar
static.uol.com.br
neuron.lap.hu
www.158so.com
botc.com
iris.edu
www.artishockevents.nl
onlinerecruitmentjobs.info
breast.4738.com
zweige.wop.ro
www.langow0898.com
iceage3fullmovie.blogspot.gr
recreatief.nl
rrr80-722a.tumblr.com
www.173yh.com
down.axhu.cn
xixichengyuan.com
www.gnr.nl
www.lornetki.pl
inline.ru
wisely.wop.ro
oriflame-club.ru
dafuq.info
waveskimmer.ca
www.mdjrb.com
www.af116.com
magnanimously.wop.ro
www.sotocom.nl
gregorysroatantours.com
www.zg.gov.cn
sesexxx.info
bitsense.org
ddbbs.com
smsmes.com
deluxe.wop.ro
blogtokyo.fr
bodljika.blog.hr
ingsecurities.pl
majafolek.pl
urara.digart.pl
australian-bookmark.info
lqzxsq.tk
atilaj.digart.pl
lanrenzhoumo.com
latexcommunity.com
korolizhizni.ru
yossi.wrzuta.pl
louddirectory.com
gsni.qiwen5.com
ipnotizz.wop.ro
indexr.info
charlatans.info
outbalanced.puk.ro
www.vtnoe.at
thefootballnetwork.net
zz23.info
sciaticatreatmentr82l.info
southlakecarroll.edu
www.weitnertools.com
roulettechatsites.com
thegameheroes.com
stoppacta-protest.info
www.googlemachine.net
sonicstate.com
bookarticles.info
liny.info
larelancefamilles.com
andg.jp
realestatetimes.in
tappi.org
www.fjd58.com
universalm-logistics.com
socialmagnets.net
soap-japan.com
juneau.org
stylistsresource.com
cedim.edu.mx
pcgeekblog.com
naavi.org
brickbats.co.uk
monnen.puk.ro
fedcsis.eu
sonnenkraft.com
spottedfox.com
meloniq.net
mixtejpy.pl
mach5.com
sakhiyaa.com
hamano-ya.co.jp
logwin-logistics.com
kanban-navi.com
clublebensfreude.com
www.pytlikfamily.eu
ubiassicurazioni.it
xxl-technik.de
partagedl.com
eatjamaican.com
marin.edu
cakesandmorebypolly.com
hurherald.com
www.faw-benteng.com.cn
hhttv.com
justfreebooks.info
www.022jin.com
gz.pclady.com.cn
www.ybzy.cn
electronlibre.info
www.xin555.com
bikerackshops.com
spgt.nfdy.net
www.4allvn.biz
www.chengxinaoyuan.com
lopes.com.br
zooxmania.com
admin918.com
quiz.msn.de
yuer.qinbei.com
zentrada.de
fantom-xp.org
emarketingtogo.co
wpth.net
nextel.com.mx
jmanandmillerbug.com
hab.mk.ru
www.mercedes-benz.dealer.zhaopin.com
customs.gov.cn
alphatv.gr
tiffany.co.jp
www.shlf.info
thailandbacklink.com
expediaaffiliate.com
nhadat.vn
dietiervermittlung.de
nycgo.com
wclc.com
crystalinks.com
al-sharq.com
federalreserveeducation.org
enbuenasmanos.com
monthlyblogs.com
xixidieyuan.com
torrent-ichiba.com
beautybay.com
memotoo.com
mrsmart-neo.tv
videorama.gr
dbazinews.com
www.lidianchi.cc
pup.opole.pl
adblade.com
samaa.tv
3138104.meerderheid-voor-coalitie-schotte.berichten.klup.nl
timesreporter.com
lib.ge
dottech.org
mostafa3d.com
contentmantra.com
beautynet.se
www.su760.com
athoic.wop.ro
pukpeko.pl
seoallrounder.com
hcce.210000.org
wessexparkhomes.co.uk
trophoneurotic.puk.ro
nascarchips.com
moltee.com
sadj.digart.pl
toxicola.org
yummyarabia.com
audiforsale.co.za
coralreefer420.com
delarosamx.com
unwords.com
gfgm.56dvd.net
yangutu.com
dawoodhercules.com
fifakorea.net
trindadepousadas.com.br
mondoworldwide.com
diewahrereligion.tv
go4supply.com
koni-na.com
vse-oshibki.ru
tubempg.com
newlatestinfo.blogspot.com
relaxtheback.com
kaamathee.in
mxjapan.com
www.126vi.com
fbtimelineforbusiness.com
lukaimoveis.com.br
carcle.jp
betterlivingthroughdesign.com
www.hg2348.com
dughi.digart.pl
www.998rr.com
ip.nfl.asia
samir18.toplista.pl
orf.at
amputant.puk.ro
kuikome.puk.ro
www.keep.cz
footcrab.soup.io
direct-shoes.pl
www.jtceshiyi.com
felzel.nl
legalspan.com
huetimeline.vn
sinoemedicalassociation.org
vkxyaefjktitfo.blogtrue.com
vakoou.info
lugar.wop.ro
salug.it
e-muse.com.hk
littlewhiz.com
www.mhaha.com
www.hige.cn
htmlform.com
bb.xsyu.edu.cn
www.cswnmm.com
chidu100.com
wgzl.4000391005.com
zajic-v-pytli.cz
pultogether.com
www.kdy173.com
maxlife.org
pennystock751.org
fitri.it
toobusiness.com
eisenmann-sportauspuff.de
www.xmbqz.com
viata-libera.ro
www.kadanz.an
mobilitywod.com
iseeahappyface.com
salesaccount.com
larsmoller.dk
recipebridge.com
bashar.org
thaicozy.com
atomsms.pl
dreamgreenhousedesigns.com
kipa.co.il
gamagio.com
downloadseguro.org
datingdirectaffinity.com
dailyfun.us
public.tw
biz.ppsj.com.cn
ucubakery.blogspot.com
vigiliam.com
www.starscomm.com.cn
www.828383.com
aplatissait.puk.ro
adadio.pl
kicks.se
genesisthemes.de
meiu.wop.ro
subgenus.puk.ro
dressz.com
vtuner.com
iflybusiness.com
18-print.com
biz2uk.com
sharpeproperties.com
klitschko.com
rocknroller.wrzuta.pl
selectholidays.de
filmarti.wop.ro
vah-hans.ru
tbhaodian.cn
tswj.cn
thepit.com
sponsorall.com
molattack.jp
webluc.info
wishop.cn
tqm.com
aospartner.com
echelonbusinesssolutions.com
degenerierende.puk.ro
salgada.puk.ro
onlinebusinessbuilders.co.uk
azindex.info
madjacksports.com
jxddlpw.com
pioneerinvestments.com
gqweb.net
www.hncsxx.cn
retrocollector.org
shlmkfp.com
www.nihao.me
tacloban.puk.ro
7khabar.ir
regents.ac.uk
495567384.qqku.com
augsburg.de
xjrc365.com
rfzs.265link.com
xiashu.net
www.szjcwx.com
tzdk.210000.org
wptheme.eu
freedom4all.us
wsrhcjuh.blogger.hu
sintou.wop.ro
5post.com
dweebden.org
yeguadadelrey.org
vrn.mk.ru
endotech.pl
royaltyfreemusic.com
erotic-massage-kyoto.com
igmarkets.co.uk
sightseekermedien.de
cbfp.210000.org
comshop.si
psyrianp.com
audiovu.com
bbs.dxsdoor.cn
designsanitairshop.nl
doctor-detail.com
she.ncyz.com.cn
www.hegymagas.hu
ct1mediablogs.com
job.dhu.edu.cn
www.sihrcw.com
forum.wsk.tw
guihuaxiang.com
vfrtrhjde.freeblog.hu
www.franksnijmegen.nl
3uspatenthojo.info
videopokergamesreview.com
www.sqfx.cn
www.ffei.org
www.lnicp.cn
ohzzymxt.blogdetik.com
www.532yx.com
www.clrjs.com
www33wq.4dmn.com
www.bssb.cn
photo.5669.com
www.imm.ac.cn
wapmw.net
www.96ppp.co
edsm.com.ar
xinqideren.diandian.com
firdaus.info
hoiquantinhoc.com
oxpe.nfdy.net
pc-planet.de
idcjapan.co.jp
hidecube.info
petisjonen.puk.ro
twoj-dzien.eu
www.365ip.info
meilanboats.com
www.wzhy.gov.cn
rufsa.puk.ro
www.travelro.ro
lunduke.com
cotf.edu
www.uzfushi.com
doctorbootygood.com
bbs.icezz.com
prensamundo.com
givemeshelterdesign.com
menhealthadvisor.com
fishtour.ru
arcillademetal.com
3gpfilm.net
cxjyxx.me
articleradiant.com
mngturizm.com
www.okdows.com
wave-gotik-treffen.de
www.920mm.com
www.kkkkkbobo.com
www.bjand.net
6qj.info
gozyou.puk.ro
bbs.qzzszx.com
vzua.210000.org
detskiysad.ru
gonabit.com
unpam.ac.id
incubatorreview.com
kabuciao.com
anandasy.com
kultur-news.net
desihotline.com
thermacare.com
yoku.com
m5m3.shuangdy.net
tiftof.info
www.njnkask.com
mexiconoticias.info
sok.com.tr
shigemot.wop.ro
rotev.co.il
mengd.wop.ro
www.jobisjob.ch
popstarsplus.com
mobywrap.com
qwickup.com
andropenis.com
bollymania.in
www.netpas.cc
unex.es
sport-snow.sk
articlesaz.com
6gc.net
www.hadm.pl
ie-api.jp
tamko.com
moonvalley.com
cyber-gym.ru
xxleddyxx.de
birleyhighschool.com
taiheitechnos.co.jp
csir-forig.org.gh
wgly.210000.org
hnicts.com
yshome.jp
mojakruffka.pinger.pl
netvillage.ca
telewiki.cn
digit.mx
uqzf.nfdy.net
www.rohs.cc
hostnews.com.ar
timewe.net
ddvy.nfdy.net
www.0937.net
subway.sunbala.cn
webseobest.com
thesportsmansedge.com