wwwcces.com.cn
steroidmarketing.info
download11.com
di.pl
metsel.wop.ro
alliance.de
malikasorel.fr
guihuaxiang.com
anthropotheism.puk.ro
printpoint.cz
juac.265link.com
aarresaari.net
rinok.md
www.scldh1.com
mostfuelefficientsuv.info
basser.puk.ro
www.pzhnews.org
chinatravelguide.com
www.fxems.com
www.zjxc.gov.cn
hani.wop.ro
glwholesale.com
www.ccs-c9.com
dofoto.net
jbcx.lcxw.cn
wooztones.com
www.ssc80.com
tmtevents.pl
hostedsolutionsz.info
dopolnilnozavarovanje.info
winmessenger.com
news.liao1.com
kaxv.qiwen5.com
69666.cc
iscorp.com
rc-review-reports.com
rosfishing.ru
ritoh.puk.ro
www.cis.ge
suckhoevadoisong.info
brentsbraincancer.com
wuhanseo.cn
truckbil.pl
amok.cz
teatroverdisalerno.it
www.ytbxyj.com
sex-advertenties.eu
kaboom.pl
jy.juren.com
evanhoffman.com
www.6a9.net
www.pingguolv.com
scorafru.freeforums.org
qdsf.qingdao.gov.cn
menoschesis.wop.ro
kyhappyask.info
www.animonda.de
sesexxx.info
joke.favorietje.nl
kaenguru-online.de
www.121tianqi.com
biei.nfdy.net
www.nvlt.nl
yiibu.com
www.4tech.vn
absente.puk.ro
ru-horo.com
askalexkrulik.com
versicherungvergleich.info
tellgames.com
pulsopolitico.com.mx
linux.no
shennongjialinqudaisi.fdcez.cn
wirofe.wop.ro
ips-webtracking.zimpost.co.zw
website.tc
jak-poderwac-dziewczyne.pl
flips.wop.ro
gii.in
knallharte.info
www.detair.com.cn
webdesign.net.cn
appuravi.puk.ro
corsentino.net
lztd.9998.tv
tintuchangngay.info
www.contrepoints.org
sexgazetka.pl
www.softhy.net
oplutheran.com
newmusiclabel.com
whbz2.com
abdohoo.com
ejak.nl
roguehangar.com
yanbohmarboh.jp
tappocity.com
chuokai.or.jp
liuzhangyi.tao.cm
60.by
cytopathnet.org
youth.gov.hk
dealer.webcars.com.cn
officeaccommodation.info
www.9423.me
fuzhoujingdong.qiannan.org
frivilligvantjanst.se
www.400banjia.org
360durango.com
untechoparamipais.org
iyashieromanga.ldblog.jp
festlegen.puk.ro
www.anuntpromovat.ro
xn--5nqs33e1hzuoa.tel
plucaeuropy.pl
vkxijbasu.exblog.jp
juwedi.de
texasbestgrok.mu.nu
hlongy.com
sonnenkraft.com
discountterracotta.info
bits-apogee.org
bestseocheck.com
srilankanrecipes.info
902.d5999.us
y587.com
5658777.com
www.kitty.pl
mochilabinaria.com.br
www.monicahairextensions.com
www.ali158.com
www.shuaci.com
nourishinternational.org
vertreib.wop.ro
naien.wop.ro
sitemapx.com
www.yesiya.com
www.foyuanzx.com
blogceritadewasa.info
borsone.blog.xfree.hu
www.1qzx.com
mtn.com.sy
popjustice.com
secretstorylejeu.fr
firmawanglii.pl
www.rfqy.org
www.guanli13.com
www.jianfeitop.sinaapp.com
www.malebog.org
max4live.info
healthyever.com
bytzbiorowy.pl
1z9.cn
dasheng1.net114.com
azarcamservers.net
penedofm.com.br
www.xxoo.be
www.pengyou.cn
xuanluwang.com
weibo.com
v.hao123.com
brisbane.craigslist.com.au
t.m4.cn
x6as.qiwen5.com
mrba.nfdy.net
www.fjsy.org
thomex.com
www.fnvzbo.nl
ideachampions.com
dl.pcgames.com.cn
www.kevenking.cn
doomish.net
direct2play.com
www.caodanai3.info
www.arnidol.es
exmoor.ahern.wwwwww.wop.ro
heathfieldcps.net
admin918.com
sihx.210000.org
www.bodytag.org
www.yihaich.com
tongliaochepiao.qiannan.org
vantagedesktop.com
emargo.pl
smsertesito.hu
www.shanghaiyuhong.cn
imupoqucote.pinger.pl
sciaticaexercisesdthj.info
aqey.nfdy.net
gaytubepremium.com
roundup-tracker.org
www.xohxoh.biz
videofanaticos.com
tramadolakgkm.blog.fc2.com
key4bookmarking.info
demotivationalpost.com
honeyflower.puk.ro
www.xs222.com
europcar-abudhabi.com
webrank.in
ezmillionsgpt.com
7jue.265link.com
prologue.ro
pornfame.info
www.taobao852.com
medaplus.org
gptdeals.info
mandycash.com
www.5fa.info
educatingtomorrow.org
bonjovi.uw.hu
fat-tgp.com
rjtlaaom.typepad.com
amezor.to
huanleyixiao.com
34degrees.org
enpitu.wop.ro
gehaltsvergleich.com
kango.mynavi.jp
poradnikogrodniczy.pl
www.qindos.cn
hendrik.ws
zsp2.edu.pl
fengji168.com
budgetmailer.com
nanar.info
avis.com.sg
dirtytony.org
maysaytoc.net
www.zwgay.com
uninter.edu.mx
xinghua.5food.cn
stormy.ru
feest-muziek.startbewijs.nl
hobby-channel.net
green-community.it
www.nece.eu
molecularlab.it
widenet.ir
www.dingwei.cn
developerbase.net
swofford.wop.ro
tubexxx18.info
wyw.pl
estonian-air.ee
finam.fm
invest.wop.ro
malaysianbadgers.org
lostbetsgames.com
parara.com
polderko.wop.ro
www.tweaks.pl
servcorp.fr
galblazen.wop.ro
wh.serun.net
www.jadwigaproject.pl
epicphotos.org
alone001.naturum.ne.jp
88.327.net
ja6nqo.blog.so-net.ne.jp
inselvoe.wop.ro
miyukisan.jp
yaojing1128.n9.youmac.info
cxvsxdrph.freeblog.hu
softcoreerotic.com
open-interactive.com
truue.flog.pl
www.d3cake.com
cp8.biz
articolista.com
piekni.pl
phonelinkbuilding.info
ivankristianto.com
odylfarm.com
henhao088.com
www.xxt139.com
icebergbux.ru
railleus.puk.ro
archgove.puk.ro
www.levente.nl
24videodirect.com
heiratsportal.de
pdkjateng.go.id
readcom.info
www.ahnk120.com
512bxfc.com
withwre.com
cdw.ca
kompass.ua
arvfurniture.hyves.nl
piken.wop.ro
hoftengel.nl
www.onlinecity.cn
vsmie.cz
finanzdefinition.de
scut.ly
isilon.com
demon.net
www.mcb.tw
www.projektowanie-stron.sosnowiec.pl
www.aww7.com
lipto.info
mahewka.pinger.pl
www.ttt999.net
ajaydevgan.eu
solatelie.com
handheldebookreader.qiji55.info
isport.blesk.cz
sandiegozooglobal.org
worldfinanceclub.com
dolfijn58.hyves.nl
www.ibc123.com
vega-trend.de
www.ailicn.net
www.cibor.org
www.smllhp.com
on-linepaper.co.uk
74floor.ru
woodshape.nl
qmq.78.cn
gz.menghuanzuxian.com
www.rd16.com
runningleanhq.com
www.fora.pl
visitnewengland.com
theme-tribe.com
cusgrtqzuc.blog.mongenie.com
sexydisneycartoons.com
qgeaqwqnnj.blogdiario.com
haishun88.com
robertwhite.co.uk
piemonte5stelle.it
tt.se
heartland.org
yzwb.net
angekopp.puk.ro
kinozad.ucoz.ru
fisfiber.com
jwfu.com
kebrokan.web.id
nvren.vancl.com
www.lvdous.cn
imperialismus1900.de
nywellnessguide.com
lesfillesdes.com
altblue.pl
3256075.i.tiexue.net
www.soft945.com
theprayerbook.info
glynis20.hyves.nl
camekan.org
suncore.co.za
nilsonreport.com
curvyliciousbbws.info
az.nl
lt.cx
ldraw.org
zhqq763.5lg.cn
sortere.no
labolt.wop.ro
netglobalsolutions.co.in
hadjishrine.org
www.itoa.cc
yankeeanalysts.com
wongyai.puk.ro
www.jnlsfw.com
lorithayer.com
jp0a.k3y3.net
pizza-one.de
ebooking.it
ixxi.nu
xoso.wap.sh
simple-directory.info
askgfk.de
jianglikun.com
motorist.si
byqz.k3y3.net
3q.hk
tourboucry.com
eingeklemmte.wop.ro
zharov.ucoz.ru
kalkulierende.puk.ro
anticapitalistas.org
mahnte.wop.ro
aniulka51632.polki.pl
thecars.ws
animalfuckingperson.com
mifjm.78.cn
newriders.com
mariuver.wordpress.com
creasphere.info
info.gumtree.pl
lzejodponiedzialku.pl
www.itunion.cn
bo.666nv.com
www.elektroskandia.pl
j3sk.265link.com
cctv13.cntv.cn
modify-mortgage-loans.info
www.lianshikeji.com
tickletoothdental.com
bestgroup.pl
www.jinri978.com
zmhy.qiwen5.com
8.tkss.co
uo.edu.mx
burberry-outletonlines.org
cast.org.cn
anelo.lu
empaquet.wop.ro
realkobeestate.jp
afcommanderen.puk.ro
yctuan.fdc.com.cn
industrial-clay.com
au-sauvage.info
meimm.in
the-health-seekers.com
abrin.wop.ro
toshicenter.co.jp
kat-tun.org
hahabei.com
inexistentman.net
www.qihuo68.com
a179.net
5hk.cc
io.ua
www.wjzmhx.com
cwch.xsyu.edu.cn
higueria.blogspot.com
docbase.us
gudrunsjoden.com
creditcardprocessingz.info
bbs.520dn.com
gol.com.bo
abalardi.puk.ro
insurancelawyerz.info
www.cpptw.com
kkanimegirl.deviantart.com
isaarsci.ir
bcbr.com
mundo-mascota.com
extermineront.puk.ro
leotrippi.com
appu.corrigio.tiratiros.bewegliche.screenwi.wwwwww.wop.ro
ratend.puk.ro
13616834.5sing.com
seoleoju.net
anrhjfwy.blogger.hu
www.esp.sn
youpornosexe.info
www.hzzs.com
crdp-montpellier.fr
abalakin.puk.ro
blog.tao.ma
accountsfactoringz.info
vestir.eu
tsusimak.puk.ro
charlize-mystery.blogspot.com
termometr.wrzuta.pl
syncbookmark.info
nap-kollektor.info
anyw.265link.com
jazzdladzieci.blip.pl
www.ff115.com
hhttv.com
rico-s.jp
adang.puk.ro
www.szmama.net
www.dziedome.pl
piotras1990.wrzuta.pl
acswebinars.org
moodle.ufu.br
hotstuffindacockparty.in
sensodyne.hu
scsqj.com
www.sxkaidi.com.cn
gerincserult.lap.hu
idealnauroda.pl
cns11643.gov.tw
www.qintaotao.com
hbcheero.com
brainjobs.ro
projectfreetextads.com
spartanville.com
cosmostoursandcruises.co.uk
cnxianhua.net
ise-miyachu.co.jp
mois1.ru
carvenus.com
syscom.mx
nakisurf.com
www.huzf.org
rendis.net
www.tjhqly.com
www.bjlyjy.com
scriptlessday.com
unread.puk.ro
kelcours.com
badminton-zuelpich.de
yuegoo.cn
onzehost.com.br
enetproduction.com.pl
extremeporntube.tv
uplearning-sixty.blogspot.com
www.yunz.cn
yb9l.56dvd.net
antidater.puk.ro
www.csxyushi.com
da.6h.com
cricketfains.com
daigneront.puk.ro
supercocktails.com
defeasib.wop.ro
cn-english.com
publicbookmarkinglist.info
gz-web.com
www.bys-gz.com
virus-protect.org
thomaz.dk
999xu.com
skindinavia.com
lightarticles.info
coffret.wop.ro
www.xxx400.com
www.dantiao888.com
www.71xj.com
lelekahobby.ru
www.hmzwg.com
hermandadgalactica.info
beavertravel.com
www.opsa.org.nz
travian.hk
blogbot.com
darcy.wop.ro
personnalisais.wop.ro
designtec.com.br
understandingadsense.com
6h999.cc
avreceiverpackages.7wx.info
raintoday.com
unac.edu.pe
sexshop-dildo-king.de
www.xzhu.net
www.13kav.com
django.pl
clearos.ru
coulailai.puk.ro
cyberbiznes.pl
sanguo.fad3.net
www.qqlaoda.net
keumshow.com
janfirn.5143.cn
galerkiwnetrz.pl
www.leo1.jp
bbs.fogoo.net
directorymis.info
admkrsk.ru
bgc-celle.de
paradies-escort.at
xm.3ju.cn
uncaptured.puk.ro
307.jp
scgyong.net
xbox-gamer.net
xian.365ily.com
qpg2.qiwen5.com
www.lc698.cn
vireporter.net
bikyamasr.com
urania.ru
tour.acr365.cn
autovisitas.com
painteranddecorator.co.uk
videobookmarking.info
ansari.puk.ro
kikaninchen.de
www.flyyue.net
nzfs.78.cn
decibeldriveinshow.nl
ycjxnbcxcn.7190.cc
huaihua.kc7.info
www.sdguoluguan.cn
fuhdybomo.typepad.com
quizy.me
miejscemoje.pl
fusioninventory.org