www.xxbaobei.com
cameldog.net
dailybloggr.com
szada.blip.pl
royalvegascasino.com
h344.nfdy.net
hotelworldasia.com
52zipper.ywkj.tk
okwap.us
www.hol.edu
ancc.org.cn
www.81.cn
logici.cz
6cl.org
www.saturion.pl
191.0874.cn
www.forex250.com
rau.edu.uy
folklore.ee
100822.com
8bocai.info
hb130.com
2012007.info
mashro3na.com
gjjy.hbee.edu.cn
joynews.cn
www.027whgt.com
hardflavah.co.za
precombi.puk.ro
subaru.se
centurion.bb
logandaily.com
www.souf2000.com
www.mpstore.net
bookmarkssocial.com
www.imandroid.net
www.haitaowang.net
plazapublica.com.gt
irik.blip.pl
cfqn.com.cn
vlr.digart.pl
www.szhyddc.com
skaland.pl
025dajin.com
member.fpt.vn
daveapproved.com
iste.org
sitesubmit2.com
webbusinessbasics.com
sunivo.com
herzegovina.wop.ro
ihr.com
bohaian.com
socialbookmarksite.info
iweb.net.vn
sarasehan.com
www.51usavisa.com
orchesog.puk.ro
kaiaocm.com
bjklmk.com
zdolny.eu
belfast1911.deviantart.com
www.yqboxin.com
dodaj.info
health.newssc.org
www.yitongjing.com
kugroup.info
mediafinanz.de
moszu.digart.pl
kulpik.digart.pl
reintji.hyves.nl
deskawind.com
dpc.ph
tkma.co.jp
suzhou.baixing.com
autostart.co.za
resotpe.com
goxvideo.net
chinaec.com
fscyzg.com
prvp.info
www.yinpin4.com
www.xmpatz.cn
www.ygsh.cn
rolbezems.wop.ro
pfi-esp.org
uae-business-directory.com
lassurance-maladie-recrute.com
airberlin-binoli.com
www.hnrjz.com
musanc.com
roda.hr
uca.edu
llpatterdaleterriers.nl
www.scmyjia.com
ratocsystems.com
cooltoad.com
klqv.210000.org
sogning.puk.ro
hoc-tieng-anh-online.info
www.hisense-bj.com
profitgid.ru
www.sunbeam.org
artica.fr
loancalculator.com
seo-beat.com
webdesign.net.cn
108gift.com
u-kamiya.co.jp
oki.es
copa2014.org.br
netpeak.ua
bbs.lezhi.com
midea-water.com.cn
hkozvxbrkvqj.com
phongthanonline.net
cpttqkurkq.blog.163.com
www.hhaavv.com
search-logs.com
allinfa.com
zbao8.com
www.p2p886.info
3hk.cc
siterj.net
kount.com
incompany.com
www.glrenti.com
sohh.com
aptp.nfdy.net
kamery-internetowe.pl
eayg.210000.org
zzjp.nfdy.net
mykitchen.bg
360sou.com
3344.cc
ips-webtracking.zimpost.co.zw
socialseoonline.com
yachtworld.de
mvgk.265link.com
estoreadvanced.biz
zuoblog.com
vzedwuzz.blog.mongenie.com
telefonkozpont.org
steeltoytruckshop.info
www.flashuser.net
www.stonetiles.cn
www.stpaul.gov
springerimages.com
www.naha-airport.co.jp
mijterdragers.kersenti.caneyville.wwwwww.wop.ro
www.icco.nl
webdesignenterprise.com
www.hywop.com
www.pdata.be
v4mk.210000.org
club.topsage.com
nalinisingh.com
sesexxx.info
jsstripler.com
39.hu
rockablefund.com
www.ok373.cn
aforrecho.wwwwww.wop.ro
yys.qihaa.info
directdatingsummit.com
pengbos.com
caymanians.puk.ro
higasiwa.wop.ro
szllbz.com
beastdating.tv
www.birine.hk
tbsc.ir
www.hefeikaipiao.com
gaytubepremium.com
www.jjlovebb.com
www.cjyzb.com
domowabiblioteczka.blox.pl
mister-auto.com
gestiondecalidad.info
ghanarola.com
gz.156580.com
enlightingsolutions.com
mblocker.info
www.orientalpartners.co.jp
www.456fff.com
julli.flog.pl
top.xbiao.com
legendsport.com
kutyas.jatekok.co.hu
habitat24.com
leopalacehotels.jp
www.tuttomarmo.hu
rfg-patschnass.de
annoiati.wop.ro
ztv.ne.jp
nocive.wop.ro
opportunitylockney.com
nhadat.vn
cicc.com.cn
mahra.puk.ro
www.deblijebig.nl
ikcopress.com
b.899r.com
cemea.asso.fr
ertyygh.wanye68.com
www.2011lang.com
kmoji.com
www.hanbowyb.com
mlovery.taobao.com
mayudama.wop.ro
t.games.sina.com.cn
yasintek.puk.ro
www.zongheav.com
myezinebookmarking.info
elongati.wop.ro
godmother.fecsegj.hu
hardwick-cambs.org.uk
mypiao.com
www.shjfy.com.cn
youro.puk.ro
filmy-ke-shlednuti.eu
www.yhsk.cn
www.fzzx6910.com
footcrab.soup.io
dangdangcc.net
ozarow.info
covarono.wop.ro
www.cndows.com
zgweb.com
gimmemydomains.com
penguincheatscp.us
www.hongdengqu.org
wavement.puk.ro
alabamaupclose.com
vietnamtre.info
duia.org
www.bryedu.com
www.jsycyz.cn
fj.xckj.com
gasec.org
chilanti.com
www.0816yst.com
pf-engineering.com
ad4all.net
poluchka.info
isozial.so
dither.wop.ro
rebelleerde.wop.ro
www.cntzn.com
toneyama.com
www.dzfcw.com
silja.wop.ro
gamesitestop100.com
mzt.zj.gov.cn
galenfrysinger.com
projectidk.info
travel.36tv.cn
rtpserver05.info
latwa-kasa.top-100.pl
ratonviajero.com
penisvergroters.net
www.argus.nc
nuestronombre.es
www.medejob.com
kasseler-cms.net
www.icranet.org
sprachtest.de
seo-shop.at
bjlot.com
www.cctv8168.com
www.zatcard.com
itigaya.wop.ro
tools.360.cn
htdtwzra.com
posclique.com.br
tvaudienciadeblogs.in
web-fair.ru
execvalue.com
lyarczwobl.blog.kazeo.com
rubylearning.org
www.xrtkw.com
www.msnl.nl
businesshelping.info
rip-productions.net
webslug.info
kyoto-aquarium.com
dealme.ch
howtoshopforfree.net
bag-in-a-box.com
cynthia-recommends.info
www.50745.com
drimys.wop.ro
eisele.net
nemsemprealapis.blogspot.com
allbout.info
tobbe.puk.ro
help.weibo.com
athlonphenom2.7gt.info
pixelsilk.com
seikoustudios.com
referstuff.com
quockhuyen.vn
g635.biz
oceanedgeoutfitters.com
stormbit.net
029tv.net
dqmt.net
dqoltkixb.typepad.com
newmusicalexpress.co.uk
socialbookmarkingfinder.info
dracma.puk.ro
xxcars.com
draes.puk.ro
dreamed.puk.ro
dreamstreet.hu
dree.puk.ro
dreiwoec.puk.ro
dremasilesia.pl
actour.com.mx
dreunt.puk.ro
fukuen.in
dreven.puk.ro
dochiquilt.com
drfrankrwallace.com
www.lvka.cc
drijft.puk.ro
drinkt.puk.ro
dripbuzz.info
drjoya.com
flog.cat
drobniak.pl
droogmaal.puk.ro
drosja.puk.ro
drotyjyo.blog.com
gls-germany.com
drozfans.com
drugbuyersforum.org
drumde.puk.ro
drumm.puk.ro
plasmon.it
drupe.puk.ro
druzinskifotograf.si
dryad.puk.ro
dryck.puk.ro
theshownation.com
dstcentral.com
duancui.eju.cn
duanqiao2009.fyfz.cn
www.uy63.com
bloc.jp
duberly.puk.ro
duck.hu
ducts.puk.ro
dudolf.puk.ro
tangleroot.puk.ro
duecha.puk.ro
duffie.puk.ro
dufloth.puk.ro
kdleydl.78.cn
dughi.digart.pl
dugite.puk.ro
autodemolizioniraimondo.it
dui-nh.info
delay-dengi.ru
duivex.pl
dujiala.com
duk3.pl
caonai.com
dukket.puk.ro
dulichonline.info
dully.puk.ro
dumaki.puk.ro
yo1j.210000.org
cq.930.cn
dumhed.puk.ro
dumne.puk.ro
dumpoke.puk.ro
ck100.com
dunakanyarhaz.hu
dmaasafety.com
www.singe.com.cn
anbound.info
dungbeetlemania.newsvine.com
dunki.puk.ro
vinfolio.com
dunsmuir.puk.ro
duowantuan.net
duplan.puk.ro
duplexs.puk.ro
dynn.net
duplican.puk.ro
dupuy.puk.ro
myj.ningbo.gov.cn
durchfliegenden.puk.ro
durstigeres.puk.ro
dusken.puk.ro
malou.prv.pl
duskines.puk.ro
hr0596.cn
dussin.puk.ro
duurden.puk.ro
dv888.info
www.sdsw007.com
dvbsat.nl
dvcd520.com
dvd.jiusepian.com
alsok.co.jp
dvd.se.gp
dvd.start.be
mcgree.wop.ro
dvdcarradio.duoduo9155.info
dverg.puk.ro
dvp.gportal.hu
126link.info
dwaalpad.puk.ro
dtv.gov
dwarskop.puk.ro
dxfw.cneb.net
cbdo.me
dy16.cn
dygctdagym.typepad.com
dynasty.puk.ro
dyndns.biz
www.sun011.cn
dypsindighet.puk.ro
dyr4ik.ru
www.96mmm.com
ipscannerportable.3jx.info
necinfrontia.co.jp
oxgood.com
yoshino-gypsum.com
eydorrkr.blogger.hu
deliveryhabibs.com.br
www.024jiaren.com
dyspneic.puk.ro
www.yjren520.com
usa-reise.de
thecitizen.info
t2o.es
j-medical.net
allier.fr
nalocomics.info
sns.dahe.cn
tsclan.net
ro.bab.la
www.diandiweb.com
wizbiz.jp
www.xxx400.com
www.gmmoon.com
sse.bjut.edu.cn
felixzone.eu
dzidek75.digart.pl
dzjg.78.cn
www.shlf.info
e-pagerank.fr
e-pepper.ru
e.6186.com
www.dogdinners.com.au
e.njnu.edu.cn
www.4namebrand.com
e0580.cn
fute.puk.ro
eagarville.puk.ro
eaglebau.wop.ro
worldstagegroup.com
eagles-michael-vick-jersey.pcupu.com
8373.vgb.no
braain.pl
eakon.puk.ro
skgtechnologies.com
earlybra.puk.ro
earncashwithbusinessebook.info
easiestjobever.careerone.com.au
easm.ac.ke
www.tmolye.com
easternfront.org
eastkb.com
easyget.ws
wodeming.diandian.com
easyseostats.com
easyukulele.org
eazoru.puk.ro
superbude.de
yc3x.cc
eb20.com
ebay-toolbar-featuring-yahoo.software.informer.com
sbed.info
ebbinghaus.cn
eber.puk.ro
ebible.ro
www.97mmw.info
ebitomo.jp
www.hvhsa.com
eblog99.com
ebony-pantyhose.com
eborna.puk.ro
theblundersofeinstein.org
eburg.mk.ru
ecalelite.com
eccs2012.eu
866wap.com
egombroker.hu
echigona.puk.ro
echo-psi.com
dx2.digart.pl
echtten.puk.ro
www.a888.info
ecoartenterprises.org
ecoassist.org
ecogreenglobe.com
futloos.wop.ro
ecomagazin.ro
solagecalistoga.com
econ.st
econocasualties.com
ecorants.com
ndyvfyrr.blogger.hu
ectingu.puk.ro
ectoenta.puk.ro
www.diantian87.com
eda.com.vn
eddies.puk.ro
edel-escort-berlin.de
p-store.rakuten.co.jp
usa-monsterofficialweb.com
edemic.puk.ro
edgeperspectives.typepad.com
guihuaxiang.com
edhawken.de
edimer.net
raucid.wop.ro
edirectoria.com
editorn.puk.ro
editpc.puk.ro
swissparks.ch
edlene.puk.ro
edu24ol.com
educar.puk.ro
60769310.taobao.com
educatedbyerrors.de
fuckinginhell.com
educava.puk.ro
eduhi.at
eduresource.info
jinniumovie.be
eduweb.com.tw
eeds.focus.cn
eekhorens.puk.ro
ukbest.net
439966.com
eerduosihuameida.fdchs.cn
eeria.soup.io
eerstkom.puk.ro
srtb.pl
efestival.hu
effarouchiez.puk.ro
mallis.wop.ro
effectua.puk.ro
pursat.biz
effilons.puk.ro
effluvium.puk.ro
effrita.puk.ro
efterforske.puk.ro
petras.blogg.se
egiptoviaje.es
ftmtube.com
fujyo.wop.ro
divasbydesign.co.za
www.nqtuan.com
gale-online.org
chengrenchaoshi.info
hummer-arabia.com
gites.fr
www.025rc.net
hy521.178t.net
iepart.com
t6a.de
www.goinphoto.cn
730c3.diandian.com
minegawa.wop.ro
misterfun.gr
mortgagestrategy.co.uk
yosegi.wop.ro
motoshir.puk.ro
mozinezo.hu
mp3store.pl
mshsaa.org
www.fjlnw.com
mtcu.nfdy.net
mtv.ua
fanhui.cc
mucok.fecsegj.hu
muffi.pl
www.chinapart.net
mugearite.puk.ro
esparza.puk.ro
musictory.de
mustijamirri.fi
mutterty.puk.ro
misvago.it
myeveningdress.co.uk
myheritage.hu
mykitchengarden.com.au
ashura16.deviantart.com
myszkow.net
mytrxsale.info
n-ble.net
www.taobben.com
n2testing.co.uk
naamtamilar.org
nacu.210000.org
jobagenciesinlondon.org.uk
nadineundmichael.ch
nages.wop.ro
ncah.com.au
netelpla.wop.ro
weisuo.info
nnxa.210000.org
oggi.it
freeglobalbookmark.info
www.jpyy.in
625vgs.org.uk
www.xingshang8.com
cegal.es
desacuerdo.digart.pl
ultimatetrafficblueprint.com
twrt.me
agrostoc.md
meem.puk.ro
flasheezy.com
top10ofall.com
lady119.com
wq315.com
ithaa.fr
dzony.soup.io
sandraholmgren.se
rakibkhan.com
onelifekennels.net
sportsmarkette.com
warrock-stats.com
gear.fad3.net
hulando.info
dieutridaurang.suckhoevietnam.info
trachtte.puk.ro
www.taow1952.com
www.nso.mn
khaos.tv
marie-testet.de
balloona.de
alexa.55.la
www.aisedao.com
www.012san.com
orangesys.net
fushun.xinl.net
ogl.ru
www.maidele.org
gdtt.net
global-shoping.ru
shop58121731.taobao.com
nixp.ru
weightwatchers.nl
atmosferaitaliana.it
proteacher.net
www.bjgays.com
www.sifangtu.net
www.yjjz.cn
magnetictherapyexbx.info
citeo.pl
www.182tv.com
sprogowa.pl
y8ja.nfdy.net
kawsko.flog.pl
fpmt.org
gregorian76.digart.pl
m1.517gc.info
www.hblry.com
anthonyrobbinsfoundation.org
glycerog.wop.ro
matsuria.wop.ro
yywap.co
fsa.br
www.ufida.com.cn
cvc.com.br
milagrowhumantech.com
gs.inside-games.jp
wardata.cz
gangbaxiancbd.fdchs.cn
kondomix.com
jinta.678114.com
cfnn.org
wzhan.net
klartext.wop.ro
komna.wop.ro
www.shopfanhuan.com
hsqfs.com
ditonewsonline.com
nappa.co.il
apn.ru
taushop.pl
elgrupoinformatico.com
afgebuiteld.wop.ro
haikou.2882.in
meditazionevita.com
amegi.puk.ro
imgchili.com
tarhely.wyw.hu
sylickon.com
mindyouranalytics.com
9988.in
bikerflirt.com
yeniodev.com
bbs.qcdz.org
az-host.info
jouei.wop.ro
cbiz.com.cn
yyes.qiwen5.com
azlansyah1991.com
connorlafrance.org
batliner.puk.ro
www.hljkbl.com
xnbh.100hg.com
white.software.informer.com
tabletko.pl
cultpens.com
www.dianhua.la
noaros.com
wahlstim.wop.ro
berchtesgadener-land.com
icamtech.com
www.ubuntu.org.tw
regalhotel.com
adminix.org
www.zzdry.com
lokuf.com
www.7alu.cn
www.tlp.ro
ecobike-shop.com
towerstars.de
craigslist.com.mx
tubexxx18.info
cotebebe.fr
lamer.wop.ro
misers.puk.ro
imotibg.com
www.wx139.com
super3.cat
mneq.210000.org
ym.kukudm.com
goldenmoney.biz
nack5.co.jp
efficom.fr
yinlips.com
wgyzj.com
hotvsnot.info
awesometees.fr
raumfahrer.net
guiadowindows.net
newrider.com
guoyitong.boligang.cc
holidayfrancedirect.co.uk
www.ahwhhs.com
jyuubyou.wop.ro
slftbnxqm.freeblog.hu
porn88.net
bodymaniak.pl
quickpacket.com
merckmanual.jp
bliksemen.puk.ro
dollbabz.info
mameo.info
antenna-theory.com
mapstory.org
mbiebusch.de
wedigg.org
www.qqjiemei.com
limitedexclusivedeals.info
andreeam.net
hdlf.org
wuya.info
sexxtube.org
patrunning.info
ltdalarna.se
homephoto.cn
www.xfdh1.com
neijiangchepiao.qiannan.org
kmapkqjfki.mixxt.pl
buyalittledinar.com
www.airvek.nl
www.hjc.sdedu.net
ariannacenter.org
www.syzf666.com
oliforum.it
shippuuden.pl
lindenheuvel.nl
ie-t.net
midcurrent.com
dienlanhtheviet.com.vn
odeon-ast.ru
www.myjob.com
multimedia.com.pl
qa.php.net
sitc.ru
www.yx51.info
ksz.digart.pl
broadens.puk.ro
www.dzf99.com
theappl.com
furniturerelax.com
www.770123.com
www.jljob88.com
ac-martinique.fr
www.aromka.cz
dildo.xxxpornosex.net
15198922212.taobao.com
novaclinic.pl
ph.ncjxj.com
current-affairs-video.blogspot.com
2s-blog.jugem.jp
tozere.puk.ro
yyukrijd.blog.mongenie.com
ondrejbaar.cz
pb.pl
citroen.cz
spindelduerres.puk.ro
pal-item.com
martinto.puk.ro
hengyi23.cn
nusports.com
00link.com
nuanpp.org
treptajvasione.blog.hr
hititpoker.com
utodomra-utok.lap.hu
nathalie.freshnet.se
www.222tp.net
xtremedir.com
qdb.us
turcjaturcja.wordpress.com
dusterclub.ru
www.83215321.com
log-house.com.pl
mnhs.org
dementia.pt
solgenomics.wur.nl
meganest.com
0tao.net
www.zhlszy.com
www.fqdy.info
www.qiuyu8.com
paksteel.com.pk
sandymoniz.com
yenisarkisozu.net
7kids.ru
redmanc.com
islamophobiatoday.com
ijuu.puk.ro
rolandclan.com
premiumusb.com
apu.co.at
www.7452.com
www.antaigd.com
bdxt.nfdy.net
prazercemporcento.com.br