heiyh.net
y1pi.210000.org
www.xzcn.com
loladela1.hyves.nl
onmens.puk.ro
raovatcantho.vn
adonai.puk.ro
886879.com
bbs.dt123.net
afrand.puk.ro
www.zgc.gov.cn
more-and-more.com
atehenmei.net
www.663ss.com
jnby.pharmst.cn
splend.puk.ro
pvmq.nfdy.net
salts.wop.ro
6hcai.net
qdno.nfdy.net
suena.eu
aldane.puk.ro
baidu.cn
intervenieren.puk.ro
www.fjchuanglian.com
s22i.210000.org
magert.puk.ro
idcmmm.com
striempj.puk.ro
abalakin.puk.ro
wedeln.puk.ro
vpsadd.com
dy.2p2p.us
byy55.com
tinysex.org
www.vmmtv.be
linksrank.com
shenyang.usconsulate.gov
wabei.com
bestaa.puk.ro
soxan.cn
xgnn.nfdy.net
www.dahecp.com
www.jiacang158.com
www.go2html.com
oerfil.puk.ro
www.16star.com
7856.net
www.taobook.cc
agoda.se
woobin.puk.ro
www.26fys.com
t55.xxb88.org
mytodaytv.com
www.eurodad.org
mangguo.org
jstzedu.net
aangeplakte.puk.ro
citent.puk.ro
jdwt.dahe.cn
www.jlzz.cc
www.rentisetu.com
www.amsups.cn
www.xcwangluo.com
tenantsorrentersinsurancez.info
syntasium.com
www.maouu.com
aboutcrystalhealing.com
www.smm333.com
www.4169.cn
teaki.puk.ro
programmableweb.com
camlog.com
tupian.meinv.cn
my-zeitundraum.ch
dailytigerairways.com
numan.puk.ro
www.173line.cn
slowakis.puk.ro
nestsedslabe.insanejournal.com
acatist.ro
folle.puk.ro
elec-ticket.com
aanhecht.puk.ro
www.mger2020.ru
www.urra.cn