www.pay4.cn
yamame1969.naturum.ne.jp
www.baot.com.cn
lamish.puk.ro
james-harrison-jersey-jr.ppcpu.com
www.0912j.com
yhbv.nfdy.net
www.yjjz.cn
epaule.puk.ro
yuelinguangchangcbd.fdchs.cn
dinhhuong.vn
predappi.wop.ro
www.whlzl.com
advancedhits.co.uk
www.448000jm.com
kouetu.puk.ro
fzpu.nfdy.net
www.5meibai.com
die-gruppe.info
bbs.inwesky.com
mangguo.org
leguan.lap.hu
www.massys.nl
x86.org
www.8886.info
blogspot.de
aldane.puk.ro
vesasc.org
www.hhddbb.com
scarboroughdirect.ca
kxyf.nfdy.net
surestimera.puk.ro
ookawa.puk.ro
bcpvkkefs.blog.mongenie.com
www.ariesqin.com
quebakano.com
www.gegegan.com
abazie.net
dowcet.puk.ro
lvdv.nfdy.net
midlake.net
h.xietong.com
tgtc.cn
666h8.cc
ndil.nfdy.net
bundeskongress-partizipation.de
dersmiffsupp.freeforums.org
rander.puk.ro
www.kxdl.net
www.yiyao.tv
www.xunyi.net.cn
www.xiuxiuw.com
gtsow.com
schuit.puk.ro
vermontaco.org
natus89.wrzuta.pl
www.cc6tv.com
hierop.puk.ro
www.csag.net.cn
0594sh.com
bbs.acde.net
roumon.puk.ro
534517.617.user-website6.com
www.aieiyu.com
tinysex.org
www.binglidan.net
onmens.puk.ro
230xzg.com
ddhlt.com
www.ybdmjy.com
twirls.puk.ro
www.baidu53.com
www.654vv.com
www.hvhsa.com
tasten.puk.ro
www.eurocino.com
sf5000.com
ifyouwantblood.de
szca110.com
www.onekoo.cn
otbw.nfdy.net
youjizz-823a.tumblr.com
ct-asachi.ro