www.5s.cm
r43dscanada.com
szsweb.com
atena.puk.ro
buddha.puk.ro
96398.taobao.com
hs.58.com
gannan.66law.cn
shop60277308.taobao.com
7sport.ro
stathit.com
www.oeol.cn
xalbjtfw.com
duowantuan.net
www.urra.cn
hlbb.nfdy.net
leovolt.ru
guaiziwangchuanqigygs.1168.tv
yoxd.lizhidy.net
cage.nfdy.net
www.mandagerycreek.com.au
udjj.nfdy.net
xtxpasnh.freeblog.hu
www.roca.cn
vacate.puk.ro
biocafe.so
fiss.me
pornoclipz.nl
suffil.com
www.egenz.com
www.uy60.com
gracepca.com
zsxxw.78.cn
cqror.com
boardsite.info
jqju.nfdy.net
forons.puk.ro
obpn.nfdy.net
jiwi.nfdy.net
pengbos.com
www.cool-movie.co.cc
www.zgc.gov.cn
xaytan.com
bbs.96hq.com
uudc.cn
bbft.nfdy.net
fueari.puk.ro
porno-online.net.ua
johnnythejester.com.au
www.sxmjj.com
balije.wop.ro
crisco.be
chisey.jp
www.xiaoyezi.com
acatist.ro
fzpu.nfdy.net
tj.tieyou.com
www.bitongding.com
2021166.com
xodanai.cn
santen.puk.ro
www.qdbdc.com
www.yqgl.com
megagames.com
changshachepiao.fdcez.cn
www.paishuibanlh.com
ralj.nfdy.net
yeeyan.com
www.nfcpgx.cn
w2servers.com
yamame1969.naturum.ne.jp
mo-dengxian.com
unwell.puk.ro
instantoracle.com
olx.lv
lhlixumei.cn.alibaba.com
tool.im286.cn
yhbv.nfdy.net
www.suiquntech.com
woobin.puk.ro
www.aaawatchreplica.com
cschangrun.com
www.qq1314521.com
x10demos.com
www.wwf.org.au
theticketclinic.com
www.pannonprodukt.hu
syakin.puk.ro
havermennekes.nl
lvdv.nfdy.net
sobrarbe.com
taozheweb.com
barretlee.com
saucounrea.freeforums.org