bragat.wop.ro
www.insa.de
tampaforums.com
paslemamich.blogeiland.nl
sportdepo.ru
ygcwjmslaa.blogger.hu
www.festivalbunnik.nl
www.hnxkw.com
rhinolalia.wop.ro
roswell.puk.ro
rusfootball.info
jimyaghi.com
sabercomo.info
scargill.net
sellthisbiz.com
selvageblog.blogspot.com
www.szmid.net
shopforwii.co.uk
cqy5.com
www.771aa.com
jara.blip.pl
perudirectory.info
ggadget.org
xakac.info
candymail.se
mipid.blip.pl
sugei.info
sukienki.eu
tcrh.gov.cn
tytusz69.xfree.hu
uni-blog.info
www.jay-squared.co.za
unonotizie.it
funnyfur.com
web-bi.net
www.aviation100.cc
www.blmoto.com
www.everhost.nl
www.multimed.hu
beant.puk.ro
www.polimex.cz
commentplease.blogspot.in
0urn.56dvd.net
118712.fr
176gz.com
www.sict.edu.cn
198.wo88.in
7k7k7.fad3.net
alish.digart.pl
anglomaniacy.pl
big-y.blog.so-net.ne.jp
cache29.enet.com.cn
caoliuyaoqingma.tk
clinanthia.puk.ro
chubs.puk.ro
congchung.org
ico.55.la
cotes.wop.ro
abacist.puk.ro
pollydiversao.com.br
ctcbcreditcard.com.tw
ekrfoundation.org
hotness.se
iautmu.ac.ir
mediachina.info
innermor.wop.ro
ja1nuh.blog.so-net.ne.jp
www.ayjyrc.com
kamil488.wrzuta.pl
www.dtqsy.com
kudzu.wop.ro
citroen.co.uk
lvkm.hyves.nl
maguti.wop.ro
mahu.cc
mastiquerons.puk.ro
nc-directory.com.ar
newcamd.info
nissanklub.pl
nitc.cc
outskirt.wop.ro
p2pool.info
r114.co.kr
rettungsring.info
roumon.puk.ro
www.huaning.gov.cn
wap-2-go.com
saisa.wop.ro
ultimi.wop.ro
printerreset.net
www.redvi.com
parentingteenagers.info
mail.zhangjun.me
superamusementmachine.com
szczecinblog.pl
mzintna.com
toplexis.com
travsidan.nu
trtes.jus.br
valcol.hu
velosh.com
votencmentalhealth.info
www.ady69.com
www.cwts.ca
www.li
www.usb.ve
progman.pl
soudansy.puk.ro
av600.info
www.at188.net
pambadeque.puk.ro
sc4trio.com
www.yemense.com
abclive.tv
otv.com.lb
www.lyqjd.cn
tambah.info
www.zwgay.com
tdh.de
lolitacams.info
chaps-haiti.org
smink.nu
radio1.pf
horsewallpapers.in
sci.ce.cn
jogaklasyczna.pl
islam-book.info
facool.com.br
sexe10.info
pinoyau.info
monster.com.mx
sr-22.info
contraepithesi.gr
ophtalmo.puk.ro
erriko.it
mahj.org
matesfind.com
its-sport.de
371.net
369ka.com
luxtime.pl
kabulict.net
36pi.210000.org
korea.ac.kr
rokuro.nu
ubytovani.cz
maakowiec.soup.io
bookmarkingfacts.info
webstorm.pl
galonneert.wop.ro
libercasa.be
deshechizar.wop.ro
www.arnidol.es
www.jinpinyuan.net
mya.co.uk
gameiwinonline.net
salderingen.puk.ro
listastron.pl
online247.org
symphar.info
www.orientalknots.com.pk
kapuas.info
dbmo.vgh.pl
studypeers.net
alihome.info
www.hazong.com
www.waeco.pl
blogzr.us
xixidieyuan.com
ekomusicgroup.com
webprostor.katedrala.cz
swimwiki.info
moip.gov.ck
ligne.wop.ro
mgyl.210000.org
ipielle.it
eoneo.com
masa.waw.pl
pilis.apro.ws
userena.cl
masternet.pl
afgevare.puk.ro
www.avtv.hu
moolamails.info
acbj.com
ftvvitter.com
drumdogs.com
elpmultimedia.info
adultlove.us
e-nanny.ru
brgmusicworks.com
advenediza.puk.ro
tweag.wop.ro
myskb.ru
btmaster.cn
telemedicus.info
spreelichter.info
www.hyves.nl
latiendaencasa.es
tedxjkt.org
linkauthoring.info
www.zltjb.com
www.it-cntt.com
midiaville.com.br
titanquest.org.ua
homebyrequest.com
4279.cn
xinqushi.78.cn
kopihijau.info
tianquan.sczt.net
zeek--rewards.co
torsteindahle.no
udt.gov.pl
busportal.pl
linkstatistics.co
dreamsoftprojects.info
mirrorlakeinn.com
stokkelen.goedbegin.nl
news.samba.org
taupo.puk.ro
hotcoin.info
facahn.wop.ro
toronto.edu
sazuk.puk.ro
gre1directory.info
www.tede.pl
video.drom.ru
zaped.info
sed2.info
fistmaster.info
almaaref.org
www.gamyba.lt
99szs.co
fiedor.wrzuta.pl
www.b21691.cn
dorge.wop.ro
seo2008.info
aegina.puk.ro
aedgency.com
advent.lap.hu
adzi.taobao.com
521me.taobao.com
lordweb.pl
tud3.k3y3.net
teya.flog.pl
jackleg.info
vaj2.210000.org
smzt.kuwo.me
nsp.bg
jandp.soup.io
wuanvf649.huijucn.com
www.67nnn.com
whiggarc.wop.ro
polymorpha.wop.ro
www.dc2000.cn
tjana-pengar.nu
www.5068.com
leather.qu17777.info
premium-template.net
24tv.ua
nandadevi.digart.pl
toernooien-voetbal.nl
www.iogoc.com
wabei.com
xgsmh.net
iwona282.wrzuta.pl
myzlab.pl
videohai.org
www.zhifuj.cn
www.paracin.us
malawishop.pl
thewoolhousetoronto.com
www.wamc.org
www.xxx882.com
www.tropicalshow.nl
www.859.cc
disciplinons.puk.ro
azhostinq.info
www.11tp.net
www.piva.be
www.tolle.pl
shopgiay.info
daytrader.com.ua
www.lidianchi.cc
pwoeiu.fr.gg
muenzen.ebay.de
eureeeka.net
quotes.money.163.com
www.15555.cc
bankfull.puk.ro
wynikilotto.com.pl
ccsdruk.pl
www.cd8.cc
multicentrum-jawor.pl
skoedecentret-digital-tinglysning.info
nychhc.org
www.wangmin365.com
gamania.in
novisa.wop.ro
anglican.org
thoracostracan.skoleung.gracer.essi.euwww.wop.ro
dubitatifs.puk.ro
www.maxman-2.info
mfl1.k3y3.net
fmu.ir
grfn.qiwen5.com
linksjuice.info
thx99.info
www.votees.de
metin2here.info
www.jjj123.info
claudinha.com.br
bestexhib.com
dirstamp.info
woaj.qiwen5.com
24au.info
hostingmlm.info
www.fjbb.gov.cn
videocul69.info
ifail.info
www.sdjxd.com
c88hain.info
jazzlog.blip.pl
motoricus.pl
indiadvertiser.com
linuz89.pl
roca.pl
www.257007.com
ttdmwbrfp.page.tl
itc.or.jp
kafka-online.info
aanzitte.puk.ro
www.srmhw.com
www.ittop.ir
salzburg.at
www.dqg1.info
www.365chem.com
www.55ebuy.com
qdcompany.cn
magdd.digart.pl
dinocrat.com
dichvuchuyennha.org