qmul.ac.uk
langfang.qd8.com.cn
linktransfer.info
www.27333.com
blogargajogja.com
www.bjbihua.com
spicesonline.info
slowakisch.wop.ro
rettungsring.info
sojaizdrowie.pl
bikemoto.ru
www.rws-verlag.de
lyricsmusica.it
bogetec.de
brindice.com.br
www.h-u.com.cn
style.qooza.hk
www.68mcc.info
nhacpro.info
99chengren.info
stone365.biz
chachala.com
mia.be
dz.newssc.org
rtys.com
proms.pl
studypeers.net
sou.wjw.cn
jmgc.9998.tv
www.0571plan.com
nijmegen.web.nl
aigle.wop.ro
deqing.hzgz.cc
3-mag.net
marudi.wop.ro
gjess.wop.ro
4y.cn
reedbusiness.nl
afgevare.puk.ro
pilis.apro.ws
ngmzd.my.gov.cn
www.hnxkw.com
uprawy.info
www.xifuzhuang.com
wiinintendo.net
xia5cha.com
antarsya.org
rabattie.wop.ro
usinfo.pl
housearticles.info
nanjing98.info
phimsoc.net
www.nixiou.com
joyn.265link.com
escortvip.com.br
themobilecartel.com
plakaty.blox.pl
wa5161.allin99.net
smibs.info
mywalltattoos.com
net-lab.net
arthouse.ch
spreelichter.info
maxsped.pl
lijmstan.wop.ro
alehkaky.com
36pi.210000.org
kabulict.net
cjr.lu
371.net
thebestwrinklecream.org
aaronrodgersjersey.zrgh.com
trophywebdir.info
abajt.pl
aartssch.puk.ro
abaenderte.puk.ro
aaron-rodgers-youth-jersey.ppepu.com
e6e6.net
homebyrequest.com
4279.cn
librarie.net
www.szmi.hu
loee.pl
26uuu-823a.tumblr.com
seifen.wop.ro
mintannie.pinger.pl
telugucomedy.info
www.waeco.pl
norcredit.info
doornkop-jackrussells.co.za
hooitas.wop.ro
mwpk.nfdy.net
tianquan.sczt.net
zeek--rewards.co
515421.com
free80sarcade.com
ppfwd.prv.pl
mailerlite.fr
idolcritic.com
wuanvf649.huijucn.com
kyamint.deviantart.com
scotthammell.com
mammagalan.se
www.hccy007.com
chinaphonesreviews.com
kck.pinger.pl
nador.fr
maria-psy.ru
newscrawler.it
cmonitor.pl
suivre.wop.ro
efxtrading.info
newhumanbeing.net
www.dangdaiit.com
fiedor.wrzuta.pl
sanlucar.com
www.hntz.org
dirdir.info
epity.pl
pczy.265link.com
kukou.puk.ro
cluefree.org
polymorpha.wop.ro
nicesport.pl
brockthemonkey.webs.com
lago.flog.pl
static.97sedd.com
swingersaci.cz
hsy.78.cn
ikigo.wop.ro
alazhar.edu.ps
hebinzhicheng.com
rp-5.de
videohai.org
laurers.de
joyousbirth.info
chiplove.biz
ambranet.de
games.blog.nl
dallis.gr
yw.0577bj.com
timesamachar.com
iyouf.info
follado.puk.ro
gcflearnfree.org
mal21.digart.pl
ordlyd.wop.ro
seokatalogi.pl
wynikilotto.com.pl
www.365back.net
uploadsfiles.info
wq315.com
3akk.com
www.shrhr.com
donum-vitae.de
fishnews.ru
essen-bestellen.info
jaans.info
5dzp.cn
antropos.puk.ro
afganec.fo.ru
wwgroup.in.ua
hblry.com
wtabkol.cba.pl
bestwebspaces.com
www.4007773114.com
lacrym.wop.ro
xdwan.com
linkforu.info
www.c315.org.cn
www.chinacath.net
knr-productions.com
sexehook69.info
www.usg-3d.pl
punkshop.pl
www.qilef.com
murone.wop.ro
www.hbga.gov.cn
smilecom-usa.info
bbqd.nfdy.net
edinstvennaya.ua
wtfz.lizhidy.net
dubitatifs.puk.ro
newsdroid.at
literallyinspired.com
gamei.tld.cc
klemmt.puk.ro
net4car.pl
eso.so
88xs.15852.com
rockfrog.co.uk
tonneliers.puk.ro
realbbwgirlfriends.com
www.moviedrive.nl
www.fonik.pl
chinanetedu.info
blog.vipiu.net
thaiworldview.com
overhaulinforums.com
caoliushequzz.tumblr.com
www.257007.com
kafka-online.info
aanzitte.puk.ro
deepbody.digart.pl
sem-seo.gz.cn
sarvmail.info
jyouen.puk.ro
www.vibmro.com
bries.wop.ro
sldo.nfdy.net
estreladosleiloes.com.br
mak.flog.pl
2ch-biz-news.info
www.boxun.com.cn
quadrist.wop.ro
jrpg.jp
jxt-hc.com
k4919.co.cc
koestinger.at
kometagroup.cz
konsultantkaonline.pl
linkdisplay.info
juancong.com
loladela1.hyves.nl
loveloveplz.deviantart.com
lqqxqeoh.blog.mongenie.com
lu.xiaoyoyo.com
matoso.puk.ro
medications.wop.ro
mgkz.210000.org
mj.game.jj.cn
aitc.nfdy.net
nitroact.info
oddisee.tv
peggi.wop.ro
poorbank.net
pracawsprzedazy.gazeta.pl
psgui.com
radabg.com
radio.com
radiodreamteam.ch
rn-wissen.de
9tv.ru
rumli.puk.ro
ruthful.puk.ro
noonligh.puk.ro
salon.com
sanne-appa.hyves.nl
smashmedia.jp
sobrenatural.net
sortingwithstyle.com
striempj.puk.ro
strizhenova.puk.ro
studio878software.com
studyforums.org
szca110.com
takyuuda.puk.ro
tankauto.eu
tattoo-design.ru
tattoos-gallery.net
tclokaue.de
tcrh.gov.cn
tdsho.5d6d.net
techkings.org
telegazeta.tvp.pl
terrasolusi.net
thalliou.puk.ro
the-expendables-full-movie.blogspot.it
theresit.prerebellion.karaoke.hygien.wwwwww.wop.ro
thongdiep.org
tntyp.com
trademarkregistrationindia.com
tricksnew.info
triponline.hu
truth.sk
tupale.org
tuzfeszek.hu
knightonline.tv
tvasta.pl
tweehoevig.persianu.wwwwww.wop.ro
umgepflanzten.wop.ro
us.is
utajeno.cz
uu9c.com
uuu25.info
vanvalasztasod.blog.hu
vespucionorte.cl
vorhaeute.puk.ro
weaveman.info
wetterleuchten.at
whiskylive.ru
wilczyca169.pinger.pl
williamlong.info
wmr.flog.pl
womenfreebies.ca
wunderne.wop.ro
ww1.mkf7.com
www-paloma.com
aldora.se
www.038300.cc
key103.co.uk
www.0396.net
www.0769htk.com
www.2729.cn
www.33dyw.com
www.anuntpromovat.ro
jl.189.cn
www.blmoto.com
senuolbux.fr
www.bosup.info
www.caesar.it
www.cdijs.com
digitalphoto.pl
www.chinarural.org
youth.com.tw
www.christianfoto.hu
www.combat.hu
www.crwstc.org
www.daliuliang.info
www.dazhongjy.com
www.dlxhe.com
www.hslive.nl
www.hvhsa.com
www.hxdl.com
www.hzj.gov.cn
www.sdjxd.com
www.shankejingling.com
www.whatledtv.org
www.wjg88.com
articleliss.info
abflusses.puk.ro
acadamey.puk.ro
ganchadu.com
acheter-fan-facebook.org
achi.puk.ro
afspaanden.puk.ro
allotrophic.puk.ro
android.958shop.com
bedthrows.info
bei-an.org
belmusic.info
bestonlinecasino-uk.info
bestpr.info
bjdl.jianzhanzhe.ws
bl6.jp
bokuchan.blog.so-net.ne.jp
mujglock.com
brasempje.puk.ro
brojoey.com
btu.edu.vn
buddyforum.de
cib.com.ua
ddhssc.com
deadlier.wop.ro
ws7.de
demiweb.info
deon.goedbegin.nl
dgzgz.78.cn
dharmanet.org
diavgeia.gov.gr
diet4all.info
dijo.ro
dilli.wwwwww.wop.ro
dimonbos.a-liveprivates.com
dipendra.wop.ro
directindustry.fr
directory4websites.com
directorybid.info
disprophar.com
divagavi.wop.ro
diyitime.com
django.pl
dobradieta.pl
dvd2hand.tv
e-optionet.com
workinfonet.ca
fanatiker.puk.ro
fixed.software.informer.com
flagbanner.com.au
fondationdelamodedemontreal.com
forum.big.az
foxradioeuropa.eu