fralix.puk.ro
desv.dict.cc
www.10010.cn
namao.net
lumin.co.kr
almwirt.com
www.098.com
flinndalacties.nl
www.ioem.cn
zuraka.wop.ro
multiky.ru
socialindian.info
source.ba
120city.com
www.nclady.net
latajpozakupy.pl
ariwahyudi.web.id
ccftn.com
sexyouporn.info
www.bhren.cn
sorsele.puk.ro
m.zbiz.tv
gorillatrades.com
marcatur.puk.ro
despectiva.wop.ro
dwingers.wop.ro
lunczk.fecsegj.hu
ruthful.puk.ro
56hehe.com
www.szca110.com
cr8.lv
linksplash.info
americanmafia.org
1.9787.com
ooftkeld.wop.ro
www.tqme.net
www.u9h.net
fh.0937.net
www.255ii.com
brasempje.puk.ro
buddyforum.de
forth.gr
ebedmele.wop.ro
qwee2.951n.cn
postdoc.shaanxi.gov.cn
blog.atopowe.pl
5hk.cc
alternativa-mc.ru
rockledg.puk.ro
vorstoes.wop.ro
fais.biz
word.waw.pl
0000ff.net
mmtietu.info
el-paso.tx.us
pwawrzyczek.pl
peaonyflower.com
kitakanto-carsensor.net
aehnle.puk.ro
www.ntit.cc
gwede.wop.ro
debatside.dk
11sasa-823b.tumblr.com
coffeeclubeden.pl
g-buy.com.tw
9y2.info
ershousou.com
1956.lap.hu
9999.3199.cn
labo.de
jastawiam.blip.pl
www.ehrenamt.de
korrdon.info
www.vfl.biz
s0un.56dvd.net
saxe.info
shonv.info
aira.pinger.pl
taoistmassage.co.za
linkazia.co.jp
joannart.pl
roumon.puk.ro
www.menorca.net
mpagencja.pl
cheapesthostingzs.info
aaron-rodgers-women-s-jersey.ppepu.com
gimdygxyb.skynetblogs.be
arbeitsstunden.wop.ro
northerniraq.info
www.mblog.pl
cretivedress.info
rsarchive.org
labkultur.tv
www.sxws.gov.cn
daklan.puk.ro
gzmr.org
websd.ru
webipaddress.net
www.ds114.com.cn
cdf.lu
bnb.flog.pl
drgaiderne.hu
nystagmi.puk.ro
ideelok.com
flisky.puk.ro
cezar92.wrzuta.pl
parroter.wop.ro
nulltarif.de
angoya.wop.ro
brangelina.co.kr
iyashinotoki.info
www.1yyg.com
auiti.wop.ro
cimladonland.ru
ifilhome.com
stellula.puk.ro
jjg.net
celava.wop.ro
www.kfcms.net
ishinabe.wop.ro
profite.wop.ro
download-future-ringtones.blogspot.se
a.9game.cn
v9n9.k3y3.net
www.bs120.net
makuragi.puk.ro
gekinavi.net
7yh.info
przyroda.org
blog.duyao.de
pornomax.pl
coib.nfdy.net
bbs.126egou.com
radiobigdragon.de
kushtt.info
www.yjyfd.com
aftb-oscip.org
aaltci.org
anticapitalistas.org
picktek.info
screamoboy.ru
youporn15.info
www.jingcai7.com
www.bsdh2.com
qktg.210000.org
www.poniard.ru
www.newvision.co.ug
av.44jq.com
www.jpdo.net
about.fynews.net
www.d7988.cn
akt-online.nl
www.bcso.net
arrangee.wop.ro
mp3-downloads.net
worldtalk.jp
caodanai.info
blax.blip.pl
stone365.biz
rettungsring.info
informator.com.pl
aaron-rodgers-youth-jersey.ppepu.com
enamours.wop.ro
botasot.info
www.by1tt.cn
sgvps.net
weide.wop.ro
www.jenn.nu
atrl.me
www.amazon.co.jp
studypeers.net
www.hnxkw.com
mumu4959.xfree.hu
dlhome.ws
81879.class.ankang06.org
annoiati.wop.ro
vcta.dk
blc.ru
www.gugejk.com
endys.info
free-articledirectory.org
a59choppers.nl
dj.webchuan.vn
jbtalks.com
muskie.wop.ro
board.iamlights.com
chips.jp
hotproxylist.info
cher.puk.ro
oddisee.tv
mc9.info
bbs.4yang.com
nhacpro.info
dksloi.de.gg