agoda.vn
liudehuatong.sinaapp.com
miau.pl
clubbit.com.br
rnib.org.uk
321ff.com
www.jste.gov.cn
pjf.org.uk
www.sf.dk
fuoco.blox.pl
lasertechnik-grimm.net
songs1.net
gesellt.wop.ro
yn0870.com
hb666.com
spreeworld.com
www.mopdh.com
bbw.hu
deverde.elandbnb.tw
mike-wallace-black-shadow-jersey.ppenk.com
charleselena.com.au
lojadoprazer.com.br
kyleroot.com
noatun.kde.org
oxycom.pl
binaryoptions.ws
ongov.net
newzine.net
bozhouweather.qiannan.org
annapolis.gov
joomla-monster.pl
2013fordfusion.info
tomorn.wop.ro
wapzc.cc
bbby.hyves.nl
leadsafe.de
markt31.nl
www.chinaviagra.info
artbyfeng.com
wwf.pl
usotsubu.com
npco90.com
818tv.com
pandemic.puk.ro
psychob.blip.pl
www.qphone1.com
bestriding.erfuhrst.wwwwww.wop.ro
bgn-neustadt.de
segullah.org
ipsw.k3y3.net
video.hmz.cn
avo.ru
scholars.com.br
boubi.wop.ro
ngoinhateen.info
bluecounter.de
www.a636.com
www.j2.hk
hcf.fyfz.cn
crax.pl
chengdu.jinpu.com
talkphone.cn
sirius-review.net
howtosellannuity.org
forzanuova.org
ai880.com
www.zbdxq.com
cqcy.info
inetmonster.com
kurdsat.tv
jetsetera.net
aro-style.com
xyzt.pt
sina56.com
myjazabha.tk
irkmama.ru
www.cndanqi.cn
mentalfocus.hu
www.2gxn.4f9.org
liyuanju.home.jinti.com
katalog-automobilu.cz
010midea.com
ews.tw
educationduniya.in
www.pjk168.co
aplicaciones.info
telesiscu.com
120gcw.com
el7ad.com
govolo.es
majortests.com
tudan.com
yvkxctpn.skynetblogs.be
www.zhaoxi.org
147zzzzz.com
countryradio.cz
piciasso.digart.pl
roswell.puk.ro
steedless.wop.ro
1314xoo.com
articledirectory365.com
ukseolink.com
playboyssexywives.com
familiejournal.dk
www.3done.cn
grincheu.wop.ro
sainench.gebaermu.euwww.wop.ro
xcb.duowan.com
ifrita.com
dulichtet.info
hotelpromenade.it
alqad.info
www.plsjsj.cn
wvpl.biz
www.goldenest.com.cn
koltseg.linkekneked.hu
fanweb.org
adarticles.net
kruidengeneeskunde.jouwverzamelaar.nl
hydroponicsinfocentral.com
plasmacomp.com
plchic.com
kaazing.com
ficusel.com
11-4-08.com
daily-feeds.com
www.ymlt.net
huoyunren.com
0088.cc
altoclick.es
opsla.wop.ro
xnrl.nfdy.net
quadridentated.puk.ro
gsclean.com
porcofilosofo.com
franmlm.com
208buy.com
www.soendag.dk
costa-ovest.it
2comfy.com
graduateschoolmasterseducationz.info
pginsbach.info
2ch.at
cwebgame.com
apsl.net
kri.dk
crazyegg.com
jocu.wop.ro
lxfcyy.com
www.7090a.com
www.mytaoke.net
car.biglobe.ne.jp
schuize.9998.tv
c-date.com.br
skyldte.puk.ro
sexgazetka.pl
afiffuddin.com
gtuadmissionhelpline.com
braeman.euwww.wop.ro
www.bluemoon.info.pl
thinglabs.com
webtrafficgenie.com
kostenloser.info
siem.gob.mx
phrenitis.wop.ro
meenakundan.com
www.lyshgm.com
uu65.com
dominos.bg
bredavandaag.nl
technick.info
newton101.com
www.kat.atlantic-domki.pl
www.ddhhbwbc.com
lepers.wop.ro
muabantt.net
alterpismo.pl
www.886zz.com
checkpagerank.info
www.114wzdh.com.cn
top10-bestsellers.com
boudou.wop.ro
www.maersk.com
nianlun.com.cn
eftours.ca
ctuc.210000.org
janoah.wwwwww.wop.ro
arugas.wop.ro
trestelle.ca
www.huachangjixie.com
booksite.com
seopasswords.com
3tare.ir
hisherry.com
chawz.cn
anfritz.de
cd.120job.cn
www.zixuegolf.com
dominiok.net
internetmarketingzoom.com
www.5555dh.com
www.rtysn.com
artportalen.se
bookmarkall.info
hectorea.wop.ro
52perfectdays.com
sukebelinks.com
cvalley.co.jp
clubcocina.net
uni-blog.info
pkejlklag.blogdetik.com
comozooconservatory.org
ialex.name
mashhadhotels.org
www.hhaavv.com
jd.yocoojj.com
www.waterpub.com.cn
i-events.info
vipbusiness.hu
burberry-outletonlines.org
www.cuimianshujiaocheng.com
ycwb.com
javot.net
myypw.78.cn
www.logosc.cn
nfsport.net
tinkerx.com
kunshan.jiwu.com
sdtconf.com
ateamcentral.info
mm59.com
seiam.puk.ro
www.shufugao.com
ieb.be
shimadzu.co.jp
build.kz
toxique.net
pornhdfree.info
oclcyc.com
penisgrowthscience.com
samia.us
www.kuairt.com
pacificnet.net
gmecity.com
tucamon.es
frenchfriend.cn
diluvia.puk.ro
bield.puk.ro
shayasanm.ir
gingerscraps.net
flasterventure.com
mail.163.com
mydiggs.com
www.wapnet.tk
www.jymgxx.net
luckipad.taobao.com
55lure.co
nic.ar
thyj.yzz.cn
matchfishing.it
gtaindir.net
sumopix.com
reynaldliu.net
4ma.cc
bega.de
columbiadailyherald.com
hpuh.info
protenis.cz
sincopar.puk.ro
tokyo.wop.ro
www.female11.com
heradem.wop.ro
fairr.ru
www.bosup.info
metasport.de
debianhackers.net
518tzpf.com
popjemaritza.hyves.nl
m0.16bt.info
historyshots.com
www.hwlcmm.com
999276.soufun.com
infoinwestor.pl
sunhope.co.id
overgrootmoeder.puk.ro
publicbookshelf.com
filtragg.puk.ro
detacheren.it
kama017.flog.pl
frag-den-heimwerker.com
gkcx.zqbe.net
groony.com
piluli.kharkov.ua
backpitch.info
asn.groups.tianya.cn
www.yanzihome.com
sz.zol.com.cn
wvvw.87hz.net
techtrickz.com
lettersandscience.net
zillx.com
chernihiv.info
rezin.wop.ro
f-cafe.net
media-powerhouse.com
olix.ro
sdok.k3y3.net
crogoo.com
studykorean.cn
colorectal-cancer.ca
jobexpo.hu
olee.de
www.price118.com
ppir.nfdy.net
mhk.pl
afranselden.puk.ro
multitouch.3nc.info
endonorm.ru
kabartop.com
backlinkbrain.com
www.pacio6.digart.pl
www.jm-sanxuan.com
mymultipleincomes.com
smartparenting.com.ph
www.chenjun168.cn
meinv.7755.com
663ss.com
126.com
fota.pl
elmundotoday.com
merckmanual.jp
ainix.co.jp
runningsponsorme.org
webinspect.info
current.com
hongyuh.wop.ro
fritidsgrunde-kx-dk.info
kupildoma.ru
www.133133.net
time.com.my
virtualisnevelde.lap.hu
joomlacorner.com
jonjooneillracing.com
proallia.wop.ro
pick-up-your-gift.net
www.peacecorps.umich.edu
newofficeathome.blogspot.com
tubexxx18.info
freshlimesoda.us
hostmybb.com
vision4dezign.com
spiders.pk
bdbs.k3y3.net
foodvideolog.com
buyselleverything.com
www.sevenwaysguesthouse.co.uk
krenn.wop.ro
setbol.com
vdv.dri.edu
lueya.com
oeng.flog.pl
sanmartin.com.co
student.pev.pl
themusicsover.com
directree.info
notic.wrzuta.pl
meoz.210000.org
topshop.sk
un.ua
pharmindex.pl
coata.wop.ro
dver-lux.ru
lilhelper.ca
adberatii.ro
powersport.ee
touchin.puk.ro
revolucaoangolana.webs.com
gry-online.poszkole.pl
ctalk.forumcongo.com
microchip.com.tw
www.contoshitech.com.br
almatur.pl
globallymail.com
www.bscom.cz
goblin.net.pl
raahenua.com
vake.puk.ro
korj.wop.ro
shadoweing.com
kotofey66.ru
angelo.puk.ro
foundthis.info
kelton.puk.ro
dticash.com
www.xiqituan.net
recruit-fi.co.jp
lbbook.cn
30.media.tumblr.com
kessels.nl
vertstudios.com
jubejuss.ee
kapuas.info
www.kjshidai.com
bayan24.net
mg.gov.pl
inta11.ru
club.tw
etuier.wop.ro
tutajdoladuj.pl
mebtech.pl
owlcitymusic.com
themobilerevolution.be
big-photoshop.ru
oklara.puk.ro
3xx.biz
projects-abroad.fr
www.zgrniu.com
countrystreetdancers.ch
5917.info
mlecznabudka.pl
javierbyte.com
www.arrow.com.cn
goyx.qiwen5.com
jece.wop.ro
sighfully.wwwwww.wop.ro
hanover.edu
afropronet.net
qywzw.com
donnerskiranch.com
xxxavi.wop.ro
senigalliasport.it
singel-dejting.se
pwesto.com
99ting.cn
southampton.ac.uk
suuon.puk.ro
fi-sky.ru
cegal.es
e-print.my
eyereturn.com
bf.yzz.cn
lputje.hyves.nl
anecianh.wrzuta.pl
dalcassi.puk.ro
sitharana.com
ldmountaincentre.com
www5.51avnv.info
suzuki.pl
auto55.be
peterchen.digart.pl
www.arcned.nl
humyai16.info
www.173833.com
www.lianyun.gov.cn
tranchon.puk.ro
akademiajoomla.pl
fuwo.com
blogg.idg.se
meta-fora.com
www.taobaolipinba.com
awk4.k3y3.net
worldlargestsafelist.com
istudy.nankai.edu.cn
tosabendo.com
bobo.d4vv.com
kwgr.nfdy.net
cvsphoto.com
articledashboard.info
exenistanbul.com.tr
blogotop.info
www.yllh.net
www.126yingyuan.com
shayu.info
sz.baixing.com
china.nowec.com
www.jswjc.net
320kbps.org
changzhijiuan.1168.tv
xndy.net
momza.ru
volkswagen.pl
partneri.sk
www.sesaorao.com
kosiba.puk.ro
jhczj.com
cw12.com
audi-zhj.com
www.huacheng110.com
russkoestereo.com
jacter.wop.ro
justynahurka.blox.pl
in-love-with-rain.flog.pl
liny.info
suison.wop.ro
a8e155.x5x8.net
gs.1775.cn
boda.wop.ro
kaigo-kouhyou-hyogo.jp
renchenwen.soukeba.net
panbib.com
nieidealna.pl
linkauthoring.info
itsudemo.puk.ro
xdexcylly.typepad.com
nowarez.hu
brillen.wop.ro
download-fat-joe-ringtones.blogspot.co.nz
socialbookmarkingadvantages.info
y54v.210000.org
bullterrponyva.hu
djtimorofficial.webs.com
loopyapp.com
solarcentury.co.uk
75bt.info
beefpoint.com.br
actionbarsherlock.com
microboard.com.br
radio-los-caputos.co.de
bellmedia.com
www.texamen.nl
bkrs.info
huyrcuxn.blog.mongenie.com
empleateverde.com
ct-park.ge
cnhtm.com
hcc.nl
cpn1.go.th
www.mkon.lth.se
www.ilse.be
esuaspelak.blogger.hu
andybaird.webs.com
gewichthef.wop.ro
nikkisims.info
gdtd.vn
zeleki.wop.ro
pudder.wop.ro
nightwish3.wrzuta.pl
olace.digart.pl
tvsport24.info
bbs.kfsyw.cn
eksporter.gov.pl
www.passionliya.com
unitaangola.org
beautyproductreviewsandrants.info
avc.360.cn
onlinemarketingdegree.net
bdbuddy.com
d66.me
86d1.com
cwcm.com.tw
dance-life-tour-2008.tvcom.cz
higueria.blogspot.com
selfmadevip.com
healthplus.co.uk
techgen.in
slashslash.de
willyer.puk.ro
gizycko.wm.pl
mo-re.org
myz.info
echosnu.flog.pl
yoshino-gypsum.com
fnpi.org
www.88f.com
shmessenger.org
miril.at.webry.info
promienista.digart.pl
myweddingfavorsetc.com
ztdy.tk
crays.wop.ro
vitiable.wop.ro
qwickup.com
www.wwwlrc.com
hzdaily.hangzhou.com.cn
kezi.nfdy.net
anal-teen-angels.info
vozdemichoacan.com.mx
socialbookmark-balance.info
cq.45wj.com
www.chrysler.nl
thyrocol.wop.ro
l3j.info
whattheythink.com
genusfelis.com
wysetc.org
nitusind.nu
osaka-u.ac.jp
haakten.wop.ro
chofu.keizai.biz
domzogrodem.pl
k12.nc.us
bhqb.net
sem.gz.cn
tayloredmktg.com
domset.de
polskatimes.pl
jinsuguan.taobao.com
04wrx-sti.com
www.wuxi-fapiao.com
www.7x6.cn
carlisletire.com
17b.cc
smartstocks.com
aluguelvip.com.br
bagtjuh.zoom.nl
470813500.cn.nowec.com
silt.wop.ro
endura.wop.ro
erokyokucho.livedoor.biz
sindema.info
vurst.wop.ro
kefir.lap.hu
artisteerhelp.fr
securemenu.com
4551.cc
gsqs.66law.cn
lieren.com
tahitiannoniasliindonesia.blogdetik.com