josi.ro
tohair.com
ljj.66law.cn
g4c.laho.gov.cn
smokingpen.com
www.zzch01.com
tip-sa.com
masterhealth.com.br
www.027bbkk.com
firstonline.info
mahjoob.com
inhaltsangabe.de
www.digestyc.gob.sv
kedges.wop.ro
www.288.im
gourmet.minkei.net
galateacasa.com.br
www.hsxinhai.com
desollar.com
totallytots.blogspot.com
binimage.org
www.af116.com
transexpress.com
netglimse.com
brese.puk.ro
www.gangguan168.com
sjjx.wgwgw.net
largaron.com
survivalmonkey.com
denticina.wop.ro
weiykj.cn
ma.com.ly
www.ebg.nl
gozyou.puk.ro
www.tokaj.org
pro.ef43.com.cn
sx.58.com
albajob.ro
sexbig1.info
ielastic.info
www.tenisziskola.hu
wgnoeygf.blogdetik.com
maharaja.wop.ro
mashhad.ir
weblove.pl
chicasbonitashi5.blogspot.com
kraffcaps.blogspot.com
aozom.com
thewikies.com
yd.sha7.info
semantix.int
www.mayin.net.vn
www.85fat.com
guihuaxiang.com
2012.cntv.cn
www.guahao114.net
indcareer.com
iphonegen.fr
liderstore.com.br
forum.hdsteam.hu
seolinkek.info
feichangtao.taobao.com
su.kuche.com
economicoorologi.com
blaurot.info
www.318ly.net
aroundtheworldin80girls.com
hyva.com
wwnslzw.com
cch.com
bluethner.de
www.slabstone.net
www.tianlingzhi.cn
ayto-caceres.es
youngwebcam.net
mcdonalds-bh.ba
postemobile.it
sebw.nfdy.net
powerfulbux.com
gracierons.wop.ro
mytixu.com
www.rusuanjun.info
www.kilog.com.cn
ltdalarna.se
www.shineric.com
greenhybrid.com
www.trip8080.com
www.pomelo-bnb.com.tw
vanilla.vc
facilazo.com
tpca.or.tz
zaferyakut.com
eflclasses.org
grutes.wop.ro
xieyi.org
blogi.lu.lv
www.laishan.org
magnitos.ru
tenux.net
garax.jp
www.80tbw.com
s960.in999.org
hotro.vtc.vn
incubatorreview.com
beamnote.com
x-qualia.com
www.bet6.us
6888365.com
6668.hk
streamingvideo.co
marjamiddeldorp.nl
notlage.wop.ro
bbs.bjx.com.cn
isg.fr
keysfleamarket.com
anthonychase.org
eird.org
www.ll366.com
todayszaman.com
bbs.cfanclub.net
sociobio.puk.ro
webuiltit.biz
www.xinnao.org
zaqhax.pl
js.ce.esnai.net
ingbank.pl
felicia.a1.ro
www.ribse.info
unrebuilt.wop.ro
y0.pl
qqduck.tmall.com
noqstore.asia
www.changjun.com.cn
bbs.e2345.net
www.5531777.com
5o5o.info
www.compdf.com
thetracefacephiles.com
oliverslabels.com
hattyuklinika.hu
planete-kiki.net
directorywe.info
allisonsmubby.deviantart.com
ucrostravel.com
merseine.nu
dfm.nu
medtrade.com
www.lagune.nl
deckard.fr
www.mmdd11.com
info-pene.com
eic-party.de
rickrichards.com
abdus.se
www.e6099.com
lagrimal.wop.ro
cakeduchess.com
www.sd-wx.com.cn
angham4.info
suvi.wop.ro
abyltnphf.blog.mongenie.com
djzmeu.ro
www.recyklujteshasici.cz
storey.pl
takuu.puk.ro
abest.com.br
body1.com
nogreaterjoy.org
www.fapiaoli.com
arabcartoon.net
physicianbillingz.info
pc-car.net
uzai.cn
acbj.com
pingguo55.info
clipwings.com
www.96renti.com
www.php.co.jp
agathongroup.com
android50.ucoz.ru
webhosting.pl
csocso-supra.gportal.hu
feine.wop.ro
studiosus.de
femalepain.net
www.sdmmp.org
www.gsweb.com.cn
pozycjonusz.pl
humyai3.info
6wtx.com
1023.co.za
ciudadlaberinto.info
x-art.ws
countryscan.com.ng
www.jcce2007-2012.org
justpay.pl
arobbase.fr
www.sinomould.com
rfpattorney.com
algebralab.org
solintermedia.com
dweebden.org
www.poslovice.net
freebert.com
qbusiness.pl
ictwiki.org
melitta.co.jp
www.see8.net
www.goshare.cn
zhuanqianf.78.cn
deceptiveengineering.info
www.yqgjj.com.cn
jqkbh.0937.net
rn.gov.br
xxxkey.com
8090.info
military.workercn.cn
phiege.com.pl
maronitology.com
www.cnkdzj.cn
www.chatsubaki.jp
relieriez.wop.ro
momekh.com
paddlings.puk.ro
danus.digart.pl
techtech.net
clevelandgolf.com
arrangetosettle.com
louisvuittondeutschland.biz
www.diaokejichina.com|koia.nfdy.net|www.xshpjy.com|www.cqzx123.cn|www.ac18.cn|2kmm.com|3astudio.net|cxwx365.com|proppuncentcorn.page.tl|www.jiaoshubi.com|kultanlagen.puk.ro|inad.wop.ro|aw60sdf.seesaa.net|www.tnxc.gov.cn|eygz.nfdy.net|www.sheng0312.cn|www.gdyuelong.com|yyjnj.com|www.cm789.com|mwli.nfdy.net|www.tongrentangkj.com|kaleazy.com|zsgb.nfdy.net|www.zsdbmjj.com|fiote.wop.ro|suburbicarian.wop.ro|equitycivilityrespect.jhu.edu|lenobera.blogia.com|hk8.concdisxr.orge.pl|wjjlgb.com|vlrs.nfdy.net|zizia.wop.ro|www.bowenguanzhizao.com|t.zjrd.com|www.yxdkfp.com|www.angelzw.com|wdaaktjip.jw.lt|privateinvestigatorchicago.info|phonal.wop.ro|shanxiyk.520edu.com|xexp.nfdy.net|golven.wop.ro|www.xyhy.org|www.taogeini.com|dokterkink.sexzsite.nl|www.mh68.cn|8.atvtm.info|www.szszzx.com|www.geo-lehti.fi|leidendevils.nl|jpso.210000.org|qtys.k3y3.net|frro.nfdy.net|roncadora.wop.ro|exaz.nfdy.net|retrofoci.info|www.lmmw365.net|3dxz.k3y3.net|jaos.nfdy.net|www.jwtzm.com|dxvj.nfdy.net|jupk.k3y3.net|arte.umh.es|www.shszc.com|pitchcontroltv.com|dvcd888.com|dsgj.nfdy.net|kaart-vaals.istats.nl|cableopticaldigitala.9see.info|znvd.nfdy.net|www.919hh.com|doqk.nfdy.net|www.bnuzy.com|tangjunasd.huijucn.com|www.881112.com|sjudel.wop.ro|juwo.nfdy.net|www.spn.com.cn|qwert2000.blog.xfree.hu|www.ttturn.com|www.flyxun.net|askhumanapplejack.tumblr.com|blog.org.pl|atomonaga.tumblr.com|elec-ticket.com|www.ejiagouwu.com|74ise.com|www.changjun.com.cn|wichtisite.wop.ro|www.linuxmisc.com|sh.58.com|megakatalog.cz|1314fs.net|www.nike2022.com|zhangzhengfan.com|kizzie.wop.ro|ych.wed114.cn|www.bttc.cn|socialclubelite.com|uchospitals.edu|szca110.com|ha.gmw.cn|www.ppt99.net|leshua.org|ajaxfanz.blogeiland.nl|dotcomriver.pl|ivfo.nfdy.net|adminunion.com|www.zm26.com|baleneremo.puk.ro|www.ny369.com|frfm.nfdy.net|sina.hd.cn|cvthb.wop.ro|www.yct8.info|www.73wx.com|rundspre.wop.ro|hbcu.nfdy.net|ventilating.biz|www.5252sf.net|maoli.wop.ro|365aiao.com|mariu.wop.ro|www.qixinseo.com|www.1sz.com.cn|mubyou.wop.ro|taomeisz.taobao.com|qiqak.cn|tjvd.nfdy.net|ninamachback.menblog.us|www.liip.cn|www.zhaoipad.com|www.086energy.net|www.jinanyingda.com|020.himin.hk|www.yeyashengjiangpingtai.com|cu76.cn|e7lai.me|www.erpdo.com|www.sou9y.com|xinxiang.wed114.cn|blog.xuming.net|phation.deviantart.com|parabotu.puk.ro|ufiorxjpx.blog.mongenie.com|www.nlsfc.com|nqsnzaybrt.blog.mongenie.com|sz.bwxx.net|xpme.nfdy.net|fypu.nfdy.net|www.magyar.sk|lesn.nfdy.net|qnjm.nfdy.net|duratt.duf.hu|www.baidu.com|6hczt.com|www.bsb.by|reprocessing.puk.ro|989.com|cfqc.nfdy.net|tubxiu.com|gwry.nfdy.net|veggiemesic.net|www.45639.com|kidsclub.coop|cfwells.com|www.allindepot.com
abc.cz
www.cnsuishiji.com
www.wordessay.com
www.bloomberg.co.jp
vtuner.com
hanamasa.co.jp
al-robili.com
my96669.com
pspper.com
memoryonhand.com
3g.10010.com
bygy.nfdy.net
websurvices.com
kqvp.210000.org
efflate.puk.ro
whjjls.match.chinago.cn
hyzl.210000.org
www.92dpw.com
01e6.com
nanpinglingnanjiayuan.fdchs.cn
bokn.wop.ro
www.594first.com
synethnic.wop.ro
fengshileifst.1168.tv
dohcrew.com
pigai.org
1z4.info
www.hainanmr.com
singaporeihub.com
aitos.se
bebe-magia.ro
www.waterhc.com
ut.no
gzcy.gzlm.net
mizuno.eu
hj86.xanmo.info
www.zhangjun.me
proxima.com.ua
nolimits.cd
tutorialsformarketers.com
tempelden.wop.ro
region-bourgogne.fr
www.vemaybaygiare.vn
hometravelagency.com
unionpacific.jobs
planetahosting.cl
js.189.cn
www.tjtongdai.com
ngocha.com.vn
www.yinzhoujigui.com
youxi369.com
anjelsyndicate.org
sidahe.b2b.youboy.com
retrovideotube.com
superferry.com.ph
gruppocoin.it
sis.waw.pl
qpz.gov.al
deptan.go.id
etre.flog.pl
globlotto.pl
simplesli.de
buddhanet.com.tw
phreephuck.com
ukpdf.info
jobhat.com
fractalvisions.deviantart.com
medie.pl
esurient.puk.ro
global-hc.com
www.autoclubs.ca
xue24.com
fscyzg.com
tuflibyli.r.gd
remmonmethoar.puk.ro
www.cnmzfs.com
www.jnfoodgm.com
cassinia.puk.ro
oldradio.pl
tjhsstreunions.org
gefingerpoken.puk.ro
cnpension.net
www.dkdj.gov.cn
joomlaforum.ru
www.cityladys.com
www.yuanhuiren.com
fyns.wop.ro
whxhgpys.b2b.hc360.com
www.cn.jal.com
fex6.210000.org
5post.com
shop.minebb.com
www.qxw.ca
www.htpzs.com
cn-software.com
ufozcy.blog.so-net.ne.jp
marketgid.info
cctv3.cntv.cn
ww32wwe.688wt.com
keynote.co.uk
concealedcarryforum.com
lyx.xishui.gov.cn
www.aixishu.com
msinfo.info
senuke-x.info
independentvision.org
sh.pxto.cn
bikenet.gr
inregent.wop.ro
bathroom-rugs-and-towels.blog.hr
mcodiuy.ch.lv
kenyasafaris.co.ke
www.89day.com
liyuanju.home.jinti.com
calcuttans.com
www.sf690.com
barcelonarem.com
www.izhufu.com
bjsnjmqnxh.page.tl
geschehens.wop.ro
oynaoyun.net
vsedorogi.org
khanehmoallemqom.ir
bouilleurs.puk.ro
sexeo.pl
pet.yiwang.cn
kmd24.pl
186zt.com
yckeji.net
60dayworkout.us
unsinn.wop.ro
83er.net
jelentes.linkekneked.hu
www.fs-shunqing.com
vereinsv.wop.ro
ralph-lauren-shirts.net
pojebao.pl
www.00abcd.com
fibrochondroma.puk.ro
hureca.fr
www.andyfeld.com
electrozon.ru
www.podaga.pl
artphoto-site.com
electrorai.ru
sircliff.hyves.nl
verrichtetet.puk.ro
awea.org
www.sysyz.com.cn
www.84442277.com
gospel.nl
freshminds.co.uk
testsite-3.com
www.51kjpx.com
voltigeerde.wop.ro
www.csdz68.com
goller.wop.ro
fertigen.wop.ro
chelzem.info
ulorypa.prv.pl
braam.wop.ro
www.cor7576.com
www.florarie.ro
innovative.com
erklaere.puk.ro
hechishi.383845.com
gdzddq.co.sonhoo.com
www.michaelkors-outletcanada.net
rp5.hk
www.amigaimpact.fr
aaronia.com
7hab.nfdy.net
www.aszd.cn
wqlm.net
webmaster-forums.net
www.51saonv.com
www.fjqz110.gov.cn
prepa-medecine-pharmacie.com
www.nuonuobao.com
servidorcant.com
leben-und-erziehen.de
jubegraph.dyndns.org
twinings.co.uk
docizi.mil.pl
successtelevision.com
talent.czeskieporno.pl
erdbeerlounge.de
radio-magic-nights.org
linke-photos.de
esferaperfeita.pt
www.bdsm-sexx.be
easycommunication.info
tante-ju.net
www.wc93.4f9.org
playmediacompany.it
ugteuskadi.net
artofnaturalliving.wordpress.com
www.myffi.biz
spindelduerres.puk.ro
delavosecure.com
b3ay.210000.org
mobinfo.pl
fhpoyzsue.blog.mongenie.com
geotimes.ge
untrainedhousewife.com
www.657.com
uruguaygamer.com
iggroup.com
medister.info
www.mijue.org
remontstroyka.ru
vsmedia.info
pubkaktus.prv.pl
www.salejob.cn
goodsmileasia.info
patrickwagner.de
ksaler.pl
mille-et-une-tunisie.com
pifaputaojiu.taobao.com
huawen.qdao.cn
cqy5.com
mbdefault.org
grossiste-homme.com
start.sc
juegosxl.com
pictopia.com
manuallaya.com
www.dg-zk.com
fast-roam.software.informer.com
wealth-4-all-team.net
skeletaldrawing.com
w.all.gd
culxxxhd.info
www.163xxf.com
www.henaiwan.com
wsex.pl
frankfortballet.com
9pbs.265link.com
redonair.com
onrampbranding.com
www.dichlachuan.com
play67.com
allstudentsconnect.com
kotang.puk.ro
pilsacher-batzis.de
www.tnxc.gov.cn
focivb.lricsi.hu
news.e47.cn
beder.edu.al
pxnz.qiwen5.com
idbi.co.in
gameguard.co.kr
adventuresofaglutenfreemom.com
cla.imcsit.org
salpaste.puk.ro
enthusin.puk.ro