shutoshi.wop.ro
malezi.ir
skl.as
dealpeddler.net
t66y.com
njmbank.com
capriskye.com
yingyin.biz
huolibaobao.com
onesdog.net
monbudai.puk.ro
addo.co.jp
botairodahaz.hu
soundwall.it
job.dyit.net
betshow.com
nanjing.jzcn.net
samoe-samaya.ru
mahou.co.jp
sangariha.com
athoic.wop.ro
sitemap.3456.tv
steel35.com
rukodel.moy.su
bbs.libo266.com
www.qcypsc.com
b3.eduyoo.net
chrisfay.net
mariopartyds.com
koo4.cn
cccb.org
cmcic-factor.com
yoopoke.com
sexeo.pl
88ezs.com
squarespace.com
frontosq.wop.ro
diariodaparaiba.com.br
oodume.puk.ro
berlin-gegen-krieg.de
sweb1.com
www.excelhome.net
valuethe.net
foxchasebank.com
www.rfnc.ro
casecrown.com
viajes-club.com
kraftwerk.com
www.345qqq.com
decocre.com
lordgalaxy.ru
lyxint.com
maxunion.ru
avidaireportfolio.net
prisons.gov.sg
atlantahobby.com
www.ycgyc.com
mbunix.wop.ro
myfolio.com
230.pl
inccl.com
mc123.hamazo.tv
pf-engineering.com
www.qilef.com
eyetruth4.info
chicksto.puk.ro
extravertis.wop.ro
nudevirgingirls.net
thatshowimakeit.com
jinxiaqingsu.1168.tv
almagalla.info
vector-graphics.org
resawyer.puk.ro
sckbamesto.sk
chriscarouthers.com
hotelhighland.co.kr
creativeintensive.org
amymichleb.com
download-shakira-ringtones.blogspot.cz
senhaiki.wop.ro
taibaibsjiu.com
onaangedane.wop.ro
wowbigs.info
piowiec.blip.pl
ivmstore.com
spikes.wop.ro
webbr.pl
plessis.puk.ro
itkontrakt.pl
node13.vvvv.org
x-films-x.com
bjbfa.net
cablemodem.ch
centraljersey.com
sakalaga.wop.ro
www.ip1840.cn
suntran.com
tt1177.com
franciscocampoy.com
traveldifferent.it
www.zk93.com
pornmummy.com
seopmr.ru
d6ri.56dvd.net
www.agrointel.ro
fitnessproposals.com
shuangyashanshi.m69.info
www.aaa.lu
quadratwurzel.wop.ro
xixihuafu.com
charba.wop.ro
djad.56dvd.net
tarato.info
ai74.eekk.org
handylist.de
seikeibi.jp
fis.edu
kettingloze.puk.ro
www.0574fh.net
nicheforseo.com
mbe0.lizhidy.net
www.99.selang.com
cubus.blip.pl
radardirectory.com
2938.ir
quizfest.com
fliegfix.com
peridial.puk.ro
rebell.info
juancong.com
vade.info
www.cntzn.com
www.dvdmv.com
healthwomen.com.tw
studio4web.com
6668.hk
ukashadresi.com
www.gameswelt.de
gewinnspielverzeichnis.at
fietsten.wop.ro
applesandcheeses.com
deadlytunnel.info
kaikouit.puk.ro
s15hotel.com
infoakademie.de
mrup.265link.com
burirockclub.com
askmd.com
t-stile.info
nicorette.com
miseffec.wop.ro
directorysupport.info
babaaga.flog.pl
autoevenementnijkerk.nl
wsicorporate.com
www.clphj.cn
www.nengv.com
gxxinet.com
web-manual.co.uk
365108.com
dooropensgains.info
procuraduria.gov.co
office67.ru
lindahoodsigmontruth.com
cogito-paul.de
my-publication.ru
se208.wooee.net
helpdesk-online.net
bogoubeiyongwangzhi.info
intradis.puk.ro
klakt.puk.ro
kathleenorourke.me
tkadlubo.soup.io
nomakaed.puk.ro
racconte.puk.ro
ct8.pl
byelove.net
www.100m.hk
gabionok.hu
dbvh.hyves.nl
bitcode.in
eelly10.diandian.com
manhattanmortgagegroup.us
innovaphone.de
seawife.wop.ro
atka.xfree.hu
huoydq.78.cn
bookmark-icon.info
ototo.puk.ro
lakomski.natemat.pl
www.yc116.com
schildkroete.net
blockbil.puk.ro
fagidioter.wwwwww.wop.ro
makeyourtrip.info
vnt.net.vn
www.hnadl.cn
www.logoing.net
karate-club-puderbach.de
caska.digart.pl
d2ch.com
livesocial.info
www.17kdy.com
sparkasse-hochrhein.de
myjobgh.com
gethandy.de
summit-tsusho.co.jp
www.youai99.com
www.bmvb.nl
chaochui9.com
tambovestate.ru
www.58motezp.com
www.jstaisheng.com
ttjb.210000.org
emailreg.org
infogroup.it
266dy.com
mvm.si
www.nhatvietgroup.com.vn
465.cc
www.chinaviagra.info
futako.info
httv.210000.org
lebkuchen-schmidt.com
discomor.wop.ro
yhwc.me
golf-gift-ideas.co
vxsu.210000.org
i4.net
goumai.21hulian.com
mah.lu
calculadora.org
vkc0.265link.com
www.jhczj.com
greenparts.ru
www.ny913.com
www.lixingjx.cn
llt.msu.edu
yxbook.info
ln.dbqc.cn
frontpagefreebies.com
emoryathletics.com
maramuresjob.ro
stonehenge.com
ke-zhong.com
yourvirtuallibrary.us
www.920mn.com
www.xxbaobei.com
old.dg.gd.cn
www.comx.nl
yyop.nfdy.net
myindostan.ru
mzintna.com
geinoutanoshi.blog.so-net.ne.jp
yinlaotou.com
swagonline.net
47tg.lizhidy.net
antiracism-info.org
auzlink.net.au
mzt.zj.gov.cn
www.987aaa.com
www.dgsnjs.com
login.daum.net
cyzx.gov.cn
kaew.puk.ro
shignats.wop.ro
staralfur92.flog.pl
blogsquonk.it
altavaltrebbia.net
monrouge.com
www.jaii.de
www.rswebsols.com
economyaustria.at
www.netq.nl
cyborg-seo.org
shop.163.com
vqnxzimzsw.blogger.hu
bulkhead.puk.ro
ggd.gr
koblizci.net
trivvet.wop.ro
armstroff.com
woobin.puk.ro
newrider.com
iklw.210000.org
ashy.pinger.pl
www.hdqys.in
hvbeertje.nl
japan-tradings.com
www.2013lang.com
richardleggett.co.uk
kanitel.com.ua
edouga.net
mo.bizdirlib.com
egazety.pl
immerses.wop.ro
teacreate.com
sso.yofogo.com
moo-vees.co.uk
phpfogapp.com
buysib.ru
liangjiang.gov.cn
thrilla-pitbulls.com
pathname.com
sxd.cy3.cn
seafoodocean.co.kr
www.eroom.it
wojtek1.flog.pl
noblepen.com
opticalstorage.no
treadlightly.org
prawna.pl
ctds.info
96ppp.com
prontofido.it
socialnewsmark.info
ringreef.com
nadineundmichael.ch
www.blshe.com
seminarr.puk.ro
www.hsj001.com
www.mfu8.com
excellentscrapbooking.com
gjj.xlgl.gov.cn
market.yahoo.co.jp
spraajt.flog.pl
textkit.com
singledatinggirls.com
parini.wop.ro
cheese.gen.nz
semeuse.puk.ro
pitgam.net
directoryofeducation.org
www.123dbc.com
myrna.puk.ro
heiguteng.1168.tv
clearfox.info
dailyjokers.de
looseleafjs.org
atehenmei.com
www.essiw.com
www.dangdaiit.com
myssc.in
www.bj68.net
gamedb.info
ratonviajero.com
idoktor.info
legal-questions.org
otosata.wop.ro
darmowe-ebooki.pl
yalwa.cl
pdrcihaber.com
www.yx51.info
vindicia.com
isbr.in
gurkcity.de
poker.pmu.fr
skyte.puk.ro
szedmakintarzia.hupont.hu
tiratira.puk.ro
albertmoving.ca
pyvideo.org
www.dgsn.in
avstaar.wop.ro
topfatburner.net
bonifratrzy.pl
adiarts.digart.pl
herni.cz
kt.com.kw
zinicap.kr
my-mazda-3.ru
unifei.edu.br
fjrclh.com
jon2012.com
absolut-greece.com
bongofury.co.uk
leyicha.com
www.tvo.cn
vlc4.qiwen5.com
nnit.ru
bevin.puk.ro
www.xajygm.com
5qq.info
bhpf.78.cn
fitundgesund.at
unvizard.puk.ro
actu.wop.ro
zhidao.0-6.com
philadelphiazoo.org
buyyo.com
www.98765.cc
news.sina.cn
xg.110.com
indservers.com
iosapps.ir
sejunct.wop.ro
icecast.fr
meninblack.es
offersdb.com
speakers.ca
jjcreaciones.com
lvlianglingnanjiayuan.fdchs.cn
tskk.qiwen5.com
www.2212.com
www.huayuanstar.com
antisalooner.puk.ro
gzsamsungwx.com
interectory.co.uk
triomphais.puk.ro
www.urra.cn
metab-kyoto-u.jp
interture.seesaa.net
hairlossnyc.org
stringsmagazine.com
cun.jp
lurrede.freeforums.org
1628.cn
selfgrowth.ru
meteo-grenoble.com
wi-fi4free.it
hechoshistoricos.es
splove.tk
baguzajja.info
grainelevators.ca
www.lingdai.biz
porngall.net
dhre.210000.org
cyber-coiffeur.com
click.j-a-net.jp
hot-deals.org
hoking.wop.ro
www.seostatus.ru
afkrabt.puk.ro
horeb.wop.ro
conchajerez.org
intbranch.org
millakins.webs.com
orbis-shina.ru
rgc.ro
defendapack.co.uk
amoy.210000.org
voytekp.blip.pl
tyney123.deviantart.com
www.fda.gov
www.1stekeer.nl
thornlighting.com
genetics.ac.cn
yinsex.us
nimfomane.com
www.hrb108.com
websr.ru
city-map.net
jelly-beans.co.jp
msn2.me
sz.58.com
sous.wop.ro
lokalbolig.dk
hao168.cc
pbzcard.biz
www.ch.gongchang.com
arthouse.ch
qmdigital.org
chezfrance.com.br
paracelsus.de
exam.smf4u.com
boardstation.de
medjed.org
girecho.bloguez.com
rod.se
kasseler-cms.net
www.bbs0762.com
kilofun.com
jether.puk.ro
v.duba.net
www.qqq88.net
millsadvisorypanel.com
internetkorting.net
allthaishop.com
vistbpl.org
bbs.cnedu.cn
sovidigital.com
film.ylx88.cn
juno-flowers.info
schapeve.wop.ro
templateswork.com
e-conomic.se
mobi.phanvien.com
bravosdemargarita.com
tirmagazin.ro
porer.wop.ro
noithat365.net
italiaans.puk.ro
vastars.info
qqjiayun.sinaapp.com
www.chinaztt.cn
www.jj.jx.cn
khzw.210000.org
meida.wop.ro
2checkout.com
forsthofgut.at
xaad.com
sulysap.lap.hu
u88.cn
animalporntube.org
snowa.ir
bjp110.com
liveval.com
mxd56.com
cablemas.com.mx
selbstbehauptungsakademie.de
444274.i.tiexue.net
mycreditcardmatch.com
gods-of-darkness.eu
silentspring.org
guihuaxiang.com
bookmarkingonline.info
gojz.nfdy.net
mcdunn.puk.ro
ppcalasparra.es
www.trs.is
belijderes.wop.ro
gopsusports.com
rp5.ro
urlag.mn
uslakes.info
flash-gallery.net
hlbb.nfdy.net