signsquid.com
bip-e.pl
velolife.net
www.metapart.nl
tighar.org
sellall.ru
sociedadtecnologica.com
www.xfl.nl
bingsale.com
emnk.210000.org
netkal.org
www.mvvn.nl
digitalpig.com
fogma.co.uk
mtm.prv.pl
socialbookmarkingsiteslist.co.in
1.vg
acs.pl
perreaux.com
www.psyq.nl
dusha-loca.co.il
noewili.ch
www.orange-vert.net
5ukd.qiwen5.com
tk.99.com.cn
legrand.us
auiti.wop.ro
fzf.com
iniada.info
abzuloesen.puk.ro
qr.ly
sencillomartinez.com
gn-webdesign.de
www.wissen.nl
d3expert.com
yoimise.info
ce4z.265link.com
e-texteditor.com
www.animalsexdb.nl
www.dller.pl
dalethoughts.com
dihao9.9998.tv
certifyhere.com
babosarang.co.kr
eurobrokers.home.pl
2-get.de
nword.com.cn
citebeur.com
www.znjkw.net
cityclassifiedsads.com
tattoos-gallery.net
calcuttans.com
www.111jz.cn
chengshi5.com
utbv.nfdy.net
bbs.libo266.com
mytoysmart.com
traitimyenbai.net
spitoskylo.gr
558110.info
grandtag.com
kenbronn.wop.ro
acswebinars.org
bluegulf.7190.cc
indiapress.org
clubstats.co.uk
sde.org.tr
bookcity.ro
oehl.210000.org
yteren.puk.ro
foroderelojes.es
www.welnis.nl
mashhadsara.com
caoliugame.tumblr.com
everydaysaver.com
yo.tsyouxi.cn
buzzmystat.com
advsites.com
bekervor.wop.ro
affiliatebible.com
cxjyxx.me
bbs.mengnan.biz
nanpinglingnanjiayuan.fdchs.cn
kwaii.biz
tojedobre.pl
www.9423.me
fleen.com
openinitiative.org
reef2reef.com
54665.diandian.com
southpugetsoundimc.org
epity.pl
126s1.126slagle.co
anmo121.com
tetrane.wop.ro
88.beihk.com
interesjournal.ru
celebs.vn
optilocal.org
modelajeonline.net
iww.ca
009dh.com
hrbtianyejituan.cn
pixelmatrixdesign.com
food.ismedia.jp
5luv.qiwen5.com
blanko.prv.pl
www.mdan.cn
electrolux.fr
ai58.eekk.org
szsxhdsj7.cn.nowec.com
lunguwang.taobao.com
pwxt.net
asvl.hyves.nl
atlas.com.py
kidprintables.com
robertomata.ning.com
longchampsingaporeoutlet.com
higawari.co.jp
3h.ca
scriptparadise.info
www.cdjbqj.com
900dnf.com
fh-zwickau.de
01-scripts.de
bigtopbullies.com
epaule.puk.ro
chicosabetudo.com.br
jie120273403.51.com
www.fzkb.cn
spielmannszug-alfhausen.de
salesaccount.com
jdlaw.co.uk
authenticjerseysupply.net
byways.org
lgdxdl.com
misers.puk.ro
mallcrawlin.com
fleurdecafe.nl
pslc.ws
dpmag.com
articleshops.info
kilroy.se
cheapcalls.jp
campusconnect.ie
katalogaptek.pl
landscaping.co
jharia.wop.ro
edme.org.pl
dementia.pt
itour.com.ua
www.fujinfoods.com
ashookfilm15.in
www.voicetelecom.pl
porn-cum.com
nexis-forum.net
eistanz.wop.ro
syokuryo.jp
adreklama.ru
hiowe.wop.ro
soodo.pl
academyart.edu
hehaitao.66law.cn
prudential.com.hk
pinoytvi.cc
plusbellelavie.org
ecgorzow.pl
cuone.org
ga.igaz.org
www.mususkelbimai.lt
ivoz.nfdy.net
chinaz.com
blue-berry.soup.io
dandan.fyfz.cn
ccdc.nfdy.net
v4mk.210000.org
fasttrack.co.uk
fxegqypoa.blogger.hu
changyou.net.ms
sallaigyozo.fecsegj.hu
kommentvitez.hu
d3.52pk.com
gmailloginpage.org
artandtourism.it
mymetropo.com
decorativetileshop.net
ac-aix-marseille.fr
ibad.info
bluechopsticks.com
apeurer.wop.ro
rxpills.it
paatasaala.com
duffysmvp.com
dd5.eu
firstus.org
katlok.pl
www.enterdesk.com
wzt.9998.tv
unfemininity.wop.ro
pensacolahomeinspectors.com
www.tzbear.net
www.hk-event.jp
athensclarkecounty.com
minvakt.no
haibao.hk
cititrust.biz
darkbird.net
adufa.puk.ro
kravushka.com
ddh.9998.tv
homo.camz.nl
www.amaltdecor.ro
druckinjektor.de
1122.com
farog.org
hutech.edu.vn
acou.210000.org
inside-volley.com
janbari.tv
mature-retro.com
028qglp.com
clublebensfreude.com
stirlingrose.com.au
crcfj.onlinedown.net
businesshealthinsurancez.info
filmstock.pl
durchgezogen.wop.ro
www.toyo-ky.com
geroutin.wop.ro
cesarogcaleb.com
jhm.fr
brisbane.craigslist.com.au
planet.dokuwiki.org
www.ri1b.com
bullka.ru
bczi.nfdy.net
cotofre.wop.ro
iwfr.net
bjcenter.crtvu.cn
dj6h.net
fuas.cl
agrostoc.md
forgen.pl
deportesforo.com
animod.de
parfumo.de
addfun.ru
fmodia.com.br
jkeve.com
gxfq.265link.com
um.edu.mt
basket-boutique.com
www.zhuib.com
garten-literatur.de
ansus.de
www.cast.net.cn
dierenfan.nl
apprendre-bourse.net
smateria.com.au
444fang-d78.diandian.com
cq.bbs.jiaju.sina.com.cn
klokow-gmbh.de
notas-prensa-internet.es
mkgn.net
travsidan.nu
belanau.wop.ro
coffeela.gameclub.tw
caoliumaku.tumblr.com
paulhofer.wop.ro
gnnu.cn
j-hoppers.com
concrete5-cms.de
olderwomen.tv
scrabbleicious.com
cmmb.zol.com.cn
www.osrn.nl
tianzhubian.fbooks.net
www.bfi.org.uk
promujsiebie.prv.pl
baomuhr.com
ip.wkdl.net
propintelectual.com.br
bestdjsoftwares.com
miguelit.puk.ro
mkoziol.pl
adamtglass.com
allogamy.wop.ro
misfire.dk
a-spider.tumblr.com
hzuz.nfdy.net
cjp1509.atobo.com.cn
wunderli.st
cadeiratiffany.info
etcwap.info
soft-service.co.jp
dinweiqi.com
flamesofwar.com
muslimmillionaire.com
aihacker.wop.ro
begood.vn
sespack.5food.cn
punkshop.pl
500px.com
ithinkpanel.com
jesuitenmission.at
www.80sequ.com
grandislerentals.com
agora.pl
petsage.org
www.volthe.nl
beihaidc.com
qqaqlhoh.typepad.com
www.lhxf.org
alphaoch.com
tv5.com.ph
2days.org
www.igc.int
jerf.nfdy.net
bsnl.in
37138.cn
ardennes-online.com
lbhg.210000.org
gobuck.com
6ee.us
33ue.cn
ibuhamil.com
521me.taobao.com
afars.in
balbal.blogbus.com
repleto.wop.ro
hipfa2.com
bbs.alkin.cn
azerenerji.gov.az
itluren.com
exactaudiocopy.de
aota.net
rtys8.cc
garlicwo.wop.ro
people.clarkson.edu
gerincserult.lap.hu
www.nobco.nl
osimatou.puk.ro
versicherungsnetz.de
lanrenzhoumo.com
97.84474.com
limera.puk.ro
www.pacio6.digart.pl
masalatextiles.co.za
teiketusau.info
1serial.ru
propertyinvestmentgeti.info
gateuk.com
friendawy.com
nuevalandia.net
aidadomicile.com
1977199.i.tiexue.net
91adv.com
eluthu.net
baza-dziecka.pl
6hgf.me
flatta.puk.ro
loisirs-sport.com
77.gerconsnr.orge.pl
www.029wjj.com
hindusta.wop.ro
funbuck.in
seoleoju.net
racionalmente.puk.ro
eshko.kz
59try.com
autoscraze.com
exitmusic.tv
etbj.nfdy.net
dqz8.com
automobil.co.za
viet-studies.info
fehlanpa.wop.ro
rpgwars.pl
nisimago.puk.ro
csuglobal.edu
atlanticmedia.info
nettenestea.com
areticles.com
80rrr-725c7.diandian.com
papierz22.digart.pl
expertsender.pl
dlmibao.com
ledworld.it
lehrgaen.puk.ro
argixdirect.com
kyamites.com
moodle.tw
518wz.cc
amarin.co.th
cafe0707.ocnk.net
gazetabankowa.pl
smgzzq.78.cn
articledashboard.info
baima.com
bestdealshdtvreviews.com
abby1688.taobao.com
mercatinoannunci.it
clubpenguinphp.info
accountingresources.org
midiaville.com.br
mediajx.com
citynetevents.com
www.yiyi360.net
lasemainedansleboulonnais.fr
prazercemporcento.com.br
fau.soup.io
dotsonshome.net
e-shop.gr
366shopping.com
www.yzm520.com
canadiancoupons.net
businessemailz.info
www.sigi.lu
fukuda.pe
021dlwl.com
robitshop.com
bligg.co.cc
pojistovnacs.cz
gart-info.ru
jcwo029.com
cnfm365.com
bimmerdiy.com
calibreapps.com
insideaffiliate.net
freecredit-report.net
fascinata.blox.pl
6h28.net
karpmax.pl
www.h-u.com.cn
plattsburgh.edu
csmd.qiwen5.com
ignitephoenix.com
dotbay.info
sonicstadium.org
szinhaz.hu
ubuntu.cz
bedayaa.webs.com
37gogo.com
huainan.xinl.net
biziz.it
afteract.puk.ro
gpm.vn
an.pcgames.com.cn
come2nepal.com
taobaoc.om
vervelt.wop.ro
safemart.com
randale.info
linkdominators.info
ccl2011-cq.match.chinago.cn
protrept.wop.ro
www.vicc.zug.hu
naturallifedogfood.info
komik.cz
ruhekuaisufengxiong.soukeba.net
sp2.ro
secretsales.com
misreput.wop.ro
www.cntjzs.cn
baidu.55.la
linkswatch.info
www.99478.com
mwfotografias.com.br
blog.tkbbs.com
adascu.wrzuta.pl
www.coffeestone.com.cn
kochi.manzoku.or.jp
clusiace.wop.ro
dejting-experten.se
parcellaimmo.hu
aike01.com
moneyding.cn
jeans.pl
2design.be
technologie.blip.pl
partipressens.puk.ro
blue-kitchen.com
echoenduring.com
bambinodiapers.com
inryou.wop.ro
418.la
52guard.com
js.qpgame.com
curls.biz
office-taxi.jp
3zitie.cn
www.paoliang.me
moriseba.com
flasterventure.com
www.parisrecords.net
archemperor.wop.ro
ostriv.in.ua
realshows.info
almaaref.org
franc.wop.ro
emea.nl
bobidc.com
bronksik.blip.pl
teamstream.in
azfsi.com
lkht.nfdy.net
www.cnrf.info
dieseljones.co.uk
artisttrust.org
pixelworks.com
linkrock.info
axhu.cn
www.masren.cn
kumogakure.com
garmenttech.com.vn
5cp.tv