flamme.de
paula1609.pinger.pl
p-sango.taobao.com
www.fotka.pl
www.wanantouzi.com
nokturnis.net
www.nao.nl
www.1356net.com
winestar.at
www.hornsen.com
gbk.nl
tucsonazpoolrepair.com
universalmission.com
www.morahaza.net
www.ylagri.gov.cn
leistungsschutzrecht.info
jinyi.org
gespiese.wop.ro
www.zhenshengshibfq.com
mulatki.info
tophipno.hu
www.daqiaowaiyu.com
www.fooaoo.cn
andyn.blog.xfree.hu
www.arp.cas.cn
juriscape.com
wap.jkmrp.com
tiol.info
anais-apparel.pl
carseat-reviews.net
www.hmzwg.com
38searchengines.com
roumon.puk.ro
thuisbrachten.wop.ro
twrt.me
zopfig.wop.ro
muaythai2000.com
betriebslehre.puk.ro
nasial.wop.ro
u.xunzai.com
yixl.lizhidy.net
wellcom-ltd.de
xn--8ey7wer.holy.jp
www.sikistir.pro
gw2wiki.info
calor.taobao.com
photoshopstuffs.info
meteociel.com
vaxjokravmaga.se
cctt.biz
tel.ru
webidirectory.info
www.cqan.gov.cn
overuse.puk.ro
voba.info
33665.net
www.stpaul.gov
www.sh-jujiang.cn
gutscheincode.org
www.78844.com
xmzasc.qzone.qq.com
jif.com
www.koolang.com
tibni.puk.ro
xn--slgerlistk-t4ah.hu
vayda.wop.ro
www.55143.cn
wiram.wop.ro
tcnjsignal.net
utlab.ru
tdesign.tw
frugalistachick.info
xiuxian.sz.bendibao.com
job.dyit.net
www.tmmiao.com
freeprintablestationery.net
marketingtag.ch
emos.cz
www.sdguoluguan.cn
slot.wop.ro
www.wyqqyx.com
haoeh.com
wacher.wop.ro
home.pl
randale.info
grupoarmados.info
www.cufedu.net
www.im286.cn
www.wzhy.gov.cn
krytykapolityczna.pl
mvprs.org
www.anovi.pl
www.starbaby.cn
rzsbt.fecsegj.hu
tinysex.org
pornjab.com
dsfc.net
www.chinaqphy.mobi
tu.61578.net
www.9-du.com
angeln-in-luebeck.de
1388gf.com
subliemst.wop.ro
www.444za.com
download-french-montana-ringtones.blogspot.ca
articolista.com
www.guangde.info
gamblersdir.com
truetravellers.org
warrock-stats.com
nwso.net
www.nhdy.net
myrock.it
onetv.vn
turkcell.de
scenalinkow.pl
fett-overkill.de
www.qlxf.gov.cn
pantegjeld.puk.ro
www.aisedao.com
nuss.56dvd.net
humyai37.info
royaldesign.se
www.hncq.cn
www.tongyise.info
magdikezimunka.hu
vray.info
www.xingshang8.com
sd.be
purezendentistry.com
www.182tv.com
ruxianjiancy1.1168.tv
www.timeoo.com
www.emoed.net
windowsphoneapplist.com
uwebdir.info
realidadscans.org
www.comdi.ru
www.janula.it
dbox.cn
smashbucks.com
haskovo.info
yume-light.com
hh.cn
www.ha666.com.cn
talao.flog.pl
lakierowanko.info
australiansuper.com
restsuperannuation2nn.info
piccirillo.info
ezpaydayloansxm.info
huntermwr.com
www.ycie.org
sklep.tvp.pl
blogrepo.net
sophiab.de
xxxmbb.puk.ro
yeniodev.com
deploiement-fibre.fr
progbook.ru
14144.tk
szjxhy.net
the-soho.com
www.97mmw.info
nod32id.org
tbgdigital.com
www.muslimin.cn
molon.de
www.sjqwdk.com
starcraft.md
suministrar.puk.ro
pf.pl
kepert.euwww.wop.ro
nengy.com
celfo.wop.ro
hipne.puk.ro
sls.wmw.cn
sundaygrocerycoupons.net
wdj.zhihaole.net
satellitedirectsoftware.tk
ravu.soup.io
klogs.org
ychol.com
przyroda.org
sceneemo.video.xfree.hu
yp.com
tribolat.puk.ro
residenciahps.com
justhoop.net
www.bmvb.nl
medicshops.net
trimtex.ee
yyes.qiwen5.com
hz.zgzx114.com
www.yibin.cn
seksvkontakte.name
www.qingdao95.com
bbicxsww.freeblog.hu
sorozo.cgr.hu
lvdv.nfdy.net
bbs.neoimaging.cn
lvvv.k3y3.net
www.souu.org
osx86.es
www.dianhua.la
www.wangzhuancaifu.com
drukon.pl
www.ubuntu.org.tw
pollydiversao.com.br
www.tocnoto.si
www.dnf989.com
vpsinn.pl
www.fujinfoods.com
mt6.tracharvz.osa.pl
www.sjnz.org
deon.goedbegin.nl
seo-toy.de
qq772993307.41583.cn
rockpiercer.wop.ro
www.oo8.org
seamanfan.com
dsjyj.com
www.kadinresimleri.net
383960.com
fanfan.com
www.ea-spring.com
fabiolahanna.com
www.sz-gcc.cn
slimcd.com
rochester.edu
shinrin-koen.go.jp
robertadzema.com
ofertyrzeszow.pl
presubst.wop.ro
nudedutchcelebs.com
ritzybingo.co.uk
521tibet.com
bjy.pl
sacrednezeb.com
tkmj.net
www.top666.net
zetas.puk.ro
laplataurbana.com.ar
aeminpu.com.ar
pkkl.nfdy.net
szdzwj.com
www.all-list.cn
livret-placement.fr
www.hfamen.com
s.zjol.com.cn
zandw.taobao.com
www.suiyichong.cc
sovidigital.com
recept.lap.hu
bohandn.com
tybjerg.info
drimys.wop.ro
annursyuhadah.blogspot.com
pinnacle.co.za
xxm.me
acua.ti-da.net
beteem.puk.ro
www.chweic.com
zthfit.com
jcw029.com
www.thaihung.org
tribunemediaservices.com
servcorp.fr
www.hutier.de
tubuzz.com
fb.me
www.svsd.cn
twentj4.ch
jubegraph.dyndns.org
pang.soup.io
poults.puk.ro
codersbarn.com
michellmacaron.jp
igyvezetunk.hu
www.125jia.com.cn
zambotto.free.fr
ukbest.net
signmall.jp
edna.cz
www.pilotmagazin.ro
linktransfer.info
agattiislandresorts.com
heelvlee.puk.ro
www.1888i.com
wardata.cz
cddv.fr
filtraie.puk.ro
mosti.gov.my
vannonces.fr
qrhq.nfdy.net
wrokt.puk.ro
shimadzu-techno.co.jp
moery1314520.feiclub.net
www.ulsj.com
wysc.info
one.cz
dy8.me
znakisudby.com
www.qvod163.com
mrd.hu
mjbh.k3y3.net
womo.jp
colegiowaldorfcali.edu.co
skiny.com
zjg.gov.cn
licnioglasi.org
zansu.com
svalna.puk.ro
klaire.fr
sortesokker.dk
www.aoy-4006.com
famigliacristiana.it
ymmf.hu
usc.edu.tw
allo-internet.ru
dailygamecock.net
uppic.org
game.mop.com
amadorwa.com|chris-ensoll.com|surroundreceiverrevi.9see.info|www.olx.com.sv|www.renticd.com|aleksandra1.flog.pl|www.138fp.com|www.oov.pl|bbnj.nfdy.net|khamta.wop.ro|tortellini.hu|www.wens.com.cn|fmq7.nfdy.net|webgarden.com|janjl.deviantart.com|www.7898989.com|www.04baidu.com|www.xmrsd.cn|menudirect.com|parishcreations.com|ulusahizmet.com|prsorgulama.org|www.jianfei.net|www.rts.fm|huaiyunqiandezhunbei.bb-house.com|fotobanda.com|glaent.wop.ro|anthonyackroyd.com|bioon.net|cpugjbxvci.blog.mongenie.com|www.158mlt.com|aagamas.net|www.luhacovice.cz|www.joojd.com|setools.cn|ieb.be|jphkywgi.skynetblogs.be|www.ldd6899.com|sankygz.com|dreamworld.goedbegin.nl|bbs.hkvmv.com|www.xxx93.com|www.qg-knives.com|aerialarts.deviantart.com|kzaa.nfdy.net|www.714302.com|gs.mbzl.us|vq5o.k3y3.net|www.ttky4.com|www.dcvg.cn|gascaquintero.com|www.hxtao8.com|affordablehealthcare-1.info|churchofchristehr.com|kamban.in|pan-yu.net|www.cntianxin.com|www.lmmw365.net|utorque.com|www.dywtx.com|www.shszc.com|www.dbxigua.com|www.bsyjfc.com|tumen.mk.ru|pagestat.com|www.qiangren.org|www.baimao.com|goodartanimation.com|9yin-vvoniuu.com|www.tsyouxi.cn|www.cnsummit.cn|www.zhenxingo.com|www.djdmy.com|ranking.pk|cigarettes.typepad.com|actresssex.a-maturescam.com|plsearch.com|escaparatevisual.com|adminunion.com|www.hnzyxx.net|htqc168.b2b.hc360.com|qianjin88.gitom.com|www.leica.org.cn|www.asianhugecock.com|dazs.66law.cn|19qq.hk|wap.tudou.com|www.szhq.com|www.twspg.com|valu.cn|szoves.lap.hu|wordpress.com|digital.orf.at|www.4006848085.com|bbs.sqfc.cn|ftpcdn6.r633.cn|www.szaaa.com|www.liswl.com|www.sjhfs.com|24xxoo.com|www.babaw.com|www.kkyxw.com|qdlwt.cn|fotbalstudenka.cz|gytq.nfdy.net
knoerrspezialholzerei.ch
betuigt.puk.ro
orsys.fr
mei.fm
pzsnow.pl
schoolofphotography.com
www.mhysh.cn
tehanu.cba.pl
ya-medik.ru
grottacontinua.org
www.tk988.com
www.wdzj.net
train2drive.info
www.iguru.cz
yihaoquan.com
www.cuitreem.net
m-2.info
www.inlemon.org
noorin.net
ylqq.nfdy.net
aftensolens.puk.ro
bestads.tv
lply.net
bestelectronicbook.3ji.info
www.7alu.cn
bestfreedirectory.net
bestkatworld.info
closeouts.puk.ro
bestnewslinks.info
szande.com
bestpicturesof.com
bestpropertyinvestmentseminarsm1vl.info
bestseobookmarks.info
craftserve.pl
bestuff.com
bestusbharddrive.3qa.info
bestushotels.info
top.togra.pl
katbol.puk.ro
besuchen.puk.ro
bet.com
bethesignal.org
bewaste.puk.ro
beweiskraeftig.puk.ro
www.zjxc.gov.cn
bewerbendes.puk.ro
bewerkingen.puk.ro
beyond.pl
www.le-colibri.net
beyondtreasures.com
bhwap.net
bianpinyo.com
bianxoo.pinger.pl
megafonmoscow.ru
bibitory.puk.ro
s10.it
bibiwang.net
vaniinstitute.org
biccywiki.org
carenkaplan.com
carpi.mo.it
acijoso.puk.ro
carreleurs.puk.ro
cartmaster.puk.ro
cartoon.chinadaily.com.cn
www.dhx.com.cn
cartownforums.com
cartridge.co
carysma.hu
cerago.wop.ro
cewekcantik.info
cheapshoesforwomen.org
blitzmagazine.ro
uhren4you.de
chipmunk.puk.ro
chiromys.puk.ro
poradapodatkowa.pl
chisey.jp
chiuders.puk.ro
chlastmetr.cz
cinematical.com
southampton.ac.uk
circololettori.it
cirquenchene.ch
sti-omsk.ru
cla.imcsit.org
clairaud.puk.ro
www.newlott.com
clanptg.co.uk
clean-eating-diets.blog.hr
www.jsya.cn
clemson.wop.ro
click.dtiserv2.com
clickany.com
www.palms.com
hostedexchangez.info
clipart.software.informer.com
clydeeeraq.blog.com
communitywebs.org
tokyofrontline.jp
coolpage.biz
cosechadel66.es
mandatet.wop.ro
crackedsky.com
cumonsskin.bloguez.com
danieltarditti.com
ipeer.se
deef.pl
devis-mutuelle-sante.net
devlinlove.com
taninsih.puk.ro
dished.puk.ro
dnf.plu.cn
dnflf.kickme.to
dngood.blog.51cto.com
dnsalias.net
domainregistration.com
domigst.puk.ro
domoore.org
www.8shaoxing.com
donai.com.au
donator.puk.ro
donga.puk.ro
iita.org
dongbeijiancai.com
dongmanmingxingdalua.3199.cn
dooanime.net
www.gzrinnai.com
jc6.us
doona.puk.ro
doprmbpj.typepad.com
northrob.wop.ro
doubt.puk.ro
douche.puk.ro
doucine.puk.ro
douketu.puk.ro
e-hentai.org
doukishi.puk.ro
chocolatepoker.hu
dovrei.puk.ro
dowcet.puk.ro
sukebelinks.com
down.newasp.net
down57.net
www.mnrpcv.org
downey.com
utakkb.net
download-50-cent-ringtones.blogspot.tw
download-akon-ringtones.blogspot.com.br
www.kyrsh.net
yourvirtuallibrary.us
speleorovers.org
download-drake-ringtones.blogspot.ro
www.valvesoy.com
ijktkeyo.blogger.hu
mangf.com
www.cjhj.org
pogotowie.org
download-kid-cudi-ringtones.blogspot.co.uk
3749.210000.org
www.keep.cz
ezable.myshopify.com
recordcollectorsguild.org
wgh.100hg.com
www.designonly.nl
upload-il.net
download-nelly-ringtones.blogspot.com
mujka.ca
bookmarkin.info
ozdm.265link.com
download-trina-ringtones.blogspot.sk
www.shafa021.com
download-tyga-ringtones.blogspot.com.ar
gwizdek24.pl
pizzamester.hu
sleazz.com
wikipowell.org
download.hvacr.cn
99bill1.com
www.lyyx.cn
club.comment2.news.sohu.com
kepa.flog.pl
gotowebdb.com
hizx.net
logoorange.com
jerseys-mall.us
fisolution.de
oucdbsbsx.blogger.hu
shturman.info
doyau.puk.ro
dqoltkixb.typepad.com
qdreams.tv
dr-rath.de
dracma.puk.ro
websiteranks.info
draes.puk.ro
dramsoyport.bloguez.com
roadtotheroses.com
dreamcatcherballoons.com
dreamed.puk.ro
www.cnna.cz
dreamflystudio.webs.com
dreamstreet.hu
manualbookmarking.info
dree.puk.ro
dreiwoec.puk.ro
ikworks.jp
dremasilesia.pl
dreunt.puk.ro
vcu.com
dreven.puk.ro
drfrankrwallace.com
drijft.puk.ro
nanamizuki.info
drinkt.puk.ro
drobniak.pl
dryad.puk.ro
dryck.puk.ro
drypa.puk.ro
insurabi.puk.ro
dryrun.puk.ro
ds.778ktv.com
dsfsere.r.gd
zyciepabianic.pl
dssdztar.blog.mongenie.com
dstcentral.com
infoznanie.ru
dtxie.com
duancui.eju.cn
humanfactors.com
dubb.9r.ro
eesdh.com
duberly.puk.ro
duck.hu
ducts.puk.ro
constantinum.hu
dudolf.puk.ro
duecha.puk.ro
duffie.puk.ro
www.binger8.info
dufloth.puk.ro
dughi.digart.pl
ilovewebgame.co.kr
dugite.puk.ro
dui-nh.info
tsurugashima.lg.jp
duivex.pl
dujiala.com
selecta-multimedia.nl
dukket.puk.ro
dully.puk.ro
visby.pl
dumaki.puk.ro
dumhed.puk.ro
termalfurdo.net
dumne.puk.ro
dunakanyarhaz.hu
andeug.com
dungbeetlemania.newsvine.com
dunki.puk.ro
eqwlrqezi.blog.mongenie.com
thalliou.puk.ro
follado.puk.ro
worldsoft-oasis.info
forc.wop.ro
fujyo.wop.ro
lithosol.puk.ro
hepajon.hu
telraam.michisat.wereldre.zerschlagen.schuifdeur.wwwwww.wop.ro
hepdata.cedar.ac.uk
herbal-diet-aids318.metroblog.com
djpaulyd.deviantart.com
herbal-skin-cream21.proboards.com
houqiu.com
huyuanjiadrmj.1168.tv
jeepstercommandoclub.com
smbc-consulting.co.jp
kissyui.com
m.55128.cn
olivetree.com
mankaen.jp
manpower.gov.om
manylink.info
www.udun.me
maochenwen.com.pl
maratona.it
mashh.hyves.nl
1516.eekk.org
masumizu.puk.ro
assoda.wop.ro
mensas.wop.ro
mgyj.info
tmeqankjzjno.blogtrue.com
mlongines.com
mountainbuggy.co.nz
www.5917me.com
moviecolors.net