aronet.ro
artinpoznan.pl
artsofunderstanding.org
epracticesolutions.net
nanzu.jp
www.avbo8.com
iranlinker.ir
www.007ar.com
www.jkjf01.com
seafoodocean.co.kr
artlabsuriname.org
adminerelle.de
emporda.info
contra.fad3.net
unribbon.wop.ro
i-rent.info
diyitime.com
kamairicha.com
bibisfashion.com
www.dplly.com
jellar.soup.io
www.yrhq.com
munich-nightlife.net
oren.mk.ru
www.123dbc.com
ilromanista.it
eeds.focus.cn
gardaglobal.com
fepese.org.br
www.caipiao.vc
yuxp.210000.org
resourcerecycle.net
concursosprevistos2012.com.br
depg.210000.org
bczi.nfdy.net
www.uy777com.info
www.dhgjzj.com
bukmark.net
trustpower.co.nz
premiumarticles.info
avavx.com
as110.com
horizontprint.hu
www.xhiz.4f9.org
onsgenoegen.tk
shop63788365.taobao.com
ede.soup.io
kizetu.puk.ro
www.7788zy.com
zhangmuliang.t.sohu.com
www.liuxia8.net
www.sososao.com
enjoygame.at.webry.info
www.tygo168.com
galofrito.com.br
philadelphiazoo.org
www.4tech.vn
0760rc.com
3mbz.com
makeet.com
aleksandrrud.ru
rixz.210000.org
danielanonim2.wrzuta.pl
newsvo.ru
www.dvd6.us
asha-multimedia.com
yase.wop.ro
guihuaxiang.com
greenfemme.info
kickitright.com
artevoce.com
docchieu.tk
tadanohito.net
pelleteu.wop.ro
www.139ee.com
pneumat.com.pl
lost.lap.hu
psi-lcd.com
bpmstudios.com
trnty.edu
darmowe-liczniki.pl
at-internship.com
settl.zugspitze.amorism.wwwwww.wop.ro
www.tvo.cn
3ddw.com
www.storedisplaysfixture.com
digiguide.tv
www.njbanjiawang.com
miapic.com
zzu.cc
bestanekdots.ru
thesocialscenemanchester.com
tvjerry.com
philippheltewig.de
jerpa.wop.ro
fullfastonline.co.uk
www.rcreal.cz
a.9game.cn
buxinfozone.com
klikki.com
mittravel.com.tw
creditdevice.info
gotosa.wop.ro
soniccouture.com
primetimedigital.ca
jcyo.265link.com
www.vtnoe.at
persiandvb.biz
on-mag.fr
azindex.info
bodas.com.mx
parrislane.us
txrl.qiwen5.com
www.ppoa.org
www.av43.com
thesiracusas.com
ebillme.com
65kkal.ru
territoriodd.com
xincaile.com
www.nen.cn
www.kwiatyozdobne.pl
ccftn.com
disquiet.puk.ro
firmamargo.ucoz.ru
gevaarte.wop.ro
jarig.wop.ro
www.saisoncard.co.jp
jcwo029.com
midweste.puk.ro
teflteachthai.com
www.ythongyao.com
partydeko.de
www.xcy8093.com
tojedobre.pl
www.93df.com
vegas.by
mentaurus.de
download-pitbull-ringtones.blogspot.tw
agoniseraient.wop.ro
www.chaofa.cn
agoda.web.id
isvor.com.br
www.2tof.4f9.org
ble.de
betmixers.gr
modelistam.com.ua
hotbusinessesonline.info
ssrc.cc
wmcity.nl
quickbr.cn
www.vitrina.ro
godmother.fecsegj.hu
ntt-kstd.co.jp
bjp110.com
www.its8.com
www.jbteens.net
cengroup.vn
saeed1390.blogfa.com
tendevan.puk.ro
mssb.lizhidy.net
xy.58.com
mx007.com
live-pr.net
skylanders.com
inandaround.ie
rangel.wop.ro
distributedcomputing.info
plena507.com
www.dehua.net
machikog.wop.ro
misterfun.gr
baima.com
unpronou.puk.ro
sh-haoku.com
www.lkrc.cn
sviderski.digart.pl
www.ymgu.com
www.ahkbaby.com
jl.wasu.cn
www.mdldc.net
www.dcsw007.com
planasia.com
shaoxing.baixing.com
www.chuigejahu.com
maties.com
gci.org
jzidanyinx.1168.tv
stoney.cn
betroffenheit.wop.ro
manddiel.org.pl
www.lse.ro
aanga.puk.ro
ucf.edu
noushi.puk.ro
www5.cathrin-kilian.info
www.mfsfq.cn
kde.hu
depurai.wop.ro
zst.cp.360.cn
appu.corrigio.tiratiros.bewegliche.screenwi.wwwwww.wop.ro
pushab.wop.ro
www.fge.pl
bjxdqlddcyxgs.diandongche.biz
web-104.com
mike-wallace-black-shadow-jersey.ppenk.com
498h.net
netcredit.pl
autonom.pl
avvisare.puk.ro
islickmedia.com
www.ykp.gdynia.pl
raimundos.com.br
trekweg.puk.ro
paginaoficial.org
www.258www.com
whatisyoctothinking.tumblr.com
coolblades.co.uk
rollpix.com
www.taian.gov.cn
dejunia4.wrzuta.pl
www.yeizi.com
www.xinfeishop.com
lrdi.nfdy.net
www.2paike.com
www.hhaavv.com
fclinks.info
21use.com
www.xingongye.cn
www.rngyp.com
chinovalleyenews.com
hansergardner.com
huolibaobao.com
land.mv
tshirtonlineshop.kele55.info
szkb.ch
www.55sqz.com
ricoh-support.com
mulherdeclasse.com.br
trocavisita.com.br
mxcms8-cms.maxeline.hu
yxr123.com
www.fk03.com
hsbc.co.mu
assaggi.it
intrag.info
imgh.us
applezein.net
uky.edu
motywy-literackie.pl
www.dengshan58.com
wangmeng.baidu.com
www.sh-zjs.info
zzlm.cn
toolsxl.nl
jindeli.com.br
thejeep.co
594188x.com
www.erji.net
www.7bobo.com
kaptajn.wop.ro
www.pcmac.com.cn
coroanamarostica.it
www.maya-nail.com
www.jixilyw.cn
ysgod.net
teamsideline.com
amway.gr
mercadoprofesional.com
midmad.blip.pl
www.k358.cc
faspnet.com.br
cnota.cn
eservebpo.com
downloadphanmem.com
vmeme.ru
www.sdxwgg.com
axiba.info
www.codepub.com
stylebook.pinger.pl
calgarysystema.com
zzaiqc.taobao.com
coronaforums.org
poets.org
www.guanli13.com
suchlexikon.de
maxikovy-hracky.cz
medvehaz.ro
ericprogram.com
www.topbaobao.com
41qb.nfdy.net
kyrion.in
miao11yong.fyfz.cn
wersad.info
incometaxindiapr.gov.in
frassest.puk.ro
www.78mv.info
tamicos.nl
livetop.mobi
www.katechizmus.sk
planet.dokuwiki.org
belyegek.hu
diy-forum.net
denotationeel.wop.ro
salsainfo.pl
w691.com
v63.info
5iipad.com
www.rsvp.com.au
angr.210000.org
www.fijten.nl
twittown.com
a.chip.jp
ninjawebsupport.com
enpalermo.com
assurera.wop.ro
bernthaler.at
ardeblog.ro
abhagate.net
lsatwin.net
dpmag.com
www.eoeog.com
mntp.info
medecinsdumonde.be
ornithologie.net
demon.net
www.foqu.cc
tmbam.co.th
xphoz.com
alcalahostal.com
chickenmonkey.webs.com
9.atvtm.info
yubibueoukoku.ti-da.net
wrasse.wop.ro
plusxplus.co.uk
inway.su
www.51baidusao.com
www.xqjjw.com
interz.jp
citydomain.com.ua
ktina.video.xfree.hu
solidt.puk.ro
verzamelgids.nl
paluuuszek.flog.pl
assimocoassicurazioni.it
www.zj8886.com
www.czfa.pl
www.hbkbl.com
progbook.ru
dasar-seo.com
ces.edu.co
articlesites.info
mjbh.k3y3.net
dfs.se
stayhard.no
www.yuqiren.com
jammukashmir.olx.in
bryci.org
foundthemarbles.com
kraktilbud.dk
www.risaobi.com
besoffen.puk.ro
www.casavoguemariage.ro
kypi-deshevo.ru
xxxz.nfdy.net
radio-blue-monster.de
enviers.wop.ro
tinhoc2.net
dari.kz
huangpeng.com
efanghua.com
www.rockmetalshop.pl
web787.com
guidinglighths.com
stupidgifs.com
www.sedianmi.com
plerb.com
www.contrepoints.org
chokuyus.wop.ro
tedz.nfdy.net
3gmt.info
tito.blip.pl
enemalta.com
objektiveres.wop.ro
peyamner.com
cartownforums.com
hitachi-nico.jp
nyanya00.xfree.hu
zoecarter.com
hkab.org.hk
www.aihanhd.com
mantv.co.za
csco.210000.org
sjjx.wgwgw.net
itidaizi.puk.ro
266k.net
totalgamingnetwork.com
getours.com
www.dxcbs.net
picklehe.wop.ro
news.8hy.org
www.srgd.ch
guianet.com.br
joomlatemplates.info
www.5917.cc
instintiva.puk.ro
furiafilm.com
www.59ii.info
www.ay303.com
www.woaisheji.net
doska8.com
nlio.nfdy.net
www.125jia.com
www.lovetao2327.com
www.cveen.com
certech.co.za
dfcc.nfdy.net
www.omga.me
wiki-whoseline.pl
tenagusa.puk.ro
www.btt.so
timepost.ru
kostengu.wop.ro
handsonlycpr.org
ryancollins.me
pkmn.nfdy.net
foliating.puk.ro
xnxx.osc.pl
kaligrafist.info
www.npbbs.net
naabd.com
lilaboguta.digart.pl
mrpizza.jp
tiske.puk.ro
sittes.hu
netkuponam.ru
www.piaolianwang.com
lovivip.com.ua
akamaitechnologies.com
gojy.qiwen5.com
5dy.181.net
atvo.it
volgograd-trv.ru
www.bbstoday.net
thyrocol.wop.ro
www.guilintravel.cn
my91lg.co.cc
bankgesc.wop.ro
top-hentai.eu
olympe.in
www.quiee.com
aduni.org
r24.hu
ocnmap.goo.ne.jp
lindenheuvel.nl
zsc.ysu.edu.cn
nrcstd.org.cn
www.hbzx.org
253.pl
howmuchdoeseverythingcost.com
empathyholistics.co.uk
xn--80afqvkbmny5g.net
eezeedata.info
dandyid.org
gitampramana2k12.com
c9.uuu9.com
gesamtvolumen.puk.ro
www.079dj.com
craigrogers.co.uk
cp5p.net
einpraegsam.net
52.ooohoh.info
e-generator.ru
buzane.wop.ro
chroniknet.de
911sese.info
wweec3.066p.com
paste21.info
tayyareci.com
tz7b.qiwen5.com
www.89item.jp
wood-china.org
www.jiusepian.info
moip.gov.ck
ciftcioglumobilya.com
headway.pl
gruppocoin.it
chaosu.tv
audreys.de
www.18xxmm.info
www.erc.ndhu.edu.tw
uci-rocsa.com
www.haemul.info
ybnews.cn
ncehome.com
juukaku.puk.ro
panzio.szallas.tisza-to.istenhozta.hu
jwkd.nfdy.net
wolfram.org
tvptv.com
pmoblog.kr
betterproductadvisor.com
tutorblitz.com
quiltinaday.com
npxyp.net
by.yoher.com
www.i8i8.com
commoditytips.in
wohlangebracht.wop.ro
doskipartner.ru
hotmial.com
triadadom.pl
falkep.hu