lassdiddli.tigblog.org
kifle.wop.ro
radio-dreamfire.de
imod.pl
nalc.org
ytzx.net
wenchao.info
glyphs.gardenweb.com
fridaytrafficreport.com
odsiebie.com
raimundos.com.br
perv.puk.ro
uino.gov.ba
maryam-amirhosein.blogfa.com
pariera.puk.ro
www.yyy78.com
hbyixian.678114.com
sisisky.wop.ro
denisboudreau.org
befsztyk.pl
www.wzhu66.com
hackinguniversity.in
monrouge.com
efile.com
songline.jp
www.eassy555.com
pay.com
www.smnet.com.cn
hklny.taobao.com
salitpa.wop.ro
sexgazetka.pl
www.king-machinery.cn
paulissssia.flog.pl
www.887a.info
donothingptc.com
cio.cxo.pl
sepermuta.es
www.zsxy.gov.cn
nakedwee.puk.ro
www.ruta-inka.com.pe
prxk.info
www.mozielozetes.hu
mariancb.digart.pl
mobiledevicemanagementz.info
powerhousegym.co.nz
gopal.puk.ro
www.fk03.com
inconcert.ro
cccbbb.cn
www.android-x86.org
www.baijiale8888.com
www.souf2000.com
www.massys.nl
9darts.net
treebu.eu
www.chiktat.com
sakima-kiwidinok.nl
www.chinayasheng.cn
autonomoscampodeborja.org
xijm.210000.org
extragasmileage.com
my2-i.blogspot.com
xtremedir.com
www.mimi948.com
litsfdgqs.skynetblogs.be
funattick-textads.info
retrocollector.org
52xfwan.info
bollywoodfanatikleri.com
www.js-bearing.com
seexxx.mobi
uspystore.com
hogyancsinald.hu
futbo-en-vivo.info
www.tao73.cn
western-hindu.org
wttw.com
stiddy.net
zoover.com.tr
jeep.org.pl
piazza.wop.ro
brookfieldofficeproperties.com
witnessthis.co.za
arabel.puk.ro
ssnet.ro
www.zgshexiang.com
shitagi.org
malayalamfmradio.7wx.info
www.hcjyet.com
onefrugalchick.com
motortrades.co.uk
drukon.pl
vpzfdirer.blog.mongenie.com
meridianrealty.co.za
cadpaui.com
tidore.wop.ro
iwasaki-bei.co.jp
pozytywna.pl
volgograd-trv.ru
zoran.flog.pl
nguoibanhang.vn
narayun.jp
z274v.db3388.com
unba.qiwen5.com
poloniasf.org
mahindraxylo.co.in
attaka-navi.com
budakbotak.com
fertighaus.de
www.idomi.pl
www.aukcniweb.cz
englisch-lehrbuch.de
www.sdxinda.com.cn
www.913av.info
nwmh.210000.org
nailzone.com.hk
oldenglishinns.co.uk
serg1o.com
sanmingzuijiaxifang.fdcez.cn
luyenchuong.com
parhikuni.com.mx
hbhospital.com
www.gzwxdsaz.net
erntender.wop.ro
gozs.qiwen5.com
assicurazioni-auto.quattroruote.it
www.jsjyt.edu.cn
newepicmedia.com
ranketing.info
adish.info
regalospublicitariosm.com
onlinerecnik.com
www.fcdbz.gov.cn
xzfll.com
sacdivino.org
heratpaper.com
amidprivilege.com
doseng.org
comeamoy.com
pacificislandersclub.com
odnoklassniki-under4.info
www.szhxtj.com
preisjaeger.de
webmirable.com
imagefortress.com
www.400tao.com
sunsweet.info
infohome.de
www.1dxh.com
hunxiaozi.com
jatimprov.info
www.ty036.com
www.kralupy.cz
plantillaswebgratis.com.es
marcia.edu.pl
www.8118.com.cn
sz.454.cn
job.dyit.net
hdwill.info
ucbe.eastzone.net
viewdns.info
megaplayer.info
mqy5.com
wmboard.net
www.mmmjk.com
revish.com
52xiezhen.info
emblombrennyfuneral.com
dibs.se
imgwykop.pl
dimoqrati.info
pjs-place.com
www.rebecalinares.net
buyu.qiwen5.com
humor.li
sv.epfl.ch
www.iscygnus.cz
wikisky.org
www.wizard101.pl
www.ynxymy.com
chelsea.co
capturenx.com
blog.soufang.com
teflengland.co.uk
ubhonline.com
www.youngd.cn
ruanjia.com
parts2go.de
artel63.ru
bth.78.cn
www.gelegao.net
myrank.cz
fanchi.iteye.com
www.swsc.com.cn
www.tao011.com
ocs.pbs.org
stevebarker.ca
mifan8.net
forospamloco.net
snowplaza.nl
softwaredistributionplugin.com
xyeyy.com
www.chinahktd.com
www.dracidoupe.cz
websitegegevens.nl
fjea.210000.org
sparrenarren.hyves.nl
ronaldmeijer.nl
das-motorrad-blog.de
www.fogolu.com
webhostingbiz.net
www.lulingzi.com
okostelefon.info
wa5097.allin99.net
lasxlo.wop.ro
barbarossa-studio.com
revegetate.puk.ro
gayassworld.com
skolepik.puk.ro
rawtournaments.com
html-color-codes.info
fivergigs.co.uk
readopte.wop.ro
www.caea.gov.cn
lakubgt.com
mokablog.com
good-workouts.com
correiodopovo.com.br
univ-biskra.dz
www.biz72.com
auspreiser.de
wp-themes-pro.com
palmarclothing.com
nagygusztav.hu
15810229223.com
apex.aero
info-bratislava.sk
anchorpointgreenhouse.net
www.77941.com
faszobraszat.hu
giaitriso1.net
foreverliving.se
vitivinicultora.puk.ro
pawposse.com
okj.tlap.hu
comai.fr
www.bcvod.com
ss63.com
www.sindahk.com
diablo3champion.com
wasoga.puk.ro
666.299wap.com
killerguides.de
shoulianyi.com
caets.org
www.gc9999.com
dkfp128.com
www.573sf.com
forth.gr
xj163.cn
treptajvasione.blog.hr
www.755dd.com
baike.51cps.net
rrr80-722a.tumblr.com
www.aj2ee.com
vgientertainment.com
hpe.blog.is
www.aegleear.com.cn
networld.ws
rebac.net
tescodvdrental.com
indost.cn
www.youxi5.com.cn
fru-unah.com
flakkeeoffroadteam.nl
stayfriends.de
rbof.qiwen5.com
admin.2008jy.net
otomegames-anri.at.ua
irishdentist.ie
www.easydo.me
www.maile168.com
jwjs.t.chinago.cn
www.xuepaoshouguanwang.com
www.abcaba.cn
pointrouge.de
9yc.com
xincaile.com
www.fyltv.tk
vlugnet.org
sgozzass.puk.ro
pgc-play.pl
blogzoop.com
freevideo-porno-zdarma.cz
dyckman.org
lelieuunique.com
moeauto.ru
mytoplist.gen.tr
web.e467.com
iulusfan.com
ouan.210000.org
livehelper.com
mombrands.com
jif.com
nup.soburnc.bee.pl
almalgam.wop.ro
dreamstudio.in
tuirezouzhuq.1168.tv
edem-tour.com
wisdomoftheworld.com
www.syhongan.com
www.ytzsh.com
webverzum.hu
oxanilid.wop.ro
austrina.wop.ro
taninchat.com
suining.taofang.com
shop.spiesser.de
lawnmowerforum.com
mctony.wrzuta.pl
lywxzs.net
professionalusadirectory.info
wordpressseoexpert.com
www.yytao.com
bqspa.bqsj.net
6518700.com
www.hhrrcc.com
ilovehome4ever.info
g60seconds.com
www.tx.cqstar.cn
rendis.net
huetimeline.vn
www.snkgyw.com
laprensatoledo.com
fsc.com.pl
www.xjhg.org
krystalchen.co.uk
searchingsenior.com
airportturk.net
tetrapro.wop.ro
kfi.or.kr
tdfjtqdt.1168.tv
gi0s.265link.com
so.v.360.cn
www.tv2168.com
www.qqyw.net
www.zzwgy.cn
unaniem.puk.ro
classdrive.net
mygymchina.com
easy-smsversand.de
nexia.pl
conceptart.org
jyxart.cn
gotoday.com.cn
888888.hk
eatsmartlivehealthy.com
viragbogar.fecsegj.hu
58k.2044.cn
osite.com.br
skoczow.pl
ra.hg8871.com
wh.jxwok.com
qingting.org
190120.com
rici.blip.pl
kolkman.info
www.dailypress2.com
techtree.com
techweb.pl
9tv.ru
fat-tgp.com
diveintopython.net
bajou.puk.ro
aspmessageboard.com
expert.software.informer.com
sytt.wop.ro
shiathecoolbug.deviantart.com
nanar.com.pl
krakremija.digart.pl
lomophoto.0513.org
countryreports.org
www.8586.so
www.yqkjw.com
cognement.puk.ro
refactie.puk.ro
sigma.nowyekran.pl
python.org.br
motivatemefitness.com
www.anny520.com
9adf.265link.com
card-trick.com
www.fngd.cn
shadowhunters.org
dg.kunlun.com
www.kansandian.com
niagaraadvance.ca
nonghyup.com
russiantoronto.com
www.52njl.com
82qs.k3y3.net
www.jianpin.com.cn
blog.baycrews.co.jp
greenbatteries.com
linux88.info
www.233tt.com
privacyscreencompute.3vi.info
7j9v.k3y3.net
avatary.pl
duatravel.com
kalrarealtors.in
seaside.st
kassie.wop.ro
tytm.net
ostgotatrafiken.se
mtb-projekt.at
blackoro.com
thekawaiiworld.info
www.8ymd.4f9.org
tj.2u.com.cn
goutetnature.fr
www.cnkax.com
mimioconnect.com
flashcartoongames.com
freeseoplan.info
girri.blip.pl
dagslyse.puk.ro
www.muzhimeng.com
www.runke.com.cn
9icefaces.com
728520.com
cherry365b.jumpingcrab.com
usai.qiwen5.com
kekq.210000.org
bigspiele.de
oynaoyun.net
cellphonedigest.net
tgdt.210000.org
sjelectric.co.uk
andycorrigan.co.uk
mobile.uwm.edu
redemetodista.edu.br
fcc-fac.ca
yqjm.78.cn
lasersightusa.com
unnami.filmaster.pl
utter.wop.ro
zaochnik.com
bagagetechnique.com
proceso.hn
rostovskie.info
www.le6.net
angelo.puk.ro
perfectwebdirectory.info
bazarkoni.pl
www.dakeyi.net
akevzzpw.blog.cz
clicksotrk.com
themisstisdale.net
www.xyy6.com
xixichengyuan.com
geneethics.org
www.bh.gov.cn
vonage.com
snowshow.pl
aq.ipark.cn
openxcellindia.info
zdm.ch
orthros.org
teachoneworld.org
www.7se.us
www.yx007.com.game.ht
ovillo.puk.ro
yuqstolo.blog.mongenie.com
www.ozyandmillie.org
xluxuryphionax.a-lsawards.com
uni-blog.info
663pp.com
tehran-musiiic.rozblog.com
120city.com
beznadziejna.cba.pl
cs.nykd.cn|nknl.nfdy.net|junkets.puk.ro|www.ruwesex.nl|setools.cn|bytrusted.org|hondente.puk.ro|jtufkzgn.skynetblogs.be|wgb320330.com|lanyi.us|books.google.ch|xuanluwang.com|intrinsi.puk.ro|www.3kkx.com|www.41113.com|adminunion.com|daaata.com|pcor.nfdy.net|topv5.com|www.shszc.com|acinetin.puk.ro|www.essencetech.org|phialosp.puk.ro|artico.flog.pl|www.wuhua.gov.cn|www.yct8.info|valige.puk.ro|www.zgc.gov.cn|bbs.aitime.net|hp.1168.tv|aushandl.puk.ro|judou.puk.ro|zakupki.gov.ru|www.mccmedia.net|bfigjmqcsf.blog.mongenie.com|icbg.210000.org|www.tiaozhanshouru.com|www.cnhongtai.net|kinkines.puk.ro|www.0668111.com|gruks.org|seostats.it|avviklet.puk.ro|www.11ysw.net|biija.blogg.no|www.522.com.cn|armini.puk.ro|luddite.puk.ro|lady.ty7.cn|www.bcxuexiao.com|kicoqupusijyju.blogtrue.com|www.dtv.ru|www.jshuacheng.com|800917.com|polytrop.puk.ro|polycladida.puk.ro|reverbat.puk.ro|outranks.puk.ro|www.nlsfc.com|tokootje.puk.ro|invernac.puk.ro|yqjm.78.cn|fineness.puk.ro|pneb.nfdy.net|blautlesxc.blogtrue.com|tzlemsra.blog.mongenie.com|kostersa.puk.ro|webgarden.ro|complex.com|www.tu4.cn|www.jaga.gov.cn|estudiantesusc.webs.com|rutinero.puk.ro|altervista.org|preisueb.puk.ro|gb-china.cn|www.webfcib.es|167eu1.bjbmsd.com|www.led951.com|chuaizhe.com|k6x.net|jsnlcowl.blog.mongenie.com|mikow.jp|croppie.puk.ro|pengxiyuan.lingd.net|www.qichezu.com|www.bb9t.com|ccc97.com|ygzq.cnr.cn|www.zhongguo315.com|lenobera.blogia.com|wmlz.78.cn|sence.puk.ro|troet.wop.ro|nanrenwa.com|perellandra.deviantart.com
goolgle.com
yuki.1996.pinger.pl
topsy.com
crime-statistics.co.uk
theartillerist.com
cdalarmclocks.juxing55.info
it-cp.net
www.sexcampimps.nl
nl.alatest.be
www.world-china.org
israel-music.com
paidbacklinks.com
videocul69.info
erate.com
biqboq.com
pelviano.wop.ro
villadonkey.ch
littleblackcoffee.com
d.ispeak.cn
makeiklan.com
shop62725201.taobao.com
biojava.org
ponudaposlova.com
shiryoku.puk.ro
eszak-alfold.istenhozta.hu
direct.hpmarket.cz
www.sqjsxy.com
www.ccc.cat
tskk.qiwen5.com
lab.yqc.im
malaysianbabes.net
eworldsms.net
midweste.puk.ro
devil-racers.de
prsu.265link.com
skydoor.net
addentasse.puk.ro
darangehender.wop.ro
www.hifiol.com
yanbian.66law.cn
sunnys.pinger.pl
albiazules.es
www.xxx4567.co
findroulettecasinos.com
www.pohjois-savonkokoomus.fi
jdcars.eu
qgap.210000.org
www.dongbeizhichuang.com
kokoria.gr
jingdlltt.1168.tv
congloi.info
www.018178.com
radioscannerpolska.pl
suigench.puk.ro
is.com
zasqwewdds.blog.com
watchoutnow.info
jbav.info
jls.tuan592.com
wapdam.us
ztema.ru
forum.byr.edu.cn
benalto.com
easypic.com
big.org.ua
rossjoyner.com
www.7p8c.net
www.le-tickets.de
chuomitsui.co.jp
666ak.com
jabyr.com
atehenmei.com
xtremedirectory.net
sroeco.com
tuflibyli.r.gd
nvxing.17k.com
hitches.puk.ro
virtualfuture.info
phpmoz.org
post.58.com
www.oeol.cn
jonnen.wop.ro
kiatnakin.co.th
mac-reviews.net
dubux.info
www.91sebb.com
childrenofpokot.org
spp.gov.cn
shignats.wop.ro
www.2mzdh.com
zetadierre.com
cvm.qc.ca
eatingdisordersmilwaukee.com
sybase1.software.informer.com
www.kmyz.com.cn
oldstarz.de
videomedia.info
gefrieme.wop.ro
mygreatlakes.com
www.wangleizx.com
jiangsu20101397.117.cm
ylztpsz.tk
propertyinvestmentseminarswxz.info
yase.wop.ro
cinosanap.eu
triponline.hu
google.lt
saschina.org
winstonsalempowersearch.com
uni-sa.net
degiorgi.me
przemyslb.digart.pl
www.kinky-anal-sex.com
www.abercrombiesmagasin.com
rd.io
porngall.net
www.eqvn.net
mwpk.nfdy.net
lihongcn.com
locasit.fr
wojtekkk.pinger.pl
www.cnnnk.com
npmpc.people.com.cn
zsb6868.b2b.chemm.cn
xaxtzs.com
mildeal.info
tmu.ac.jp
thepcmanwebsite.com
ciemnanocka.blip.pl
www.haaropmijnkut.nl
yorkshireterrierpuppy.co.uk
blog-imfdirect.imf.org
www.di3shequ.com
rustourismnews.com
xn--gewinnspielknigin-b0b.info
soyuzmash.ru
swbv.de
y7.net
kalede.com
qiaqin.com
silversearchenginedirectory.info
woodbywy.com
rzepazpazdzierzem.natemat.pl
roylo.com
henhao1.info
www.zangfukang.net
www.tisztitoszer.lap.hu
funny.waw.pl
hb666.com
www.jzxuc.com
www.deze.pl
computer-support.nl
airent.co.jp
cnipr.com
hvtvalkvv.blog.mongenie.com
perepel.com
www.c8m.net
www.qss.org
rudezakupy.pinger.pl
dongfeng-citroen.com.cn
sungannerah.com.pl
modnitsa.info
perio.org
sandiskmicrosd16gb.3ji.info
assessmentgenerator2.com
66h88.cc
basketball-goals.com
promaster.ua
angelgd.digart.pl
logos.info
vedhugge.wop.ro
kjzahheg.blogger.hu
clanvz.biz
www.cwts.ca
www.bafa.de
eibach.jp
831jy.com
93da.qiwen5.com
xzymoe.com
deviant-album.deviantart.com
xeko.vn
javadby.com
sanatate.md
seogold.net
in-seo.de
rdnavi.co.jp
zmarsa.pl
morfx.digart.pl
servery.cz
brockthemonkey.webs.com
newmomsproject.org
jsfiddle.net
pluche-kattenpakken-kinderen.istats.nl
silverado.pl
meblolux.com
nankinhobby.com
osu.ppy.sh
ania8642.digart.pl
mazatlaninteractivo.com.mx
www.it24.se
www.vvgi.nl
papaja.pl
miuriel.digart.pl
mrelectric.com
1kru.k3y3.net
cognosbitutor.com
imrk.org
orchidspecies.com
www.56dh.com
szllbz.com
youkug.com
trendus.com
yincoo.com.cn
cerne.puk.ro
pravdaclub.ru
comsec.pk
sibe-ecampus.de
cfi.net.cn
q8motr.com
kangu.ru
roupas.com
maltatrading.pl
www.vuze.cz
bjmcy.com
memphisspeakers.3ia.info
werkmanskaarten.puk.ro
alinkcatalog.info
reflection.pl
xfzg.net
haberdisk.com
outfool.me
www.hlyc.cn
gamewind.de
fabrykaplikow.pl
czzpw.78.cn
www.liangfuzangao.cn
seo-land.com
mianmo51.net
www.126nn.com
tang.damai.cn
edil.wop.ro
sajnoticias.com.br
finexpert.ru
gkhphotography.com
191av.info
revtor.com
www.uuubt.com
bigblueberrysmile.digart.pl
hochzeitsservice-online.de
www.tangobrowser.net
fahrschule-rosental.at
etorrent.hu
www.yzyzc.com
www.yiyi.cc
makotemplates.org
0594188.com
warface.web.tr
disney-lion-king.istats.nl