tacomaroofinggutters.com
test-milosci.com.pl
www.hhaavv.com
dzqy.com
oestmoennaturforening.dk
slot.art.pl
www.nr6.nl
siels.wop.ro
arhipelago.ro
apsodiu.at.gg
ovcentraal.nl
nn.xdf.cn
www.ccgp-gansu.gov.cn
autentika.pl
www.sokanakan.net
www.tzredcross.org
zsinor.lap.hu
www.weeyy.com
www.6ku.cc
sonnenkraft.com
onopschool.org.ru
tnttadl.org
www.aid.nl
www.popoli-coast.com
usafreelistings.com
asunia12.pinger.pl
aduneres.puk.ro
hd.zhu911.net
www.qd-bbs.net
www.mzzj.net
cloudydesign.net
swtorhub.com
www.dy16.info
bega.de
www.vvv92.com
haizhiyan.us
ugyessegi-jatekok.hu
www.henglikkw.com
teamrahola.fi
zjksqzj.tzsb.cn
realidadscans.org
weblap.neadjafel.hu
next-search.com
onweb.co.in
webgarden.ro
seoempresas.com.br
englandghostsociety.com
www.chcieu.cz
www.tokyoanka.com
www.ulyart.com
www.suikerstichting.nl
chargers-express.co.uk
fensterzumsonntag.de
www.cbai.nl
anatuprak.com
undersom.wop.ro
rtbchina.com
kurtlarvadisipusuizle.info
www.strakennat.nl
sgp.uz
dukely.wop.ro
kzplay.fr
szalona93.pinger.pl
kachna81.polki.pl
www.humanpheromone.com.tw
yangtian.zol.com.cn
information.in.th
www.njn.net
fimoon.fr
smolensk-2010.pl
rewall.co.jp
portal.gov.mo
www.movinggs.cn
cinematy.net
www.amybao.com
jundao.78.cn
tupian.3809.cn
paymentgateway.ru
dtrc.ca
www.tbt029.com
region.tu-clausthal.de
baggersmag.com
www.paipaishou.net
unionen.se
diary.software.informer.com
cartoon.chinadaily.com.cn
downloadphanmem.com
www.antaidz.com
wdaf.265link.com
beget.ru
www.ncta.gov.cn
wap1022.com
superge.si
xuui.net
3cx.fr
t.co
uipoo.org
petsforall.webs.com
allmusic.md
budila.ru
nmxc.210000.org
vaughanmompreneurs.com
hawksbillbicycles.com
chartshow.org
putri3.co.cc
jiayoubas.diandian.com
www.loesbotman.nl
daili5.net
teentubex.com
fotoalquiler.com
www.qingxiji.org.cn
z.wap.ai
511398.com
sallowis.puk.ro
www.renticcc.com
uz-translations.uz
www.ekezhan.com
www.smecn.org.cn
www.ygs44.com
iphoneipadnews.com
outfool.me
www.3jkk.com
caoliu.88.to
jijimon.jp
guichet-entreprises.fr
rm4d.265link.com
www.cdstm.net.cn
wakombe.wop.ro
nagytalalkozas.hu
sprodev.com
ac-clermont.fr
rs-direct.co.uk
www.zhifu128.com
bni.nu
www.fdjz88.com
kupgazete.pl
planetpinup.com
womenschoice.info
www.99lee.com
hials.no
www.80tbw.com
koestinger.at
www.lgdxdl.com
goodprmen.org
ropid.cz
adonis.sc
lesannonces.tn
piotrkon.blip.pl
laenderseite.wop.ro
amyjusta.digart.pl
coastalbusiness.com
brahioradialis.digart.pl
www.ws2sc.com
jogger.pl
www.wwmp.ro
netshopcolchoes.com.br
krychukwask.blip.pl
www.21831.com
www.sxdaily.com.cn
fenglintianxia.soufun.com
loro.ch
36992.com
pclab.pl
slambo.info
onetsolutions.net
www.qqhead.com
kweet.puk.ro
mor4cesperformancemarketing.com
kejixun.com
anda.jor.br
riddle.blip.pl
comshop.si
sarussia.wrzuta.pl
online-casino-spielen.info
noaros.com
votencmentalhealth.info
avtoall.ru
nama9.com
www.gangguan168.com
www.emus.cn
zoran.flog.pl
www.chiyan.yiyao.tv
centrosoft.ru
ugap.fr
www.e24.ee
www.brakerotor.cc
totokaelo.com
yn.yunnan.cn
myitworks.com
f-cafe.net
washtrust.com
tampan.wop.ro
semduvida.net
traveler-k.blog.so-net.ne.jp
mrey.ilovei.cn
www.zycj.9998.tv
applexos.software.informer.com
jhltoys.info
www.moustaqbali.ma
gtoc.ningbo.gov.cn
www.1133.cc
miki.lg.jp
www.51dcw.com
cl.orc.st
sd.infobase.gov.cn
realyestate.info
carolmedfordart.com
ttztm.com
jonathan451.hyves.nl
cdx.com.vn
ecfcpug.org
mayfairgames.com
randomquotenopr.info
cameraman-bucuresti.ro
megalaw.com
janicehensley.com
go985.com
xjpp.gov.cn
www.hjobs.cn
dgoca.cn
barcelonarem.com
sandalcrocs.com
triumphtiger.net
gisuser.com
smbc-consulting.co.jp
www.help.com
www.renjian99.com
soft.zdnet.com.cn
www.emsdy.com
cambrianrally.co.uk
dk.dk
slanasobanovisad.com
www.uzuk.net
bc-coda.com
kivii.deviantart.com
freelancejobs.org
motsp2009.info
www.googlepr.hu
homesearchbarcelona.com
seascanner.com
300.cn
anewme.digart.pl
www.watage.eu
gamblersdir.com
doloop.com
sprawnik.pl
www.wellyee.com
criticalclassroom.org
www.kuaizip.com
www.xqq521.com
depic.me
ototoy.jp
www.hert.nl
toolbase.info
haitham.info
www.999abcd.com
tep.com
textspace.net
tour.acr365.cn
transora.pl
www.sfj.suzhou.gov.cn
ms-saudi.org
nicesport.blip.pl
www.lache.nl
www.ruqian.net
hyperpne.puk.ro
vermiste.puk.ro
www.dayi100.com
michaelharringtonblog.com
socialbookmarkingusers.info
newrose.digart.pl
www.zgqt.zj.cn
ekr13.info
yoque.es
mof.go.jp
www.nikeshoes-onlinesale.com
yangsheng120.com
www.bc180.com
menoschesis.wop.ro
schnapsmachen.de
www.mimi948.com
www.ny913.com
vechai.info
jzqryajq.blogdetik.com
z-wiki.com
fasthost4u.com
sz.eduu.com
centrumdrewniane.pl
buyverizon.com
szkb.ch
izuit.be
www.69968.net
lo2test.tk
rekrute.ma
shangmorning.com.pl
primus-hub.ws
www.21daixiao.com
www.mnrb.net
freeporn.hu
retirementhomesuk.com
website.at
unvisor.wop.ro
www.cepi.org
spiddet.wop.ro
www.pdsfx.com
kuoyu.wop.ro
boterpeer.puk.ro
uukt.com.tw
eventsmaster.net
hapdosool.ca
viyq.info
www.tao73.cn
mba.net.cn
921.cc
olaiwan.com
sencillomartinez.com
lz.e23.cn
isabellasart.com
www.sss97.com
ruwinners.com
x-north.co.uk
micex.com
jukku.info
homephoto.cn
kinote.info
gordopervertido.com
wttw.com
xxfshi.78.cn
tvoj.kharkov.ua
rgsdirect.com
software4fun.de
e-monki.pl
imod.pl
androidappsnew.com
nantes-actu.info
opaq.org
www.nongjiayuan.in
dahuangzhan1.com
timbuk2-jp.com
didikle.com
www.sunds.uqc.cn
www.llsj158.cn
landspou.wwwwww.wop.ro
wangzheng.org
nat.gov.tw
joomlatemplates.info
strubbi.com
www.hfamen.com
www.septox.hu
www.jcnews.com.cn
sexgazetka.pl
karahanonline.org
sisalbook.com.br
tuija.wop.ro
cece.68mh.com
socialbookmarkingnews.info
okinao.puk.ro
0395.1775.cn
mm.444kx.com
employment-law-edinburgh.co.uk
nyitott.hu
yayquery.com
www.immie.nl
zhengzhou.kela.cn
ztcai.com
lilo-creations.com
safety-first.mn
dig.ua
diplotop.fr
mymiri.my
drnatura.eu
www.jdj5.cn
881mm.com
slepp.ca
tjuven.wop.ro
samildemir.av.tr
fitarco-italia.org
chengdu.puk.ro
national4search.ru
www.chinajchy.com
solida.com.pl
pornoselect.info
s-stone.cn
artepal.org
www.0746i.com
www.jordanshoeseoutlet.com
zmarsa.pl
norfolkisland.co
sanlucas.wop.ro
midmad.blip.pl
3529888.com
pctbp.org
penelopeblackdiamond.com
tw-battleu.net
piccirillo.info
www.lhxx.cn
mamebune.ro
voorerven.puk.ro
dyn.hu
hy22.com
singaporeburberry.net
sepc.at
usamimi.info
ville-geneve.ch
www.icoat.cc
admission.kau.edu.sa
inwierp.puk.ro
www.5igd.com
www.its-leif.org
www.sportabars.lv
sklepzegarki.pl
11vs11.com
lookinart.net
enni.puk.ro
motorhomerental.travel
women2.net
wapcp.cc
ft.hzftw.com
richardcastera.com
mycellz4less.com
1f1f.net
webespacios.com.mx
bakersfieldbuzz.com
alwaysziam.tumblr.com
p2pgr.net
greenerprinter.com
saniexpert.nl
buylenorrcho.eblog.pl
pussy7.com
yqve.qiwen5.com
sdnjhd.com
lkzz.yx.cm
rulespub.com
nkca.210000.org
quebec.digart.pl
christian-louboutinuk.org.uk
mindigtvextra.hu
ikt.co.id
factsntips.com
multum.com.pl
yaq.blip.pl
almased.de
www.2311.com.cn
www.91.hu
www.le-colibri.net
trustnet.pl
dhome.pl
webslug.info
fun-blog.pl
wegstop.puk.ro
kasiullek.digart.pl
qiuzhang.org
hr1871.com
www.geise8.com
energisol.dk
rougier-ple.fr
trishock.net
nakano-d.jp
traeufel.wop.ro
g1-keiba.com
milcaos.cl
m-page.info
xx56465784fdso0o0.8jc8.com
latajpozakupy.pl
quer.puk.ro
knomsan.com
generalbusinessinsurancez.info
mclv.nfdy.net
thot.pl
telesiscu.com
aqus.kr
skytube.jp
tacocity.com.tw
revitcity.com
merituspayment.com
thueringen-tourismus.de
sante-dz.org
riyadh.wop.ro
zaboslawa.pinger.pl
findhotel.ae
lauriann.puk.ro
ijoe.hu
musicofoursoul.com
reading-canoe.org.uk
designin.pl
www.sxsw007.com
raftingsport.com
centurion.bb
tomanddoug.com
shyongjia.com.cn
teflengland.co.uk
thesisthemestudio.com
3js.nl
ousama.co.jp
enigmaticsolutions.net
porterho.puk.ro
estudiantesusc.webs.com
vivakom.ru
evoblog.com
evropsky-pohar09-10.tvcom.cz
www.huolixieye.uqc.cn
euphoniumplayer.com
www.caryinxiang.com
cypfj.com
www.didiao.info
ewsr19.n030.cn
exciteman.com
buysellthai.net
f1re.info
fotorollo24.de
episke.wop.ro
fctx.net
doriborg.blog.is
www.nexum.cz
www.playxxx.net
chongqingzuijiaxifang.fdchs.cn
passiveprofitsystem.com
estoile.wop.ro
obywatelenauki.pl
cyzsm.78.cn
ellik.blip.pl
www.cw.cz
hunxiaozi.com
laurelship.wop.ro
kpn.nl
studioopinii.pl
wok-poznan.idl.pl
czjpw.com
www.wnp.pl
playartepictures.com.br
baixing.com
inmoment.ru
napiprojekt.pl
www.xjyllh.cn
deco0-c.pokecafe.net
dayi100.com
wdbnl.com
daveslist.com
denhaag.hyves.nl
denumar.de
oct282011.com
denaro.it
finalyugi.com
denisboudreau.org
dota.tgbus.com
aroid.wop.ro
www.tam.cz
hfpfb.cn
bss.blip.pl
elmakassed.com
dozzi.cn
concent.wop.ro
dvd.333seqing.com
cookbooktree.us
kx.wgdnf.info
daxiao.me
wenchao.info
donovalybike.sk
fedelzet.hu
eminemplz.deviantart.com
kursportal.info
www.cmvu.cz
guihuaxiang.com
mindprod.com
www.nadacepartnerstvi.cz
www.pedrorozenkraft.cz
e2.osgaso.bee.pl
www.krabcycles.cz
sizuk.wop.ro
briny.puk.ro
networkmagazyn.pl
vake.puk.ro
mcsesolution.com
myblog.by
danielteng.com
www.centronet.cz
effluvium.puk.ro
zellophan.puk.ro
gesoebat.puk.ro
vulcanite.wop.ro
bvdjlwqi.uintu.com
cafeandesloove.nl
vannonces.fr
bluendo.com
travanto.de
luatqalm.com
peridial.puk.ro
krusze.pl
toildepices.com
wolfram.org
zhwz.info
clubwv.ru
www.soow.tk
forin.gr
amaban.com
dollbbs.com
bie.to
cherrytree.at
cgi.sfu.ca
chera.ro
fers.puk.ro
www.averia.cz
apfeltalk.de
mlgdzx.com
changjihuizuzizhizhouyibisi.fdchs.cn
rackmast.wop.ro
outdoorbaby.net
chtrain.com
apfelkraft.ch
frank-teens.com
aphis.puk.ro
arbetskladermedtryck.com
aprilshowersmovie.com
garten-literatur.de
arcand.puk.ro
arashsajadi.ir
sports.chd.edu.cn
araoshi.puk.ro
bjjy.gov.cn
archinfa.puk.ro
albyl.wop.ro
area51-news.com
arcual.puk.ro
www.galilei.hu
archcape.puk.ro
area254.com
www.18xxmm.info
argesjob.ro
areyoufuckingcoding.me
argraph.net
ariocarp.puk.ro
adsfeild.com
7177.nfdy.net
arli.cn
arinin.freeforums.org