www.839dy.co
www.qisuweb.com
vlz.ru
comune.udine.it
rsbay.com
xian.961314.com
vtb-league.com
www.3jidy.com
nikedunks2012.net
sviti.wop.ro
naien.wop.ro
moviecollection.jp
top.meishi.cc
i-where.info
gsmdevleri.net
sulphosuccinic.wop.ro
bytesocial.info
collectiftroglodyte.org
www.qqphotos.com
www.uniwb.com
united-domains.de
funonline.cn
pornbig1.info
8-999.com
nisimago.puk.ro
berlitz.com.pr
www.handuyishegw.com
www.56766.net
waverly.com
www.blackbeans.tk
orzcc.com
lumisfera.pl
www.zj8886.com
little-queens.net
www.pf9999.com
deverde.elandbnb.tw
www.acc-elearning.net
jakbook.info
artikelverzeichnis-artikel.de
k9friendsunited.com
www.weige.in
london-se1.co.uk
attribue.puk.ro
kinoqi.com
chorzowianin.pl
mybbstore.com
viewit.ca
chevrolet.kiev.ua
80018.org
silverjet.nl
hmyxj.com
cf.135cf.com
uchome.6ec.cn
www.adrianwykrota.pl
karlinho.cz
bacchusmodesto.com
bestportalbaa.in
cheapdedicatedhostingz.info
bookmarkhotidea.info
qbudkskk.blogger.hu
hnjj.hyhb001.com
www.dldsh.gov.cn
www.598.be
baldrics.wop.ro
www.jzxuc.com
1219.210000.org
sdir.biz
austintrx.com
www.tarenti.com
runben.taobao.com
www.qixuegu.com
cacem.com.cn
crushforyou.taobao.com
hz-tyzx.com
wojtiku.blip.pl
thuoctridaurang.suckhoevietnam.info
nssdjck.com
ckucknpyz.takeforum.com
amarcord.jp
versatel.nl
podajemy.pl
hetnet.nl
oft.gov.uk
traveledearth.com
lingerie-mania.com
ginger05.digart.pl
mark-styler.co.jp
www.dsiys.com
3goog.org
aufschnuerend.puk.ro
edpdawgs.com
octeam.fr
www.qsw11.com
gotoweparkiety.pl
admin918.com
et20093.x111.org
mivki.info
marseille.tv
dirtygardengirl.com
www.xxx443.com
novinkionlain.ru
www.aibo2012.com
aquaboards.com
91porn.it.cx
axutopia.com
jimusits.puk.ro
magies.com
hlvisions.com
authorityhybrid.net
aanharkt.wop.ro
7rilixiu.3199.cn
cd.jjdbb.com
basic-paper.com
artisteerhelp.fr
gevent.org
thissongslaps.com
songspk.info
www.investors.com
www.wsfenghe.com
www.zgetfl.org
www.ncin.cn
carcinos.puk.ro
hayling.co.uk
vuur.wop.ro
frej.blip.pl
www.cixingcailiaoka.com
6hcbw.com
sankeys.info
skadoogle.com
schnullerfamilie.de
www.fzlqm.com.ar
tnc.edu.tw
acgenerator.blogeiland.nl
www.zibi.pl
linuxfah.info
pigeontrader.com
thepiratesociety.info
gbweb.de
www.mi70.com
auriol.puk.ro
liveme.org
intenso.pl
granite1.cn
fraudar.puk.ro
shop69889296.taobao.com
loveloveplz.deviantart.com
www.tkvod.com
yellow.co.ke
linkauthoring.info
solina.info
vaclavovic.info
hvtc.edu.vn
www.scncwb.com
chm-pdf.com
www.sguuu.com
calittici.blog.pl
fedexoffice.ca
www.mp3.kg
www.hluboka.cz
redt.nfdy.net
mybenz.org
biologique.puk.ro
1000xteens.com
alkmaar.nl
acemasters.org
rzn.info
vidaamericana.com
eod.sega.jp
tviscool.com
www.iraye.net
www.belstaff-outlets.co.uk
gamefreaks365.com
bus.bm8.org
www.adtcn.com
bazakont.pl
www.hbmu.edu.cn
jcj.zhidan.gov.cn
wapboss.com
lengmenhy.78.cn
erty.cn
www.2000jy.com
61263019.com
fossil.co.jp
www.126yingyuan.com
ausmini.com
myraddad.com
nabinabi.blog.so-net.ne.jp
hitchfifty.com
you-can-blow.me
timmynaija.cn
www.dreambridalshop.com
kym.voice.islive.nl
nagoya-yorutomo.net
r8866.com
bzkzs.cqmu.edu.cn
boscarol.com
opticnet.ro
astakov.ru
safercar.gov
boatbuildercentral.com
tasteofbrittany.com
merkana.polki.pl
cybermondaytabletdeals2012.info
teilar.net
oglesproperties.com
anticacascinasangeminiano.it
zuicixi.com
tensio.pl
tarots.jp
internetconnectiontest.net
www.jcw029.com
ciudadypoder.com.mx
polskatimes.pl
zhongguominyonghangkongfeixingxueyuan.fdchs.cn
klxzz.com
car.blip.pl
i58.tw
mailto.no
albanyhomezone.org
seolist.info
antefiks.digart.pl
www.lub.sk
globalstoragetechnologies.info
ticketzone.com
jaskolka.digart.pl
meble.mtp.pl
clock2d.com
tracheopathy.wop.ro
blog.tut.by
beernews.ru
100tbh.com
thewebhostbiz.com
senkel.puk.ro
inficone.com
openroadfest.hu
chunvnb.com
quotediary.me
luzdelmundocumana.com
mlenka.blox.pl
91xxx.aa.am
nimh.wop.ro
700so.com
resolution-bio.com
intiba.com
sem-one.de
grayandsons.com
www.itunion.cn
an-city.net
uzonline.uz
xpn.org
region.tu-clausthal.de
bizna.ir
tackthis.com
zhouchuan.net
worldbestonlinepharmacy.com
pssr.qiwen5.com
responsemagazine.com
tmgi.qiwen5.com
aichuse.info
kampaniespoleczne.pl
topzrz.com
stenciu.blip.pl
triumphantevents.co.uk
www.xxx37.com
www.88848085.net
turbo-proxy.info
socialloft.com
www.taoess.com
suvi.wop.ro
drxlr.com
68fa.net
thankyou.ru
gz.menghuanzuxian.com
knightsbridgeinsolvency.co.uk
lsf-samp.info
forum.kucnilekar.com
19976.com
basiclover.a-liveprivates.com
xgbfw.com
tacher.puk.ro
www.qqhrwater.gov.cn
sarah-hoedje.istats.nl
restoran-arlen.com
safe24.pl
mirabab.fr
longjd.1168.tv
www-solar.net
f1-portal.ru
invest.people.com.cn
3haow.com
garu.digart.pl
www.zhenxiangjiaonang.org
prfh.info
www.autosiskolamiskolc.hu
www.wizard101.pl
pooshock.ru
xxl.pp.ua
polls.dailynews.yahoo.co.jp
jeux-de-guerre-gratuit.net
amjob.net
businessemaillists.com
jblamplifier4channel.4zc.info
weissmanreport.com
www.158x.com
roundtheworldexperts.co.uk
tjcxgdqx.com
noncarbonated.puk.ro
hd212.com
quintary.puk.ro
bunkre.wop.ro
www.arp.cas.cn
veb.ru
rgj.com
www.zofin.cz
yihaoquan.com
www.alprom.pl
monatliche-dividende.de
hostenovations.in
catalana.pinger.pl
bosch-career.it
hc08.cn
mkoziol.pl
contao.pl
www.sspfw.cn
owlcitymusic.com
john-howard.org
iyoki.wop.ro
our.orf.at
find-it.jp
horsewallpapers.in
uudc.cn
feedback.antiblock.ru
radio.org.ml
www.pmj001.com
www.iker.com.pl
inuredne.puk.ro
ddcs.cn
www.twlp.net
rbqb.info
ellemlamode.com
pras.fr
chinateaw.net
km.pxto.cn
acis.org.ua
buy-paxil.biz
cs-amp.tk
i.mk
avwschool.org
www.sf.dk
ilsesseite.de
lvonlineshop.net
zainin.wop.ro
rsvphealth.com
3gtmb.com
batterono.wop.ro
jespersaur.com
espoir.digart.pl
www.cves.cz
25983.hos.999120.net
asturauto.info
tzseo.info
www.onlineprace.cz
silvers-ray.blog.so-net.ne.jp
www.xiaoqinhaishen.com
www.cjps.org
up.lublin.pl
natemat.onet.pl
usethiswebsite.com
kontaktkalender.de
10directory.info
www.qiucao.info
top-katalog.pl
bc365.info
ire.re.kr
shavk.com
aaschool.ac.uk
romantorkowski.blip.pl
nijmegen.web.nl
onlinesbp.com
ytzx.net
firmlandia.pl
hamburg.fad3.net
duplan.puk.ro
www.pageup.cz
www.sexcams20.com
www.nmrb.com.cn
ree.es
hocherie.puk.ro
ecfair.cn
cowp.co.uk
glaciersociety.org
claremanson.deviantart.com
www.sxrea.cn
jknwt.info
fitnessboutique.es
midilibre.com
919www75.tumblr.com
0host.de
theinvisiblewarfullmovie.blogspot.dk
www.njycjj.net
tourbar.info
www.xjnengyuan.com.cn
africa2005.com
jagut.de
cdsave.com
algeria-isp.com
untendur.puk.ro
zurker.co.nz
ks.gd
hyperlinkarticles.com
wwwcms.pref.fukushima.jp
purpose.edelman.com
przewlocki.puk.ro
www.babymysite.com
fagidioter.wwwwww.wop.ro
dafeng.ycrcw.js.cn
58nv.cn
evl3.pl
live-language.com
bgp-emedia.de
jazoom.biz
www.turkeystone.cn
linuxchix.org
heiguteng.1168.tv
www.lizitie.com
1canju.taobao.com
www.tingk.com
adres24.com
www.bjlianfa.com
mei112.legou888.com
seo-land.com
eurasialegal.info
corrida-photo.com
www.fzzz.ba
gs1cn.org
blogs.edweek.org
dianying.360.cn
ishinabe.wop.ro
onelife.pl
www.pujcmi.cz
www.z3ak.4f9.org
qekj.qiwen5.com
2455.hu
4enhancementonline.info
www.xy123.cc
damie.jp
robotzone.com.hk
brusselslife.be
1cp.tv
ur.krakow.pl
www.iue.edu
curvycash.net
www.rentibt.com
3dmozi.lap.hu
mearai.co
tu-chemnitz.de
quadridentated.puk.ro
www.kuparts.com
dirtytony.org
theflyfishingforum.com
1818vod.com
eastmon.co.cc
r8a26.et8w.com
memenet.jp
mikaeljamsanen.fi
ltl.home.pl
eboue.wop.ro
n2ii.in
gepaart.isostryc.drammen.wwwwww.wop.ro
marriagepic.info
utusan-malaysia-online.com
schee.wop.ro
www.shdony.com
diamondsinternational.com
teknonym.puk.ro
bogamedikal.com.tr
cassey.wop.ro
conductility.wop.ro
amazon.fad3.net
giacom.com
www.xinsum.com
msmalinowska.digart.pl
www.tittytwister.cz
tripod.com
fetishthai.com
fibratio.wop.ro
capoeiralasvegas.com
alarmkre.puk.ro
www.schramms.de
j.333456.info
dgdsw.com
iloveyouxkimm.hyves.nl
mdjx.265link.com
medicaldevicemanufacturingz.info
la-bancarella.it
bondagecompanion.com
e-gracz.pl
dallasfootballelite.webs.com
osziacs.hu
quintes.pinger.pl
takmobile.org
arbeidslageret.wop.ro
alzey.puk.ro
www.n5x8.4f9.org
www.obs.org
colectie-stiinte.ro
dzieciowo.pl
www.liga.net
www.austis.cz
edrukarnia24.pl
shuimaitongzly.1168.tv
konfusester.puk.ro
failstore.com.br
www.jstkcpa.cn
goby.com
modernizer.wop.ro
rawnoi.wop.ro
383968.com
hnwnc.78.cn
onlinedoctoratedegreesz.info
maluchy.pl
www.789yy.net
speedfoto.prv.pl
www.acme-cn.com
tritura.wop.ro
www.beranek.cz
xichuang8.sdthsk.com
fatknjmbgc.blogger.hu
www.ebonylive.nl
isse.tk
aporte-ad.com
berry.edu
animationblogspot.com
pifaputaojiu.taobao.com
nc12345.com
vantiv.com
vegasnights.co.za
spyder.tv
johncarterofmars.ca
college.pk
salonikasports.blogspot.com
visperad.com
www.ohrenti.com
fcinter.pl
niide.puk.ro
wmjgb.bokee.com
md5crack.com
bofdcadwta.blog.kazeo.com
mega-streaming.info
comule.com
fitnessarticlehub.com
kaczyknd.digart.pl
sublimedirectory.com
www.dlysled.com
wgxq.com
articledirectory365.com
gxka.qiwen5.com
www.itypy.pl
androidha.com
proxfree.com
dipc.ehu.es
byelove.net
meblenet.pl
almokhtsar.com
www.365back.net
weblinkmarker.com
www.mzslhs.com
moke8.com
seizable.wop.ro
dotcomsecretsx.com
iess.gob.ec
www.youxiji5858.com
hea.cn
ibiubi.com.br
www.kishd.org
lioba-usa.de
eslpod.com
recediat.wop.ro
ihk.cn
socialtechnology.ca
sd43.bc.ca
petillion.puk.ro
eoreality.net
misukoso.com
studyinkorea.go.kr
shoppingtambore.com.br
arthousereproductions.com
politeknik-lp3i-bandung.ac.id
entam.soup.io
spyshop.co.uk
redglobaldepagos.com.ar
www.okruszek.org.pl
jagy.56dvd.net
videomarketingzone.info
www.lsjy.org
www.hhaavv.com
inadpost.com
fouinaie.puk.ro
remedyspot.com
technologie.ahlamontada.com
www.rakuanka.com
int-research.com
www.xiaoyezi.com
arshmanzeel.com
krasnodar-audit.ru
orkugifs.com
reformas-presupuesto.com
wch.blip.pl
chinese-architects.com
www.sxgov.cn
www.yiyi.cc
www.jznj.com
studenttorget.no
www.xwtattoo.net
rohlig.com
stanleys.wop.ro
www.xs9999.com.com.cn
www.iso315.com
w.kkaac.com
movoto.com
mail.wzrb.net
bj.digart.pl
blog.calta.info
qqssw.net
itjobs.hu
turbonet2.com.br
beidu.org
www.xiaoxia.org
disajn.pl
syqc.nxeb.cc
vrvy.265link.com
sjoez.nl
jazzdanmark.dk
fotozsercem.flog.pl
www.ws315.org
douban.com
cinematuga.info
ad24.ro
thong.co
discuss.org
krulli.hyves.nl
www.9ailian.com
ssua.210000.org
abing.hk
consar.gob.mx
dugi.hu
greece.co
ewve.265link.com
sialnity.com
meblekessler.pl
www.ippp.cz
justbeautydeals.com
www.ww2.pl
simedaka.puk.ro
markered.info
uj.wkraj.pl
tyszka.flog.pl
ala.blip.pl
cdjc.zhcoo.com
elektroinstallateur.org
timetrade.com
www.tibia.pl
quartos.puk.ro
linkswheel.info
www.htty-design.com
avicide.azmaveth.heiblok.graphologue.dissuasion.wwwwww.wop.ro
vpsmanagedhostingz.info
www.xiangyue0769.com
uncommunitymanager.es
pathema.puk.ro
isicredit.it
afanasy.biz
www.aden.pl
www.0916.tv
greattimefortea.deviantart.com
www.xiaomakeji.com
www.jjshuang.com
cctv3.cntv.cn
lfyongchao.net
sanofi-synthelabo.com
www.slw2.us
pdg.ru
ryo-ishikawa.jp
molecularstation.com
beautyhigh.com
bigbrands.cz
yiichina.org
zrl.name
cashmaschine.com
filmsmd.com
www.gycwjx.com
ep2.nl
wk3n.56dvd.net
estoesporno.com
zendblog.pl
ojointernet.com
poonak.org
aspbs.com
youjizz18.diandian.com
bansko.net
www.xqhkj.cn
youshoya.puk.ro
reta.wop.ro
www.jf6s.com
www.mogujienvzhuang.net
so-netmedia.jp
esa-dev.com
pilotage-rc.ru
66rpg.com
jdfz.sh.cn
abcnewsradioonline.com
mercedes-benz.ua
shigemot.wop.ro
nouveautoys.com
bergmanluggage.com
www.netgraf.at
www.cndatas.com
lanzhou.51chudui.com
metatest.nl
fyygame.com
cfids.org
advicepsychic.net
start4all.com
www.80mav.com
ewsite.it
www.hsrs.gov.cn
www.zjiswear.ccoo.cn
armacad.info
www.hljzdxy.com
detskiysad.ru
haishun88.com
www.mymingyu.cn
www.xj555.net
thisit.de
job.wangjing.cn
cerber.bydgoszcz.pl
the-wild-bunch-full-movie.blogspot.hk
olemiss.edu
www.sssk.ch
cvsdude.com
hazelden.org
mouvront.wop.ro
www.fuhuaji365.com
www.mmtupian.cn
xa2008.cn
www.cfbawang.com
www.wkyz.net
discountterracotta.info
www.123bba.com
kaizentracker.info
neiyi5.blogcn.com
www.tencen.net
1ga.cn
www.me361.com
cebuanas.com
www.taodibao.com
bitriangle.info
s990.net
protracter.puk.ro
rsei.puk.ro
laa123.com
www.xwax.cn
toparina.com
der-stamm.ch
www.36225.com
www.zhixibenn.com
osc.edu.vn
fanal.puk.ro
lcqkwz.com
sfinance.cz
naugatucksavingsbank.com
sixsixone.hu
65lat.com
www.vscht.cz
rezeptwiese.de
the-great-escape-full-movie.blogspot.hk
www.junze.org
cs.nykd.cn
epinmi.puk.ro
gorenje.de
groffo.com
softwareall.info
hongze.gov.cn
www.38nb.com
spectralcore.com
zakonyprolidi.cz
dvdprojectorsforoutd.4vw.info
oww.oaidc.tk
www.158609.com
iheartwatson.net
www.haojiaju.info
jil.go.jp
download-anime.web.id
nahrs.net
arscenic.org
aigo168.com
learningwithleslie.com
submitanarticle.info
froxh.com
dianessecret.nl
www.meiyimeimeirongyi.com
travian.hu
hanamizake.com
forum-bon.co.jp
salno.com.pl
ml.520gc.info
mobilesnext.com
aldenteblog.com
haitian.com
ekr13.info
guihuaxiang.com
the-artist-full-movie.blogspot.sk
noticia.es
www.texindex.com.cn
ckdvd.com
51jinshi.org
www.dltongyong.com
www.uuxgrtys.info
www.kcvs.ru
bodenschatz-li.de
canphp.com
www.zongzi-bj.com
ibnlokmat.tv
www.xbzgjx.com
www.mcsweeneys.net
goyub.net
zeed5.com
souzenergy.ru
www.ltesting.net
bookmarkseason.com
homepage-designer.info
tribulus.pl
www.jxmt.cn
wfols.cn
vestipk.ru
www.kllv.cn
brautmode-online.de
softpedia.com
85ggg-726.tumblr.com
web.woyo.com
0371.job1001.com
bayareanewsgroup.com
www.tlzl9898.com
www.shengyuanfs.com
konadbrasil.com
freetaxreliefhelp.info
cheese.gen.nz
fil.pt
exbr.com.br
evmypiwxdy.freeblog.hu
cynet.com.my
uniderecho.com