excelforum.pl
chamook.net
aggruppi.puk.ro
www.0096.info
sclf.org
webdev.cit.umassd.edu
lcf-led.com
umdpl.info
aquilawebs.info
valleynewsnow.com
dontbuy4more.co.uk
nba.blip.pl
www.yjnet.cn
x8a.info
fastwealth.info
anapa.info
techsmash.in
builtny.jp
bilansgratuits.fr
redfrogevents.com
www.aser.ro
www.543xx.com
www.ptnd.pl
fptsaigon.info
getmysite.info
lithosol.puk.ro
2012.csztv.cn
www.3887.com
www.qvodbt.com
sgozzass.puk.ro
buxed.com
stoda.wop.ro
guihuaxiang.com
awake-smile.blogspot.com
black-and-green.de
thearchiestd.com
przemyslb.digart.pl
jurnalvirtual.ro
qrjq.nfdy.net
www.smgay.us
agita.digart.pl
www.pignut.net
spacerki.pl
partyxplosion.eu
mycrib.ru
vaegteeksperten.dk
cursosparacoaching.com
jinhuacha.1168.tv
543aa.com
hockey365.de
7777.pl
gdynialive.pl
hlbb.nfdy.net
zbychaha.prv.pl
shop69425677.taobao.com
voipphonesystemz.info
www.wenxucity.com
www.brutalrape.nl
www.dh-airs.com
xj7.info
karoszka.flog.pl
pzu.gorzow.pl
linksin.info
gharnikarmenian.com
marxie.wop.ro
centrumofert.pl
www.hiphop007.com
www.wm115.com
al-sakr.com
simplestorage.pl
shop72821008.taobao.com
asiansexfilms.nl
securecharity.org
ozdd.210000.org
lofd.nfdy.net
www.pmddtc.state.gov
japanphoto.no
nonsubsc.puk.ro
chrono1.software.informer.com
bizneston.pl
opsjorre.wop.ro
otvetvam.net
practiceone.co.uk
56aiav.com
siewierz.com.pl
indykinaparze.pl
aifree.info
freefallin.us
boger.digart.pl
nf.pl
trygga.wop.ro
wp.apbest.info
pg.gda.pl
trip.jxcn.cn
muell.wop.ro
semi-sysdt.com
www.ggwtly.gov.cn
1planet.info
161.88888m.com
privat24.ua
bithub.r.gd
liupeng.us
vorp.blip.pl
www.cqinf.com
yz21.net
afid.fbl.pl
83.com.cn
gartija.pl
imvideotutorial.net
czarodziejskieliny.pl
socle.wop.ro
0000ff.net
www.yunzz.net
teamhanna.org
ep.rising.com.cn
donnadowney.typepad.com
www.226500.org
yedxxx.com
ywrz.nfdy.net
99chengren.info
81cao.com
www.tsinghuasoft.cm
sexfotka.pl
it-tronic.pl
komp.1k.by
wowsomegames.com
baredji.wop.ro
www.lpdyv.com
tvfest.info
ampdirectory.info
marfrig.com.br
gameline.info
kakimous.puk.ro
aitikens.puk.ro
www.8812.info
bookmarkwebonline.info
prospis.pl
0312hf.com
prfh.info
pojistovnacs.cz
liuliguang.net
www.03187.com
sonesnation.com
projects-abroad.fr
goodir.info
bakelovenotwar.co.za
sozialeswiki.de
wwv.188vod.net
cl.orc.st
crete.puk.ro
sv-tuengental.de
affinitygarden.com
www.twinkids.nl
taiwaner.de
km-orzel.pl
huang-ming.net
muzzo.pl
shisha.polki.pl
merell.puk.ro
irik.blip.pl
e-vending.ru
ecokatalog.pl
kimmyschemy.info
cantara.pl
macandidature.fr
abschiede.puk.ro
www.dapigu.org
karesansui-project.info
www.verbon.nl
22za.info
dist-tutor.info
www.899link.com
hitachin.com
hura04.dyndns.org
bbs.5247.cn
shortlink.info
he.189.cn
9lessons.info
sandspit.biz
trabulsi.com.mx
h-bahn.info
uis.edu
michigannaturalparenting.com
anbringelse.puk.ro
pinkfacebook.com
7bwap.com
kempwire.com
lixingzidonghua.com
whois.gimoo.net
baiduddt.info
www.syyyy.com.cn
mazda3klub.hu
wwff.com.cn
investpuls.pl
www.caadn.com
www.bzswsj.gov.cn
afsy.org
grammiweb.de
www.ndtbbs.com
internetia.pl
cydcb.78.cn
espoir.digart.pl
www.dobimo.se
www.usj.in.th