mtz.digart.pl
stroiservis.info
kaps-f.info
christianity.com
me.pathfinder.gr
rhoenseite.de
eleverem.wop.ro
nyid.blip.pl
heliades.fr
unbaronet.puk.ro
northsafety.com
007gzzt.info
www.bclass.ru
rjchessfed.com
guest-ranch.info
47tm.com
6hzt.org
netarteria.info
plus-care.info
xixidieyuan.com
www.bakec.it
www.fabbv.nl
chifeng.mayi.com
loftwork.info
a.qsdg1.in
dentrangtri.info
mostfuelefficientsuv.info
tbanc.cl
anyequ.info
hupan.net
texy.info
www.zibi.pl
mbummund.puk.ro
historia.org.pl
victoriamagic.cz
robal.soup.io
33ldh2.com
komparing.com
cdu.info
guihuaxiang.com
non-non.info
rpcxt.1168.tv
thirtyhandmadedays.com
wallpaperhub.net
365eme.com
tzne.nfdy.net
webmeistari.lv
se.17r.info
mlmbrothers.com
www.drv.nl