deutschesee.de
energyfactor.tv
clementsadjere.com
musky.wop.ro
mysticvistas.com
betonwer.puk.ro
legaldefenceagency.ru
www.50088888.com
www.mnd.eu
australianwinner.com
addomains.ru
pageglance.com
communication-presse.com
enopo.jp
gs.mbzl.us
classora.com
5432.in
beres.com.pl
tedi.puk.ro
oead.at
dobi.wop.ro
imageserve.info
telemax-tv.com
digimuziek.nl
fatsc.com
aangravi.puk.ro
chinaz.com
163gg.com
dusha-loca.co.il
gxxo.net
www.zcost.cn
lineage2.es
www.wm115.com
amens.digart.pl
www.lyang.net
niebieskalazienka.pl
amaril.puk.ro
dem.pinger.pl
konicaminolta.pl
power.zol.com.cn
pays.wop.ro
fmxuan.com
justinball.com
csrem.ac.in
digitalkids.info
gaydia.com
66se.us
semisocial.info
balibagus.com
ultrahaus.com.br
e8ad.56dvd.net
owy.com.pl
www.wbdm.net
eafootballworld.com
9rang.com
javafr.com
bux-land.in
money.pl
stipulavo.puk.ro
acisfun.com
64748.hemelsesex.nl
www.exiaoshuo.com
mexicanosprimero.org
deditus.de
nusexvideo.nl
cali.org
watch-gossipgirl-season2.blogspot.sk
rayovac.com
castlevalleyoutdoorsgallery.com
dieselschrauber.de
kabuciao.com
marimari.info
liwuyou.com
kylesa.com
77qe.com
575pp.info
surgeryloansforbadcredit.info
xsg.i3.com.cn
bbwsamantha38g.com
ufond.ua
innova.puk.ro
acervotecnico.com.br
cbs.pku.edu.cn
horo.tut.by
www.oiopda.com.cn
idealista.pt
liqui-moly.de
entoptoscope.puk.ro
www.ctba.org.cn
medebroeders.puk.ro
popcorner.pl
xj0990.5d6d.net
pornobabytv.info
devisenhandel-forex.info
kasie.info
ihresymptome.de
www.hqgdsc.com
dreamway.com
bobards-dor.fr
dsfc.net
1186.cc
bestcheapcarz.info
ccl.pku.edu.cn
kskms.de
chenzhou.kc7.info
e-rewards.co.uk
zaqhax.pl
cfpchina.com
3529888.com
towear.de
socialwebbuzz.info
salpaste.puk.ro
advisemen.com
stsimb.irc.gr
fanland.ru
bookmarks.cc
worldometers.info
cardif.fr
www.besthowdy.com
www.dl.cttln.com
tretti.no
tiao8.info
1388gf.com
pc-mall.mn
times.pl
dollbbs.com
loterias-sorte.blogspot.com
bikergonia.com.pl
cafebonappetit.com
www.8090.so
mkoza.blip.pl
chachala.com
amoregratisperledonne.it
abridge.cn
www.10086la.com
colarum.nl
chevy-niva.ru
godcafe.hu
philadelphiazoo.org
dirtyadultvideos.com
paylane.pl
www.yinlaodi.com
bridesofsrilanka.com
frasesparafacebook.ws
bbplanet.it
aansluip.puk.ro
www.stanieckaminski.pl
blickwinkel-portal.de
afspaanden.puk.ro
bressure.net
www.22dddd.info
securedjump.com
tautness.puk.ro
eestec.hu
ck.ggabc.net
521338.info
en-web-directory.com
tuulanikulainen.net
stovemaster.info
mary.flog.pl
jntuhresults.in
123e4.d5dsoft.com
canadawebhostingz.info
lawfuel.com
henshuub.puk.ro
store-web.net
trackgundy.com
guidion.nl
www.nice.pl
avrettet.wop.ro
incorona.wop.ro
pinti.com.tr
mykitchengarden.com.au
guihuaxiang.com
hualin111.b2b.youboy.com
gwbt.k3y3.net
experiencemad.co.uk
tjana-pengar.nu
transparentwebsite.com
ruez.eu
forumcinemas.ee
chinaniupai.com
classicbookmarking.info
www.700852.com
cookietwoshoes.com
amarjit.info
13cruisers.no
sqcvnbhbpk.blogger.hu
www.sdzlcl.com
meishusheng.net
bra-seo.se
akyurekl.puk.ro
anlour.puk.ro
asda10.fecsegj.hu
equestrian.org.au
aseba31.digart.pl
asendereado.puk.ro
hupan.net
asevi.net
ash-laminate-flooring.blog.hr
ashame.puk.ro
hisas.jp
ashir.puk.ro
ashita.puk.ro
www.tyjz.net.cn
ashitugi.puk.ro
ashkir.com
ashlie.puk.ro
ashole.hu
meimei8888.info
ashree.puk.ro
sweetsherree.com
kyxy.com
asia.puk.ro
asiam.digart.pl
asianflower69.a-maturescam.com
asienzon.puk.ro
asigarae.puk.ro
asilado.puk.ro
asisig.puk.ro
ask.4008162888.com
ask.eduman.com.cn
askhumanapplejack.tumblr.com
askkaito-kun.tumblr.com
asslst.puk.ro
asso.in
associer.puk.ro
assuagem.puk.ro
assujettirions.puk.ro
asterell.puk.ro
astgocall.wanye68.com
astral.bloguez.com
pygotham.org
astrales.puk.ro
bramma.wop.ro
astremo.ru
astrobiologists.puk.ro
asufarut.puk.ro
asvanyolaj-paraffinum-liquidiumnak-is-nevezik.tisztafriss.hu
asvinno.tap.cn
aswail.puk.ro
async.puk.ro
asyndeto.puk.ro
atablar.puk.ro
articlemin.info
atad.puk.ro
atakuta.puk.ro
atarea.puk.ro
atb.tsukuba.ch
nus.edu.sg
atdot.hu
ateba.puk.ro
losknope.wop.ro
atena.puk.ro
atervand.puk.ro
atesh.biz
repubblica.it
athaliah.puk.ro
atheistvoices.com
athena.puk.ro
atierre.puk.ro
zewf.nfdy.net
atim.mb.ca
boligfif.dk
almolltaqa.com
atlantasfinestbigbodykennels.com
qike.info
atlantistaekwondo.com
atoato.pl
atomabko.puk.ro
atoni.puk.ro
atoque.puk.ro
illu-member.jp
atozan.puk.ro
atr.org
atrachea.puk.ro
atrato.puk.ro
debian.org
beeldengroep.puk.ro
atrides.digart.pl
atril.puk.ro
atropami.puk.ro
kx9h.com
atsusi.puk.ro
attacherai.puk.ro
attask.puk.ro
attelant.puk.ro
attentiate.puk.ro
atterrerais.puk.ro
ultrabookreview.com
atterria.puk.ro
attics.puk.ro
ctds.info
attiger.puk.ro
attionde.puk.ro
attituden.puk.ro
avo.ru
attivati.puk.ro
attre.puk.ro
pimun.org
lyfrj.com
1toyota.info
attribue.puk.ro
atule.puk.ro
atus.digart.pl
candiganjuran.com
ewencameron.com
atwa.nfdy.net
uzrrmiku.blog.hu
exatuspr.com.br
awdalonline.com
comptiastore.com
bansy.net
bardily.puk.ro
machao8.blog.51cto.com
bawabali.com
maureenjohnson.webs.com
baxterandbirdie.com
bayali.puk.ro
bayamo.puk.ro
bayonete.puk.ro
bayouv.puk.ro
diod24.ru
bazelden.puk.ro
cerkezkoyhaber.com.tr
werkraum-media.net
ods2.com
accordklubpolska.pl
bbar.be
bbcs.puk.ro
bbft.nfdy.net
bbj.blog.so-net.ne.jp
entercave.com
bbmf-americas.com
bbmpins.co.za
bbok.org
ychat.cc
yoxd.lizhidy.net
accordions-shutters.blog.hr
buildidaho.com
cacocoa.blog.so-net.ne.jp
compass.com.pa
filmsx23.net
genuflect.wop.ro
lrhand.com
feminiweb.com
msrstars.com
citec.cc
socketapp.com
technone.puk.ro
trovit.ma
www.sdlzjs.com
www.os.is
999.cc
blogspot.sg
linkadmirals.info
cotes.wop.ro
www.sexophd.nl
carlbrandon.org
mlgo.org
bumper.wop.ro
juancong.com
www.coe.ro
www.sxywh.cn
shopping4net.se
purina.co.uk
keirin-derby.com
cagorabiz.com
hro.ir
99k88.com
guuhatsu.wop.ro
albonico.ch
dalliard.net
41qb.nfdy.net
bureauveritas.com
forolatino.info
pinka.pl
86daigou.com
bangkokholiday.info
cos.pl
streamerhoops.com
www.juanzhishaiwang.net
sanjac.edu