www.hongyingfang.com
miniera.puk.ro
publi24.ro
arabeety.com
domainhost.hu
jnmh.net
cul.sina.com.cn
www.881mi.com
bbmf-americas.com
247productaccess.com
gratuits-web.com
ceeia.com
affiliazioni.me
ngocha.com.vn
skiresort.de
kdu.cc
135.org
gagafan.org
www.jxgt.cn
668628.net
island-vis.info
geklap.wop.ro
sxjs.chineseall.cn
olympia.nl
toyotetsu.com
www.giwp.org.cn
ai880.com
448448.hk
pennystockwizard.com
mabimods.net
bennett.gi
wakaya.wop.ro
ilovekolkata.in
misreput.wop.ro
wap.yytou.com
www.peopleart.tv
areldee.co.uk
www.hglyj.gov.cn
ff.5ax.info
www.147258sf.com
aqa.kz
4tve.210000.org
www.5jxsj.com
gw321.com
hehe3.blip.pl
bienxanh.info
juxpost.com
seotest.cz
178.com
www.74251.com
0iz1.56dvd.net
duanguan.cn
venturefizz.com
utfallit.puk.ro
accessmanager.co.uk
caska.digart.pl
herbarii.wop.ro
lionsgate.com
post-subtitle.info
berserkfilm.ru
cai-led.taobao.com
directorychain.com
lolli.com.hk
studio878software.com
matchartists.com
minecraftexchange.net
kanekessler.com
www.socss.cn
guitarnoise.com
datosgratis.net
altiloquence.puk.ro
businessman.su
capnito.cz
www.nice.pl
silverado.pl
jammukashmir.olx.in
moebel-tipps.de
yrpm.56dvd.net
cjja.210000.org
urbanbreaks.com
domeus.es
d1zx.com
imos.net
spron.wop.ro
l2central.info
nikt.pl
789988.com
fifteent.wop.ro
fat-man.ru
leeson.com
bidxi.com
www.lsxdc.com
929av.com
fecabookprofileview.in
afgetuim.puk.ro
qvodcc.org
procarcare.com
guihuaxiang.com
home.dyfc.net
commercialphotographydirectory.info
buldaisuki.info
hnf8.net
www.hjfsc.com
bdqz.55.la
sharethebrutality.info
podfeed.net
arli.cn
mala.puk.ro
snyggt.wop.ro
fotomarathon.dk
cheerall.com
usinfo.pl
www.ais.pl
tianqi.178t.net
phillie-model.com
aqhamembers.org
viettripz.info
infomag.jp
www.1b2k.net
tongxiehui.net
www.tee5.com
951n.cn
almatur.pl
www.123xxx.us
www.djzj.org
capitalinvestmententrantscheme.info
rewes.digart.pl
buildwebhost.com
fridhem.blogg.se
los-horarios.com.ar
expemag.com
5mf9.265link.com
dvfu.ru
anticens.wop.ro
www.66dt.cn
j47f.lizhidy.net
88xs.15852.com
nurzu.digart.pl
yantai.gov.cn
archiveoflinks.com
eolake.blogspot.com
djongor.wop.ro
melissasaywhat.com
hdantennaconverterbo.9see.info
happybookmarking.info
cs-elaxy.pl
moron.gov.ar
bield.puk.ro
linkszone.info
profextreme.ru
tusur.info
stevia.no
www.houzi.in
medfirms.ru
nongfuit.com
orgasmos.com.br
government.gov.gr
veldwachter.puk.ro
cc.wapyc.net
adi-wh.com
association.sitoshop.fr
juancong.com
thedailyblogs.com
usf.edu
belley.puk.ro
directorytool.info
akosi.puk.ro
animeanime.jp
its-sport.de
lotbest.ru
dgh1.com
badp.k3y3.net
aborning.puk.ro
www.40sex.nl
anbringelse.puk.ro
http97.56sqg.com
diaet-planer.net
www.jpyddy.info
everesttech.net
gemius.pl
ashevillechamber.org
upaithri.puk.ro
766.com
korathealth.com
achaz.puk.ro
higea.net
www.qwlove.com
cosmicpay.com
fairies.artpassions.net
weitz.de
mycheapgolf.com
1079thebuzz.com
simterra.ru
maxikovy-hracky.cz
www.242dy.com
blog.buy.at
fenixlight.com
gardenworld.in
lycorine.wop.ro
porno-monster.ru
nakakanb.wop.ro
brazip.com.br
wikicognos.org
hollman.wop.ro
cyxk.b2b.youboy.com
roetkleurigst.wop.ro
175.aiao.cn
www.vitrina.ro
nutv.dk
eonet.jp
www.bkjy.sdnu.edu.cn
wanche100.com
drupal.org
turkuamk.fi
ablative.puk.ro
esposas.wop.ro
burs.puk.ro
nova.no
frantumata.wop.ro
dcple.com
petsforall.webs.com
affiliatetheme.de
artlib.net.tw
bratkovic.info
importio.puk.ro
aleppofood.com
jusaozh.info
juac.265link.com
lioba-usa.de
elife.ws
fmach.it
mba.la
geekzilla.co.uk
erostime.tumblr.com
snabi.wop.ro
mypclc.org
bindertek.com
asep.gr
kameraakcja.pl
lotte7.renren.com
safeaccessnow.org
lamam.wop.ro
2dm.flog.pl
jmjl.210000.org
rockandrollbbq.com
bo09.info
wichitawingshistory.com
1.com
bloghaa.com
chookscrapsscrapbooking.com
4funnytube.com
asiancumtube.com
ruizinen.wop.ro
aprilzaa.wop.ro
dafuq.info
abs2491.de
watchdog.digart.pl
cleardarksky.com
zetline.pl
ons5.info
domingo-savio.edu.pe
suseong.kr
rasme.com
wegzaubernden.puk.ro
agiterio.wop.ro
slw2.us
bfyy.qiwen5.com
centrumofert.pl
www.ittop.ir
i.m.fm
welro.info
pqlh.nfdy.net
prodieta.ro
tp.58hh.info
clapico.com
zyqpgqmtkt.blogger.hu
sidcoserver01.info
forum.creamwaletbio.com