guerrieri.puk.ro
www.boloni.cn
zhuweisheng.com.cn
digital-dictators.de
cashes.wop.ro
bajou.puk.ro
humyai82.info
3gcc.us
yingyin.biz
feanor.digart.pl
nanar.info
namevine.com
helver.wop.ro
nnmlsz.com
www.nice.pl
brasempje.puk.ro
seo-lab.waw.pl
intertrust.jp
netgj.net
www.wbw.org
freemediaproductions.info
wap.d7hao.co
abs-pk.cz
telegraf.in.ua
4heures-epinay.com
voicetraining.sub.jp
phongkhamnamkhoa.vn
mapy.interia.pl
www.hubaijun.com
fandaily.info
www.seo.ge
sarmafruit.prv.pl
5e2g.265link.com
ciftcioglumobilya.com
jkwr.nfdy.net
bijverdienden.wop.ro
healthystock.net
826a2.tumblr.com
changeofaddress.org
gartenfreunde-schoenaich.de
www.wangzhuan818.com
dog24.pl
huoxinga.com
darkies.wop.ro
chibicco.blog.so-net.ne.jp
offr.info
a2zads.info
sokte.wop.ro
teleurope.eu
articleshops.info
leaf.aquaplus.co.jp
www.wm616.cn
kaffeine.digart.pl
railways.kz
wagner.edu
seogeek.co.uk
bicyclelaw.net
fabpro.pl
androidpolska.pl
overgorge.puk.ro
jobble.pl
metar.gr
westmeathsports.ie
51cihai.com
56task.com
beaner-dude.deviantart.com
linkexcellent.info
ac-web.org
estilocasamentos.com.br
jzar.210000.org
convecto.puk.ro
office-taxi.jp
networkjob.ru
gayhunks.co
dtfx.210000.org
nanman.wop.ro
dipendra.wop.ro
sistema.pl
e-monki.pl
domainerlounge.de
courier.co.il
mearai.co
pog.ir
alzava.puk.ro
mousecn.com
theticker.tc
fyqf.qiwen5.com
dutchdailynews.com
hengei.com
kimberleymikki.pblogs.gr
bbs.dbank.com
baraje.wop.ro
danbraun.com
junshier.com
wgk.cal.pl
kanz.caghetta.disintegrative.sybariti.somnolio.wwwwww.wop.ro
dragnet.se
nextwebmedia.pl
britishgolfclub.com
1831.210000.org
exfeletes.soup.io
nacht893.blog.so-net.ne.jp
m49.cc
23rtu0.gn2012.com
9798109.5sing.com
izap.in
polish-gts.pl
entends.puk.ro
zhidao1.qjwm.com
iy0m.k3y3.net
www222mimi.shunshunfa.com
hagab.wop.ro
angeljewellery.info
dblp.uni-trier.de
avzcf.info
autoplan-peugeot.com.ar
aozheli.com
shopbot.co.za
369trip.cn
mediafire.r.gd
lazzarettibikes.com.br
c8160.com
www.avww.net
lubliniec.info
www.sqav.info
7575bo.com
burnettpainting.com
oozo.info
freeside.biz
adzi.taobao.com
www.51plain.com
goodeals.co
qwagwa.wop.ro
www.pfleiderer.pl
alojar.com.ar
bergamas.puk.ro
tydie.wop.ro
illinoishsbasketball.com
www.jf6s.com
www.bgtalk.cn
diapsida.wop.ro
fyre.nfdy.net
store4.tiens.com
ukhc.nfdy.net
mobiads.ru
z9.singdeadvs.osa.pl
zeedclub.in.th
radiopryzmat.pl
www.gamingcorner.nl
dianyings.info
d2s.in
zjxsp.78.cn
weboldal-keszito-programok.hupont.hu
vestcon.com.br
www.xhbest.org
socialbacklink.info
dam24.de
www.1798w.com
fx-biginer.jp
sexhuzy.org
cfo.cio.bg
como-5stelle.it
www.hwfanli.com
quadridentated.puk.ro
shakaike.puk.ro
mird.nfdy.net
guepardoinvest.com.br
hotelsystems.pl
mya.co.uk
wx.zxdyw.com
offcome.puk.ro
www.sqklub.pl
www.cloudleft.com
thetranny.info
magyarallam.hu
dornig.wop.ro
www.festivalbunnik.nl
px.zbinfo.net
aboutthedomain.com
leyar.me
gzlinuo.com
media-tours.de
6hz.cc
tongliaochepiao.qiannan.org
ruceni.cz
feedbackforum.info
www.fnvzbo.nl
modelki.toplista.pl
socialwebborder.info
www.xingzuo360.cn
rosier.de
44bobo.net
shads.puk.ro
shiteki.info
imu.fm
troedlern.puk.ro
xxxlicks.info
bonifratrzy.pl
skinfood.co.jp
oscilles.puk.ro
nonukdbhb.freeblog.hu
karcher24.ru
www.showsd.com
britoweb.info
ydclean.com
samia.us
miriambertoli.com
chachala.com
3499.cc
www.xkzg.org
shemaleporner.com
uca.edu.ni
nederpoker.com
wwjj.210000.org
www.1117.cc
actiweb.es
gogift.pl
www.toz.pl
hokkienkonghuay.org
hentaitube.info
cntv720p.com
sihasara.lk
www.aif.cn
av.24kdy.info
ciit-isb.edu.pk
ueda-web.net
tcheofertas.com.br
onbesuisdheid.puk.ro
www.169ba.com
djkenny.taobao.com
superkid.pl
f1.avzcr.info
www.hnbeyond.ccoo.cn
sixservix.com
yanjiangkoucai.net
uzit.co.il
parche.org
byq.nazwa.pl
2click.pl
bronzefa.puk.ro
uaua.nfdy.net
molliznar.puk.ro
cgsg.soup.io
www.51tzw.net
lanzhou.edeng.cn
entkommend.puk.ro
www.soowy.cc
misaki.ch
sh.tsyouxi.cn
mengd.wop.ro
craftboard.pl
www.xiaomii.net
uokanev.ru
tk.88ug.com
hitsong.jp
www.ebay.com.sg