alekxs.pl
agoraemais.com.br
www.czi.cz
www.sna.nl
ebooking.it
hardwarecatalog.co.kr
ampliass.puk.ro
hoshinshog.net
tamby.info
gummifuss.wop.ro
wrozki-wrozka.pl
ngobrol.us
blog.binux.me
www.franksnijmegen.nl
datong.wop.ro
gint.wop.ro
cl.orc.st
chanelshoes.info
sibucao.wop.ro
qmen.info
reyabrak.edu.pl
rhoenseite.de
pornwebcams.info
848484.info
www.aef.kz
www.666.cm
gzhimin.com
bossa.pl
recenzje.net.pl
backupdataonline.info
pop-i.info
butik.net.pl
6312370027.phone.searchwww.com
www.tssr.nl
www.formula1.pl
www.ebonylive.nl
cmj.org
baozi.info
www.yn.10086.cn
newsociallinks.info
hagard.blip.pl
megarembertow.pl
aalp.cn
aagniechaaa.wrzuta.pl
gekolab.pl
hypervigilant.wop.ro
www.dwjy.4f9.org
alqad.info
acrocyst.puk.ro
acpghfhjvv.skynetblogs.be
acnenomoresecret.info
acolomboha.org
yellowpagesindia.info
htic.biz
55bbstg.com
southbridge.de
gradientpixels.ca
unixpower.org
haoserenti.info
www.uetd.nl
bienxanh.info
33ldh4.com
n.cc
larderel.puk.ro
www.xoro.nl
www.987nn.com
juvemania.it
sweetteen.naganoblog.jp
feyalegria.org.ec
onlinewallpapershd.com
blazer.org.tw
centurion.bb
directory-concept.com
www.reny.nl
besturllist.info
movezu.info
bbs.sem.cm
www.179171.com
www.evvc.nl
4rn0.nl
ayanet.es
mario.ec
vn.answers.yahoo.com
www.onskenia.nl
tehnozona.spb.ru
solco.wop.ro
www.blimp.nl
thecrimsoncrow.com
dysiaa12.pinger.pl
mywebsitesworth.com
www.ssl.be
rk-hpd.at
www.os.is
www.timeos.nl
wallcity.lv
nskfag.org
news.yuanyi.biz
semmechanic.blip.pl
www.52fx.cn
taobaonvzhuang.5d6d.com
tk.xntz.net
andeug.com
kmg.kz
www.airvek.nl
rhsproductionz.webs.com
abc.net
abbietto.puk.ro
angeschmiertem.puk.ro
abbs.com.cn
oyuntimes.com
m.tuan.qq.com
www.weblist.az
www.cupidov.nl
chopperclubbern.ch
planet6oclock.com
sinjukuh.puk.ro
benq.msn.itcpn.net
dumblink.info
www.skalet.nl
red-benz.de
xrpjtruawe.skynetblogs.be
danbraun.com
stroybaza.com
www.ccc.cat
airline-world-manager.de
l6s4.265link.com
airentimm.com
zzz76.info
bonkaceleb.pornrox.com
talkreviews.pl
panahome.jp
www.amina.hu
49k.us
raev.wop.ro
solefall.wop.ro
www.lpev.nl
www.w668.net
zgl3635840.fyfz.cn
ccftn.com
popstreams.eu
peerless.puk.ro
bloklists.blog.com
www.sitem.co.th
www.everhost.nl
hypocrat.wop.ro
kazutomi.blogspot.com
suwon.ne.kr
swisseye.sk
chlr.ne
art-plast.info
www.rc0373.com
implant.ru
amigofever.com
www.zyyzk-happy.com
xrzd.qiwen5.com
www.icco.nl
www.mrmovie.nl
english-phonics.blogspot.com
dbox.cn
97kankan.diandian.com
new17s.com
tinypic.pl
t-sushi.ru
kobuspolska.blip.pl
www.box.nl
www.neukenmetdochter.nl
yitong.gqsj.cc
ash-laminate-flooring.blog.hr
forum-proxy-leecher.software.informer.com
hsmctexas.org
xixihuafu.com
audiclub-kreis-bergstrasse.de
gregorysroatantours.com
wiki-whoseline.pl
chopin-freak.info
seabank.com.vn
autocarsrelease.com
rtsi.ch
www.520crdy.com
travian.ws
www.luchs.jp
css.lap.hu
patakawire.info
alex327.wrzuta.pl
paradoxum.com.br
shoptet.cz
www.notie.nl
www.artishockevents.nl
posthum.puk.ro
tsine.wop.ro
consulado-brasil.pt
wang.okgo.tw
www.3ycs.com
23637.com
alaska.edu
www.tnova.fr
www.wenya.cc
juancong.com
365ily.com
socialtek.info
pakfashion.info
cctvc.5d6d.net
edfagan.com
www.domop.org
yougedi.org
dom43.info
www.postnet.pl
conessine.puk.ro
www.minsheng.tv
brs.pl
razorsql.com
chachala.com
www.navtex.nl
nassaim.com
postbox.msn.com
mynewrl.info
kolejtv.pl
mdyyj.taobao.com
www.gavny.co
me798.com
www.1589.cc
filegate.net
icpgroup.pl
sinners.be
home-link.org.uk
westspri.puk.ro
ujyn.nfdy.net
businesssmallvoipz.info
www.pvgy.4f9.org
maipa.pl
interio.ch
www.fyjzgs.com
pikehunter.se
cikly.org
flashing.cc
agamichal.prv.pl
fachingenieur.puk.ro
jelly900.hyves.nl
hukken.wop.ro
gastro-sachsen-anhalt.info
www.moliniao.net
uta6.mirume.net
annka90.digart.pl
sta1.com
albertina.at
wine-blog.org
seekpart24.com
forum.com.pl
effectmedia.pl
y0sa.265link.com
yoimise.info
norcalkayakanglers.com
sachxua.net
guihuaxiang.com
summertomato.com
rubylearning.org
medialo.gy
heb.xdf.cn
sabapayamak.info
reedexpo.co.jp
textile.im
www.lyang.net
cream-boyz.de
babia-gora.pl
logan.flog.pl
www.zhifenggangguan.net
ydsxs.info
hockeytu.puk.ro
loombo.pm
hammi.info
mtfy.info
ipu.org
avocat.wop.ro
www.yezicheng.net
dodoshiryo-hokkaido.info
oakley.xfree.hu
viruskeeper.com
tequila.polki.pl
holesterin.info
adornasti.puk.ro
qusk.nfdy.net
www.mcw.nl
adikos.wrzuta.pl
baby-walz.ch
abzug.puk.ro
www.zjfydj.com
blog.ropross.net
policy.caixin.cn
katariae.puk.ro
local-hook-up.com
ksmg.qiwen5.com
wcxm.info
ultras-tifo.net
atb.tn
wutawunashe.com
www.inbank.pl
tianxiang-intl.com
africa.fad3.net
cretesports.gr
socialsitefun.com
ns49.265link.com
glaeubigster.puk.ro
leadingleaders.net
www.isso.nl
amyscakescatering.com
statcounter.info
www.boxing.nl
www.bava.nl
wygotski.com.pl
selachia.puk.ro
nfht.nfdy.net
www.veryhuo.com
wonderlandtoyschnauzers.com
www.sotocom.nl
carrykindnessforward.com
020up.cn
wikipublic.net
www.woquye111.com
serov.info
boi.gov.bd
www.xlingmao.com
www.kkgzzw.com
piel-l.org
okonet.com.pl
se.881mi.net
www.430022.com
www.idkids.nl
www.ditsmedia.nl
www.nobco.nl
usabaduhgt10f.1168.tv
www.cqy2004.com
9ml.com.br
aborning.puk.ro
duo8an.com
mjlife.com.tw
cgi5.ebay.com
yoshioris.com
texnovlog.ru
lajos.puk.ro
ahgooreview.com
www.9618.cn
www.kukoo.net
tijuana.gob.mx
iqxw.qiwen5.com
12i.pl
www.bimago.co.uk
tautness.puk.ro
rabszolga.linkekneked.hu
kazcomak.kz
moderni.puk.ro
www.haaropmijnkut.nl
aroundthecornercandy.com
www.adrianwykrota.pl
zdr6hc.info
hszonszcz.digart.pl
grandinare.wop.ro
sporthaus-marquardt.de
planynawakacje.pl
www.palet.nl
www.reisebox.de
serverlar.gen.tr
www.aaalab.net
www.8shaoxing.com
agamemnon.com.br
xfwz168.com
www.597xo.com
www.umdnj.edu
dososinh.biz
www.zgykc.net
broker-test.de
tenantsorrentersinsurancez.info
aatouch.com
wainyi.wop.ro
s3s-perf.net
afklimme.puk.ro
crockerfuneralhome.com
ac-poitiers.fr
pariahstudios.co.uk
cwebgame.com
china.soqi.cn
newskaz.kz
e-review.tv
www.hlmiaomu.com
pusty.flog.pl
46mz.265link.com
versosdeamor.info
www.dlmeida.cn
shero.digart.pl
coastalorganizingsolutions.com
sharkpie.com
toquiodigital.com
www.linky.nl
zuicixi.com
bbs.fanli31.com
fmow.210000.org
60s-clickers.info
singold.co.il
existential.soup.io
i-x.com.cn
www.77cc.info
www.monkey.be
bjhww.com
adufa.puk.ro
49hh.net
naturpenis.com
asml.com
mugamradio.az
zdpfzrrg.1168.tv
dreddyclinic.com
www.ljlrt.info
rossip.wop.ro
porticiviva.it
www.pornofilmclub.nl
luzacki.pl
nanaa.flog.pl
www.518haogou.com
cityproblem.info
www.kaztrk.kz
yein.in
iauctb.ac.ir
beautynet.co.kr
ch.taofang.com
xugkari.com
clubracer.be
www.0004.biz
a.9game.cn
hupan.net
bbs.dongtai.so
nalinisingh.com
jagut.de
unlimit.co.il
geflatte.wop.ro
www.6uuu.us
savefavorites.info
htcshop.3ji.info
vgd-znakomstva.tw1.ru