palcommunity.com
tribe.net
1.vg
hhfyyy.5food.cn
financialplannersz.info
3rin.net
centernetworks.com
unex.undp.org
520kx.com
weightlosspearls.com
111mi.com
4008001188.tk
homenetpro.com
sh.xywy.com
lowland.wop.ro
horoscopnet.ro
ayoobbbb.blogfa.com
submit.org.in
carea.digart.pl
www.aid.nl
marqueemedia.com
massage-rooms.ru
yincoo.com.cn
se323.etu999.com
bonkaceleb.pornrox.com
badische-zeitung.de
lancia.es
mypclc.org
seitekia.wop.ro
cretaforce.gr
ogyx.210000.org
solgenomics.wur.nl
town.ehime-iinet.or.jp
www.av.887e.info
tur-nado.ru
mbaobao.com
www.websystemy.pl
fb0kapps.info
machinemonger.puk.ro
lindenheuvel.nl
bilturen.no
tigefa.info
vkopt.net
svu.edu
marchimagesgallery.com
san09.ru
kpro.cz
www.aiavnv.com
geetshabda.com
zupimages.net
steffi-pichler.at
crayonsalon.com
chenmingchen.blog.letfind.com.cn
arcansas.com
159220706.qzone.qq.com
eezeedata.info
findbook.tw
hbzqun.com
64ze.lizhidy.net
swedenwaterexport.com
rhsproductionz.webs.com
7kfn.qiwen5.com
b52.blip.pl
ereambte.puk.ro
ayna.az
slambo.info
www.sp-agni.ru
aliasauto.fr
treebankwiki.org
www.xs222.com
jlonline.com
tivi.gocrieng.vn
foroderelojes.es
omnibene.puk.ro
www.84aaa.com
hispalense.wop.ro
designmarket.su
522sese.com
cruiseweb.com
sem.io
kouryuun.puk.ro
neworldedu.org
netlinking-referencement.fr
imbolt.com
clubepe.fm
panda.cz
hb666.com
loomji.fr
libertyjanepatterns.com
koreangirl.tov.vn
speedway-forum.co.uk
www.11121.com.cn
interreligiousdialogue.info
accentinvest.com
www.pp11pp.com
hrd.pl
hutsepot.wop.ro
plemiona.pl
marinepia.co.jp
sunnydollars.net
superconcurseiros.com.br
miasto-info.pl
bhdgehryoh.blogdetik.com
borona.wop.ro
wext.210000.org
cl.orc.st
cqy5.com
www.kansm.in
diariomundo.com.ar
sens.org
toxigenicities.puk.ro
sonnenkraft.com
assommerait.wop.ro
www.88musedj.com
twoj-se.info
nokia4.com
portal-sandomierz.pl
dh.8wp.in
makemoney.com.pl
cloudirectory.info
aranias.net
libreas.eu
slupsk.pl
cyemen.com
exp-network.com
agrostoc.md
avcam.tv
hupan.net
gcn.gov.hk
dandan.fyfz.cn
42hrsclub.com
themanipaljournal.com
flux-rss.info
ico.55.la
matrix1134.digart.pl
free-articlesdirectory.info
audiointerference.com
pimagazine.com
www.shszc.com
taizhou.qd8.com.cn
www.qguowang.com
wahines.puk.ro
fufa3310.fyfz.cn
www.987aaa.com
www.jxzengshi.com
suprahumanity.puk.ro
nsm.pl
maritime-executive.com
bestadsensealternatives.info
www.maidele.org
rubylearning.org
oeng.flog.pl
odezhda-master.ru
tele-program.pl
richjanitor.com
barcelonahotels.es
dihao9.9998.tv
redpatchboys.ca
naturstyrelsen.dk
www.cdmfzg.info
ifredrik.com
atseadesign.com
insufridera.puk.ro
lamusicarumbera.blogspot.com
dension.com
www.exuqhgr.cqstar.cn
www.wonyu.nl
www.rufcasa.com
www.testbericht.de
jkeve.com
oasis.leukgevonden.nl
kali-gula.flog.pl
medtrade.com
www.bjjlsw.com
hariet.com.pl
aquaporta.hu
ogmina.lt
runningsponsorme.org
mcgrawhill.puk.ro
teflteachthai.com
cpadreams.info
aaronkershawphotography.com
sonkinhmau.com
jerifiano.wop.ro
taisun.puk.ro
mundoindica.com.br
www.nunes.nl
edzel.hyves.nl
air.7kt.info
click.uol.com.br
qualitech.info
www.0631hjf.com
0374it.com
carmony.co.uk
consrt.puk.ro
edc.es
nationalparks.org
rudyroots.org
elte.de
inmobiliariasanmarino.com
farrow-line.info
www.allincluded.nl
creativityhurts.net
ruebe-zahl.de
www.3honest.com
boekbesp.puk.ro
inkortingen.puk.ro
buzu.digart.pl
keuchhus.puk.ro
www.seav1.us
www.shuangwaiwai.in
daar.puk.ro
dccreative.org
cfda.hk
mylovedanal.tv
flasse.puk.ro
directvelo.com
vqrt.nfdy.net
magic-warez.net
guitarandampshop.co.uk
alexa.55.la
iphone-occasion.fr
drachensilber.eu
indianembassy.org.np
betalda.puk.ro
alexa.gz.cn
asromaultras.org
editoraculturacrista.com.br
cpttqkurkq.blog.163.com
hrej.cz
www.amateurfilmsinhd.nl
freeonlinedir.org
nanjing98.info
bartoosh.digart.pl
adonis.sc
g-style.dengeki.com
www.sp.cz
devhell.ro
wyu.edu.cn
megaplayer.info
gdynia.pl
www.7bobo.com
suihua.h2h.cn
hallmarkmoviechannel.com
1lxj.qiwen5.com
zy.sdzk.gov.cn
fabmall.in
3dvalosag.hu
konotop.org
www.sukhon.ac.th
akliya.com
cyborg-seo.org
klubwodny.eu
wands.wop.ro
unleidli.puk.ro
hojevouassim.com.br
recordcollectorsguild.org
juleczkablip.blip.pl
onebookmarkstep.info
la-canadienne.com
manlyyoga.com.au
1mouke.com
plr.web.id
photo.htexam.com
www.dazhong125.com
vtwiki.org
cos.pl
drug.9939.com
wn88.nfdy.net
fti.com.pl
mandycash.com
tradicionalferiadelasfresas.com
kevinspencer.org
guitarmatcher.com
heat-full-movie.blogspot.sk
anbringelse.puk.ro
www.3366z.com
greenvillehousing.org
eade.nfdy.net
bullterrponyva.hu
mehrbank.org
sfzcs.com
wanttoknow.info
almostasecret.net
www.881mi.com
buecher-musik-dvd.de
79dni.pl
xxhxalcohol.com
hodinarstvo.sk
alone-angel-san.deviantart.com
kempiu.wrzuta.pl
money-calculator.com
daringideas.com
www.pnek.org
hotxiaoshuo.info
amart.wop.ro
xxl.pp.ua
csc.kbw.ne.jp
berco-medical.com
antchpld.org
tetoraka.wop.ro
energiegut.de
diary.will-corporation.net
nicolaegabriel.info
brookes.ac.uk
telkomsa.net
proxygizlen.com
huskened.wop.ro
188.wwpp.biz
qunarew.com
ffe88ws.ugu.pl
iphonetw.net
sakidat.wop.ro
neoplantarum.it
weekly.ahram.org.eg
c1521.us.to
fotoewelian.digart.pl
alltm.org
websitehostingreviewsz.info
pagerankmaster.in
rubik2.software.informer.com
hainan.1775.cn
rpzp.cn
anvietson.org
www.yayaqb.com
jardel.com
mitsu.in
www.gooyi.cn
www.pig78.com
baixing.com
blitz-kredit.co
www.mgscl11.com
www.tjdkfp.net
taobaobuy.5d6d.com
7-blog.cn
yilan.emmm.tw
004gmbh.de
farmfresh.org
live-well-fit.com
irishmood.digart.pl
znanylekarz.pl
dharmaraja-na.org
techung.com
censusgujarat.org
medanbisnisdaily.com
vipcom.vn
dusha-loca.co.il
gwbt.k3y3.net
freshdomain.com
ttyy.net
orange.jo
nisimago.puk.ro
leloir.wop.ro
www.88rt.cc
worstsportsinjuriesnru.info
alnyu.com
gumis3000.flog.pl
mandatet.wop.ro
prosument.ru
neuentdeckten.puk.ro
pigeons.sk
www.sinokiko.com
hymntofuture.com
bemailer2.info
profilbanner.me
wasai.com
adamprzemyk.pl
personalitypathways.com
carbonconstructors.com
tonran.taobao.com
autohifi-w.de
muriloq.com
www.yyhun.cn
sumai-surfin.com
seekerperfume.cn.alibaba.com
golf-6.com
aachen.de
59bj.com
brechthouben.be
yueyang.hninvest.gov.cn
www.djjy.cn
newriders.com
vterrain.org
onlinebachelordegreeblog.info
qh.189.cn
wap.03hz.info
www.52tv.cc
holidaygolightly.com
www.night.hu
www.job369.com
dubo123.info
miuu.soup.io
kloeve.wop.ro
levelova.digart.pl
www.sndedu.cn
totalrecallfullmovie.blogspot.fi
www.4000291009.com
nsoiuys.at.lv
98w.com
www.fc918.com
sztab.com
hua126.com
bidders.jp
www.toranoana.jp
km.puepu.com
1001.org
trackmania-carpark.com
pgaik.digart.pl
ifra.wop.ro
sanchezsalvador.com
roomm.com.pl
saozi.info
livetests.info
ilovegraffiti.de
mnorz.com
se.765aaa.com
kampeerzaken.info
narodclub.net
cwcx.zju.edu.cn
gama-forum.org
360tbw.com
scrib.digart.pl
www.fututa.com
td7.ru
kurzurl.net
agita.puk.ro
www.haju.cc
garvilili.blog.pl
abus.de
songfor.com
browncafe.org
allegr.pl
nederlandsesex.startspot.be
pudgy.wwwwww.wop.ro
hekh.nfdy.net
1639sex.com
nusexvideo.nl
hostratings.co.uk
ajandekozz.hu
jn-photobook.net
laurna.wop.ro
www.cctpsw.com
www.hnlfz.com
appsforandroid.webs.com
banaliserait.puk.ro
ombouw-wii.nl
film.culture360.org
tadwena.com
timmstuff.com
ncnews.com.cn
krem.web.tr
livenote.info
22avril.org
linguee.com.br
kvzugmcufwib.blogtrue.com
avvcd.com
445688.com
isurvived.org
pshoping.com
oops-music.com
www.aidang.tk
3gpda.net
cristal98.com
seadir.info
dalishendianchi.com
stylistsresource.com
unexplainablee.flog.pl
salilab.org
psi-lcd.com
dev.mo.cn
www.xxm.me
gptdeals.info
onedirect.it
planetb612.info
www.ddhssc.com
www.dlsepx.com
sidsbook.org
aedel.amorism.wwwwww.wop.ro
parseta.home.pl
katalog-next.pl
sitrusfr.puk.ro
gamerama.fr
www.222tp.net
ritzasia.com
8mpz.qiwen5.com
54luren.com
skeedy.com
lztube.com
greenedmonton.ca
www.sdlcll.com
qylr.210000.org
kuoyu.wop.ro
softpedia.com
luxury-spa-breaks.org.uk
yesvpn.info
norgai.com
www.hzdss.com
48al.qiwen5.com
www.zziit.com
www.phys.ndhu.edu.tw
gleneaglespethospital.com
albert.cz
mapstory.org
kenyawebsitecompany.com
www.gbeca.org
oat.ro
oldtowncanoeshop.com
fanlvshi.66law.cn
leeds.wop.ro
online-casino-spielen.info
ungerfab.com
www.hongbolc.com
boothkoskoff.com
fenti.biz
www.guahao114.net
nessie.wop.ro
down.wglm.net
diskonvoucher.info
outpost.pl
geekmemore.com
jhx0.k3y3.net
dodspy.com
aviatnet.com
s907.ztzt.us
guihuaxiang.com
scenari-platform.org
blog-news.it
a777818.taotao361.com
imoment.info
elgin.wop.ro
ifreeapps.ru
polyer.cn
sevenstring.pl
dayzcommunity.eu
beijing.7kjia.com
anend.wop.ro
frametoy.com
dizilerbizde.com
www.foxdoc.com
the-boneyard.com
criar.puk.ro
www.abcaba.cn
worklols.com
bylas.wop.ro
seowebsitesdirectory.info
bj.51f.com
lekiznatury.pl
skladchik.com
megaredi.com
camera-le-nse.info
sschome.com
frot.co.nz
yiduzone.com
mantiden-forum.com
teachhub.com
azfsi.com
klonopininfo.org
www.0931zxw.com
bryansmithson.com
i9gs.qiwen5.com
vingerringen.wop.ro
free-phoner-free.blogspot.com
www.letv.name
items.com
trjettyfuneralhomeinc.com
tinyassapartment.com
sao66-d87.diandian.com
hpa-unite.org
cyberjaya.name
hnf8.net
anyw.265link.com
www.fp36.com
mfiforum.gr
www.tljbzw.com
distinctives.info
hell-hotel.com
mozgorez.ru
vv2u.265link.com
www.ccjlwj.com
whxhgpys.b2b.hc360.com
usporn.tv
panorama.de
pistiforma-1.gportal.hu
allclicks.de
thetinytube.com
www.jdbh.yzghdq.net
hyc.fad3.cn
www.taobao8899.com
tourismtravel.com
socialbookmarkinggroup.info
nongfudaohang.kickme.to
achmad.wop.ro
h.com
gazipuryouthclub.com
viebrockhaus.de
osnova-seo.info
pantheonmen.com
alqad.info
einarsdottir.com
www.zhimaizl.com
dev.w3.org
datingish.com
lakwatseradeprimera.com
lukav.digart.pl
hh.yaowan.com
vanessa.galleries.islive.nl
kupiosago.ru
svincolate.puk.ro
www.chinjee.net
pytalhost.de
nesiot.wop.ro
www.wandy.nl
www.lasercutter.asia
openlinksys.info
uniquelinks.info
www.gzdtc.com
comofazer.com.br
mvgk.265link.com
eat-alian.it
www.sdricher.com
tvfm.hu
graela.wop.ro
elongyi.net
angoya.wop.ro
livetradingnews.com
kawmassrf.blog.mongenie.com
jestemelanzowicze.pinger.pl
vento.am
www.benbaowo.net
emigre.puk.ro
pixic.net
griyoib.com
simplesamlphp.org
memory-alpha.org
dialog.ru
www.xq57.cn.vc
pocitacestrasnice.cz
rizhao.taofang.com
ablative.puk.ro
mediadev.pl
www.tfnv.tk
gaijinchronicles.com
toysrus.com.cn
49gf.net
best-50cc-bike.blog.hr
frwk.jp
www.anaalbangers.nl
coachlatinoamerica.com
guoaoxinli.com
tgci.com