www.truyen-sex.info
dillerdesign.com
1shoppinguk.info
ducts.puk.ro
pipa.jp
edp.pt
asrod.wop.ro
liuhee.info
russianvirginz.info
likarili.9r.ro
fridi.ch
immit.wop.ro
911sese.info
verket.wop.ro
doodle.st
programy.dsl.pl
muabanchinhchu.info
marriagepic.info
magazin-ddl.info
bbs.ehomes.cn
flug24.at
lachnosterna.puk.ro
www.emib.eu
worldtruth.org
maja85.blogger.ba
verdi.puk.ro
www.txyxgh.com
wykruszek.digart.pl
wap.023799.com
czarodziejskieliny.pl
upload.co.id
venyoo.de
host24.lt
itros.blip.pl
www.znk9.4f9.org
103.mn
arcada.com.ua
www.kinhdoanh365.net
finar.wop.ro
icms.info
dbmailadmin.org
40211.ehbpok.mil.pl
startle.wop.ro
bronzefa.puk.ro
0662.1775.cn
www.fbi110.com
ling.pl
inturbo.lt
ahe.blip.pl
www.info-com-info.info
crystaldew.info
ditzel.wop.ro
subaru.jp
1122.com
interpark.co.kr
almalath.co
666686.info
gagugo.pl
ohko.210000.org
hvtc.edu.vn
phidoi.go.vn
botsugo.wop.ro
pocztowy24.pl
gauhe.puk.ro
guymaes.zoom.nl
fotoprinter.pl
maniniyot.info
puro-ocio.info
president.gov.tw
bironevica.hupont.hu
www.tscxzs.com
uvol.digart.pl
sesukaku.tk
k12.ky.us
katbol.puk.ro
outlawsmcworld.com
nwang.info
faf.dz
citeman.com
seamanfan.com
octocore.es
geekberry.net
meteoorregen.wop.ro
roysanpa.com.pl
www.mm17u.com
gigabyte.pt
verifaraway.de
scarj.asia
unganged.wop.ro
uiteenstuift.puk.ro
colonic-cleanse.net
machogo.wop.ro
aachen.de
hupan.net
gibi.digart.pl
www.shgm.net
netsolutions.in
vedur.blox.pl
www.xtrc.net
richestmaninbabylon.se
hacktutors.info
etoilediese.fr
saywho.fr
lastdesign.it
fotobarbara.flog.pl
free-dom.info
jw-webdev.info
mmload.info
guihuaxiang.com
gamemobai.info
muonmau.vn
freelinklist.info
frank-teens.com
bykjpx.58.com.cn
www.hotavxxx.com
fy8dy.com
demo2.cz
piercingonbody.info
kyle-xd.info
7seuu.cn
cctv1.cntv.cn
www.youkan.net
ccftn.com
mediajobs.it
aftermarket.pl
www.hdew.nl
www.kskd.pl
sunne.puk.ro
01mistresslady.a-liveprivates.com
0375.1775.cn
hutsepot.wop.ro
limera.puk.ro
uaead.ae
gaoyuanhongjn5f.1168.tv
www.ezhou.gov.cn
roybusard.be
clubepe.fm
inboxes.info
www.sifangsebo.com
fotofenster.de
www.debruijnhaarmode.nl
www.888f.net
landhold.puk.ro
navygouge.com
amadorwa.com|chris-ensoll.com|surroundreceiverrevi.9see.info|www.olx.com.sv|www.renticd.com|aleksandra1.flog.pl|www.138fp.com|www.oov.pl|bbnj.nfdy.net|khamta.wop.ro|tortellini.hu|www.wens.com.cn|fmq7.nfdy.net|webgarden.com|janjl.deviantart.com|www.7898989.com|www.04baidu.com|www.xmrsd.cn|menudirect.com|parishcreations.com|ulusahizmet.com|prsorgulama.org|www.jianfei.net|www.rts.fm|huaiyunqiandezhunbei.bb-house.com|fotobanda.com|glaent.wop.ro|anthonyackroyd.com|bioon.net|cpugjbxvci.blog.mongenie.com|www.158mlt.com|aagamas.net|www.luhacovice.cz|www.joojd.com|setools.cn|ieb.be|jphkywgi.skynetblogs.be|www.ldd6899.com|sankygz.com|dreamworld.goedbegin.nl|bbs.hkvmv.com|www.xxx93.com|www.qg-knives.com|aerialarts.deviantart.com|kzaa.nfdy.net|www.714302.com|gs.mbzl.us|vq5o.k3y3.net|www.ttky4.com|www.dcvg.cn|gascaquintero.com|www.hxtao8.com|affordablehealthcare-1.info|churchofchristehr.com|kamban.in|pan-yu.net|www.cntianxin.com|www.lmmw365.net|utorque.com|www.dywtx.com|www.shszc.com|www.dbxigua.com|www.bsyjfc.com|tumen.mk.ru|pagestat.com|www.qiangren.org|www.baimao.com|goodartanimation.com|9yin-vvoniuu.com|www.tsyouxi.cn|www.cnsummit.cn|www.zhenxingo.com|www.djdmy.com|ranking.pk|cigarettes.typepad.com|actresssex.a-maturescam.com|plsearch.com|escaparatevisual.com|adminunion.com|www.hnzyxx.net|htqc168.b2b.hc360.com|qianjin88.gitom.com|www.leica.org.cn|www.asianhugecock.com|dazs.66law.cn|19qq.hk|wap.tudou.com|www.szhq.com|www.twspg.com|valu.cn|szoves.lap.hu|wordpress.com|digital.orf.at|www.4006848085.com|bbs.sqfc.cn|ftpcdn6.r633.cn|www.szaaa.com|www.liswl.com|www.sjhfs.com|24xxoo.com|www.babaw.com|www.kkyxw.com|qdlwt.cn|fotbalstudenka.cz|gytq.nfdy.net
sportifo24.pl
edc.es
kylcsar.puk.ro
www.dzzs.com
startcoach.net
ligapolska.info
indexnew.info
5216u.com
dbw.topka.pl
broglie.wop.ro
romantunnel.info
528.hk
trampolinyfuntek.pl
dgcq.b2b.hc360.com
flueimue.skynetblogs.be
a8e155.x5x8.net
clever-forex.info
acetenyl.puk.ro
pressnet.or.jp
hyalosid.wop.ro
pamlico.net
leadogenerator.ru
diyixian.cn
lajfisbrutal.soup.io
fuelsaving.info
lambdin.puk.ro
sonnenkraft.com
tga.nl
conectica.ro
sba.vn
inversi.wop.ro
abus.puk.ro
www.fdjzs.com
wwwl.w5w5.info
maximumtraffic.info
carsv.cn
achipa.wop.ro
beijus.info
contactlink.info
antbags.fr
fushun.xinl.net
sibtel.ru
3866.cc
boerse.wop.ro
bookmarktoday.info
tvspielfilm.de
tugofwar-mosnang.ch
sankuai.info
sws.cz
freecashincome.info