hupan.net
bwap.4vx.cn
galakleding.info
stateofaffairs.info
bardon.edu.pl
gazetaprawna.pl
flasse.puk.ro
qasdgw.osa.pl
suchlexikon.de
www.qcnx.net
tabriz.pl
competitions.ie
app.120.net
www.3444.cc
darooyab.ir
richrussell.co
cache2.nipc.jp
szzhudi.com
b1aa.qiwen5.com
bzxwoqsffg.typepad.com
clicker.com
crisco.be
freibad-st-florian.at
hr.cc
ipushiro.wop.ro
kanani.wop.ro
kloa.wop.ro
liaoning.ucar.cn
medebroeders.puk.ro
moppc.wop.ro
scenemagazine.com.au
sfcsf.org
toumpano.net
trinca.name
um.lublin.pl
www.111814.com
www.12520.cc
www.166588.com
www.5210wg.com
www.ets18.net
www.eurocino.com
www.googlr.cn
www.hao57.net
www.hebjpk.com.cn
www.hy1s.com
www.iiisexy.com
www.ph70.com
zctea.cn
c1521.guf.fi
fzpu.nfdy.net
behamgroup.net
alarmeren.puk.ro
beirobot.com
alamisskennels.com
beipil.kg
guizgx.520edu.com
magnetictherapyexbx.info
aufbringen.puk.ro
hgxh.5d6d.com
hnru.qiwen5.com
huangsemeinv.org
ohkh.nfdy.net
directorylinking.info
outofstock.com
fenny.puk.ro
vident.com.ua
rokk.puk.ro
seopard.com
shokansh.knept.sperperati.wwwwww.wop.ro
racingclub.com.ar
shop68373113.taobao.com
sibt.nfdy.net
skyseotools.com
sub25.ro
sunpho.com
takwa.cn
turbanto.wop.ro
bookmarkinghut.info
viaggiok.net
viudez.puk.ro
voipgate.com
hens.puk.ro
www.pjhome.net
www.psyhealth.cn
evep.nfdy.net
alfaoptima.hu
lubiefilm.pl
3g.news.cn
slowbos.com
sirb.net
thoracostracan.skoleung.gracer.essi.euwww.wop.ro
lz.58.com
mh-20tc.com
druckinjektor.de
clemenskern.de
hozy.210000.org
www.webnet.lv
gar2.265link.com
echte-demokratie.info
najnizszeraty.pl
www.200.com.cn
socialblogger.info
loee.pl
www.cdysxy.org
hzf1974.fyfz.cn
www.plinkit.org
xixihuafu.com
so-buzz.com
dzhuiou.suliao.biz
ford.tlap.hu
0874.cn
disn.210000.org
vipsaopaulo.com.br
z755.com.vn
blackphoto.com
mehes.org
elpatrone.blip.pl
65.tc
verhalle.wop.ro
penizenutne.cz
www.ontozes.hu
www.qykm.net
tapetenmarkt.de
www.menorca.net
peisong.biz
minocqua.wop.ro
www.dz-tv.com.cn
tintuchangngay.info
japan-schools.info
51dytt.info
baranmovie42.in
www.hfq.hk
bookmarkdream.info
pataleta.puk.ro
www.b19fym.pxlnet.info
games24x7.com
4paredes.ru
guarita.wop.ro
chuvs.prv.pl
kantiana.ru
bbs.tv2018.com
8795398.5sing.com
guihuaxiang.com
www.techcamp.pl
daijo.info
blindden.wop.ro
libozs.net
dewart.wop.ro
beisnica.com
www.hmdyw.net
seo-tec.de
mastermind.co
aurasma.com
dichtvallen.geograaf.smoker.wwwwww.wop.ro
www.zombiedogs.net
atehenmei.com
ukhc.nfdy.net
www.windex.pl
vitaherb.no
tubexxxhd.info
freejoomla.org
imgwykop.pl
onsalereview.info
fullorissa.com
silvanax.privegalleries.islive.nl
www.yitongsd.com
juancong.com
qvod123.info
xposeprint.de
hebirujia.fdchs.cn
polaris-systems.de
studiosk.prv.pl
gailrodgers.ca
www.qtek.gr
www.xgdqw.com
seebaa.pl
nugwnambu.org
mitgekri.puk.ro
hitsong.jp
stopklapsom.pl
interactive10.co.uk
meghair.pl
www.haose779.com
fictionalley.org
www.ebao110.cn
www.8812.info
ingatlankorzo.hu
arusz.digart.pl
rollingbay.puk.ro
www.jrt.hk
toptrade.it
8hw.cc
marykay.com.br
knep.org
xeres.wop.ro
www.yrh4.4f9.org
futbolcup.pl
se.iii90.com
tidf.com.br
aite.cn
www.xz.2sun.cn
www.ihj1.4f9.org
bioecolo.info
my.b2b.hc360.com
nsrc.org
www.ywtcn.com
p2media.pl
www.feifeiwg.com
www.zmzxw.net
topredirect.info
coord.info
bestnewslinks.info
www.supremecourt.gov
masterstick.pl
coata.wop.ro
xxxkug.wop.ro
0pd.info
ujtw.nfdy.net
rechnik.info
leawoodward.com
r-l.com.cn
www.yc18z.com
proteus-solarsystem.info
384012.com
shop8586.com
www.furen.com.cn
ebooking.it
win.21cbh.co
www.qllylt.com
raev.wop.ro
www.cpdy.net
superbude.de
newphplinks.com
baotojoji.blogger.hu
5c5c5c.haolae.com
tamatekk.puk.ro
stadvoog.wop.ro
schaeffer-ag.de
paroemio.puk.ro
uahotels.info
eda1.blox.pl
cignasecure.com
euro-web.net
calil.jp
48cc-bike-engine.blog.hr
cssrain.cn
technicalities.puk.ro
javno.ba
befsztyk.pl
mojaolesnica.pl
www.jbteens.net
denton.wop.ro
freelinklist.info
jfcxjm.78.cn
concursosweb.info
mhsalumesquires.com
vermoegende.puk.ro
www.mobil-copies.ru
9thien.soha.vn
niiza.wop.ro
tylkomarkowe.pl
personalfn.com
seminegro.puk.ro
servicelearning.org
chengdu.16555.info