teuvo.wop.ro
xvideosporn.info
jelisaueta.wop.ro
spir.cz
www.animonda.de
al-sakr.com
mirvinograda.ru
icio.us
www.thuocgiamcan.co
biurovita.pl
hotel-villasanmichele.it
programy.dsl.pl
mydanmark.de
mcgill.ca
reflection.pl
volchegursky.puk.ro
www.qnss.net
www.qianke.cc
socialtag.info
www.yyrtys.net
yret.fecsegj.hu
www.zcspx.com
extremejobs.ca
slump.info
kalliope.org
www.sexgs.net
parafia.info.pl
iy0m.k3y3.net
muitaoferta.info
www.gssex121.com
boungler.pl
seostation.pl
recursul.ro
www.luban.pl
zun-yao.com
svaet.puk.ro
americangeneral.com
debatside.dk
og-holtriem.de
malenka1909.wrzuta.pl
zdjecia.pl
swiatkotow.pl
zynga.tm
pagerankz.info
lamer.wop.ro
www.fitband.de
w22.pl
wclibrary.info
brlinking.info
www.tjgyhzs.cn
mw3wiki.com
ukml.info
blog.anubite.co.uk
7-sky.info
daijo.info
sporthaus-marquardt.de
www.cyprusspa.com.cy
foxinc.jp
islamophobiatoday.com
tomaklima.hu
emarket.gr
antiwedge.puk.ro
xronika.az
wenren.com
www.csdwatch.com
semduvida.net
gekibun.blog.so-net.ne.jp
www.keeway.ee
hungmok.wop.ro
naxosnow.gr
trainspotting-full-movie.blogspot.ca
modele-de-lucrari-de-licenta.portalio.ro
www.szitwh.com
entersoft.vn
www.jaclaw.pl
dlcentral.info
netizens.pl
xonetv.info
hamara.ir
rollito.eu
prague.fm
zibi.wop.ro
szinhaz.hu
www.szhq.com
countryman.co.za
gemonteerden.puk.ro
mird.nfdy.net
osplipsko.vel.pl
amb.blip.pl
umelabo.info
realestate-projects.info
volleygame.it
beaut.ie
www.3m.com.cn
promoceny.pl
www.stacha.pl
www.yjren520.com
spotmag.pl
laptopdrivers.info
yellowware.wop.ro
t-mobile.mk
parrislane.us
clishecollies.com
fallen-angel.org.uk
reiki-life.ru
transins.wop.ro
wwwkk.150m.com
www.netty.cz
raovatcantho.vn
kate093.wrzuta.pl
biod.info
seolinkdirshop.info
gconline.de
repararpc.info
tradedoubler-de.de
tk.xntz.net
blindden.wop.ro
e-meteor.pl
toyokazu.puk.ro
www.fjkeda.com
66321.hemelsesex.nl
melledubndidu.fr
jixie.jiancai.com
www.ancora.cz
wwv.887e.info
vaupes.wop.ro
attacks.wop.ro
vsm1.com
342w10.951n.cn
militant.ru
shimadzu-techno.co.jp
kcpp.qiwen5.com
kawther.info
cinemagic.dk
xpressvids.info
shilehui.com
h2ms.265link.com
pansitenederland.nl
www.tfceo.com
zhongxing.tk
thebestexoticmarigoldhotelfullmovie.blogspot.gr
tckk.210000.org
www.fjchuanglian.com
axiba.info
articleslot.info
nyllover.com
zaped.info
juras.blip.pl
bez-nauki.pl
nudist-gallery.org
www.chamsocweb.com
amazingcharts.com
www.nnuh.nhs.uk
www.italmix.pl
fairwhale.zqjd.info
eduquiz.info
netbetyar.com
www.yishuyy.com
brune.wop.ro
vmex.info
5bodog.com
bmw.win-cloud.yu.gs
sartorit.wop.ro
chachala.com
186ai.com
disquiet.puk.ro
www.pripojsa.sk
panurlcore.com
prwv.info
cienum.fr
gesellt.wop.ro
mmload.info
uvoz.56dvd.net
pajarero.wop.ro
tibiacity.org
beautyteen.info
cricketplus.info
sklepkamil.pl
talonnag.wwwwww.wop.ro
xf1.derezw.osa.pl
lampazo.puk.ro
drei-zinnen.at
www.wzjh9999.com
yourworld.pl
cdnjs.net
www.proalt.cz
www.sh-yongsheng.cn
mep5.nfdy.net
amicaler.wop.ro
www.mmyy2.us
xawesaa.webs.com
6mbb.co
yarcenter.ru
881903.com
lonelyplanetitalia.it
cebado.wop.ro
www.nr8.info
www.dg234.com
ugksoaxr.blog.cz
outbalanced.puk.ro
piphut.com
dei.digart.pl
51bty2.jumpingcrab.com
fortuna.lt
cbclansing.org
av.ipobar.net
mc-larsen.dk
monikak97.pinger.pl
33223322.info
www.0536food.com
shoping2.info
modelki.toplista.pl
rabotaizdoma.net
fujitsu-shop.pl
1808.co
dequeva.es
dotal.wop.ro
edi75.flog.pl
tp.piba.cn
ctf.digart.pl
87952974138.qy.tianya.cn
spezzerai.kersenti.caneyville.wwwwww.wop.ro
shop.0668.sh
btn.ir
www.pcc.cu
afterarticles.info
molefonkne.wop.ro
grootpap.wop.ro
monigote.wop.ro
komerski.pl
www.yinlaodi.com
cutegalleries.info
www.logeb.com
bfhn.nfdy.net
wap888999.net
ftvvitter.com
elbolero.info
anex434343.wrzuta.pl
qwe1w2.951n.cn
zhugao.cn
celka-frackowiak.pl
sarasotahomebuilders.com
freedirectorylisting.info
51szs.cn
sova.se
56hehe.com
www.g1intezet.hu
hengguang58.net114.com
sbenergy.co.jp
www.xoh.be
datamapper.org
smashmedia.jp
movietools.info
nowyadres.pl
xtxpasnh.freeblog.hu
independent.pl
verlangt.wop.ro
ramosopi.wop.ro
chubs.puk.ro
superfaceci.pl
kata1.xfree.hu
rnr.mu
tbd.my
nextlevelpoker.info
www.bttkh.com
maldonwiki.org
tuchtmid.puk.ro
taran.digart.pl
banksoftwarez.info
web-ads.pl
funpic.de
rasons.wop.ro
www.saodaohang.info
www.4ddy.cc
vivyxprinting.com
www.tulufan.gov.cn
tariffab.puk.ro
teeterbo.wop.ro
www.vaff.lt
psiaki.prv.pl
pracetanio.pl
sex.fh21.com.cn
www.fono.fi
www.smaki.pl
sila.toplista.pl
www.hedric.nl
cim.org
worldhouse.vn
johnbauer.nu
rcseng.ac.uk
castlevalleyoutdoorsgallery.com
topvpshostingz.info
60.by
snxcocn.info
uekatowice.blip.pl
mleczny.pl
echosnu.flog.pl
izbinsky.wop.ro
lei.flog.pl
linkshark.info
dementia.pt
miftg.1168.tv
fantasiesinglass1.info
cn-21cn.com
concursosweb.info
amichalski.blip.pl
skyscanner.pl
www.geliya.biz
germanien.net
weblai.com
draakhan.info
www.jcow.net
s0un.56dvd.net
www.travelco.vn
afganec.fo.ru
goo.pl
oxu6.265link.com
solidcoin.info
mpoptavka.cz
at-internship.com
www.conghung.com
cn7.net
phproxyurl.info
5wycy.78.cn
xinganmeng.m69.info
milkboys.org
mlmtoppers.info
www.fitcoach.cz
ideali.wop.ro
www.hbnews.net
paike.dy365.cn
microscopical.tash.hypersensuous.deliriant.wwwwww.wop.ro
zweier.puk.ro
garla.9r.ro
massify.com
wlocl.pl
samildemir.av.tr
imlemeb.info
395.pl
fyre.nfdy.net
www.tanvx.com
97sese.com
sportsnews24.pl
changeov.puk.ro
stealthbot.net
hadezprofit.info
finril.org.pl
www.argus.nc
templatesparanovoblogger.blogspot.in
coata.wop.ro
rmn.fr
www.2345se.com
ico.55.la
piusanipiubelli.it
nuti.puk.ro
whatareunlockedgsmph.3ji.info
fenice.pl
fabiolahanna.com
kvartirumne.ru
www.civd.de
quemar.wop.ro
lnit.edu.cn
www.92kdy.com
www.868989.com
6c6c6c.com
yardflocking.info
vorhaeute.puk.ro
etailcapital.com
scsn.cn
vendingconnection.com
eflu.265link.com
www.fjdpc.gov.cn
www.dtqsy.com
5ucom.com
velosh.com
ixinh.isvo.in
aron.210000.org
artisteer-polska.pl
nissanzone.pl
develway.pl
angelo.puk.ro
baranmovie42.in
thewebdir.info
metalgods.com.ar
raz79.blox.pl
www.gzdh.in
mikolka.info
magneetb.wop.ro
t2b.pl
plasaszr.bee.pl
youngwebcam.net
getagirlgoingcontest.org
graphics.beareyes.com.cn
waste.ua
bartnik.digart.pl
antikris.rincresc.wwwwww.wop.ro
libozs.net
websiterank.in
voxx.info
szatka.pl
jointokyo.org
xiaomi.hk
tsukuru.info
cashprom.ru
nanjing.jzcn.net
www.jjrtvu.com
dcshoes.centp.com
myface.com.nu
www.emoed.net
magikthemes.com
alpinist.kz
slownik-online.pl
wordpressclub.ru
tauti.wop.ro
35ys.net
www.jaksw.com
ksiazka.net.pl
bikechatforums.com
twtn.nfdy.net
www.avatari.eu
superbude.de
t5dn.qiwen5.com
durszlak.pl
svvr.ru
www.2677.com
luckyshare.net
hastende.wop.ro
www.btturk.net
jungle.digart.pl
fii.pl
drannepower.com
fitorfat.info
www.666xa.com
zarabianiezaklikanie.pl
videosex69.info
linkkick.info
pcmusic.pl
xh520.tk
cx3l3.u44777.com
thinksaas.cn
pocztowy24.pl
fzf.com
www.laiyuepao.com
88872.taobao.com
bookmarkingfly.info