thanhly24.com
cl.10.gov.cn
the5mountain.com
cnfxopen.com
thecheshire.co.uk
chanel.nzw.cn
cnidcs.net
theezweb.com
tibetaltan.hu
cnota.cn
opererer.wop.ro
cricketplus.info
daibin.info
dailybooth.com
dailygamecock.net
dailymotion.r.gd
tollerare.wop.ro
deadlier.wop.ro
tonran.taobao.com
topalternate.com
toryburch.zusl.com
dentalbraces.com.au
tribe.net
obvysocina.cz
tribe.wop.ro
udwcnttfh.blog.mongenie.com
ukkq.265link.com
donga.puk.ro
idd.net.cn
umn.edu
estoreadvanced.biz
uncfsu.edu
undefeat.wop.ro
fannywang.com
unet.info
user.qzone.qq.com
fortunaweb.com.ar
usertutor.org
utk.edu
gannan.66law.cn
gaoyuanhongjn5f.1168.tv
intelmotherboards.7l9.info
goldentouchrecharge.com
golf1.info
goniopholidae.puk.ro
uwebdir.info
gtesports.com.au
videocul6.info
gzbqgs.net
videoeuro2012.com
hao.b2b.biz
videoglazok.ru
vip.kuaibo.com
virtuti.info
hsy.78.cn
www.sz.js.cn
visiofakt.de
icxs.qiwen5.com
vortexwaterpipes.com
ichi-ichi.info
voxshadowhex.webs.com
vsm1.com
vwt2.lap.hu
vybm.210000.org
w41a.ndw1.us
bmarena.info
w484.wrzuta.pl
byutexi.puk.ro
wallpapers-az.com
wap.111hz.net
wap.ton.az
watch.impress.co.jp
watervilla.hlbnb.tw
waveskimmer.ca
nepujsag.hu
wccawebsite.com
wdav1.com
wdbnl.com
wdesk.pl
weather.1neng.cn
web-stihi.ru
webnoviny.sk
weibo.com
wellformative.com
www.together.im
westwing.pl
whatis-communication.com
whbyfts.tumblr.com
whoistop99.com
www.urra.cn
ideseg.com
widdis.puk.ro
l5d.info
immobilienmakler.klup.info
www.xcwangluo.com
wii.2.ag
scottcrumpabfn.ning.com
itbusiness.ca
painelglobal.com.br
wiki.zhulong.com
oerfil.puk.ro
www.xuduba.cc
wikilib.com
iyad.wop.ro
iuruna.puk.ro
wikipeptide.com
jblove.net
www.xzjmm.com
jfzc.210000.org
wildfishandship.com
jiwi.nfdy.net
wine101nc.com
jnby.pharmst.cn
kamilbazelak.pl
kiamil.yz.pl
wintersunlight.xclub.tw
kong.net
wirelesspronews.com
kygu.nfdy.net
mitao123.spaces.live.com
wisniowski.pl
deploying.software.informer.com
mmil.qiwen5.com
www.ybbse.info
woaj.qiwen5.com
naiki.wop.ro
wood-china.org
nvnet.org
word.langfly.com
fjpkw.com
science360.gov
wtnpzyag.skynetblogs.be
oru.ru
www.2tt.cc
www.schizoid.info
aquijuego.com
www.568tao.com
pagranksite.info
www.90im.com
paratomial.puk.ro
pcl.software.informer.com
www.firsthandbuy.com
pcpeizhi.com
skyseotools.com
pelmel.info
searchignite.com
polarice.com.au
puerh.cn
tutajdoladuj.pl
qmul.ac.uk
www.hb6.org
qzv6.56dvd.net
www.hnxdn.com
ravu.soup.io
www.hs.cm
rcvh.nfdy.net
www.industridesign.lth.se
rysa.wop.ro
www.jinantianqi.com
www.jkxws.net
selio.tk
www.oooccc.com.cn
serialnod32.info
www.pp11pp.com
sexchat.pl
www.rzy666.com
shypzh.117.cm
stampya.jp
synzu.com
sz082.xb007.net
www.yz-air.com
xinian89.com
techtalkasia.com
telovtelo.ru
tenminutesago.info
sighci.org
khda.gov.ae
terni.it
www.030505.com
www.11qq.cc
www.1b2k.net
tlgvieaot.blogdetik.com
www.360rc.cn
rfnc.ro
insectology.wop.ro
www.ameba.jp
tzeo.nfdy.net
www.bzyfwy.net
www.eurovapers.ro
www.evbike.cz
www.forward-cargo.az
uploads.software.informer.com
www.goodsmile10th.jp
zx.dl.wanmei.com
vixen.co.jp
otl.sourceforge.net
camping-courtille.com
mo-mama.org.ua
irc.org.tr
srovnavac.cz
webaff.ch
vtagit.info
ymir.prv.pl
www.yishow.net
watsons.com.tw
szigetfestival.it
dvd2hand.tv
www.0757seo.cn
www.163asp.net
www.9999zz.com
www.bttc.cn
moyne-picard.fr
www.e66.c.pl
www.go108.com.cn
www.jldyks.com
www.kg55.com
www.kkgzzw.com
www.mx1.us
7071.nfdy.net
zettelte.wop.ro
bac.org.uk
0000ac.net
2ip.ru
48zh.net
52cznet.com
www.jjj123.info
52pjz.com
aangevij.wop.ro
anesthetizer.wop.ro
artemisi.puk.ro
bestseocheck.com
bk.com.vn
bkevine.net
bkpnk089.blogsport.de
www.paijie.net
bl-portal.de
black-and-green.de
www.lgdxdl.com
blackabyss-manga.webs.com
blogspot.nl
bortunolteanu.ro
bosch-home.com.vn
bostondurgabari.com
btmaster.cn
kelcours.com
buckeyeplanet.net
www.netjunkie.ro
bude-quendorf.de
bundeskongress-partizipation.de
www.outriggerawnings.com.au
bungee.co.cr
buntewebnews.de
burgerlounge.com
www.sportshoes-fr.net
busuk.org
butonii.ro
buxmontnews.com
buy-tramadol.over-blog.com
cd.edulife.com.cn
cdcn.78.cn
vccinews.vn
cdegree.net
cdemocratics.com
www.top-read.cn
cdlyw.cn
socialpluss.info
cdsqingyq.jinnong.cc
cdzdyey.cn
ceas.cc
cgpartners.hu
ch-neru.doorblog.jp
chabange.puk.ro
chache88.wanye68.com
chacheng.cn
chahat.nl
chaichejian.beimai.com
chaikaapi.com
kakusita.wop.ro
chamaeleons.com
changde.house.sina.com.cn
with2.net
changeghana.com
changewin.blogbus.com
www.zscdyy.com
seotalk.by
spydersearch.de
bevin.puk.ro
www.ycec.org
arismebel.pl
www.av977.com
xwx.cn
trozo.ru
yoxd.lizhidy.net
catarrha.wop.ro
myoidema.puk.ro
viettripz.info
www.koelner.pl
yys.qihaa.info
aznv.tv
earnhardt3rd.info
westerdals.no
aanga.puk.ro
01mistresslady.a-liveprivates.com
balay.es
charterauthorizedoffers.com
0375.1775.cn
483y.k3y3.net
aynur.us
cnc.fafafa888.net
7782235566.phone.searchwww.com
0827.1775.cn
126idc.com
acoustika.info
adgad.blip.pl
aftermarket.pl
paulmarkhamcash.com
gb9.9998.tv
aranor.bloguez.com
arashime.puk.ro
arba-riders.com
arbeitsb.puk.ro
bookmarkdistasnce.info
arcade.rakuten.co.jp
bbs5.cgiboy.com
bestonlinebuys.net
bestpagerank.info
bestsitevalue.com
betting-portal.net
bigbadcity.com.ar
birdfarm.net
gcicebreaker.ca
gevatten.wop.ro
birthday.presentidea.org
yuinou.info
noonligh.puk.ro
www.lzwtattoo.com
8685.nfdy.net
bleib-gesund-service.info
www.079dj.com
brulegge.wop.ro
jointokyo.org
btn.ir
ebrochures.org
bwxv.210000.org
caressen.wop.ro
bookmarkingjam.info
chachala.com
www.pornoliefhebber.nl
coollifeshop.com
lezspace.info
planningburialz.info
purem.digart.pl
changjihuizuzizhizhouyibisi.fdchs.cn
artaud.info
changriw.puk.ro
ilm-tv.info
changsha.bgo.cn
changsha.ddmap.com
heves.wop.ro
groteprijsvan.nl
chaohutianqi.fdcez.cn
gospel.nl
ctwh.210000.org
adultsitesurfer.com
chblt.81666.net
chukki.com
cjuez.co.cc
ankare.puk.ro
rtsi.ch
dsi.gov.tr
thebookmarking.info
667966.com
cp-ty.ru
valuveljed.com
www.xbrc.com.cn
sypher.wop.ro
barfing.wop.ro
startbasen.dk
tublike.wop.ro
bayeux.puk.ro
marykay.pl
www.jsdhedu.cn
iwpawood.org
news.wxzsw.com
dailyink.com
deportevalencia.com
www.zhuib.com
dipendra.wop.ro
dizzyup.co.uk
snua.210000.org
letsplaygames.pl
www.buyeur.ee
beykoz.evden-eve.gen.tr
diro.ws
dominicanatours.pt
dq12333.gov.cn
eifert.wop.ro
torrentleech.org
abogados.or.cr
dukascopy.com
liepu.lt
duplexers.puk.ro
dusha-loca.co.il
dustfreepc.com
faldxgzqfr.blogger.hu
dealingwithdifficultpeople.info
fenglintianxia.soufun.com
www.zdbbs.net
fhcwiki.org
ficeler.puk.ro
evita.fmix.pl
gigolom.biz
www.bicishop.ro
anqing.012job.com
www.28238.net
phimvang.org
eztzvuzvuz.info
bronka6.flog.pl
zyiis.com
fostyle.net
reiki-for-holistic-health.com
garethwalters.com
graast.vergammelten.wwwwww.wop.ro
hatena.ne.jp
hdfcbank.com
w88n88.com
hutsepot.wop.ro
eleno.info
hwjz.nfdy.net
hzf1974.fyfz.cn
livetests.info
ibnn.nfdy.net
timetomakesomerealmoney.info
3g6h.cc
lifechoice.biz
limera.puk.ro
sexbabyfree.info
logga.me
mediajobs.it
scsn.cn
mkb.uwpagina.nl
www.3366.org
dell-forum.de
palcraft.co.uk
put.poznan.pl
se.876ggg.com
sunne.puk.ro
www.ancora.cz
opennetworkers.info
a8e155.x5x8.net
krugozor.org
forsapl.info
rama-prozor.info
virtualisoktatas.hu
44126.cn
mala.puk.ro
verysweatybetty.com
changeov.puk.ro
tvxxxx.info
uaead.ae
uli10.info
ry2.info
lordporn.net
chouzai.puk.ro
saritube.info
katalogpomorski.pl
www.pifasou.net
spraajt.flog.pl
laselva.com.br
pipa.jp
eushia.de
fresenius.de
51hsz.cn
johnabraham.org.uk
www.158jixie.com
vintagetrends.4zy.info
www.hongjiu365.com
guihuaxiang.com
filmyporno.info
letapartment.com
witmar1.prv.pl
ls-uk.info
hochschulfreien.wop.ro
69g.info
green-links.info
amigoautos.es
2000-hyundai-accent-repair-man.blog.hr
eaka.wop.ro
www.66scweb.com
socialbacklink.info
dcf.wroclaw.pl
b6fo.k3y3.net
mu-club.tk
sol.brainaid.de
flowersweb.info
xiezuo8.net
olyhbvznf.blogdetik.com
malaitalia.pl
drawisland.com
pwoeiu.fr.gg
thomas-it.pl
garas.wop.ro
www.13969818605.com
blenke.wop.ro
empathyholistics.co.uk
www.thesys.hu
ztlt.qiwen5.com
iwedding.vn
lisp.soup.io
rubun.info
2010.doletis.cz
sibtel.ru
www.qlcom.net
laagendalsposten.no
xxcsxy.taobao.com
open-academy.org.uk
kupongid.ru
kisbuszos-minibuszos-utazas-link.weblink.hu
cursosparacoaching.com
sanie.puk.ro
www.hfacdj.com
news.liao1.com
socialbizmembers.com
rococo.fecsegj.hu
3vi.info
devo-baumarkt.de
nekokke.wop.ro
pijarki.pl
www.acmt.es
tczew.net.pl
algorism.pl
derzeitigen.wop.ro
zuluk.net
burnishm.wop.ro
atehenmei.com
petizionepubblica.it
ingo.blog.is
alternativeloving.org