www.cmtravel.com.cn
devo-baumarkt.de
hogs.puk.ro
psychob.blip.pl
ricksworkshop.org
basicmovement.hu
platinumplugins.com
www.13969818605.com
cgi.linkclub.or.jp
mambiznes.pl
petizionepubblica.it
juancong.com
pingliang.chinaibi.cn
corollik.puk.ro
www.herczeglawfirm.hu
taohv.info
boogabag.ru
sila.toplista.pl
13c.ru
xxcsxy.taobao.com
laagendalsposten.no
open-academy.org.uk
ehogwart.pl
misadvice.wop.ro
listingtop.com
unicreditbulbank.bg
caliberclub.ru
aboutthedomain.com
woltorfer-landkrug.de
gim.co.il
www.hdw7.4f9.org
aapostro.puk.ro
jgkf.210000.org
100snoff.ru
www.021gjkd.com
6ddd.net
eugridpma.org
didle.pinger.pl
healthist.info
kyxy.com
www.csna.cn
360430.com
chachala.com
magazinzeny.cz
gekuu.wop.ro
actionbarsherlock.com
purina.cn
626pp.com
difaepakistan.com
ipc.la
respondhq.com
www.igya.pl
unemployment.info
abi1991.org
behatsdaa.org.il
www.bach.de
avenidacenter.com.br
bagkameraet.dk
usernet.info
zendaya.com
www.wanho.net
mjmyw.com
amrahargui.eblog.pl
www.97ssdh.info
olpt.210000.org
italiadeivalori.it
www.fsbit.edu.cn
solicits.wop.ro
gesong.org
ntck.210000.org
kotalog.net
www.yunvtupian.com
familyboxes.com.cn
hupan.net
88bb.info
fagus.digart.pl
www.bbyy120.com
maguti.wop.ro
a59choppers.nl
naticka.blip.pl
www.dgshunjia.com
thuoctieuchay.suckhoevietnam.info
algerieinfo.tk
heeta.hyves.nl
wagepric.puk.ro
1-sites.info
outhit.wop.ro
bookmarkingframes.info
goniopholidae.puk.ro
www.kanme.info
gl6x.265link.com
women-radost.ru
dallasmoversz.info
fcovers.net
whatsmysiteworth.info
schoolrecruiter.net
fmach.it
odludek.pl
bodaes.com
audiorise.com
stl.digart.pl
chinasewang.info
62o.info
gamania.in
myezinebookmarking.info
narreweng.puk.ro
valleygr.puk.ro
jaakkima.puk.ro
anqing.012job.com
www.zxry.4f9.org
mpd.so
infektstudio.com
iortn.puk.ro
saugtest.wop.ro
myip.com.tw
bibj.nfdy.net
workingproxies.info
mmszczecin.pl
fashionzila.com
lehighvalleygolfpro.com
psychologydegreephdz.info
stop67.pl
cont.acasa.ro
uige.wop.ro
tapanta.info
vervelt.wop.ro
grubasska.pinger.pl
cs.52pk.com
oxland.wop.ro
www.hyjd.org
cheaplongchamp.org
prxg.info
chuzhou.tielu.org
creasphere.info
diadofretegratis.com.br
www.zil0.tulv.org
used-chrysler-saginaw-mi.info
creditcard-now.net
seomediamarketing.info
scrdiraq.gov.iq
www.damuniu.com
download.it168.com
www.2ya.com.cn
sacerdotalism.puk.ro
abalakin.puk.ro
eurosporttuning.ca
www.suzakanews.co.jp
dotamaps.ru
ftl.78.cn
guilin.11766.info
dawida.wop.ro
contest.i21st.cn
antwerpen.be
www.shjdwxgs.com
24h.jun.pl
edumail.edu.pl
clubpremiere.com.ar
provident.pl
www.goldjob.cn
admin.usa.unsen.us
elite2ch.info
profitec.cz
bbs.wutaizhuang.net
vip.28wed.com
countbasietheaterticketsjddq.wordpress.com
vixen.co.jp
www.amur.ro
herigst.puk.ro
zengojuryu.com.br
wanche100.com
www.hushuo.cn
plakaty.blox.pl
www.yishow.net
georg21.wrzuta.pl
gjuetari.webs.com
ideacto.pl
fundacionctic.org
herir.puk.ro
56671.cn
cubicweb.co.uk
reiker.pinger.pl
eniemowle.pl
www.asaiseiki.com
mervin.info
sirdax.la
rtsi.ch
imoment.info
gint.wop.ro
nsare.wop.ro
blog.yiid.org
ugandansatheart.org
bilnyheder.com
download-pitbull-ringtones.blogspot.tw
fipavsicilia.it
down.yes58.net
zoot.nfdy.net
kishoku.gr.jp
hottoblog.info
www.wcsjcl888.cn.alibaba.com
uselessgenius.tumblr.com
manjyuu.puk.ro
marbleiz.wop.ro
effectmedia.pl
keihards.wop.ro
www.uuloo.org
hitai.wop.ro
thiepdep.24h.com.vn
gsywguepje.blogger.hu
bertjukes.com
ferien-kaernten.at
rapidoshop.fr
ecodo.nl
foto.durand.nl
elektronik-kompendium.de
szpiczasci.blip.pl
fmpm.nfdy.net
alazhar.edu.ps
cuttingedgemuscle.com
hcgamer.pl
back2thebeach.net
789988.com
beweegkracht.wop.ro
118712.fr
kontury.info
otl.sourceforge.net
www.yyrtys.net
liugong.org.tw
netsprint.pl
gzcy.gzlm.net
it8wn.info
mobly.com.br
schiwi.de
archplay.puk.ro
h8vl.265link.com
wildfishandship.com
sport-benessere.info
yachtoo.com
yanliquan.66law.cn
xn--wein-vergngen-5ob.de
xx.rqr.cn
anahtarcizafer.com
fungame.com.ua
guihuaxiang.com
it.jobset.cz
akevitt.puk.ro
szkolajogi.com.pl
shemaleporner.com
www.93ww.net
gradients.glrzad.com
www.meichenghulian.com
paylo.cz
www.athomedrugtests.org
mail.camc.biz
10.gov.cn
polaris-systems.de
bajou.puk.ro
bimot.co.il