telenor.ru
victoriabrouhard.com
www.qq1314521.com
saxe.info
5917.info
nursingschoolsz.info
www.alsen.pl
www.700852.com
clippornhd.info
www.yiyiying.com
www.comfi.com
edupedia.pl
www.marsh.nl
femjoyangels.com
linkcommunity.info
cite-sciences.fr
siliconimaging.com
otolista.pl
encamonado.puk.ro
zhmak.info
directorybe.info
kroma.wrzuta.pl
coolev.info
criaenvio.com
webzi.info
www.momojj.com
seogwiazdor.pl
fortunita.info
sof.si
myglobalinfo.com
linkszone.info
utsubyou.puk.ro
vizz.pl
esxx-sy.com
so.gov.pl
contentrich.info
iam4u.pl
www.webniq.nl
linksef.info
itiiteki.wop.ro
www.outdoorsklep.pl
hr365.co
superangelical.wop.ro
rscs.cz
trotze.wop.ro
merney.wop.ro
voipphonesystemz.info
magzweb.info
noweinwestycje.pl
senuolbux.fr
socialar.com
jjfilipe.wordpress.com
indykinaparze.pl
colocal.jp
mak.flog.pl
qiuknows.com
unirides.puk.ro
qindex.info
webmini.pl
innigkeit.wop.ro
dyso.info
www.kole.cc
xkate.pinger.pl
toddelliottcohen.com
massappeal.co.za
www.wissen.nl
maybellinetrends.pl
www.freebsdwiki.pl
www.dzye.net
supersklep.pl
vitabri.com
czernysze.xlx.pl
odpowiedz.pl
www.mp3.kg
adiswora.wrzuta.pl
azzs.info
gus.flog.pl
imhcnetwork.com.my
ip-auto.com.ua
cashondbuzz.info
www.xtmy.cn
jobsmalaysia.info
omse.hu
haizaolhj.1168.tv
webmarketingvideopro.com
333job.com
8c.contterrz.bee.pl
multiforum.pl
thesixfigures.com
cwi.pl
www.fssqi.com
meniulzilei.info
fotojablonski.pl
0t7.info
canun.wop.ro
virtualserverzs.info
igctech.webs.com
przemyslb.digart.pl
bikezone.pt
99luna.com
rz.blox.pl
clipxxx6.info
kindle3gforkids.com
hao.94pian.com
adamprzemyk.pl
dan-links.dk
k.alg.pl
123-plombier.com
mobdis.co
jteph.info
fanblogs.jp
theprospect.info
netemx.pl
juegosandroid.info
isicredit.it
tici.es
scsqj.com
glenneaton.net
xzie.210000.org
e-secretary.info
strijdlust.info
prom.lt
netsprint.pl
shilehui.com
www.xp3.cc
practiceone.co.uk
www.pavlovic.pl
www.larp.nl
lieferanten.de
tmkhanoff.digart.pl
noticiasdeporte.info
socialbookmarkingbug.info
quatinhnhan.info
tubexxx4.info
91jj.info
pta.edu.pl
www.ybbse.info
cenzurka.flog.pl
yutoo.info
ynumba.info
strangefruits.nl
estrenc.info
nala.com.cn
gjest.puk.ro
dmbps.pl
yourworld.pl
www.szcytsxh.com
pornofidz.info
izami.info
cheapemailservicez.info
weiming.info
richarticles.info
winterer.info
xxxgratos.info
congotube.ca
likar.info
waehlend.puk.ro
hoffie.info
photographygg.info
poyner.wop.ro
cfib-fcei.ca
behnam.wop.ro
5mileprairiehomes.info
abbrunar.puk.ro
directoryelite.info
globalpublishers.info
shemaleporner.com
blogs.top.org
socialbookmarkingicons.info
gestioneweb.info
www.it24.se
muzi888.com
acanthio.puk.ro
mobile.uwm.edu
vertalerbouw.puk.ro
mygucciblog.info
www.qvod163.com
www.gamaxx.de
imlemem.info
oriflameuyeol.com
quickcashloanz.info
saveyourseoskills.info
kszy.pinger.pl
dimondchanel.info
592336.com
freekillers.pl
linkfewer.info
cheaperforu.info
spacerki.pl
asiaho.polki.pl
gbook.521338.info
www.kamery.pl
linkzapper.info
linux.or.jp
bihun.info
stopatom.cba.pl
webstrat.fr
opiekuninwestora.pl
andegrand.pl
imfornewbies.info
cuis.org.uk
4doma.info
007gzzt.info
lunatic.elk.pl
fet.digart.pl
calgary911truth.info
newfiles3.pinger.pl
nc-werte.info
birdwhere.com
wowdirectory.info
transport.gov.pl
agonija.eu
sectionz.info
xxxlazy69.info
tomch.blip.pl
ribbebre.puk.ro
tsokkos.com
erufa.com
getblown.info
polaca.wop.ro
enveloper.home.pl
www.hg4444.net
marutomi.ne.jp
hot1079philly.com
jaworznianin.pl
4wdl.info
etregalia.com
boa.me
www.corus.nl
lorier.digart.pl
carolduboc.com
v2.adm24.de
meishusheng.net
socialbookmarkingservices.info
impart.art.pl
articlemax.info
thequeenofextreme.info
tomczasty.digart.pl
www.netowe.pl
nacsj.or.jp
e-ope.ee
mo-bilet.info
bx4.waw.pl
freshnews99.info
99szs.co
webfonts.info
buyguitarstand.info
greeksubtitles.info
bbs.tv2018.com
tricksnew.info
unimedia.info
iptvcn.info
dog24.pl
gamebattles.gr
directoryflux.info
www.spilonline.net
howrse.de
rustamov.info
crossrail.co.uk
awfulplasticsurgery.com
prsl.info
99centarticles.com
thecurryking.co.uk
ugra.mk.ru
vrc.ck.ua
888.fa688.net
gbidowlu.wop.ro
www.meirongzhengxing.org
greenjerseywebdesign.co.uk
emiliaw.blip.pl
ccba.info
lechpoznan.pl
www.textera.se
2ndchance.info
allsortsofoffers.info
webdohod.info
adge.blox.pl
www.engine.tw
www.programa.pl
hydatomo.wop.ro
chiptalk.net
newskaz.kz
guihuaxiang.com
kdni.265link.com
carhopp.info
www.55aise.com
adellock.info
speedydirectory.info
salvationarmy.or.jp
jstour.gov.cn
tenso.puk.ro
jmworld.ru
iwaslaidoff.info
linuxoldal.extra.hu
dalbe.fr
www.mp3s.pl
www.lifeweek.com.cn
maure.wop.ro
opony.pl
lepishariki.ru
xxxclip.info
sodinheiro.info
agoravox.fr
sabin.ro
lifessentia.com
sourcebookrmarks.info
www.70sqz.com
radioscannerpolska.pl
olka916.flog.pl
sli.digart.pl
www.rk24.pl
prqg.info
www.yncuc.com
dallaspua.com
www.cnbeta.com
bootsvonugg.info
ang.keep.pl
panasonic.asia
33lian.dvdlinks.at
knowsley.gov.uk
arkenzee.wrzuta.pl
intimdialog.com
aizhi.info
rozalin.wop.ro
millionairetraccer.info
rd.rakuten.co.jp
f1.avzcr.info
lvliangshi.kc7.info
linkgrand.info
abele.puk.ro
fmoy.210000.org
firdaus.info
socialbookmarkingengine.info
oklara.puk.ro
tvptv.com
ki.ki
bagpipewhiskey.com
ramlosa.cz
movieszilla.info
www.whm.pl
ikutv.info
freshtodays.info
angelo.blox.pl
salmon.wop.ro
dorania.flog.pl
hostukz.info
ka-boom-itt.info
jopper.info
suggest-url.info
fotopieklik.pl
www.kirch.ru
www.vipweb.pl
hipotekaplus.pl
hostinginternetz.info
hispanictips.com