www.yanxiw.net
mindymain.info
1.9787.com
forum-wks.pl
mp3letoltes.info
www.taobaoke.cn
vietnamgottalent.info
xygdcrxx.blog.163.com
hertz.pl
haloart.pl
thinkmarket.info
730a18.tumblr.com
haoxd.net
www.ifeng.it
awfulplasticsurgery.com
t4tw.info
fenghuolun1.com
0088.cc
encyklopediakabaretu.pl
mikelonis.wop.ro
www.xyx.zkplay.cn
badam.info
pfi-esp.org
howrse.de
www.zlzfw.com
zz23.info
czarodziejskieliny.pl
www.uuuv.cn
fittmami.blog.hu
ir1music.in
beechlands.info
blognavi.info
mkbs.nfdy.net
wiispin.com
www.bjcn.cc
www.zhaost.com
fortunita.info
centrumse.pl
01navi.info
www.500hc.com
lue85.com
www.athomedrugtests.org
www.8as.info
sou.wjw.cn
articledashboard.info
h2zone.cl
itivarden.se
misiek120.digart.pl
eydorrkr.blogger.hu
adriatyk.com.pl
zuyupen913.com
missa.flog.pl
kuujinbo.info
bryanliu.com
mobips.info
topmountainbike.info
phr34k-hacks.net
unscreen.info
555xu.com
www.yigeying.com
www.xz65.com
taxi.toplista.pl
linkdisplay.info
amazingts.info
unsort.puk.ro
www.ynmj.cn
www.sun011.cn
komp.1k.by
wwwaaa13.shunshunfa.com
sinemaizle.org
pirates.fad3.net
chinanews.co.nz
cashondbuzz.info
greeksubtitles.info
www.6mind.com
www.adra.be
techtricky.com
totuldinintreg.com
www.youy8.com
endingen.puk.ro
xiezhenji.info
www.alipr.net
mmszczecin.pl
www.gelg.pl
1sexhotlatin.a-liveprivates.com
geschell.wop.ro
mileysweetz.pinger.pl
cvchina.info
trout.pl
www.99hacker.cn
ampli.com
vollblutunternehmer.de
prtp.info
suggest-url.info
www.yesiya.com
beskoinet.info
yrcti.edu.cn
waptt.com
stationsofthecross.us
www.haose100.hase.in
qinyuancn.7190.cc
mocnyweb.pl
gry-blog.pl
jhltoys.info
www.perspect.nu
m-x.soup.io
monkeysite.info
atrodo.freeforums.org
www.lishen.cc
6q4.info
easyfiles.pl
xxoo.be
www.szoa.pl
wmid.info
top10000.info
guihuaxiang.com
marianneleeson.com
g-net.com.ua
orponury.blip.pl
buypartsby.co.uk
loskut.info
999.cc
ssve.210000.org
best-value-reviews.com
searchles.com
guolaotai.1168.tv
americanadagencies.com
ibad.info
bu.edu.eg
wysokapozycja.pl
fastwealth.info
01.ma
sodar.blip.pl
justynsmith.info
wojteknowicki.natemat.pl
looktech.info
r-i-p.info
sexysu4ka.ru
www.go108.com.cn
riteinfosolution.com
modelki24.pl
fj.house.sina.com.cn
www.laoposao.com
gunp.jp
hsport.ps
flash.onlinedown.net
kobus.digart.pl
www.zhangyuliang.me
www.530dy.info
credit-pret-en-ligne.fr
daiks.digart.pl
landaustore.co.uk
www.dvd9998.com
pisarze.pl
stemma.wop.ro
mayhembiolos.posterous.com
www.jstea.com.cn
linkimprove.info
zt008.cn
xxxblackbookblog.info
www.dtqsy.com
anysocialbookmarking.info
www.jcow.net
www.smileagd.pl
www.543tt.com
vietnamtre.info
phimnhanh.info
sau.edu
bt01.taobao.com
97aixx.com
speckste.puk.ro
varangian.puk.ro
mixingmaryland.com
modiyil.com
pornmetro.com
www.szdef.com
www.zixinke.com
6hgc.net
hinduwisdom.info
www.nyny.pl
short-links.info
azerenerji.gov.az
teatrbilet.ru
bzykanie.pl
rhoenseite.de
worldhistory.net
alpresor.com
linkmin.info
tajemniceebiznesu.pl
digit-8.com
shilehui.com
noblemarkets.pl
quarei.it
cm6h.com
toneel.wop.ro
toronto.edu
bgrstar.com
www.nacta.edu.cn
trannypornzone.com
www.cchdc.org.cn
wynajemsal.com.pl
www.csair.cn
atool.org
www.lyg01.net
ustiona.puk.ro
prlq.info
deadenin.wop.ro
spinacz.pl
sgyy.cn
agita.digart.pl
www.yudvd.com
61jjj-a.diandian.com
robotzone.com.hk
culture.chinese.cn
mundomex.com.mx
orange.pl
weihai.58.com
www.daohang666.info
www.youxiba.info
peur.digart.pl
www.nbcl.org.cn
tybnqhzmczfr.blogtrue.com
kasie.flog.pl
p8w.info
p6free.com
www.chdjx.com
freewebsitesubmission.co.uk
przemyslb.digart.pl
castigabanionline.info
www.tlzt.4f9.org
togy.nfdy.net
sturgeon.wop.ro
social-games-list.com
askkaito-kun.tumblr.com
icms.info
4doma.info
nala.com.cn
nap.net.id
boi.gov.bd
resourcesfree.info
wx.zxdyw.com
123xa.org
gnozis.info
paulissssia.flog.pl
0564zp.com
www.fzl.angelqq.cn
www.xsllzp.com
internetdsl.pl
gosiaxd.flog.pl
www.ycxg.net
mostexpensivelists.com
gleamingtechnologies.com
oqqw.265link.com
tenso.blog.br
phpbbstyles.info
newduggtag.info
sponplat.puk.ro
wwwaaa252.shunshunfa.com
fagus.digart.pl
tim-koepsel.info
vrach.uz
www.jzzx.gov.cn
preodenotebook.7m0.info
quintes.pinger.pl
asos.com
ruagra.biz
siber.com
848848.com
akceslab.pl
nocuj.home.pl
020.himin.tv
akademijazagradjane.ba
ktalegal.com
kikonline.ru
flytogetkvittering.no
chiptalk.net
blackvoices.com
sostitut.wop.ro
www.zynxw.com
f2z.info
excelforum.pl
maitreyiifineart.com
gasthaus-poetz.at
armfort.cz
esento.puk.ro
wnp.pl
www.yhjshs.com
azure-design.com
wx.bwxx.net
tadalista.net
avt.pl
kocorner.com
citroen.cz
mep5.nfdy.net
xaviermissionaries.org
www.ruj.ru
520kx.com
kjzahheg.blogger.hu
wspiz.edu.pl
zzo8.com
rozwijaj.home.pl
www.cnbeta.com
pokerkat.com
www.qqemail.net
scelse.sg
bbs.ccun.cn
rezovation.net
www.gaac456.com
mfso.265link.com
humyai35.info
guhar.cn
www.yumingcheng.cc
www.gezhong.cc
tvptv.com
1000fbfans.info
www.zclw.net
linksweet.info
radcom.com
djteamh2o.si
www.239300.org
bbs.tv2018.com
humyai95.info
www.hfhgsb.com.cn
vital.pl
sidmailserver104.info
xseksvideo.com
mymanagedaccount.info
eof.gr
www.denglongku8.com
www.xoro.nl
569q.com
www.12ddd.in
diclehaber.com
gankaikai.or.jp
www.zh-tg.com
metoperashop.org
www.stjy.cc
www.w899sanxing.com
www.brutalrape.nl
bemreview.com
bishonen.org
magdd.digart.pl
videojuegos.cr
www.aphlw.net
bencetoth.fecsegj.hu
66se.us
pogo.fotolog.pl
www.zj7s.com
www.chled.com.cn
flikk.wop.ro
jpdodo.com
webmojo.co.uk
club.isso.com.cn
mamore.wop.ro
www.verbon.nl
limoluxcar.pl
kro8.qiwen5.com
www.bjpfh.com
chaosmode.info
clever-pets-web.de
aniabl.puk.ro
www.xyhyu.com
onsalereview.info
202mm.com
99bbbb.info
6hss998.com
afincadamente.puk.ro
www.413381185.net
kurstenge.kz
spinningmarathonvenlo.nl
xixihuafu.com
www.ywjtzy.com
www.wenyou123.com
www.uyue.tk
he.10000xing.cn
www.cn-ucla.com
aprica.info
www.wymyslimy.pl
www.dwjy.4f9.org
grimp.wop.ro
www.dayday520.com
www.jidisea.com
4beta.nl
esolut.de
flamme.de
damian234.prv.pl
zsmz.35free.net
furk.qiwen5.com
wap6ba.us
geabonneerde.puk.ro
se.55szs.com
trafficjam.de
www.zjssd.com.cn
repetitionr.com
mediapurveyor.info
easy-hebergement.info
edzia13.digart.pl
comprire.wop.ro
agaelettronica.it
naturalbodybuilding.com
www.12397.info
punggol.sg
bbs.ty7.cn
myszka1234.pinger.pl
fujifilm.com.hk
inec.gov.ec
solgenomics.wur.nl
mobiltel.bg
newskomp.pl
www.ydjqyy.com
alphimedia.com
ganaalinstante.info
juancong.com
linkadvice.info
gdcorn.com
58xx.info
linktake.info
romprest.ro
shop.zjr.net.cn
fenglintianxia.soufun.com
spacerki.pl
tube4.me
shisonji.wop.ro
freebookmarkicon.info
jonnen.wop.ro
ganadinerocontupagina.com
p2media.pl
scums.puk.ro
purelynsfw.com
cla.imcsit.org
kanmaku.wop.ro
honei.wop.ro
www.chnthu.com
lepszypoznan.pl
wch.blox.pl
loksandhya.in
texprint.org.uk
articletracer.info
everytrail.com
ecgorzow.pl
prudy102.flog.pl
www.sf.17262.cn
eroten.doorblog.jp
chuclone.com
www.haowanwang.net
www.wawaji.co
mokablog.com
marketingwww.pl
agoravox.fr
meetmenow.info
www.engine.tw
manathure.fr
ibood.blip.pl
www.toto258.com
www.zhihuilc.com
1a-ads.si
freekillers.pl
sanconhantao.net.vn
linkadding.info
opcuity.biz
angeljewellery.info
www.sz213.com
wiki.co
okvacanze.org
billingcollegez.info
avejar.wop.ro
northface.net78.net
myslenice.pl
digitube.info
www.efca.pl