looktech.info
www.peperomia.net
qinyuancn.7190.cc
destinationen.puk.ro
www.waya.net.cn
yutoo.info
www.ybbse.info
ciai.umbria.it
nucleus.be
jachina.org
guihuaxiang.com
phdonlineprogramsz.info
www.7kmn.com
www.ymzz.net
kuenstliches-auge.de
fenglintianxia.soufun.com
eof.gr
freekillers.pl
dismist.puk.ro
articletracer.info
www.0096.info
www.xiagc.com.cn
bookmarkproduct.info
www.chnthu.com
socialbookmarkingbug.info
nocuj.home.pl
qaktlnojpwgzbo.blogtrue.com
combusto.wop.ro
bailianchengxian.com
www.lhi.is
hagard.blip.pl
tvptv.com
www.jdz-tc.com
bertelsmann.pl
kambit.pl
schroomvalligst.wop.ro
cr.jogger.pl
thinkmarket.info
comic.52pk.com
www.jjj123.info
echu.co.kr
2sports.info
hho-booster.info
www.myxt.cn
trout.pl
www.xqc7.com
convecto.puk.ro
www.hbrp.pl
virologi.info
shope.info
01navi.info
linuxoldal.extra.hu
humyai16.info
tj.zhidian12.com
www.postnet.pl
chiptalk.net
www.a636.com
ady3.info
taxi.toplista.pl
techtricky.com
binhhoa.info
www.natesc.gov.cn
allcoast.com
soundpush.info
vital.pl
dianputop.com
www.lvka.cc
e1.pl
horgolotu.linkekneked.hu
qu17777.info
tubexxxhot.info
lpmxqjemjj.blogger.hu
sspb.blip.pl
www.jamievalentine.net
www.toto258.com
www.580011.com
margan0713.blogbus.com
www.dvd580.info
humyai95.info
www.scqvod.com
mycoding.net
paulissssia.flog.pl
mkbs.nfdy.net
www.gelg.pl
pta.edu.pl
freewebsitesubmission.co.uk
hipotekaplus.pl
mushman.co.kr
local-mover.info
656565.info
gazetadobalao.net
www.av001.cn
www.sxxhq.com
crohn.home.pl
dog24.pl
0t7.info
ebook88.com
www.fengyigg.com
allblogthai.com
lei.flog.pl
www.db007.cn
erdece.hyves.nl
kifach.info
gosu.pl
speeder.fr
socialbookmarkingblogs.info
www.iaba.us
awards2go.net
joshhosler.biz
realestateagent9oz.com
bagpipewhiskey.com
seolist.info
vietnamtre.info
qqza.cn
michigannaturalparenting.com
saveyourseoskills.info
ricardo92.wrzuta.pl
360430.com
rudnickaolga.pl
xixihuafu.com
www.xsllzp.com
kapsalontabak.nl
54007sf.com
abc.cz
f2z.info
www.sun011.cn
linkjobs.info
siliconsouthwest.co.uk
desmondes.com
xruh.nfdy.net
wiispin.com
boa.me
solicitors.co.uk
mikelonis.wop.ro
japancarpages.com
www.pacio6.digart.pl
alisher.soup.io
futuremedng.com
harbourarticles.info
91jj.info
boi.gov.bd
beimiyigou.com
digitalbooksales.info
b2blocal.net
mushines.wop.ro
study.amtb.tw
www.prodec.co.uk
jimyaghi.com
univ-metz.fr
sgu.ac.jp
fptsaigon.info
innigkeit.wop.ro
accounting.com
encyklopediakabaretu.pl
vppi.265link.com
srichinmoybio.co.uk
rukahore.sk
24parfum.ru
www.hwzhs.com
kocica.blip.pl
articledashboard.info
thx99.info
www.chdjx.com
theiphone.nl
www.qthxxw.com
acanthio.puk.ro
www.hnxyyw.com
noziri.puk.ro
sou.wjw.cn
millcreekbistro.com
jn-pay.net
workingnews.blog117.fc2.com
vklk.nfdy.net
kiona.flog.pl
demissly.puk.ro
sayap.info
standupjapan.org
iread.it
kamillahc.dk
twentieths.puk.ro
sakazuki.info
wojtek1.flog.pl
vidyotv.net
mundomex.com.mx
mvb.ch
www.1er3.net
avejar.wop.ro
porandalucialibre.es
forum.xda-developers.com
videocul3.info
kamaturek.wrzuta.pl
directorymis.info
hahaa.puk.ro
www.bjddgc.net
afho.lizhidy.net
dqz8.com
bhromawzn.blogger.hu
otolista.pl
yjsch.imut.edu.cn
ssamp.kg
motorsport24.pl
www.85861.cn
topsofts.com
blasttheads.info
novamed.pl
superhosting.cl
wstih.prv.pl
jugra.ru
wtabkol.cba.pl
ioc8.k3y3.net
online777film.ru
linkgrand.info
craphound.com
www.gzxok.com
www.game235.com
metaphase.co.jp
gz.menghuanzuxian.com
555xu.com
gizycko.wm.pl
box3.info
iona.edu.pl
sneuen.wop.ro
www.neonworx.de
fitness-exercise-tips.info
at-etc.com
fxjunior.info
pokies.sg
cao.oo.fi
pisarze.pl
kdni.265link.com
mep5.nfdy.net
manathure.fr
tajemniceebiznesu.pl
ameba.jp
monkeysite.info
www.tonvip.com
iklangratiskusuma.com
ikutv.info
activemailv4.com.br
doab.wop.ro
99k88.com
www.vfl.biz
58xx.info
www.wamk.hu
askkaito-kun.tumblr.com
bbs.revefrance.com
www.nmgtcsc.cn
pingliang.chinaibi.cn
coutrier.com
www.xtrc.net
imprezisko.pl
arcadia.co.cr
boger.digart.pl
aangravi.puk.ro
brusszel.utazni.info
aremc.hyves.nl
www.pornopaarden.nl
buildyourchannel.com
ahiva.info
www.sh-haoku.com
mysocialbookmark.info
koyou.wop.ro
pu3t7.jmyyzs.com
www.maofeng.com
mal1989.blip.pl
hertz.pl
happy-bookmarks.de
kindle3gforkids.com
anbound.info
www.nf111.com
saoxue1.in
laushushi.com.pl
rodbuster.info
allesevolution.wordpress.com
egov.sczw.gov.cn
www.yk5.com
afid.fbl.pl
www.whsysy.net
skunked.ca
sap.krakow.pl
viafarajw.info
www.eho.pl
alegromaniak.pl
erikdalton.com
www.799.cc
toneel.wop.ro
19.la
newduggtag.info
www.ulinix.be
comyr.com
newskaz.kz
sanlucar.com
al-sakr.com
panda.cz
technoboard.pl
astrochappuis.info
aolke.cn
hyalosid.wop.ro
bainternet.info
facefactory.info
ctsorthodox.info
www.bmvk.hu
u-torrents.ro
msint.co.kr
hp-touchpad.info
kasiaaa99.pinger.pl
www.sxbst.net
sid-dc.com
nbsfpk.com
humyai35.info
chat.lwtv.net
www.furen.com.cn
www.websupport.com.cn
lvlv.com
dmpros.com
uratie.fi
geilehomosex.be
enable.hku.hk
fqth.com
52nidong.info
dsbtv.taobao.com
uwielbiam.pl
www.kupig.cc
killarun.digart.pl
pld.blip.pl
purelynsfw.com
cypriand.digart.pl
piratski.ru
www.undg.org
inlijst.puk.ro
sitetiffany.info
devisenhandel-forex.info
93kk.info
lucrar.puk.ro
2ndchance.info
culture.chinese.cn
wix.com
www.xxx882.com
chonglang.3199.cn
bx4.waw.pl
taobao26.ok8.so
www.zdbbs.net
adi1891.digart.pl
sadf.asia
mentalfocus.hu
www.yk110.cn
zzo8.com
iran-antik1.tk
chinaloyalty.com.cn
advanceyed.com
geschell.wop.ro
netways.de
njgtwollr.freeblog.hu
anselmo1910.com
haizaolhj.1168.tv
ontournet.org
www.sanlian88.com
socialbookmarkingservices.info
webedirectory.info
usertutor.org
dontbuy4more.co.uk
jdb.txbb.hk
www.cxwb.info
fzmfkj.info
www.longfeihz.com
www.9369.org
www.40li.com
yougedi.net
bzykanie.pl
www.x1s.cn
www.citywenda.com
hostingreviewz.info
songmania.in
www.yidatiyu.com
www.bqqj168.com
www.ceco.cc
getclosure.co.za
lanrenzhoumo.com
kazantzidis-stelios.com
thanhlapdoanhnghiep.info
tsukuru.ikora.tv
billingcollegez.info
ompookan.jp
estimatearticles.info
www.livermusic.cz
ewnzgwhozw.blog.mongenie.com
www.go108.com.cn
victoriabrouhard.com
www.marsh.nl
tzjz28808081.com
katicz.digart.pl
amb.blip.pl
www.mn8mn8.com
mam-aid.jp
ljgm.265link.com
totuldinintreg.com
www.meihao-pu.com
pornmetro.com
www.xoro.nl
inet.ua
e-pasaz.pl
vazak.com
www.sevengames.se
bestdong.cn
terugstotende.puk.ro
imageserve.info
kaska123456789.pinger.pl
veteransvirtualcareerfair.com
humyai21.info
xxbboo.info
wikitags.info
www.singe.com.cn
esky.pl
concerttour.org
linktake.info
www.flla.net
6q4.info
casque-beatsbydresfr.com
jpdodo.com
www.lwjj.gov.cn
abax.cz
543ggg.com
loskut.info
webdohod.info
trevian.co.kr
linkaddicts.info
wazifa.webs.com
741.pl
semblar.wop.ro
themmaspot.net
asp123.tk
1x.jglh.net
goro196.wrzuta.pl
www.hepu.sunbo8.net
renrne.com
www.dtqsy.com
iwaslaidoff.info
cache2.nipc.jp
www.fn-kunlun.tk
sunglassus.info
www.cnbeta.com
www.ais.pl
babypro.com.ua
www.post.japanpost.jp
85sfzf.com
baotao.com
portglai.puk.ro
prnh.info
bikezone.pt
vinka.wop.ro
anmge.com.sa
www.feixuesq.tk
wenku.baidu.com
galiciana.puk.ro
elitetravelconcierge.com
japan-schools.info
www.zzhjf.cc
hypermediaisobar.pl
lols.duowan.com
bookmarkingcrack.info
www.100m.hk
ahm.org.hk
www.xtweb.cn
shoppingnews.pl
www.fjclht.com
xixidieyuan.com
advancedhits.co.uk
price.2u.com.cn
unqw.com
diable.wop.ro
biznesoferty.pl
traders-union.ru
acuation.puk.ro
varagund.edu.pl
mateo215.wrzuta.pl
musthave.pl
artsonia.com
arasot.wop.ro
prospis.pl
xtj.net.cn
zord.hu
ldou.nfdy.net
mightyparking.co.uk