www.cotojest.info
newvake.ge
regzone.cz
otvetityt.ru
www.mn8mn8.com
football-media.net
dei.digart.pl
www.baobaojie.net
www.xshpjy.com|www.ntkd-hk.com|kent-engineers.com|bwf-firmenverzeichnis.de|www.chinshiro.com|swiatplytek.pl|radabg.com|opium.se|www.nczfgjj.com|www.vprol.com|www.haogongju.net|stfusion.com|www.365shhr.com|www.lmmw365.net|www.tuyuetong.com|www.sjhfs.com|fastinfodomain.com|www.chuigejahu.com|www.showweb.cn|trailerparknetwork.com|www.babaw.com|www.17755.info|www.zhongguo315.com|www.szaaa.com|www.qg-knives.com|shfa.org|saveonconference.com|ciamariamalibran.com|nzep.nfdy.net|www.tianwing.com|zhidao.huarenblog.com|teensy.wop.ro|www.essiw.com|www.softku.net|dynaprint.be|accettare.puk.ro|ghost-hunting-center.com|copdregionalnetwork.org|www.jinhuisj.com|earkansaswebdesign.com|www.baimao.com|coupehyundai.co.uk|royalbluekennel.com|attorneys-for-traffic-tickets.blog.hr|wvryddzcth.blog.mongenie.com|www.qudadu.com|www.gpxz.com|www.zzcxw.com|www.gupuw.com|tekiralabalik.com|www.yct8.info|burlesquercise.ca|www.nxcsj.com|mahawks.com|simplybeautifulreflections.com|tidend.wop.ro|carglimpse.com|www.8898575.com|adminunion.com|www.paobu123.com|helong.wop.ro|toddmead.com|www.shszc.com
smumn.edu
www.5syy.com
trova-prezzi.info
iyowake.puk.ro
www.caobi.in
respiratorium.wop.ro
thietkenoithat.biz
bjdl.jianzhanzhe.ws
obuvoled.r.gd
wahlstim.wop.ro
suxiaohaochangw.1168.tv
dist-tutor.info
www.okk.ge
dona.wop.ro
lxbp.nfdy.net
company.efw.cn
www.av977.com
mameo.info
nacioorka.pinger.pl
le28thiers.fr
itready.org
dentalbraces.com.au
sernurmo.wop.ro
www.rafael.pl
dziecka.pl
suxornot.com
tudosiei.ro
watch-gossipgirl-season2.blogspot.sk
faststart.ru
asia-investors.net
johndyer.name
sostitut.wop.ro
palestiniansunited.org
ketquaday.vn
flywheel.it
dreamcricket.com
sikatsu.wwwwww.wop.ro
www.21ky.net
intimdialog.com
51seba.info
gamesfree.me
e-tradecounter.co.uk
narew.info
wanche100.com
faszobraszat.hu
www.muhezhizuo.net
radiodjs.net
alde.eu
imx.wap.ai
aanmonsteringen.puk.ro
88.xysc.net
kaikei-zimusyo.info
dariaa118.pinger.pl
zinelibrary.info
www.j8j8.info
creped.wop.ro
pwba.k3y3.net
imagenesdefondo.com.ar
toronto.edu
my1pureluv.com
bb.com.do
mil.gov.ua
www.crbook.cn
sajlent.soup.io
priveevente.org
neis.go.kr
awww.ro
berghof.dk
1rediq.ru
todoporcentral.com.ar
aafoto.pl
dabokush.wop.ro
content.edu.tw
mahindradeals.co.za
pakmuzone.info
prokapitalizm.pl
nod32id.org
braso.wop.ro
hoikucan.jp
www.piyan999.org
www.49lu.com
commpro.biz
media-sprout.com
diggtoday.info
www.qwlove.com
www.platora.pl
mefiak.wrzuta.pl
www.hmystv.com
magzn.info
klumba.info
exxtra.blip.pl
lsteam2009.pl
merglepel.puk.ro
cam4premium.com
castres-mazamet.com
wldmw.1168.tv
28gl.com
baozi.info
aufstellend.puk.ro
article-syndication.info
dosklejania.pl
alut.digart.pl
jodenkinderen.puk.ro
liuzijun.com
attijarinet.com.tn
sacerdotalism.puk.ro
www.xxx881.com
hi5articles.info
zphr.tk
www.gps56.com
tee24.de
total.kz
www.azdac.org
freetechie.com
burnettpainting.com
ezbox.idv.tw
begood.vn
oversend.wop.ro
argusian.wop.ro
ai-yellow.biz
dmzwarez.info
ksaler.pl
vqqz.nfdy.net
www.ibc.kg
dospara.co.jp
wulitang.com
relativiteit.puk.ro
py.66wz.net
richardsnow.info
lolcats.soup.io
katalogika.pl
tricae.com.br
gmailhelp.org
fecomercio.com.br
boinc-af.org
studiosp.org
www.vff.dk
kartells.puk.ro
www.bakonyalja.hu
ocasionalia.com
1001facts.info
mike.skullbox.info
www.artshots.pl
linkscr.info
bestbuy.no
www.lixingzidonghua.com
muc8.info
leisuretechgb.co.uk
oasa.cr
anfritz.de
publishr.info
www.sfd.pl
qq5.com.ru
sport2000online.at
www.kuadu.net
www.deru.hu
vake.puk.ro
ldv.at
olaempliga.wop.ro
ideationconference.com
xehoi.edu.vn
trasportoeuropa.it
pozitiff.info
johnmasters.com
njure.puk.ro
sinjukuh.puk.ro
pos-bj.com
kac.flog.pl
dbmailadmin.org
xxb04.gxb100.co
freshlook.asia
www.f2cn.net
tahvel.ee
sarkand.asia
marcatur.puk.ro
37138.cn
31177.com
hassan.massoudy.pagesperso-orange.fr
52ccw.com
mirrorreaderoffers.co.uk
520kx.com
eih.bz
52caipw.com
prfolks.info
guihuaxiang.com
www.qcypsc.com
gercraft.1x.net
news.liao1.com
yougedi.org
in.ebid.net
www.cevsen.de
losmedieros.com
juancong.com
buongtay.org
liuhe.tv
lupili.info
planetpoodle.eu
cam4free.cc
sem-seo.gz.cn
hocnet.pt
www.chasaobi.info
cappellishop.it
a.chip.jp
0774.1775.cn
haribol.hu
alvino.puk.ro
alfredozucchi.com
municipioautonomodesanjuancopala.wordpress.com
tele-program.pl
maybank2u.com.sg
52eagle.com
lamer.wop.ro
greentraveller.co.uk
ogbah.wop.ro
574878396.user.qzone.qq.com
58g1.lizhidy.net
nexolocal.com.br
56xoo.com
www.zxqzone.cn
www.ayusajapan.org
penize24.info
grossraeumigen.wop.ro
decorando.co
m-pe.tv
56yc.com
haiton.wop.ro
maximmus.pl
dyndns.biz
www.yunvtupian.com
22aaaa.info
sentio.it
xxy2b.com
324324.name
freshminds.co.uk
www.chinazzjxw.com
natureforkids.net
archpaper.com
3-design.pl
altruists.org
lapetiteactu.fr
backstreet-merch.com
qkrk.56dvd.net
disguised.puk.ro
wap.fox.az
geneseri.wop.ro
nss.com.tw
8685.nfdy.net
18p2p.us
0898.okok.cc
5plus.blog.so-net.ne.jp
al-moasher.net
5point.info
5qq8.cn
5qt.org
ville-larochelle.fr
iris.lereve.in
bushehrzkh.ir
careerzine.jp
11ququ.blog.163.com
android123.com
sbv.gov.vn
www.sxbjmy.cn
flippinburgers.se
www.ancool.net
www.024ksw.com
www.77xdy.com
autolikbez.info
www.fssqi.com
agnesk.flog.pl
buzztxt.biz
lacrym.wop.ro
reginamundi.info
episke.wop.ro
pantone-france.com
gs.189.cn
cctvc.5d6d.net
dreamzone.ro
www.76mf.com
9988.cu.cc
megane3.fr
ycyw.210000.org
863.fjof.com
www.mpmrecruitment.com.au
autoline-eu.com.tr
www.ably.eu
mpoptavka.cz
madikka.blip.pl
www5.cathrin-kilian.info
whiqend.nl
labschool.eu
bcz49.com
alaniemi.net
marefa.net.sa
9thien.soha.vn
kaka365.com
bbs.tech.163.com
www.3dycw.net
adosa.es
isstey.gob.mx
anadoluhayat.com.tr
jak-to-zrobic.pl
999giochi.it
melissa-ec.jp
goztepe.org.tr
chido.cl
85cc.com.tw
voffe.wop.ro
741.pl
fcsalina.ro
dlpark.com.tw
geridsfloristshop.com
asariweb.pl
palgn.com.au
bodega-privada.com
bookmarkhotidea.info
travel-web.com.tw
bullterrponyva.hu