www.isance.cz
bilgindir.com
msy.blog.hr
betutais.wop.ro
rukodelov.ru
eimet.wop.ro
ftp.is.vim.org
legitime.wop.ro
28dni.pl
nuss.56dvd.net
krydsbox.dk
www.veryhuo.com
kit.edu
japanpornmovies.net
loansettlementz.info
damn.so
www.kakm.org
trocmaer.info
netto199.hp.infoseek.co.jp
swissparks.ch
mstar.com.my
proxima.com.ua
8282.wap.ai
wowsolos.info
www.wbenc.org
shell-mx.net
directmailingservicesz.info
nebula.fi
wondi.soup.io
gendertravel.info
rhdesign.no
agroverd.es
cooh.pen.io
solar.gd.cn
londonadmission.info
yaal.blip.pl
lvaaa.net
www.hfq.hk
wmr.flog.pl
sss2.aa.am
suantang.go.th
xadcdq.com
seds.org
wycker.com.ar
gezeverd.wop.ro
www.janula.it
fisketorvet.dk
www.flyup.cz
qooy.com
sou.wjw.cn
8889888.in
jaybob.org
hdkamera.cz
gagugo.pl
jqszag.com
auto2000.co.id
ohiobar.org
ratend.puk.ro
knoopte.puk.ro
www.839dy.co
www.94haokan.com
biel-bienne.ch
www.slhi.cn
ciit-isb.edu.pk
sunivo.com
esoul.ru
roujaku.puk.ro
un.ua
knaakland.nl
ynumba.info
civili.wop.ro
niloo.fr
fickanzeigen.de
2938.ir
hbjmd.78.cn
creeps.puk.ro
parabeatriz.com
klapjes.nl
clevelandgolf.com
rapsli.ch
perrosperdidos.es
sizumi.wop.ro
sbln.nfdy.net
chidukm.88ka.cn
aftensolens.puk.ro
kutner.puk.ro
www.janor.se
dip-net.co.jp
autopiter.ru
sohu.laomo.us
cakenetworkaffiliates.eu
manad.puk.ro
www.pbhack.biz
rusin.fi
jin24k.com
digi29.ugu.pl
tanoth.us
yearner.puk.ro
durali.puk.ro
juve.by
www.v10.pl
www.westlock.ca
www.wwh6.4f9.org
www.xenxc.com
www.xfqvod.com
www.xiaoyaowang.net
www.xjxiaofang.cn
www.xt12312.gov.cn
www.xunta.cc
www.xxx59.com
www.yanjiao.cm
www.yiren1a.info
www.zgyyw.net
www.zoover.pl
www.ztco.cn
xbeta.info
karnscit.puk.ro
xisaq.digart.pl
xiyugame.cn
xkfi.nfdy.net
xliekeduenk.hyves.nl
p2mforum.info
imagenesdefondo.com.ar
quasi-mundo.net
scamsa.co.za
www.uv.es
xoops.ir
utensileriaonline.it
xpmc.56dvd.net
xqfq.nfdy.net
xuwemjian.info
yangtzeriver.org
yidana.wop.ro
yoshimor.puk.ro
yqve.qiwen5.com
hrwebdir.org
yw.0577bj.com
zattiero.wop.ro
zgwqsj.net
zmarzlena.digart.pl
znajdzkuriera.pl
voyeur.wop.ro
03918kumacat.blog.so-net.ne.jp
1yge.net
vistbpl.org
2187.yoyuan.net
3--9.info
51rrkmm.1dache.co
52-seo.tk
5278.com.cn
656bb.info
vecer.com.mk
6dsd.nfdy.net
pyvideo.org
6h777.cc
72pityu.video.xfree.hu
86ma.tk
888123.info
acua.ti-da.net
afschuww.puk.ro
aleph-dach.ch
innato.nl
alveolol.puk.ro
anticens.wop.ro
kobus.digart.pl
appartement-calfven.istats.nl
appletvblogr.com
appsku.com
aprettylifeinthesuburbs.com
b2p.jp
bildausd.puk.ro
bingxiang.biz
biocafe.so
przyjazneapteki.pl
bipa.at
bjbk.co.de
bjccjy.9998.tv
blog.itu.dk
blognavi.info
bloodfestival.livedoor.biz
bmw.win-cloud.yu.gs
mijnleescadeau.nl
boinc-af.org
bonifratrzy.pl
bonkaceleb.pornrox.com
bookmarkthistime.info
koelbel.de
bppt.go.id
eersteco.loofas.phractamphibia.wwwwww.wop.ro
bramleyblinds.co.uk
bruclass.info
businessworld.ws
caoliu522.pen.io
cassini.ro
cayennepepper.info
smumn.edu
centroesteticopadova.com
chernyspisok.info
cistite.info
hypocrat.wop.ro
cuis.org.uk
d3webdesigns.com
dacixi.com
datket.net.vn
de-signone.co.uk
dinstudio.no
disciplinons.puk.ro
djbudi.prv.pl
gabib.hyves.nl
dokaan.net
vccinews.vn
dotpoch.com
dreinschlagende.puk.ro
duntz.info
altiloquence.puk.ro
e-molp.pl
e-musiclab.org
www.kmh.me
e-pal.me
e9aq.nfdy.net
efewfef34e.com
eic-party.de
eisenbah.puk.ro
encyklopediakabaretu.pl
endureront.riesenpa.loquet.wwwwww.wop.ro
mqhq.210000.org
enggipilu.puk.ro
entertudo.com.br
espana82.hyves.nl
euromobilnidomy.cz
everesttech.net
ewebarea.info
allianzras.it
famosa.wop.ro
farrow-line.info
voloscontato.it
ferienwohnung-ide.de
fhcx.nfdy.net
fix-css.com
fizoka.hu
flackcheck.org
fleurs-plantes-artificielles.fr
flyringtones.org
aibugu.info
fnhd.nfdy.net
fobomade.org.bo
footcrab.soup.io
forextradinggamez.info
fortunita.info
foudemusique.free.fr
foxier.wop.ro
klammigs.wwwwww.wop.ro
foz5.56dvd.net
freebuild.pl
freeonlinedir.org
ttdmwbrfp.page.tl
freephotogallery.info
buwal.wop.ro
fregador.puk.ro
fuqis.info
futureclub.us
game2.online.cq.cn
gamesandcasino.com
gayhk.com
www.pxrc.com.cn
gebondenen.puk.ro
gentayangan.info
germi.puk.ro
gesellt.wop.ro
getty.wop.ro
cjza.210000.org
ginestre.puk.ro
gismeteo.lt
globlotto.pl
gonirwana.info
gorakhpu.puk.ro
gl6x.265link.com
goten.jp
gourdpla.puk.ro
greece.org
groteoorlog.be
grupoclarin.com.ar
guarita.wop.ro
guccii.info
acphs.edu
gvkw.nfdy.net
handy-news.at
harpa.is
hearts.wop.ro
homilize.wop.ro
horikiz.com
intellipoker.pl
itidaizi.puk.ro
itkk.lizhidy.net
jumeisai.wop.ro
jwxt.cqust.cn
novisa.wop.ro
jzar.210000.org
k8be.210000.org
kaylan.wop.ro
kellerwilliamsaustin.com
keyhangers.dk
www.100sorrisi.it
koselakautosiskola.hu
klod.digart.pl
www.chamm.us
knowzon.com
kompressen.wop.ro
korean-learning.seesaa.net
koren-zensen.cz
kroena.wop.ro
kysuce.cz
linearlawenforcement.com
los40.com.mx
marcia.edu.pl
marcvasseur.info
iplan.com.ar
maysaytoc.net
mazda3klub.hu
mdyyj.taobao.com
mediafinanz.de
medyczka.pl
meeslepe.wop.ro
mensherbalpro.info
mesto.zp.ua
mia.htw.pl
mmaforums.com
motox.com.br
movie-collector.net
mwpk.nfdy.net
bliskausluga.pl
mxd.cn
stalence.com
mynewarticlestores.info
myzlab.pl
n-kasa.pl
narf.pl
ncl-coll.ac.uk
ne35.210000.org
nefcua.info
netarena.pl
neww.org.pl
nierons.wop.ro
nyu-subs.de
odrworkshop.info
ofres.cz
oga.digart.pl
omonon.info
ooftkeld.wop.ro
paraplubak.puk.ro
parhikuni.com.mx
petlittle.com
picturesindia.com
polsat.com.pl
pornbig1.info
tarots.jp
pornhentai.org
preisjaeger.de
primary.tongzhuo100.com
puzz.wop.ro
qun.zix.cc
drinque.soup.io
abrim.wop.ro
rankchecker.gr
reserveit.sg
raumfahrer.net
realhit.cz
redpages.ph
relationshipcapital.co
renulec.blip.pl
rfpmart.com
rospil.info
rpcxtdgbsyf.1168.tv
satiriekst.wop.ro
sblz.nfdy.net
school.org.il
storecommander.com
stumax.info
summary.net
supermedweb.it
sztk.ru
vacationrentals.bg
varicoseveins0y2.info
www.uxx.cc
vbuhanov.ru
verhaaste.wop.ro
videosex69.info
vilolaeg.wop.ro
voipphoneservicezs.info
w7ph.ru
wallpaperhub.net
e-review.tv
wseiz.pl
www.0516jy.com
www.0573xuechenet.com
www.0718.cc
www.1-l.cc
www.100922.com
www.1133.cc
www.123.fr
www.13149921.com
www.188soft.com
www.2resume.cn
www.5068.com
www.520cc.cc
www.52shejing.com
www.5ka.pl
www.747474.net
piert.wop.ro
www.77cc.info
www.8003888.com
www.8886.info
www.91q1.com
www.91se52.com
www.96296edu.com
www.969686.com
www.987aaa.com
www.988mu.com
www.a67com.com
www.aaawatchreplica.com
saps.moe.gov.my
www.about-face.org
www.awih.de
www.bako.nl
aftakte.puk.ro
www.bbs.28tui18.com
www.bet5880.com
www.biohurt.pl
www.ceodh.com
www.cnc-jc.com
www.cqxxt.com
www.cqycw.com.cn
russianvirginz.info
www.cvdm.nl
www.d4se.info
www.dbzwm.com
www.drbody.hu
www.drstudio.pl
www.dtbssc.com
xixihuafu.com
www.epoli.cn
ff-ampass.at
www.erlang.org
www.fangdumianju.cn
www.fengshou.biz
www.findwith.me
www.firotour.cz
www.fitsa.cn
www.fujinfoods.com
www.furniture92.com
www.fxjshgw.com
www.gamyba.lt
xian.961314.com
www.gazx.gov.cn
craftboard.pl
craigslist.be
rp5.be
bbs.tv2018.com
qiys.265link.com
apple.bloks.cat
papelariapaula.com.br
yhwc.me
asu-net.info
littlesaint.ca
bansko.net
www.securite-sante.lu
shads.puk.ro
dailyfit.ru
suhw.210000.org
dangdang.yes-ppg.net
imballas.puk.ro
www.jzxx.net
miasto.dsl.pl
imitables.wwwwww.wop.ro
presidencia.gov.co
www.1idy.com
tvsexehd.info
astrozone.com.au
www.bassdrop.ca
blog.heiguang.com
hupan.net
7j9v.k3y3.net
gameta.vn
www.yinyueren.info
numimarket.pl
1o2.ir
faggy.de
2e87.56dvd.net
www.nbo.hu
craigslist.com.mx
bonesofourancestors.com
gensizin.puk.ro
rentacar365.com
key2go.com
saigonpavillon.com.vn
outils.xxx
www.fo23.com
die-geschenkidee.de
cruiseweb.com
tss.gov.do
etgb.210000.org
apek.cz
hostingsupport.it
conferee.puk.ro
epubr.com.br
erokyokucho.livedoor.biz
www.iuse.com.cn
www.huaxiaborui.com
fairtyre.eu
www.cheau-liang.com.tw
518wz.cc
tilde.wop.ro
geal.wop.ro
spooneyn.wop.ro
bookmrk.de
altijdgr.puk.ro
formulaf1.es
0d7f.k3y3.net
www.iso.gl
bestbuy.no
fuori.puk.ro
news.kunming.cn
chocolatetcaetera.fr