mer-link.co.cr
quora.co
www.night-vision-thermal-imaging.com
polimedia.us
superbock.pt
ens-lyon.eu
www.fulilai.net
mgrbjs.114.org
tarpato.wop.ro
www.zzjdzs.com
omm.blox.pl
wikiutil.info
publico.pt
jifry.tk
fotoklok.se
talcott.wop.ro
www.cupd.nl
forsesongen.puk.ro
www.zmqgsp.com
p-a-p-a.org
brindis.puk.ro
www.xpxpy.com
musico.jp
www.13149921.com
novasys.be
vashmlmuspeh.ru
binhphu.info
www.exaltor.cz
8684.cn
roughporn.info
jusaozh.info
kidp.or.kr
www.indeed.ie
foreparts.puk.ro
www.assassinscreed.de
lovertje.wop.ro
srisangwankhonkaen.ac.th
mypornonline.net
hupan.com.cn
place2be.blogsport.de
www.sztok.com.cn
mtnzambia.co.zm
macalester.edu
itabo.cz
www.51dbzf.com
ecstacy.wop.ro
polysom.com.br
hostinfo.ru
aftervis.wop.ro
feingold.org
fietsenscoort.nl
toxicoid.wop.ro
ototo.puk.ro
swiatplytek.pl
aanlever.puk.ro
bqspa.cn
gastraeal.puk.ro
www.waga9.com
graphics.beareyes.com.cn
seo.ac
nyaweb.co
bj.cfw.cn
wulitang.com
www.magnat.by
thailand-website-hosting.com
bassar.com.ar
celine.digart.pl
crackle.com.br
www.rejseliv.dk
kattintside.hu
delur.tv
xxfamkexx.hyves.nl
workout.su
runcis.info
www.ozp.cz
5af.info
www.esp1.no
www.sf.dk
arsizbela.org
prwv.info
www.downza.cn
sunnys.pinger.pl
carvenus.com
www.xpt.no
attesa.wop.ro
diamondsupplycousa.com
csi.poznan.pl
viva-woman.ru
h4g.co.uk
dtstdzzc.tongye.biz
npainfo.org
www.rafael.pl
lyricsmusica.it
crohn.home.pl
getbb.ru
implanty-zebow.poznan.pl
globalsail.info
netcoders.net
inger.ee
vica0430.fecsegj.hu
lkie.nfdy.net
www.77cc.info
www.77l7.com
commpro.biz
healthinn.me
lamstar.kr
bestfilmy.pl
turania.puk.ro
stevia.no
tk09.lizhidy.net
hiowe.wop.ro
xxxvideo.hu
finelife.pl
www.ifaw.org.cn
ecogold.info
chapelhall.info
mjair.net
nutv.dk
the-exorcist-full-movie.blogspot.co.at
unconfuted.wop.ro
piana.puk.ro
unwithdr.wwwwww.wop.ro
www.neonworx.de
optendrenk.com
trafex.info
www.gfnet.tw
www.emsdy.com
gamesurf.it
blog.nguoiaolam.net
santenature.fr
12i.pl
www.shankejingling.com
zcgx.210000.org
assuredmoneysolutions.co.uk
renwumatou.net
sinic.wop.ro
tastewine.nl
pocs.210000.org
exoten-forum.de
aerialarts.deviantart.com
johndyer.name
www.ltc58r.uqc.cn
tcb-bank.com.tw
standup.pl
human-t.info
91530.cc
etudiant-paris.info
ducros.info
gutti.info
gesichtetem.puk.ro
suplementy.pl
k9un.210000.org
ultrahaus.com.br
ccftn.com
gigolom.biz
zmarsa.pl
tpec.edu.tw
delouse.wwwwww.wop.ro
leroymerlin.fr
www.12520.cc
m.zbiz.tv
roweryokey.pl
puzzlesforsale.com
rafaleq.blip.pl
cheapshoesforwomen.org
99chengren.info
fmln.org.sv
www.v10.pl
yomasta.wrzuta.pl
local-mover.info
guihuaxiang.com
bloggerviet.com
total.kz
www.nic.cz
fortlass.wop.ro
alley.wop.ro
www.coolwallpapershd.net
pwba.k3y3.net
gongzi.org
kindra.wop.ro
shijiazhuangyiyeqing.6rj.info
faf.dz
www.eo.org.pl
www.mrt-miyazaki.co.jp
znojmocity.cz
korenbeu.wop.ro
www.merkur.de
thetranny.info
99477.com
kksebo.com
safa-ivrit.org
ventosit.wop.ro
e-bach.eu
virtualcar.it
torti.info
acccnet.net
dipascha.puk.ro
alphaoch.com
skoczow.pl
arispix.ir
www.daxue9.com
ipcl2012.blogspot.com
www.powerstreet.fr
zhuhai.3he.cc
www.hk6x.4f9.org
xdty.info
www.zuidaowei.com
irishinfertilitysupportforums.ie
smzt.kuwo.me
fortnece.puk.ro
almaaref.org
chongqing.5ilou.com
expressla.info
germancraft.net
hassex.net
in-jamaica.com
ishinabe.wop.ro
kaptajn.wop.ro
koenne.wop.ro
lifemile.info
malheureux.puk.ro
nj.newssc.org
rico-s.jp
tiempodevictoria.com.ar
yesvpn.org
trauerfeier.puk.ro
www.sjh816.com
plaquiez.wop.ro
koszalin.pl
nwchess.ru
www.jnzjgs.com
visual-sac.net
fxet.210000.org
puerh.cn
overclou.wop.ro
poolicz.pl
shinkai.puk.ro
eneloop.info
szdnmedt.skynetblogs.be
www.jusedh.net
isport.blesk.cz
pocketfulofdreams.co.uk
dvvo.k3y3.net
consulado-brasil.pt
topdj.by
176gz.com
cabcv.com
madhatterbunnies.co.uk
24x7-spb.ru
crbone.info
erufa.com
forexinfocentrum.cz
qanungoh.info
siterj.net
uh-ty.com.ua
woodengreenhouses.net
titak.ir
visualapex.com
52dy.in
www.bhren.cn
it-fans.tk
hanamasa.co.jp
wsa.ge
xbzq.78.cn
premium-template.net
smink.nu
www.qilef.com
dokidoki.ne.jp
snaha.cz
eads.pk
www.jilin.cei.gov.cn
larswegink.hyves.nl
kafuka.wop.ro
www.js46.com
kajumaju.digart.pl
sportpark.com.ve
hotbbs.us
freshlook.asia
newfiles3.pinger.pl
mv78.info
j85n.265link.com
adish.info
www.smetc.net
pakuska.blip.pl
uppic.org
cyberhostpro.com
destinationen.puk.ro
cimladonland.ru
tp-link.co.id
sefsejcs.ugu.pl
e-l-l-y-5-4.hyves.nl
86ma.tk
gdziejestdziecko.pl
e-nocleg.pl
www.57zc.cn
arkaim.info
search.aol.at
advise-web.com
webadresy.cz
adflybot.info
box.0916.tv
junv.210000.org
stephaniesw.hyves.nl
fk.wgdnf.info
humyai51.info
planet-vampire.net
knopfusa.info
inshining.puk.ro|jiin.wop.ro|hxh.bdwl.cn|ovis.jatek-online.hu|www.int.nf|www.sjzhuakang.com|asqj.nfdy.net|mndy.nfdy.net|spante.wop.ro|soreve.xtgem.com|gz.h2h.cn|www.avzai.com|xpdi.nfdy.net|youxi.com|kaiarei.deviantart.com|www.jzswdc.com|www.huanggua.com|moreb.wap.ai|canada-goose-shop.frnewsby.com|fct.unl.pt|arcade.rakuten.co.jp|qipabuluoge.taobao.com|www.guilin.gov.cn|cfwc.nfdy.net|unyn.nfdy.net|wjub.nfdy.net|www.biantaoti.in|www.zhongguo315.com|ytoh.nfdy.net|www.3111.co|mediakosar.hu|www.03187.com|zpbk.nfdy.net|wfylnwyql.mobie.in|nxkh.nfdy.net|medial.wop.ro|zbfp.nfdy.net|uyxzmjzacgcksn.blogtrue.com|www.1-l.cc|www.ksxjd.com|revctrl.org|ekxx.nfdy.net|masse.wop.ro|www.lmmw365.net|www.abc625.com|www.0351sem.com|www.youy8.com|lionbass2.blog.so-net.ne.jp|lwzy.nfdy.net|www.pixeltuuning.feim4u.ee|www.hecor.cn|nisa.nfdy.net|uggonline.info|vlieguren.wop.ro|icamtech.net|www.aiyunpw.com|www.xshpjy.com|ikng.nfdy.net|www.evenimenteromanesti.com|targanewfoundland.com|www.38767725.com|www.zfeiwang.co.cc|arena-barani.com|dibao.org|zhishangnet.cn|nexustournament.com|radabg.com|www.0539house.com|daogouwang.tk|3490.nfdy.net|tehl.nfdy.net|seostats.asia|www.cpa.hk.cn|modelschool.com.au|www.shszc.com|pocoma.wop.ro|18mei.com|0wnenstein.deviantart.com|nanrenwa.com|flambe.wop.ro|twitpic.com|gimzo.wop.ro|www.yhdnzc.com|tolhuoche.buscx.cn|autobodydynamics.net|www.ctt111.com|www.365shhr.com|iplforum.com|dicks.co|uggforcheap.info|fplt.nfdy.net|bbs.007.mx|www.wdhrb.com
hossa.gda.pl
j-garage.co.jp
www.gaac456.com
braseamless.1yl.info
zobaczkrakow.pl
jaq.digart.pl
rosnet.ru
beimiyigou.com
escuelaing.edu.co
cyberbiznes.pl
cotn.56dvd.net
converse.es
listpagerank.info
trapladd.wop.ro
laso.jp
foste.wop.ro
littlesaint.ca
racedayweather.com
oram.wop.ro
unis.edu.gt
ffsfile.info
baby-caring-games-online-for-f.blog.hr
easy-coding.de
zgsm.nfdy.net
tripadvisor.jp
relax-n.net
agita.digart.pl
www.unie.cz
adamieva.info
piratpartiet.se
www.pycx.4f9.org
firmawanglii.pl