40379.hemelsesex.nl
www.eimage.ca
tetricit.wop.ro
www.bbstoday.net
puerh.cn
aapostro.puk.ro
tinhyeuit.info
drinque.soup.io
blogsport.ro
prestatio.pl
www.jswqdcgs.com
gy.91.cn
www.dxbsm.cn
freebooks.vn
ofmusic.ru
airpaintandtools.com
l1sa.li
tsyx.210000.org
zineryt.com
thetempwebsite.info
bandy.blip.pl
www.52njl.com
iread.it
twiglet.wop.ro
www.fmxuan.com
dicavit.info
shokansh.knept.sperperati.wwwwww.wop.ro
mautau.com
coufen.com
reals.lt
kyocera.eu
jtwa.210000.org
dirslot.info
footballz.org
7856.net
lozoai.tk
kisio.blip.pl
armfort.cz
wphostingreviews.com
www.yougedi.com
hr-pedia.ru
kobus.digart.pl
llb8k.info
www.hljjyw.com
circolosanmartino.it
yvf8.k3y3.net
lphp.ru
zhdy.ru
epigraf.su
www.0769lipin.com
dekplaten.wop.ro
kedges.wop.ro
glyt.210000.org
6312370027.phone.searchwww.com
anupa.puk.ro
1internetbizness.ru
splove.tk
absforums.com
kinostar.com
watch-marina-abramovic-online.blogspot.pt
goten.jp
tur-info.pl
korathealth.com
brainjobs.ro
cofunds.co.uk
goldenjaguar.com
whro.org
jetted.puk.ro
gbconline.it
kux-til.blogbus.com
bcc.it
it-notebook.org
chaletmadera.com
rvng.210000.org
cld17.com
overmarsje.hyves.nl
23055000.ir
ute.edu.ec
cscl.umn.edu
cinemagic.dk
t5ih.210000.org
www.reey.net
itstore.dp.ua
2s-blog.jugem.jp
thirtyhandmadedays.com
ishinabe.wop.ro
bcs.tt.lt
860860.net
topcoating.wop.ro
antarex.it
www.nia.az
mvzy.nfdy.net
www.17se.us
eric.asia
wt-rotator.biz
7h1.info
www.moonbasa.org
tampon-encreur.ws
mmaforums.com
mozilla.jp
nila.210000.org
taupo.puk.ro
indologe.puk.ro
riversedgeadexchange.info
shockah.pl
tp.piba.cn
businesssmallvoipz.info
qgywy.diandian.com
water.gov.tw
themelike.info
2012k.info
www.obieg.pl
profitec.cz
esferabr.com.br
guihuaxiang.com
hekla.wrzuta.pl
nextwebmedia.pl
muabanchinhchu.info
fasmr.ssmb.ro
shahblog.net
verguizingen.walane.betteanne.affettati.hygien.wwwwww.wop.ro
www.qq1163.com
www.009dy.info
averting.wop.ro
easyart.de
www.22dddd.info
sricool.info
0579fw.com
thr.soup.io
realaviles.es
setai.wop.ro
www.shaonv.us
dtscinema.in
einfoerm.puk.ro
treatwellpharma.in
ukaachen.de
as-garten.de
imagenesdefondo.com.ar
khairilmazri.blogspot.com
nvisionarts.com
politiek.linktop.be
behari.puk.ro
medialchrome.it
www.liantiao666.com
zoomacom.org
felicito.wop.ro
wap.fox.az
news.liao1.com
4730177.blog.51cto.com
loveyoga.at
frontexplode.eu
weltfremde.de
kiep24.pl
76.procjoueaw.osa.pl
operesyo.puk.ro
www.ndz120.org
m98l.k3y3.net
enari.wop.ro
inandaround.ie
ticket.com.tw
gaga1.blip.pl
local-mover.info
swin999.net
cehuan.com
isesco.org.ma
bookmarkalphabet.info
www.hyl8866.com
2012new.info
ilich.in.ua
szilva71.xfree.hu
jd.xf.cz
cctaa-wx.cn
autocarsrelease.com
blog.keso.la
comiclink.com
sultoni-kabir.tj
remmonmethoar.puk.ro
unpastor.wop.ro
infracta.de
lajfisbrutal.soup.io
northrob.wop.ro
u-torrents.ro
mimoso.puk.ro
sojag.org
themediterranean.it
17986.taobao.com
caoliushequ520.info
hermanastro.puk.ro
www.trinity.org.hu
cbq.com.qa
itbites.com
ainix.co.jp
lixiviate.puk.ro
www.liansuoxiaoshouw.com
www.68cs.com
new.owss.it
iplan.com.ar
achehnes.puk.ro
www.tvh.no
s3s-perf.net
muou.info
kong.net
wirt7.ru
turkey-stone.com.cn
yktdyy.1168.tv
ems-baustoffhandel.de
kameraakcja.pl
mapstory.org
hkbuas.edu.hk
www.021026.com
www.szraskj.com|www.baimao.com|www.bianpingyou114.com|www.tr-harima.net|axre.nfdy.net|www.wiseman.com.cn|demardeals.com|cherry365e.jumpingcrab.com|sjs.to8to.com|www.sufte.com|pengxiyuan.diandian.com|sqkn.nfdy.net|www.qsssgl.com|moreb.wap.ai|gnmrally.com|shtion.com|fvla.nfdy.net|rdhs.nfdy.net|hikkirin.puk.ro|www.bjwqjz.com|www.sothink.cn|www.jiacang158.com|bbb.dounixiao.org|www.520gz.cn|monkey.org|puup.k3y3.net|wwgz.nfdy.net|proporcionado.puk.ro|gksj.nfdy.net|86yoga.cn|jrqd.nfdy.net|pulite.wop.ro|dvyd.nfdy.net|dunder.wop.ro|zcyf.net|bbs.tzi.cn|bezwecktest.puk.ro|effz.nfdy.net|www.bbxp.cn|fioa.nfdy.net|www.vod110.com|www.sisterma.com.cn|yurus.wop.ro|mfys.nfdy.net|v7.reimeee.orge.pl|sietufumb.bloguez.com|adminunion.com|lottery.yc.nx.cn|www.dmlxg.com|getnotices.com|iroke.wop.ro|kattuns.puk.ro|gkqo.nfdy.net|icar.by|www.97264.com|www.hackice.com|88991.cool5forum.com|6y6y.taobao.com|sjjx.wgwgw.net|hdlt88.com|dealer.17car.com.cn|dibao.org|www.xuecheo.com|wap88888.cn|youxi.com|okhaldhung.wop.ro|www.qg-knives.com|tricia.wop.ro|www.918dyw.com|www.semm11.info|kgyx.nfdy.net|dextramedia.hu|www.kwqbrand.com|shemale.alle.bg|www.2avr.com|www.fsbit.edu.cn|www.hnxinke.com.cn|cqzu.nfdy.net|xizhang.86cw.net|www.youma5.cn|aweg.nfdy.net|uuuuuh.puk.ro|www.hsdbg.com|www.zfeiwang.co.cc|6hczt.com|baidujpw.cn|www.ahswxj.com|baichengtianqi.fdchs.cn|www.zixuegolf.com|reagin.wop.ro|www.22lxw.com|www.jshzxzsj.com|83rr.nfdy.net|ttfd.nfdy.net|tzlnujbqfx.blogtrue.com|hswm.nfdy.net|wolfless.wop.ro|ogoto.wop.ro|zyspjx.cn|wanggou.daogou1.info|mail.163.com|anwalwzbd.skynetblogs.be|flyingmouth.com|chinataoci.taobao.com|hikae.wop.ro|dote.wop.ro|schoch.wop.ro|bbs.dt818.com|ruediger-kauf.de|www.ec818.com|www.dghwei.com|chinataoci.taobao.com|www.crocsinchina.com|www.49idc.com|i.wanwan.sina.com.cn|utgor.wop.ro|sheafy.wop.ro|cndl.nfdy.net|copei.wop.ro|rysb.nfdy.net|eatao8.com|baidu-zx.com|flyingmouth.com|qiat.nfdy.net|www.shrose.cn|www.iqilu.cc|txmu.nfdy.net|ningxia.aiao.cn|www.ieltszydk.com|nanrenwa.com|ocyl.nfdy.net|trumfe.wop.ro|rnbw.nfdy.net|eesc.nfdy.net|uloa.nfdy.net|google.be|btcl.nfdy.net|taxwax.wop.ro|onset.wop.ro|fifs.nfdy.net|www.pigtop.com|seifv.wop.ro|lobina.wop.ro|kxko.nfdy.net|www.lanedy.com|athleblog.com|amerimed.com|actresssex.a-maturescam.com|xyx.2g.cn|fuhdybomo.typepad.com
boerland.com
retento.com
broco.blog.hr
dred21.flog.pl
facool.com.br
janki.digart.pl
prwv.info
hupan.net
www.tieta.biz
juancong.com
bud-man9.webs.com
weiming.info
wi-tribe.net.pk
dirsubmission.co.uk
btn.ir
www.history.ca
quinielista.es
hacina.wop.ro
www.7x6.cn
b-marks.info
zfn8.56dvd.net
tyxsb.518e.cn
bbs.mengnan.biz
www.zbksy.cn
legalized.us
peaceboy.hyves.nl
13qq2.951n.cn
ogdx.nfdy.net
www.menorca.net
www.rosnowski.pl
sjor.wop.ro
lionsbromolla.se
cholerae.puk.ro
bosch-home.com.vn
safj.210000.org
ericprogram.com
otasoku.livedoor.biz
www.3qm5.4f9.org
www.krek.hu
www.tebim.pl
viverelavelaroma.it