wordpressclub.ru
www.hehekan.com
escort-girl-marie.com
zhugao.cn
nzzjenxbpg.blogger.hu
aryabhatt.com
solokar.pl
ravenbay.com
hisforeskin.com
qooy.com
www.jylzs.cn
5a6a.net
fota.pl
furthering.wop.ro
www.szledia.org
akwarium.net.pl
www.fc3d.net
makao.wrzuta.pl
www.ibloom.it
tvoisex.ru
ihyl.210000.org
testphp-nuke.ic.cz
deniscadet.com
cubecompany.com
mala.puk.ro
copa2014.org.br
shuaqb4.diandian.com
www.mtj.ch
majaleha.com
centrica.co.uk
www.pacha.hu
kredytgotowkowy4u.pl
camelsounds.com
bravat.jp
swami-krishnananda.org
rugbydump.blogspot.com
gamesurf.it
www.actiview.de
rwabhagidari.blogspot.in
www.tanvx.com
xtd.6633.cn
59tl.265link.com
greeneventos.net
spbstirka.ru
bloggerviet.com
burnsville.tk
www.32wy.com
www.industridesign.lth.se
www.chinahuashang.com.cn
hedonblog.co.uk
xxx22.info
honis.wrzuta.pl
kaukas.wop.ro
tl.uuu9.com
agamemnon.com.br
www.jylyw.net
helenka.flog.pl
jynxmaze.info
eko.org.pl
dovne.wop.ro
nyayabhoomi.org
mercedes-benz.be
progames.in
hypothyroidismrevolution.com
kliot.net
www.ema.nl
www.ykp.gdynia.pl
itivarden.se
www.kuoyinji8.com
overtalt.wop.ro
lepszykurier.pl
tukee.blox.pl
enago.jp
kartgroup.fi
www.100123.com.cn
bipxinh.com
slimsport.pl
sesexxx.info
veidas.lt
nestle.cl
armar.wop.ro
esbd.nfdy.net
radio.orf.at
vinicius.ro
jinkouei.wop.ro
www.yeuonline.info
kolosy.pl
xu.pl
ricardo92.wrzuta.pl
dete.bg
laroseweb.com
powersport.ee
znak-jakosci.pl
laie.es
mobibrix.com
www.fjzays.com
appsforgood.org
www.sdcenter.pl
serieasten.tv
thea.blog.pl
lung522.net
gim.art.pl
natalialubrano.natemat.pl
dfpni.gov.uk
mufeng.me
contrataciones.gov.py
targmne.com
snxcocn.info
www.kakm.org
zt008.cn
www.gk.pl
pamietniczek.info
emcee.digart.pl
z6i.net
herrensi.wop.ro
ahtzdp.com
sascha-lien.de
tiojimeno.es
www.lammacau.com
tortownia.pl
1001pneus.fr
chinananxun.com
sportamore.se
yaranehmehr.ir
www.kkgzzw.com
tabu.origo.hu
bzzpxx.78.cn
alte-stadt.de
psiesny.blox.pl
cuge.org
eddymerckx.be
byqz.k3y3.net
www.520gz.cn
cartmaster.puk.ro
link.55.la
wegvluchten.wop.ro
hispanictips.com
www.zf.ro
dhelmith.edu.pl
respage.com
nvlg.wordpress.com
cmais.com.br
chemgio.bigphim.net
7oranges.pl
elektrodo.pl
cwi.pl
comuniverso.it
spedalicivili.brescia.it
kausal.puk.ro
triboliu.wop.ro
phat.pinger.pl
chachala.com
izakopane.eu
ilze.nfdy.net
jaysbodyshop.com
www.hy-zd.com
otostrona.pl
c-date.fi
discuss.com.hk
slang.od.ua
aibiki.wop.ro
mikaeljamsanen.fi
czasopism.pl
propmark.uol.com.br
wakefield.gov.uk
prwv.info
smeet.de
www.hanser.de
51hsz.cn
www.cpase.org.cn
www.gamli.tv
tattooartists.org
leawoodward.com
gxds.210000.org
www.caipiao.sh
multiky.ru
kweet.puk.ro
iwin.edu.vn
ww.51mlw.com
symtab.wop.ro
strebber.wop.ro
www.dnf7z.com
adornasti.puk.ro
korj.wop.ro
bjtdyz.com
yash.info
franchise.org.tw
jaagde.puk.ro
www.yunvtupian.com
2938.ir
preodenotebook.7m0.info
testuj.orange.pl
myptc.info
nocking.wop.ro
www.c8m.net
kiezfunk.net
checkwebsiteranking.com
pieters80.hyves.nl
spacecollective.org
www.rbscl.com
www.salvatidelta.ro
webdaili.info
www.987aaa.com
weee.jp
www.drv.nl
rosier.de
thr.soup.io
neerleg.puk.ro
yhbbs.info
bettong.wop.ro
www.karriere.at
www.hngtc.com
www.yunxx.net
cyberxteam.info
redesk.es
neofacts.org
www.wabei.com
hjkg.973.com
www.csna.cn
wbadvies.nl
wondi.soup.io
jknwt.info
www.tui-guang.net
jmnews2.jmcatv.com.cn
war2glory.es
ruez.eu
uswares.info
hawas.cn
9900wap.net
taobaonvzhuang.5d6d.com
shrek2fullmovie.blogspot.sg
ravu.soup.io
hebinzhicheng.com
flash.wrzuta.pl
perfectbookmarks.info
cabrino.it
www.9u8u.com
jingcaishijie.1168.tv
motor-master.ru
vegaskids.info
qqvb.info
www.tropicalshow.nl
www.how2get.in
trackurtime.info
clean-aqua.com.ua
py.66wz.net
trollblume.net
congchung.org
www.111zy.info
tomdaley.tv
myeldirectory.com
www.1stekeuze.nl
mocotyan.blog.so-net.ne.jp
fenixcomp.ru
virtuti.info
lv12.com.ar
weeped.wop.ro
mep5.nfdy.net
festgestaltung.de
ankhs.wop.ro
vqqz.nfdy.net
caodanai.info
argovia.ch
www.guilin8.com
wsa.ge
gucciboots.altervista.org
ladybrafashion.com
schlaefrigere.wop.ro
backlink.it4t.info
fukusukegyouza.hamazo.tv
sork.digart.pl
tdfjtqdt.1168.tv
823409.info
unonotizie.it
kwansubo.wop.ro
boorman.us
sichuan.qyi168.com
brreg.no
syariki.puk.ro
www.wuyeyh.com
ijdeler.puk.ro
yyas.nfdy.net
www.bb520.tk
km-orzel.pl
www.bicishop.ro
dh.520edu.com
teleurope.eu
trapienta.deveinin.wwwwww.wop.ro
baisex.me
www.n4zg.4f9.org
parisbruno.tigblog.org
qvodqq.org
qqxjbbs.com
stadbewoners.puk.ro
flikk.wop.ro
www.qiuq.net
atsqrcode.com
www.yedoo.eu
www.emploi-public.ma
cartridgediscount.co.uk
www.qianke.cc
www.w3schools.com
coffeelibre.kr
eatv.k3y3.net
asamiyas.puk.ro
icms.info
www.22dddd.info
adrom.blox.pl
predappi.wop.ro
r66.cn
hupan.net
mneq.210000.org
dalan.com.vn
gxiao.ga
yanji.tv
www.iguru.cz
normated.wop.ro
www.kmys.cn
billipig.com.br
www.bqaz.org
aanroepe.puk.ro
www.80sequ.com
rumbo.pt
www.7xo.info
bards.ru
foodjamaica.net
www.517bocai.com
www.cccfanli.com
chrono1.software.informer.com
diede.wop.ro
1gil.k3y3.net
ru-moto.ru
usu.li
ukaachen.de
dtscinema.in
samick.co.id
www.094.cn
id47.fm-p.jp
waamde.puk.ro
webmemos.info
lijkdien.puk.ro