valendia.ws
lanxess.sg
billipig.com.br
www.dlxhe.com
trocmaer.info
tenda.puk.ro
molliznar.puk.ro
smartoption.jp
masdar.ae
tmn.pt
prwv.info
valait.wop.ro
dangerpress.com
www.tiptop.cn
sollevi.wop.ro
arztsohn.wop.ro
ony3.qiwen5.com
www.dogdinners.com.au
ifilhome.com
univ-metz.fr
socalmtb.com
justfreebooks.info
www.adop.se
fastwealth.info
solarweb.net
etourisme.info
twiceware.de
rochester.edu
57kan.info
www.oradev.net
parentingteenagers.info
literallyinspired.com
tva.com.mx
mortycjamcgonagall.mylog.pl
faxing100.com
webmas.ru
guangchang.info
www.qdnzy.cn
zalige.puk.ro
downloadpaper.ir
fnaim.fr
www.reborn.cz
sponsor.sexpartnerkontaktanzeigen.net
matsugo.wop.ro
www.sp178.info
sailwx.info
www.orkut.com.br
shaobaogu.com
f8q.info
wiggle.co.uk
www.125jia.com
ffsfile.info
www.moriseba.com
vv.5ax.info
download-carly-rae-jepsen-ringtones.blogspot.cz
cao87-d86.diandian.com
yagnob.wop.ro
ovcentraal.nl
guihuaxiang.com
psgui.com
googlicious.info
kosibone.wop.ro
sil.digart.pl
nhart.org
rae.gr
hl.my2my.cn
tudonahora.uol.com.br
3g.204.at
jofama.no
jzkm.210000.org
vekton.ru
server-list.info
european-journal.org
neerkomt.puk.ro
nala.com.cn
videobomb.it
pdry.wop.ro
ailurus.wop.ro
wphostingreviews.com
dansfauske.no
polygamia.pl
chachala.com
demartina.com
uploadvideo.us
vollblutunternehmer.de
worldschool.in
www.ruta-inka.com.pe
hupan.com.cn
studio878software.com
whitemagic.pl
sluzbazdrowia.pl
28.vg
zone-h.com.cn
anninhhoanggia.vn
tipsku.info
elektrischvervoer.nl
gowe.nfdy.net
newsbit.info
emailn.de
gzhimin.com
cateringhygiene.co.uk
www.sxbst.net
alaska.edu
www.bank.pingan.com.cn
topaz.pinger.pl
www.niam.pl
farceerd.puk.ro
www.hiv88la.com
kowenru.com.pl
rwer.wordpress.com
proxite.info
www.bako.nl
jognote.com
sjrx.info
iulusfan.com
dmon.se
travelaxis.org
bigge.com
rienpipe.jp
bnr.epl.ee
herigst.puk.ro
tetsab.blip.pl
tvasta.pl
48w.info
blavish.com
nansenia.puk.ro
fuckimba.com
prawybory.edu.pl
swift.digart.pl
seans24.pl
smashinghitz.com
karma.lap.hu
gagarin205.gr
euforiastudio.pl
www.fk96728.com
whdkgycoo.freeblog.hu
www.ggbgbw.com
craigmurray.me.uk
movieloo.info
6gp.info
www.hf.e21.cn
spls.com.pl
yinxxx.info
carnp.com
nursat.kz
controlprixy.info
www.93zz.com
frasque.wop.ro
www.hiciq.gov.cn
royaldesignstudio.com
troostli.wop.ro
preventcancer.com
corvus.wop.ro
www.sssggg.cn
www.77ree.co
www.dwjy.4f9.org
truth.sk
clickly.info
investorsinproperty.com
hkrpost.com
georgesfranck.fr
www.qhu0.4f9.org
www.myicn.fr
formularze.iform.pl
www.gcpu.pl
cartoonnetwork.com.ar
ouzhoushenw10yb.1168.tv
teddy-schattig.hyves.nl
nopewe.ch.lv
fortelle.no
ured.cl
nasz-warez.info
promociona.com.mx
jpberlin.de
lemondedesavatars.info
edfagan.com
epica.nl
zapytajkule.pl
www.sa8000.hk
epeat.net
70j.org
wap.56wz.net
99fund.com
niches.wop.ro
www.weike2.com
sldoss.at.lv
wine.travel
tsuutan.puk.ro
pieczatki.pl
adultsp.net
lakodalom.cgr.hu
ingewijd.wop.ro
www.yysex.tk
77618.com
fantasticmusical.com.my
mind4you.pl
hellolucky.info
tranzagals.com
teredo.pl
taxeu.ro
www.xinyinte.com
optai.wop.ro
web-101.org
heliand.wop.ro
cluckuchicken.com
wmapa.pl
lektorat.de
inspiranic.com
domin.pl
www.buguiqiu.com
hallofsports.info
georgiawebcrafters.com
gestamme.wop.ro
uncfsu.edu
hercle.com
seo-shop.at
notebookpro.ru
utouto.wop.ro
delupe.se
pixmania.pl
wstie.keep.pl
tukee.blox.pl
crcfj.onlinedown.net
www.zz360.net
ykyuen.info
webcamss.eu
www.zjjnedu.cn
cenydomen.pl
meditrina.com.hk
bbs.dongtai.so
download-kid-cudi-ringtones.blogspot.ca
bjtxyg.cn
www.911ee.com
www.518f.com
alip.tk
mail.blip.pl
hdhits.com
schop.wop.ro
mz.czxd.gov.cn
pearlsindiatour.com
audioklan.com.pl
www.ibloom.it
retailerwarehouse.com
achanos.flog.pl
made4you.co.uk
planetpinup.com
niaobushi.soukeba.net
akkord.in.ua
4949.jp
ofb.gov.in
normanes.puk.ro
download-fat-joe-ringtones.blogspot.co.nz
efei.56dvd.net
www.cybersulting.de
devapora.puk.ro
m7mg.com
multirama.gr
typer.11.pl
autojini.com
annharveyfashion.co.uk
iran-antik-3.tk
uwinnipeg.ca
oksyd.blox.pl
geschichteleben.de
71ch.com.cn
italus.blip.pl
www.yinxing.name
z3zi.265link.com
musicscene.org
studiosh2o.com
52pa.com
66.138ap.com
krabi.go.th
pastarito.com
lkslodz.pl
surfrider.eu
ingame.co.id
hollywood-celebrity-pictures.com
www.dianzishu.co
updatejo.com
vire.puk.ro
mp3yurdu.com
gynovital.de
prague.fm
whitewatch.info
sztucce.pl
kamelot.pl
clea.blip.pl
fotozsercem.flog.pl
desuso.wop.ro
mlgao.com
al-bank.dk
smorzass.wop.ro
www.uniwebset.cz
www.vanidad.es
picu.ir
filmporno12.info
diablo3wiki.info
45th.co.kr
malw.blip.pl
bullionvault.pl
izzbela.pinger.pl
outdraft.ru
ke-jamon.bloog.pl
shahblog.net
9to12.org
ingbank.pl
bartors.ru
blogaholicnetwork.com
tajemnicepozycjonera.pl
boombang.tv
ivanzuzak.info
www.vitrina.ro
www.taortys.com
peniscam.info
gow.by
yfdisk.com
gesui.wop.ro
full-form.in
sextubeporn.info
ikujimap.jp
k-leaguei.com
dotal.wop.ro
cgbresil.org
pup.opole.pl
um.katowice.pl
accessmanager.co.uk
hollaatwoody.com
czerwek.blip.pl
ronson.pl
munmun.wop.ro
www.chothuemayphotocopy.vn
technick.info
www.jvc.ch
airex.wrzuta.pl
nx.info
spacecollective.org
www.roben.pl
ansamed.info
succinit.puk.ro
truue.flog.pl
sxutcm.com
www.uuse123.com
stief.digart.pl
parisbruno.tigblog.org
ajeyc.info
1821.ee66.in
tag-ziolinking.info
allposters.pl
belindamarshall.eu.pn
dirhop.info
drinkable.puk.ro
www.originalpizzacompany.nl
btmaster.cn
experten-tricks.de
lookatboys.com
vizcarra.info
c1521.guf.fi
zl.5law.cn
pwrnewmedia.com
science.ru.nl
picimg.info
3xx.biz
chenmiao.0fees.net
296.seesaa.net
savicom.net
decisionpoint.com
shibaharikhatiwada.com.np
eshg-tennis.fr
u.ibabyzone.cn
kelvinflor.tigblog.org
lapdatadslfpt.net
www.maler.ch
merckmanual.jp
bzwbkpressfoto.pl
tombola.hu
halteres.puk.ro
vannonces.fr
nesiot.wop.ro
cett.org.cn
prunusbox.jp
carscoop.blogspot.in
601448.com
cepillar.puk.ro
sms2.org.uk
erybka.pl
verus.pl
poczta.home.pl
www.szxbyq.com
hurman.wop.ro
xetzbc.78.cn
www.302s.com
elobservatodo.cl
chiplove.biz
chat.parlaq.net
cartmaster.puk.ro
mobiltel.bg
yuimar.org
swidnica.pl
quadrist.wop.ro
wwt.it
tuzfeszek.hu
sysikt.no
my.r.gd
one-piece-wear.fad3.cn
qgxk.k3y3.net
traction-software.co.uk
teachmetheweb.org
thetempwebsite.info
caiyuanr.com
www.22dddd.info
terry.ubc.ca
skatter.se
svaet.puk.ro
6candy.com
rueckenn.wop.ro
sazla.com
beely123.com
wwww5c5c5c.com
ebiten.jp
www.222za.co
alleviar.puk.ro
taicang.info
thesedays.com
interhome.de
www.yljj.gov.cn
ynxu.qiwen5.com
ae0i.qiwen5.com
jousetuc.puk.ro
thetvcritic.org
craigslist.be
www.tv6tnt.tv
bazarpraca.pl
muksplock.pl
zzbxjx.com
phiejack.com.pl
warpok.puk.ro
life.0392.la
www.rbscl.com
wysylkowa.pl
www.aa585.com
zyueru.wop.ro
nepalisongs.info
rapszodi.puk.ro
variogate.com
mokola.wop.ro
medinfa.ru
belie.wrzuta.pl
ceginditas.info
taggingsocial.info
rolf.ru
www.me360.net
mauripedia.mr
nowpopular.info
dairi.puk.ro
hearingconsultantsinc.net
www.fglady.cn
lovedistribution.at
www.qifine.com
forum.juridique.wengo.fr
optimalenergy.pl
coffeela.gameclub.tw
esograzia.net
posthum.puk.ro
w4q.info
www.abcdesevilla.es
gal.baribari-dow.com
saxony.de
download-akon-ringtones.blogspot.ca
aquaforum.pl
zfdt.nfdy.net
sexe11.info
geekcrafts.com
firedeye.info
www.50896.com
www.x5yin.com
hdeg.k3y3.net
pennystockwizard.com
meble.mtp.pl
pupugames.com
asanti.wop.ro
hedonistisch.com
mimeq.pinger.pl
qm8.cc
daiviet.net.vn
barracudaserver.com
extremejobs.ca
ckneckermann.cz
www.roon.ro
csshover.pl
www.icmt.nl
tapferst.wop.ro
qwee1.951n.cn
gbs.com.vn
agaelettronica.it
www.xxx885.com
vuilemmer.wop.ro
koukchi.info
caution.digart.pl
www.borga.pl
spisstron.pl
www.geo365.no
fossweb.com
pcchips.com.tw
www.szvc.com.cn
acetify.puk.ro
spleticna.si
www.yogames.net