www.cfszy.com
naszywki.com.pl
wulinix.com
126.com
bainternet.info
myypw.78.cn
weble.org
www.12333-hr.com
www.mlssf.cn
hispace.info
www.web-164.com
www.2ktxt.com
soft.cf8.com.cn
africa.fad3.net
www.renti.tw
lols.duowan.com
asu-net.info
1024.pen.io
www.gezhong.cc
mzdh1.com
twentieths.puk.ro
www.hbrp.pl
dinolandia.pl
024anmow.com
aldonka.blip.pl
www.gzxok.com
anbound.info
kazantzidis-stelios.com
lessons-tva.info
gtamoding.pl
hentaiincest.net
www.530dy.info
www.digilentchina.com.cn
www.lianke.cn
xt.pl
sou.wjw.cn
dan-links.dk
ogyx.265link.com
pczy.265link.com
fistmaster.info
6jox.265link.com
p2media.pl
54007sf.com
therooms.kz
chenfeng.66law.cn
b2c.958shop.com
ony3.qiwen5.com
3d-savers.com
rzetelnafirma.pl
evertiq.pl
benoit-de-bretagne.com
bazarek.pl
4xstrategy.net
linuxoldal.extra.hu
zihui1688.com
unrebuilt.wop.ro
www.lwjj.gov.cn
pathlink.info
snatchporn.info
ssamp.kg
anandamusic.pl
tubexxxhot.info
badguys.hyves.nl
wysokapozycja.pl
keymas.wop.ro
bbs.5w.cc
sitebulk.info
pfi-esp.org
www.chinareform.org.cn
inspire-foundation.org.uk
cscartrocks.com
eixin.co.cc
loombo.pm
95598.yepg.com
churchia.puk.ro
skunked.ca
ekomusicgroup.com
www.whqzfy.cn
web-bi.net
www.wamk.hu
foroactivo.info
maestrar.puk.ro
progames.in
www.55sqz.com
biocity.pl
joseph0718.a-lsawards.com
quantumopia.info
www.bjpfh.com
unikey.vn
visnia.wrzuta.pl
qiuknows.com
cos.pl
modicums.puk.ro
outhit.wop.ro
sfsfmy9l.co.cc
phonebank.de
christogenea.org
regzone.cz
typografie.info
mrboffo.com
ministrona.pl
cyberplat.com
riedensc.puk.ro
pagerankz.info
kolesa-online.ru
invado.pl
innigkeit.wop.ro
automapa.pl
djteamh2o.si
0one.net
satsis.info
fashionklix.com
www.xpxpy.com
cpu8pin.7ic.info
sexnic.de
jatimprov.info
xecy.78.cn
poleko.mtp.pl
hot-chili-station.de
kioskkiosk.com
funnyvod.info
7766suncity.com
elpost.cl
boodschapper.puk.ro
www.1idy.com
zzo8.com
precombi.puk.ro
qxf.9998.tv
pisir.edu.pl
afkode.puk.ro
www.bosko.pl
www.youy8.com
futureclub.us
echu.co.kr
www.ycxg.net
www.wawaji.co
dlpark.com.tw
11xo.playz.it
www.nanrend.tk
key.plu.cn
shxiling.com
www.bqqj168.com
wls4kids.org
digital-dictators.de
jpnzjm.78.cn
zz23.info
articledashboard.info
chazy.wop.ro
isc.infor.pl
bookmarks.edu.pl
ytkd168.com
saurabhrai.info
offenzul.puk.ro
brusszel.utazni.info
katicz.digart.pl
izba-skarbowa.bydgoszcz.pl
flash-banner-creator.com
serverdb.info
xixihuafu.com
carcle.jp
ehuolang.org
citroen.cz
90005000.com
shilehui.com
www.lishen.cc
lechia.gda.pl
4730177.blog.51cto.com
bekesi-ceg.lap.hu
noziri.puk.ro
www.yunvtupian.com
reckin.prv.pl
cystoid.puk.ro
webmini.pl
runcis.info
camoshop.pl
kimmyschemy.info
aangedur.puk.ro
3g.hs8.us
lmkt.78.cn
mcquarrie.hydrografen.rysa.wwwwww.wop.ro
www.enom.com
pinkfacebook.com
zord.hu
auto.ce.cn
mtz.digart.pl
aprettylifeinthesuburbs.com
edu54.ru
uis.edu
jstour.gov.cn
blu.fm
kccr.265link.com
e-field.info
regiosportweb.de
www.yijiamai.com
tialoto.bg
camlog.com
www.grand.is
myfolio.com
www.dapigu.org
alutrada.puk.ro
goro196.wrzuta.pl
sshuai.com
schiwi.de
argesto.ru
crews.prv.pl
www.cs2c.com.cn
www.xgddc.com
6hgc.net
qichezhuan.78.cn
pentail.puk.ro
graphics.beareyes.com.cn
tuymilmas.com
foobarbox.info
ayupan.blog.so-net.ne.jp
igrs.webs.com
stemma.wop.ro
kaerchercenter.at
newusbhub.info
selangor.gov.my
alidaa-alwatania.ma
www.lpmn.pl
bebisziget.hu
meranerland.com
uuyf.265link.com
tupot.prv.pl
youngminds.org.uk
beykoz.evden-eve.gen.tr
nowy1980.wrzuta.pl
bmw-joy.com.cn
3ndme.digart.pl
81cao.com
www.vipc2c.com
www.icfrussia.ru
sunne.puk.ro
rusflat.ru
www.uchwyt.pl
enopo.jp
uac.pt
northsafety.com
hearyourmp.org
www.qhkysd.com
gz.menghuanzuxian.com
519.travel
www.wmzos.pl
56dh.com
donor.org.ua
letsdance.blog.so-net.ne.jp
hro.ir
sellthisbiz.com
bironevica.hupont.hu
wnp.pl
salmangolriz.com
www.yyuda.com
armfort.cz
vah-hans.ru
sonesnation.com
frikultur.dk
txfd.info
ppnzkpfw.78.cn
nap.net.id
swiss-thermographie.ch
22.4849.me
www.penshow.cn
privatecams.sexybegin.nl
www.krwsjc.com
www.812593.com.cn
digitalfototreff.de
omsels.info
ben10oyun.com
escort-oohlala.de
javart.com.pl
44990.com
trafex.info
skrobak.pl
otkroveniya.info
b2live.info
vernietigend.puk.ro
articleliss.info
7799.so
tuningrusauto.ru
eduroute.info
oqqw.265link.com
www.dlwf9.com
belly-dance.fad3.cn
www.sl-01.com
legman.wop.ro
grabc4d.org
crete.puk.ro
peopletweaks.com
panamairline.ru
www.zj7s.com
www.wm115.com
ladiesbelt.pingguo55.info
renrne.com
gccitcom.iq
shoppingnews.pl
www.15iiiii.com
dgcq.b2b.hc360.com
szybkooferty.pl
clearskin-us.com
virtualcar.it
www.uuloo.org
w2eu.info
www.51plain.com
myappworld.com
www.mnd.eu
corvettecentral.com
gamesurf.it
talkmagazine.net
directorymaster.info
pta.edu.pl
hk.zhuxianll.com
ukhhf.co.uk
viagra.sexcam-live.biz
historyfliks.com
fjaert.wop.ro
chaps-haiti.org
blumio.net
directseek.info
aqq-project.info
cipo.lap.hu
craphound.com
kuujinbo.info
doktorka.cz
bingxiang.biz
askkaito-kun.tumblr.com
www.knedy.com
99bbbb.info
www.tuotuo.cc
www.naha-airport.co.jp
padrta.puk.ro
www.wikivegan.org
www.jjj123.info
dipendra.wop.ro
www.ifaw.org.cn
www.i-tv.hu
advanceyed.com
soysparta.com
jurnalvirtual.ro
xiaoxiao.90loveu.com
www.xt12312.gov.cn
jouyamanzali.info
ynda.wop.ro
526h.net
kk55kk-823a.tumblr.com
kaskey.wop.ro
www.riri666.com
blenke.wop.ro
schorf.wop.ro
www.alipr.net
www.lyang.net
daiviet.net.vn
atehenmei.com
webit.ru
footwear.se
acetylio.puk.ro
98-custom.com
joelbecker.net
weegclub.nl