jbwz.nfdy.net
mispicke.puk.ro
0374.co
devisenhandel-forex.info
nnjz.78.cn
big-library.info
basicwebsitereview.com
domywstylu.pl
www.v10.pl
www.trim-line.hu
www.4233.info
zdrtm.info
ccdh.info
d1zx.com
jfzc.210000.org
dj-mixer-deals.info
p1u6.k3y3.net
win.21cbh.co
www.gz6sense.com
zphr.tk
www.3s8u.4f9.org
www.gdfz.org
nickie.puk.ro
dkb0.nfdy.net
delfinariy.info
1lhs.qiwen5.com
besthost.by
brennst.puk.ro
hura04.dyndns.org
ani-cole.blogspot.com
huangsedianying.info
verdomme.puk.ro
gosss.flog.pl
2133.com
www.brutalrape.nl
eudal.wop.ro
www.cdjbqj.com
ji-xiang.com
www.animonda.de
sermonettino.drejeskive.wwwwww.wop.ro
thelittleworldoffashion.fr
htmlcorner.com
shop.ecidu.net
bekwijlt.puk.ro
www.qq114la.com
hotangel011.a-livesexasian.com
w3og.info
c37r.265link.com
www.911sz.com.cn
renulec.blip.pl
0931.1775.cn
kinsetsu.puk.ro
pesiu.flog.pl
emer.kz
chyw.210000.org
keihards.wop.ro
administrerions.puk.ro
abasto-shopping.com.ar
www.longyang.zp300.cn
www.qhcl.org
lovesoo.org
gespiese.wop.ro
crbone.info
promotrcker.info
artportalen.se
soctags4u.com
advancedhits.co.uk
houqiu.com
linuxnews.pl
www.crux-gd.org
tked.210000.org
in2p3.fr
abus.puk.ro
kocica.blip.pl
wafasalaf.ma
bbs.tech.163.com
11.ki99.info
series8-b.blogspot.com
er.pl
b2blocal.net
ralst.com
aclys.wop.ro
gandhist.wop.ro
addsitemarketing.info
richrussell.co
ugteuskadi.net
chachala.com
www.bcctv.pl
ai880.com
lgvc.nfdy.net
e1ns.jp
sklepzegarki.pl
ankreuzen.puk.ro
cgwb.gov.in
yt6h.com
bikechatforums.com
www.szhq.com
nxk.91.cn
www.lhjtwz.com
hogs.puk.ro
max-site.pl
www.madrid.org
metin2united.com
www.aid.nl
dayulight.cc
www.seo51go.com
gkotsikas.gr
rc.0376.tv
radiolynx.ro
bwst.nfdy.net
topshop.sk
www.cmsh.com
mayaku.wop.ro
xnet-1.r.gd
138dh.us
softcom.biz
tmd38.info
digimanager.de
it.kf.cn
cenatic.es
tirwit.wop.ro
brigrugbyleague.co.uk
gq4t.qiwen5.com
7t2.info
verhaaste.wop.ro
dasheng3.dginfo.com
enlive.pl
zdolny.eu
aha-retriever.de
342559255.alibole.com
www.seokat.tk
buzztin.com
wikki.flog.pl
m1.16bt.info
freshgays.net
dylamagazine.com
www.abc-hoken.co.jp
pnu-m-s.com
www.5ya.com.cn
www.rentiseying.com
merlin.org.uk
www.wikivegan.org
chaps-haiti.org
resinet.pl
escort-oohlala.de
laik.blogger.ba
kuujinbo.info
mpoptavka.cz
overclocking-tv.com
it-girl.info
www.7k78.com
acalyptr.puk.ro
cfib-fcei.ca
www.cbtol.org
clevelandgolf.com
www.aiaigjame.co.cc
5wbjl.info
he.10000xing.cn
wwww.66bobo.com
partyurlaub.de
peur.digart.pl
wgci.com
yddsd.78.cn
375798.i.tiexue.net
emcmos.ru
web20vn.com
mojblog.hr
transora.pl
321.gov.cn
www.evida.es
christianlouboutinuk.ckxn.com
www.xt12312.gov.cn
link-directory.com.au
www.bq100.com.cn
159220706.qzone.qq.com
jhltoys.info
radioparty.pl
wmagazine.com
bonesofourancestors.com
atool.org
ikamien.pl
7gr.pl
moo-vees.co.uk
tool.med660.com
e1.pl
wp.apbest.info
hengguang58.net114.com
crampton.org
literallyinspired.com
itypqmiik.blog.mongenie.com
cos.pl
nba.blip.pl
investpuls.pl
bbs.airacm.com
bandy.blip.pl
femmine.wop.ro
sv-tuengental.de
sanconhantao.net.vn
grupyzabawowe.pl
armfort.cz
www.netint.net
suponta.puk.ro
denman.wop.ro
cepillar.puk.ro
fourm.3c3t.com
bebisziget.hu
wqi2012.machine365.com
imokvjjucej.de.tl
www.kaiem.pl
donfutbolito.com
www.arcub.ro
www.pacio6.digart.pl
2008p.com
bazarpraca.pl
www.shifangyali.com
roehampton.info
poults.puk.ro
made-in-kent.co.uk
amarjit.info
demus-zegarki.pl
davis.ut.us
49vvzenmedabukaile.diandian.com
22za.info
1bu.info
coollifeshop.com
2012se.info
procarcare.com
filmcul7.info
www.gzxok.com
vjip.nfdy.net
bza3.265link.com
km-orzel.pl
aleksandra1.flog.pl
www.dtqsy.com
9999.3199.cn
haizaolhj.1168.tv
geekberry.net
cooltemplates.ru
tafelkleed-bumba.istats.nl
itumo2ch.com
cursvalutar.info
hyoukayo.puk.ro
cengroup.vn
coscj.ro
szytula.com.pl
www.job2nd.cn
5af.info
quantuum.pl
aquilawebs.info
brainz.org
www.fealab.com
papillon.gr
001jd.com
bbs.90bus.net
www.wushi.fscstore.com
zoyka.blip.pl
www.rws-verlag.de
peixund.com
nzddl.78.cn
strumpets.puk.ro
bodegastw.com.ar
100pulse.com
spls.com.pl
8554057943.phone.searchwww.com
16ise.com
reformas-presupuesto.com
41273.com
dubux.info
sjpf.78.cn
boyzone.co.za
as-garten.de
fenghuolun1.com
lindenheuvel.nl