febea.wop.ro
www.emsdy.com
mytridir.info
www.ysl-5a.com
bbs49.net
isingles.co.uk
maimw.78.cn
recordminas.com
enchtex.info
cotn.56dvd.net
hoikucan.jp
just-us.tk
centurion.bb
126.com
m.gyao.yahoo.co.jp
polonezy.prv.pl
henhengan.info
jikaku.net
www.200.com.cn
firethost.com
sperrgut.puk.ro
shenyang.01hr.com
izco.265link.com
wap.jtmw.info
exc-adventures.com
mir2.sf38.net
juancong.com
lala-xiaoniu.taobao.com
942942.cc
4730177.blog.51cto.com
turnen.puk.ro
www.sm6s.com
giga-goods.nl
sikuzi.wop.ro
angac.puk.ro
175.aiao.cn
goky9l.co.cc
u-ryukyu.ac.jp
afho.lizhidy.net
qq6688.qzone.qq.com
kukje-ic.co.kr
cpu8pin.7ic.info
qq78668762.web-135.com
ppnzkpfw.78.cn
www.0534wt.com
55.aiao.cn
www.hu0.casedu.org.cn
se.543ggg.com
cng1.blip.pl
rantapallo.fi
porandalucialibre.es
oloz.info
listaseo.pl
vrxo.265link.com
www.1sz.com.cn
marionex.pl
142.blog.hr
www.cisnet.pl
ytj3.265link.com
rogerclarkmotorsport.co.uk
betpicksapuestas.com
wedeln.puk.ro
ani-cole.blogspot.com
sonicbbs.cn
articledashboard.info
go-with-us.de
bestelvis.com
elementalgame.info
gamei.tld.cc
sosobai.admin301.com
www.qdbdc.com
spoliate.wop.ro
www.klafs.de
terugstotende.puk.ro
374119.txt.cir.cn
kbne.265link.com
cerita-panas.co.de
flirtfachmann.de
gameland4girls.com
ogyx.265link.com
next51.net
iphone4home.info
affinonline.com
sasrutha.com
remslaes.wop.ro
fundhaus.com
1moretime.a-lsawards.com
10419461.zz.100ye.com
80121.cn
http97.56sqg.com
speedy.sh
salsabravapro.com
cjsg.fad3.net
www.longyang.zp300.cn
go9go8.cn
t66y.crsky.in
unthrash.puk.ro
uppic.org
cgi-games.com
elwisek88.flog.pl
siggisig.wwi.is
traumaticlesionsbrachialplexus7qv.info
outskirt.wop.ro
wapnet.ws
armor.ag
1808.co
tourest.ee
batterono.wop.ro
dbo.131.com
jara.blip.pl
val33ntyn.info
km-orzel.pl
pcpd.pl
www.keno8zx.com
popa.210000.org
ann-tran.com
svwm.ca
xtd.6633.cn
www.jcce2007-2012.org
portal-elblag.pl
av.44jq.com
yuban2012.info
wollschn.puk.ro
feed4u.de
www.shaofu.in
rudnickaolga.pl
webidirectory.info
hb1tour.com
1jz.com.cn
g.656864ss.com
953694.co.sonhoo.com
www.91jc.com
maxzu.com
clearlytoomuch.info
montana.edu
4617846.5sing.com
www.n4zg.4f9.org
versile.com
cartoon-gal.deviantart.com
www.seopk.net
celine.digart.pl
wgno.265link.com
blog.atopowe.pl
ilze.nfdy.net
uni-sb.de
1arr.265link.com
charlys-midi-studio.de
www.80.cx
best-value-reviews.com
aarama.org
voipphonesystemz.info
www.iite.ru
gkotsikas.gr
www.tuan800.co
tiago.wop.ro
www.gz6sense.com
make-up-artist.ws
www.reey.net
www.sxw366.casedu.org.cn
r-i-p.info
www.w3schools.com
bullet.blox.pl
www.hbboyujx.com
456fang-d77.diandian.com
best-moviez.ws
sashless.puk.ro
blogdeunapyme.com
www.mlssf.cn
ourdogs.co.uk
clientarea.co.in
upd8me.com
cheaplongchamp.org
jjeu.56dvd.net
yot.org.hk
www.dnf7z.com
nvisionarts.com
xn--i20b38su7q8pc98b.kr
www.stat.tj
bauschiger.puk.ro
behb.nfdy.net
graf-mar.pl
htm.tw
kro8.qiwen5.com
www.kk3j.com
www.ttxfsc.com
edi-soft.no
trom.265link.com
www.skivak.pl
6buu.qiwen5.com
flikk.wop.ro
xaros7.gr
siliconsouthwest.co.uk
exotics24.de
trenerok.pl
bamayishoutkp.1168.tv
kwdhy.78.cn
www.sdwg.info
webcalc.com.br
www.drstudio.pl
svenkubiak.de
70niu.com
135.org
guihuaxiang.com
static.97sedd.com
barburao.puk.ro
www.purse-valley.net
bloomspot.cn
nedelya.az
mkv0.qiwen5.com
my360bj.taobao.com
13022015959.pur5.com
templatesparanovoblogger.blogspot.in
chelnyltd.ru
knww.265link.com
www.windex.pl
8d1.info
golook.at
knowbest.info
maple.nu
aovestnam.vn
ingatlankorzo.hu
mocnyweb.pl
schee.wop.ro
you-must-live.com
rella.puk.ro
www.gbbbs.org
x7777777.info
corticium.puk.ro
www.365back.net
the-kennel-club.org.uk
5577www.seo1122.com
junsheng9.9998.tv
goodir.info
www.tao888.cn
pointastic.de
5-stone.cn
dj-mixer-deals.info
www.0710-zy.com
yyymm.com
deco46-l.petitlife.net
e-spa.fr
android-htc.it
ubytovani-hotely.info
newradio.tk
dylle.wop.ro
61.tlt.cn
www.12375.net
hotmovies25.blogspot.com.ar
literallyinspired.com
www.gift-shop.com.tw
roo7iraq.com
radiobielsko.pl
stayfriends.com
storecommander.com
ben10oyun.com
barunsonenter.com
kosky.hyves.nl
www.bbs.28tui18.com
suzhou.baixing.com
098.com
www.qqhead.com
forexjustice.com
fotolaski.ru
chiplove.biz
bromol.wop.ro
pifaw.78.cn
slump.info
375798.i.tiexue.net
made-in-kent.co.uk
ffdhsc.78.cn
www.1marble.com.cn
ag92.flog.pl
p30pedia.com
44990.com
auto.ce.cn
gs.189.cn
63iw.265link.com
hnwnc.78.cn
timq.nfdy.net
www.111814.com
www.hanser.de
meci.wop.ro
iodosobe.puk.ro
chaosmode.info
koloss.wop.ro
arbustes.net
rrr82-d66.diandian.com
www.gmw.nl
21174916.qqku.com
rsarchive.org
dtpcraft.info
kiska.xfree.hu
www.7-en.com
3g.d.cn
www.eeee.com.cn
erinize.wop.ro
free80sarcade.com
kryptozoologia.pl
plaskutjes.nl
bel-et-bien.net
bonifratrzy.pl
www.sl-01.com
sex-dating.jouwpagina.nl
www.cciczhejiang.com
www.tiantiane.com
www.gzaca.org
firanytkaniny.pl
colabmo.com
i999i.com
nouilles.info
egph.210000.org
leucifer.wop.ro
alsagerchessclub.co.uk
gbidowlu.wop.ro
www.rws-verlag.de
ecospa.pl
383967.com
www.pinzhihk.net
abasto-shopping.com.ar
doublemedia.net
www.cs2c.com.cn
fpress.info
98-custom.com
realestateagent9oz.com
websiterank.in
canonical.com
transora.pl