fabpro.pl
uu9c.com
www.hnntgy.b2b.hc360.com
so.1dache.com
www.av.887e.info
www.bgfgthyjy6t.com
sciforums.com
skysp0rts.com
book.hmz.cn
www.boshop.no
myworldlistings.com
otolista.pl
audi.ie
xiaodiao-d80.diandian.com
rucrazy4it.com
bbs.7889.cc
www.333300.com.cn
hs.269.net
jiaomxy.1168.tv
make-up-artist.ws
www.u69cn.com
travsidan.nu
pnu-m-s.com
deyang.66law.cn
www.38qingse2.com
vzb.pl
q.blog.sina.com.cn
xueyuxian.1168.tv
elmarino.info
dwmy.wms.mofcom.gov.cn
www.wangjianran.com
lirein.digart.pl
travelway.pl
guihuaxiang.com
jcu.edu
0930168511.magent.com.tw
intelligente.puk.ro
martialarts.com.my
snaha.cz
mediaus.co.kr
dumpo.wop.ro
ahsuzhou.66law.cn
7oranges.pl
tratto.wop.ro
cbclansing.org
placedesopinions.fr
easy-coding.de
p6ia.k3y3.net
fjjlcm.com
sectionz.info
zizol.wrzuta.pl
www.wushi.fscstore.com
hm.0769pc.com.cn
wxrf.265link.com
diyidaohang.org
zmq.pl
93.iresor.osa.pl
malenodevelopment.com
radiobielsko.pl
knopfusa.info
www.xiguayy.net
beijing.7kjia.com
combusto.wop.ro
montana.edu
education.gov.lc
dirlinklist.info
zxft.0513.org
www.keno8zx.com
52168.in
10690755.com
a.126129.cn
wwww.66bobo.com
marketing1to1.com
89st.nfdy.net
cestec.it
guangzhou.7kjia.com
www.13149921.com
fyva.265link.com
jz.0529.org
planetarium-hamburg.de
www.copycon.pl
39910.com
officelist.com
2el4.56dvd.net
www.emsdy.com
88985758.com
ccftn.com
benoit-de-bretagne.com
726300.com
cotn.56dvd.net
prtp.info
shoppen-online.startspot.nl
tinyurl4.info
wayhunt.com
zchx168.net114.com
agita.digart.pl
efxtrading.info
www.ka7a.net
meron.wop.ro
uitspraa.wop.ro
juancong.com
shuhada.pk
jti3.210000.org
5888.jjliao.com
www.sexkat.pl
myslenice.pl
2187.yoyuan.net
www.yuansubuy.com
investing1018i5.info
c9.uuu9.com
seolist.info
fenglintianxia.soufun.com
ww3231w.2pcn.com
cyjm.9998.tv
www.kotsu-city-kagoshima.jp
roo7iraq.com
fullfat-fs.co.uk
sgyy.cn
isse.org.uk
freestockimages.org
www.qiifu.com
h2trade.com
kobus.digart.pl
princeag.kaskaden.wwwwww.wop.ro
pitchfork.tv
yulv.nfdy.net
syw.78.cn
pay.91193.net
www.13366.info
www.xa-8.cn
www.ynnk.4f9.org
m6bbs.com
mjyh.210000.org
www.xxxnews.ch
www.zaixian.us
w09ip.com
gz3m.com
kuo-2775778.com.tw
agilecoachcamp.org
jpnzjm.78.cn
katalogseo.pl
gazetakonopna.pl
local-hook-up.com
zmarzlena.digart.pl
buy.pinger.pl
ggg13-d72.diandian.com
thrivers.puk.ro
bekesi-ceg.lap.hu
1-t.cn
ishawi.digart.pl
www.xs111.com
337668.com
tao.61578.net
wigx.nfdy.net
rcmart.com
mark-styler.co.jp
gps-data-team.com
myfolio.com
shemaleporner.com
www.96900.com.cn
yibin.5law.cn
133d10.951n.cn
www.gybot.com
www.b2b.by
www.daiyun3a.com
www.b2blm.com
zettelte.wop.ro
cnporter.com
876786.com
savehportal.ir
sturgeon.wop.ro
jizbiceunachoda.cz
bcss.210000.org
lenka2.digart.pl
wap1888.net
salgada.puk.ro
jmnews2.jmcatv.com.cn
y7zf.k3y3.net
italianoperstranieri.eu
aba.winball.tv
youjizz-823b.tumblr.com
h.99999m.com
25983.hos.999120.net
nonwovenbags.blog.163.com
chifeng.mayi.com
monai.info
sc-sx.com
udmr.nfdy.net
www.eo.org.pl
henhao1.info
myzlo.info
hupan.net
proo-meat.lu
lhc-888.com
www.yuebingjie.org
hest-online.dk
chachala.com
series.ly
ftacademy.org
www.ai3j.com
bizw.k3y3.net
www.3ead.cn
114vip.com.cn
bykjpx.58.com.cn
stubbornella.org
imom.com
123518.cn
juac.265link.com
rcxy.265link.com
vdok.265link.com
t-suki.jp
www.piva.be
www.verbon.nl
www.w3c.org.hk
www.yomidr.yomiuri.co.jp
www.nsmc.cma.gov.cn
wasvrouw.wop.ro
ngocha.com.vn
www.ka7a.com
articledashboard.info
guidion.nl
dy365.tv
www.shucm.sh.cn
www.hk-xin2w.com
www.quanzhoumv.com
theflatirons.com
dent.rs2clan.net
bdbs.k3y3.net
www.mpstore.net
kapuas.info
xmd6.k3y3.net
xnet-1.r.gd
www.haidabxf.com
malsains.wop.ro
mzzj.net
humyai62.info
74674.com
amjob.net
mjcd.265link.com
sponsor.sexpartnerkontaktanzeigen.net
www.abc-hoken.co.jp
zabbix.com
nbbx.210000.org
www.ddd90.com
www.ysl-5a.com
e-cyfrowe.pl
mo.99btgongchang.net
ciop.pl
dinakd.info
otoku-navi.sakura.ne.jp
www.yy55yy.com
alud.wop.ro
www.a9dj.com
www.v9dy.com
xingpeng.5food.cn
genuineapps.info
www.chinacham.hu
votem.puk.ro
inhaal.puk.ro
public-admin.kau.edu.sa
shopxinh.info
bougies.info
bienxanh.info
design-factory-leuthold.de
o0eg.qiwen5.com
bonifratrzy.pl
web-bi.net
sfsfmy9l.co.cc
lloh.265link.com
crumbs.org
yirikuaizhi.1168.tv
search4sex.biz
www.z3ak.4f9.org
www.59136a.com
f1.97ro.net
gaoav-820b.tumblr.com
graphics.beareyes.com.cn
drei-zinnen.at
www.ahhn.net
zaincards.com
muzzo.pl
ja1nuh.blog.so-net.ne.jp
sesexxx.info
bppt.go.id
chongqing.5ilou.com
www.1marble.com.cn
7899g.co.cc
glosywmojejglowie.pl
yaxz.k3y3.net
sat2hd1.com
ts.189dm.com