oncode.info
jmdian.78.cn
sunglassus.info
mff-dp.startspot.nl
blog.atopowe.pl
876786.com
www.lbqsj.com
jagy.56dvd.net
www.xuu.pl
socialbookmarkingfinder.info
chat.lwtv.net
room.enorth.com.cn
www.p2p.org.tw
bigbadcity.com.ar
your-fitness-articles.com
greece.org
futura.org.br
ucdavis.edu
anglingdirect.co.uk
cgwb.gov.in
nptp.56dvd.net
pxbf.210000.org
web-bi.net
wwww.66bobo.com
transora.pl
www.jiyin190a.info
forum.book.sina.com.cn
bwap.4vx.cn
xiaoxiao.90loveu.com
mug-g.halfmoon.jp
bzzpxx.78.cn
gsmnzq.78.cn
ncxxm.78.cn
yedxxx.com
www.meiguo10cila.com
jk.23shi.com
kuo-2775778.com.tw
mumbaipolice.org
espritmusique.fr
ja1nuh.blog.so-net.ne.jp
nzck.265link.com
sohukm.586.la
susanne-und-bernd.de
42iii.info
tav2.265link.com
yc3x.cc
liberar-movil-por-imei.com
benten10oyunlari.com
foxdigital.net
acech24.pl
www.dvdfab.biz
hupan.net
blog.o51k.com
sub4sub.com
xifeng1915.9998.tv
your-health-articles.com
byqz.k3y3.net
gafoto.pl
softime.me
fix-a-tile.com
mfl1.k3y3.net
cnc.3745.com.cn
dvdandrecorder.20j.info
krilia-lubvi.ucoz.ru
99477.com
bbs.chinaz.com
beijing.7kjia.com
candportalen.dk
afkode.puk.ro
1lxj.qiwen5.com
www.ksyajie.wanye68.com
521me.taobao.com
rdld.210000.org
www.tmall.com
emarket.gr
liveme.org
irkflowers.ru
justamente.net
zlnmc.com
jj84-d76.diandian.com
anieto2k.com
peugeot.com.mx
33665.net
edow.k3y3.net
jw2.aiai.edu.cn
z0ij.lizhidy.net
ohak.210000.org
b6fo.k3y3.net
freepress.info
suggest-url.info
www.yein.in
blog.26kg.cn
soundportal.at
sui1234567890.wanye68.com
www.jschj.gov.cn
bbs.066p.com
gps-data-team.com
tkk.99sushe.com
www.chinaw3c.org
p-sango.taobao.com
www.sky9vote.cn
f1tippjatek.hu
1511.ndw1.us
hostyous.info
buy.to-look.cn
in2p3.fr
the-franklin-family.com
452598814.qzone.qq.com
noblemarkets.pl
t6a.de
miia.wop.ro
brides-in-bikini.com
static.97sedd.com
wz.120job.cn
lanyan.1168.tv
hnryckjlbsf.1168.tv
etww.56dvd.net
www.33ldh6.com
technotopos.gr
d5.sina.com.cn
3hop.nfdy.net
tomopop.com
apartments.com.ua
www.carol-f.co.jp
chsou.com
optendrenk.com
cn-21cn.com
www.911sz.com.cn
ki8m.qiwen5.com
i-for-you.com
vskv.k3y3.net
aike01.com
planetarium-hamburg.de
vomira.wop.ro
browamator.pl
gb9.9998.tv
pscl.265link.com
cepillar.puk.ro
1859668.com
dianying.1913.cc
new.70168.com
disco-come-in.de
the-kennel-club.org.uk
c37r.265link.com
p5tt.265link.com
jxc5.k3y3.net
www.xt12312.gov.cn
3ndme.digart.pl
zettelte.wop.ro
kwdhy.78.cn
fdc.86516.com
c-o.com.cn
a1zt.k3y3.net
jinsoku.info
dwmy.wms.mofcom.gov.cn
zuotongt.1168.tv
huangsedianying.info
www.g1intezet.hu
gli.tc
vrbank-fl-sl.de
f-p.com.tw
www.biblia.pl
niuba1.cn.alibaba.com
led-video-lights.com
bcss.210000.org
nba.blip.pl
bensinmo.wop.ro
5577www.seo1122.com
pod-gore.pl
zdr6hc.info
tafel.pl
sx.189.cn
wongyai.puk.ro
cwou.nfdy.net
www.xunbao173.com-wmgj.info
groth.digart.pl
saiwap.info
imlemeb.info
99szs.co
qiys.265link.com
tradestime.info
www.ysl-5a.com
2012.sina.cn
mpx.keep.pl
7bmi.lizhidy.net
xnet-1.r.gd
cao87-d86.diandian.com
smallmgc.org
iu45.info
chenmiao.0fees.net
takahata.info
ballack69.link.xfree.hu
www.p6uc.com
guihuaxiang.com
4fzd.k3y3.net
operesyo.puk.ro
3dcrystalshop.co.uk
kwaii.biz
lhc-888.com
trappine.puk.ro
claranet.de
bqspa.bqspa.net
pvcf.k3y3.net
webutils.pl
meilleure-mutuelle.info
gefrieme.wop.ro
www.rws-verlag.de
blog.1181.cc
ysm.78.cn
rattails.puk.ro
duck.co
3034.cn
afcommanderen.puk.ro
ukhhf.co.uk
www.a9dj.com
1ywo.k3y3.net
456fang-d77.diandian.com
sb-2b.info
i955fm.com
sexrura.pl
juancong.com
e-cyfrowe.pl
eliton.info
free80sarcade.com
tc.8miu.com
donators.wop.ro
cam4free.cc
yisl.k3y3.net
episke.wop.ro
odds.789530.com
shen.yiwang.cn
organono.puk.ro
hxjy01.cn.b2b168.com
xai.blip.pl
masters.com.au
71.am
k.8x5x.com
vw7c.nfdy.net
lloh.265link.com
xn--fet810g.com
pro.ef43.com.cn
www.downza.cn
www.ntxlzx.w1680.com
70475.dealer.it168.com
3gsoft.tech.sina.com.cn
pt6hw.cn
tpsz.78.cn
ghx.net
m.lokola.cz
www.db3.org.cn
bookmarkone.info
beinsure.info
97.iii90.com
www.tjba.net.tjba.net
game2.online.cq.cn
zhidao1.3adisk.com
diplotop.fr
zhaoqingyun.66law.cn
192.dk
leroymerlin.fr