www.t523.com
spectrumresorts.com
expomaquinaria.es
iambeautiful.in
bocichina.com
oldorcha.wop.ro
lovelyoz.com
www.tootoofood.com
kudok.com
creation-societe-offshore.info
macauflowershop.com
bizontv.com
ismailaga.info
recessbook.com
infobooks.wop.ro
10dai.info
teppan-takako.com
italytraveltours.biz
bafang.in
linkman.pl
www.seksdateservice.nl
nagoya-yorutomo.net
694free.com
clipxxx69.info
tiptonphotography.co.uk
www.nike88a.com
www.dihguwsd.com
deskwanted.com
koe.cl
bonnieplants.com
www.suliaopaishuiban.com
it-conf.ru
tutele.net
3g.2h3h.cn
9pbs.265link.com
abgesonderterer.puk.ro
inmotion-hosting.com
autodns2.de
www.11tp.net
boot-camp-boot-camps.com
mofashijiamianmozenmeyang.diandian.com
helloblueroses.com
jomres.de
www.230027.com
allusatoday.com
gzds.78.cn
china-boating.com
idc.jlczwl.com
tremolierender.wop.ro
triple-f.de
cyamoda.com
www.baidu82vv.com
gingershots.deviantart.com
fabfab.net
ihi.org
bbflash.net
psgui.com
www.xfdh1.com
jli.edu.in
energyprojects.ru
66hk.us
bookingdom.com
bearfoot.freehost.pl
remisivo.wop.ro
fgxiaolanpppp30m.1168.tv
saoxue.c.la
rentisy.info
www.bieuthuexuatnhapkhau.tk
www.xxkd-hk.com
5888.jjliao.com
spicypr.com
acoteor.com
escort-oohlala.de
playmasters.co
gumeizi.com
swatch.com.cn
vervelt.wop.ro
aturae.wop.ro
edirectoria.com
soft-service.co.jp
libyasons.com
todowiki.com
prka.info
als-communication.dk
usavdo.info
www.cnbeta.com
leeaky.com
gdata.co.jp
musicalchairs.info
1-floor-house-plan.blog.hr
jiuqitai.9998.tv
rockstah.de
penisvergroters.net
temoust.org
pincode.vn
ggconstruct.com
mybebook.com
anti.puk.ro
bauportal-deutschland.de
foodtrip.deviantart.com
retailer.ru
risorsegeek.net
7b10.info
www.accp.tk
brian.com
toriz.info
areart.digart.pl
vtexcommerce.com.br
psy.com.cn
antbook.eu
tremendarumba.com
redbull.pl
rosejj.com
899kxw.com
socialnetworkopensources.com
manequinsalmighty.com.br
inciprie.puk.ro
tw.qiss.mobi
rpcxt.1168.tv
authorityblogger.com
baimaec.com
flasheezy.com
pic.gmw.cn
keltron.org
uskleo.com
51myit.com
www.805222.com
kryv.digart.pl
85tw.com
sermonspeaker.net
eccoholiday.com
thegreatexhibition2012.co.uk
91baby.mama.cn
makro.co.uk
p2media.pl
dodicesimouomo.net
bestportabletvdvd.7wx.info
comyr.com
goroder.ru
zwaz.210000.org
arizonahomelocator.com
fjseo.com
jd.hzftw.com
imer.gob.mx
khanen.wop.ro
carren.puk.ro
ubman.mn
readdle.com
www.marto.com.tw
kmg.kz
www.madeinmelo.com
fridhems-montering.se
bestwebsitehostingcompaniesz.info
tunamagisterio.com
fairfx.com
rielfm.com.ar
net63.net
entermedia.mx
lhxf.nfdy.net
legadolibre.com.ar
midea.yn.cn
jafland.info
trymasak.my
tobuzoo.com
kdleydl.78.cn
titanic-titanic.com
enveloper.com.pl
virtualactivism.org
host4marketing.co.za
stewd.io
www.xxt139.com
www.rentiseying.com
berka.digart.pl
uogra.com
www.220uu.com
www.digilentchina.com.cn
www.510871.com
islamifejaevertete.com
cyberls.com
bytesbrothers.com
www.5bo.info
vkb-bank.at
clubyss.com
mister-auto.at
guardedoptions.com
rusal.ru
adr168.com
www.usana.com.cn
bussgeldkatalog.ws
ghth6hgee.com
tais-vip.ru
overhaulinforums.com
amelanch.puk.ro
alfaquadro.com
japancar.ru
manifoldness.puk.ro
gallese.com
pomire.xtgem.com
pornohd69.info
dhbw-mannheim.de
mwg.blip.pl
roadtest.pcauto.com.cn
ahwazna.org
apxuguang.com
www.jcxs.net
belajarblogger.info
aestservice.ru
www.xxx557.com
cfsem.org
xxb54.kkzz.us
folkalley.com
globalweblink.info
lofd.nfdy.net
lfccro.com
chotot.info
powerminas.com
acis-bg.org
eurobelarus.info
q-shook.com
trade.cpdyj.com
ziptuning.nl
aziatix.com
www.5qq.info
fpvsz.hu
clouddrives.7l9.info
cicku.me
nepujsag.hu
kuugun.wop.ro
antikacilartr.com
kalman3.blog.xfree.hu
www.thaibicla.org
ruez.eu
wj8.cc
inkkc.com
achaia.wop.ro
wowwowgold.net
broeze.eu
kuchniajaponii.pl
t-y-n.com
www.371pc.cn
585ccc.com
excision.puk.ro
bandnamemaker.com
everanalyz.com
m.beihk.com
m.tzqq.org
m1628.com
mackiesarchery.com
magnetictherapyegg.info
combinedauctions.com
magnya.wop.ro
mah.lu
mailidi.com
maimw.78.cn
maisiliao.com
www.dwws.cn
mall.155.com
managementtrainingcourses.com.au
manathure.fr
mandurah.yourguide.com.au
mangootv.com
americainternet.cl
manhattanfullmovie.blogspot.sk
manraj.co.uk
marcos88.wrzuta.pl
marczibanyi.hu
59igp.com
marekwo.digart.pl
mariohry.info
marombapura.com.br
marrandino.it
masdr.net
natterwelt.de
mates.pl
matomato.doorblog.jp
matr3o.ro
matsubi.puk.ro
abus.puk.ro
maya.st
skinwhiteningforeverreview.org
mayn.jp
mazda.ca
mcdonalds.co.uk
medisa.pl
megainet.info
mawej.blip.pl
megastore.uol.com.br
meinvxi.com
mentholatum-taoabo.info
metaengine.info
metalgods.com.ar
delphos.puk.ro
metta.lk
mfaic.gov.kh
mgyj.info
mhi-ac.net
mhweb.pl
network-karriere.com
mianchi.tieba.tv
mibuenamigo.com
middlekingdomlife.com
luno.info
migrainesinchildrenfcu1.info
milkybody.info
million-dollar-baby-full-movie.blogspot.be
millionairetraccer.info
milpeinados.com
qinrun.org
minispeakeramplifier.7wx.info
minte20105f.1168.tv
mistunes.wop.ro
mlongines.com
mm.444kx.com
fabrykazlota.pl
zst.cp.360.cn
milanoans.it
archpaper.com
deptan.go.id
dog-training-online.info
tyvj.cn
chroma.com.pl
iofe.pl
sg-mod001.com
xtj.net.cn
www.tvtravel.ro
www.icranet.org
www.44zy.info
www.bosko.pl
fullybolted.com
support-bb.com
brasok.no
vegaloman.com
mneq.210000.org
moffies.flog.pl
moisund.com
wpshower.com
mokablog.com
molenheide.be
monall.ru
mondoturismoitalia.it
money-at-home.ru
fnf-mta.webs.com
moni.blip.pl
monitor.lap.hu
monkeyin.puk.ro
monooji.wop.ro
mopsbytow.pl
lagartoverde.com
motiva.fi
motivationals.org
motiw.ru
moujyuu.wop.ro
zf0.hyves.nl
mountainbigroad.jp
mpdrolet.tumblr.com
msheel.com
msm.gov.om
mt.sh.se
tsaweb.org
mtn.com.sy
mucao.com.br
mugamradio.az
multirama.gr
muriloq.com
zhdk.ch
music543.com
mutiny.wop.ro
mxd.cn
my-vo.eu
my4n.265link.com
hin.de
mycottege.ru
mydamnchannel.com
mynight.pl
mysticalclicks.biz
mytitbits.com
cobourgserver.com
mytour.eu
mywebsiteranking.com
mzyp.cc
namuya.puk.ro
nanacandoit.com
kotopo.info
nanchang.myjob.com
nanren.se
nanrenbangb8f.1168.tv
nanrenhai.cn
narf.pl
whub.org.uk
nat.gov.tw
navy.pinger.pl
nawa.dk
nb.pconline.com.cn
nb0e.lizhidy.net
5669.info
ncguns.org
neilinnes.org
neipmc.org
nejattv.org
nekolen.soup.io
www.6129570.com
nessus.at
nestindia.in
net.china.cn
net4car.pl
www.1yyg.com
netkacsa.hu
netzaehler.de
neumim.tanuki.cz
new.shaoxing2010.cn
newfaustin.com
put.info.pl
newgame.17173.com
newmedia-campaigns.com
newmuvizonline.blogspot.ro
neworldedu.org
newquaycornwallairport.com
bumlux.net
news.pchome.com.tw
themewp.com
3507.fjsnw.cn
gzjx.info
alissya.wrzuta.pl
graszkap.digart.pl
dailymobile.se
sdfkh.co.cc
svtb.info
www.swtsz.com
www.02kkk.com
my-lira.ru
www.itdashboard.gov
raintpl.com
easel.ly
bvmw.de
verbaco.de
nextcool.cn
tot-a-lot.com
www.magnat.by
5kv.info
mymotor.fr
insurance.hexun.com
pfruender.info
educom.ru
rajasthantours.net
horseheart10.webs.com
craftymind.com
525252.net
ergoarena.pl
swagonline.net
yanjiangkoucai.net
bookmarsmaster.info
versmaadde.wop.ro
leso.epfl.ch
plingnet.wop.ro
www.yaohou999.com
etoro.puk.ro
casinofrance-legal.com
filmesonlinedublado.org
entitledirect.com
www.0310tv.net
www.fsje.4f9.org
mtweb.pl
im24.es
somethinggeeky.com
rinse.fm
khaitan.org
bbs.xiaoshou.cn
wachalol.com
negarakita.com
kingbus.com.tw
gallows.puk.ro
olimp-blog.ru
mistymarshall.com
5d.cn
litinstitut.ru
www.dingkefang.net
extreme-hosting.net
azlit.net
cnhtm.com
sexywifeporn.in
jeanmari.wop.ro
ipodclassified.co.cc
0774.1775.cn
singaporeprofit.com
stedentrips.nl
wordofthenerdonline.com
www.010zx.cn
www.k188888.co.cc
etester.ro
afschuww.puk.ro
nanago.info
gaydemon.biz
www.zjssd.com.cn
vinaytechs.blogspot.in
tourismproperties.co.nz
guihuaxiang.com
gamespedia.de
french-property-1st.co.uk
colouringbook.org
henan.qyi168.com
merlin.org.uk
bluethner.de
cacocoa.blog.so-net.ne.jp
szyszak.flog.pl
kroopnik.pl
jurk.startpagina.nl
moo-vees.co.uk
cambodia.org
playscope.com
metrojourneyplanner.info
www.gmmoon.com
whocanseo.com
socalireefs.com
portal-series.com
haruan.net
hoftengel.nl
chriscarouthers.com
btd.soup.io
fs.ygjj.com
yorkshireterrierpuppy.co.uk
filmy-online01.pl
quixotis.wop.ro
hagvag.se
ixda.org
www.cbec.go.jp
www.dgmt99.com
corrado-game.info
i-hope.info
navylifepnw.com
odit.info
tubesexshow.com
artisteer-polska.pl
easywebscripts.net
gezondenzo.net
rlr.pl
varaminnews.com
xonetv.info
download.it168.com
rhzhifu.78.cn
bakertilly.co.uk
elamit.net
parduodu-perku.lt
www.therepozitory.com.au
www.xyx.zkplay.cn
bylvye.com
kaluweb.fr
www.wzfdc.com.cn
omote-sando.com
factum.wop.ro
sabonnyc.com
belfasttitanicmuseumrgcq.wordpress.com
rcguilin.cn
taikongczppb30mi.1168.tv
gia.la
wapw.org
provadia.bg
almirkaz.com
snua.210000.org
q1.go2u.cn
electrogsm.pl
incorona.wop.ro
www.sf.17262.cn
p6ok.com
arnvision.com
nortehanon.com
kinopobeda.ru
topnet.org.cn
deepmix.eu
pinsundmehr.de
ronsgoldclub.com
corkartsupplies.com
www.bjrhby.com
oblongue.wop.ro
sz.zol.com.cn
rogerstv.com
www.fx968.cn
powrotroberta.blogspot.com
b.1205.cn
techmilieu.com
carlssons.fi
hbma.210000.org
amarjit.info
rvlt.info
batamtoday.com
www.baczoni.hu
location-serveurs.net
bucle.puk.ro
juegateloz.org
customerservicesoftwarez.info
www.heiloo.nl
anacapa.biz
onhanger.wop.ro
justfuckus.com
rway.soup.io
klirrt.wop.ro
www.linebetter.com
jotation.wop.ro
askan.wrzuta.pl
www.reny.nl
blackmediascoop.com
stalker-portal.info
assurprox.com
xzaccp.cn
hypopodi.wop.ro
abmp.com
chistesverdes.net
uchospitals.edu
sieuthimuachung.com
iqracollege.com
lyx.xishui.gov.cn
azem.puk.ro
www.bg21.cn
vsmie.cz
nap.net.id
www.whguwan.com
www.guan400.com
rrsahm.com
colpita.wop.ro