5216u.com
elwisek88.flog.pl
chin.puk.ro
clickbuzz.info
mxd.cn
hvg.hu
anewme.digart.pl
ghgb.k3y3.net
capitalethiopia.com
acceptin.puk.ro
av.522aaa.com
tozere.puk.ro
osl.iu.edu
cyberxteam.info
ecodepot.fr
prgl.info
japan-fishing.net
cjza.210000.org
palgn.com.au
markiman.fecsegj.hu
ilansheng.com
motorizzazioneroma.it
google.co.bw
free-stockphotos.com
ekman.wop.ro
diysecurityforum.com
aldar-sd.net
48ss.net
rtg-mag.hu
iyey.nfdy.net
agathachristie.com
ibikeyou.net
yoti.wop.ro
nainposteur.org
federaljobs.net
quickcashloanz.info
flikk.wop.ro
lefronc.tk
azgg.info
enginedirectory.info
6waps.com
scheepten.puk.ro
samoha.digart.pl
www.pioneerep.com
jimogsh.info
6h518.net
raui.org
shahblog.net
www.zyzlm.org
healthyfiberfoods.com
topsolutions.pl
dirigert.puk.ro
sneckdra.wop.ro
114.bbr.cn
devcamp.pl
unitagged.com
kidslog.nl
ahhv.nfdy.net
sosite.sozza.wwwwww.wop.ro
sochimayak.ru
www.58xdjx.com
m.8aa.cc
dc495.com
spicekingdom.info
www.77cc.info
bleach-mx.net
hunter-gamers.net
cpz1.56dvd.net
betfans.net
chyw.210000.org
www.hazp.com.cn
oe-design.com
sanpedroinforma.com.ar
anzaccaz.com
www.ncin.cn
tsyx.210000.org
tefl.com
delur.tv
dj057.com
com-web.cn
61tube.com
1388gf.com
crdp-montpellier.fr
mechaniseert.puk.ro
dako.wop.ro
www.ldl120.com
bukmark.net
abaut-niuyork.comunita.unita.it
666mi-11go200.diandian.com
ofifuf.fr.gg
elmar.ee
adeadland.com
www.neonworx.de
onwaweb.com
b6fo.k3y3.net
trafila.wop.ro
yocooware.com
kinderkamers.uwpagina.nl
altruppersdorf.at
pherdark.com.pl
lelo.wop.ro
casagargiulo.it
merckmanual.jp
4dk.ru
hcsl.blip.pl
www.zoover.ch
4551.cc
www.bdfc.com.cn
lizhi83.com
catesburgess.com
sheu.wop.ro
pkz1.qiwen5.com
jammerli.puk.ro
miuu.soup.io
xn--jermeparadis-gib.net
spoten.wop.ro
pair.wop.ro
articleapprove.com
freebert.com
wbcawvzatgjg.com
shostak.puk.ro
auntiembb.ca
grovman.blip.pl
mykitchen.bg
seoconsultindia.com
knight-hall.blog.so-net.ne.jp
polosa.co.il
www.fundacjapauza.pl
best-sec.net
bf2.7m.cn
microoven.info
kaqimaa.tumblr.com
jugantor.com
www.northfacejacketsoutletsale.net
cosechadel66.es
kypi-deshevo.ru
www.887a.info
santen.puk.ro
bbs.t.163.com
www.veryhuo.com
asr0.265link.com
www.dz155.com
travsidan.nu
5wbjl.info
geekcrafts.com
lazanzara.info
dinkes-sulsel.go.id
pnf-usa.com
emqr.qiwen5.com
j7pl.265link.com
www.xxpp.info
7292.nfdy.net
www.chinamp.org
www.chineseall.cn
1o2.ir
statushumor.com
celerity.wop.ro
52zuihao.com
deniedhealthcarecoverage.info
noordbrabant.vakantieparken.a1boulevard.nl
fhf-online.de
www.wwf.org.au
www.cquc.edu.cn
www.sqhxgg.com
obqo.qiwen5.com
37964.ksds.jp
vdio.265link.com
www.1580ws.com
kurumesi.puk.ro
instruierendem.puk.ro
mispolicy.puk.ro
clearlakerelocationguide.info
www.17spw.com
www.365nvzhuang.com
www.89719.com
frasescelebres.name
chemobabe.com
redstarbelgrade.info
kork.wop.ro
depobangunan.co.id
shave.cz
babywit.com
blog.pengyao.org
gicpic.cn
enisle.wop.ro
unep.org
comeze.com
beschaed.wop.ro
pacificislandersclub.com
www.elmastudio.de
lanxess.sg
aviation-report.com
geiliit.net
templatesparanovoblogger.blogspot.in
cummin.us
5irc.llflxx.net
hogislanddeli.com
campusnuse.net
sharedata.co.za
ancramda.puk.ro
linkbait.us
liiketoimintasovellus.fi
giaitriso1.net
przemyslb.digart.pl
aromateka.hr
inscricaofacil.com.br
aggeliopolis.gr
www.shaobo.tk
space.mit.edu
haydee.com.br
163wt.com
amjayinc.com
playocio.net
nbdb.ca
over-game.eu
anal-teen-angels.info
toys.of.by
livemoneysmart.com
www.asohu.cn
pfandl-pitztal.at
probiu.ro
hougong5.com
renaiman.com
action-soccer.de
linkone.info
ahjmxx.com
style.qooza.hk
www.wotaoka.com
www.areco.hu
444fang-d78.diandian.com
bensalha-avocat.com
razdrusai.com
www.sapo.ao
ulinex.net
atbbs.jp
internationalkuntawfederation.com
gobble.wop.ro
aio.ge
zsch.210000.org
automaticon.pl
supplychaincanada.org
memphisspeakers.3ia.info
doemijnbelasting.nl
blog2.morinaga.co.jp
what-is-android.info
netinterne.com
fepese.org.br
ycjy.nfdy.net
cheaps.wop.ro
markforrester.co.za
annuaire-bonheur.com
nymc.wop.ro
tuzfeszek.hu
qianjiangrc.com
www.ly234.com
ok.cidu.net
teckeln.wop.ro
kasa.cz
6w1.info
finanzasparatodos.es
www.ams7.com
nemnd.9r.ro
traffic-supremacy.com
hk.biaogeer.cn
23dy.info
826a3.tumblr.com
frenssen.wop.ro
harian-aceh.com
casselli.wop.ro
2xr.info
emporiumplus.com
tvaudienciadeblogs.in
soulgreat.com
730c3.diandian.com
qjren.com
basquetplus.com
www.96356.in
xixichengyuan.com
slavh.hyves.nl
m1.511gc.info
senzaparole.de
free-war.net
vdr-wiki.de
546184568.33591.com
kisio.blip.pl
erad.fecsegj.hu
lushouanshenkeli.1168.tv
cash-blaster.com
balatonservice.info
daneshnews.com
cuponja.com
9360.tv
upsi.edu.my
18mei.com
eldescodificador.com
etyc.org
resellrightspack.com
wf001.com
carrolandia.com.br
radiolamp.ru
nitronap.wop.ro
npass.net
daijo.info
uebersetzer-verzeichnis.com
vietpress.vn
edoo.pl
closed.com
starisp.de
marcos.com
us.lt
taggi.wop.ro
daar.puk.ro
googlr.20j.info
www.securite-sante.lu
home.dyfc.net
webdesignenterprise.com
www.macned.nl
deqingzhan.fdchs.cn
weldbham.com
b69.soup.io
y8.in.th
62board.com
nzbserien.org
nepalimate.com
ad2town.com
3dlovedolls.com
baidu31.net
berlinimpuls.de
gardaglobal.com
indienet.ch
webstatsdomain.com
filesonic.jp
guaridadelbigfoot.blogspot.com
timezonedistance.com
doctorwatson.info
historiasdelmotor.com
verbaco.de
bikuai.net
gettyimages.dk
gucciflatsse.99k.org
attainers.puk.ro
mymusicstore.com.ph
simterra.ru
goodreads.com
mailboxe.puk.ro
157399.cn
amarixe.com
celka-frackowiak.pl
mata.com.mx
glitery.pl
av.24kdy.info
dzng.nfdy.net
ewire.dk
openstatussearch.com
dreamzone.ro
bayannaoer.ganji.com
kepbortv.typepad.com
flashkid105.deviantart.com
brightbridgewealth-management.com
perequam.wop.ro
hxsteel.cn
mihata.puk.ro
jiaoyu.jiedao.net
www.osrn.nl
matematikbanken.dk
odessamedia.net
ankerpfl.puk.ro
estar.jp
2jiero.com
ace.com.gt
cienum.fr
vancouvercoffee.ca
9yc.com
bumlink.net
sc.weather.com.cn
gioap.com
industrial-clay.com
horeb.wop.ro
iedu.com.cn
moderncommemoratives.com
secondhandcateringequipmentuk.co.uk
mb.gay800.com
stone123.net
ccvcnitra.sk
foryours.net
www.uitzendinggemist.nl
hmforces.info
bigexpeditions.net
afvloeipijpen.puk.ro
www.17sese.co
borch-e.com
bj.3ua.cn
okiayu.jp
bbs.qshpan.com
felesteen.ps
rafenstain.com
1.2011522.com
www.yautou.tk
coco-sta.com
prom.ua
anus.com
520413.com
fantasiatrans.net
kppp.210000.org
corvatsch.ch
spedalicivili.brescia.it
4466.cc
kkb.kz
christine.ac.cn
mtn.co.ug
anandsaha.com
babia-gora.pl
hd212.com
www.xxx553.com
cumonprintedpics.com
dvlink.ru
oesp.qiwen5.com
castlestoryonline.com
kmrrec.org
cosessio.wop.ro
forumlist.info
cawaii.in.th
www.969110.com
alliancecommunity.org
filix.puk.ro
moneyflower.puk.ro
newhumanbeing.net
51degrees.mobi
www.xz889.com
yvlvv.com
coryl.puk.ro
datosgratis.net
aprosagaink.hu
999giochi.it
acolchado.wop.ro
yingshi.bbs.1966.me
sveitsis.puk.ro
worthwebs.com
danceimpact.nl
frutta-life.ru
mmzzdd.info
schema-electrique.net
mahmouddarweesh.info
halowiki.net
berezovoe.ru
articleradiant.com
eatogether.com
babesgalleries.com
www.aaishangjz8.com
satellitedirectsoftware.tk
www.cglmlc.com
classora.com
qq6688.qzone.qq.com
itsalmostgenius.com
132.hk
ekart.ir
columbiadailyherald.com
anilbatra.com
citiesads.com
andrelavelle.net
steibock.ch
softrock.de
www.uppsalakendo.se
alo.bg
eosfit.ru
tvptv.com
58song.com
iforexllc.com
excelforum.pl
www.07686623470.com