filegate.net
bradan.org
abmp.com
mneq.210000.org
www.jeshotel.com
www.ichman.de
www.renti.tw
bebisziget.hu
binhduongbds.com
www.88ii.info
clubmujersinlimites.info
www.bullsofcrown.nl
wvfr.210000.org
4m.net
themefield.com
d36.cn
xinhu.cn
yourfreeporn.com
dedra.sklep.pl
alley.wop.ro
bivalvous.puk.ro
beatingstress.info
auslosen.puk.ro
cuantovalemiweb.com
campingshopwagner.de
codepad.co
ck.ggabc.net
phr.cz
bizzy.wop.ro
airberlin-binoli.com
bienxanh.info
datahostingz.info
astro.cz
comcast-deals.info
clipxxx69.info
ebf.org
dealme.ch
getipv6.info
dollighe.wop.ro
566nx.com
28gl.com
aillent.puk.ro
www.ticketmaster.ca
aquilasoldiers.cba.pl
imgbed.com
eduquiz.info
1r7.info
cnph.cn
peta.surfsleutel.info
383991.com
directcosmetics.com
ate.fm
www.sgssws.com
antichaussurembt.info
malou.prv.pl
go2.hu
se78se.com
5ty.org
onezero.pl
chachala.com
kjn1.qiwen5.com
guihuaxiang.com
caiyuanr.com
52common.com
domdevelopment.com.pl
fbhv.nfdy.net
bbs.364200.cn
luoey.co.cc
wakombe.wop.ro
dobywheytfb.blogtrue.com
polskamanga.pl
azem.puk.ro
dresden-airport.de
fnxp.210000.org
organizac.pl
ubroad.mn
blog.dxy.cn
460l.nfdy.net
densha.blog.hr
awolg.pl
np.xlx.pl
xn--8ey7wer.holy.jp
szepulj.hu
ir1music.in
gomixmodel.pl
at-etc.com
hejr.nfdy.net
fwmtrack.info
icehouse.net
afincadamente.puk.ro
abdiqueront.puk.ro
americanadagencies.com
ilovebaggystyle.pinger.pl
endurome.com
rapgodfathers.info
67xo.com
japanmgp.com
humor.hu
puzz.wop.ro
brasilpaginasamarelas.com.br
bookmarklead.com
dither.wop.ro
and-you.de
fibo.de
codeflow.org
sexcam-livecam.info
irc.bg
gusta.puk.ro
ingroup.wop.ro
gerpedia.de
classidigi.com
granjear.puk.ro
24on.pl
mobiledevicemanagementz.info
biccywiki.org
bittenus.com
www.metalfest.eu
otl.sourceforge.net
laziska.pl
smartoption.jp
haoxd.net
caihao.com
coupons4indy.com
jula5517.pinger.pl
7551.com
farsnevis.ir
www.qtimes.net
thebridgeontheriverkwaifullmovie.blogspot.pt
lindenheuvel.nl
www.akibaos.com
av.1111xx.com
debbiedoesdesigns.com
lamam.wop.ro
yunbio.com
askthexpert.info
aansluip.puk.ro
pet2video.com
orskportal.ru
hunter-pp.jp
ambranet.de
4rr5.265link.com
superscripte.de
americanelectricity.com
mugiya.wop.ro
hao.b2b.biz
xxlhdmovies.com
compotor.puk.ro
leeson.com
yaroslavl.mk.ru
cortland.edu
hyebbs.com
hypermedia.cz
kszy.pinger.pl
bbzzdd.com
rapszodi.puk.ro
longtail.com
www.scjz.net
27maimai.com
www.ailicn.net
wqyl.cn
magister.ee
thematuretube.com
nicorette.com
mechanik-cs.za.pl
behesht.info
favoriten4you.de
haspeltj.puk.ro
www.catalyzator.net
masters.com.au
bostwick.puk.ro
vodahost.net
lltsansm.1168.tv
lagons.wop.ro
linktour.it
daitaiho.puk.ro
radio.org.ml
vsmie.cz
noziri.puk.ro
komos.flog.pl
beapol.com.pl
1000months.net
7city.jp
css3please.com
oeag.at
www.0668111.com
27.com
sem.yn.cn
poznaj-datesmierci.pl
mrboffo.com
unfv.net
latemodelrestoration.com
www.nudecelebrityporn.net
thesuccessbomb.info
makeitinamericanow.com
freeaddlinks.info
reisu-fars.com
uzbrussel.be
mundel.wop.ro
lunia1285.pinger.pl
tabao.com
aerofs.com
kenyaforum.net
foldermarker.com
manhattansc.org
viatical.org
unqw.com
polcattebeke.be
blazinbeauties.com
portal.ccnu.edu.cn
calvinis.wop.ro
t39.us
davkkp.org
jumbo-links.com
ingatlankorzo.hu
madurasputas.com.ar
womenoftheworld.nl
74qz.nfdy.net
sherpa.be
bog888.com
warehousecigarettes.com
scargill.net
fischgeruechen.zaklanta.wwwwww.wop.ro
yoof.info
questionnerions.puk.ro
bautistaeric.tigblog.org
www.62idc.com
caginburo.com
prar.info
1strecon.net
paxmusic.co.kr
arrivaient.eeoc.tvette.wwwwww.wop.ro
reals.lt
mistta.blog.so-net.ne.jp
prlp.info
meyameyadeals.com
rockabullbulldogz.com
www.jxygcy001.cn
anngel.lka.hu
shinagawa.keizai.biz
ai0513.com
www.toool.nl
mooo.org
shop71986967.taobao.com
tmtevents.pl
beurtelingse.puk.ro
www.ons.mr
www.ccstock.cn
kamifox.eu
iinobe.com
m1.10bt.info
speed-killers.za.pl
mbsky.com
youlike.ru
seven-7eas.tk
uswares.info
swiftowner.com
myopenforum.com
filmdizi-izle-seyret.com
imidogen.puk.ro
www.dvode.com
tradicionalferiadelasfresas.com
forosuzukimotos.com
www.dope.nl
gilad.squarespace.com
08.tc
domovest.ru
tetsig.wop.ro
www.ct138.net
grinst.wop.ro
sbckiteboard.com
www.tjkbl.com
tagungshotel.com
visavis.jp
kaffeine.digart.pl
veteransmccanada.com
cellcom.co.il
taigoku.puk.ro
tur-nado.ru
stscript.info
suchy92.digart.pl
bat3403073.huijucn.com
holidaypromo.info
awq4.gn2012.com
hungoverowls.tumblr.com
yousmi.by
yourwebsitevalue.net
cps.qianshou521.net
nimes.fr
reebokfitness.info
yupeek.com
webugs.net
www.gintama.pl
lucernefestival.ch
www.jntqzz.com
riccartonflorist.co.nz
freenight.pl
fod.ac.cr
dramatvseries.info
333job.com
ledix.pl
97694.net
9999.3199.cn
bravosdemargarita.com
glyt.210000.org
xintengxiang.cn.b2b168.com
yuejob.com
freereleasepress.com
pandorabraceletsuk.yhfo.com
ilovemtl.ca
movieloo.info
029hq.com
joker-group.net
www.dnf885.com
betw.flog.pl
albidapress.net
thecoopfam.com
iimm.210000.org
carseatblog.com
maaczek.pinger.pl
www.gdkesion.com
aikimedia.net
from-ireland.net
chuguidenvren.cc222.com
utdra.puk.ro
wiederse.puk.ro
roonix.com.pl
zlix.tk
www.qukanav66.com
svenskaturistforeningen.se
bxtf.info
islamic-resource.org
whissky.puk.ro
magnetictherapycit4.info
xsemm.com
simzer.wop.ro
98fu.tk
thegetpr.org
www.xlmr.com
abbye.wop.ro
blog.chinataiwan.org
blox.pl
mrjogos.uol.com.br
ugandainvest.go.ug
watch.impress.co.jp
kiraga.info
bdk.se
rzu.gov.pl
11vs11.com
davel.blip.pl
78500.cn
mesvip.com
kqvp.210000.org
www.5keke.cn
bantierra.es
www.qianxianhuinong.com
www.theaco.net
stadtmarketing-herne.de
twooceans.com.pa
www.diandiweb.com
webstatsdomain.com
www.dtgm.cn
perfumesencasa.com
wtbi.210000.org
czwl.sinaapp.com
hcgdiethomeopathic.com
3nglass.com
3w.nv44.com
4goh.qiwen5.com
www.semp4.info
4shared.com
www.unifycall.com
bookmarkslight.info
www.kapnah.nl
diet.secret.jp
www.xtmy.cn
mkikuchi.wop.ro
www.xxbaobei.com
allergia.wyw.hu
www.jf7d.com
opzat.wop.ro
zsebike.freeblog.hu
4799.fad3.net
www.dnevnik.bg
weglowa.blip.pl
nsearch.yahoo.co.jp
www.cast.net.cn
www.hh5h.com
completeocarro.com.br
smsapi.pl
fatatortina.it
sh.tsyouxi.cn
www.78mv.info
ktozbuduje.pl
webnoviny.sk
zhhu.net
ellipse.puk.ro
www.lqcz.cn
reliablesite.net
senete.wop.ro
www.gwiazdor.pl
www.professional-unions.com
warenhandelszentrum.net
366wow.com
b.8x5x.com
www.qztx.com
www.peperomia.net
tenagusa.puk.ro
shigetou.puk.ro
gekerbt.puk.ro
www.vdph.de
www.motoair.hu
www.ozp.cz
zuluk.net
www.senchuana.info
myhr.ms
www.315safe.com.cn
www.sdcenter.pl
www.ooogm.com
bruil.info
fepese.org.br
easywebscripts.net
ijdeler.puk.ro
slowka.info
omely.info
zantte.wop.ro
www.poikkeusinfo.fi
klartext.wop.ro
cinemonger.com
corocastelbarco.it
www.jsslszx.cn
www.datangtianchao.com
rudejm.com
wozuida.info
zeek--reward.biz
so.999120.net
www.china-power.net
www.senvhai.info
www.nxtattoo.com
bedd56.co.cc
stoutens.puk.ro
hypersilcolumns.info
www.creativeloafing.com
zangao.maiao.cn
www.ltzydk.com
prodigy.net
beamdog.com
amvbybrkpp.freeblog.hu
xdexcylly.typepad.com
touxiang8.org
chinaz.com
handystartmenu.com
fixai.com
366paydayloans.co.uk
to-submit-articles.com
mediaguru.cz
www.your-gta.ru
optimalizaltlinkek.info
www.tjdiping.com
ynas.taobao.com
whoswho.co.ke
ate-u-tiv.com
sailwx.info
leadlikejesus.org