starton.biz
gazeta-tejkovo.ru
www.imfa.org.cn
hbqiche.buscx.cn
szansebezdrozy.pl
yzol.yzz.cn
palsra.in
eskarock.pl
gifarchiv.net
ananskikh.ru
texnovlog.ru
fotocolombo.it
odeon-ast.ru
www.chinawz.net
citeam.pl
britishcouncil.pl
6q7t.qiwen5.com
sousurut.wop.ro
gespiese.wop.ro
realvideos.info
www.ons.mr
pornbookfree.info
kegyelet.linkpark.hu
loee.pl
www.szjt.hu
bookmarkalphabet.info
myglobalinfo.com
shop8586.com
heilerdored.page.tl
resourcepower.net
lopinion.ma
buxhyip.info
betus-kifesto.kifesto1.hu
data.gmu.edu
kashanya.com
dimajadid.net
js.shwuguan.net
muscularpaindhg.info
www.argus.nc
uscgnews.com
www.gd-zy.com.cn
animerevolution.ca
hdsexteen.com
canald.com
plannegocios.info
globalart.pl
china188.net
hdsexyes.com
jedistocks.com
gs.tinyin.net
jcjrfbzs.blogger.hu
moje-seo.pl
jf6d.uqc.cn
jf.wgdnf.info
loftinsulationoffers.net
jgmalvqiyd.blog.hu
ekropka.flog.pl
rac.xf.cz
webstaging.info
educamia.org
knowzon.com
yihui.name
chauffio.wop.ro
cyberkop.ru
www.soduo.org
hnjinwang.9998.tv
diatomaceae.puk.ro
laughingwolf.net
elite2ch.info
dicksgeilesexxxpagina.nl
digitalizalo.net
albertus.pl
www.letop.be
mytehran.ir
korba08.digart.pl
lanket.wop.ro
heartland.org
muninsho.wop.ro
nsx.pl
www.thos.cz
minaevlive.ru
umgeschu.wop.ro
suchlexikon.de
xn--80afqvkbmny5g.net
www.k40.name
bulkhead.puk.ro
gdtt.net
kamath.puk.ro
y7s.info
jeuxmaker.com
hotcocoa.biz
rapformat.ru
bloggiveaways.blogspot.com
anunciabalear.com
mojenoclegi.pl
23rt8.gn2012.com
jeparafurniture.com
dobradieta.warszawa.pl
jegyelovetel.hu
sewmv.info
ccftn.com
chinaibi.cn
mtv.pl
jhkcrejiee.freeblog.hu
chachala.com
jianduedu.host4.idc136.com
jiangmen.job001.cn
jiaju.99114.com
ht-world.org
ttdmwbrfp.page.tl
jizou.blog.so-net.ne.jp
jjjppp.cn
linkagogos.info
heimagu.net
cslaurentides.qc.ca
ip2domain.net
www.kaiem.pl
obyvatele.cz
addictionblog.org
historyfliks.com
hureca.fr
clickmeeting.pl
site-transfer.com
jakehi.wanye68.com
jadr.de
www.wzjh9999.com
forum24.se
yominaos.wop.ro
bbs.51084.com
urim.pl
foroutan.info
leadyou.com
nbbtmdqcr.blog.hu
gutscheincode.org
gameonline2.com
jgyy.wst.cn
seosprint.info
kreativavilag.hu
nijmegen.web.nl
3223.nfdy.net
pornobabytv.info
activeskin.com.au
whity.netau.net
roo7iraq.com
budleja.pinger.pl
charley50.com
guangzhoushewaijingjizhiyejishuxueyuan.fdchs.cn
kupgazete.pl
google.co.zw
www.klops.pl
jl.1775.cn
jl.bidcenter.com.cn
natus89.wrzuta.pl
link.blogmura.com
munich-nightlife.net
canis.ee
www.pravopis.cz
bbs.v1.cn
jolynn.puk.ro
photopost.com
autolikbez.info
www.nizb.com
blog.ngochieu.com
azsczestochowa.pl
jpvhg0pp.blog.so-net.ne.jp
fabrykaplikow.pl
schilferige.puk.ro
boothboss.com
stayfriends.com
jilupian.youku.com
deepbody.digart.pl
www.yyxfz.com
gouyiyi.info
reiki-energy.lu
iwroclaw.pl
www.aiaigjame.co.cc
disaggrlink.info
filipetto.com
filtraie.puk.ro
filz.puk.ro
finance.dllp.cn
finance.most.gov.cn
findbestcollegeinusa.info
findfaster.org
wping.me
findwebstats.com
firanytkaniny.pl
firebrand.info
firedog.puk.ro
firmlandia.pl
fishingjunkiebanchan.naturum.ne.jp
fitnessplatinium.pl
fius-kifestok.kifesto1.hu
fix-a-tile.com
fixes.wop.ro
fixya.com
fj.189.cn
fj.house.sina.com.cn
fjblogger.com
fjcqsz201117.21food.cn
fjyel.com
flodistro.com
florigen.puk.ro
florinpainting.com
www.woetaomall.com
flugelman.puk.ro
badassallstars.de
fluid-controls.cn
fluidsurveys.si
fm.tuba.pl
eluxury-replica.co
foclas.com
focus.jrj.com.cn
e-gracz.pl
fonyedjs.com
science.edu
food998.com-yzm520.qzone.qq.com
fornication.puk.ro
fortlauderdalegaymenschorus.org
forum.maxthon.cn
forum.tesall.ru
baixarmusicas.info
forum.wsk.tw
forumbola.org
forzaphoto.co.uk
www.kakm.org
foto.delfi.lv
jmislandtrading.com
foudemusique.free.fr
fox.com.au
fr-chanel.com
fragland.net
frambringer.wop.ro
franklinquakers.org
freakinthecage.de
free-classified.in
www.zhangjun.me
free-credit-report-government.net
free.fr
freeadobephotoshopdownload.blogspot.com.au
lotos.pl
www.apdiguo.com
jbnjakuljkk.page.tl
saulijdo.freeforums.org
freehostia.com
swfmill.org
www.rimi.no
freelink.dichthuat.org
freemoviesto.com
freewebsitesubmission.co.uk
freewebsiteworth.org
frej.blip.pl
frenchentree-languedoc.com
friendandstranger.com
frinklinspeaks.mu.nu
fromidea.com
fromto.hig.se
frontierservicedesign.com
frontwindow.co.uk
frugalplus.com
fs.joobbe.com
fscyzg.com
fsfe.org
fsi.spline.de
fotoquip.de
fsu.pl
ftknox.wop.ro
fuchsmichael.net
fuguixiang.da.vancelle.net
fujian.qyi168.com
penize24.info
jwconstruction.pl
versamme.puk.ro
fukugour.wop.ro
bookmarkyaho.info
furtherc.puk.ro
z-i.pl
vindicator.pl
orangenotes.jp
24solutions.se
e-heaven.pl
fun.idg.pl
fundamentalcoaching.co.uk
funedu.org.ar
fungame.com.ua
funpic.de
furafura-life.blog.so-net.ne.jp
furusetfestivalen.no
furyogc.webs.com
fushun.chinaibi.cn
fusionads.net
fuss.bz.it
futanarigirls.net
futureisyou.org
futurodepresente.intel.com.br
fuzhou.tg.com.cn
fuzzipede.de
gangoos.com
gardenplanet.pl
gasthaus-poetz.at
gatwickcheapparking.com
gd.cenn.cn
gddkia.gov.pl
geelong.campertrailer.com.au
geestenzieners.puk.ro
geigerexpo.com
geizigeres.wop.ro
gekuu.wop.ro
kjdxyjs.tjbys.net
couchcritics.info
senshundo.jp
www.uxx.cc
cube3d.pl
www.xbwl.org
www.xhscli.com
xn--kfsv93fnsl2gj.com
kombu.de
pic27.blogspot.in
truition.com
pagerelay.pl
innigkeit.wop.ro
tuberculeux.puk.ro
www.hnyytj.com
sukhothai.puk.ro
kac.flog.pl
gkotsikas.gr
impacciata.wop.ro
northsafety.com
california4commonsensebudgets.org
pf5q.265link.com
susan189.hyves.nl
hupan.net
powervine.info
slav.blip.pl
suantang.go.th
droidnews.ru
hdchurch.org
pocztowy24.pl
bustyteenstgp.com
brreg.no
yamame1969.naturum.ne.jp
jungproyect.es
scbb.ch
lrt.tv
itdesign.de
buildahouse.biz
homepoint.com.br