filipetto.com
jespersaur.com
filtraie.puk.ro
filz.puk.ro
finance.dllp.cn
finance.most.gov.cn
522sese.com
findbestcollegeinusa.info
findfaster.org
findwebstats.com
topaz.pinger.pl
firanytkaniny.pl
firebrand.info
firedog.puk.ro
firmlandia.pl
fishingjunkiebanchan.naturum.ne.jp
fitnessplatinium.pl
fius-kifestok.kifesto1.hu
fix-a-tile.com
fixes.wop.ro
fixya.com
fj.189.cn
fj.house.sina.com.cn
fjblogger.com
fjcqsz201117.21food.cn
fjyel.com
flodistro.com
florigen.puk.ro
florinpainting.com
flugelman.puk.ro
fluid-controls.cn
fluidsurveys.si
meteociel.com
fm.tuba.pl
foclas.com
focus.jrj.com.cn
fonyedjs.com
food998.com-yzm520.qzone.qq.com
fornication.puk.ro
fortlauderdalegaymenschorus.org
forum.maxthon.cn
forum.tesall.ru
forum.wsk.tw
forumbola.org
forzaphoto.co.uk
foto.delfi.lv
foudemusique.free.fr
fox.com.au
www.91vpnn.com
fr-chanel.com
fragland.net
frambringer.wop.ro
franklinquakers.org
freakinthecage.de
free-classified.in
free-credit-report-government.net
free.fr
freeadobephotoshopdownload.blogspot.com.au
www.qpyj.net
azsczestochowa.pl
fsfe.org
freelink.dichthuat.org
freemoviesto.com
freewebsitesubmission.co.uk
jwconstruction.pl
freewebsiteworth.org
frej.blip.pl
frenchentree-languedoc.com
perdhanahost.net
friendandstranger.com
frinklinspeaks.mu.nu
fromidea.com
fromto.hig.se
frontierservicedesign.com
frontwindow.co.uk
frugalplus.com
fs.joobbe.com
fscyzg.com
fsi.spline.de
fsu.pl
ftknox.wop.ro
fuchsmichael.net
fuguixiang.da.vancelle.net
fujian.qyi168.com
adesrea.at.lv
fukugour.wop.ro
maochenwen.com.pl
fumi-kuwachan.blog.so-net.ne.jp
fun.idg.pl
www.reticolo.hu
budleja.pinger.pl
texnovlog.ru
onefistmc.com
funedu.org.ar
fungame.com.ua
funpic.de
furafura-life.blog.so-net.ne.jp
furusetfestivalen.no
furyogc.webs.com
fushun.chinaibi.cn
fusionads.net
fuss.bz.it
yyqc.nfdy.net
futanarigirls.net
futureisyou.org
futurodepresente.intel.com.br
fuzhou.tg.com.cn
fuzzipede.de
gangoos.com
gardenplanet.pl
gasthaus-poetz.at
gatwickcheapparking.com
gazeta-tejkovo.ru
gd.cenn.cn
gddkia.gov.pl
geelong.campertrailer.com.au
geestenzieners.puk.ro
geigerexpo.com
geizigeres.wop.ro
gekuu.wop.ro
geleverden.puk.ro
geniessende.puk.ro
genomeinformatics.org
genomesociety.net
gensiro.puk.ro
gersimi.pl
getaconnect.com
moip.gov.ck
getintheloophouston.com
gettyimages.cn
guanbaokl.1168.tv
guangdong.qyi168.com
se.888ke.com
qkrk.56dvd.net
freehostia.com
site-transfer.com
dione.wop.ro
www.autoreport.cn
guanshen.cc
guarnieri.com
guayaquil.usconsulate.gov
gudebao.1168.tv
gujarat.gov.in
gulnur.cn
guofengmeitangsk.soufun.com
gupiao.5w.com
gvn.co.jp
www.zfeiwang.co.cc
gx133.com
gxwzzj.com.cn
gz.58.com.cn
gz.888ao.com
gzchinachant.com
gzcvheyjamvwcf.blogtrue.com
gzelectrolux.com
angoya.wop.ro
gzrcw.78.cn
gzsdjck.com
h4g.co.uk
haber.soup.io
hackver.fad3.net
hahaheihei.com
haifanliwang.com
haiguan.info
freeclassifieds.pro
haii.cn
haijiangdy.com
hailo.org
haishun88.com
haivip.info
www.xxxy9.com
haizeiwang.3199.cn
halloweencostumevampire.net
hamaisum.com.br
han.zyue.com
hangyujy.org
hansarangobgy.co.kr
hanzke.hyves.nl
haonet123.jimdo.com
haoxifu.net
happy.ccsakura.to
haprogroup.vn
haqida.uz
hardcorecsaj.fecsegj.hu
hardwaretests.puk.ro
harmsway4kids.com
harry-potter-4-full-movie.blogspot.com.au
fgxne.78.cn
commentplease.blogspot.in
internetdoxod.ru
wap.62141.net
mbili.wop.ro
impacciata.wop.ro
portalmorski.pl
hausudas.puk.ro
yasudaju.puk.ro
prwv.info
towler.wop.ro
cbie.ca
fandaily.info
couchcritics.info
tepsa.com.pe
hayleypallett.co.uk
hbcsgw.com
hbyixian.678114.com
hcai.cc
hcbbt.net
hcysa.org
actuallyfree.info
chorvelikan.ru
hdantennaconverterbo.9see.info
hdfrenchsex.com
bikerackshops.com
hdhkkd.com
hdk-kwbbelchatow.pl
help.h2h.cn
herinoto.com
hexun.com
expertlink.info
hf.86jcw.cn
hfdafu.com
hffjl.vip.wed114.cn
hfnhivmy.freeblog.hu
hgt.vip.wed114.cn
hgzb.baidajob.com
hhstyle.pl
hiasiewapad.blogger.hu
hijikisokuhou.doorblog.jp
himin.gz.cn
himmelreichhuette.de
hinrichsen.puk.ro
hipercole.net
hiro-games.com
hiry.blog.so-net.ne.jp
hitek-blog.com
hiuoiwaat.blog.mongenie.com
hiyama-n.blog.so-net.ne.jp
hkihmhxdri.skynetblogs.be
www.aaaa848.com
hkirscout.org
hkonline.com.hk
hktkw.net
hungmok.wop.ro
hkwdh.com
hopelessrecords.com
hshewl.com
igoex.com
kanonista.eu
linglong.inhe.net
moe.edu.tw
mortycjamcgonagall.mylog.pl
netways.de
personterra.info
rvgw.nfdy.net
44990.com
shimoisa.puk.ro
thomala.com
www.jjbctv.net
www.ku9.me
gafoto.pl
www.rsvp.com.au
bnb.flog.pl
bronsde.wop.ro
clinique-star-tour.jp
dhre.210000.org
fando.wop.ro
foodstoq.com
foreversa.co.za
www.wap3c.com
fp3k.210000.org
nejau.net
colsueco.org
thalassery.olx.in
wiitool4you.de
areca-backup.org
designsekcja.pl
dol.gov
kavkaz.ge
bellatrix-fans.deviantart.com
euroticket.pl
nationallottery.co.za
ghasredariush.net
gcwap.net
mafiascripts.info
asahitostem.co.jp
dlfoidud.de.gg
vecer.com.mk
bikezone.pt
www.godr.org
jordan4sat.com
fitness-foren.de
proelectro2.ru
www.ibloom.it
zombienetwork.net
cinemonger.com
lucua.jp
33lian.dvdlinks.at
kyxy.com
azmoon.net
www.0731ys.com
www.csna.cn
www.bilik.biz
non-non.info
zhycwzpx.78.cn
bqspa.bqspa.net
shewes.wop.ro
headache82.soup.io
aanga.puk.ro
www.vla.cn
www.omga.me
balay.es
dep.no
atehenmei.com
nines.wop.ro
aynur.us
elfic.wop.ro
gebiechteter.wop.ro
neutralism.wop.ro
nopnvevrsj.blog.hu
schapeve.wop.ro
l6d.info
allenbailey.org
almwirt.com
christianlouboutinuk.ckxn.com
yuuic.puk.ro
piotr00.digart.pl
www.lto.de
cocolog-nifty.com
tatuazh.info
www.yun-peng.com
ershou.xtfw.cn
ifilhome.com
didongmango.com
expansible.puk.ro
cn7.net
www.old027.com
kiba.wop.ro
crowsnest.tv
idiota.wop.ro
resourcepower.net
kicia99.pinger.pl
eternallinks.info
khatrimatrimony.com
dj.webchuan.vn
www.graal.pl
henhao1.info
dichtienganhso1.com
sousakut.wop.ro
www.se114a.net
sostitut.wop.ro
plannegocios.info
hdsexyes.com
www.qzlp.net
fanlidg.com
c64games.de
wiki.ial.se
dunedin.govt.nz
dh.8wp.in
khaos.info
remarcar.wop.ro
heartland.org
destock.biz
resil.com
kiteforum.no
www.sicai.net
118712.fr
www.vahur.hu
youpornosexe.info
forken.wop.ro
devjs.pl
entermedia.mx
mlongines.com
kurierlubelski.pl
324324.name
opak.crolib.hr
kabartop.com
florae.fr
monitoruj.pl
renulec.blip.pl
hoppe.blog.so-net.ne.jp
mautau.com
imgbam.info
binuq.blip.pl
jbofscfrbi.blog.mongenie.com
tezie.puk.ro
www.gelg.pl
boeo.210000.org
szansebezdrozy.pl
candiganjuran.com
piptid.ru
bernthaler.eu
viaje.info
ablog4homebuyers.com
forolatino.info
www.u69cn.com
macoc.org
jjjppp.cn
jizou.blog.so-net.ne.jp
meensel-kiezegem.be
dbeta.info
grancanariaole.de
tampaxcoupons.co
www.jkbaojie.com
lueya.com
akosi.puk.ro
www.agen.cz
ga.igaz.org
bougies.info
jl.1775.cn
goctn.wap.sh
honson.wop.ro
wam.ae
www.66salon.net
chasubles.eu
naszpoznan.info
emumame.ru
wvfr.210000.org
randkomat.pl
nbbtmdqcr.blog.hu
ladygamer.jp
bobbeltj.puk.ro
www.whzjjz.com
www.jinantianqi.com
t53.ztzt.us
motivacional.com.ar
backworth.co.za
netenacegem.hu
lavinyam.com
fob.blip.pl
stampfl.wop.ro
www.68001.cn
www.vibmro.com
andrzej10.digart.pl
zany.puk.ro
goinfre.wop.ro
sostanti.puk.ro
vip.7cl.cc
whity.netau.net
www.outdoorsklep.pl
earth-seo-bookmarks.info
geneeslijk.puk.ro
olumpezeshki.ir
www.gzsnkj.org
z4.laomo.cc
wtgz.k3y3.net
eqnaiti.bloguez.com
buftea.olx.ro
daniex.info
chubs.puk.ro
40777.cn
katalos21.eu
avcover.info
okselstu.wop.ro
virtualcar.it
demo2.cz
bainetspa.fr
uscgnews.com
creativehead.info
love.52admin.net