www.xrwlz.com
nurturemybody.com
rkaf.210000.org
juno-flowers.info
tallervirtual.com
cheapemailservicez.info
thisiskushdvd.com
procarcare.com
ciss.wop.ro
qiyi365.info
iroonimarket.ir
52apple.66rt.com
www.jiesi.net
452598814.qzone.qq.com
www.xiaoqingtz.cpanel.my
loanin.wop.ro
realmobilemoney4u.com
moto.zol.com.cn
zvcd.210000.org
dusha-loca.co.il
cmer.265link.com
amikaaaaaaaaa.hyves.nl
bss.blip.pl
cytick.info
tces.co.in
antesipere.puk.ro
ty0i.qiwen5.com
aspq.210000.org
st-minver.com
jsnlcowl.blog.mongenie.com
buehl.de
aladdin-kociky.sk
rospil.info
awesometees.fr
clubpremiere.com.ar
mjair.net
offshorewealth.info
ducros.info
aniota.info
text-gold.de
rec.su
stv.ne.jp
wangubaoguxibaoxfy.1168.tv
stattracking.info
igame.com.mt
88ree.com
sajlent.soup.io
autokert.109.hu
alidaa-alwatania.ma
ccyl.org.cn
saurus.info
tanthaibinh.vn
www.tianmao968.com
dynacel.co.jp
multiky.ru
euclid.mc.edu
mybirdfeeder.net
aburae.wop.ro
uksmobility.co.uk
czyqh.58.com.cn
www.kunmingcc.net
bardon.edu.pl
www.bet5880.com
oa.jxbgw.net
ki.ki
sbln.nfdy.net
denkspiele-online.de
salderingen.puk.ro
aerisdirect.info
axonsystem.edu.pl
imsec.ac.in
palgn.com.au
rella.puk.ro
koukaijo.wop.ro
www.phpyo.com
hinrichsen.puk.ro
deine-zukunft.net
snoren.wop.ro
fengshichugen.1168.tv
derangedrecords.com
www.nanrend.tk
cheapinsurance.com
muggi.puk.ro
www.ri1b.com
donr.nfdy.net
hiyoutaikouka.jp
registry.eu
longtermcare.gov
extremeelements.tv
slimsport.pl
juancong.com
furtivement.puk.ro
lovekino.tv
respage.com
netguide.fr
baglett.co.za
adam4adam.tv
braggiot.wop.ro
envilecer.puk.ro
planeta-kino.com.ua
crowdin.net
mbtf.210000.org
auker.wop.ro
akendewa.net
mg-allmendingen.ch
musiker-koeln.de
isdh.265link.com
englishtourdutranslation.pk
terra.com.ar
crete.puk.ro
benin.lap.hu
pprn.pl
bookmarkfire.info
baranshop.in
dupez.wop.ro
betscorner.com
mela.wop.ro
19gc.qiwen5.com
ysmfczd.78.cn
omsyn.wop.ro
hebinzhicheng.com
plaquiez.wop.ro
felesteen.ps
k-tai.infoseek.co.jp
down.55.la
custamo.com
arcula.puk.ro
scbb.ch
studiofly.net
3w1.eu
kuo-2775778.com.tw
ewik.flog.pl
www.lanqiou.info
www.1yang.net
aol.cl
cryptous.wop.ro
nombre.wop.ro
stukbreek.wop.ro
cegal.es
911lifeline.org
avsese.info
brygga.puk.ro
hmforces.info
internet2.edu
98-custom.com
www.meirongzhengxing.org
banjar-jabar.go.id
bullterrponyva.hu
data.gmu.edu
52579.dealer.it168.com
inspiracao.com.br
webjunk.info
tzjcxm.78.cn
diro.ws
cmtjm.78.cn
www.iphone-cloud.co.cc
webpet.nl
data.owni.fr
868628.com
tremer.wwwwww.wop.ro
qinrun.org
2108.kiev.ua
gogreecewebtv.com
walking-dead.fr
www.jd3j.com
expressiole.info
poker.pmu.fr
snobb.wop.ro
www.ciip.ch
16licai.com
tarpato.wop.ro
natureforkids.net
unixhostingz.info
bsdforen.de
jungleseeds.co.uk
bonybony.cz
gratismuziekdownload.nl
lithosol.puk.ro
n9hua.net
biyou-seikei.cc
woltorfer-landkrug.de
cosmo.kz
chachala.com
www.sajko.se
mankan.ojaru.jp
otoku-navi.sakura.ne.jp
xxl.pp.ua
linkscr.info
abifinance.pl
ttkt.nfdy.net
supercheapstores.com
cuvant.wop.ro
b.8x5x.com
niebieskalazienka.pl
www.emuzeum.hu
uncloudi.wop.ro
a2.ee55.info
muzyka.57.pl
b2i.us
skedge.me
sonnenkraft.com
cawaii-hs.net
www.sex99tw.com
76333.net
www.craiglist.org
railcorp.info