sun0769.com
5hk.cc
namena.wop.ro
www.csganxi.wanye68.com
www.yumingcheng.cc
lutong628.fyfz.cn
renewablemedium.org
ogame.tw
www.gdkendo.net
boxedcss.com
zajezdnia.blip.pl
prijszoeken.nl
wheam.wop.ro
mechanizations.puk.ro
se.888ke.com
www.678eee.com
www.azleg.gov
skedaddle.puk.ro
busportal.pl
www.xafk120.com
www.52rd.com
beahoogland.hyves.nl
saruya.puk.ro
vica0430.fecsegj.hu
jingulianj.1168.tv
678link.info
cropsites.com
aftb-oscip.org
sodrofa.co.hu
estamental.puk.ro
spicesonline.info
yrcedwzp.blog.cz
nesttag.info
gjest.puk.ro
hi668.net
www.zgqt.zj.cn
fgxne.78.cn
fz168wd.com
xfmaya.info
easylikethat.com
limpiezasrubiosl.com
mikelonis.wop.ro
linktransfer.info
kimdahee.com
cc-tinho.gicp.net
www.brw.cc
darazs.wop.ro
www.agrofama.pl
ocubezpieczenie.pl
iref.nfdy.net
pakk.puk.ro
xxjy.52admin.net
synovitis.puk.ro
shop.ecidu.net
linkrock.info
4njd.k3y3.net
xjszgz.78.cn
www.ekszerkozpont.hu
www.dyman.net
www.zjjsxz.com
tw-battleu.net
www.mnxzj.com
1planet.info
www.jbteens.net
casan.com.br
juancong.com
fzf.com
statas.lt
ast-blog.de
yeb2b.com
toquebella.com.br
grude-online.info
www.cece.hu
jisko.org
www.mcb.tw
www.lbqsj.com
reaunion.org
toeitika.puk.ro
ip2domain.net
historyfliks.com
www.free.de
xbdy2008.spaces.eepw.com.cn
benmouch.wop.ro
expresspackageplus.com
lolis.info
vwia.nfdy.net
portal.kt.hu
lapmangfpt.biz
trendstore.dk
www.netty.cz
pcw.it
tp.piba.cn
gpc.edu
toptalents.ro
www.f2688.com
seminegro.puk.ro
sem-seo.gz.cn
hassibahbah.info
mclaughl.wop.ro
www.91q1.com
interpoleerde.wop.ro
terrasolusi.net
wlecce.it
www.toto258.com
soutikou.wop.ro
bonniershop.dk
mep5.nfdy.net
btbsse.com
suretish.wop.ro
1net2.com
www.ospa.es
23rt8.gn2012.com
aankeft.wwwwww.wop.ro
2938.ir
chinaibi.cn
dobradieta.warszawa.pl
bcotlghlz.blogerzi.com
doublemedia.net
jegyelovetel.hu
jeparafurniture.com
jhkcrejiee.freeblog.hu
zizitsu.puk.ro
lanexa.wop.ro
llrenti.info
mojenoclegi.pl
mtv.pl
nuestronombre.es
pastarito.com
sewmv.info
shov-shuv.uz
m3-e30.at
newcisco.info
internetsatelitarny.com.pl
trannhom.vn
9tv.ru
wesoho.com
www.myjiaan.com
omsyn.wop.ro
yesvpn.org
dickwu.com
yardflocking.info
linkadvertise.info
www.evida.es
meiman.ilanbnb.tw
56tori.com
www.bancentral.gov.do
ksturow.eu
parodierais.puk.ro
edelobst.puk.ro
szming83.cn.alibaba.com
www.stat.tj
www.wiqvod.com
www.7k7khhsh.in
sndx.nfdy.net
olumpezeshki.ir
6xrw.56dvd.net
cr.jogger.pl
jinsoku.info
www.2lis.com
domesticquest.info
aatouch.com
ilovekolkata.in
lvcorsetti.pl
noticiasdamoda.com
anzhuo.cn
marcatur.puk.ro