khapk.com
dehir.hu
nzbserien.org
hinrichsen.puk.ro
prasa.pinger.pl
insd.bf
www.0004.biz
bellum.puk.ro
yooxgroup.com
www.kmlg.net
www.bosup.info
www.anzhuo.me
pkobp.pl
aringen.puk.ro
ondroid.info
plomarinews.gr
www.93wx.com
cableopticaldigitala.9see.info
www.sjhuayi.com
pnb.uz
badguys.hyves.nl
xianning.117.cm
dempa.wop.ro
1jz.com.cn
browamator.pl
sachen.wop.ro
spam-seo.info
blumex.poznan.pl
xiaomi.hk
wmr.flog.pl
princeag.kaskaden.wwwwww.wop.ro
symphogear.com
myi.digart.pl
anindes.bloguez.com
www.openwebdesign.org
www.anny520.com
virtual-identity.net
www.funshi.org
aspick.wop.ro
ramadaniat.ws
3ji.info
xaros7.gr
sztr.cn
getupfte.puk.ro
mario.ec
christianlouboutinuk.ckxn.com
ulju.210000.org
allsochi.info
pijarukoksu.blip.pl
axa-polska.pl
celava.wop.ro
www.dz138.net
planet.dokuwiki.org
lefh.nfdy.net
skoedecentret-bolighandel.info
watch-marina-abramovic-online.blogspot.ca
www.zmvpn.net
hsj.prv.pl
lte-anbieter.info
zajezdnia.blip.pl
chachala.com
stilizz.wop.ro
crcom.fr
usfitness.com
eminem-relapse-2009-album.blogspot.ie
lisek.blip.pl
blog.hellopad.tk
www.xchat.pl
gresbuis.wop.ro
www.motocms.com
www.wenzhomaoyi.com
mof.gov.vn
seokurs.biz
tophostingwebsitesz.info
lelaluxe.com
e-direct.info
beschimpfung.wop.ro
cubeworld.co
clubnet.pl
pluspol.info
sztukarnia.pl
www.mbabuy.com
althoztorg.ru
the-maltese-falcon-full-movie.blogspot.pt
sewmv.info
5iwuhu.com
www.intrel.cz
prwv.info
3g.i139.cn
acswebinars.org
hkirscout.org
ravensbe.puk.ro
www.nynclb.co.cc
fajowe-gry.pl
skboy.wrzuta.pl
www.3ead.cn
qingfo.com
ludowezabawki.pl
www.021026.com
alio.lt
bookmark1.org
micropatron.nagesen.net
unlimit.co.il
tvptv.com
plextoramericas.com
gekwotis.puk.ro
www.x789.com
begood.vn
cityofthornton.net
zainawan.page.tl
ilike.cz
ifindez.com
uitstal.wop.ro
atehenmei.com
vulgarisert.puk.ro
cajuns.puk.ro
2no9.k3y3.net
dwu.blip.pl
966p.com
qasdgw.osa.pl
mytoplist.gen.tr
it-notebook.org
remanded.wop.ro
websiteslike.org
pokerkellek.lap.hu
bookmark.ba
ginou.wop.ro
jinxiaqingsu.1168.tv
csstemplates.net
nuovaelettronica.it
ctf.digart.pl
zijqwiatz.skynetblogs.be
www.sigmans.nl
300mpg.org
wp.apbest.info
agrarfin.wop.ro
zumaya.wop.ro
qbo1.210000.org
www.maglod.hu
attorneydirectorydb.org
tt.5aw.info
3l51.com
krenn.wop.ro
a8e301.wooee.net
a9a9a9a9.taobao.com
aanvoegi.puk.ro
news.liao1.com
aaschool.ac.uk
aatfoeljs.puk.ro
aaugymnastics.org
aaxxx.soup.io
aazmok.com
ab80963089.cn.alibaba.com
abaadboom.com
abacist.puk.ro
abalardi.puk.ro
abante.puk.ro
abash.puk.ro
abasto-shopping.com.ar
abattrais.puk.ro
xawesaa.webs.com
abbb.ru
abbigliero.puk.ro
abboiler.com
freeanimalporndb.com
abbracciai.puk.ro
abbye.wop.ro
abdrivers.com
abekku.puk.ro
abflusses.puk.ro
abgas.puk.ro
abgeboge.puk.ro
abgefass.puk.ro
abgerackert.puk.ro
abigauss.de
abit-tools.com
danatu.wop.ro
abjuncti.puk.ro
abkehrendes.puk.ro
ablative.puk.ro
ableiten.puk.ro
abolirais.puk.ro
www.kkkbz.com
abolito.puk.ro
abonnent.puk.ro
abonwa.puk.ro
aboutwebhostings.info
abowow.com
abrackerndes.puk.ro
abrahams.puk.ro
pzu.gorzow.pl
abseilende.puk.ro
abwechse.puk.ro
abzuholen.puk.ro
abzuloesen.puk.ro
abzutrocknen.puk.ro
ac-poitiers.fr
www.elettricitta.it
ac.com.pl
ac.pconline.com.cn
acadamey.puk.ro
academe.puk.ro
academicwritingtips.org
acanthio.puk.ro
acbj.com
accepa.com.au
lunatic.elk.pl
acceptin.puk.ro
accepts.puk.ro
acclinal.puk.ro
accoucho.puk.ro
account.weibo.com
accrut.puk.ro
acculiez.puk.ro
ace-mat.deviantart.com
ace.nsw.gov.au
acerenza.info
acetarious.puk.ro
acfli.webs.com
acharnons.puk.ro
zgred.pl
achaz.puk.ro
achefshelp.com
achehnes.puk.ro
acheter-fan-facebook.org
achi.puk.ro
achilianu.ro
adcon.wop.ro
admin918.com
admirent.puk.ro
admitedl.puk.ro
adn24.com.ar