tetubo.blog.so-net.ne.jp
xixidieyuan.com
chamaesi.wop.ro
wow.178.com
juancong.com
www.62idc.com
infoacademy.net
wmcasher.ru
www.bcso.net
xxxkug.wop.ro
hoatamkorea.info
unwig.wop.ro
elizabethbanks.com
globalprice.info
hupan.net
puredata.info
mipaja.es
jtwa.210000.org
berechnetes.puk.ro
966p.com
iwaslaidoff.info
www.hukoubenyb.com
sarkand.asia
www.ai3j.com
guihuaxiang.com
xemphimcap3.info
www.webtruyen.tk
texu.qudao.com
www.kmlss.gov.cn
gild.puk.ro
twitblock.org
cognement.puk.ro
tuzvedelem.lap.hu
eastend.pl
light-building.eu
firstonline.info
59yyy.cn
frenchkissrecords.com
cicku.me
hewo.210000.org
lublinmapa.pl
thelalgi.puk.ro
jepg.blip.pl
www.eawag.ch
besuccess.com
alexanderhof.com
88szs.com
idoktor.info
www.xmtoo.com
bocai6699.com
www.zj8886.com
safe24.pl
toprural.de
reunie-bolsward.nl
dimipro.fr
ykp5.qiwen5.com
tao.xiaoyoyo.com
squashgame.info
geheimka.wop.ro
nuss.56dvd.net
2bicycles1world.ch
5peixun.com
pagearticles.info
bmw-joy.com.cn
gosss.flog.pl
deco46-l.petitlife.net
pornobigtv.info
52u1.lizhidy.net
ultimahost.pl
beanbagbazaar.co.uk
st-minver.com
www.ceodh.com
pfaehlen.wop.ro
stiffnec.wop.ro
mpmp.nfdy.net
o-k2.com
www.broekland.nl
penedofm.com.br
agataa79.polki.pl
zyjf.zhuxian2zt.com
ysvh.nfdy.net
www.53z7.cn
www.maskr.in
iu45.info
www.kidprince.net
devid.info
www.rf.hk
wasd.ro
modne-suknie.pl
komlek.com.pl
www.1ksns.com
gizmodo.pl
oster.keep.pl
91porn.me
www.ady69.com
gloriosochicago.com.ar
suendigt.wop.ro
1net2.com
karhuize.puk.ro
omosiro.info
trasportoeuropa.it
tp.59jj.info
wmtyme.digart.pl
honghuo8.com
cawaii.in.th
www.amazon.co.jp
surestimera.puk.ro
prwv.info
www.mxgled.com
hxjy01.cn.b2b168.com
rentacar365.com
limingming.66law.cn
burs.puk.ro
dru.pl
footballz.org
naprijednapocetak.blog.hr
chirurg.pl
www.vgr100.in
pornbookfree.info
fmxuan.com
accordions-shutters.blog.hr
rod.se
khb.kameromania.pl
kravfitnow.com
v.0351nv.com
approvav.puk.ro
naanad.info
bvcoe.info
sampan.puk.ro
bezwadde.wop.ro
czestochowa.us
dominos.jp
reflection.pl
www.tmgov.cn
builtinchicago.org
artevoce.com
www.1200.co
wardens.puk.ro
trans-proof.co.uk
g-style.dengeki.com
www.nunes.nl
cityhealth.me
virtapay10paypalconverter.blogspot.com
uggbootsclearancex.com
www.drv.nl
thirtyhandmadedays.com
direct.co
samygo.tv
sc4trio.com
khodroweb.ir
election-day.info
hokugan.wop.ro
floresti-cluj.info
www.eeee.com.cn
alazhar.edu.ps
www.chinaqiqiang007.com
blog-sadomaso.com
rubbertube.info
entopic.puk.ro
sklep-notebooki.pl
senete.wop.ro
polaris-systems.de
0000ff.net
jurnal.md
liehai.com
ugksoaxr.blog.cz
progman.pl
kom-club.org
alacourt.gov
gddkia.gov.pl
kutyas.jatekod.hu
jatekbox.hu
przyroda.org
zs.91.com
digipool.info
home.qdn.cn
mejker.pl
analizy.pl