www.kkdyw.info
www.avnyzj.co
wunderne.wop.ro
ompookan.jp
sponplat.puk.ro
abcportage.fr
hupan.net
www.yjmm.net
uggbootsclearancex.com
kyougijo.puk.ro
studia.no
hebinzhicheng.com
4ddianying.info
atehenmei.com
dicavit.info
winepromise.net
felvidekivarak.lap.hu
zurcidor.wop.ro
chuaizhe.com
ccftn.com
naggy.wop.ro
kateghe.wop.ro
23055000.ir
forumi.dervina.com
greenpeace.de
contexti.puk.ro
latigueo.puk.ro
bxzcw.net
poco.blip.pl
bidian.net
cardif.fr
chengdu.100che.cn
kom-club.org
theater.ir
kvinnene.puk.ro
sinusita.net
irad.fm
emcmos.ru
www.hpbyte.ch
lisp.soup.io
guihuaxiang.com
carlbrandon.org
www.huantai.net
heiyh.net
nison.ru
xixihuafu.com
albiazules.es
www.ldl120.com
maley.wop.ro
yendi.wop.ro
aies.210000.org
keast.wop.ro
tibet-dog-forum.de