jheel.wop.ro
ainix.co.jp
mocotyan.blog.so-net.ne.jp
game.qq.cc
ioc8.k3y3.net
www.olaszkert.hu
www.netlab.dk
js2002.hyves.nl
tahvel.ee
bellard.free.fr
wiki2buy.com.br
lavan.wop.ro
abihud.puk.ro
74vo.210000.org
ogerente.com.br
www.kapnah.nl
muzafa.com
23055000.ir
afmatten.puk.ro
cryptoparty.org
bbog.nfdy.net
tadalis.name
www.hit.lv
montana.edu
byy55.com
pw.rptop.net
mee.nu
gjess.wop.ro
www.serika.biz
infraero.gov.br
aandraafden.puk.ro
tiratira.puk.ro
helium.co
usigroup.org
kabaretki.eu
wg1e1hda49.b2b.hc360.com
66bb.com
xxbh.net
andre.muit.eu
www.168pz.com
jiujutsu.wop.ro
erriko.it
norman.no
iranmicro.ir
owney.puk.ro
iie.org
aap.com.au
tolkiensarda.se
elima.tel
kefallin.puk.ro
www.argus.nc
www.psion.hu
sn08.info
cholerae.puk.ro
www.xenke.com
inoculio.wop.ro
thongdiep.org
uitspraa.wop.ro
hasshino.wop.ro
guihuaxiang.com
www.cnsae.com
postcount.net
bk.pps.tv
xakepok.su
spydersearch.de
rhinopub.com.br
stream-movies-free.blogspot.mx
ngocha.com.vn
pictime.fr
ueda-web.net