codeisart.ru
hexabyte.tn
rvonthego.com
monetgroup.com
teleadreson.com.pl
scrapeboxclassroom.com
wcu.edu
lxbv.qiwen5.com
kojinjigyou.net
multiplyyourmoneyonline.net
amrum-wetter.de
loksim.de
super-mag.com
cqc-0ya310.diandian.com
siriusweb.com.br
ltgtr.in
trafex.info
marketingformulapro.com
plumen.com
sesexxx.info
tnlkbpqve.blog.mongenie.com
kafeidou.sinaapp.com
njcts.com
preventionmag.gr
maxbupa.com
art-cool.info
ns-support.com
edgeworksent.com
www.indianerweisheit.de
hynesva.com
tribuzig.com
nx6868.com
propylac.wop.ro
jeehee.com
soft.job1001.com
all-escorts.net
cnjx.cn
odus.210000.org
assoe.it
huoyunren.com
www.leshi.me
physicians-academy.com
cpk8.com
cwpw.265link.com
icisleri.gov.tr
40somethingmag.com
www.2345.com
indiaretailnews.com
suzhouhaosheng.fdchs.cn
zaman.wop.ro
pays.wop.ro
vandaagopstap.nl
movoto.com
sumerkisaga-rassvet.ru
tabu.origo.hu
actualitesduweb.com
antee.cz
puppyrzyce.pl
html5gamedevelopment.org
traffickahunarobot.com
basketdergisi.com
tezet.nl
blogbiznes.pl
viewdomainstatistic.com
brandlabs.us
sxhbw88.com
4087.info
wrigley.com
cameracanada.com
aankeken.puk.ro
edetik.com
aeropuerto-maiquetia.com.ve
vip.tq.cn
vvkhq.com
niloo.fr
carbon-card.ru
2011fm.com
socialphrase.info
xiaosongjia.6188.net
green-links.info
extremejobs.ca
lamusicarumbera.blogspot.com
wysc.info
cytopathnet.org
therealrevo.com
jugadorka.com
pekoe.wop.ro
xiao.lu
marions-les.com
diy-buy.com
mixtime.ru
housebuildingcollection.com
tuinmueble.com.pa
mikebowler.net
memiana.com
stelladeoriente.net
xnxx.com
juancong.com
www.lbqsj.com
devstore.it
zebreizen.nl
www.levente.nl
wikidult.com
www.graefe-kiez-online.de
www.9637.com
www.qzbyw.com.cn
www.happygames.me
jak.cyp.cz
fatcatblueprint.com
sevener.free.fr
www.86qp.net
cuacuonnhom.com.vn
js2002.hyves.nl
navicms.pl
www.hv51.com
gedreind.puk.ro
my-selen-dar.ucoz.ru
sidandsally.com
sccq.net
www.hbsoft.net
penguicon.org
unlockjailbreaktool.com
unfv.net
draytek.co.uk
www.xinyuqj.net
luisprada.tumblr.com
www.cr8.cz
www.dzrxwl.com
www.qdsgnk.cn
consciou.puk.ro
fdcpl.info
iklankomplit.com
donyaydl.com
piptid.ru
meybodtile.com
tamaken.info
chexing.net
rwyz.210000.org
landrover.co.uk
avengeful.wop.ro
www.xiaoyaokj.com
sc.bns.lt
kva-kva.ru
wikilima.com
sillasderueda.com.mx
foodhub247.com
hd.pchome.net
yeyour.diandian.com
unknownworlds.com
oxidmodule.com
dokclan.cba.pl
period.co
www.vri.dhamma.org
zupimages.net
112888.net
softcoresirens.com
gailrodgers.ca
www.xinshiyy.com
stull.wop.ro
www.delsin.org
pornsis.com
www.jsycyz.cn
www.qyrb.com
cafe.daum.net
www.25768.com
snaresocial.com
ilga.gov
coordinadora.org
www.blz.nl
www.care2.com
www.qimiyingshi.net
ncjiyou.cn.alibaba.com
articlechronicles.com
6seo.org
uygur.cc
www.verwen-plek.nl
onghamar.org
thompsondockside.com
www.emalog.hu
www.23fanli.net
gock.me
richardkmiller.com
www.qpdkw.com
lichtwac.wop.ro
jf19ans.com
bandungboy.hyves.nl
quelld.puk.ro
gafoto.pl
piratestripes.net
www.goodo.info
novosaires.com
inhealthcare.com
yes088.com
hk12.tk
mundotecno.info
projectcyw-d.org
nikonoa.net
tatweer.edu.sa
fanfueled.com
kabusoku.com
gossipall.com
triberg-fewo.de
avivahealth.ie
navegapolis.net
www.10s1.com
weare1.info
agito.flog.pl
blogs.ma
larswegink.hyves.nl
lesherbiers.fr
claimjumper.com
elitexp.com
limity.tv
workathomeprofitcenter.net
underlakare.se
rightmark.org
diver-sant.ru
johankoegelenberg.co.za
kissmyproxie.info
zvyq.210000.org
htyk-bj.cn
kiatnakin.co.th
seimen-hoshikawa.co.jp
pnf-usa.com
nhsfunfactory.com
organiclinker.com
xtend.co.nz
businessinfo.cz
houssein.wop.ro
rv-studio.pl
filedesc.com
mmm789.com
newcolorado-club.com
bynio.pl
www.uzfushi.com
shoppingbags.blog.163.com
www.666nv.com
www.12471247.com
disserr.com
gaursonsindia.com
www.bjqwwh.cn
arizonaduilawyerz.info
bbtmagazine.com
newcyberian.com
adnec.ae
audiointerference.com
eingeles.wop.ro
www.xfedu.cn
www.rhwj.net
qqsong.com|www.shbz.com.cn|foop.tk|nyny.wop.ro|vest.nfdy.net|wwcikvizm.freeblog.hu|www.net-china.net|tlcnevjjt.blog.mongenie.com|ecalelite.com|teishu.wop.ro|edh-ev.de|weitersc.puk.ro|kyanion.puk.ro|suzhou.51chudui.com|malac.linkekneked.hu|www.ok9080.com|pogodba.net|mossig.wop.ro|doctrinaux.puk.ro|zjzkbzjxyxgs.wenju.biz|shoushi001.com|www.shuo5200.com|www.dakeyi.net|zknw.nfdy.net|winemax.org|ypbb.nfdy.net|cyzm.nfdy.net|uvum.nfdy.net|www.essiw.com|883v.k3y3.net|mksn.nfdy.net|www.hnxinke.com.cn|tjfr.nfdy.net|www.ura-akiba.jp|1vagonka.ru|kamila69.a-liveprivates.com|www.808ys.com|boxer-vom-schatzkaestlein.de|luenk.wop.ro|coi0.nfdy.net|gsus.nfdy.net|www.gz-baiyou.com|675t.nfdy.net|news.gpxz.com|www.xunweicn.com|i8ic.lizhidy.net|iwenthungry.org|www.59cn.org|malier.wop.ro|ryuk.265link.com|itaru.wop.ro|cglm.nfdy.net|mkxp.nfdy.net|8923.nfdy.net|argaya.wop.ro|www.hdjiaoyuxinxi.com|www.zgc.gov.cn|www.lanfc.com|fotofrog.net|chrissiecool.deviantart.com|clps.nfdy.net|my-led.cn|www.bizun.net|osyaku.wop.ro|www.07qccg.com|www.rawan.in|nbxhkj.com|www.21shhr.com|qlmrc.net|0pzo.k3y3.net|eizr.nfdy.net|www.zdor.cn|icamtech.net|ilpg.k3y3.net|nvsv.nfdy.net|you.xiaoyoyo.com|rendu.wop.ro|www.dd378.com|aw60sdf.seesaa.net|kj6o.210000.org|6h1122.us|1818kj.com|tsmn.nfdy.net|www.zgjiageng.com|java-admin.iteye.com|octuor.wop.ro|hflz.nfdy.net|ykdljrbnai.blog.mongenie.com|www.iqio.org|kzoufdfkol.hexat.com|spueren.puk.ro|www.yjlfy.com|rffa.org|www.hongfuyuan.com.cn|wvryddzcth.blog.mongenie.com|e379.net|yu2.net.cn|fehg49.deviantart.com|orlate.wop.ro
themesnap.com
osu.ppy.sh
haisenat.wop.ro
geotim.ro
brynnswim.com
taqvo.com
kingsonone.com
www.b19fym.pxlnet.info
k9un.210000.org
winterpark-willingen.info
selffamous.com
servindi.org
bdvl.210000.org
www.qqouyu.com
procommu.puk.ro
benghazi.edu.ly
foolcars.com
thegospelhiway.org
bureauveritas.com
saxnet.ch
i2ilabs.com
songnho.xtgem.us
tripomatic.com
enuf.com
www.shop-51.net
www.zixuegolf.com
karazoku.com
www.cy222.cn
remmonmethoar.puk.ro
propositi.wop.ro
bogamedikal.com.tr
yzq1688.com
www.xici.net
16nf.info
www.cs2sc.cn
lwam.qiwen5.com
cheeseboardcollective.coop
banners--broker.info
jfbt.210000.org
pixiv.cc
breo.com.cn
sweethome3d.com
szkoda29.pl
canterburyca.co.uk
dongfeng-citroen.com.cn
uluci.info
silahoyunlari.org
bek.91yao.com
meridian-express.ru
educom.ru
govolo.es
dulich-sapa.info
iurs.210000.org
www.ilm.ee
openbsd.nu
www.logona.cz
hostingfaq.btblog.jp
mutian.info
movie-download-portal.com
jrxr.qiwen5.com
www.pinganbh.cn
www.wurft.nl
zest.anyany.net
imt6.com
hs-heilbronn.de
jc-story.de
gateway-worldwide.com
janbari.tv
sarussia.wrzuta.pl
travelaxis.org
latinchismes.com
2lw9.qiwen5.com
mxyl.nfdy.net
ryougae.wop.ro
115le.com
panlog.com
vivian-s.jp
outoshou.wop.ro
www.ccc990.com
rewadsmalls.com
help.hc360.com
2awt.qiwen5.com
www.pcworld.fr
es-asp01.com
jobme8.com
linkin-park.ru
carrom-giessen.de
ochkarik.ru
sehndeweb.com
subjekts.wop.ro
ethemis.gr
adless.wop.ro
elchelako.com
www.cnhl888.cn
www.ssczw.com
www.toupiaogongsi.com
95598.yepg.com
yardsalesearch.com
maguti.wop.ro
9603316.371.net
www.jianfei.net
zhongjpad.1168.tv
nere.wop.ro
www.youxi5.com.cn
www.hokkoku.co.jp
moifiles.com
www.guizupet.com
shirdisaibababhajan.org
s-ter.net
link.55.la
unbefangenem.puk.ro
want-a-motor.co.bw
4mukla.net
iqianduan.org
eflclasses.org
jha-kansai.com
darst.puk.ro
globalriskjobs.com
pwc.ru
linkdar.ru
robney.puk.ro
www.whsysy.net
ceednet.org
niunn.blip.pl
cyyt.210000.org
www.wohenmang.com
jmck.info
isctravel.com
342w17.n030.cn
kisber.ingatlan1.hu
livingthedreamrtw.com
www.free001.net
www.cp3319.co.cc
nusports.com
wep-kodlari.tr.gg
www.hominggame.com
vnwx.265link.com
akhwien.at
6hcbw.com
cursosonline.uol.com.br
konradbarista.digart.pl
smartoffice.jp
norcalsys.com
softwareutilisimo.com
hurryup.nl
lloydslistintelligence.com
osvr.nfdy.net
q42t.56dvd.net
kejpa.wrzuta.pl
nokiagrowthpartners.com
eersteco.loofas.phractamphibia.wwwwww.wop.ro
2xfun.de
hvrv.265link.com
weifangkuxun.qiannan.org
saulpaul717.bombog.com
bfu.bg
darhotwire.com
sabin.ro
kickassvps.com
cine-online.eu
saeed1390.blogfa.com
www.5dy.com.cn
senwang.info
daybyday-pro.com
katakuna.puk.ro
www.zcha.net
car365.org
i4hc.qiwen5.com
frontpagefreebies.com
dreamstudio.in
news352.lu
fjaler.origo.no
hirlevelszoftver.lap.hu
0z81.k3y3.net
skolepik.puk.ro
www.qimingxing100.com
hybz528.com
www.viagraonlinews.com
javagame.sms.vn
globalmapperforum.com
www.ysp.gov.cn
glidewel.puk.ro
ukapu.org.uk
new-york-shirts.net
ilovewindows8.com
www.9990pao.com
w.wang9.info
fullfondos.com
mt-web.pl
seoinsight.org
barcelonaitu.com
yiccc.net
dom-dacha.info
holyclothing.com
be2.cz
maknik.info
videoxxx16.info
jcrb.com.cn
thetvmegastore.com
catchlink.info
paulina5230.wrzuta.pl
sd.yuloo.com
surner.wop.ro
www.90420.net
www.everhost.nl
izyj.qiwen5.com
ua22.qiwen5.com
www.7y6y.com
ergx.nfdy.net
medvehaz.ro
ludiled.com
lpzbjdkfn.skynetblogs.be
jdzscq.zz.hntcwl.net
ustec.com
www.chosowa.pl
www.leiyu88.cn
blog.xuming.net
timreidtattoo.com
sl.co188.com
www.dlwmw.net
maldonit.wop.ro
0314.1775.cn
suzhouubuding.fdcez.cn
kaijiayongshi.973.com
iphone-hacker.com
at.rs2clan.net
latep.wop.ro
sindbadbookmarks.net
nienaniby.digart.pl
sgyy.cn
mammagalan.se
resortquestfortwaltonbeachvacations.com
globtech24x7.com
tomby1000.com
vingerringen.wop.ro
kytephone.com
lbcb.210000.org
ronaldoattack.com
anquye.in
argus.md
www.jn250.cn
ctlgkbrs.wapdale.com
yepcheck.com
atomicbytegames.com
ibragimo.puk.ro
mojataubavagradina.mk
www.bct19.com
nandp.co.uk
www.xincto.com
www.yunyu123.com
roberts.digart.pl
tim-porzelius.de
hr.t.sina.com.cn
qiqiang520.com
www.xggyhq.com
mrchou.com
colander.wop.ro
ch3nutrigenomics.com
aulashospitalarias.es
vtew.265link.com
socialtag.info
sexy-suchen.com
killduff.puk.ro
serialdate.ru
dwgou.com
rafe.wop.ro
www.hongjiaoedu.com
allonym.puk.ro
bheer.wop.ro
duffie.puk.ro
qcmp.nfdy.net
npomedia.org
botre.taobao.bj.cn
fuwari.wop.ro
add99.taobao.com
popwebdesign.net
afroasian.puk.ro
navsoft.in
adult-ash.jp
www.nvjdfiddis.com
zonaenduro.ro
www.szmbajl.com
kaban-love.com
youtoyou.fr
sgmihu.com
nekoism.blog.so-net.ne.jp
topin.travel
motoclubextreme.com
sww6.com
68web.net
forum.rflebay.com
rpv9.qiwen5.com
prwom.com
desora.com
oca.ru
teamworld.it
www.xianden.com
ychol.com
zibi.wop.ro
wunderne.wop.ro
revish.com
friv.info
www.dlcoco.com
childrenshospitaltrust.org.za
gushingn.puk.ro
zgx6.qiwen5.com
sonepar.fr
www.6mm.hu
www.71919.com
ogrodnictwa.pl
psiaki.prv.pl
jasonomahony.ie
artes-marciales.info
goodsmileasia.info
www.805222.com
shop.b2b.cn
privatimmobilien.at
www.ygsh.cn
ysmart.co.jp
gunumuz.com
law.shangdu.com
taizhou.qd8.com.cn
hk.jrj.com.cn
klopik.com
bicyclejustice.com
songline.jp
www.zhonkai.com
www.pastled.com
soc310.naturum.ne.jp
med-magazin.com.ua
tezeusz.blip.pl
tz.jwl.woniu.com
www.beautyline.com.cn
expressloon.info
kyoudou-kenzai.co.jp
gouwulink.com
bee4.biz
linux88.info
women-over-fifty.meetup.com
katholisches.info
aquincubital.wop.ro
www.ttxyx.com
www.ydlanhai.com
neuschul.wop.ro
apartments.com.ua
cg1.fr
www.13kav.com
laimee.net
lots.wop.ro
realestateoneogmx.info
sihx.210000.org
responsemagazine.com
tvlk.info
bbcys.com
inftube.com
johokiko.co.jp
5etz.210000.org
bookmarkupyourtraffic.info
pharox-led.com
fsdaily.com
www.ahzzyy.com
bibleclassifieds.com
www.mayzk.com
mfdgi.gov.dz
p-sango.taobao.com
fabmagazineonline.com
inquiry.mingluji.com
checkcreditscoreonline.info
seibubus.co.jp
bishoprosary.org
watch-the-avengers-full-movie.blogspot.nl
www.cqrc.net
guiyangdd.net
www.chashuina.com
geo.newworldwiki.org
www.543.com
python.org.br
gizmodigit.com
ivoren.puk.ro
oscilles.puk.ro
remark.de
ya.h2h.cn
svbf.210000.org
tinysex.org
airo.web.id
befrenemy.com
vow.lighmuso.osa.pl
86pi.com
uletno.info
amilekvarunk.hu
csswizardry.com
backlinksvault.com
www.yangguangedu.net
green-case.com
114la.com
sspig.com
yougedi.net
2f.blog.mongenie.com
missions.itu.int
torokignac.fecsegj.hu
sbc.org.br
vakantieegypte.info
www.birkenstockshoes-shop.com
fasadstroy-m.ru
crocus-expo.ru
miss-rabbit.deviantart.com
taobaowalk.com
phillie-model.com
greno89.deviantart.com
www.nvxin.info
ijur.deviantart.com
www.icar168.net
zp.zuojiang.com
linedancecrazy.de
delideli.info
www.kqzl.com.cn
dlink.com.ph
eliefreviews.com
mugmall.jp
redmanc.com
www.ralphlauren-outlet.in
undergraduateinternships.co.uk
www.dianfengqihua.com
yinghan.9998.tv
www.qlzy99.com
www.jiuheng.org
www.800820.org
www.watchparadise.ru
joajanlat.hu
jilin.focus.cn
ingatlankorzo.hu
susanyu.us
bodystockingsbabes.com
zqwe.de
gaoyan88.com
pctienda.com.ve
nedstar.org
odnoklassniki-naft.info
holdemstripem.com
neo-club.hu
bjhuasanying.com
www.miccosmo.co.jp