dirheaven.net
claphamwargamers.org.uk
punny.org
newdedyk.pl
55.aiao.cn
worldisscreamingsilently.eu
topin.travel
chevauchiez.puk.ro
s960.in999.org
brandonanne.hyves.nl
iha.co.nl
npomedia.org
aviso.ci
piufan.it
tecnicaindustrial.es
hw.cz
www.wara.info
stilmasculin.ro
www.lcjrdgg.com
toobusiness.com
lorinquer.com
ppjar.com
www.sesaorao.com
injm.cn
www.lw70.com
talendforge.org
jamaicangroupiemet.com
sejie88.info
pcmax.jp
jeanlucbeghin.com
vanity.com
barracudaserver.com
indianidol.info
www.sodu.net
www.dagangjituan.com
www.31cao.com
yuji.wordpress.com
e-radioonline.com
nedstar.org
mockup.wop.ro
fatchatter.com
gopusamedia.com
rikan.puk.ro
www.666nv.com
kataloglekaru.cz
www.sysqsl.com
www.dazhongzhou.com
my-accounting-service.com
propertycasualty360.com
xxfamkexx.hyves.nl
hero.wan.360.cn
0956209008.magent.com.tw
sheok.ru
simonafano.it
grahamite.wop.ro
septette.wop.ro
www.aiwen2345.com
windenergy7.com
standardkurd.net
clairesslaves.com
ericson.puk.ro
dnsalias.net
nintendoenthusiast.com
crowsdarts.com
www.lujj.cn
bossa.pl
outaiki.wop.ro
blog.yzwb.net
smutjunkies.com
nandemoup.com
skol-music.de
apostazja.pl
wwap.yy.ai
mahmur.info
vlz.ru
cng1.blip.pl
brdickinson.tumblr.com
sexocomcafe.com.br
socialmagnets.net
toh.info
criques.wop.ro
bcphilippineslawyers.com
www.sikander.net
southbridge.de
klumba.info
myrraen.wop.ro
burjan.fw.hu
parkmobile.com
gentepasionyfutbol.com.co
aqgw.qiwen5.com
play-hookey.com
uf41.qiwen5.com
mitcmljs.5d.cn
6hk.cc
www.chinesepumpseal.com
yinyin.in
www.meimeichina.com
ventrilo.puk.ro
czarodziejskieliny.pl
app.92wy.com
www.6latek.pl
ventilation-system.com
usproxyserver.info
www.peizichen.com
5612570081.phone.searchwww.com
coolblades.co.uk
www.female11.com
danilosanfilippo.com
lespom.flog.pl
feed-directory.com
vinbo.com
multitrip.com
sheqi.cc
pitbullspr.com
josegalan.es
www.sto.cz
blog.gke.cc
taxcardeductionsz.info
motivationals.org
zaman.wop.ro
51tuofu.com
oltursa.pe
cidinola.org
www.44zy.info
kasadora.ru
websamba.com
qipim.cz
bosch-career.it
furk.qiwen5.com
articledashboard.info
twinfield.com
gajdaw.pl
lgvc.nfdy.net
webkatalog-2007.de
loopyapp.com
developnew.com
bibehoell.wop.ro
verslomainai.lt
roweryokey.pl
bt.yes515.com
cees.ou.edu
createqrcode.appspot.com
pornbig1.info
flokwire.com
indoirc.org
routinize.puk.ro
ksdenki.com
startplaygames.com
usemynet.info
ra.hg8871.com
wapw.org
versenyzes.hu
nordlicht-radio.de
babybasket.com
www.daad.de
nearlyweds.com
avisen.dk
regenttheatremelbourne.com
medlinehastaneleri.com
lodge4hacker.com
ihlim.biz
www.kanmm.in
tetraforum.pl
gileslinks.com
koyie.7ta.cn
m408.mail.qq.com
orifleim-skazka.ru
sxutcm.com
hp.md
nissei.puk.ro
sizenhas.puk.ro
rz.v2c.cn
responsemagazine.com
arcadia.co.cr
wibb-it.com
playbutton.pl
breeg.digart.pl
c.bn.cx
wordfast.net
rivercruisesineurope.net
fz.mnrc.com.cn
ogame.tw
www.zgsztq.com
mustangforum.net
sbiznes.pl
www.4676.cn
koom.ma
www.a.de
dbnz.org
18mmshow.info
marianistas.org
links.org
directorygate.info
kingston.ac.uk
sjdhz.tk
hades.wop.ro
wengosh.blip.pl
praktykanci.pl
www.gazeta.pl
mocaworld.cn
putri3.co.cc
shuaijiao.com
021idc.net
registry.net.za
www.zhuxiane.info
kuragano.wop.ro
superspamilka.ru
yue.co.kr
koszalinek.pl
oeng.flog.pl
caaa.cn
wxbenniu.com
interesjournal.ru
kohumono.puk.ro
g460.k3y3.net
www.pbtt.net
www.kuanhua.com.cn
edouga.net
topprodukter.se
satelity-lovo.cz
bekecsaba.hu
r9h.info
bardada.puk.ro
xxx12.info
doudouxie8.com
www.eyeglasssunglasses.com
google.jp
thinkwareinc.com
fuellers.wop.ro
www.jpto.4f9.org
vika-music.de
tiske.puk.ro
bepbousema.com
clubwarner.jp
www.hbclcg.com
www.lammacau.com
www.dydvd.com
adytgmyesz.freeblog.hu
rapidken.com
webnode.com.ar
www.xxys.com.cn
businesshealthinsurancez.info
887d.com
namba.kg
www.fschanglong.com
samsungapps.csdn.net
www.meitong.net
pisu.digart.pl
waihuivps.net
kolosy.pl
www.ningmenggf.com
mnogosmexa.ru
foroaviones.com
hind.puk.ro
tc.xjkunlun.cn
kukui.pl
trst.me
dylle.wop.ro
www.reupdateindia.com
projectionscreens.4vw.info
argental.puk.ro
yimiyimi.com
debarred.puk.ro
onbesuisdheid.puk.ro
bookmarksshoppingonline.info
liuliuliu.58.com.cn
mind-app.com
fragscene.csland.ro
www.wlmqsme.com
niekrytykrytyk.com
thtcpm.com
megahugebacklinksdirectory.info
adminym.com
playa-soluciones.cl
demarini.com
seleznev.puk.ro
paidbacklinks.com
www.zgclw.com.cn
www.sntlbb.us
www.syscy.cn
whxhgp.cn.nowec.com
www.ogata-jp.net
madira.com
www.chinae5.com
qunqun.asia
sklep-pomoc.home.pl
dieseltreinen.nl
boronimeche.puk.ro
0t7.info
www.yzzj.net
hotrealgirl.pinger.pl
dewf.nfdy.net
caososo.com
grabpage.info
www.kclz.org
fororecre.com
miczi007.pinger.pl
xingliren.66law.cn
www.bscsm.co.uk
futloos.wop.ro
mushitv.com
www.ghzjlt.cn
here.r.gd
grammarcheck.net
zulc.210000.org
jingulianj.1168.tv
qa.xywy.com
roothelp.pl
wcmhblogs.com
inktvergelijker.nl
stz.s.yxgz.cn
freevidblog.info
flimmerfreunde.de
essayedge.com
10983.5o5o.info
pelatihanbisnisinternet.com
www.j2.hk
alsn.nfdy.net
029hq.com
snapperzsteambar.com
avdy.net
weboldal-keszito-programok.hupont.hu
rocketinfo.com
wuther.puk.ro
www.sdzymy.cn
mac.lap.hu
778wt.net
motoros-kifestok.kifesto1.hu
aardvark.co.za
centerstagewiseco.com
cheapjordanshoes.zipea.com
www.cmgl3.com
souyy321.com
mijnreceptenboek.nl
dhl-bj.net
bk.kz
money-at-home.ru
designershoeukshops.com
www.etrades.cn
zakuroya.com
www.sapko.fi
uchita.puk.ro
ajeni.nzw.cn
car.269.net
onlineyourstuff.com
tjxhb.com
pinpai.1588.tv
adygimnazium.eu
clouboutinsalecanada.com
www.jaga.gov.cn
www.ddhhbwbc.com
newuxi.com
www.69wen.com
einet.net
portalveci.com
www.xxx227.com
1718001.com
whatscripts.com
www.app17.com
uppic.org
directdownload.tv
ritselt.wop.ro
forestfarm.com
cftwap.net
etn.nl
ksasc.cn
97mm.tk
henreki.wwwwww.wop.ro
jlnk120.com
dauerstress.de
www.netcommons.org
hainan.jzrc.net
johnmacfarlane.net
upnorte.edu.pe
www.yahoo.co.kr
faminemuseum.com
recenzja.pl
jarig.wop.ro
www.58xdjx.com
androidapk4u.com
fxauto.com.cn
www.pingjiayu.com
5ld.info
dehong.wop.ro
775zb.com
j8so.qiwen5.com
wordpressseoexpert.com
housingenergyadvisor.com
egouw.co.cc
greatmodels.com
britscapes.co.uk
carnival.efesco.com
tedmed.com
exotics24.de
twofold.com
atstsd.com
thenewloto.com
bousei.puk.ro
mononchus.wop.ro
iapss.org
www.yangmeionline.com
portal.ccnu.edu.cn
8job.com.cn
usefuldoc.info
sdxl.yzz.cn
disserr.com
atehenmei.com
dealfish.co.ug
nanonet.pl
heilsteine.info
www.kaisuogongju.com
kravfitnow.com
gyaom.com
myanmarsongs.net
feeds.digitaldj-network.com
duchess.blog.hr
www.gxsw.gov.cn
newnaracass.blogspot.com
za-isakly.ru
87thscale.info
www.hbhwh.com
acii.digart.pl
www.fishingfanatic.net
holley.com
www.mein-pc-wieder-ok.de
interventionamerica.org
foneswoo.dilatoires.portabil.lynyrdsk.rouble.klocek.loquet.wwwwww.wop.ro
konicaminolta.pl
vronk.net
scrapeboxclassroom.com
www.zgxxbbs.cn
clanptg.co.uk
saikonki.puk.ro
inrumor.com
hr0596.cn
famkroon.nl
revolutalinge.com
celebrityfansitesnetwork.com
globalshop.org
victorygardenvegetables.ca
buellton.puk.ro
pokercalculatoronline.com
exlink-jp.com
capri-technology.com
cojedes.wop.ro
gretor.eu
rentalserver.jp
www.ooron.com
netinclusion.com
scenario.in
mycp.in
espoir.digart.pl
chennai.usconsulate.gov
sentier.us.com
xxx-porno-online.com
handytick.de
r8a27.eakk.net
partycrashertshirts.com
lemill.net
wiki.livedoor.jp
kerouac.wop.ro
postdiagnostic.backstit.sonneberga.nonconvenable.folioing.wwwwww.wop.ro
pledgebank.com
www.nbjd.gov.cn
max-club.ru
mondediplo.net
malaysianbadgers.org
luisde.wop.ro
bosch-pt.co.uk
www.99aacc.com
jjwater.cn
studioproteo.net
fashion.people.com.cn
cisf.nic.in
design-notes.info
nava.wop.ro
86piju.com
www.weimeila.com
5519.tv
www.pemma.pl
smskeen.com
finalarchitecture.com
happy.jinghua.cn
ehgata.com.br
www.theons.info
arnetminer.org
www.csna.cn
rmeit.ru
r35k.k3y3.net
fastapproved.info
cassimer.wop.ro
sexoroll.ru
caven.org.uk
ristorantebenvenuti.it
dvd.jiuse.us
cleartechinfo.com
www.isuixin.net
laversion.com.mx
www.moli28.net
ambisonictoolkit.net
abierto24horas.net
20391.1775.cn
www.xxx669.com
www.baby152.com
dgdczx.net
ringbane.wop.ro
herbalwiki.org
tlcnevjjt.blog.mongenie.com
mmorpg.blip.pl
fishing-show.com
energiastrategia.hu
biz.yahoo.co.jp
ayekmedikal.com
retroussions.wop.ro
jeffblankenburg.com
chelle-ebrations.co.uk
ultrarap.puk.ro
www.haonanren.cc
19qq.tv
vivantes.de
reintji.hyves.nl
sajoma.com
heimei.wop.ro
gvt.com.br
haveyougotwoods.ca
www.qwrg.net
akulbi.net
6654.com.cn
www.chuchenhb.com
voyagemonkey.com
davis.ut.us
pel.com.pk
chinahr.com
hainani.com
mgscl2.com
bilgilgi.com
porteurs.wop.ro