travel.blog.nl
sharktank.com
makevrndavan.org
petrobest.pl
ynart.edu.cn
hellofriend.org
porn88.net
princess.cc
www.orareo.nl
nebula.fi
buypartsby.co.uk
netlinking-referencement.fr
bimcell.com.tr
ui.ac.id
5piq.265link.com
www.lvzhiyuan.cc
dmdstudent.com
greenpacket.com
regole-seo.com
afleid.puk.ro
ueba.wop.ro
debeers.co.uk
www.z24.nl
kino-lain.ru
horrorbid.com
tinyurl.ms
worldofrealestatesite.com
raijoush.puk.ro
salisburypost.com
hopkinsonalert.org
www.jnyifeng.com.cn
www.gouw520.com
www.xunlei.com
liseravary.com
www.seyiyi.com
chachala.com
web-stihi.ru
www.7k78.com
www.uithuis.nl
zoutigst.wop.ro
inyopools.com
frm.fm
honigzeem.safetyin.babuism.wwwwww.wop.ro
www.dj897.com
qixian.elandbnb.tw
ozkuy.biz
kzaa.nfdy.net
www.jcwk.net
tierra.net
mocsi.gov.ye
nitrolist.com
4service.no
pocketbrain.de
marykayintouch.pl
inmigrar.wwwwww.wop.ro
motherbaby.gr
kdni.265link.com
www.sxxkl.co
maxcdn.com
siriuscanada.ca
entoldar.wop.ro
wmtips.com
flowsites.com
se.876ggg.com
www.zzwzyh.net
talktoeachother.hyves.nl
100sport.pl
vectorfinder.com
www.google.com
tomopop.com
www.500hc.com
www.nanyaoda.com
webanalytiker.dk
ribenshi.com
nefertariline.it
www.hmzwg.com
sceneryland.com
www.pynet.net
paradisoinn.sr
awesometees.fr
oeffentlichen.puk.ro
guqz.nfdy.net
0898abc.net
okuchami.net
disciplinons.puk.ro
www.cdsjhj.com
www.gyhc123.com
sau.edu
www.amateurtaboo.nl
tao.uubabys.com
www.gogo.mn
dfnkyy.com
succodesign.it
www.xingbaojianpin.org.cn
shibobo.cn
exetools.com
dpmyxfrdnb.blog.mongenie.com
technick.info
d71.us
bold-floral-bedding.blog.hr
zeed5.com
meihao.biz
ratskellerhusum.com
host24.lt
www.linyiyiyuan.com
p6.comppalzx.orge.pl
dygs.nfdy.net
schmitt.puk.ro
zicai8.com
cdrlab.pl
www.cibse.org
www.xiguayy.net
www.maykie.nl
tryruby.org
astrozone.com.au
flava.wop.ro
sexed.su
fragman.web.tr
kasia1988.pinger.pl
www.ynf99.com
johndyer.name
google.com.vn
internetmarket4u.info
e379.net
kingston.5q.pl
literature.21me.me
alante.wop.ro
www.mangaoh.co.jp
zfkj.jxbgw.ne
www.3639.net
dresstv.jp
www.sdsms.ccoo.cn
onebillionminds.com
muoia.wop.ro
robokassa.ru
miasto.dsl.pl
terrychen.info
www.prinz.it
wufeng.name
dietz.soup.io
theblackcell.net
mac-tv.de
amazingcharts.com
zalige.puk.ro
myuti.com
julianrouas.info
usj.edu.lb
www.vod110.com
gojz.nfdy.net
35ys.net
lopinion.ma
creatorspark.info
ntv.mn
www.8as.info
sex-tapes.biz
www.orszagvaros.hu
calcuttanews.net
nevada.ie
ocawsymd.blogger.hu
atb.tn
abolito.puk.ro
mypds.co.kr
msorchestra.com
ec-shopping.net
wanjudian.78.cn
metrowheels.net
davidraffauf.com
dkzk.nfdy.net
5555.a-thera.jp
kezi.nfdy.net
www.365nvzhuang.com
onlinebachelordegreeblog.info
jinsuguan.taobao.com
toys.of.by
www.jint.cn
web-bookmarking.info
2la0.k3y3.net
transcrits.puk.ro
brio3dstudio.com
lindybrown.com
podm.nfdy.net
xiefashi.info
efri.puk.ro
www.57136.com
gudv.nfdy.net
tfwfjdaxzv.freeblog.hu
i.cal.pl
x-films-x.com
www.nuozhan.com
zhonghuan.sh.cn
ropademodahombres.com
shdanding.foodmate.net
www.magnat.de
sekerchat.com
semergen.es
win.21cbh.co
www.88cc.info
lounge.lap.hu
law.zwbk.org
noornews.ir
www.gongyishibao.com
newgamevn.net
tgs-tennis.de
lawfitz.com
ronjangingerich.com
web-createur.net
php-questions.com
capsworld.ru
szepulj.hu
fomatto.wop.ro
thefocc.com
7ovq.k3y3.net
hojomotor.com
netzwerk-energieberater.de
valait.wop.ro
fsnhg.taobao.com
www.freeludy.cn
www.cthg6688.com
the-leatherpants.info
jetterio.wop.ro
all-best.pro
www.swimwearbathingsuits.org
app.pconline.com.cn
accidentalweblog.org
tubeview.info
diners.com.sg
www.998zn.com
atbbs.jp
kineme.net
vertreib.wop.ro
solefall.wop.ro
lqykz.co.cc
dydu.digart.pl
pyarkikahani.in
www.pacio6.digart.pl
superguide.com.au
jordisk.puk.ro
www.27270.net
scrittura-grafologia.info
zl.z6i.net
news.hzau.edu.cn
raute-wirtschaft.de
81879.class.ankang06.org
beaconwealthmanagement.com
teamxray.com
www.tourismus-statt.de.tl
www.aztv.az
www.icco.nl
stylishfetish.com
dtdeals.com
ivic.ve
tht.dui.lu
agaelettronica.it
www.ajtogyar.hu
www.newelement.com.cn
punjab.gov.pk
anneclapp.com
siimpii.hyves.nl
socialbookmarkingpostlinks.info
blogdeunapyme.com
margoteria.blip.pl
ysten.com
onlyfloor.pl
slickplan.com
www.p6gg.com
03zi.k3y3.net
business-unlimited.co.uk
yvxa.nfdy.net
invulnerable.info
uj.dir.hr
myae.fr
qzwz.sosola.net
www.zzch01.com
ferienwohnung-ide.de
xseksvideo.com
1001pneus.fr
flowmind.jp
www.whzjjz.com
x.org
facegreece.com
www.nyxw.net
www.zhaosf123sf.com
www.galaxiasex.org
x3.hk
linkkatalog.cc
www.520sj.cn
www.cqyjgl.cn
www.tencate.nl
semzilla.pro
invaren.wop.ro
lbhf.gov.uk
yearner.puk.ro
okwap.us
www.3ms.it
webnettgingve.eblog.pl
zewf.nfdy.net
shop.0668.sh
suikerga.wop.ro
tuidc.newhua.com
webmini.pl
majkaaa1.wrzuta.pl
www.gogyy.com
comptalks.com
www.5kor.com
tl.uuu9.com
ikarus.net
www.gaotian168.com
laptopbits.co.uk
sql-articles.com
subaru-china.cn
divers.toateblogurile.ro
ekszerportal.hu
skyair-ship.cn
capolado.wop.ro
scubatribeplaya.com
darcy.wop.ro
www.britador-movel.org
konotop.org
thersitean.wop.ro
teamworld.it
www.digilentchina.com.cn
himachalholidaymart.com
www.uxx.cc
calracing.com
www.52wx.net
ltc-asaph.com
upnorte.edu.pe
seotutorial.info
kokieteria.pl
torsiona.puk.ro
ty225.net
mame.cc
www.taobaoningxia.com
toral.wop.ro
gygjl.com
pnorbert.xfree.hu
bezopasnostpc.ru
cyclonist.puk.ro
hitsong.jp
cateel.puk.ro
abeldanger.net
fe.aiao.cn
roundtheworldtrip.me.uk
www.fwceo.com
31miraclesonline.com
taisei-hs.co.jp
ebuty-riccardo.pl
tze33-9bb8.tumblr.com
webit.ru
scsyfjy.9998.tv
tentingmiper.blogger.hu
grandump.puk.ro
juancong.com
fastwealth.info
www.xurishipin.com
roweryokey.pl
www.zhendongshiyanji.com
www.twinkids.nl
inflacionverdadera.com
kos.net
kosanadd.com
vuk-kun.deviantart.com
scott.pl
www.sanfwan.com
tvmidtvest.dk
iceposter.com
totalgaa.com
pulcallracen.gamerdna.com
shturman.info
la-fotografia.com
realestateagent9oz.com
blox.pl
imiteert.wop.ro
dontgetmewrong.org
sex.fh21.com.cn
vdr-wiki.de
q.blog.sina.com.cn
desvision.com
www.wzbaode.com
maize.cn
helpscore.com
www.121xx.net
latribune.fr
bajou.puk.ro
misswoo.co.uk
www.tool258.cn
clipxxx69.info
mon-coach-particulier.com
www.cfr.gov.cn
spanring.eu
nationalgalleries.org
tsukumo.puk.ro
t.games.sina.com.cn
52kks.com
twiturl.ru
planetarium-hamburg.de
watch-the-hunger-games-full-movie.blogspot.cz
marjanovka.net.ua
bagkameraet.dk
manhattansc.org
molecularlab.it
sibe-ecampus.de
www.huajuncnc.com
insuringindia.com
bluecentral.com
padh.de
city-map.net
pada-parketstudio.nl
abatir.wop.ro
kairossociety.org
www.diysky.cn