www.kkgzzw.com
it-cp.net
hztxbj.com
tlbbx.bokee.com
www.immie.nl
expo.irsn.org
casal.wop.ro
business-opportunity.biz
bbs.cehome.com
milemuonline.com
isbr.in
cocolog-nifty.com
x.cc
cyw.hk
denkowy.wrzuta.pl
curiosi.wop.ro
neumeka.ru
ute.edu.ec
skott.blog.is
lsodiuf.at.lv
www.nizb.com
www.feixuenet.tk
www.wsjp.pl
shaseifu.puk.ro
21directoryfinance.info
xn--hu1ba146aba.info
atap.wop.ro
costabilespinelli.it
dupcia.pl
shachihata.info
www.tweer.nl
magic-cube.jp
www.nvlt.nl
legersteden.puk.ro
b6fo.k3y3.net
oryi.56dvd.net
pornoholics.tumblr.com
hfxyjx.com
yidana.wop.ro
muslimithihasaya.com
www.beiwei315.com
octeam.fr
www.xjyc.gov.cn
nikblog.com
www.ttri.info
dip-net.co.jp
mnzh.nfdy.net
www.xiaoxia.org
linecoaching.com
madvolt.pl
selskinn.puk.ro
peracv.puk.ro
knowledgeisinfectious.org
randomoverload.com
www.ustor.hu
seoprofiler.de
fititnt.org
cafecinema.hu
budleja.pinger.pl
www.ebonylive.nl
omeda.com
lagatka.pl
www.foruic.com
bergamas.puk.ro
www.52rt.net
idealdirectory.info
jandstransport.co.uk
metoperashop.org
greenparty.ca
www.cprt.com.cn
9japedia.com
cofradia.org
last-concept.net
www.caijue.org
documentonline.pl
wspyh.com
www.shhengfu.cn
www.hr762.com
arcluce.it
carcle.jp
knobz.home.pl
jagoda.com.ua
nishadalar.com.tr
mfanny.art.br
jzqi.nfdy.net
mohawkschools.org
www.7x6.cn
www.gz6sense.com
cassies.ca
www.zz66.org
kiep.pl
botian268.cn.alibaba.com
cctv1.cntv.cn
www.mtbm.nl
stscript.info
spongyabob-jatekok.b11.hu
painfullyhip.com
cablemodem.ch
njong.wop.ro
demissly.puk.ro
bilgievi.gen.tr
thorny.wop.ro
bolvert.fr
forex-knowhow.cz
xdiu.nfdy.net
ereselling.com
resale.info
senyouki.puk.ro
www.szledia.org
94392.live173.com
hahaa.puk.ro
www.iamyourenemy.co.uk
sites.google.com
differenziata.org
nakov.com
alliance-global-investments.blog.hr
fortalezamia.com
digitalpodge.co.uk
www.nc.gov
whatsbenbaking.com
tht.dui.lu
www.bpmt.nl
vertebrate.puk.ro
www.tarac.nl
aycslm.5d6d.net
whbj4050.com
www.asylzx.com
www.sjhg888.com
hitsong.jp
wuhanccc.net
minix3.org
gtamoding.pl
grynet.puk.ro
local-hook-up.com
sudanmp3.net
iptvcn.info
inm-lex.ro
stoort.puk.ro
dokidoki.ne.jp
cq.110.com
www.diylab.net
kniver.puk.ro
robbers.de
cs-elaxy.pl
bbb12aovivo.org
ebedmele.wop.ro
wtbi.210000.org
academism.wop.ro
enjoyz.de
www.icaac.org
photoblogs.org
interclinic.net
news.gpxz.com
revenuecloud.net
www.sdaksoft.net
www.landee.cn
srisangwankhonkaen.ac.th
jardiniere.puk.ro
allebiler.no
hillario.wop.ro
zwlk.nfdy.net
sqlite.org
sweepsadvantage.com
irdarbs.lv
digioz.com
bmw-joy.com.cn
manxmormons.com
bc.by
bankofcolorado.com
167000.ru
ps3-hack.pl
www.hory.sk
tvptv.com
lovenmarry.com
www.vvmt.nl
bb-napoli.org
myinfolink.ca
stoppafralagen.nu
bonzai.wop.ro
remp1995.hyves.nl
sandiskcardreader.3qa.info
newgame.17173.com
alweb.ch
www.abaliget.hu
jxk8.com
www.drv.nl
sanfranciscosfaccountants.com
menka1234.wrzuta.pl
cssmobi.com
fdc.org.br
escuelaing.edu.co
roger.r.gd
gloriosochicago.com.ar
malena.pl
chaps-haiti.org
www.jiyimm.com
bilnyheder.com
sirius-review.net
tyxsb.518e.cn
csstemplates.net
gangshi.biz
atehenmei.com
www.idwear.nl
bbs.592ppc.com
emiliaw.blip.pl
blogtoplist.com
myvetsfirstchoice.com
xygjj.gov.cn
hupan.net
www.shengjiang888.com
sou.wjw.cn
www.dcsw007.com
true-religion-outlets-2012.info
zeeman.com
w3pagemarks.com
www.seoau.cn
weserves.com
citroen.gr
www.sxmjj.com
kinderkultur-frankfurt.de
ohiobar.org
naven.wop.ro
anapa.info
contraepithesi.gr
produkttest-coocoo.de
sakhiyaa.com
fr-creditrachat.info
agmwilliams.com
contrataciones.gov.py
knixthqm.mobie.in
www.liempt.nl
bijblad.wop.ro
bt.gxbs.net
telesphere.com
orsay.wop.ro
joyride.ee
artt.cn
sewages.wop.ro
thefreeagencybalt.com
benetton.puk.ro
camerdata.es
apfelzone.at
malaysiajobs.info
www.about-face.org
hammi.info
rtpserver05.info
wiwrestling.info
arqespqrx.blogger.hu
cjp1509.qjy168.com
wmlz.78.cn
brw.com.pl
pinoyau.info
gedoopte.wop.ro
rtas5h.net
supercias.gov.ec
aitu.wop.ro
www.ugk888.icoc.cn
tropicaflore.com
lintasinternet.com
infoteli.com
myblog.de
angelwhispers.co.uk
9rank.com
kreatur.wrzuta.pl
reviews-and-bonus.info
hita.hr
fsc.com.pl
c6.hk
man.mop.com
tatihiro.wop.ro
szkolenia-otwarte.com.pl
ecomponents.de
tongdaiso.vn
triedtastedserved.com
peugeot.co.uk
snodavate.wop.ro
letsdance.blog.so-net.ne.jp
akamaitechnologies.com
crypto-class.org
hylle.puk.ro
anluanzuodian.cn.alibaba.com
flying-jump-radio.de
minrevi.jp
semiwiki.com
bookmarkingexpert.info
zeroday.info
66h66.cc
euromunka.hu
kipa.co.il
a4ph.qiwen5.com
shinbu.wop.ro
hlv.blox.pl
creativeideaz.net
nasquasha.pl
maps.atpedia.jp
ueba.wop.ro
asksatwiceland.deviantart.com
waterkur.puk.ro
boats-florida.com
tv.cntv.cn
stylehomme.com
ratemeute.free.fr
linkadmirals.info
fedme.es
infovore.org
24ddd.12397.info
legis.ru
peridial.puk.ro
philisense.com
paypal-marketing.pl
vqqz.nfdy.net
www.overzicht.nl
news-up.info
www.kk3j.com
kckrs.com
arr.blip.pl
bj.h2h.cn
global.net.pl
czernysze.xlx.pl
dweebden.org
f.epe.at
realvideos.info
www.tsyuncai.com
webset.com
sunroofsyncro.com
beisnica.com
sexsites.uol.com.br
dianying258.com
sebo12020.wrzuta.pl
zso2bialystok.pl
www.corus.nl
bookmarkspot.info
www.engine.tw
www.hnxp1999.cn
k-linkonline.com
safebrowsing.info
buehnehollenthon.at
www.blimp.nl
cottoninc.com
dbsw.prv.pl
guihuaxiang.com
bwsx.net
tekstovipjesama.hr
snaha.cz
zj.189.cn
xkwftzxq.blogerzi.com
hyperlinkcash.com
zjicm.edu.cn
www.400-0431-908.cn
brawna.org
juancong.com
capitulated.wop.ro
brassiere-shorts.jp
gumtree.com.hk
baisex.me
gsni.qiwen5.com
cochonna.puk.ro
virtualization.sys-con.com
micronicheprofitformula.com