daybydaycartoon.com
dreamestate.pl
qzwz.sosola.net
www.gwktravelex.nl
bezwadde.wop.ro
www.prlupa.pl
en.18dao.net
0s8x.56dvd.net
enagsterar.gamerdna.com
embolicar.puk.ro
chat.parlaq.net
enamoradizo.puk.ro
crealyse.net
enchanting.software.informer.com
encoded.puk.ro
goodprmen.org
endsh.xicp.net
enelbrasero.com
osiuri.wop.ro
energiastrategia.hu
pr-directory.asia
softservice.com.pl
energysaversnews.com
engrammatic.puk.ro
peugeot-dealer.jp
engraphically.puk.ro
bbercn.com
enhorcar.puk.ro
enhydris.puk.ro
nasukougenlongride.com
outdoornews.co.kr
enix.pl
asiiro.puk.ro
enocyte.puk.ro
enoughrope.net
ulq.pl
enrico-of-graceful-delight.de
chocolatescans.blogspot.com
enrubann.puk.ro
search-indonesia.blogspot.com
ent.cqnews.net
embosser.puk.ro
entsrilanka.org
posclique.com.br
env.gov.sc
gba.gov.ar
envt.fr
eoe.is
hun99.com
eol.cn
guoxiaolei.xiaodoutao.com
dcjv.210000.org
epikur.puk.ro
epinmi.puk.ro
zhenhaoxiao.com
epp2012.eu
epiphones.org
gpunkt.pl
49cc-pocket-bike-performance-p.blog.hr
mayfairdentist.ca
comprediretodachina.com.br
turkvid.com
epps.pl
famouswhiteboys.com
eqnaiti.bloguez.com
0000ff.net
ebonyclipss.com
ergoetzter.puk.ro
www.dengshan58.com
eric.asia
sccdy.info
erin.oconnor.cx
morimoto-real.co.jp
eritalki.puk.ro
9955599.ru
payoo.com.vn
www.witpo.pl
erostime.tumblr.com
tht.dui.lu
ershou.xtfw.cn
ertyu.puk.ro
esb999.biz
www.gnlaser.com
xbox-gamer.net
mp3-downloads.net
esbw.net
adidas--shop.info
katogle.wop.ro
cordobo.com
menait.wop.ro
stationnerai.wop.ro
smockfaced.puk.ro
ondemandbeat.info
myhealthdirectory.com
laserlinks.info
xfq94.wh.gd
dirtytony.org
escortpelin.net
etorebka.pl
cebit.de
shopblackhawkjerseys.com
fibratio.wop.ro
zjky.210000.org
fecomercio-pb.com.br
hledej-inzeraty.cz
eseochecker.com
ut.is
a2zads.info
dekoralfashion.pl
johnabraham.org.uk
esicongweni.co.za
lzca.nfdy.net
7om7.qiwen5.com
teszvesz.hu
jianduedu.host4.idc136.com
gan588.info
esizvzbk.blogger.hu
biznesmails.com
alzi.nfdy.net
eskuvo.ucoz.hu
autoglym.co.uk
myomet.com
esl.yakba.com
lulusex.a-liveprivates.com
esll.yakba.com
suministrar.puk.ro
yeos.210000.org
clads.biz
chngzc.com
edka777.pinger.pl
www.job.nl
www.38qingse.com
reta.wop.ro
huntington.edu
datelo.wop.ro
toozoo.wop.ro
espinal.puk.ro
essaim.puk.ro
www.ray-bansunglassess.com
www.heihercw.cn
sd1m.qiwen5.com
essayist.info
linksdigg.com
xxxmuy.wop.ro
estampar.puk.ro
estilar.puk.ro
www.animalsexdb.nl
dh.hu
jinjutsu.org
www.9979.com
esxx-sy.com
csimedia.net
www.suikerstichting.nl
gepekt.wop.ro
florinpainting.com
uuks.210000.org
www.lanova.nl
www.2s-s.com
xyztech.com
etyek.olx.hu
oa.cqupt.edu.cn
annitu.ro
bahamayellow.pl
cellcom.co.il
fabrykazlota.pl
www.45920.asia
prava.wop.ro
bramleyblinds.co.uk
eumama.ro
www.444sss.com.cn
slot.wop.ro
fichten.wop.ro
ujed.mx
www.changlongmen.com
1m0.info
euromobilnidomy.cz
stickybookmark.info
bravofly.es
nonsignificance.wop.ro
jtpt.qiwen5.com
aldin.wop.ro
europuls.eu
enix.org
hongboxin.com
www.printer-spb.ru
rcav.265link.com
eutfhpredp.blog.mongenie.com
4000100006.net
cognisab.wop.ro
terrengsykkel.no
trylife.cn
evarts.puk.ro
olsztyn-online.pl
hdchurch.org
hdmnw.com
sorum.puk.ro
panedelmulino.it
events.pedaily.cn
charter-business.com
aujardin.info
everestnews.com
dermaske.puk.ro
ahmedadly2008.blogspot.com
inthe90s.com
motke.co.il
abundance.org.uk
android-talk.de
armilit.ru
asia-investors.net
bumm.sk
gdansk.pl
htl-bregenz.ac.at
rajzfilm.lap.hu
everpure.tmall.com
hupan.cn
jixie.jiancai.com
technika.in
lekka.pl
mhk.pl
nordnet.no
nozo.pl
www.csdz123.com
ourstate.com
partsdata.de
pb.pl
schneidb.wop.ro
seekthedeal.com
symbian-developers.net
bollywoodtrends.net
tcw.de
www.chinapay.org.cn
www.gzxfkj.net
eviden.info
evile.co.uk
www.zhonganbaoan.cn
examda.com
viet-studies.info
www.jiemawang.com
www.koral.pl
www.ldl120.com
examprepnow.com
lotoftalks.com
xinxiang.wed114.cn
zmnwzc.ycsyqn.com
801a19.tumblr.com
tshkeel.com
learndoj.gov
lentejar.puk.ro
koutan.wop.ro
excellentbookmarking.info
germanamateur.info
seoprofiler.de
legersteden.puk.ro
kirraweechiropractic.com
wikifesto.info
excentrica.digart.pl
gamecash.fr
miruslug.info
www.wiekxx.nl
www.008xhys.asia
1mob.qiwen5.com
exodus3000.com
clean-aqua.com.ua
savas.soup.io
wenzhou.19lou.com
socialbookmarkingservicez.com
articlesmaze.com
www.souf2000.com
qtube.com
www.293888.com
tacocity.com.tw
qusk.nfdy.net
bgod.210000.org
www.thunder-sky.com.cn
duengeka.wop.ro
extraste.puk.ro
www.lagune.nl
exuded.puk.ro
evita.tenma.lanthopi.hygien.wwwwww.wop.ro
sealants.wop.ro
huainanditu.fdchs.cn
clipart.co
f.333300.com.cn
makshop.3x.ro
godirect-am.com
apzi.210000.org
linlahearborn.blogg.se
883xx.com
teamzenzo.webs.com
mayey.wop.ro
quipus.wop.ro
f.xx52se.com
aussieloans.info
francesfacil.es
theindustree.net
4907.nfdy.net
www.youthinfo.biz
fashion.ce.cn
newcarpicture.org
nbasnapbackhats.net
fashionera.com.br
4ie.ie
artofzoo.com
theweatherchannelkids.com
wymianalinkow.info
tatiyants.com
michaelkorsoutletsfree.com
o109o1.tumblr.com
alleskroatien.com
fatchatter.com
www.178gogo.com
ovcentraal.nl
merckmanual.jp
radiokatolickie.pl
cq.110.com
pronline.ru
alky.puk.ro
topalternate.com
site.lu
grandwallpapers.net
kwiatyl.pl
www.naruto.hk
www.sifangtu.net
kolaczyce.itl.pl
reichweiten.info
ramir3z.digart.pl
www.sigi.lu
lavoromilano.info
www.jnhsaf.com
freehostia.com
whitetapes.com
www.reftelsz.ro
entopic.puk.ro
manxmormons.com
w7ph.ru
iberes.wop.ro
disney.ch
xboxstation.net
fc2.com
machogo.wop.ro
zhoukoutianqi.fdcez.cn
zwaluwhoeve.nl
bookmarksitenow.info
fcbikecoop.org
capanna-cadagno.ch
babywalz.dk
socialkindred.com
www.lzre.edu.cn
videovegy.com
www.venb.nl
kina.krakow.pl
www.uk-mobile-pages.co.uk
eingeklemmte.wop.ro
varicoseveinsppq.info
crystalinks.com
www.0591ej.com
spews.wop.ro
cangzhou.ganji.com
arisek12.com
anandamusic.pl
barnlightelectric.com
nobelclub.kz
ziptuning.nl
katowickapilka.pl
elasmobr.puk.ro
rajnicsa.link.xfree.hu
bbs.csai.cn
www.nihao.me
xn--n8jzuh06edsc.com
shangod.net
seo-nastroj.cz
www.biofacts.nl
www.mgb.pl
hbibewcu.org
e-flick.info
seyiyi.com
www.fuwutx.com
zeroday.info
cmok.pl
www.huadian6.com
directoryflux.info
www.114t.net
expograduacionbc.com
jobsagar.com