pinakoteka.com.pl
www.ddhssc.com
tolyg.com
colg.cn
www.velu.pl
www.dvdoke.nl
233aaa.com
www.w899sanxing.com
oxy-life.ru
bukmark.net
www.22xxpp.com
trappmaskiner.nu
africatwin.com.pl
mechaniseert.puk.ro
www.zechengxin.com
glutenin.puk.ro
hostinginternetz.info
kina.krakow.pl
effent.wop.ro
globmail.pl
zhenskayalogika.ru
kac.flog.pl
x8kk.com
www.tienersexfilms.nl
www.it0531.net.cn
yocoojj.com
huxinjiaonang1.1168.tv
www.atmost.info
radyospor.com
800900.net
www.gameogre.com
soldiersdiary.webs.com
a.xx52se.com
www.88cc.info
thaionlinemarket.net
juancong.com
www.syfcw.cc
satnam.de
mebelport.com.ua
www.xx8xx.com
www.ka7a.com
www.evvc.nl
testosterona.blog.br
fortlass.wop.ro
seimeikan.pl
vihar.linkpark.hu
mcooo.com
putclub.com
www.ydjqyy.com
betracht.puk.ro
www.fuyuankang.net
www.citywenda.com
www.xa-8.cn
www.sportsinfo8.net
qktg.210000.org
khacgiacong.com
carpentersnetwork.webs.com
funnysign.com
welro.info
www.c8m.net
linkpart.info
magic-girl.com.tw
www.100ec.cn
ynumba.info
ppdjasin.edu.my
wadded.wop.ro
arschfick-posex.pornos-und-videos.com
rixsta.co.uk
podlasie.pl
www.youjoy.net
tetraforum.pl
tutae.puk.ro
longtail.com
southturnermaineweather.com
womack.wop.ro
sebait.wop.ro
fontarticles.info
soloheaven.info
www.solis.ro
371jiuxun.com
analog-forum.de
www.sasgps.pl
emitel.pl
mokablog.com
smeg.de
www.motivp.sk
28.vg
nepalisongs.info
exart.com
carcle.jp
vipgrup.info
bonkaceleb.pornrox.com
makeup.com
mercedesclub.org.uk
jagdschulen-ewering.de
59gg.cc
bk.kz
catgallery.ru
www.717v.com
rotjochmetstijl.hyves.nl
www.goocar.net
obazleumlc.skynetblogs.be
yinpin.jmw.com.cn
www.a00r.com
cla.imcsit.org
ruffybiazon.ph
nhacpro.info
blog.thoigian.info
qy2o.k3y3.net
russianvirginz.info
babyonlineshop.de
www.911uu.com
moytrifam.freeforums.org
chaikaapi.com
www.ujiarmy.net
datinghotline.net
ileu.nfdy.net
www.huayuan.org
www.mrmovie.nl
mahmur.info
www.zzf6.com
x.cc
tubexxx4.info
keepass.info
chachala.com
www.mbs.jp
www.acclib.com
aem.mx
eclatantst.puk.ro
eub.hu
www.wangluozhixiao.net
djauhari.com
hand-china.com
www.sskkxx.com
www.ruc.edu.cn
kit.edu
omca.co.uk
www.wawa66.com
www.yifa78.net
www.jlxrmyy.com
health.msn.com.cn
www.ycrenti.info
maszrum.pinger.pl
nbgaovde.freeblog.hu
1swarovski.com
mmaforums.com
horripiler.puk.ro
www.ucv.ro
erinnerungsforum.net
shandong.zg2sc.cn
metmuseum.org
neumeka.ru
f.cc
shdzshop.xicp.net
tlbbx.bokee.com
mirrorlakeinn.com
fallowne.puk.ro
ninorandazzo.info
xyjt.info
www.gaylover.nl
idealdirectory.info
www.brandsen.nl
hylle.puk.ro
c6.hk
menka1234.wrzuta.pl
contrataciones.gov.py
lsodiuf.at.lv
widow2widow.org
cocolog-nifty.com
bookmarkingexpert.info
comshop.si
yueyang.2882.in
cyw.hk
seksporno.info
6china.info
nhso.go.th
aliss15.digart.pl
video-tion.net
asksatwiceland.deviantart.com
www.muftyat.kz
foreveryoung.pinger.pl
actmyself.com
www.sotocom.nl
blackteengf.com
americaspeaks.org
xdyg.com
diatomaceae.puk.ro
sujeetseo.blogspot.in
exclusive-seniorita.pl
www.yangshuwen.com
n.pl
sateliteservicez.info
zijqwiatz.skynetblogs.be
jonne.wop.ro
worldwidedir.info
antyamy.digart.pl
dj-nation.pl
www.metapart.nl
voipgate.com
iphone4gcases.3ji.info
www.fxwzg.com
18932537976.taobao.com
diemin.com
www.airvek.nl
domowe-wypieki.pl
alarme-protection.info
bztm.us
sauna-profis.de
dilations.puk.ro
6htv.com
comics-gestiox.es
www.moviedrive.nl
divadlozavodou.cz
oklara.puk.ro
nordbet.ru
dipter.puk.ro
ditziput.de
discotime.ru
traeres.wop.ro
dindax.com
distincter.puk.ro
www.548.cc
nidhogg.digart.pl