lamkinhhotel.vn
planetarium.cz
www.prototyp.pl
okitour.net
gamerscrew.net
lichida.deviantart.com
www.dlysled.com
bouleversiez.puk.ro
logica.co.uk
tunisietravail.net
www.louisvuittonhandbagsoutleteshop.com
www.eric921.com
letswrite.info
r.ihot.jp
dlalejdis.pl
crowderassoc.com
www.meibaizn.com
prestashop.sk
thebidspot.com
moschopo.puk.ro
www.xiaoyezi.com
solms-delta.co.za
www.adustudio.com
chachala.com
viareality.cz
cloudirectory.info
seikoustudios.com
away.travel
inmotion-hosting.com
bougons.puk.ro
www.haifanliwang.com
mydiarybook.co.uk
tacktoit.com
www.kaoshi110.net
www.654ggg.com
www.kfsyw.cn
pompeus.9r.ro
tdubbed.blogspot.com
www.viewbaltimore.org
spanishpropertyresources.co.uk
cascada.ch
xz.heyix.com
damek.eu
mediasteed.com
find-job.org
www.jjj456.com
boterpeer.puk.ro
www.chblt.com
youse.wop.ro
www.chaussureslouboutinpaszcher.com
wonderlandtoyschnauzers.com
www.fora.pl
thetvbuddy.com
soncemre.com
www.zjgrcw.cn
tritura.wop.ro
hupan.cn
maths.flog.pl
shokansh.knept.sperperati.wwwwww.wop.ro
marketus.ru
av.9mei.us
www.bjydy.com
www.xiziwang.net
vagyakvilaga.info
fotosbr.com
seosmart.com
www.koral.pl
gaycategories.com
www.mobilo.nl
edigitaljobreport.com
domybooking.com
kibsd.org
premiumorange.com
www.xianrc.net
digipassion.com
www.gd-ad.cn
www.zzwol.com
boundy.de
www.itstart.ro
neuzustellung.de
makcotransmissionparts.com
zencart-bbs.com
www.wuqiku.org
www.palet.nl
tokyo-chintai-jijo.com
buyoliveoil.co.uk
gorenje.si
mcpi.com
byethost18.com
www.80.cx
www.jiaochuang.info
gokarbon.com
www.18fl.com
sellingclub.jp
bps.gov.bb
yo.tsyouxi.cn
www.13149921.com
pic.aili.com
deviendrez.wop.ro
panchira.s1.freexy.net
lunsqui.com
uptrendhosting.com
emmalyn.puk.ro
enterprise.gdcct.gov.cn
tamko.com
dhgifts.b2b.youboy.com
btn.ir
youth.sg
jackrussellterrier.ru
ahshysh.cn
www.studio-mario.jp
www.51nanmu.com
emmali.cn
kombu.de
ckpe.prv.pl
www.websystemy.pl
oplutheran.com
chemeddl.org
guihuaxiang.com
wnylc.net
www.100000se.com
wealthcounsel.com
280001.com
tubexxx18.info
attackers.net
wowwarez.net
szag.210000.org
technetblog.pl
868628.com
optempo.com
couponster.de
designerpolska.pl
revery.wop.ro
eyeblinks.ie
selfcatering-directory.co.uk
lanten.puk.ro
brain-spineinjury.com
bambis.co.uk
www.miyagigpn.net
adductiv.wop.ro
www.typjdb.com
www.690812919.qqku.com
www.qhdjbl.com
www.lakakey.com
cebyp.1168.tv
www.wangzhijia.net
friends-hood.com
any.ge
qqanmo.net
activemailv4.com.br
yoppic.com
22ise.com
go.com.mt
touroperater.info
bqspa.us
picads.blip.pl
gz-web.com
mikesport.pl
odv1.k3y3.net
awmrwbnw.blog.mongenie.com
facebooklikeswebsites.com
mathloo.com
vertex-web.jp
xunweicn.com
zoomseoservices.com
dreamgrow.ee
frh-ly.com
josephjoseph.com
zajie.com
cakeobake.com
mysoundofsilence.com
uppercutmusic.com
boyship.puk.ro
respecterais.puk.ro
auto.lv
2a3.cn
www.a9dj.com
benjamins.it
homeindenver.info
xindu.ch
wushuangol.com
dfuu.210000.org
capitaloneventure.com
www.onfiction.ca
puskice.org
hustwenhua.net
wvw.881mi.net
omolenko.com
threeinsights.net
dtallos.com.pe
shanghai.fangtoo.com
pta.edu.pl
feed.feedcat.net
brand.yoka.com
wwwaaa13.shunshunfa.com
farceerd.puk.ro
iziva.com
www.xx920.com
www.360site.org
ogcw.at
qmecms.sinaapp.com
0427zsw.com
footcrab.soup.io
promo.kachayu.cn
www.zoover.lt
bh44444.huijucn.com
antilleslocation.com
mielno.pl
ehuolang.org
hotstuffindacockparty.in
exclusive-seniorita.pl
788k.tk
ikersont.com
linuxnarede.com.br
dazadaslietas.lv
yuseo.com
spacingtoronto.ca
prive.com
tarbot.puk.ro
tubewinner.info
markdownpad.com
cyzx.gov.cn
laurna.wop.ro
www.blz.nl
junran.wop.ro
3qa.info
xc8.etianhe.com
www.poznaj.sk
mpk.olsztyn.pl
www.qvoddianying.net
zhenhuikfp.com
webhostingsharedz.info
lk.dk
alleghen.puk.ro
la1ere.fr
www.evida.es
iride.wop.ro
haberyazilimi.com
www.aliyxj.com
sodinheiro.info
ktmhellasclub.gr
howcaniberich.us
gorubi.wop.ro
koudan.wop.ro
realtek.com
travertines.net
brashly.puk.ro
www.666xa.com
yougedi.com
desert-operations.pl
boordschutters.puk.ro
tmcnet.com
www.hihc.cn
yingshi.bbs.1966.me
www.kg55.com
share-share.jp
protennisjobs.com
cablemodem.ch
cortland.edu
yueyang.hninvest.gov.cn
backlinksbuilder.pro
www.dazhongjy.com
bre.soup.io
viewresultz.info
republiquedebananes.com
www.ainiav.com
consumerinquire.com
lifechoice.biz
sercpos.com
lisa6688.info
globe-seo-bookmarks.info
xda-developers.com
www.tremon.pl
admkrsk.ru
fengji168.com
cumonsskin.bloguez.com
www.kdxdc.com
ugubuntu.com
www.hsbtxj.net
shiweikzs.1168.tv
msy.mdjnu.cn
jamescairns.co.uk
gzmidea.cn
nyhmy.58.com.cn
bjdcollectasy.com
jsfgmy.com
wzs1974.home.news.cn
myseospy.com
www.gg77mmwang.com
www.cf88.tk
8d1.info
yesvpn.org
www.web-sun.cn
blolo.wrzuta.pl
bolsjevist.puk.ro
www.0905.com.cn
overshoo.wop.ro
lovera.wop.ro
thisiskushdvd.com
www.diyssh.com
seobraintrust.com
jordanrudess.com
coachingtohappiness.com
monoeco.jp
morgins.ch
www.bjpxs.com
osservato.wop.ro
desiree-zeijlmans.hyves.nl
dukascopy.com
www.foxshuo.cn
shawgmc.com
brmap.ru
www.33tv33.com
ppnzkpfw.78.cn
www.huves.nl
www.yayaqb.com
brand.xiu.com
vhosted.pl
dentalespace.com
www.ysm520.com
www.xindeyuan.com
sohu.laomo.us
preget.puk.ro
lemuriya.ru
www.zhqp5.com
surf.sk
tiekka.puk.ro
titusboy25.deviantart.com
tkpai.cn
hhsu.nfdy.net
torontobotanicalgarden.ca
tw-bavttle.com
uaead.ae
videoglazok.ru
virtuti.info
visiofakt.de
www.go1888.com
vita-schola.ru
vneklassa.narod.ru
vokeo.wop.ro
voprosovnet.info
vorota.de
vortexwaterpipes.com
doraggin.wop.ro
voxshadowhex.webs.com
vshow.sina.com.cn
vsm1.com
vtagit.info
war3.org.ua
watch-gossipgirl-season2.blogspot.sk
www.webpark.ru
watch.impress.co.jp
watchwwethebash.blogspot.it
watercampresort.com
watsons.com.tw
wb.88lb.com
wbcsd.org
www.321.ro
wd1r.com
wdesk.pl
webjx.com
webnoviny.sk
websitejunky.info
findroulettecasinos.com
wiederse.puk.ro
wii.2.ag
wiki.7color.org
wikibon.org
winboard.org
wisniowski.pl
wizardthemes.com
www.fl78.com
wo177.com
woaj.qiwen5.com
wonderworxs.info
wood-china.org
word.langfly.com
shop-schuco.com
world-of-photonics.net
worldarticle.us
wow-veritas.net
wpcounter.com
wtnpzyag.skynetblogs.be
wucherte.wop.ro
app.pconline.com.cn
wutawunashe.com
wuyxiang.net
ww.0411114.com
www.0086zg.com
sibeo.pl
www.023114.net
www.power-in-china.com
www.024xiaolu.com
www.027tzx.com
www.030505.com
www.0757seo.cn
www.11qq.cc
www.123528.cn
www.1480w.com
www.1516.cc
www.17ttn.com
www.ailego.com
www.aims.gov.au
www.ameba.jp
pawf.info
www.bttc.cn
www.buy88888.org
www.bzyfwy.net
www.carpetcleanaustralia.com.au
www.cba.com.au
www.cbboshike.com
www.goohj.com
www.ccucm.edu.cn
www.cdlgkj.com
www.changping.ccoo.cn
www.chasaobi.info
www.cheapnfljerseys-online.net
www.diamag.ro
metrics.com
www.e66.c.pl
www.eurovapers.ro
www.firsthandbuy.com
www.forward-cargo.az
www.gaylover.nl
www.hcmr.gr
drbronner.com
www.hnxdn.com
www.plantpol.com.pl
www.sweets.ro
www.undg.org
www.ybbse.info
zettelte.wop.ro
toolsofthechef.com
147111.com
14liao.com
150hhh.com
150wt.com
2187.yoyuan.net
2ip.ru
hbly.210000.org
4617846.5sing.com
46cao.com
46kkk.com
48zh.net
52pjz.com
55ys.com
mekanisk.wop.ro
567sn.com
56task.com
6.wapbm.me
60daysalestransformation.com
6188.net
619533.txt.cir.cn
freehostia.com
636633.com
639dh.com
658456.com
65lat.com
6hw.com
uppish.wop.ro
6hzb.cc
frontal.rs
6waps.com
7026890216.phone.searchwww.com
71mf.com
72pines.com
74ise.com
goelijk.wop.ro
77691.cc
77kmm.com
78sj.78.cn
798rtys.com
799tk.net
7kav.org
outbustl.wop.ro
7sousou.cc
7t2.info
81866.hemelsesex.nl
81h.net
81tao.com.nu
822220.com
se.55ss.info
83888888.net
852852.com
85304142.blog.sohu.com
85nd.com
871020.com
87meinv.com
8d8v.com
8daigou.com
91530kq.com
91530lt.com
www.dzyxhs.com
99abcdbbb.com
99dama.com
99tv.cc
9lbc.cc
9rank.com
9rules.com
www.janossomorja.hu
9to5mac.com
9yinwoniun.co.cc
9zmy.co.cc
a.mobantianxia.cn
a0gqu.com
a1.951n.cn
www.rt668.com
a197071754.mynet.cn
a1hugecocktits.a-livesexasian.com
a2168.com
aaa6.net
aaalab.net
aangevij.wop.ro
zuchtlos.wop.ro
abdulla198.33591.com
aber.ac.uk
abflughalle.com
abook.fm
aboutautomobiles.net
aboutm.com
starisp.de
absforums.com
academyoftds.co.uk
www.liempt.nl
acanonim.tumblr.com
acgn.hk.vg
acoustika.info
adamcasner.com
www.sf37.com
adatta.puk.ro
addfun.ru
adebowale.nl
adellock.info
adgad.blip.pl
adminlj.com
www.china086.net
adornd.puk.ro
ads4blog.net
adult.lovecityclub.com
adulta.puk.ro
aentra.puk.ro
www.conceptlabs.com.pl
www.etc.ru
aeownblhpx.bloguez.com
aff.zitec.ro
affifah.info
affiliate.rakuten.co.jp
aflijn.puk.ro
afotec.puk.ro
annabergstrom.se
apnoerire.blogg.se
app.linkphone.cn
appellate-brief.com
apple.com
appraisalwebdomain.com
sluskete.puk.ro
aqua.tokai.jp
aquarius-iah.de
aquavent.es
arabgoat.org
arashi.me
arashime.puk.ro
poesis.cz
arb2net.com
arba-riders.com
arbeitsb.puk.ro
arcade.rakuten.co.jp
arcoline.pl
ardec.puk.ro
aritclemobilize.com
arkie.puk.ro
arlyn.puk.ro
arrete.puk.ro
artbreak.com
artemisi.puk.ro
www.sfbj888.com
artfans.net
articleconsortium.info
articlemarketinghub.com
articleradiant.com
artt.cn
bbog.nfdy.net
www.pingli.gov.cn
bbs5.cgiboy.com
bestonlinebuys.net
bestpagerank.info
bestseocheck.com
bestsitevalue.com
udesignstudios.net
betting-portal.net
gd.anxiang.gov.cn
bigbadcity.com.ar
birdfarm.net
birthday.presentidea.org
blogspot.nl
btmaster.cn
meiibrand.com
buckeyeplanet.net
bundeskongress-partizipation.de
buntewebnews.de
buxmontnews.com
buy-tramadol.over-blog.com
cctv13.cntv.cn
www.webjiankong.com
cctv9.cntv.cn
ccut.tk
cd.edulife.com.cn
cdcn.78.cn
cdegree.net
cdemocratics.com
cdlyw.cn
cdsqingyq.jinnong.cc
cdzdyey.cn
ceas.cc
chache88.wanye68.com
chacheng.cn
www.1u18.cn
chahat.nl
chaichejian.beimai.com
chaikaapi.com
chanel.nzw.cn
changde.house.sina.com.cn
changeghana.com
www.fhrl.net
changewin.blogbus.com
changingmaya.com.au
changjihuizuzizhizhouyibisi.fdchs.cn
changriw.puk.ro
changsha.bgo.cn
www.616520.com
changsha.ddmap.com
changtu.huoche.com.cn
chaohutianqi.fdcez.cn
chblt.81666.net
che6ng.net
chilldir.com
nshamabagdad.com
china-buildingmaterials.com
4988tm.com
biala.sds.pl
greatlakesforall.com
www.njchaoji8.com