spnews.gr
necaonline.com
meloniq.net
suffixment.puk.ro
dancejia.com
belshop.info
1linkz.info
yunbio.com
imenicka.cz
www.86656.net
regional.com.ua
muslimvillage.com
sexys.us
super-nowa.pl
deluxe.wop.ro
shelleylubben.com
www.haojiaju.info
approvedbusiness.co.uk
ambermac.com
miyazaki-toushi.com
heurtera.wop.ro
www.loman.nl
boneislandfish.com
demotivationals4u.com
radix.ru
jiaju.chinadaily.com.cn
basaksehirdh.gov.tr
atehenmei.com
tirol.orf.at
ngmzd.my.gov.cn
tejo.pl
rf-buhin.com
plaquiez.wop.ro
hackathonazerbaijan.org
submit-link.info
busshu.puk.ro
www.cctv3-wyscw.com
www.wara.info
dallasfootballelite.webs.com
www.dns.la
hho-booster.info
unforgivable.pinger.pl
www.cfssedu.net
getsmarq.com
atilaj.digart.pl
atlantic.fo
www.15gift.com
gamers.org.ua
ratiokontakt.de
www.diskynaauto.sk
worldsbuzz.info
kelheim.de
assecoresovia.pl
www.zshimian.com
topics.wwwwww.wop.ro
syuusaku.wop.ro
htzh.net
www.cnjdg.com
nanxinjixie.cn.alibaba.com
acornhost.com
otanews.gr
azerros.ru
arshmanzeel.com
agoda.web.id
wholesale-dropship-source.com
tmst---team.gameclub.tw
hardwarecatalog.co.kr
ingyen.wyw.hu
tumunet.com
napred.bg
eckankar.org
forexhacked.com
actiludis.com
seogold.net
sviti.wop.ro
maler.org
cacocoa.blog.so-net.ne.jp
chaoyangshi.m69.info
www.999270.com
legia.com.pl
www.maiaedu.org
wiredvision.jp
historijagradacac.blogger.ba
arashi.me
www.abercrombiefitchparis.eu
criminal-info.com
birl.nfdy.net
arrangetosettle.com
szybkoplus.pl
www.unie.cz
sverre.polartech.no
18p2p.us
riadag.ru
www.meinv178.com
video.hmz.cn
www.amateursexpagina.nl
www.gebr.nl
olein.puk.ro
www.jdzj.com
lawer.wop.ro
velo-manager.com
www.pyc.de
dialog-aqua.ru
businesscollegesonline.org
cambridge800.es
celebdaily.com
ueba.wop.ro
ecopowergenerator.info
addisvoice.com
paper.qjy168.com
claudiafallah.co.uk
4goh.qiwen5.com
fastpagerank.com
www.wuyoo.net
jyj.tongchuan.gov.cn
nemesis-studio.net
pure-hoodia-acai98.webs.com
answersden.com
www.chashuina.com
les.sch.gr
sitesbookmarking.com
82255555.com
otgovori.info
centurion.bb
www.zhlszy.com
bustitopen.com
abgas.puk.ro
agatameble.pl
openideas.info
6tmall.com
www.00k0.com
antesipere.puk.ro
ews.tw
xjxahla.com
ardidosamente.puk.ro
www.886tt.com
impresa.wop.ro
ljuvajulia.blogspot.se
chachala.com
cawaii-hs.net
99plus.co.jp
www.zjygdq.cn
www.29ui.com
theblackcell.net
shop34283080.taobao.com
astroshop.eu
buttonholder.puk.ro
cricketextravaganza2015.blogspot.com
qd.huayueting.net
cyrzachariah.tigblog.org
cartea.info
www.sexchatnl.nl
enjoyday.net
mail.21cbh.com
www.52trs.com
walthamforestcouncilwatch.org
site-sift.com
rae.gr
becar.ru
151dy.com
kstu.265link.com
hugetraffic.com
www.hmedy.com
guihuaxiang.com
westlothian.gov.uk
travisisaacs.com
dandong.xcar.com.cn
daghdaghe90.com
trommelzucht.puk.ro
jyuubyou.wop.ro
ivuspots.com
k978.com
hupan.net
uke.gov.pl
poleko.mtp.pl
sellbeautyproductsonlinefws.wordpress.com
androidwallpaper.me
www.tt966.com
umbilic.puk.ro
mm.mv98.info
ersn.org
kefang.13366.info
pobeda.org
ruthfurr.com
unrebuilt.wop.ro
danielgomez.cl
thesameffect.com
www.hbcpqc.com
florere.wop.ro
www.twxsg.com
sarayeomid.net
yamato-baibai.jp
saloberpark.at
400ai-a.tumblr.com
naturns.it
sem.nm.cn
attacksuite.com
www.wm120.com
www.3czz.com
www.4allvn.biz
ek-se.net
xtrablog.com
www.99bill2.com
sanyo-i.jp
www.xxq6.com
shop.unas.hu
bxffbtibj.freeblog.hu
dangfu525.com
php-developer.org
www.500ggzz.com
arscsc.wop.ro
wrzmobi.com
wrigley.com
nyls.edu
granado.com.br
recenzje.net.pl
asdaysgoby.com
publikdemand.com
onlyrealmadrid.ir
www.nikeshoesid.com
gyaloglo.hu
www.so588.com
cameldog.net
znmc.78.cn
gaixinhvietnam.info
teatimexl.taobao.bj.cn
www.zhoupets.com
www.gzg666.info
tanie-pozycjonowanie.pl
professormesser.com
piepjong.puk.ro
by.www.26l.mobi
australiarussia.com
victordmitriev.ru
usth.cn
hs1.yy.ai
www.dsjinyuan.com
www.jetzt.de
eyebeam.spgw.cn
saxoprint.de
www.zzdry.com
x8a.info
gsi.gov.in
www.12520.cc
ecoresults.info
mir-it.info
sevensh.com
xpblogger.com
render911.ru
rally.it
dred21.flog.pl
pps-x.fr
www.xy1168.com
apsl.net
sighci.org
netmask.hu
techbriefs.com
www.sony.sk
jd.xf.cz
6888809.5sing.com
www.orareo.nl
pagefault.info
qise.us
somtajms.digart.pl
www.0791-88489283.com
die-freiheitlichen.com
dezkargaz.info
www.huves.nl
www.hao591591.com
eecuonlinebanking.org
multiky.ru
52shunv.info
login.daum.net
web.213yx.com
bards.ru
mxmkbpoi.blog.mongenie.com
yummyarabia.com
larsmoller.dk
www.dy120.tk
nunez.puk.ro
www.szmk.nl
daodaoy.com
netbutik.dr.dk
cholophein.wop.ro
www.qygqz.com
lagons.wop.ro
www.haosela.net
far3na.com
sedansa.be
warface.web.tr
gamar.flog.pl
wroc.pl
1o0.info
gwebtools.com
sklepztapetami.pl
lancepollard.com
bysrhzgz.78.cn
zasqwee.ch.lv
www.ydxk.cn
plusbellelavie.org
conservationindia.org
travanto.de
www.blackbeans.tk
www.16star.com
www.3k3k.us
www.20dy.cc
www.lanova.nl
www.tuba.pl
cweb.com
7d.org
jobble.pl
afroeien.puk.ro
www.yx1978.cn
goctn.wap.sh
www.dubbelepunt.nl
www.choumeijie.com
xf88gw.com
www.iso315.com
cumtranny.net
www.gxxo.net
thoitrangtre.info
wenchangqq.qiannan.org
ohoy.puk.ro
clipxxx69.info
anniesannuals.com
bza.co
thiscoupons.co
www.dygod.cn
upyupy.fr
www.rightcom.nl
elmar.nl
edu.qq.com
5aj.info
milky-pink.com
www.tzsdl.org
eingebuesstem.puk.ro
jivi-interesno.ru
omskmap.ru
www.icjiaju.com
bbs.kfsyw.cn
vivi.ro
acs.pl
byggrynet.puk.ro
kent3583.blogspot.jp
686c.com
planteer.puk.ro
www.euractiv.ro
bug.co
evalq.net
protracter.puk.ro
chocantho.com.vn
theappl.com
www.megami.nl
www.hnrjz.cm
www.jcow.net
www.55kk5.com
www.027-edu.com
cashregistersonline.com
ridera.puk.ro
amto.puk.ro
activeskin.com.au