norichika.net
jsyxx.huyunlei.cn
freelancehunt.com
adcon.wop.ro
sigmafotbal.cz
www.psyq.nl
unicreditbulbank.bg
www.brutalrape.nl
trafila.wop.ro
guihuaxiang.com
career-s.mynavi.jp
honderdvoudig.wop.ro
iptime.org
setca.net
trwilsonlaw.com
nj180degree.net
mihilaradio.com
leuchttu.wop.ro
danwest.de
www.shulian.org
banhouse.net
ttzx.com
www.reny.nl
predappi.wop.ro
buellersdownunder.com
twacomm.com
cdachyd.in
dofoto.net
dasheng7.dginfo.com
shoptrader.nl
www.accp.tk
smfl.210000.org
rafaleq.blip.pl
seedsofgames.com
vacation-destinations.net
pztrn.ru
cknet.pl
100x.jw.lt
shouka.wop.ro
recordings.ru
collection.sina.com.cn
www.358.cc
baidu.com
freehqmovies.info
pyramidci.com
trempers.wop.ro
guardianlife.com
fuke-yiyuan.org
jeep521.com
www.zhanhunfz.com
www.06ux.com
dia-lo-gue.net
kado-winkel.goedbegin.nl
lylauparadis.com
percy.ru
inspiracao.com.br
tubexxx18.info
fuckyou.puk.ro
3g.hn
comparecarehomes.com
windingroad.com
mathmen.com
lascronicasdethot.blogspot.com
wikisalamanca.org
a3ultimate.com
kkbox.com
www.850922.com
djfly.pl
muonline.org.pl
buonisconto.it
district196.org
fuhaisei.puk.ro
sprachreisen.info
mvbmusic.wrzuta.pl
fuckbook.co.in
www.lindasport.hu
dvs.vn
foxitsoftware.com
www.tvp.info
eminem-relapse-2009-album.blogspot.ie
suaffiliates.net
stun-gun-information.com
wikiemprendedores.org
www.moustaqbali.ma
www.overzicht.nl
pijnigin.puk.ro
chachala.com
botanic.cz
kampeerzaken.info
czxlyzj.blog.163.com
malachitequills.webs.com
www.linky.nl
www.612580.cn
ockhamist.com
wjss.info
articlelocker.com
www.tlzt.4f9.org
fiidu.com
ztcai.com
spb.su
www.qqyun.cc
y.cc
www.4006913999.com
metroflogs.org
h200.net
padomo.jp
www.rikast.cz
teleologische.puk.ro
smsua.net
cptetuan.org
www.sxw366.casedu.org.cn
instra.com
tviv.org
6htz.in
orgelmuziek.puk.ro
edzienniki.duw.pl
0nt.info
www.euref.eu
afkant.puk.ro
holidaygym.es
jagdschulen-ewering.de
juancong.com
go985.com
maddhossjackson.com
poshglam.com
inlineskates.net
hylle.puk.ro
yume-uranai.jp
coocha.co.kr
tuningzone.lu
joomlaviet.info
carolina1990.wrzuta.pl
vaudrais.wop.ro
iie.org
fallkniven.com
www.9j9y.com
nid.edu
www.0668yz.com
warez-ir.us
www.coenen.nl
3gyy.net.cn
sergiofranco.com.br
jama.ama-assn.org
www.culcn.cn
taran.digart.pl
orsay.wop.ro
mossless.puk.ro
rnby.210000.org
verwerin.puk.ro
contractorsdirect.com
marts.us
videogameplaza.com
io.ua
www.jsc.kz
www.destinychurch.nl
fadj.210000.org
www.currybet.net
8.cn
korrdon.info
www.rimyta.com
seoallrounder.com
www.tsw.it
cdxkkj.cn
fougasse.org
bobsley.digart.pl
szalona93.pinger.pl
wuhanseo.cn
katalog-lite.ru
pregnancymiracle44.com
www.zanghonhua.com
defence.org.cn
www.0898abc.net
naxos-news.gr
www.ttw.nl
cen.to
anargyro.puk.ro
aboutautomobiles.net
cdkfjhdhg.blogger.hu
davidrosadotcom.com
adpietalambda.com
memiana.com
floridasunvacationvilla.com
chicagofree.info
triv.soup.io
qipim.cz
ussneakershop.com
dianxin.so
seomat.net
seopackage.jp
aigle.wop.ro
itelevisor.ru
www.888qi.com
sewalkman.pl
citadimmo.fr
sex.fh21.com.cn
sh.netbj.org.cn
articlezata.com
shads.puk.ro
shahblog.net
ce.home.pl
shayu.info
shen.yiwang.cn
cyamoda.com
picscrazy.com
inyopools.com
communicationmaster.nl
shikutu.puk.ro
ddh.9998.tv
www.tskyp.com
findtheuk.co.uk
shisanbe.puk.ro
shop35162474.taobao.com
poonak.org
shoppinggranderio.com.br
bestmalwareprotectionx.com
shortquik.com
shouyo.puk.ro
sibiu.wop.ro
jimminy.wop.ro
siedp.org
siene66.de
www.1314xt.com
signsexpress.co.uk
orangepeelstudios.com
siliconsouthwest.co.uk
www.aapv.nl
addurl.me
askactor.com
simplestorage.pl
simply.xf.cz
sirius-review.net
rafiner.pl
siteinseo.com
sitesgravity.com
skicentrumdestne.cz
slice.wop.ro
sloggio.puk.ro
houqiu.com
slw2.us
smilevideos.info
alphafunding.info
snajt.wrzuta.pl
sneezey.wop.ro
360hyzj.com
snille.wop.ro
sobinbank.ru
social-news.net
socialfarm.info
socketapp.com
socw.cc
cut-up.net
softarchive.ru
solar-power-sales.com
solar-rating.org
solidt.puk.ro
solina.info
www.lostsite.hu
jaworznianin.pl
sollevare.puk.ro
iris-bulbeuses.org
songzhixiao.6188.net
sortlinks.info
soytotalmentepalacio.com.mx
mamore.wop.ro
swiftmania.de
space-d.co.jp
www.hmzwg.com
spacerki.pl
mrsbw.digart.pl
planynawakacje.pl
special-ability-horsemanship.info
sphinx-search.com
seocat.com.pl
spinacz.pl
www.xhrsjs.com
splocik.blox.pl
spn.dk
spoedcursussen.puk.ro
spoletoweb.com
navienamerica.com
usertutor.org
sport-express.ua
sport.com.mk
www.xx8xx.com
csimedia.net
alanalovesgirls.com
culturame.it
sptc.ac.th
hxbfw.cn
ssdaa.com
stadbewoners.puk.ro
stakasaki.net
businessvoc.ru
stalker-portal.info
stanleybet.ro
starbeautyworld.info
themefield.com
moefou.org
medialchrome.it
startupmilano.com
stolbud.pl
studiob.rs
simzer.wop.ro
stylescoop.co.za
summit-ent.com
susanstechtips.info
svaet.puk.ro
teavana.com
sx.wzcn.cc
sxoo.qiwen5.com
syasetu.puk.ro
mg-tds.ru
sydneybuses.info
szag.210000.org
iplan.com.ar
szczawno-jedlina.pl
riese.cba.pl
szendrey.info
szllbz.com
baltopedia.com
singlelodz.pl
szxinchaoyue.com
szzhudi.com
t2.org.cn
tadalis.name
takwa.cn
digitalizalo.net
vrachirf.ru
yatara-metara.co.jp