seosearch.com.pl
maltsethoublons.com
free-porn.info
pussytraffic.info
adamart.digart.pl
omichi.digart.pl
www.canwatch.org
mu-club.tk
www.kskd.pl
centrumprzecen.pl
7di.com.cn
itiat.pl
shpt.info
professionalemailaddressz.info
www.sikejishu.com
www.zgwrp.pl
ooll.digart.pl
lhs.wkraj.pl
mmoworld.info
w668.info
wodepay.net
phime.com
kemenpera.go.id
election-day.info
beeldengroep.puk.ro
bolerofilm.it
cornerstone.travel
www.poradnikmedyczny.pl
rawfoodcoach.com
acu.edu
china-mint.info
thebookmarking.info
lostfilm.info
disneylandparis.ie
ssscc.net
www.tuvankhoedep.com
pipety.pl
football-media.net
gluck.tv
genemaytak.com
discount-news.info
item.rakuten.co.jp
jovenclub.cu
tanhabora.com
xakac.info
www.av977.com
aluss.digart.pl
bhutandesigns.com
dm.vio.pl
kraft.com
mobileprogramming.com
nieznaana.pinger.pl
quad-hits.info
killnailfungus.info
flvflashplayer.26z.info
1079thebuzz.com
marine-gpsshop.info
blogjardineria.com
www.ppn.sk
a1dir.info
web-summum.com
pic98.info
do.wjo.pl
krysa.flog.pl
ttu-jo.net
thepreacher.info
coccodrillo.pl
registro-publico.gob.pa
chudniesz-wygrywasz.pl
www.lajka.sk
usa.info.pl
personnelsolutions2012.blip.pl
guciaa.pl
gemius.pl
www.powiat.bielsko.pl
gawin.pl
marduk70.w.interia.pl
258524482.qqku.com
kswchina.com
onlinebusinesssolutionsz.info
watchtower.org.pl
tmp1.info
artes-marciales.info
komputronik.pl
61tube.com
ecomas.info
inforam.pl
www.njkaixin.com
airteam.joinbbs.net
actualite-trash.info
ifif.ir
online-dir.info
wljm.lizhidy.net
realbiblecodes.com
krainaksiazek.pl
mamp.info
nlkx.qiwen5.com
the-independent.info
intakt.info
pixbaz.com
topa.pl
bandiagara.info
hf8.info
zarabianiezaklikanie.pl
seostat.co
adminix.org
poboczem.pl
iphone-meister.info
penella.wop.ro
b52.blip.pl
stylebymortis.w8w.pl
oseng.info
www.720pc.com
lokumdeweloper.pl
trolldad.info
www.gamingcorner.nl
graphics.beareyes.com.cn
ik-net.ne.nu
www.radio.katolik.pl
massib.info
www.fufuren.com
articlesprove.info
kredytysezonowe.pl
petlittle.com
www.umd.edu
radios.co.ve
wap.49tz.net
booty3.pl
indexnew.info
piciasso.digart.pl
pornwebcams.info
bbs.90bus.net
bookmark-artistic.info
e-rower.pl
raaku.digart.pl
tapety.ekologia.pl
ciudadlaberinto.info
hafte.puk.ro
sz.welltrend.com.cn
anuskadziu.wrzuta.pl
wildtube.ru
nevadasunshine.info
www.51jianxia.com
tetti.wop.ro
internetstandard.pl
octanum.info
forum.ea.pl
simonkeenlyside.info
henley-putnam.edu
xalonex.pinger.pl
seostation.pl
wikifesto.info
www.haoav123.com
downloadindex.info
bqn0.56dvd.net
www.emonety.pl
sexoamadores.info
www.tddx.net
komeyama.puk.ro
loluss.digart.pl
paper.li
guilin.11766.info
wap.tkwap.com
gardenplanet.pl
pro-tuning.info
threestoogesdvd.info
yxdna.com
minasleva.cz
feardark900.webs.com
myworldseobookmarks.info
www.332mm.com
zychzielinska.natemat.pl
swc6.265link.com
areyes.info
linvi.pinger.pl
verifaraway.de
redemetodista.edu.br
eutededico.tumblr.com
netgj.net
deagle.digart.pl
www.aha.be
pmsteel.com.my
kakurezato.com
ktodoladowal.pl
sztolcman.digart.pl
qrz.pl
lizal.cz
eekstaza.digart.pl
www.3qm5.4f9.org
www5.51avnv.info
clickbankcash.info
www.univs.cn
klaszczgdygowidzisz.pinger.pl
c-onepoint.com
magicalgirl1.flog.pl
www.977cao.co
roweryokey.pl
websystem.cz
dominika890.digart.pl
www.yousudy.com
prepaidcardsupport.com
coto.edu
pornofilmyhd.pl
qiche.info
startbih.info
bielawa.pl
www.vuv.cz
solomons-mines.com
meriel.flog.pl
webhosting.info
raccontati.wop.ro
programfiles.pl
domy.pl
neks.info
northerniraq.info
europelink.info
liteon.pl
youknow.digart.pl
ipslcd.com
ydjf.zhuxian2zt.com
thaiseovdo.info
botanique.be
compasstravel.info
www.72tv.net
greenday.art.pl
www.mcso.pl
makuxi.puk.ro
www.enom.com
az-host.info
www.20xs.com
whockey.com
freestuffs.info
sspops.prv.pl
prqi.info
toplistenserver.info
ilovexs.pinger.pl
thaibubbles.com
luckipad.taobao.com
gminyrp.pl
gejepedaly.prv.pl
igen6.com
sklep-notebooki.pl
evnesvak.puk.ro
oberdorf.puk.ro
mocny-katalog.com.pl
7om7.qiwen5.com
propertytime.info
myglobalinfo.com
hxv.blip.pl
spiritotrail.it
thecouponninja.com
hupan.net
modiriran.ir
bluerank.pl
zdamy.pl
jser.info
foxel.wrzuta.pl
dominoq.digart.pl
julia494.hyves.nl
www.qinzhouqu.gov.cn
submitarticlesforfree.net
www.youxiang1.com
link-cc.co.jp
cerita-sex.info
zav.digart.pl
www.64b.it
filmogren.com
taggin.com
pacer.gov
fenice.pl
job.veryeast.cn
veryniceteens.com
31miraclesonline.com
kupgazete.pl
damianwba.digart.pl
niezle-strony.pl
search-engine-optimization-experts.co
damitv.pl
www.thegetpr.net
www.eastwestkarate.org
divide.filmaster.pl
gewerbe-anmelden.info
nipmukasu.eblog.pl
www.jmnews.com.cn
tzeo.nfdy.net
on.forto.pl
xxxmir.info
crs.lombardia.it
hcsparta.cz
bdrozdek.polki.pl
moto.gratka.pl
radiovozdeinspiracion.org
www.365kongtiao.cn
kuaihuogu.info
www.eeidc.net
61zz.info
jibiki.info
makingstrange.info
karel.info
sujw.nfdy.net
gba.gov.ar
kopd.pl
kaloo.info
www.karuite.net
indexseo.pl
thenewsbox.info
bbs.snost.cn
juliet-knight.pinger.pl
www.52wf.org
eat.e0580.cn
presstur.com
runningmeuer.de
eatingplansforweightloss.info
filtrer.puk.ro
bfrg.info
df.kk66.cn
bia-sport.com
www.outlook.pl
www.hapitu.pl
moolamails.info
despearse.wop.ro
videosexe4.info
seopack.info
torrent-finder.info
linkfarm.prv.pl
impersonal.me
www.skalka.i-noclegi.pl
www.4493.com
podlasie.pl
garitto.com
mobiplanet4m.com
pacquiaovsmayweatherlivefight.info
www.hl.lss.gov.cn
zywy.pl
fly.pl
kost.digart.pl
des-dream.com
jakpoderwac.pl
www.lataj.pl
wuti.me
preloaders.net
multiartstudio.digart.pl
pizzaportal.pl
www.gaytelaviv.co.cc
cgzj.210000.org
eggrolls.wop.ro
essilor.digart.pl
50mm.me
bbs.qbj.cc
underbev.puk.ro
www.qifanqz.com
f1wm.pl
value.blox.pl
40211.ehbpok.mil.pl
tumiwisizm.pl
pacojana.pinger.pl
elkana.info
ksturow.eu
reciti.wop.ro
www.fx0731.com
d-h.st
meetingroomstohirez.info
yo24.pl
main-filez.info
toolbase.info
videosdesexo.ws
olka6633.flog.pl
dga.pinger.pl
www.0551ks.com
testdemo.info
qieo.nfdy.net
katalog-stron.com.pl
guihuaxiang.com
rabbitlike.puk.ro
xvideosporn.info
thuoctieuchay.suckhoevietnam.info
apartmentsinboston.info
www.xxx83.com
gwfq.lizhidy.net
worldblowup.info
digitalphoto.pl
greenfarm24.pl
www.engin.umich.edu
thursday-afternoon.com
soraya.biz.pl
www.hhh21.com
jagram.com.pl
rcvh.nfdy.net
anielsko.net
www.fewde.casedu.org.cn
cardmall.pingan.com
matadora.wop.ro
mci.com.pl
globus.in
www.zgtuango.com
odbitker.pl
www.mnsfz.com
ankang55.salon24.pl
prht.info
outart.digart.pl
aftermarketaccessory.blogzopia.net
dyw.admin8.us
storyful.com
bylemkotem.blip.pl
santamonicaskin.com
gift-basketsplus.info
ecopowergenerator.info
e-gory.pl
culionerosporn.sexusblog.com
bestfora.toplista.pl
www.tarim123.com
nonijuices.info
carrolandia.com.br
stretchstiefels.info
webfordesignvn.com
latestantivirussoftware.info
newphplinks.com
www.npx700.com
aiesec-tandil.org.ar
liuanshi.m69.info
www.asiabooking.com.vn
dysiaa12.pinger.pl
gipfelblog.de
justhelp.flog.pl
odbijaj.pl
myaccountingsdegree.com
dhl.com.ng
socialbookmark-balance.info
ncta.com
redbull.pl
enginedirectory.info
pvvvv.com
actionsolaire.com
approvav.puk.ro
daras74.blip.pl
dieta-odchudzanie.pl
beautyandbaking.com
chillispot.info
miempresa.info
www.laibisong.com
gimbuzshag.com.pl
pennystockreview.org
ossala.salon24.pl
articlekatalog.com
tainy.info
hand-all.pl
adleader.pl
wykrzyknik.digart.pl
sudanyiat.net
mysqlkorea.co.kr
bodymaniak.pl
thewomaninthefifthfullmovie.blogspot.dk
www.18680.net
www.protsoft.pl
blog2.morinaga.co.jp
deborahkingcenter.com
mytub.co.uk
bookmark-factory.info
viervoud.wop.ro
moluscocontagioso.info
23637.com
1000by1000.net
thecoolbean.org
new17s.com
ticinonews.ch
rmfmaxxx.pl
zhitomir.info
ng.ru
www.bet365ty.com
www.sajko.se
51hxjr.com
www.mengyichang.com
druckclever.de
navy.pinger.pl
corrado-game.info
heida.cn
iwaimai.net
www.malata.com
superdoc.com
socialbookmarkingcybernotics.info
dirlive.info
jodlownik.com.pl
www.97xxyy.com
imokvjjucej.de.tl
skigo.pl
homecenter.co.il
djolof.wop.ro
prxe.info
mkgraphic.pl
touchnottingham.com
burics.info
isemail.info
angel.pl
samsunggalaxytabbest.7q9.info
adela222.wrzuta.pl
www.dlutcool.net
fet.at
www.1480w.com
www.mucdo.com.vn
1944.pl
taririon.org.pl
4ff.info
amrahargui.eblog.pl
ms.pl
samsung-mobile.com.pl
socialbookmarkinglist.info
waperia.pl
sozialge.puk.ro
videosexe5.info
airmilesopinions.ca
mafiadaputaria.info
mia.htw.pl
100sport.pl
sofisci.pl
talismgmt.com
fanlidg.com
swat.mylog.pl
antiqueswebsite.co.uk
wirofe.wop.ro
sport-shop.pl
jipc.jp
www.ksiegowa.sosnowiec.pl
linkz4pr.info
stonealley4wp.info
trovix.com
asmartcap.org
cheapestdomainhostingz.info
websitejunky.info
id.pl
yunfu.ganji.com
logos34.ru
ssafka.blip.pl
narty.pl
4u2de-seoplink.info
garu.digart.pl
mkgenetic.digart.pl
aliss15.digart.pl
marzycielkkaa.pinger.pl
przyjazneapteki.pl
bankbusinessloanz.info
xplx.flog.pl
linkpublish.com
sexwatch.info
ache.info
cometacavia.com.pl
suckafreetv.net
www.fwceo.com
www.pifasou.net
www.igc.int
trabajoenmineria.com
liseliporno.org
josytal.info
www.fp81.com
www.uk444.com
5ahr.com
sted.flog.pl
maniatech.info
justcar-shop.info
pginsbach.info
www.thuocgiamcan.co
loewen-forum-wbb3.info
byzcath.org
traffictrends.pl
pinktube.pl
e.sggw.pl
premium.pl
yasumi.pl
agilito.pl
19602.223344.info
hsms.pl
slowbos.com
untergrabende.puk.ro
ltb.pl
heimei.wop.ro
www.incpass.com
www.prm.md
dugdig.info
skelette.puk.ro
etoro.puk.ro
radom.pl
monety-inwestycyjne.pl
www.jinpinyuan.net
www.zhuanbei.com
sklepmatrix.pl
examresults99.info
pointit.info
thebridgeontheriverkwaifullmovie.blogspot.pt
ridinfool.com
menstrualbackpainny2e.info
szymczyszyn.pl
polyonym.wop.ro
www.zhangui123.com
gadzikowski.com
chinesefertilitycalendarmtda.wordpress.com
nyasatimes.com
www.dbzj.org
kartelvo.puk.ro
isoflavones.info
rfidequipmentleasing.com
5giay.vn
gryziemy.pl
aseba31.digart.pl
yodramas.blogspot.com
xxl.tv
avcover.info
solidstatelogic.com
741.pl
polysporic.wop.ro
ydoma.info
cxkj.nfdy.net
86d1.com
pohodnik.info
www.copycon.pl
valakas-world.uz
netaffiliation.pl
radiome.com.cn
www.evff.cn
wikicalcioitalia.info
up247.info
lastplacecomics.com
avisynth.org
zred.nfdy.net
cn.admin.reuters.com
911l.info
cofunds.co.uk
fwmtrack.info
bookmarkingbizzard.info
zauberten.puk.ro
bagarticles.info
qilu120.com
www.dqe.hk
www.0311xun.cn
bbs.mumayi.com
oxblue.com
wojtiku.blip.pl
lauwerzijl.info
atehenmei.com
kythuatbachkhoa.info
s5830.pl
nyefu.puk.ro
g-net.com.ua
20cc.uqc.cn
monikak97.pinger.pl
emaildomainnamesz.info
searchengineoptimize.info
sherlockclient.info
www.dipp.pl
new-liberty.net
www.xsbaxx.net
mlm-network-marketing-home-based-business.com
bigram.pl
redhosti.pl
azhostinq.info
nissanzone.pl
egsp10-water-heater.info
www.guoju.cc
7q3.info
ztia.qiwen5.com
actionchaos.fav.cc
tielingkuaijiejiudian.fdchs.cn
theautocruisers.com
haoyule.info
www.5566ww.co
pjentaszeq.digart.pl
lokal2.pl
meetphp.pl
networkingsocial.info
creativegroup.com
nemesia.puk.ro
21ta.210000.org
roc.gov.bd
hotelscombined.pl
www.wabc.net.cn
ioreth.digart.pl
visby.pl
www.fljsw.com
pah.org.pl
grupazpr.pl
www.thoitrangaosomi.com
jubilia.pl
kfik.digart.pl
iwam.wop.ro
alathary.net
p6.headbursoe.osa.pl
www.cljtxsc.com
studentloandataz.info
www.dingwei.cn
xiyy.info
vtdf.210000.org
travelunderwriters.com
teachnet.com
art-cool.info
odszkodowania-forum.pl
xxx21.info
matine.blip.pl
fastwealth.info
lepukka.pl
westlakefinancial.com
pinyin.info
www.yuandasw.net
zareczyny.pl
iget.by
728a4.tumblr.com
ash-laminate-flooring.blog.hr
bipont.wop.ro
chicasjovenesdesnudas.com
riziqin.blogspot.com
fxone.pl
mebnqtau.blogger.hu
akida.info
areart.digart.pl
www.ledinside.cn
pruk.info
ntck.210000.org
yifuqiankun.com
www.un5888.com
x-directory.tk
kenreimer.com
miechu.digart.pl
halses.puk.ro
prxg.info
lespom.flog.pl
onoi.qiwen5.com
adfactorspr.com
gibytuke.prv.pl
familjesmycken.se
tnttorrent.info
uuzn.com
kdni.265link.com
pcsoundbar.84v.info
zhangzhe.info
www.rtyscn.com
www.keshi.co
fsrar.ru
pnet.pl
armedassault.info
investmentpropertymortgagej9ku.info
symulatory.co.pl
istota.prv.pl
hits.info
camxuc.info
trovit.pl
kima.lt
edie.nfdy.net
www.jinghuabuy.com
babuma.wop.ro
scenari-platform.org
gabot.de
maxina.cn
barrierepoker.fr
webfurl.info
afrikameet.com
fuckasiangirl.com
socialforwardnews.info
yyrm.nfdy.net
appraisers.org
www.overtee.pl
www.kz2010.info
krakow4u.pl
evanitiesbathroom.info
free-logodesign.com
antencia13.wrzuta.pl
aleweselicho.pl
katowickapilka.pl
www.400288.com
pridajclanok.info
freetemplatesonline.jp
www.deyixiu.com
vii.im
kpilibrary.com
weatherarticles.asia
temoust.org
mekc.info
rscs.cz
igfm.de
www.e168.com.cn
rae.gr
www.zfeiwang.co.cc
donators.wop.ro
hh.cn
www.lgys.cn
52common.com
prosuco.nl
zwaluwhoeve.nl
neefs.wop.ro
www.maylamsuachua.net
ugcnetonline.in
hbpx.net
farmerama.pl
tuku.cn
purelife.pl
www.unie.cz
geocaching.lap.hu
isse.org.uk
healthinn.me
gelernter.wop.ro
www.ai3j.com
kasikuk.digart.pl
www.aide.it
rayanit.ir
news.420.cn
prounionrp.ro
www.waeco.no
www.jianhuacq.com
oa.colourlife.com
warcraft.tw
7marble.cn-663ss.com663sswww.663uu.co
theater.ir
easymedialist.com
sexclub.ru
michalkoziol.digart.pl
chachala.com
firethost.com
baotojoji.blogger.hu
unblockanything.com
22eee-a.tumblr.com
buro.ru
kauai.co.za