haoserenti.info
ebebd.78.cn
www.35sp.com.cn
kumpara.com
mangarush.com
howmuchisaminilaptop.7gt.info
iphone5thai.com
www.msn-stuff.startbewijs.nl
menslife.info
geolitico.de
navanparish.ie
www.ysmaort.com
www.yuci365.net
radioparsifal.it
piasta.pl
bahamayellow.pl
kpdzxx.cn
www.72tv.net
www.mushermedia.cz
astan.blog.is
sunsweet.info
i.mk
st-dev.com
www.qubahen.net
cdecomunicacion.es
www.sunwaybag.com
uza.uz
mycamp3.tk
pps.7k7kddt.info
onsugar.com
jyxm.com.cn
emiliaw.blip.pl
onlineweblink.net
webmaster-toplist.de
skylineowners.com
bullionvault.fr
coffee-blends-now.com
causeway.com
kfyiming.58.com.cn
sugarfreemom.com
marudny.eu
mitteilu.wop.ro
g-bar.com
amadorwa.com|chris-ensoll.com|surroundreceiverrevi.9see.info|www.olx.com.sv|www.renticd.com|aleksandra1.flog.pl|www.138fp.com|www.oov.pl|bbnj.nfdy.net|khamta.wop.ro|tortellini.hu|www.wens.com.cn|fmq7.nfdy.net|webgarden.com|janjl.deviantart.com|www.7898989.com|www.04baidu.com|www.xmrsd.cn|menudirect.com|parishcreations.com|ulusahizmet.com|prsorgulama.org|www.jianfei.net|www.rts.fm|huaiyunqiandezhunbei.bb-house.com|fotobanda.com|glaent.wop.ro|anthonyackroyd.com|bioon.net|cpugjbxvci.blog.mongenie.com|www.158mlt.com|aagamas.net|www.luhacovice.cz|www.joojd.com|setools.cn|ieb.be|jphkywgi.skynetblogs.be|www.ldd6899.com|sankygz.com|dreamworld.goedbegin.nl|bbs.hkvmv.com|www.xxx93.com|www.qg-knives.com|aerialarts.deviantart.com|kzaa.nfdy.net|www.714302.com|gs.mbzl.us|vq5o.k3y3.net|www.ttky4.com|www.dcvg.cn|gascaquintero.com|www.hxtao8.com|affordablehealthcare-1.info|churchofchristehr.com|kamban.in|pan-yu.net|www.cntianxin.com|www.lmmw365.net|utorque.com|www.dywtx.com|www.shszc.com|www.dbxigua.com|www.bsyjfc.com|tumen.mk.ru|pagestat.com|www.qiangren.org|www.baimao.com|goodartanimation.com|9yin-vvoniuu.com|www.tsyouxi.cn|www.cnsummit.cn|www.zhenxingo.com|www.djdmy.com|ranking.pk|cigarettes.typepad.com|actresssex.a-maturescam.com|plsearch.com|escaparatevisual.com|adminunion.com|www.hnzyxx.net|htqc168.b2b.hc360.com|qianjin88.gitom.com|www.leica.org.cn|www.asianhugecock.com|dazs.66law.cn|19qq.hk|wap.tudou.com|www.szhq.com|www.twspg.com|valu.cn|szoves.lap.hu|wordpress.com|digital.orf.at|www.4006848085.com|bbs.sqfc.cn|ftpcdn6.r633.cn|www.szaaa.com|www.liswl.com|www.sjhfs.com|24xxoo.com|www.babaw.com|www.kkyxw.com|qdlwt.cn|fotbalstudenka.cz|gytq.nfdy.net
www.lvfa68.com
dokarmianie.blip.pl
itopdog.cn
www.xqjjw.com
hori.jp
championships1.software.informer.com
plasmacomp.com
hopyhop.com
www.sdlxinda.com
xn--hrriyet-n2a.com.tr
www.szzmzs.net
aitirlab.com
prwj.info
pistonbl.wop.ro
clinicadepediatria.es
crossfitterra-firma.com
pornbig1.info
musgrove.puk.ro
stormcn.cn
art.net
www.sska.cz
herbal-skin-cream21.proboards.com
xpt.cn
crazylife.pl
www.sbbrsy.cn
pang.soup.io
www.sfbfm.com
xgcp.info
www.ajzpw.com
pretistuli.blog.free.fr
www.rejsek.cz
thaishop.in.th
zasqwewdds.blog.com
www.aegleear.com.cn
xtpo.cn
www.artsusa.org
czmoniec.pl
www.oakleysunglassesale-uk.com
thuoctridaurang.suckhoevietnam.info
beehives.info
gametop.de
oct282011.com
bookmarkmysite.info
simplifiedses.com
twinings.co.uk
yomeishu.co.jp
www.d2d.cn
www.homemade-porno.net
51jinyin.com
trannypornzone.com
www.cmgl3.com
scatboi.com
www.honda.es
flikk.wop.ro
www.365mao.com
wealth-4-all-team.org
kiezfunk.net
lxif.nfdy.net
www.cmias.cz
futurartmagazine.es
shop.warau.jp
zdorov-spb.ru
racedayweather.com
lgyg.nfdy.net
eichborn.de
bgqnhiqrk.freeblog.hu
qxf.9998.tv
btl.ru
oscarbarber.com
dcm.ru
yczx.fengxin.gov.cn
rme.hu
centrumdrewniane.pl
revistamds.com
blog.soufun.com
toyassociation.org
58oo.in
graypic.com
mediapurveyor.info
tischlernetz.de
annuairetop.fr
mafn.ru
www.tao73.cn
www.car2008.com
www.sehao8.com
ariagency.ca
n0.flowermn.osa.pl
kpants.deviantart.com
pornfox.org
myyatradiary.blogspot.in
vtb.no
2irn.265link.com
birek.digart.pl
erotime.net
rwe.cz
medhelp.org
bihada-mania.jp
www.cere.ro
taxnews.info
teddyxiaole.com
www.holatko.cz
spontanes.wop.ro
midworld.co.uk
linkbyme.com.ar
ph.ncjxj.com
flessa-werbeartikel.de
hadopi.fr
tradebull.ee
justfriendsboscogurin.ning.com
diskonvoucher.info
dictionary.pl
loqtkopbzr.freeblog.hu
www.gren.it
skytube.jp
gonagra.puk.ro
daijo.info
www.1580w.com
zocktubuz.com.pl
cin.gov.cn
www.99gxw.com
eng.aalto.fi
quomodo.com
iecc.edu
seocat.com.pl
pucminas.br
cnkeywords.com
koelngrund.de
soft21st.com
shcs.gamefy.cn
www.zzhzsp.com
nat.gov.tw
gaziantepingilizcekursu.com
burahigi.wop.ro
golden-circle.biz
www.077108.com
topic.bohelady.com
www.smartbuyglasses.cn
boda.wop.ro
crafterhours.blogspot.com
overmarsje.hyves.nl
www.2ap.pl
freegis.org
311110.com
pm8.cn
gusjohnsonsports.com
mall.goelia.com.cn
www.ssw7.com
etu-cash.com
www.tretiruka.cz
desszert.eu
dlch.210000.org
www.i-tour.com.tw
vipggk.info
businesstool.dk
www.sexystats.nl
hudsonpastpupils.co.za
www.saqima.com
gme.sk
thebeautyclick.eu
avidaireportfolio.net
tobedwicopm.blogger.hu
www.laoposao2.com
usatf.org
billboard.software.informer.com
997.cn
www.levendlijf.nl
anticacascinasangeminiano.it
katalogaptek.pl
money.zjol.com.cn
thefixed.org
www.firmam.cz
jjsl.hyves.nl
debianusers.pl
www.ysktv.in
1evl1.deviantart.com
princeag.kaskaden.wwwwww.wop.ro
forexforums.com
gigglepoetry.com
ki-ga-moers.de.ki
www.ahxiwang.gov.cn
4-3-3.net
mototv.de
www.gambrinus.cz
exoticsealife.net
buzztin.com
agoraemais.com.br
www.123qiu.com
inviohiq.blogger.hu
arsenal-sb.ru
bottlegourduk.info
letaijiaoshui401.qianyan.biz
ign.de
analtarget.com
echu.co.kr
topv5.com
ooglaservergelijking.nl
www.17caob.com
download.tech.qq.com
look2bookhotels.com
www.ybyhk.com
ballsup.com
vgys.nfdy.net
naszinowlodz.pl
megabad.com
news.2118.com.cn
www.orai.tv
www.bfi.org.uk
balnur.com
eventim.com
www.bojin8888.com
echsys.com
bluesguitarunleashed.com
www.kzfj.net
ips.net.cn
bobidc.com
6hzt.org
baltimoresalsalessons.com
latindanceband.dk
mitcmljs.5d.cn
broyais.wop.ro
www.yhsou.com
pvmu.nfdy.net
puslsoccer.com
bandapp.com
www.bazos.cz
medicinetop.ru
teenwantme.com
geekfe.st
reversemortgagebanks.pro
sonicxpressmail.com
ecn360.cn
www.digineff.cz
baojian.185500.com
purifying.info
njjewishnews.com
paintcodeapp.com
blitheme.wop.ro
libujinqiujhzc.1168.tv
menlook.co.uk
porcelaindiaries.com
ege.do.am
foxue.5d6d.com
baqmvhkck.freeblog.hu
mon-coach-particulier.com
www.10086baidu.com
nyrany.net
trichode.puk.ro
bwaps.cn
icefaces.org
mush.fecsegj.hu
beneaped.wop.ro
first-fed.com
www.sloveb.net
hisroom.com
www.tyqcbx.cn
gerenzufang8.com
barflyphoto.com
publicbookshelf.com
www.domafit.cz
bieberfever.com
memenet.jp
www.wzfilter.com
mineco.gob.gt
belijmen.puk.ro
lefh.nfdy.net
www.jbnfc.com
www.wangzhuancaifu.com
lbm.go.jp
netprofitupdatenews.com
10086wap.net
step-up.co.jp
linkgyujto.info
ovus.it
www.bjhuazhi.com
www.aobieg44.com
bellyarmor.com
peugeot.co.uk
gateway-worldwide.com
anacweb.com
www.zhangjun.me
17xxpp.info
30yo.com
8.atvtm.info
idoconline.info
placesandlocals.com
shuangqingjiangya.1168.tv
wusail.com
bfreegames.blogspot.com
loveleiju.com
www.kaml.cz
bukmacherzy.com
www.rr66rr.com
e-bookbg.com
hotspotsinabox.com
www.jinpingmeidh.com
tailenba.freeforums.org
amrum.org
bbcs2.net
we.bs
xccjm.78.cn
blue-room.org.uk
www.iii37.info
etoro.puk.ro
an.moonbasa.com
coglinked.info
angrybirdsgamer.com
bboxtest.fr
toom.210000.org
52wt.cn
www.wpkniha.cz
97aimitao.gg28.info
estuffed.com
www.seo-gg.cn
mentv.blip.pl
wpapps.me
txcu.210000.org
ls6l.k3y3.net
shenyang.usconsulate.gov
aldona16.blip.pl
yuxi.tielu.org
mitula.com.co
sozcu.com.tr
ogerente.com.br
bbra.cn
accor.net
eisenbah.puk.ro
zoethottco.bloguez.com
posadzka.prv.pl
craveamerica.com
wrbeta.tk
gbpx.gd.gov.cn
football-media.net
kiraga.info
www.npxabc.org
www.ftea.cz
shuaiyi.5food.cn
zavodmebel.ru
8du.info
powderandbulk.com
uzonline.uz
bbs.0249.cn
nrc.hu
www.dogfood.hk
ooplah.com
socialnerd.org
cuttingedgemuscle.com
www.laa123.com
filmsenstreaming.org
private-home-movies.com
favinator.de
myweddingfavorsetc.com
gamemelt.com
tdfjtqdt.1168.tv
www.sinala.net
andiani.com
kalam.wop.ro
presse.no
victoza.com
bbs.bbt315.com
jinniumovie.be
www.zhuyiparking.com
www.tydeniky.cz
www.3ua.cn
sculk.puk.ro
se.20dxw.com
jans95.hyves.nl
thestewartgallery.com
kwoxer.de
teenspornstars.com
m2.by
caribbeanmecca.com
www.keysmission.org
blong.info
sjvmr.net
alperaydin.com
netneko.jp
jgkf.210000.org
bbs.chinanews.com.cn
nodevice.com.pt
2zlote.info
vladimirkepic.com
blog.51.ca
www.pipiseo.com
undined.puk.ro
motoda.wop.ro
tastyimage.com
applesense.com
androidfan.ru
powerhousegym.co.nz
bbs.cri.cn
rationalprinciple.com
zollverein.de
www.fsmhm.com
www.xb444.com
diamonds.com
mangootv.com
www.400p.cn
bbs.jstu.edu.cn
www.ri52.com
phonui.net
graysofwestminster.co.uk
nyirlugosvaros.hu
traveltipsweb.info
2829301.com
moviedunk.com
bbs.jh.fccs.com
carreleurs.puk.ro
numan.puk.ro
mundoanuncio.com.sv
tang.damai.cn
socialideas.info
dihalt.ru
www.fx968.cn
bbs.kaoyou.com
ilovefashionnews.nl
www.cjf.cz
www.race.es
e-zegarek.pl
anflehendem.wwwwww.wop.ro
weinbeisser-kaltern.com
sokq.qiwen5.com
kiss-music.jp
www.wwwlrc.com
pmitoolbar.com
ospedaleuniverona.it
outwaking.freeforums.org
com-products.info
www.taobaoqinghai.com
uzdiyar.net
www.76mf.com
autorevue.cz
corteidh.or.cr
www.xxx400.com
sjdhz.tk
bbs.xinzheng.cc
healthygossip.com
meet-teens.de
dumai-oke.us
spartoo.es
link.wancai.info
www.tamoto.cz
uns.edu.ar
giveindia.org
perfumesco.pl
coccodrillo.pl
cvty-secure.com
vdp.sk
offersclick.pl
bbxpp.taobao.com
www.arbchina.org
www.nikepascher2013.com
so-hosting.info
krishaweb.info
to2.mx
tal.digart.pl
directorylemon.com
lanrenzhoumo.com
beityeshua.com
patrunning.info
www.um2012.no
greenfields-kunstgras.nl
modelshoot.net
praseodymium.wop.ro
outdir.com
bcbfagaras.org
www.cimbu.cz
capcom-unity.com
upperdog.se
www.096f.com
mcmorranmedia.com
www.qsf888.net
berentsev.ru
animealacarta.com
sexe8.info
4exacademy.com
www.chuxing.jnn.cn
fanhui.cc
www.schramms.de
ronsgoldclub.com
benteng.tel
kmv-land.com
www.sijeme.eu
uhakmon.com
gdf.it
www.520crdy.com
linkbandit.info
vlex.co.uk
www.52saomeimei.com
forekc.ru
hnydfc.net
www.sanofi.cz
videofanaticos.com
danielelena.it
hyundai-i30.it
diemakler.org
perugia.it
www.2008qd.com.cn
russkoekino.ru
pitchcontroltv.com
bignaturaltitbabes.com
www.bjtaxs.com
search4sex.biz
articlesvalley.info
hzsse.com
aanga.puk.ro
zhenkx.com
birminghamcityads.co.uk
www.rrr20.com
krenn.wop.ro
castellanza.va.it
www.6846.cn
hdzoo.com
www.tianpeng.net
sadf.asia
rattails.puk.ro
bbs.sssi.cn
2012007.info
www.pranivkofole.cz
xxoo.be
ble.de
worldwidetrip.info
red-shoes.de
www.su444.com
atehenmei.com
gemmiparity.puk.ro
k-fan.me
paylane.pl
bbs.tiandaoedu.com
tisiki.net
manyue.org
nsp.bg
bf.yzz.cn
www.qingjieqiusi11.com
longdistancemoverz.info
users.on.net
tu-harburg.de
bbs.sddp.net
xx.kunlun.com
gacpw.com
uggbootsclearancex.com
yougedi.com
3amw.com
mall.sh.soufun.com
yopi-surveys.com
www.gcrtys.com
engine9design.ca
neanthro.puk.ro
jtzs.55g.cc
alchemyforums.com
qnx.com
nasheedbay.com
www.pravopis.cz
jra.jp
funzione.puk.ro
bbs.pcsky.cn
parquewarner.com
devexpress.com
techandmobile.info
66rt.info
medialchrome.it
magyarallam.hu
attivati.puk.ro
kreativtheme.com
jagoda.com.ua
texadata.com
delovestory.com
ivy-style.com
ages.puk.ro
www.3iiii.info
hotel1898.com
bbs.padfan.net
celinmexico.50webs.com
www.gw.0531bbs.cn
wdjinhai.com
www.anqueye.com
hotstroy.info
omarpela.com
sina.hd.cn
www.bbga.cz
www.shaobingouwu.com
astridkapsalon.nl
barrado.puk.ro
idsoftware.com
izah.digart.pl
www.jxexpressway.com
glitter.pl
rstyle.me
www.csmama.net
www.businessacademie.de
lady.56.com
wdfr.info
funbuck.in
desprespa.ro
biyografi.info
biz.b2b.cn
fisfiber.com
boondocks.biz
mymob.in
jjrcw.78.cn
dcple.com
ugo.com.tw
homo.camz.nl
taiheitechnos.co.jp
linkgyujtemeny.eu
www.yc3x.cc
jkclub.info
mitya.co.uk
plot.puk.ro
smashingmagazine.com
trotsky.wop.ro
zwgw.210000.org
pdxdesigner.com
sexgazetka.pl
bookbuy8.com
glustr.com
video-vault.co
www.sindasz.com
tvf.org.tr
affiliate-auf-weltreise.de
prawybory.edu.pl
www.15wdhy.com
makingmoney.co.uk
www.hi143.com
www.13149921.com
vrjq.210000.org
nuevaspeliculas.info
cartoon.chinadaily.com.cn
huy3.56dvd.net
jatekokautos.info
www.xyxx.com.cn
giattham.net
medicins.puk.ro
entschlackt.wop.ro
my.aliyun.com
livesocial.info
twenters.wop.ro
sozialeswiki.de
diadorakorea.com
www.moxiangzhao.com
agareso.org
memes.at
www.pronovias.cz
eshooop.com
radio-happysun.de
sc.189.cn
organicseobros.com
www.zsg.com.cn
www.geze.be
itmaster.tw