gus-pkd.pl
lovenmarry.com
www.municak.cz
abc.777hz.com
lintu47.deviantart.com
www.unreally.com
coronifo.wop.ro
chalets1066.com
cla.imcsit.org
euronews.net
ickysticky.net
meibaixiu.com
royaume-hasgard.com
355869.com
justamente.net
www.xixise2.us
domeny.tv
www.hanser.de
ltrvvdhjgyo.blogtrue.com
libertysflame.com
rennmaus.de
lady.56.com
hostingbulk.com
c0fe.com
shsz.downsc.net
katalogaptek.pl
jeffreyhorn.com
kimowota.net
dilations.puk.ro
www.studiodetail.cz
fikas.blip.pl
www.cbf.nl
3gmost.com
pinner.nl
autoconstruction.info
elb.com
vtual.cdutcm.edu.cn
irrevocablefate.deviantart.com
www.verbon.nl
setools.cn
reit.com
zommb.com.br
meizosei.puk.ro
www.yidoufl.com
postafreead.in
cfssj.1168.tv
sexoroll.ru
cs.cityhouse.cn
cedu.com
ardnetwork.com
getadsonline.com
kaban-love.com
www.sdsms.ccoo.cn
yeshao1994.com
hanguocheng.net
rtg-mag.hu
49gf.net
qqkm.com
www.redbull.cz
asian-feeling.net
jmworld.ru
www.clubber.sk
verenaundmarkus.ch
chromidium.puk.ro
selfmasterysecrets.com
denwabango.info
andiwal.com
l-c.hp.infoseek.co.jp
lotterien.at
prwom.com
zuixixi.com
cheapbattery.jp
baliconline.in
sandrariedel.de
prtrend.de
159zz.com
www.ruibuy.com
hong-mua.com
sunnyoven.stonebuy.com
westwing.com.tr
medkirov.ru
mi.99btgongchang.org
nnxmbh.com
quieroserblogger.com
laboutiquedelsa.fr
www.fifi.cz
beschraenke.wop.ro
3rin.net
3gqq.at
clickforblinds.com
oegs.210000.org
cng.auto.pl
tcngcnvj.freeblog.hu
face-switch.com
123feijibei.com
cebrero.puk.ro
shesha.puk.ro
forema.it
vectonemobile.se
findmombasahotels.co.ke
naturmoebel-outlet.de
lecho.wop.ro
www.tnmhw.cn
s-event.cn
klubkibicarp.pl
switch-to-mobile.com
3gqq.qq.com
chuangjiamohoshangzhu.soufun.com
v.cctv.com
haqida.uz
basildon.gov.uk
comofazerorigami.info
fieramilano.it
cy-pr.com
kickitright.com
tk09.lizhidy.net
projectfreetextads.com
www.77kav.com
www.reborn.cz
www.807007.com
abgesond.wop.ro
rap.co
qiday.net
texes.de
angliki.info
bestdong.cn
zosiaikevin.pl
beznakazannosti.net
www.aztv.az
brewplus.com
92xs.cn.la
hedon.org.nz
schweizerweinecke.ch
www.everhost.nl
vistaku.net
town.pri.ee
mahost.in
chalokool.com
warnaco.com
szene93.de
businessplan-profi.org
fastmotoring.com
maxlife.org
gygs.fjsy.net
etasan.alink7.uic.to
bbs.qshpan.com
bcplci.puk.ro
atehenmei.com
4vw.cn
chardaisukikarimero.blog.so-net.ne.jp
www.dkk.cz
ebay.su
www.norenco.pl
articulosactualidad.com
ba.5aq.info
businesscnet.com
kanadam.com
teo.lt
azgg.info
armar.wop.ro
podolsk-life.ru
kdni.265link.com
ibstock.com
chiangmai.go.th
lqjl.cn
hahaxiao.info
beehive-trade.com
www.industridesign.lth.se
gblegalmexico.com
destrozador.puk.ro
umayor.cl
www.kneq.sjzhtyy.cn
annegate.wop.ro
it.2234.us
safe-zone.net
weitebrood.puk.ro
ilsesseite.de
bighitmedia.co.uk
howtoregister.com.ua
cknorwid.prv.pl
zoblog.info
paydayloans24-7.co.uk
wai1010-b1.tumblr.com
changshakuaijiejiudian.fdchs.cn
shop.hmz.cn
4m.net
baiseshi.383845.com
freetaxreliefhelp.info
www.riebel.cz
italian-brands.ru
med-not2011.narod2.ru
760.sexfilmpie.nl
www.74251.com
kinocafe.su
dxwl.210000.org
changde.hnrcsc.com
jyz.com.cn
maxzu.com
dubo123.info
guangdiu.com
www.egov.kz
ln.10086.cn
chinapoesy.com
televiso.wop.ro
www.tvk.lt
jogogames.nl
e-bach.eu
viscus.puk.ro
9v24.k3y3.net
blauermel.de
eastmtairytt.wordpress.com
piedone.info
elgen10.blogspot.com
judicio.wop.ro
m.b2b168.com
esdragol.wop.ro
www.yk91.cn
denotationeel.wop.ro
shatelhost.com
smsrenta.ru
luoniang.com
85sfzf.com
estilocasamentos.com.br
www.csts.cz
kount.com
cdxs.gov.cn
autokarma.ro
digitalfavorites.info
live.live8bo.net
nursingdegreesonlinez.info
ronjangingerich.com
fictionalley.org
radio-jarani.com.ba
angr.210000.org
miau.pl
muz-online.net
smayadika4.sch.id
iphoneunlockstudio.com
mrpizza.co.kr
chaotic-games.com
hd.0752rc.cn
www.qnyz.net
blackbirdhotel.com
tehran-musiiic.rozblog.com
fashions-for-disney.deviantart.com
c.oshiete.goo.ne.jp
iowners.net
syenrong.net
tabspace.com
shhlongji.bokee.net
elwisek88.flog.pl
netcredit.pl
rugstorene.co.uk
bancochubut.com.ar
mixxl.ro
pracawsprzedazy.gazeta.pl
tectal.wop.ro
crazylife.pl
6bao.net
guxibaoxiufuye.1168.tv
www.farnam.cz
unhabitat.org
dygctdagym.typepad.com
www.hx6678.com
www.40800.cn
b612.cc
dgt.es
stumplemark.info
motoricus.pl
articletracer.info
mycamp1.in
www.wsyxyux.com
www.355vv.com
opisygg.bo.pl
foxnewsarticles.info
wind-phastener.info
miamimovingmoversz.info
ptcbusiness.info
www.icmt.nl
enomi.blog.so-net.ne.jp
easyseostats.com
real9.jp
kari-hardarson.blog.is
activlab.hu
forcefield-news.co.uk
kulm.wop.ro
xvdesign.com
egynews.org
cyemen.com
1stbabyshop.co.uk
www.xahuosu.com.cn
www.22178.net
job.0760.me
trader-forum.ch
7gt.info
www.letajicirabin.cz
domof.com
sky-unit.us
hgot.210000.org
segta.net
qmjuzgyg.skynetblogs.be
fuhai.zj.com
baixarmusicas.info
8ya.webspring.od.ua
account.weibo.com
nano-reef.pl
114la.ofcard.com
leipzig-city.net
thebettermom.com
nepaltoursinfo.com
community.btbuckets.com
www.11player.com
rolandclan.com
concrete5-cms.de
iheartguitarblog.com
orzegow.home.pl
tonke.cn
59gg.cc
wizz-kid82.deviantart.com
www.gzlndz.cn
www.x-fy.cn
shahblog.net
charmoden.co.uk
onx5.com
aanviwebservices.com
trait-tech.com
www.it-paper.com
danhuaer.com
armfort.cz
www.mpl.cz
hitchfifty.com
univ-metz.fr
trophypins.com
www.o591.com
frankfxg.fyfz.cn
www.monterrey.gob.mx
dytt8.com
www.altoma.cz
indiachat.co.in
www.cb365.info
filedonkey.org
directree.info
nielsennetpanel.com
www.gm3169.com
itk.fi
pornmagaz.in
enotalone.com
skutery-info.pl
www.motoair.hu
brightbridgewealth-management.com
viewitem.eim.ebay.fi
paraceph.wop.ro
pcee.org
58xx.info
1188.lv
lazzaritravel.com
nucullers.com
www.juntinghao.com
www.kafei360zx.com
betterfarming.com
wennigsen-deister.de
crfy.nfdy.net
hllego.com
ambisonictoolkit.net
www.inhair.cz
www.gevma.nl
chasa.co.za
www.scooter.hu
tousyo.wop.ro
diabetesmellitusworld.com
www.258cs.com
96pixels.net
polystylar.wop.ro
www.ladyrider.hu
raffee.wop.ro
3kobak.hu
www.sedddy.com
aiakc.org
mekatoro.net
sellfudosan.com
globtra.com
likemyface.fr
www.strelak.cz
myscoobydoogames.blogspot.com
www.378824266.qqku.com
ddip.info
our.orf.at
bookmarkstar.net
streamsports.net
abdrivers.com
chothuexetai.wap.sh
babes.xxxpornosex.net
www.hsit.com.cn
thatporn.com
www.fanel.ro
sijoushu.puk.ro
tymoshenko.ua
promocode.gen.tr
heshesurprise.com
teakdek.pl
linedance-neuhofen.de
planetapoker.com.ar
abstoppenden.puk.ro
www.ozp.cz
www.jpsf.2011.com
hup.hu
gdcorn.com
taiyuan.xinl.net
conexis.org
www.tbt029.com
wuhanseo.cn
escortguide.ro
orzcc.com
narf.pl
iplink.name
fa.cianan.net
lighttheworldministries.co.za
videosex69.info
vaillant.at
mastermagazine.info
blogging-secret.com
webartsense.com
nextore.pl
n85.sew07.info
www.666bu.com
jitc.qiwen5.com
hanyuehost.com
guihuaxiang.com
www.hhaavv.com
www.cm218.info
aprennann.freeforums.org
vanvalasztasod.blog.hu
leechpremium.info
sn77.info
rocketroberts.com
chat10.live800.com
iphoneottercover.3ji.info
gekleumden.puk.ro
teensaura.com
www.jimbo.cz
porno-povidky.com
first-fed.com
tachki.md
sbjthkhers.bloguez.com
cheapmarijuanaseedsforsale.com
birl.nfdy.net
www.five5.cn
www.jldz.cn
datosgratis.net
vvogzondag.nl
osfan.in
cheap-bastid-cooks.com
3xfd.com
ibukashi.puk.ro
3j4s8o.njlss.gov.cn
meka.it
ceap.br
shurey.com
dqoltkixb.typepad.com
cheaponlinesales.info
www.drsox.com.tw
lydvd.net
gdaypme.com
franciscocampoy.com
bustypassion.com
www.jrsyzlw.cn
renulec.blip.pl
guqiao-bj.com
3kse.com
fucinita.wop.ro
disciplinatory.wop.ro
3529888.com
mistymarshall.com
articlesvalley.info
science.co.il
www.sig.cz
godiva505.a-livesexasian.com
www.xhosting.cz
www.95522.org
trepidne.wop.ro
cheaptvhd.20j.info
www.lx9d.com
sihatu.wop.ro
www.ycgyc.com
www.xsbaxx.net
www.mzthxx.com
czvv.com
achemina.wop.ro
8889888.in
www.carlofranco.ca
www.sdhailong.com
3lang.wz.xyzx.cn
www.3uuxx.com
planettran.com
cheard.puk.ro
industryreview.org
www.burberrybagsoutle-online.com
lmunet.edu
alicehot4u.a-liveprivates.com
666333.5d6d.com
truongmamnonlythaito.edu.vn
maessige.wop.ro
gamedl.ir
www.aixueha.com
odinka.mobi
hao.33105.com
1t.cn
www.lqzl999.com
nanalady.com
putt.210000.org
www.argo.cz
loginhelper.com
www.swlc.sh.cn
hadd.puk.ro
anninhhoanggia.vn
elinformador.com.ve
malipaint.com
katalog-next.pl
www.gpbase.nl
boda.wop.ro
517anbo.com
sexpuppe.wop.ro
kakemonsen.no
blogspot.fr
lnit.edu.cn
oldestwomensex.com
www.taooho.com
jsimple.info
bacchusmodesto.com
3n.zjol.com.cn
www.ahfc.gov.cn
asports.com.tr
bobylegros.com
viet-studies.info
laibaby.info
professionalwriting.info
tagvi.wop.ro
www.szmec.net
www.realbigl.cz
wiki.x.org
www.apcug.org
learnaboutfootball.net
79abc.com
3n2n.com
lvbagusa.net
galaluna-jinx.deviantart.com
lespom.flog.pl
abreisst.puk.ro
mv78.info
5200dyy.com
xl.wgdnf.info
pinti.com.tr
radio1.pf
520510.cn
xresponders.com
todj.ru
accessvegas.com
www.cnboo.net
tyndale.ca
webmasterforums.ie
thecableco.com
crax.pl
dru.pl
shop536951.paixie.net
photofc.com
52081.net
madamechannel.nl
masters.com.au
bbs.jjxj.org
521025.com
bizvotes.com
ww.qinshou.us
pro-otdyh.ru
5212car.com
boutique-photo.biz
excortication.puk.ro
www.xcmedia.cz
4botters.com
jrpg.jp
awb.se
www.atk369.com
6548.nfdy.net
contrallumfoto.com
fangzhou.2012.blog.163.com
behrie-koi.de
wping.me
affeksjon.wop.ro
netsystech.in
enterophthisis.puk.ro
5250.in
illblogtoday.com
sonnenkraft.com
ipl52012wallpapers.info
52andy.com
fs.120job.cn
www.ly521.org
jastimber.co.uk
juancong.com
englishrepublic.ru
tsandekidis.gr
zajie.com
bbs.znyule.com
upstalsboom.de
couponsuzy.com
xinco.org
granite1.cn
mylifemyworld.pinger.pl
gd.273.cn
www.comfor.cz
www.56ue.cn
alabamabpa.net
k12.wa.us
5298.net
brgsurvey.com
www.happybb.net
bananagiant.com
ehrgeiz.wop.ro
z4.laomo.cc
edow.k3y3.net
www.gwqb.net
52av.ueuo.com
vb.net
lituixiu.cn
52item.com
tipar.md
www.kaluga.ru
52liuyin.com
sinhvatcanhvn.net
ismailaga.info
adarshexport.com
bf.yzz.cn
fnhd.nfdy.net
animeron.info
uwvv.qiwen5.com
baratnoszerzes.hu
koloshop.cz
www.91hehe.com
quantcast.com
vostok.rs
blogworld.at
www.ryqczl.cn
rongpencil.tk
www.czta.cz
comparetravel.co.za
439pk.com
gerenboke.com
rispetto.wop.ro
infonegocios.info
www.ali57.com
canaldoensino.com.br
nuevoespacio.org.ar
adygewiki.org
52njjzw.cn
3od.biz
dognameswoof.com
52sex.cn.vc
minecraftfreedownload.net
irisloungeva.com
fb.flog.pl
joplintech.com
bigrst.com
radio-blue-monster.de
androidtabletpc21.7q9.info
solomag.se
boobe.puk.ro
kreditupasaule.lv
jtb.jp
rc-sim.de
bookbookblog.com
complexarticles.info
www.kyblsoft.cz
noefv.at
bosskino.ru
2chix.com
profit7days.com
etbmice.com
029.pianfw.com
crackle.com.br
52think.me
professeurthibault.fr
bookmarkstudio.com
patarak.blog.sme.sk
52szu.com
www.think58.com
tommysbookmarks.com
4617846.5sing.com
arteh.pt
sintou.wop.ro
bitandbytes.com
odorata.wop.ro
platinoweb.com
www.cn-belt.net
yiqigun.com
dgb.co.kr
lovelyoz.com
se.kxjqz.com6755.312408.info
user-blog.de
leapfrog-properties.com
s.to
luxtime.pl
alisadoskeratinabyale.info
www.aic.cz
asianladybugs.webs.com
craftymind.com
socalireefs.com
ecoformica.it
www.shizhuang.biz
hxy173.com
navigaweb.net
ladymadeleinekalisz.prv.pl
cartierforsale.org
www.sepaidui.com
cartonnerais.puk.ro
he.189.cn
odeon-ast.ru
hrs.de
53kf.com
videonuizle.info
xn--22cdk3e3b4be5dbp1ug.com
5432888.com
ohmygeek.net
www.satrabrunn.se
16ise.com
interlat.puk.ro
53yao.com
ziadnet.com
prodi.wrzuta.pl
tk.99.com.cn
54157.szpxe.com
51yiqi.net
manchu.blog.so-net.ne.jp
543cc.com
www.firewarrior.de
zoukclub.com
xfj.ningbo.gov.cn
www.mocr.cz
ausliefernde.puk.ro
bpn.gov
laishulou.com
spartoo.pl
rupy.eu
forums.netduino.com
colocation.fr
mariosoultruth.com
makemoneyonlinewithkev.com
ltdalarna.se
beroepsb.puk.ro
0898net.net
webnoviny.sk
infoinwestor.pl
tran.cnsb.cn
mycam.hu
yume.com.tw
54cxz.com
bestdjsoftwares.com
especiales.abc.es
54jj.com
www.9554131.gz.100ye.com
nfinity.pl
muskelaufbau-garantiert.de
10dollarsoloads.com
caschi.puk.ro
globalshop.org
moreshop.net
www.viki.cz
eftbanca.cl
info-komen.org
bluefire.com.au
liilas.info
www.yezicheng.net
beidu.org
liaoyangyibisi.fdcez.cn
rosario3.com
55126.cn
sneckdra.wop.ro
lizhi83.com
edupedia.pl
wikipeptide.com
satellitedirectsoftware.tk
adquisitivo.puk.ro
ccla.puk.ro
www.mycoolboy.com
555arts.org
ktvolm.jp
supersaas.de
ookla.com
roundcoffeetable.org
gashtasa.com
divagavi.wop.ro
lovelydays.syncl.jp
cct4.fecsegj.hu
sem.yn.cn
gramophon.com
0745gp.com
691.chlorovwc.orge.pl
rcen.qiwen5.com
cd.315ts.org.cn
studyforums.org
55lure.co
applemania.pl
diskinternals.com
www.arub.cz
www.gbos.gm
lung522.net
kaew.puk.ro
www.qiuywy.net
iris-design.info
royalvintagetube.com
55ucn.com
healingthresholds.com
slowfood.de
fmxuan.com
web.ubc.ca
article-syndication.info
mwbj.qiwen5.com
renti999.net
laremix.com
430022.com
doxttjppmd.skipword.com
radiostudent.si