vjip.nfdy.net
www.uuu25.info
hukt.wop.ro
wikiprint.ru
mc-sana.kz
carcle.jp
sinjukuh.puk.ro
cofunds.co.uk
mitsuostore.com.br
www.5222.in
www.koda.ua
exportli.wop.ro
www.uu88.tk
kiteblog.pl
shahblog.net
unmoated.aigririons.wwwwww.wop.ro
xixichengyuan.com
kaptajn.wop.ro
plg.uwaterloo.ca
www.jhu.cn
91530lt.com
chachala.com
comradio.cat
tourest.ee
e-spa.fr
ainix.co.jp
arc-cancer.net
wayne.edu
catauro.wop.ro
imx.wap.ai
cedex.wop.ro
www.100sorrisi.it
computerrepairs.com.au
edodatki.pl
remmonmethoar.puk.ro
dietaonline.ru
xerxes.wop.ro
www.009dy.info
labschool.eu
www.metastudio.hr
kiba.wop.ro
us.xspf.org
libertypay.ge
84aaa.com
tmi-juhaniiranen.net
9.atvtm.info
www.lovelt.net
casa.it
atlah.org
yorku.ca
vivo.wop.ro
yozawa.info
mitsubishifm.com.br
www.huarenjie.it
www.coolbz.cn
grynet.puk.ro
equifree.dk
the-rock.sl
macandidature.fr
www.krek.hu
www.planetark.com.au
www.dola.me
brummiclub.at
wanche100.com
vogul.puk.ro
www.nia.az
kimkazandi.com
91porn.aa.am
www.ningmenggf.com
circololettori.it
texnovlog.ru
whengeniusprevailed.comolyxkp.wordpress.com
ohki.com.au
zseton.eu
guihuaxiang.com
cellutitis.org
dp.r2.lindasc.tk
cctv14.cntv.cn
www.hdav.nl
kekv.nfdy.net
carlbrandon.org
www.qinrun.org
limitere.puk.ro
miss.33b.ru
turakit.com.pl
talon.cz
content.edu.tw
00852.bz
www.bvgroup.hu
youcv.eu
www.sn0769sn.com
www.sitem.co.th
troyun.tv
kaaischuimer.puk.ro
isshitsu.puk.ro
shane.co.jp
78.mmii.biz
puella-magi.net
forumxt600.com.br
taxivan.es
grided.wop.ro
cf.wwyahoo.org
durammo.wop.ro
u.fxw.me
aitc.nfdy.net
okazyjni.pl
thomas.hu
www.lmc.eu
byoin.ne.jp