xkfi.nfdy.net
eckerkata.blog.xfree.hu
hospicernd.ru
enss.210000.org
massions.wop.ro
artweek.la
b28.ndw1.us
gesichtetem.puk.ro
sosrodzice.pl
www.babajatekok.eu
norrkoping.se
utemplate.ru
schwimmbad-zu-hause.de
oferta.sfd.pl
pharmacytechnicianhq.org
oz1q.lizhidy.net
instintiva.puk.ro
futsu.com.tw
zeken.wop.ro
csr.lap.hu
roundtable.co.uk
altairtours.ru
jpvhg0pp.blog.so-net.ne.jp
hhplace.org
iisz.210000.org
wwjj.210000.org
europraca.org
uvsq.fr
blm.gov
bloeken.puk.ro
pixel.gd
ilovemountains.org
desv.dict.cc
www.yeye.vn
onlineflashgames.org
unaproned.puk.ro
granholm.wop.ro
www.zheli.me
logsexe69.info
geesgniht.freeblog.hu
nycivic.org
liseliporn.tv
hekh.nfdy.net
angol-magyar.hu
diplotop.de
mariannemoe.no
dominicanatours.pt
www.mesda.de
www.maler.ch
ergotherapie-suchmaschine.de
tribotesters.net
kidoyuri.wop.ro
mhwf.210000.org
travelmate.com.au
dotal.wop.ro
unsecrec.wop.ro
tugaru.wop.ro
tmj-cure.org
duowantuan.net
pleseponpon.blog.so-net.ne.jp
hordozhato.hu
blondie2610.hyves.nl
www.mmy.cc
allyearsleaving.de
w9ho.210000.org
one-viewnewz.info
yplf.nfdy.net
www.wdzj.net
telovashe.kz
slurve.wop.ro
www.fodshop.pl
mylovedpantyhose.tv
strefaimperiumgier.pl
batt.jp
sbpn.nfdy.net
rukodelov.ru
rockpiercer.wop.ro
evolve.puk.ro
asian-gallery.co.uk
banso.wop.ro
gardenworld.in
impassionately.puk.ro
siedp.org
www.173line.com
mirrorreaderoffers.co.uk
ihre-social-media-agentur.de
design911.co.uk
descente.wop.ro
mytehran.ir
rooms.kiev.ua
www.about-face.org
sophiab.de
www.bxps.net
myzlab.pl
itfind.or.kr
woodlief.wop.ro
spwm.lizhidy.net
aangejaa.puk.ro
hippostudios.co.uk
davserr65.d1ocon2122.hop.clickbank.net
www.meinestrolche.de
chalow.net
dodawarka.eu
jelly900.hyves.nl
silice.wop.ro
mokiemotor.hyves.nl
deco1-1a.secry.net
terao.kyo2.jp
nanaonline.in
beyoncedaily.org
www.51quban.org
amolli.wop.ro
mysmtp.eu
shop123.com.tw
alegria-schuhe.at
hurrarepulunk.hu
nss.com.tw
afvagen.wop.ro
cityexpress.ru
fehg.nfdy.net
noyait.wop.ro
1-2-3.tv
cisaillo.wop.ro
wizardli.puk.ro
pigget.wop.ro
absolute-photography.co.uk
www.gzbdfyy.net
intergate.bc.ca
2108.kiev.ua
rabattie.wop.ro
buera.puk.ro
bmwx3.lap.hu
unprohibited.puk.ro
tunner.wop.ro
www.pojistenipsa.cz
kroena.wop.ro
wrasse.wop.ro
foliaceous.wop.ro
verbleibend.puk.ro
synodal.puk.ro
melcom.pl
dghtserver.de
adultdir.org
dimmish.puk.ro
trlz.210000.org
ekonnect.net
ono.es
leopalacehotels.jp
p-store.us
spirando.puk.ro
www.5552.us
butiro.mastopar.henreki.wwwwww.wop.ro
qthtmwajgy.blogger.hu
blogsunited.org
tirsdag.wop.ro
justinbieberargentina.net
adonis.sc
entita.puk.ro
suchlexikon.de
floridaprisonministries.org
xepcoh.info
iceage2fullmovie.blogspot.ie
triada.pl
adultwebcams.startbewijs.nl
perueduca.edu.pe
bokee.net
4088.me
visionaustralia.org
www.janula.it
rainux.org
imagenesdefondo.com.ar
ogar.wop.ro
robocityworld.net
rockledg.puk.ro
telkomadsl.co.za
ruox.net
schwerverwundet.wop.ro
foodart.ro
www.jurongjc.moe.edu.sg
libalun.info
ellipse.puk.ro
moyne-picard.fr
norsurf.net
bridetastic.com.ph
fincaraiz.com.co
itsukun.blog.so-net.ne.jp
viewit.ca
unwto.org
matsukiya-shop.net
gsfc.wop.ro
sarah-hoedje.istats.nl
ibee.in
forumnow.com.br
idopont.net
akkord.in.ua
clarksons.net
puisterige.wop.ro
xlarge.jp
77qe.com
textile-de-bucatarie.compari.ro
hdnl-blog.co.uk
0kh2.56dvd.net
werkself.de
www.gevma.nl
edu.kde.org
czes.wop.ro
ankhs.wop.ro
trener.pl
www.kaml.cz
gallonag.wop.ro
www.llys.in
ucionica.net
otisfcu.coop
subgit.wop.ro
pwawrzyczek.pl
syougais.puk.ro
www.shazukang.info
hked.nfdy.net
finanzdefinition.de
xiaoli.wop.ro
luckart.pl
newcumbe.wop.ro
mytabletennis.net
www.meigongdao.net
clewesi.ru
tagvi.wop.ro
kursfinder.de
vla.so
respecterais.puk.ro
indetectables.net
bo09.info
capecoral.net
bijverdienden.wop.ro
gapines.org
univ-orleans.fr
ezjoy.com.my
nugwnambu.org
www.sitebro.jp
underves.wop.ro
beingglutenfree.ca
al-moasher.net
otomegames-anri.at.ua
www.1580w.net
jarig.wop.ro
totalworkout.jp
tresse.wop.ro
seeger.wop.ro
eartharchitecture.org
flatassembler.net
druckereiennet.de
hecatombaeon.wop.ro
ochotoni.wop.ro
left-click.us
magazine.terre.it
e-xin.com.cn
monomi.co
mmmsait.ru
women.gov.ir
gotalk.com.au
servera.info
nastygranny.net
perfumery.puk.ro
artikel-nachrichten.de
ucdc.info
mabobark.wop.ro
ua5t.210000.org
ct1.shinobi.jp
nwb.de
telugu.wop.ro
yakan.net
blackwomenshealthimperative.org
meeslepe.wop.ro
www.wusu.net
out-of-box.co.in
www.horgaszat-vadaszat.ro
preattun.wop.ro
nimes.fr
extrem.wop.ro
bunner.wop.ro
arrangee.wop.ro
ksvr.org
pulawy.pl
cenatic.es
www.recruit.co.jp
kkqeovlyy.blogger.hu
montgomery.co.uk
thatsme.in
whittret.wop.ro
samoca.xfree.hu
www.ujelly.org
umass.edu
f65s.210000.org
three-f.co.jp
danoneactivia.hyves.nl
fitnessplatinium.pl
ir-tube.net
kjake.wop.ro
suwon.ne.kr
spainhouses.net
whatisthetrend.net
vizzdoom.net
suspectes.puk.ro
quintopiso.com.ar
yyfn.nfdy.net
yavuzselimhastanesi.gov.tr
novac.co.jp
bundeskongress-partizipation.de
tsunishi.jp
mird.nfdy.net
istanbul.2link.be
www.animoweb.be
alternativa-mc.ru
tienerspecial.sex-startje.nl
avando.cz
ug.com.br
logoreviews.org
koetst.wop.ro
machit.de
kiszlivett.blog.xfree.hu
ajc-access.org
dbvh.hyves.nl
inetsoftware.de
samia.us
exceltanar.hu
doctorgev.org
antropos.puk.ro
media-tours.de
youhack.ru
prionseneglise.fr
wptuts.info
www.xbxbxb.in
www.hiperstore.ro
cnjyzb.net
www.90qj.us
www.ly-yy.net
msrecord.com.br
www.avatari.eu
mein-hinterland.de
www.hits.ch
epity.pl
jobsinderegio.nl
bayo.wop.ro
puzz.wop.ro
losed.tk
olpt.210000.org
easyadultdating.co.uk
prachtlievend.puk.ro
youcamera.ru
c2c-online.co.uk
skyte.puk.ro
movieshare.org
sudeni.wop.ro
radioamerica.org
freakyfetish.net
mxyl.nfdy.net
ipshost.ch
pinkygirl.co.kr
trannhom.vn
hzuz.nfdy.net
postsackes.wop.ro
mar-li.libmedia.nymc.edu
verbannendes.greencity.proklami.wwwwww.wop.ro
5tyer4yt.r.gd
reagere.wop.ro
toll-collect.de
vxnu.210000.org
topseocompanies.in
qinwayne.me
cnenergy.org
www.cpudesign.com.tw
iminasi.puk.ro
polarluft.wop.ro
lunettes-raybanpascher.info
olam.uz
bonifier.puk.ro
nelnet.net
www.ashshop.de
wikihotel.info
www.guoju.cc
bespout.puk.ro
well.puk.ro
pumpanicklevintage.com.au
ticketmates.com.au
socialbacklink.info
mama12.ru
aftb-oscip.org
kazdin.wop.ro
www.screen.io
jzek.210000.org
stadium.az
aplicacionesandroid.info
dnsptr.net
fxet.210000.org
logo-planet.de
massig.puk.ro
www.8as.info
kqcv.k3y3.net
markbladet.se
candidiasis.ws
hairtrend.hu
englishtourdutranslation.pk
kjzahheg.blogger.hu
harum.ratifies.wwwwww.wop.ro
equipmoto.fr
coat.co.jp
chinaprint.org
47tg.lizhidy.net
znyrat.info
024gzf.co.bokee.net
henkievanveen.hyves.nl
frequencydesign.co.cc
www.aliwaxinnata.org
erdon.ro
bdxt.nfdy.net
www.g617.biz
imvideotutorial.net
www.azuis.me
bakutaru.wop.ro
rechtsga.puk.ro
nof.org
campaignjobs.co.uk
rappelai.timorees.wwwwww.wop.ro
classin.info
nedan.puk.ro
bazatabletok.ru
feriashop.nl
ballhaus.de
leaf.aquaplus.co.jp
sanie.puk.ro
artikel-checker.de
www.organised-confusion.eu
southeastwater.co.uk
opxo.210000.org
dribblets.puk.ro
jbc.org
yayoi.wop.ro
prff.info
luhith.wop.ro
radio.orf.at
elecomt.ru
godoza.ru
kyuukei.wop.ro
fundabrinq.org.br
websonic.nl
wappepsi.cc
nonstopuzlet.hu
knowledge-management-tools.net
refererende.wop.ro
comb.es
itkk.lizhidy.net
trova-prezzi.info
mp3towav.info
iris-bulbeuses.org
nessus.at
chuyentulanh.vn
mehrblog.net
boswebsystems.com.au
speleorovers.org
www.vietinbank.vn
download-gucci-mane-ringtones.blogspot.se
betapark.co.uk
ejuku.net
biyou-seikei.cc
undevotion.puk.ro
schleppenden.wop.ro
tic-history.ru
www.jkwz.info
guiatrimestral.com.ar
blog-admin.br-online.de
inlijst.puk.ro
dagstuhl.de
acfci.cci.fr
pornmagaz.in
mi.99btgc.org
gefrieme.wop.ro
iranvl.ir
xcode.or.id
qgan.210000.org
www.slcn.tv
forken.wop.ro
bmtrk.net
shockpoint.it
lohas-pet.com.tw
uppic.org
dj21.info
bellard.free.fr
aluniversity.edu
arneric.wop.ro
vaj2.210000.org
anadoluhayat.com.tr
amtra.org
band.pl
aitos.se
jupiterimages.co.uk
verwendbare.wwwwww.wop.ro
ingatlankorzo.hu
piotrx81.wrzuta.pl
diocajazeiras.com.br
ixev.nfdy.net
torrenthouse2.blogspot.in
www.sajko.se
www.ppbk.net
toa.jp
exak.210000.org
kogel030.hyves.nl
filehouse.tk
z077v.ki99.org
mitamura.puk.ro
hormoz.wop.ro
nuovaelettronica.it
hash.ro
stinginess.wop.ro
www.coffscoastindependent.com.au
www.elys.nl
turgranada.es
piletilevi.ee
sabin.ro
52dy.in
32700.pl
mentorom.hu
police.be
questoria.ru
compan.ru
sujeetseo.blogspot.in
aspick.wop.ro
dysgeoge.wop.ro
yuns.jp
jsfq.nfdy.net
lajaula.com.py
i2zh.k3y3.net
ysu4.210000.org
100cols.org
msdc-ms.org
bries.wop.ro
kauai.co.za
aamna-shariff.com
wapw.org
adhd1.net
voloscontato.it
topfx.pl
sxoo.qiwen5.com
jobagenciesinlondon.org.uk
fetishlinks.ru
r35k.k3y3.net
dragondirectory.co.uk
wryness.ureka.wwwwww.wop.ro
www.icn.bg
buybacklinksnow.net
e5ej.56dvd.net
musicscene.org
szilva71.xfree.hu
alliance-francaise.or.th
pantz.org
quotepictures.net
mirprom.ru
libyaguide.net
rooinek.wop.ro
ernone.fecsegj.hu
inputted.puk.ro
gisyo.puk.ro
bukkene.wop.ro
artpol.net.ua
mygalileo.de
uhren4you.de
dumpz.net
sat-module.de
crcfj.onlinedown.net
dustu.net
www.xon.nl
nonslipp.wop.ro
adxz.net
gammaink.ro
ladybook.in
oney.fr
mufti.in
www.daliuliang.info
kinsei.wop.ro
linkstop.info
amida.wop.ro
sukienki.eu
zelen.ru
bdwb.nfdy.net
pxevwzjkn.skynetblogs.be
kissid.ro
lolli.com.hk
shopshare.eu
www.glsd.hk
agoda.it
www.bdg.ch
innermor.wop.ro
smallmim.wop.ro
www.kreacja.to.xn--wenamineral-u5b.com.pl
rostock.wop.ro
thesojo.net
genj.nl
riback.flog.pl
www.loszerszam.hu
rinse.wop.ro
vpsbus.net
sallyshey.pinger.pl
sso.go.th
ipa.im
ziptuning.nl
www.142857.cc
agendadorecife.com.br
www.phanmemdoanhnghiep.vn
laie.es
www.repaha.ru
wnxt.nfdy.net
koyou.wop.ro
myface.com.nu
hinausgewachsen.puk.ro
mrd.hu
vinna.wop.ro
phpforms.net
postchecks.wop.ro
magnya.wop.ro
99sq.info
amateurdump.net
donatari.wop.ro
www.geilepoesjes.nl
gummifuss.wop.ro
westhyan.wop.ro
ruserial.com.ua
unbooked.wop.ro
pecypc.net
www.paracin.us
3ditorial.eu
frii.se
relatsencatala.cat
cosmo22.xfree.hu
epubr.com.br
freiburg.de
www.aidai.en.cm
florigen.puk.ro
6fha.210000.org
irredimible.puk.ro
kamikawa.wop.ro
labrero.puk.ro
fine-arts-museum.be
slamander.wop.ro
rhga.ru
gaim.sourceforge.net
wholekitchen.info
www.vdph.de
dominium.ru
tweeetfollowers.info
www.youhuo.la
vraagster.wop.ro
kutner.puk.ro
thomascook.in
funiforum.org
balios.wop.ro
devastando.wop.ro
libertylawsite.org
drukon.pl
carvings.wop.ro
thyroidhelp.org
regional.com.ua
orthopsychiatry.wop.ro
socialagent.se
nus.edu.sg
alo.bg
mahindradeals.co.za
rosier.de
gespiese.wop.ro
bez0nadzieja.digart.pl
airo.web.id
www.reticolo.hu
missionimpossible4fullmovie.blogspot.no
ptlegenfhj.freeblog.hu
beoptimized.nl
misulzden.freeforums.org
farota.wop.ro
visitcalifornia.fr
byy55.com
sousakut.wop.ro
hekk.210000.org
osaka-f.net
sldo.nfdy.net
camperboerse.de
fundaj.gov.br
heatingpartscenter.co.uk
politiek.linktop.be
rhinolalia.wop.ro
thief.fad3.net
nichtbef.wop.ro
links-reisen.de
lnbf.210000.org
xumeidongnlf.1168.tv
cdf.lu
agraff.no
freecom.net
siodati.puk.ro
voyeur.wop.ro
7j9v.k3y3.net
tigaku.wop.ro
iaddurl.org
aboutdomo.ru
uitstal.wop.ro
grblog.jp
x-mas-gifts.net
monigote.wop.ro
fctimes.jp
shiaief.wop.ro
mutiny.wop.ro
armd.ru
chayachitrakar.blogspot.in
hardhat.puk.ro
pinetum.wop.ro
www.citybd.net
tsukiyono.co.jp
ilexius.dyndns.org
redue.wop.ro
www.onlineseeding.vn
ictwiki.org
naziverl.wop.ro
erzaehle.puk.ro
iwateook.puk.ro
industryreview.org
greatfurnituretradingco.co.uk
strefa-hostess.pl
www.re-member.jp
kuusikiz.wop.ro
biodeals.de
extermineront.puk.ro
juukaku.puk.ro
9vpv.210000.org
www.bosup.info
spvgg-unterhaching.de
diede.wop.ro
gf30.nfdy.net
pkpkaa.cc
spielmannszug-alfhausen.de
rectocys.wop.ro
cafeoudegemaal.hyves.nl
akkumulator.bolt.hu
juif.org
bumm.sk
r8a11.xb007.net
ahlamuntada.net
grimosa.puk.ro
rapprenant.wwwwww.wop.ro
www.gratisneukfotos.nl
titulka.rvp.cz
cunard.co.uk
najlacnejsinabytok.sk
gered.wop.ro
weronka1296.pinger.pl
cellsee.jp
xiangri.fjsy.net
teachmetheweb.org
pikt.jp
i076.nfdy.net
christwire.org
irliepaja.lv
mercedesclub.org.uk
lavenderjado-mj223-100.info
unterhaus.at
doggyboho.co.uk
lebbe.wop.ro
sekla.com.br
rgci.org
fando.wop.ro
scalpfolliculitis.org
onlinejp.net
hochtrei.wop.ro
smartjobs.com.pk
www.flyup.cz
www.zq.cc
mietwhg.de
yvi.kz
www.wy0.net
bourbon.jp
chimonan.puk.ro
legend-clan.net
bosronald.hyves.nl
peracv.puk.ro
motor-master.ru
nubileones.net
waamde.puk.ro
stroy-technics.ru
yase.wop.ro
www.rebecalinares.net
web-masters.org.uk
iclaro.com.ar
fsrar.ru
lane.no
ddmf.biz
paradoxum.com.br
sjerpen.puk.ro
www.asiabooking.com.vn
download-flo-rida-ringtones.blogspot.in
xwallix.hyves.nl
keft.ru
toridase.puk.ro
maihama.net
springsl.wop.ro
iccup.ru
jewukr.org
www.sppac.cz
iverk.puk.ro
igssgt.org
www.fanyiqi.net
chkin.at
irodatakaritas.gportal.hu
festa.ne.jp
www.bqun.net
eriding.net
tojedobre.pl
minivan.ru
poweroffor.org
envilecer.puk.ro
bobinoclub.it
arbitri.puk.ro
tablons.puk.ro
vzua.210000.org
dilli.wwwwww.wop.ro
red7.info
elmoscardon.net
valetudo.ru
tweehoevig.persianu.wwwwww.wop.ro
attraction-tickets-direct.co.uk
0host.de
takousei.wop.ro
affectiv.wop.ro
yingyong.so
leloir.wop.ro
negrowhite.net
www.harmata.hu
iplan.com.ar
xone69.info
kittybookmarks.info
onlineturbo.nl
turgescency.puk.ro
kasseler-cms.net
www.tienersexfilms.nl
blu-torrents.net
opcuity.biz
innato.nl
nd7.ru
www.taohaozhan.net
download-gucci-mane-ringtones.blogspot.pt
jn.bwxx.net
hyrbil.se
jyouen.puk.ro
mytub.co.uk
liflaft.wop.ro
alcazar.wop.ro
combom.co.uk
zzu.cc
wellingdigital.com.au
www.31zs.net
foudemusique.free.fr
conrad.ba
pavelm.ru
picachu.thegioigame.org
esoul.ru
debind.puk.ro
deinfotograf.net
sexcam-gratis-testen.info
dealme.ch
tubuyori.wop.ro
fragland.net
iraklio.gr
291.me
www.xoh.be
oxland.wop.ro
juancong.com
prijszoeken.nl
tubeporno12.info
www.oxbridgedu.org
sitinweb.net
www.home.ch
jaagde.puk.ro
fobomade.org.bo
www.fundacjapauza.pl
acp.pt
hyipscan.org
im.tv
www.estinity.pl
suklet.wop.ro
independentdesign.com.au
sonobe.wop.ro
kartells.puk.ro
xannunci.net
ulju.210000.org
littlesaint.ca
spiritotrail.it
www.xjxy.net
mediadar.ru
topclub.pl
serug.wop.ro
gikan.wop.ro
flyhost.de
skott.blog.is
cofiroute.fr
rnnb.210000.org
shopwiki.co.uk
gouyiyi.info
www.cangku.tel
www.120.cm
little-black-dress.fad3.cn
paymentgateway.ru
hichkaryana.puk.ro
schichts.wop.ro
www.mx-banor.se
ofuku.puk.ro
fleshin.ru
handkus.puk.ro
gcccd.edu
stv.com.tr
kadz.com.br
wrokt.wop.ro
sanne-appa.hyves.nl
visual-sac.net
tcheofertas.com.br
perils.wop.ro
oa.runerp.net
yyas.nfdy.net
physicianpracticemanagementz.info
ccftn.com
charpentemenuiserie22.fr
flashing.cc
obd2store.de
freetemplatesonline.jp
prizmpowder.com.ip4.bz
oddisee.tv
cafis.jp
agenziascuola.it
wilkinso.puk.ro
liroly.hu
puls.kiev.ua
cardboxes.ru
gdynia.pl
yourweb.de
belisle.wop.ro
kosiba.puk.ro
billingandcodingonlineschoolsz.info
unfeudal.wop.ro
ew4y.210000.org
moderni.puk.ro
networkalimentare.it
smeltery.net
ruay.info
cryptopro.ru
diocesicampobassobojano.it
herogeme.alink7.uic.to
ibob.dk
klapjes.nl
three.com.mo
belyegek.hu
adnews.com.au
www.telemed.no
joker-6.ru
www.ayusajapan.org
sblz.nfdy.net
dysse.puk.ro
headway.pl
valec.net
scorafru.freeforums.org
cook-master.ru
www.outdoorfridge.org
dreadcraft.net
gongzi.org
tateobi.wop.ro
bloggerjobs.biz
knobbel.wop.ro
ordlyd.wop.ro
l0nt.k3y3.net
www.96435.net
infosdesite.fr
vii.im
cmalliance.org
skuffelsene.puk.ro
aansluip.puk.ro
www.moqie.cc
vdyf.nfdy.net
ggmmol.info
dimostrai.puk.ro
gremio.net
opvordering.grassy.xang.wwwwww.wop.ro
acriticalhit.net
cloner.wop.ro
clows.soup.io
sewages.puk.ro
centraldeimoveisrs.com.br
conventuelle.wop.ro
mobile.ro
gagafan.org
video-tion.net
tercerafundacion.net
novostink.ru
incom.vn
sevilla.org
vinculacionsinaloa.gob.mx
tonneliers.puk.ro
seodesaia.com.br
wplc.info
valvo.puk.ro
www.ceemet.org
radusiralu.ro
afvezel.wop.ro
www.mkeh.hu
naaste.wop.ro
kudh.net
aorist.wop.ro
gpunkt.pl
goobers.puk.ro
petitionenligne.fr
kaizer-rohan.hyves.nl
tytm.net
ecommerceschool.com.br
mahara.wop.ro
hemp.xxx
beyonceimages.org
icr.ac.uk
navar.wop.ro
chuyenphatnhanhquocte.net.vn
watchtube.us
sonystyle.com.mx
www.stomix.ru
sorairo.wop.ro
webgarden.es
promotive.com.ar
4weather.ca
qnits-tradenet.ru
radeon3d.org
carlorossi.ru
www.emedia.am
unxa.210000.org
recepto.info
umsatzindex.wop.ro
lysacup.cz
immoproxio.be
sollevi.wop.ro
doorroke.wop.ro
snowbell.puk.ro
ballerinadiet.org
kozep-dunantul.istenhozta.hu
uitpompten.antirici.fuyuzora.karaoke.hygien.wwwwww.wop.ro
mused.wop.ro
jiangaole4f.1168.tv
deokri.wop.ro
tigresse.puk.ro
konbou.puk.ro
xisuifagu.1168.tv
homochir.wop.ro
yuzawa.wop.ro
biogang.net
www.nissanmurano.org
elfden.puk.ro
yourmortgage.com.au
jnmfurniture.biz
premiasterh.ru
frechste.wop.ro
naukaprzezinternet.pl
meteo.ans.cz
www.unscharf.de
itriathlon.dk
volleyball.com.hk
jewellerybysteph.co.uk
zscaler.net
hififorum.co.uk
bfh.ch
www.karzoo.eu
www.yia.cc
degentje.wop.ro
mysilistra.net
www.zimpel.de
xuzhiyong.net
rbxs.nfdy.net
blogger.bz
unfestive.wop.ro
o-g.cn
patrouilleren.spedireste.gazel.wwwwww.wop.ro
tinmoi.vn
sikared.puk.ro
www.pace.edu
peoplecert.org
bowju.com.tw
amsinc.co.jp
eurotelco.net
tupraca24.pl
dzz.cc
88.6h68.net
janinecross.ca
easyshop.pl
electronichealing.co.uk
macs.com.ar
ijker.wop.ro
mundoindica.com.br
verbillige.puk.ro
timq.nfdy.net
famouslogos.org
springbyexample.org
couponbella.org
afstoott.wop.ro
fancinema.ro
rhizome.org
techwire.in
beschimpfung.wop.ro
jzsound.nl
punitions.puk.ro
nationaljewish.org
ss95.wap.sh
bbcgermany.de
appartement-zenderen.istats.nl
www.mascus.fi
securitylab.ru
freestats.tk
antipuritan.puk.ro
unifiabl.wop.ro
bijozukan.jp
enable.hku.hk
timico.net
amainar.wop.ro
yachtsworld.ru
bossmag.ru
iread.it
sunkland.wop.ro
www.food-china.net
tgor.210000.org
cidro.wop.ro
qrstyle.ru
platypet.wop.ro
artst.ru
uchl.lu
aidb.ru
55pk.210000.org
x5qv.lizhidy.net
elektroszerviz.uni.hu
cna5.net
zned.210000.org
ktdw.k3y3.net
acfeu.eu
kafila.org
pagerankchecker.net.in
skedge.me
dtpcraft.info
link-directory.com.au
jfcpphb.org
jygkt.1168.tv
www.igloo.ro
drukuj24.pl
harakahonline.net
webverity.blogspot.in
ziyangren.net
www.kvm.name
wap138.org
americasquarterly.org
duran.ca
www.2gis.ru
hackdispenser.net
www.adriatyk.com.pl
ymcyyf.tk
experimentselbstversorgung.net
fateci.wop.ro
kld.cc
madige.wop.ro
smashpop.net
5wtl.k3y3.net
tragacanto.puk.ro
barodynamics.puk.ro
jahonnamo.tj
r-sky.net
blogkoloss.de
amway.com.co
talehimiz.biz
cufi.org
happylifestyling.ti-da.net
rabaty-rodzinne.pl
theflatearthsociety.org
nickie.puk.ro
pharmacosmetica.ru
www.poro.cc
adventuresineducation.org
organissimo.org
24x7-spb.ru
funne.wop.ro
tenisportal.cz
exclusivemusic.org
zockerrampe.de
akademifantasia.org
romancie.wop.ro
getmentoring.org
touchvibes.fr
xnetnfbouo.freeblog.hu
bertolami.net
suuk.org
bookmarklegasy.info
www.chenjiahao.tk
zarabotokvinternete.ru
virusconcerti.it
lify.co.jp
derekshirlaw.co.uk
maisonor.be
clean-aqua.com.ua
a104.atmw.net
staff.da-te.jp
opstiete.wop.ro
fogiel.wop.ro
datarecoverysoftware.org
www.dvara.net
paltered.puk.ro
zerolipy.blip.pl
firstcarrental.co.za
prismotube.cz
milla.wop.ro
requesttracker.org
www.sexfotoalbum.nl
isaykin.digiz.ru
apomio.de
zeek--reward.biz
catiav5.ru
www.05330.net
www.ug7.net
220tv.net
drdf.210000.org
kaffeest.wop.ro
hollako.hu
lubberde.puk.ro
www.9-4.com.cn
chachill.wop.ro
5secretov.ru
imgnews.kr
zagrebdox.net
basions.wop.ro
www.toyota.dk
torichin.blog.ocn.ne.jp
adac.ae
ronjangingerich.com
auction.rakuten.co.jp
www.dobimo.se
unduteou.wop.ro
imperialhotels.co.uk
yatou.name
unchoral.puk.ro
borsato.puk.ro
ccs-tm.ro
supa.nfdy.net
nonstria.puk.ro
bearishn.wop.ro
cynet.com.my
xixichengyuan.com
matur.puk.ro
fraudwatchers.org
prisons.gov.sg
internetwebdirectory.us
www.fgtbtvd.be
www.igift.sk
temila.wop.ro
aanverwanten.puk.ro
diariodesorocaba.com.br
allquietonthewesternfrontfullmovie.blogspot.co.at
strebmaschine.puk.ro
hhfa.nfdy.net
anglofieler.puk.ro
stoert.wop.ro
classiads.biz
macalester.edu
ifavorites.info
www.mondoka.lap.hu
www.vegjd.de
akku-monster.de
baby-welt.net
elb-kind.de
myseoresources.com
michaelcassara.net
aussiewebhost.com.au
blinks.org.uk
eugenio.wop.ro
sale.wop.ro
nart.nfdy.net
backcross.puk.ro
155cafe.net
algerieinfo.tk
download-will-i-am-ringtones.blogspot.co.il
crazyinventions.net
aaci.org.ar
umazi.puk.ro
checkcheck.ch
avadra.digart.pl
queens-factory.jp
kljb-koeln.de
zg163.net
qqcy.mobi
gjepc.org
www.nhp.se
www.hsh.me
watchufc99live.blogspot.sk
nichesitebuilder.net
www.pvgy.4f9.org
acehtenggarakab.go.id
jiuye.xawl.org
gefaasde.puk.ro
wafflesoftware.net
nathalie-arthaud.info
worldvolleyball.jp
umbles.wop.ro
nhm.nu
telkikorhaz.hu
www.10bu.cc
sqlazure.jp
btnews.net
bebe-magia.ro
cyberport.de
traction-software.co.uk
www.mscollege.net
muscularpaindhg.info
java.gr.jp
sasiwata.wop.ro
21padkosdirectory.info
www.mybestschool.net
cz.eamn.net
laithwaites.co.uk
ams.web.tr
talls.puk.ro
jisssy.hyves.nl
tmrs.hyves.nl
unitedwayofalleghenycounty.org
watercontrolservices.com.au
vashmlmuspeh.ru
bth.eu
vestifinance.ru
thsc.org
www.aywd.org
yinsex.us
lmpk.nfdy.net
trends.com.ng
sacombank.com.vn
streetsblog.org
tadpolel.wop.ro
almapubliclibrary.org
cible95.net
seamonkey-project.org
www.90906.net
proud2bme.nl
sacrococcygeus.puk.ro
smakimprezy.pl
www.liempt.nl
sangreer.puk.ro
2qn6.210000.org
vorwahl-info.net
thecoolbean.org
yomarro.blog.xfree.hu
tdm.rednetmedia.pl
www.frazy.ru
www.weblist.az
kykyryza.ru
nafezi.puk.ro
sitadex.oepm.es
seat24.de
tragischsten.puk.ro
demos.bz
kysuce.cz
basketball.puk.ro
joykids.ru
viena.puk.ro
bmgranollers.cat
vuqo.nfdy.net
silye.hu
teassert.com.au
mijnevent.be
philmore.wop.ro
melbournefreevendingmachines.com.au
chapoo.eu
e-commerce-blog.de
7-sins.net
68204.tv
bbs.cjdby.net
www.fooligan.de
xhwd.210000.org
malpractice.co.il
forestaf.wop.ro
eegaas.wop.ro
fmm.9998.tv
kazcomak.kz
tinvang.org
yanagida.puk.ro
hunnentwil.puk.ro
mtnzambia.co.zm
tiseitek.puk.ro
reloadgroup.com.au
www.cdysxy.org
websiten.net
escort-treffen.de
mahou.puk.ro
cadutacapellistop.it
aphis.puk.ro
dialogui.wop.ro
itstore.dp.ua
www.glasstex.hu
offerunique.info
lestitisdupsg.fr
epitesz.lap.hu
thyroideal.puk.ro
doll.fad3.net
unsort.wop.ro
kriptopolis.org
joomla.sk
wkok.nfdy.net
eastlondonclassified.co.uk
supcourt.kz
simplysogood.blogspot.in
cjhe.210000.org
ai2eye.net
envirowiki.info
5pcq.k3y3.net
construfacilms.com.br
royalfunds.biz
ifzz.nfdy.net
nevadamusic.co.uk
alman.wop.ro
www.gpxz.net
job.itpub.net
acetylio.puk.ro
gl1b.nfdy.net
cl.orc.st
optusnet.com.au
modlabs.net
popularpages.net
dek-zaa.net
cablenet.com.cy
mideagz.net
carols.org.uk
julabakkertje.hyves.nl
wir24.de
disponert.puk.ro
pacome.wop.ro
mszjf.hu
sjjx.wgwgw.net
v4ck.56dvd.net
wsj201090.cdn3.xindns4.info
xsejie.info
indianbloggers.blogspot.in
jobserlie.hyves.nl
vknz.210000.org
www.bron.nl
porn.6996.us
club.33b.mobi
dubbedmobilemovies.in
powerleads.de
www.dochoiembe.net
sextvrura.net
www.onefy.net
openluchtmuseum.nl
formatarticles.info
casinomonticello.cl
infom.cc
19ccc.semm11.info
mantion.puk.ro
koerperbaus.puk.ro
immo-freundlich.de
kihata.wop.ro
46b3.56dvd.net
www.gasexpo.net
sjlf.nfdy.net
aqefls.org
pro-cycling.org
somervillema.gov
bancocredichile.cl
www.2866.cc
redram.com.ua
vantaggi.puk.ro
www.111zy.info
wne.edu
damesquarter.puk.ro
pgnm.info
hostrullen.se
iatmul.wop.ro
clearingthefog.net
suigench.puk.ro
yasura.wop.ro
cybermark.net
pulawireless.hr
moskva.fm
www.xuelu.org
www.leqing.info
www.hpv.nl
lamstar.kr
hodinky.cz
law.zwbk.org
fmfan.ru
onestopplus.se
musiccube.jp
mdaemon.org.ru
easyweb.si
degli-orari.it
zkatu.eu
lehmigen.puk.ro
matureandboy.org
tekenset.istats.nl
desoro.wop.ro
waidler.wop.ro
admiralmulticarquote.co.uk
sdreamworks.in
smp.no
www.shlxw.org
kurohime-kogen.co.jp
pitance.puk.ro
mydeal.lk
abcportage.fr
livechat.fi
helv.nfdy.net
isskur.ru
sisco.xfree.hu
kk668.info
bjerremediaservice.dk
ecplanets.net
gitl.wop.ro
jurnalvirtual.ro
joomlaportal.cz
bus.hankyu.co.jp
573h.nfdy.net
barneveld-underground.hyves.nl
love.cnool.net
walzen.de
mymummy.ru
rhinopho.puk.ro
ime.or.jp
iogonline.net
kraamden.puk.ro
asalir.wop.ro
flynet.pro
hcsparta.cz
www.region.peel.on.ca
prestashop.co.kr
999sss.info
kukizaki.puk.ro
profil-werbeartikel.de
www.l4cj.4f9.org
prizeee.wrzuta.pl
appartement-huizen.istats.nl
emer.kz
b281.sutra999.net
the-body-shop.co.jp
agraria.org
undeform.wop.ro
hureca.fr
www.oliva.lap.hu
christworkers.de
achaia.wop.ro
coquillage.puk.ro
ellos.dk
joshamik.hyves.nl
ushpa.aero
www.jiqingliaotianshi.net
kredieti.wop.ro
headphones.com.au
cameroun.com.cm
retrogaming.no
sfcsf.org
pmuo.210000.org
motomalaya.net
www.hk-blog.cn
privatimmobilien.at
mueki.puk.ro
donators.wop.ro
les-miserables-full-movie.blogspot.in
membershiprewards.de
iaa.gov.il
fspot.net
www.dragon-guide.net
techhelpforums.net
demiweb.info
lunula.org
gruenesmoothies.de
hosiduki.puk.ro
hrxw.56dvd.net
zfhq.210000.org
eurosms.org
mag-mobil.de
hamster.ru
almoca.xfree.hu
meigu.sczt.net
gamblingcasino.net
best123.24.eu
homes.bg
www.mysec.hu
owebmoney.info
paginasanuncios.net
neuges.org
longent.wop.ro
podarimo.si
fischver.puk.ro
phpwhois.org
webaff.ch
alathary.net
www.spbas.ru
fukurish.puk.ro
viuu.nfdy.net
www.sns.se
lioa-nhatlinh.vn
psboy.pl
zentaimarianna.click.hu
1shopzone.de
kwama.wop.ro
qoqk.210000.org
benyt.puk.ro
bigbeargrizzly.net
vignes.puk.ro
definiee.wop.ro
www.nnjyl3.info
qonr.k3y3.net
comparisons.org
shayasanm.ir
stolz-text-bild.de
xxxbta.wop.ro
ita.org.ru
foromtalen.puk.ro
vissercichlids.nl
mbj.dz.vancelle.net
poou.nfdy.net
adac-shop.de
ryman.co.uk
roekk.puk.ro
dumont-securite.fr
vlezigst.wop.ro
chjn.210000.org
unisurf.co.il
mediaxpress.net
sprueche.net
4103.56dvd.net
ilgufo.it
816y.nfdy.net
twinkling-stars.net
s.org
www.wjebhk.net
www.lse.ro
www.xucla.es
salpaste.puk.ro
thebestexoticmarigoldhotelfullmovie.blogspot.gr
wap.1pt.hk
62840.info
kmd.dk
www.evona.cz
sfwiki.do.am
thelordoftherings2fullmovie.blogspot.mx
valueclickmedia.de
sarussia.wrzuta.pl
digitaprint.jp
apartamenty.pl
toothdrawer.wop.ro
sociedadephd.com.br
bc.by
pragaszallas.net
panamairline.ru
tesalliance.org
sabcioxd.wrzuta.pl
www.chinahr81.net
kuchi.fm
planetedocff.pl
peyq.k3y3.net
68ddd.info
www.astrotv.nl
www.lorizzle.nl
stopshop.co.za
2x4u.k3y3.net
szalaitk.hu
qgpf.210000.org
striempj.puk.ro
corbina.tv
greenfarm24.pl
yvasi.com.ua
spuw.puk.ro
chopo.com.mx
pannelappen.nl
aussiepages.com.au
vx.meilew.net
webdesign-seo.net
foroactivo.mx
ncbex.org
short-haircuts.org
ouhl.210000.org
polcarstva.net
bigtravel.ro
inox.56dvd.net
pliggseo.biz
icoupons.ru
achyrode.wop.ro
dampelas.puk.ro
touchdown.co.uk
hopeinenomena.net
affiliate-marketing-money.net
wincott.wop.ro
doppelnetzteil.wop.ro
www.annecy.org
tint.puk.ro
mayfairdentist.ca
ibrd.puk.ro
italystone.us
www.leijiverse.extra.hu
archery.org
tarielkapanadze.ru
luxuo.it
sburdasov.ru
prolicid.immortality.attacha.ootemati.wwwwww.wop.ro
evlks.de
nandakum.wop.ro
www.88f.in
celvik.ba
photon.in
belichtete.puk.ro
knowhow2go.org
sorsele.puk.ro
albanianews.it
gemonteerden.puk.ro
poluphlo.wop.ro
royalhill.co.jp
www.mkm.ee
keyzero.net
total.kz
www.loft-vision.net
slando.nnov.ru
kraageen.wop.ro
tautegor.puk.ro
firdaposten.no
mosti.gov.my
seabeach.wop.ro
the-efa.org
www.origo.hu
artizzl.nl
mirkuno.net
nejlevnejsikava.cz
slc.engr.wisc.edu
konzhong.co.cc
jagriti.co.in
ebf.org
showsiteinfo.net
nsearch.yahoo.co.jp
indented.wop.ro
diedro.wop.ro
planetahosting.cl
bigpicture.in
careerclassifieds.co.za
apple-iphone.ru
ictidank.puk.ro
valutafo.euwww.wop.ro
www.vorratsdatenspeicherung.de
tsiyon.puk.ro
scootercommunity.com.au
thatkhe.info
klasszcsajok.hu
baviere.puk.ro
emirdag.gen.tr
orso.biz
www.liuyabin.in
nbfashion.net
www.newton24.it
www.qianke.cc
causeth.wop.ro
parts-renault.ru
oghm.nfdy.net
www.sveo.lt
menshaircuts.net
alittihad.co.ae
l2world.org
timelady.ru
music-day.info
wasserli.wop.ro
postskriptum.me
marimari.info
ur.ru
jhue.puk.ro
helpfindjeff.org
dvd2hand.tv
ozkuy.biz
www.yezicheng.net
atehenmei.com
shenplanet.net
ipcjser.tk
www.bodyinmind.hu
kolesomne.ru
www.6saobii.info
renault.ru
autoclubmutua.es
uridura.wop.ro
sffq.210000.org
heleno.wop.ro
siteuri-web.ro
strigous.wop.ro
iroda.lap.hu
grandwallpapers.net
fishsim.net
baseball-berlin.de
social-gamer.de
sigur-ros.co.uk
fft.szie.hu
bloka.ru
blog.ropross.net
helsenorge.no
fdxk.210000.org
bellco.org
shagird.az
mcdougalfh.info
www.oklej.pl
activenetworking.info
www.g2000.in
timra.wop.ro
boten.nl
westsumn.wop.ro
mgrbjs.114.org
makam.puk.ro
100dayloans.co.uk
kyomei.wop.ro
dislikea.puk.ro
ornions.puk.ro
morganvillecollaborative.org
1001tur.ru
platin.wop.ro
iritec.es
news.beianchaxun.net
olcso-receptek.hu
hecto.wop.ro
stream-movies-free.blogspot.mx
e-review.tv
wfcity.de
blikwink.puk.ro
www.bohncore.de
faslet.wop.ro
teknolojitv.net
saignant.puk.ro
spoedig.puk.ro
ayear.puk.ro
www.ew52.cn
www.zton.net
kellan-lutz.net
kwoz.210000.org
atomurl.net
squatarchitekci.pl
count.puk.ro
www.to-010.cn
sweatparkasale.info
unhat.wop.ro
djsatkoosfiesta.tk
royalpalace.co.kr
www.tuopu8.info
tigran.wop.ro
zhaowo.cc
www.vilaglex.hu
zostera.wop.ro
parapare.puk.ro
guenstigerreisen.org
gwnr.nfdy.net
tirateunpalo.net
ncsection.org
zmbrasil.com.br
sinonjs.org
20six.de
www.jenn.nu
kpb.bg
btv.ch
wxphp.org
2kom.ru
olx.no
www.sata.pt
allbestmovies.ru
bcfm.ca
cim.org
511ny.org
www.qlcom.net
bernthaler.at
unimedia.md
kalnoki.video.xfree.hu
snuit.wop.ro
vivamondo.se
bclight.ru
www.cnxz.net
lynnea.wop.ro
ynetshops.co.il
diagonal.org
dugd.nfdy.net
jwest.pl
anjeli.se
balbriggan.info
maganszallas.wyw.hu
maist.wop.ro
antiugonauto.ru
imovelavenda.com.br
watchlettherightoneinonline.blogspot.be
speedtest.fr
averillpark.puk.ro
zvle.210000.org
nusexvideo.nl
stimulusjobs.net
gotonz.org
transfer4u.gr
nyrrc.org
sjiekwa.hyves.nl
arnesi.wop.ro
schoenheitsklinik.de
i-clone.be
zulubeehive.co.uk
maythucphamtp.vn
escoladecomunicacao.com.br
superhosting.cl
price-kicker.co.uk
rflbiab.com.au
heimatmu.puk.ro
startupbase.net
www.sonpohogo.or.jp
qucd.210000.org
rooftop.cc
www.csauto.org
erkaufen.puk.ro
interred.com.ar
rank.fr
minuutwi.wop.ro
jisko.org
zjky.210000.org
yescosmetics.com.br
sekiwatohoku.co.jp
www.kenzas.se
download-plies-ringtones.blogspot.ie
rusi.org
aedu.210000.org
xe8.net
download-carly-rae-jepsen-ringtones.blogspot.ch
cslink.cz
dazhou.sczt.net
tibet-dog-forum.de
werckplaets.widoeghe.nl
esplicat.puk.ro
adviceful.wop.ro
torsteindahle.no
islamsky.net
pony.pinger.pl
annapalluch.digart.pl
comedie-francaise.fr
kulturawkrakowie.pl
yaradejong.nl
autoguide131.r.gd
getbrowser.net
beslutsm.puk.ro
recursosteologicos.org
kritte.wop.ro
biberonner.wop.ro
inholland.nl
rotadaspousadas.com.br
alarm-lockon.dk
www.szxmy.net
cental.de
ralc.net
orio.wop.ro
tgm.by
www.metina.nl
tapawc.es
lassy.ru
spirituellkultur.org
bodigroup.mn
fhwn.nfdy.net
submeeti.puk.ro
z9.singdeadvs.osa.pl
reengeno.wop.ro
jantje-t.hyves.nl
putty.org.ru
www.myhhg.org
internetconnection.net
guibwa.wop.ro
infatuat.puk.ro
themanwiththeironfistsfullmovie.blogspot.pt
vcb.me
vr.fi
pressezeiger.de
z364.lizhidy.net
www.gtz.de
mototv.de
jn.aili.cc
kumat.puk.ro
liwa.210000.org
evolver.net
anwaltskanzlei-hechler.de
dreamjournal.net
barbook.ru
medrezept.ru
estos.de
bathroomcity.co.uk
irihost.org
www.lr03.tulv.org
spasertur.wop.ro
strelec.ucoz.ru
www.qsqk.net
tolerance.wop.ro
www.nikki-central.gportal.hu
sakidaka.wop.ro
1jlh.210000.org
tirwit.wop.ro
onedirection.pl
europcar.be
homikus.pl
chrysoer.puk.ro
pixeleden.co.uk
trymasak.my
www.motorosruha.lap.hu
szufle.linkekneked.hu
express-bux.ru
daegu.kr
walkjogrun.net
hydatomo.wop.ro
springwallpaper.org
immunen.puk.ro
hurroo.puk.ro
ferienhaus-seitz.de
users.ecs.soton.ac.uk
theconservativemonster.mobi
www.smartline.ro
big-men.net
joukouke.puk.ro
bqmx.nfdy.net
dianshi.biz
maculoso.puk.ro
gdeslon.ru
ienglish.gr
jyskeblog.dk
broomeracing.co.uk
oeverkae.puk.ro
melolonthidan.wop.ro
www.totalcmd.net
alliot.wop.ro
ngong.puk.ro
spacebags.co
cytohyaloplasm.puk.ro
mag-net.cn
cie.ru
gunma.manzoku.or.jp
0376seo.net
klubbinfo.no
vohb.56dvd.net
debeterewereld.nl
kldr.nl
sisyunki.puk.ro
www.698.hk
viagenscoletivas.com.br
ou.nl
shez.ganyu.org
angulome.puk.ro
chivillo.puk.ro
zvuk.in
luchtledige.wwwwww.wop.ro
wasitu.wop.ro
zktriz.net
milversite.net
jagdev.puk.ro
www.5li.in
meczyki.pl
idyls.puk.ro
cotes.wop.ro
www.zgtm.mobi
copevill.puk.ro
yungurro.wop.ro
ilovetech.it
sweldund.wop.ro
capn3m0.org
hebichepiao.qiannan.org
pavy.wop.ro
lasson.wop.ro
www.wkf.net
syndebuk.wop.ro
ebookforum.cz
matipl.pl
www.hedu.at
daily.am
vingle.wop.ro
shanalin.org
sdlceku.co.in
www.oopv.info
barks.jp
jwqg.210000.org
myofb.de
nap.mcse.hu
broma.fr
creativestyle.pl
mariancb.digart.pl
yourpop.in
www.teful.net
bilturen.no
hillpoin.puk.ro
mega.co.il
irm.pl
negocios-online.info
generasj.puk.ro
iweed.info
pinalcountyaz.gov
nboi.k3y3.net
vectorco.wop.ro
tokillamockingbirdfullmovie.blogspot.gr
k12.or.us
aktivsport.hu
oneinternet.de
tanbaooy.wop.ro
tbcbank.ge
frusti.wop.ro
www.dfeventos.com.ar
anhelo.puk.ro
linuxway.ru
2ku.cc
stupirai.puk.ro
www.dlutcool.net
rrw.bz
dechema.de
topworkoutsongs.org
hckozubova.cz
ranchocortesano.net
washingtongreen.co.uk
unsteadi.wop.ro
uruchima.wop.ro
kubota.co.jp
prismatico.net
kurzlebige.rochers.gracer.essi.euwww.wop.ro
assistentlege.wop.ro
imployments.puk.ro
dobradieta.warszawa.pl
myprinting.de
www.alacati.oteller.name
dilinks.info
vermutet.puk.ro
v49p.nfdy.net
savida.wop.ro
matx132.pl
kadets.info
triesteallnews.it
voltafootwear.it
uinna.puk.ro
jaijeet.wop.ro
eisenach-folientechnik.de
www.zenoli.net
isflak.wop.ro
polskajazda.pl
spir.cz
staatene.mutia.vlos.bedrosia.zelfverw.alconbur.wwwwww.wop.ro
red-lights-full-movie.blogspot.co.at
ariatech.com.au
www.abbeythermalboards.com.au
corpone.org
www.kscms.net
spinform.ru
bfit.jp
www.mpaustin.org
toumorok.puk.ro
hauspflegeverein-bielefeld.de
priem.wop.ro
jbrv.nfdy.net
michalwoz15.pinger.pl
www.liva.hr
www.ulii.org
777uu.cc
lutyk.ro
dacrycystalgia.wop.ro
stopperas.wop.ro
corbylove.net
sweetxd.pinger.pl
4strike.com.pl
handyortung24.org
socialwebborder.info
mcblockhaus.de
dsystem.com.br
raycity.in.th
xeko.vn
robertatum.com.br
www.mi-world.com.tw
lawoftime.org
sisselykke.dk
daz.su
juegosdeautos.tv
mirkest.wop.ro
embest.net
agenciadas.com.br
harris.tx.us
www.nopd.nl
nycaijing.net
oracletelecom.com.au
korymbos.puk.ro
seostandards.org
polimedia.us
dijon.fr
2manydjs.org
dm.blog.is
caws.ws
fbbind.wop.ro
ksc.de
neumeka.ru
kha.com.tr
leto-more.org.ua
pierot.wop.ro
www.xx9r.4f9.org
kznx.nfdy.net
orgaone.co.kr
tkd-irkutsk.ru
rankjack.info
rehab-programs.org
purpose.co.jp
manage.fad3.net
www.borokagyogyszertar.hu
mohe.gov.sa
www.huancai.org
tapetenmarkt.de
afaq-n.net
conservador.wop.ro
greenwich-college.ac.uk
komplikasjoner.puk.ro
kontxt.net
medizinberichte.de
spirit.wop.ro
siafoo.net
osram.it
todash.jp
mcseurope.nl
killerdeals.co.za
poker.tlap.hu
kinofuck.biz
weaveman.info
saptepietre.ro
herrenschmiede.de
moores.puk.ro
chexov.info
yongom.puk.ro
toetakel.wop.ro
www.sennik.nl
sina88.net
healthcare-online.org
jobhimmel.at
isanthous.wop.ro
provogue.net
thelalgi.puk.ro
ttpur.de
flusymptoms2012.org
seer.wop.ro
help.cqnews.net
tasiemce24.pl
mecklenburgcountync.gov
toi.in
cy-pr.by
nuspelen.nl
ukokkei.co.jp
aamva.org
pantherish.wop.ro
studenti.fi.it
fdc.org.br
unstoici.puk.ro
superjoc.ro
arbeitsd.puk.ro
fugir.wop.ro
zindo.wop.ro
ycnx.nfdy.net
gpks.prv.pl
7cy.tv
www.foretagarna.se
peigna.wop.ro
i-hearts.jp
perniabierta.puk.ro
cleaningboat.org
zeilpriemen.puk.ro
www.vcp.nl
shote.puk.ro
osfromscratch.org
hanepoot.puk.ro
scontammo.wop.ro
birminghampost.net
futura.org.br
mn19.net
fylv.nfdy.net
world-sec.tn
tech-blog.net
freemoneyblog.info
ttza.56dvd.net
filmarti.wop.ro
landplan.puk.ro
d.org
unchinke.wop.ro
www.chichesterjudoclub.co.uk
kicsit.hu
10bt.info
mnkontir.hu
iautmu.ac.ir
rentiyishu.tel
www.yingmi.info
zoofiliagratis.com.ar
carbootsales.org
backlinknetworks.net
cichoo.digart.pl
mattandcat.co.uk
html5websites.net
apartment-143-full-movie.blogspot.tw
ddlsrb.net
schwaerzliche.wop.ro
shahshah.puk.ro
joaofialho.net
theonlineadds.net
cornix.wop.ro
download-kid-cudi-ringtones.blogspot.sk
geaffecteerder.wop.ro
jgkf.210000.org
g37.net
forficula.puk.ro
vibrereb.puk.ro
surplus.wop.ro
quotidianopiemontese.it
eskuvoifehernemu.lap.hu
versandz.wop.ro
www.tantra-studio.de
quakerci.erythemi.melbu.wwwwww.wop.ro
dhegy.hu
veldtrossen.puk.ro
www.zhenren888.org
tw.battle.net
ezermestermb.hu
complicare.puk.ro
swissmed.pl
aiix.lizhidy.net
oze1999.net
baalist.wop.ro
boi.gov.bd
dnf.3839.net
zitbrno.cz
seinregi.wop.ro
cianchetto.it
millor.ru
iter.nfdy.net
floral.wop.ro
sulamith.net
ibic.me
haori.wop.ro
banbkk.org
www.2083.jp
panzaycorazon.org
sportaavize.lv
edzematestem.hu
lasuch.pinger.pl
anjli.puk.ro
icceg.org
zatj.nfdy.net
dchomes.us
igfa.org
ocrgrid.org
3gfu.net
nocking.wop.ro
apurerai.puk.ro
tonit.puk.ro
samsung.net
movidachatvm18.eu
dghh.210000.org
jmp1.digart.pl
interbit.pl
geolitico.de
cncctv.cc
www.rtn.ch
qiub.nfdy.net
pmtutor.org
firmisternia.fendo.riapparita.informatiserai.touhaku.wwwwww.wop.ro
skimten.puk.ro
citeam.pl
tiempodevictoria.com.ar
videx.jp
bamper66.ru
ri.sunho.jp
breekallen.puk.ro
he.to-look.cn
impinged.wop.ro
m1y.org
www.020banjia.net
gekielhaalde.puk.ro
allo4ka.ru
energycell.co.uk
galanteador.puk.ro
aleksandra1.flog.pl
www.nfpa.org
serverplace.net