ucf.edu
pelo.jp
wwjp.ro
ahgz.de
www.cqwx120.com
fvoe.de
acijoso.puk.ro
cpb.org
kidney.tk
caikoo.net
imps.pl
dol.gov
sae.edu
www.qijiao.net
karisto.fi
insufflais.puk.ro
chinesegenderchart.info
idbi.co.in
mhs.com
laso.jp
r0w.org
www.orszagvaros.hu
cp8.biz
moersleutels.dipsaceo.wwwwww.wop.ro
hacoco.net
celebrity-forum.cz
jinjutsu.org
alva.wop.ro
fichten.wop.ro
eat2gather.net
yy18.info
shuuseih.wop.ro
cuisineus.info
www.textilshop.hu
kinderkultur-frankfurt.de
rsna.210000.org
orchestra.fr
49i.cc
basis-32.org
gartic.uol.com.br
dubbing.puk.ro
www.kartonagen.de
n.cc
snapstore.be
elobservatodo.cl
boulangeries.wop.ro
sgraziata.puk.ro
kafjes.puk.ro
blitheme.wop.ro
theignatpost.ru
linkkereso.info
claassen-kunststoffe.de
opticnet.ro
uniquegoods.biz
xtek.com.au
fh-zwickau.de
hoehere.wop.ro
dague.wop.ro
www.bjrsq.net
technohit.ru
kiss.com.tw
mobiltel.bg
www.at188.net
hlfx.ru
www.hangtapasz.hu
avildsen.puk.ro
porta-croatia.de
nekabu.wop.ro
v2.fi
www.tzbear.net
kettler.net
www.yysex.tk
www.dichvuvisa.name.vn
m-e-s.co.jp
torrent.tm
7mux.nfdy.net
constitution.ru
skitsere.puk.ro
suww.nfdy.net
jubesco.de
xn--tckzcta2f0dt59v18dptsqt2h.jp
certificat-ecommerce.fr
saclouisvuitton-fr.org
seofreetricks.net
savethedate.it
yfxz.net
gopal.puk.ro
sonyvaiocouponcodes.20j.info
www.eimage.ca
promomusic.fr
yukazakka.blog.so-net.ne.jp
acastillada.puk.ro
esicongweni.co.za
fh.0937.net
www.roval.nl
yalm.210000.org
eddysbikes.net
joyner.ws
wallashops.co.il
rae.gr
terkel.jp
nsvp.210000.org
neonbrazil.com.br
abur.wop.ro
news.heute.ch
impearli.wop.ro
melodiafm.gr
gerne.wop.ro
e6e6.net
settl.zugspitze.amorism.wwwwww.wop.ro
smartpress.cz
basemilitar.com.br
tasoiawa.puk.ro
kaele.wop.ro
idamay.wop.ro
antwerpen.be
mp3la.ru
ndxr.k3y3.net
taninsih.puk.ro
eslteaching.info
parseta.org.pl
siekuku.digart.pl
ntt-kstd.co.jp
slot.wop.ro
sangiing.puk.ro
www.bas.nl
gamecash.fr
puck.blip.pl
knx.biz.pl
onoranzefunebridario.it
manbw.ru
vervelt.wop.ro
tools.store.ro
praatstoel.wwwwww.wop.ro
eroazcboqf.blogger.hu
mitfcu.org
wouch.wop.ro
watch-bikini-spring-break-online.blogspot.jp
homesecurityandmonitoringz.info
dime.jp
digitalab.co.uk
creativeparis.info
lamentie.wop.ro
www.lingdai.biz
tribolat.wop.ro
blogsy.net
wmb2.nfdy.net
konna.digart.pl
www.ipbes.net
swappers.co.il
iljt.in
privi.ru
gallows.puk.ro
firatnews.tv
hanmu.siegmann.wwwwww.wop.ro
heavier.puk.ro
thermaltake-italia.it
titirimundi.wop.ro
wsjf.nfdy.net
joomleiros.org
heves.wop.ro
www.v-q.com.cn
aleph-dach.ch
naviny.by
www.pia.co.jp
vicla.eu
ravit.wop.ro
muvetisdc.ru
fivestarpokies.com.au
saxoprint.de
balygirl.startbewijs.nl
zaraev.ru
tmpj.nfdy.net
lyei.210000.org
189.mx
verified.puk.ro
conexis.org
cuteyummies.net
baseballacademy.iplace.cz
ram32.ru
kimonodaisuki.blog.so-net.ne.jp
meikuang.net
writeon-irishgirls.info
gpbg.nfdy.net
daynight.jp
execplatform.net
www.baogiacamera.vn
appelsie.wop.ro
adidas0riginals.hyves.nl
www.aalberstextiel.nl
www.power.ee
arska.org
bloggersnetwork.net
3-mag.net
j2.hk
aanschouwde.puk.ro
emselori.blog.pl
xnview.de
pwvi.nfdy.net
shoptimate.fr
tuvim.soup.io
gbob.tv
alley.wop.ro
amoy.210000.org
baiduyouhua.net
kasadora.ru
dawes.wop.ro
banne.wop.ro
akku-gebiet.de
justbrowse.us
bahiarun.com.br
smm.co.jp
anonispecialistnow.in
tigerstores.co.uk
sasluts.co.za
ywway.ru
orsay.wop.ro
aandraafden.puk.ro
lamblia.puk.ro
finial.wop.ro
minecrafter-s.ru
www.vae.cz
kitemi.net
untractarian.puk.ro
ostinata.puk.ro
filmsens.wop.ro
bhms.ch
hayesknight.com.au
brandaffinity.net
sirius-review.net
iu.ac.ke
qqqqqqqq.wop.ro
reimy.net
humyai79.info
houseofkids.dk
gipernn.ru
tacloban.puk.ro
3ain.net
online-seo-information.blogspot.in
dblp.uni-trier.de
privateselection.ch
rauchmelder-experten.de
vagabondo.net
reestri.gov.ge
fukulog.jp
globaal.wop.ro
outchow.sino.tk
xqbl.210000.org
bestgaminglaptop.net
ksc.de
person.dk
ucbji.wop.ro
micromania.fr
tardives.wop.ro
hedytjen.hyves.nl
glueckst.puk.ro
landeman.puk.ro
www.xia-accounting.net
indesit.it
thebulls.co.za
oszczedzanie.net
radiokoksu.pl
orca.210000.org
matrix.co.il
flexuosa.puk.ro
mailfuture.ru
iscj.210000.org
rus44.ru
dataliberation.org
fcwap.net
foropolicia.es
q48c.lizhidy.net
freshes.wop.ro
hankle.puk.ro
kiberjob.info
goodsncs.cc
cortland.edu
nakedwee.puk.ro
webmasters-europe.org
servery.cz
senjitu.wop.ro
nigeriaalternativeenergyexpo.org
urlag.mn
stilinberlin.de
86hi.nfdy.net
stthomas.puk.ro
bigfishfullmovie.blogspot.co.nz
aqbmiuhc.mixxt.es
angelnde.puk.ro
facebook.vc
assistcomp.ru
vwpx.nfdy.net
karma.lap.hu
fmf.ru
pivote.wop.ro
the-twilight-saga-part-2-full-movie.blogspot.in
simedaka.puk.ro
mamaaja.sk
inblik.wop.ro
pridek.soup.io
agjr.nfdy.net
vidro.wop.ro
75241.hemelsesex.nl
tingled.puk.ro
thorny.wop.ro
recensiekoning.nl
krishna.org
www.koxer.hu
cajun.wop.ro
masseffectitalia.it
analbareback.info
www.0150.se
lotje.ch
contatti.wop.ro
ctu.edu.vn
nzfl.nfdy.net
ibgen.com.br
ojdv.nfdy.net
glutenfreeliving.co.nz
wintermonate.wop.ro
kapir.digart.pl
intelpage.info
orga-soft.de
www.njdy.cc
zela.ru
www.e3co.de
www.lja.de
normanes.puk.ro
ourtownradio.net
cqdiy.net
aanlache.wop.ro
ashevillechamber.org
hackathonazerbaijan.org
www.etal.no
interieurs.goedbegin.nl
www.destinychurch.nl
gemeinschaftshaus-elm.de
groteprijsvan.nl
www.toptrimmer.nl
glazig.wop.ro
www.gxxo.net
pankadj-944.hyves.nl
www.svb.se
llangollendirectory.co.uk
smockfaced.puk.ro
sisukas.net
www.tameili.net
timmerloodsen.puk.ro
trotze.wop.ro
ezpa.nfdy.net
avenin.wop.ro
mirfilmow.ru
www.qzws.net
connectt.fr
singsing.wop.ro
tedi.puk.ro
cabalrider.net
halver.wop.ro
elitetorrent.pl
cnfph.org
sugoude.puk.ro
elivecd.org
wbut.net
teol.net
kagami.wop.ro
www.pexa.de
venyoo.de
handloom.wop.ro
interiorexplorer.ru
batmanjs.org
doublemedia.net
craftserve.pl
northlandchurch.net
sjapten.wop.ro
oilsandsnetwork.ca
www.mjs.be
smorliki.ru
xuwq.210000.org
hoevehoogland.be
www.yinxingshu.net
yiwl.210000.org
boligfif.dk
friendsfind.net
android-games.fr
wein.cc
ijktkeyo.blogger.hu
nobele.wop.ro
www.aceshop.jp
seoday.de
hackrafahi.jugem.jp
toujituk.puk.ro
gqhx.k3y3.net
ad-bookmark.co.cc
smauet.wop.ro
ab-w.net
padishah.puk.ro
fukudaya.net
talia.ua
mosomami.hu
nnnj.210000.org
turkey-stone.com.cn
mb8.in
amicaler.wop.ro
dcjv.210000.org
beurs.nl
chinkara.puk.ro
ounet.it
tilstrebe.wop.ro
fxcm.fr
diadiem.co
foaux.net
freeglobalbookmark.info
enshi.117.cm
hastende.wop.ro
annuaire-algerie.eu
celebrityhardcorescene.net
laux.puk.ro
hensuuhy.wop.ro
www.hb6.org
nsrc.org
kellari.ws
myrna.puk.ro
4njd.k3y3.net
saskatoon.ca
hdcq.nfdy.net
www.bloomberg.co.jp
wdv.de
verdelen.wop.ro
metallge.puk.ro
opaie.wop.ro
gxqq.aaidc.tk
prevencion.ceg.es
endestykket.wop.ro
www.avnyzj.co
kapitaen.wop.ro
vagasriorj.com.br
toq8.net
test351.info
www.lemezkucko.hu
wobble.wop.ro
tattoo-design.ru
2kaweek.co.uk
undecoic.wop.ro
tampon-encreur.ws
www.rossmann.hu
kaartges.wop.ro
stopsmokingcoach.eu
job.de
emisorasunidas.net
marketinginstitut.biz
treppensanierung-treppenrenovierung.de
www.transport.unsw.edu.au
kit.edu
www.sedvd2.us
metalinfo.ru
www.cnwu.net
penes.wop.ro
repubblica.it
efflate.puk.ro
boobs-movies.net
puzzlewiki.org
paris-sorbonne.fr
resourcepower.net
www.kt-house.com.tw
intasa.wop.ro
dtv.gov
ofop.eu
www.casaclipper.com.br
absolvo.ru
598.be
afripol.org
tokyofrontline.jp
bahnte.wop.ro
eurocommerce.gr
interlardation.wop.ro
klw.prv.pl
www.favnet.info
bourgogne.puk.ro
www.dqe.hk
myfox.fr
animisms.wop.ro
synascid.puk.ro
ilike.kz
toddie.wop.ro
voty.soup.io
tavi.wop.ro
concordia-1993.hyves.nl
www.sh-gxbanchang.cn
shinsotsu.mynavi-agent.jp
prj.csdn.net
sm.com.br
debaj.ca
hisas.jp
auroramontegrotto.org
aflg.nfdy.net
fadj.210000.org
vccinews.vn
verguizingen.walane.betteanne.affettati.hygien.wwwwww.wop.ro
caty.wop.ro
haywire-full-movie.blogspot.mx
abbygamerz.net
bonevill.puk.ro
innovaphone.de
walsh.edu
kt.com.kw
westcoastcampers.com.au
datingscripts.org
ks-ebook-shop.de
distorsi.net
libyaalmostakbal.net
jagdschulen-ewering.de
dubayy.wop.ro
ucs.su
unclerkl.wop.ro
www.perrier-jouet.fr
www.hjfq888.zxq.net
kelly-unleashed.net
zalozfirmu.cz
hobble.wop.ro
www.sczz98.net
kankanai.wop.ro
mbon.nfdy.net
suche.ch
borabora-urlaub.de
vacancesespagne.fr
zwemster.puk.ro
elinformador.com.ve
mail15.su
coscup.org
modahombres.org
losstarot.net
webnoviny.sk
obpk.nfdy.net
solidays.org
seguroautofacil.com.br
yayin.tv.tr
www.2gxn.4f9.org
stepstar.gger.jp
www.clicks.ws
econciencia.cl
webgames.cz
mikocoffee.com.ua
jmkd.210000.org
ksijudo.hu
geo-mag.fr
4598.k3y3.net
shirator.wop.ro
cesaro.fr
pada-parketstudio.nl
biip.no
s2vip.com.br
patiogear.co.uk
barsandnightclubs.com.au
www.fusionanomaly.net
www.ems.so
vitaherb.no
mixmag.net
ikidoo.wop.ro
inevadib.puk.ro
www.websas.hu
maara.digart.pl
victoriamilan.nl
daohang1.848484.info
apurar.wop.ro
wap.tm188.info
www.ishang.net
www.w163.net
gdd.ro
huangshan.dinfang.net
multidata.dk
mail.zhangjun.me
0857.me
gigapromo.de
falusi-vendeghaz.pereszteg.szallas.nyugat-dunantul.istenhozta.hu
noircirons.wop.ro
culinare.tv
tongdaifpt.vn
onlineforexbrokersz.info
xn--8drr43djxo.net
shop-sh.ru
faro.hamazo.tv
thisisademo.info
internetzarada.org
www.golf.cz
www.zhua.biz
theinvisiblewarfullmovie.blogspot.mx
pvdudjvw.freeblog.hu
billboard.co
zeek--rewards.biz
toys.of.by
trigem.co.kr
md2k.56dvd.net
osszeeskuves-elmelet.lap.hu
travmaorto.ru
shytex.ws
stoffmeile.de
id.ee
jubfond.dk
ballettshop-petit-allegro.de
manutan.es
blue-blue-setter.blog.so-net.ne.jp
sakugetu.puk.ro
girlstalks.ru
lexl.nfdy.net
www.pivofest.cz
www.ikkeda.nl
kibisu.puk.ro
tatos.wop.ro
tckk.210000.org
rss-halo.pl
homemate.co.jp
www.kke.hu
cappellishop.it
hitsong.jp
tradestime.info
korok.wop.ro
primlenrema.blogger.hu
0style.jp
lecturio.de
gironga.puk.ro
badava.puk.ro
ikkan.puk.ro
newswave.kr
clubwarner.jp
bgp4.net
coata.wop.ro
www.5qq.info
hentailover.net
internetengagement.com.au
pozabawki.pl
predigender.wop.ro
ventomet.wop.ro
maxigame.asia
umusic.ie
sesmo.wop.ro
agoraemais.com.br
heiheyilong.qiannan.org
marionese.it
inadecuada.puk.ro
djwq.210000.org
mshsaa.org
qintar.wop.ro
koripako.wop.ro
buzzmarks.in
lootheso.puk.ro
uzpa.210000.org
quinielista.es
pachymeter.wop.ro
yes81.net
mra.de
yoohey.hu
fujiya-camera.co.jp
womendress-uk.biz
tga.nl
career-st.ru
ox.ee
ektoderm.wop.ro
mandok.puk.ro
gaypornvideosonline.ru
cartegriseminute.fr
sonotaka.puk.ro
jzud.net
visit-hokkaido.jp
cactus-art.biz
51g3.net
edojyou-isityouba.ppoo.jp
inferia.se
kanbei.blog.so-net.ne.jp
zoyh.nfdy.net
ifhw.nfdy.net
s7hx.210000.org
balaeric.wop.ro
www.at999.net
s58.ucoz.net
institutferran.org
vchat.us
franc.wop.ro
ducts.puk.ro
121watt.de
buehnehollenthon.at
kyrion.in
taxeu.ro
la-fontaine-ch-thierry.net
labolt.wop.ro
e-oro.gr
katbol.puk.ro
kostnixx.de
devo-baumarkt.de
www.vscoo.net
bunno.wop.ro
preludia.bestrafte.hypersensuous.deliriant.wwwwww.wop.ro
www.ibloom.it
zgorzelec.info
wowresource.eu
phpzend.net
katri.wop.ro
epinmi.puk.ro
makelaars-griendtsveen.istats.nl
180grader.dk
braderons.wop.ro
gioite.wop.ro
jfyu.210000.org
legalized.us
preteres.wop.ro
zetas.puk.ro
alpico.co.jp
110book.ir
www.gandezhi.org
lock.co
carmelle.puk.ro
azedarach.puk.ro
placecat.net
pagemaker.pl
balbesof.net
hiltonsydney.com.au
www.yep.ba
whissky.puk.ro
inebri.wop.ro
xelos.blog.xfree.hu
bebeshop.com.tr
e-sav.us
volvoab.hu
loksandhya.in
databinder.net
clentice.puk.ro
besthost.by
celysvet.cz
ciclismo.it
okwc.nfdy.net
500ways.co.uk
thornstone.wop.ro
hami.wenyue.org
designerslist.info
saltbeach.jp
union.ku.edu
slava-cb.ru
www.geze.fr
vistaprint.co.uk
eium.nfdy.net
shop2market.nl
politr.ch
knueppel.wop.ro
ybbb.net
extreme-vids.net
dentalbraces.com.au
ndali.puk.ro
osing.wop.ro
asqwww.ch.gg
ipsw.k3y3.net
zoot.nfdy.net
listings.sg
www.yinzuo.org
www.bscsm.co.uk
ginnegappen.wop.ro
www.dlv.be
profitec.cz
xixichengyuan.com
salon-cosmos.jp
gadania-na-lubov.ru
fr.tralandia.si
ryandhoeman.hyves.nl
narrenturm.eu
b4lo.k3y3.net
ciapkowo.pl
komakisi.puk.ro
ookosi.wop.ro
pavera.wop.ro
gamers-globe.dk
dichvuquatet.net
www.hongchen.tv
yuudo.wop.ro
n598.210000.org
www.hanzeconnect.nl
galways.puk.ro
wohnungsaufloesung-in.de
overmodifying.puk.ro
ffaa.nfdy.net
yckeji.net
ferai.wop.ro
seg-social.es
sput.210000.org
kmjz.210000.org
webdesignerslondon.co
real-moms.net
indiantop.net
ohah.ru
triodos.de
www.debruijnhaarmode.nl
directoriofavoritos.com.ar
www.sinhvienhaiphong.info
inhemsk.puk.ro
meticcemas.blogger.hu
impresa.pt
puurutrecht.nl
bohemiasoft.cz
feigd.puk.ro
calcos.com.br
fraudais.wop.ro
lilhelper.ca
pvsr.nfdy.net
www.16v.net
smkseksyen5.net
rentar.ru
anaye.puk.ro
bikini.pl
6mbb.co
www.f-l.cn
ynpt.nfdy.net
sexoroll.ru
risingshadow.net
curvatura.puk.ro
stashmedia.tv
studiosus.de
wolzakke.wop.ro
www.asianseksfilms.nl
reborn.cz
cathyrobinson.org
www.xjpqz.org
oyeah.000a.biz
fuzhong955.bbs.net
altagency.com.au
defiar.wop.ro
goals4nyeri.de
2ip.ru
dcview.com.tw
ployer.wop.ro
tenebrificate.gewaarword.grilling.wwwwww.wop.ro
s-hotel.ru
www.ho.ua
artsandcuts.com.ar
elektronik-kompendium.de
praktika.hu
hostplex.net
wave-gotik-treffen.de
estadodegoias.com.br
geizmonster.de
nm1x.info
synthesized.wwwwww.wop.ro
sesatschool.org
saetze.puk.ro
plusone.com.au
uselessn.wop.ro
sbhs.nfdy.net
vorota.de
wandou.in
sitew.fr
easyweb.si
yolico.de
kelter.wop.ro
get-licensed.co.uk
ploscompbiol.org
weinelt.de
reazul.info
operationreality.org
aha-retriever.de
verket.wop.ro
www.4eversports.info
yamawaki.wop.ro
wdis.co.uk
karinbeekdamen.hyves.nl
izbinsky.wop.ro
tyvm.eu
sommerai.wop.ro
yuminga.co.cc
knx.ind.br
91530.co
baseca.wop.ro
gothique.wop.ro
linksafari.info
zdm.waw.pl
metropolis-koeln.de
bizmax.in
bidmc.org
skyre.wop.ro
sexy-dames-tangaslip.istats.nl
nebuloasa.info
bloemenv.wop.ro
www.dyg.cc
gierstko.puk.ro
limiteerden.puk.ro
exi.soup.io
zjty.nfdy.net
intim.wop.ro
tanoth.us
disharmonies.wop.ro
winboard.org
westfalia.de
skku.edu
belona.puk.ro
sannga34.tk
overschakelt.wop.ro
ps-motorradservice.de
sidura.wop.ro
sibilants.puk.ro
uitspraa.wop.ro
usa-monster-beats.net
592jsq.com
11eee.net
place2be.blogsport.de
lply.net
dirlinklist.info
www.kael.at
e-tradecounter.co.uk
hebinzhicheng.com
waaronde.wop.ro
gec.af
earu.210000.org
riattivo.wop.ro
munich-nightlife.net
humyai61.info
vervreemdbaar.wop.ro
dynn.net
host24.lt
oeti.hu
yret.fecsegj.hu
www.gamehome.tv
roberti.net
e.viu.ca
www.zkcx.net
asokorofoursquare.org
linkadvertise.info
eu-go.gov.pl
fixity.wop.ro
www.ngprague.cz
p2mv.lizhidy.net
toneel.wop.ro
zanke.wop.ro
mehara.wop.ro
deportesnecochea.com.ar
dcsgttsfwj.freeblog.hu
violereb.wop.ro
algerieinfo.tk
streamfreetv.org
mafors.ru
seomat.net
fusilladed.wop.ro
chuyenbinhnonglanh.com.vn
straeubendes.puk.ro
juegosindie.net
py.66wz.net
readcom.info
dmqp.210000.org
g47s.210000.org
gnamo.it
qbkl.net
snowwhiteandthehuntsmanfullmovie.blogspot.com.br
armbanks.am
k12.ne.us
mitkbh.dk
estilocasamentos.com.br
ayedas.gov.tr
maphim.net
warfaring.wop.ro
zs.hefls.net
utflykter.wop.ro
ujtw.nfdy.net
menatplay.us
photoshopvip.net
gztv.210000.org
fitch.wop.ro
antisalooner.puk.ro
csslint.net
naikokuk.puk.ro
rikon.to
menoschesis.wop.ro
lambdin.puk.ro
bandongbang.org
gevatten.wop.ro
technologyreview.it
cruiseaway.com.au
vraag.wop.ro
saps.moe.gov.my
gratisfilms.sexlog.nl
whois.ipcn.org
taala.puk.ro
gekmeske.hyves.nl
zumutung.wop.ro
tepsa.com.pe
13mzh.qz97.net
nangmui.net
funwish.net
www.fitdog.com.au
www.vientin.net
aivd.nfdy.net
hollyjean.sg
ekonsys.cz
otfermera.ru
esplanade.de
poln.210000.org
erandio.info
ivanka.co.jp
kingsman.wop.ro
upessencia.com.br
retrieverman.net
isetan.co.jp
eingebuesstem.puk.ro
sheepshow.org
webcamgirlsfree.net
e-associates.co.jp
burstner.jp
box-office.in
zinkprei.wop.ro
my.lsu.edu
tombel.wop.ro
wose.com.ar
phpwomen.org
neusa-cortez.de
watchsinisterfullmovieonline.blogspot.se
catv-web.jp
sz60.net
www.aspirus.org
5i1.net
bawi.pl
uom.lk
gnoo.wop.ro
onormy.org
viskositet.puk.ro
www.virtualgep.hu
stevia.no
sgrab.ru
www.qjdl.net
goztepe.org.tr
trompero.wop.ro
quora.co
falco2team.net
thr.soup.io
hunar.pk
aing.ru
viuisso.com.br
homokozo.lap.hu
anita1000.hyves.nl
abramov.wop.ro
onlinetv.gportal.hu
fxmag.ru
suzukika.puk.ro
ganzhou51.net
impoverishing.puk.ro
gizoo.co.uk
grom.wop.ro
ad70.net
asproul.org
vworld.nl
cukrzyca.pl
audiclub-kreis-bergstrasse.de
rullig.puk.ro
ingessai.wop.ro
ei.hv.se
capsol.co.za
educom.wop.ro
bi.go.kr
caythuoc.org
hotfrog.com.mx
webservicekoeln.de
realufos.net
www.duyn.nl
bwdn.nfdy.net
panopress.org
seodir.org
4eat-game.3dn.ru
toosciere.hyves.nl
c.viavoordeel.nl
ipostalmail.net
kisanak.net
qqworld.org
eharmony.it
www.tittytwister.cz
www.ancool.net
kk-tokyo.net
angeltime.co.uk
uac.pt
christianrock.net
ranciosa.puk.ro
gigout.puk.ro
5csdf.xyyp.net
wapzk.net
bressure.net
milcomp.eu
alman.wop.ro
cpsqsgxpvs.freeblog.hu
look.ne.jp
coloring-page.net
www.cnphotos.net
madmex.es
www.hbnews.net
www.drv.nl
vikote.hu
mybookmarks.biz
flooyd.digart.pl
www.lemezlex.hu
campingintheforest.co.uk
errabund.wop.ro
beedevil.puk.ro
leesplein.nl
www.seoer.org
www.45920.asia
xumtak.biz
ccru.56dvd.net
bel.ptt.br
baicaile.net
wqmh.210000.org
www.stfdc.net
me-ledy.ru
startpeople.it
xnovinky.cz
footballcup.ru
stockishly.puk.ro
wuti.me
proapicultura.ro
brooklinema.gov
sharghi.net
silverado.by
barchjebolsward.hyves.nl
urlfixer.org
bioto.hu
insanely.puk.ro
womo.jp
amoreler.puk.ro
zsbatnswks.skynetblogs.be
10corsocomo.co.kr
lfaexqjfz.freeblog.hu
omkaadt.wop.ro
ralph-lehmann.de
porker.wop.ro
ewers.wop.ro
nesab.ru
www.legislation.sa.gov.au
mamono.puk.ro
bobinoclub.it
vubei.com.ve
61ut.nfdy.net
lianguo.avisiter.net
giantmum.puk.ro
recycltoner.jp
zeezout.puk.ro
www.zcidea.net
salladay.wop.ro
fileman.n1e.jp
torontomapleleafs.info
www.wgkf.net
cfpg.k3y3.net
indianfoodrecipes.net
hobetsu.wop.ro
www.china-train.net
mipps.puk.ro
swapo.wop.ro
paxetbonum.eu
geniusfundshourly.info
icoff.ee
nude.tv
londonstonepaving.co.uk
namiaru.tv
cool-proxy.net
kafuka.wop.ro
lbda.org
fj.haocf.net
jurel.nl
barbadossportstours.co.uk
knoepfeversand.de
cc-tinho.gicp.net
dipartimentoaimacive.it
e-zene.hu
zyoukin.wop.ro
geniale.es
machos.com.br
hznz.210000.org
benzi.wop.ro
www.020gay.org
0898.okok.cc
spongeca.wwwwww.wop.ro
satory.ru
kiteforum.it
huthwaite.com.au
51881.net
bloqueri.puk.ro
www.z4k0.4f9.org
adira.co.id
fulled.wop.ro
logey.is
vistaprint.com.au
ccguide.org
2e87.56dvd.net
teapotwarmercandle.juxing55.info
facebook-developer.net
elelmiszer.hu
gzry.210000.org
irredimible.puk.ro
www.buyeur.ee
enqq.nfdy.net
mvtek.vn
www.diaochechuzu.org
royals.wop.ro
agit.nfdy.net
www.kankan.in
www.twiv.tv
g1n.co
www.punttic.cat
universfreebox.free.fr
ztpv.nfdy.net
vbay.in
vpshosting.vn
teufelskreises.wwwwww.wop.ro
fortnoks.net
infolondres.es
fushutuj.preiotiz.ziekenbu.mauwde.wwwwww.wop.ro
hisforhome.co.uk
airchina.de
bereder.wop.ro
cddv.fr
uploadvideos.tv
seger.wop.ro
e3ro5.co.cc
mandrivalinux.eu
freeremovalofspyware.org
koneviesti.fi
forexinfo.it
couperio.wop.ro
www.gddgky168.cn.alibaba.com
cbncuritiba.com.br
dwzrv.de
mbam.qc.ca
jaellc.net
re-port.tv
view-finder.org.uk
www.gdzd.net
waarderi.puk.ro
www.brigo.dk
www.u2wanderer.org
8373.vgb.no
imm.io
convenientness.puk.ro
nigeriajobs.co
dubt.nfdy.net
www.icmt.nl
golinfo.no
aoao.puk.ro
tkpw.210000.org
fiender.wop.ro
akaiwaek.puk.ro
directoryfusion.net
dxwsearch.jp
kfx4.k3y3.net
toenijpt.puk.ro
pella.wop.ro
lolcats.soup.io
bangiale.wop.ro
deloitte.es
ogoa.ru
www.rubo.be
filmdeyiz.net
www.techcover.ro
turkcell.de
kris.wop.ro
sipdroid.org
thecinema.in
takev.wop.ro
www.kvpfan.net
siksika.puk.ro
sciencehound.org
united-domains.de
pariera.puk.ro
ccm.pl
uralinform.ru
gamehostingtalk.pl
meegestreden.puk.ro
a5h0.lizhidy.net
bona5.zxq.net
hemscott.net
uds4.info
dulich-halong.info
sexrura.pl
orthal.wop.ro
staterasolar.dk
shopmania.de
dqcorp.vn
dulat.wop.ro
szepzold.hu
jezus.com.pl
bemfeitinho.net
velosite.ru
awjilasokna.wop.ro
okgv.210000.org
ezbon.eliri.videz.grilling.wwwwww.wop.ro
bazatelefonow.pl
igww.210000.org
adsdeck.pl
briskoda.net
arrogere.wop.ro
eggrolls.wop.ro
hkpropertycity.net
www.csll.ro
sakhalife.ru
www.garnierdbajosiebie.pl
xshn.210000.org
sibameron.boy.jp
intensity-radio.fr
zoover.com.tr
recurvar.wop.ro
wadns.net
4ddianying.info
anoxa.de
imperizie.wop.ro
unboundless.wop.ro
wuya.info
az.free.fr
kyougijo.puk.ro
megashare.info
pankim.video.xfree.hu
fujiidaimaru.co.jp
crudup.wop.ro
phones4u.co.uk
www.imore.net
wang.okgo.tw
reddingsplanken.puk.ro
umbauend.puk.ro
wheellike.wop.ro
kerrangradio.co.uk
regt.nfdy.net
ubucc.ca
myownroute.ru
zs4g.nfdy.net
fhli.tk
823409.net
aksana.wop.ro
bankefis.puk.ro
tukanome.wop.ro
chilopsis.wop.ro
archyyyy.hyves.nl
tarafdar.wop.ro
ongeschi.wop.ro
inscricaofacil.com.br
www.2388.me
anacusic.puk.ro
cukes.info
www.chinasgc.net
ungf.nfdy.net
8a.ru
ktcs.co.kr
www.whanmo999.info
www.comstal.ro
hdtvtest.co.uk
peserai.puk.ro
paradoxides.puk.ro
bardes.puk.ro
city-tv.kiev.ua
vigd.puk.ro
quon.nfdy.net
niters.wop.ro
6131.hk
ylzxk.co.cc
kcn.ne.jp
ors.ru
designers.mx
stiletta.wop.ro
ermenekliler.com.tr
steindorf.puk.ro
kanbbb.info
ticket.com.tw
www.j-c.com.cn
introweb.nl
tempo.co
stadtreisen.org
otkon.wop.ro
letterealdirettore.it
ana.az
vlad.mk.ru
iranpeyvand.ir
sevent.nnm.ru
englishcorrection.org
avispa.co.jp
chxk.net
trowsers.puk.ro
bm.wapgf.info
www.xmball.net
shok.pl
koppang.wop.ro
blogxaydung.info
ares.net
hopzone.net
bghs.nfdy.net
danish-mafia-furniture.blog.hr
kingstaff-server.net
ulcm.nfdy.net
regime.net
triadics.puk.ro
betroffenheit.wop.ro
www.sho.dk
bim.bg
streamified.me
phosphorite.puk.ro
ahok.org
www.wyb.nl
videoedicionlatino.org
tappert.puk.ro
ligspace.pl
worpibackran.blogger.hu
orugallu.net
chevy-niva.ru
www.i-tour.com.tw
iside.jp
koisi.wop.ro
www.kupidyn.pl
ret.nl
ooftkeld.wop.ro
hissan.puk.ro
prophila.de
postnet.com
jsplumb.org
www.pitts.be
megentei.wop.ro
freeporn.to
weiduomei.net
aniko.myspot.pl
vpsfree.cz
4h41.210000.org
bemerkenswertem.puk.ro
revistapymes.es
kfik.digart.pl
qhlc.nfdy.net
it.sdinfo.net
llecsooo.xfree.hu
vkurse.ua
propheties.fr
streetdeal.my
npgh.210000.org
spddm.org
doghouse.wop.ro
zousen.wop.ro
cro.pl
qomk.nfdy.net
bernhardsbay.puk.ro
bfuk.nfdy.net
pbca.biz
vgaplanets.org
lidl.hr
murom-hotel.ru
rust.nfdy.net
top5ranking.net
perugine.puk.ro
nelke.uw.hu
sufferd.puk.ro
g2chem.or.kr
ingenui.wop.ro
www.qqwen.cc
autonavigator.ru
www.iura.sk
areppo.wop.ro
gedichtenparadijs.nl
ajvlh.hyves.nl
equilibrio.web.ve
games.de
manutd.ru
greenfeces.org
yttv.nfdy.net
swuv.210000.org
digital-geld.de
appartement-limburg.istats.nl
poczekaj.pl
rcsoft.co.kr
shyers.puk.ro
ntpj.nfdy.net
prewarne.wop.ro
nehmen.wop.ro
sageschweiz.ch
sfcsf.org
primeval-germany.de
www.kjyx.net
cher.puk.ro
esperides.net
volchegursky.puk.ro
okinao.puk.ro
mobi-master.net
angewendetem.wop.ro
turikichi.biz
gonearty.nl
bima.astro.umd.edu
serverthuis.nl
bmhx.nfdy.net
pimenta.blog.br
e60-forum.de
www.bieuthuexuatnhapkhau.tk
sx247.sb100.net
3119.yoyuan.net
netii.net
performingarts.net
sitijuu.wop.ro
opticianonline.net
remserv.com.au
clientesa.com.br
vu.edu.pk
disbande.wop.ro
www.yilaiyuan.tk
slashat.se
www.tirm.de
xia123.net
goushi.wop.ro
kindra.wop.ro
bauplan-bauanleitung.de
art-la-douce.de
spodnepradlo.eu
rb-kirchweihtal.de
qdesnick.ru
diaulic.wop.ro
livnah.wop.ro
mirage.wop.ro
novoirk.ru
gbiu.210000.org
canarder.wop.ro
griffonnages.wop.ro
dyeleave.wop.ro
www.huaqi8.net
www.inbook.net
reportero.wop.ro
ef.co.id
dirabc.es
universal.se
lsqr.nfdy.net
lqs.name
chinaeastern.co.uk
kanshin.cc
rafaelgonzalez.info
sugar-art.jp
pc7-academy.blog16.jp
assurions.puk.ro
ndi.org
ejuku.net
methodstoquitsmokingcigarettes.info
krowy.prv.pl
oszillos.puk.ro
www.cdqz.net
yudantai.wop.ro
elenafarinelli.it
avrafamily.web.id
www.yycl.net
www.sbsafe.tk
www.911k.net
skilled.com.au
hartig.wop.ro
28zc.net
sagv.k3y3.net
forgetive.puk.ro
fiala.puk.ro
kupongroup.hu
gmu.edu
lf.meijing.net
verglase.wop.ro
rapcea.ro
odec.ca
fqsm.nfdy.net
nekolen.soup.io
lohei.puk.ro
centralpoint.nl
www.teds.edu
zaks.ru
bohus.puk.ro
pandora-australia-charms.biz
network.com.tw
www.vgz.nl
jrjob.net
formen.wop.ro
dainutekstai.lt
2punti.eu
vdh-gengenbach.de
bm.0513.org
aboverubies.net
pumi.lap.hu
scarabs.puk.ro
ihrspielplatz.de
bbmt.210000.org
heranfuhr.wop.ro
bundesregierung.de
759.sexfilmpie.nl
www.abrissberlin.de
fiktivt.puk.ro
artmam.net
editoraculturacrista.com.br
bluboox.com.au
yieldabl.puk.ro
rd.ru
dealguide.gr
ltbz-free-beat-downloads.blogspot.co.at
surftrust.co.jp
www.cermi.es
feissbuuk.ee
partycafesalsa.hyves.nl
susinippan.co.jp
car-wallpapers.info
engelszimmer.sakura.ne.jp
twidder.info
punidora.wop.ro
idea.ru
www.imoart.hr
qijp.210000.org
camguys.net
terase.wop.ro
ohtuleht.ee
viande.wop.ro
ultrastar.ru
www.03187.com|unatemporadaenelinfierno.net|www.lmmw365.net|www.qisoubao.com|joomgalaxy.com|icamtech.net|anne-anichi.de|www.detair.cn|wap.zjwap.com|www.dfholiday.com|xiaoyuanbuxingjie.com|seotyro.com|www.oaits.com|www.sodamag.ru|forumsland.com|tagglive.com|henryranchtx.com|elec-ticket.com|pantherspringspark.org|89698.24d24.com|www.txyjhs8.com|ripleysaquariumofcanada.biz|www.qg-knives.com|oks.ro|www.zbrock.com.cn|news.gpxz.com|phcc.files.cms-plus.com|www.yataitw.com|zx00123.blog.ifeng.com|prnote.de|sddfzj.com|www.dongyimenye.com|ockhamist.com|www.zhlszy.com|www.baimao.com|dghb.nfdy.net|www.facaishiye.com|www.vinelinux.org|haic.nfdy.net|www.shszc.com|www.showweb.cn|www.bzdyjy.cn|bbs.007.mx|www.gpxz.com|www.dclinks.cn|scarps.wop.ro|www.heilianmi.com|rlltqctcslp.blogtrue.com|www.uk444.com|aangemengd.wop.ro|iasq.nfdy.net|chinataoci.taobao.com|www.188soft.wanye68.com|www.zhongguo315.com|www.hige.cn|ukc-cws.webs.com|wmseo.biz|forum.big.az|janestiforp.stiforptour.com|neven-teza.com|www.xunweicn.com|www.chiboom.cn|shine-projects.org|www.falvfagui.org|yxuo.nfdy.net|www.cqwx120.com|www.0713net.com|www.jiaoy88.com|qbauaxihoeeg.blogtrue.com|www.b21691.cn|www.xshpjy.com|luxequest.com|kimte.wop.ro|www.babaw.com|1314dd.com
pc-hameln.de
zdrowystartwprzyszlosc.pl
thekop.in.th
nelumbia.wwwwww.wop.ro
oma-lady.hyves.nl
businessprintingforum.co.uk
musichr.net
oqjq.nfdy.net
quickpaydaybox.co.uk
thecoldlightofdayfullmovie.blogspot.dk
hyogo.lg.jp
kickerskult.de
floatine.wop.ro
vse-onlain.ru
moderadora.puk.ro
bentos.puk.ro
themanwiththeironfistsfullmovie.blogspot.ch
davit.sk
nifobrrds.blog.hu
countryhouseitalia.net
lillapysselinger.se
cmpadmin.co.za
elitecosmetix.it
www.hesdo.nl
www.6638.cc
saludcastillayleon.es
miass.ru
nonaxiom.wop.ro
loans.wop.ro
lorrenboer.puk.ro
oaph.k3y3.net
stoner.wop.ro
javanliam.co.uk
listenandlearn.org
aqeu.210000.org
szexport.hu
leonardovieira-onibus.com.br
piken.wop.ro
alligatorstorage.co.uk
spider-man-2-full-movie.blogspot.sk
24kg.org
bb29.nfdy.net
freunde-sparen.de
wbpt.210000.org
kromostal.pl
unblockanysite.net
www.sayyou.net
drugger.wop.ro
tv24.al
grandtower.wop.ro
derechosindigenas.org
promisesforparkinsons.org
emerita.puk.ro
bbs.zhzyw.org
air-rock.ameblo.jp
omega8.cc
condensa.puk.ro
kd7h.k3y3.net
www.fyssz.net
xkbq.56dvd.net
xscn.210000.org
taif.nfdy.net
orama.eu
ukdirectory.com.ar
reinigin.puk.ro
catie.ca
focusklubpolska.pl
donnais.wop.ro
konvergentes.wop.ro
expansys.se
wjm03.114.org
chinasc.in
www.yijuhua.info
r-sky.net
lose4des.net
6h99.net
emcadgifts.co.uk
nhadatdothimoi.net
eb78.nfdy.net
jxcq.org
boutika.net
www.nederland-sexcontact.nl
opensourceuniverse.org
www.boop.cz
ramule.wop.ro
hyrlgh.se
cbbn.zbinfo.net
flapa.es
talonner.puk.ro
rfc-ignorant.org
ting.com.tw
sanding.wop.ro
sjerpen.wop.ro
swistak.pl
thinkup.org
erfolg-reich.org
fjvd.nfdy.net
addition.wop.ro
beschmiere.puk.ro
lidi06.fecsegj.hu
amburadul.info
ames.net.au
www.ordbog.gyldendal.dk
www.sjzwzjs.net
badass.hu
argonathrpg.eu
laikas.lt
iyouf.info
spuidokk.wop.ro
fmeos.pk
bullyragging.wop.ro
www.alitalia.ch
beratungsfoerderung.net
business-tiande.ru
eejobs.de
rathi.puk.ro
cazando.es
cotitula.wop.ro
bamdad-esmaili.de
wdrshop.de
locande.wop.ro
renault.com.co
blc.ru
gallery.trademinister.gov.au
i-pharmacy.gr
www.king789.net
yaka.wop.ro
hitia.wop.ro
zhlb.210000.org
leadhouse.net
www.fabo.nl
nabeshim.puk.ro
ialex.name
gugu.xlx.pl
climbtothestars.org
emigal.ro
prxp.info
magallanes.cl
hamedori.org
cgocable.ca
countyfairgrounds.net
blog.svenk.de
colan.puk.ro
carlsberg.pt
purecontracting.com.au
sunfar.com.tw
clinicadepediatria.es
razors.wop.ro
show010.co.kr
autodemolizioniraimondo.it
rehypoth.puk.ro
x999.k3y3.net
chiefexecutive.net
es8.in
horze.eu
www.hfzcgs.net
bergrettung.at
jonaas.me
backworth.co.za
freeamericatoday.pl
auto.gsp.ro
seo-pro.fr
localgarden.us
streamcity.eu
belita.wop.ro
ptqz.nfdy.net
papelesdelpsicologo.es
1200-calorie-vegetarian-diet-p.blog.hr
the-pact-full-movie.blogspot.it
insideart.eu
aljobran.net
samui.lap.hu
strawberry.co.uk
elektronische-zigarette24.de
changnoi.puk.ro
njdiff35.fr
missetam.nl
glad.wop.ro
fca.net
stronazpromocjami.pl
equidiavideo.fr
avhsalumni.org
www.derimuzeum.hu
wafuku.puk.ro
hoboed.wop.ro
cinfo.in
chichi.co.jp
edunet.tn
dailypets.co.uk
revendai.wop.ro
hineinmuendete.puk.ro
naturaufnahmen.puk.ro
ketsurui.pinger.pl
msexcel.ru
volt-shop.de
www.gdllca.org
mtvn.nfdy.net
0jp.org
planseisme.fr
beholder-reputation.it
inweek.ru
kampftru.wop.ro
cmio.net
szczawno-jedlina.pl
pigmento.de
jazzercise.jp
upcast.verderership.wwwwww.wop.ro
www.menshelp.de
otazima.wop.ro
kcbux.ru
unqualit.wop.ro
tf2in.ru
tkmst.nl
nakupovat.sk
peitsche.de
domolink.tv
cubacity.puk.ro
ca-centreloire.fr
raphaela.ch
www.altran.ch
rione.puk.ro
supremenewyork.jp
hqlu.nfdy.net
frontexplode.eu
mhxx.96pk.org
salfa.cl
mm.pgy.cc
domeinnamen.jouwpagina.nl
kerala-malayalam.com
moversia.fr
flywheel.it
anvaro.net
cognates.puk.ro
hybrid.wop.ro
www.yue8.net
kohd.wop.ro
muette.wop.ro
yokf.210000.org
ngc7000.co.kr
wild-cherry.ru
ywkg.nfdy.net
goodka8.digart.pl
pe.vc
darcade.de
yp.mo
ddrf.hu
asia-sex.achtung-hot.net
www.paaldansen.jouwpagina.nl
ms24.jp
in-beauty.it
diotavelli.net
voorrijden.puk.ro
www.q520.cc
deesa.puk.ro
madridistastv.pl
koller.puk.ro
www.smslexikon.hu
www.emro.co.jp
g-plusblog.de
dylg.210000.org
turuzu.wop.ro
aggrandize.puk.ro
abzuklop.puk.ro
loladela1.hyves.nl
blog.1181.cc
pzy.be
gpunkt.pl
w2c.co.in
hays.it
cncd.tv
f-f.dk
forema.it
forum.big.az
nt.com.tr
oamk.fi
itame.org
ruj.ru
7cm.org
rank.fr
www.emp.hk
eztv.it
ahba.com.ar
lottoguy.net
majk.blip.pl
r.ihot.jp
sportsblogg.se
inca.gov.br
seznamit.cz
p.tzqq.org
mqdm.net
srbiusvetu.org
www.8ff.cc
anatom5.de
sdmama.net
wada.vn
loombo.pm
abstiendrais.wop.ro
6xky.nfdy.net
webpac.jp
biz.uz
application-of-centrifugal-pum.blog.hr
meczenazywo.eu
lexyyyy.hyves.nl
medialchrome.it
fundhaus.com
maarnet.org
astramir.ru
lifenews.ru
arcluce.it
didiwinprizes.net
neverending-love-tour.de
gruppolen.it
ecotricity.co.uk
leembee.com.pl
bluevalleyk12.org
jobmagazin.de
netpromo.pl
inzyu.wop.ro
abbonavi.puk.ro
www.elogit.no
jacekpysz.pl
arredo.com.ar
vetement-femme.be
waren.pl
www.fafacp.net
favouritesite.info
huis-waalre.istats.nl
www.yiliao.biz
uir.ir
encaisserons.puk.ro
cerago.wop.ro
templaworld.net
www.gpih.ge
blog-aauw.org
naudkuoxtf.blogger.hu
chachala.com
les-horaires.fr
phoenixcontact.net
vrpnhydnv.mixxt.info
huschi.net
guideguide.me
lk78.nfdy.net
www.instrumentenblog.nl
sswlink.spb.ru
nyiregyhaza-orokosfold-kiraly-szalon-link.weblink.hu
gumtree.pl