delur.tv
kamdes.wop.ro
anntgg.tk
bfh.ch
gdd.ro
amtra.org
riuf.ro
google.no
118712.fr
lad.ck.ua
dom.ru
ewsite.sg
www.80.cx
www.foodstandards.gov.au
ual.es
sunset-beach.de
bibliaonline.net
punny.org
transglobaltrading.com.au
www.jazi.ch
m80.tv
trackbusters.fr
lilly.puk.ro
iljt.in
fysiotherapiedetriangel.nl
teerhart.puk.ro
strapper.wop.ro
rp5.be
ubdt.210000.org
novaumc.org
turkos.se
janneke475.hyves.nl
fuori.puk.ro
lizza.ru
zhudo.net
tuneup.ru
mahnte.wop.ro
fabelleer.puk.ro
mntp.info
sbs.co.kr
atehenmei.com
honda-acura.net
web-manual.co.uk
fdw.fr
businessman.su
iy0m.k3y3.net
ebiten.jp
haiton.wop.ro
narayun.jp
domainfactory.de
3gcc.us
pleegzon.wop.ro
pensil.wop.ro
hureca.fr
bahtera.org
zhenshi.info
wdchelsinki2012.fi
celvik.ba
molefonkne.wop.ro
www.wspx.org
kmg.kz
alante.wop.ro
focivb.lricsi.hu
musiciansoppshop.com.au
fylkesmannen.no
sba.vn
verwickelnd.puk.ro
matchoffice.dk
moodle.pl
hk88lh.net
prestigewashrooms.co.uk
anre.md
pelo.jp
jyuubyou.wop.ro
yervo.puk.ro
999vod.net
zmhl.net
koelbel.de
fardel.wop.ro
yfxz.net
seoweb.co.il
e-brainers.jp
9jatube.tv
karnscit.puk.ro
catarrha.wop.ro
2938.ir
hoher.wop.ro
xixihuafu.com
visada.lt
avanzast.wop.ro
gpc.edu
www.bocghe.net
etravel.ch
ccbc.co.jp
viajeblog.com.br
www.nmg.cc
ms-saudi.org
rhga.ru
onetv.vn
kima.lt
sefr.ir
muare.vn
slepp.ca
deditus.de
blackdoginstitute.org.au
birding.in
592jsq.com
ld-t.ru
ivic.ve
hhstyle.pl
ybay.co.il
game.qq.cc
bexinh.dantri.com.vn
8090qb.tk
dol.gov
lutyk.ro
wsd.com.pl
www.cbf.cz
hisas.jp
www.jom.de
remserv.com.au
mymms.it
ptba.co.id
vandale.nl
www.cuotuo.com
ger1.co.cc
www.dyg.cc
cncd.tv
tarenea.cz
pix.com.ua
bibooz.net
cueb.me
www.ndv.ru
plus.org
gasland.com.au
izhu.org
bzskapu.hu
el-oso.net
www.nbo.hu
songtot.vn
embl.de
wapgf.info
acer.de
www.b-h.cn
irkmama.ru
e6e6.net
blenn-solutions.de
isozial.so
pisa.it
www.xoh.be
www.gamepro.com.au
skytube.jp
hubweb.net
unitn.it
boardsite.info
hash.ro
dnv.org
untz.ca
mirabab.fr
beeplog.de
womo.jp
www.vgz.nl
yaprofy.ru
ounet.it
ogame.tw
manbw.ru
neumeka.ru
neo.com.tw
logoart.vn
infor.com.au
ujhjl.ru
hollako.hu
jzsound.nl
zaqu.jp
mdu.edu.tw
aireg.es
vlab.pp.ru
www.aag.tv
668sq.in
wtju.net
51yuan.net
www.thewoofshop.com.au
www.aid.nl
bumlux.net
ujed.mx
boneeater.info
taxeu.ro
sup.r42.eu
0one.net
sss2.aa.am
www.gstaad.ch
www.psion.hu
massbio.org
apimagazine.com.au
citec.cc
imagenesdefondo.com.ar
ccftn.com
www.amonline.net.au
bigtopbullies.com
toysparadise.com.au
chicacatering.com.au
istyle.rs
fourdegrees2011.com.au
bigw.com.au
uas.mx
yyop.nfdy.net
aeroclub.com.au
lioa-nhatlinh.vn
businesszoom.com.au
hrdf.com.my
abg-net.de
86ma.tk
bmw.ee
selangor.gov.my
richardmonssen.com.au
hupan.net
dementia.pt
z-i.pl
domolink.tv
wdaaktjip.jw.lt
291.me
webgarden.es
peaceplandesigners.com.au
mujka.ca
www.capestay.co.za
startbasen.dk
wow-veritas.net
223.so
www.zhangjun.me
yingshi.bbs.1966.me
heyprestomagic.com.au
evi.by
faspnet.com.br
sgt.gr
osx86.es
smsrizoon.ir
cs.nykd.cn|nknl.nfdy.net|junkets.puk.ro|www.ruwesex.nl|setools.cn|bytrusted.org|hondente.puk.ro|jtufkzgn.skynetblogs.be|wgb320330.com|lanyi.us|books.google.ch|xuanluwang.com|intrinsi.puk.ro|www.3kkx.com|www.41113.com|adminunion.com|daaata.com|pcor.nfdy.net|topv5.com|www.shszc.com|acinetin.puk.ro|www.essencetech.org|phialosp.puk.ro|artico.flog.pl|www.wuhua.gov.cn|www.yct8.info|valige.puk.ro|www.zgc.gov.cn|bbs.aitime.net|hp.1168.tv|aushandl.puk.ro|judou.puk.ro|zakupki.gov.ru|www.mccmedia.net|bfigjmqcsf.blog.mongenie.com|icbg.210000.org|www.tiaozhanshouru.com|www.cnhongtai.net|kinkines.puk.ro|www.0668111.com|gruks.org|seostats.it|avviklet.puk.ro|www.11ysw.net|biija.blogg.no|www.522.com.cn|armini.puk.ro|luddite.puk.ro|lady.ty7.cn|www.bcxuexiao.com|kicoqupusijyju.blogtrue.com|www.dtv.ru|www.jshuacheng.com|800917.com|polytrop.puk.ro|polycladida.puk.ro|reverbat.puk.ro|outranks.puk.ro|www.nlsfc.com|tokootje.puk.ro|invernac.puk.ro|yqjm.78.cn|fineness.puk.ro|pneb.nfdy.net|blautlesxc.blogtrue.com|tzlemsra.blog.mongenie.com|kostersa.puk.ro|webgarden.ro|complex.com|www.tu4.cn|www.jaga.gov.cn|estudiantesusc.webs.com|rutinero.puk.ro|altervista.org|preisueb.puk.ro|gb-china.cn|www.webfcib.es|167eu1.bjbmsd.com|www.led951.com|chuaizhe.com|k6x.net|jsnlcowl.blog.mongenie.com|mikow.jp|croppie.puk.ro|pengxiyuan.lingd.net|www.qichezu.com|www.bb9t.com|ccc97.com|ygzq.cnr.cn|www.zhongguo315.com|lenobera.blogia.com|wmlz.78.cn|sence.puk.ro|troet.wop.ro|nanrenwa.com|perellandra.deviantart.com
bee.ir
batman-begins-full-movie.blogspot.com.au
ecoturchaco.com.ar
lysacup.cz
dancebox.biz
parhikuni.com.mx
edit.um.es
migration.wa.gov.au
istar.su
magazinzeny.cz
qm8.cc
ate.fm
smartgc.com.ar
niekonaujo.lt
fournosveneti.gr
happy-bookmarks.de
rubyonrails.com.br
activeskin.com.au
spb.su
colorieforme.it
www.flyup.cz
causeries-numeriques.fr
sadomain.co.za
vecci.org.au
mitkbh.dk
guangzhou.wshu.info
rnr.mu
hokej.cz
time.al
www.newvision.co.ug
kurticao.com.br
efinancialcareers.com.au
chequecadeau.nc
im.tv
0rz.tw
he.to-look.cn
natti.soup.io
decollin.opacification.smoker.wwwwww.wop.ro
www.paracin.us
mercedes-benz.com.cn
commpro.biz
dhl.se
saps.moe.gov.my
gucci-bags-sale.biz
spil.com.tw
webhry.cz
www.onlinecasinoguide.com.au
dofortune.me
www-3m.net
www.beefeater-restaurants.co.uk
chuyentulanh.vn
debeers.co.uk
iulm.it
kogan.com.au
dvdcovers.online.fr
lokalbolig.dk
wap.ful.az
trixanbody.com.au
dealme.ch
jobbank.dk
blog.heiguang.com
bungee.co.cr
lonet.eu
busuk.org
bvhfykmvygqlj.blogtrue.com
bxzcw.net
byy55.com
motorizzazioneroma.it
cheyenne.cn
yearner.puk.ro
business.wengo.fr
5tyer4yt.r.gd
cableopticaldigitala.9see.info
www.fred.ro
cad999.net
carambol.ro
kadoshim.puk.ro
www.xxx553.com
solarlaw.co.il
www.careerone.com.au
caribbeanmecca.com
carmela.us
indonetwork.co.id
carolepope.com
itsolutionssa.co.za
smartpress.cz
rod.se
23055000.ir
torsteindahle.no
www.fk444.com
www.salvatidelta.ro
www.vogue.com.au
www.6999.hk
zeek--reward.biz
sptc.ac.th
oca.ru
www.optionstocktrading.com.au
bestblogsbrasil.com.br
bautech.com.ua
promo47.fr
ellastore.com.br
rumus.web.id