1sexhotlatin.a-liveprivates.com
checkcheck.ch
blavo.ru
palcraft.co.uk
www.rentiseying.com
0898.okok.cc
a.xx52se.com
upaithri.puk.ro
www.33dyw.com
fsfp.210000.org
superdeals.my
b2blocal.net
zento.wop.ro
atehenmei.com
blauwbek.puk.ro
guihuaxiang.com
www.jhu.cn
patat.wop.ro
cabcv.com
mjyh.210000.org
mar-li.libmedia.nymc.edu
cement.com.ua
dolmar.sk
www.bb520.tk
www.psion.hu
teachy.wop.ro
www.6895.net
ysvh.nfdy.net
abflusses.puk.ro
alleviar.puk.ro
mycam.hu
nesiot.wop.ro
herbarii.wop.ro
ebano.puk.ro
mountainbuggy.co.nz
keijoumy.puk.ro
suikerga.wop.ro
xixichengyuan.com
nimrodel.wop.ro
wanche100.com
reupload.it
www.seizor.net
binger-bao.info
reshuttle.dilatoires.portabil.lynyrdsk.rouble.klocek.loquet.wwwwww.wop.ro
www.gfnet.tw
hupan.net
meun.210000.org
kenkyuum.puk.ro
www.azett.de
juancong.com
niqu.blip.pl
pbca.biz
www.cnsae.com
kitchenaid.it
chopperclubbern.ch
sadu.f31.net
xsg.i3.com.cn
rybki.com.ua
www.nia.az
mediastre.am
local-hook-up.com
www.dglvt.com
www.88ii.info
elitecosmetix.it
niswan.co.il