gbob.tv
pneumath.puk.ro
outhit.wop.ro
ksppolonia.pl
n.cc
www.icaac.org
www.dnf885.com
sqgl.nfdy.net
antikwiteit.puk.ro
tauti.wop.ro
23055000.ir
businessworld.ws
mafia.wop.ro
4ddianying.info
bigtopbullies.com
a.chip.jp
brechthouben.be
ohgodwhy.net
archplay.puk.ro
cokme.com.ua
geabonneerde.puk.ro
carlbrandon.org
csc.kbw.ne.jp
zol.ch
omzwierf.puk.ro
cdnjs.net
kdoteje.be
www.lianmengtuiguang.com
shopping4net.se
shahblog.net
www.zglhgs.com
ai-yellow.biz
www.ruta-inka.com.pe
asianladybugs.webs.com
www.torpesun.atw.hu
teirinke.wop.ro
juancong.com
lernia.se
yz21.net
cyicer.org
www.pres-aix-marseille.fr
io.com.gt
wahines.puk.ro
m.baidu.mobi
kankanai.wop.ro
app4phone.fr
www.teozofija.net
blox.pl
jpvm.210000.org
news.net
vs-uk.co.uk
www.vmmtv.be
siels.wop.ro
einsure.com.au
xinyu.3he.cc