maochenwen.com.pl
mumoth.wop.ro
app4phone.fr
chachala.com
calorifu.wop.ro
ndil.nfdy.net
guihuaxiang.com
aniabl.puk.ro
szextube.info
plus500.pt
www.festivalbunnik.nl
www.phpyo.com
freetv.com.au
imigra.com.ar
lhxf.nfdy.net
sarpanet.net
77vf.nfdy.net
odiassim.puk.ro
orsay.wop.ro
ccftn.com
anageimoveis.com.br
ekiga.org
www.4tech.vn
www.dag.nl
bjjtw.com
roundhousekick.de
yulv.nfdy.net
www.horizontravelsanya.com
lungless.puk.ro
sitadex.oepm.es
66bb.com
sex-advertenties.eu
gaychatz.net
ukcampsite.co.uk
www.ukcampsite.co.uk
www.dolphinuk.co.uk
jiaowu.scfc.edu
yearner.puk.ro
vecer.com.mk
windbag.puk.ro
www.travelbooks.co.uk
stoppeli.wop.ro
msashop2.dev.fishertechnology.co.uk