the-dictator-full-movie.blogspot.co.at
egov4you.info
ccftn.com
www.wwzj.net
www.ajtogyar.hu
vriespun.picene.zinba.senensei.wwwwww.wop.ro
hupan.net
sh.tsyouxi.cn
oviducal.puk.ro
my-jewels.net
wahl.wop.ro
perfection.com.mx
koukaijo.wop.ro
provacafe.gr
undereta.henreki.wwwwww.wop.ro
seowho.is
techsmash.in
rpme.com.br
www.cd4.pl
xwx.cn
trundlin.wop.ro
hubive.com
salts.wop.ro
tjock.wop.ro
sxrj.210000.org
neback.wop.ro
dinbaghave.dk
lolli.com.hk
we.bs
www.bsx.cc
chachala.com
unweal.puk.ro
dietz.soup.io
www.aody.net
nonsubsc.puk.ro
benet.wop.ro
kateicho.wop.ro
seiam.puk.ro
www.magnat.de
jj.gdga.gov.cn
www.cccljt.com
www.6candy.com
neuverte.wop.ro
www.ntjxt.com
sikw.210000.org
7bwap.com
www.2oh2.4f9.org
www.buyweddingdresses.net
darrein.wop.ro
bitcoinz.com.ar
www.9u8u.com
www.ptbg.nl
successus.dk
sitebulk.info
ziii.biz
webs4soft.co.uk
www.boulac.be
maltsandmore.de
www.broekland.nl
www.brightconnection.org
www.pszfs.hu
www.festivalbunnik.nl
carlbrandon.org
e-vending.ru
lateststory.net
computrabajo.es
www.dingkefang.net
guihuaxiang.com
wanche100.com
ndil.nfdy.net
systena.co.jp
bexinh.dantri.com.vn
www.rafael.pl
siwel.info
www.shaofu.in
www.shgm.net
c.5kk.in
www.52dqq.info