77.gerconsnr.orge.pl
adoptaclassroom.com
www.tao45.tk
squx.nfdy.net
hennaforhair.com
fizzbangseo.com
hostplex.net
tienhuis.nl
zeken.wop.ro
diceaaa.com
footballteam.pl
yvi.kz
hostarting.es
gz.job001.cn
qwe1w2.951n.cn
55hl.com
hlss.i.ph
www.gavny.co
marios-airbrush.ch
zurich.at
potted.wop.ro
rrse.265link.com
elescriba.es
tux.biz.pl
www.cgmh.org.cn
selfdeco.puk.ro
priuschat.com
teleconferencecompanies.info
www.nikeadidas2012.com
getupfte.puk.ro
santaclaracountylib.org
yatou.name
artikel-checker.de
westlothian.gov.uk
otlm.nfdy.net
noktazwina.com
www.9j9y.com
www.ykcts.com
t-gate.tv
taobazhe.com
quizfest.com
haart.co.uk
6kkkkk.com
sazla.com
minecrafter-s.ru
reprezentacija.ba
navajonob.ir
bie.to
roche.it
boogabag.ru
chihou.net
chongqingzuijiaxifang.fdchs.cn
guangshou.taobao.com
cxjyxx.me
y7.net
newkhl.info
deverde.elandbnb.tw
s.smhp.jp
sklep.tvp.pl
trek-marketing.com
petite-tete.ath.cx
szkolnastrona.pl
zylinder.sk
help.163.com
shilixiaoked.1168.tv
plemiona.pl
21use.com
iss.co.za
realestatetimes.in
utes-crimea.com
wchoorekb.blog.mongenie.com
saillink.com.cn
oir.by
www.pinse1.com
ghanarola.com
emilypost.com
lyarczwobl.blog.kazeo.com
1o2.ir
porn9.org
greenvillehousing.org
sataharddisk.7h1.info
lyzia.digart.pl
yellowpagesworld.com
bhsf.cn
av178.net
www.kkgzzw.com
www.1b2k.net
ccjdigital.com
diamondne.ws
rhxo.210000.org
www.gramatneusiedl.at
bogenfoermig.wop.ro
thelittleappfactory.com
photo104.blog.so-net.ne.jp
industrystock.pl
aescandelaria.org
uta6.mirume.net
www.egoogoo.cn
bbs.salawed.com
jiangsu20101397.117.cm
regm.wop.ro
licorea.pl
silverfishlongboarding.com
12oa.265link.com
infinity-universe.com
www.math.pku.edu.cn
idc.telecomcz.com
www.jiemnengdaquan.org
www.saoaaa.com
eindianhair.com
www.hezuqingren.com
58k.2044.cn
anti-retrotown.org
www.ceafa.es
www.kenwen.com
corinavos.hyves.nl
pelo.jp
adeesoft.pl
pobyty.pl
turkuamk.fi
cajatamb.puk.ro
dentin.wop.ro
annuaire1deplus.com
www.mwijn.nl
zvyg.k3y3.net
mrsaawam.net
jugra.ru
photosdujapon.com
thinksaas.cn
mall.h2h.cn
iphone-occasion.fr
toponlinebusinessshop.net
websiteslike.org
tycg1.naturum.ne.jp
www.52shuyue.com
www.iii40.com
irm.pl
a1directory.be
www.boyhm.com
www.hbzx.com
www.xnybcn.com
www.qulela.net
studioproteo.net
fertighaus.de
maitimo.net
dirportal.co.uk
www.orion.de
phonui.net
www.cnccct.com
americantrailboss.com
ukcarparts.info
www.cg5u.com
wap.yytou.com
juancong.com
f1today.net
fbfl.us
politicalscrapbook.net
www.5aicode.com
qjdg.nfdy.net
appleapps.ir
beidu.org
www.tzzy.cn
laptopslenovo.7m0.info
protrept.wop.ro
zgallerie.com
newtechtips.org
kong.net
ca.19188.cn
www.0710-zy.com
www.mixiufs.com
yibdav.info
aveeno.com
johnp.digart.pl
fresnocitycollege.edu
filmz.cz
utfallit.puk.ro
socw.cc
ecenter.pl
trabalhar.com
fotochat.com
bbs.jxau.edu.cn
www.xlangw.info
airborn.com.ar
yyjfjn.1168.tv
igfm.de
good2b.com
carmem.info
divthemes.com
www.aijiamin.com
tokyo-stage.co.jp
etihadguest.com
bbs.ylxcc.net
neonbrazil.com.br
digitalassetsinc.com
debile.pl
6rp.net
japanskates.com
grattz.com
movies4u.eu
www.dh.cm
www.51txb.com
www.lancns.com
www.gybot.com
pensionissste.gob.mx
pornomountain.com
piezogebern.puk.ro
simpleheaters.com
bcbn.nfdy.net
dxfsw.taobao.com
minube.de
kt8merch.com
www.veryhuo.com
penesak.puk.ro
www.bjbihua.com
www.sexdenhaag.nl
proteus-solarsystem.info
rallylinknews.com
qtwm.com
richcontent.jp
www.ocbc.net
cl8.cc
www.hbssor.com
virtualcar.it
mequedouno.com.mx
ibdaily.mofcom.gov.cn
www.9813.com
www.wcsjcl888.cn.alibaba.com
jinchaxishenjiaonang.1168.tv
schiwi.de
swap-bot.com
doradcaprow.pl
wettfahr.wop.ro
zhongdeaoni.com
mmtu.tk
www.998yuqi.com
ventrilo.puk.ro
gyutto.jp
www.zfkf.com.cn
mubasher.info
14b6.nfdy.net
bestcardmessages.com
prlp.info
ara.blip.pl
baidu.letv.com
navigaweb.net
fcbrusselsforum.be
restaurantes.com.do
www.ferien.no
promotions-paradise.org
www.xzxgt.com
kuuno.info
videoshentai.tv
www.gzsouth.cn
ncsemena.ru
didongmango.com
www.jldyks.com
www.ruta-inka.com.pe
persuasi.wop.ro
ncpx168.com
www.cshuahong.com
yalla.co.il
betinfo.nl
yuseo.com
www.dtest.cz
overshoe.puk.ro
www.algf.ru
charles-harvey.co.uk
server-rack-online.com
711vps.info
vzedwuzz.blog.mongenie.com
terra.mx
crohn.home.pl
www.queeobao.com
spnews.gr
cafis.jp
www.moviedrive.nl
iranbar.org
upperdog.se
51hsz.cn
stalkerfx.ru
chisso.puk.ro
clubstars.pl
passionofsweden.se
bigfishfullmovie.blogspot.co.nz
www.lhw.so
www.yyuda.com
vsmie.cz
ai880.com
www.bjmeihualu.com.cn
thefamilyforums.org
aitx.265link.com
bpkatalog.pl
awu.polki.pl
delfi.ua
topbookmarkings.com
freebox-forum.net
rr365.com
cnhtm.com
alfredozucchi.com
cc8.etianhe.com
kfc.pl
pajarero.wop.ro
ibiss.pl
developingb2bsales.com
www.qiuq.net
www.cuimianshujiaocheng.com
huichel.wop.ro
my-led.cn
169zy.com
litao.me
bj.digart.pl
muz.uz
xfpjw.com
www.che.de
soccerlinks.net
traceysculinaryadventures.blogspot.com
baselineresearch.com
aplatissait.puk.ro
caribseek.com
wyjt.210000.org
shady22.video.xfree.hu
zapposinsights.com
linksfaves.com
coloca.info
1plus1equals3.net
newsouthblogs.org
shinybox.pl
k.cc
mundoindica.com.br
www.aaa20.com
lifeinsurancehub.org
ranchocortesano.net
daedal.de
www.supremecourt.gov
www.552cc.com
linkbyme.com.ar
lianzhi0000.taobao.com
www.52cpa.net
netarteria.info
www.85cafe.asia
bczi.nfdy.net
www.lylcjsw.gov.cn
xnxx.com
dasheng5.dginfo.com
argetohu.com
www.meliyun.com
www.haosaomei.com
ventdesdunes.com
russian-online.net
alpha.ch
thetower.info
myspringshoes.com
www.33455.uqc.cn
newsnarticle.co.cc
salmograby.net
virtua-footie.com
abcoltech.co.uk
www.yuedongkd.com
www.xjdli.com
capitalstar.biz
ask.familydoctor.com.cn
dessinemoiunsoulier.com
cboy.us
hhfyyy.5food.cn
www.biyuncq.co
tuzmester.hu
freedomlist.com
rebac.net
prc.org.uk
x.co
3zitie.cn
www.landg.nl
www.cheu.cn
www.95598.fj.sgcc.com.cn
chechef.it
tzzt.210000.org
benseyinshi.taobao.com
yellowpages.gh
hash.ro
clearskin-us.com
gehaekel.wop.ro
dirsubmit.net
www.pxian.cn
bjmzj.gov.cn
tures-aurina.com
www.xuananh.vn
tweetwawa.com
almalaurea.it
loloading.info
qonr.k3y3.net
machildrensfund.com
motorblog-reuben.blogspot.com
mooshroom.net
lunatrix.co.uk
buaa.edu.cn
cqla.cn
kontaktyfirm.pl
tswjm.com
tcb-bank.com.tw
ncb.biz
wirofe.wop.ro
papabao.com
e4hats.com
mr2.hu
www.html5rocks.com
www.motostat.pl
www.yilin.net.cn
blaurot.info
pras.fr
qingdaobz8.com
ecochallenge.ws
zznj.org
iqq.la
zoyf.qiwen5.com
extraspinal.puk.ro
www.ipadtv.cc
www.dttrol.com
www.jing-ying.net
sidcoserver01.info
fbme.com
delorean.se
qianglieshu.1168.tv
ki33.info
falsburgers.biz
khalsatravel.com
corvettecentral.com
jn.bwxx.net
haabir-haisraeli.over-blog.com
bukmacherzy.com
www.3a666.com
overshoo.wop.ro
shopbarbers.net
u.sou88.net
www.zgcaijing.com
cursobfgt.com
www.festo.hu
iwbb.nfdy.net
usstoragesearch.com
rimiform.puk.ro
ki8m.qiwen5.com
jdown.info
antec.com
jpg-to-pdf.org
dwangmid.wop.ro
footballamerica.com
www.dag.nl
privilegenet.com.br
spamhits.info
dhman.jp
capitaltire.net
battistella.it
soulmateescorts.com
uomboletas.com.ar
www.rexuesf.info
classic-kitchens.ca
imod.pl
zinkbakk.puk.ro
rtg-mag.hu
forg.qiwen5.com
hostrightnow.in
dealerinventoryonline.com
www.bcvit.cn
geographicguide.com
whohoops.net
usemynet.info
fipavsicilia.it
www.zaojiaojidi.com
ac.88888m.com
xuruoxuan.6188.net
www.rohs.cc
download-anime.web.id
lifo.gr
lago.flog.pl
besthometheatrerecei.26z.info
puredata.info
cn.maaao.com
www.pvbg.nl
www.cyds168.com
semana.es
actv-tec.co.il
booksbrothers.it
www.snwsj.gov.cn
www.dubaishu.com
www.qqq565.com
sapworldonline.com
traveltipz.ru
formymobile.co.uk
netearn.ru
affiloguide.com
reconstitutions.valutafo.euwww.wop.ro
gainlinks.info
tze33s66va-9bb3.tumblr.com
schweizerjungzuechter.ch
www.llady.cc
www.stallonezone.com
golf1.info
www.ocad.ca
armene.wop.ro
steviescommuterblog.wordpress.com
fileboar.com
twofold.com
realdealz.de
9560.56dvd.net
stadiome.wop.ro
www.hh34.com
linda.com.pt
btbsse.com
10010baidu.com
www.zjhhsh.com
host24.lt
evropskaspolecnostaab.cz
fjaert.wop.ro
auto.ce.cn
savefavorites.info
hitao0.com
armor.ag
zygkvlhjdtw.blogtrue.com
hernie.info
www.5531777.com
difettia.wop.ro
3dichan.net
lupita.pinger.pl
baidaifu.aaalp.net
szfhmc.info
hostings.pl
www.wxdingshun.com
easycause.com
kupgazete.pl
uom.ac.mu
oliwwia.digart.pl
www.st181.com
sz.454.cn
bradan.org
www.geerben.net
vinka.wop.ro
www.82999.net
hyxxw.cn
hindisms4u.com
blogging-secret.com
www.43qq.cn
logos.info
bygy.nfdy.net
www.gt
internetkorting.net
kryptozoologia.pl
www.dydvd.com
izjpjlfne.blogdetik.com
dicavit.info
tropitone.com
irondata.com
www.5dktime.com
novosaires.com
zvukimu.com
www.pc91.cn
aga11.blip.pl
yythw.com
www.fjycjx.cn
iltfarmacia.com
www.xxlixing.com
online-themen.de
rtas5h.net
soundwall.it
mediumrotation.com
www.zxooo.org
rozwojowiec.pl
hiphopid.com
www.7654.co
luckart.pl
seoworkss.pl
www.schs888.com
njxuke.com
52life.cc
mgweib.1168.tv
lowermanhattan.info
www.rfholding.com
mostlandl.com
c.com
www.gamet.eu
tiboo.com
vxeo.210000.org
www.ticsoft.com
pflanzmich.de
solutionpoint.in
8e6s.qiwen5.com
www.moniguanwang.com
43searchengines.com
wealth-4-all-team-israel.info
www.ff00.net
lost.lap.hu
wbrnet.info
www.tea9999.com
xmlu.hyves.nl
skoda.txqcw.net
techblogbiz.blogspot.in
block--buzz.co