bigosboss.digart.pl
herocraft.com
www.qkkyy.com
horyzonty.org
alplist.com
oxfly.wop.ro
gethin-anthony.com
amour-deluxe.com
porn-cum.com
www.xoxo123.com
daruu.com
marktburschen-kirberg.de
poker.pmu.fr
onyourweb.com
gujarat.gov.in
clintandrew.info
dr-rath.de
3wpharm.com
digitalbusstop.com
rasaee.ir
fisco.jp
www.meizi.cc
opml.nfdy.net
resorts360secrets.com
shiathecoolbug.deviantart.com
fusedlogic.com
www.bht158.com
agi.flog.pl
99cent-mailer.de
www.ffzh.ch
semesters.puk.ro
bbs.com.ua
mrkgs-online.com
infobdg.com
krav.nfdy.net
www.chevelles.com
conan-anime.com
perfect-shape.co.uk
nonfinis.puk.ro
hf.xdf.cn
jn001.com
kitgraphique.net
nailspace.com.tw
divorcedpeoplemeet.com
wap.co.il
osaqua.com.br
92so.net
gcchina.com
blueingreensoho.com
ozdd.210000.org
bigtopbullies.com
bbs.jcwcn.com
www.tt0417.cn
craigslit.org
www.miccosmo.co.jp
beymen.com
efilme.net
iisa.co.jp
neo-avenue.fr
mutfagimiz.com
hh.se
moffies.flog.pl
dailynewsactivist.com
carritus.com
penpalsoftheworld.org
getintheloophouston.com
d300.org
www.hdsz.hu
2426.com
www.jidisea.com
coatingsquare.com
crowdconversion.com
www.zjqjw.com
atlantys.cl
nvsdfg.tk
famulicio.puk.ro
morganhunt.com
wwjj.210000.org
indianplayschools.com
www.81zzz.com
paysites.tv
fdc.86516.com
www.2iiii.info
wzlc8.net
hzlf.info
mdnkids.com
killduff.puk.ro
tipbongda.com.vn
baiseshi.383845.com
evenea.pl
bosronald.hyves.nl
fctwap.cn
quickpwn.com
imlemeg.info
doodox.com
einstein-university.org
5999.hk
ideate.wop.ro
hxjy01.atobo.com.cn
desmonding.com
foxue.5d6d.com
daima.nnlian.net
74674.com
bwsx.net
jvcitalia.it
ni.dk
blogspot.ru
irkzan.ru
eleqtriq.com
bbs.ty7.cn
ali97.net
blogsvoice.com
1hz.cc
ibookmarker.com
folle.puk.ro
turbiner.wop.ro
bosch-diesel.info
c.oshiete.goo.ne.jp
redvida.ning.com
singaporeburberry.net
wmid.info
malorama.de
changewin.blogbus.com
infolive.tv
communitycollegereview.com
0755333.com
web7b.cn
5w.lux.az
erbilen.net
automaten-hecker.de
jelly-beans.co.jp
sazzy.co.uk
plantdelights.com
2bone.com
111mi.com
imkerei-ahrens.de
campusconnect.ie
goudschuim.puk.ro
neyland.wop.ro
skintreatmentguide.com
atstsd.com
www.bjxwyyguahao.com
inboxmailmarketing.com
drittereich.info
light-building.eu
beckynaylor.co.uk
www.remaxedu.com
mixtime.ru
rp5.sg
fionayi.blog.163.com
binhphu.info
www.90xs.us
bestshowticketslasvegas.com
www.cha438.com
anaisnin.com
beiramar.ru
agroportal.pt
zaraev.ru
htmlbasix.com
loksim.de
directory.awcs.org
foodforfriends.jp
gaia-festival.com
vuakgexio.blog.mongenie.com
doublerstableofstcloud.com
searchve.com
atin.wop.ro
expt.qiwen5.com
400.zhgu.net
sfogammo.wop.ro
sdoppino.wop.ro
firefly.com.my
openei.org
appianer.puk.ro
apurar.wop.ro
mahmouddarweesh.info
ns-support.com
xlunwen.com
digitalspinner.com
airbel.com
100.wzljl.cn
e-mecha.jp
futureoflaw.pl
www.z3ak.4f9.org
forum.mangguo.org
wintech.net.ru
counterhit.info
hotspots.io
www.longccc.com
hypercorrect.puk.ro
kadikoy.bel.tr
2007kapos.hu
regensburg-digital.de
wilsonandfish.co.uk
internetventure.net
bourbonblog.com
friendsofchicagopolice.org
jobme8.com
triboo.it
teamarket.org
savingissexy.info
eic.org.cn
www.googlemachine.net
colorcoat-online.com
easyfm.lv
lylwap.com
rendszerepito.hu
jiggybob.com
edu.k26.ru
www.zecin.com
indeecairo.info
ukdirectory.com.ar
unisalento.it
kan116.com
e205.org
europeanhedgehog.webs.com
www.iaia.org
www.avtodelo.by
inlinexpress.com
www.pp2dvd.com
www.bokon.net
daktronics.com
nintendowiki.ru
insist.or.id
ufozcy.blog.so-net.ne.jp
www.tao45.tk
www.hhaavv.com
casadeedu.com
www.waga9.com
dgseo163.com
glaceau.com
biondi.puk.ro
pcpd.pl
manjiline-amatorecordz.com
cnporter.com
bloomex.ca
bocichina.com
www.ycok.com.cn
bookmarkerportal.com
mntp.info
nawbo.org
principiantes.info
islamforuniverse.com
batanga.com
wiki-westeros.cba.pl
pandorabraceletsuk.yhfo.com
ddlab.dk
49sg.com
rcmart.com
glanzer.at
merckmanual.jp
beshift.com
6song.cn
gb8008.us.ly
primely.wop.ro
gaili.wop.ro
allgossipnews.com
4008001188.tk
footcrab.soup.io
erboristeriedelladda.it
www.mmuu00.com
friendship-bracelets.net
www.sdyc8.com
www.88ii.info
alazhr.org
austriajob.info
shoo-be-doo.deviantart.com
rizhao.xinl.net
kove.puk.ro
prevuepet.com
reversirobo.com
lilo-creations.com
logobliss.com
vorwaerts-frankfurt.de
boeschung.de
f5.hk
www.xianghuqz.com
blogpingr.de
www.thewebferrets.nl
nelmerito.com
plantsrights.webs.com
bacchusmodesto.com
www.eu-battery.com
greattimefortea.deviantart.com
nastygirlies.com
www.xmairs.com
internetprodavnice.com
distancenglish.com
forbrukereuropa.no
worldagesarchive.com
www.jntaxs.com
jbav.info
atoi.210000.org
bqspa.bqspa.org
new.13991.com
www.sdlwjyd.cn
linux.blip.pl
www.macned.nl
envilecer.puk.ro
66hh.me
vvki.info
cp.r.gd
sbd.xmu.esu.cn
jameshughes.info
secretvisionmembers.com
www.xxx551.com
futurefanatics.com
admoto.pl
sidekickcomicsuk.com
aranor.bloguez.com
21cr.info
id.ee
www.hwdtqx.com
www.yicailed.com
stowellrobert.tigblog.org
848484.info
njcx.cn
aaaavdieu.typepad.com
z8oy.qiwen5.com
authorsguild.org
dyenamicsolutions.com
alkawthartv.ir
covarono.wop.ro
324324.name
jilin.focus.cn
onefrugalchick.com
linedancecrazy.de
www.66bz.com
aevh.nfdy.net
inesdi.com
www.jzy163.com
6km8.265link.com
17spw.com
abkuerze.wop.ro
www.mlszp.com
dnbnor.no
simple-loop.com
www.xinanyixinaiqi.com
mut8wen.lingd.net
beingglutenfree.ca
www.ddzdpc.com
journalisten.dk
anbound.info
hits.info
oshogulaab.com
zknz.78.cn
howson.com
10000gy.com
mononchus.wop.ro
vxn2.210000.org
80halta.com
www.ldpx.net
chronocarpe.com
1531429.i.tiexue.net
gipfelblog.de
axiscom.co.jp
refueling.wop.ro
gusta.puk.ro
thecunts.net
mysitting.net
nba.blip.pl
vccinews.vn
mgjm.nfdy.net
elasmobr.puk.ro
best-price-india.com
nc315.gov.cn
ydjg.210000.org
www.hg2128.com
devilsoldhissoul.com
sokq.qiwen5.com
186zt.com
suv3.qiwen5.com
www.silkweb.ro
bbs.dt123.net
jingdlltt.1168.tv
lt.imobile.com.cn
malipaint.com
sakariba.info
www.yihuei.com
wahllose.wop.ro
azrs.info
www.5iads.cn
fakty-mity-seo.info
5c5c5c-115a18.diandian.com
palliez.wop.ro
cn.fo
rincontranny.com
getoarei.wop.ro
perlainternational.com
c.mgscl.in
galaluna-jinx.deviantart.com
www.yhbx.net
pacs.clpc.com.cn
029boy.com
yuisyo.wop.ro
shaboozey.com
www.dzwsj.gov.cn
kinostar.com
basy.9998.tv
nbdongyingcom.7190.cc
spoffish.puk.ro
betterinnovations.com
www.cbb.nl
www.undg.org
amann-x.hyves.nl
websiteassen.nl
8x10-bamboo-rug.blog.hr
www.sohuko.com
geourl.at
www.gzzgzx.com
tamakuja.de
sielelectric.com
hahen.wop.ro
arugas.wop.ro
moganti.com
ct4f.265link.com
museum.ie
englishchinesetranslation.org
0312.net
attac.zpok.hu
szklarygorne.pl
replygrid.net
humg.qiwen5.com
www.deblijebig.nl
bja.gov
www.cztkw88.com
76333.net
kowaza.net
3od.biz
bar-mix.ro
www.julongyoule.com
assuredmoneysolutions.co.uk
filmmusic.pl
turkhackteam.net
iivideo.com.br
newskaz.ru
k4lab.info
confabulate.wop.ro
nbqqam.com
6hw.39983.net
www.mun.nl
art.xtu.edu.cn
www.10dx.net
lwtcb.co.cc
zbwiivqwhd.blogger.hu
donnerskiranch.com
www.ahshengshi.net
xxx-porn-tube.com
bulainc.org
cheerful-japan-global.ecq.sc
businesshelping.info
bt01.taobao.com
www.cupd.nl
jogsiszoft.hu
engraphically.puk.ro
mush.fecsegj.hu
dcimprov.com
www.yus360.com
tuneup.pl
tatb.asv.tw
hidar510.blogfa.com
coffeekids.org
weightwatchers.fr
155dy.com
cxqtkwqu.tumblr.com
avto-ug.ru
hojevouassim.com.br
hwxyj.0fees.net
backlinkmonitoring.com
sephisemagazine.org
evseon.ch
chyrp.net
dushuzhe.com
mayudama.wop.ro
onlinebusinessbuilders.co.uk
4-h.org
pirate4x4.com
www.jxiaoshuo.com
cloudstack.org
apnoerire.blogg.se
hypf.78.cn
koekenaas.informaz.treffsicherster.zimae.wwwwww.wop.ro
racingvideos.co
miczi007.pinger.pl
ty.job592.com
www.yangmeionline.com
0813fs.com
fanatic-sup.com
yatiememories.blogspot.com
osorubek.wop.ro
cadb.fr
eisdorferdental.com
ileon.com
u58.biz
www.881mi.com
progressiveruin.com
www.qiaoleer.com
kk3j.com
strong.pl
meinv163.info
qcahuruxvw.blog.mongenie.com
tafset.wop.ro
esposas.wop.ro
entirewebs.info
fontanadistribution.com
isimplylovemakeup.blogspot.in
4heures-epinay.com
www.ydlchina.com
combusto.wop.ro
webnetism.com
davam.az
askyaz.com
www.mfchn.com
gouwu2008.taobao.com
664678.com
actenum.com
komea.kr
feirechir.bloguez.com
942942.cc
elportaldeltango.com
0one.net
bjxedu.cn
bjwsyy.com
ufms63.ru
retratosagua.com
wksg.qiwen5.com
fundusze.gazeta.pl
ajanlasok.info
onlinebookmarkspan.info
www.tuan500.com
www.rmspw.com
ol6x.k3y3.net
fleurop.ch
www.crucimarmura.simeria.info
chaletmadera.com
www.318ly.net
absolwent-poszukiwany.pl
collegiatelearning.com
nvidia.fr
getunia.blip.pl
homestagerbusinessbuilder.com
worlds-highest-website.com
se.345qsw.com
designerseven.com
babybloggo.de
arhe.com.ua
muonmau.vn
k12.nc.us
maqc.nfdy.net
mapfregenelsigorta.com
daurhopoz.blogger.hu
lifelikeapps.com
www.qmooo.com
gandurileschimbaviata.info
www.24lj.com
dukeba.com
dom.ir
belodesign.tk
126.com
www.gxbszs.gov.cn
nj.a43cdv.com
www.gzshangxue.com
coffeela.gameclub.tw
alman.puk.ro
lubiefilm.pl
www.74498.com
adultdir.org
geneticsexualattraction.com
666hh.info
51yyzc.com
blackshemaledicks.com
articledashboard.info
mxhub.com
finelinepits.com
fast-contact.com
www.yalesun.com
53697.com
axaxa.free.fr
dubaipride.com
rio-themovie.com
bbs.txtnovel.com
windenergy7.com
heatingcentral.com
pcimagine.com
diswebmaster98.blogspot.in
sigmaginews.com
easypic.com
ana.az
antarctica.ac.uk
boyangshipping.com
zevchait.org
m-city.pl
abcconsultants.in
netinclusion.com
snth.nl
aecid.es
thpaffiliates.com
fraternet.com
availhosting.com
fummelsex.com
motivationintohabit.tumblr.com
fcrl.mae.wvu.edu
excel-vba.net
gnram.com
hhpage.com
mega-damayanti.com