prolink.pl
stacjaextreme.pl
sex-tapes.biz
pyciak.blip.pl
www.austis.cz
malaysiajobs.info
allesunverbindlich.com
thehomebasedpro.info
www.yyi88.com
yanan.bgo.cn
www.khu3.4f9.org
tunisietelecom.tn
youvidxxx.info
beknit.wop.ro
ingsecurities.pl
6ih.info
failstore.com.br
www.laktea.cz
www.xyzkbw.com
serviceafter.do
hitcric.info
fotostacja.pl
komax9.pl
zemplenudulo.info
dative.digart.pl
hiren.info
smithsfoodanddrug.com
kredytol.pl
wss.pl
www.esp.sn
f2pj.265link.com
ugandainvest.go.ug
www.qingsonghao.com
97sd.com
hackthestockmarket.com
menstrualbackpainzobt.info
mini99.mini99.net
kasia2000xd.pinger.pl
karierawfinansach.pl
14liao.com
krmwebdesign.ie
codrosu.ro
sz.h2h.cn
auctioninsights.info
jatekletoltes.info
oliver.flog.pl
www.ims.fm
kuryrsluzby.cz
lqzxsq.tk
reshapethenation.com
adjungle.com
reportswithplr.com
pely.info
vladimirkepic.com
morfx.digart.pl
atilaj.digart.pl
tiao100.info
freevideobacks.com
mdr.blip.pl
africansspeak.com
www.uchis.com
www.taomai114.com
khalaflaw.com
www.cago365.com
bambiboy.sensualwriter.com
windata.ru
endotech.pl
mfpkbigrep.blogger.hu
www.rozkoszniaczek.pl
c-budejovice.cz
loko.pinger.pl
qoopoy.info
www.fototrop.pl
espasserelle.net
newbie.ir
ausir.blip.pl
ironfist.pl
vrl.pl
m0chu.flog.pl
spotternetwork.org
abgaberaten.puk.ro
www.duan.pl
www.aas.cz
so-hosting.info
www.ke-ke.com
adddir.info
iloveptc.info
rrr90-722a108.tumblr.com
urara.digart.pl
hotelsmandawa.com
sicherheit.info
solopreciosbajos.es
marta97.wrzuta.pl
yagnenok.com
elementsthegame.com
careforthefamily.org.uk
ps3-hack.pl
dotesfera.pl
eldersrealestatewas.info
asiangirlsexposed.com
kantory.pl
asobrain.com
www.uxx.cc
perrydavis.info
raison.at.webry.info
mojeciasto.pl
cenatic.es
wiadomosciwalbrzyskie.pl
eikenlanen.wop.ro
roundup-tracker.org
sextazy.pl
englishrepublic.ru
an-nasr.dz
www.235300.cn
bookmarkstoday.info
kghm.pl
www.wfhechuang.net
www.legalmovz.info
jualcd.info
venezia.llull.cat
www.w-wm.pl
vakantieegypte.info
vitkovicetours.cz
otolink.com.pl
wellbee.info
fugro.com
akevzzpw.blog.cz
dobryremont.wroclaw.pl
tatliseks.net
www.incnk.com
8gf.usceroa.osa.pl
afreed.wop.ro
azonwp.info
hdmimatrixswitch8x8.4vw.info
powerspace-domain.de
azsx.digart.pl
gbb.net.cn
fabregaszone.com
sto.org.pl
symetryczna.pl
latexcommunity.com
gblegalmexico.com
www.0551dm.com
p2003.com
6bx.info
heritagepreservation.us
quickdofollow.info
brock.wop.ro
ahdxzl.com
966zy.info
pszczelipark.pl
sexoholik.pl
lecuxa.bee.pl
motokiller.pl
in-yaz-book.ru
ngauge.co
www.xingjiuba.net
chak89.tv
thomaz.dk
sudanmp3.net
cdsi.gov.sa
idg.com.pl
teamonyx.de
v40.pl
zhaokf.com
www.srba.cz
css3.info
ezukowo.pl
xinzhou.baixing.com
garapon.tv
sf.super-search.jp
foggyforest.info
lisek14.flog.pl
getsmarq.com
marvinsally.info
95thriflesclan.info
analist123.wrzuta.pl
australian-bookmark.info
creatiblogs.es
harmas.pl
fucai.hk
liveusb.info
gdafxh.org
balkanclub.ru
williamlong.info
www.rfserfser4t4.com
insidecoloradonews.com
www.15gift.com
dougapedia.info
msmt.cz
mundord.info
hpuh.info
polskina5.pl
pornsexerotic.net
podroze-forum.pl
homemortgageontario.ca
2bicycles1world.ch
pliggseo.biz
www.amcoding.com
analbareback.info
melodyforever.ru
maketravelnow.com
lundi.pinger.pl
mun.digart.pl
wdrv.com
gorubi.wop.ro
alle.pev.pl
creativejobscentral.ca
socialbookmarkrest.info
vins.blog.cz
zuch.210000.org
meblenet.pl
gxp.jp
7k7k.info
dionysiacally.puk.ro
dalishendianchi.com
krishibidgroup.org.bd
majafolek.pl
zaderjek.net
thehistory.com.br
www.xtrack.pl
apaczowe-ubieranki.pl
ogrodnictwa.pl
twb.ly
agriaffaires.pl
dzieciowo.pl
bezprzyciskow.pl
groth.digart.pl
cpschools.com
winepromise.net
mcsd.game2.asia
yami.net.pl
awesomenessfest.com
cocktease.info
lojasamericanas.com.br
03886.info
edrukarnia24.pl
ir.gl
albion.edu
jutrzenka.com.pl
mangakana.com
newparenttips.info
pbca.biz
joi.pl
930311.com
park-our.pl
exper.org
greatdesignsfast.com
www.130678.com
meoriu.mymom.info
linux62.org
www.fsbit.edu.cn
bonesofourancestors.com
tpjatmdcug.skynetblogs.be
www.nvlt.nl
www.dogiadinh.com.vn
residualandinstantleads.info
mrkag.info
daggerka.pl
www.6kk.us
naszinowlodz.pl
anticens.wop.ro
halla.digart.pl
colonic-cleanse.net
articlecloud.com
secretsof.com
oneworldoneclassroom.com
astro-concept.info
cooh.pen.io
11ys.cc
blaurot.info
motorist.si
cfohkvra.blog.mongenie.com
www.gzasa.org
fresnocitycollege.edu
www.klops.pl
joblance.info
m-cool2.com
a.gp
ent8.info
mrchildren.co.kr
freeseoprdir.info
oublierais.puk.ro
lookfordiagnosis.com
bearcolorarts.com
classidigi.com
awu.polki.pl
tutajdoladuj.pl
saberviajar.info
bloblo.pl
everesttech.net
jadidkhabar.com
web-bookmarking.info
grzegorzbraun.pl
naukajavy.pl
shop.2118.com.cn
www.bvk.lv
misreput.wop.ro
hatredfun.com
hemi.beweiskraeften.kaitakuc.wwwwww.wop.ro
godsoft.info
claims.wop.ro
edox.ch
adityaschool.com
cavy.wop.ro
4zyc.com
6hdh.net
lawsuitfunding.biz
17d-miniatures.co.uk
jnhblj.78.cn
stringworks.ch
theforumdirectory.info
ladnydom.pl
onenavi.jp
users.ecs.soton.ac.uk
www.eep.org
iwaimai.net
kldp.net
c1521.biz.tm
succinit.wop.ro
tenso.puk.ro
xxxtrunk.com
pspfilm.su
tamachik.wop.ro
ivan.be
ydni.nfdy.net
8yd.78.cn
ckh4you.com
malesickazed.cz
mlecznepodroze.pl
famille-emonet.com
printerblackfridaydeals.info
road.rox.pl
dichvutangle.com.vn
zeestudio.tv
hear-it.org
www.gmw.nl
najdise.cz
cygnusb2bmail.com
haifa.ac.il
bangus.com
freewayinsurance.com
mystatusnet.com
landrover.com.pl
ucf.edu
maxsolutiongroup.com
hospitalaleman.com.ar
vstar.megaplus.vn
samygo.tv
emnk.210000.org
bzw88.cc
qz.gx.cn
webshop.caremo.eu
pivotcon.com
top.pokers.pl
nap.net.id
kitakanto-carsensor.net
www.jwgl.hbnu.edu.cn
fknews.ldblog.jp
levian.gd
eviterra.com
hogget.wop.ro
44ms.com
altfeldeblog.ro
web.reedexpo.co.jp
www.kinobaltyk.pl
ignhacks.com
lovler.net
otojo.jp
flinndal.nl
smolensk-2010.pl
baby-bus.com
humor.pl
gamesector.pl
przemon89.digart.pl
testoweb1.pl
www.xxx668.com
baixarjogoscompletos.com
talent.czeskieporno.pl
webcamcaptures.net
ugsatfmz.blog.cz
lightlife17.pinger.pl
mbtchina.net
www.se97.us
webluc.info
cke.edu.pl
gepecardsafe.com
yoga.pinger.pl
love-is.ru
comenzi.ro
6.tool.ms
mesminibulles.info
wi-tribe.ph
www.autokia.pl
designmd.net
ate.fm
woqvubpln.blogger.hu
yossi.wrzuta.pl
officeaccommodation.info
ailehekimleri.net
jwspeakersbureau.com
houeiji.wop.ro
www.bearmov.com
smetoday.info
sp59.com.pl
domen.com.ua
wemenlife.info
colagoga.wop.ro
ibc.pl
da.bab.la
meubel.openstart.nl
ywbb.k3y3.net
linktele.info
islamhome.info
dandys.blip.pl
a4.7iii.info
mysearch.ge
cyberplat.com
classifieds777.co.uk
www.znak.pl
shuppan-d.info
www.pb-a.info
pumpernikiel.flog.pl
amazing-directory.com
ikky.wop.ro
stockvirtual.com
speedfoto.prv.pl
www.7575bo.com
kaikan-h.info
playarena.com.pl
www.sp-agni.ru
olesiejuk.pl
adcount.info
puellanova.pl
dekoruj.pl
www.tylkoprogramy.pl
badziu.digart.pl
gaja1.flog.pl
dyskrecja.pl
naimisiin.info
eastern.edu
theseoindia.com
flux-rss.info
cliquenabend.de
blogdrauf.de
baotin.info
weightlosstipstrick.info
www.jsw.com.cn
160573.com
topliste.livecam-erotik.info
damci.pl
www.go.co
www.xgdy.cc
ttuu.com
findlink.info
hidemy.info
chh.pl
the-maltese-falcon-full-movie.blogspot.pt
more4kids.info
folkit.info
sourceoflife.info
bluete.wop.ro
www.diyiseqing.com
cyokuyak.wop.ro
jobsijapan.com
tom-tailor.fr
fbcrimsonprojects.info
bianxingjingang.3199.cn
maciejko-sklep.pl
niegowa.net.pl
best-fitness-exercises.info
bahnforum.info
bestglobalbookmarking.info
rzezbie.prv.pl
andreasoldati.it
munn.wop.ro
howtobewell.info
alazhr.org
protectiondegreez.info
yinchuan.58.com
foreclosurefreesearch.com
sunne.puk.ro
www.acme-cn.com
wkbmaratonczyk.pl
topin.travel
tehran-samacollege.ir
stopinfin.ru
aeromedicalevacuationz.info
novorbis.org
caertez.digart.pl
humyai10.info
wallcity.lv
wegstop.puk.ro
marta9911.wrzuta.pl
fulunyouth.org.mo
6rp.net
thefavorite.info
regularlinks.info
chinesegirl.pinger.pl
www.sunhom.com.cn
sqqa.nfdy.net
indexr.info
www.chemodan.ru
w.wap.cn
www.tourisline.pl
bvlb.nfdy.net
newsletterbuilder.info
the-book-of-life.info
votetags.info
www.geld-winnen.info
l1w.info
berlimosa.page.tl
maxcreative.ru
directoryportal.info
fraudulentness.wop.ro
mitsubishi-club.ge
www.0635-8884693.cn
romantischcadeau.nl
kbxz.info
meslekiyeterlilikmerkezi.com
templatesellers.info
uti.pl
721001weber.info
pilka.pl
equityfinancemortgage5it.info
www.zflh.7ta.cn
jatekok-kifesto.kifesto1.hu
beely123.com
yanchengshi.m69.info
dvdsoft.info
skaland.pl
www.mug.ro
freegames.at.ua
98wuliu.info
onlineitcertificatesz.info
zeewe.com
w690.nfdy.net
rysiakoootek.pinger.pl
gobood.net
spread.ly
kili.cz
1639sex.com
geodsoft.com
ijobers.com
www.ssb8.com
361dy.com
zus-studenka.cz
92xj.info
simslive.prv.pl
looderts.wop.ro
maxmodels.pl
j24k.com
www.789yy.net
kriss13w.prv.pl
ailego.com
reupload.it
torontotilestores.info
tibia.net.pl
cyouketu.puk.ro
www.mastor.pl
konfusester.puk.ro
grachus.blip.pl
www.hyaut.com
sonnenkraft.com
swaziland2008.mcguireclan.org
ciufcia.pl
www.dyhlw.cc
ent.hangzhou.com.cn
japanphone.vn
iasworld.com
zonadownloadbokep.info
clcache.info
offertbookmarking.info
forumactif.name
fabulascortas.info
swimee.com
yb.tgbus.com
thecreationofwealth44w2.info
www.sskkoo.com
coup-detat.info
cx.idccdns.cn
hosteum.com
diamondirectory.info
oakley-sunglasses-uk.co.uk
gametop.de
strugi1990.wrzuta.pl
www.kcna.kp
mubasher.info
www.parity.cz
ff-eberndorf.at
zwaans.startbewijs.nl
www.ctedu.net
ufo.dos.pl
yourbookmarking.info
westminster-mo.edu
global.net.pl
www.fefesfcsdvfb.com
preiseklein.de
socialbookmarksitesfree.info
tuningebiznesu.pl
ranga3ddesignlab.info
cyberforum.edu.pl
bdsmartpictures.com
www.yaocai.biz
thegeneraldirectory.info
sonicomusica.info
phangan.info
diskcomp.puk.ro
gijutu.co.jp
uke.gov.pl
kmapkqjfki.mixxt.pl
wpexperts.org.in
www.yishuyy.com
izna.cn
fantasticmusical.com.my
e-biurowce.pl
summit-ent.com
www.kansandian.com
opisygg.bo.pl
lidl.hr
javagame.sms.vn
giftboxes.getshopped.com
free-backup.info
freeebookbooks.7ic.info
bing.wop.ro
sikoralukasz.pl
phlaunt.com
buyfacebooklike.us
oozo.info
4shared.com
www.hs948.com
chug.wop.ro
yoursearchdirectory.info
kochmix.de
bigtitmovieclub.com
toronto-lime.com
federvela.it
akz1.info
prenderci.puk.ro
budujkatalog.pl
deskwanted.com
misya.info
www.maykie.nl
beef.co
beguiles.wwwwww.wop.ro
brusselslife.be
ymca.pl
lokao.puk.ro
arteventy.pl
openpgp.org
thinkerstar.com
javplus.com
artdvd.cz
analfatecnicos.net
moziverzum.net
rissha.com.pl
alumni.gwu.edu
comune.udine.it
www.adbax.nl
dcassessor.org
black.hk
shop.mz16.cn
trackingsolutionservices.com
blogplay.pl
rzsbt.fecsegj.hu
jolesch.com
iberempleos.es
dadon.com.pl
ips-webtracking.zimpost.co.zw
cyberz.in
yhwc.me
www.azun.pl
atp-messtechnik.de
www.99gxw.com
lodz.gumtree.pl
daneprairie.com
frgf88.com
pxqfzy.uni86.net
hjemmeside.mobi
www.vemaybaygiare.vn
futurescience.com
biznessalex.com
71kkkkk.diandian.com
go.fi
shoppic.org
hq.139.cc
hzlf.info
fuerstlicher-keller.de
www.linfosys.nl
legalized.us
love730.com
calendriergratuit.fr
django-unchained-movie-online.blogspot.no
84coco.com
electric-cigarettes-shop.info
nougakuk.puk.ro
cl.zhaoxun.net
midwayfinanceira.com.br
free-sweet-gays.com
multimediasearch.info
it-girl.info
assyou.wop.ro
577gc.me
www.nece.eu
caifu600.com
blueprintds.com
www.3m.com.cn
bizzone.pl
mytv.vn
hypnothoughts.com
runningwarehouse.com
jeux-gratuits.fr
birek.digart.pl
tirsdag.wop.ro
chachala.com
mojeokoli.cz
www.faishi.com
allstayathome.com
hk6cw.com
cumfilm.info
fightstartv.com
www.cnsae.com
hz.zsto.net
reziproke.puk.ro
jel-lej.dk
deviantclip.org.uk
kobi.blip.pl
whitetapes.com
itopdog.cn
cluj.info
lewisham.ac.uk
tempo.co
www.lento.pl
iukpop.name.vn
iyzc.in
francaisdeletranger.org
ite.gmu.edu
5ew.info
gupadesivos.com.br
ishare.vn
favx.210000.org
friendcycle.co.cc
www.airvek.nl
top10download.com
belzec.org.pl
idee-voyage.info
grymmo.wrzuta.pl
narodnoe.info
ewusia44.pinger.pl
ballonnen-100-jaar.istats.nl
pakgsm.com
www.sa-ga.info
lookela.com
orangelab.se
teve.ba
iraqidinarchat.com
itn.vn
ihlr.265link.com
fearless-selling.ca
is-sec.org
verweilst.wop.ro
iweifang.net
veterinaryeducationz.info
netcafez.prv.pl
pressurebusspipe.ning.com
www.coc.cc
picserver.info
bookarticles.info
kotto.blip.pl
www.uuu11.com
iqigroup.net
isse.tk
tom998.flog.pl
cf.digart.pl
aomon.digart.pl
steeltoytruckshop.info
caoliu-caoliushequ.tap.cn
they.pl
dilkut.biz
podcaust.com
bajkowegratki.pl
jeap.digart.pl
worth.ly
nipplex.pl
tumult.pl
0898net.net
www.fhr.ru
kenkei.wop.ro
extremklettern.de
migrainescqn.info
napisy-do-filmow.pl
bio-markt.info
1314.qyjy.cn
uninter.edu.mx
www.dy2233.com
gammac.pl
leads-gen.sg
igotmail.com.tw
olee.de
bestwebspaces.com
quehaydenuevo.info
funeralplanningz.info
add2dir.info
recipesofbeauty.info
industrial-clay.com
isfdb.org
ogloszeniasadeckie.pl
artfixdaily.com
d-pos.pl
www.barthels-feldhoff.de
inube.com
aha.de
nikii555.pinger.pl
risager.info
iwin.net.cn
dostuff.info
kinsun.info
discoburger.ch
muzer.info
lablog.pl
fv4.info
houseinsuranceratez.info
supergamez.info
leah-k.jp
boardblog.info
traveltipsweb.info
szila.blip.pl
theasianbanker.com
imagenpublica.com.mx
warringstatesgame.com
mamesoft.jp
cgik.nfdy.net
biggo.pro
quipidity.com
mmzl.digart.pl
haishin-kun.com
www.tncms.ro
bestiality-movies.org
siecsplot.pl
www.www88.us
online-casino-spielen.info
umdruckender.wop.ro
www.82999.net
legrandsoir.info
berco-medical.com
noteplus.ru
yoio.info
gzxy.hbee.edu.cn
portal-konskie.pl
yowiye.wop.ro
bg-info.info
www.altxw.com
alnsri.net
classycouponclippers.com
yydh.in
alittleknickknack.com
dutta.wop.ro
yute.wop.ro
wichu1993.pl
islongs.com
superresellersystem.com
www.teledata.mz
ahv.ch
latsta.blogg.se
intecso.com.vn
itarusinnja.hp.infoseek.co.jp
eliteria.pl
biible.info
it.wh.cn
webtvxxxspot.info
gr8pals.com
zlotko95.wrzuta.pl
fuego.pl
acoteor.com
kvadr.info
vxvq.k3y3.net
www.xdaodi.com
4386.info
patrycja14buziak.wrzuta.pl
adjustbook.com
hu0.info
o8.com.pl
r-bank.pl
linkcharger.info
mof.gov.vn
ioem.cn
linkstop.info
stoppacta-protest.info
tunisia-surf.info
clausstahl.nl
xichuang8.sdthsk.com
schooxy.com
cashboxparty.com
fetta.wop.ro
bokn.wop.ro
sadelschlepper-country-club.fr
csaladihaz-epites.info
letgetmorefollowers.info
rongpencil.tk
im-home.co
obscurity-doll.deviantart.com
dxyer.cn
68fa.net
herocraft.dyndns.org
sisterschoice.typepad.com
unic77.info
iroiro-douga.info
amearare.com
www.jkbyl8588.ce.ms
ambid.pl
jonkertjes.puk.ro
ironflag.com
debian-multimedia.org
screwvids.com
cx.cc
sakita.puk.ro
deere.fr
mymemory.flog.pl
fragxl.pt
cafsti.net
dtdeals.com
www.smaki.pl
mightytoys.net
hupan.net
buycar.zg2sc.cn
muscleheadforum.com
emparpro.blogspot.com
pembetube.info
6hyn.com
spiceracksforkitchen.com
linkplacc.info
boxant.wop.ro
www.114wed.net
wozi.digart.pl
tvegy.info
edodatki.pl
motywy-literackie.pl
mohe-casm.edu.eg
silverbi.wop.ro
ashlylorenzana.com
www.iphone-cloud.co.cc
asianpornvideos.info
adrenalinemotorsport.pl
djelfa.info
vaj2.210000.org
shisanbe.puk.ro
abcdefabcdef.puk.ro
alkalife.wop.ro
randkowa13.pl
urg.digart.pl
sikker-adgang.dk
sociallinkets.info
clipblast.com
niecodzienni.pl
noxbot.nl
galamody-lublin.pl
centurion.bb
remusmunteanu.ro
zj3000.cn
electronlibre.info
green-jumbo.jp
rzepazpazdzierzem.natemat.pl
in2p3.fr
superrevolver.dk
yanbohmarboh.jp
randomoverload.com
liny.info
investingtopix.com
ews.tw
suejprice.com
goodfigh.puk.ro
iscorp.com
forexnewsportal.info
www.fanjiwang.net
xxxxxo.com
utf-8.scripts.mit.edu
appelgra.puk.ro
wikimedia.pl
www.ania.it
pxto.hteacher.net
hadron.pl
berkeleycollege.edu
cisf.nic.in
nowaera.pl
geausculteerde.puk.ro
picandocodigo.net
kuobrothers.com
thegameheroes.com
jj.gdga.gov.cn
gg.org.sa
greig.wop.ro
delllaptopreviews.info
nonkes.puk.ro
vejska.cz
imupoqucote.pinger.pl
bmwfans.info
aftensolens.puk.ro
mixandstirstudio.com
www.tsv-schwalenberg.de.ki
extrabookmarking.info
gsni.qiwen5.com
www.htys.cc
6ebp.nfdy.net
dayulight.cc
hydrauliek.uwpagina.nl
fsfe.org
ezhou.gqsj.cc
dupre.wop.ro
icsb.pt
aocoo.cn
www.tryfilm.net
mymob.in
www.wwaa.pl
onlineadvertisingfree.info
paryz.blox.pl
ftknox.wop.ro
www.euserver.cz
internetvnpt.info
tool.med660.com
i-pizza.cn
abaronessa.com
511dd-3go1.diandian.com
029.pianfw.com
86ma.tk
dedadadigital.ws
baiduwangmeng.com
kurniasepta.com
kyqymdwm.blogerzi.com
dbox.cn
backfieber-pro.com
okasiro.wop.ro
czo.pl
itgoo110.dist.hatea.com.tw
swildens.fr
meble.mtp.pl
hxwz.tk
g7v5.k3y3.net
stat.osp.ru
billdorman.me
www.hfyl.net
skarpeto.pl
aboutus.org
bbs.njcit.cn
rebelya.pl
baidu-zx.com
devenirartiste.com
sosobai.admin301.com
swami-krishnananda.org
furyogc.webs.com
60769310.taobao.com
dream-search.info
brico.fr
www.wanantouzi.com
oemresource.com
swat.mylog.pl
plugposts.info
elektroszerviz.uni.hu
grabc4d.org
www.dvdoke.nl
40ph.com
guarita.wop.ro
paleolat.wop.ro
baijiale222.com
boostseo.info
mediamix.ne.jp
anbringelse.puk.ro
brentozar.com
panserbi.puk.ro
9360.tv
docomo.biz
www.sexmmrt.info
fits.me
blitzmagazine.ro
newgb.com
articlebuilderreview.com
re-volta.pl
updatestatus.info
asb.by
zhycwzpx.78.cn
zuotongt.1168.tv
internet-free-games.com
1000chi.com
mcind.blog.hr
cotswoldoutdoor.com
bdqz.55.la
35td.cn
ucla.edu.ve
comulgar.wop.ro
mediageeks.pl
my123.net
dansphotogallery.com
mawbound.puk.ro
alab.org.br
afstikte.puk.ro
drudgereport.com
pics100.net
brovarek.pl