ddnpx.net
aromaderosa.shop-pro.jp
wy.155.cn
health.sdnews.com.cn
www.400dg.cn
adultwebcams.startbewijs.nl
nlqiniwno.freeblog.hu
fqj.sport666.cn
www.gsweb.com.cn
number.fad3.net
czj.dl.gov.cn
www.0396jx.com
eat.gd.sina.com.cn
ck.ckdvd.com
36dns.net
city.finance.sina.com.cn
hkbmrwol.freeblog.hu
www.gw.0531bbs.cn
poplia.com
xn--hbko4132a.jp
www.cqtaxs.com
ococmrunrz.blogtrue.com
www.xjjxjc.ccoo.cn
nauticalparcel.info
www.lygzfgjj.com.cn
coiffured.wop.ro
www.331522686.qqku.com
www.51kantv.net
levishotdogs.com
www.hddyd.com
www.zgtuango.com
vitinh.de
sdzxny.huijucn.com
www.omasekspagina.nl
www.gsdxfdc.ccoo.cn
kslpwjjx.asiapump.cn
www.cet6-cet4.com
www.meirongyuanjiameng.com
www.66dt.cn
abilify.name
www.hack188.com
www.lunliys.com
www.yinse77.com
www.hongbao.cn
www.1556.net
www.twistedlamb.com
www.fh9988.com
workao.org
www.xmtaxs.com
takibi.com
48.cm
www.szswxj.info
nexthousing.co.jp
www.manulife.com.hk
sfdafwe.fyfz.cn
www.288sao.com
edu.wuhan.net.cn
www.1327.com.cn
goodguytw.org
www.tangrenge.info
fhmyj8718com.7190.cc
sunskyad.org
www.jy7799.com
www.52pt.ccoo.cn
su444.com
rk.10.gov.cn
www.hb.10086.cn
www.toujin.com.cn
hnfdfmggvc.blogger.hu
yhwztt.1168.tv
www.zhijin.org
invest.people.com.cn
jcaisc.78.cn
www.meiw.net
hbj.jl.gov.cn
www.chinaenglish.com.cn
genelec.ba
leanmfg.info
game.yesky.com
overpick.puk.ro
www.ramoonus.nl
lokter.pl
fengbiantiao.cn
vip.51kids.com
www.tianzheng98.com
sxhlhk.cn.china.cn
uskleo.com
mongolsmc.it
yurehuishou.org
zxjqxwzilz.freeblog.hu
algodoal.com.br
ngs.ru
www.ylegou123.com
zhpdaduzic.1168.tv
www.qqjiemei.com
www.jlszksw.com.cn
sznk.tianya.cn
employment-consultant.net
www.kostenlose-urteile.de
www.epson.ca
55255.net
www.ihep.cas.cn
gigi-jerseylicious-weight-loss8.lefora.com
www.njtaxs.com
shangxiancao1.1168.tv
www.sxkaidi.com.cn
www.htxlrz.com
www.ppt99.net
arnocorps.com
misanth.blog.so-net.ne.jp
uksmobility.co.uk
szaaa.com
bossphoto.ch
wikicognos.org
auto.youth.cn
el-periodico.com.mx
www.pref.chiba.jp
www.jfc168.com
tgcomics.com
www.ppbob.com
www.bikenc.net
www.monster.com.bo
jeans.pl
www.zsxy.gov.cn
www.qah.cn
eparu-world.blog.so-net.ne.jp
www.tan126.com
superstarvinayak.info
jiensc.78.cn
www.ahxf.gov.cn
www.artskill.cn
www.bdqnht.cn
bloom-today-flowers.blog.hr
fundusze.gazeta.pl
www.glzzy.net
www.456hhh.com
www.ddrtys.net
c.zjut.cc
techweb.com.cn
www.zgdnkfw.info
www.taiyuan58.cn
modrstudio.com
gjjy.hbee.edu.cn
www.bjnanmo.com
yhwjgstt.1168.tv
hexuepian.1168.tv
www.wugang.gov.cn
www.gztaxs.com
tx49.com
tangleroot.puk.ro
kljb-drensteinfurt.de
roadtest.pcauto.com.cn
www.gs1hk.org
0ding.com
www.dgyhjx.com
kuntal.org
www.stoneturkey.cn
lehrbuch.pl
www.sinotranslator.com.cn
www.htc.com
www.gsgz.gov.cn
3dcaipiao.net
www.kinola.cn
zhanzhang.com
www.joojcc.net
www.371pc.cn
www.saibox.net
haili168.com
chilanti.com
independentvision.org
zzhuarui.cn
www.fp36.com
tentree.hp.infoseek.co.jp
www.yzm520.com
data.zl.lv
www.yitongjing.com
bbs.heicai.org
seocampaignoptimization.com
www.ribenren.in
fitness.vdolady.com
unitriders.com
viewitem.eim.ebay.fi
mybhod.com
ilseheylenfanatics.be
xbcg.78.cn
www.gounaer.com
www.fishingfanatic.net
www.gzxmf.cn
www.quav.info
www.jxgt.cn
starclub.yahoo.co.jp
www.jxshs.cn
7-zip.org
www.xiqituan.net
hobbyonsale.com
lingr.com
kimball.blog.so-net.ne.jp
hanover.edu
www.foxseb.com
www.ulinix.biz
253.pl
hakkaconnect.com
3322.zjjz.com.cn
www.china-cba.net
3xiao.com
studio4web.com
mico.allabout.co.jp
www.uu11.com
www.cqca.gov.cn
www.laowai.tk
freshavails.com
52shenghuo.com
ipphlaw.fyfz.cn
wildafricansex.com
builder.com.cn
aldbc.com
wenming.people.com.cn
sener.gob.mx
www.bidding.hunan.gov.cn
www.lnkj.com.cn
www.secretsurfs.info
www.lkapay.com
modsaholic.com
www.duowan.us
xxx.pipnalip.ru
52souluo.com
www.ndtbbs.com
jxwmw.cn
sli.digart.pl
www.segougou.cc
www.tstk88.com
oockommqm.blogger.hu
www.rracn.org
vikax.prv.pl
rrseo.net
www.gyedu.net
slates.org.cn
addison-florist-chicago.blog.hr
junkor.info
seo101.ph
sport.ebay.de
520meinv.vicp.net
www.davidprior.net
link.zol.com.cn
www.klkjn.com
airmilesopinions.ca
www.winpe.cc
www.98777.net
www.resiay.com
www.foodsell.com.cn
velolife.net
www.yanyuan.gov.cn
areldee.co.uk
wap.ip138.com
www.voip2p.cn
slowfood.de
zsw.78.cn
8556733183.phone.searchwww.com
www.jyxt.cc
www.hsq.gov.cn
agilecoachcamp.org
www.av98.com
apparelfashion.info
baosong.sme.gov.cn
softcom.biz
3gpda.net
mailfriends.us
wjzq.78.cn
www.b1b2.net
jarawdomo.serraval.retraduises.chilidium.kanritsu.wwwwww.wop.ro
pet-services.org
txnews.zjol.com.cn
www.detair.com.cn
www.qsc.gov.cn
www.solarpw-eco.net
www.gequye.com
fieldy.mobi
kartyajatekok.info
ibcu.org.br
www.reusch.pl
www.71zf.com
www.3ycs.com
www.gdftu.org.cn
printer.zdnet.com.cn
oez6.k3y3.net
jpwz.cc
fortelle.no
dallas.backpage.com
appleb.ru
cailinet.syd.com.cn
www.360bab.com
musu.w50.1860php.com
portal-nowa-sol.pl
passionofsweden.se
zoupingxue.fyfz.cn
44jq.com
dotnetnukefool.com
ledix.pl
outdooroutfitters.com
spytajfachowca.pl
hiarticles.com
bosporus.wop.ro
edme.org.pl
www.bbr.cas.cn
fl-studio.pl
ihr-linktipp.de
www.maidele.org
dgcq.b2b.hc360.com
heqhdabf.1168.tv
toildepices.com
www.orion.de
se8.in
www.wz8877.com
theadultcafe.com
www.whjt.gov.cn
far3na.com
599n.info
gamedl.ir
regiobedrijf.nl
checi.tieyou.com
programers.comoj.com
www.ubuntu.org.tw
www.freespace.pl
www.qs508.com
www.mengyichang.com
www.fanwan.net
mrpeach.info
www.eyebbc.com
atisal.com
dixipedia.org
88le.cc
alger.wop.ro
thewebblendz.info
z8dn.qiwen5.com
ewitryna.pl
www.fp-forum.com
www.concursosfederais.com
ff.5ax.info
isewanferry.co.jp
www.nbcl.org.cn
florentiavillage.com
mjxf.cn
tzlnujbqfx.blogtrue.com
www.51bli.com
qassia.com
ask.familydoctor.com.cn
underbev.puk.ro
juan.pl
www.gzjiaju100.com
royalvintagetube.com
damek.eu
yangtzeriver.org
pijati.video.xfree.hu
www.mblog.pl
bbs.gay366.com
gehemelden.wop.ro
tranlazete.blogg.se
nison.ru
bosronald.hyves.nl
rofuku.go.jp
intradis.puk.ro
uy60.com
kde.hu
evita.tenma.lanthopi.hygien.wwwwww.wop.ro
gazetaprawna.pl
url.cn
aluss.digart.pl
newporntube.org
mariopartyds.com
techweb.pl
www.gfnet.tw
chlorozincate.snydersville.beweiskraeften.kaitakuc.wwwwww.wop.ro
cgocable.ca
seimeihoken-jp.info
quizy.me
stampfl.wop.ro
jxqqr.com
65de.com
rukahore.sk
creditcard-now.net
tuttyka.xfree.hu
www.qhdqhwz.com
spanair.com
mikrobiolodzy.pl
izjpjlfne.blogdetik.com
nnpcto.kz
reelrall.wop.ro
mobila.pl
capnito.cz
www.yocoojj.com
xlzx.com
bookmarkingwebsiteslist.info
uagp.net
w-necie.com
marij51.hyves.nl
go4lessvacations.com
mhmh8.com
www.qcypsc.com
ourstate.com
www.hbtygs.com
stratege.ru
45cat.com
cej.pl
libro.jp
www.serun.net
sergiorinaudo.com
qjx.weebly.com
www.dcsw007.com
lunsqui.com
zwangsmitteln.subasta.teazelli.wwwwww.wop.ro
keithriley.co.uk
sentidohotels.com
ukma.kiev.ua
xtremedirectory.net
www.rrk3d.com
spartzmedia.com
smil-norge.no
www.zcpk.com
125134538.taobao.com
collagesonline.net
730c3.diandian.com
729d7.diandian.com
4bb.cc
731a3.tumblr.com
49zf.com
comprenait.wop.ro
lariatin.wop.ro
gangbaxiancbd.fdchs.cn
aplatissait.puk.ro
jywap.net
proplayers.ca
www.cqchengjie.cn
www.sjzhuakang.com
aventureront.wop.ro
www.zgjl028.com
greenparts.ru
skoena.puk.ro
www.haze.dk
www.tkvod.com
www.danhthang.com
schoonzusters.puk.ro
dainnetwork.org
liaochengyibisi.fdcez.cn
wuyuetian2.diandian.com
www.syxgx.com
blog.mindennapraegyjatek.hu
www.yaqifushi.com
globalshop.org
vinemont.puk.ro
weblap.neadjafel.hu
fr.apeh.hu
zg.58.com
veruebten.wop.ro
darklinerp.co.uk
deperditely.wop.ro
seizable.wop.ro
xtrb.cn
preadjun.wop.ro
sovereigntynow.org
thegameslist.com
kenryous.wop.ro
geinstitueerd.wop.ro
tour.tianjinwe.com
darangehender.wop.ro
krcmic.cz
culturame.it
oddest.wop.ro
machtbloecken.wop.ro
teach-ict.com
spattle.wop.ro
pogol.net
toneellaars.wop.ro
winka.net
www.mva.hu
unica.wop.ro
polyphosphoric.puk.ro
eponymis.wop.ro
ifce.edu.br
stewartsac.com
dronkenhoertjes.nl
cnwinery.com
drogenproblem.wop.ro
82980.hemelsesex.nl
krevi.dk
spielleiters.wop.ro
www.clk.lu
torfmoors.wop.ro
freedir.co
chua.56dvd.net
yrvak.wop.ro
a5mp3.5d6d.com
bibehoell.wop.ro
uncheera.wop.ro
www.4006848085.com
lideco.vn
xoops.ai-creative.co.jp
naillusion.hu
www.antaidz.com
blaeserquintett.wop.ro
misformed.wop.ro
wederkrijgt.wop.ro
chambiyali.wop.ro
www.yushikeji.cn
jvrmshyb.blog.mongenie.com
zadsl.taobao.com
k8be.210000.org
saraindia.com
www.njchaoji8.com
xixichengyuan.com
xemgiavang.org
bankcomputer.puk.ro
massakriertest.wop.ro
0iz1.56dvd.net
picorer.wop.ro
semtracker.de
antikenterior.hu
supervirulent.wop.ro
beschmierende.wop.ro
www.anshen360.com
mobiltelefon-elektronikai-termekek.icleszakmagyarorszag.hu
8373.vgb.no
songho.wop.ro
gewitten.wop.ro
wegschleppendes.wop.ro
winkelprijzen.wop.ro
www.jldz.cn
www.sjnx.cn
cartografen.wop.ro
flybarless.de
glyt.210000.org
www.bi.cz
www.banhuu.info
alleryderst.wop.ro
soffrimmo.wop.ro
uncaptured.puk.ro
www.365wnfw.cn
grenzeloost.wop.ro
koshinok.wop.ro
blog.51.ca
generalmedia.hu
www.wuxingqing.com
ergob.wop.ro
kamari.wop.ro
www.xhbest.org
nvidia.com.tw
worksheetworks.com
talonneurs.wop.ro
nanpingmangguo.qiannan.org
wegopziener.wop.ro
www.ua8.info
serif.wop.ro
anglerverein-postbruch.com
henningschuerig.de
jyko.net
neurotomize.puk.ro
suison.wop.ro
veinzaard.wop.ro
extraessential.wop.ro
p30gap.ir
www.bimago.co.uk
vincesgames.com
proudishly.wop.ro
laiciser.wop.ro
konkan.wop.ro
1101.wapbm.me
v42r.k3y3.net
www.yesiya.com
bainianguanri.b2b.youboy.com
tipg.net
www.whmhszam.com
jamy.wop.ro
texasbestgrok.mu.nu
plackpen.com
tulsi.wop.ro
radardirectory.com
cosyhats.com
k12.in.us
voucheress.wop.ro
www.nw.nl
houssein.wop.ro
necessarie.wop.ro
sinica.edu.tw
www.wmf.org
deviantart.com
www.proguide.vn
naporeon.wop.ro
www.csoportosutazas.hu
baibian88.gouwuke.com
oficiosa.wop.ro
rrnba.com
ikariam.hu
www.kooo.asia
mysportsmansguide.com
fs.te.ua
insipiente.puk.ro
boterbiesje.wop.ro
glengarry.wop.ro
manify.wop.ro
felinediabetes.com
forvirringen.puk.ro
bilibili.us
www.khatvongtre.com
www.2qyy.com
sprad.wop.ro
drehzahlmesser.wop.ro
desubsta.wop.ro
tingo.wop.ro
calver.wop.ro
ooops.pl
www.rbxjj.com
www.lacme.com.cn
sarabeara.soup.io
carinsurancediary.com
affiliate.rakuten.co.jp
juron.wop.ro
federatist.puk.ro
datasite.uz
szllbz.com
www.paperonline.org
bepek.wop.ro
yeslab.org
katoenfluweel.wop.ro
www.veroce.hu
svn.webkit.org
u76.cn
fate-extra-ccc.jp
www.365sc.cn
burahigi.wop.ro
www.welcome-vietnam.info
www.zellamsee.salzburg.at
unajaponesaenjapon.com
hszonszcz.digart.pl
faublaspressoir.wop.ro
balletdansers.puk.ro
www.vsfs.is
www.handuyishegw.com
www.techz.vn
tving.wop.ro
www.jiwai8.com
onbedwingbare.wop.ro
baocai188.com
free-sites.gr
oversea.edeng.cn
textschubla.de
tiger02.de
www.5id.ph
nusantarasoftware.com
ittik.wop.ro
veedif.wop.ro
hochsees.wop.ro
tkdbalbriggan.com
katalogpomorski.pl
www.2345la.cn
automobilistes.wop.ro
werbeabteilung.com
www.creatunion.cn
paracelsus.de
www.pixel.sk
www.gamesfront.net
www.ticsoft.com
indisciplinarse.wop.ro
where.in.th
lamkinhhotel.vn
www.js-chn.com
www.julc.cn
magnesite.wop.ro
zachbpd.deviantart.com
www.p6uc.com
monark.tur.br
perreaux.com
weidgerechteres.wop.ro
pamspicks.com
www.tnova.fr
shop.ajax.nl
www.fans-china.com
anglican.org
www.bbyy120.com
websiteanalyzer.info
y88.in
lazars.wop.ro
520kx.com
sopron.szallas.nyugat-dunantul.istenhozta.hu
djaya.wop.ro
www.bziqa.com
naturalmatters.net
www.50110.cn
www.xtxcdc.cn
psd-dreams.de
suiogothic.wop.ro
yv0p.210000.org
nearbyvenue.com
www.andyfeld.com
bookmarkstar.net
dmozlist.info
contentscoverageinsurancez.info
vaniinstitute.org
overnarrowly.wop.ro
sanjac.edu
drivergames.net
incrociai.puk.ro
www.rfholding.com
my-hammer.at
hellground.pl
afreed.wop.ro
allongepruik.wop.ro
klick.ee
adult.cz
klmu.edu.pl
annakem.flog.pl
www.yx1978.cn
flatpop.com
open-interactive.com
iikang.com
triplite.wop.ro
tavex.lv
drijfstenen.wop.ro
oleandri.wop.ro
citeman.com
www.wohtml.com
www.emiljensen.se
www.hrcsgc.net
doreallywell.com
industrystock.com
bauplaetze.wop.ro
winphonexap.com
vhosted.pl
www.aisaose.com
aulikki.wop.ro
xrt3.56dvd.net
adtor.wop.ro
goelijke.puk.ro
www.sjzam999.com
www.818sun.com
33eee-823a.tumblr.com
burrum.wop.ro
youth.lcu.edu.cn
losrosales.cl
www.520lianai.com
peculiarmente.puk.ro
brigandishly.wop.ro
nickelli.wop.ro
zergehe.wop.ro
www.jiyin88.com
www.ys3i.com
www.vuze.cz
myjobgh.com
retroactivo.wop.ro
hxh.bdwl.cn
hiphoplinks.com
www.bbs.zgzhifa.com
strobree.wop.ro
consegnera.wop.ro
cdd.cn
badische-zeitung.de
unfallfrei.info
sirius-review.net
onaangedane.wop.ro
twasul.info
sambuk.wop.ro
gotbusinesscards.info
wegzaubernden.puk.ro
seemoresee.info
tipsofseo.blogspot.in
mytv.vn
pepit.be
linkpointcart.net
urban-fighter-full-movie.blogspot.nl
underwearoffer.com
loopow.com
cn.adways.net
theredlist.fr
viebrock.de
sxoo.nfdy.net
testequipmentdepot.com
manrenti.info
onlinehome-server.info
gw321.com
iarbiz.com
www.bailiks.com
youku123.com
chachala.com
patrice-breal.com
www.iuusee.net
kumogakure.com
e-fotomodelki.pl
oliveticubicles.co.uk
syspytania.pl
05020.info
studiodue.com
xixidieyuan.com
www.y3366.com
www.aviko.nl
tinysandwiches.com
ridingma.wop.ro
kawasaki-club.info
zac6.qiwen5.com
webnaughty.com
ingehost.cl
www.argus.nc
idmoney.ru
www.79msc.net
synonyma-online.cz
realclassic.co.uk
anas1.com
kendinigelistir.com
htmtopdf.55.la
arbeidsenhetene.smoker.wwwwww.wop.ro
zgtuango.com
ks-ekspert.pl
weblove.pl
sln-toimintakeskus.fi
barcelona-spain.ru
exactaudiocopy.de
homeworkhero.com
kekol.blip.pl
life-soulbody.ru
pianetafantacalcio.it
cssn.cn
ecelebs.com
nova.no
www.525go.com
www.minpad.net
wahlstim.wop.ro
ua-ix.net.ua
www.beterwedding.com
foro24.pl
usuba.wop.ro
www.daviw.com
depalma.wop.ro
fujifilm.pl
knjs.210000.org
dvorakdesigns.com
www.1stekeuze.nl
thewebstats.com
mimundoanimal.com
www.rockmetalshop.pl
pevw.nfdy.net
hzf1974.fyfz.cn
chensd.com
www.ppp86.com
obstetri.wop.ro
bewerbung-ebook.de
unoglas.unas.hu
ojust.puk.ro
1808.co
serieasten.tv
tbxuexi.com
shokansh.knept.sperperati.wwwwww.wop.ro
designawardsgallery.com
www.pynet.net
talon.cz
uafansub.com
148casinos.com
fzdldf.78.cn
71kkkkk.diandian.com
sunhuaitao.b2b.hc360.com
adityaschool.com
blog.hanqian.net
kaboose-18.deviantart.com
www.kennarar.is
0827.1775.cn
www.148lawyers.com
www.webko.cn
lit-bel.org
www.5dxs.com
www.huzf.org
doummtu.com
zhizhu-1.tumblr.com
javelincommunications.com
flohbu.de
www.sdmt.cc
www.cisis.com.cn
www.newmoonhotel.cn
greenwich.gov.uk
titusboy25.deviantart.com
8tracks.com
fghrt65745.917917.biz
permanentseo.info
poeoo.cn
ailedda.deviantart.com
prudy102.flog.pl
nserat.com
soccercleatszone.com
xtupload.com
droop.wop.ro
www.ijiajia.net
tvseculo21.org.br
levelip.it
undereta.henreki.wwwwww.wop.ro
hstreet.org
themedust.com
j.gs
spaltend.wop.ro
maxima.lv
337668.com
greenhome.com
digartson.digart.pl
shram.kiev.ua
xdatos.com
lankasrinew.com
stellenboersen.de
visitsaltlake.com
domicioneto.com
jzrb.com
wartgames.com
kurditgroup.org
51mvp.com
youngminds.org.uk
all.kharkov.ua
fashionadda.in
dress-for-less.nl
aljumhor.net
winnerschapeldallas.org
ispeakuspeak.com
mayrsgold.weebly.com
saflii.org
wildmaturehousewives.com
nahfatailetna.com
gallimard.fr
lowest-price-web-hosting.com
verschni.wop.ro
planethome.de
shopsavvy.mobi
tvnt.net
hoteljuice.com
coastcitystyles.com
jyz.com.cn
ufoseek.com
biegajznami.pl
pak-portal.blogspot.com
tripatlas.com
gospelminas.com
mixi.nu
allmarkets.ru
smsd.org
lovenmarry.com
landure.fr
sehatnews.com
stelladeoriente.net
phpwcms.de
rvlt.info
invisibleglass.com
chinalearning.cn
movistar.cr
secure2gw.ro
biencasero.com
inmotiongaming.com
asia.edu.tw
dvfu.ru
253874.com
chinaprint.org
ntvsports.jp
bairarteditions.com
rocomotion.jp
beerleg.com
64ze.lizhidy.net
devasp.net
royallamps.com
roidv.com
icefaces.org
yghforum.com
georezo.net
cpst.net.cn
uvex-sports.de
patjackson.net
volcreole.com
politicalvelcraft.org
hochzeitideal.de
pocoso.de
myonlineworkathomejobs.com
tepehome.com.tr
rapiderencontre.com
traffic-supremacy.com
posejdon.org
bigdotofhappiness.com
iranmet.blogfa.com
pinterruption.com
sovcombank.ru
tirateuntronco.com
ascensus.com
itnfranchising.it
qise.us
fusioninventory.org
forexreviewsrated.com
gametronik.com
foundationsix.com
softdz.com
prominere.com
bits-apogee.org
gb-dangun.com
svetofor.kg
tuthost.com
electronicssavingsoutlet.net
vidz.info
ip-check.info
kolayolay.com
tennis-de-table.com
518sk.com
anyladyboy.com
androidappslabs.com
informazione.tv
alilg.com
induna.com
zenologue.com
execvalue.com
anunciaaki.com
ecupl.edu.cn
omskmap.ru
kogo.com
bsftransmit2.com
reddoorspas.com
msubaroda.ac.in
saifex.ru
iwroclaw.pl
ooglaservergelijking.nl
madmagazine.com
netgear-forum.com
www.zuidaowei.com
tini-szex.hu
pad-store.com
www.hrs22.com
communique-facile.fr
items.com
turksolu.org
lhh.com
dhl.be
maconstate.edu
mbostart.nl
mecunet.org
coriolis.com
survival2012.narod.ru
k9-forum.ru
wshlinkdirectory.com
mnab33.com
scheibenwischer-profi.de
maranki.com
gamblingcommission.gov.uk
bonbudget.com
phpmagicbook.com
bazaconii.com
opentour.co
anitan.tv
xantor.flog.pl
t3lmtumblr.info
westminster-abbey.org
htafc.com
freeantivirushelp.com
globalfriendsnet.com
bbcimoveis.com.br
pdgsoft.com
howmanyhours.com
newswatchngr.com
sakugetu.puk.ro
hitsformoney.net
latourist.com
www.zj8886.com
videohut.in
ktabe.com
www.220ee.com
techgen.in
allformens.ru
xyzt.pt
alatest.nl
kickme.to
vktemy.ru
pijarki.pl
regalhotel.com
noitamina-brs.jp
writers.net
tundaowata.info
penelopeblackdiamond.com
openphpnuke.ch
ifre.com
chinaventuregroup.com.cn
taibaibsjiu.com
mathkang.ru
olio.in.ua
sugarbush.com
windowsupdatesonline.com
avalancheptc.info
sanghparivar.org
speedysigns.com
misvago.it
surulerejobfair.com
web-11.com
handy-mc.de
touslesannuaires.com
webnekretnine.net
southafrica.com
blogpirat.de
spec.lt
hoteleqbal.com
powrotroberta.blogspot.com
porng.ru
nutsandbolts.com
ecivilnet.com
ren-seo.com
moostik.net
linkhelper.cn
smotrivoba.com
www.33ldh6.com
hong-mua.com
info-ogrzewanie.pl
baya.tn
itusersmagazine.com
verker.wop.ro
directoryaz.com
aanlever.puk.ro
tgirl.nl
ermhs-gr.blogspot.com
sevenfinder.com
virens.net
soncemre.com
pohodik.com
blogbuildingu.com
superyachtnews.com
okakomi.com
blogjardineria.com
thesiracusas.com
ultrabookreview.com
hairyteenz.com
011speed.com
artikelverzeichnis-artikel.de
tachibana-inc.co.jp
geekzilla.co.uk
aanviwebservices.com
fitarco-italia.org
avlak.com
sexy-free.narod2.ru
euromillones.com
wesellyoursite.com
bravica.net
anniesannuals.com
animebox.com.ua
viajeseconomicos.mx
kkqeovlyy.blogger.hu
ruslife.eu
javparadise.com
pinoybahrain.com
tv2oj.dk
portalesweb.com
immotop.lu
fua.digart.pl
onlinemedicaldegreez.info
nyjournalofbooks.com
coacht.com
penuliscontent.com
web.utk.edu
openoffice.org
frw.co.uk
religion-online.org
myfacehunter.com
dropshippernetwork.com
myindostan.ru
directoriotelefonico.co
euskotren.es
art-porno.biz
carriehensley.com
cckk.ca
longuevi.wop.ro
aminostar.si
tt1.in
theextopia.com
wzy.66law.cn
albonico.ch
yellowpages.uz
buddygo.net
reportswithplr.com
9mw.info
sysjg.cn
pixnet.net
novinki2012.com
winesfromspain.com
infonegocios.info
adsinusa.com
www.0817f.com
sokoldal.hu
guiase.com.br
z3x-team.com
loquenecesita.com
topemailprovidersz.info
steffans.co.uk
askedu.com
gigwalk.com
kredite-web.info
orientaloutpost.com