android-app.ru
hong-mua.com
okakomi.com
lowest-price-web-hosting.com
chinalearning.cn
infoo.se
51mvp.com
blu-raydefinition.com
winesfromspain.com
agrar.de
newswatchngr.com
reportswithplr.com
visioncritical.com
southafrica.com
gallimard.fr
loquenecesita.com
dalishendianchi.com
superyachtnews.com
varchannelmarketing.com
ermhs-gr.blogspot.com
items.com
gigwalk.com
avalancheptc.info
fang769.com
traffic-supremacy.com
howmanyhours.com
roidv.com
stelladeoriente.net
tzbu.com
facebazar.cz
olio.in.ua
seoaspect.com
coriolis.com
anunciaaki.com
speedysigns.com
maconstate.edu
tennis-de-table.com
www.xsbaxx.net
smotrivoba.com
reddoorspas.com
saflii.org
dropshippernetwork.com
steffans.co.uk
wshlinkdirectory.com
coacht.com
allformens.ru
mecunet.org
ispeakuspeak.com
windowsupdatesonline.com
gamblingcommission.gov.uk
cpst.net.cn
surf4gold.com
xdatos.com
telugucinemascreen.com
blogazos.com
guiase.com.br
ittic.net
the-grapes-of-wrath-full-movie.blogspot.no
articlesworld.ru
yellowpages.uz
hoteleqbal.com
myindostan.ru
fashionadda.in
g-blog.ru
directoriotelefonico.co
blogpirat.de
ecohai.co.jp
deliveryhero.com
msubaroda.ac.in
shram.kiev.ua
dai.co.jp
handy-mc.de
adsinusa.com
lankasrinew.com
coolermaster.it
mnab33.com
acadiankennedys.com
bigdotofhappiness.com
austrolinks.info
myfacehunter.com
tomgreen.com
phpmagicbook.com
meinunterricht.de
askedu.com
tvhiszpania.com
gtalbot.org
moostik.net
taxi-muenchen.de
fastbreakfanatics.com
saifex.ru
011speed.com
flw.jp
osbichodomina.com.br
jzrb.com
wildmaturehousewives.com
k9-forum.ru
biegajznami.pl
hochzeitideal.de
ooglaservergelijking.nl
webnekretnine.net
asia.edu.tw
liteforex.com.ng
solarpv.tv
nordsee24.de
bsftransmit2.com
stellenboersen.de
theextopia.com
phpwcms.de
cyxqd.com
westminster-abbey.org
518sk.com
lds.net.ua
www.bank.pingan.com.cn
zenologue.com
greuther-fuerth.de
rapiderencontre.com
i2space.com
euromillones.com
porng.ru
nutsandbolts.com
noitamina-brs.jp
mixi.nu
indaindustry.com
androidappslabs.com
www.sonykf.com
induna.com
directoryaz.com
ip-check.info
shuangbibowenguan.org
sexy-free.narod2.ru
dynn.org
blogboleh.com
beerleg.com
253874.com
politicalvelcraft.org
avlak.com
szdyp.cn
ren-seo.com
mp3tera.org
sehatnews.com
qjren.com
teentube18.com
aanviwebservices.com
surulerejobfair.com
planethome.de
lhh.com
tropicana.net
cckk.ca
svetofor.kg
mathkang.ru
atlasemarket.com
3ridethecock.a-livesexasian.com
reyah23.blogspot.com
seopluginwordpress.com
twofold.com
invisibleglass.com
all.kharkov.ua
kyoto-net.com
art-porno.biz
brewhoop.com
scheibenwischer-profi.de
religion-online.org
bit-80.com
tini-szex.hu
pinterruption.com
latourist.com
info-ogrzewanie.pl
sanghparivar.org
kastatic.com
fusioninventory.org
gafunk.info
omskmap.ru
javparadise.com
infonegocios.info
maranki.com
mojekolo.cz
electronicssavingsoutlet.net
acninc.net
communique-facile.fr
patjackson.net
allmarkets.ru
pdgsoft.com
ruslife.eu
www.ntc.is
bravica.net
portalesweb.com
hughes.in
hairyteenz.com
ryoumezawa.com
saiwap.info
staylace.com
iranmet.blogfa.com
6den.qiwen5.com
sexywebcam.com
writers.net
hoteljuice.com
www.15bs.com
bonnyvis.puk.ro
viajeseconomicos.mx
anibro.jp
sobloznee.com
tt1.in
visitsaltlake.com
informazione.tv
powrotroberta.blogspot.com
soncemre.com
secure2gw.ro
ayob.nfdy.net
taibaibsjiu.com
tedumari.wop.ro
hotcourses.com.br
xlh.1168.tv
fastmotoring.com
royallamps.com
goksir.eu
rmgtmagazine.com
search-bee.com
xyzt.pt
eatsleepwear.com
bbs.320921.com
misvago.it
rapuxeci.prv.pl
sevenfinder.com
ufoseek.com
landure.fr
sydneyscloset.com
kurditgroup.org
aminostar.si
penuliscontent.com
tripatlas.com
alatest.nl
jyz.com.cn
pregnancywithoutpounds.com
buntes.wop.ro
muzia.wrzuta.pl
tomanddoug.com
bazaconii.com
aldonka.blip.pl
ifre.com
pocoso.de
techgen.in
movistar.cr
9lick.net
ktabe.com
pak-portal.blogspot.com
volcreole.com
posejdon.org
torworld.com
itnfranchising.it
alilg.com
theredlist.fr
foundationsix.com
spihost.com
snaaksheid.wop.ro
spec.lt
healing-crystals-for-you.com
fitarco-italia.org
novinki2012.com
zuyupen.1168.tv
yghforum.com
bfanetempresas.ao
regalhotel.com
immotop.lu
radio.org.ml
carriehensley.com
smsd.org
tepehome.com.tr
wesellyoursite.com
dhl.be
uvex-sports.de
bits-apogee.org
tirateuntronco.com
sugarbush.com
downloads.pl
buddygo.net
dress-for-less.nl
mbostart.nl
kredit-broker.net
ultrabookreview.com
thesiracusas.com
velocityconf.com
hitsformoney.net
bbcimoveis.com.br
domicioneto.com
eiyi.265link.com
ntvsports.jp
bairarteditions.com
www.9222x.com
anniesannuals.com
www.blogbee.net
beijin.asia
inwebdirectory.com
sovcombank.ru
michaelgilkes.info
pad-store.com
ro21.info
schiwi.de
timeanddate.no
archivesnet.jp
pirellireagency.com
pinoybahrain.com
anitan.tv
bigtitsnews.net
animebox.com.ua
tut-vse.eu
myonlineworkathomejobs.com
videohut.in
bailiying.com
touslesannuaires.com
icarbons.com
htafc.com
tranviario.wop.ro
aljumhor.net
nahfatailetna.com
catur.web.id
shareprogrammingtips.com
wartgames.com
semtfirsati.com
biencasero.com
gb-dangun.com
orientaloutpost.com
elexmedia.co.id
bjlot.com
icefaces.org
sex.fh21.com.cn
travunity.de
ultimatehandjob.com
etu-cash.com
timbaek.com
cheerleader.co
itusersmagazine.com
tachibana-inc.co.jp
liwuyou.com
kaerntnermessen.at
azerbaijan.az
aboutwebhostings.info
vktemy.ru
eoo8.k3y3.net
wls4kids.org
z3x-team.com
penelopeblackdiamond.com
108gift.com
georezo.net
lysacup.cz
pohodik.com
madmagazine.com
sysjg.cn
cuevadetarzan.com
gametronik.com
coastcitystyles.com
sokoldal.hu
www.pkmyxxy.co.cc
n8story.com
towerlight2002.net
batesville.com
pokerzysta.pl
mayrsgold.weebly.com
0to255.com
cisaillo.wop.ro
musica.co.za
liteonodd.com
nyjournalofbooks.com
tv2oj.dk
netgear-forum.com
devasp.net
pageglimpse.com
crevasses.puk.ro
updowner.com
linkuk.info
geekzilla.co.uk
survival2012.narod.ru
gamefabrique.com
test.zsy.cn
syobun.puk.ro
ireallytrade.com
www.pureness.co.jp
serralunga.com
agouti.puk.ro
tgirl.nl
freeantivirushelp.com
bonbudget.com
softdz.com
baya.tn
senlac.wop.ro
eldoonya.com
albonico.ch
prominere.com
dvfu.ru
rocomotion.jp
blogbuildingu.com
forexreviewsrated.com
tvnt.net
inmotiongaming.com
torpedo.com.pl
arabeety.com
naicha.51cyt.com
kogo.com
sanisidro.gov.ar
bankfull.puk.ro
ascensus.com
konspira.puk.ro
4yb.info
downbeat.wop.ro
highnoonholsters.com
tingmei.tj.cn
gospelminas.com
www.xgnphoto.com
web-11.com
www.tensmak.pl
vn.nl
7cds.info
howtogetridofpimples-fast.info
chinaventuregroup.com.cn
www.qiangren.org
preflightparking.com
www.szmiracle.cn
5x5.asia
www.zgqy.cc
greenhome.com
shopsavvy.mobi
ecupl.edu.cn
ecivilnet.com
www.glass.org.cn
dom.ru
seoboostershop.info
my2home.info
www.rngyp.com
knt.digart.pl
nedermetaal.nl
knits.wop.ro
hkirscout.org
www.124aj.cn
panahome.com.tw
kamrat.com
hzwz.net
wagner.edu
abgesond.wop.ro
dominiok.net
www.saab.ie
skyline.wop.ro
www.iuusee.net
www.jhlflaw.com
www.haoyooxi.com
67.213.222.9-static.reverse.softlayer.com
ishibori.puk.ro
schnierersch.de
moeacg.lofter.com
craphound.com
lieyee.com
aboutus.org
tuthost.com
qise.us
hand-china.com
144984416com.7190.cc
what-el.se
news.liao1.com
voortzei.wop.ro
grottacontinua.org
paba.hr
secadera.puk.ro
urbantreemusic.de
escala.jp
cablenet.com.cy
x7777777.info
www.sxws.gov.cn
bajasen.wop.ro
joliefan.ru
boostseo.info
artikelverzeichnis-artikel.de
www.6895.net
szskz.com
bunt202.digart.pl
revolucao.etc.br
fayaway.puk.ro
www.syu88.com
tylus.wop.ro
pkmn.nfdy.net
www.musulmanlar.com
f-tian.com
badam.info
seo-foa.com
fajowe-gry.pl
www.simplesites4u.co.uk
sfarmacia.com
bikeyinlz.1168.tv
www.tjxcbj.com
6hii.net
6hii.com
6hhhh.net
6hgf.in
6hdh.cc
tianya1.cn
inbursa.com.mx
nicedirectory.info
manolith.com
webwar4.org
dv.ee
forumactif.info
alagoasreal.blogspot.com
zznj.org
appspyre.com
kekezu.com
upsfreight.com
theslice.co.uk
atp-messtechnik.de
extreme-dm.com
batshare.com
myip.dk
windowsanswers.net
www.top-6.com
textarticles.info
centraldeconcursos.com.br
saifutong.com
iketeru-nagashima.com
realsofttech.com
sentara.com
kjsc.com.cn
hrportal.hu
callofroma.com
deconcept.com
mytoptrailer.com
senukai.lt
elrepuertero.cl
lhaitun.com
customerservicesoftwarez.info
spawn.com
saratogian.com
dailywebdir.com
customsearchengine.com
jjh.cngold.org
themarketer.co.uk
musicindiaonline.co
guide2bristol.com
touhangbbs.cn
flix.de
podfeed.net
whatconsumer.co.uk
balashov.com.ua
mulberryhandbags-uk.com
hotelokura.co.jp
el3b.com
batamtoday.com
gna.org
postalesmerche.com
uka-p.com
dpex.com
5diary.com
qabalah.jp
mytopfiles.com
saodiat.com
porn8.com
jcp.org
belle-belle-belle.com
moviewallpaper.net
otpbank.ro
funny-videos.eu
bmwklub.sk
hawamoon.com
consultsystems.ru
sitiodeletras.com
www.derlin.cn
unebensten.wop.ro
egrovesys.com
core-design-studio.de
kochmix.de
mcw.edu
potoroze.com
pawsitiveliving.ca
calendriergratuit.fr
crengland.net
adventuresofaglutenfreemom.com
thespread.com
europages.pt
ipmirror.com
bloguniverse.com
englishlads.com
socialcmsbuzz.com
247productaccess.com
511ct.com
alibris.co.uk
forum-gold.fr
olestimofeev.com
u2freeclassifiedads.com
abaronessa.com
ykfashion.com
lesiteimmobilier.com
i-nigma.com
metrogreece.gr
bidvportal.vn
cleycianne.com
dwgou.com
beast-beauty.com
assistante-maternelle.biz
newyorkredbulls.com
peopleswagsuite.com
yourseofree.com
ichinda.co.in
kia-club.ru
jnoonn.com
admartinator.de
thetradersden.org
bgstuff.net
www.hzjg.net
kujie2.com
optcorp.com
maler.org
overpro.ru
perrosperdidos.es
sumitk.net
paidsurveysetc.com
nsdsvc.com
135.org
markspace.com
drug-education-resource.com
huangyanseo.com
tpg.ch
hartware.net
jiajiao-cn.com
zgl3635840.fyfz.cn
hostmaster.ua
iflashgame.com
artfinding.com
emporiocapital.co.nz
trabalhar.com
rumandmonkey.com
hyundai-car.co.uk
blogeek.ch
fanansoft.com
songpkfreedownload.com
eurasialaw.ru
techmilieu.com
it-processmaps.com
websale.net
thereligionofpeace.com
libyaheart.com
bluecounter.de
lovehkfilm.com
bihada-mania.jp
resellerzoom.com
theportfolioprophet.com
yenisarkisozu.net
vietnamwork.vn
1313.cc
hrc.gov.cn
southbridge.de
arteh.pt
megadosya.com
paslek.wm.pl
fenoxo.com
traceroute.org
funlinx.to
phpbbarabia.com
twitandlike.ru
qqvb.info
thehindubusinessline.in
dsk-wine.com
getarticlesdone.com
bankersonline.com
forumotion.in
megavideomovies.net
witchschool.com
web-based-software.com
gasparinutrition.com
ncb.biz
oxfordclub.com
horobryh.com.ua
add-site.co.uk
islandmix.com
thaidbmarket.com
mcmenamins.com
resultsmedia.biz
marcusevans.com
allebedrijvenin.nl
thailandtip.net
unibocconi.eu
zeedonly.com
bxwx.cc
isaechia.it
webinpixels.com
laurapausini.com
madonnas.indarbejde.amorism.wwwwww.wop.ro
cleanairgardening.com
qdjimo.com
sonepar.de
youare.com
deep-linking.com
davvero.org
www.goto.hu
elpix.de
voortreisde.puk.ro
obc.co.jp
conevyt.org.mx
quepandulces.com.ar
fixcleaner.com
codrosu.ro
lesclesdelabanque.com
rapidxhtml.com
rc.net
leparticulier.fr
guoshi.com
officerecovery.com
pasten.wop.ro
windata.ru
24wrestling.com
307.jp
315aa.com
imegabox.com
paytachok.ru
ecard.com
8004.info
bzjw.com
www.akorda.kz
erdos.com.br
www.maseda.mw
australiangeographic.com
sisecommerce.com.br
dogsnow.com
webmerchantsinc.com
fadvhms.com
youxile.com
yo-auto.ru
laokboke.net
zeutch.com
socialbookmarkwebsite.info
cndanzaperu.org
backienxuong.net
denniskits10.hyves.nl
grillslilacs.huijucn.com
myburger.fr
designmind.co.za
quotidiani.net
appleturk.net
socialsitefun.com
jinniumovie.be
danen.wop.ro
thepeerage.com
affiliateprofitincome.com
creeps.puk.ro
fishcharters.com
hs-furtwangen.de
submitfreelistings.com
brandchirp.com
www.xixise1.com
shufti.jp
awebsitesdirectory.com
hbbacademy.net
pdg.pl
pothys.co.in
pramjk.com
futureflix.tv
formationshouse.com
ryoma.puk.ro
articles-pack.com
netsystech.in
lovethesepics.com
40ph.com
bookmarkprobe.com
originalprint.jp
hania.blip.pl
une.edu
county-taxes.com
fudgegraphics.com
mommycouponswappers.net
glforum.net
cpaoffers.com
accessbankplc.com
19bt.info
dither.wop.ro
mongolab.com
crunchybeachmama.com
gearsofhalo.com
workfromhomeheaven.com
j-lou.info
eulerhermes.com
scrumy.com
nivo.co.za
harbin.gov.cn
climaxvids.com
thegamestribe.com
colormatters.com
selectivizr.com
historyplace.com
mhe-lyrics.com
vnfriends360.com
www.pumaaircenter.com.vn
workingadvantage.com
naturaplant.ro
dotsub.com
univ-tlse2.fr
rzn.info
moscowfive.ru
windstuffnow.com
doshkolnik.ru
xml.org
huaixiu.net
coffeeresearch.org
efpfanfic.net
tata-aig-life.com
grandtour.ru
dealpals.com
userlan.ru
www.dailyhaiga.org
gecrb.com
chedonna.it
mobalpa.com
merchdirect.com
succinit.wop.ro
vckee.com
paymentprocessing.cc
toncekitockica.com
green-house.co.jp
ja6nqo.blog.so-net.ne.jp
tourprague.cz
appeal-democrat.com
yxaxa.ru
nmb48.com
redwingshoe.com
starry-sky.info
watercampresort.com
muhasebetr.com
bollywoodwallpaper.org
zgsxzs.com
kidopo.com
mediadar.ru
17daili.com
sagda.wop.ro
xingguang00.b2b.huangye88.com
regrupe.com.br
direngrey.co.jp
52843.5c5c.info
extramarks.com
unitedpeople.jp
ragegenerator.com
papus54.fecsegj.hu
supportbee.com
www.belmer.nl
gutscheinrabatt.eu
skarbowo.pl
allstudentsconnect.com
gettricks.com
wallpapersonly.net
profitgid.ru
volleygame.it
iwascoding.com
wireless-driver.com
legalmail.it
foreverliving.fr
momagenda.com
risorsegeek.net
gnu-magazine.doorblog.jp
honeyvillegrain.com
techstuffs4u.com
lookers.co.uk
www.4040.com.cn
theseonewsblog.com
poetryvisualized.com
szeroko.com.pl
charleskeith.com
newcger.com
finditparts.com
pokermac.com.ar
artunlimited.com
ponziana.info
california-drunkdriving.org
clickintext.net
panlv.net
autoresponder.it
www.lvyou365.net
hatredfun.com
didarha.com
dragonbleu.fr
kinoline.su
watbangpasri.net
tubesex.com
eyeonvirginia.com
520renti39sss.info
nazotoki.com
ilva.dk
verfilmes.net
netafull.jp
pacojana.pinger.pl
uhuru.wop.ro
encuestasremuneradasblog.info
trictrac.tv
dfm.nu
xpressvids.info
pata.com.tw
nordseebrieftauben.de
baxonet.com
latech.edu
thinkeminent.com
ultimatebaby-shower.com
aimgroup.com
same.wop.ro
5centcasino.com
myfhology.info
mom-son.org
wertdeenlaces.net
tyran.puk.ro
www.foto.dk
zh-sc.com
ads.gov.ba
kucniposao.ws
vfacebook.net
medicaltransportz.info
www.sh-gxbanchang.cn
10-free-ebooks.com
dbeta.info
allposters.ca
emailfaxservices.net
timeshaft.info
sciaticasymptomsilft.info
www.tatyn.com
saint-gobain.com
wapgf.info
linkbuilding.info
kreativavilag.hu
tvrtke.com
bigdug.co.uk
interhome.de
startrekfrontiers.net
jastawiam.blip.pl
tu-webbusiness.co.uk
radio.cz
strach.xx.pl
foxyproxy.com
avexp.com
www.321.ro
cob.gov.tr
11ququ.blog.163.com
www.binbinhuahui.com
511398.com
putler.com
es.wikitel.info
medicaltesting.0uu.net
asian-feeling.net
blog.fireage.cn
kathleen-madden.com
batteris.puk.ro
ripon-internet.com
xonetv.info
pupils.ru
www.bialog.ro
western.org
www.liansuoxiaoshouw.com
ukparachuting.co.uk
srilankamirror.info
doctoralia.nl
movieboozer.com
selogerpro.com
artpal.pl
sindukade.info
cartapps.com
sexhook1.info
www.stonetiles.cn
htc-blog.com
www.bxshxhy.cn
erosentertainment.com
statoids.com
queen.fr
www.euserver.cz
comulgar.wop.ro
sanliurfamiz.com
www.sese46.com
politcamp.org
bondedcarpet.com
themeswiki.org
parishcreations.com
5847.210000.org
cross-pens.eu
qqaqlhoh.typepad.com
g.koowo.com
tibia-wiki.net
www.vipmsc.com
bangedmoms.net
semeuse.puk.ro
adductiv.wop.ro
ammm.digart.pl
mikebowler.net
informator.com.pl
6889.nfdy.net
yourcreditanalyst.com
heidrick.com
paulirish.com