yyzx8.com
gaywebmasterchat.com
jungtiere.wop.ro
stuhr.wop.ro
www.lhdry.com
channelweb.it
infobooks.wop.ro
vindicators.wop.ro
billigfliegern.wop.ro
eltern.wop.ro
zuidelijkst.wop.ro
liaoyangyibisi.fdcez.cn
frifinne.puk.ro
uitlichtte.wop.ro
combinait.wop.ro
www.kmewn.at
crawdads.wop.ro
www.admin78.com
ridgemontoutdoors.com
www.qqxs520.com
www.borthy.blogg.se
www.passionarts.com.cn
sloebers.puk.ro
gaiban.wop.ro
abstreiten.wop.ro
www.njshouchang.com
www.ducati.sk
beholdingness.wop.ro
kotti.wop.ro
www.compressor-express.hu
unyoung.puk.ro
www.houselvs.com
clergyable.wop.ro
prefilter.wop.ro
neerliggen.wop.ro
hairyo.wop.ro
techcouch.de
www.yuqun.net
cmystat.com
cnle.qiwen5.com
com.co.uk
akrochordite.wop.ro
onhanger.wop.ro
steedless.wop.ro
decoratieve.wop.ro
staurope.wop.ro
qzkr.265link.com
eagleoutsider.com
www.05ge.com
www.dipar.net
hvilken.wop.ro
tutenkamion.xfree.hu
www.pa-ngawi.go.id
peton.wop.ro
www.osw.lt
wqnqcngsuz.blogtrue.com
aankondiger.wop.ro
appelliamo.wop.ro
www.88rt.cc
ce-resources.com
www.xyben.com
aproximar.wop.ro
hemathidrosis.puk.ro
electrobus.wop.ro
fpvc.de
gedrunge.wop.ro
countrystreetdancers.ch
www.vietnamtourism.org.vn
www.vietiso.com
zasd.nfdy.net
www.salonmarktplaats.nl
www.house0371.com
www.mpgaming.eu
www.07bao.com
www.zhengniu.cn
www.hangfong.com
fkbbb.com
csango.hu
www.ruixingzhou.com
tumion.wop.ro
www.hongboxin.com
plonzen.wop.ro
ngoisaonhi.com
destripacuentos.wop.ro
granduncle.puk.ro
www.07you.com
www.ytkain.com
www.decens.hu
cj.t56.net
www.mlle.pl
darnley.wop.ro
omnipotently.wop.ro
www.njzhiyuanwx.cn
gcncgnatgc.skynetblogs.be
aangeboorden.wop.ro
blogspot.co.at
pholas.wop.ro
prehensorial.wop.ro
surimposition.wop.ro
www.airrivals.es
flies.wop.ro
xblian.org
www.feikuan.com
sauvageries.wop.ro
unoratorical.wop.ro
uitnodigingen-verjaardag.istats.nl
nefkanto.ir
advancedbuddhism.info
www.91hehe.com
www.tao-sheji.com
gaedewcno.bloguez.com
wutawunashe.com
luzacki.pl
pbahuazhuangpinzenmeyang.tuita.com
www.ywppt.net
joete.wop.ro
legalmente.wop.ro
homophenous.wop.ro
spoliarium.wop.ro
www.99lian.net
huihaijia.taobao.com
www.sf999cqsf.com
valio.mobi
biljartten.puk.ro
meusuperluso.com
soyeux.wop.ro
laadverm.puk.ro
aangename.wop.ro
politicsandmarkets.com
lowland.wop.ro
danen.wop.ro
voorbonden.wop.ro
clsq.net84.net
outwill.puk.ro
poodles.gr
ujbal.com
www.bzganggan.com
trabaya.pl
funbangla.com
natjuhh1.hyves.nl
www.ychync.com
hanzke.hyves.nl
musikverein-seubersdorf.de
zhumadianxilaideng.fdchs.cn
3fu.cn
criticism.puk.ro
gacpw.com
forgeries.wop.ro
wursts.wop.ro
tezima.wop.ro
stehbolzen.wop.ro
www.9900pao.com
www.nr6.nl
isothermobathic.wop.ro
angedichtet.wop.ro
czerwieniblekit.blox.pl
ksa-777.com
abschleppseiles.wop.ro
boekenwurm.wop.ro
y.fushi.taobao.com
tottenham.linkekneked.hu
www.njliancheng.com
youvidsexe.info
horo.tut.by
verstricktere.puk.ro
www.cusptrade.com
courtiership.wop.ro
www.canwatch.org
crew.puk.ro
onlinebookmarkmanager.info
k3yi.210000.org
www.huijucn.com
aprilfishes.hyves.nl
approbatrice.wop.ro
pantherspringspark.org
cynergi-services.co.uk
www.tours-in-vietnam-travel.com
saldierend.puk.ro
wegather.com
leadsbank.co.uk
panjinlingnanjiayuan.fdchs.cn
www.sinolining.cn
folhetoavon.com.br
www.dianwan115.com
studiengaengen.wop.ro
optavo.wop.ro
guaranteed.wop.ro
cestec.it
barmbrac.wop.ro
abrin.wop.ro
www.xzzjy.net
hxwz.tk
9web.tv
medimix.hu
guoyaofang.com
tea.fznews.com.cn
zhongdeaoni.com
wormpje.wop.ro
indjehag.puk.ro
giyaku.wop.ro
www.kmfp.net
www.jymgxx.net
seorank.eu.com
stranio.wop.ro
dj-lobo.co
www.fqdvd.com
gouwulink.com
wgnoeygf.blogdetik.com
veraltetem.puk.ro
usa-drinks.de
octopuses.wop.ro
www.szgl668.com
www.ufoa.net
training.looedu.com
britline.com
sziget.wop.ro
csaladimokavar.hu
shop.xkey.at
kingdommindedmedia.info
feiseyouhuo.com
hisyo.wop.ro
hobst.wop.ro
ragten.wop.ro
hakuwa.wop.ro
aktet.wop.ro
addressarticles.info
salze.wop.ro
naien.wop.ro
oseng.info
www.khap.net
palmpixiforum.com
rushed.wop.ro
awaji.wop.ro
www.kunto.fi
www.ynford.cn
www.hlgms.cn
tuguri.wop.ro
oregu.wop.ro
pillbook.com
www.bjtqyy.com
comm100.com
www.liga.net
hommell.wop.ro
www.xmpatz.cn
www.matyaspanzio.hu
www.dtest.cz
www.deeremarchis.info
seigy.wop.ro
www.hxqdj.gov.cn
www.cheapsuggsonsales.org
www.0937a.com
www.bslcn.com
www.complexification.net
cassandra2.com
niweiya.sinaapp.com
www.bitrix.de
wikivideo.it
stationfinder.org
brief.puk.ro
limpia.wop.ro
hoopopgeluk.nl
tanan.wop.ro
piggin.wop.ro
www.zzdnc.cn
www.010byby.com
houqiu.com
endite.puk.ro
matase.puk.ro
kidstopic.com
siriusartscentre.ie
mbochi.wop.ro
amarth.wop.ro
yume-j.co.jp
gozyou.puk.ro
xoco.nfdy.net
mulh.nfdy.net
heppes.wop.ro
balibagus.com
jonde.wop.ro
vaaran.wop.ro
czechinvest.org
www.zzzvod.com
amaryllis-flowers-pictures.blog.hr
mundo-mascota.com
www.telead.nl
inlijst.puk.ro
aletap.wop.ro
www.hengcaizixun.com
neue-schuhe.de
crimsonsteelzeb.deviantart.com
yahuma.wop.ro
algic.wop.ro
kaxuia.wop.ro
notars.wop.ro
yczx.fengxin.gov.cn
cinc2012.org
teatimexl.taobao.bj.cn
artsbiz.org
artyrous.posterous.com
shouka.wop.ro
good-workouts.com
nycdigitalwavesfest.org
www.51smn.com
wuhanseo.cn
passa.wop.ro
daonuo.net
www.yiyacn.cn
www.vekabo.nl
gerschipost.freeblog.hu
craps.wop.ro
calina.wop.ro
gygjl.com
fydz.dhgo.net
dreamway.com
zaman.wop.ro
www.com.tv
thave.wop.ro
mediawiki.org
water.gov.tw
www.womenofchina.net
www.quanbs.com
serverjeiro.com.br
www.8as.info
farmacia-morlan.com
www.dianluchang.com
trackmyweb.net
bygy.nfdy.net
pvcf.k3y3.net
7hcn.zjol.com.cn
psvmi.com
ersannet.wop.ro
www.vzwbea.be
www.3333cccc.com
mazda3klub.hu
www.ine.st
uwvv.qiwen5.com
selfdeco.puk.ro
tionol.org
291.me
rensyo.wop.ro
0d8b.56dvd.net
bvmw.de
zdravlux.ru
saiwap.info
www.pszfs.hu
free-directory.tk
unimedizin-mainz.de
poeper.wop.ro
alternity.puk.ro
stojaknaulotki.pl
golook.it
quiz.msn.de
emigal.ro
ezpa.nfdy.net
fussweges.puk.ro
www.ijinshan.com
vip88.zqqpb.com
newshs.com
chensd.com
255wap.com
www.cheapcialismedsrx.com
nixdminx.com
kimsufi.com
osojin.com
hostmonster.com
www.kkkkkbobo.com
cudthemovie.com
pdf-more.com
www.bjgc120.com
www.zhy123.com
parentcoachplan.com
www.cnclub.com.cn
bbs.rainbowsoft.org
auto.meishanren.com
btucson.com
puplegnica.pl
grincheu.wop.ro
nhtourguide.com
collive.com
ssnq.nfdy.net
malpraxis.wop.ro
69park.info
xbox-deals.info
tm5388.com
jtzs.4311.com
www.gojsj.com
edu-resourse.asia
www.highdefdiscnews.com
intertow.puk.ro
www.loveheng.com
foodlover.co.in
inhabitedness.puk.ro
pigione.puk.ro
www.mqy6.com
www.monsterheadphoneforsales.com
minimiseriez.puk.ro
moveapp.pl
paaulaxxx.pinger.pl
www.griffeynikeshoesoutlet.com
trophoneurotic.puk.ro
refusals.puk.ro
www.tx.cqstar.cn
orgelmuziek.puk.ro
flashrank.net
kleosis.org
goldseed.puk.ro
asanetwork.biz
gulics.fecsegj.hu
wedin.puk.ro
brocards.puk.ro
hasch.puk.ro
www.baidu-sd.cn
fr-chanel.com
idablak.hu
www.hamaisi.com
www.567au.com
altoclick.es
alfastrah.ru
djklycm.com
isbf.edu.in
mariachi.puk.ro
olaa.digart.pl
www.hua234.com
inpeperde.puk.ro
aviosim.net
mdj.qg.2zf.cn
himmelriket.puk.ro
studentenbond.puk.ro
heetgelopene.puk.ro
rdqjxslha.blog.mongenie.com
appelgra.puk.ro
snocountry.com
broadcast.uk.net
a-hikkoshi.com
www.nlsfc.com
powermode.fr
odienne.puk.ro
sunderwiki.com
www.jh0311.com
fuckin.puk.ro
9taileddemonfoxclub.deviantart.com
rentencr.puk.ro
engraphically.puk.ro
600912.com
www.linkinger.com
akyurekl.puk.ro
marenty.digart.pl
y12.uueasy.com
dippier.puk.ro
www.etkqq.gov.cn
facellite.puk.ro
rental.faq.rakuten.co.jp
ws0537.com
guiadocorretor.com.br
fornari.puk.ro
www.bloomberg.co.jp
www.presbeton.cz
alborotadiza.puk.ro
cercadora.puk.ro
gemunt.puk.ro
glaeubigster.puk.ro
telelectric.puk.ro
marcych.digart.pl
chromidium.puk.ro
www.bjgays.com
brom.digart.pl
heilrijker.puk.ro
pluripetalous.puk.ro
torokignac.fecsegj.hu
sibop.puk.ro
ericpp.blogger.de
tv-battleo.com
www.xmjim.com
wycliffian.puk.ro
wzshunwei.com
versalzend.puk.ro
motsure.puk.ro
www.lhhq.cn
www.455dx.com
fansw.tk
hyouzyun.puk.ro
mapidian.puk.ro
penny.digart.pl
www.guilintravel.cn
voluntarea.org
maxmpeg.com
expresspackageplus.com
formedtouch.com
consumercourt.info
timewe.net
599n.info
www.diyi11.com
smsalertbox.com
www.sem360.net
timbucto.puk.ro
maltatrading.pl
bestiegenes.puk.ro
schraagbeelden.puk.ro
hxbfw.cn
learningally.org
shop69400576.taobao.com
keine-eile.de
chlorates.puk.ro
esistere.puk.ro
www.v0z.net
dnfxili.org
cxwx365.com
in.relation.to
entamoebiasis.puk.ro
6tn.info
www.yinhang8899.com
gesui.wop.ro
fenner-family.de
alburayqah.com
acer.com.sg
1-aluminum-blinds.blog.hr
sz286.ndw1.us
nexxt-change.org
mintblue.vivian.jp
7seuu.com
haspeltj.puk.ro
www.iprow.com
app.omia.cn
super-turbo.net
debarred.puk.ro
humyai63.info
megashare.vn
codebox.es
kapin.wop.ro
englishtourdutranslation.pk
www.jyhi.net
pal-item.com
pelmel.info
globeholidays.net
jjgyp.78.cn
halocigs.com
plus2clic.info
rentalsitemaker.com
cambetray.com
poj.org
apnaghar.co.in
collegekhabar.com
weihnachtsgeschenke.de
fashioncookie.com.tw
darislav.com
polarice.com.au
roboforum.ru
eurocupbasketball.com
popa.210000.org
imleagues.com
pornoclipz.nl
ecards4u.de
indiagames.com
guitarnoise.com
terninrete.it
postudios.com
retrovideotube.com
nurturestore.co.uk
transfermarkt.ch
prwv.info
vicscape.com
rozklady.com.pl
adw.org
orbitscripts.com
designshuffle.com
wallpapercasa.com
hygxjy.com
reallifedeals.com
elssafa.com
expert-online.com
d-navi.net
nasemo.com
amigo49hdtv.blogspot.com
hi-id.com
herocopter.com
eduardpunset.es
atmarkjojo.org
zappybaby.be
talentjobs.in
digitalbusstop.com
thedailyblogs.com
puerh.cn
sj.net.cn
qmul.ac.uk
drritamarie.com
balancedplatter.com
radiodelmar.cl
metrotimes.com
dornanet.net
voltasac.com
simplyhired.mx
rjxs.net
interio.ch
9w1.net
rysa.wop.ro
bunchodo.com
mariage.fr
pratt.edu
salpaste.puk.ro
medienwerkstatt-online.de
lamaslinda.com
odylfarm.com
coffeebean.com
samosut.puk.ro
einzusau.wop.ro
schulddelging.puk.ro
wdtinc.com
happy2-island.com
shatters.net
scottcrumpabfn.ning.com
twitterbuttons.com
selio.tk
tasbeha.org
frivtown.com
seo-profitool.de
directoryplusplus.com
seqingdonghua.tk
tsn.at
bossmobi.com
serialnod32.info
ryzing.com
downserv.com
shilixiaoked.1168.tv
goodasgold.co.nz
etoote.com
tollerare.wop.ro
reflexstock.com
lpch.org
fritzhansen.com
tophostingprovidersz.info
koto.lg.jp
anime-plaza.nl
tribe.net
zp6868.b2b.hc360.com
frantumata.wop.ro
tribe.wop.ro
35td.cn
www.deutsches-rapsoel.de
dj-re.jp
chikaduk.puk.ro
trongthanglong.net
foolishgadgets.com
8bitodyssey.com
youthdefence.ie
tvspielfilm.de
mediafirebuzz.com
unet.info
www.naoshikou.com
atnm.56dvd.net
uploads.software.informer.com
porogam.wop.ro
rolbezems.wop.ro
xxxati.wop.ro
v8l.info
bekannterer.wop.ro
www.nzpu.com
verschlagenem.puk.ro
slipknot1.com
mastertopforum.com
voprosovnet.info
searchenginebrief.com
webtoolz.me
dostawcy-internetu.pl
gebeuzeld.wop.ro
wordrider.net
neversleep.it
vsmie.cz
unduetre.com
beelderi.wop.ro
inbaminge.com
ontmoetdexter.nl
djeansonline.com
kernelmode.info
tombstonetactical.com
causak.org
inflationniste.wop.ro
widdis.puk.ro
agouti.puk.ro
sirituga.wop.ro
willowtree.info
saltaterandate.wop.ro
nsspirit-cashf.com
wirelesspronews.com
jalalabad.wop.ro
fraisiers.wop.ro
adultfree.ws
rental-car.jp
az-design.ru
machikog.wop.ro
wonderworxs.info
bonzai.wop.ro
gayalgarve.blogs.sapo.pt
universia.net.co
world-of-photonics.net
australianopen.com
fabriekswaar.wop.ro
www.cheapcigarette.cc
crescographic.wop.ro
wapenschouwing.wop.ro
wuyxiang.net
vfc.ch
dxyer.cn
www.030505.com
icast.co.il
www.11qq.cc
fmod.jp
infamativa.wop.ro
ruitijd.puk.ro
www.1b2k.net
diskinternals.com
www.360rc.cn
photofiltre.com
sannhadat.net
www.39ik.com
girlznation.com
islington.gov.uk
musanc.com
medipolis.de
www.568tao.com
tirajo.wop.ro
www.78170.com
comrapidshare.com
teletechnology.in
creedltd.com
www.90im.com
associno.wop.ro
www.bzyfwy.net
gn66.com
simdepdalat.com
nonshipping.wop.ro
www.majateam.pl
artprosoft.com
claims.wop.ro
net-infinity.jp
www.evbike.cz
rssruzgegp.blogtrue.com
tefl.com
www.firsthandbuy.com
wagamati.wop.ro
www.hcmr.gr
autoboost.fr
harmonere.wop.ro
lxdk.info
decenvirato.wop.ro
zoom-cinema.fr
www.industridesign.lth.se
bezeerde.wop.ro
noticiaporno.com
www.jinantianqi.com
oscmax.pl
www.jkxws.net
wowowow.com
akzent.wop.ro
finelinepits.com
www.jnstdc.com
www.utfair.ru
www.jldyks.com
visa.dnrd.cn
leakdeals.com
www.kg55.com
mytrafficexchange.com
www.kkgzzw.com
seiko.wop.ro
www.vebe.hu
bookservice.jp
seibubus.co.jp
www.oooccc.com.cn
wcs.org
www.plantpol.com.pl
nombresconsignificado.com
www.remax.no
doctor-ananin.ru
token.co.jp
www.renrenkan.cc
cmdwebsites.com
agahipost.com
hotsoft.net.ru
goansink.wop.ro
muskokabusiness.ca
springerimages.com
warez-ts.org
china-citytour.com
curare.wop.ro
8lct.210000.org
uuyx.com
www.huashuo123.icoc.cn
hualin111.b2b.youboy.com
nfht.nfdy.net
hongdou.gxnews.com.cn
magnanimously.wop.ro
mitpressjournals.org
www.scsssj.com
asciipr0n.com
tomorn.wop.ro
aggravated.puk.ro
rinard.wop.ro
entropiauniverse.com
jlv-solutions.com
ac-clermont.fr
northshorelij.com
obscurities.wop.ro
fitri.it
cicistudy.com
www.sz.js.cn
redecoletiva.com.br
thanhnienkhoinghiep.com
195013.www.blox.pl
www.together.im
faxmyway.com
chevrolet.co.za
uusin.fi
manheim.pt
www.urra.cn
profitability.wop.ro
starlist.com
www.xcwangluo.com
life-of-brian-full-movie.blogspot.cz
wohnungssuchen.wop.ro
gorenje.si
laketrust.org
vivatv.hu
koi4.nfdy.net
www.ladyrider.hu
freetorr.com
therange.com.au
buildlastingsuccess.com
fraudulentness.wop.ro
eslfast.com
mostravel.com
tudakozo197.com
babadu.ru
wz448.com
edlund.dk
planetoddity.com
business-angels.de
597ie.com
sonarmen.wop.ro
x831.com
thenap24h.com
www.10568.net
orthoformic.wop.ro
pyromania.wop.ro
weedkuipen.wop.ro
10dollarmall.com
trafficultimatum.com
indiauncovered.com
iniunik.web.id
jamesshuggins.com
www.xzjmm.com
wine101nc.com
opregadorfiel.com.br
dir-moz.com
wintersunlight.xclub.tw
noandemosconvueltas.blogspot.com
mr2.hu
wisniowski.pl
mom-101.com
wii-brasil.com
woaj.qiwen5.com
wood-china.org
iysl.265link.com
word.langfly.com
www.jgs-xa.de
linkbuildingpakke.dk
freewarebase.net
posh24.se
careerboard.com
webdesignplay.com
www.aquastar.ch
ajinomoto.com
www.ameba.jp
blackmediascoop.com
globehr.com
www.eurovapers.ro
bringbutler.de
sentire.flog.pl
www.forward-cargo.az
ctsorthodox.info
gearhost.com
ilze.nfdy.net
www.jjj123.info
estonian-air.ee
jetnetworking.com.tr
aveeno.com
centregold.com
pdxhomequest.com
asep.gr
www.lgdxdl.com
sparkasse-chemnitz.de
website-marketing-solutions.com
www.netjunkie.ro
www.outriggerawnings.com.au
statmethods.net
jinmi8.com
gtpz.265link.com
www.sportshoes-fr.net
hilaryshepherd.com
kweeper.com
www.top-read.cn
shanu.info
www.ycec.org
www.yz-air.com
17gude.com
shandian.biz
xwx.cn
directorychain.com
yoxd.lizhidy.net
yys.qihaa.info
netenberg.com
0000ac.net
cpc.to
flooranddecoroutlets.com
01mistresslady.a-liveprivates.com
ningin.com
0375.1775.cn
yum.com
www.urbankid.ro
0827.1775.cn
cancomuk.com
126idc.com
dda.org.in
sainathchillapuram.com
aangevij.wop.ro
pioneersfestival.com
acoustika.info
adgad.blip.pl
forbiddenplanet.co.uk
aftermarket.pl
egyspeed.com
aranor.bloguez.com
arashime.puk.ro
costowl.com
arba-riders.com
akibaos.com
expediapartnercentral.com
buscapdf.com.br
caimaobuy.com
arbeitsb.puk.ro
classidigi.com
arcade.rakuten.co.jp
se-team.ru
gamesync.nl
robothumb.com
semetrical.com
bbs5.cgiboy.com
668dd.com
monddurc.wop.ro
bestonlinebuys.net
bestpagerank.info
science.uva.nl
koding.com
bestseocheck.com
bestsitevalue.com
betting-portal.net
thesimpsons.com
islafenice.net
jiayoutuan.net
bigbadcity.com.ar
tatagouwu.cn
birdfarm.net
werevertumorro.mx
birthday.presentidea.org
freewb.hu
thejerusalemgiftshop.com
bk.com.vn
peykebasij.ir
guestpostarticles.com
business-efficace.com
tokumaru.org
nikola-finblogger.ru
dognameswoof.com
bkevine.net
holley.com
enst.fr
bkpnk089.blogsport.de
furledrufous.huijucn.com
bl-portal.de
effeminacy.puk.ro
phacomalacia.wop.ro
black-and-green.de
che-piao.com
blackabyss-manga.webs.com
lost-in-code.com
onbewimpelder.puk.ro
bleib-gesund-service.info
idrettslagene.wop.ro
bortunolteanu.ro
3dcadbrowser.com
bosch-home.com.vn
bostondurgabari.com
sakulan.jp
brulegge.wop.ro
btn.ir
marimedia.net
brabio.jp
bungee.co.cr
bwxv.210000.org
gsgw64.com
caressen.wop.ro
ssrc.org
montafoto.com
toobusiness.com
cgpartners.hu
ch-neru.doorblog.jp
chabange.puk.ro
chache88.wanye68.com
uspehglobaldoma.com
txtweb.com
chacheng.cn
justfuckus.com
comprire.wop.ro
chahat.nl
bannerflow.se
16zhan.com
chaichejian.beimai.com
d-boys.com
imagelinenetwork.it
chaikaapi.com
chamaeleons.com
barcelonaturisme.com
chanel.nzw.cn
korg.co.jp
changde.house.sina.com.cn
changeghana.com
changewin.blogbus.com
changingmaya.com.au
cuzo.org
changjihuizuzizhizhouyibisi.fdchs.cn
holiday-velvet.com
changriw.puk.ro
changsha.bgo.cn
changsha.ddmap.com
changtu.huoche.com.cn
duniasex.ws
chblt.81666.net
chukki.com
mahuateng.sinaapp.com
nursat.kz
chunqiujueyu.fyfz.cn
cjuez.co.cc
bon2reduction.com
cl.10.gov.cn
directlinecruises.com
cp-ty.ru
appraisalport.com
cricketplus.info
progtalk.com
daijia.bj.cn
dailymobile.se
pondokartis.com
parasoft.com
dachser.com
www.xxx733.com
dali.87bz.com
shabdismyname.com
darrein.wop.ro
lbbw.de
hentaibam.com
datonggouwu.fdchs.cn
remslaes.wop.ro
deadlier.wop.ro
dell-forum.de
www.wuseee.com
cgana.com
deskawind.com
gwtapps.com
donga.puk.ro
sprit.org
dq12333.gov.cn
radio-utopie.de
dukascopy.com
coop.or.jp
duplexers.puk.ro
eleventhemes.com
nobledrugstore.com
dustfreepc.com
pichulon.com
dynazik.biz
ehomori.info
ekzl.nfdy.net
resumerabbit.com
emoda.com
puiserio.wop.ro
fabricdepot.com
emoney.cn
jakartawebhosting.com
fcb.ch
enthusin.puk.ro
snimifilm.com
2222110.net
fenglintianxia.soufun.com
sicreditotal.com.br
ficeler.puk.ro
fjpkw.com
forumm.tym.sk
fostyle.net
jlpt.jp
gambarkeren.info
hh522.com
gannan.66law.cn
domain.yahoo.co.kr
timeout.cat
gaoyuanhongjn5f.1168.tv
jiexieyin.org
garethwalters.com
jp99.net
linkdreamlandweb.blogspot.in
godmother.fecsegj.hu
tuecommerce.es
www.ufida.com.cn
goldentouchrecharge.com
www.67ppp.in
golf1.info
gzbqgs.net
staatszo.wop.ro
hao.b2b.biz
2buildmusclefast.com
hassan.massoudy.pagesperso-orange.fr
hcma.hu
onlineseoinfo.wordpress.com
hdfcbank.com
deadmau5.tumblr.com
heiyh.net
www.moriseba.com
hlbb.nfdy.net
hsy.78.cn
hwjz.nfdy.net
hzf1974.fyfz.cn
oriume.com
ibnn.nfdy.net
icxs.qiwen5.com
idd.net.cn
ideseg.com
www.hdltcs.com
isabellanilsson.se
wpslidein.com
j5z.info
pspisoz.com
jblove.net
strukturalismen.puk.ro
jfzc.210000.org
jiwi.nfdy.net
aluss.digart.pl
runyweb.com
jnby.pharmst.cn
der-pc-anwender.de
miller-mccune.com
jugra.ru
diqinggongjiao.fdchs.cn
kamilbazelak.pl
kapiwiki.info
mal21.digart.pl
gzidc.net
kartenlegen-wiki.de
khapk.com
mmrt-jp.net
kurnik.pl
lioa-nhatlinh.vn
icofiles.info
litsfdgqs.skynetblogs.be
liuxuehr.com
mazdaspeed.com.au
mdd.com.pl
alog.com.br
mkb.uwpagina.nl
joomlahostingreviews.com
mmil.qiwen5.com
morphos.pl
nestandartno.ru
news.southcn.com
lespros.co.jp
oerfil.puk.ro
openideas.info
oru.ru
kino.ru
supplierlist.com
painelglobal.com.br
palcraft.co.uk
www.jqnk120.net
paratomial.puk.ro
afripol.org
pcl.software.informer.com
pcpeizhi.com
articlecloud.com
sports.sbobet.com
rcvh.nfdy.net
sagezza.puk.ro
searchignite.com
hazelden.org
tsukioka.wop.ro
shusong.biz
shypzh.117.cm
invadermag.com
siteshits.com
easyvideopress.com
skyseotools.com
surf.sk
1cheval.com
synzu.com
greeksubtitles.gr
techtalkasia.com
telovtelo.ru
eviloctal.com
tenminutesago.info
terni.it
test.zsy.cn
thanhly24.com
the5mountain.com
thecheshire.co.uk
theezweb.com
tibetaltan.hu
13bt.info
thor-scope.com
tonran.taobao.com
socialwebbuzz.info
topalternate.com
managerdefotbal.ro
toryburch.zusl.com
allseoservice.com
udwcnttfh.blog.mongenie.com
stk-hradec.cz
ukkq.265link.com
umn.edu
tax.lt
uncfsu.edu
mp3asi.org
kwsa.pl
undefeat.wop.ro
user.qzone.qq.com
obi.at
usertutor.org
utk.edu
sweacity.wop.ro
sieuthimuachung.com
uwebdir.info
hoboken411.com
videocul6.info
nixle.com
videoeuro2012.com
videoglazok.ru
lammis-moto-site.de
vip.kuaibo.com
www.xxkd-hk.com
virtuti.info
gewgaw.wop.ro
muachungonline.com.vn
www.ejmf.com
www.danhbawebhay.com
kinetick.com
www.k-n.com.cn
beispielloserem.puk.ro
syatsu.wop.ro
final-rc.de
fortunato.wop.ro
freexvideo.org
frontis.wop.ro
www.disclaimer.de
07ksa.org
pcds.co.in
rizhaokuaijiejiudian.fdchs.cn
mecus.es
sjwpkmbud.freeblog.hu
radio-redplanet.de
betbul.eu
www.jncfq.com
artemisi.puk.ro
238000.net
fastcase.com
narutodoujinden.net
y4d.info
biso.cn
chicagoshopping.com
snatchporn.info
ruanjian5.com
junshier.com
bczi.nfdy.net
www.586jz.com
verspatika.freeblog.hu
greatdesignsfast.com
poznaj-datesmierci.pl
assommerons.wop.ro
sangotunhien.info
angrybirdsgamer.com
conditionnions.wop.ro
shunarthawaii.com
lyy.dz.vancelle.net
gobble.wop.ro
shinchik.wop.ro
gurgitation.wop.ro
fab.nl
metable.com
www.pipeabc.com
laughsnkicks.tumblr.com
3bb.ru
baranshop.in
cqstore.net
rendezvous.wop.ro
www.shuangchaa.info
imperati.wop.ro
www.lxdk789.com
www.0631hjf.com
heihejinjiangzhixing.fdchs.cn
2000seguidoresentwitter.com
linzhitianqi.fdcez.cn
www.kjshidai.com
kazan-guide.narod.ru
www.biantaoyan.in
militaerpartei.wop.ro
afonya.lap.hu
tools.naoshikou.com
aftikken.wop.ro
afgebottelde.wop.ro
cravenne.wop.ro
headhunt.co.za
artmedic.hu
semitonally.puk.ro
www.vietnamtradefair.com
stuka.puk.ro
bayit.wop.ro
ragaillardisse.wop.ro
gewichthef.wop.ro
zevenbladig.wop.ro
e-zoa.com
totalflaeche.puk.ro
golfclubsfr.com
webdesign-angebote.com
service-webmaster.fr
ukbodybuildingforums.co.uk
1b2g.com
shiobune.wop.ro
comparaissaient.wop.ro
forumfotografia.net
ciai-s.net
tautens.puk.ro
www.hyytsteel.com
mlinemoscow.ru
zhiyangji.longluntan.com
backquagsuns.bloguez.com
rezin.wop.ro
333job.com
shibetor.wop.ro
theiplawblog.com
snkm.qiwen5.com
matses.puk.ro
bootstoasses.info
affiliatelinkmagic.com
www.alisesame.cn
www.365back.net
hotel-bergenshuizen.istats.nl
bataan.us
fliegeruhren.ch
expansys-kr.com
www.qutw.cn
www.veszprem.imami.hu
winterer.info
equalizer.wop.ro
servitrisa.wop.ro
leasy.dk
website.tc
freshpet.com
www.666.cm
yantv.vn
www.wpfp.info
computations.puk.ro
openstatussearch.com
bujet.ru
tibrow.wop.ro
langfangjinjiang.fdcez.cn
thagodz.net
cernez.wop.ro
clubbingabroad.co.uk
www.cajaduero.pt
198j.nfdy.net
www.obas.no
shopdental.com.br
abgedrueckte.wop.ro
maxspeed.ir
puzzlesforsale.com
passionkites.com
overstepping.puk.ro
daku.cz
yellowhost.co.uk
brokersworldwide.com
f3gj.nfdy.net
cncobweb.com
www.51test.net
coovn.com
balinger.puk.ro
www.paijiu1.com
www.anbj520.com
getblogs.com
all-uchastok.kiev.ua
saisyouk.puk.ro
shopperella.de
universomedico.com.mx
kasboeke.wop.ro
derkonfigurator.de
mcgree.wop.ro
www.tnm-corad.com.cn
noondaycollection.com
tinylove.ru
gentlemansgazette.com
klirrt.wop.ro
rebielcz.pl
subterconscious.wop.ro
www.zz52py.com
seccanti.puk.ro
resalaat.ir
beschraenke.wop.ro
streifba.puk.ro
rally.it
planetaanimal.ru
gudebrot.wop.ro
kladderen.wop.ro
entsprungen.wop.ro
tw-battell.com
guihuaxiang.com
norrtalje.se
filmstriben.dk
kledingnaaien.jouwpagina.nl
chemeddl.org
hupan.net
bruchstellen.wop.ro
myplace2.jugem.jp
gooien.wop.ro
revelante.wop.ro
ignorais.wop.ro
aladd.net
iqracollege.com
cherish-due.com
mxvpn1.info
caricatureront.wop.ro
boycollector.net
nvbao1.5d6d.com
seedsofgames.com