www.2881.com
gwykc.htexam.net
www.96356.in
mrsh.210000.org
virtal.pl
midea.sn.cn
stonecastle-lhf.com
emap.fm
writing4all.ie
www.1x2x3x4x.com
tze33-9bb7.tumblr.com
wb.51hejia.com
aiao.qiwen5.com
www.hdmee.com
pann.210000.org
piotine.wop.ro
awaiters.wop.ro
www.gotop.hu
foedseln.wop.ro
skizzenbuch.puk.ro
ydsu.qiwen5.com
www.eep.org
mygaudo.net
www.szwen.gov.cn
599188.com
jinqu.mp3.baidu.com
www.7granite.cn
balisiez.wop.ro
www.maviz.hu
e2vl.qiwen5.com
www.ying30.com
eindigde.wop.ro
refund.taobao.com
htcbus.com
usotsubu.com
holy.jp
toronto-lime.com
maplefamilia.cswiki.jp
www.ledpdx.com
preconsumer.wop.ro
0852568.com
verdunde.wop.ro
xxxo.flog.pl
shennongjia.ganji.com
littleacornsnorthcurry.com
www.neworldedu.org
captivatinglust.tumblr.com
zque.265link.com
timberlineridingstables.com
www.hblry.com
roberttroy.ie
www.ninbobaibu.com
labellum.wop.ro
www.azkf120.com
www.0523hx.com
job.xuepinw.com
freelancejob.ru
www.1819wz.com
bbnccd.wop.ro
www.158x.com
www.fklisty.cz
www.wenchenbd.com
www.iale.de
www.babausztato.hu
thenfdf.org
military.lt
www.sn180.com
zelda-solarus.com
zijdeuren.wop.ro
b918.265link.com
2lw9.qiwen5.com
mastersforum.de
azarya.deviantart.com
wap.alov.az
atalja.punt.nl
ltjb.210000.org
florhampark.wop.ro
opplagss.puk.ro
www.lemoncn.net
m-muriel.jp
www.hnsnnews.com
www.dscsgs.info
salvadoraldescobert.com
dnybz198.com
tangjunasd.huijucn.com
xnka.265link.com
skinnygirls.biz
kletskop.wop.ro
www.gpstv.cn
www.trip8080.com
ekobiznesy.pl
www.scez.nl
www.baaz.nl
1454009759.33591.com
footpati.info
x10s.265link.com
igrotop.mobi
www.ctg.cz
mozaiktours.hu
www.reset.it
blowen.wop.ro
bjw.hk
uqp.pl
grevens.wop.ro
teaster.ugu.pl
www.jkm.cn
schw.qiwen5.com
bilderteil.puk.ro
theria.wop.ro
www.konakmermer.net
sundancr.com
oatmeals.wop.ro
www.zldpcb.com
basissen.wop.ro
psykaoyan.com
g.fyzw.cn
block--buzz.co
yanchengxilong.fdchs.cn
parfuemf.wop.ro
www.dg-zk.com
dnuq.nfdy.net
www.vchn.nl
paleoplain.puk.ro
www.uu898.com
blogzr.us
roszfee.taobao.com
mamilliu.puk.ro
trhu.210000.org
livejournal.com
hinl.qiwen5.com
www.huaxiaguoli.com
juancong.com
wenbiquanzenmeyang.diandian.com
mv2h.k3y3.net
sixmarley.com
dhman.jp
buildyourchannel.com
closecorp.net
pocketin.wop.ro
www.crh.pl
www.kaokao001.com
www.snmhea.com
ntwp.210000.org
fleaer.com
gaijinchronicles.com
crno.ru
www.166ying.com
technorati.com
maxsolutiongroup.com
lcts.pl
saldi.puk.ro
facegioitre.com
020dns.net
xa0d.265link.com
paginaswebcreactivodesign.com.mx
www.jsbook.org
99sl.qiwen5.com
news.liao1.com
www.alivv.com
smf2hosting.com
cleanet.org
sphingal.wop.ro
linkmac.info
www.ahfc.gov.cn
www.pentalink.com
portstores.com
nepalimate.com
tze33s66va-9bb2.tumblr.com
www.bjzjgs.com
www.anodize.cn
huskened.wop.ro
wowdps.cn
vqvp.qiwen5.com
ilten.wop.ro
nvgm.210000.org
peerless.puk.ro
ntsu.edu.tw
www.phpyo.com
celcat.net
www.baixiege.com
kentfishing.webs.com
3guc.info
cyberfutures.com
www.uy444.com
ykcp.265link.com
www.36963.com
jushinke.wop.ro
nusports.com
pbye.265link.com
vwuc.210000.org
haowang.cc
fkzz.265link.com
mensadviceline.org.uk
abgespei.wop.ro
papp78.fecsegj.hu
www.jycj120.com
gf1ma.net
uigv.265link.com
zgx6.qiwen5.com
toneytool.com
jnzjgs.com
www.iwiners.com
49vip.com
intergoles.info
www.i8886.com
kawaik.wop.ro
freedomreport.org
booksahred.com
cashsurveysonly.com
prworks.ca
itiruish.wop.ro
malikshare.com
www.mlxc.cn
forextradingplatformz.info
anteilsi.puk.ro
puike.wop.ro
ngene.puk.ro
xiaoyuana.com
www.smrj.go.jp
www.toyox.co.jp
www.siyuel.cn
wzxq.tk
www.se128.com
www.rzzz.cn
mobile.dbw.cn
ble.de
moolay.com
85nd.om
flying-jump-radio.de
ibeely.com
www.lygzgh.org
infinitfile.com
dvd.jiuse.us
www.qiyuebuluo.com
gannan.66law.cn
www.qsheep.com
www.dbanotes.net
hedon.org.nz
www.abstynencja.pl
16nf.com
megajeugdkoor.be
e-orenburg.ru
kanekessler.com
www.664mi.com
bb233.com
astro.27.cn
www.8684.com
www.lonzd.com
uhuru.ch
ewsite.se
mlblogs.com
www.5book.com
www.seoisem.com
jxk8.com
tgx.dui.lu
remen.biz
fsd.7637.com
me.alipay.com
34degrees.org
sg.37wan.com
tasekutara2jb.com
eae.hu
www.am166.com
shbk.net
cy-pr.com
ascension-arthas.de
hirmag.hu
zuma.5646.com
www.gzlndz.cn
agau.ru
beararmsbrevard.com
www.ay899.com
bus.piao.com.cn
eyv.5ck7wy.com
www.3835.com
tulceajob.ro
mazzacinema.com
zyqc.cc
www.ccwcw.com
ysu.edu
www.58lm.cn
www-84aaa-com-84aaa.tumblr.com
nelly-rey.com
1977.ws
cnk.digart.pl
5dy.com
qtv.ua
drapersjobs.com
stevenchayes.com
foxduck.de
vps.gd
blog-vitalika.ru
bbs.acde.net
xitop.com
trendency.hu
yyqcr.c.la
huaidan.org
leonardskennel.com
zui.nx.cn
www.pxyoga.com
www.j3r.cn
disabledflying.org.uk
www.shnn.com
shjm.78.cn
vip.tq.cn
www.9939.com
zrmf.dv37.com
61go.tk
ln.10086.cn
my.yxlady.com
zimiani.me
l-my.net
588.org
griyoib.com
fatpaint.com
esf.anjutu.com
deaio.net
www.gzywy00xj.net
con6.cn
www.444shop.com
www.xxx449.com
nc.sooker.com
shop.sg0898.com
www.dy6868.com
h3hotpot.com
wikivegan.org
keeppeaceman.blogbus.com
www.eduz.cn
gdwykj.com
hz.zx123.cn
albahadly.com
www.eeuss.com
www.rc.cc
jpsk.org
schnauzer-kingdom.com
jeth.tk
ttfall.us
inked-nation.info
www.52fx.cn
jwest.pl
www.ashld.com
tuan.0579.cn
vlp18.com
amazoundrecords.com
pl59.com
babysoft.in
fj.xckj.com
www.coodir.com
www.huhua.com
www.teg.cn
www.shanr.net
ndmmxgjm.78.cn
ivy-style.com
ae911truth.org
cnithr.com
www.93315.cn
clwbrygbi.com
simteach.com
tulsakennelclub.com
duia.org
www.china-inflatable-toys.com
www.711911.net
www.formspring.me
qq00003.wdwd.com
eduhi.at
fect.tk
h22.cn
www.qd1.org
www.haoriz.net
www.020banjia.net
cckk.cc
sbhasanaliyucel.k12.tr
yinnvzhao.com
jk.qiyue.com
acksecuritycon.com
www.y8z8.com
www.3tes.com
www.huilin.info
binghamtonsustainability.org
www.xiaojie592.com
wap.6hw.cc
dddssa.co.cc
u.by5.cn
1314xoo.com
erwinabc.hyves.nl
baidulink.net
vilago21.com
www.14ppp.info
kendallharmon.net
yajcwx.com
www.yxfed.com
sskke.com
www.hjwsb.com
yukibel-mexico.blog.so-net.ne.jp
www.dskb.cn
920887.com
makakumu.com
www.rohs.cc
findletter.fad3.net
rotarizaba.org
gagarinlib.ru
detdecy.freeblog.hu
www.dbglw.com
bibp.com
www.kugz.net
kdjmxm.78.cn
www.cxha.cn
www.rzynj.com
yimi.in
dfzbs.smgbb.cn
www.xbza.com
joanede.com
izbaskarbowa.lodz.pl
www.uzmei.com
xxx4.us
ac4f.com
vdisk.weibo.com
gobuck.com
www.sdcatv.net
nlc.gov.cn
mall.h2h.cn
0423.510560.com
joculete28.tk
disgavel.wop.ro
6h8888.in
mediamix.ne.jp
www.881b.com
mmtt.taobao.com
meditazionevita.com
www.ygsdvd.net
a3267.clihy.com
buttonfans.com
www.zjfs.net
suzhou.ucar.cn
www-61zzz-com.tumblr.com
coder.kr
onlineprnews.com
54fy.net
vuvuplaza.com
preattun.wop.ro
polcattebeke.be
0577.273.cn
swo.1bjp0h.com
ulanmilar.uyghur.tel
ninoo.com
bobo.434pp.net
www.hzzs.com
www.mtv.net.cn
nblvke.com
www.250dh.com
mendemagsalt.insanejournal.com
www.xtrb.cn
auto.vnet.cn
loan.k8.cn
seogold.net
www.wed6.cn
cio.de
ml.tc
www.517xb.com
www.nsdvd.com
kumull.com
6hpm.net
9hk.cc
bbs.520dn.com
wtuba.com
www.yzzj.net
uslinkdirs.info
www.zhuhaiwangzhang.com
yourwebsitevalue.net
nongbiyadysh.1168.tv
www.mfa.gov.bn
efaw.cn
nxeon.com
toriz.info
amunse.org.ni
hebraicaymacabi.com
metris-community.com
neijiangchepiao.qiannan.org
rx-euro.com
www.yc-yf.cc
www.htmls.ru
www.tlp.ro
venny.digart.pl
www.zmd-lv.com
www.fakeoakleybuy.com
83xx.in
www.5201.cc
mp51.net
theringfan.com
www.ssaa8.com
www.ipokoj.pl
www.xywy.cn
www.jstaisheng.com
ichmagdeutsch.ru
www.badaos.pl
gruppiotthon.hu
www.ysakfj.com
howardbelvin.over-blog.com
hvol.net
wdfr.info
haoc.us
tiny4cocoa.com
loudtechinc.com
wfols.cn
vip8.cc
rueckenn.wop.ro
www.3ua.cn
do-follows.com
www.2456.com
admitedl.puk.ro
pclab.pl
qijuxqxhb.freeblog.hu
www.schnierersch.de
www.jdnl.com
saitic.wop.ro
hendrik-woltering.de
bernd-lehmann.de
www.zgykc.net
dieseljones.co.uk
txbb.hk
fundhaus.com
site.dsz.cc
rilakkuma.co.uk
gscwkf.info
777tt-1av39.tumblr.com
dnfhg.edudisk.cn
www65jjjcom-65jjj.tumblr.com
gbitez.soup.io
anybusty.com
happyfunvidsite.info
eegarai.com
10876.jiayuanz.com
vergaffend.wop.ro
sanne-appa.hyves.nl
wichtigtuerei.wop.ro
lubephy.xtgem.com
xixichengyuan.com
www.zw.com.pl
ginhouse.wop.ro
lifeasatech.com
dynamitelessonplan.com
www.101domain.gm
shopoto.vn
creativekristi.com
bj.51f.com
www.j8k8.com
27.com
www.dy120.tk
www.e168.com.cn
nacionalexpresso.com.br
pourton.info
httv.210000.org
www.k-china.net
aylatje41.hyves.nl
girighet.wop.ro
jeepcreeps.tv
coloradoblogging.com
checkpoint-elearning.de
www.njcjs1.com
www.jinkouzhoucheng.cc
coffret.wop.ro
ecell-iitkgp.org
lalaport.net
www.qjedu.cq.cn
macrobiotic-marche.jp
radioandmusic.com
zhengzhou.tg.com.cn
www.jiyimm.com
autobagchina.com
singerpictures.com
rlp.de
vakantiepanel.nl
hejin123.com
unribbon.wop.ro
cancuntodaynews.com
thetechlegion.com
askusaquestion.net
dvbtv.prv.pl
deoase-zalk.nl
adfactorspr.com
ralphscheidler.de
cite-espace.com
hab.mk.ru
dohouse.co.jp
metaengine.info
dnchecker.org
appari.wop.ro
dayulight.cc
kbprod.com
9999.3199.cn
ps3xmedia.webs.com
mogororo.puk.ro
www.dtv.ru
nageblafte.puk.ro
dugage.com
unixpower.org
phplian.com
jiujiuse.com
mitgliedslandes.puk.ro
gatewright.puk.ro
www.immeta.de
www.honolulu.hu
abituavate.puk.ro
bbs.cy-e.com
mayken.digart.pl
corporif.puk.ro
www.idea9001.com
luganohotel.net
alti.puk.ro
siekuku.digart.pl
www.liangxin365.com
haeuslebauern.puk.ro
cwkgfwlxzq.blogdetik.com
lorelle.puk.ro
toastete.puk.ro
prettymystic.co.uk
bama.hu
grymt.puk.ro
www.jsgays.com
prairiet.puk.ro
baishunxiangys5f.1168.tv
www.jskinternet.pl
overbroi.puk.ro
www.cadsupport.hu
www.cnppc.net
alouatte.puk.ro
bedes.puk.ro
sesexxx.info
kf.5law.cn
partyhosting.eu
priller.puk.ro
urbanchaos.digart.pl
rifat.puk.ro
insatisfaites.puk.ro
huplutzqqy.blogdetik.com
vvv14.com
whhbzs.com
changeda.puk.ro
overabou.puk.ro
orchesog.puk.ro
keio.edu
68isp.info
trommelzucht.puk.ro
jnmh.net
raggirerai.puk.ro
www.njupt.edu.cn
fajosz.digart.pl
viviansmitt.blogbugs.org
heidevelden.puk.ro
www.tjkcq.com
vegetates.puk.ro
conjuncture.puk.ro
noneclectic.puk.ro
schurz.puk.ro
job.hustwb.edu.cn
yagodas.digart.pl
wakeup.pdg.pl
mzjpfu.legou888.com
sivase.freeforums.org
www.dianlandaquan.com
krueglein.puk.ro
www.qing1982.com
freckledmoonlight.digart.pl
www.abhr.cn
olszi.digart.pl
lessonslearned.co.uk
ucla.edu.ve
www.90bc.com
yandalo.in
pollusjon.puk.ro
kafiri.puk.ro
hariki.wop.ro
martenn.digart.pl
moneyflower.puk.ro
hml.org
fuelsaving.info
www.xyxx.com.cn
kaxomand.blogerzi.com
www.kjcenter.com
schietmasker.puk.ro
friends-hood.com
microfortnight.puk.ro
pejdani.fecsegj.hu
sloapoaa.webs.com
poorbank.net
mp3.zol.com.cn
obstipat.puk.ro
torzal.puk.ro
parishiltonsite.net
www.cqbk888.com
demokass.puk.ro
treptajvasione.blog.hr
www.suva.ch
mazikao.info
ru-moto.ru
celebsilove.com
bolubook.com
badblog.nl
www.jc8.cqstar.cn
74qg.nfdy.net
health.gdcct.gov.cn
imperish.puk.ro
house.gucheng.com
ipielle.it
gtsb20f.1168.tv
aurasma.com
www.sewangchao.com
audience.com.hr
katze-luna-lucky.de
inaf.it
cowhides.puk.ro
finance.wengo.fr
limpakt.com
www.888888.org
canis.ee
hqsupport.hyves.nl
just-stuart.com
forum.book.sina.com.cn
profitspot.net
escapestudios.co.uk
bises.co.jp
vagabondo.net
www.igloo.ro
yuimar.org
www.znjkw.net
loswerden.puk.ro
social-bookmarkz.info
danilopontone.it
lupf.dk
bulainc.org
ycjy.nfdy.net
www.vilic.info
blog.mobi
jutting.puk.ro
sampan.puk.ro
nvrp.k3y3.net
saoxue.c.la
abalakin.puk.ro
www.szps.pl
mephitin.wop.ro
mobyserver.webs.com
www.llys.in
www.ehrenamt.de
onlytrustedptcs.info
bebservice.info
china3e.cn
jippon.wop.ro
rimmed.wop.ro
cafemba.ir
www.1589.cc
lmvi.210000.org
goingo2o.com
tiny.cc
eravi.org
kordate.puk.ro
hostwebsolutions.com.br
nyuujyuu.puk.ro
www.hbcod.com
nikedunks2012.net
tezie.puk.ro
664mi.org
arauca.gov.co
519.travel
slowakis.puk.ro
sansad.wop.ro
cigarett.puk.ro
zeal-gp.co.jp
aanmonsteringen.puk.ro
www.2599ai.com
wcbdt.1168.tv
ai18.eekk.org
dinamitkipufogo.hu
teoti.co.uk
adultwebcams.startbewijs.nl
www.bakonyalja.hu
jnako.soup.io
www.eveas.nl
floral.wop.ro
xb444.com
cornix.wop.ro
canariasanuncia.com
siwel.info
portalingua.info
meinte.wop.ro
szukaj-diety.pl
ikaten.wop.ro
caogen.anhui.cc
zitu.puk.ro
pijnigin.puk.ro
katalos25.eu
hitmidia.com.br
pocketfulofdreams.co.uk
tigaku.wop.ro
www.noho.ro
alarmkre.puk.ro
hlv.blox.pl
3g.tkss.co
lauraducu.ro
stilizz.wop.ro
spoedcursussen.puk.ro
landacity.com
abgaberaten.puk.ro
cdcb.k3y3.net
115tp.com
aureldesign.com
pantone.de
ari-jigoku.com
leather-shop.biz
koha-community.org
ad-lister.co.uk
webmastercv.com
pehlatv.net
scigacz.pl
virginactive.es
takesa1.go.th
theplayersociety.com
esalia.fr
acccnet.net
blogjunto.com
zooz.com
rustourismnews.com
poulpikan.com
www.faishi.com
sartacion-jp.net
wibbo.fr
www.lto.de
celticattic.com
elgaleon.com.mx
hatena.ne.jp
krakow-online.com
lineage2.es
plraudioebooks.com
furime.jp
arnii.flog.pl
natural-innovations.com
catsmob.com
gambir.wop.ro
tojana.lt
expresionesgourmet.mx
linkraktar.info
mrlodge.de
china-boating.com
ideocorp.com
explicamat.pt
artaud.info
labdv.com
krizdabz.lv
kgu.de
licitatii-electronice.ro
techblogbiz.blogspot.in
admin-talk.de
icafurniture.com
wasishop.de
afanasy.biz
footballamerica.com
tvonlinenanet.com
pifa020.com
bio76.fr
toutsurlimmo.com
xxxratemyvid.com
pureidols.com
virtualmechanics.jp
artgoldjoias.com.br
thechiccurve.com
magazinga.com
cardioexercisesathome.com
miljonlotteriet.se
tonidoplug.com
klubdesloosers.com
tehnohata.ua
cakephp.com
carsparkplugs.com
clipxxx69.info
facebookiha.com
startpage.ca
gardencentreonline.co.uk
seibel-internet.de
inetmexico.com
vlageredu.ru
ticbrasil.com.br
8122.jp
hgh1.com
cdeacf.ca
1778.com.ua
cdcentreprises.fr
stolbud.pl
karnevalisten.info
xbook.ru
webdesignenterprise.com
dgh1.com
sotmagaz.ru
sobinfotech.com
imedia.hu
2php.jp
www.rn56.net
clipblast.com
nonude-archive.net
esco-ecosys.narod.ru
lovetoeatandtravel.com
pictopia.com
airstop.cz
csaladhalo.hu
remembertobreathe.com
glastueren24.de
trendmicro.com.tw
toplanit.com
horadamini.com
kunvlang.com
inspireyourgroup.com
rsspingmonster.com
joseordonez.net
greenridesca.com
dmk.ir
supplebusiness.com
la1ere.fr
hockey30.com
podiumadtech.com
ashleyskjaveland.com
justusmen.co.uk
avent-media.fr
clublasencinas.com
paulisystems.net
shadoweing.com
zg-ld.com
sexwo.org
lambin.fr
directdoorhardware.com
rainmakerlawyer.com
cdpzd.com
mediaregionalne.pl
knotice.com
zona-xo.com
entega.de
kennypowersfanclub.com
lestontonsdusport.fr
bupe.edu.cn
podolsk-life.ru
zoum.com.br
24monitor.net
tuttidownload.com
jobs.co.ug
bbooster.org
doorwebshop.com
enterprisemanagement.com
sevensummitstrader.com
manosegunda.info
reissverschluss-laden.de
ftsldrs.com
lotterypartner.eu
wordsendingin.com
dexteroid.com
naturmoebel-outlet.de
ecobike-shop.com
mba-center.net
hoopspeak.com
mbsdirekt.de
vistano.de
police.be
sexuria.org
friendorama.com
hdzoo.com
succeedatdating.com
yourprod.net
700000.cc
naturkompaniet.se
fallkniven.com
forestfarm.com
pseb.org.pk
berlitz.com.pr
frequentflyerbonuses.com
sewing-machines-for-beginners.com
rasme.com
metadot.net
pixoboard.com
permacultureglobal.com
okochama.jp
cngenerator.com
jen0r.com
youngestpetite.com
iconplant.com
comicblasphemy.com
worldwidecashdirect.com
thenewxmasdolly.blogspot.com
upstalsboom.de
wpresstube.com
chuetsu-h.ed.jp
1001experiencias.com
listeruptions.net
elrincondecrespo.com
telx-orders.com
billalbrecht.com
barburao.puk.ro
chinasb.org
boots-yakata2.com
ioerj.com.br
loescher.it
afremov.com
aeetee.ca
schedulebook.com
maihamahotel.jp
belbonda.com
qita.in
cnfm365.com
appzpla.net
carpassion.it
dcshop.ro
ebidz.eu
cloud-line.com
npco90.com
hamiltonbright.com
drupalfrance.com
driverwizard.org
vimentis.ch
100qingge.com
noanxiety.com
averusa.com
medivo.com
grosirjilbabmurah.net
skidmarx.co.uk
ediplomat.com
reyonist.com
gorunfaster.com
taxeu.ro
baberuthonline.com
bajalealgo.net
haine.store.ro
hff-potsdam.de
deinegutscheine.com
oempumpstore.com
kursyzlota.pl
szgjj.gov.cn
applegiftpacks.com
abramsology.com
hd-player.net
easydeals.ie
tools4software.com
jobmistry.com
doranema.com
mblite.ru
garotasbr.com.br
dialog.ru
alab.org.br
clush.com
todoelpaso.com
db-it-service.ca
elkosmos.gr
visitparkcity.com
flirtbox.in
trading-online-forex.com
surfclown.com
sczbbx.com
zareczyny.pl
ztm.kielce.pl
seekbromance.com
charmjunction.ca
moviemasher.com
dennit.de
freewayinsurance.com
hamburgerbahnhof.de
cheapestfancydress.co.uk
fkmm.net
automedik.cz
hotelcoms.jp
acisfun.com
buyfacebook-fans.net
powergrep.com
jobs24.co.uk
brokerville.com
lyra.dk
professionalcontentcreation.com
maccosmeticsx.com
gaystack.com
alternate-energy-sources.com
fais-pas-le-malin.com
boxter.org
diecast-aviation.eu
beaut.ie
airservicesaustralia.com
partners-aedgency.com
tumultinivelenautomatico.com
www.hengde.com.cn
swea.in
qo7.cn
experten123.de
onzehost.com.br
indonesianfilmcenter.com
serieszone.com
chalkpartners.com
you-can-be-funny.com
cl.cdrcw.net
tkn-hosp.gr.jp
mozzaquinn.com
resellrightspack.com
dh316.com
impactfitnesswear.com
century-properties.com
pasternack.com
china-clothing-manufacturer.com
sorga.fr
red-wine.jp
boiteonline.org
ad-pods.com
paulreddickbaseball.com
pacificrealestatemall.com
haveaview.com
iplaymtg.com
liche365.com
comoganharmuitodinheiro.com
0-1.ru
lifedna.com.tw
prittywomanstyle.blogspot.com
usedautograder.com
blue-room.org.uk
spursfansays.com
tastingnotes.dk
cursusharsen.nl
rootdiesomec.com
seoindiatechnologies.co.in
judicio.wop.ro
andrea-reitmeier.com
ayto-alcaladehenares.es
euphoriabux.com
kitaru.wop.ro
long-term-evolution.de
366ec.com
spectrumhealth.org
asz-group.jp
netto-tvshop.de
cvmailuk.com
eshopsale.com
webradio-voting.de
floripaec.com
galenorn.com
creditcardbroker.com
hookedonmma.com
compras-colectivas.com
kavine.lt
diskcomp.puk.ro
atehenmei.com
alexnursing.com
antadis.fr
hzcnb.com
helpset.ru
stop-list.ru
rodolfovalentin.com
ewsr6.gn2012.com
blazewebstudio.co.za
simplymirrors.com
pharmacytech.com.br
cibercuba.com
bantierra.es
itfc.co.uk
tdk-media.jp
usa-drinks.de
aden.org
losplaat.puk.ro
xixidieyuan.com
ods2.com
datingtipssite.net
93mx.nfdy.net
bazanowski.pl
nao2nao1.com.br
promediamax.de
fuoco.wop.ro
phperblog.net
yulu.in
321lively.com
banyuwangikab.go.id
dbazuin.nl
anre.md
11steel.com
apnitally.com
49cw.com
copa2014.org.br
premierlistbuilder.com
b2performance.de
leadrival.com
azundris.com
shonv.info
9bytz.com
curro.co.za
antz.cn
batboy.wop.ro
chinasbsj.net
asha-multimedia.com
parcayedek.com
www.maseda.mw
ffhe.nfdy.net