bonuszone.com
apescomics.com
down-films.net
www.sinotsing.org
ivan.be
www.achd.net
surfrider.eu
ehj4.qiwen5.com
rcen.qiwen5.com
koudansi.wop.ro
proppuncentcorn.page.tl
theodor.blog.is
xg70.com
rwjz.qiwen5.com
pmkl.nfdy.net
amylase.wop.ro
dep.cqwu.net
www.cyssfzgww.com
ess-hp.taobao.com
dauphin.hitogiki.tsuihou.hypersensuous.deliriant.wwwwww.wop.ro
wizanda.com
unsteame.unblacke.kanritsu.wwwwww.wop.ro
asotilar.wop.ro
scubanase.com
finn233.hyves.nl
esposo.wop.ro
onelifekennels.net
schneidb.wop.ro
www.fsfire.com.cn
idabrowa.pl
goudagio.wop.ro
vejleder.wop.ro
xrzd.qiwen5.com
inixplicable.puk.ro
bibis-kaninchen.de
www.efutsal.cz
www.92qfg.com
ygsd.210000.org
sulphosuccinic.wop.ro
dveri.bg
norte.wop.ro
olejcentrum.sk
anybusty.com
splenolo.wop.ro
rooters.com.ar
se5151-0ya304.diandian.com
gxka.qiwen5.com
fuhenpat.puk.ro
heimator.wop.ro
www.zjs888.com
destini.flog.pl
subatomic.wop.ro
www.v8889.net
kolli.wop.ro
cqyt.nfdy.net
om.org
2irn.265link.com
bereczkizoltan.hu
iloveyouxkimm.hyves.nl
xw3r.qiwen5.com
qxpn.210000.org
artel.uz
fuerstlicher-keller.de
zielonagora.gazeta.pl
bookmarks24.net
erectopa.wop.ro
ex9v.qiwen5.com
www.dqly.gov.cn
fqno.nfdy.net
kt37.qiwen5.com
qiangxiankan.net
helme.puk.ro
oody.nfdy.net
tutuben.com
nutritionquest.com
affaer.wop.ro
www.brodit.hu
lins.jp
ronfla.wop.ro
belyegek.xfree.hu
sonnenkraft.com
www.ecp.nl
rgwk.nfdy.net
www.aakerk.nl
www.op91.com
chinesetodays.org
hld.focus.cn
ayny.nl
lundt.wop.ro
d31.us
fiodexact.nl
www.tieto.nl
bslipek.pl
kihema.wop.ro
www.intox.dk
publicanomie.com
arribota.puk.ro
6d3x.qiwen5.com
www.jindunboc.com
yirensd.diandian.com
fulsomel.wop.ro
alosna.wop.ro
www.mmm.nl
cwpw.265link.com
www.haken.or.jp
moebelin.wop.ro
www.toteam.hu
qral.qiwen5.com
pui8.qiwen5.com
bantuanon.puk.ro
agsun.wop.ro
bianbian.org
hesinet.com
parterdv.ru
www.119yy.cc
www.yougedi.com
w3accessibility.com
viswijve.wop.ro
opendata.ie
klc.go.kr
eexj.qiwen5.com
kmor.qiwen5.com
m.hwkk.net
sanmingzuijiaxifang.fdcez.cn
anatomiq.wop.ro
desweite.puk.ro
www.m5c0ih.cqstar.cn
claudian.wop.ro
www.5skb.com
www.sese7788.com
thresh.wop.ro
floridamallshopping.com
nvdp.nfdy.net
ofqv.qiwen5.com
tenables.wop.ro
birthrat.puk.ro
joutidai.puk.ro
people-press.org
www.charm.ir
chengmai.home898.com
www.upsala.cz
treuress.wop.ro
albarraz.puk.ro
dfpw.qiwen5.com
www.bjtime.cn
zf0.hyves.nl
pimelea.wop.ro
3005188.i.tiexue.net
paleolat.wop.ro
www.ulvend.eu
5b3e.qiwen5.com
clydeeeraq.blog.com
verarmtere.puk.ro
mollusks.wop.ro
carrobom.com.br
auladeformacion.com
haztartasigep.wyw.hu
pahoppad.wop.ro
manonii.hyves.nl
stalker-in-training.deviantart.com
gbor.210000.org
collectiftroglodyte.org
uvqp.cn
nakita.us
vebik.blip.pl
www.caoqinghua100.com
mollymelissa.blogg.no
tbwnz1.5d6d.net
rossmoor.us
chuanjuan.diandian.com
ez4u.co
www.diegorispoli.it
flzu.qiwen5.com
www.huabeisai.org
vq0w.qiwen5.com
megophth.puk.ro
cityleaves.com
mxwy.nfdy.net
cubangle.puk.ro
monshou.wop.ro
zoo.jwda.net
linuxfaidate.it
howtoloseweightnews.org
www.bafni.cz
omskmama.ru
karuteru.wop.ro
tessono.puk.ro
www.avavxo.com
cookingsoon.com
lari.265link.com
fly.piao.com.cn
tuija.wop.ro
cobbassessor.org
foxue.5d6d.com
aitx.265link.com
a6it.265link.com
eksklusi.wop.ro
unglaube.wop.ro
2andtake.aclu.co
cel.gr
4067857075.mnyzh.com
nswag.com
casefying.puk.ro
clearviewfcu.org
www.tzzy.cn
hentaifree.us
www.zuanchuang5.com
kaikyaku.wop.ro
jaxipedia.com
ychg.210000.org
www.tulpe.lt
www.lagzim.hu
rlzb.210000.org
mijterdragers.kersenti.caneyville.wwwwww.wop.ro
cnpj.nfdy.net
tdti.nfdy.net
fusse.wop.ro
moodle.ufu.br
www.ucotek.se
openlivelinks.com
efutop.wop.ro
www.tene.nl
afboekt.wop.ro
united-domains.de
sumainu.jp
tm2888.in
tympani.puk.ro
adiswora.wrzuta.pl
moust.puk.ro
hollowne.wop.ro
durneder.wop.ro
ganungra.wop.ro
dislocai.wop.ro
rnfa.265link.com
smembria.wop.ro
aljsf.hyves.nl
cwalk.5d6d.net
winzieee.de
114.dl.cn
semiaxis.com
bbs.e666.cn
twitpic.com
borrasca.wop.ro
carbon-card.ru
mangarla.wop.ro
alexa.tj.cn
vefsja.ni.is
1quh.nfdy.net
cfpchina.com
www.5haoxue.net
gt-auto.ru
rasha.pinger.pl
99zuoai.info
aanwipt.wop.ro
susen.wop.ro
striempj.puk.ro
hamptonroads.com
formichi.puk.ro
waubonsee.edu
auto.net.cn
shiyingshi.net
www.argus.nc
www.839dy.co
hupan.net
www.aathelema.org
cboy.us
bootfetish.info
vokeo.wop.ro
dontgetmewrong.org
4f7u.qiwen5.com
agoda.cz
www.58cm.com
czarek.blip.pl
phcc.files.cms-plus.com
www.yjlml.com
svzell.de
thessalia.tv
centrica.co.uk
websiteaccountant.com
vm4o.k3y3.net
florence.com.tr
vtap.info
iqxw.qiwen5.com
www.maggi.be
258524482.qqku.com
bluechopsticks.com
www.a5fanli.com
s.29qv.info
www.fj.189.cn
www.hsc2.4f9.org
28780.info
ccn-ecp.or.ke
e-service.gov.bd
www.mvjp.4f9.org
jxar.210000.org
iot.10086.cn
palcraft.co.uk
msk-gaming.3dn.ru
fukangynpx.1168.tv
xkate.pinger.pl
i9yt.k3y3.net
filare.puk.ro
samick.co.id
tmiura.wop.ro
viewauckland.co.nz
adventurespiele.net
shads.puk.ro
fairtyre.eu
klxnowjpq.skipword.com
jrpg.jp
agip.gob.ar
mneq.210000.org
alltraf.com
www.jlkeda.cn
zdroweprzepisy.pl
fera.blip.pl
www.pbb.lt
k-cosme.jp
westherr.info
efri.puk.ro
www.kuadu.net
www.bb520.tk
54aaaa.com
acastillada.puk.ro
samoha.digart.pl
laplataurbana.com.ar
syukei.puk.ro
marblefa.puk.ro
quequi.com.mx
sansad.wop.ro
www.bs120.net
google.com.vn
zswf.k3y3.net
www.mynavi.jp
kwansubo.wop.ro
xiazhengxin.name
gf3m.cc
sila.toplista.pl
affaisserions.puk.ro
nudistvideochronicle.com
ideaexpert.co.th
curiosi.wop.ro
acccnet.net
ilona60.flog.pl
unmeet.wop.ro
skandali.puk.ro
misiek120.digart.pl
zuch.210000.org
portek.pl
www.irischang.name
eibconsult.com
ad24.ro
sony.co.za
xiaoke.info
wldmw.1168.tv
www.bassdrop.ca
abzurate.wop.ro
ocic.qiwen5.com
swbag2000.cn.alibaba.com
www.sinhvienhaiphong.info
avrettet.wop.ro
peigna.wop.ro
afknevelt.puk.ro
www.a668.net
tweag.wop.ro
crevasser.puk.ro
gereedsc.wop.ro
www.kaluga.ru
tigaku.wop.ro
haidea.wop.ro
leaverou.me
sparklik.wop.ro
hdwill.info
himler.digart.pl
alumni.gwu.edu
www.tcjz.net
mediastre.am
lapmangfptsaigon.mov.vn
yyop.nfdy.net
purehrq.114.org
lwid.nfdy.net
pingle.wop.ro
nijibox.jp
www.zhenai.org
simsnet.dk
piana.puk.ro
far3na.com
netcoders.net
niagaravideos.com
www.klkg.info
zxnet.co.uk
dkle.in
mnur.210000.org
ycok.nfdy.net
missselfridge.fr
artist4hire.net
dollarra.wop.ro
drvb.nfdy.net
jgbi.lizhidy.net
hao.181.net
melissa-ec.jp
honeyflash.info
analfatecnicos.net
www.002770.com
afcommanderen.puk.ro
lowtcenter.com
music-day.info
esposas.wop.ro
neback.wop.ro
afklimme.puk.ro
adless.wop.ro
ai-yellow.biz
remmonmethoar.puk.ro
utajeno.cz
cookipedia.co.uk
vbkh.nfdy.net
stetho.co.uk
www.chinasex.cc
tetsig.wop.ro
radio-play.pl
leso.epfl.ch
3g.tkss.co
incrustment.puk.ro
laanga.puk.ro
www.ainori.de
dtstdzzc.tongye.biz
www.os.is
zalgiris-vilnius.lt
iquan.net
1hqo.k3y3.net
bjdl.jianzhanzhe.ws
cc.wwmmm.net
fscyzg.com
22bbbb.info
candyandcandy.com
7ns.info
enesonora.edu.mx
antiapostle.wop.ro
www.weblist.az
tomopop.com
dobra-drukarnia.pl
kontur-pf.ru
kali-gula.flog.pl
www.iiso.org.cn
dedro.info
www.9369.org
hosmed.pl
beatlelinks.net
www.gay57.com
my-jewels.net
befuehlt.wop.ro
oviducal.puk.ro
chelsea.co
bancodechile.cl
craighal.wop.ro
dari.kz
www.lyjk6.com
penaddict.com
matii.puk.ro
lovepop.jp
lipglossculture.com
thriftyandchic.com
www.sh-haoku.com
90nb.info
carlbrandon.org
fyrfad.puk.ro
szemok.net
malays.puk.ro
www.wp-kitamura.jp
islams.puk.ro
face-of-art.org
www.maple.jp
muskulat.puk.ro
www.zjts.net
magie1982.digart.pl
yosoujun.puk.ro
wrcteam.pl
www.xilu.com
uniconmgt.com
pectina.puk.ro
www.tthcp.com
administrations.puk.ro
www.kukoo.net
oheng.asia
by.k5p.net
mittleres.puk.ro
huluoboyinyue.co.bokee.net
www.yourskinpal.com
orangelab.se
bibbla.de
gasec.org
www.365yiwan.com
www.icfns.com
wahlfaechern.puk.ro
youtao.org
matprotector.com
imitatively.puk.ro
ww.winearth.com
www.exiaobu.com
www.tetushka.ru
uygur.cc
phukienkinh.vn
nyflower.58.com.cn
tvoydom.info
www.gaalan.com
antothij.puk.ro
katiagrivot.com
www.35on.cn
www.toranoana.jp
edel-rot.de
kathiravantube.com
www.chat.by
www.youerzaojiaowang.com
www.ccjy.cn
gxui.265link.com
xgbfw.com
idobak.link.xfree.hu
freeheartedness.puk.ro
galber.puk.ro
www.dgydxf.com
sitrusfr.puk.ro
xuzhen1990.eju.cn
snuggeries.puk.ro
www.inspiresgroup.com
kqcwintfwc.blog.mongenie.com
www.56766.net
terbukti.com
picklefreak.com
www.xiangyanpifa.cc
www.sohu.it
ylywt.com
japanfemdom.net
hoymodinpt.blogdetik.com
www.xueyu2010.com
octroyez.puk.ro
passertj.puk.ro
foss-india.org
semesters.puk.ro
spvts.org
toppxwhxye.blog.mongenie.com
911sese.info
lagerzeitung.puk.ro
bc-coda.com
www.xiatan.cn
bx.jxszchina.com
www.3wfw.com
animalieanimali.it
objektes.puk.ro
www.alive-net.net
predatorial.puk.ro
googlesiteworth.com
phacoid.puk.ro
hnjj.hyhb001.com
utsjalti.puk.ro
laadkranen.puk.ro
natekshmatek.digart.pl
hugd.puk.ro
www.pumch.cn
sbarcast.puk.ro
www.ppqq.us
arschfick-posex.pornos-und-videos.com
tx5.cc
www.172.la
boxedcss.com
www.onlinecity.cn
www.hbmu.edu.cn
dynamicbike.it
articlesinfrastructure.com
www.jiahuafang.com
pic.fh21.com.cn
www.voss.de
trachtte.puk.ro
cobrawlers.webs.com
cookville.puk.ro
www.179kf.com
litao.me
subballast.puk.ro
www.zz01.cn
www.wieza-gizycko.pl
shipurom.puk.ro
schaifers.puk.ro
ikato.link.xfree.hu
as.chnt.cn
7mek.56dvd.net
www.hxqdj.gov.cn
www.49kan.com
www.yataihufu.com
www.gxwzzj.com.cn
telcak.fecsegj.hu
hyperpne.puk.ro
bxwcmtwsman.blogtrue.com
oxydatie.puk.ro
kertigep.hu
jpnnzaptlg.blog.mongenie.com
usurpor.puk.ro
musgrove.puk.ro
sokooo.blip.pl
volonghi.puk.ro
vraa.cn
www.ganzhou.gov.cn
630h.cn
onderwerpelijk.puk.ro
trainzdepot.net
sosialde.puk.ro
dansphotogallery.com
hedgewise.puk.ro
www.teachr.com.cn
kb.cz
frulina.blip.pl
denpuu.puk.ro
www.hdpiju.com
www.dodomush.com
darkona-goth.deviantart.com
feedstuffs.puk.ro
www.blog.cz
3315.taobao.com
abab.tv
andorransk.puk.ro
czsttviw.blog.mongenie.com
news.liao1.com
8106101156.phone.searchwww.com
revivified.puk.ro
qqzydvich.typepad.com
saliva.puk.ro
3ppt.com
jxmgbs.com
formasse.puk.ro
inizialmente.puk.ro
irreducibility.puk.ro
www.barpan.hu
jssq.vnet.cn
www.tu.ro
csepeli.hu
reamur.puk.ro
www.msd.pt
friends.excite.co.jp
weitebrood.puk.ro
weupnorth.se
contre-pied.blog.lemonde.fr
ww.gdytx.com
news.pptv.com
bcyb.cl
www.wi0851.com
www.whdianqi.net
www.ytkl.com
626.hk
freewebsitereport.org
www.47cs.com
yearnful.puk.ro
ask-austriko.deviantart.com
www.aptc.cn
pay160.com
ip-auto.com.ua
shoushi001.com
www.zycredit.gov.cn
www.baobao51.com
sywzhan.78.cn
broomer.puk.ro
victor2012.info
mall.wtorg.com
new-smoke.com
vone.puk.ro
mypaycheckcalculator.net
www.sqfx.cn
fida.jp
colubriformia.puk.ro
kidoyuri.wop.ro
www.clwx.nev.cn
musicartvcl.blogspot.com
punkyviolet.digart.pl
phpvelox.com
www.0318yueqi.com
slurve.wop.ro
structuur.puk.ro
fotodi.pl
ocbloggen.dk
rabilarga.puk.ro
huluoboyinyue.wanye68.com
andreabolder.com
bizspace.co.uk
glowinc.com
drastica.puk.ro
4gvtc.com
aufstellend.puk.ro
www.yiyi360.net
6vii.qiwen5.com
xiantao.xinl.net
ontvouwden.wop.ro
phpkurs.pl
sanie.puk.ro
internetsitez.info
handynotes.ru
enidhi.net
meblekessler.pl
sesb.ru
dengshi.org.cn
arbejdsglaedenu.dk
pressenewsaktuell.de
bookandsmile.de
amigosoftech.com
zwe.r.gd
bbs.xiaoshou.cn
agilesuite.co.jp
alarmer.wop.ro
catalyzi.wop.ro
freemahjong.org
unqw.com
seo.cylipin.com
pmplogin.com
adrenalinemotorsport.pl
grundstoff.net
hourei.info
www.ybbb.tk
kmrdpklpnj.freeblog.hu
glad.wop.ro
intervenieren.puk.ro
china3e.cn
bubunkou.wop.ro
www.sinna.com.cn
maldonit.wop.ro
metaxylem.senensei.wwwwww.wop.ro
lisek.blip.pl
bwin.sk
seijis.net
horsehide.puk.ro
swiatzwierzatrybkoi.boo.pl
zdchina.net
haowangjiao.com
szkolenia-otwarte.com.pl
www.606yy.com
www.278tt.com
omzwierf.puk.ro
www.bzv.nl
szfx.210000.org
tooyamaa.tommies.stesse.wwwwww.wop.ro
altaneramente.einfachster.klocek.loquet.wwwwww.wop.ro
www.2oks.cn
www.tccn.nl
octants.wop.ro
memogaki.marcelaine.euwww.wop.ro
eyny.210000.org
kinoqi.com
sz.zhixinn.com
w3xb.265link.com
rongera.geklisteerden.zandhazen.overclus.hutselen.aflezen.wwwwww.wop.ro
indologist.puk.ro
www.tjlctly.cn
tahuamanu.ladeninh.muggi.piombavamo.wwwwww.wop.ro
funda.montroyd.loopmand.wwwwww.wop.ro
ozoo.cn
arispix.ir
www.fengshi.cn
olofson.net
07t8.210000.org
lkfa.210000.org
groenboe.wop.ro
cloistral.wop.ro
hmsj.210000.org
jsgxsy.com
123e4.d5dsoft.com
junt.kanritsu.wwwwww.wop.ro
dimeriza.wop.ro
teckeln.wop.ro
altviool.raunchily.wwwwww.wop.ro
cininas.lt
mcqr.210000.org
www.1-soon.com
mvbh.qiwen5.com
shoutbox.osmodia.net
luchtinf.wop.ro
78c6.210000.org
qfdf.210000.org
www.sss2345.com
kerouac.wop.ro
tegenzin.wop.ro
spesialtilfelle.puk.ro
ndximaging.com
tunesie.goedbegin.nl
sihx.210000.org
hcce.210000.org
noujin.wop.ro
adfoc.us
kanuma.wop.ro
www.xiangtaodianlan1.com.cn
pgvc.210000.org
voorzet.contrecarrer.grilling.wwwwww.wop.ro
elkonsultorio.es
naglly.com
2144133.i.tiexue.net
jdd99.taobao.com
linkfarm.prv.pl
www.41113.com
joke.favorietje.nl
egierek.pl
petou2785.huijucn.com
www.splayback.com
goseedo.ru
midtskip.uwent.wwwwww.wop.ro
suitors.puk.ro
helers.eies.inned.wwwwww.wop.ro
kinsen.leidwese.wwwwww.wop.ro
hyperarc.wop.ro
acaw.210000.org
onlineyourstuff.com
descaro.wop.ro
wedq.265link.com
www.huolisu.cn
www.tellows.se
okya.biz
icjw.k3y3.net
mavra.sycones.borgato.kaitakuc.wwwwww.wop.ro
brunello.de
kowalkrz.digart.pl
kollide.net
www.evam.org
nhomthanhdinhhinh.com
www.staloteatras.lt
balenati.puk.ro
tipsofseo.blogspot.in
tec.zmdsti.net
ian7.qiwen5.com
septette.wop.ro
www.brazilbiz.com.br
amyelenc.wop.ro
4193.210000.org
tek-9.org
www.4privategirls.com
qhfj.210000.org
exwh.265link.com
svensuus.hyves.nl
win-vista.es
landziek.wop.ro
odwjorbvij.blogdetik.com
cayouette.verzueckungen.unsprouted.wwwwww.wop.ro
verhaltenen.sandayo.wwwwww.wop.ro
trostrei.puk.ro
riwa.taobao.bj.cn
www.hscwlgs.com
njuta.wwwwww.wop.ro
rococost.wop.ro
mytixu.com
pukaunu.puk.ro
www.fmmm.tk
mariann1.xfree.hu
muksplock.pl
hooivork.wop.ro
go2bookmarks.com
iondesignart.com
sevenfingers.digart.pl
www.zzyy888.com
www.sorosy.com
www.kp8866.com
jttx.210000.org
dkjk.210000.org
lbcb.210000.org
www.22eeebb.com
jcmanet.or.jp
ebdr.fr
realt.ua
www.qianwancaifu.info
putt.210000.org
4u2de-seoplink.info
www.itstart.ro
www.janhandel.be
bszx.jxszchina.com
arkusb.prv.pl
pahlavani.babuism.wwwwww.wop.ro
gk.chsi.com.cn
abhandlungen.puk.ro
autogumivilag.hu
zijdeweverij.myrna.klocek.loquet.wwwwww.wop.ro
91porn.cf.gs
autopalyamatrica.ws
automagazin.wop.ro
sopotgroup.pl
bbs.chizhouren.com
ptjuhs.hyves.nl
wuxiaxiaoshuo.yuanwen.org
cryptoparty.org
flecken-entfernen.info
887d.com
savenew1.info
www.vaff.lt
www.dingwei.cn
math.edu.pl
edinstvennaya.ua
mikrotik.net.pl
kahc.co.ke
www.ulinix.com
blacktgirls.info
british-history.ac.uk
infeka2008.wroclaw.pl
www.tyrolit.at
juicycoutureonline.dinstudio.co.uk
zousen.wop.ro
ai18.eekk.org
filu89.digart.pl
armar.wop.ro
nba.blip.pl
homepro.co.jp
achaz.puk.ro
www.ifaw.org.cn
cpaf.nfdy.net
mzyp.cc
www.yitdel.com