gisse.wop.ro
bestusabookmarking.info
888.ac596.net
grosrestdido.gamerdna.com
lillfjonkan.blogg.se
abasic.puk.ro
110book.ir
huoydq.78.cn
www.jhotel.com.tw
51szs.cn
makro.pb.pl
ck100.info
wai-ru.info
czdzq.com
edenscarpet.com
abajt.pl
7071.nfdy.net
kinder.digart.pl
sunnydaysinsecondgrade.blogspot.com
cidrerie.wop.ro
fannywang.com
zbjnn.com
happysad16.pinger.pl
emailadvertisingz.info
iamrobynfly.ning.com
mcircle.co.kr
www.bjrfbj.com
mavimo.org
fusi.210000.org
aqke.210000.org
barb.cathayan.org
5aw.info
galatourist.com
www.kuairt.com
bet165.net
gudrunsjoden.com
www.400-0431-908.cn
fcmtraining.info
amphioxis.wop.ro
dist-tutor.info
health.zhjy.net
series8-b.blogspot.com
meishi56.5d6d.net
nomix.it
toptrade.it
joinopenclass.com
www.xxx57.com
okmarket.ru
e-spot.ca
165.cc
hiddengate.info
auramu.digart.pl
oldorcha.wop.ro
dubaievents.ae
dimock.ca
abstiendrais.puk.ro
moto.zol.com.cn
cubestage.pl
brokenrules.pl
bollyhub.info
midwayfashion.com
59yyy.cn
voornoen.wop.ro
royalpalace.co.kr
dontexplain.com
kappedes.wop.ro
poshglam.com
www.overzicht.nl
aaron-rodgers-super-bowl-jersey.ppepu.com
site-stats.info
gameery.com
hupan.net
www.krokdoprzyszlosci.pl
crotal.wop.ro
bra-seo.se
insacchi.wop.ro
peopleviews.net
ptcbusiness.info
juurou.wop.ro
milavica.ru
hgmc.ru
ogame.us
cityzenclub.pl
pbxphonesystemz.info
sintespar.com.br
southeastfarmpress.com
www.cnnl.tv
www.xxx3456.com
kompiuterija.pasimokom.lt
a.8uu.info
updatepagerank.info
eavtoprokat.ru
hopelessrecords.com
baohanhsanyo.vn
huis-hoornsterzwaag.istats.nl
www.addthis.com
bia-sport.com
pictacular.info
www.bykongjian.com
photoepi.puk.ro
uregina.ca
4.am
www.xrtkw.com
daveapproved.com
buwal.wop.ro
getusb.info
ovedu.org
kreditplanet.ru
popofertas.com.br
hebinzhicheng.com
nttls.co.jp
4rum.vuonteen.org
dbeta.info
www.qtek.gr
sid-web.info
subotica.info
www.gcrtys.com
www.dnevnik.bg
search4sex.biz
news.liao1.com
goo.gl
juniortease.info
emumame.ru
66pp.com
www.ideaf.co.jp
daigobyo.wop.ro
vchat.us
kriz.nfdy.net
boyfleisch.4gays.info
9med.net
fbyu.nfdy.net
globalmas.pl
bbs.anger456.com
teehaus.de
qqme.info
emring.blogspot.se
www.xinwyt4.com
bucketlistdir.com
cpnotas.info
botica-casera.com
21ta.210000.org
dx2.digart.pl
samsungaanbiedingen.nl
shcqjx.cn.zhongsou.net
guihuaxiang.com
148casinos.com
apk.azbus.net
crome.digart.pl
soldierdoctor.mobi
ep2.nl
luoben.info
24hrs-online.info
nissan.com.tw
dohc.ie
diod24.ru
kasi4ka.info
ehuolang.org
www.yuliutang.com
apinfo.com
mydestra.com
vhbr.210000.org
autoz.com.br
www.xwax.cn
shutkeys.com
forumlynx.info
www.netcao.com
portal-ppoz.pl
abacanto.de
www.7898989.com
www.strefanoclegowa.pl
mahadevatravels.com
top10films.co.uk
www.ucv.ro
biergao.1168.tv
kloekzin.wop.ro
tagesspiegel.de
spyinthecamp.com
omarpela.com
www.av700.info
seosprint.info
classic-motorcycle.org
www.aaawj.com
amritsar.khojle.in
tundaowata.info
realt.ua
www.hxdl.com
weiming.info
swbank.az
capolado.wop.ro
armgol.tk
www.boloni.cn
yxgz.cn
crappypictures.typepad.com
disreputable.wop.ro
geneva.info
plena507.com
sgt.gr
www.meshit.kz
caymanians.puk.ro
www.taoess.com
tinysex.org
festlegen.puk.ro
www.mzxl.cn
xq.hcvt.net
alienasj.wop.ro
desk.rin.ru
k-msc.info
kopij.wop.ro
firmenen.wop.ro
wai1010-a13.tumblr.com
whoregays.com
www2.xmrc.com.cn
bestedelinge.puk.ro
wir-leben-berlin.de
www.ws315.org
fyre.nfdy.net
over-game.eu
www.yrhq.com
www.gazzosa.net
www.colong.org
montenegro.kp.ru
www.whcxjh56.com
quintalosazufres.mx
toronto-lime.com
www.aie.it
unparted.wop.ro
jnsmhz.78.cn
agamemnon.com.br
laoger.com
changyou.net.ms
atalja.punt.nl
feet-eet-eet.tumblr.com
www.lanrenshafa99.com
proxite.info
www.ruc.edu.cn
diskcomp.puk.ro
studiofly.net
3gwc.net
commerce-design.info
blogzr.us
upwith.wop.ro
www.zj7s.com
tsitaat.com
viewit.ca
games24x7.com
zoloto.in
www.imax365.com
anoraksalmanac.com
shesuckedmypiece.com
33lian.owns.it
www.jsbook.org
rgp-journal.ru
textspace.net
www.xiaoxuew.com
www.sdqh.cn
mnzh.nfdy.net
tavex.lv
skwf.net
cbs.pku.edu.cn
xaq.ucoz.ru
kawin.it
magasin-pour-chiens.com
watazai.co.jp
odesksolution.blogspot.com
wwf.org
hanyuehost.com
do-it-online.org.uk
passiers.wop.ro
todovideosmusicales.es
adrevamp.com
cornix.wop.ro
automatyk-rzeszow.pl
loes.info
spacefoot.com
bookmarkingwebsiteslist.info
www.kansaifutsal.net
guloggratis.dk
vive.digart.pl
91gyy.cn
bsdforen.de
zy405.fyfz.cn
galleria.puk.ro
usa-drinks.de
qdxnld.com
www.vpner.net
zixiajie.com
seo-sogou.com
paroxetine.org
udwcnttfh.blog.mongenie.com
benzdifu.puk.ro
astrobook.info
6h001.com
wisdomoftheworld.com
parfuemf.wop.ro
cgus.qiwen5.com