taigamemobile.net
0823.info
gazetaliteracka.pl
dokk.wop.ro
www.qnss.net
bssu.k3y3.net
usa-drinks.de
mobilemaya.com
shituji.wop.ro
www.lnmo.com.cn
retraite-branche.com
syoutengai-shien.com
5d1y.210000.org
topa.pl
801a13.tumblr.com
www.abstynencja.pl
ottignies-louvain-la-neuve.be
msheel.com
purelife.pl
australianwinner.com
la1ere.fr
www.czie.net
formazioneconsulenti.it
hdil.in
accg.at
toronto-lime.com
www.haoyhaoy.com
devenirartiste.com
www.seokat.tk
ncarry.com
goldendict.org
chwt.210000.org
abhandlungen.puk.ro
www.fractals.sk
corriere.publisherconnect.ch
secure.com.mt
tmst---team.gameclub.tw
bigsea.tk
cynosura.org
533m.com
fedcsis.eu
symulatory.co.pl
socengine.ru
fallkniven.com
any-art000.deviantart.com
abatir.wop.ro
diskcomp.puk.ro
google.co.bw
soe-parrot.com
thechessdrum.net
alexa.tj.cn
www.yi1yy.com
travisstephenson.com
inzoutten.wop.ro
dice.se
aerialarts.deviantart.com
dietbb.net
phonezap.com
skelly.wop.ro
fiorigialli.it
www.uniwag.pl
articlesites.info
atehenmei.com
virens.net
moore-scarrott.co.uk
answerbookmarkquestions.info
logsexe69.info
acs.pl
latindanceband.dk
wamia.wop.ro
bjoern.wop.ro
vektige.puk.ro
y7zf.k3y3.net
maxximum-portal.com
psoriasis-help.org.uk
t-oya.net
www.hanting168.cn
crotal.wop.ro
33c.cc
insacchi.wop.ro
juurou.wop.ro
xtm-intl.com
colleensbacklinks.com
anntgg.tk
milavica.ru
ogame.us
pbxphonesystemz.info
what-el.se
sintespar.com.br
southeastfarmpress.com
www.cnnl.tv
besttheplace.com
kagami.wop.ro
videoporn8.info
gastroty.puk.ro
m-muriel.jp
wow-petopia.com
unsrat.ac.id
www.qipaiddz.com
sato.fi
stormisca.wop.ro
upanh.ssc.vn
libreinfo.net
www.cdghk.com
przg.info
alegromaniak.pl
new.leta.lv
forum.vuontinhyeu.info
arenaofpleasure.com
www.fgpblog.cn
blogspot.gr
searchengines.pl
yogam-canada.org
weeped.wop.ro
zy0jsw.com
www.njcjs1.com
tedumari.wop.ro
my91lg.co.cc
stuffblackpeopledontlike.blogspot.com
www.axx.hu
hangzhou.gov.cn
krasavica.lv
www.seodps.com
dh.jinluo.cn
alenn.flog.pl
ukma.kiev.ua
eureeeka.net
kochana666.digart.pl
pornrelive.com
jins8.com
theextrememarketing.com
sunderland.ac.uk
nortehanon.com
cobbassessor.org
nije.puk.ro
senket.wop.ro
blogzr.us
arborlist.com
pozytywna.pl
iwaimai.net
aboutdomo.ru
unitedsportsleague.com
www.mxcygs.com
www.tanruyi.name
photographybb.info
intexonline.org
finpufaca.info
poloniaonline.eu
fsakfyztshif.1168.tv
nanxinjixie.cn.alibaba.com
cyfrografia.pl
hb50.fr
www.argus.nc
mjair.net
cfreewireless.org
kaukas.wop.ro
topd.ro
jose-rivera.com
www.jnzjgs.com
thecinema.in
hbxsapple.com
accidentalweblog.org
www.tiptop.cn
topstorybox.com
style-force.net
bbs.libo266.com
ac4f.com
policy.caixin.cn
barranca.puk.ro
nysedregents.org
hostingenmexico.net
yobt.tv
handynotes.ru
hobbyonsale.com
bestemailservicez.info
thebluebarrel.com.sg
r-ship2.jp
chexing.net
plasticseurope.org
tw-batkle.tk
www.6io.cn
felesteen.ps
2gjh.qiwen5.com
www.ynqd888.com
nikkeire.wop.ro
nekowan800.blog101.fc2.com
3000it.net
urmia.ac.ir
mark-styler.co.jp
afkronkelt.puk.ro
521me.taobao.com
music-30ty.mihanblog.com
webdirectorys.info
xcea.nfdy.net
loukous.com
cashkeywords.com
www.ri1b.com
hpmurah.info
woyetaobao.com
admkrsk.ru
faxmyway.com
az.6ak.info
lobbyservice.cz
wcbdt.1168.tv
aanharkt.wop.ro
999120.net
klanowy-ts.cba.pl
lf.meijing.net
idevsupport.com
5847.210000.org
www.6699fa.cn
lysscs.cn.zhongsou.net
989av.info
lyfrj.com
blog.yiid.org
1001experiencias.com
hutech.edu.vn
bulkcarrier.wop.ro
blog.yzwb.net
car.jiage.cc
vdb.gov.vn
mollusks.wop.ro
juancong.com
adrianofarano.owni.fr
linkdragon.info
iotasolutions.co.in
buildyourchannel.com
www.tokaj.org
tytusz69.xfree.hu
medinfo24.pl
technicalities.puk.ro
albahadly.com
tourprague.cz
xingkong98.com
bl.bzlzw.gov.cn
www.traduco.nl
aifangke.com
www.yyast.org.cn
dega.com.pl
linkspion.de
mytixu.com
meine-neue-welle.de
www.rchb.4f9.org
newleafmedia.co.za
www.cc845.com
twojenoclegijantar.pl
hookedonmma.com
dylanskloset.com
iitsuu.wop.ro
fmach.it
stevespages.com
mybuzzboard.com
fptthaibinh.net
berkeley.edu
kannada.wop.ro
www.456088.com
paradeast.de
cq4dm.info
qzap.210000.org
taniaksiazka.pl
wowdps.cn
cityleaves.com
www.leyooaio.co.cc
bpoindia.org
www.delsin.org
jorenblogt.com
alipac.us
vertlain.digart.pl
www.sls.fi
pc-logon.com
travel-mexico.info
kumull.com
gside.org
www.765ggg.com
quanjian120.com
nestorcarbonell.com
148casinos.com
21ta.210000.org
onlinerockblues.info
apk.azbus.net
botica-casera.com
bucketlistdir.com
cpnotas.info
crome.digart.pl
dx2.digart.pl
emring.blogspot.se
ep2.nl
qqme.info
samsungaanbiedingen.nl
shcqjx.cn.zhongsou.net
www.xinwyt4.com
wwwsdw.qo7.cn
petmania.pl
parkour.pl
mujka.ca
www.bvk.lv
mangguo.de
omtuin.wop.ro
erosblog.com
codear.puk.ro
bbs.lcu.cn
casinodiner.pl
pornohdweb.info
soldierdoctor.mobi
mhwsw.com
globtra.com
folderscout.com
matprotector.com
universfreebox.free.fr
markt31.nl
socketapp.com
www.juqingba.cn
search-bee.com
www.22h.info
bonpoint-boutique.com
ichmagdeutsch.ru
sziff.szabp.org
akademianauczyciela.pl
www.fauna.hu
badjas.wop.ro
oskorep.puk.ro
birleyhighschool.com
rehalab.eu
umbles.wop.ro
blhzxwsy.net
www.wuqiku.org
mecreloaders.com
eramchat.com
keysbarbabe.com
sem-service.com
atalja.punt.nl
usertutor.org
www.shaofu.in
www.eurosys.pl
traduced.puk.ro
chachala.com
kickme.to
hubive.com
next-group.jp
healing4heroes.org
webstyles-chinese.info
gorenje.si
nurluk.biz
sonnenkraft.com
ryoma.puk.ro
fly.piao.com.cn
sociale-commerce.com
iroonimarket.ir
021idc.net
chinasb.org
webworlds.info
szczecinblog.pl
adorenok.puk.ro
web-tuning.fr
xiejiancong.com
2end.nfdy.net
291.me
qd1o.qiwen5.com
sh.tsyouxi.cn
socialpaintball.ru
lahul.wop.ro
hyoukayo.puk.ro
npmag.info
ens-lyon.eu
hupan.net
albc-usa.org
puiserio.wop.ro
shmessenger.org
asamiyas.puk.ro
www.ppn.sk
mairdumont.com
web-kereso.info
chinpo.me
muller-photo-service.fr
vistcom.ru
tqhlw.1168.tv
dem.pinger.pl
kia.lap.hu