opticnet.ro
regisland.com
amentace.puk.ro
vesti.ru
amores.pl
liuzhangyi.taobao.com
caratterizzato.puk.ro
estadodegoias.com.br
tangshan.anjuke.com
mianyang.bbs.house.sina.com.cn
louisvuittonbagsca.com
traveloworld.net
inconsolately.puk.ro
lxbv.qiwen5.com
kungfuhon.com.pl
ogiwara.wop.ro
oculeerd.wop.ro
goco.co
extramina.in
quwyte.ftpserver.biz
www.sjsjkx.cn
cej.pl
adultsitesurfer.com
rutlandherald.com
word.waw.pl
propositi.wop.ro
kursiv.puk.ro
android.155.cn
www.zzzlsh.com
alarmforce.com
jtxjg.78.cn
rapidseriez.blogspot.com
www.crgk.org
www.recyklujteshasici.cz
www.su199.com
esselunga.it
mobilfunk.ru
spalonytost.flog.pl
www.mmsfw.com
jushinke.wop.ro
www.wgpcw.com
sexgazetka.pl
www.starski.hu
bryja.net
besoffen.puk.ro
www.huanla.cn
srs.gs
spotternetwork.org
5starautoauction.com
www.gazebo.cz
arver.puk.ro
logo-planet.de
domen.com.ua
www.fozuli.com
gupadesivos.com.br
www.hhaavv.com
tsbot2007.com
kotto.blip.pl
starkdigitalmedia.com
dell-faq.com
ukbifold.co.uk
sage-femme.info
t-gate.tv
www.ttt999.net
dra.ru
www.danek.cz
chilitec.de
nzfs.78.cn
www.espo.cz
uutxt.com
asyura3.com
onamet.gov.do
kalb.it
www.zofin.cz
karladivorcedfatheru.be
tbrmdh.com
chimeralighting.com
burtgel.mn
mdm.ca
www.76ppp.com
gatewaypicton.co.nz
wordmark.it
coursefacilitators.com
www.max.st
redress.cc
itjobs.hu
www.deemoz.org
eroten.doorblog.jp
wiwrestling.info
www.tanggaozu.com
blogeek.ch
pumaskills.com
www.onlineprace.cz
www.h33666.com
www.xomreviews.com
www.beichthaus.com
realwebworth.com
hardtechno.pl
polls.dailynews.yahoo.co.jp
dgseo163.com
c.com
ashole.hu
jz.xnzc.cn
qxpn.210000.org
znakiczasu.pl
bethel.puk.ro
www.caay.tk
saalbach.com
mofcon.info
lariatin.wop.ro
www.qhcl.org
ipcjser.tk
portalinformatico.com
proxima.com.ua
maxzu.com
www.eszei.hu
wly.ya247.com
socle.wop.ro
www1.henhengan.com
valoredominio.com
sybp.cn
www.c9909.com
www.belona.cz
tweedledeetweedledumcostume.net
pingwu.sczt.net
www.dgshunjia.com
au108.com
netnic.com.cn
holidaygo.com
vcards.bg
www.xiaosb.info
www.silvarium.cz
diyprojects.info
www.toast.cz
scsk.jp
chineses.puk.ro
hennaforhair.com
induslog.com
parkscout.de
carsforums.com
photography-forums.com
mumzworld.com
mauxa.com
www.ohkcheb.cz
monasteryicons.com
noteplus.ru
diariodaserra.com.br
jaslonet.pl
familie-rambow.de
tischlernetz.de
blacklogic.com
smart-consumer-living.com
shop4silver.co.uk
porta.de
audax-hosting.com
bakay.com.ua
3529888.com
bvsd.org
maize.cn
66rpg.com
taoqkl.com
zgtuango.com
buyfansplus1.com
jushangmei.com
www.radi.cz
fanli.omaiga.cc
flashrank.net
www.sexgs.net
michalreed.com
www.kmtsly.com
www.qqpen.com
zsxx2005.e21.cn
car.zsnews.cn
musicanapoli.org
clickbanner.gr
c-presse.com
onlineauctiontrader.com
partipirate.tn
www.fsxds.com
arainodendo.com
www.argus.nc
lovesp.jp
multijet.wop.ro
www.av.887e.info
buduturry.taobao.com
vivre-mieux-etre.eu
11vs11.com
dailydoselatinamerica.com
vozniski-izpit.com
karlinho.cz
cewk.265link.com
korea-guide.jp
jfs500.info
hgzhen.com
vlotheid.puk.ro
vedhugge.wop.ro
www.ccjlwj.com
gkza.qiwen5.com
analcavity.info
rtg-mag.hu
www.khk8.com
neptunbad.de
bazin.wop.ro
www.mqyww.com
www.posgd.com
howtosplitanatom.com
photoepi.puk.ro
kanngard.net
www.csfenghua.cn
telovtelo.ru
greencorner-al.ru
www.leiju88.com
artcafe.bg
dealpals.com
tech2go.in
www.91mrks.com
www.256378.com
zmqy.56dvd.net
marketingtechblog.com
inzwolgen.geflimmerten.harmproof.wwwwww.wop.ro
www.shepin.cn
kagaisok.wwwwww.wop.ro
pornbig1.info
700classified.co.cc
www.ibc168.com
www.zzchiyue.com
strefabiznesu.pl
www.023dfnz.com
aitirlab.com
www.aizhengyiyao.com
season.ouc.edu.cn
jobinweb.ru
tekitais.yurta.wwwwww.wop.ro
www.520mxjy.com
hostsvault.com
www.c8m.net
lunlip.info
www.xingyefrp.org
actionflash.com
zkae.210000.org
chinaprivatetravel.com
cafesalud.com.co
cauza.wop.ro
rolo.vn
artel63.ru
suzhou.baixing.com
gowe.nfdy.net
www.fenghuo.cn
yi.org
www.cvmarket.lt
gyosei.jp
lookela.com
xifeng.net
www.220uuu.com
enpalermo.com
stattbahnhof.org
shop.warau.jp
hakecun.com
www.vuv.cz
www.oooiou.com
dolphinbayresort.com
www.g25.com.cn
best-topmodel.com
bbs.dxszx.com
cerkezkoyhaber.com.tr
dojotoolkit.org
xfilm.com.cn
djaya.wop.ro
conectica.ro
eminesaituyar.k12.tr
pointofauthority.com
libya-sons.net
kacey.wop.ro
70niu.com
bayareanewsgroup.com
dyckman.org
komax9.pl
shijiazhuang.baixing.com
download-justin-bieber-ringtones.blogspot.co.il
hostfiledir.com
www.sxlm.gov.cn
lampenwebshop.nl
pressbest.com
carrentaltoday.com
galery-annisa.com
www.beranek.cz
xz.tobosu.com
anwalwzbd.skynetblogs.be
treknepalhimalaya.com
bbooster.org
forum.nusantarahost.net
supremestrategy.com
hagard.blip.pl
leneczek.flog.pl
syil.co.in
victorchurchill.com
mface.me
dpe.nic.in
reflink.fr
ombouw-wii.nl
www.chinababysun.cn
ccv.eu
www.bqspa.us
winalitela.com
doceshop.com.br
tolyg.com
www.13560061768.com
shinseibank.co.jp
girlsfuckmovies.com
anpuxy.tk
www.zzwol.com
www.qdj168.com
lakubgt.com
aaron-rodgers-youth-jersey.ppepu.com
telecomtalk.info
hzp8.cn
www.wmf.org
allinclusivehotels.it
donnerskiranch.com
sletadminov.ru
edataindia.com
www.woetaomall.com
eaeb.cn
poshpaws.ie
sixt2.com
bookmarkingnetwork.com
qrpradio.com
kodiakvet.com
rafael.wop.ro
ballonnen-100-jaar.istats.nl
t2ho.k3y3.net
xle.cc
www.zaoxiekang.org
sigillammo.puk.ro
ghoomo.com
artprosoft.com
reeklam.be
www.91sebo.com
74674.com
life-mp3.ru
kqvp.210000.org
thrilld.com
www.seav1.us
www.modele.oh.pl
becker-posner-blog.com
esoterikshopping.de
videosz.hose-hounds.com
www.jsena.info
mekanisk.wop.ro
www.wfhechuang.net
frgf88.com
www.chuchenhb.com
betweendrinks.com
www.fantang818.com
tjlyczc.info
dorsay.wop.ro
www.123dbc.com
jinrigz.com
nine.com.tw
shop8586.com
asu.freepimphost.com
myworldlistings.com
financesmallbusinessz.info
rpme.com.br
www.31911.co
miloradovic.info
awcore.com
lays-union.com
saoxue.c.la
pua108.com
panorama.de
itsallgood.de
www.xiaosege3.org
wysylkowa.pl
boeo.210000.org
www.91.cn
upget.wop.ro
christmastree.fad3.net
gjjy.hbee.edu.cn
2ndasa.com
footballbettingtipsters.com
pferdewasser.info
www.vscht.cz
gardenbreizh.org
www.kckj.tk
16nf.info
0311.teambuy.com.cn
cevsen.de
outgard.net
formedtouch.com
poreba.net.pl
sunet.se
pisay.puk.ro
leroymerlin.fr
kerber.fecsegj.hu
rumandmonkey.com
revelante.wop.ro
www.gogo.mn
www.wjj027.com
rodolfovalentin.com
wedding-index.net
site-sift.com
dandys.blip.pl
bbixx.com
jif.com
yc.wenming.cn
casualteensex.com
yywap.co
celutronic.com
kursus-valas.blogspot.com
ydbbvnkts.blog.hu
trioo.com
hobi-elektronika.net
imslp.info
www.hzlr.cn
fnev.qiwen5.com
zoink.it
xen-tr.com
www.yx1978.com
laterco.bloguez.com
yamdas.org
travelplatz.com
brstar.ru
sturmboard.net
www.zhaoxi35.com
imblogs.info
skaden.wop.ro
www.gzygy.com
overthink.puk.ro
metalgods.com.ar
blog.meta.ua
www.hdsm360.com
wo177.com
kopawglowe.flog.pl
zild.digart.pl
harrysbodyandfender.com
fxnewstoday.ae
globalwebresource.com
vinnatur.org
www.gezhong.cc
www.nazuby.cz
pictureupload.de
vizsgalo.hu
etdggpikb.blog.mongenie.com
sjoez.nl
c0fe.com
www.webpr.ro
delfi.ua
stedentrips.nl
elboyaheights.com
osiris.puk.ro
www.tscr.cz
newry.wop.ro
www.82k.cn
tw.xmu.edu.cn
agolpar.puk.ro
www.sxdaily.com.cn
mhweb.pl
sexvideo-chat.eu
comicbookjunkyblog.com
nabe71.xfree.hu
willin.org
www.sgo.cz
sds.4000391005.com
kioskkiosk.com
www.all-sky.net
www.xxwqly.com
sbc27.com
rs-direct.co.uk
turnstunde.puk.ro
www.websystemy.pl
gaimou.wop.ro
www.lbz.ru
www.svetoutdooru.cz
risepk.com
vgo.vn
howdoreversemortgageswork.pro
links2.me
www.szhuash.com
www.kmys.cn
www.tjkcq.com
skywarn.at
roothelp.pl
rightnow.io
www.lemar.pl
szyingwei8.cn.alibaba.com
www.holesak.cz
iromhgaogc.freeblog.hu
snakeeyezz.com
4-bid.com
qqsong.com|www.shbz.com.cn|foop.tk|nyny.wop.ro|vest.nfdy.net|wwcikvizm.freeblog.hu|www.net-china.net|tlcnevjjt.blog.mongenie.com|ecalelite.com|teishu.wop.ro|edh-ev.de|weitersc.puk.ro|kyanion.puk.ro|suzhou.51chudui.com|malac.linkekneked.hu|www.ok9080.com|pogodba.net|mossig.wop.ro|doctrinaux.puk.ro|zjzkbzjxyxgs.wenju.biz|shoushi001.com|www.shuo5200.com|www.dakeyi.net|zknw.nfdy.net|winemax.org|ypbb.nfdy.net|cyzm.nfdy.net|uvum.nfdy.net|www.essiw.com|883v.k3y3.net|mksn.nfdy.net|www.hnxinke.com.cn|tjfr.nfdy.net|www.ura-akiba.jp|1vagonka.ru|kamila69.a-liveprivates.com|www.808ys.com|boxer-vom-schatzkaestlein.de|luenk.wop.ro|coi0.nfdy.net|gsus.nfdy.net|www.gz-baiyou.com|675t.nfdy.net|news.gpxz.com|www.xunweicn.com|i8ic.lizhidy.net|iwenthungry.org|www.59cn.org|malier.wop.ro|ryuk.265link.com|itaru.wop.ro|cglm.nfdy.net|mkxp.nfdy.net|8923.nfdy.net|argaya.wop.ro|www.hdjiaoyuxinxi.com|www.zgc.gov.cn|www.lanfc.com|fotofrog.net|chrissiecool.deviantart.com|clps.nfdy.net|my-led.cn|www.bizun.net|osyaku.wop.ro|www.07qccg.com|www.rawan.in|nbxhkj.com|www.21shhr.com|qlmrc.net|0pzo.k3y3.net|eizr.nfdy.net|www.zdor.cn|icamtech.net|ilpg.k3y3.net|nvsv.nfdy.net|you.xiaoyoyo.com|rendu.wop.ro|www.dd378.com|aw60sdf.seesaa.net|kj6o.210000.org|6h1122.us|1818kj.com|tsmn.nfdy.net|www.zgjiageng.com|java-admin.iteye.com|octuor.wop.ro|hflz.nfdy.net|ykdljrbnai.blog.mongenie.com|www.iqio.org|kzoufdfkol.hexat.com|spueren.puk.ro|www.yjlfy.com|rffa.org|www.hongfuyuan.com.cn|wvryddzcth.blog.mongenie.com|e379.net|yu2.net.cn|fehg49.deviantart.com|orlate.wop.ro
linkguy.info
noticia.es
hardwired.hu
elosdoamor.com.br
www.sddcdq.com
www.ppnba.net
www.tf56.com
gumoyanpj.1168.tv
thereasonmag.com
www.lijoys.com
www.717.so
cs.joensuu.fi
litemybb.com
showmeyourlinks.blogspot.in
coroanamarostica.it
iphonemob.net
cctv.cntv.cn
www.itrebon.cz
www.honda.hr
www.6168.co
changde.in
leanback.se
www.gzlixinkj.com
train2game.com
gg.444kx.com
r8866.com
loapolas.hu
www.avis.cz
billa-2-full-movie.blogspot.pt
www.gzlittleswan.com
bed-and-breakfast-in-italy.com
iblog365.com
fau.soup.io
tolkmicko.com
www.iti.pl
pokexgames.pl
domtechnika.wjo.pl
8th-anniversary.blog.so-net.ne.jp
www.oaeach.com
idax.265link.com
derkonfigurator.de
www.17caob.com
www.stoibaer.de
zendblog.pl
csshouse.net
achsoo.de
quehaydenuevo.info
i9gs.qiwen5.com
www.pspwo.com
sambuk.wop.ro
www.sancuo.com
www.downsyndrom.cz
www.kapnah.nl
geneethics.org
diezelfde.puk.ro
com-3c.com
hyebbs.com
www.hkaiyasi.com
culturageneral.net
miki.lg.jp
zhuangqian.78.cn
zhwz.info
495533183.qzone.qq.com
phovx.com
zhizhu-1.tumblr.com
loginhelper.com
amigosoftech.com
verstricktere.puk.ro