520sex.tk
www.egenz.com
marjanovka.net.ua
liverooted.me
modellbau-galaxie.de
3starrestaurants.com
www.actiview.de
patarak.blog.sme.sk
twitar.co
movie.chisec.tk
baishunxiangys5f.1168.tv
www.mygct.cn
xxxbta.wop.ro
avenjucar.com
prim.tv
kslegislature.org
werbeabteilung.com
viviendosanos.com
mufeng.me
thongtincongnghe.com
bienesinmuebles.com.co
www.prins.nu
fititnt.org
labpc.prv.pl
ksiegowosc4.eskk.pl
zythum.free.bg
www.shguanying.com
downloadzones.info
lapommedeterrepompadour.com
moo.blip.pl
mediaanalyzer.org
websitenseo.com
www.gaypersonals.com.au
madakiki-fc.deviantart.com
www.skysq.info
gostats.ru
pestjobs.hu
avtokabare.ru
beanogas.com
balletdansers.puk.ro
www.ravak.sk
schinnerer.com
wytz.78.cn
hz.zx123.cn
www.dsmdy.info
speeldingen.wop.ro
rage-india.com
effikomp.pl
fotochat.com
ropademodahombres.com
www.qugaobi.com
it.binhyenquan.com
sc.plu.cn
avv2.k3y3.net
sunbeach.info
dolmens.puk.ro
www.sch9.com
postserv.post.gov.tw
sina.hd.cn
soldeu-andorra.com
www.qinghuajiaoyu.com
www.yimeizx.com
mytub.co.uk
africafashionweeklondon.com
debian-multimedia.org
b2b.in-en.com
wealth-4-all-team.co
ba-sport.hu
sixsoul.com
chopstick.puk.ro
cuni.cz
sz.139shop.com
moneyfactoring.ru
caf3net.info
quart.hu
gdkder.com
gta-game.net
urara.digart.pl
2busychicks.com
kuaihuogu.info
magrez.wop.ro
forumcrea.com
exploremusic.org.uk
www.qianwancaifu.info
drugsdepot.com
ce.esnai.net
imageport.org
0372.cn
forst.hu
dqz8.com
yp.com
avsese.kickme.to
www.lsxs858.com
api.gogo.gs
tylek.pl
www.7photos.cn
qbzz.com
tk.ggabc.net
rucninaradi.info
516fc.net
koniczyna13.polki.pl
hibamusic.com
oma.maakjestart.nl
www.88caobi.com
www.shuyrcw.com
dodatkinabloga.pl
terrasolusi.net
personaliza.com
sds.4000391005.com
www.sarsan.biz
entoldar.wop.ro
afnews.info
shuangqingjiangya.1168.tv
forestfarm.com
www.grily.cz
chongqing.5ilou.com
stoosxchange.org
softwarepractice.org
yourworld.pl
www.baihuayiyao.com
baseball-freak.com
grader.com
3js.nl
redbull.blogeiland.nl
blindferret.com
forum.maxthon.cn
ck360.net
fusionhq.info
hvyprtyhe.blog.mongenie.com
e2046.com
belfasttitanicmuseumrgcq.wordpress.com
awesomeheadphonereviews.com
diva-fiva.com
www.zenyangfengxiong.net
dinatos.info
brou.wop.ro
www.5syy.com
www.sskkoo.com
bbs.sqee.cn
castigabanionline.info
www.gps199.cn
anticiperait.wop.ro
www.bjb021.com
careerjet.sg
bada-fans.com
www.shiyuanlg.com
www.tao45.tk
host-services.us
bumbutz.com
passerelleco.info
www.hongchaseo.com
koskilinjat.fi
www.qimiyingshi.net
www.gaben.ro
72cms.net
xixidieyuan.com
3uni.net
cn-3.cn
vtex.com.br
upget.wop.ro
idee-voyage.info
spajob.cn
www.mike114.com
uwi.edu
websiteseotraffic.com
sauta.wop.ro
ztwap.me
www.lzdkzx.com
zeedclub.in.th
www.flashuser.net
www.jaga.gov.cn
kunbaracs.hu
www.tam.cz
www.bchome8.com
ratoomp3.com
light.lz.taobao.com
elmarino.info
freehomeimprovementideas.com
grandtour.ru
viatical.org
gzmidea.com
www.huameiauto.cn
www.tjshjy.com
interlifemedia.co.jp
www.le5588.com
kkm.su
nacsj.or.jp
eteen.eu
www.aizhenhong.com
qualmelhor.com
o2.pl
mapping.software.informer.com
www.dgvivi.com
excelwelt.de
ay899.com
godwars.info
adultwebmasternet.com
lghost.ru
faktypilskie.pl
kamil488.wrzuta.pl
photo.5669.com
in-your-face.de
hrkyhuedpb.blogtrue.com
www.hbszcs.com
skzm.wow8.org
ruanjia.com
baidu.55.la
www.xxx229.com
autostar.com.br
www.sufte.com
www.idcby.com.cn
24ise.com
www.dassin.com.cn
bbs.mha.cn
cant-col.ac.uk
fdf.dk
littlleflair.pinger.pl
www.sn180.com
www.swzw.gov.cn
km.rc.cc
www.cjw.com.cn
satanvuplus.com
gamesoft.hu
vintageporntv.com
www.88musedj.com
www.kj50.com
scopsr.gov.cn
www.westra.cz
spca.org.cn
cakesandmorebypolly.com
www.iii90.com
relevons.puk.ro
schnapsmachen.de
aposection4.org
documentation.name
motoda.wop.ro
lingr.com
ite.gmu.edu
dreamscope.jp
crocshideaway.com
seorankplus.co.in
alfabank.by
xmh.cc
www.recyklujteshasici.cz
tasiemce24.pl
websiteworthurlappraisal.com
www.youxiji5858.com
articlebookmarking.info
love.wuwei.cc
stellamaris.eu.com
hilltopanimalrescueteam.com
punkshop.pl
kuragano.wop.ro
nm.xglzgs.gov.cn
aimu5.cn
rongan.mofcom.gov.cn
samos-travel.com
sh.haocf.net
wenluotong.1168.tv
diatomaceae.puk.ro
hd.zhu911.net
manchester.ac.uk
cookiecraft.deviantart.com
studentensletten.nl
www.zhengzhi.com.cn
mihai-irinel.ro
cashregistersonline.com
sellfudosan.com
eowiuer.at.gg
parentingteenagers.info
zjez.3322.org
chengxindk.88ka.cn
cercolavoro.com
www.pwc.pl
www.wanggewang.com
onthoud.wop.ro
www.cago365.com
basketball-jersey.de
nismosilvia.info
axiscom.co.jp
garfieldperry.org
www.camill.com.cn
justamente.net
soft.cnmo.com
payrollsoftwarecenter.com
www.ywdg5.in
deesa.puk.ro
pd361.com
ivystar.jp
openers.jp
665mi.com
myqqcom.diandian.com
www.365ip.info
staskrasnikov.com
panasonic.co.nz
mzj.pj.gov.cn
gudrunsjoeden.de
lekregeres.blogeiland.nl
kerak.hu
www.niva.cn
c.99999m.com
tomsk.mk.ru
tjrcw.78.cn
youzhi.5food.cn
www.zidlik.cz
gaeubote.de
www.shengshantang.com
dhanphotos.com
iisoul1981.digart.pl
forumify.com
www.hkaiyasi.com
carpooling.fr
www.521338.com
222.49hz.co
linuxnarede.com.br
ukchat.com
mahindradeals.co.za
matim64.wrzuta.pl
misia91993.digart.pl
onmymood.com
om.flog.pl
szfyjiancy.1168.tv
albergue.pl
first.org
bisnisonlinedaninternet.com
www.sgis.com.cn
1directoryam.com
rolltide.com
lgcns.com
www.jyxt.cc
321ff.com
qq772993307.vip.icoc.cn
www.70699.com
www.zjjsxz.com
dailybookmarking.com
novoimperioimoveis.com.br
www.mm520520.com
ag92.flog.pl
cuwhois.com
nfb.ca
amyws.com
labellum.wop.ro
yelyahwilliams.tumblr.com
www.185115.com
kubo-lab.jp
nano-reef.com
clusterbuck.deviantart.com
ergraba.com
www.android-x86.org
desiserial.com
j8y8.210000.org
rad.gov.tw
allinthepokermovie.com
zhangzhe.info
www.xzqts.gov.cn
indexq.org
garcya.us
www.678eee.com
ageh.jp
idoconline.info
mydiggs.com
nolaa.org
www.265jkw.net
hejiajia.com
mzloxnxy.blogerzi.com
meerbezoekerskrijgen.nl
clements.com
thewikies.com
www.reusch.ch
refusals.puk.ro
centroesteticopadova.com
moveapp.pl
premiumorange.com
homol.fmix.pl
opi-corp.com
74vo.210000.org
kempwire.com
easylife.tw
3gck.dtdo.tk
s589.com
leser-wissen-mehr.de
psychologydoctoratedegreez.info
marspedia.org
blogs.wlc.edu
sstm.hk
mouthtoears.com
studentenwohnungsmarkt.de
www.at999.net
alexa188.com
tymy.cz
moip.gov.ck
hcinvestimentos.com
eesc.europa.eu
stout.wop.ro
skpnu.ac.ir
www.clone.nl
thonshopping.no
kujie2.com
tankousy.wop.ro
www.wsxz.cn
sapphireengagementring.info
www.139ppp.com
photoguild.co.uk
mashportal.ru
thelinuxsource.com
www.outlook.pl
bel.com
topdofollowsocialbookmarkingsites.info
www.ooxx99.com
enpi-info.eu
medtutor.org
opticnet.ro
diablillo.puk.ro
tankado.com
9hlx.qiwen5.com
organic-gardening-for-life.com
vietsn.com
oranje-joggingbroek.istats.nl
shop68373113.taobao.com
towson.edu
www.yinpin4.com
dialadeck.com
tal.digart.pl
55555k.com
beidu.org
www.autosiskolamiskolc.hu
www.jqdvd.com
unitedsoybean.org
s8088s.com
www.quse8.com
emlf.nfdy.net
b3bm.qiwen5.com
funky802.com
iref.nfdy.net
dif.se
ostiolar.puk.ro
dinkholdermuehle.de
whdkgycoo.freeblog.hu
bbs.woeps.org
carpentersnetwork.webs.com
onlinebestbusiness.eu
cmcq.qiwen5.com
analyticsdigger.org
www.baosee.com
www.gssex121.net
1digital.ru
0374it.com
dalmans.se
z0rm.qiwen5.com
alice.wop.ro
www.novasat.nl
pirates-of-the-caribbean-full-movie.blogspot.cz
www.svhg.be
www.wikiplayer.net
beijing.tigercity.net
www.ew52.cn
soccerusainc.com
www.shainng.com
k12.nc.us
www.lybfzl.cn
retrade.no
mypil.mspil.cn
517anbo.com
cssray.com
aanfokte.puk.ro
i365.pl
49zl.net
babes69.us
hewijustcrew.ning.com
75ad.qiwen5.com
www.umich.edu
betscorner.com
fsfx.nfdy.net
www.inghing.com
linkovitch.me.uk
www.syzf666.com
www.212qq.com
affetta.wop.ro
ordinairetrentaine.free.fr
videolady.ru
8erj.qiwen5.com
georgetownuniversityhospital.org
belmo.us
soundportal.at
lynd.wop.ro
www.rumid.dk
prqi.265link.com
mpix.com
ablative.puk.ro
trackforum.com
clannaga.info
arizona.edu
dogleg.wop.ro
itzmichaeljackson.blogspot.com
www.51jingangsha.com
p-store.rakuten.co.jp
186zt.com
cashvisionptc.info
videomusicawards.gr
www.tornado79.ucoz.ru
only-apartments.fr
cathi.puk.ro
omywiki.com
www.zixuegolf.com
www.66ll1.com
sexpo.it
goededoelenkringloop.nl
www.sege1.info
filemap.co.kr
arkie.puk.ro
ahramplastic.com
dnybz198.com
porn-ddl.to
reversephonelook.net
huyquangpiano.com
1souku.com
e-goju.net
www.ipp.name
jansonzhao.diytrade.com
www.pandamemo.com
chihuahua-wattendorf.de
www.yeniheyat.biz
dombosco.net
nbsfpk.com
www.gugediqiu.org
www.gms.cz
kristen.wen.ru
gcqfidqxg.blogage.de
notepad.lv
verlagswerk.puk.ro
6hzc.com
malinaa0.flog.pl
www.zgtuango.com
ubre.info
whitecoatinvestor.com
chihlee.edu.tw
www.ndzzw.com
www.jayuanba.co.cc
giacaphe.com
wxayt.com
seatone.cn
prostrahovanie.ru
shopcodes.co.uk
adgoal.de
vjvlgwwruu.blog.mongenie.com
booklive.jp
www.eglifix.com
petrosider.com
noble-house.tk
shihal.ru
lopar-apartments.net
reachaccountant.com
watchwwethebash.blogspot.gr
www.ooocedima.ru
aakik.digart.pl
hixohe.pl
www.anqueye.com
www.ssxl163.cn
qsmqigxsbj.typepad.com
www.ps3watch.net
www.1080pty.com
www.urokmorza.pl
zhongjpad.1168.tv
goutan.wop.ro
dressup.me
timeanddate.no
www.jbteens.net
optilase.com
www.comcdr.com
cads.pk
vrach.uz
crosscurrentmanufacturing.com
feestwinkel-zoutelande.istats.nl
mikeusagi.blog.so-net.ne.jp
gxtaotao.com
silentblocbush.com
tomarigi.info
www.mekapop.com
www.sxnjjsfw.com
www.abradio.cz
scholars.com.br
online-sedori.com
patentmaps.com
dhqrotch.blog.kazeo.com
mhc.gov.sy
muj-antikvariat.cz
haowz123.info
jiangsushuanggou.9998.tv
baby.cqnews.net
thehobshop.com
paopao518.cn
inway.su
economicoutlook.net
www.hhaavv.com
www.suttdk.com
zmarsa.pl
www.gxbblc.com
blogtiptopshops.com
1000day.dumex.com.cn
www.goog1e.info
hooky.co.kr
www.5197.com.cn
jjboom.com
glitz.bdnews24.com
bbs.5868.cn
www.ady9.net
2nankai.cn
vealrecipes.com
sonnenkraft.com
xianshoucha.1168.tv
w956443578w.114.org
dzqw.net
sitepromotiondirectory.com
4000602008.com
pqlh.nfdy.net
gfjob.bjx.com.cn
idhost.kz
www.easydot.com.cn
infonieve.es
qkkwtuhffh.blogger.hu
www.juese123.com
mer-link.co.cr
www.danaef.jp
frr.ro
www.dj333.cc
imnpc.taobao.com
tra.kir.jp
us-classifieds.net
pierwszapozycja.com.pl
schoolhistory.co.uk
www.rqr.cn
netiori.net
www.designity.org
henhengan-0go89.diandian.com
green-community.it
www.chinatoptape.com
goukon.puk.ro
herzkoen.wop.ro
iwona282.wrzuta.pl
asriran.info
tayyareci.com
zlix.tk
www.jiuhuashan.cc
5mfz.com
nexusshacks.com
test.gzzk.cn
www.198600.com
rtg-mag.hu
www.shuaok.com
magicranktracker.com
ssto.digart.pl
tlbbx.bokee.com
www.fengfeng521.com
www.eyoutour.com
www.slak.nl
itweetdaily.com
irezistibil.ro
hopebook.net
zena-podnikatelka.cz
obchod-detem.cz
paginagratis.org
centurion.bb
www.hdsm360.com
images.sharingcentre.info
nnville.info
worldtrip.tv
mor.ge
www.121tianqi.com
erikson.edu
511398.com
fitnessplatinium.pl
yahoocarts.com
accountsfactoringz.info
www.bjjcw.net
cedrickharris.com
embraier.wop.ro
ahrtp.com
www.tc167.com
www.cofetariaarmand.ro
fw55555.wjw.cn
www.icoat.cc
netspaceindia.com
greaterindia.in
drifter.tv
superstarvinayak.info
www.didiao.info
78500.cn
infocell.info
www.gddgky168.cn.alibaba.com
thedarkknightfullmovie.blogspot.gr
indianatureguide.com
mz39.com
playangrybirdsfree.com
shgg.210000.org
gamato.info
calgary-travel-insider.com
www.94xo.com
noefv.at
www.12ddd.in
newschoollearning.com
mcooo.com
forzanuova.org
ponisha.ir
machiawase.net
ghanamma.com
sshuai.com
macrolepidoptera.hu
www.bht158.com
bidn.com
www.dg234.com
uwindsor.ca
gehaeuft.wop.ro
escortguide.ro
annaryabova.ru
www.hbgt17.cn
gzmeiy.com
www.gouchezi.com
radiome.com.cn
tragischsten.puk.ro
shisakuh.puk.ro
www.ebi.ac.uk
nordnet.no
vtdf.210000.org
gdldlaw.com
shmup-dev.com
im9.cz
www.cmsh.com
universopanico.com.br
solarlaw.co.il
jgzv.nfdy.net
www.perennial-plant.com.cn
witlio.info
angel.ac