blackholeseo.com
toxically.puk.ro
www.186s.cn
pondomaniak.pl
rrw.bz
dj-9.com
stumbletoday.com
xn--pck6f1az96y3pe596dm9p.net
speeldingen.wop.ro
carolsastrology.co.uk
jiajiayou.cn.gongchang.com
xzzsmsyzzq.78.cn
sportekspres.com
dasemao.info
www.baijiajiangtan.org
totalblacktv.com
vagotropism.puk.ro
www.bulvy.cz
www.haosy.cn
kdet.net
yangtian.zol.com.cn
schuize.9998.tv
poznan.soup.io
www.fgr.cn
lbbjm.78.cn
news.55.la
setka66.ru
yangfanbook.sina.com.cn
www.stdgay.com
www.dekorace.cz
tekstile.puk.ro
jia.jsr.cc
seniorhoken.com
dimox.net
laglig.puk.ro
mma-geeks.com
fallonsage.com
hsdczx.com
malignanthumor.net
asanec.es
www.estec.cz
33md.com
www.jetzt.de
adtp.nfdy.net
shelbraeshelties.com
chromesync.mobi
www.gratisneukfotos.nl
mury.soup.io
www.678uuu.com
verabreichende.puk.ro
woolrichjassen.be
milezoltan.blog.xfree.hu
natasza0727.digart.pl
loja5.com.br
nightradio.org
por-internet.net
gokuto.com
gia.la
mwpk.nfdy.net
www.unie.cz
www.tty56.net
uiav.265link.com
2y-media.com
thefeministbreeder.com
minal.puk.ro
cyber-gym.ru
marketingdinerohispano.info
jdnorunnmy.freeblog.hu
incubatorreview.com
handeltest.puk.ro
miksportraits.com
www.liuxingbing.cn
bcm123.com
9xhot.info
wildbreien.nl
telenetcentral.es
www.cnnl.tv
www.1qzx.com
humorers.puk.ro
www.all4one.cn
reklam.zoldrozsa.hu
lianyun.lyg.gov.cn
seobacklinks.info
www.zldpcb.com
shop63788365.taobao.com
www.caipubaike.com
www.canaanvision.com
nainposteur.org
idealog.com
www.redbull.cz
newmotorforcarz.info
quintopiso.com.ar
project1999.org
alencorp.com
onlinemlmgroup.com
inavi.com
talentirosit.ro
mollys-paradise.de
goodtricks.net
www.wangzhuancaifu.com
barracudaserver.com
billebus.es
var-immo.net
portaleabruzzo.com
mynawras.com
www.top666.net
euroflorist.nl
www.hheeyy.com
zoum.com.br
alizayour.com
khutba.org
klett-cotta.de
www.wekaformation.fr
onlineshop-seminar.com
kurier-bankowy.pl
bwws.de
dachshundlove.blogspot.com
lernen-fuehlen-verstehen.de
3ndme.digart.pl
gf-porno.com
diamonds.com
thebullyproject.com
ototoy.jp
avortait.wop.ro
jn.bwxx.net
northernway.org
uplus.co.kr
rencher.wop.ro
d.cc
www.jejsukces.pl
www.nvjdfiddis.com
www.tianjiaji.biz
cheapdedicatedhostingz.info
400.zhgu.net
cadutacapellistop.it
outdoorsdirectory.com
news.zol.com.cn
marmolgres.com.ve
pogo.fotolog.pl
www.bbb39.com
hs.hbsc.cn
mhtk.game2.cn
early-retirement.org
lubiszto.digart.pl
domaineur.com
www.hh6590.com
porno-istorii.info
aapr.icg.tugraz.at
www.shxczj.com
yerelgundem.com
phillypolice.com
2s-blog.jugem.jp
sandrariedel.de
www.fohee.net
konatachan.net
buy.pinger.pl
www.oqipai.com
outdoorpro.de
www.krista.ru
funnysign.com
tzjcxm.78.cn
www.6651776.com
www.cnfish.com
gryfwejherowo.com.pl
hntkw.com
duruy.wop.ro
cokig.com
xx.qztx.com
xingfu3.com
pagerank-webkatalog.net
poeiuyr.at.lv
yingbipsy.com
cs72.com
dinnerandamurder.com
foodday.org
unico-invest.org
siber.com
xmarket.it
roudouan.wop.ro
doxttjppmd.skipword.com
www.harmata.hu
sielay.blip.pl
olimp-blog.ru
www.iboss.cn
www.bestnikefreerun.com
xnxx.osc.pl
www.inlatplus.lv
socialnetworkbookmarking.info
www.88ziyuan.com
peakeys.com
www.93df.com
zhoushan.tobosu.com
plusix.net
99taobaoke.com
www.starboard.cz
pecanxxf.blogger.hu
www.astraltrip.net
candportalen.dk
canon-ci.co.kr
www.yicw.cc
wclibrary.info
iona.edu.pl
www.543hh.com
31-sign-language-messages.com
spielmannszug-vrasselt.de
blue-atom.com
eastern.edu
bh01.com
iar.com
kokerije.puk.ro
toegeknikt.puk.ro
wordsplay.net
smwzjy.com
hzh.me
unib.ac.id
weiterdenken.puk.ro
modelajeonline.net
oxxo.com.tr
hufupin.net.cn
dnstools.ch
fashionwholesale4u.com
upafile.com
cnsichen.com
dreamweaver-templates.org
coffeeteablog.com
sluzbazdrowia.pl
tspwezpd.blog.mongenie.com
www.axial.cz
makingstrange.info
water.gov.tw
mlecznabudka.pl
www.hdg22.com
bryansk.co
ravensberger-matratzen.de
www.kas.pl
www.r43dscanada.com
kooaoo.com
diewahrereligion.tv
freeonlinetextbooks.7ic.info
vanguarddrug.com
tu-chemnitz.de
msn1436.5jw.cn
studentchoice.org
cscyc.com
necaonline.com
98w.com
www.ushihui.com
tianhaiyan.dz.vancelle.net
perwira.net
hool.mn
rosoland.wop.ro
www.fjsy.org
formedtouch.com
scriptic.narod.ru
sigpad.gov.co
thedigitalstem.org
prqi.265link.com
asle.nu
ottawamazda.ca
losenanitosverdes.net
www.sdzx.net
cec.com.br
tarou.puk.ro
ronaldlee.asia
www.yezicheng.net
www.ckd.cn
ea-china.com
bo.net.pl
slevydnes.cz
no-wires.net
skyradiosuriname.com
ca-centreouest.fr
bookmarktou.com
perth.usconsulate.gov
poker.fr
yixueyanjiuyuan.com
benguturk.com
sdok.k3y3.net
www.0202g.com
reiterhof-pferdestaerken.de
motorcycleaccidentattorneyz.info
www.naha-airport.co.jp
themee.info
lemoniada.pl
futurodepresente.intel.com.br
opplagss.puk.ro
sylvestri.digart.pl
www.tltk.ru
www.xiang-cheng.net
fabeau.de
yoyocao.com
www.boen120.com
82vv.com
it.hyebbs.com
5igw.net
mzaghi.wordpress.com
autouvegszolnok.hu
changa.puk.ro
34degrees.org
artma.ayz.pl
market.ba
sports.yahoo.co.jp
3plusplus.net
assistirnovelas.com
52843.5c5c.info
www.dgds.com.cn
koelngrund.de
seonami.com
www.zy-lawyer.cn
socialmediaranking.at
downloadrealtekaudio.20j.info
stilt.wop.ro
hudoba.ru
www.ylfyny.com
simplymirrors.com
pincode.vn
ondemandbeat.info
vdr-wiki.de
www.viwin7.com
webmer.tk
www.7tdy.net
scienceblogs.com.br
top5.cc
www.jiangxind.com
loiza.puk.ro
tjoopbjkng.freeblog.hu
www.dingli988.com
neipmc.org
supplementsolutions.co.uk
panialusia19.pinger.pl
frontera.puk.ro
www.ht769.cn
dhome.pl
gohome.cz
www.yuepyba.com
xnsh.nfdy.net
finep-capital.com
www.hphome.cn
moxg.56dvd.net
www.wmyj.net
aiqisoft.com
www.wimdu.pl
clipxxx69.info
ouzhoushenw10yb.1168.tv
dvnn.hyves.nl
snesjpr.org
www.ecommercetimes.com
rs-direct.co.uk
gsmforum.su
jaundicesymptoms.info
baur.de
saqa.org.za
www.zgsztq.com
www.gm8668.com
www.egatta.cz
qaktlnojpwgzbo.blogtrue.com
liepu.lt
zinnaida.ro
cherrybabe.co.jp
accesscarecanada.com
sz.youjiao.com
pariera.puk.ro
rocketinfo.com
www.munihualqui.cl
barbourproductsearch.info
palmado.puk.ro
conociendo.info
htdtwzra.com
supremeclassified.com
www.sunoptik.cz
wikidreams.com.br
jcrice.net
criticalpowersupplies.co.uk
ann-tran.com
steibock.ch
manggaonline.com.my
ototrick.com
tripatlas.com
realtek.cz
catfishautoanchorage.com
univ-tlse2.fr
4k4k4k.info
rigips.de
www.igr.ro
audio-style.de
jzqc.qiwen5.com
silhouettesolos.info
go-fun-rewards.org
www.chinagzcn.com
homelidays.nl
trestelle.ca
turnen.puk.ro
submitfreelistings.com
albporno.com
www.zygjg.com
xz4.2000y.net
blogmaxegatos.com
weinhaus-evawagner.at
crazyegg.com
sibiu.wop.ro
egoistkakotku.pinger.pl
www.min-qi.com
www.auto-einmal-eins.de
cpz1.56dvd.net
talent.ostryanal.pl
culinary.net
mintdesignblog.com
www.qianyajianfeijiaonang.com
templatesfreelance.com
mondoworldwide.com
madlab.org.uk
platinumlinksdirectory.info
forebrac.puk.ro
herrinzachariah.tigblog.org
medicdirect.org
www.zhuzhou.gov.cn
23.gd
www.justshopping.it
honung.puk.ro
livrariaonline.bnportugal.pt
pornohd69.info
3034.cn
xyonline.de
ipic1.com
17ise.com
shop01.kz
woodson.wop.ro
www.tyhx99.com
www.nowdl.cn
sjic.78.cn
qbduqnxb.freeblog.hu
kaminoyu-onsen.com
indexweb.info
satumasi.puk.ro
hugon.wop.ro
ctf.digart.pl
www.soendag.dk
aledv.ru
www.hdradio.com
www.janmdesign.cz
luxa.org
arabso.net
antreando.com
lenggui.qmdq.cn
gaydia.com
www.shandsc.cn
n88.cc
2pixels.hu
girlsshow.tumblr.com
jingjianytt.1168.tv
acanomas.com
southbayriders.com
scfpohvag.blog.mongenie.com
hk49.cc
www.sss6789.com
www.beeline.vn
magicdesignlabs.in
dezkargaz.info
iqfm.pl
wishihadthat.com
bowwin.com
visitnj.org
pakmed.net
bako2000.pl
www.khap.net
wyreport.hebnews.cn
kaplanpublishing.com
freelancesuccess.com
anbringelse.puk.ro
skyrocketclock.com
www.18sdy.com
gorkori.lap.hu
bbs.ehomes.cn
autoboost.fr
guihuaxiang.com
stressfreecoaching.co.uk
wbijam.pl
sysikt.no
nooidea.com
parkgrovehotel.com
1-resources.com
motorvehicles.org
proudishly.wop.ro
www.avril.pl
898.travel
www.luyouren.com
acentr.com.ua
entercave.com
smartclassonline.com
superbmarking.com
defanli.com
www.netnr.com
katalos25.eu
7880.com
www.sz112.cn
traffictactics.com
www.ziuadevest.ro
webformation.co
homophyl.puk.ro
istyle.rs
3382784.5sing.com
82y.info
joniofilmfestival.net
puremobile.com
nanocontinuity.com
abaas.co.uk
www.sedaohang.com
addurltoplist.com
www.ejmf.com
sovietrussia.org
rentacar365.com
weiguanla.com
522sese.com
cool-been.com
glossmagazine.se
first-light.blog.so-net.ne.jp
www.gt
topblogged.com
meliebianco.com
einstein-university.org
www.whyingjie.cn
www.petks.com
dazadaslietas.lv
989.la
creativegroup.com
www.szoa.pl
www.jnfch123.com
apotheke-medikamente.info
electionaffairs.com
supremecenter34.com
nostracasa.es
virtualpets.com
biobidet.com
9115.aa.am
f.thor.hu
belf.blip.pl
nhadat.vn
jatimprov.info
agomensin.wop.ro
genevievekay.com
adjustbook.com
hanamizake.com
cyberkorea.ac.kr
suxornot.com
sexvideomix.com
newone.org
englishrepublic.ru
yoi-kusuri.com
horyzonty.org
enjoyeasy.com.cn
www.3456w.in
totalsuccessgifts.com
pujidao.mipang.com
www.28fz.net
stonenwater.kr
www.jinyin001.com
www.yiheng99.com
sewages.wop.ro
minimaldesign.net
w3china.org
3cgadget.com
ubytovanienaslovensku.eu
www.0202j.com
roj.tv
inspectorbest.de
casalemedia.com
encyclovideo.net
pip.net
pubtricks.com
schools9.com
der-w.de
lanyan.1168.tv
www.netcom.cm
www.sudugujia.com
directorychampion.com
fattyerotica.com
lmyq.com
www.grxyk.com
www.22270.com
www.snow.it
djzmeu.ro
www.youxijichangjia.cn
multivision.cc
weber-photography.com
creepiest.wop.ro
djclm.com
vyprodejskladu.eu
abdiqueront.puk.ro
corsair.puk.ro
sm.58.com
cashcats.biz
online-fan.com
webstatsdomain.com
www.jj.jx.cn
www.sfr1.de
facebook.ru
ntsu.edu.tw
longchamp-lepliages.com
images.sharingcentre.info
helhoegenzaat.nl
beautyversand.info
ergo-tel.gr
letsplej.pl
juwedi.de
elcorreogallego.es
025zp.com
chelsea.co
www.baidu.com
www.dwz.pl
www.eb.lt
starzlife.com
artliszka.digart.pl
www.0916.tv
ngocha.com.vn
qhlpp.78.cn
tutuben.com
rancnc.org
avand.cz
www.fufangbanmaojiaonangb.org
inntog.wop.ro
4bba.qiwen5.com
ketsumaz.puk.ro
www.lhw.so
healthit.gov
waffentipp.de
vejvrjzijz.blogger.hu
bostonscientific.com
video-tuts.fr
teethgrinder.co.uk
www.dalescountrystoves.co.uk
igfm.de
sharaquss.soup.io
wap.lzep.cn
nala.com.cn
oxland.wop.ro
adsrvr.org
megashare.vn
toranoana-juku.jp
articlemarketingco.com
bumeran.com
6488.nfdy.net
mababy.com.tw
www.nic.cz
hogyancsinald.hu
jualcd.info
jantyworld.com
rdc3.net
parizeurovikend.cz
www.cdsjhj.com
www.hysxs.com
lady.56.com
thoughtcube.eu
markbittman.com
portables4gamers.com
inprodev.com
www.funfungolf.com
rocht.com
6.plu.cn
www.0937.net
www.355vv.com
gamerscrew.net
anamariacorral.info
news.liao1.com
foodofcountry.com
cdxs.gov.cn
www.zclw.net
www.bagnicatainin.it
1lxj.qiwen5.com