mirtiens.ru
tamoligado.net
www.gramatneusiedl.at
editionsmontparnasse.fr
skyrocketclock.com
bolobazzalive.ning.com
diamondsinternational.com
powerminas.com
floridacouponsavers.com
thrilld.com
dws.org.pl
kamalov.uz
fsi-language-courses.org
www.macned.nl
www.gzlittleswan.com
yenisarkisozu.net
tearapoutama.ac.nz
www.pbs-job.hu
ms5188.info
qianwancaifujiaocheng.info
muztorg.ua
www.rufcasa.com
wap221.net
camino.pl
designmind.co.za
www.286se.com
zhangzhiyong.cn
lm9.9998.tv
custamo.com
pnorbert.xfree.hu
alpen-route.com
taylormadegolf.com
tollywoodicon.com
pc-planet.de
lux.mx
perfectduluthday.com
gebaeudereinigung-sousa.de
sexvideos-x.com
talentmaximus.info
www.sicherheit.sundd-web.info
hptuners.com
www.miqing5.com
www.u12.pl
ct2.genin.jp
hodotoo.wop.ro
colouredbottles.co.uk
syr.edu
wealthcounsel.com
tenwu.com
jfqz.qiwen5.com
caska.digart.pl
qualitywebdirectory.info
piter.com
gogoday.info
www.makthavare.se
chang.wop.ro
geldleihen.net
www.qianjuw.com
umrahpackages.co.uk
asepmhyaad.blog.mongenie.com
poriuret.puk.ro
dorakishi.digi2.jp
malaixiya.liuxue86.com
jiujiuse.com
ryancollins.me
www.css114.cn
www.930930.com
riotry.puk.ro
campl.us
kuko.blox.pl
www.hushihui.com
womo.jp
borda.qip.ru
wietwiki.nl
vendasnaweb.com.br
733.3199.cn
easytravelgroup.co.uk
slideme.info
rechtshaendigen.puk.ro
diariohuarpe.com
www.biofacts.nl
www.saoxue1.in
miqel.soup.io
www.zgbaobei.com
lasxlo.wop.ro
letterforms.puk.ro
ridenights.info
afsolt.puk.ro
parochien.puk.ro
heifawangwfw.1168.tv
pianotio.puk.ro
theswindlers.com
invitationsfirstcommunion.com
webo.kz
gli.tc
blog.zhulong.com
isbr.in
slovakia-travelguide.info
aas.org
calvinis.wop.ro
the-friesens.net
rexswain.com
hotdil.pl
49ic.nfdy.net
usboffice.kr
tvptv.com
inmigracionusa.com
ibunker.us
bulkimagedownloader.com
camera-le-nse.info
hxjy01.b2b.youboy.com
pacmangame.info
psearch.yahoo.co.jp
minivan.ru
www.zz01.cn
www.01k.cc
gfafcu.com
massakriertest.wop.ro
behesht.info
krusiam.com
www.dang557.com
abgefass.puk.ro
avisa-valdres.no
bbs.ty7.cn
ourshareofcrazy.com
terra.net.lb
44ky.nfdy.net
africavan.com
hastaliktavesaglikta.com
btd.soup.io
globe-seo-bookmarks.info
nhtourguide.com
global.mynavi.jp
www.xm-filter.com
lanway.ru
ian7.qiwen5.com
3gmodem.vn
sollicitantes.wop.ro
holosteu.puk.ro
buycar.zg2sc.cn
dostuff.info
sprawnik.pl
hesido.com
tecnomalas.com.br
beingfunchina.com
www.hiv-testpaper.com
tmswebtool.com
restaurantrover.com
zh.free.fr
streamcity.eu
uudh.265link.com
malikshare.com
baknilo.freeforums.org
worshipguitarclass.com
silvacorpinc.com
keszit.es
rpgwars.pl
qdgy.cn
ts.58.com
qipai.211600.com
slavophi.puk.ro
www.hpcargo.cn
avejar.wop.ro
ac.com.pl
alsagerchessclub.co.uk
www.xcshidiao.com
iimm.210000.org
american.woman.pinger.pl
lz.pcauto.com.cn
jobloker.co.id
piggyback.wop.ro
www.unccd.int
cocal.cn
tizergun.net
idea.zol.com.cn
v40.pl
yiqingyuan.com
ilten.wop.ro
yumegazai.com
feanor.digart.pl
addfeed.cn
izbaskarbowa.lodz.pl
xrrz.qiwen5.com
doll-fin-chick.deviantart.com
www.saotudou.com
ligamessenger.com
sorsele.puk.ro
www.bj-httx.com
www.xyiz.gov.cn
newsmaker.bg
uluci.info
baseballacademy.iplace.cz
kamoshit.wop.ro
noclose.info
3wpf.nfdy.net
aficiona.wop.ro
southbridge.de
foxue.5d6d.com
blogoree.ro
entoptoscope.puk.ro
myparts.ge
fuzokuinfo.com
snowthrowers-reviews.com
bayareanewsgroup.com
commuiez.wop.ro
edarlingnet.de
live-cricket-match.com
administrativejobs.com
ps2-fate.com
doneta.pl
unleidli.puk.ro
www.hihc.cn
wg78.nfdy.net
aliasauto.fr
cnic.cn
uprive.wop.ro
www.alyykj.com
www.yllady.cn
www.yinxing.sd.cn
51du.cn
www.diefa88.com
mdhj.taobao.com
www.965999.com
www.rixindg.com
yhnrckacu.blog.mongenie.com
gekopplaatjes.hyves.nl
www.hbksw.cn
wowcms.com
sluzbazdrowia.pl
www.whsyun.com
noktazwina.com
www.19jiji.com
www.migaolunhua.com
blindden.wop.ro
xiangtan.cn
28gl.com
www.cn-ruishuo.com
sublimetext.info
dalsallskapet.se
inart.co.il
www.opzp.cz
calimbo.soilage.wwwwww.wop.ro
cougarboard.com
www.haosela.net
theanorakscup.com
herevelazim.com.tr
bee.ir
more4kids.info
erech.wop.ro
antiexpo.puk.ro
www.88musedj.com
www.fp6888.com
snmhea1898998.taobao.com
diegodicamillo.com.ar
sauwren.digart.pl
yakurigu.wop.ro
x3ps.qiwen5.com
toridase.puk.ro
www.mzwzz.com
hybrid-autos.info
md.uz
kins.wop.ro
huhennews.net
www.wumadiguo.com
123games.dk
netarteria.info
etcvenues.co.uk
www.kugz.net
pixy.in
www.xyan168.com
luxury-spa-breaks.org.uk
dams.wop.ro
bbs.foz.cn
videosexe9.info
www.mhv.pl
multimedia-marketing-ideen.de
www.998zn.com
sebmontaz.com
travel-to.info
golden-circle.biz
muchaos.com.br
anime-manga.jp
usbmultiporthub.3nc.info
raiisa.com
ls14.nfdy.net
www.aviation100.cc
bamarang.pl
bastir.puk.ro
88links.info
2000seguidoresentwitter.com
noclegi.pwi.pl
omote-sando.com
farmgirlcitygirl.com
govannijean.com
ukraine.co
tariqweb.com
frenchkissrecords.com
damie.jp
ffpj.210000.org
www.snowvillage.nl
gaisya.wop.ro
santrio.com
aircon.ru
articlesguru.com
blft.nfdy.net
smhardpic.com
qaid.wop.ro
roulett.linkekneked.hu
dpsos.taobao.com
picsforfriends.info
promediamax.de
kartka.com.ua
www.andriipopa.ro
lubiefilm.pl
tl04.210000.org
happyrainumbrella.qiji55.info
cleycianne.com
yili.th55.cn
outlookexchange.com
causak.org
caoliushequsb.tumblr.com
isrnasuha.nl
topbacklinks.us
walanwalan.com
laptopbits.co.uk
badang.wop.ro
znaj0ma.digart.pl
azzs.info
www.huangshantea.cn
kavoshco.ir
scandinaviantours.ee
ungerfab.com
yj.xbxf.net
tilpah.wop.ro
www.whbytfs.com
www.shenzhenseo.net
www.shrhr.com
200euromails.net
xiangfan.bgo.cn
kmjz.210000.org
epollica.puk.ro
www.xx74.com
dxedu.gov.cn
dobratuba.pl
www.njcyyin.com
blog-pinger.com
joose.us
upstrike.puk.ro
linkswheel.info
onweb.co.in
bryci.org
www.aucklandtrains.co.nz
ether.es
yukibito.com
sslcommerz.com.bd
wh-university.com
www.yyjnw.com
sex-party-xxx.com
lokietka5.pl
yuaeuu.co.cc
monigote.wop.ro
www.zssf.gov.cn
dn16.hyves.nl
news.420.cn
www.atlasmediaonline.net
www.wjss.info
www.pupufa.cn
www.aiyuke.com
musicshelf.jp
www.sovva.sk
investorsinproperty.com
www.souloo.com
loopyapp.com
bavent.puk.ro
www.bj-dns.net
rss-feeds-submission.com
eu1l.qiwen5.com
itetu.wop.ro
devhell.ro
linkmania.info
buscando-lio.com.ar
www.modamp3.com
www.9941.cc
optik-pro.de
tkma.co.jp
ayb0.265link.com
mearai.co
www.utfair.ru
ag3.royal1688.com
myftp.name
siyut.net
harrydietz.nl
modezirkel.de
www.yinse88.com
www.qzgwjx.com
feuerwehr-vierkirchen.de
www.lelv001.com
www.88meibu.com
mountaincatguitars.com
wai-ru.info
www.viikii.net
zandw.taobao.com
www.suza.hr
www.fc1i.4f9.org
metnet.hu
socialroot.info
dz.focus.cn
nimter.ru
pandimus.com
bartisschatjexb.hyves.nl
anicda.bloguez.com
www.kaixin0454.com
vaskor.com
toufuu.puk.ro
disneydreams-boards.org
jot.r.gd
mcpi.com
www.c.la
www.mediagraphics.biz
hymntofuture.com
www.today.kz
borodajl.puk.ro
bekendst.puk.ro
www.29ui.com
bookmarkinglab.info
sspig.com
cezar92.wrzuta.pl
loladela1.hyves.nl
nalc.org
ccp.is
www.gamesy.pl
kayaksb.com
yuejob.com
ijlsite.com
topics.wwwwww.wop.ro
www.918dyw.com
cricketfansforum.net
silvereaglecoinsus.com
www.axisfirst.net
doraggin.wop.ro
news.hzau.edu.cn
svaart.wop.ro
wauee.com
kupiosago.ru
cwi.pl
kajumaju.digart.pl
tili-koivu.fi
juhua.me
crossmediagroup.com
www.ydjd.net
jagd.ms
chicksto.puk.ro
unbevele.wop.ro
musictechfest.org
heen.56dvd.net
11dddd.info
oldgamesclub.com
molasseses.puk.ro
anandamusic.pl
www.nia.az
zeedclub.in.th
www.funpower.nl
www.avvenire.it
eroloquo.com
frugalplus.com
businessopportunityforum.com
www.meirongzhengxing.org
sunne.puk.ro
www.hongguxuan.cn
bidian.net
fuenflingen.puk.ro
www.yyxw.net
chaoc.info
deshechizar.wop.ro
shippuuden.pl
zg.cn
adthelivesports.com
www.4pyy.com
flashkid105.deviantart.com
www.gdteacher.com.cn
legsangel.com
simnovo.net
lhac.nfdy.net
predetect.puk.ro
www.cestap.eu
kiep24.pl
darmoweseo.pl
topultau.info
obernberger-inntoifen.at
dhqrotch.blog.kazeo.com
zhuiboqi.icoc.cn
typepad.com
ls.bwxx.net
www.m2yx.com
karierawfinansach.pl
kino.ulunix.com
guide.coneco.net
moi-uni.ru
hearts.wop.ro
ideefesta.it
www-149uu-com.tumblr.com
recetas-cocina.com.es
wyszukiwarkafunduszy.pl
mpoint.ca
garcinia.198.210.32.86.xip.io
foodart.ro
kdspiano.com
jcafe24.net
dukatonn.wop.ro
ibfc.org.br
www.igrslov.ru
scansnapcommunity.com
expressdgun.info
yalta.hs5.ru
sh-lijing.com.cn
swiatplytek.pl
990209.p.cn
ns1.jiasule.net
xkdl.net
www.djxbkj.com
www.sexgs.net
vernietigend.puk.ro
www.gzylw.net
fabrykazlota.pl
yapis.eu
sport.gr
video.hmz.cn
vivaxis.com
shmd-ticket.com
tiavehol.bloguez.com
pizzeriasecrets.com
modellbau-galaxie.de
bringbutler.de
mladipodjetnik.si
tv-forums.com
krs-online.com.pl
pakservice.com
www.xxx94.com
www.v10.pl
kedges.wop.ro
linda.com.pt
spillene.wop.ro
cyberfetch.com
mxkoid.us.pn
bjsxt.com
www.0202g.com
totalartsoul.com
satelite.com.mx
seoday.de
yuyue.shdc.org.cn
nvidia.fr
www.xxxxpppp.com
memo.wop.ro
toranddeb.com
burlapandcrystal.com
wonowmedia.com
clanptg.co.uk
adaris.ru
ooaiwdqokrozez.blogtrue.com
www.zjyjj.cn
myomalac.puk.ro
fukuda.pe
golook.it
cyrkulewski.pl
niches.wop.ro
wap138.in
www.studyabroad.ttu.edu
foodiebuddha.com
zt2.1208sf.com
ralj.nfdy.net
plerb.com
onlines.wrzuta.pl
xbzq.78.cn
3cy.tv
ticketsbar.es
bumpygreen.co.uk
zlsi.nfdy.net
www.yinxing.name
bdonlinecash.blogspot.in
fortlauderdalegaymenschorus.org
anflehendem.wwwwww.wop.ro
ku9w.com
cclog.cn
www.52wx.net
www.sxywh.cn
casagargiulo.it
secure-news.com
cvonline.com.pl
www.yzmrtoys.com
wpen.ybx8.info
xf1.derezw.osa.pl
www.ywybl.com
megamoneygames.com
proidee.de