569q.com
videobomb.it
valor-dolar.cl
fushi.laopo.cn
wsb.edu.pl
speedboattv.com
dbwp.net
briankeene.com
ankangcha.1168.tv
priyankavictor.blogspot.in
3akis.lt
www.wzgay.com
flvflashplayer.26z.info
omca.co.uk
www.ywybl.com
cabal.com
fashionworld.es
mbtmedia.pl
enlaradio.com.ar
bibliaonline.com.br
guoyaofang.com
diod24.ru
www.aisool.com
769car.com
17000.com.cn
www.barthels-feldhoff.de
drudgereport.com
lwid.nfdy.net
www.93315.cn
tinyassapartment.com
www.ytshuiwu.com
xcsb.78.cn
katara60.hyves.nl
www.samuel.hkk.hk
www.iker.com.pl
www.zzjt.net
therdstore.com
www.dywtx.com
veelt.puk.ro
t2ho.k3y3.net
network.com.tw
lostsaga.com.tw
zosienieczka.soup.io
vinck.wop.ro
www.hebsande.com
www.deemoz.org
kurkdroogst.wop.ro
taobao.cjcp.com.cn
haakten.wop.ro
www.zhxtw.net
xandeadx.ru
jireh.net.nz
tcf.co.il
mydia.de
abzuloesen.puk.ro
5fjg.k3y3.net
teaster.ugu.pl
german-shepherd-training.info
smeg.fr
www.huuhuu.com
www.movyun.com
nikotako.blog.hr
fscyzg.com
kokyuute.puk.ro
rize.evden-eve.gen.tr
oneononenyc.com
websitebacklinks.org
agileweboperations.com
filimadami.com
ailedda.deviantart.com
surfer.rankking.pl
votem.puk.ro
air.7kt.info
0857.me
www.510701.net
www.wcsjcl888.cn.alibaba.com
paknet.net
nairabet.com
www.ichman.de
868628.com
www.uxx.cc
guitarshop.ro
edtechpost.ca
preiskri.loquet.wwwwww.wop.ro
hopet.de
metronet.ru
echu.co.kr
lly365.com
pleasurableeruptions.com
caginburo.com
arka-windykacja.pl
www.esky.me
wz.nxnews.cn
qwyi.210000.org
fkzz.265link.com
bofeng.me
www.best-penisenlarger.com
kmb.hk
cerb.ca
www.bvpa.nl
lmsa4.com
bsdj091739.cn.gongchang.com
yanfun.muzika.cn
postkontoret.se
www.qiuyu8.com
www.sdtouch.com
youporn7.info
gesamtvolumen.puk.ro
haxlash.org
188tm.net
videoshentai.tv
www.wuyouzw.com
webmirable.com
ao2.aiao.cn
leightonmeester.com.br
shopshare.eu
e-cyfrowe.pl
anelo.lu
fangensk.wwwwww.wop.ro
pavelm.ru
gabric.ir
www.tiaozhiji.org
but.jp
400612.com
cji.co.za
abbrunar.puk.ro
technografy.blogspot.com
juancong.com
wz1122.com
megapolis.org
bwgnccue.freeblog.hu
www.yt-rdkj.com
deliveryhabibs.com.br
www.zuidaowei.com
www.qalp.4f9.org
oekakies.com
shesuckedmypiece.com
dnty.210000.org
putokosvijeta.hr
www.ab400.cn
emeype.com
softwareall.info
www.zglhgs.com
kruittor.puk.ro
1.aapig.mobi
www.177811.com
qwee2.951n.cn
liv-ex.typepad.com
ojhs.210000.org
qmecms.sinaapp.com
www.livedoor.com
miraclebookmarking.info
www.kelmer.pl
therainmakergroupinc.com
zonnesti.puk.ro
www.directis.nl
prawnikow.pl
www.gdminbo.com
aangelonearthx.a-livesexasian.com
0759haixian.net
divasbydesign.co.za
www.sxnjjsfw.com
cyrzachariah.tigblog.org
tomaklima.hu
51avnv.info
studentenwerk-halle.de
svaet.puk.ro
www2.erji.net
xsg.ledu.com
sanno.ac.jp
arh.mk.ru
kenkenfu.puk.ro
khothietbi.com.vn
perio.org
the-pirates-full-movie.blogspot.nl
acholi.puk.ro
uluyu.com
www.louisa168.com
paradisecruises.vn
cdyy007.com
ziii.biz
jnnews.zjol.com.cn
www-stone.net
realinvestmentfunds.info
confrontation-thegame.com
bbs.fanli31.com
jiriurban.cz
www.dayecao.info
www.sskkoo.com
xiangfan.house.sina.com.cn
mikelim.info
brmdq.com
wmbriggs.com
affifah.info
bbshm.net
www.laiidc.com
chutneycase.com
www.huining.gov.cn
belastender.puk.ro
webmobilesimulator.info
www.v55555.com
www.zu777.com
directoryblp.com.ar
tailoi.puk.ro
ztwap.info
108blog.net
linkloop.info
ccftn.com
www.arcned.nl
socialindian.info
securitynewsdaily.com
lueya.com
remontblizko.ru
www.msg22.com
invertirenbolsasinriesgo.info
early-retirement.org
healthyhuman.net
hyy178.com
www.ay303.com
5d6d.in
navnetapp.com
soword.com
jeoe.210000.org
jerrysfamousdogs.com
www.hhzpw.net
zz.454.cn
thxp.210000.org
1stopfreeads.com
myprintcard.de
chamsport.net
supersfat.co.uk
autopalyamatrica.ws
freddyandeddy.com
vellarethu.org
drugoffice.gov.hk
teenstarnews.com
unpronou.puk.ro
www.bvigary.com
lentejar.puk.ro
cn.admin.reuters.com
zeina.wop.ro
cdslindia.com
www.shougej.com
kqcwintfwc.blog.mongenie.com
agatsuma-games.jp
casco.blog.so-net.ne.jp
sabila.cn
rostrata.wop.ro
edukacyjnykrakow.blip.pl
bbs.mumayi.com
sypp.oicp.net
ncyssw.com
99bill2.com
bputcgpacalculator.in
mpop99.com
edi-soft.no
ikigo.wop.ro
www.julipc.com
www.9990pao.com
gemvisa.co.nz
sex-tapes.biz
omosiro.info
do.ru
gdimag.com
thefrettos.com
crearempresa.com.co
pushab.wop.ro
makuragi.puk.ro
www.dgxtfs.com
www.hdqys.in
68688.taobao.com
bham.pl
endys.info
www.jnsxjj.com
feelgoodabout.info
klepp.wop.ro
www.33dyw.com
17068001.5sing.com
vossejon.wop.ro
netwrix.com
skylarkdigitalmarketing.co.uk
deoracle.org
fz.mnrc.com.cn
04wrx-sti.com
poigrajem.ru
www.755dd.com
sexgazetka.pl
sms.wim.pl
izcom.com.br
gznns.com
rewall.co.jp
uzkn.210000.org
shan.sunshin.org.tw
www.gyedu.net
stampamm.puk.ro
asiaplus.co.th
www.67card.com
stope.puk.ro
polska-gotuje.pl
cs-serwers.pl
gddkia.gov.pl
traffictrends.pl
www.duolianhb.com
2006.imcsit.org
shortlink.info
publishr.info
ggg13-db72.diandian.com
janisozaur.soup.io
coctailart.prv.pl
www.miqi.tk
sole.prv.pl
tmnplc.com
habous.gov.ma
lagrettemann.wop.ro
trainwithme.co.uk
alegramy.pl
x77x77.com
nina89.digart.pl
ryukyu.wop.ro
directcp.net
www.diyxiangce.com
yoogr.com
sonnenkraft.com
horoscopdragoste.ro
2012nvzhuang.yixiuzl.com
daiban.asia
appariai.puk.ro
www.dghaoli.com
weghelp.wop.ro
xiu.188show.com
rw.91.com
sweepsadvantage.com
www.szfcsj.com
malamoskwa.pl
lanqiou.info
transcoderaient.wop.ro
vbcode.com
mallcrawlin.com
rtb.gov.bn
wange.im
www.iiiav.com
fantom-xp.org
tianyami.com
www.jiananol.com
bestebookreader.7l9.info
www.vsoft.pl
igus.de
www.lianyun.gov.cn
wuzhoutianqi.qiannan.org
loot.co.za
rtys.com
soldigital.com.br
www.90qj.us
www.4449444.com
uu.seqovd.info
globlotto.pl
supercanais.com
imgwink.com
straighttalkandroid.com
www.xiaobenxiong.net
eseylanet.com
my.jhu.edu
simplydir.net
latribune.fr
rightdentalgroup.com
www.netnong.com
www.gzdh.in
letswrite.info
algeriepatriotique.com
in-biz.ru
roddan.puk.ro
arabel.puk.ro
www.fake-louisvuitton.com
www.dgshunjia.com
phalbertov.cz
proxisurf.info
vacanceselect.nl
j-walk.com
mameo.info
jr.thea.cn
sjnj.265link.com
businesshealthinsurancez.info
cd.ya-k.com
0yjl.qiwen5.com
www.dyfcw.com
www.segou11.com
www.renrenkan.cc
mhi8.qiwen5.com
usotsubu.com
dirsubmission.co.uk
luohe.xinl.net
aliasauto.fr
idc.he.cn
australian-bookmark.info
maganszallas.wyw.hu
irjf.265link.com
bezembinders.nl
www.xmtaxs.com
www.jnstdc.com
www.dydrw.com
114.xiuwu.cc
www.egov.kz
cohesivemarketing.net
grandiretreussir.fr
acerdirect.co.uk
junglekey.com
www.incnk.com
pori.fi
mengbashawanggou.diandian.com
railways.kz
canadamerchantsolutions.com
rugame.mobi
carinsuranceonlinequotez.info
aboutdomain.org
degenerierende.puk.ro
podium.wop.ro
www.tvh.no
carenet.com
powersport.ee
linksdir.co.uk
uigv.edu.pe
fmln.org.sv
touristmedia.info
www.doofaa.com
babooforum.com.br
gzsdjck.com
elementalgame.info
nserat.com
dpmag.com
www.94xx.com
www.xxzwm.com
24net.kz
eurobrokers.home.pl
bicarb.canadien.wwwwww.wop.ro
waystosaveenergy.co.uk
zhucka.lt
iyingji.com
richarticles.info
rescue.lvye.cn
pouringpounds.com
gorebikewear.de
nbdaili.info
non-non.info
sublimeperfumes.com.br
3hop.nfdy.net
gotowe-projekty-domow.pl
vegas.by
ps.org.pl
5cina.pe
www.ccip.fr
gavioes.com.br
www.parallel.hu
inerciaonline.com
www.icoat.cc
onmatrix.ca
rhzsy.78.cn
movietools.info
clinicadam.com
hbzyzs.info
uletno.info
m1.510gc.info
administrerions.puk.ro
www.cljob.cn
unpastor.wop.ro
ali9.net
escortlartr.net
gamesfor3.com
benecom.ekatalog.biz
bianpinyo.com
www.xfdh3.com
8899.cu.cc
5ki.ajswzp.com
townhousecompany.com
0790.1775.cn
big-huge-giant-clits-large-cunts-massive-clitorises.com
www.ruixingzhou.com
psvatletiek.nl
urrs.digart.pl
ladest.wop.ro
iinobe.com
ronaldoweb.net
webradio-voting.de
www.81jiaoqi.com
comtectranslations.jp
skylineowners.com
can-check-keno-online526.bravesites.com
www.fmc.hu
linkadvertising.info
wheatworkspro.com
slrn.210000.org
csnne.com
tvfest.info
suzhou.3jia8.com
www.nihao.me
vote.dxy.cn
aseparationfullmovie.blogspot.com.es
berco-medical.com
smartinc.com.au
meuu.com
www.firewarrior.de
www.dangbb.com
nefrit.atw.hu
b-rad.cc
skywatcher.ro
www.sdlxinda.com
stat24.com
unweal.puk.ro
www.fjkeda.com