www.p5q.org
fedme.es
sudmotors.eu
guihuaxiang.com
rw.org.ua
oy.r.gd
slcz.gov.cn
udro.org.ir
westmeathsports.ie
www.adac.ae
carptigers.at
abrus.wop.ro
hostingforum.ca
jfcpphb.org
tancra.es
ybca.org
stanleybet.ro
cbcb8.net
guminagyker.hu
rhbancos.com.br
studio878software.com
remusmunteanu.ro
adrienlieve.be
cdmfoto.deviantart.com
t-oya.net
www.argus.nc
acetify.puk.ro
directorybase.co.uk
webface.lt
boathotel.nl
dfs.is
play.fpt.vn
juancong.com
forum-cz.net
delft.hyves.nl
tulane.edu
rapszodi.puk.ro
cvc.com.br
autodisky.cz
kiba.wop.ro
jxf.mf968.net
osu.ppy.sh
biojava.org
dmoz.fr
arabmoheet.net
969se.com
androidapps.ir
nevtelen.hu
yaki-da.se
7setang.net
jhuresearch.jhu.edu
sh-windows.cn
www.szusz.hu
6degrees.com.my
abur.wop.ro
awa-net.net
inmedias.de
antee.cz
stellula.puk.ro
haijong.wop.ro
www.wernercn.com
rensoute.puk.ro
particulia.fr
ccftn.com
diverrisa.es
laengst.wop.ro
evrokatalog.eu
barretlee.com
www.nbyzedu.cn
ahrtos.de
ciputra.ac.id
hatugen.wop.ro
my.qzone.la
binhphu.info
arcom.com.bd
backlinksbuilder.pro
robin.sh
adminerelle.de
postiers.net
bulkcarrier.wop.ro