pantarhei.sk
18games.net
farmec.ro
www.thegioimaycatdecal.com.vn
www.jcwk.net
www.ipzs.it
jachina.org
rielfm.com.ar
sas.unl.pt
tw-battlec.net
dkurs.com.br
imsec.ac.in
jardipartage.fr
hatelaw.org
animaeducacao.com.br
liuliguang.net
techcity.pk
adjunta.wop.ro
meinmobi.net
kiro.me
hani.wop.ro
tirq.210000.org
rolloshop24.eu
fdro.210000.org
www.fly3389.com
mundoanuncio.com.sv
peon-online.de
votetags.com
cba.edu.sa
www.jrjr.cn
targetaudienceonline.biz
izodiaque.in
dabas.apro.ws
northumberlandphoto.ca
italrgi.it
www.hdav.nl
download-soulja-boy-ringtones.blogspot.cz
raspiate.blades.winderigheid.wwwwww.wop.ro
paxmusic.co.kr
www.jobtu.net
tltonline.ru
realdgame.jp
ziii.biz
winners-groove.co.jp
watchgforcenow.blogspot.dk
seabank.com.vn
alcoranista.wop.ro
pgsa.org
traumazamora.org
www.13366.info
supeditar.wop.ro
ictmedia.bg
xlingpaper.org
noosaluxuryholidays.com.au
www.aoar.info
mobipornhub.net
www.tourismus-statt.de.tl
www.janu.at
yourwebsitevalue.net
www.h-art.cn
nupo.de
www.hol.edu
saxo.ku.dk
www.4-6.com.cn
htzw.nfdy.net
rpej.nfdy.net
mhgd.k3y3.net
houwa.net
cscl.umn.edu
vissoft6.org
www.camsex4u.net
mafia-kingz.de
basemp3.ru
valtech.se
stimulus-hosting.co.uk
gorelik.wop.ro
www.fuvarmarket.hu
telefenoticias.com.ar
travian.cl
psorous.wop.ro
wmkm.nfdy.net
finanz-forum.eu
tennis-am-see.de
trucununweb.page.tl
byngstreet.com.au
gizlen.net
deren.wwwwww.wop.ro
ibluepiscine.it
startcom.org
www.nongjiayuan.in
toxiko.es
generass.wop.ro
www.ku9.me
808866.co.de
ltrucks-business.fr
vmkorhaz.hu
diseurs.wop.ro
hotel-berkenwoude.istats.nl
dupez.wop.ro
www.zigt.be
fapping-n-cookies.tumblr.com
saludcastillayleon.es
grabowski.biz.pl
photoshopy.net
kiezfunk.net
synonym.dartlang.org
dase.wop.ro
www.smya.4f9.org
songyan.com.tw
longilig.wop.ro
tosca.puk.ro
schwabenteam.info
alchimissa.it
zeypo.pl
cacibo.puk.ro
www.4222.cc
theterminatorfullmovie.blogspot.pt
lurline.puk.ro
homeindenver.info
teliserver4.de
banggia.ssi.com.vn
immobilcom.net
ynhxdl.net
isidorus.net
sanchina.wop.ro
fsakfyztshif.1168.tv
laenderseite.wop.ro
hempdepot.ca
asiawrites.org
juancong.com
ahba.com.ar
inzyu.wop.ro
openoutreach.org
wachtkamers.puk.ro
seks.io
483y.k3y3.net
hobby.nikkei.co.jp
www.nyircsatorna.hu
www.studyabroad.ttu.edu
fruehstueck.wop.ro
mith.ru
ebiah.edu.pt
doma.bg
gruppolen.it
ljplus.ru
williamaudall.net
kamalov.uz
coldwellbanker.com.ve
www.themavoedingengezondheid.wur.nl
entkommend.puk.ro
www.muabandat.org
jakh.210000.org
atap.wop.ro
bravofly.es
paymoney.do
www.grand.is
ruxianjiancy.1168.tv
forc.wop.ro
readcom.info
cpaf.nfdy.net
archcupbearer.puk.ro
archiemouse.deviantart.com
py.66wz.net
7setang.net
cascaraamarga.es
jevoyage.ma
ngocha.com.vn
theaustralianleadershipblog.com.au
tm892.net
www.hntel.net
www.uu88.tk
www.0513bj.net