ototo.puk.ro
webnoviny.sk
gouyiyi.info
ebiznesy.pl
alliot.wop.ro
mayuzumi.wop.ro
tuoferta.com.pe
intonet.pl
tharfcake.puk.ro
appelsie.wop.ro
makeupminutes.com
dfuu.210000.org
megashare.vn
linkbyme.com.ar
www.roval.nl
railways.kz
hebinzhicheng.com
jgbi.lizhidy.net
depdagri.go.id
atehenmei.com
ex.by
faiv.com.ve
www.lsbyl.info
axilar.wop.ro
stoppeli.wop.ro
chopperclubbern.ch
allquietonthewesternfrontfullmovie.blogspot.co.at
juancong.com
biel-bienne.ch
policybee.co.uk
apertium.org
hiowe.wop.ro
chachala.com
abiogeny.puk.ro
yieldabl.puk.ro
mykitchen.bg
rupostel.sk
2suchka.name
4heures-epinay.com
4hourrecipes.com
4kbbs.com
4lt.info
afromen.puk.ro
ag3.royal1688.com
av.9mei.us
avahi.puk.ro
ufaina.wop.ro
avelenar.puk.ro
jrpg.jp
avia.tut.by
webcomics.es
awxq.210000.org
b.1205.cn
b3.eduyoo.net
b4.qq.com
eca.ir
gentleman.hu
japanlife-net.co.jp
yq.0316.cc
lecho.wop.ro
room-ayaka.jp
suikerga.wop.ro
tmiura.wop.ro
ai-yellow.biz
fuckinghard.net
iconomaticism.wop.ro
www.aroclubindonesia.com
guihuaxiang.com
bbs.thi.im
t-systems-mms.com
iwubbzy.com
8dsv.56dvd.net
8du.cc
bikehotels.it
snifbrasil.com.br
www.metina.nl
bedayaa.webs.com
minoruta.puk.ro
stoda.wop.ro
intimdialog.com
italiatorrent.free.fr
www.cd7.com.cn
vip.755.com
saurel.wop.ro
discoverychannelasia.com
mzzj.net
xxxtasis.net
mysherpas.com
23055000.ir
bdhg.210000.org
siciliano.it
dgzone.net
abiatec.by
powerbuilder48.co.uk
www.zxpjw.net
udlaspalmas.net
80suncity.net
acuation.puk.ro
amaco.com
solidt.puk.ro
avanzamm.puk.ro
almatur.pl
b3ay.210000.org
blog.dan-teng.info
boozt.com
elektroauto-gebraucht-kaufen.de
jamesbondwiki.com
iida.jp
lioba-usa.de
littleaudrey.com.au
lwrd.nfdy.net
qilu120.com
caprabo.es
matchclub.net
nauticexpo.fr
chiediam.puk.ro
nayeli.soup.io
asperger-advice.com
nbc.org.kh
nzguru.net
xixihuafu.com
jgkf.210000.org
www.jouu.net
luk63.flog.pl
goldinvestmentcompanies.org