daiyoshikensetsu.com
broadsha.puk.ro
aravamud.puk.ro
fukugour.wop.ro
myrebirth.fr
vfb-rajen-tt.de
unmoated.aigririons.wwwwww.wop.ro
taiwanthinktank.org
whitepage.com
envelops.wop.ro
gf-porno.com
sac.epfl.ch
mmm-2011-nussteam-germany.weebly.com
netelement.com
frousses.wop.ro
videohai.org
netsamen.nl
lawiz.net
gap8.210000.org
directorygeneration.com
camisetasanimadas.com.br
yougedi.net
iaoq.k3y3.net
teamparts.ru
10dai.info
siemprelibres.com
www.4233.info
slavsport.ru
oreignin.puk.ro
www.metric.ru
diclehaber.com
www.zhenai.org
cuxkurlaub.de
mettetem.puk.ro
gurukriupa.com
zehh.210000.org
sony.co.za
ept.lu
aanaardi.puk.ro
juancong.com
wradventure.com
quito.com.ec
gonefishing.ru
memphis-bbq.com
xdsc.k3y3.net
schlaefrigere.wop.ro
yasintek.puk.ro
costarica-online.com
internationaltransportforum.org
abalakin.puk.ro
beliceweb.it
joellgardeniers.hyves.nl
cheaplaptopssale.us
guihuaxiang.com
sexmentube.com
wp-copyrightpro.com
jagrancityplus.com
xiangan.cc
spodnepradlo.eu
koinoniablog.net
infocell.info
seogeek.co.uk
6ddd.info
shads.puk.ro
x-entertainment.com
disabledholidaydirectory.co.uk
www.1589.cc
zhck.210000.org
traveladriatic.net
riposera.wop.ro
useful-information.info
854q.k3y3.net
chachala.com
vesti7.ru
udlaspalmas.net
teachy.wop.ro
caoliu522.pen.io
manja-kartenlegen.de
wematis.de
amp.co
povisa.wop.ro
www.0476.org
cycles-lapierre.fr