science.edu
timekeeperforum.com
kwansubo.wop.ro
saida.wop.ro
hupan.net
handpote.puk.ro
msarat-sa.com
gretachristina.typepad.com
niekonaujo.lt
bradan.org
obertauern.at
h.etb.ht
www.52rt.net
socalledgurus.com
efimax.com.mx
c-dreams.co.uk
watch-wall-e-online.blogspot.dk
globalbuyersonline.com
4hf.de
troua.wop.ro
toodamnglam.co.uk
spoleto7giorni.it
xixichengyuan.com
www.ityw.net
ngene.puk.ro
kelvinflor.tigblog.org
sul-999.org
fazoo.biz
flibug.org
jfcu.org
www.tupaginawebgratis.net
megasorteos.net
www.gogyy.com
vietpress.vn
www.nunes.nl
heimbygda.puk.ro
kohlebedarf.puk.ro
enari.wop.ro
www.sordum.net
harrypotterspells.net
hhstyle.pl
xixihuafu.com
tiboo.com
bb-isp.jp
cabcv.com
insatiated.puk.ro
bulainc.org
ganpai.wop.ro
ocker.wop.ro
smakimprezy.pl
483y.k3y3.net
hotels.nl
jandan.net
chris-k.eu
studio384.be
ohiosmartschools.org
blognaz.com
bcc.it
90hi.net
1hqo.k3y3.net
57456345.info
nouhin.wop.ro
matchfishing.it
affaisserions.puk.ro
beate-uhse.tv
us.xspf.org
mysolive.tv
www.zuim.net
ogled.wop.ro
io.com.gt
appu.corrigio.tiratiros.bewegliche.screenwi.wwwwww.wop.ro
mensapen.puk.ro
ccftn.com
www.lvhezi.com
unnibbed.puk.ro
www.speurplaza.nl
mehara.wop.ro
ijfe.nfdy.net
codelab.ru
bunnysneezes.net
cuchot.net
chocolatetcaetera.fr
nodong.org
fffid.com
www.gbbbs.org
ao2.aiao.cn
eudal.wop.ro
latigueo.puk.ro
hutsepot.wop.ro
embedmen.wop.ro
winepromise.net
www.9423.me
ycdr.nfdy.net
filare.puk.ro
acclaima.puk.ro
jhue.puk.ro
alpenverein.de
canadienseneurope.org
dep.no
chachala.com
www.kvazar.hu
juancong.com
0one.net
carzycook.net
lply.net
lucas24.blip.pl
marimari.info
www.plrc.net
newgamevn.net
ishinabe.wop.ro
metin2.ae
binger-bao.info
raumklim.puk.ro
efshop.com.tw
energyonline.gr
internetone.de
patat.wop.ro
sanconhantao.net.vn
www.canalcontemporaneo.art.br
rlp.nabu.de
pmsteel.com.my
meterpodu.in
tectospo.wop.ro
pornland.biz
ngocha.com.vn
nonfinis.puk.ro
pictime.fr
rosqui.wop.ro
bwabwanet.fr
qingting.org
video.soso.com
argesto.ru
eldia.org.ua
erosfreeonline.it
tqhlw.1168.tv
tube4.me
448448.hk
cao.oo.fi
aare.edu.au
83.com.cn
bahmanbroker.com
sobinbank.ru
crunchconnect.com
teoti.co.uk
diclehaber.com
hongwenedu.cn
ledessousdeshommes.com
www.zebco.pl
www.weetix.fr
mountainbuggy.co.nz
todo.ly