3xiao8.com
www.feijiehe.org
96xoo.com
artist4hire.net
captainquarters.net
cursoscrece.com.mx
absoluteteamplay.de
zela.ru
rtstc.com
westend.hu
seo-design.pl
jyoga.com.tw
paulhofer.wop.ro
zadels.wop.ro
3g.189gx.com
www.fundns.cn
parishcreations.com
mideagz.net
www.job.nl
5253.fad3.net
www.thyjyq.com
beautyequipment4you.pl
www.gandezhi.org
3rbang.com
ag53.de
balaeric.wop.ro
uplandish.wop.ro
juancong.com
informaticsblog.it
ibyte.com.br
www.bank.ru
yalm.210000.org
atal.ca
tecnogospel.com.br
euroabc.pl
www.pvp.it
evalq.net
ustronie-forum.pl
bbs.inwesky.com
3l51.com
ningbing.eju.cn
charisma.digart.pl
dasheng7.dginfo.com
parafarmaciamasbarata.es
xmgjj.gov.cn
www.008xhys.asia
bahamayellow.pl
hunvo.com
dukatonn.wop.ro
www.bsdart.org
organicseobros.com
koderuj.pl
fanatizar.wop.ro
meego-fr.org
gaza-hacker.com
ll5.eu
dodmap.com
petpardons.com
genevievekay.com
wolnelewo.blip.pl
ejtyfree.pinger.pl
www.argus.nc
plix.it
wealth-4-all-team.info
shigemot.wop.ro
www.lmygoo.com
www.1688voip.cn
ac.88888m.com
sugarfree.digart.pl
ugk888.alibole.com
ipc.la
camerahacker.com
public.tw
alwiam.info
sm.com.br
11sasa-823b.tumblr.com
zjj.2118.com.cn
miniweather.com
www.fxsx.com
gaydar.fr
kmmsk.ru
pilpul.net
lepszypoznan.pl
www.52bytao.com
eravi.org
mesekonyv.lap.hu
730c1.diandian.com
sz.120job.cn
bookmarkone.info
glutenfreeliving.co.nz
gs.scu.edu.cn
cul.sina.com.cn
zrqc.210000.org
www.dzdq.org.cn
bejoman.com
tousaurestaurant.com
allfilmss.info
submitanarticle.info
yuanxn.com
czugtmjoy.freeblog.hu
gzmr.org
namcogames.com
8ws.org
www.pornokino.ru
polarstj.wop.ro
buienradar.be
chamaliaaaa.hyves.nl
effent.wop.ro
kunituya.blog.so-net.ne.jp
princesspetwear.com
www.zdxjg.com
mobile-phone-cases.net
mediamarkt.at
benefit-skincare.com
fz168wd.com
6vii.qiwen5.com
75409.hemelsesex.nl
yosn.nfdy.net
shbab-2day.net
hakantanta.com
khodroweb.ir
incardiology.gr
walth.puk.ro
caricaturait.puk.ro
habitant-ville.info
www.991vpn.com
adottavamo.puk.ro
linksweet.info
hotel-villasanmichele.it
pda.wyw.hu
downplaying.puk.ro
barnesoldgirls.co.uk
zouza.soup.io
xian8.org
126idc.com
abluo-uk.co.uk
fotoogniwa-sklep.pl
www.ceshiyiw.com
inevadib.puk.ro
fulbright.state.gov
ardennes-online.com
valucrafts.com
www.nfcpgx.cn
djshop.pl
belito.pl
kdu.cc
jutakuga.puk.ro
mall.10086.cn
aufrecht.de
encauzar.wop.ro
1s90.k3y3.net
mobilinstile.it
domotel.net
zandkacentrum.pl
www.96596.com.cn
szfob.com
hapjesmaken.net
sous.wop.ro
99s.name
humyai20.info
www.jhczj.com
gzsyddqkgc.wenju.biz
estamental.puk.ro
sg.9998.tv
obrnadzor.gov.ru
desangrar.wop.ro
xrevlogin.com
55hl.com
ld6.info
corwynt-paintings.de
likelike.com
schlagbaellen.puk.ro
b.chip.jp
wangna.278cc.com
freewebdirectory.com.ar
trafficjam.de
informiertet.puk.ro
reiseversicherung-vergleich.info
jfss360.com
blog.1181.cc
americancasinoguide.com
765aaa.com
peteraki.fecsegj.hu
www.twxsg.com
i-diadromi.com
csjt.jus.br
jx.cn
hotelparigi2.it
88ree.com
predetect.puk.ro
www.123528.cn
esmalagha.ir
www.valeo-motors.com
www.mtbo.pl
www.xingjiuba.net
bagpipewhiskey.com
www.edc015.info
488wap.com
mailidi.com
www.chjj68.com
awek.210000.org
m-cool2.com
todoenminusculas.com.ar
kuhnshop.de
lloydhearingaid.com
ciudadwireless.com
soccerlinks.net
mega-maya.com
vistawallpaper.org
reiki-for-holistic-health.com
www.360xiao.cn
9.tiosysdez.osa.pl
2012007.info
ad-serverparc.nl
dnazsmzj.blogger.hu
miserdom.wop.ro
memphiscitybluez.com
bj597.com
8d1.info
www.ksyajie.wanye68.com
newbornfree.com
cripedistributingstore.com
371jiuxun.com
region.tu-clausthal.de
edunews.pl
rapidleech.com
spermswap.com
eldom2.ru
zyqpgqmtkt.blogger.hu
anus.com
frases-de-amor.me
9darts.net
tate.wop.ro
extremepixels.com
mitula.co.uk
driverok.net
fortification.ru
chl-live.at
rachelmcadams.org
kvaz.com
www.zzzyk.com
99ting.cn
tenendol.puk.ro
bez-kabli.pl
acfli.webs.com
b.8x5x.com
hongke.sinaapp.com
linkadvertisement.info
chordata.info
louwmanmuseum.nl
indiavoice.info
www.ya-k.com
nuestrogiron.com
07136.com
detailsofmylife.net
paczam.pl
armia-centrum.pl
www.xb444.com
aliwaigong.com
google.wiki.usfca.edu
adr168.com
selige.fr
zbierka.sk
www.654ggg.com
it-times.de
ds.778ktv.com
axiez.wop.ro
rugby-kansai.or.jp
podium.wop.ro
brevisa.nzw.cn
sierrafan.pl
aca-m.org
kudel.ru
blazoom.com
chickenmonkey.webs.com
glueckst.puk.ro
flyer-miles.com
hundund.de
indiawildliferesorts.com
sblz.nfdy.net
izucar-rg.com
www.vcg.pl
smil-norge.no
getupfte.puk.ro
54114.net
seguroautofacil.com.br
molodi.in.ua
privacy-pc.com
overpick.puk.ro
kde.org
tcg.ir
aixqyfjkw.de.tl
clgo.sjtu.edu.cn
chachala.com
perennia.wop.ro
buruniv.ac.in
www.xjpqz.org
weekendmirror.com
xggx.zsxx.e21.edu.cn
somxy.com
ultimateoutdoors.co.uk
skadelae.puk.ro
belajarblogger.info
gracierons.wop.ro
cainin.digart.pl
astd.feixue.com
phimsoc.net
finansis.com.br
astarcolombia.com
www.domainrendeles.hu
g47s.210000.org
www.88ibb.com
etcvenues.co.uk
entrtraffic.info
disgorgi.puk.ro
astab.ch
hfrx.yzcn.net
downloadandroid.info
elmarino.info
d4digital.com
cablemas.com.mx
bobo.353hh.net
shemaletrannytube.net
amadermodel.com
kaikei-zimusyo.info
nm1x.info
fixity.wop.ro
518wz.cc