diggersanddreamers.org.uk
vegass.ru
www.edugeo.fr
wdis.co.uk
iot.10086.cn
entrtraffic.info
yunbio.com
kaletepe.net
lfyongchao.net
sharesocialbookmarkingsites.info
tijdschrift.nl
27324.info
prawna.pl
energyprojects.ru
gametracker.rs
pocitacestrasnice.cz
wipjam.com
5wycy.78.cn
changzhoutongcheng.qiannan.org
thepropertymaintenancecompany.ie
eureeeka.net
bluemoosetech.com
centreforaviation.com
cags.ac.cn
linkdirectorypro.com
1k.by
nmxr.210000.org
forteaco.com.br
clbmedia.com.vn
bolsacava.com
wood-china.org
diglog.com
musu.w50.1860php.com
aqueux.puk.ro
bfc-ag.com
jsdoc.cn
minimalistica.org
edzienniki.duw.pl
hqindex.net
anna-karenina-full-movie.blogspot.co.nz
propylac.wop.ro
zayiflamabilgileri.com
laboutiquedecabotages.fr
rankin.wop.ro
fwkg.nfdy.net
amt.in
cbsd.com
loom-berlin.com
www.shop-51.net
acessbm.info
web-fortbildung.de
tsurifune.com
totalfoto.it
cinemastore.pl
elektroauto-gebraucht-kaufen.de
terunoyu.co.jp
viralize.us
szsxhdsj.cn.gongchang.com
www.ccs.cl
7b10.info
shutoshi.wop.ro
acnedirectory.info
samosapedia.com
nsoiuys.at.lv
applepuree.fw.hu
safeway.ca
www.cd5656.com
tusjuegosparafacebook.com
huabaotujidui8.ys168.com
valhallatreestopeople.org
55115.com
logographos.com
dontgetmewrong.org
anqinggouwu.fdcez.cn
unflank.puk.ro
crawlr.net
eurotv.com
blog-ayie.com
aanjoeg.puk.ro
wnrr.nfdy.net
languagestyle.puk.ro
fondras.wop.ro
gzdongxuan.net
rectale.puk.ro
pyvideo.org
serrallo.wop.ro
fietscross123.hyves.nl
fameproducts.com
flagelle.wop.ro
chocottoland.info
theelectronicshobbyist.com
brandosa.co.uk
www.jujudui.com
citygas.co
l2thinktank.com
seoranktool.info
home.ro
100mejores.com
waldomellon.com
dartmouth.org
alfredho.org
zgweb.com
artsmia.org
forrestledbetter.com
relevons.puk.ro
4ufreetemplates.com
schafferresults.com
4259390049.phone.searchwww.com
sharmyman.org
appartager.be
mcgiff.wop.ro
minet.jp
rasaee.ir
ucly.net
mzj.jj.gov.cn
www.51nhjob.com
xsikisizle.net
jpg4.info
gratis-bilder-download.de
deathrock.org
cashverdienen.nl
euro-police.noblogs.org
www.bvpa.nl
allevamentosparacia.com
nsc.ca
pandorabraceletsuk.yhfo.com
whyisabortionwrong.info
wealthcreationnm1h.info
tssm.265link.com
www.farina.cn
dighomedesign.com
uyu.r.gd
ac-font.com
gamei.tld.cc
art.toplista.pl
koren-zensen.cz
stingerstreamlight.com
920807.com
milfcruiser.org
zoyf.qiwen5.com
alarme-protection.info
justbeautydeals.com
averunca.puk.ro
zeyuxin.com
tarpato.wop.ro
hjjcn.cn
no-ip.biz
classoneeducation.com
ke-zhong.com
bjsxt.com
pingguo55.info
replicaclshoes.org
kiribosi.wop.ro
megaflirt.com
craftdepot.jp
artichaut.puk.ro
juancong.com
kimiqueen.jouwpagina.nl
jece.wop.ro
fast-funds.net
hirnezo.hu
mccormickplace.com
membo.net
skyre.wop.ro
www.dachong.gov.cn
gesichtetem.puk.ro
amitoosservices.com
gaoxiao.edu-hb.com
aorange.com
customfreebies.com
cemily.me
offshoreweb.hu
acacia.puk.ro
www.chuanqifuzhu.com
cityalert.com
www.xsbingdian.com
www.heijinsha.com
brandinst.com
getbetterlife.com
www.penghoo.com
tlh-clan.net
bbs.swfc.edu.cn
gostatic.co.uk
fanli.qutao.com
hbb.78.cn
indiauncut.com
logxxxjizz.info
op.pn
oakleystores.net
9me.info
nkkk.fw.hu
wiki-westeros.cba.pl
bolehland.net
kuuno.info
www.sciencechannel.ca
oteu.net
gb-china.cn
www.hongguxuan.cn
educom.ru
serie3.info
www1.cga.com.cn
accoucho.puk.ro
www.cyfphs.com
keepass.info
persuasi.wop.ro
infoiasi.ro
megatunes.pl
84777777.com
mahou.co.jp
pidai.biz
664678.com
88.6h20.com
n-proudia.com
jqbar.com
eddieross.com
138fp.com
mundomex.com.mx
sakawa.wop.ro
360xzs.com
im-home.co
doctorwe.com
moolamails.info
breakpoint.org
automailer.ru
www.iloveou.com
gespod.nl
madmagazine.com
ptjy.com
86jcw.cn
gamestrees.com
dongping.28mmw.com
977hhh.com
dooanime.net
doorwebshop.com
doradcaprow.pl
dorota92.digart.pl
dorsay.wop.ro
lady.56.com
dorsschu.puk.ro
dotbay.info
dotz-wheels.co.uk
douga-isin.blog.so-net.ne.jp
doughy.puk.ro
douken.puk.ro
down.tiange.com
mentors.ie
doxttjppmd.skipword.com
dp.968.cc
draadbeugel.puk.ro
dragueuses.wop.ro
dramsoyport.bloguez.com
www.sxbac.net.cn
drawtheworld.me
dreamactionacademy.com
dreamflystudio.webs.com
dreamtreemobile.com
dred21.flog.pl
drew-brees-gold-jersey.uuten.com
die-ligen.de
drivers-phuket.com
drseanbullard.com
dsb4.com
dssb.2000y.net
dssdztar.blog.mongenie.com
dszy.cn
disney-studio.jp
dentimet.puk.ro
nizakana.wop.ro
poolepioona.digart.pl
promedis.pl
qudoushuo.com
webio.be
articlewagon.com
webutils.pl
www.1299.us
www.gz6sense.com
www.oafind.com
www.pmj001.com
www.zz13.com
xlazyfree.info
zonaurbanavip.com
kvik.es
godycki.pl
buyhomeintime.info
phen375scam.info
887d.com
gardenworld.in
possa.wop.ro
fusspilz-united.de
fhcx.nfdy.net
bashar.org
www.m-ce.pl
china.so
bfcfg.info
netprofitupdatenews.com
reew.digart.pl
nitusind.nu
3g.news.cn
whitewatch.info
jcqceesee.blogdetik.com
urex.co.il
kraftwerk.com
555.kk1155.com
meihao.biz
hksoqol.org
bemoaner.wop.ro
tcpalm.com
mozg.by
geonotizie.it
imokvjjucej.de.tl
arrangetosettle.com
marisapareja.es
cirss.com
www.gz315.org
rzxamsdhzk.blog.kazeo.com
cnsq.com.cn
voorspelling.puk.ro
www.51haosao.com
diva-fiva.com
abc.666hz.net
www.ffa.is
creditors.puk.ro
www.yzxxoo.com
ewrite.us
astonhotels.com
wlocl.pl
bahoa.net
cdsave.com
guchangzhixw.1168.tv
www.3661.com
donto.wop.ro
articlequeue.com
95169.com
inca.gov.br
comicbookjunkyblog.com
chrisfugiel.pl
shiouti.puk.ro
sitemapx.com
annelipie.moonfruit.com
skyclipart.ru
www.hnryyq.com
installc.net
dulichtet.info
adinsight.com
www.77kav.com
ecosmarteonlinestore.com
burninginfo.com
humanfactors.com
filmyhd.net
meizitang.es
dobywheytfb.blogtrue.com
akumei.puk.ro
lalage.hyves.nl
9duu.cn
3ppt.com
pitriete.puk.ro
ajandekozz.hu
black-book-editions.fr
filmstriben.dk
partipirate.tn
22papa-723a.diandian.com
baratnoszerzes.hu
tao.61578.net
www.twdz2008.com
luxurix.com
3dkink.com