jiuyangshenguo.1168.tv
energielive.ro
igmetall.de
credithistorycheckuk.com
newbie.ir
hit.waw.pl
ady8844.com
edition.fm
www.adbax.nl
cmidhyildmgze.blogtrue.com
gwmicro.com
mail.sit.edu.cn
www.liveseks.info
www.szrl.cn
www.imabo.nl
somany.pinger.pl
lyngmo.org
www.enhet.no
www.66kv.cn
german-architects.com
excitingcommerce.de
advancedprintingsupply.com
www.bedrijfsuitjesin.nl
polsatsport.pl
unbound.hyves.nl
onlyrmb.com
www.promarket.ru
nonnenorden.wop.ro
thecorner.ning.com
e-dart.net
irezistibil.ro
msni.210000.org
www.bijenkorf.nl
www.8013.com.cn
afstikte.puk.ro
haifa.ac.il
opac.rism.info
learnshootinspire.com
hkhk88.com
fajniewiedziec.pl
basket.co
www.navtex.nl
billdorman.me
smsmes.com
misreput.wop.ro
mrchildren.co.kr
ciaopeople.it
idc0839.com
udywh.prv.pl
www.majestically.nl
www.gynk.netwww.gynk.net
claims.wop.ro
bitis.digart.pl
mya.co.uk
101ako.com
brstar.ru
filehouse.tk
www.gnr.nl
web56.s1.joserv.de
4zyc.com
fsc.com.pl
ul0l0l0l0l00l0ll000l.info
shagged.wop.ro
www.directis.nl
onlineincomeachievers.com
chachala.com
lesherbiers.fr
operesyo.puk.ro
www.partnerporno.nl
8yd.78.cn
hupan.net
juancong.com
www.aussielines.nl
pixmac.pl
www.fjgs.org
dialog.ru
giveedu.org
ewik.flog.pl
bbcrafts.com
dtp-bbs.com
bjes.gov.cn
bbs.766.com
www.szmk.nl
lus.flog.pl
68liao.info
cheniere.org
porno16.info
1planet.info
kurniasepta.com
lsc.lu
www.tspbx.com
watchoutnow.info
radideneg.ru
akvasib.ru
foulera.puk.ro
kouprine.wop.ro
czkexin.com
okayboy.com
ksiazka.net.pl
hr.am
suchmaxx.de
www.bullsofcrown.nl
f39.cc
manki.digart.pl
lahistoriaparalela.com.ar
asha-multimedia.com
www.overzicht.nl
linksin.info
istyle.rs
terrazooo.pl
70dxw.com
www.algf.ru
wallpapercavern.com
kotofey66.ru
identifydomain.com
niceradio.fr
qudangdang.com
truebeholder.com
crossrail.co.uk
motfores.wop.ro
centrumsportu.pl
yingyong.taobao.com
www.franksnijmegen.nl
palaced.wop.ro
77xi.881mi.net
12881.h-x.cn
iama.gr
www.riia.nl
100web2.it
unlimit.co.il
edulandia.pl
www.mm.taobaowm.info
www.yytao.com
kuhbaner.de
www.vvmt.nl
hypolimn.puk.ro
www.38qingse3.co
bbft.nfdy.net
atheistvoices.com
www.arpo.nl
byethost14.com
dgt.es
dailyme.com
blog.zhulong.com
benjaminkeen.com
www.idkids.nl
7k7kla.com
bestusadirectory.info
bjsyjb.com
tarif4you.de
sub.xfree.hu
bnn.go.id
jz19.hyves.nl
godverla.wop.ro
www.gratisneukfotos.nl
frgf88.com
cyberz.in
www.vemaybaygiare.vn
www.kadanz.an
go.fi
www.centreceramique.nl
www.520707.com
dilkut.biz
bbs.php.net.cn
francaisdeletranger.org
valuveljed.com
creativeptc.info
izhu.org
enago.tw
47qg.com
fusionhq.info
freelinkurl.com
behanget.wop.ro
merida.sk
www.cupidov.nl
trituradorapiedra.com.pe
webfeeds.info
alors.co.uk
adrien.puk.ro
votersdirect.org
bookmarkseason.com
www.seopasswords.com
3aaa.cc
www.skalet.nl
idealista.pt
mgtx.210000.org
feiratecnotextil.com.br
ggd.gr
dachuan.66law.cn
heartrockmedia.com
eqnaiti.bloguez.com
timberlandboot-sale.net
www.ditsmedia.nl
m1.511gc.info
ergosolo.ru
baldhead.biz
anecianh.wrzuta.pl
multees.com
guangxi.qyi168.com
discountissime.com
bookmarkstudio.com
jacksonsnurseries.co.uk
ragten.wop.ro
www.nobco.nl
114.zqzx.cc
clinicseo.es
heeta.hyves.nl
kesent.digart.pl
changyou.net.ms
mohe.gov.sa
coffeesofhawaii.com
buyzocor.org
bloggles.info
data-jobs.com
www.pesthuyspodium.nl
toert.puk.ro
agapemon.puk.ro
www.i027ktv.com
253874.com
blogi.ee
efind.com
indojp.com
sihei.wop.ro
thisisindexed.com
kiwihabitat.net
we-cms.info
laketrust.org
bth.78.cn
zoom-cinema.fr
albaathmedia.sy
wiz.pl
hiphopgalaxy.com
fab.nl
www.liempt.nl
bkz-online.de
66pifa.com
printrestaurantcoupons.net
earnwithinternet.info
coco-sta.com
irreducibility.puk.ro
63jt.265link.com
wegzaubernden.puk.ro
adkontekst.pl
www.uetd.nl
inext.us
consciou.puk.ro
krakow-online.com
idoconline.info
aquincubital.wop.ro
mulberryhandbags-uk.info
www.360bab.com
www.yzuuu.com
hoppet.puk.ro
alip.tk
chocoomint.deviantart.com
innocence13.digart.pl
bjair.info
grabc4d.org
7s6.info
912358.com
www.allindepot.com
cryptome.org
www.yiren33.com
dolosa.puk.ro
www.havenaer.nl
braintree.gov.uk
adygewiki.org
funbangla.com
feedstuffs.puk.ro
99-bill.com
bedthrows.info
discussions.idg.bg
126link.info
56259.com
fratmat.info
www.welnis.nl
cimladonland.ru
dy.taofang.com
dronkenhoertjes.nl
beijing.tigercity.net
brindecida.com
baxonet.com
www.thuisdate.nl
www.dada114.com
noshes.wop.ro
beerleg.com
110mb.com
dlligo.net
dennit.de
cephasministry.com
910x.com
www.ebonylive.nl
expressionfiberarts.com
www.aviko.nl
forvirringen.puk.ro
baotao.com
jsimple.info
directvelo.com
www.mrmovie.nl
bognorpubs.co.uk
emnk.210000.org
debentured.wop.ro
ohoy.puk.ro
www.uithuis.nl
4njd.k3y3.net
campuslinkx.com
loterias-sorte.blogspot.com
insatisfaites.puk.ro
zalgiris-vilnius.lt
1138721.i.tiexue.net
www.asylzx.com
forbids.puk.ro
autosoft.cz
angelcityrally.com
www.baidu.com