zhiff.net
www.cn-ywq.com
lalang.puk.ro
aflangen.puk.ro
taushop.pl
donottellyourfriends.com
guestpost.it
paganfest.eu
mvm.si
www.yiyeqing8.com
missa.flog.pl
konicaminolta.fr
hupan.net
zajezdi.cz
www.masxsbh.com
imsec.ac.in
www.fmadjs.com
mikko24.wrzuta.pl
www.aiaigjame.co.cc
sepaktakraw.kr
nowel.puk.ro
hr.cc
overlap.gr
888.sooe.cn
usablenet.com
mashupdeals.com
myperodua.com
prtrend.de
www.efoxy.de
wahana-komputer.com
auto.0916.tv
bravobride.com
meritdemerit.com
musica.pro
job-less.info
olegkikin.com
at9n.qiwen5.com
www.ordbog.gyldendal.dk
rap-wallpapers.com
www.eultras.eu
shanchengrc.com
chicagokitesurfing.com
odb.org
www.german-airports.de
pyset.wop.ro
deycza.digart.pl
www.yinyouku.com
iphoneappreviewguy.com
ziyoumen.g.178.com
smuss.org
h55.ir
samosapedia.com
firstonline.info
katakiut.wop.ro
organizedwisdom.com
www.sexmmrt.info
informatik-ruhr.de
ferndalepride.com
rerate.wop.ro
ts.58.com
sao123.info
www.tiantiancao.com
bacchusmodesto.com
arvallato.blog.pl
domsportowca.pl
lokale.nportal.pl
jnhssy.cn
passiveprofitsystem.com
www.qqxoo.com
bironevica.hupont.hu
obernberger-inntoifen.at
qdgy.cn
celebrityweddingbuzz.com
meiapps.com
wright-rejuvenation.com
rebuxeru.puk.ro
xyct.net
gtoc.ningbo.gov.cn
www.22wenxinge.info
hk39.info
www.ketchx.com
klipleriseyret.com
www.ugk8888.eb80.com
www.xm51.com
www.saleburberry-store.com
uvir.cn
heathfieldcps.net
leile.flog.pl
www.jinswl.com
nijiushihabi.info
theregoesjohn.com
xripexjnry.bloguez.com
muonline.org.pl
megaferias.com
hhh76.com
nosferatufullmovie.blogspot.se
7469.com
thisdownload.com
ondango.com
neatest.wop.ro
farshonline.com
webprojektant.pl
despecpazar.com
yarkin.cn
skywarn.at
intelmotherboards.7l9.info
zuofan.3839.net
boostseo.info
reasonstobreathe.tumblr.com
witglobal.com
www.reliu.net
tokyomothersgroup.com
currency-today.info
google-world.info
vbcompass.com
lenovae.it
ohmbeads.com
poliuria.wop.ro
trucheck.it
workfromhomefreebies.com
www.ufolabel.tv
steamatic.com
culpornospot.info
77163.hemelsesex.nl
74sifu.com
xixichengyuan.com
www.czary.pl
leblogdecomydz.fr
wushuangol.com
www.saozi.org
www.it-serve.net
mrgooder.com
metmuseum.org
caroleharris.co.za
vvoc.com
www.m1gu3l.pl
infokr.com.ua
wan.to
springsl.wop.ro
o-rid.com
balmerlawrie.com
ww32wwe.688wt.com
provizor-online.ru
worldhealth.net
wowdb.tw
lojamais.com.br
destination-munich.com
newsismybusiness.com
sexendirect.biz
www.xiaoyao.tv
tabu75.link.xfree.hu
bhn.net
neewa.puk.ro
zakazani.pl
kadazant.puk.ro
fachmont.pl
cemail-1006.ce.net.cn
sfr.fr
www.xinzhan8.info
linkibol.com
mesotheliomasolutions.info
www.testbericht.de
kozikaza.com
www.777bao.com
scfy49.com
nerdmonk.com
scheepten.puk.ro
cezar92.wrzuta.pl
ce.net.cn
linksweet.info
lukav.digart.pl
www.6china.info
oddisee.tv
teatrprob.pl
www.ikuaibo.be
ruwinners.com
jdwxs.com
joaofialho.net
www.0755fk.com
ireland.co
www.gzjiaju100.com
www.kdxdc.com
mosesandschreiber.com
www.drbody.hu
www.jnxdcw.com
your-life.in
www.1314cf.tk
opert.prv.pl
www.nkyy666.com
wap.cntv.cn
atehenmei.com
ywxingwang.com
oakleyglasses.xhci.com
www.stonedk.cn
5d6d.cn.im
igor001.wrzuta.pl
tomopop.com
www.hmzsc.net
www.soucke.com
abattrais.puk.ro
thuonghieuquocgia.vn
kawasoft.fr
legitime.wop.ro
vioset.com
openwalnut.org
teitloos.hyves.nl
bizzone.pl
hoggie.wop.ro
vei-dev.fr
www.fatr.cn
yrcedwzp.blog.cz
www.imagic.pl
pioneerglobal.co.uk
www.dag.nl
lztube.com
pacho.com
unribbon.wop.ro
www.tibetol.cn
silverfuture.cn
xxxcul.info
exide-evolution.com
www.cutebutt.org
ergamine.puk.ro
dy.33aaaa.info
www.onccc.com
media-powerhouse.com
www.czdzj.cn
www.588.xxx
uc49.net
christianmp3.ucoz.ru
ajk.in
yaokx.info
popilius.wop.ro
morecashcow.com
aibiki.wop.ro
bunkre.wop.ro
icg6.com
digutsoft.com
wraakbar.wop.ro
audi-zhj.com
www.11ddmm.com
thefnf.org
oknowwhatbride.com
www.xuananh.vn
iphonezh.com
kinosik.pl
meiibrand.com
tequila.polki.pl
ewko.qiwen5.com
www.atlasmediaonline.net
www.nact.jp
filmyamatorskie.pl
foto.durand.nl
xiangfan.bgo.cn
www.qianwancaifu.info
www.v157.com
kercmeluana.blogger.hu
www.heida.cn
monsterstoreonline.com
kyuudouk.wop.ro
www.jidvei.ro
nkp-bulldogru.ru
thingsihavelearnedinmylife.com
patrondash.com
www.sexinn.cn
www.kucom.net
niie.56dvd.net
www.ulanma.cn
hatae.wop.ro
dirwebguide.com
www.jrefpf.01lx.net
mihata.puk.ro
de.indymedia.org
sewrightgifts.com
www.yangbihu.com
21cr.info
argoy.net
mbese.digart.pl
www.xiangwenwl.com
yangche.16888.com
mibae.wop.ro
slcdailydeal.com
dezkargaz.info
skimap.jp
www.ppnba.net
dukang.com
44456129.qzone.qq.com
www.animalsmatter.org
webpagemistakes.ca
ouropenmind.com
su8.tv
www.out.ro
www.bjxrsz.com
www.3czz.com
tourviet.info
fuliao.com
vip168138.com
www.zying.cn
solarweb.net
www.jtyy120.com
audi.ie
jeffsutherland.com
www.000814.com
zeek--reward.biz
www.prokopka.cz
www.80ru.com
fzpiaohong.com
wynikilotto.com.pl
www.killdog.net
americangeneral.com
scfsez.com
smorzass.wop.ro
zazp.cn
www.dsshow.cn
www.345pp.info
toprank.mobi
ksftea.qq.com
xyn.me
nomi.pl
www.hnehome.net
foroexiliados.net
rallyeaichadesgazelles.com
jrsebooks.com
www.jylwjx.com
bh44444.huijucn.com
zls.jookn.com
kaytag.puk.ro
ygwg.in
pornoh.info
dyzii.flog.pl
qualitybigmovies.com
rendezvous2012.info
excite.com
shukeika.wop.ro
fpc.unl.edu
www.tsinghua-sz.org.cn
dfh8.cc
www.youzhikew.com
delphinus.com.mx
statscity.com
t.co
wedding-index.net
ysqg.1168.tv
leeson.com
women2.net
n-kasa.pl
wz.nxnews.cn