www.autech.cn
www.sese100.com
www.xiaoshipeng123.com
www.sxgszx.com
www.543dd.com
0316.cc
barcelonaitu.com
www.creatunion.com
theinfinitys.com
920807.com
www.sxcaideng.com
articledirectory365.com
pc-love.info
wanthamaria.ac.th
www.tayor.com.cn
gzhtj.cn
www.aaaalarms.ca
hrwk.265link.com
www.dszy.cn
twinkletoestheclown.com
cn-ddc.com
my.xishui.net
www.chinaloyalty.com.cn
bibliotecadecartago.es
workhome-press.net
upam.info
www.mgqxw.com
siteguide.jp
sexporns.org
log.netbib.de
wyxk.cn
qlweb.info
the-expendables-full-movie.blogspot.in
dung.qiwen5.com
ces666.6te.net
super-nowa.pl
www.6655.in
www.caoke.in
imyxiao.com
awardspace.com
sencor.net
www.520yzm.com
www.mianmo90.com
www.hunydon.com
bayoucrosbys.com
www.tctv.co
pop64.de
www.5hdj.com
hpot.jp
grahamobservatory.com
berlinhomoeopathy.com
app-coming.jp
www.world-slate.com
lapenseedujour.net
afbreken.puk.ro
www.jingutongt.com
www.jchzz.cn.vc
zhonghuan.sh.cn
bestbusinessdeals.info
bk80.co
artisten.puk.ro
guihuaxiang.com
uhjb.nfdy.net
junglemandan.com
recurvit.wop.ro
unwived.wop.ro
roughporn.info
opwind.wop.ro
zizka.digart.pl
1920-30.com
ku188.net
expressloon.info
khanehirani.com
gorkori.lap.hu
fate-extra-ccc.jp
infotop-a.jp
gouwu.15566.info
33lian.owns.it
rafalek147.wrzuta.pl
www.598wl.net
www.ynjbh.com
www.qzoneqq.org
taeswaripde.blog4ever.com
poteriashki.ru
beautysel.com
thinkersforumpakistan.org
wampur.wop.ro
rediez.ru
www.hsktv.net
globrix.ie
www.renti444.com
eukalipta2.hyves.nl
www.xjgytzy.com
hystar.net
pomiar24.pl
www.xmball.net
frivolousengineering.com
www.yerpd.com
nbcorner.com
szxyzs.alibole.com
sport24.pl
hao168.cc
5htp.org
www.baiduxc.com
beauty-makeup-line.blog.hr
www.apxinchao.com
wpthemetoolset.com
indiantvtoday.com
greenfarm24.pl
www.3jaa.com
tanks.lv
www.tqdkw.com
seoulforeign.org
www.saolaopo.com
genocidefactor.com
actuele.wop.ro
qiye.asiapump.cn
www.977cao.com
s-midea.com
mhg.baidajob.com
rtas5h.net
www.720ai.com
worthofweb.com
holyprotection.net
laberpla.net
job-for-life.org
www.8886.me
forbrukereuropa.no
nishizhu.net
wechselstube.info
capri-technology.com
lemondedesavatars.info
salesforce.it
ssnet.ro
saveyourseoskills.info
flight.118114.cn
9790.net
www.jsugs.com
100x.jw.lt
taraduncan-lejeu.com
keops.fr
11seba.com
www.114t.net
whxhgp.cn.nowec.com
ugur.tv
dstar-relay.org
niik.com
www.xmlian.cn
sinhgad.edu
aroundtheworldin80girls.com
mac2hack.com
mofudouv.wop.ro
www.caozhouhong.com
www.53jkbb.com
tsamaliapr.a-livesexasian.com
www.10086qb.com
deliveringscratch.com
gybjgs.com
jeef.com.cn
11sasa-823b.tumblr.com
www.ifeng.com
www.taoke155.com
crampton.org
gohotrod.com
rasperan.puk.ro
steviva.com
zzoox.com
youth.lcu.edu.cn
estounanet.com
dermaske.puk.ro
www.kanmaopian.net
aburae.wop.ro
www.obon.com.cn
pulpmedia.at
trimtex.ee
www.xyan.tk
fabelleer.puk.ro
www.360nk.com
66ssss.com
cmr.blox.pl
ovindolimagnola.it
space.mit.edu
jokutyahaz.hu
www.taoess.com
flcompres.com
cc-tinho.gicp.net
webdatasolusindo.co.id
www.olx.com.sv
www.seo.it
dailyfit.ru
project.ecm88.com
paleba.org
www.iwjz.cn
soso.688wt.com
zwierzakowo.pl
ad-sinistram.blogspot.com
tayuo.com
bastianhofmann.de
flashbuilder.net
gamerzheaven.info
huang-ming.org
exchange-rates.org
touchdown-music.com
6601.wapbm.co
textapint.com
news.175r.chu.jp
www.seguifei.com
paintoolkit.org
www.converse2000.com
www.jhu.cn
www.netcao.com
www.mingongxd.com
www.szmeixin.com
www.dlzfgjj.com
www.27zjj.com
steamily.puk.ro
gourmet.minkei.net
028mov.com
cxteaw.com
ucdavis.edu
www.fp111.com
www.51drying.com
www.jmsc.co.jp
mango-surf.com
www.lajjw.net
www.xxx221.com
www.armdi.org
www.ebuyingbrand.com
index-city.com
coralandmauve.at
www.s80.cn
tornano.wop.ro
motohacker.fw.hu
br.de
coadan.cl
www.trendjet.hu
www.pts80.com
centravi.org
juancong.com
www.siusi.it
ucob.210000.org
wqjz.net
brett-rigby.com
www.langke22.com
gymnasttube.com
hc08.cn
bekesi-ceg.lap.hu
mb.gay800.com
xjw66.org
www.okmaidan.cn
socialbookmarkinghub.info
matasano.com
www.dfxz.info
leevbsng.skynetblogs.be
wurstbrot.at
www.pagesinventory.com
mp3.easou.com
www.yingmi.info
www.tjdjw.cn
canobd.4zc.info
rubbersole.co.uk
greatfunsite.com
www.blshe.com
hquq.nfdy.net
www.2dh5.nl
www.huizhijia57.com
fansw.tk
suchmaxx.de
zakaria344.hyves.nl
kidsgames.org
ronpaulblog.de
lqjl.cn
www.664mi.com
ph84.idv.tw
private-bad-credit-lenders.com
jp345.com
insideaffiliate.net
fotos-host.ru
andungen.puk.ro
wildguns.org
institutojosevitti.org.br
daneshnews.com
mikevillar.com
richbrain.tv
traumaticlesionsbrachialplexus7qv.info
websiterankingtool.net
q49k.56dvd.net
riomittta.bloguez.com
www.qiteyy.com
www.xinzhan8.info
www.netnr.com
ntxlzx.w1680.com
findl.com
infiniepassion.com
bbhh77.com
www.sujiali.com
stlhops.com
royal-pet.com
360tbw.com
persianwell.com
latestonweb.info
www.lhdry.com
esefde.co.uk
redlightevents.com
funkybutt.ch
theweatherchannelkids.com
matthewgraygubler.org
www.21831.com
cycloch.net
forbot.pl
freearticleadvertising.com
marry.e0580.cn
www.ziben.sx.cn
sork.digart.pl
lifestylesunlimited.com
aziro.ru
vagabond3.com
wapymy.net
hockeycentric.com
www.xiaoxiaoyouxi.net.cn
gsmnzq.78.cn
happybb.net
sixpackshortcuts.com
hysolar.taobao.com
www.wasmiyaalharbi.com
029hifi.com
forum.hyblue.com
www.134cpc.in
www.88szs.com
dazer.soup.io
www.jiuku.com
audit.org.ir
handytutor.com
sedar.wop.ro
nzck.265link.com
anklagee.puk.ro
atmoonblog.seesaa.net
izabel.in.wonderland.pinger.pl
www.cnsale.com.cn
charlotte-classified.com
puzzlewiki.org
phpadvent.org
me5168.com
www.ytrc.gov.cn
www.xa24.cn
squarespace.com
atflashgame.com
www.mike114.com
hotedra.eu
qd.ganji.com
nj179.com
go2bookmarks.com
www.jxsi.gov.cn
commissieloosduinen.nl
www.eh027.com
jnzxw.net
www.hotsales.net
sev7n.net
yourft.now.cc
www.xxbb.com
justwipeit.com
fixskyrim.com
tong-bao.net
autostat.hu
www.ymmdy.com
everspringco.com
thedailyguardian.net
shaundachambers.com
abattrais.puk.ro
www.5dktime.com
www.njcyyin.com
www.gia.se
www.nfglasses.com
nlbouw-online.nl
reliv.com
www.51sanreqi.com
otasoul.com
wap66666.com
www.leaimall.com
bens-kd.com
u148.com
anyladyboy.com
kuznak.com
7huc.com
ysong.org
airsoft-71.tk
www.wumingxing.com
gzhimin.com.cn
www.ifengfu.com
mycam.hu
www.qqcun.net
whitedominated.puk.ro
tektite.wop.ro
www.xinwyt1.com
www.insurance-value.net
xxxxpppp.info
www.plrenti.com
www.126v.us
hf.58.com
smskeen.com
utunuki.puk.ro
www.passionarts.cn
sicily.pinger.pl
3erat.com
www.haju.cc
freebusinesscheckingaccount.info
dynasty-scans.com
www.scopsr.gov.cn
gxlib.org.cn
www.shixibuluo.com
fdc.86516.com
www.lf-xd.com
www.haose100.hase.in
balmerlawrie.com
chengrense.info
www.japornzine.com
hatugen.wop.ro
siprep.org
flaunt.nu
sslwebapps.net
zetts.wop.ro
corticium.puk.ro
www.e-nunta.info
biurovita.pl
www.hbtygs.com
uniben.edu
www.dag.nl
www.118ddy.com
www.ynzp.com
www.ya-k.com
www.moem.nl
injusmast.bloguez.com
piowiec.blip.pl
edortila.blogg.se
www.nabhi.nl
butterflysearch.net
zolza.digart.pl
namelessnow.info
www.zdxxjs.com
www.wvw.sexinsex.net
mobilfunk.ru
24cast.tv
areldee.co.uk
zigonggouwu.fdchs.cn
www.qsw11.com
houseboy.com
www.ehuaren.org
elivecd.org
newclient.us
pop-fashion-wholesale.com
lectoren.puk.ro
www.lirui.cn
pwnt.co.uk
cpu.pchome.net
jiansui.life-sky.cn
okselstu.wop.ro
bewoning.wop.ro
247livesupport.biz
www.ppnn.com.cn
kakabai.wop.ro
hobgoblin.com
buyingiq.com
cylex.com.ar
tyjobgites.fr
www.9ailian.com
e.cn.miaozhen.com
www.020sunrain.com
www.otc100.cn
administrativejobs.com
www.trewg.info
probka.keep.pl
homeownerinsurancehomez.info
www.lfinfo.gov.cn
forumsocialcatala.cat
sex88.cn.vc
rueckgan.puk.ro
www.kdyhao123.com
www.0856999.com
mormonvidz.com
ml.tc
www.1wangluoyouhua.com
www.qhdslqj.com
kount.com
url.mingba.cn
mywordpower.com
windward.net
2kbz.210000.org
votencmentalhealth.info
mikrobiolodzy.pl
www.rdphb.com
josiekittyartist.deviantart.com
elongati.wop.ro
www.ks116.com
modosa.wop.ro
www.28560.cn
news.sohu.com
www.aaaui.com
www.720pc.com
indrayavanam.blogspot.in
wp.nu
www.serviweb.es
goltonto.blogspot.com
www.tf56.com
www.forex250.com
www.lvbags2012.net
www.cniba.org
active-bookmarks.com
www.123v.us
www.yangwo.net
flaveur.net
todj.ru
www.xxx445.com
drpp.nfdy.net
quirozinvestigations.com
www.pan66.cn
imaa.ca
www.zhua.biz
thefreedomgarden.org
btwl.xjbt.gov.cn
dj057.com
bancobest.pt
economicoutlook.net
triphammered.com
www.cyted.org
atehenmei.com
www.btmu888.com
gzhsx.ywec.cn
forum.recme.net
kelab-umno.com
www.211av.info
twb.ly
ferraday.wop.ro
www.bjxyj.com
rivasweightloss.net
sqcvnbhbpk.blogger.hu
aicuxiao.com
www.90qj.us
www.rcycpx.com
www.wendys.com
www.bokfynd.nu
alexa.tool.la