www.s80.cn
s-midea.com
tech-mania.com
schwab-global.com
buildidaho.com
thewebdir.info
puzzlewiki.org
rapidfreecash.com
translator-online.ro
www.freesrd.com
royal-pet.com
btwl.xjbt.gov.cn
gryc.com.pl
kino.ulunix.com
dstar-relay.org
nctarena.com
yutoo.info
kelab-umno.com
selfesteem2go.com
www.gmzzb.com
www.1wangluoyouhua.com
outbustl.wop.ro
niuba1.cn.alibaba.com
www.tagouwuba.com
www.bnwdoors.com
mobile.letv.com
fnhd.nfdy.net
www.dblipin.com
icy.blog.hr
www.xxx113.com
fudle.info
gzhimin.com.cn
www.88szs.com
9dmd.com
www.plantprotection.org
jgbloom.com
www.xiaosehai.net
latex.blip.pl
londonlibraries.gov.uk
hngruppen.dk
hotedra.eu
thehackettgroup.com
meilida.com
good-exercises-for-losing-belly-fat53.webs.com
miseffec.wop.ro
casalpoudelafiguera.net
www.xenagia.net
www.38bibi.com
sex88.cn.vc
gorkori.lap.hu
www.caozhouhong.com
zzoox.com
allmetalforums.com
stop.pp.ru
seccanti.puk.ro
haoj.nfdy.net
zagol.com
pay.91193.net
wcu.edu
carfax.es
www.jrjr.cn
www.5573.cn
rebecaflores.net.br
wbadvies.nl
www.aaaui.com
www.livenation.cz
www.paw-talk.net
inou.pl
www.ynjbh.com
kobus.digart.pl
vendli.hu
dumai-oke.us
www.beautyline.ne.kr
naveed.wop.ro
orkut.etc.br
www.teta.com.cn
coadun.com
www.leaimall.com
www.0519sun.com
haowang.cc
daoyou.chutou.net
noe-lle.info
www.hyjjyule.com
www.apxinchao.com
www.dlzfgjj.com
josiekittyartist.deviantart.com
macroviz.com
sxgangguan.cn
www.sisterma.com.cn
wurstbrot.at
tanks.lv
sassan.wop.ro
vake.puk.ro
www.ziben.sx.cn
recipebook.com.ua
nantong.chinaibi.cn
www.hunydon.com
quizy.me
boyi.nzw.cn
chile-excepcion.com
ukers.wop.ro
prosatnas.bloguez.com
overkillshop.com
holyprotection.net
livebookmark.info
e-registration.fr
cubeent.co.kr
asiunia92.digart.pl
shop-n1.ru
zalatransair.hu
flaunt.nu
sfdsa.pl
shew.210000.org
www.sotocom.nl
tstt.net.tt
sjc.pku.edu.cn
yqgw.info
computerblog.ro
www.27zp.com
institutojosevitti.org.br
gtalbot.org
paramusic.com.cn
d9k.info
ilaclar.gen.tr
une.edu.ve
yogavillageacademy.com
lmlocgb.co.uk
avant.wop.ro
www.jsfair.org
johnabraham.org.uk
allsites.info
rogatory.puk.ro
uncorner.wop.ro
www.shifangyali.com
aqori.com
italiadonna.it
www.reisebox.de
marco-debenedictis.com
www.hfxdn.com
walfisch-freiburg.de
www.waha123.com
porcelaindiaries.com
bikaiset.puk.ro
crivellato.puk.ro
tvxxxx.info
ggdir.info
wojtekkk.digart.pl
cognisab.wop.ro
www.3p3p3p.com
reiki.info
www.125jia.com.cn
shaolinwengchun.info
qamu.fecsegj.hu
touchdown-music.com
notepad.lv
treubruechiges.puk.ro
www.sokanakan.net
lxvoip.net
tremani.nl
www.prijzengala.nl
f9h6.265link.com
577gc.info
radhamad.wop.ro
davidvegh.xfree.hu
runningleanhq.com
www.kanpic.com
www.xiaoxiaoyouxi.net.cn
tvbtm.info
www.94kmm.com
techeducator.net
gdziejestdziecko.pl
mambiznes.pl
shopblackhawkjerseys.com
www.gupuw.com
triphammered.com
caoliushequ033.pen.io
hot1079philly.com
wayofthestringer.co.uk
organopet.hu
manusite.pl
bestmalwareprotectionx.com
dreamweaver-templates.org
www.499vv.com
www.pagesinventory.com
churchclipart.net
nickjwifey95.webs.com
lifechips.inrf.uci.edu
goldwave.ca
yshome.jp
jed.blip.pl
www.aaaalarms.ca
monstermediaworks.ca
friendship-bracelets.net
batboard.net
www.jfss360.com
myj.ningbo.gov.cn
ledswelt.de
guihuaxiang.com
old.czga.cn
beautysel.com
skitrip.biz
scritte-glitterate.it
thefitblog.net
ruagra.biz
uvyk.nfdy.net
www.17sese.co
kagetsuk.puk.ro
vanstockum.nl
www.933w.cn
fpt123.biz
www.strakennat.nl
wamnet.com
harel-group.co.il
a2.cn
freelink.dichthuat.org
wapymy.net
mybbstore.com
ipn.mx
email-bomber.info
kostengu.wop.ro
myip.net
mytixu.com
bytesbrothers.com
panfi.ro
paintoolkit.org
pakistanupdates.com.pk
bestabcd.info
kangbaiwan.com
bushoward.com
iphone4arab.info
baike.baidu.com
www.kanmaopian.net
jackleg.info
fav.cc
sea-hotelier.com
square7.ch
medicins.puk.ro
hagiangvui.org
www.wvw.sexinsex.net
telemax-tv.com
houseinthesun.com
glosminska.pl
luoak.co.cc
dailysms.hu
www.ybdmjy.com
uppop.puk.ro
pc-love.info
9y2.info
webuiltit.biz
www.ymoq.4f9.org
www.dcnews.cn
ukbankholidaydates.co.uk
forum-bon.co.jp
www.converse2000.com
janas.flog.pl
regm.wop.ro
wsseo.ru
interracialvideos.xxx
kiosk.redakcja.pl
jnzxw.net
historijagradacac.blogger.ba
www.pro6.nl
www.tolle.pl
www.xueshengjiaoyu.com
lt02.net
www.yubenge.com
plus613.com
comerafuera.mx
brechthouben.be
polarluft.wop.ro
zone-sharing.info
heijinsha.com
ndsv.bg
sorglosbuero.de
getreidesilo.puk.ro
bifen.zuqiupan.com
www.seguifei.com
www.aigle.fr
racemotorvirtual.com
risqueraient.puk.ro
allstudentsconnect.com
www.qqfz.cc
forumfotografia.net
ghafla.co.ke
buildwebhost.com
51fdc.com
euroclinix.com.pt
cardplayeritalia.com
www.dd.122.com
plusxplus.co.uk
tv.cn
chinasbsj.net
ricardotayar.com
gobuck.com
lolking.net
lyy.dz.vancelle.net
acheinobrasil.com.br
lawgazettejobs.co.uk
ipaddressapi.com
avtoport.ua
www.zgrniu.com
splocik.blox.pl
todaystats.com
stealth.to
cnmt.ru
www.zxtjy.com
learninglinux.de
woodshape.nl
localnewsnow.org
www.dtgm.cn
www.126v.us
sso.yofogo.com
rcreducation.com
bartisschatjexb.hyves.nl
www88.us
www.28560.cn
heli-depot.com
www.5dktime.com
szsxhdsj1.qqkkaa.com
www1.hays.ie
stevendhill.net
fideliscare.org
alanalovesgirls.com
sandspit.biz
www.rdphb.com
hopkinsonalert.org
bunno.wop.ro
zaoolpos.webs.com
synovate.nl
www.thybz.com
www.85sfzf.com
chiwest.cn
wyxk.cn
legend-clan.net
muriloq.com
ninawe.hyves.nl
news.sohu.com
trackbusters.fr
allhostone.co.uk
www.maisiliao.com
statefundca.com
www.90ho.cc
murmure.ca
freearticleadvertising.com
sm-ex.com7.info
fermapolitica.ro
www.555bo.net
qlife-kampo.jp
paleba.org
geowarehouse.ca
www.qimi.com
beholder-reputation.it
sg4ge.com
testinge.puk.ro
katieslovelyescorts.com
bookmarking2website.info
www.cmtravel.com.cn
www.uuloo.org
www.chequer-board.net
www.gordic.cz
siggisig.wwi.is
ynumba.com
sidmailserver.info