bai80.com
apphex.digart.pl
widdis.puk.ro
appleblog.pl
pgi.gov.pl
www.cy072.cn
ar4.pl
www.jaksw.com
aras24.pinger.pl
simplemediacode.info
arbointeractive.pl
voucherseeker.co.uk
arcoline.pl
arielvanp.blip.pl
novopolotsk.biz
arka-noego.org.pl
www.ipzs.it
socketlabs.com
armaggeda.digart.pl
hktrend.coms.hk
pavera.wop.ro
arme.digart.pl
armodz.pl
2000-hyundai-accent-repair-man.blog.hr
hinagiku.digart.pl
sbln.nfdy.net
die-3beiden.de
chengdeditu.51yala.com
ars.prv.pl
fuzhong955.bbs.net
5dy.181.net
kele.com
animalpak.pl
art.blip.pl
griesed.hyves.nl
artbay.pl
capro.co.rs
artificialgirl.digart.pl
homeopathicmedicines.biz
rw.91.com
artinpoznan.pl
www.h-u.com.cn
artliszka.digart.pl
mhls.3839.net
pdc.cl
wykruszek.digart.pl
indonesiaberprestasi.web.id
artma.ayz.pl
artpal.pl
xijm.210000.org
movfilm.net
dix.blip.pl
www.yinse77.com
artpilot.pl
zaisan.wop.ro
drittereich.info
www.swtsz.com
asiam.digart.pl
afho.lizhidy.net
asiowe.digart.pl
castlevalleyoutdoorsgallery.com
aspius.digart.pl
www.xxx71.com
asta24.pl
mentalfocus.hu
astraaal.pinger.pl
diszhal.info
asunia12.pinger.pl
ynpt.nfdy.net
asynastra.digart.pl
www.asianseksfilms.nl
asystentzdalny.pl
areavibes.com
aszka1.pinger.pl
homikus.pl
ata1.blip.pl
pascalhens.de
atlas.asp.net
kamrat.com
audit.org.ir
atoato.pl
icc-picturebank.dk
bstolarska.pl
atrides.digart.pl
atus.digart.pl
5553366.com
atz1983.digart.pl
wingsandwheels.webs.com
auril.wrzuta.pl
usvjaty.ucoz.ru
av.pl
sale-2011.co.uk
ninjawebsupport.com
avanti24.pl
avi.digart.pl
afsolt.puk.ro
mm-girl.com
awawotuh11.prv.pl
wxayt.com
awer.blox.pl
speedstacks.com
se.987ggg.com
axass.wrzuta.pl
haptotro.wop.ro
glak.tk
axiom.blox.pl
gepredig.wop.ro
ayawish.digart.pl
www.fanwan.net
proassist.nl
www.baiduabc.com.cn
concrete5-cms.de
azrael.digart.pl
zsb.sues.edu.cn
b-site.pl
affsc.ca
b52.blip.pl
ipp.nbp.pl
babooshka.blip.pl
moggies.co.uk
babybemine.pinger.pl
mobilecastle.biz
bacrobad.com.pl
www.kaztrk.kz
bahamayellow.pl
gisse.wop.ro
baijob.cfw.cn
kinhdoanhforex.net
engspret.puk.ro
bako2000.pl
65-lat-temu.salon24.pl
slotbalansen.wop.ro
ballac.wrzuta.pl
hlds.pl
baq.blip.pl
unioncountynj.org
barabara.digart.pl
www.hxer.net
bardpl.blip.pl
jafland.info
barren.blip.pl
toplistenserver.info
barta.digart.pl
flowersweb.info
bartekft.digart.pl
www.zfeiwang.co.cc
barthez1994.wrzuta.pl
qqmsr.com
bartlomiejsikora.pl
fqai.info
bartoosh.digart.pl
divers.toateblogurile.ro
barwn.pl
www.av.887e.info
basienka71.wrzuta.pl
www.veteranpark.hu
basiura2.digart.pl
angel125.flog.pl
batajlowjuu.pinger.pl
harbin.gov.cn
bazagmin.pl
kamairicha.com
bazyli.blip.pl
www.jakx.cn
bbs.cf8.com.cn
wssdljn8f.1168.tv
bbs.cfanclub.net
www.trip8080.com
bbs.php.la
sv-urban.com
bbs.php.net.cn
male-mode.com
6hw.hk
www.okcccc.com
bbs.php168.com
noclose.info
bbs5.cgiboy.com
beatx.digart.pl
verhaaste.wop.ro
xjguma.cn
www.hellenicgenocide.org
becapri.digart.pl
www.fozuli.com
be2.it
bednar.blip.pl
razavimet.gov.ir
bedziegit.pl
vippivertailu.fi
belf.blip.pl
cargift.cn
belfagor.digart.pl
minegawa.wop.ro
belgi.com.pl
hunted.com.pl
belie.wrzuta.pl
tencuidado.es
nflschedule.tv
bellana.flog.pl
smp.no
bemben.blip.pl
1.lapianyi.sinaapp.com
beneqs.digart.pl
amway.com.hk
www.yiwuchina.com.cn
textilorszag.hu
bennevis.waw.pl
www.youthinfo.biz
beres.com.pl
fhw.gr
berka.digart.pl
555.kk1155.com
beskidy.pl
golshidth.com
diagonale.at
betab.pl
betka.pinger.pl
eaak.tk
betty-bo.pl
telesphere.com
beyond.pl
www.gxjlyz.com
beyondrainbow.pinger.pl
imaa.ca
bezdepozytu.pl
buildyourchannel.com
beznadziejna.cba.pl
bfgp.pl
efene.592360.com
bia.flog.pl
biala.sds.pl
webo.kz
bialystok.pl
71.ru
bialystok.tvp.pl
yhiu.qiwen5.com
bianxoo.pinger.pl
1jia1.info
bieg2012.pl
24hourfashiondeal.nl
bielenda.pl
www.7g2.net
bielsko.pl
vigsys.net
www.aidingge.com
bies667.digart.pl
www.ahnk120.com
bieszczadzkietabernus.pl
hubart.digart.pl
bieszczadzkiewzgorze.pl
akk.qjwm.com
bigblueberrysmile.digart.pl
www.u9h.net
hktkw.net
bigloovee.flog.pl
enewsletters.hbr.org
bigosboss.digart.pl
www.881mi.net
bigu.blip.pl
dreamtreemobile.com
pulsedmagnetictherapy27t.info
xunlei520.in
biocity.pl
www.gby.cc
biokurier.pl
iech.56dvd.net
bioviterga.eblog.pl
pasotsuu.wop.ro
bip.gov.pl
onamet.gov.do
116111.eu
biscuit.flog.pl
www.link.aruhaz.co
bitchshirts.hyves.nl|orokanaruhitorigoto.hamazo.tv|www.bianpingyou114.com|vulden.wop.ro|cherry365e.jumpingcrab.com|dkaro.xfree.hu|www.sx980.com|ferociou.puk.ro|airedale-rescue.fw.hu|gtt5434.com|tyga.wrzuta.pl|combatpoetry.com|hydrate.wop.ro|c64-seuck.pytalhost.de|www.fl78.com|dssdztar.blog.mongenie.com|3g.204.at|bxy1.lizhidy.net|www.se290.net|www.naoshikou.com|imwsr.com|www.ying30.com|mgvl.nfdy.net|tj.tianya.cn|dwbc.nfdy.net|zyspjx.cn|regionaler.wop.ro|sirokura.puk.ro|qizibai.com|www.12kredit.ch|dora.nfdy.net|www.laobingjn.com|logheaded.wop.ro|www.wo.gov.cn|dibao.org|ballotte.puk.ro|www.kjshidai.com|diasynth.ru|www.xshpjy.com|www.lebaw.com|www.sufte.com|domesdaybook.wop.ro|flits.puk.ro|irwx.nfdy.net|gracybeauty.com|koujyu.wop.ro|bundcasul.bloguez.com|wegenkaart-adorp.istats.nl|www.dns.la|amerimed.com|potup.digart.pl|tylopodo.wop.ro|sellbeautyproductsonlinefws.wordpress.com|clmz.k3y3.net|rcls.nfdy.net|www.ybzhan.cn|www.07qccg.com|wanggou.daogou1.info|aiyayaya.info|kitakanto-carsensor.net|xzqc110.com|photosketcher.com|sn.189.cn|haack.wop.ro|www.tsyouxi.cn|www.cctpsw.com|www.v0z.net|gk.52admin.net|reanoint.puk.ro|hgki.nfdy.net|www.khl.com.tw|brickbat.wop.ro|www.mg150.com|365aiao.com|hishopper.com|xfx.com.cn|eqih.nfdy.net|jyweqcfrlk.blogtrue.com|www.babaw.com|www.webcns.com|www.186hh.com|www.cqchengjie.cn|ningxia.aiao.cn|minxiao.eol.cn|loach.net.cn|tfwfjdaxzv.freeblog.hu|bbs.tzi.cn|www.jxmgbs.com|bilder.lc|yiche.taoche.com|v7.reimeee.orge.pl|0769himin.com|zekb.k3y3.net|1stones.cn|pinchi.wop.ro|danchewx.net|6hgc.net|10xd.210000.org|dhvr.nfdy.net|www.tianjiaodkj.com|rmtj.net|zindoro.com|tool.im286.cn|www.ahswxj.com|herumspi.wop.ro|www.xiatan.cn|www.cdlzhg.cn|www.szraskj.com|yqjm.78.cn|amelin.ru|swgo.nfdy.net|pianyi.hk|www.0573xuechenet.com|xoxthewhiterabbitxox.deviantart.com|jbpfbnbzj.blog.mongenie.com|soft.360.cn|wufawutian.fyfz.cn|longtail.com|www.yj27.com|anyz.k3y3.net|elsh.k3y3.net|wh.315ts.org.cn|digi.3g.cn|www.geyuce.com|www.sf8556.com|a.mobantianxia.cn|nk577.com|www.happyzy.com|www.lmmw365.ne
www.ditsmedia.nl
bitis.digart.pl
winx-is-magic.webs.com
www.jrhjw.com
biuropetra.pl
o8.com.pl
coneine.wop.ro
kerber.fecsegj.hu
52wwz.cn
biuroprasowe.blip.pl
go148.com
iwasaki-bei.co.jp
greatfunsite.com
www.qinzhouqu.gov.cn
craftserve.pl
ucuztatil.biz
youarelistening.to
blacksky.digart.pl
cc799.net
riavuta.wop.ro
blog.pl
qk.soup.io
blogfrog.pl
springproject.eu
iblip.blip.pl
blooomer.digart.pl
hcysa.org
blox.pl
topcrazydeals.com
malena.pl
bluephotos.digart.pl
www.511aa.com
www.roon.ro
mondomilano.it
bluesky.wrzuta.pl
opendi.lu
www.gaiz.net
bettflas.puk.ro
moveapp.pl
www.xkydkw.com
dmm66.com
oepai.net
bo.pl
dokkanaly.com
multimarketer.com
www.cqsloa.com
vtagit.info
4f7u.qiwen5.com
boatcamp.pl
vpxl.name
bociara03.flog.pl
pl59.com
rococo.fecsegj.hu
linglong.inhe.net
ijitisho.wop.ro
xemnhanh.info
bodzio1.blip.pl
bodaczow.pl
almeza.wop.ro
getstoufferscoupons.org
www.yiren1.co
qoopoy.info
bolid.blox.pl
isiichih.wop.ro
czt.lygbst.cn
lowiecki.pl
www.xqhkj.cn
timelesstruths.org
parrot-cage.info
booci.digart.pl
123.777hz.com
bora5.digart.pl
seabit.in
ogyx.210000.org
borowce.com.pl
free-solutions.de
slovakia-travelguide.info
betsbahis.com
cpsmexico.com.mx
boynwagimac.blog.pl
millionairetraccer.info
goinfre.wop.ro
asklinks.info
bpkrupa.digart.pl
www.sq1024.com
braain.pl
mctcorp.info
borowik123.pinger.pl
brahioradialis.digart.pl
medicaltesting.0uu.net
poczta.lublin.pl
exam.smf4u.com
www.segou11.com
interviewquestionsanswers.org
brittrobertson.pl
esbd.nfdy.net
brm.dbv.pl
libertiamo.it
detacheren.it
brom.digart.pl
zurb.net
browsehappy.pl
xvih.265link.com
wallashops.co.il
brunecia.digart.pl
www.plrc.net
www.nayifu.com
brunek.digart.pl
txtbuff.com
bry.pl
superakwarium.pl
www.22mh.net
dryrun.puk.ro
brzezinski.blip.pl
www.lfzmcs.com
a-market.pl
buddabar.flog.pl
zzmzjy.9998.tv
buddhist.pinger.pl
ayuste.puk.ro
118712.fr
budownictwo.dyk.pl
bullli.digart.pl
gadget-touch.info
bunk.digart.pl
cccb.org
burza17.digart.pl
medicalbooksonline.info
www.syjs120.cn
bushido24.pl
www.hanzeconnect.nl
buzu.digart.pl
eurobrokers.home.pl
byczek.digart.pl
rgzi.nfdy.net
bytom.pl
xenialab.ch
can-check-keno-online526.bravesites.com
bytow.pl
ibrg.pl
yoshima.wop.ro
hupress.com
magazin-cadouri.ro
cadoese.wrzuta.pl
uo.edu.mx
caertez.digart.pl
www.bhf.hu
vaciada.wop.ro
cafe.pl
sos-odchudzanie.pl
calittici.blog.pl
sytt.wop.ro
callmedis.digart.pl
aa111.info
camelia.digart.pl
phidoi.go.vn
canabia.digart.pl
meigui999.info
jespersaur.com
canree.blip.pl
www.farago.ro
magic.co.uk
car.blip.pl
anonseerotyczne.pl
cargoserwices.pl
www.vgr100.in
carka.digart.pl
xn--topf-hpfer-feb.ch
kuretake.co.jp
carlito72.digart.pl
gumacz.blip.pl
caro79.flog.pl
www.sikander.net
caroline1.digart.pl
bamarang.pl
casbar.com.pl
seo.webjiankong.com
casino.wp.pl
howie.puk.ro
catalana.pinger.pl
www.hcjyet.com
wjw28.com
cdeex.blip.pl
www.suza.hr
ce.home.pl
sihu.210000.org
truongduynhat.vn
cegielski.digart.pl
www.2gxn.4f9.org
celine.digart.pl
ballack69.link.xfree.hu
centrum-si.pl
www.qingai.cn
centrumwspolpracy.org.pl
www.xxx667.com
wisdom.fad3.net
cerelain.pl
www.hzzjkc.com
sprintan.wop.ro
certus-glogow.pl
idered.pl
ch0.digart.pl
www.csxyzx.org
chac.pinger.pl
djdiablo19.wrzuta.pl
youyuyi.okgo.tw
channelkaa.pinger.pl
cherry4563.pinger.pl
3507.fjsnw.cn
www.parasepuh.com
fu-pepper.jp
chinesegirl.pinger.pl
www.siwajia.net
chiquiita.digart.pl
tas-ix.net
chirurg.pl
carolinaherrera.com
chizunoko.blog.so-net.ne.jp|rencaigongyu.soufun.com|www.chinshiro.com|www.zzzyit.com|qw000.com|www.uudos.com|www.imata.org|www.school.sh.cn|xiedian.8bbs.cn|www.sinala.net|maine.edu|wapbmw.com|vzedwuzz.blog.mongenie.com|www.selaoda6.com|zolhc.cn|www.qg-knives.com|tswdx.com|ecoms.org.au|www.design521.com|www.xshpjy.com|geraeuch.wop.ro|www.qxnsalt.cn|e-treasure.tk|www.beely123.com|hopespark.com|bud-man9.webs.com|chsl.webs.com|asseenlive.com|china3e.cn|www.fy51.com|baidu.dd118.com|www.wirtualnypowiat.siemiatycze.pl|ceot.nfdy.net|7898989.com|6hwap.cc|www.showweb.cn|www.hbgt17.cn|daawat.com|borrmannsgarage.com|blog.tkbbs.com|chaos-darmstadt.de|uniwb.com|hsfg.haishu.gov.cn|www.szca110.com|urme.nfdy.net|www.yxpjlj.com|viax.cl|godiva505.a-livesexasian.com|www.yilin.net.cn|websiten.net|drier06504.huijucn.com|icamtech.net|www.158609.com|www.158ji.com|comment4.news.sina.com.cn|www.zhongguo315.com|fortmyerspropertymanager.com|blackfishpublishing.com|technov.sk|www.cndldq.cn|govd.com|www.lxms.icoc.cc|byt1818.cn.gongchang.com|www.sf999cqsf.com|www.bjbeijingjixiangyv.com|linkstress.com|howtomakemoneyllc.com|www.shanghaikp.com|realpagerankchecker.com|seotyro.com|www.158606.com|wkck.a1.cn|www.husinidh.com|appleismo.com|www.zhongbiaotuan.com|www.babaw.com|sistemajuzh.com|www.rc0876.com|sh.58.com|www.822821958.com|www.maofeng.com|yo.tsyouxi.cn|lanlacv.osa.pl|www.dwsky.com|supercheapstores.com|chuizhisousuoyinqingruanjian.tumblr.com|www.15kjb.com|w2servers.com|www.taofuba.net
black-jack.net
chlitto.blip.pl
whois.hm
chlodnice.waw.pl
panera.wop.ro
y-bbs.net
chnp.wrzuta.pl
biznes-firma.pl
choochoo.digart.pl
chrzanek23.blip.pl
sldo.nfdy.net
chudybelfer.digart.pl
cyyt.210000.org
jagrititeluguweekly.in
chunkochoi.com.pl
leetcode.com
cichoo.digart.pl
theladylist.ie
ciemnanocka.blip.pl
spierer.info
likelike.com
cieszyn.pl
baby-caring-games-online-for-f.blog.hr
zhentxt.com
cinemastore.pl
pestjobs.hu
cio.cxo.pl
povisa.wop.ro
videosexe9.info
cityhall.pl
6hc.biz
paoxun.tk
cityplusplus.pl
sourcebookrmarks.info
cjg.gazeta.pl
downey.com
iloveblue.pinger.pl
ckpe.prv.pl
mexivasco.blogspot.com
claudii.digart.pl
chevrolet.pl
cleric.digart.pl
mountsouthington.com
userena.cl
clickmeeting.pl
studiosp.org
clov.pinger.pl
souria.com
cnotliwyaretino.salon24.pl
dipresse.fr
tigo.com.co
com-pac.pl
bazaregon.pl
www.greenmobil.eu
coska.blip.pl
tousyo.wop.ro
cosmo.blip.pl
sandiegohaunted.com
cousinee.pinger.pl
www.gzpinke.com
cq-dx.pl
brandonsavage.net
craftcloud.pl
clsqcaoliu.tumblr.com
craigslist.pl
blauer.wop.ro
crash1.digart.pl
lubtur.wkraj.pl
elalquimista.org
crax.pl
chatrevolve.com
crazychef.pl
racionalmente.puk.ro
pbaa.lizhidy.net
www.aaaa258-www.84aaa.com
cre2.digart.pl
www.bjxueche.com
592336.com
creepshow.blip.pl
myworldlistings.com
clipxxx69.info
cdythk.com
crome.digart.pl
bbs.macd.cn
crowcas.com.pl
jackleg.info
nandamurifans.com
cs-fragwar.pl
www.stpy.cn
www.a51.pl
igap.digart.pl
cs-headstrike.pl
jy06.k3y3.net
listbox.com
www.chuangyouj.com
cs-przebicie.pl
refurbishedyamaharec.7wx.info
vmisudy.info
downloadrock-progressive.info
www.44abc.com
zonaurbanavip.com
cs.e-net24.pl
catfood.com.hk
downmusic.org
www.277tv.com
cs.nykd.cn|nknl.nfdy.net|junkets.puk.ro|www.ruwesex.nl|setools.cn|bytrusted.org|hondente.puk.ro|jtufkzgn.skynetblogs.be|wgb320330.com|lanyi.us|books.google.ch|xuanluwang.com|intrinsi.puk.ro|www.3kkx.com|www.41113.com|adminunion.com|daaata.com|pcor.nfdy.net|topv5.com|www.shszc.com|acinetin.puk.ro|www.essencetech.org|phialosp.puk.ro|artico.flog.pl|www.wuhua.gov.cn|www.yct8.info|valige.puk.ro|www.zgc.gov.cn|bbs.aitime.net|hp.1168.tv|aushandl.puk.ro|judou.puk.ro|zakupki.gov.ru|www.mccmedia.net|bfigjmqcsf.blog.mongenie.com|icbg.210000.org|www.tiaozhanshouru.com|www.cnhongtai.net|kinkines.puk.ro|www.0668111.com|gruks.org|seostats.it|avviklet.puk.ro|www.11ysw.net|biija.blogg.no|www.522.com.cn|armini.puk.ro|luddite.puk.ro|lady.ty7.cn|www.bcxuexiao.com|kicoqupusijyju.blogtrue.com|www.dtv.ru|www.jshuacheng.com|800917.com|polytrop.puk.ro|polycladida.puk.ro|reverbat.puk.ro|outranks.puk.ro|www.nlsfc.com|tokootje.puk.ro|invernac.puk.ro|yqjm.78.cn|fineness.puk.ro|pneb.nfdy.net|blautlesxc.blogtrue.com|tzlemsra.blog.mongenie.com|kostersa.puk.ro|webgarden.ro|complex.com|www.tu4.cn|www.jaga.gov.cn|estudiantesusc.webs.com|rutinero.puk.ro|altervista.org|preisueb.puk.ro|gb-china.cn|www.webfcib.es|167eu1.bjbmsd.com|www.led951.com|chuaizhe.com|k6x.net|jsnlcowl.blog.mongenie.com|mikow.jp|croppie.puk.ro|pengxiyuan.lingd.net|www.qichezu.com|www.bb9t.com|ccc97.com|ygzq.cnr.cn|www.zhongguo315.com|lenobera.blogia.com|wmlz.78.cn|sence.puk.ro|troet.wop.ro|nanrenwa.com|perellandra.deviantart.com
unsnaps.puk.ro
huisgeno.puk.ro
www.veganblog.de
zaneta11.digart.pl
autoinserzioni.it
nvod.cn
ctsg.pl
xda-developers.com
culture.pl
sakae.keizai.biz
www.webchina110.cn
www.comx.nl
www.01618.net
cupsell.pl
www.leo1.jp
koks.wop.ro
tamucc.edu
cwi.pl
duomeiqingxiye.1168.tv
belindamarshall.eu.pn
zkoss.org
sbdim.pl
cwiczeniazpatrzenia.blox.pl
flansburg.puk.ro
cxxcsd.playz.it
007gzzt.info
cyberfotka.com.pl
klimatyzacja.biz
guihuaxiang.com
videojuegos.cr
jcaisc.78.cn
cylv.nfdy.net15.com|www.slhi.cn|gorillabaseball.com|majik.wop.ro|vxrc.nfdy.net|www.126jk.org|www.school.sh.cn|badatsports.com|dyda81.deviantart.com|www.qg-knives.com|www.chnbook.org|collectnike.com|adminunion.com|tupy.k3y3.net|www.xshpjy.com|myuoo.com|owqb.nfdy.net|hram.nfdy.net|www.cqwx120.com|youxi.com|uwmrhwjk.freeblog.hu|jrtyn.com|elve.nfdy.net|bbs.php.net.cn|cup8848.com|gurani.wop.ro|rincalzata.wop.ro|jwdj.nfdy.net|fwym.nfdy.net|lulw.nfdy.net|brisfebethci.blog.free.fr|1beautifulthai.a-livesexasian.com|jajao.wop.ro|canada-goose-victoria.frnewsby.com|shirky.wop.ro|3g.204.at|josses.wop.ro|lehner.wop.ro|riqe.nfdy.net|www.339.la|finelinepits.com|renew-ability.com|e379.net|mnzq.nfdy.net|sh.58.com|www.jingzhanshuang.com|abha.wop.ro|huica.tk|gybjgs.com|bqxi.265link.com|rusteloosheid.wop.ro|www.s971.com|go2link.info|canada-goose-parka.frnewsby.com|hbdssc.com|www.mygtl.cn|www.3tqq.cn|keezmovies.com|byye.nfdy.net|ecsg.nfdy.net|www.heyecn.com|www.baimao.com|supercheapstores.com|game1.vsa.com.cn|www.zzzyk.com|cuet.nfdy.net|www.i-hr.hu|www.zifandiaosu.com|9ik.cc|www.lingki.com|www.hkfphsgs.com|radabg.com|www.twspg.com|tituporep.outilblog.com|plance.wop.ro|setools.cn|lu.xiaoyoyo.com|jenta.wop.ro|dvcd888.com|ginkgo.wop.ro
www.666za.com
blrc.210000.org
45ye.com
www.seksdateservice.nl
pleasurableeruptions.com
jldh.net
czaj.digart.pl
www.rkb.ne.jp
twiturl.ru
movoto.com
impardonnable.pinger.pl
kjenneli.puk.ro
brascol.com.br
tydie.wop.ro
web-5.org
catarrha.wop.ro
10518.h-x.cn
vertreib.wop.ro
www.malebog.org
czasnachill.pl
samoe-samaya.ru
czeladz.pl
zsch.210000.org
forum.juridique.wengo.fr
smartphoneandroid.ru
czk.blip.pl
linkbelief.com
czterykaty.pl
fortify.com
czytamwwannie.kei.pl
sl.qincai.net
helpscore.com
dae.pinger.pl
absencethemovie.com
eatglutenfreelikeme.com
wine.travel
dagram.pl
9999love.com
danbetcon.com.pl
www.sdaibo.cn
daniel12464.flog.pl
www.graefe-kiez-online.de
www.krokdoprzyszlosci.pl
danon21.wrzuta.pl
upjk.210000.org
danus.digart.pl
videveritatis.pl
mitula.at
darcy.blip.pl
sazuk.puk.ro
ebook.pconline.com.cn
darecki.flog.pl
rosvesty.ru
globalcleaningassociation.com
darek781.digart.pl
timo-weigert.de
dariaa118.pinger.pl
lingvaflavor.com
seerback.wop.ro
66h77.cc
darken.pl
mocneopony.pl
darosz.flog.pl
infanti.blip.pl
darro.digart.pl
ptd.net
datahi.digart.pl
kitchenstories.info
ternanacalcio.com
davidos.digart.pl
www.80lian.info
fromto.hig.se
gre.xdf.cn
davids.flog.pl
www.776677.com
sachen.wop.ro
www.pig78.com
davidunited.digart.pl
listrapid.info
www.chinaviagra.info
557k.com
pomimi.com
xiongwenyueqi.com
connectt.fr
dawidov.digart.pl
blazingzone.com
lermont.ru
dawidwozniak.flog.pl
royaltyfreemusic.com
avbtv.com
osl.iu.edu
hreaplink.info
koltseg.linkekneked.hu
www.rws-verlag.de
dayamana.digart.pl
ocfair.com
negativland.com
dayzwiki.pl
analxxx.fr
ddc.tarnobrzeg.pl
rebuxeru.puk.ro
deal.pl
gitarpedal.net
deathmagnetic.pl
24directory.com.ar
dec223.wrzuta.pl
www.cao10086.info
deedeeart.pl
horipro.co.jp
qwkp.210000.org
deepbody.digart.pl
www.hx-my.com.cn
dejneks.digart.pl
websr.ru
iss.gov.co
fazes.wop.ro
dekorujteraz.pl
estevanmercury.ca
delay.digart.pl
idd.net.cn
delor.pl
ofop.eu
www.ooxxnow.com
demony.npx.pl
ugsatfmz.blog.cz
motodrivel.com
derik.flog.pl
www.52taose.com
dermaya.pl
eewx.210000.org
varchannelmarketing.com
dervush.digart.pl
bbs.xuanyi.com
designaddict.pl
cadd.puk.ro
designin.pl
jinjiangtravel.com
www.serika.biz
desunia.digart.pl
miia.wop.ro
www.android-x86.org
desusubs.pl
adoomer.deviantart.com
dextery.pl
taninsih.puk.ro
dga.pinger.pl
begehrenswertem.puk.ro
ys.222ii.info
genj.nl
dhalila.digart.pl
cylex.co.nz
dhelrin.org.pl
quiring.wop.ro
dhrosfin.org.pl
redish.puk.ro
tltonline.ru
diablo.phx.pl
bironevica.hupont.hu
dietasuplementy.warszawa.pl
forums-free.info
digartson.digart.pl
sendsms.ssl.mts.ru
sveneras.infoteur.nl
nakedwee.puk.ro
www.borhanteb.ir
scrappingexpert.com
dingu.wrzuta.pl
regulardirectory.info
disajn.pl
zuicixi.com
imzdl.com
infopasazer.intercity.pl
discdog.pl
tv-shows.me
diz.blip.pl
dynazik.biz
www.totitv.net
dj-nation.pl
greekmoney.gr
djbagado.wrzuta.pl
www.gdjzfj.com
www.phny.cn
djfly.pl
www.bubble.nu
dk.tlen.pl
www.axyjy.com
dkrecik.pinger.pl
11tui.com
docsity.com
dmg.digart.pl
uvsq.fr
dndblog.polter.pl
omarpela.com
dnf.plu.cn
www.myqile.com
www.fu35.com
dobra96dupaxd.pinger.pl
chuangjia16.cn
overlap.gr
dobradieta.warszawa.pl
www.5showla.cn
dobradieta.waw.pl
atwody.com
dobryziom.digart.pl
qg.sexjk.com
docizi.mil.pl
beanogas.com
dokclan.cba.pl
www.yjlib.cn
newmediahost.com.br
dollypop.pinger.pl
avengeful.wop.ro
domekwbieszczadach.pl
tubicolo.wop.ro
dominika890.digart.pl
unsort.puk.ro
bitaddict.org
domki-holenderskie.com.pl
www.edugeo.fr
domweselny.2ap.pl
www.xxx266.com
inq.flog.pl
juxix.com
b.av50.info
donlinkage.pl
derhy.com
donsephton.com.pl
www.setae.net
donsteel.com.pl
zeedth.com
doon.digart.pl
celvik.ba
7to.in
alplist.com
dorota92.digart.pl
bouwstof.wop.ro
dorsz.digart.pl
xcw.78.cn
dotykbolu.blox.pl
www.wayl.net
bokkiger.wop.ro
doxa.flog.pl
ips.net.cn
dproject.digart.pl
yougedi.net
dpsbarcin.pl
88.beihk.com
sousakut.wop.ro
dr3.waw.pl
ahlimisurata.ly
dragon-chelmno.phorum.pl
gaynz.com
drcn.prv.pl
adminerelle.de
dream.pinger.pl
lovci-mgnovenij.moy.su
dremasilesia.pl
josepharchibald.com
drobniak.pl
zww.me
allenava.wop.ro
bodrico.com
dtkp.nfdy.netn|leraysvi.wop.ro|tijoku.wop.ro|www.qg-knives.com|ihsf.nfdy.net|wuyuetv.com|z0bm.k3y3.net|wukuo.com|nodpad.com|www.gpxz.com|urawa.wop.ro|proppuncentcorn.page.tl|shamam.wop.ro|f7p1.56dvd.net|urmden.wop.ro|www.hnhlpump.com|www.v8889.net|jcrb.com.cn|www.dufgfrtg.com|nz0d.nfdy.net|www.taobaowangzhang.icoc.cn|dentel.wop.ro|www.mgscl1.com|lfwy.nfdy.net|sierra.wop.ro|bumbershoot.org|tao.xiaoyoyo.com|www.taizhoujiaju.com|freesongs.eu|teckel.wop.ro|www.mc8.com.cn|keitai-search.net|www.babaw.com|uggpascher-france.monwebeden.fr|ria52.link.xfree.hu|innbilsk.wop.ro|www.xshpjy.com|xpcw.nfdy.net|xiuxiandou.com|www.666ca.com|imnj.nfdy.net|www.sothink.cn|metw.nfdy.net|www.pyteli.com|www.wztd18.com|fb.ru|www.coscon.nl|neust.wop.ro|www.kjcenter.com|wdjh.k3y3.net|www.wangluojiasuqi.com|uscourts.gov|soft.tainfo.net|ezawa.wop.ro|tungawa.wop.ro|qmqi.nfdy.net|www.lyse.cn|www.58hongganji.com|1818kj.com|banjia.098s.com|settlerstats.kunstrasen.at|l2oot.cn|www.favore.pl|4cdk.k3y3.net|cnoa.nfdy.net|www.tiaozhanshouru.com|www.shszc.com|www.devonenergy.com|beamnote.com|www.f1399.com|selffamous.com|www.fjmzzj.gov.cn|campus.360.cn|13022015959.pur5.com|www.gzyaoyao.com|www.583idc.com|tfwfjdaxzv.freeblog.hu|xldz.nfdy.net|camung.vn|hyus.k3y3.net|www.yingtutaobao.com|jianqiege.w7.inets.cn|forum.big.az|www.fjzays.com|production.logisticsmagazine.com.au|jxmctgy.com|www.tiptop.cn|zhougongjiemeng.org|adminunion.com|segougou.me|bhou.nfdy.net|hilep5169.huijucn.com|duopixel.ca|zsim.k3y3.net|szdzwj.com|retrofonoteka.ru|skrasl.wop.ro|shopnc.aliyun.com|gadzikowski.com|www.pzfang.com|mwakhdai.wap.sh|www.3339.cn|tswdx.com|serwin.puk.ro|ikoi.wop.ro|0x10c-forum.de|acboo.com|huahuida.com.cn|www.ziylsjy.com|loreta.wop.ro|www.shal007.com|ecalelite.com|unharass.wop.ro|yiche.taoche.com|zvmu.nfdy.net|www.hackice.com|unserereiseseite.de|wh.315ts.org.cn|ec4z.k3y3.net|ejwx.lizhidy.net|www.ay303.com|qinyuan-water.net|www.zhongguo315.com|www.lomishop.com|edelknab.puk.ro|codelesbian.tumblr.com|7ql5.k3y3.net|agoda.it|kxqt.nfdy.net|srxg.nfdy.ne
www.jaystyle.eu
ogl.ru
www.wichs.tv
universjeuxvideo-shop.com
dughi.digart.pl
kessanho.puk.ro
tubuzz.com
duivex.pl
divulgabrasil.info
duszekx.wrzuta.pl
www.jkxws.com
gold-companies.net
dworekjulia.pl
browncafe.org
dx2.digart.pl
editoraculturacrista.com.br
dynax272.digart.pl
thuoctridaurang.suckhoevietnam.info
www.zangao.hk
kiiss13.pinger.pl
dysiaa12.pinger.pl
www.xxx661.com
dzalma.pl
axka.265link.com
dzejkob.digart.pl
huaxw.net
paka.pl
dzidek75.digart.pl
yehjen.wop.ro
dzikowy.blip.pl
xportal.pl
dzizasyo.digart.pl
4008197197.com
e-heaven.pl
ofmusic.ru
sur.digart.pl
e-monki.pl
shinmin.wop.ro
eabc.pl
365eme.com
eagleo.com.pl
thjy.cn
easyshop.pl
monstercraft.org
ebuilder.pl
playocio.net
eda1.blox.pl
portal.gov.mo
edekkk.wrzuta.pl
pteixeira.com.br
stopham.su
edhelnald.com.pl
xoxma.com.ua
florenceconsultant.com
edunews.pl
themarketing.tv
eerie.pinger.pl
beauty-shop.ru
zhulu.35free.net
sephpa.com.pl
efta.wrzuta.pl
hothair.co.uk
egazety.pl
afroditenight.net
egoistkakotku.pinger.pl
insertgt.com.pl
firedog.puk.ro
andreabolder.com
egxmgupmjm.blog.hu|privatecon.com|www.aaa888.com|flintify.wop.ro|catsinneed.com|fetch.wop.ro|q345b16mn.com|www.gdczwx.com|baby-beach-hats.blog.hr|paraguayan.wop.ro|www.ttvps.net|webjiankong.com|www.huli-bearing.com|eneloop.com.sg|vorgangs.wop.ro|www.822821958.com|www.58hongganji.com|www.di3shequ.com|eutfhpredp.blog.mongenie.com|shuangyashanhuangguanjiari.fdcez.cn|www.212qq.com|netbooksaustralia.com.au|zmxy.wandodo.com|13022015959.pur5.com|www.chugaobai.com|www.y098.net|lezghi.wop.ro|www.bose.cn|gcqfidqxg.blogage.de|www.zjts.net|fnua.nfdy.net|phcc.files.cms-plus.com|www.csyyz.cn|kakj.nfdy.net|glkb.nfdy.net|cedarlug.org|viqo.nfdy.net|www.diamondfoxxxblog.net|xyun.com.cn|52ttkb.com|youxi.516.tw|www.qisoubao.com|onlinehome-server.com|christianbookshopsblog.org.uk|www.semm11.info|8823.nfdy.net|www.zgynk.com|exportability.puk.ro|promenant.puk.ro|oc5v.k3y3.net|hairil.wop.ro|retrofonoteka.ru|postranecky.puk.ro|szdzwj.com|www.qg-knives.com|bllqczle.blog.mongenie.com|thjz.k3y3.net|umtcn.com|questa.wop.ro|hxau.56dvd.net|butonii.ro|univie.ac.at|eingehun.puk.ro|micz.nfdy.net|3tlh.k3y3.net|www.rootnull.com|logico.wop.ro|akyw.nfdy.net|kesent.digart.pl|www.geyuce.com|1-aluminum-blinds.blog.hr|volerait.wop.ro|u76.cn|www.looksu.com|scaresome.puk.ro|ruzzolasse.wop.ro|www.dns.la|jd66.taobao.com|icar.by|you.xiaoyoyo.com|www.qiangzi.cc|zaiok.com|schudnijbezcwiczen.pl|www.syncback4all.com|www.abc625.com|www.123miji.com|nipen.wop.ro|yctx.nfdy.net|www.cps.com.cn|bohren.wop.ro|www.devonenergy.com|tavse.wop.ro|www.cnsb.cn|cnph.cn|trilliumint.com|mattere.wop.ro|www.aiyunpw.com|www.skytc.org|8pbw.k3y3.net|bbs.aitime.net|yqwzb.com|www.xfumi.com|phpproxy.ro|www.xiatan.cn|lnbu.nfdy.net|www.kongfuba.info|lzwe.nfdy.net|www.shszc.com|www.chinajnk.com|erfinders.wop.ro|sina.hd.cn|qmka.nfdy.net|ww.xiuxiuw.com|www.mbtbazaar.com|xzqc110.com|bbs.dt818.com|www.xshpjy.com|www.m3.com|tribecaweightloss.com|jiancai9.com|tvar.nfdy.net|xnxh.nfdy.net|acboo.com|ljlhyh2006.fyfz.cn|www.cqmv168.com|www.lanud-adisutjipto.mil.id|eqnaiti.bloguez.co
www.uubocai.com
egzoftalmia.wrzuta.pl
ezylisting.org
www.qzpfzc.com
ehecatl.digart.pl
actionpeek.info
saudistartups.info
ei.spinkenru.orge.pl
clipart.co
eiley.flog.pl
tutorblitz.com
pc-online.es
www.man.de
universohq.com
ejsz.digart.pl
diablillo.puk.ro
ekrany.org.pl
hbsjcsjy.cedl.cn
www.cmarry.com
ekses.digart.pl
ciapkowo.pl
elance.digart.pl
bhh.s.yxgz.cn
touristmedia.info
legniczanin.pl
www.258bc.com
brays59377.huijucn.com
hr0596.cn
webs.com
terrengsykkel.no
bright.lv
electromoudy.wrzuta.pl
thcshopduc.tk
elektor.pev.pl
www.waitturn.com
elektroda.pl
www.rimei1.us
elektronik.edu.pl
ryothmatitdi.eblog.pl
www.sunpod.de
elfik.blip.pl
polosa.co.il
elicarnald.com.pl
theilest.puk.ro
eliphie.com.pl
www.pdsgyxx.com.cn
sslwebapps.net
elizabethb.digart.pl
iskandar.digart.pl
svt.se
cksmh.gov.tw
elpatrone.blip.pl
www.168w168.com
elrey.wrzuta.pl
www.taopai365.com
xinbali13.info
www.taobaotem.com
suzhou.11467.com
elstasiu.digart.pl
www.rendezvenymegoldasok.hu
elwf.digart.pl
sprachtest.de
elwiki.pl
tionol.org
emerge.digart.pl
leeaky.com
gather-data.info
emerytury.wieszjak.pl
ruspornolari.com
chillies.co.za
litinstitut.ru
chinaz.com
emi77.blip.pl
csiberkeley.com
cytick.info
badang.wop.ro
emila.blip.pl
datines.com
cypseloi.puk.ro
emiliaw.blip.pl
tousaurestaurant.com
dotcomweavers.com
emisiowa.pinger.pl
dromaeo.com
ucla.edu
dtallos.com.pe
dtrace.org
emisja.nazwa.pl
dulichcampuchia.edu.vn
directoriofavoritos.com.ar
educacionplus.com
failgif.com
farmmanufacturers.com
emmxd.wrzuta.pl
www.yjyfd.com
fashionadda.in
fbhv.nfdy.net
fbi1.net
emotos.flog.pl
feestwinkel-maassluis.istats.nl
feestwinkel-oudeschip.istats.nl
femh.org.tw
flippinburgers.se
www.ny369.com
emprospect.digart.pl
forum.vuontinhyeu.info
game.yesky.com
laoger.com
geoarm.com
getarticlesdone.com
camp.nodejs.org
giftinggrace.com
goodmanfielder.com.au
uluci.info
gsmpakistan.com
guatemala.co
gvkw.nfdy.net
www.sp178.info
gz.pclady.com.cn
haikou.2882.in
enigma.digart.pl
hildaharris.com
hotvulvatube.com
hsc.9998.tv
enix.pl
hxva.210000.org
oops-music.com
hzf1974.fyfz.cn
ifflo.com
enkol.pl
info.shangjia.cn
infobdg.com
claimyournewcard.com
purepc.pl
insex.xiucai.info
epps.pl
nekokke.wop.ro
ostracizes.puk.ro
eri.blox.pl
slambo.info
www.monkbbs.com
ermland.wrzuta.pl
websitesem.info
erozrywka.pl
genglou.zj.com
eruris.pl
gongboa.taobao.com
es.planet.wikimedia.org
eskela.sey.pl
sitelinkbuildingservices.info
ezoomgps.com