perszi.digart.pl
mkvdownload.blogspot.com
uacg.net
9tpy.com
www.shbz.com.cn
groony.com
azey.210000.org
petanka.vot.pl
rtl-longueuil.qc.ca
pgiannuaire.com|gy.xiancheng.cn|airwatt.hu|cneggwet.skynetblogs.be|tolbertboy.webs.com|amaban.com|icamtech.net|9514.com|wymer.puk.ro|www.biologi.lu.se|icamtech.com|myjane.ru|www.besthotelonline.com|www.xuechew.net|www.tszly315.com|jjc-training.co.uk|deathrock.org|www.xshpjy.com|admin.com|2013.taiguali.net|fcfb89.cn.alibaba.com|mmodelisi.com|dianpujia.com|adminunion.net|eeafterdark.com|www.zhongbiaotuan.com|277819310.xiaodoutao.com|marketgid.com|51du.cn|wh.99wed.com|www.gowoniu.com|multiply.com|www.sdlwjyd.com|midea.gx.cn|www.0371apple.com|revtor.com|www.zxzuowen.com|organicmommytoday.com|deko11.senngoku.net|www.toybu.net|versino.wop.ro|www.11sdh.com|www.chinshiro.com|top-reiseseiten.de|aiqingpeidui.com|www.xiaojiadian3.info|www.zhongguo315.com|seofreeanalysis.com|klizr.com|www.gupuw.com|kingmalte.bloguez.com|www.lriml.com|www.gpxz.com|www.top-6.com|www.m3.com|altervista.org|toycarscollection.ru|on508.10050online.com|sewz.info|hx.awo.cn|snacktech.it|www.showweb.cn|9217tuan.com|duntensqe.ablog.ro|sg.zhsw.org|www.stonetech.org.cn|www.xaxyx.com|poptech.org|www.aegon.ro|hrkatalogus.hu|www.label77.com|mdhj.taobao.com|byde.wop.ro|www.hw99.com|www.tsyouxi.cn|www.xiaoshou.cn|helpingstudent.com|websiten.net|www.lmmw365.net|zolhc.cn|www.hg4s.cn|www.twspg.com|webetong.com|zx.wenkang.cn|marocsolution.com|laadeedaa.com|admud.com|cligotso.freeblog.hu|www.maidaili.com|hmkiymxeorcgs.blogtrue.com|www.xxx57.com|ljzxzxl.com|weightdietplan.info|wecansex.com|hsckcszf.typepad.com|puplinks.com|aqchq.com|www.dyjhdl.com|lh.zhongyuan.com|www.flash8.net|www.cdmfzg.info|www.fjycjx.cn|yput.nfdy.net|www.qg-knives.com|cup8848.com|www.33seyu.com|chons.cn|vsgl.net|www.138fp.com|www.9158.com|www.tllfan.com|wap313.net|eilunh.de|slim-ondernemen.nl|wyhyidrt.blog.mongenie.com|mcelfresh.ws|xrdbxzsghrx.blogtrue.com|73uc.com|www.sf999cqsf.com|clove.blox.pl
2br.in
investingingoldoq5.info
www.asfxw.com
mallorca-info.dk
talia.pinger.pl
reefers.com
pgp.infor.pl
torrent-finder.info
chachala.com
www.hi6800.com
terzinen.puk.ro
www.xundiks.com
www.everhost.nl
www.dahan.cc
tbrh.qiwen5.com
zauderer.wop.ro
abhagate.net
rummyroyal.es
www.juse.in
mcodiuy.ch.lv
chipkinsey.com
notaprettyboy.blog.hr
helpsmith.com
www.hohohappy.com
jungtang.com
www.stanford333.b2b.hc360.com
www.43qq.cn
huaer.cc
pielgrzym66.digart.pl
livemusicmeadville.com
swimwiki.info
pierwszapozycja.com.pl
seg-social.es
lx021.com
convecto.puk.ro
arcillademetal.com
orangelab.se
www.ykp.gdynia.pl
piib.org.pl
www.wwaa.pl
pikasso.digart.pl
bbbgreen.info
classic-kitchens.ca
arbecey.com
miuu.soup.io
tariqweb.com
myprintcard.de
pila.pl
arirang.com.hk
aq.ipark.cn
pimmp.digart.pl
man.anmofirst.com
aisei.info
kursaend.puk.ro
loancalculator.com
hup.hu
absolute-photography.co.uk
ping.pinger.pl
deww.lizhidy.net
pink-drink.pinger.pl
prolife.com.pe
alwiam.info
bedthrows.info
1hqo.k3y3.net
lopinion.ma
prasinous.wop.ro
hommell.wop.ro
pinkaaa.pinger.pl
teusvlot.nl
pinol.digart.pl
iklanhouse.com
9adf.265link.com
biztwozero.com
www.mmyz.net
www.hzzfb.com
dutta.wop.ro
sexgazetka.pl
piomalek.digart.pl
solu.puk.ro
lefri9i-eli-3raftoha.net
piotr87.wrzuta.pl
bobbi.be
michigannaturalparenting.com
rat.be
livbydesignevents.com
8lct.210000.org
piotrekkaktus.digart.pl
dz.focus.cn
redivorcement.puk.ro
xixidieyuan.com
bukmarksocial.info
www.wangmin365.com
www.ka7a.net
www.matomeru.net
piotrkon.blip.pl
fryan0911.com
dynamitelessonplan.com
piotrrymer.digart.pl
nsyewgfvz.bloguez.com
xsg.ledu.com
www.gramatneusiedl.at
pudgy.wwwwww.wop.ro
piowiec.blip.pl
polyphasicsleep.info
ten24.info
chashuina.com
tialoto.bg
lingzhiyishouguangbo4.1168.tv
salno.com.pl
ioffer.net.pl
pertanianorganik.net
brimg.info
hentaibam.com
gonedigging.co.uk
pisaki.digart.pl
urbanchaos.digart.pl
cstm.org.cn
wscal.edu
zgtz0576.com
www.ccjy.cn
kex.cc
pisu.digart.pl
prepararunaboda.com
pity.tmxp.pl
plomarinews.gr
www.jy7799.com
guihuaxiang.com
www.igrslov.ru
21980.com
www.etjbooks.com.cn
wj86.net
pixelart.com.pl
kisalfoldvolan-munkastanacs.hu
myrtlebeachonlinestore.com
www.hvod.cn
openworldlearning.com
pixozu.com.pl
www.moslove.ru
itworlds.org
kamelot.pl
meblekessler.pl
linktake.info
pizdaa.pinger.pl
opendi.lu
pjm.cba.pl
ftb.pl
ijktkeyo.blogger.hu
onetsolutions.net
popfun.co.uk
dychugui.cn
av.44jq.com
520kx.com
bsdforen.de
re-volta.pl
pl.smmash.avx.pl
www.haibi365.com
8.8668a.com
thepaintstore.com
tp.edu.tw
endormiriez.wop.ro
planetarnia.pl
ym3a.com
canrecruit.info
plas.lt.pl
mahmouddarweesh.info
ilovebaggystyle.pinger.pl
disneydreams-boards.org
switch-to-mobile.com
platine.pl
algan.wop.ro
yourcreditanalyst.com
hotbbs.us
jandan.net
sharesocialbookmarkingsites.info
www.typo.cz
mihanmusic8.com
playarena.pl
marriage.99k.org
plej.gazeta.pl
www.msnl.nl
bestglobalseobookmarks.info
ketsubut.puk.ro
91porn.it.cx
thewertzone.blogspot.com
sporto.lv
24ora.com
pmb.net.pl
compliance-full-movie.blogspot.fr
yendi.wop.ro
pniz.solideo.pl
carnet.hr
thomasbatcom.prv.pl
gasloeg.puk.ro
loadgame.co.uk
po.infor.pl
trovit.at
podhale.pl
www.88ibb.com
barby.co.il
boston.com
phangan.info
www.taschenmann2005.de
podkarpackapilka.toplista.pl
sztocsi.xfree.hu
sitemiracle.com
podlasie.pl
psoriasis-help.org.uk
torontotilestores.info
videoscope.cc
twiceware.de
syhu.nfdy.net
www.cheapbridalprom.com
www.traduco.nl
www.druk.agora.pl
pogrywam.pl
www.yuanjiangyingshi.com
patrycjaa1427.wrzuta.pl
trailer.blog.hu
mastramkimasti.blogspot.in
poisonprince.digart.pl
zblpx.info
eniro.pl
pokexgames.pl
angryhugecock.a-lsawards.com
www.thamxj.com
exrelease.com
jedrh.com
polactwo.pl
testsbox.ru
polel.digart.pl
gscnc.org
aprcc.info
www.szoa.pl
www.openinteo.pl
dochodowe-strony-internetowe.pl
canaldoensino.com.br
mrpm.cc
poliman.pl
szydlowiec24.pl
xantor.flog.pl
vmgames.com
taviranyitos-hajo.gyerekjatekbolt.hu
jywap.net
shareline-cap.com
polityka.pl
xg66.net
polm.blip.pl
articleradiate.com
tctc.org
sklad-i-ofis.ru
jjai.net
subgurim.net
polskagrupapgb.cba.pl
www.8h688.in
hellofriend.org
polski-nfd.xaa.pl
rmfscrubs.com
idc.abcde.com.cn
koks.wop.ro
explorema.com
polskieforumpokerowe.pl
www.nuta.pl
www.tbzhuanhi.com
chattawak.fr
www.mmlunli.info
jscsdkj.cn
zque.265link.com
ccun.cn
apasscracker.com
www.nvbao9.com
polsl.pl
3g.ifeng.com
soundsystemreceiver.4yb.info
preambul.wop.ro
qmecms.sinaapp.com
uahotels.info
yuantel.com
pomorze.pl
myvirtualschool.com
poolepioona.digart.pl
shop73250436.taobao.com
rationalprinciple.com
jbofscfrbi.blog.mongenie.com
foodandlife.com
koo4.in
poreba.net.pl
lfmylove.com
mrsjw.cn
static.97sedd.com
argos-hockey.be
www.kakm.org
pornoamator.pl
pornozasms.pl
www.345qqq.com
motorcraftservice.com
dynanet.pl
roundup-tracker.org
elkana.info
portal-gizycko.pl
tophostingprovidersz.info
portal-gorzow-wielkopolski.pl
smzt.kuwo.me
tacmarketingonline.com
recherche.epfl.ch
portal-oswiecim.pl
city.ee
portal-pszczyna.pl
www.zuojia.net.cn
credithistorycheckuk.com
shuguangchina.com
tuan.mosh.cn
portal-ropczyce.pl
indowebhoster.com
portal-swietochlowice.pl
beta.indiepaper.com
soft.hack86.com
hao123.in
hostpj.com
www.skytc.org
portal-sztum.pl
www.pokertong.com
www.rcreal.cz
hostingprod.com
circled.us
portal-zdunska-wola.pl
eersteco.loofas.phractamphibia.wwwwww.wop.ro
poszukiwanax3.pinger.pl
www.280001.com
aaahotsexylois.a-lsawards.com
stax.net
poww.digart.pl
bananasbusiness.blogspot.com
poxer.blip.pl
dealsgoneinseconds.com.au
hodotoo.wop.ro
classifiedcream.co.cc
www.aacc10086.com
links-reisen.de
text2image.com
pozycjonowanie-kojotek.pl
www.lvshuizg.com
www.811mi.com
thdsjy.com
511085.web.m-school.cn
benmouch.wop.ro
outsourceoffshore.info
ppa.pl
baymer.puk.ro
ppc.blip.pl
myrock.it
gracechurchonthehill.ca
forexreviewsrated.com
digitalpig.com
tyndale.ca
natocrimes.com
praca.gazeta.pl
gamedb.com.tw
pracawsprzedazy.gazeta.pl
wapao.com
nefab.se
www.rentiab.com
bus.fm
49yc.us
pracetanio.pl
www.xess.4f9.org
prawiespoko.digart.pl
nanoteh.md
ogyx.265link.com
mltm.go.kr
www.caosaobi.com
precedens.art.pl
varejaonet.com.br
readhaloid.huijucn.com
princess230.blip.pl
prlnks.info
our-journey-home.com
www.lyang.net
algorytmy.pl
pectina.puk.ro
priv-mt2.pl
cz.eamn.net
v.rbc.cn
www.xksw.cn
privat.prv.pl
afrikani.wop.ro
pro-fight-mma.pl
webvigo.com
www.mrp88.cn
worldwide-defence.blogspot.com
pro-inwest.com.pl
saasbook.info
www.macned.nl
ilovethomsoncruises.co.uk
proassist.blip.pl
breadfruits.puk.ro
www.maydonggoi.vn
steroidmarketing.info
miuiandroid.com
lvliangweiyena.fdchs.cn
o-dom2.ru
prochowice.pl
www.jzztc.com
gztimes.com
ngova.wop.ro
seomamta.blogspot.in
whats-on-london.co.uk
talee.mihanblog.com
vmsq.nfdy.net
cartoon-gal.deviantart.com
inprecor.gr
program-clip.pl
hottemplates.com
tenux.net
rougharticles.info
www.jinccn.com
projektpolska.pl
www.xinzhou.org
djofhardstyle.hyves.nl
qzsale.letfind.com.cn
krspcb.com
prologicmusic.pl
ft.e23.cn
proloko.blip.pl
doostra.cz
magix.net
swtorbase.com
emark.fr
promalpolska.pl
slownikkomputerowy.pl
www.incnk.com
promienista.digart.pl
8tracks.com
gyorsan.linkekneked.hu
68912.com
ai880.com
pixelknete.de
www.cyt800.com
ronk.wop.ro
prosa.digart.pl
www.qzpfzc.com
dpress.hu
przemyslb.digart.pl
www.700so.com
przeploty.pl
www.5iads.cn
www.600146.net
seqingdonghua.tk
rompy.puk.ro
www.jlgwy.net
przyjazneapteki.pl
www.vla.cn
www.433000.hb.cn
linkover.info
www.rx247.net
psia.pl
theicarusproject.net
360-panoramabilder.de
lollypop.puk.ro
sklepzegarki.pl
psl.pl
www.lichuang.name
implanty-zebow.poznan.pl
www.cnhaoshuijing.com
huludao.zp300.cn
dukatonn.wop.ro
psychokid.wrzuta.pl
www.jyxt.cc
www.rxyx8.com
aiao.qiwen5.com
psychophaze.digart.pl
compass.com.ru
www.gsxjl.com
gmsil.com
www.557ee.com
ptk.flog.pl
maneti.sk
puci.wrzuta.pl
zhenhaoxiao.com
acmilan.pl
blogspot.in
www.hishoushen.com
nosinseguro.es
pulpa.digart.pl
urrs.digart.pl
ad-pods.com
mailconnected.co.uk
pumciaa-ns.wrzuta.pl
kosakowo.pl
diverticulitisblog.info
pumka89.digart.pl
politopedia.net
cityweekly.net
wulinix.com
punktskupu.blox.pl
cs-bogusz.pl
push2check.pl
tubexxx18.info
www.44jq.com
misterprice.it
www.0551dm.com
christianlouboutinonline.co.uk
puwinmadol.eblog.pl
yajmin.com
pycio00.wrzuta.pl
office-01.com
km.86office.com
pvdudjvw.freeblog.hu
pysiaaa1.pinger.pl
www.ddhhbwbc.com
pzhgp-kluczbork.cal.pl
chanflona.wwwwww.wop.ro
www.cheapbagscanada.com
65.cm
cmc-network.com
northsafety.com
pzpl.blip.pl
qa.knowifom.bee.pl
zfdt.qiwen5.com
siyut.net
cooldoors.ru
ariapic.org
qa.php.net
alkotokboltja.hu
www.watg.cn
xxoo.75hi.com
zielonymail.com
acrl.org
ie-api.jp
krosphoto.ru
pondicherry.gov.in
www.xs13.net
sheentec.com
ruthinking.co.uk
koala-toys.de
dpwd.k3y3.net
atoato.pl
pixel-online.net
healthpost.co.nz
www.dh368.com
katzporn.in
severouralsk.info
trollfacecomic.com
votreactuwelcome.com
quadral7.flog.pl
cheetah3d.com
quebec.digart.pl
poczta.home.pl
ktyl.blip.pl
www.egov.md
planetb612.info
green-toons.com
r.olkis.pl
kilometrikisa.fi
chooseyouradsads.co.cc
guangyuan.sczt.net
deli.md
www.ltc58r.uqc.cn
radio-play.pl
chris-hageland.be
almokhtsar.com
radio-wars.pl
simpleislandliving.com
bebe-au-naturel.com
www.sfd.pl
export.gov
radio.queer.pl
www.pekjipiao.com
szmudiya.com
articledashboard.info
sparkasse-ulm.de
otturando.wwwwww.wop.ro
radiocpacemusic.ubf.pl
whjz.78.cn
radiofama.com.pl
codejam.com
bencha.wop.ro
yorgoomedia.com
webdirectorys.info
giramondo.org
www.yjlib.cn
lukav.digart.pl
rahim.pl
www.dinggu.net
chelnyltd.ru
laviata.de
vergleich.info
hcgdiethomeopathic.com
hcgdietinsight.com
xixihuafu.com
hdro-wiki.de
indexiran.ir
rahsape.com.pl
raisowna.digart.pl
healthservicewiki.org
sz082.xb007.net
heyprestomagic.com.au
hikakuru.net
sayesmed.com
hind.puk.ro
hltnjm.78.cn
hotelewam.pl
hokugan.wop.ro
holzwolke.de
www.levente.nl
ralphlaurenuk.plxk.com
hostingexchangez.info
ramemrieda.eblog.pl
hostingwebservicez.info
pgonyraeea.blog.mongenie.com
hostmonster.com
psvclub.ru
hot-spot.rs
lionsgate.com
hotellessinia.it
hotness.se
mpadmin.info
red5.org
hqlaw148.com
hrcoll.hyves.nl
ambisonictoolkit.net
hs-heilbronn.de
hungbfs.com
ranborn.org.pl
breadwinnerfromhome.com
huopao.info
dianessecret.nl
huoydq.78.cn
bandweverij.puk.ro
ludie.puk.ro
ranking.pl
taibaibsjiu.com
rapatuja.digart.pl
arcanebolt.deviantart.com
hokk.wop.ro
capeintern.com
boda.wop.ro
romeloft.com
rashuxiu.com.pl
bileter.ru
ldraw.org
usa.info.pl
ratujkangury.pl
include-once.org
230.pl
rawa-maz.pl
www.xy029.net
tinmoi.vn
fullvn.net
rawickie-sh.pl
jitsugen.wop.ro
razem.waw.pl
xsosx.info
xx-teen.info
www.hdew.nl
prow.slaskie.pl
www.tvjy.com
rbj.flog.pl
webig.pl
opengap.net
www.90qj.us
bbs.wangzhuan777.com
www.vitrina.ro
artgo.info
xuehuangjin.1168.tv
readymade.prv.pl
www.cps8.org
beelo.digart.pl
oclcyc.com
nacu.210000.org
redart.digart.pl
dtp-bbs.com
www.bjtu.edu.cn
www-tyn.com
larmesblanches.info
webfordesignvn.com
laatst.puk.ro
conventuelle.wop.ro
redcraft.cba.pl
fastfever.com
redhand.com.pl
rez.pl
ondrejbaar.cz
jardindesmarques.com
sportsfanboard.com
mobinfo.pl
redpunk.digart.pl
getfreecouponz.blogspot.com
www.cgw.gr
hgh1.com
provacafe.gr
futurefanatics.com
imeaburro.es
c-suncap.cn
candela.info
wangdechao.com
regge.wrzuta.pl
suiogothic.wop.ro
www.345333.com
overlap.gr
fortnece.puk.ro
regionwielkopolska.pl
ordermychecks.com
regra.pl
iplt20.com
cmb.ac.lk
chexing.net
relatywistka.blox.pl
becomingprince.blogspot.in
blog.gutek.pl
www.hec.fr
azdes.co
www.bjfdc.com.cn
www.igloo.ro
tjcxgdqx.com
rememberme1997.pinger.pl
approvedbusiness.co.uk
tybjerg.info
suivre.wop.ro
www.fesio.cn
tourbuzz.net
renego.pl
mediagadgets.net
mathwizard.net
www.btmu888.com
peugeot.com.mx
return.org.pl
aminen.freeforums.org
www.radio.katolik.pl
utsubyou.puk.ro
moebelix.at
selige.fr
riathychel.com.pl
thenagain.info
www.carol-f.co.jp
ricardo92.wrzuta.pl
www.2322.cc
megophth.puk.ro
qbauaxihoeeg.blogtrue.com
polskatimes.pl
lotuseed.cn
rici.blip.pl
date-spot.info
dimepoker.cl
refluxremedy.com
lappgroup.com
f-f.dk
ridletosport.eblog.pl
blackoro.com
comprire.wop.ro
rikku.digart.pl
thewaymakers.net
longuevi.wop.ro
www.wt-ad.cn
itnfranchising.it
rikkusia102.pinger.pl
rlpsefrt.ugu.pl
ledieci.net
jezaniah.wop.ro
accessidaho.org
2gna.com
519.sh
roberts.digart.pl
diariocambio.com.mx
www.outlets365.com
itjob.xue.net
robienie-www.pl
tukaibas.puk.ro
kk18.info
robkio.digart.pl
viajeajapon.com
makevrndavan.org
ceo5588.com
www.88848085.com
www.jeshotel.com
rocantyfa.eblog.pl
www.85sq.com
roccocaine.blip.pl
annarborusa.org
gendertravel.info
www.a668.net
postroi.ru
xxzyfu.taobao.com
rock.toplista.pl
www.cs.urnaweb.cz
rockwell.flog.pl
rimfinancing.com
58jj.info
5252mai.com
joete.wop.ro