peixund.com
kingstaff-server.net
quintopiso.com.ar
wordwithfriendscheat.info
penizenutne.cz
danbetcon.com.pl
imageshost.ru
autodns2.de
kousien.info
www.13149921.com
www.tarac.nl
najlacnejsinabytok.sk
freegis.org
www.72tx.com
ntt-kstd.co.jp
atsqrcode.com
literallyinspired.com
www.zliv.cz
iisz.210000.org
urlpulse.dk
01navi.info
chunqiu78.5food.cn
www.jilin.cei.gov.cn
www.wuyoo.net
may.digart.pl
indymedia.org
anadoluhayat.com.tr
atruechurch.info
www.as45.com
innisfree.co.kr
katuo.wop.ro
www.3339.cn
googlewebstats.com
combusto.wop.ro
blog-pinger.com
kindergarten-stgeorg.de
www.tjba.net.tjba.net
www.miis.edu
www.go2html.com
dnis.210000.org
8.cn
littlebit.soup.io
miss.33b.ru
moston.wop.ro
discantu.wwwwww.wop.ro
kansm.in
rbedemi.ru
premiumwptheme.info
manobite.lt
osimatou.puk.ro
johnscreekga.gov
sjovt.puk.ro
asianladybugs.webs.com
laptopbits.co.uk
gesichtetem.puk.ro
healthwomen.com.tw
fardel.wop.ro
karaokeshow.ro
zmq.pl
cawaii.in.th
helicon-zoo-native-module-for-iis7.software.informer.com
periodistashoy.es
nyinax.prv.pl
tollywood.info
webdevtuts.net
www.cljtxsc.com
ccftn.com
gaydemon.biz
nuovaelettronica.it
gisline.no
greatcellphonedeals.3ji.info
a4ph.qiwen5.com
zeclubs.ru
js.shwuguan.net
www.gavny.com
lala-xiaoniu.taobao.com
homol.fmix.pl
mycoding.net
getinthehole.co.za
chifeng.mayi.com
sportsimages.blip.pl
uiteenstuift.puk.ro
youcamera.ru
coursemonster.com
best-travel24.com
lww666.com
metro.lu
668sq.in
0431.uni86.net
52sc.co.tv
wii.abchry.sk
fujixerox.com.my
chesterl.wop.ro
aznv.tv
melkpap.wop.ro
dz.newssc.org
po.ma
kusubu.wop.ro
www.iriver.jp
www.179171.com
vacation-destinations.net
caressen.wop.ro
bjhongbang.com
worriedness.puk.ro
asso.fr
kanmw.com
860860.net
skott.blog.is
clean-aqua.com.ua
agoing.puk.ro
aqq-project.info
zefg.210000.org
angle520.info
massxxx.info
virenschutz.info
bromde.wop.ro
katalik.pl
dj-alfredo-da-matta.hyves.nl
djad.56dvd.net
webnhanh.vn
cnrdn.com
darooyab.ir
vannetukku.fi
byy55.com
blogroku.pl
kredite-web.info
honei.wop.ro
www.2oh2.4f9.org
www.ynrich.net
www.44seyu.com
legterelo.hu
laughingwolf.net
octopuspro.cz
chiluorenxing.com
sv.twitch.tv
w3og.info
dianilid.wop.ro
www.job2nd.cn
koszalinek.pl
jgsjzflb.com
bdc-bike.pl
www.yunvtupian.com
88.ggtt.cc
galerarox.net
kaffeebusiness.de
cz.zxbo.net
www.chuwei.biz
obyvatele.cz
taenda.puk.ro
www.5han.cc
connect-4.info
tml.digart.pl
bbs.huaihai.tv
thewomaninthefifthfullmovie.blogspot.dk
www.elmastudio.de
tinylove.ru
uncaused.wop.ro
moecity.jp
screamoboy.ru
phone-support.net
historic.puk.ro
dansukker.dk
bellum.puk.ro
www.ka7a.com
mynewwomb.com
www.839dy.co
fknews.ldblog.jp
makevrndavan.org
glaciarismo.puk.ro
muku.tv
hkbuas.edu.hk
walth.puk.ro
www.cnphotos.net
indexseo.pl
www.ontozes.hu
www.rws-verlag.de
otlm.nfdy.net
police.be
umd.gov.mk
rockledg.puk.ro
www.sesaorao.com
smartjobs.com.pk
ecommerce.edu.pl
navsoft.in
bressure.net
360430.com
svarfristen.puk.ro
pasiva.puk.ro
graphics.beareyes.com.cn
zx.libai.cn
organopet.hu
10kpermonth.info
braggiot.wop.ro
lastshopping.it
99m.cc
hupan.net
www.uxx.cc
datatransmission.co.uk
solarwirtschaft.de
7t2.info
1-2-3.tv
radio.cz
projectdd.jp
thong.co
khenifra.wop.ro
b2b.cits.com.cn
greggypedia.info
omgtracking.info
stylishfetish.com
betoogsc.wop.ro
coverville.com
city-map.net
rayanmehr.co.ir
fietsenscoort.nl
etww.56dvd.net
barbourproductsearch.info
careerjet.it
tsyx.210000.org
takousei.wop.ro
www.kmys.cn
nesiot.wop.ro
fxet.210000.org
overclou.wop.ro
shinkai.puk.ro
isport.blesk.cz
middleeastevents.com
topdj.by
roughporn.info
bloggerviet.com
www.sjh816.com
ishinabe.wop.ro
nwchess.ru
trauerfeier.puk.ro
expressla.info
hassex.net
kaptajn.wop.ro
koenne.wop.ro
nj.newssc.org
www.303dy.net
thegioibanle.vn
radiomar.com.pe
tubexxx2.info
geoforum.pl
pemper.pinger.pl