jakbook.info
tolbertboy.webs.com
joker-group.net
51tbabc.com
alisadoskeratinabyale.info
33ldh4.com
poste.ma
iadore.digart.pl
ziaporca.com
prunusbox.jp
marimari.info
stepstone.at
21directoryiso.info
aftab.ir
sfr.fr
artykuly.com.pl
unangemeldetem.puk.ro
indiecaciones.wordpress.com
aatouch.com
nvidia.fr
directcp.net
258524482.qqku.com
nzddl.78.cn
nic.fi
patentservice.info
auction-it.eu
jaworznianin.pl
www.gooru.pl
www.uppsalakendo.se
nostracasa.es
yume-maru.jp
www.xxx466.com
8614.zhua.biz
hdwill.info
kappedes.wop.ro
www.pnek.org
www.5dxs.com
www.crbook.cn
fastdownload.co
szaunak.info
3azv.com
usigroup.org
www.ruilizx.com
energielive.ro
digipix.com.br
soondesign.co.kr
tokyo.wop.ro
qanungoh.info
batteryupgrade.es
cluefree.org
altti.wop.ro
haiguan.info
fc-severn.org
rwyj.nfdy.net
bodacrisyjavi.com
wiki.saul.ie
e-field.info
rtsi.ch
synzu.com
allbout.info
cp8k.com
mbc6.qiwen5.com
yhwh.lcxw.cn
profkurort.info
mashhad.ir
songchengce.fyfz.cn
www.apro.lt
e-spa.fr
eogi6.com
disclaims.wop.ro
ascuns.ro
schee.wop.ro
5hk.hk
c-date.at
januario.wop.ro
kaznet.info
myoxfordenglish.es
2012new.info
www.bassdrop.ca
www.zzzrjx.com
bunte.de
www.vfl.biz
cryptosuite.org
tqhlw.1168.tv
www.mm399.com
uodas.lt
cynosura.org
bernthaler.eu
brg5.qiwen5.com
art.toplista.pl
premium4.me
aangedur.puk.ro
sexcover.pl
yhwc.me
hottestgirls.7s4.info
www.11tp.net
kasa.cz
gogoday.info
webdaili.info
onmam.com
www.hmsj.gov.cn
wikkii.net
campaniasuweb.it
khanen.wop.ro
gqszjambj.skynetblogs.be
www.51nanmu.com
servicelearning.org
kasbia.wop.ro
jokf.265link.com
t.hkwap.info
goztepe.org.tr
box.com.ph
celeb.blog.nl
alternity.puk.ro
bazanowski.pl
daddle.puk.ro
ziii.biz
mossless.puk.ro
lajfisbrutal.soup.io
spotdeal.dk
himatif.or.id
www.freebackgroundweb.com
kansai-school.net
chat.whinfo.net.cn
buxed.com
bookmarkpages.org
dinbaghave.dk
unionen.se
www.newhost.ro
sportdepo.ru
djgaucho.com.br
devastando.wop.ro
4617846.5sing.com
rapatuja.digart.pl
comprire.wop.ro
www.boxing.nl
0925.tw
www.xj-led.cn
chi.blip.pl
easyenglish.info
saabklub.pl
trucchisvelati.it
aslvideo.tv
ww.51mlw.com
av.1111xx.com
jn.sapo.pt
greenvillehousing.org
seo2rank.net
velasinllama.com
troyun.tv
wang.okgo.tw
bqspa.wqghsj.com
7t2.info
affaisserions.puk.ro
www.55443.info
hack44.cn
lighthost.co.il
huyuanjiadrmj.1168.tv
www.fnforum.net
chachala.com
kiinteistotahkola.fi
magazinzeny.cz
survey-xact.dk
bestpagerank.info
countershear.puk.ro
guihuaxiang.com
watch-gossipgirl-season2.blogspot.ca
londonperfect.com
www.hac-ker.com.nu
sw.io
shortsea.pl
www.chocolat.it
gerk.210000.org
kvistgaardvejr.dk
lacerano.wop.ro
arztsohn.wop.ro
videoxxx12.info
thedarkcity.co
convecto.puk.ro
tv.gazeta.pl
club-valentino.be
pornfame.info
www.jrt.hk
www.fanhui.cc
karcher24.ru
k9un.210000.org
dp.968.cc
obuvoled.r.gd
boligfif.dk
guerrieri.puk.ro
supersport.al
salonika.puk.ro
florence.com.tr
zellophan.puk.ro
chkin.at
www.emiljensen.se
cherifsoccer.net
looeo.com
bulainc.org
korean-learning.seesaa.net
esfri.hyves.nl
nee.178.cm
rss-clipping.com
6mxo.co
pairies.wop.ro
lyricsmusica.it
www.ibc.kg
www.uxx.cc
selangor.gov.my
beskoinet.info
zhucka.lt
bexinh.dantri.com.vn
karhuize.puk.ro
biel-bienne.ch
bcn.gob.ni
abacanto.de
mu.nu
flash.wrzuta.pl
wahmommies.info
darkorbit.opx.pl
airtickets.ro
appetize.wop.ro
levian.gd
5d1y.210000.org
123feijibei.com
korathealth.com
vomo.co.za
mobilka.kz
arart.info
ien.pl
descartes-gym-nd.de
www.aoi.sc
a2zads.info
danhba.vdc.com.vn
www.97semei.com
hyrc.78.cn
moviesofspanking.info
celebrity-pictures.org
isurvived.org
blog.soufang.com
bogdanauto.com.ua
aussie.fm
chalg.com
gracemontclair.org
www.sjh816.com
qxf.9998.tv