airo.web.id
cantonade.puk.ro
bath.ac.uk
westerdals.no
farmacopedia.com.ar
agrarfin.wop.ro
kesaixin.wanye68.com
mykh.com.ua
bestnewslinks.info
asf.fr
datianxia.net
www.uv.es
pooh.cz
www.nnuh.nhs.uk
mojblog.hr
www.rws-verlag.de
abiogeny.puk.ro
sermonettino.drejeskive.wwwwww.wop.ro
healthydietpills.info
sou.wjw.cn
bastardo.tv
spiders.pk
18mei.com
anthonyrobbinsfoundation.org
stationer.jp
visionauto.com.ar
skywatcher.ro
mjmyw.com
www.gaoseqing.com
aftersalesmagazine.nl
chinese.lhasa.usvpp.gov
tp.222hh.info
advise-web.com
photomall.info
juancong.com
gxxo.net
summary.net
guihuaxiang.com
iwin.edu.vn
carnivaldoll.deviantart.com
www.vgr100.info
helpmedia.org
konicaminolta.fr
cineart.com.br
business.westernunion.sg
ncandie.tk
edow.k3y3.net
gizmodo.com
www.jrt.hk
kuriozitete-enigma.com
uniqueness.it
longjd.1168.tv
joemonster.org
nona-polska.pl
boletimjuridico.com.br
ancha.wop.ro
kapuas.info
seabank.com.vn
higg.pl
chunqiu78.5food.cn
tupot.prv.pl
bg-sait.eu
hao.b2b.biz
77sj.info
www.aody.net
cinc2012.org
www.canalcontemporaneo.art.br
jan-baz.ir
egate.vn
resinet.pl
mda.or.jp
xn--n8jwkyd4a3882djk3c.biz
33lian.dvdlinks.at
feestwinkel-purmerend.istats.nl
b28.ndw1.us
streamingvideo.co
tonti.wop.ro
yunfu.ganji.com
c77studios.com
chequecadeau.nc
bandy.blip.pl
www.anrt.ma
pkkl.nfdy.net
xgcp.info
chiplove.biz
queest.puk.ro
mochilabinaria.com.br
smnyl-clientes.com.mx
pointastic.de
993998.com
oxycom.pl
sakura-cafe.asia
dorcia1905.polki.pl
itmaster.tw
job.bjhotel.cn
overjob.wop.ro
www.yxdvb.cm
stekels.puk.ro
sitemap.3456.tv
wkamsterdam.nl
chuabenhtimmach.suckhoevietnam.info
narew.info
netcoders.net
zweijaehriges.wop.ro
lojachuteinicial.com.br
fujixerox.com.my
belgidravlika.ru
www.azett.de
bbs.php.net.cn
pathlink.info
uncommunitymanager.es
10983.5o5o.info
the-v.net
netpeak.ua
rosliny.waw.pl
uzhil.puk.ro
piersic.wop.ro
yese.us
sas.unl.pt
acetylio.puk.ro
rnz5.qiwen5.com
rasons.wop.ro
audi.ch
forgatokonyv.lap.hu
ru-moto.ru
radne.se
margsworld.info
miniaw.polki.pl
www.as89.us
sexnic.de
publicenemy.com.hk
merrjep.al
0692.in.ua
itour.com.ua
capnito.cz
chkin.at
www.cupidov.nl
e-spa.fr
reconstitutions.valutafo.euwww.wop.ro
brandproducts.tk
adoptivb.wop.ro
bwin.sk
www.seminar4u.ru
molihua.net
freshgays.net
c1521.guf.fi
mondadori.fr
saritube.info
speeder.fr
liepu.lt
iulm.it
powerprice.pl
watchfortheloveofmoneyonline.blogspot.ro
ipcl2012.blogspot.com
www.chinaviagra.info
tins.vn
cnsq.com.cn
www.jatin.co.tv
jo-godom.pl
trusted.md
www.ruif.com.cn
remarcar.wop.ro
vichyconsult.es
superkariera.cz
www.80sewang.com
verkalke.puk.ro
www.188soft.com
www.av977.com
sors.ie
disneymovieswatch.blogspot.com
gaoqingtupian.info
nemausa.info
www.jyo.cn
rd.rakuten.co.jp
the-fly.co.uk
domain-generator.net
juf112.hyves.nl
iyad.wop.ro
elnortedecastilla.es
divieto.puk.ro
ostriv.in.ua
ezy.hr
serov.info
refoweb.nl
armor.ag
waperia.pl
i-learner.com.hk
prohifi.cz
zettelte.wop.ro
naturactive.fr
watch-gossipgirl-season2.blogspot.sk
innato.nl
szca110.com
3kyx.qiwen5.com
exe.666.my
hupan.net
pakfashion.info
dusha-loca.co.il
valleygr.puk.ro
gasthaus-poetz.at
vistaku.net
ipxq.k3y3.net
atehenmei.com
clock2d.com
hbjmd.78.cn
druiflui.puk.ro
4dk.ru
bainetspa.fr
www.klops.pl
lambertgroupproductions.com
5560.56dvd.net