www.nacta.edu.cn
sultang.co.kr
vtkmuzmyd.freeblog.hu
tosziko.pinger.pl
striempj.puk.ro
explorekerala.org
practis.wop.ro
it.dlbr.dk
servefeed.info
parentingteenagers.info
birkenstockshoes-store.weebly.com
www.a9dj.com
milokan.ws
wa5372.x111.org
robbers.de
psearch.yahoo.co.jp
g.34ls.com
mo.99btgongchang.net
glyt.210000.org
kognet.de
toppotraviny.cz
www.seo58.net
gutongtiel.1168.tv
dlhome.ws
4doma.info
vogue.de
my-zeitundraum.ch
www.fssqi.com
2go.im
www.jazi.ch
sefsejcs.ugu.pl
etbmice.com
vip.999green.net
s-lines.net
waofm.com
www.slw2.us
www.jzwalk.com
www.666xa.com
rss-clipping.com
oleole.fr
wohnen-interieur.at
alio.lt
bas.rs
hippostudios.co.uk
unconfuted.wop.ro
luisrubio.mx
the-fan.net
aankoppe.wop.ro
tubexxx2.info
www.hotfrog.cz
hnzlw.com
indexseo.pl
sb-2b.info
szaci.atw.hu
dichvuchuyenphatnhanh.name.vn
vorp.blip.pl
etravel.ch
egi0.265link.com
www.ir3s-sympo-eng.net
www.xxbaobei.com
ogar.wop.ro
www.1j3.net
alde.eu
ljj.66law.cn
autosusadoscostarica.info
synodal.puk.ro
mamekiti.blog.so-net.ne.jp
levantateycamina.cl
race.es
indonetwork.co.id
asia.lk
ai-yellow.me
www.menorca.net
zyiis.com
rushydro.ru
yh5.cc
viborg-esport.dk
ymccolumns.info
obvrjnmn.blogger.hu
www.hfyl.net
granddesigns.us
jarawdomo.serraval.retraduises.chilidium.kanritsu.wwwwww.wop.ro
1388gf.com
xn--tlqp91cyfo58p.com
edekkk.wrzuta.pl
spezzerai.kersenti.caneyville.wwwwww.wop.ro
meetingtime.it
xijiajia.com
www.okk.ge
youjiajia.com
taojiajia.com
eratown.vn
www.afr.pl
googleplussearch.chromefans.org
zirusi.wop.ro
dacixi.com
tilde.wop.ro
www.tx791.com
autostar.com.br
ert3.gr
xzlw.dzz.cc
belona.puk.ro
nador.fr
imom.com
nc-werte.info
aeromantic.puk.ro
niches.wop.ro
valsabor.com
srs.gs
sortlinks.info
trapaniwelcome.it
hh33.net
gorissen.info
yesvpn.org
optimall.cz
via-rs.net
17ox.lizhidy.net
nobelclub.kz
devhell.ro
mar-k.cl
nmdl.210000.org
www.vff.dk
www.hmb.ch
expressla.info
www.0714.com.cn
chuenyuen.edu.hk
erogu.sexysexy.info
xosotructuyen.vn
www.sarsan.biz
liepu.lt
www.68uss.com
sejaonline.com.br
www.pbhack.biz
webdinamic.com.br
linkehf.info
foodday.org
www.zhongyi528.com
wmurphy.ie
ccftn.com
police.be
socialgreenstaff.info
www.csnews.net
hurman.wop.ro
hottsex.info
ouseful.info
pzh.gov.pl
epodatnik.pl
pagerankz.info
ragnhild.bloghog.no
sanbatdongsanduan.info
turkcell.de
www.xiaosege.in
bou69.digart.pl
gupiaodadan.com
gwiezdne-wojny.pl
forumprofi.de