caobiba.info
navig8.co.uk
trundlin.wop.ro
islamic-resource.org
the-expendables-full-movie.blogspot.com.es
eudal.wop.ro
eosfit.ru
toko.puk.ro
controldetransito.com.ar
weiming.info
www.rws-verlag.de
tbcbank.ge
nooddwan.wop.ro
sternstein.at
bwin.sk
intolaw.com
sou.wjw.cn
tourbar.info
all-kin.com
6mxo.co
zynk.jgnz.cn
ebano.puk.ro
adamonet.pl
merille.wop.ro
jubbe.puk.ro
sharkgaming.dk
pakish.asia
digitalnatives.it
lianya.info
termbridge.net
www.af3d.com
www.p5q.org
yooxgroup.com
moluscocontagioso.info
buddhanet.com.tw
guihuaxiang.com
whiggarc.wop.ro
lists.mur.at
www.shousu-fod.com
duck.co
manga.akihabara.cz
aformaclic.fr
armor.ag
chachala.com
pelmel.info
toppotraviny.cz
seo4net.pl
koenne.wop.ro
18p2p.us
grynet.puk.ro
xixihuafu.com
video.google.com.vn
tubexxx2.info
chiptalk.net
ariannacenter.org
smrc.cc
www.0769lipin.com
androidapps.ir
ankangcha.1168.tv
almaaref.org
germancraft.net
in-jamaica.com
ishinabe.wop.ro
malheureux.puk.ro
pocketfulofdreams.co.uk
poolicz.pl
rico-s.jp
perfuma2.es
roughporn.info
tiempodevictoria.com.ar
radio.i.ua
www.jnzjgs.com
qanungoh.info
www.sjh816.com
x-leasing.de
www.euroinvestor.no
renetamusic.cz
wuchanggang.com
www.chinaw3c.org
audi.ch
lhmf.nfdy.net
yuhangtang.com
triboliu.wop.ro
grottacontinua.org
www.delsin.org
isozial.so
sz.nuomi.com
sjdhz.tk
14144.tk
i9yt.k3y3.net
j93w.265link.com
suteto.wop.ro
motetilbud.no
argovia.ch
www.gameogre.com
520kx.com
66321.hemelsesex.nl
curiosi.wop.ro
censasyntyo.blogger.hu
progames.in
patasagra.it
www.vpner.net
r7rr.56dvd.net
www.algahirek.hu
sadreminders.com
youngminds.org.uk
huntermwr.com
pumix.hu
www.hsgh.net
bbk.es
www.wwwjiayuan.net
endo-lighting.co.jp
ng.org
dls.gc73.com
entoptoscope.puk.ro
naanad.info
acsis.ca
guad.210000.org
3mmw.net
www.54317.com
makko.biz
szukaj-diety.pl
www.789bf.com
flinchband.fi
nemnd.9r.ro
zvrh.210000.org
aleksandra1.flog.pl
hupan.net
ryor.ibyznys.cz
ccac.gov
watch-gossipgirl-season2.blogspot.sk
plusbus.info
wilner.wop.ro
741.pl
s4u.co.il
www.zqdtblg.com
urlpulse.dk
wucherte.wop.ro
voolee.info
etxf.nfdy.net
mi.99btgongchang.com
alagi.informatiserai.touhaku.wwwwww.wop.ro
ggtt.co
83.com.cn
wwjj.210000.org
1lxj.qiwen5.com
geek-blog.it
www.hzcw120.com
nxs.prv.pl
liuzh668.com
rantapallo.fi
comcast-deals.info
sojag.org
pajarero.wop.ro
abo.fi
mmisep.soup.io
spp.se
junv.210000.org
socialtv.gr
jara.blip.pl
huxinjiaonang1.1168.tv
bru.ro
aprilzaa.wop.ro
oleole.fr
zerschel.wop.ro
www.jh888.net
borda.qip.ru
accedo.tv
iml.es
terunoyu.co.jp
bantincongnghe.info
thomaz.dk
owsiaknet.pl
vancouversouthsiders.ca
cityfarmer.info
1000by1000.net
parquons.wop.ro
x.rentipic.org
heiyh.net
qqc.co
jkbschool.org
tabu.tv
zuixixi.com
insufridera.puk.ro
xehoi.edu.vn
www.0rbi.com
jmule.org
www.starkl.pl
betonwer.puk.ro
xnbh.100hg.com
www.hebxg.net
kvinnene.puk.ro
literallyinspired.com
taojiajia.com
byronic.info
zijinghua.com
topnews.su
zijingang.com
wulitang.com
xboxgamingtalk.info
waofm.com
gamesfree.me
fukugour.wop.ro
sshuai.com
lyricsmusica.it
anova.tv
cloob.us
chamaesi.wop.ro
remarcar.wop.ro
3erp.net
appuravi.puk.ro
northsafety.com
kelantan.gov.my
bth.78.cn
www.nginfor.com
amigoautos.es
0s8x.56dvd.net
q.58.com
www.0310.us
vocehost.com.br
spblogger.com
tymoshenko.ua
gile.wop.ro
trucheck.it
www.elmastudio.de
viaembrateltvporassinatura.tv.br
www.xmjqw.net
reszkessetek.uw.hu
linux.no
spotdeal.dk
favoriten4you.de
florigen.puk.ro
gaim.sourceforge.net
www.nacta.edu.cn
gwebtools.com.br
wrestling.co
665mi.com
cestec.it
6hw.hk
sahara-libre.es
faktura-xp.de
fantastyczny.eu
inventech.ru
kingtour.com