leroymerlin.fr
znajdzkuriera.pl
eratown.vn
troua.wop.ro
24x7-spb.ru
forexinfocentrum.cz
siterj.net
erufa.com
woodengreenhouses.net
crbone.info
uh-ty.com.ua
sou.wjw.cn
bonkaceleb.pornrox.com
rpo.mazovia.pl
lifemile.info
vvki.info
26greyowl.com
www.hbnews.net
nmdl.210000.org
megahity.pl
xetzbc.78.cn
mybiosis.info
installment.puk.ro
luigor.tk
edisonbusiness.it
kolesa-online.ru
unbossed.wop.ro
beijing.qyi168.com
www.44ss.net
superdeals.my
rss-verzeichnis.de
tuoferta.com.pe
swlaw.edu
www.danandronic.ro
onet.pl
www.antic.cm
adata.pl
www.hl.lss.gov.cn
www.bt4.com.tw
www.ymghg.info
hunde-villas.de
basketpc.com
hoentjes.wop.ro
abbye.wop.ro
pmsteel.com.my
woqod.com.qa
www.mn444.com
webdaili.info
swbag2000.cn.alibaba.com
egyesult.hu
wwwcom.ru
www.xfedu.cn
wanche100.com
zdrada.net.pl
www.4233.info
retento.com
www.bagnicatainin.it
cnporter.com
locasit.fr
pomorskie.eu
schelim.polki.pl
friskposts.info
map.uoregon.edu
ngocentre.org.vn
tyhlztgt.1168.tv
digitalfototreff.de
tubeporno12.info
digistar.vn
wahlstim.wop.ro
iwastasting.soup.io
www.corus.nl
kasa.cz
kangokei.wop.ro
henhao1.info
kadu.blip.pl
www.eru0.4f9.org
klimatyzacja.pl
www.mtime.me
zabbix.com
www.hmb.ch
wikiderecho.org
msworld.org
2bicycles1world.ch
sem-seo.gz.cn
weitz.de
www.dada114.com
www.0905.com.cn
sayme.blip.pl
mietwagen.info
66se.us
www.jilin.cei.gov.cn
maxatin.lv
forum-cz.net
zeek--reward.biz
dj.webchuan.vn
www.010ugo.com
xn--assurancesant-nhb.org
ralj.nfdy.net
www.organised-confusion.eu
kercmeluana.blogger.hu
mysite.im
elinyae.gr
ggg13-d72.diandian.com
www.wamc.org
bigtopbullies.com
ashiyane.ir
g2000.com.hk
liveme.org
perjensen-online.dk
www.wiqvod.com
huisgeno.puk.ro
dahar.eu
kariusbakt.us
williamhill.it
club-valentino.be
childrenofamazon.org
robchapman.tv
citydomain.com.ua
se131.xx2100.com
kaluweb.fr
webdirectorys.info
tabletshop.ir
efei.56dvd.net
www.zglhgs.com
one-more-time.us
shoppic.org
chuangfu3.blog.163.com
webpower.nl
undersec.info
rahyad.ir
www.hol.edu
futureclub.us
szum.digart.pl
www.dtqsy.com
zhuzhouqq.qiannan.org
downha.tv
enchtex.info
www.gtjzjx.com
meliadus.wop.ro
pornbig1.info
dist-tutor.info
pogues.digart.pl
www.akj.lt
imagenesdefondo.com.ar
www.shexiangshu.cn
adultsitesurfer.com
bestbuy.no
csstemplates.net
www.jccc.edu
co-opnet.co.ke
bravofly.es
dofortune.me
guihuaxiang.com
peruano.info
openinitiative.org
nyanya00.xfree.hu
hkonline.com.hk
love2reward.co.uk
bookwm.tk
datatransmission.co.uk
bdfafbrv.freeblog.hu
broco.blog.hr
520kx.com
cofunds.co.uk
kameraakcja.pl
cocciuti.puk.ro
banaliserait.puk.ro
jianfeiwu.tk
pixelnerds.es
ai880.com
weee.jp
www.ably.eu
rufaaforall.com
nuss.56dvd.net
nic.fi
helge.im
cyc.edu.tw
zadrotam.ru
hutselbe.puk.ro
fortnece.puk.ro
www.456fff.com
brilloldies.com
sfr.fr
favoriten4you.de
musicscene.org
satsis.info
a2zsocialbookmarking.info
myjobspace.com.br
www.zhaosf123sf.com
thelittleworldoffashion.fr
harpa.is
foto.delfi.lv
nonwovenbags.blog.163.com
www.mxrdy.com
shinra.wop.ro
0533.tv
sans-sucre-sans-sel.com
ziaporca.com
www.yknlfd.com
kachna81.polki.pl
www.seoxoo.com
www.zheli.me
hughes.in
www.varlak.hu
evi.by
alud.wop.ro
sjqt.info
forumlynx.info
www.51hk.org
sahy.virtualne.sk
supersport.al
smbnation.tv
cropsites.com
tangzhigui.com
www.klops.pl
wagner.edu
roislandco.no
dipascha.puk.ro
nibbl.ru
artediez.es
theresit.prerebellion.karaoke.hygien.wwwwww.wop.ro
ttv.vn
valeuf.org
spezzass.wop.ro
yhbv.nfdy.net
roerzeef.wop.ro
parquons.wop.ro
11sasa-820b.tumblr.com
expedi.pl
www.vaude.de
114zhe.info
a-ya.5d.cn
448448.hk