www.letv.com
espasserelle.net
www.hzzjkc.com
excelwelt.de
ur.ru
expireddomainsfinder.com
schroomvalligst.wop.ro
rtsentreprise.ch
ezy.hr
britaine.co.uk
mpx.keep.pl
388se.burn.at
9hlx.qiwen5.com
connexio.wop.ro
onzijdiger.puk.ro
acphs.edu
chenpeng.info
www.rws-verlag.de
rumli.puk.ro
newusbhub.info
jardipartage.fr
unbossed.wop.ro
lernia.se
iplan.com.ar
sabin.ro
sou.wjw.cn
sartorit.wop.ro
slando.gr
samhande.wop.ro
mdc.it
zkph.210000.org
kamoshit.wop.ro
kodcity.ru
deef.pl
yupiao.info
moda.gov.sa
pokerstarslive.fr
men-in-black-3-full-movie.blogspot.sg
www.netjunkie.ro
w286.com
www.borhanteb.ir
www.tiantiane.com
geheimka.wop.ro
alomuaban.net
mishakal.com
titanum.biz
51736.org
aclockworkorangefullmovie.blogspot.in
uni-sb.de
danhba.vdc.com.vn
benedusi.it
princeag.kaskaden.wwwwww.wop.ro
www2.xmrc.com.cn
camsecret.com
triponline.hu
koschakoschakoscha.narod2.ru
tsr.net.co
iautmu.ac.ir
listingfrog.com
guangfu.bjx.com.cn
guccii.info
streetwhore.info
itour.com.ua
die-gruppe.info
dzony.soup.io
jining.gqsoso.com
smumn.edu
aftage.wop.ro
gyerekfilmek.hu
haakten.wop.ro
65.tc
www.gameflve.net
babycity.co.za
www.2322.cc
gcn.gov.hk
haan.nfdy.net
handsonlycpr.org
nvtc.ee
handwerkte.wop.ro
cotojest.info
chachala.com
www.qq88km.com
handy-news.at
gl6x.265link.com
btbsse.com
piufan.it
1138721.i.tiexue.net
dlasklepow.pl
golden-circle.biz
filmy-ke-shlednuti.eu
cma.gfedu.net
hangzhou.qeecn.com
haszonaruhaz.hu
hatsumi.wop.ro
datahostingz.info
nnxmbh.com
uncaused.wop.ro
favoriten4you.de
zettelte.wop.ro
guidance-research.org
alaniemi.net
hbzyzs.info
domainmarkt.de
yuwae.wop.ro
yes-cool.info
hdtvstores.info
ug.com.br
z6i.net
jhankinewz.info
activlab.hu
alo.bg
healthfitnessblog.info
antarex.it
woolfs.ru
anxietyneurosis.soup.io
apek.cz
apeurer.wop.ro
www.brandz.hr
apnafundaz.com
appletvblogr.com
humyai68.info
firstus.org
appsku.com
aprettylifeinthesuburbs.com
apuliastation.puk.ro
stachyos.puk.ro
aremc.hyves.nl
argoland.ru
nsx.pl
arielcom.info
armtoday.info
www.chicagomanualofstyle.org
army.cz
articledirectoryland.info
articleliss.info
artisteerhelp.fr
as-heart.info
as.ua.edu
asianladybugs.webs.com
helenlambdance.co.uk
asiunia92.digart.pl
www.laroza.pl
assinesky.tv
astorgano.wop.ro
atheneszki.hu
au108.info
aucklandscene.co.nz
auction-it.eu
augustasportswear.com
ecoflame.cz
autoconstruction.info
av999.in
avidesign.de
avsese.info
badassallstars.de
mushman.co.kr
baidu23.admin301.com
baldachins.wop.ro
balkansport.info
praktika.de
banaarababul.com
panjinshi.m69.info
banereko.wop.ro
bangmai.info
batterono.wop.ro
bauhof.ee
jeez.jp
bautamsu.com
hh.cn
baxi.it
hisas.jp
baylakecommunications.com
bbs.543210.org
hispanictips.com
bbs.dongtai.so
bbs.sqfc.cn
bc7j.265link.com
bcc.it
bcss.210000.org
bedthrows.info
beef.co
beestar.org
belmusic.info
benzinklub.hu
bergamas.puk.ro
beronco.info
bestonlinecasino-uk.info
bestpr.info
surgeryloansforbadcredit.info
bestsocialbookmarkingsitesx.info
lookaway1.pinger.pl
bettingsafe.info
bibliata.tv
bipont.wop.ro
aimtheorycrm.com
bishonen.org
hoboed.wop.ro
bjdl.jianzhanzhe.ws
bjxdqlddcyxgs.diandongche.biz
bl6.jp
blackstoneforest.com
blog.adelie.dk
mu.nu
blog.gke.cc
holidaytours.in.th
blog.prime.ba
homeweblist.info
91jj.info
blogbox.ch
kweekbed.wop.ro
blognavi.info
kwoon.info
bloguje.org
blox.pl
bluethner.de
bo.net.pl
kz.flog.pl
rodete.wop.ro
lnb.lv
bogong.puk.ro
boi.gov.bd
boligfif.dk
bon-bochi.blog.so-net.ne.jp
bonbon.lap.hu
bonifier.puk.ro
bookmark-fastupdate.info
bookmarkthistime.info
brasempje.puk.ro
brekings.wop.ro
brojoey.com
browsershots.org
bruclass.info
btu.edu.vn
buddyforum.de
bullet.blox.pl
89st.nfdy.net
bumper.wop.ro
lab2.pl
burnettpainting.com
buzek.ugu.pl
calderon.puk.ro
canevall.wop.ro
carcle.jp
cardif.fr
bourbon.jp
carolina.xfree.hu
webconomy.com
cavalier-qp.a-thera.jp
jourikus.wop.ro
cayennepepper.info
cc.wwmmm.net
eaby.nfdy.net
cdd.me
cellose.puk.ro
centroesteticopadova.com
rtsi.ch
ceppalma.net
chalongrat.org
chayachitrakar.blogspot.in
monolith.pl
pit-38.info
signum.wop.ro
lamperonline.dk
kaluweb.fr
latindanceband.dk
lovedear.info
www.nsexpert.com
leeson.com
chemenal.wop.ro
cooltemplates.ru
danton-immobilier.fr
lesgay.info
lessons-tva.info
parquons.wop.ro
chernyspisok.info
chessvideos.tv
limoluxcar.pl
cistite.info
lin-sweet-choco.blog.so-net.ne.jp
cit499.info
cite-sciences.fr
linearlawenforcement.com
clipx6.info
cn-english.cn
bookmarksearch.info
cnporter.com
iworklab.com
codeproject.com
linkalmanac.info
coiffero.puk.ro
linksef.info
comerafuera.mx
linkstop.info
compan.ru
coolmusicagratis.com
cornix.wop.ro
couponsc.puk.ro
covadaterra.org
cpa-bank.dz
cr8.lv
crackonu.info
crbone.info
linux.no
creativeparis.info
crowdfunding-deutschland.de
crushitoncraigslist.com
cs-amazing.pl
awww.ro
csgia.org
cwhaticando.com
cwlp.210000.org
cyicukolm.typepad.com
cyrkulewski.pl
d3webdesigns.com
dach.de
dachuan.66law.cn
dacixi.com
dagslyse.puk.ro
dailystyle.info
bt.es
linyi.sd-n-tax.gov.cn
lioba-usa.de
dalegas.com.uy
dandoporculo.com
datavis.ca
dazer.soup.io
de-signone.co.uk
trimtex.ee
debaj.ca
debonaire.puk.ro
dehajime.puk.ro
dekobaza.pl
dementia.pt
dets.wop.ro
deutschegirls.de
deutschesee.de
dgzgz.78.cn
www.kow.nl
diavgeia.gov.gr
diet4all.info
strijdlust.info
dijo.ro
dilli.wwwwww.wop.ro
directindustry.fr
directorybid.info
moneypalas.biz
disciplinons.puk.ro
disprophar.com
divagavi.wop.ro
aftensolens.puk.ro
playism.jp
django.pl
djbudi.prv.pl
dls.gc73.com
fhnw.ch
dnflf.kickme.to
liuhee.info
liulanqi.info
dobradieta.pl
dol.gov
domico.info
domolink.tv
hulssier.wop.ro
domy.pl
ro.bab.la
donobanladys.com
dooktor.pl
dregslist.net
drive.gr
driversdot.ru
drossos.eu
drukton.pl
dtv.gov
livech.info
dukandiyeti.info
duzylotek.net
knopfusa.info
dvbtv.prv.pl
dwiattorneyz.info
dwsilks.com
dzz.cc
e-nocleg.pl
e-pal.me
e-shuushuu.net
earthrights.net
nic.fi
easyfm.lv
ebookfree24.info
eckankar.org
efri.puk.ro
ejka.blox.pl
elektrocabel.ru
elhuyar.com
elmar.ee
eloproject.com
internic.ca
liyi.66law.cn
emitel.pl
emktagc.info
loffciana.pinger.pl
emsi.blip.pl
clubracer.be
enesonora.edu.mx
enterbio.es
campaignjobs.co.uk
entertudo.com.br
eplastics.pl
erogu.sexysexy.info
esferabr.com.br
etlz.nfdy.net
etravel.ch
eudal.wop.ro
ewebarea.info
facepad.tk
fairmedia.se
famosa.wop.ro
fangensk.wwwwww.wop.ro
far32.ru
fas.edu
fashionjp.net
los40.com.mx
fatal.pl
losmedieros.com
fcwap.net
feed.feedcat.net
roelandmeyer.org
festiwale.info
sexbabyfree.info
fhcx.nfdy.net
filesonic.jp
filmpreise.info
filmypsp.pl
findvej.dk
olumpezeshki.ir
fishemania.ru
udanet.it
florigen.puk.ro
flyringtones.org
fm.tuba.pl
kaspersky.fr
foerst.puk.ro
forexdemoaccountsz.info
forumlynx.info
free-tips-and-info.info
freelinkurl.info
whiqend.nl
bobo.474pp.net
fregador.puk.ro
frikke.puk.ro
dafanli.net
lphp.ru
fs.joobbe.com
fucinita.wop.ro
ludie.puk.ro
fujifilm.com.hk
fujifilm.com.mx
fun.ruonuo.com
fundhaus.com
funhunters.pl
funiforum.org
fupukujuj2.prv.pl
fuyang.xinl.net
fzmfkj.info
gabbr.info
gadufoto.pl
gamecard.mobi
gankofood.co.jp
luomai1.blog.163.com
gart-info.ru
gay.fr
gayhk.com
terous.blip.pl
gdzieoddzialy.pl
thaibubbles.com
gedoopte.wop.ro
thebridgeontheriverkwaifullmovie.blogspot.pt
zsze.de
tnttorrent.info
trolldad.info
tuku.cn
usigroup.org
tumiwisizm.pl
uuzn.com
valakas-world.uz
vietxinh.info
vmr.pl
www.pxrc.com.cn
vtdf.210000.org
watchtower.org.pl
netpeak.ua
web-summum.com
webfurl.info
belsat.eu
gefaesse.wop.ro
webproxy.pl
geintje.wop.ro
wnl.su
www.0551ks.com
juancong.com
www.163.com
www.365kongtiao.cn
www.5566ww.co
jasonwjones.com
www.attac.is
iphoneottercover.3ji.info
www.buy88888.org
www.daocy.com
www.eastwestkarate.org
www.hapitu.pl
m1.521gc.info
www.hmsj.gov.cn
www.igc.int
www.kz2010.info
geridsfloristshop.com
getinthehole.co.za
www.nieruchomoscislask.pl
getty.wop.ro
www.njkaixin.com
ggtt.co
www.coca-cola.lt
www.prm.md
ghostpro.vn
www.shanghaizhongtie.info
gilfondrt.ru
ginestre.puk.ro
www.skalka.i-noclegi.pl
gleamingtechnologies.com
www.smileagd.pl
glitery.pl
www.suho.pl
goingglobaleastmeetswest.blogspot.com
www.thuocgiamcan.co
www.tuvankhoedep.com
www.youxiang1.com
www.zgwrp.pl
www.zhangui123.com
magna-themes.com
www.tuotuo.cc
wykrzyknik.digart.pl
mahara.fgamonteregie.qc.ca
tupian.meinv.cn
xalonex.pinger.pl
aradiginhersey.com
mail.bift.edu.cn
xn--hrriyet-n2a.com.tr
main.ru
manlyyoga.com.au
xxl.tv
nimes.fr
xxxmir.info
manyue.org
ydoma.info
yodramas.blogspot.com
wasserli.wop.ro
www.qdnzy.cn
www.51nanmu.com
eyjan.is
marcdgz.wrzuta.pl
marcin9122.wrzuta.pl
golpo.org
7b10.info
massbio.org
maszke.pl
plan.pl
matthies.de
marshfieldfamous.com
fotograficzno.pl
gonirwana.info
gorakhpu.puk.ro
gorunfaster.com
gory.pev.pl
goscript.info
gourdpla.puk.ro
www.miqi.tk
gowe.nfdy.net
max3d.pl
goyub.net
radio.cz
gral.pl
rehab-international.org
grimosa.puk.ro
groupon.home.pl
gruppolen.it
sabaki.jp
saywho.fr
gsmvro.com
tins.vn
zellophan.puk.ro
zhangjiakou.kc7.info
zosiaikevin.pl
cxxk.210000.org
damianwba.digart.pl
nawebu.cz
skypilka.ru
deborahkingcenter.com
syncarpy.puk.ro
des-dream.com
laszkiewicz.pl
divide.filmaster.pl
techsmash.in
dlpark.com.tw
donatari.wop.ro
eatingplansforweightloss.info
text-gold.de
efeblog.com
egsp10-water-heater.info
election-day.info
endormiriez.wop.ro
enginedirectory.info
esfri.hyves.nl
fairtyre.eu
filmogren.com
flooyd.digart.pl
www.doofaa.com
flvflashplayer.26z.info
ricardo92.wrzuta.pl
forumzdrowia.pl
p2media.pl
freehqmovies.info
freestuffs.info
fuckasiangirl.com
truckdrive.info
fugi.wop.ro
tw.qiss.mobi
funpic.de
chie-0825.blog.so-net.ne.jp
gardenplanet.pl
gift-basketsplus.info
gminyrp.pl
vallechat.net
gn-cherevil.co.kr
greenfarm24.pl
grupazpr.pl
gzlf168.com
hbpx.net
dokidoki.ne.jp
hearbook.ru
hotelplay.net
magicrentals.com
ilovexs.pinger.pl
izbaskarbowa.lodz.pl
justcar-shop.info
kaloo.info
katalogika.pl
kemenpera.go.id
webwagon.biz
52framework.com
kopd.pl
krakow4u.pl
kwiaciarnia-silentium.pl
legis.ru
linksea.info
liuhe.tv
londonhotelslist.net
lupiewkregoslupie.pl
lwid.nfdy.net
mafiadaputaria.info
makingstrange.info
maureenjohnson.webs.com
snaha.cz
mbaconsult.ru
devhell.ro
mebnqtau.blogger.hu
meriel.flog.pl
www.gbeca.org
piorno.puk.ro
mobileprogramming.com
mu-club.tk
mymotor.fr
naebelgeischter.ch
www.freebackgroundweb.com
nemesia.puk.ro
newskomp.pl
www.gooru.pl
niters.wop.ro
niunn.blip.pl
northerniraq.info
chsou.com
novareg.com
ntck.210000.org
nyasatimes.com
nycivic.org
www.jamievalentine.net
olx.com.gt
osiuri.wop.ro
pakir.wop.ro
palgn.com.au
pawelsawicki.digart.pl
penizenutne.cz
pingliang.chinaibi.cn
pjentaszeq.digart.pl
pnet.pl
policymic.com
polysporic.wop.ro
pro-quote.de
prorapid.pl
pzqqzx.info
qiche.info
qqq-qqq.cn
quad-hits.info
quote.fm
radio-dream-dance.com
guihuaxiang.com
rampais.puk.ro
rawfoodcoach.com
i-x.com.cn
readbook8.com
www.v93.info
www.maidele.org
riziqin.blogspot.com
www.youjoy.net
yagihasi.wop.ro
huyuanjiadrmj.1168.tv
yajiebao.1168.tv
www.lylcjsw.gov.cn
yh6m.qiwen5.com
zuanchuang9.sdthsk.com
pintastic.co
021dlwl.com
1000by1000.net
13022015959.pur5.com
businessworld.ws
18p2p.us
rp5.nl
www.fareno.nl
5mileprairiehomes.info
cybermonday2012tabletdeals.info
bjmemc.com.cn
20cn.info
departmentzero.com
2handhk.info
s-v-g.de
scenari-platform.org
shandong.zg2sc.cn
sheens.wop.ro
silcosil.cl
sitesanalytics.com
smart-single.co.za
smarttravelinfo.com
amway.com.co
socialbookmark-balance.info
sortesokker.dk
buildidaho.com
sr-22.info
sspops.prv.pl
hupan.net
www.uuloo.org
cunxinh.soz.vn
cafemba.ir
knightonline.tv
fmfans.it
dlink.com.ph
www.dvdfab.biz
gradates.wop.ro
www.tlzt.4f9.org
suklet.wop.ro
www.sohu.co
dewa.flog.pl
abirdtold.me
www.345qq.info
4088.me
meimm.in
hdchurch.org
literallyinspired.com
riback.flog.pl
hxjy01.atobo.com.cn
prospis.pl
smallbusinesscan.com
jin24k.com
dequeva.es
theprestigefullmovie.blogspot.hk
s.avaa.info
www.soendag.dk
www.uxx.cc
pllogic.com
t39.us
pugni.wop.ro
cyberxteam.info
theamateurzone.info
www.htexam.net
aspq.210000.org
diplotop.fr
realmadridfans.org
mymobiles.info
www.77l7.com
rock.dp.ua
bookmarkingsharing.info
3034.cn
talgov.com
www.chinacham.hu
cul.sina.com.cn
soleyn.puk.ro
machotesx.com
bxzcw.net
venturecraft.jp
www.hu0.casedu.org.cn
www.gniki.com
cupe.ca
velocos.ch
uni-blog.info
dayzcommunity.eu
mossyhearth.com
anageimoveis.com.br
www.w571.cn
aiwp.210000.org
lachnosterna.puk.ro
phat.pinger.pl
raffery.wop.ro
jjrcw.78.cn
pooh.cz
huhennews.net
interq.pl
138l.com
mgkz.210000.org