2012.jsyks.com
www.haikouyechun.com
mc-larsen.dk
vmpa.k3y3.net
wq315.com
fyre.nfdy.net
www.argus.nc
brainz.org
56cs.com.cn
so-net.ne.jp
91ggg.aa.am
offline.hu
iphonehoesjes.goedbegin.nl
trafficdynamite.com
nasilekari.sk
xn--hu1ba146aba.info
gbevzinzkt.page.tl
sciencespo-lyon.fr
apostleofspeech.org
qqmuchang.info
1rediq.ru
yominaos.wop.ro
proms.pl
jl.wasu.cn
linkagogos.info
guihuaxiang.com
345uu.info
www.nike168.biz
11xxxx.dasemao.info
knr-productions.com
vanhecke.info
oa.jxbgw.net
stekels.puk.ro
www.nike2012.com.tw
www.b2blm.com
oedogoniaceae.barrieren.syokutak.wwwwww.wop.ro
aanga.puk.ro
wankerson.com
facebul.net
wealth-4-all-team.biz
www.rogavis.no
ibasso.com
www.fuleyou.com
www.jtyy120.com
whipcraf.wop.ro
www.lancns.com
thefashionpatrol.com
frogster-office.de
cypasia.org
brd.hu
dnevents.com
023nk.com
itgt.qiwen5.com
lasky.hu
iwastasting.soup.io
draconiansfc.com
utunuki.puk.ro
januario.wop.ro
www.youyikj.com
www.xxx400.com
www.szdef.com
www.toet.nl
yinshiweb.com
web56.s1.joserv.de
homotoys.de
splashporntube.com
www.gt0086.com
www.gxlys888.com
gespiese.wop.ro
www.hzxh.gov.cn
zsm.opx.pl
webhosting.pl
technicalities.puk.ro
as-garten.de
url.my
xx56465784fdso0o0.8jc8.com
nordicism.puk.ro
klmj.nfdy.net
piert.wop.ro
nartorolki.pl
www.sao678.com
depalma.wop.ro
stoothou.puk.ro
law.by
nextgenerationchiropractor.com
www.wmyj.net
tetraforum.pl
gamesurf.it
www.market.ba
321.gov.cn
bitcompany.it
alcar.pl
zulla.puk.ro
ceramic-tile-floor.info
curtomuito.com.br
solemnness.puk.ro
e-monki.pl
zespolspoko.pl
www.cn-hunan.cn
kizigames.org
www.23j6.com
guangzhoutower.cc
jornaldelavras.com.br
hkab.org.hk
toxicola.org
lucidguitarstudio.com
raving.wop.ro
asese.info
new-hope-opera.com
gnvj.210000.org
fdcp.co.jp
utajeno.cz
itffarmacia.com
capclassique.wordpress.com
www.nocay.com
wu.88888m.com
blindden.wop.ro
vayda.wop.ro
www.tvtravel.ro
kelcours.com
unoter.puk.ro
www.smi.pl
osbm.co.za
windows7.pl
longxinjiuxi.soufun.com
kamoshit.wop.ro
bgonair.bg
mahendra.prv.pl
schoolexpress.com
hebinzhicheng.com
nttls.co.jp
ahgx.k3y3.net
www.yinsaose.com
deniedhealthcarecoverage.info
886879.com
harkhabar.ir
www.ytbxw.com
www.adac.ae
www.serenav.info
www.exotique.ro
hoffie.info
declinan.wop.ro
dornig.wop.ro
www.qichedj.net
mlmtoppers.info
www.ficed.org
akn.pl
shop34389731.taobao.com
www.medicossinfronteras.org.mx
sajlent.soup.io
www.adbax.nl
jarlen.wop.ro
www.qdbdc.com
linkmac.info
www.ptgzg.pl
xinple.org
davidgis.fr
iceage2fullmovie.blogspot.ie
www.paishuibanlh.com
www.xunta.cc
www.88ii.info
iy0m.k3y3.net
www.mzdh.com
medsovet.info
hydrogen.co
logga.me
iteach.kz
rwxkqmlay.blog.mongenie.com
linkauthoring.info
www.attackers.net
linknic.info
tamatekk.puk.ro
silvanry.wop.ro
www.texpol.info.pl
88tmxx.net
wordpress-jp.info
sermonettino.drejeskive.wwwwww.wop.ro
peridial.puk.ro
unitedyacht.com
abelmosk.puk.ro
197.71zs.com
web-fortbildung.de
jsdh6.com
www.zhifenggangguan.net
oliveology.co.uk
881903.com
alluvia.puk.ro
www.annaguseva.com
www.jjxf.gov.cn
talee.mihanblog.com
bai19.com
ez4u.co
evolvonline.info
bookmarkengines.info
www.ravens-fanatics.com
hkwdh.com
iapss.org
vn.nl
13616834.5sing.com
afbreken.puk.ro
www.tuopiji.com
open-bio.org
cep.uoregon.edu
underbev.puk.ro
voo2do.com
www.gpxz.com
renelindner.de
seo-names.com
www.vk858.com
www.liveeyetv.org
virtual-identity.net
groei.wop.ro
retirerich.me
www.yushangjia.com
shewes.wop.ro
www.metaprojekt.pl
onlinedirectoryweb.info
ocasionalia.com
seo-tec.de
gid43.ru
loongfive.info
entomb.wop.ro
lmp15.hu
www.qijiao.net
wentwort.wop.ro
rgq8.k3y3.net
implanty-zebow.poznan.pl
cdd.cn
wabei.com
gmarket.co.jp
alivelyrics.com
gart-info.ru
sfax.ro
atruechurch.info
yygjb.com
www.0838jz.com
germanien.net
chinese.bestmagento.com
itoa.cc
gouwu.15566.info
ipshost.ch
www.cg99.net
tvptv.com
www.xiaogsd.com
viessmann.pl
www.tuba.pl
xzzsmsy.78.cn
telkomsa.net
seichuus.puk.ro
vote.e23.cn
mwg.blip.pl
turgescency.puk.ro
www.fazon.pl
miee.tk
ladygamer.jp
1dentity.info
xbsyzmz.78.cn
www.bzyfwy.net
umwickelnd.wop.ro
overcomepornography.com
www.animonda.de
finenest.ru
emusar.org
springsl.wop.ro
mytheme.ir
lowcostwebhostingz.info
angelo.puk.ro
domof.com
florist.od.ua
polizeiwache.net
newduggtag.info
www.mpeisa.com
powersphere.info
maryseouellet.info
www.ieham.org
estampado.puk.ro
zaqk.ro
sjaky1.hyves.nl
moda.gov.sa
xqfq.nfdy.net
ewise.blip.pl
indiannavy.nic.in
elenco-aziende.com
7z0.info
bidsson-bidify.ws
easylikethat.com
jimmyjamesjj.a-mycams.com
3vi.info
bcfm.ca
intergoles.info
zerschos.puk.ro
studioopinii.pl
britoweb.info
crearempresa.com.co
www.77cc.info
www.haofeng3.com
topchans.info
miasto.dsl.pl
lampenwebshop.nl
cartoonyou.info
www8098xlc.78.cn
8c.contterrz.bee.pl
hero.prv.pl
a-at.jp
omgvideos.in
onevisionsecurity.co.uk
www.waga9.com
www.gamejoy.com.tw
uttousi.puk.ro
www.cpwz.cn
jlru.nfdy.net
freelistnow.info
smeet.de
paike.dy365.cn
www.v10.pl
dotnetguts.blogspot.com
johnnythejester.com.au
sex-movies-collection.com
yamdas.org
streampanel.eu
zainawan.page.tl
moscot.com
www.sqklub.pl
caseminiitx.7h1.info
xoso.wap.sh
yourcreditanalyst.com
qqc.co
juegosdeben10ya.com
www.eru0.4f9.org
www.kk55bb.com
cralregionesiciliatrapani.it
failed.wop.ro
azhostinq.info
weblogs.us
www.91530.in
www.17sese.co
uuu.0826xd.com
20is.com
wg1e1hda49.b2b.hc360.com
www.wawaji.co
ucf.edu
calil.jp
yorozuyasoul.com
www.09xin.net
www.zxint.cn
eikx.210000.org
fscyzg.com
proverka-odnoklassniki.ru
www.jjfanyi.com.cn
www.jaclaw.pl
tydie.wop.ro
www.huishikong.com
fabiolahanna.com
saar7.com
www.zgqt.zj.cn
www.seme.hu
www.yytvw.com
xixidieyuan.com
maimw.78.cn
www.che.de
liuhe.tv