www.gogojf.com
6.138ap.com
www.rewanba.com
w3.com.pl
www.yunxx.net
920807.com
www.zebco.pl
33c.cc
33eee-823a.tumblr.com
33mcc.info
smeba.fr
33qq.net
encamonado.puk.ro
www.handuyishegw.com
342w16.n030.cn
342w21.d5dsoft.com
344r2.951n.cn
deia.puk.ro
3458649.blog.51cto.com
luohe.xinl.net
www.quqilali.com
gearforgirls.co.uk
creditlogement.fr
34wk.com
www.boxgods.com
350922.fjsnw.cn
3529888.com
38.aiao.cn
517518.xiaodoutao.com
angelsdemonsdownload.blogspot.in
518wz.cc
51avnv.info
51bty3.jumpingcrab.com
51chuntie.com
hkbmrwol.freeblog.hu
mobile.mapbar.com
51mimi.tk
51surroundsound.7wx.info
soldeu-andorra.com
5af.info
renfoncions.puk.ro
6xj.info
like-water-full-movie.blogspot.ro
uigv.265link.com
7-eleven.com.ph
kbxy.wandodo.com
www.jiexunseo.com
triodos.de
yendi.wop.ro
www.shmydq01.cn.alibaba.com
resinq.com
8b662.com
adolstore.com
adoperai.wop.ro
www.tbt029.com
comicsblog.fr
www.hbbhyzgs.com
wkv0.265link.com
iheartguitarblog.com
miftg.1168.tv
affeksjon.wop.ro
jwmis.zlvc.edu.cn
qdfilm.com
yeyaji9.sdthsk.com
argesto.ru
argnetcast.info
www.sjzsfjx.com
auta-hry.info
balises.info
cq.ya-k.com
betterlivingwomen.info
xiemenjia.cn
bilig.cn
www.vejaisso.com
bookmarkwebonline.info
brainville.pl
readingprograms.org
www.watons.com.cn
buccaneers.com
camelsounds.com
www.lukasbank.pl
cheapinsurance.com
climateroofing.com.au
cometobuy.com
communication-particuliers.com
coollifeshop.com
www.qsf888.net
coolsax.ru
theseventhart.info
uigv.edu.pe
97734.www.blox.pl
coursemonster.com
detoxyouinfo.com
fixtureslighting.net
dhj.78.cn
hostpapa.ca
usclaab.org
groteprijsvan.nl
kerber.fecsegj.hu
medie.pl
dhl.la
differentvideos.info
our-music.blogfa.com
www.tell.ch
www.4812888.com
40379.hemelsesex.nl
www.zgll.org
diggsite.info
ekav.info
ekocentrycy.pl
oksyd.blox.pl
belia.flog.pl
eldia.org.ua
getthegringofullmovie.blogspot.co.at
en.wikibooks.org
epiphones.org
eprofessional.info
www.dayi100.com
www.pptkj.net
www.umd.edu
equiandlove.com
erclans.ru
www.handsome-boy.tap.cn
chicagowebdesignzs.info
ereport.ru
erepublikhu.info
exposomealliance.org
fjordhestlaget.com
drewniane.com.pl
fkzfdfni.blog.mongenie.com
recyclon.wop.ro
disney.ch
gandhist.wop.ro
garotahbiem.fashionblog.com.br
gartenfreunde-schoenaich.de
www.zd321.com
gaspi.net
rpgmakervxace.net
gdtt.net
gdus.net
get.xrea.jp
2134024.s.toocle.com
ginou.wop.ro
girdear.nzw.cn
gizliilimler.net
czfa.pl
tolyg.com
mexicobaires.com
xbox-gamer.net
bhn.net
gjx.cyxw.cc
hit.edu.cn
gnu-magazine.doorblog.jp
zaphon.wop.ro
goedebedoeling.nl
gouwu.youdao.com
gradients.glrzad.com
www.immie.nl
graphics.beareyes.com.cn
gratis-sexseiten.net
dotal.wop.ro
graviolatree.info
gtxxjianceyi.1168.tv
bza3.265link.com
guiyang.qd8.com.cn
282.luanshi.org
thedieselshop.us
hammelfl.puk.ro
layooo.com
conkogen.freeforums.org
hdnl-blog.co.uk
wealthcounsel.com
hdro-wiki.de
sandstein.serments.stuyvesant.wwwwww.wop.ro
nobius.ru
www.acclib.com
www.taobaoqingdao.com
i0p.info
www.btnj.gov.cn
jordangreen.info
vmr.pl
jrsn.hsw.cn
www.lili158.com
kisio.blip.pl
kommix.ru
lemoncn.net
www.monkey.be
multirama.gr
servcorponline.co.jp
muonmau.vn
net4car.pl
netafull.jp
wikipoliti.org
smc.vibmro.com
e-book.lapozz.hu
nijibox.jp
numero-tva.info
nuotiate.wop.ro
www.yatingge.com
alarmkre.puk.ro
nvworld.ru
parroter.wop.ro
uggbootsclearancex.com
pax.blog.pl
pelerei.puk.ro
poco.blip.pl
zhishangnet.cn
popo520.info
roweryokey.pl
bereitun.mastopar.henreki.wwwwww.wop.ro
www.cjhj.org
quanlytaisancodinh.com
csimedia.net
saratov.ms
sartorit.wop.ro
www.28la.cn
www.zmqingjie.com
sfzj.net
webfordesignvn.com
sobinbank.ru
nhanhoa.com.vn
tapanta.info
articlerush.com
6ddd.net
zhycwzpx.78.cn
50kaiten.com
soundportal.at
gooogle.pl
kpdf.nfdy.net
dxseo.com
mommysavers.com
lapmangfptsaigon.mov.vn
thenagain.info
www.64b.it
wichtigtuerei.wop.ro
yibdav.info
www.fonds.org
p51863052.cn.nowec.com
tiny.cc
venezvoir.info
walletking.co.uk
kindlers.affronts.wwwwww.wop.ro
www.aneri.cz
www.brickspace.eu
www.cpitax.cn
ilwebmaster.info
york.gov.uk
www.crux.se
linksforme.info
www.xy-0731.com
www.ydjcg.cn
www.tmgov.cn
www0.mmon.info
xkiniax.digart.pl
9outof10.com.br
loansettlementz.info
www.shankejingling.com
xkw.pl
xlazyfree.info
youthtech.info
unsinn.wop.ro
3w.nv44.com
bradan.org
digital-favorites.info
lancepollard.com
qqkj.ziyuan918.cn
brandalive.be
serialart.net
xhbbs.njit.edu.cn
www.tienersexfilms.nl
busticate.wop.ro
www.dodomush.com
lostatborder.antira.info
61jjj-725c.tumblr.com
beti16.digart.pl
pretarabais.com
eic-party.de
ervinstyle.hu
eco-market.pl
bustyteenstgp.com
sonnenkraft.com
buwal.wop.ro
civitas.ru
bux-land.in
www.jyo.cn
nicheclub.info
www.nv.gov
cmofisi.info
rasaee.ir
cyberstation.ne.jp
cnphp.info
www.oosofa.com
cntower.ca
style.qooza.hk
www.qzqzw.com
gtalive.pl
kokotori.net
moluscocontagioso.info
realestatesecrets101.com
ledstar.net
looktech.info
m9s.info
mariohry.info
oohata.wop.ro
mgyj.info
mhoz.210000.org
naturalchelationtherapydkb.info
orochii.digart.pl
freetv.com.au
padmak.de
pagerank-webkatalog.net
byethost18.com
parseta.home.pl
playcricketgamesonline.info
socalledgurus.com
soccerrumors.mobi
tarif4you.de
cosmostv.org
www.misja.org.pl
cheerful-japan-global.ecq.sc
tariffab.puk.ro
bio-markt.info
mbc6.qiwen5.com
hxsteel.cn
villa-ce-dk.info
workbux.info
www.rawan.in
rddh.210000.org
www.29394.com
www.yzhj.net
www.aui.es
egyeynjsr.blog.mongenie.com
hotelpuntanord.it
redstars.theoffside.com
webdesign.nowoczesny.pl
zencart-bbs.com
www.caihongren.com
www.510871.com
www.18fl.com
www.rzay.net
mgll.flog.pl
www.jrjr.cn
www.dazhongjy.com
www.jseie.org
theresit.prerebellion.karaoke.hygien.wwwwww.wop.ro
weirdseoquotes.com
www.p-o.com.cn
www.9419.cn
opgives.wop.ro
www.52trs.com
bdfafbrv.freeblog.hu
asahitostem.co.jp
cornix.wop.ro
www.qnyz.net
www.qygqz.com
wfmu.org
zhuangyaojianshenwan.1168.tv
indarnb.ru
damianc.prv.pl
nugwnambu.org
studentchoice.org
lvaaa.net
www.45zgw.com
tel51995857.ce.c-c.com
soup.hd0.eu
www.52lujia.cn
eugridpma.org
refog.es
openluchtmuseum.nl
yangsh.com
teenus.info
localau.mobi
kfyiming.58.com.cn
www.ulanma.cn
96398.taobao.com
gone2pot.net
sabercomo.info
www.06ux.com
nyid.blip.pl
hochgehen.wop.ro
laanga.puk.ro
qun.zix.cc
eplehuset.no
8.cn
whohoops.net
webfreeclassifieds.com
rafiner.pl
haizyu.puk.ro
alexa.55.la
j47f.lizhidy.net
newschoollearning.com
varma.fi
subio.net
www.valueofweb.net
www.sdjxd.com
29sf.net
quintalosazufres.mx
szklarygorne.pl
tuulanikulainen.net
santrio.com
mtn.com.sy
www.edbit.nl
lole.puk.ro
cinemagic.dk
bucketlistdir.com
cc799.net
www.wgfwang.com
1800sailaway.com
gekratzt.puk.ro
overclou.wop.ro
cq.930.cn
skleppolityki.pl
52k.in
diverrisa.es
www.yyljz.com
protectthepets.com
betshow.com
iballz.info
sekiedge.com
www.mzxl.cn
sanfranciscosfaccountants.com
e-earphone.jp
www.jdbz168.com
v.ifeng.com
jaakkima.puk.ro
technicalities.puk.ro
www.xiyou3.com
radiostyrt.no
ama.com.au
99j.name
www.818sun.com
czj.xtx.gov.cn
www.wtxgs.com
zgt.de
puls.lv
tommyherrmanndesign.com
kompstar.com
bodenschatz-li.de
www.189.com
xxxvideo.hu
rn06.cn
www.htcl.co
flytogetkvittering.no
yougedi.net
cshtrack.com
suavetrade.com
www.auto1768.com
garmoniyazhizni.ru
yxsg.yzz.cn
amandasummerlin.com
www.pornocammovie.nl
tlbbg.tuita.com
www.zuqi-kids.com
carrigalineparish.ie
nzcn.nfdy.net
www.cqwx120.com
musubinokai.it
traviscreatesstudios.com
www.12520.cc
calibreapps.com
tropiland.it
lunsqui.com
www.ppfine.com
ultrafocus.in
www.3dcaitu.com
www.chnbook.org
herogeme.alink7.uic.to
nijiushihabi.info
codeforces.ru
www.winshu.eu
zz.int.ru
tj.zhidian12.com
xdyg.com
uqc.pl
www.yuerdq.com
wqd.pl
dochorwacji.pl
kercmeluana.blogger.hu
www.diskynaauto.sk
zhenskayalogika.ru
forum.kalorifix.com
114la.ofcard.com
www.sz.js.cn
www.tsjq.net
fdx.ro
glaciarismo.puk.ro
proseostats.com
www.xenke.com
unqw.com
bvbtnaetxz.blogerzi.com
eizirou.puk.ro
epicnaruto.com
favstar.fm
glasscages.com
www.qz3d.com
niches.wop.ro
dataline.com
www.dyga.pl
zhongguominyonghangkongfeixingxueyuan.fdchs.cn
www.pia.co.jp
montana.edu
sensorial.org
floral.wop.ro
seowho.is
screwvids.com
tx9.cc
www.0771bxg.com
oepai.net
szsxhdsj1.cn.gongchang.com
sddfzj.com
songbeats.84v.info
lookingfordental.com
healthpost.co.nz
www.xybzgs.com
www.argus.nc
lvm.fi
www.fangyunshi.uqc.cn
logistik-lexikon.de
play.fpt.vn
wdxc.cn
oyunskor.tv
pay.009j.com
m2ia.qiwen5.com
v40.pl
hoedt.puk.ro
vaporizing.wop.ro
www.ynxymy.com
torrent-finder.info
www.987dd.com
devasl.com
dogoo.us
www.qzbianmin.com
aktivere.wop.ro
united-arrows.co.jp
px.zbinfo.net
tuvater.com
www.wqshw.com
aziende-italiane-siti.it
projektujikupuj.pl
centreforpallcare.org
larryhuchministries.com
ai18.eekk.org
www.pingli.gov.cn
www.sgssws.com
freshgays.net
www.maccms.com
kunming.cebn.cn
zauderer.wop.ro
fanali.puk.ro
websurvices.com
513vpn-gjb.softonic.cn
www.anymro.com
muslems.net
www.yeyou.com
acikgazete.com
hfqinye168.com
dlch.210000.org
admin918.com
go.org.nz
www.vuwplp.com
specialtocard.com
sainench.gebaermu.euwww.wop.ro
www.hxjsszx.cn
www.125jia.com
freekfest.es
social-shopping.jp
solai.cn
www.hangxingxd.com
testibrachium.puk.ro
mixxl.ro
juicycoutureuk-online.co.uk
smsua.net
younglegalporn.biz
livehealthyamerica.org
traleegolfclub.com
uvip.265link.com
stylistsresource.com
samosut.puk.ro
webtoolkit.info
s-v-g.de
ralihyrd.bloguez.com
bxzcw.net
www.timexz.com
patapon.info
ydni.nfdy.net
ezoter.pl
zwcx.tax861.gov.cn
saigonpavillon.com.vn
getupfte.puk.ro
cyokuyak.wop.ro
centrumrowerowe.pl
mixken.net
www.yyuda.com
pchardware.com.mx