99-bill.com
71hometheaters.26z.info
fullmoon.info
facefactory.info
mediastre.am
omsyn.wop.ro
wptuts.info
beckimon.com
pf5q.265link.com
soroush.tv
florence.com.tr
donz.tk
milk.zombie.pinger.pl
planetarium.cz
only-iphone.fr
camping-frankrijk.nl
blog.1181.cc
sss2.aa.am
sexe10.info
www.haoysy.net
aanhecht.puk.ro
gyerekfilmek.hu
8du.info
jfdaily.com.cn
51jixiang.com
teo.lt
xiaop.info
sultoni-kabir.tj
www.886zz.com
nimiba.digart.pl
kanban-navi.com
guchangzhixw.1168.tv
gartenpflanzen-infos.de
simfpt.com
idc.telecomcz.com
news.jyb.cn
moonfashions.blogspot.in
textile.im
hotmake.info
woltorfer-landkrug.de
55ys.com
itgoo110.dist.hatea.com.tw
revitaklaster.pl
dtqp.210000.org
www.notie.nl
dixipedia.org
www.ssjy.cn
www.seyiyi.com
5ew.info
newsbusters.org
www.mp3.kg
creativejobscentral.ca
www.xskdg.com
africanrenaissance.co.za
happyet.org
idaikkadu.info
www.eyebbc.com
imcbasket.ir
sweatparkasale.info
atoato.pl
www.linode.im
meblik.pl
ikujimap.jp
eckn.lizhidy.net
simslive.prv.pl
tss.gov.do
djuergen.com
nachtwandlerin.de
siterj.net
parcdz.net
heimatliche.wop.ro
shandegruyfilms.com
zhycwzpx.78.cn
aies.210000.org
nong123.com
site-transfer.com
prolink.pl
vb-reutlingen.de
brentvaughn.com
medipolis.de
uksmobility.co.uk
wwwaaa444.com
laughingwolf.net
jia.jsr.cc
www.0577dy.comwww.txtbook.cn
loterias-sorte.blogspot.com
www.cwts.ca
www.sskks.com
eligrey.com
zqjs.net
waofm.com
pravo.by
crazylife.pl
vuilemmer.wop.ro
m49.cc
mysister.fecsegj.hu
cast.trustclick.ne.jp
wojteknowicki.natemat.pl
garbo.uwasa.fi
diy.co.jp
www.embl.it
gblegalmexico.com
youpornclip.info
9steps.blog.so-net.ne.jp
ambid.pl
xn--80afqvkbmny5g.net
tools.360.cn
abba-moussa.com
www.brutalrape.nl
adrien.puk.ro
zkdj.78.cn
www.borhanteb.ir
abbye.wop.ro
charminglinks.info
aukin.puk.ro
199wap.com
bbs.wailb.com
omonon.info
atehenmei.com
ok-shanghai.com
16nf.info
www.ka7a.net
05020.info
www.mellowgarden.co.jp
www.eho.pl
chaoscooking.com
letsmakegames.org
gqlr.nfdy.net
lirein.digart.pl
ctrl-d.ro
0000ff.net
www.wuwer.de
aantijger.puk.ro
www.vc808.com
carrieandchristopher.com
5506.wapbm.me
chorltonlife.com
atria.ro
wireless-driver.com
mlenka.blox.pl
elysiumwebdesign.com
ambermac.com
www.flashuser.net
h8vl.265link.com
on-design.de
www.liaobibi.com
cbbn.zbinfo.net
made-in-kent.co.uk
ads.gov.ba
dsource.org
www.dhgoju.hu
pharmapoint.at
fmxuan.com
outart.digart.pl
elgar.govt.nz
sewages.wop.ro
18rt.info
paatasaala.com
mandelkerlaw.com
bodenversuche.puk.ro
zalatransair.hu
gonk.wop.ro
www.jiangduoduo.com
cretesports.gr
eiloof.wop.ro
maxfortune.co
dev.piwik.org
simpleseo.cn
carrefourinternet.com
cw8888.net
www.89dv.com
hagley.puk.ro
www.cbcz.net
www.33dyw.com
radishgroup.com
tfh.com.sg
8count.ca
warsonline.info
kernelmode.info
clownerie.puk.ro
tamilvu.org
5560.56dvd.net
buddhanet.com.tw
xingshizheng.chasfz.com
www.magyar.sk
hearts.wop.ro
bestedelinge.puk.ro
petrweb.info
shanghai.aiao.cn
www.866mi.com
grrbfmcrf.blog.mongenie.com
www.amateurtaboo.nl
csapata.hu
kasadora.ru
petrobest.pl
choose.net
oplas.wop.ro
link-box.de
pozycjonowanieszkolenie.pl
www.dyghui.cn
iaposad.info
torontokiosk.ca
talentaschool.sch.id
crowdfundingbr.com.br
www.t-z.com.cn
zol.ch
mymall.bg
screwvids.com
www.hsj001.com
zombies.fad3.net
loucos.digart.pl
millionairepalace.com
thorny.wop.ro
beseitig.puk.ro
desk.rin.ru
ultras-tifo.net
szuperblog.hu
infoznanie.ru
www.lxgq.net
pleasehere.com
tcherga.digart.pl
s.avaa.info
premierbc.com
unitriders.com
obazleumlc.skynetblogs.be
jun-shop.jp
sihasara.lk
ozuozu.puk.ro
pshoping.com
abolirent.wop.ro
fanszene-obermais.net
kxsz.cn
www.00852bb.com
inti-edu.net
cirss.com
jpflappie.hyves.nl
fnxp.210000.org
www.ta0baad.com
www.efca.pl
www.ximuliliaoyi.com
www.51dcw.com
chaochui8.com
4.cn
www.nece.eu
jobbank.dk
6hry.com
pant.su
hacknews.org
jra.jp
caihao.com
www.7ghost8.com
seedsofgames.com
www.uithuis.nl
pornland.biz
jameshughes.info
harz4ranking.de
731a4.tumblr.com
www.mzxl.cn
airo.web.id
nkkt.nfdy.net
www.ppss.cc
147111.com
14liao.com
150hhh.com
150wt.com
567sn.com
56task.com
cita.lu
6.wapbm.me
60daysalestransformation.com
surroundreceiverrevi.9see.info
6188.net
619533.txt.cir.cn
636633.com
639dh.com
658456.com
brocku.ca
65lat.com
665561507.7190.cc
66ad.net
68flash.com
6bao.net
6bjl.com
lotrowiki.dragonsoul.cn
6hcwt.com
6hgc.net
redspotsonskin.info
reiker.pinger.pl
6hsmw.com
4399ddt.info
6hw.com
6hzb.cc
6waps.com
7026890216.phone.searchwww.com
71mf.com
72pines.com
74ise.com
biotreat.info
77691.cc
77kmm.com
78sj.78.cn
798rtys.com
799tk.net
7kav.org
netserwer.pl
7sousou.cc
81866.hemelsesex.nl
81h.net
81tao.com.nu
822220.com
83888888.net
tubexxx18.info
852852.com
icek.digart.pl
mi.99bitgc.org
85304142.blog.sohu.com
85nd.com
871020.com
funradio.fr
87meinv.com
8d8v.com
f.cc
8daigou.com
insweb.co.jp
91530kq.com
91530lt.com
99abcdbbb.com
99dama.com
99tv.cc
9lbc.cc
mjgame.com.tw
9rank.com
9rules.com
wcxm.info
9to5mac.com
9yinwoniun.co.cc
9zmy.co.cc
a.mobantianxia.cn
a0gqu.com
gymnogyn.puk.ro
a1.951n.cn
a197071754.mynet.cn
a1hugecocktits.a-livesexasian.com
lonet.eu
a2168.com
aaa6.net
aaalab.net
abdulla198.33591.com
www.redok.cn
aber.ac.uk
lz.fcjjr.com
abflughalle.com
abook.fm
aboutautomobiles.net
aboutm.com
absforums.com
volait.wop.ro
academyoftds.co.uk
acanonim.tumblr.com
acgn.hk.vg
sendkun.info
adamcasner.com
adatta.puk.ro
addfun.ru
abbrunar.puk.ro
adebowale.nl
dubux.info
adellock.info
adminlj.com
adornd.puk.ro
ads4blog.net
adult.lovecityclub.com
adulta.puk.ro
classdrive.net
aentra.puk.ro
aeownblhpx.bloguez.com
4949.jp
aff.zitec.ro
affifah.info
gzlf168.com
affiliate.rakuten.co.jp
jz.0529.org
aflijn.puk.ro
afotec.puk.ro
www.uk-mobile-pages.co.uk
agapen.puk.ro
agenaairporthotel.com
agentowned.com
agilecoachesgathering.org
diro.ws
agita.puk.ro
ah.jobz.cn
ahch.qp110.com
handball-world.com
ahojar.puk.ro
ahqicai.cn
aibohang.com
aifei.9998.tv
aigajacksonville.org
aijgsjsjhd.co.cc
aiqus.com
zielonalinia.gov.pl
airbattle.fad3.net
aishou.puk.ro
aldbc.com
aliveviolin.ru
all-notes.com
twitpic.com
allenm.me
atr.org
allmealreplacementshakes.com
allmovies.co
alltaobao.com
aloxoposter.com
altheathenord.tumblr.com
3gcm.net
alti.puk.ro
altpornwiki.com
amazingnaty.a-lsawards.com
amelin.ru
americasfunniestbiker.com
amseo.net
anahata-it.com.au
linkadminister.info
anatuprak.com
5794.sew02.info
androidla.net
andyposner.org
anekagas.com
anerg.com
jaworznianin.pl
angelsdemonsdownload.blogspot.se
angine.jp
choice.co.nz
annabergstrom.se
ans.com.cn
ansaikuropedia.org
anselmo1910.com
antonblog.ru
antoniosocci.com
anvietson.info
gonid.wwwwww.wop.ro
anwait.com
ao18.com
aolke.cn
www.pres-aix-marseille.fr
aomoriken.carsensor.net
aosoid.ch.lv
xxb04.gxb100.co
aoyoedu.com
bloggerhq.net
apc.org
apnoerire.blogg.se
app.linkphone.cn
appellate-brief.com
apple.com
appraisalwebdomain.com
aqua.tokai.jp
aobibao.com
aquarius-iah.de
aquavent.es
arabgoat.org
arashi.me
arb2net.com
www.selenaonline.org
arcoline.pl
ardec.puk.ro
aritclemobilize.com
arkie.puk.ro
arlyn.puk.ro
arrete.puk.ro
navi56.ru
artbreak.com
artfans.net
cycyxm.78.cn
hnkjonline.net
articleconsortium.info
articlemarketinghub.com
articleradiant.com
artt.cn
cctv13.cntv.cn
prflightsm.info
cctv9.cntv.cn
xoso.wap.sh
ccut.tk
che6ng.net
chilldir.com
china-buildingmaterials.com
ogirwhpt.blogger.hu
china282.com
hufupin.net.cn
chinaip.com.cn
chinatpm.net
chizunoko.blog.so-net.ne.jp
chla.com.cn
choked.puk.ro
sprayless.wop.ro
datingish.com
chongqing.ha168.net
chongsoft.com
chongwu.huai.cc
choujo.puk.ro
517na.com
chouwazi.com
analangelxx69.a-maturescam.com
t.cn
chunseju.info
badspot.us
chushi.hnprxx.com
www.jp17.cn
baidu23.admin301.com
chyrp.net
baldhead.biz
cssrain.cn
balkt.puk.ro
cstvisor56.huijucn.com
baogang.info
csu.zikao.hn.cn
barand.lap.hu
derin.puk.ro
barrette.puk.ro
design.fad3.net
basketball-jersey.de
designerlabels.org.uk
baxt.ucoz.com
www.tjshjy.com
bbs.0739bbs.com
desire2.net
bbs.0d2.cn
depkes.go.id
bbs.huaihai.tv
bbs.txtnovel.com
bczi.nfdy.net
www.gdjswj.com
beautynet.ru
dessign.net
bedienpu.puk.ro
desvision.com
etoilediese.fr
beds.ac.uk
dev.1c-bitrix.ru
bel-host.info
developerbase.net
benin.lap.hu
devhell.ro
berlimosa.page.tl
devlinsings.com
best-offers.co.il
dfersaase.blog.com
best-prepaid-cell-phone-plans.com
dgyinmao.com
www.news.admin.ch
besthomy.info
dhgate.com
www.outriggerawnings.com.au
betterlivingwomen.info
lib.or.us
dhgifts.b2b.youboy.com
bewacher.puk.ro
dhjq.78.cn
bezprzyciskow.pl
dhlfc.co.uk
bf2.7m.cn
di.net
juancong.com
bfassociati.it
di4se2.com
electrorai.ru
bfm.ru
dianapeterfreund.com
bfpirates.com
dianpujia.com
bgqnhiqrk.freeblog.hu
dianputop.com
bh44444.huijucn.com
diany8.com
bigbadcity.com.ar
dianying.1913.cc
bigsound.org
nfinity.pl
biliar.puk.ro
coneine.wop.ro
www.839dy.co
binaryoptions.ws
bintig.wop.ro
bioverlag.de
bistro-set-outdoor-furniture.blog.hr
bitcompany.it
biztosbefektetes.hu
bizybuilder.com
black.hk
blazer.org.tw
blazewebstudio.co.za
blikoogde.puk.ro
blockstatus.com
bloeken.puk.ro
syrianow.sy
dichanclub.com
blog.pl
dickwu.com
blog.prime.ba
swisstxt.ch
www.ffxx.biz
blog.ropross.net
blog.shopwiki.co.uk
blog.sina.com.cn
mojar.wop.ro
blog.sina.edu.cn
dgcq.b2b.hc360.com
blog.soufun.com
nab.ch
blog.vipiu.net
bqspa.cn
briancarper.net
brightish.puk.ro
genot.wop.ro
brock.wop.ro
bruclass.info
bsb.zgora.pl
www.1w1.com.cn
bulkreefsupply.com
bullesdecannes.franceinter.fr
buy.ok92.com
buycigarettes24h.com
buyersguide.macrumors.com
bxq.78.cn
c-date.at
csyllh.28mmw.com
cabula6.com
grossmog.wop.ro
cadtechnologycenter.com
cakeobake.com
calk.kaartte.fodderin.smeerden.wwwwww.wop.ro
camiciaecamicie.it
canada-goose-chilliwack-pas-cher.aunewsby.com
canada-goose-manitoba.aunewsby.com
portal.boe.com.cn
canada-goose-parka-expedition.aunewsby.com
candidiasis.ws
candymail.se
canfa.com.au
canlitvizle.tc
canobd.4zc.info
sharing588.com
canonshi.puk.ro
screencovers.3ji.info
canopymedia.ca
canotiers.puk.ro
caobiba.info
case-vacanza-italia.it
cashboxparty.com
digg.com
crear-paginas-web.blogspot.com
casinospiele.net
digi.cn.yahoo.com
diamanta.puk.ro
digital-specter.com
dichopti.wop.ro
digitalekulturresearch.soup.io
did.pinger.pl
differentvideos.info
dotnetslackers.com
diggit.com
douban.fm
digitalfototreff.de
doubleclick.net
dilettassi.wop.ro
www.landee.cn
douyinwu.com
dilkut.biz
douyy.com
dinakd.info
down.55.la
directorygate.info
down.cnzz.cn
diskcomp.puk.ro
download-david-bisbal-ringtones.blogspot.co.uk
dl00.k3y3.net
dlapacjenta.pl
downloads.pl
dmaodsdcc.puk.ro
dnchecker.org
dnfa.info
domain.yahoo.co.kr
dontgetmewrong.org
doorwebshop.com
np.by
dorsay.wop.ro
gametop.de
ganadolares.net
ganmaojd.1168.tv
gaoav.blinkweb.com
gaoqingtupian.info
gartija.pl
www.bfm.ru
georgiasalpa.ie
getours.com
www.wiekxx.nl
thdsjy.com
jikast.cz
morphyre.com
alb.kz
525252.net
www.uuloo.org
bratstvo.info
itriathlon.dk
download-gucci-mane-ringtones.blogspot.in
guihuaxiang.com
sexehq69.info
juron.wop.ro
www.77xdy.com
diendandulich.net.vn
download-incubus-ringtones.blogspot.com.au
websitevaluecalculator.info
www.larp.nl
ivepesp.org
click-house.info
gb-dangun.com
masterok.uz
kraft.com
wabcw.info
gupiaodadan.com
tradestime.info
teachshare.org
mahmur.info
juju.in
yoio.info
nevada.ie
www.zgdyb.com
s10.it
sbutki.newsvine.com