wch.blox.pl
www.qc-hr.com
nycdigitalwavesfest.org
resinet.pl
lupiewkregoslupie.pl
haerbinshi.m69.info
qd.digart.pl
www.daiyun.asia
gaja1.flog.pl
www.galaxy-knight.com
dulich-halong.info
autocarsrelease.com
160573.com
down.cnzz.cn
www.fge.pl
www.booa.nl
hitmanforhire.net
compucelonline.com.br
ajgnavnq.blog.mongenie.com
bogh.wop.ro
acoussoftin.info
www.2012see.com
jugra.ru
pcjuegos.in
list.mp3.baidu.com
pic27.blogspot.in
kyuusai2nd.sakura.ne.jp
cyteaction.info
75xy.com
buxed.com
syw.78.cn
vip2.a168888.com
ibanezrules.com
www.rbxjj.com
www.yz-tc.com
badische-zeitung.de
housebbs.info
aisei.info
delfi.ua
goutsu.puk.ro
glatze.puk.ro
planet-vampire.net
deacidify.wop.ro
watchfortheloveofmoneyonline.blogspot.ro
mekk.waw.pl
idownload.tv
magazin-ddl.info
germancraft.net
aquilawebs.info
biocity.pl
uds4.info
gb87.com
plcp.nfdy.net
jjazz.pl
levian.gd
toutao.tk
doodie.com
suggest-url.info
boinc-af.org
articlemind.in
battlecraft.it
ondemandbeat.info
dirde.com
bbs.xznu.org
www.lengku360.com
carldesrochers.com
atad.puk.ro
www.linkforever.net
cruiseweb.com
afleid.puk.ro
www.6saobii.info
mojtv.hr
chunxin8.com
dernek.ba
crack.fortepressa.net
photovirgins.info
au108.info
congloi.info
acetylio.puk.ro
malesickazed.cz
escortshere.com
rhostbh.com
uudc.cn
vectonemobile.se
www.grassmoon.net
amcharts.com
bisbon.ru
9taileddemonfoxclub.deviantart.com
rinj.210000.org
4print.ca
elpmultimedia.info
www.maler.ch
1001pneus.fr
abipona.puk.ro
chocolatetcaetera.fr
desperat.wop.ro
sinhvien18.wap.sh
rfnc.ro
awardspace.info
infit.ru
bhsvps.com
www.61x.net
boopee.net
guestpost.it
juancong.com
world-of-photonics.net
newskomp.pl
rezonans.info
c64games.de
birek.digart.pl
hepatoptosia.puk.ro
laoyaowengxixuecaojz.1168.tv
raldy.puk.ro
ccct.nfdy.net
tiago.wop.ro
fukurama.wop.ro
marta97.wrzuta.pl
ericprydz.tv
mep5.nfdy.net
bc500w.com
crossfitsouthbay.com
blogrollcenter.com
horyzon-clics.com
i2cu.265link.com
cengroup.vn
innersource.net
advanceyed.com
dagslyse.puk.ro
moke8.com
gdj.zj.gov.cn
cf.135cf.com
www.haghen.nl
vmpa.k3y3.net
bodzablog.freeblog.hu
dklogs.net
bbs.85896.com
fogpotlas.info
knoer.de
alisjaa.digart.pl
inteliscorp.com
frii.se
gooddeal-hunting.com
qeus.210000.org
entrypage.blip.pl
ouisrael.org
hu0.info
graypic.com
actionmair.info
2xist.com
treppenliftinfo.net
cnnewweb.com
sugoude.puk.ro
blogo.it
www.163.com
halldis.com
folle.puk.ro
eastcoast.co.uk
abiogeny.puk.ro
academiasuporte.com.br
bismeren.puk.ro
snxcocn.info
mainexdd.pinger.pl
artsmia.org
ddbbs.com
centrumsportu.pl
www.3dkk.com
joyadams.info
1919go.com
tubexxx18.info
expressaway.info
ttuu.com
icamtech.net
canalcafe.jp
playset.ru
alphatechny.com
am9.ru
kaplanpublishing.com
mlmtoppers.info
alarmer.wop.ro
dream-search.info
szca110.com
operesyo.puk.ro
mbooth.com
nathanlustig.com
kweekbed.wop.ro
lindatongkanggp.1168.tv
mt-web.pl
cdoynk.com
www.eztax.com.au
5928888.uni86.net
nassenheider.com
berea.edu
media-powerhouse.com
ewsite.in
gamesday.ro
loctite401.wanye68.com
www.karwan.cn
local-hook-up.com
goviral.com
neofacts.org
solegro.pl
krishaweb.info
belzec.org.pl
mochimedia.com
www.woman27.com
dychugui.cn
miothermic.puk.ro
hms100.hyves.nl
brighteroption.com
hunter-pp.jp
khantv.com
bookmarkingvala.info
videoxxx16.info
edit.wop.ro
firedeye.info
mastomtho.com.pl
sfzcs.com
pwba.k3y3.net
88985758.com
nazwa.pl
pang.soup.io
kinkan.info
sexybabess.info
lucernefestival.ch
7dog.com
megastock.ru
ricardo.gr
seo-news.com
hipby.com
gastroscan.ru
yihaoquan.com
chuyentulanh.vn
ngy-blue.net
naveen.info
mcodiuy.ch.lv
lifeclip.org
eravi.org
redvsblue.us
www.ieham.org
www.waga9.com
orangespace.pl
podcastdepo.ru
more4kids.info
qbudkskk.blogger.hu
www.878568.com
promotrcker.info
girlsgames123.com
www.waga-waga.cn
borussia.de
childrenofamazon.org
saluda.wop.ro
bulr.com
claims.wop.ro
alc.opt.cn
dsw.edu.pl
badahub.com
ubroad.mn
arcelikal.com
nahdigest.com
pixazza.com
swish-designs.co.uk
aboutwebhostings.info
clinicseo.es
val33ntyn.info
kazapa.ru
58xx.info
2fnn.com
seok.in
www.9yinn.co.cc
www.73nnn.com
seedebtrun.com
railtransauto.ru
checkcheck.ch
janosiksvit.sk
dazkarieh.com
wowdirectory.info
italmelodie.com
mobile-x.de
9tpy.com
sexysu4ka.ru
groth.digart.pl
cinemaxx.ro
potted.wop.ro
duke.wop.ro
www.ud163.com
www.hoa.it
wpia.blip.pl
veritas.flog.pl
haojue.com
s8aa.com
jnkjj.gov.cn
kyqymdwm.blogerzi.com
5252kan.name
stiffnec.wop.ro
comune.udine.it
cctvxf.com
buzztin.com
interfiledir.com
bravofly.es
jankes27.flog.pl
febea.wop.ro
bitseduce.com
3333cccc.com
freebunker.com
192.dk
spodnepradlo.eu
msn.golfbox.cn
chinahighlights.com
tao3c.com
mercamania.es
thelittleworldoffashion.fr
typepad.com
nakedneighbour.com
stephan-test.de
elwiria.blox.pl
wap.fox.az
656565.info
zssinotech.b2b.hc360.com
fun.ruonuo.com
www.68uee.com
www.eoyoo.com
green-jumbo.jp
vietxinh.info
lathos.edu.pl
unicom-demos.info
823409.info
toujituk.puk.ro
kostnixx.de
worldsoft-oasis.info
clipafon.ru
blog.sliderweb.ru
webgarden.ro
shstlw.info
cleardarksky.com
fsi.spline.de
iforex.in
www.daocy.com
863052.shop.zzol360.com
adfactorypro.com
overzeed.com
kalulka.wrzuta.pl
christmascashout.com
www.trim-line.hu
lasallevirlecha.es
www.csdr2009.cn.vc
techsmash.in
dress-for-less.nl
t.weibo.co
www.diaosujia.net
strato-alojamiento.es
indigitalworks.com
chat.parlaq.net
www-idc.net
wbrnet.info
saera.wop.ro
8384.com
www.nvyongcuiqing.net
budujkatalog.pl
webit.ru
abeditore.info
besturllist.info
datanta-brasil.com
www.hualee.com
www.kupf.at
bestnet.ne.jp
szczyx.digart.pl
nieuwsuitregio.nl
crohn.home.pl
aocs.org
www.888888.hk
www.840708.com
catbookmarks.info
ganadolares.net
usj.co.jp
www.shuichan.cc
www.clsgsy.com
blank.puk.ro
www.fakemichaelkorssale.com
www.taow1952.com
www.hly800.com
adventurespiele.net
gbets.prv.pl
v-system.pl
flinndal.nl
adottavamo.puk.ro
ukfind.info