www.hsj001.com
celcat.net
www.icco.nl
mndu.cn
armand.pl
www.iso315.com
esterella.no
fontli.com
www.yzqasx.cn
xinjiang.aiao.cn
www.98dy.cn
orange.pl
modellbau-galaxie.de
dobradieta.pl
dazs.66law.cn
482z.265link.com
directorysupport.info
www.yzhj.net
935.yanji.tv
cisf.nic.in
939232371.cccpan.com
myprintcard.de
www.gdnnpx.com
sexfilmy.com.pl
my.51kook.com
93lh.com
appartement-calfven.istats.nl
jiujiuse.com
brekings.wop.ro
93zz.com
sectools.org
lt.gene100.com
942942.cc
centurion.bb
gdj.zj.gov.cn
942942.in
qmen.info
0564zp.com
erfolg-reich.org
www.nuoleide.org
votistics.com
capnito.cz
95598.yepg.com
kvb4.nfdy.net
greencloudcs.com
jqnk.nfdy.net
94392.live173.com
carmanz.com
enelbrasero.com
boronimeche.puk.ro
e-conomic.se
www.cnz.cn
9458.100hg.com
gibbsgardens.com
99k.org
allesdruck.de
marenty.digart.pl
948896363.cn.b2b168.com
harpa.is
7899g.co.cc
wap138.in
azgg.info
moonshadowgaming.net
suchenoce.pl
949pp.com
dart.fad3.net
cacgreen.com
alizayour.com
staylocal.co.nz
94luoliao.info
craigslist.com.mx
x.co
94seav.net
1ot0.com
josytal.info
xxxxxxx7.info
crystaledu.bj.cn
94xz.net
www.omnia.pl
t37.love100.us
polecambank.pl
9514.com
peterkropff.de
www.jzxx.net
dm.blog.is
chinahdtv.org
953694.co.sonhoo.com
swinnonthri.freeforums.org
thietkewebsite.org.vn
brillen.wop.ro
suitors.puk.ro
feingold.org
karmazsin.xfree.hu
www.yk5.com
www.magnat.de
karhuize.wop.ro
powersport.ee
cheapjordanshoe2012.net
9598721.5sing.com
bookmarkarticleshop.info
industrystock.hu
filmpornohd.info
95ab.com
innastrona.pl
www.lylcjsw.gov.cn
interq.pl
blox.pl
www.argus.nc
bt.com.bn
95she.com
aflmak.com
9603316.371.net
transitioningveteran.com
freshtodays.info
k.333456.info
uncalk.puk.ro
7cds.info
ficeler.puk.ro
0991dj.com
creativeintensive.org
fukuda.pe
9605759.5sing.com
download-katy-perry-ringtones.blogspot.fi
cxxk.210000.org
www.gszj.org
lavinyam.com
gejuffer.wop.ro
kyqymdwm.blogerzi.com
www.ose.no
966sex.info
room187.com
ffue.210000.org
psdguides.info
jobble.pl
funhumour.com
kitacchi.wop.ro
ehime-np.co.jp
96x.aowenmc.com
esicongweni.co.za
96xoo.com
tormozi.ru
www.dianzishu.co
twonline.cc
admin918.com
97.33szs.com
rjshuwu.info
97.432ggg.com
www.cbf.cz
19ie.k3y3.net
ishinabe.wop.ro
www.ppzkb.com
syobun.puk.ro
hostwebsolutions.com.br
97.84474.com
www.886tt.com
99dv.net
edwin.pl
newuxi.com
lyy.dz.vancelle.net
www.ymysc.org
paratomial.puk.ro
97.88szs.com
webmasterforums.com
wdaaktjip.jw.lt
www.datangdy.com
atehenmei.com
www.024qingye.com
birthday.presentidea.org
neweconomicperspectives.org
carlbrandon.org
taobazhe.com
www.edb.gov.sg
chaela.info
97.xl111.com
97183.com
cawaii.in.th
977hhh.com
977zy.net
seamframework.org
www.97sese.in
buckeyeplanet.net
churchia.puk.ro
berita.r.gd
97aisese.cn.vc
1hotmama.a-liveprivates.com
sheu.wop.ro
www.g2000.in
homokozo.lap.hu
hupan.net
sakidat.wop.ro
mijueqls.1168.tv
65.cm
97aixx.com
chaochui8.com
dogteam4you.de
4hi9.210000.org
anticancereux.info
97hh.chengrense.info
thenewsbox.info
www.insidepr.ca
currentcity.org
dev2server.com
gkstychy.info
www.igloo.ro
mw3cod.com
aeonic.wop.ro
j85n.265link.com
elweb.cz
fichez.wop.ro
b3ay.210000.org
97k.cc
arecpc.com
wap888999.net
bmw.ee
97sdd.net
shuishikou.cn.alibaba.com
t.cc
97sese.com
www.recruit.co.jp
5658777.com
nierstuk.puk.ro
doradcaprow.pl
claypoolseth.tigblog.org
solomons-mines.com
brancoli.puk.ro
855uuu.com
www.szshope.com
9877.com
miyanojy.puk.ro
9888.hk
989.la
www.mwawa.24.gg
scoutingwoezik.nl
98fu.tk
qusaytoday.com
www.kwiatyozdobne.pl
98xn.com
5278.com.cn
99-bill.com
99-jk.com
www.policja.gov.pl
begowk.wop.ro
awsa.265link.com
wishonastar.info
9900wap.net
index.pl
facebook.co
signum.wop.ro
www.landg.nl
99100.taobao.com
barbarabrunca.com.br
doctrinarismo.puk.ro
99123.meibu.com
99286.net
993998.com
9978.cn
www.gbp.pl
78cha.net
resolution-bio.com
998853.com
onlynzjm.78.cn
adamfrey.us
999276.soufun.com
netregistry.com.au
www.forumcenter.hu
9996888.com
9999love.com
domainhome.net
riboguoji.info
999brain.com
www.brightconnection.org
999sao.info
yo.tsyouxi.cn
justclickon.info
999sss.info
splitfruit.puk.ro
999xu.com
99abcd.com
99bii.com
www.028ym.com
propertysearch.com.ng
czsj.net
b.cc
taofucn.com
ncn-bg.org
99k88.com
katariae.puk.ro
battlefield.info.pl
wulinix.com
99lang.com
zoo3.com
www.sdkam.com.cn
99m.cc
kxsz.cn
tpc.edu.tw
99name.net
pocztowy24.pl
99seed.net
www.xjcjd.info
ctcbcreditcard.com.tw
lernia.se
99szs.co
fnb.co.za
99taobaoke.com
www.dayecao.info
99tap.tap.cn
parizeurovikend.cz
99tea.cn
99ting.cn
synmarnotrawny.flog.pl
freephotogallery.info
99titi-723b.tumblr.com
99titi-726.tumblr.com
oz9edr.dk
99txdyf.com
blog.heiguang.com
99zine.info
www.0572.com.cn
modernizer.wop.ro
9a0r.com
9am.cc
www.sumiao.net
www.1sz.com.cn
9and10news.com
sirdax.la
9cl.cc
events.pedaily.cn
editionsmontparnasse.fr
9duu.cn
pythonfinder.info
xoso.wap.sh
atster.com
therooms.kz
cronsucks.com
www.daocy.com
www.vff.dk
9vpv.210000.org
www.4pbtw4.info
n.cc
www.freeludy.cn
www.sz.js.cn
lovewholelife.info
ajunblog.tk
weavesocial.info
studenttorget.no
mort.blip.pl
abren.com.pl
www.0916.tv
xxxone69.info
www.beijingzheng.com
test.zsy.cn
velasinllama.com
abaenderte.puk.ro
www.vfl.biz
sporto.lv
010vps.com
hutselbe.puk.ro
zmlwdhwky.blog.mongenie.com
brou.wop.ro
blog.imamoto.biz
dailyme.com
ilze.nfdy.net
www.stock.vc
dekorfactory.pl
placedesopinions.fr
www.zsol.org
babywinkel.vindhetviahier.nl
faiv.com.ve
etu-cash.com
5388.net
schleppenden.wop.ro
filtraie.puk.ro
www.shaonvav.com
excelwelt.de
sdnjhd.com
special.ena.travel
mcquarrie.hydrografen.rysa.wwwwww.wop.ro
www.fjjt.gov.cn
depdagri.go.id
biznes-katalog.pl
sosite.digart.pl
guihuaxiang.com
arkana.pl
lisek.blip.pl
lomtoe.com
iglesiadesancarlos.cl
carman.net.pl
spraajt.flog.pl
www.gzhaocai168.com
bedook-1905.info
inductiestromen.puk.ro
tubexxx18.info
jagut.de
janki.digart.pl
www.hongbolc.com
supcourt.kz
gal.baribari-dow.com
chamaelirium.wop.ro