the-expendables-full-movie.blogspot.com.es
infektstudio.com
beic.az
handball-heitersheim.de
cyberbiznes.pl
www.xxx882.com
humboldt.org.co
ashiyane.ir
am.com.mx
kodansha.ne.jp
indianvanitycase.com
s3s-perf.net
crazyhousereviews.com
cq.120job.cn
razvan-antonescu.info
toufeisa.diandian.com
www.geilewijvencams.nl
enggipilu.puk.ro
vesicore.puk.ro
www.kvluno.nl
merituspayment.com
kolesa-online.ru
gezeverd.wop.ro
yo.tsyouxi.cn
m.haooke.com
bewerbungspartner.de
chyi.com.tw
fotoprinter.pl
1000xteens.com
volts.wop.ro
seoaspect.com
adultxdating.co.uk
fsinf.at
puzzlingsafesurf.info
www.557ff.com
zogazlike.com
sqlazure.jp
secondem.wop.ro
cholerae.puk.ro
zvoner.ro
adores.puk.ro
www.gzxmf.cn
igrixl.ru
minecraft-wiki.nl
esicongweni.co.za
penguicon.org
forump.info
aike01.com
cdgalaxis.hu
dismay.wrzuta.pl
sirdax.la
myhate.pinger.pl
nauseavi.wop.ro
szdnmedt.skynetblogs.be
wz.to8to.com
medantahreer.com
halsabsc.puk.ro
basijisu.ir
thewatchfullmovie.blogspot.no
www.yzxxoo.com
jatekok-kifesto.kifesto1.hu
mgnz.nfdy.net
www.sanxiawang.net
tc-server.ath.cx
we2gather.com
www.franksnijmegen.nl
raicom.at
nvworld.ru
mojanorwegia.pl
100922.net
www.qjmdj.com
97se.dingwei18.com
wlnc.co.cc
ana.az
goten.jp
xxxhq1.info
unduly.wop.ro
www.fjkeda.com
www.furniture92.com
dacostabalboa.es
quguomei.com
gh.beijingyiyuanguahao.net
kyhappyask.info
facecurve.com
www.airvek.nl
parfum.hu
videorama.gr
jishinon.statseks.abaisanc.wwwwww.wop.ro
www.dogdinners.com.au
bodegastw.com.ar
goooai.cn
yoururllive.info
www.argus.nc
grandevegascasino.com
pauke.wop.ro
organono.puk.ro
www.pszfs.hu
beautynet.ru
poszkole.pl
geek-blog.it
amikaaaaaaaaa.hyves.nl
www.31262.com
www.w668.net
elchameleon.digart.pl
483y.k3y3.net
begood.vn
levelpad.cn
csc.kbw.ne.jp
mwpk.nfdy.net
shiny.flog.pl
www.mtr8.com
depdagri.go.id
jugalbandi.info
roozu.com.pl
knx.biz.pl
jojoufu.wwwwww.wop.ro
emailjokez.com
artinfo.pl
collectionagency.info
pivotcon.com
kangdansen.blogspot.com
vodafone.al
www.together.im
www.nk2x.4f9.org
pari79.digart.pl
hearyourmp.org
www.xoro.nl
net63.net
myappworld.com
workinjuriesz.info
diocajazeiras.com.br
www.tee5.com
zumaya.wop.ro
98b143-watch.info
8090qb.tk
znak.org.pl
stepa.ro
dastooooooo.pinger.pl
codeproject.com
unfallfrei.info
sydneytoday.com
epoke.puk.ro
kameraakcja.pl
www.gevma.nl
bramptonlistings.info
admin918.com
publishr.de
basicwebsitereview.com
terengganu.gov.my
ermani.puk.ro
vb6.info
magra.net.br
tc.edu.tw
medicinabih.info
sixx.de
kneppesexedepiger.com
www.365eyou.cn
alterpismo.pl
phuo.265link.com
zhanjiang.tielu.org
olegarxiya.com
oeng.flog.pl
co-opnet.co.ke
clipssexhentai.com
gersimi.pl
www.mcw.nl
globalart.pl
www.postnet.pl
gamestube.us
0483.cc
kindra.wop.ro
diak.fi
esecra.wop.ro
laptopsdirect.ie
srilankamirror.info
dirmoz.info
www.lpqxmy.com
radio.orf.at
doedels.puk.ro
podm.nfdy.net
marianacasas.com
felicito.wop.ro
t-wan-dj.de
infringer.puk.ro
www.nvlt.nl
etoilediese.fr
kawabeok.wwwwww.wop.ro
iroiro-douga.info
www.aml520.com
npd.de
todowoxter.com
adivohost.ru
pickupfuck.com
candportalen.dk
hiddengate.info
www.sm6s.com
westlakefinancial.com
csnf.qiwen5.com
tang.damai.cn
hania.wop.ro
www.blackbeans.tk
phimtamlyvn.info
noorteportaal.ee
tubexxx18.info
platinumlinksdirectory.info
54luren.com
propertyhawk.co.uk
www.3k3k.us
soraya.biz.pl
storyful.com
www.veroce.hu
szkoleniaotwarte.info
okyan.com
wazifa.webs.com
911zy.cc
coopmatrade.com.my
www.mengyichang.com
ccftn.com
oidas.puk.ro
thebullyproject.com
bia2facebook.com
ast-blog.de
umass.edu
frolov-lib.ru
guihuaxiang.com
ostmetal.info
guzolka.wrzuta.pl
911usa.com.cn
irat.k3y3.net
ingsecurities.pl
randkomat.pl
kryptis.lt
swimshop.pl
mefiak.wrzuta.pl
www.jtplay.com
ajufiky.prv.pl
hxjtdc.com
todo.ly
ct1.shinobi.jp
jukeboxvinyl.webs.com
bestbooks.com.br
pugni.wop.ro
www.yaoba18.tv
gasloeg.puk.ro