bbs.zzmysy.com
agnostics.puk.ro
www.fanliyou.com
abzuholen.puk.ro
acetarious.puk.ro
www.ancool.net
wuanvf649.huijucn.com
download-will-i-am-ringtones.blogspot.com.au
adornasti.puk.ro
aaxxx.soup.io
abipona.puk.ro
wvbk.nfdy.net
afspaanden.puk.ro
aborning.puk.ro
aalskruik.puk.ro
0571400.com.cn
seointeractivesolution.com
accrut.puk.ro
eqgc.210000.org
r43dscanada.com
www.365shhr.com
483y.k3y3.net
abflusses.puk.ro
www.yingege1.com
969se.com
peterpd.com
31025.223366.info
jqju.nfdy.net
absvolt.puk.ro
rr3r.com
www.wjg88.com
cerebralpalsy.org.au
www.3483.com
aaugymnastics.org
2dickson1cunt.a-liveprivates.com
www.zgc.gov.cn
aaron-rodgers-t-shirt-jersey.tpten.com
g.cn
toutoi.puk.ro
www.51suliaodai.com
abbracciai.puk.ro
www.74mm.com
acceptin.puk.ro
zeilt.puk.ro
www.aliwaigong.com
demecio.puk.ro
dynasty-scans.com
zenon-art.com
kcwuxzivtvldu.blogtrue.com
smpp.software.informer.com
www.888ke.com
gnkp.nfdy.net
celesteeventplanners.com
shen.yiwang.cn
www.dage.cc
aburagam.puk.ro