fbyu.nfdy.net
www.sngjzx.com
optus.com.au
aaron-rodgers-t-shirt-jersey.tpten.com
clipporno6.info
www.23cc.info
aaron-rodgers-infant-jersey.tpten.com
aboutcrystalhealing.com
www.58yhsm.com
aaron-rodgers-youth-jersey.ppepu.com
www.yingege1.com
www.910138.com
afgedane.puk.ro
dell-forum.de
propagluti.blogg.se
www.36219.net
zenon-art.com
aanga.puk.ro
impartme.wop.ro
toys.of.by
www.15bs.com
www.mm52mm.com
www.vdsei.com
dasv.hyves.nl
myportal4u.com
www.idealchat.nl
www.zqhaocai.com
zhengzhou.usembassy-china.org.cn
fralix.puk.ro
www.xfjiayuan.com
drypa.puk.ro
ethosthemovie.com
rbb.cc
isognathous.puk.ro
www.zxmr5.com
aoqo.cn
www.kukaka.org
sun0769.com
angarc2.deviantart.com
www.wohenmang.com
r43dscanada.com
www.evides.nl
www.lingki.com
svsok.com
alveolol.puk.ro
www.fsnandu.com
www.qvod-2.com
spiddet.wop.ro
hazydaze.net
3399.fad3.net
www.aosi.info
oander.hu
honda-f1.lap.hu
hsbcprivatebank.com
zefirmedia.ru
forthegoodofmasonry.com
www.mmm1234.com
velocos.ch
99txdyf.com
www.egenz.com
mainlead.net
daogouwang.tk
sz.welltrend.com.cn
www.mlssf.cn
taobao.cha10000.com
yjj.xlgl.gov.cn
www.cldh2.com
163gg.com
www.csdz68.com
rechecker.com
ansiedel.puk.ro
573h.nfdy.net
amdbelikamen.si
www.crioc.be
blog.zhulong.com
goookk4.diandian.com
mangermusikklag.com
raovattiepthi.wordpress.com
getaetigte.puk.ro
seo.pe
romprest.ro
ronitt.puk.ro
se.876ggg.com
www.sttkw.com
shokansh.knept.sperperati.wwwwww.wop.ro
spacsport.nl
stz.s.yxgz.cn
www.blogglisten.no
rian.cn
www.coolbz.cn
www.dingkefang.net
www.dragon-guide.net
www.dvd4.info
www.fykwzx.com
www.hebjpk.com.cn
www.ic72.com
www.mundoanuncio.cl
www.pannonprodukt.hu
www.razzadazz.com
muoq.nfdy.net
www.taobook.cc
www.xunya.net
www.xxx456.com
www.zumi.pl
wz0891.aonik.com
xahaqrbdd.blog.mongenie.com
0827.1775.cn
3gqq.com
acef.com.cn
auzlink.net.au
bbs.sohuko.com
dj.khodj.com
jobs.arvo.org
gyjyj.30edu.com
sibt.nfdy.net
www.cdnet.org.cn
www.ch312.net
www.ljlrt.info
www.uubabys.com
www.xrtkw.com
www.yy5678.com
accessmanager.co.uk
ecosol-online.lu
clickfordietfood.com
www.risaobi.com
www.shjdwxgs.com
xulibin.com
slwa.wa.gov.au
overacut.wop.ro
eoo8.k3y3.net
sonydes.jp
terpvilaner.lefora.com
trinca.name
probiu.ro
widdis.puk.ro
phovx.com
www.apple1314.com
www.fanzhanqun.com
www.ir3s-sympo-eng.net
www.pe51.com
www.rsvp.com.au
www.xzzb.cn
granite1.cn
hardlicksucker.a-liveprivates.com
jblove.net
skyseotools.com
hajj.gov.iq
aurons.puk.ro
tlgvieaot.blogdetik.com
www.94seav.com
www.miguo365.com
joris.puk.ro
lear.hk
mstradio.nl
www.tyzkj.com
www.zgykc.net
zjj.2118.com.cn
yuimar.org
balsar.puk.ro
bunsisin.wop.ro
cpchem.com
gayuba.puk.ro
girlsblogspot.com
www.fiveface.fw.hu
ideseg.com
incesttoons.info
lunardial.sakura.ne.jp
niyang5740.pixnet.net
rahim.pl
legadolibre.com.ar
runi.eu
waofm.com
desvision.com
www.169ba.com
www.dj897.com
riveraie.wop.ro
www.p6gg.com
acat.org
www.qipaijd.com
www.xxq6.com
irat.k3y3.net
www.dghwei.com
balkantoplulugu.com
www.asohu.cn