www.jldh.net
99txdyf.com
jnvc.265link.com
w44j77w.diandian.com
aiml.tk
agita.net.ru
rabbitohs.com.au
www.elmurals.com
g.cn
community.btbuckets.com
benchandloom.com
wdgwxt.78.cn
69wildfantasy.a-maturescam.com
www.crioc.be
cullencards.com
400.jx-sptjj.com
www.muabannhadathanoi.vn
adventurespiele.net
www.truebondage.com
www.ting211314.com
www.seeww.cn
www.chuanchuanxiang.org
aanga.puk.ro
4lt.info
vip88.zqqpb.com
www.ons81.info
51proxy.org
narrhalla-landshut.de
apocalyptica.de
www.aizi.biz
www.attackers.net
www.liangnv360.com
www.yinianhotel.com
www.e9e7.com
auzlink.net.au
certissimo.it
qqssw.net
www.shanghaicaidi.com
77xs8.com
abante.puk.ro
keima.wop.ro
reta.wop.ro
www.ccaf.com.cn
www.popoli-coast.com
www.lajjw.net
www.rmkxy.cn
www.eyeglasssunglasses.com
skyseotools.com
manjiline-amatorecordz.com
www.mrt-miyazaki.co.jp
3twilightcocks.a-lsawards.com
522sese.com
www.shaduruanjian8.com
apropos-store.com
atehenmei.net
cntrades.com
daigou.eachnet.com
edfagan.com
jimmywesds.blog.com
ehuolang.org
freetv.com.au
hgxh.5d6d.com
jblove.net
jdnorunnmy.freeblog.hu
kapiwiki.info
lahuli.wop.ro
oldest.puk.ro
overacut.wop.ro
rsex.ru
pslove.eju.cn
seqingdonghua.tk
sonydes.jp
sunhuaitao.b2b.hc360.com
tlgvieaot.blogdetik.com
trinca.name
uweb.net.cn
velocos.ch
ventatotal7.cl
wap568.net
widdis.puk.ro
xfpx.com
www.114px.com
www.36283.com
www.apple1314.com
zyuuketu.wop.ro
www.ceas.cc
www.dj897.com
www.fangkeduo.com
www.fanzhanqun.com
8tracks.com
www.hj-tg.com
www.hebjpk.com.cn
www.idealchat.nl
www.ir3s-sympo-eng.net
www.leijupm.com
bitriangle.info
www.mm52mm.com
www.pe51.com
www.pjhome.net
www.rsvp.com.au
www.shjdwxgs.com
www.tjfp.info
kravitzlaw.com
forthegoodofmasonry.com
ideseg.com
interviewquestionsanswers.org
www.renticc.com.cn
qbudkskk.blogger.hu
csqcgs.net
snaha.cz
witchapedia.com
www.36219.net
www.58hongganji.com
www.zjjd.org
www.boyingjingmao.com
www.coolbz.cn
www.dvd4.info
www.halh.lss.gov.cn
www.jxdhb.com
www.kukaka.org
dukascopy.com
www.pxrc.com.cn
www.razzadazz.com
zenon-art.com
www.13845187698.com
zhailin.net
fashionprojecttamarac.com
gayuba.puk.ro
gyjyj.30edu.com
loukous.com
leuangiua.puk.ro
sofei-vandenaemet.skynetblogs.be
www.gzjiaju100.com
www.yy5678.com
waihuivps.net
xahaqrbdd.blog.mongenie.com
xuruoxuan.6188.net
2taody.com
accessmanager.co.uk
qun.zix.cc
sjzsfjx.shop.qihuiwang.com
thehobbitanunexpectedjourneyfullmovie.blogspot.com.ar
woobin.puk.ro
www.3gokushi.jp
www.3hao.org
www.chatan.jp
hs8.us
yyjnj.com
otkur.cn
abgeboge.puk.ro
incesttoons.info
www.gzwqn.com
phys.org
bbs.cqafcp.com
jasperbuyandsell.com
www.6zzsf.com
osojin.com
exportimportforum.com
www.456fff.com
se.876ggg.com
www.zbrock.com.cn
www.mundoanuncio.cl
gayhk.com
www.dayoublg.com