www.seatme.nl
zhangbozhi2.diandian.com
www.1pzn.cn
gsky-link.cn
zhailin.net
www.swkts.com
mqvs.nfdy.net
shayasanm.ir
www.lianren1314.com
auzlink.net.au
yyjnj.com
javadby.com
afgedane.puk.ro
parnwellskills.org
www.xuduba.cc
colorectal-cancer.ca
www.yokamon.jp
www.gers.us
annaslinens.com
habuke.wop.ro
htptfe.cn.alibaba.com
www.ycrencai.cn
www.jxyx.net
agonija.eu
thebayisback.com
www.qqku123.com
77.gerconsnr.orge.pl
www.gzwqn.com
catsuit-met-grote-mazen.istats.nl
directdownload.tv
slwa.wa.gov.au
www.yingege1.com
fantasywriter.co.uk
aanhecht.puk.ro
aladdinserv.com
techaffair.com
www.a828.icoc.cn
soft90.ir
jlrq.nfdy.net
www.mger2020.ru
korathealth.com
widdis.puk.ro
gorillabaseball.com
www.youxiba.info
cumandgo.a-liveprivates.com
qingting.org
www.unsgo.com
numan.puk.ro
www.qdbdc.com
usethiswebsite.com
www.139idc.cn
www.51plain.com
fastracing.org
www.suaiqi.com
www.phongvehoanggiachau.com
fucous.wop.ro
iflya.com
www.5han.cc
fashion-design-course.com
ushasewingmachinemanualyhgc.wordpress.com
lichida.deviantart.com
www.viikii.net
betole.gr
niu.edu.tw
www.whzedu.com
arte.tv
webrus-ru.com
993.p.cn
www.hbmthy.com
vjip.nfdy.net
www.go2html.com
chiranjeeviblog.com
idd.net.cn
aaa.net.au
seo4.cz
guangzhou.wshu.info
selfseo.info
forum.hyblue.com
pkmn.nfdy.net
maoa.cn
seniuniu2.info
www.dwws.cn
3777.in
atusadora.puk.ro
www.bb9t.com
hyades.wop.ro
irarse.wop.ro
www.seomgc.com
landde.puk.ro
www.zamj.cn
www.mm522.net