telenetcentral.es
sz23.net
getzprime.co.in
hjimknkiec.typepad.com
www.byhd.com.cn
bronchen.wop.ro
www.antyspam.pl
fishcharters.com
kantory.pl
sexgazetka.pl
www.qwwang.com
xfgc.mofcom.gov.cn
dig.ua
www.lnyls.com
ccpc.edu.cn
doulai.mobi
down.qqbanlv.cn
down.xingtai.net
download-ace-hood-ringtones.blogspot.hk
17spw.com
distancenglish.com
0411h.cn
hanguoditu.51yala.com
www.hibinzorg.nl
newhairlaser.org
lifescience.pl
iawbcmembers.ning.com
ebolt.hu
www.wuxianseo.net
dbxtreme.com
appelgra.puk.ro
oaza.pl
download-katy-perry-ringtones.blogspot.no
cx.cc
coffeelibre.kr
hotelsunrouteplazashinjuku.jp
spremeva.wop.ro
hukt.wop.ro
twojenoclegijantar.pl
download-pusha-t-ringtones.blogspot.be
unprostitute.puk.ro
download-swizz-beatz-ringtones.blogspot.ro
download-waka-flocka-flame-ringtones.blogspot.be
download-waka-flocka-flame-ringtones.blogspot.co.nz
densha.blog.hr
localjoespizza.com
closefri.wop.ro
www.2a-b.com
iphone-occasion.fr
dabi.us
www.1wed.cn
download-yelawolf-ringtones.blogspot.com.es
leadmailbox.com
timbucto.puk.ro
6jingying.com
www.yj-jt.com
www.tangrenshe.com
www.nxbys.com
mitologista.puk.ro
gordon168.tw
home-decorating-co.com
curiosi.wop.ro
dynn.net
hsmaps.com
narodnoe.info
zicii.com
dp-cocktails.de
simple-loop.com
yiww.eknanke.com
bh01.com
www.jigsaw.org
cutetyclub.net
cjg.gazeta.pl
www.jz265.com
dp.bjfyedu.com
dpgc.ca
dptpb.s.yxgz.cn
hassei.puk.ro
dq7.org
dragondreamer.net
draprmtsztqvmw.blogtrue.com
dreamhosters.com
box-p4p.com
dreamsinstatic.deviantart.com
dreamteamro.net
dreamtyskyline.gicp.net
dress.pclady.com.cn
4m.net
dresscamp.jp
drh.dz.vancelle.net
driftlegends.co.uk
drigg-code.com
driscollgrogg.tigblog.org
v-bud.pl
drjeans.hu
drmitra.com
droscarmitchelljr.com
gpscity.com
drumcorpswiki.com
drunkdubs.com
dscuss.com
dspx.org
www.jycj120.com
dsreps.com
dsspawnpoint.webs.com
dsthorne.com
duanhousheng.fyfz.cn
mydirectorylive.com
dubcomusic.com
dubpark.acg.hk
ducningpibench.blogger.hu
duduwen.com
sprk.ca
duijfathome.nl
duluthmn.gov
dumai-oke.us
dunnu.nzw.cn
betka.pinger.pl
duo-cem.de
duowan.fad3.net
duoyidu.com
dupola.com
carsolize.com
www.xy2009.net
bowerlik.puk.ro
blufyremedia.com
tongji.chinafeed.org.cn
ayny.nl
www.wanghailei.net
dentouigaku.com
digitalriverpayments.com
www.laganxiangbao.com
srzp.cn
2jov.265link.com
doshine.com
0559rcw.com
www.miyewang.com
solokar.pl
love-black.com
duwon.net
dvcs.w3.org
zwiez.ly
span.com
ancom.org.ro
gp-invest.com.vn
humg.qiwen5.com
4444kk-823a.tumblr.com
creaghan.wop.ro
magyarweboldalak.info
dwarswegcup.nl
www.dtbssc.com
dworekjulia.pl
126link.info
dy.hnedu.cn
dy.puout.com
dy3.cn
jiks.210000.org
dy9.net
dychugui.cn
dycyzq.net
sem.jl.cn
dynamic.qzone.qq.com
dyndns.org
dynn.org
isperky.sk
dyqun.info
www.883cc.com
dyqun.net
dyw.admin8.us
dzalma.pl
dzambas.ch
butik-karinherzog-oxygen.com
dzcity.cn
dzrb.dzwww.com
dzwncd.78.cn
dzxwg.com
amway.gr
e-junkie.com
e-phrase.com.au
e-vestnik.bg
e-you.ch
wpark.info
e23.cn
realcleartechnology.com
e9sj.com
eaby.com
eaglecave.net
richlifestyles.com
eaglechamps.com.au
eaglesofdeathmetal.com
eagleswindnation.com
joannart.pl
eanevin.bloguez.com
eansafe.com
east-westpizza.com
eastaurorakiwanis.com
zhick.de
eastereggrun.com
hi-tech.com.ua
easyaccesstravel.com
easymoney2012fullmovie.blogspot.co.nz
www.jufengshang.com
pacs.clpc.com.cn
ejee.com
atlasemarket.com
betterrecipes.com
tustiendas.es
yaoi.pl
noordbrabant.vakantieparken.a1boulevard.nl
riarealty.ru
49tmw.com
qasdgw.osa.pl
bookmarkslogin.com
www.188188.info
orissaspider.com
soyanime.org
softecnet.com
aiyounet.com
alsoft.com
chezfrance.com.br
www.884343.com
eatingcultures.com
miki.lg.jp
socialzet.com
vbs-hobby.com
equalvoiceforfamilies.org
trafficalmsystems.com
pmchamp.net
logosportswear.com
ebanned.net
ebbinghaus.cn
viettel-distribution.vn
ebmark.com
travelspike.com
ebook.taobao.com
ebook8.org
ebwaydev.com
ecdlweb.hu
kupelnegs.sk
eclub.lv
ecn360.cn
eco.ria.ru
ecolodesign.org
antif.ru
ecug.org
edai.cn
edhelnald.com.pl
hongkongmarksixx.net
edirectoria.com
zgkw.cn
edopassarella.com
edu-resourse.asia
edu-sud.org
edu.78.cn
www.ccc990.com
edu.cn
edu.ihep.ac.cn
edu.people.com.cn
barbara.puk.ro
educatedbyerrors.de
eduhi.at
edus.si
edv-service-erlangen.de
tokat.wwwwww.wop.ro
edxonline.org
eeban.cn
eed.com.au
eepurl.com
sport-snow.sk
eethuisdayang.nl
efate.puk.ro
effectivetaxratecalculatoruvio.wordpress.com
www.wafu.4f9.org
ipad.pconline.com.cn
cxxg.210000.org
originaloff.com.ua
tampaxcoupons.co
www.rmgera.com
pijarukoksu.blip.pl
sweetdecor.pl
rcy.fr
howson.com
tredway.puk.ro
indues.wop.ro
myspleen.org
advisemen.com
audi.no
dqxdh.com
19611092.5sing.com
logan.flog.pl
qq00003.wdwd.com
caoliu522.pen.io
gleamingtechnologies.com
laibinshi.383845.com
avortait.wop.ro
egadgetspot.com
egesakha.ru
egone.org
egpai.com
www.y098.net
egpl.info
bg-rose.at
stanleylifestyles.com
ehow-mma.com
ehtx.cn
eighter-hina.blog.so-net.ne.jp
oud.izb.nl
bodaclick.com.do
einstieg.com
eirovizija.lv
hr0596.cn
ejielx.com
ejuku.net
ekrany.org.pl
eku.cc
www.bj9966.cn
dedovanje.si
ekum.net
elakiri.lk
ele3events.com
giattham.net
elecktrojaye.com
elenco-aziende.com
elevaterecordings.com
elfanet.lv
europcar-abudhabi.com
elicarnald.com.pl
elitecastingnetwork.com
elmakassed.com
www.etechnature.com
elshowdedoncheto.com
elte.de
eltomahawk.com
elydis-gestioncatalogue.fr
www.outlets365.com
elysiumitalia.net
emergencymedicalparamedic.com
emilyannebailey.com
eminemplz.deviantart.com
solar-your-home.net
eminesaituyar.k12.tr
emotion.ylnxw.cn
empflix.org.uk
dtv.gov
empiritag.com
www.xxl.no
employment-law-edinburgh.co.uk
ems2buy.vn
wilwheaton.net
emuleday.com
en.com.cn
ava8.qiwen5.com
en.crtvu.edu.cn
www.sss6666.com
en.valueofweb.net
enen.me
energie-region.eu
amor.com.pl
engelliler.gen.tr
english-nz.info
enigmaticsolutions.net
videosmas.com
enkaustika.cz
enplenitud.com
enpurse.net
enragement.sibenpopu.dihexahe.proklami.wwwwww.wop.ro
misswoo.co.uk
enrichmedium.com
ent.zsy.cn
entirework.com
entre.gr
bylinky.info
epfans.ch
epicphotos.org
eravi.org
ergastirikinisis.gr
innebandy.se
ericamulherin.com
ericstips.com
erty.cn
esa.org
gebiechteter.wop.ro
esad.pt
escher-bauartikel.de
esdcf.cn
amida.wop.ro
eset.ro
eshop.airchina.com.cn
eskuvo.viragcenter.hu
esmf.pt
lzuk.qiwen5.com
espn.go.com
esstao.taobao.com
estar.jp
estimurl.in.th
omgposters.com
estudiaenpiso.com
estudiantesusc.webs.com
estyleme.net
33suncity.com
fsc.com.pl
etalonline.by
etcserver.com
ethosthemovie.com
cerdosycerdas.net
ethrong.com
ethylometre-ethylotest.net
etracker.de
e-commerce-hamburg.de
etsl.org
etwinner.com
eu-go.gov.pl
euamodesign.com.br
atomsms.pl
euddc-siegerschau.de
euphoniumplayer.com
pkeg.k3y3.net
euraka.taobao.com
euronews.net
europeanhedgehog.webs.com
eventosgenerales.com
churchclipart.net
evloft.com
evoblog.com
evolutionaryeconomy.eu
zonesbuy.com
evropsky-pohar09-10.tvcom.cz
evvk.hu
ewdrs.net
ews.tw
jielu.org
ewsr19.n030.cn
ex-ro.net
excellentpost.com
stockinganal.com
exciteman.com
angieo.com
exiled-artist.deviantart.com
expertsarticles.com
opengear.com
expiracionlarambla.es
exposantennetwerk.nl
spectrumtoolbox.co.uk
extrastyle.hu
extremevision-thai.com
www.qqhead.com
ezhll.net
matoso.puk.ro
ezipixphotography.com.au
f.game.tom.com
f1.97hy.info
f1re.info
ornedefeuilles.com
f32.aaa.livedoor.jp
f38.cc
f5.hk
falceret.puk.ro
fabathome.org
facaishiye.com
facebookforum.co.uk
facialtreatmentsforacnescarsoha.com
com--specials.info
fad8.com
falconarmy.com
familiekock.nl
family-download-games.com
mxdv.hyves.nl
familycreamvideos.com
turbobricks.com
raya.com
fancl.com.sg
fancyfantasy.deviantart.com
fancyfeathersandfur.com.au
ci.com.br
fandomwank.com
fangdongye.a119.com.cn
fangzhou.2012.blog.163.com
clickbankcash.info
fanli.omaiga.cc
fanli0838.com
fantagero.it
028sem.sinaapp.com
fantalegadeirospi.it
fantasywriter.co.uk
mouvront.wop.ro
ewsite.sg
fanyi.5w.com
fara.sk
pursat.biz
farahdiba.info
farmvillefreak.com
farranderos.com.ar
farsnama.com
oswald-versteigerungen.co.at
fasadstroy-m.ru
botas.cz
fashion.eladies.sina.com.cn
fashionadda.in
fashionistka.pinger.pl
pgx.com.my
fatcatblueprint.com
fatsc.com
firstavenue.com
faulinanovianty.com
favtape.com
fbcbn.info
fblg.jp
free-sites.gr
fc6h.com
fcmonitoring.com
fctx.net
www.mm399.com
fdc.hnz.com.cn
solai.cn
fea.usp.br
fedelzet.hu
fedoraproject.org.ua
yztv1.cn
feedbooks.com
feedburner.it
feeds.gawker.com
bxtf.info
pchardware.com.mx
inviohiq.blogger.hu
expressle.info
www.azxh.cn
charlize-mystery.blogspot.com
cubeworld.co
hoangkimlong.vn
www.fiveface.fw.hu
ripleys.com
onaman.net
wirelessnminipci.7kt.info
fua.digart.pl
www.dzf99.com
61.lbu.com.cn
xinzhou.tianqi.com
televisionscybermondaydeals.info
badische-zeitung.de
www.miljomal.nu
www.4006401518.com
mbworld.org
jsrsrc.com
electroworld.gr
crax.pl
upcushion.wwwwww.wop.ro
letswrite.info
luchtinf.wop.ro
hxtj.net
www.xfbaba.com
anqinggouwu.fdcez.cn
5216u.com
managerdefotbal.ro
bookmarkarticleblog.info
b2b.amoctone.com
0779.1775.cn
nejattv.org
fucaceae.wop.ro
labarthe.edu.pe
maoflag.net
nowpopular.info
catalyst-commercial.co.uk
flies.wop.ro
promotive.com.ar
bookmarkshare.us
xinqiya.com
etikett-en.de
deck.ly
www.gypm.net
quebarato.com.do
onlineleatherproducts.com
djjohal.com
podcastpeople.com
hhfyyy.5food.cn
reuben.puk.ro
sky-unit.us
www.88552.info
www.sm6s.com
www.hyinfo.net
www.oohelp.com
www.out.ro
efene.592360.com
19bt.info
www.icaac.org
www.wywrota.pl
www.yerongstone.com
millipoi.euwww.wop.ro
www.salediscountsunglasses.org
stillunlimited.org
siodme-niebo.pl
bowy.org
moonshadowgaming.net
qqhc.net
wt.10.gov.cn
cfau-pd.net
luili.net
sidandsally.com
hrd.pl
www.ygs44.com
konkurransenett.no
sport.fecn.net
gamato.info
www.fjsy.org
www.88musedj.com
pancakes.puk.ro
perchingbeaver.com
teraclasses.com
100tbh.com
10-yuan.com
gz.autov.com.cn
guarita.wop.ro
latiendaencasa.es
crtrust.com
vestipk.ru
stqlfhjpco.blogdetik.com
g15o.qiwen5.com
diamond-dollar.com
farbest-tallman.cn
71.am
medtrade.com
advancedprintingsupply.com
news.liao1.com
salsamovements.com
clipxxx69.info
pebkacerror.com
www.lf-xd.com
tuku.5200tv.com
blog.mn
liuxue.gaofen.com
eparch.puk.ro
txthumor.com
matus-leather-highbak-chairs.do
combatace.com
english.people.com.cn
hiuchiis.wop.ro
shaolin.org.tw
placeandmemory.org
www.fengjingjiaonang.net
creativityhurts.net
enterprisenetworkingplanet.com
coachingcomercial.com
tpg.ch
hotkey-supporter-1-0-free.vn
mediaexpert.pl
www.shuimei.us
915m.com
www.joyfulnet.net
vdr-wiki.de
www.17kkkk.com
www.zhixibenn.com
fabregaszone.com
open.zing.vn
plr.web.id
870816.com
gilotynacnc.pl
narzedzia.pl
iwa9ra.ma
jsp-system.com
www.oxygym.eu
mybanker.dk
huecity.com.vn
ks8.cc
hamsar.ws
zs333.in
fotodi.pl
bookmakarmy.info
omakai.pl
totallygn.com
grupapsb.com.pl
www.3531.com
popular.com.my
sanconhantao.net.vn
tvtv.fr
la-canadienne.com
2500sz.co
mjsgh.78.cn
loee.pl
planowo.pl
frangulaceae.puk.ro
justyna9944.wrzuta.pl
americansolarmanufacturing.org
frank.startbewijs.nl
bethelsd.org
1138721.i.tiexue.net
feuerwehr-borken-hessen.de
www.gssex121.com
qh.1775.cn
ptcwave.info
holidays-malia.com
voba-online.de
iconsweets2.com
2ss.c.la
www.huaiqiao.cn
contfactonggi.page.tl
www.anshen360.com
tylkonieetat.pl
www.380ys.com
gymbb.cz
sompopo.mu.nu
burnettpainting.com
rozklady.com.pl
ophtalmo.puk.ro
unplenis.puk.ro
miuu.soup.io
knits.wop.ro
forrss.com
oouda.wop.ro
fansw.tk
magija.org
www.havenaer.nl
naven.wop.ro
austinlafferty.co.uk
www.kezt.com
dubo123.info
e-magin.se
www.ubuntu.org.tw
cool-proxy.net
diazdesantos.es
jmleisure.com
upup.be
www.gzrhby.net
homedesign-direct.com
raierion.wop.ro
admkrsk.ru
filmdizi-izle-seyret.com
poloniasf.org
riverwood-estates.com
computerbatteries.co.uk
dl0l.56dvd.net
lanlacv.osa.pl
haveaview.com
mia-kirshner.com
www.szshope.com
ultimahost.pl
grodecki.wop.ro
sprintworld.sclub.com.tw
zacandvanessa.pinger.pl
fog.ge
longyanjiari.fdchs.cn
daonaq.com
littleredwheelbarrow.net
mojegory.com.pl
comorecuperaratuex.info
neerleg.puk.ro
daystarproducts.com
darknes27.polki.pl
taiheitechnos.co.jp
spunkcomics.com
tubxiu.com
www.boseerji.cn
diopsidae.puk.ro
zunda.puk.ro
fujiya-avic.co.jp
vieclamtrenmang.net
domingo-savio.edu.pe
atwishey.skynetblogs.be
re8r.265link.com
fuhei.net
yumedono.com
cancionesnuevas.org
elmarino.info
oldenglishinns.co.uk
katalog-next.pl
softpedia.ro
www.freeport.cz
sylickon.com
naplesrealestateguys.com
360footballacademy.com
yoque.es
linkdoor.net
myfolio.com
norichika.net
a13.pz81.info
programmableweb.com
www.bbf2012.com
femaledom.com
www.dgchaoquan.com
www.tongrennv.com
desmonding.com
www.977cao.co
51ibm.com
fytek.com
www.idoc.vn
masterwohlwend.com
qdreams.tv
www.br666.com|zhidao.huarenblog.com|help.uni86.net|igoex.com|daijia.bj.cn|www.shszc.com|e9sj.com|www.dzdq.org.cn|www.kkgzzw.com|qq772993307.huashanforum.com|tshivenda.puk.ro|washta.puk.ro|www.saturnfans.com|scene.wop.ro|dolmar.sk|www.zmxys.com|www.qg-knives.com|www.zhongguo315.com|lax5678.com|www.0757-85956163.com|mystudentrewards.ning.com|aronjef.gamerdna.com|zzzwjzeob.blog.mongenie.com|www.school.sh.cn|runsky.com|superdoc.com|xia.ncyz.com.cn|www.ntkd-hk.com|www.suizhouwang.net|ablazewithlight.com|vestorn.com|mystressreleasenow.com|geaz.tk|3g.i139.cn|www.tongrentangkj.com|www.tangrenf.com|xcdzzvoj.blogage.de|www.xshpjy.com|cps114.com|www.yy21.net|www.dltongdao.com|zisu.org|massteroids.tumblr.com|www.89223885.com|www.airjordan-spizike.com|aijunjiatingfuwu.dv37.com|yournaturalimage.com|vostok.wop.ro|tzgs007.com|848848.com|0766idc.com|365chizhou.com|xmnm.nfdy.net|www.babaw.com|tuan.babaw.com|dn798.com|c.lexun.com|www.baimao.com|hsybs.com.cn|mija.wop.ro|123e4.d5dsoft.com|burrum.wop.ro|adminunion.com|1.s5g.net|www.598wl.net|www.jxygcy001.cn|meetingdialer.com|tabacalaruba.com|news.gpxz.com|domainwebsites.net|xucs.nfdy.net|www.2000uu.com|www.wgyy.cn|adamspublication.com|www.czzyb.com|sloggi.wop.ro|websiten.net|googlestreetfighter.com|dictionary.www.infoseek.co.jp|www.shkunyi.com|pxwaimao.cn|www.tshop360.com|heltewig.de|sxdehudzyhde.blogtrue.com|www.z0310.com|bbs.007.mx|www.taoyiww.com|flyingmouth.com|www.11ddmm.com|careandsupport.com.au
brasiler.puk.ro
intrahealth.org
uappetit.wop.ro
instrukcja.pl
willinggames.com
mrs.chips.jp
mixedcase.puk.ro
pixelbeat.org
ffmccjjp.blogdetik.com
woodson.wop.ro
www.recalc.nl
cdongroup.com
51cihai.com
poltrip.pl
katanore.puk.ro
tznews.cn
alhgroup.info
radiorent.hu
sare.pl
z.cc
fitness-exercise-guide.info
bbs.lcxw.cn
www.david.fi
ibe.edu.br
www.57xg.com
www.zxcpa.net
powerfulbux.com
www.qstv.info
riddle92.tk
myypw.78.cn
www.cctv3-wyscw.com
wishentertainment.com
www.myren.cc
cegep-rimouski.qc.ca
arubin.org
evangelisch.de
javasourcecode.org
zdolny.eu
nachtwandlerin.de
sapnawatie.hyves.nl
cyber-gym.ru
hairul.com
host4rich.net
259999.com
hania.wop.ro
gaocong.org
battlemug.com
shop-n1.ru
openbit.pl
christkorner.com
nubilati.puk.ro
www.ollou.com
cc.t44.cn
www.qqcy.com
postsackes.wop.ro
malbork.pl
best-hands.ru
quipidity.com
scriptz-team.info
wonosari.com
blogrundschau.ch
hool.mn
peoplesearchaffiliates.com
www.dh-news.cn
stuckless.ca
www.ptwz.net
powerman.wroc.pl
tkxin.com
kompiuterija.pasimokom.lt
www.cdasy.com
designerlabels.org.uk
ruyatabirler.com
www.longchampspaschersac.eu
xxl.pp.ua
jarawdomo.serraval.retraduises.chilidium.kanritsu.wwwwww.wop.ro
ww.517134.tk
ammoseek.com
vipsaopaulo.com.br
articlemarketing1.it
cyouketu.puk.ro
economicoutlook.net
av.44jq.com
www.diybl.com
theashlandbar.com
powerstores.com
hirnezo.hu
ruedux.com
dormono.wop.ro
southerndrycleaners.com
e-qanun.gov.az
neo-style.jp
g.34ls.com
www.d2d.cn
informelles.de
zythum.free.bg
www.segege1.com
roguehangar.com
teionsou.puk.ro
colormatters.com
alo.bg
ernr.nfdy.net
hopl.pl
totalementfemme.com
www.carpedm.hu
www.9999bb.com
mkti.es
www.hhaavv.com
lensway.nl
helpisi.com
www.szwxdn.com
disco.lap.hu
tianyou1818.ebdoor.com
enlive.pl
tuvilyso.org
gscnc.org
buysib.ru
hbfusjm.78.cn
6hfy.com
020fls.com
vaportrim.com
markless.jp
nanjing.wshu.info
ikirov.ru
dynamo.kiev.ua
www.nvtz.nl
youxile.com
atehenmei.com
topman.com
madira.com
allyearsleaving.de
univpancasila.ac.id
nwesd.org
forumgwiazd.com.pl
troua.wop.ro
banque-rhone-alpes.fr
k.pcgames.com.cn
cio.in
www.translatecom.com
haodian8.info
www.jzswdc.com
centurion.bb
grensopener.eu
iran.ir
youthalternatives.com
news2u.net
www.alprom.pl
kaneduka.wop.ro
www.saga-led.com.cn
www.taoboxin.com
ccmetro.com
simplesamlphp.org
katyanddave.com
kodesekvens.wop.ro
fujisawanorimasa.net
www.peperomia.net
boutst.wop.ro
230xzg.com
aringen.puk.ro