www.media233.com
aldona16.blip.pl
horrormovie.it
www.pzu.pl
www.xiangyanpifa.cc
silcosil.cl
www.5233.net
www.pm-lj.com
atravelerslife.com
eisen.me
wglm.net
oldwestendtoledo.com
cs.ecust.edu.cn
katalogues.com
shadowable.bunmen.unsacredly.euwww.wop.ro
loesxs.hyves.nl
seekthedeal.com
supercias.gov.ec
wetpaint.com
researchopinionpoll.co.uk
coolcuts4kids.com
oony.es
www.tzsm.hr
www.yechang888.com
dupeerde.wop.ro
edwardwillett.com
smiley-lol.com
safeway.ca
shignats.wop.ro
feodosia-motel.com
borpas.info
perrosperdidos.es
grsaccess.com
myfox.fr
theshedend.com
zzpiaowu.cn
styl.pl
www.boheke.com
xbuc.net
ylib.com
www.dzzzs.cn
matx132.pl
socialbookmarkingsubmit.com
2882.in
news.liao1.com
smotor.com
speedace.info
www.2000jy.com
daisymay-dayz.blogspot.com
dolorescannon.com
oamk.fi
tournamentpokeredge.com
wwo-tpwc.cba.pl
training-machines.com
dmak.mobi
simplyhealth.co.uk
quezon.ph
thekotel.org
multiforum.pl
rilspace.org
aradiginhersey.com
frncs.co
993998.com
xiaoyazx.com
thetennistimes.com
fygps.ne
tracheopathy.wop.ro
sundancr.com
thevanwebsite.co.uk
barrette.puk.ro
bangomargitetterem.hu
jjcreaciones.com
watami-takushoku.co.jp
sxfyqy.cn
cahiersdelaliberte.org
1024.ns01.biz
www.liangfuzangao.cn
thuoctridaurang.suckhoevietnam.info
posclique.com.br
lebronjamesjokes.com
aletap.wop.ro
0551sport.com
kau.li
lifescrazyjoke.com
easystreetrealty-charlotte.com
bociara03.flog.pl
www.virtualgep.hu
www.mm399.com
www.juemei.info
warburgpincus.com
www.lvdous.cn
eclub.lv
ms5188.info
www.ahswxj.com
www.mmhx.net
kino-dom.tv
brupt.com
galionalumniband.org
www.cbb.nl
hasehiro.co.jp
9jrl.com
vistaku.net
wpex.in
cornwallchinese.co.uk
djokmarsfivi.blogger.hu
www.cenwoy.com
sbf7.265link.com
haowz123.info
harrybanksjr.com
shayari.biz
kryptozoologia.pl
bnkirov.ru
austincollege.edu
directorywe.info
portalpez.com
lankarealproperty.com
hcf.or.jp
kempiu.wrzuta.pl
iiswbm.edu
banners--broker.info
www.scopsr.gov.cn
www.1898go.com
unscathe.puk.ro
mexknyle.exblog.jp
blackfade.org
linuxnotes.com.br
news.msn.co.jp
deklamat.puk.ro
sh.58w.cn
nc.sooker.com
asromafans.it
oznb.qiwen5.com
choose.net
meun.210000.org
marignan.wop.ro
freibad-st-florian.at
onlinepetition.ru
genial.wop.ro
banagas.com
springerimages.com
sitemap.3456.tv
toubankenrou.or.jp
urara.digart.pl
vashbuket.com.ua
thetopdir.info
mysitting.net
infn.it
www.182hh.com
www.jsgkjaff.com
crazyasianlove.net
tc-bw-horn.de
hannya.wop.ro
paczto.pl
shsihao.info
submitarticles-free.info
xsiv.265link.com
www.xiaoqingtz.cpanel.my
zoradamusmedium.com
hausbau-tipps.info
unsort.puk.ro
fengwuhuanjing.com
ncsbe.gov
orientaloutpost.com
lizacek.flog.pl
maplefamilia.cswiki.jp
hyperpne.puk.ro
www.huahuani.com
rongera.geklisteerden.zandhazen.overclus.hutselen.aflezen.wwwwww.wop.ro
prvp.info
bestmalwareprotectionx.com
www.zzpco.cn
yaojing1128.n9.youmac.info
www.zzcn.in
tadwena.com
www.chlz.net
abur.wop.ro
unemployment.info
www.jasst.jp
slupsk.pl
montafoto.com
tsuri-jp.info
k-cosme.jp
viajeblog.com.br
amazoundrecords.com
www.zbyuqi.com
beauty-and-style.hufu119.com
playstarfleet.com
createmyworkout.com
sinn.de
mac-reviews.net
digitalgupshup.com
addisvoice.com
socialagent.se
cypriand.digart.pl
www.qanet.net
nbasnapbackcaps.com
300name.info
www.behangwereld.nl
assfucking.sexusblog.com
gcwap.net
utrangerte.wop.ro
annarborusa.org
salsamovements.com
br.com.ua
www.52pt.ccoo.cn
www.xwdr.4f9.org
www.skz.gov.cn
laurna.wop.ro
www.telemed.no
mall.sh.soufun.com
kwaterymapa.pl
qinzhoushi.383845.com
cisv.org
gqt.org.cn
ecolodesign.org
www.bjgjj.gov.cn
shippingonline.cn
noli.fr
668sq.in
otto-trade.com.ua
jinshu.feijiu.net
aleph-dach.ch
513cg.com
aha.de
fotokolej.pl
yanjiangkoucai.net
gokarbon.com
0900-cvservice.nl
mystical-musings.com
amerd.deviantart.com
safeaccessnow.org
m2ia.qiwen5.com
airsoft.pl
semnantelecom.ir
rapi.jp
qianqianxiang.taobao.com
www.01618.net
inputted.puk.ro
radioguerrilla.ro
c1521.fr.nf
hxjy01.3566t.com
byterevel.com
xxhxalcohol.com
xipe.wop.ro
www.sitebro.fr
www.gmi.com.ec
protvino.info
www.syzw.gov.cn
bzwbkpressfoto.pl
makinecim.com
statcounter.com
dutta.wop.ro
juancong.com
mundel.wop.ro
lanekassen.no
bookmarkseo.in
nonrenun.wop.ro
tze33-9bb7.tumblr.com
sonderfaellen.puk.ro
szymczyszyn.pl
seoleoju.net
shop.js.ct10000.com
beijing.7kjia.com
fshg.cn
blog.buckconsultants.com
ieltstehran.com
69643.com
allehot.pl
bkbk.tk
mohe.gov.sa
teehaus.de
phpjobz.com
www.678banjia.com
incult.puk.ro
44ss.net
waluty.wp.pl
cititrust.biz
beaut.ie
xrpjtruawe.skynetblogs.be
amvbybrkpp.freeblog.hu
roxannemadams.com
misposit.wop.ro
liroly.hu
bysharing.com
applesense.com
dsl-speedtest.us
987654321.salon24.pl
rettesnor.puk.ro
marketgid.com
product-life.com
captainprice.com
apocalyptica.de
glgbpx.com
mypokertracker.com
softhouse-seal.com
uk-racing-results.com
gossimer.biz
4988tm.com
tiao1.114lm.cn
bassvi.net
jeremy.com
7cwv.265link.com
www.ljdct.com
hermandadgalactica.info
ilrv.nfdy.net
shjz.net
newfiles3.pinger.pl
gp-bikes.com
damaideparte.ro
n8or.qiwen5.com
suntran.com
tuiuk.ltd.uk
sielelectric.com
allyearsleaving.de
carterms.com
punky.wwwwww.wop.ro
kccr.265link.com
cn.bing.com
sweetbeach.jp
serieszone.com
www.51-jm.com
arih.210000.org
qingchunliangli.1168.tv
avut.210000.org
gxh.dz.vancelle.net
www.hnsxly.cn
www.shaguangcc.com
bsi.ac.id
www.confianza.nl
mysticvistas.com
hb.sifanghua.cn
www.egatta.cz
www.meinvtu6.com
www.stl350.com
d1kd.com
recipebookmarks.com
fs.fed.us
w3452.4dmn.com
pc3106001333mhz.7ic.info
eco.ria.ru
www.kouhd.com
www.tour.tk
www.benbaowo.net
1x89.qiwen5.com
caska.digart.pl
chalonge.puk.ro
geekmemore.com
ingraner.puk.ro
bousei.puk.ro
www.e0717.net
wubomei.wop.ro
issip.org
windblown.wop.ro
www.alsa-project.org
www.gsjj.org.cn
goldasmith.com
wisely.wop.ro
wapzet.com
ssjf.zhuxian2zt.com
webnode.hu
byki.com
www.njrxw.cn
dodaj.pl
doctorslounge.com
breadwinnerfromhome.com
yghforum.com
miximuesli.de
kapsalontabak.nl
www.apulir.pl
digihex.pl
www.fake-louisvuitton.com
credit-pret-en-ligne.fr
vannonces.fr
askdatabase.com
hercegovina.info
aboutreversemortgages.com
gogift.pl
asuna.wop.ro
waehleri.wop.ro
opmy.9998.tv
www.aixuek.com
oldstory.info
raokan.com
hissexynel.tumblr.com
jycyw.78.cn
www.cdxc.org.uk
www.sssggg.cn
gammaink.ro
milfpornblog.info
www.sjnz.org
game.cjcp.com.cn
yumedono.com
jakszybkoschudnac.com.pl
www.loulantxt.com
la-bancarella.it
fareambiente.tv
coursesweb.net
dresstv.jp
shawaonline.com
chihair.ca
haribol.hu
dwmy.wms.mofcom.gov.cn
cajero.wop.ro
cj.t56.net
greatgardenplants.com
hkatv.me
ursegames.com
tormo.com.co
audi.co.uk
ebaby.it
dprogram.net
efotolab.net
www.mdx688.com
largeformatphotography.info
truskawkowo.soup.io
ahoyador.wop.ro
vapamore.com
checkondavid.com
shijiazhuang.51chudui.com
shrewsbury.ac.uk
cybercom.ie
2dy.me
blockbil.puk.ro
www.1580w.net
jeepcreeps.tv
raiu.wop.ro
natasza0727.digart.pl
atrides.digart.pl
www.xianseor.com
herkus-rollerforum.de
xxxati.wop.ro
bqpd.jp
car-rentalsingapore.com
www.softxp.net
kokosbas.wop.ro
sicoactiva.net
ilsesseite.de
changeofaddress.org
info.pl
shavk.com
www.tc126.cn
bieg-piastow.pl
bbs.teatea.co
ewomennetwork.com
www.pp597.co
exak.210000.org
uca.edu.ni
billipig.com.br
www.blzj168.com
aerofs.com
rasw.com
riashaircreations.nl
www.776ff.com
sucs.org
stepstar.gger.jp
2011.focus.cn
www.iwodesports.com
webb-tv.nu
muyduwmxxk.blog.mongenie.com
saper.soup.io
ebwaydev.com
eventvisa.com.ng
detaier.com
yoshioris.com
jxqv.210000.org
seo-test.nl
www.shaonvav.com
gutscheincode.org
gltop.com
gracestcoc.com
etbj.nfdy.net
unipd.it
jeehee.com
www.ncmedia.pl
humyai86.info
fanzilla.org
dqh8718.7190.cc
iphone73.com
hongboxin.com
jumpy.pl
gq.ru
web.dg.gov.cn
china.usembassy.gov
greattimefortea.deviantart.com
szliangyan.com
drug.9939.com
wikitalk.org
webo.kz
forexjustice.com
id.ekads.net
asca.it
apartliberal.com
eat-alian.it
jeans.pl
www.gameogre.com
www.opodo.ch
atehenmei.com
legnicacity.pl
izcjyvspxg.blog.mongenie.com
8.atvtm.info
kamifox.eu
kshownow.asia
harou.wop.ro
iab-austria.at
net-sis.com
courierpostonline.com
echeta.com
wck.cc
www.airjordancchaussures.com
ceskeholky.eu
kimballoffice.com
vipservices.ch
ledrex.hu
jgwy.com
720pc.com
scyg.265link.com
wbzd.co.de
yaoi.pl
www.qingkong.org
fotografiavalencia.com
www.foxdoc.com
saps.moe.gov.my
jumanji.art.pl
vorwahl-info.net
learningally.org
gamers.org.ua
coursework.info
guesmoothin.xtgem.com
samoe-samaya.ru
reverseinternet.com
lula.pl
saifutong.com
blogacg.info
trhu.210000.org
locasit.fr
snm.edu.pl
mooo.org
bungee.co.cr
rks-gov.net
sparen.de
mundodomarketing.com.br
gxtaotao.com
spcai.org
bangaloremetro.in
tltonline.ru
manifestvegan.com
jktyre.com
oznaczenie-ce.pl
ingroup.wop.ro
harry-potter-2-full-movie.blogspot.sg
www.onfj.com
lanzhou.51chudui.com
bigmoneyarcade.com
gaj.zunyi.gov.cn
kambourov.com
liveonlinechat.net
www.nnswx.cn
lisalopez.digart.pl
nvyongbiyuntao.addso.cn
kowaza.net
www.fengxionggo.com
trouwgel.wop.ro
hefeiwanmei.com
braveshop.es
iol.im
avadeals.com
technov.org
gp2x.org
thisismichiganfootball.blogspot.com
kyosho.wop.ro
moebel-vergleichen.de
neee-san.deviantart.com
elsoldenayarit.mx
www.lagzim.hu
lamagliadellafiorentina.it
tierschutzbund.de
gjsyjd.com
cal.pl
erarbeitung.puk.ro
gonic.info
arruba-car-tuning.eu
sigillammo.puk.ro
wessexparkhomes.co.uk
impots-loi-scellier.com
a820.com
georg-frank.de
psn.ru
www.gd3j.com
ebook.taobao.com
light11.eu
welser-messe.com
1abc.org
rokushophoto.wordpress.com
41square.com
tzzt.210000.org
article-promotion.info
ds.dnfa.info
image-advertising.de
www.oblivion.no
accede.puk.ro
shilehui.com
mytnstory.com
witchschool.com
www.janula.it
kawmassrf.blog.mongenie.com
www.vanhudgens.pl
strategic-living.net
coralreefer420.com
kvinneguiden.no
tkptn.net
shopy.se
www.ynnk.4f9.org
mengd.wop.ro
opdrukken.puk.ro
pop.xdf.cn
www.taoke.nev.cn
math93.com
www.brandnam.com
improve7.com
negativland.com
schroodm.wop.ro
ebookonline.7s4.info
0990.jobidc.com
picanom.com
rapsli.ch
immerses.wop.ro
hotel-voederheil.istats.nl
ipx.com.cn
jiajiayou021.b2bvip.com
upsw.info
allmightysenators.com
makeup.fad3.net
thesalsas.com
guciu.wrzuta.pl
incube.ch
letsplej.pl
shangrao.17wgp.cn
spathe.wop.ro
paseka.prv.pl
gratiscursus.net
lipikaar.com
statistics.gov.lk
lassdiddli.tigblog.org
cookieandkate.com
okdown.org
www.ossian.hu
www.llbra.com
kajibou.puk.ro
www.qaz8.tk
123employee.com
ymkhovtqymuxlg.blogtrue.com
parrislane.us
www.watchesreplica001.com
ntzl.qiwen5.com
bh8j.265link.com
eopla.com
planynawakacje.pl
db-db.com
bonconsulting.com
beauharnais.puk.ro
danzstrandclub.hyves.nl
netdoktor.dk
www.aj2ee.com
news.8hy.org
gepredig.wop.ro
jheel.wop.ro
dubo123.info
forexac.com
koktel.tlap.hu
yoku.com
twam.265link.com
humyai1.info
lolislove.us
www.gaoqingwd.com
molecularlab.it
fotozsercem.flog.pl
miuriel.digart.pl
recoifferaient.attainture.loquet.wwwwww.wop.ro
tripadvisor.com.tw