dissertationsgratuites.com
rezulteo-tyres.co.uk
lekmed.ru
corker.puk.ro
uvnl.210000.org
newnaracass.blogspot.com
1818la.18.lc
tirq.210000.org
fergieshoes.com
web-feeds.com
vkontakte-msk.ru
she89.com
alexandergallery.biz
sxfyqy.cn
www.979i.com
moveon.org
vseya.ru
hell-x-hell.deviantart.com
www.dv07.com
dreamzone.ro
shouihan.puk.ro
nword.com.cn
corset-shop.ru
advantageroofingsystem.com
861030.com
www.zf001.cn
severouralsk.info
ddd138.com
sziit.com.cn
centurion.bb
adlag.com
stakemill.com
64ze.lizhidy.net
ex9v.qiwen5.com
myckkiwpf.blog.mongenie.com
sokq.qiwen5.com
weidaning-xz.com
breathwalk4freedom.com
electronicssavingsoutlet.net
harajbazar.net
rks-gov.net
se.sao678.com
18ccd.com
palomasilva.com.br
minebea.co.jp
buydifferent.it
keltron.org
nottinghill-film.hyves.nl
javadby.com
10000juegos.net
surgeres.org
sens.org
backienxuong.net
vesasc.org
elevendot.net
meenastravel.com
greenday.art.pl
www.zgqy.cc
diskgenius.cn
katalogz.puk.ro
bodaclick.com.do
lesardentes.be
americanidolbrand.com
facadeglobal.com
vkusnee.ru
ebay.eu
feb19.jp
dh.wen.la
feestwinkel-wolsum.istats.nl
freecopticbooks.com
www.aqsiqccc.com
qq772993307.41583.cn
afinance.cn
aproximar.wop.ro
6622.cc
candportalen.dk
802v.com
utdrivelse.wop.ro
fgnokhbegan.ir
futbolpasion.mx
motive.smf4u.com
minitokyo.net
www.tezgc.com
ro-versuri.ro
energisol.dk
bianxoo.pinger.pl
izend.info
uib.cat
www.gangban.org
thpaffiliates.com
largeformatphotography.info
filmowy.info
echte-demokratie.info
phpxl.de
lichtwac.wop.ro
nk.ca
fu.osu.cz
ds.6c8.org
www.kubirt.com
modgames.net
krspcb.com
qzap.210000.org
fileboar.com
fenotiaj.puk.ro
ethanolcarsdealer.com
studiosk.prv.pl
gueterannahmen.puk.ro
yizhengf.com
qqsong.com|www.shbz.com.cn|foop.tk|nyny.wop.ro|vest.nfdy.net|wwcikvizm.freeblog.hu|www.net-china.net|tlcnevjjt.blog.mongenie.com|ecalelite.com|teishu.wop.ro|edh-ev.de|weitersc.puk.ro|kyanion.puk.ro|suzhou.51chudui.com|malac.linkekneked.hu|www.ok9080.com|pogodba.net|mossig.wop.ro|doctrinaux.puk.ro|zjzkbzjxyxgs.wenju.biz|shoushi001.com|www.shuo5200.com|www.dakeyi.net|zknw.nfdy.net|winemax.org|ypbb.nfdy.net|cyzm.nfdy.net|uvum.nfdy.net|www.essiw.com|883v.k3y3.net|mksn.nfdy.net|www.hnxinke.com.cn|tjfr.nfdy.net|www.ura-akiba.jp|1vagonka.ru|kamila69.a-liveprivates.com|www.808ys.com|boxer-vom-schatzkaestlein.de|luenk.wop.ro|coi0.nfdy.net|gsus.nfdy.net|www.gz-baiyou.com|675t.nfdy.net|news.gpxz.com|www.xunweicn.com|i8ic.lizhidy.net|iwenthungry.org|www.59cn.org|malier.wop.ro|ryuk.265link.com|itaru.wop.ro|cglm.nfdy.net|mkxp.nfdy.net|8923.nfdy.net|argaya.wop.ro|www.hdjiaoyuxinxi.com|www.zgc.gov.cn|www.lanfc.com|fotofrog.net|chrissiecool.deviantart.com|clps.nfdy.net|my-led.cn|www.bizun.net|osyaku.wop.ro|www.07qccg.com|www.rawan.in|nbxhkj.com|www.21shhr.com|qlmrc.net|0pzo.k3y3.net|eizr.nfdy.net|www.zdor.cn|icamtech.net|ilpg.k3y3.net|nvsv.nfdy.net|you.xiaoyoyo.com|rendu.wop.ro|www.dd378.com|aw60sdf.seesaa.net|kj6o.210000.org|6h1122.us|1818kj.com|tsmn.nfdy.net|www.zgjiageng.com|java-admin.iteye.com|octuor.wop.ro|hflz.nfdy.net|ykdljrbnai.blog.mongenie.com|www.iqio.org|kzoufdfkol.hexat.com|spueren.puk.ro|www.yjlfy.com|rffa.org|www.hongfuyuan.com.cn|wvryddzcth.blog.mongenie.com|e379.net|yu2.net.cn|fehg49.deviantart.com|orlate.wop.ro
deaikeisitenohajimekata.com
www.bama.hu
academiaauma.es
hyipscan.org
go4u.ru
ahv.ch
www.hmdgy.com
tramadolakgkm.blog.fc2.com
shop34283080.taobao.com
www.mmmmw.cn
kouaa-blog.com
ent8.info
0902muzapar.33591.com
claudian.wop.ro
aplaceofhope.com
asianwiki.com
mail.wfj.com.cn
520ms.5d6d.net
andybaird.webs.com
guska.jp
cheshireacademy.org
dognameswoof.com
ekobiznesy.pl
birke.de
8fn.info
alexa.bj.cn
onlinebusinesssolutionsz.info
dlhome.ws
familyface.net
gorodfinansov.ru
media-addicted.de
m408.mail.qq.com
comeamoy.com
www.zjcuhb.com
www.jobi.cn
baresite.com
www.szhsr.net
baocai188.com
forece.net
mkbs.nfdy.net
biso.cn
antadifo.puk.ro
bbs.qcdz.org
3yy8.com
obchod-nokia.cz
yituge.com
iphone-occasion.fr
www.tu.ro
zenija.digart.pl
colin39.hyves.nl
hao168.cc
myglobenet.com
generationprofit.com
radiotempodeamar.com
scheidungsforum.de
www.gzshangxue.com
becuqpgv.blog.cz
hackerreloaded.com
articlewiz.com
capecodlivecam.com
3857059.blog.51cto.com
spicerackapps.com
3zba.com
estribador.puk.ro
www.t55.cc
grandamericanadventures.com
fbme.com
ghettopoison.deviantart.com
china-blackberrywholesale.com
rio-themovie.com
www.nxgzb.com
agarik.fr
socialbookmarkservices.info
fancy25.dz.vancelle.net
56ttt.in
cdoa.ca
97sd.com
d4q.info
falabella.com.co
www.913av.info
bigmarketing.co.uk
www.unchina.cn
8.lhc49.info
bndle.com
kekewg.com
sohbetcell.com
filieracortabio.com
vayo.pl
krolik.pp.ru
absentin.wop.ro
www.szpark.com.cn
help.ename.cn
5ki.ajswzp.com
bizyon.puk.ro
northkingdom.com
ncb.ly
sejutatrik.blogspot.com
www.fzrcw.com
rocketinfo.com
north.pl
45zgw.com
articulosactualidad.com
blogolj.net
desszert.eu
www.tengerivitorlasberles.hu
seznaika.ru
www.sh3000.com
bbs.fogoo.net
sonyvaiocouponcodes.20j.info
caogen.anhui.cc
318dcn.78.cn
shoujizu.net
dixipedia.org
doukyo.jp
airlinecomplaints.org
www.jianfei592.com
fulloftags.info
www.cern.net.cn
www.sznfhy.com
boracaybestdeals.com
almostasecret.net
jakartapress.com
rapszodi.puk.ro
mcvane.ge
lxsy.net
lkrigel.com
vstinstrument.com
adultartlist.com
q.115.com
malezi.ir
trafionyprezent.pl
sabaudia.latina.it
dr-hakem.com
binfen.cc
mastermind.co
jinfeicui.com
www.llren.net
freeocr.net
7point.pl
dehong.gov.cn
mantiden-forum.com
bbs.gfan.com
finking.puk.ro
fdc.hnz.com.cn
great-gardening.com
cobbassessor.org
sbrz.pl
aachen.de
ogipro.com
dwg.com.mx
papamaster3.ru
www.xxcsxy.com
killarun.digart.pl
aureldesign.com
redish.puk.ro
net-school.ru
flower-garden-know-how.com
www.highseegroup.com
prisabs.com
acconlinenews.com
air.7kt.info
www.xzsxqy.com
hello-office.net
osix.net
www.emiljensen.se
sakugetu.puk.ro
56tk.net
lixingmei.me
455rt.com
rougier-ple.fr
88.h1x.com
metmuseum.org
bayoucrosbys.com
payworldindia.com
sageridge.org
kimagic.com
5ub.info
arouge.com
groupdeal.co.il
yourlifetheirlife.com
anapadays.ru
xf120.com.cn
snooth.com
roddywoomble.co.uk
iiky.nfdy.net
1-resources.com
1000rt.com
jinanstar.fdcez.cn
bryanveloso.com
moduscrm.pl
alltraf.com
myhealtheexchange.com
calda.wop.ro
play.fpt.vn
www.temaijie.net
www.97ribi.info
www.yaoors.com
app.zhui.cn
lutheran.hu
chistesverdes.net
increasebroadbandspeed.co.uk
allclicks.de
tagesgeldrechner.info
www.br666.com|zhidao.huarenblog.com|help.uni86.net|igoex.com|daijia.bj.cn|www.shszc.com|e9sj.com|www.dzdq.org.cn|www.kkgzzw.com|qq772993307.huashanforum.com|tshivenda.puk.ro|washta.puk.ro|www.saturnfans.com|scene.wop.ro|dolmar.sk|www.zmxys.com|www.qg-knives.com|www.zhongguo315.com|lax5678.com|www.0757-85956163.com|mystudentrewards.ning.com|aronjef.gamerdna.com|zzzwjzeob.blog.mongenie.com|www.school.sh.cn|runsky.com|superdoc.com|xia.ncyz.com.cn|www.ntkd-hk.com|www.suizhouwang.net|ablazewithlight.com|vestorn.com|mystressreleasenow.com|geaz.tk|3g.i139.cn|www.tongrentangkj.com|www.tangrenf.com|xcdzzvoj.blogage.de|www.xshpjy.com|cps114.com|www.yy21.net|www.dltongdao.com|zisu.org|massteroids.tumblr.com|www.89223885.com|www.airjordan-spizike.com|aijunjiatingfuwu.dv37.com|yournaturalimage.com|vostok.wop.ro|tzgs007.com|848848.com|0766idc.com|365chizhou.com|xmnm.nfdy.net|www.babaw.com|tuan.babaw.com|dn798.com|c.lexun.com|www.baimao.com|hsybs.com.cn|mija.wop.ro|123e4.d5dsoft.com|burrum.wop.ro|adminunion.com|1.s5g.net|www.598wl.net|www.jxygcy001.cn|meetingdialer.com|tabacalaruba.com|news.gpxz.com|domainwebsites.net|xucs.nfdy.net|www.2000uu.com|www.wgyy.cn|adamspublication.com|www.czzyb.com|sloggi.wop.ro|websiten.net|googlestreetfighter.com|dictionary.www.infoseek.co.jp|www.shkunyi.com|pxwaimao.cn|www.tshop360.com|heltewig.de|sxdehudzyhde.blogtrue.com|www.z0310.com|bbs.007.mx|www.taoyiww.com|flyingmouth.com|www.11ddmm.com|careandsupport.com.au
666686.info
3335.jp
supfriends.com
aike01.com
hvuz.nfdy.net
nychhc.org
dbmailadmin.org
cablemap.info
ducts.puk.ro
avonrents.com
hnf8.com
theredlist.fr
rotor.uw.hu
marketingmundial.com
timeanddate.no
bogoubeiyongwangzhi.info
aitu.wop.ro
www.yegelenwu.com
www.lygzgh.org
meiibrand.com
skadatecs.com
dishtamilonline.com
meedmoh.com
www.janephoto.net
agroads.com.ar
cadbury.co.uk
cmonitor.pl
latvenergo.lv
affeksjon.wop.ro
www.cnc-engravers.com
opvs.info
bbs.yingshan.cn
unsecuredloansforyou.co.uk
tacocity.com.tw
dl.client.baidu.com
otofotki.pl
tdu.to
marfrig.com.br
annamininaphoto.ru
15163.ywec.cn
www.sztdx.com.cn
perspectives.org
mysantorinihotels.com
www.ydmmj.com
www.137zaojiao.com
ichoukan.puk.ro
vitbbs.cn
durhamtownship.com
commercialrealestateplt.info
99xx.us
44zl.com
prempuri.org
bambinodiapers.com
gourmet.goo.ne.jp
centerspace.net
djsequence.com
ermoshka.ru
2891.vgb.no
powerfm.gen.tr
5-stone.cn
chalkandwire.com
nisimago.puk.ro
liveroulette.co.uk
valuedopinions.tw
agrafiez.puk.ro
gotowebdb.com
goupengyou.net
menshealth.com.tr
migliorblog.it
ect.go.th
69879.com
avrettet.wop.ro
2ma.cc
sh.1010jz.com
apothema.gr
isro.gov.in
afklimme.puk.ro
radiocalciomercato.it
alusshop.com.mx
mtv.pl
addressarticles.info
bgr.in
enkrotka.pl
9mannetwork.com
uveret.info
kjmagnetics.com
fanli188.com
schema-electrique.net
commercedegroslunettes.com
mycondolife.ca
ghettosexsluts.com
pitance.puk.ro
terrediconfine.eu
autazchin.eu
saberespractico.com
bakalang.puk.ro
belbonda.com
520jkx.com
studynet.vn
estatesincanada.com
4lawschool.com
at.rs2clan.net
archaicguru.ca
spoletoweb.com
qsquare.com.tw
33td.net
prdoska.ru
9ml.com.br
cliawaived.com
djtimorofficial.webs.com
bbs.cy-e.com
bz.52pk.com
dacoits.puk.ro
canti.soup.io
cuihomri.bloguez.com
tribunemediaservices.com
tipsupdate.com
cftwap.net
91abc.com
baoz.net
cvty-secure.com
bianpinyo.com
changyou.net.ms
xiaomi.hk
www.barpan.hu
deost.ru
www.vc010.com
autovisitas.com
www.lsmeigu.cn
domains.cz
4d1m.56dvd.net
defyingexpectations.ca
cgi.linkclub.or.jp
www.22mfdy.com
mbworld.org
bus.tielu.org
myskb.ru
chicagobreakingnews.com
commonwealth.pl
iolt.nfdy.net
customersolutions.de
abenyu.puk.ro
davidlynch.de
gbpresearch.pl
sx141.ee99.org
blog.eastday.com
travian.cl
daredormepisodes.com
can-bee.com
college.usc.edu
it-cp.net
levavate.wop.ro
ibuypower.com
airborn.com.ar
clubbingabroad.co.uk
pelle.blip.pl
hj8.cc
clim.de
directorykeen.com
buzzbuzz.ca
autentika.pl
naobcasach.pl
xinzhou.org
5216u.com
0039.nfdy.net
beanogas.com
waltharisfest.de
1-t.cn
shen119.info
avras.info
60.by
bus-miete.ch
creative-concepts.co
jxddlpw.com
65lat.com
69637.info
egxmgupmjm.blog.hu
agau.ru
butzi.info
badassjewelry.com
beic.az
famemeasurements.com
966sex.info
geheisse.puk.ro
gqkj.210000.org
logo-design-india.com
altervista.org
china-kvm.com
j828.cn
13-e.ru
libros.blox.pl
91yao.com
agita.puk.ro
www.onlinekresz.hu
eurobattle.net
andanet.com
bus.5w.com
englishlads.com
skytube.jp
kdjoteros.com
nzte.govt.nz
virtualsexy.net
spelstal.nl
begood.vn
kokosbas.wop.ro
churchrelevance.com
bing.wop.ro
83ex.210000.org
66av.org
pci.nic.in
360-bo.com
defondos.com
changchun.ucar.cn
57mt.com
acer.de
bedsideapps.net
newseum.org
televisionscybermondaydeals.info
jardel.com
bikuai.net
folkloredelnorte.com.ar
poisk-cards.ru
hypf.78.cn
nwc.edu
ctfriend.net
cinerak.com
9xhot.info
kyamites.com
freesocialbookmarkinglist.com
printcity.com
www.elnortedecastilla.es
devise.puk.ro
www.qyxtaobao.com
jelly-beans.co.jp
aiqus.com
dhcjg.com
10086sms.com
oscmax.pl
raskroisebya.ru
fatcatblueprint.com
adblade.com
cdon.fi
groessen.wop.ro
esthetic.cc
cowboysdelared.net
www.com10010.com
viettel-distribution.vn
kapcsolat.del-alfold.istenhozta.hu
optionstradingsignals.com
mijueqls.1168.tv
joomla16.org
institut-fresenius.de
gustoso.tk
artpal.pl
my-blog-new-my.blogspot.com
53x.pl
budget.co.za
sina56.com
s.yu135.com
sixx.de
avos.com
gewar.net
eksohr.puk.ro
www.bk1.jp
frolicboonies.com
aihtao.taobao.com
piratestripes.net
de-captcher.info
37eu.com
tallhat.com
newdjgroup.com
btconnect.com
centracare.com
mathkang.ru
doblog.com
domaingoat.com
akhonsamoy.com
hotkey-supporter-1-0-free.vn
aangeerfde.puk.ro
huppes.puk.ro
www.2200pk.com
007115.com
dletweak.ru
compucert.com
flights.ctrip.com
kyoudou-kenzai.co.jp
jtz.cyxw.cc
sevdimseni.net
www.kuaizip.com