entlehne.wop.ro
rentacar365.com
yosokandojo.com
aso.com.tw
centurion.bb
blogabond.com
website2value.com
abrimmo.be
b2bmagazine.bg
wap.2007cp.com
k-tecracing.com
themisstisdale.net
fensanp.1168.tv
www.pb-a.info
bowfinprintworks.com
flophouseinc.com
rs-direct.co.uk
huobaowtt.1168.tv
www.sq315.gov.cn
vnetware.com
cqlive.tk
biznes.katalogi.pl
xinhua.xm.fj.cn
keisanji.wop.ro
short3ns3xy.a-liveprivates.com
mardoman.net
qingyuan.3477.com
byutexi.puk.ro
linksutili.it
bbs.xuanyi.com
informator-medyczny.info.pl
ladybrillenigeria.com
ma-papeterie.com
www.sriwork.hk
dtrc.ca
aio.sk
hazelstreeteats.com
missfemdom.com
pasi.ro
fommis.com
8588.biz
angr.210000.org
7rooz.com
www.qukanshu.com
fulltutoriales.com
er.cz
mopoi.de.lv
beautystat.com
adtor.wop.ro
94ccav.info
pudder.wop.ro
news.959.cn
shoko.ru
unisearch.jllib.cn
laurelship.wop.ro
la-provenza.es
wyjyj.net
znanylekarz.pl
www.r-agent.co.jp
missfaye.blogbus.com
wuqing.cc
imtj.com
www.ktjzq.com
gongboa.taobao.com
westmeathsports.ie
jaunira.puk.ro
577gc.org
xj788.com
www.shaguangcc.com
roowei.com
e-nocleg.pl
voila.web.id
www.cvca.com.hk
kononenko.me
bloghosting.co.kr
picturesofcolorado.net
wdrv.com
empar.info
www.tingk.com
merfo.us
cashinsure.com
magnetiksalesperson.com
armorstudios.com
contiprint.com
glamournylon.com
kohinoorschool.ac.in
pornomina.net
allesdruck.de
www.234yy.info
www.500dd.com
aisin-asleep.com
ageage-date.jp
movie1820.com
gaymenblog.info
thesimplecode.com
academiasuporte.com.br
bodaclick.com.do
discountvacationsites.com
www.dianyiciu.com
www.ylrhome.cn
www.hrlie.com
sharnoff.puk.ro
blufyremedia.com
www.njhakin.com
hochwertigem.puk.ro
nammiro.com
9vpv.210000.org
aktivix.org
1xsuccessteam.info
crackserialcodes.com
muslimmillionaire.com
domovanje.com
tarryingness.puk.ro
kidstopic.com
www.wanbo.tv
www.mhaha.com
enotalone.com
yamagata-u.ac.jp
www.xinhuangse.com
yodzian.com
alcoupone.ru
centroradialhn.net
cubuk.polter.pl
candyapplesdance.com
refurbishedyamaharec.7wx.info
websale.net
deviantclip.org.uk
rossioo.wrzuta.pl
www.xd521.cn
ep09.pl
learndoj.gov
www.ynqjf.com
ilei.pl
archaeological.org
nepalisongs.info
home.pl
hk-mg.net
gamespec.ru
sansbug.com
itp.ac.cn
668sq.in
trucosblogger.com
ledworld.it
www.taianhmc.com
univers-fromages.com
bikerzonemagazine.com
bmscentral.com
seeoo.pl
www.houzi120.com
c-budejovice.cz
muzer.info
nocontestband.webs.com
proms.pl
katherinebowen.com
angel-hosting.cz
henjinkutsu.net
jgtxtxl.1168.tv
aiaigimei.co.cc
terryxxy.com
to-a.ru
duhocmy24h.info
wkyq.nfdy.net
bielizna-codzienna.pl
barbarabrunca.com.br
kurticao.com.br
4uhomepage.com
mikroartikel.info
apcalis2k.net
spaltend.wop.ro
arzublog.com
uitwasem.puk.ro
cmsfans.ru
01-scripts.de
healthydietpills.info
cosmeticabelleza.es
remontstroyka.ru
iamrobynfly.ning.com
pensacolahomeinspectors.com
swiss-thermographie.ch
corvatsch.ch
norman.no
changyou.net.ms
juanitamadridista.pinger.pl
extraitcul7.info
sencor.net
plasticseurope.org
fotosguapas.net
prlb.info
108blog.net
egreentechnologies.net
www.csdz1688.com
pidai.biz
runners-world.pl
drawtheworld.me
wintersunsummermoon.com
xbcyjmw.78.cn
eiknarf.com
pascalhens.de
buhgalter.kz
reeditar.puk.ro
utako.wop.ro
folse.wop.ro
www.tjdjw.cn
autohifi-w.de
accp.com
utensileriaonline.it
www.piarim.net
netkuponam.ru
ketsubut.puk.ro
middlemanapp.com
iphone-occasion.fr
analxxx.fr
hz.meituan.com
ezine-money.com
ixwei.co
cameracaptures.com
383958.com
dogdayskennel.com
6t5.info
miril.at.webry.info
ynwdpx.com
ppmsn.cc
brennst.puk.ro
9aoya.com
lazerow.com
kabaretka.flog.pl
bbs.php168.net
wap.handbb.com
femh.org.tw
f38.cc
coolfactsbro.com
drupalvid.com
musee-chateau-fontainebleau.fr
tuhipoteca.com.ar
thetinytube.com
www.ipad3344.com
cashcats.biz
factorypl.com
coldwellbanker.com.ve
gmailhelp.org
www.br666.com|zhidao.huarenblog.com|help.uni86.net|igoex.com|daijia.bj.cn|www.shszc.com|e9sj.com|www.dzdq.org.cn|www.kkgzzw.com|qq772993307.huashanforum.com|tshivenda.puk.ro|washta.puk.ro|www.saturnfans.com|scene.wop.ro|dolmar.sk|www.zmxys.com|www.qg-knives.com|www.zhongguo315.com|lax5678.com|www.0757-85956163.com|mystudentrewards.ning.com|aronjef.gamerdna.com|zzzwjzeob.blog.mongenie.com|www.school.sh.cn|runsky.com|superdoc.com|xia.ncyz.com.cn|www.ntkd-hk.com|www.suizhouwang.net|ablazewithlight.com|vestorn.com|mystressreleasenow.com|geaz.tk|3g.i139.cn|www.tongrentangkj.com|www.tangrenf.com|xcdzzvoj.blogage.de|www.xshpjy.com|cps114.com|www.yy21.net|www.dltongdao.com|zisu.org|massteroids.tumblr.com|www.89223885.com|www.airjordan-spizike.com|aijunjiatingfuwu.dv37.com|yournaturalimage.com|vostok.wop.ro|tzgs007.com|848848.com|0766idc.com|365chizhou.com|xmnm.nfdy.net|www.babaw.com|tuan.babaw.com|dn798.com|c.lexun.com|www.baimao.com|hsybs.com.cn|mija.wop.ro|123e4.d5dsoft.com|burrum.wop.ro|adminunion.com|1.s5g.net|www.598wl.net|www.jxygcy001.cn|meetingdialer.com|tabacalaruba.com|news.gpxz.com|domainwebsites.net|xucs.nfdy.net|www.2000uu.com|www.wgyy.cn|adamspublication.com|www.czzyb.com|sloggi.wop.ro|websiten.net|googlestreetfighter.com|dictionary.www.infoseek.co.jp|www.shkunyi.com|pxwaimao.cn|www.tshop360.com|heltewig.de|sxdehudzyhde.blogtrue.com|www.z0310.com|bbs.007.mx|www.taoyiww.com|flyingmouth.com|www.11ddmm.com|careandsupport.com.au
www.coasttocoastwildlife.com
pingry.org
7469.com
lowongankerjamigas.com
accounts.hanyou.com
kominsystemowy.pl
www.glpoker.net
advertisingonly.net
carrigalineparish.ie
mulatki.info
element-moh.de
teensexposed.in
bcbr.com
kjt.jl.gov.cn
fastwebhostingz.info
www.xlzxzm.com
www.sxszw.com
www.yenbai.org
vip.easiu.com
jpolitis.com
jpue.nfdy.net
mypornonline.net
98w.com
mobilescomparisonshop.co.uk
tznews.cn
splitbusregister.be
bellecasa.jp
www.tsyuncai.com
atehenmei.com
weddinginvitations21.com
www.rgoil.com
rgq8.k3y3.net
informtime.net
onenoter.com
s1.wg.ya7.com.tw
kilner.puk.ro
www.xtb.es
modia.org
heavenlyglow.net
discretehost.com
enf-cmnf.com
icubecsi.com
zure.puk.ro
plastirionguesthouse.co.uk
21174916.qqku.com
niam.pl
cablemodem.ch
iperceramica.it
mlhn.56dvd.net
www.nqtuan.com
bobchapman.blogspot.com
www.gy233600.cn
dieutridaurang.suckhoevietnam.info
wavecloud.de
www.cx667.cn
dolphinbayresort.com
facebook.com.bd
richboroughboatconsultants.co.uk
taviranyitos-hajo.gyerekjatekbolt.hu
oneworldoneclassroom.com
989.la
bj-httx.com
boudai.wop.ro
zerafshan.info
internetshop.nl
www.jmhc56.com
glamourhair.com
sh-lijing.com.cn
phoebe100.com
www.imouto.tv
bankpapuacabangenarotali.com
www.xxoo68.tk
dempa.wop.ro
tytim.edu.pl
rrtearoom.com
architosh.com
yshare.info
www.chianhollands.com
idc.telecomcz.com
vraag.wop.ro
www.jiuheng.org
webindeks.pl
3721mm.com
www.adve.ru
mangf.com
fendeq.com
2xfun.de
websitesem.info
688fcw.net
rapghettoyouth.com
hebinzhicheng.com
art-porno.biz
sharktankzone.com
www.mtr8.com
bestsellerelectronics.info
fripe.biz
belshop.info
odyn.blip.pl
afanasy.biz
the-great-escape-full-movie.blogspot.hk
3-on-3-hockey-tournament-sault.blog.hr
neant.ro
www.bjvolunteer.cn
www.6zyy.com
sonicjatekok.info
zarah.puk.ro
linhai.dushifang.com
tremolierender.wop.ro
discountmontblanc.uk.com
sasken.com
bookmarks24.net
kelap.wz.cz
selfmasterysecrets.com
uvaga.by
www.directis.nl
sexxxyteentube.net
televisionscybermondaydeals.info
inobservantly.puk.ro
krafer.hu
unibh.br
ac.88888m.com
6psp.cn
www.tp234.com
arrivaient.eeoc.tvette.wwwwww.wop.ro
scottifi.wop.ro
xoops.lap.hu
linkanimal.info
prive.com
jstjh.cntjzs.cn
sanmartin.edu.co
combinar.puk.ro
villansla.com
www.huoguow.net
seo.in
pablopicasso.org
inavate.ru
ibrowsergame.it
www.5009.cc
www.hh239.com
theswindlers.com
mofito.com
alcerro.puk.ro
www.josin.cn
teplocom-m.ru
marutisuzukikizashi.in
kriz.nfdy.net
schop.wop.ro
yodiddle.info
tubeporno.pl
www.boxun.com.cn
www.huachenhanye.com
www.3honest.com
9steps.blog.so-net.ne.jp
www.maktin.com
www.lukelook.com
vpsee.com
sirok.co.jp
www.avxoo.com
pseudoga.wop.ro
podvignaroda.ru
iqnet.co.jp
libyasons.com
www.zcpk.com
javvip.net
www.huilv365.com
scandalisais.wop.ro
www.htinns.com
palmado.puk.ro
dduniverse.net
www.timeslip.hu
montchat-webcam.net
mail.thmz.net
www.e658.cn
ghsky.com
plotte.wop.ro
sasfin.com
gratiscursus.net
litoralmania.com.br
djokmarsfivi.blogger.hu
boedesign.com
butanolid.pinceau.hostilel.loquet.wwwwww.wop.ro
bancogallego.es
www.ooron.com
render911.ru
vinnatur.org
fridayfullmovie.blogspot.dk
www.mm798.net
ipeer.se
lwhseoren.com
www.sweets.ro
apartmentsinboston.info
hawler.in
paperthin.de
daliry.com
keurings.puk.ro
theater.co
javatech.com.pl
www.sh-business.com
etuyo.puk.ro
poisk-cards.ru
stahnu.to
baselineresearch.com
www.chileclic.gob.cl
freakyshow.info
kitchenstories.info
www.chiponline.hu
lebens-phase.de
webcost.info
gm8t.com
zabawkopolis.pl
sumitomocorp.co.jp
lemming.su
clapalong.com.tw
dzwncd.78.cn
clickfordietfood.com
aokiu.com
www.rongchangwang.com
sunsweet.info
ekotarg.pl
jwkledu.com
hertener-allgemeine.de
motke.co.il
libandla.puk.ro
goodeals.co
22squared.com
3929.cn
www.smm333.com
karmacrm.com
whfn.net
nastoletnielesbijki.pl
ys.china.b2b168.com
banagas.com
graphics.beareyes.com.cn
wap.tmyx.info
worth.im
www.lc698.cn
thyroidhelp.org
yeniasirilan.com
helme.puk.ro
doublemedia.net
obernberger-inntoifen.at
chika-porno.info
byethost18.com
onlinemarketinglatam.com
zp.zuojiang.com
hcpad.com
onrechte.puk.ro
lamountains.com
rosterreunion.com
campionplatt.com
austinfilmfestival.com
cafsti.net
rankworth.com
labs.divx.com
purduelug.org
eryi.org
chengdeditu.51yala.com
moemax.at
unapi.info
thesalsas.com
sb-tickets.com
onlynylives.com
sqlazure.jp
thudded.puk.ro
naavi.org
linlei.org
atomicglobalads.com
nsw.co.jp
33d9.cn
www.ruilizx.com
designerfreesolutions.com
santamonicaloewshotel.com
hook4free.com
verhaaste.wop.ro
webmarketing.by
multipasaz.pl
tvv-battlen.com
coccodrillo.pl
www.aavnv.com
phongthanonline.net
hzwseo.sinaapp.com
clienty.org
upsw.info
9zeci.ro
portal.boe.com.cn
www.sajiye.org
adoomer.deviantart.com
achemina.wop.ro
kingcase.ru
isa-guide.de
chhs.edu.my
ellemacphersonintimates.com
nb.pconline.com.cn
vake.puk.ro
721001weber.info
directorioweb.info
www.tudecides.com.mx
overseaspropertysale.org
phxart.org
virtueller-tierfriedhof.net
0429.1775.cn
ipagerankchecker.tk
touben.wop.ro
tagrecord.com
www.thoughtcrime.org
mclinked.com
www.1hp.tw
whol.org
allzweck.de
szabi.flog.pl
www.loogel.org
cardboxes.ru
webzzz.com
macau24.com
efe.cl
haoqide.com
kammeret.no
www.canjubz.com
filmmakers.com
www.fzkb.cn
www.99shoushi.com
cabletelevisionservicez.info
jasko.flog.pl
perfectbookmarks.info