www.czxpj.cn
xxxkey.com
sw.org
borderless-travel.com
t-atrium.nl
nationalpetregister.org
fofoa.blogspot.com
milano24ore.net
mkmm.sakura.ne.jp
make-my-own-house.com
mentecritica.net
unlock-your-happiness.com
krones.de
triggesterlibrary.org
krapalm.com
myvacation.cn
92cc.com
sizenhas.puk.ro
haotik.ro
mahendra.prv.pl
socketapp.com
my-diet-store.com
unionpacific.jobs
www.bjmeihualu.com.cn
leshumeursdenanette.fr
homex.com.mx
handelunddienstleistungen.de
shampest.com
8038890.com
teknobook.net
amiga-news.de
senvideo.com
unganged.wop.ro
gpsinformation.org
kino-arena.ru
lorena-karina.com
scghun.com
shinmin.wop.ro
seodesaia.com.br
myshoes.com
faifesta.it
vinicius.ro
fazenda-tv.ru
r3dux.org
giant.com.my
www.egatta.cz
biat.com.tn
hand-interactive.com
videocardz.com
1122p.com
sportsbettingtech.com
zdravoe.com
passa.wop.ro
xxx-spot.com
be-mails.com
www.vrsar.cz
1i.kz
verspatika.freeblog.hu
silahoyunlari.org
mindmegette.hu
ate-u-tiv.com
xf1.derezw.osa.pl
www.btfsz.hu
hlhe.210000.org
titaniuminc.com
pp00.k3y3.net
ecoflame.cz
chinajuyitang.com
www.p798.com
infofranquicias.com
taviranyitos-hajo.gyerekjatekbolt.hu
tpybank.com
superannuationaustraliafln.info
newskaz.ru
rapidken.com
business-articles-4u.com
5ahr.com
uebergriffen.wop.ro
co-meeting.com
topshop.pl
lunatik.com
matthies.de
www.softk.kz
www.ingdirect.es
simpelleven.com
cs-skillzone.cba.pl
applemania.pl
www.xhc4.info
01navi.info
justyna9944.wrzuta.pl
ifwiki.org
www.jnquanchang.com
verstov.info
getbb.ru
osix.net
www.10086s.info
draytek.co.uk
kurdsat.tv
tulceajob.ro
yute.wop.ro
out-and-about-with-your-dog.com
sp.11xxxx.info
amourdecuisine.over-blog.com
silversurf.info
banners--broker.info
speconomy.com
guestbook.ru.vu
juancano.net
7pdy.com
internetmarketingsysteem.nl
3g.118114.cn
ibookmarker.com
redt.nfdy.net
www.82anmo.com
calculador.com.br
konsetsu.wop.ro
kl-hotels.com
doolphy.com
dgqsbl.com
goby.com
urbandive.com
directory-ok.com
tombihn.com
alexandergallery.biz
q-bpm.org
mgipu.hr
moultriefeeders.com
enfoquealafamilia.com
hdg55.com
mrdom.ru
gb0cin.info
aferry.fr
myip.dk
nagayama.wop.ro
sermons4kids.com
rogaine.com
patientsville.com
www.xmlian.cn
news.liao1.com
oldestwomensex.com
bogan.ca
zivac.com
hjwzpt.cn
canadahun.com
www.zjiswear.ccoo.cn
dhogarya.puk.ro
exam.smf4u.com
kdv.pl
gszx.gzol.com.cn
elistingz.com
complejidad.puk.ro
midipyrenees.fr
ebellking.com
blog2blog.nl
www.nm.xxt.cn
crmsearch.com
www.guanghewang.com
teflteachthai.com
seindujour.fr
lamentiraestaahifuera.com
carolinaherrera.com
francescaancona.com
indievisionmusic.com
xeenit.com
xpn.org
1mag.kz
salts.wop.ro
thaishop.in.th
mame.cc
lespros.co.jp
koudokus.puk.ro
www.ydxs.net
www.ttt999.net
dataway.me
www.hrylz.info
jnfeichi.com
blueprintbullies.com
qzjc.78.cn
szempilla.info
poteriashki.ru
blog.ninja.co.jp
shaolin.org.tw
www.mkao.cc
imserba.com
pyj.78.cn
www.ykrenti.com
foolishgadgets.com
adira.co.id
nfne.210000.org
fluent.io
www.offsup.net
beltramiandcompany.co.uk
www.meidianjiazhuang.com
highimpactmom.com
digitalbooksales.info
coachingcomercial.com
sharrre.com
123socialbookmarking.info
kolaczyce.itl.pl
flamingo-hostel.com
www.5678007.com
lxlyfyh.com
info.wancai.info
meminist.org
www.dushu.hk
sesexxx.info
magportal.com
thesearchagency.net
cchs.net
dasgehirn.info
stockwfj.pixnet.net
fengshigtw.1168.tv
www.baolingqiu.com.cn
www.qysc.cc
www.bh2571.com
polow.net
roddan.puk.ro
www.hn
www.xinmei99.com
www.sedage.net
www.sogody.com
modesshop.com
91qqq.info
cmancn.org.cn
www.duote.com
aprendebrasil.com.br
kumonshuppan.com
www.cqjiaoyu.mobi
imvuce.com
kirihara.co.jp
www.9637.com
www.yutiancn.gov.cn
www.liveside.net
orel.mk.ru
www.scuzjy.com
www.tjdayagl.net
browseprofiles.net
bladkeve.puk.ro
renzaoshi.net.cn
arcadia.co.cr
www.xiajiang.gov.cn
www.akrb.cn
www.xssalt.gov.cn
uhvizwuly.bloguez.com
cberlin.de
www.5iao.cn
pvda.nl
armonie.puk.ro
battlefield.info.pl
www.fu35.com
tokyu-land.co.jp
hd.jxwmw.cn
natemac.net
natural-stone.com.cn
17daili.com
lupiewkregoslupie.pl
techblog.yahoo.co.jp
www.bj-dns.net
sellingtosmallbusinesses.com
skypilka.ru
www.lpjggw.cn
chsi.cn
www.yedoo.eu
www.shyyjw.cn
dress.fad3.net
anjce.it
shop72512655.taobao.com
www.xm5c.com
www.4567.com.cn
cio.in
khocongnghe.vn
kmbbs.cn
www.wfyg.org
keiba-keiba.blog.so-net.ne.jp
hy.txzpw.net
wi-fi4free.it
www.kotsu.city.sendai.jp
www.0514yd.com
www.mund.ch
mishakal.com
www.ocn.com.cn
seetv.cc
www.cqdj.cn
weihai.300.cn
zwgttzh.1168.tv
www.yifa33.com
2f.blog.mongenie.com
roc-hosting.info
www.zgzsp.com
luo.net
fairwhale.zqjd.info
www.ay303.com
ouloger.com
tumultinivelenautomatico.com
christine.ac.cn
cts.com.tw
fortlass.wop.ro
ff0.jp
mcywebdesign.com
kino-dom.tv
kastamonu.evden-eve.gen.tr
extreme-vids.net
losenanitosverdes.net
www.22335555.comwww.xmjs.gov.cn
popfashionstore.net
www.xici.net
itcertified.net
hzqc.cc
parazzi.me
teatimexl.taobao.bj.cn
www.jiwai8.com
nvdp.nfdy.net
laipsinaloa.gob.mx
otos.wop.ro
www.cnz.so
pressweb.pl
tavolartegusto.it
www.taoq.net
detacheren.it
yipip.com
boinc-af.org
81yy.org
baijiale08.com
mychatzone.net
www.07mn.com
myfranchise.be
angoya.wop.ro
tamagusi.wop.ro
kertkozmetika.hu
tattoodragon.ru
yeahyoo.com
trackingdownuptimevps.org
mfgjlvgs.blog.mongenie.com
prxk.info
gute-weine.de
hosiduki.wop.ro
googke.com
unmaxsexe.info
www.t38.cc
upepicka.cz
www.gzylw.net
www.zyoue.com
dekoruj.pl
www.siente-racks.com
possa.wop.ro
thcshopduc.tk
j-volga.ru
g4sd.qiwen5.com
www.mlczx.com
tolke.puk.ro
dev.hqyj.com
www.zgfilm.mobi
qa.xywy.com
neisyapsak.com
www.fcwap.net
lqol.net
nosec.org
prenderci.puk.ro
www.casip.ac.cn
www.yfcaishui8.com
hodgepodgegarage.com
xwh.mengzhuzt.com
nomoreraack.com
www.suliaopaishuiban.com
streetviewquiz.com
www.deluxe.ru
www.eveas.nl
hotbollywoodactresspics.com
rentalsitemaker.com
o-s.cn
sdsodif.at.lv
meimu.wop.ro
tcsw.zxq.net
modelpiece.com
hhfyyy.5food.cn
sertum.puk.ro
schoenin.wop.ro
muell.wop.ro
www.441x.com
www.qmabc.cn
688tm.com
www.xhskin.com.tw
waves-baseball.de
860722.org
www.ff22ff.com
kmoji.com
aidadomicile.com
www.inlatplus.lv
iseemm.com
sudu.cn
www.cszhhq.cn
westend.hu
myholiday.com.sa
bbs.cfanclub.net
taobao.netyc.cn
bysharing.com
businesssoft.com
mcro.org
www.synergon.hu
javierbyte.com
www.asqq8.net
www.246kk.com
www.qianhuihuafang.com
gqkj.210000.org
polwyseplipa.pl
www.sumwe.com
www.511plaza.com
www.pingli.gov.cn
martinto.puk.ro
unhasty.puk.ro
salap.ru
www.hwlcmm.com
www.techcover.ro
ourwphost.com
www.lqcz.cn
itao100.com
shop58673695.taobao.com
www.lishi8.com.cn
thepit.ch
comvive.es
www.lszsw.cn
aeskulapp.com
o0l.info
triplecreekberries.com
tw.estedse.orge.pl
www.itdsy.cn
tombola.hu
kikiringo.blog.so-net.ne.jp
airadionet.com
dete.bg
fanqiek.com
epaule.puk.ro
www.hhaavv.com
sakura.press.ne.jp
spongyabob-jatekok.b11.hu
libgd.org
levelupstudio.com
www.yuanjingchen.com
itgoo110.dist.hatea.com.tw
onlineleatherproducts.com
goodreader.net
lotix.ru
royaldesign.se
www.gatt.cn
mikefilsaimevipmastermind.com
pigget.wop.ro
vlsweb.net.br
gigabyte.pt
mtnoticias.net
premiumwordpressthemes.in
emaildiscussions.com
bits-goa.ac.in
lib.de.us
lendmoney.ru
4-h.org
gdb.rferl.org
reacfoci.hu
welovekangal.com
sputnikmusic.com
redbone.puk.ro
www.skatingshop.polkowice.pl
einstieg.com
rajasthantours.net
top111.com
merged.ca
860860.net
undergroundnetmarketing.com
iphone-occasion.fr
qqsong.com|www.shbz.com.cn|foop.tk|nyny.wop.ro|vest.nfdy.net|wwcikvizm.freeblog.hu|www.net-china.net|tlcnevjjt.blog.mongenie.com|ecalelite.com|teishu.wop.ro|edh-ev.de|weitersc.puk.ro|kyanion.puk.ro|suzhou.51chudui.com|malac.linkekneked.hu|www.ok9080.com|pogodba.net|mossig.wop.ro|doctrinaux.puk.ro|zjzkbzjxyxgs.wenju.biz|shoushi001.com|www.shuo5200.com|www.dakeyi.net|zknw.nfdy.net|winemax.org|ypbb.nfdy.net|cyzm.nfdy.net|uvum.nfdy.net|www.essiw.com|883v.k3y3.net|mksn.nfdy.net|www.hnxinke.com.cn|tjfr.nfdy.net|www.ura-akiba.jp|1vagonka.ru|kamila69.a-liveprivates.com|www.808ys.com|boxer-vom-schatzkaestlein.de|luenk.wop.ro|coi0.nfdy.net|gsus.nfdy.net|www.gz-baiyou.com|675t.nfdy.net|news.gpxz.com|www.xunweicn.com|i8ic.lizhidy.net|iwenthungry.org|www.59cn.org|malier.wop.ro|ryuk.265link.com|itaru.wop.ro|cglm.nfdy.net|mkxp.nfdy.net|8923.nfdy.net|argaya.wop.ro|www.hdjiaoyuxinxi.com|www.zgc.gov.cn|www.lanfc.com|fotofrog.net|chrissiecool.deviantart.com|clps.nfdy.net|my-led.cn|www.bizun.net|osyaku.wop.ro|www.07qccg.com|www.rawan.in|nbxhkj.com|www.21shhr.com|qlmrc.net|0pzo.k3y3.net|eizr.nfdy.net|www.zdor.cn|icamtech.net|ilpg.k3y3.net|nvsv.nfdy.net|you.xiaoyoyo.com|rendu.wop.ro|www.dd378.com|aw60sdf.seesaa.net|kj6o.210000.org|6h1122.us|1818kj.com|tsmn.nfdy.net|www.zgjiageng.com|java-admin.iteye.com|octuor.wop.ro|hflz.nfdy.net|ykdljrbnai.blog.mongenie.com|www.iqio.org|kzoufdfkol.hexat.com|spueren.puk.ro|www.yjlfy.com|rffa.org|www.hongfuyuan.com.cn|wvryddzcth.blog.mongenie.com|e379.net|yu2.net.cn|fehg49.deviantart.com|orlate.wop.ro
amo.berbuax.orge.pl
sundancedemo.wordpress.com
oil08.com
goodtricks.net
project1999.org
who-mahler.net
datianxia.net
incub.ro
centernetworks.com
retirementcommunity.com
ycoyacht.com
swingersoaza.pl
wm-help.net
stampsma.puk.ro
convecto.puk.ro
www.qiifu.com
www.hv51.com
xuui.net
jusaozh.info
momdaughterstyle.blogspot.com
pirr.puk.ro
frameip.com
affiloguide.com
se-team.ru
www.130678.com
winestar.at
uuu16.com
tsutida.puk.ro
china-clothing-manufacturer.com
tv.bendiren.cn
internetshkola.blogspot.com
dnstools.ch
htdtwzra.com
dndy.net
riyuutuk.wop.ro
piloh.de
blythedoll.com
bluestoneperennials.com
celebrityfanweb.com
www.spphb.cn
e-vending.ru
udoc.210000.org
brooklyn5and10.com
www.xwodis.com
primebuyersreport.org
www.020rrbw.com
hm.nl
kwoxer.de
94iw.com
ironworksforum.com
paxetbonum.eu
onoi.qiwen5.com
www.3531.com
www.awakeningnetwork.org
www.rtyssy.cc
iblazetv.com
bookmarkingpester.info
myskb.ru
domainpageranks.com
www.chenbawuchenju.com
e-okozukai.com
thesportsmansedge.com
thecheeseshoppeonline.com
olympic.cz
osu.ppy.sh
saudi-acc.com
generalrv.com
powerpay.ca
blackberry.com.my
bjmzj.gov.cn
yc.fccs.com
classicdesignershoes.com
www.pndafa.com
picfront.org
udmr.nfdy.net
adventuremania.ca
jsp-system.com
abc-carpet-delray.blog.hr
zeh.com.br
q1.go2u.cn
alfjxt.blogbus.com
thebingoaffiliates.com
www.ahjd.gov.cn
pressportalonline.com
sd.yuloo.com
seoanaliz.net
www.51txb.com
www.uscnk.cn
cock-torture.info
pannonklima.hu
justwipeit.com
filmpiraten.org
www.32km.com
netneko.jp
focus.ua
www.out.ro
blogspot.com
gnublin.org
hoteldelasletras.com
eepurl.com
www.xxx881.com
hcyzs.cn
tudan.com
ecompressedair.com
jbjs.org
iqianduan.org
tecdoc.de
www.bjcomic.net
inter-networkz.com
avisynth.org
himeters.com
infegaming.hu
speedtoservice.de
austriajob.info
dallo.wop.ro
bbeditextras.org
yoin.deviantart.com
cbu.cnr.cn
domolink.tv
kalauras.it
fearbucks.com
egyfox.com
com-property.com
ncyssw.net
2892186893.phone.searchwww.com
cafesalud.com.co
ywduoying.com.cn
emanando.puk.ro
ucyqysanasudi.de.tl
www.jugang.net
standup.pl
www.cfuxy.com
i.damai.cn
madeeasy.in
nationalmortgagenews.com
giantfuckingleech.tumblr.com
zgmp114.com
lazada.wop.ro
vjvlgwwruu.blog.mongenie.com
dot.al
cerita-panas.co.de
skema-bs.fr
6vl.info
seoindiatechnologies.co.in
www.1580ws.com
mondoblog.se
mietkautionskonto.info
gaige.wop.ro
fabeau.de
samoe-samaya.ru
watertorturecell.info
rockyouads.com
www.lengocthanh.com
viralize.us
www.tangchulou.net
www.bxps.net
xxfshi.78.cn
sportown.cn
tutitippek.hu
face-chat.net
ng-escort.de
www.fahei.net
xinlei-go.taobao.com
www.droomtiners.nl
nc.ddmap.com
www.tyzc.org.cn
karting.fad3.net
kitashirakawa.jp
85ggg-724a.tumblr.com
www.jingjie.net
k-media.pl
tetoraka.wop.ro
decofinder.co.uk
fyme.com.cn
www.123dbc.com
moblized.com
www.hr100.cn
spreuk.wop.ro
www.isegu.com
cabro.wop.ro
dovevate.siegmann.wwwwww.wop.ro
trebwypea.freeforums.org
saman-m.com
www.strc.com.cn
www.weibo8099.com
manzilim.com
der-w.de
www.2mzdh.com
chongw88.com
84aaa-823a.tumblr.com
douga-2ch.net
www.xingyao9.com
mapletowers.com
pic.gmw.cn
www.97mayas.com
artgoldjoias.com.br
bbs.house.inhe.net
olkaba.soup.io
www.zjblq.com
profextreme.ru
rhfw.nfdy.net
www.liuxingbing.cn
am.19188.cn
host5156.com
www.568tao.com
14331960.5sing.com
wikispam.de
sanjose.edu.py
proclub.ru
www.diashow.hu
greattimefortea.deviantart.com
rujiajiudian.soukeba.com
articledashboard.info
www.chuangyupumps.com
seotoolz.nl
www.hnhw.com
lissa.blip.pl
www.chuguo.cn
topnet.org.cn