www.069f.com
www.33dyw.com
www.38767725.com
www.520yzm.com
www.59haose.com
www.755s.cn
www.77szs.com
www.888ao.com
www.919hh.com
www.ante.cc
www.baimao.com
www.cdijs.com
www.chinajuyitang.com
www.chinese-quarter.net
www.cnc-jc.com
www.dapengjixie.com
www.dclinks.cn
www.dlxhe.com
www.dvbkc.net
www.fk444.com
www.fngdsf.cn
www.freewebs.com
www.haoysy.net
www.hbcpqc.com
www.hmz.cn
www.hmzsc.cn
www.hmzsc.net
www.hxdl.com
www.ijiazhe.com
www.ioem.cn
www.jiaoshubi.com
www.jipao.com
www.jnqsjj.gov.cn
www.jusedh.net
www.lmmw365.net
www.meilishuo2.com
www.mmdd11.com
www.nordea.se
www.oaits.com
www.police.zhoushan.gov.cn
www.ppp222.com
www.qqwangminger.com
www.renti.tw
www.seizor.net
www.seodps.com
www.shikoo.com
www.showweb.cn
www.shundehk.com
www.sinala.net
www.skbbs.info
www.sss2222.com
www.telling.cc
www.tsyouxi.cn
www.uk444.com
www.whlyst.com
www.xiaoyoyo.com
www.xiemomeimei.com
www.xsepb.gov.cn
www.xueji.sh.cn
www.xxx3333.com
www.xxx899.com
www.yeyashengjiangji.net
www.yijidaohang.net
www.yiren44.com
yaolai.myzc.cn
yo.tsyouxi.cn
youjizz-823a.tumblr.com
yulin.sxrcw.net
zp6868.b2b.hc360.com
0769himin.com
123feijibei.com
33eee-823a.tumblr.com
4444kk-823a.tumblr.com
56aiav.com
787878qqq.com
84aaa-823a.tumblr.com
altervista.org
android.pchome.net
azap107.33591.com
bbs.007.cq.cn
bbs.007.mx
bbs.85896.com
bbs.pdafans.com
bbs.php.net.cn
bbs.tzi.cn
bhpf.78.cn
bibipe.bloguez.com
bikiyar.net
blog.tkbbs.com
buglers.puk.ro
checi.tieyou.com
cherry365e.jumpingcrab.com
cl.orc.st
club.comment2.news.sohu.com
comment4.news.sina.com.cn
communitywebs.org
cqy5.com
cys8894856.cn.alibaba.com
e-optionet.com
extreme-vids.net
fcfb89.cn.alibaba.com
fixed.software.informer.com
flagbanner.com.au
forum.big.az
fsfe.org
gaysex-porno.com
gbook.521338.info
ggaa.com.cn
google.fr
huplutzqqy.blogdetik.com
jbcx.lcxw.cn
jiaju.cc
jiancai9.com
jrpg.jp
jxt-hc.com
k4919.co.cc
kvigrpbp.blog.mongenie.com
lu.xiaoyoyo.com
mobilerank.jp
moon.bbs.xoyo.com
news.420.cn
news.pptv.com
o52.net
phcc.files.cms-plus.com
poorbank.net
q.quanriai.net
radabg.com
refresh.ro
sf175.net
sivase.freeforums.org
suzhou.baixing.com
szca110.com
tdsho.5d6d.net
tv.hao123.com
u.youku.com
video.soso.com
wdaaktjip.jw.lt
webgarden.com
webgarden.es
webgarden.ro
www.023dy.com
www.0573xuechenet.com
chensd.com
www.anuntpromovat.ro
www.chasaobi.com