acclinal.puk.ro
aalskruik.puk.ro
aaltci.org
aamna-shariff.com
www.shuichan.cc
aanaardi.puk.ro
manga.akihabara.cz
aanboek.puk.ro
accreted.puk.ro
www.artmangallery.com.au
aandraafden.puk.ro
aandreas.digart.pl
aaneenpaste.puk.ro
acentauri.info
aangeplakte.puk.ro
aangescharrelde.puk.ro
ewsite.sg
aankweek.puk.ro
aanlandt.puk.ro
aanmonsteringen.puk.ro
acentr.com.ua
acerenza.info
faxing100.com
achilianu.ro
achilles.puk.ro
acholi.puk.ro
vip.kuaibo.com
aanplak.puk.ro
www.leiyu88.cn
aanroepe.puk.ro
zapiks.com
aanslage.puk.ro
aansluip.puk.ro
aanspeelden.puk.ro
aanstamping.puk.ro
aanvoegi.puk.ro
6666hk.com
aanzitte.puk.ro
7069320051.phone.searchwww.com
aapostro.puk.ro
aardhope.puk.ro
aaron-rodgers-infant-jersey.tpten.com
www.parliament.sa.gov.au
71sou.net
726300.com
aaron-rodgers-jersey-mens.ppepu.com
aaron-rodgers-jersey-womens.ppepu.com
72dpi.cn
aaron-rodgers-nike-jersey-cheap.xtgx.com
aaron-rodgers-premier-jersey.ppepu.com
striempj.puk.ro
aaron-rodgers-super-bowl-jersey.ppepu.com
72pityu.video.xfree.hu
aaron-rodgers-t-shirt-jersey.tpten.com
826a3.tumblr.com
aaron-rodgers-women-s-jersey.ppepu.com
aaron-rodgers-youth-jersey.ppepu.com
942942.cc
942942.in
942942.net
aaronrodgersjersey.zrgh.com
94392.live173.com
barretlee.com
9458.100hg.com
9514.com
953694.co.sonhoo.com
aartssch.puk.ro
95598.yepg.com
9598721.5sing.com
abacvs.org
95ab.com
abadszalokfire.hu
abaenderte.puk.ro
abajt.pl
abalakin.puk.ro
abbeygh.co.uk
960.gs
abby1688.taobao.com
abdollah.puk.ro
9887.cc
989.com
989.la
abekku.puk.ro
98fu.tk
abele.puk.ro
98xn.com
abelmosk.puk.ro
abenyu.puk.ro
9900wap.net
batcafe.com
993998.com
abfallprodukt.puk.ro
999120.net
999276.soufun.com
abfic.com
abflusses.puk.ro
999brain.com
serparchives.com
999giochi.it
abgaberaten.puk.ro
abgas.puk.ro
999sao.info
abgeboge.puk.ro
abgerackert.puk.ro
abgesand.puk.ro
abgesonderterer.puk.ro
abgesprochenes.puk.ro
www.sdjxd.com
abgiessend.puk.ro
abguss.puk.ro
abhagate.net
abhandlungen.puk.ro
abheben.puk.ro
abihud.puk.ro
abipona.puk.ro
abit-tools.com
abjuncti.puk.ro
abkehrendes.puk.ro
ablative.puk.ro
ablog.ro
abbb.ru
abolirais.puk.ro
abolito.puk.ro
abonnent.puk.ro
abbigliero.puk.ro
abboiler.com
abonwa.puk.ro
abbracciai.puk.ro
abooklink.com
abbrunar.puk.ro
abordant.puk.ro
aborning.puk.ro
abortionreview.org
abosi.puk.ro
abdiqueront.puk.ro
abattrais.puk.ro
socss.com
aboundin.puk.ro
aboutcrystalhealing.com
afgevare.puk.ro
aboutincest.com
aboutwebsite.com
abowow.com
afghantube.com
abrackerndes.puk.ro
afgordden.puk.ro
afgristen.puk.ro
abrahams.puk.ro
abreissk.puk.ro
afhoog.puk.ro
afincadamente.puk.ro
afkant.puk.ro
afklimme.puk.ro
abreisst.puk.ro
afklom.puk.ro
abren.com.pl
abreuvoi.puk.ro
afknakten.puk.ro
afknevelt.puk.ro
absatzer.puk.ro
afkode.puk.ro
abschiede.puk.ro
afkrabt.puk.ro
abschliessendem.puk.ro
abseilende.puk.ro
absencethemovie.com
afkronkelt.puk.ro
afkuierd.puk.ro
aflangen.puk.ro
absente.puk.ro
afleer.puk.ro
absforums.com
absoluterproductions.com
absolutes.puk.ro
aflijn.puk.ro
absplitterndes.puk.ro
abspruen.puk.ro
abstiendrais.puk.ro
abstoppenden.puk.ro
afloramiento.puk.ro
aflujo.puk.ro
afotec.puk.ro
afpraat.puk.ro
absvolt.puk.ro
aburagam.puk.ro
abuse.puk.ro
afreedt.puk.ro
akflatland.no
hi.baidu.com
vip.755.com
efind.com
www.veryhuo.com
711crew.org
71ch.cn
abusief.puk.ro
abwischt.puk.ro
abyltnphf.blog.mongenie.com
71j.cn
kollymovie.com
abzug.puk.ro
abzuholen.puk.ro
abzuloesen.puk.ro
abzutrocknen.puk.ro
ac-poitiers.fr
ac.com.pl
sidmailserver102.info
ac.pconline.com.cn
acacia.puk.ro
acadamey.puk.ro
94seav.net
academe.puk.ro
academicwritingtips.org
frankfurter-leseeule.de
96398.taobao.com
acalyptr.puk.ro
acanthio.puk.ro
acastillada.puk.ro
acatist.ro
acbhcs.org
rn-wissen.de
acboo.com
accables.puk.ro
accamaterial.com
accede.puk.ro
accenture.com
accidentalweblog.org
accioba.org
acclaima.puk.ro
accoucho.puk.ro
99dv.net
99k.org
99k88.com
account.weibo.com
99m.cc
accroides.puk.ro
accrut.puk.ro
99name.net
psgui.com
acculiez.puk.ro
99pf.78.cn
99szs.co
a-thera.com
a.fmx.cn
a.mobantianxia.cn
ace.nsw.gov.au
a.xsgdh.com
a.xx52se.com
a00daveskyler.a-lsawards.com
www.97ribi.info
a00firebangers.a-livesexasian.com
a8e301.wooee.net
a9a9a9a9.taobao.com
aaabillsremovalists.com.au
aching.puk.ro
aaadaemonscrewsplayground.com
aaadelhi.org
achromatopsy.puk.ro
admin.ev123.com