canadagooseoutletstores.com
hupan.net
canonical.com
cao.oo.fi
caob.5sai.net
caoliu.me
caoliu522.pen.io
captainalbatross.nl
juancong.com
captivatemail.com.au
car-carpet-mold.blog.hr
car.jiage.cc
carambol.ro
careers.compass-group.com.au
careerzine.jp
caribbeanmecca.com
carlbrandon.org
carmela.us
carolepope.com
carptigers.at
carrufo.it
carsv.cn
cartoon-gal.deviantart.com
carvenus.com
casa.acasa.ro
casagargiulo.it
casbahlisted.huijucn.com
casino-code-deposit-instant-no934.bravesites.com
catalogr.ru
cb6.cc
cbcb8.net
cbeex.cbex.com.cn
cc-tinho.gicp.net
ccaiai.tk
ccj255115.taozfu.com
ccl2011-cq.match.chinago.cn
ccrt.com
ccshuang.rfjpp.com
cctaa-wx.cn
cctv13.cntv.cn
cctv9.cntv.cn
cctvc.5d6d.net
cctvxf.com
ccut.tk
cd.120job.cn
cd.beidazibo.com
cd.edulife.com.cn
cdcn.78.cn
cdegree.net
cdemocratics.com
cdgalaxis.hu
cdlyw.cn
cdmfoto.deviantart.com
cdsqingyq.jinnong.cc
cdzdyey.cn
ceas.cc
cedu.com
cehuan.com
cenatic.es
censasyntyo.blogger.hu
centennialsecondaryschool.webs.com
centrumwspolpracy.org.pl
ceo5588.com
ceritaspros.com
cf.135cf.com
cf163.com
cfm174721.taozfu.com
cfqn.com.cn
cfreewireless.org
cfxbqxqv.freeblog.hu
cg.gzcz.gov.cn
cgi.jomon.ne.jp
cgulbenkian.com
chakakhan.com
chalg.com
chamsocsausinh.com
0000ac.net
changba.kuwo.cn
changchun.ucar.cn
changdao.familydoctor.com.cn
changewin.blogbus.com
eqliborgmm.blogtrue.com
changingmaya.com.au
changtu.huoche.com.cn
eqwlrqezi.blog.mongenie.com
eravi.org
channelnine.ninemsn.com.au
chaochui8.com
erenwu.com
chaochui9.com
chaojiyisheng.cc
chaoku.sinaapp.com
chapleausnowmobilers.net
charteris.com
chat.lwtv.net
chato3-cham.blog.so-net.ne.jp
ericlu.me
chatzemuisig.ch
test.zsy.cn
chaussuresniketn.wikispaces.com
che6ng.net
ericprogram.com
cheap-iphone4.org
ericulous.com
cheapviagradeal.com
erinscloset.net
cheatersfullepisodesjgl.wordpress.com
ernet.in
ernst-kolbe.de
ero-search.de
cheche29.a-maturescam.com
chechuang.sdthsk.net
check.xiafeibaby.cn
checkgooglepr.com
checkwebsiteranking.com
checkwebvalue.com
cheerall.com
cheesybug.org.uk
chelsea.co
chelywright-wishmeaway-fullmovie.blogspot.co.nz
auto.jschina.com.cn
auto.ly169.cn
chemodan.com.ua
chencb.taobao.com
chengde.h2h.cn
chengdu.100che.cn
chengducc.net
chenglin007.b2b.youboy.com
www.semmdh.info
chengxin528.com
chenle.net
chenruinet.com
chenxl.blog.edu.cn
cherifsoccer.net
cheyenne.cn
chgeek.com
chicagofreakfest.com
chilldir.com
china-buildingmaterials.com
china.cat.com
china0744.com
china282.com
china3e.cn
chinachina.net
chinaip.com.cn
erikanderica.org
chinasigns.cn
chizunoko.blog.so-net.ne.jp
chla.com.cn
chomaynenkhi.vn
balfourconcord.com
ballarat.edu.au
bbs.wufengr.cn
chongsoft.com
bbs.wutaizhuang.net
chongwu.huai.cc
bbs.xingtai.net
bbs.xml.org.cn
bbs.xuanse.net
bbs.xznu.org
bbs.yoth.net
chopdong.net
chopperclubbern.ch
bbs.ywcec.com
bbs.zbgl.net
chothuenhadep.net
bbs.zcwy.cc
bbs.zgfc.net
bbs.zhiyin.cn
chouwazi.com
bbs.zm7.cn
bbs49.net
bcsgun.com
christiandengel.de
bcz49.com
bdb.jiangxuezhi.org
bdfafbrv.freeblog.hu
bdqz.55.la
beaconwealthmanagement.com
christianhmongfellowship.org
beagyazottrendszer.lap.hu
beamnote.com
bearbeer.de
beareyes.com.cn
beartrack.blog.so-net.ne.jp
chsl.webs.com
beast.caboo.se
beasts-of-the-southern-wild-online.blogspot.ch
beasts-of-the-southern-wild-online.blogspot.sk
beatbuzz.nl
chunqiu78.5food.cn
beaufort.vic.au
beautifulsin.net
beautist.info
beauty.138edu.com
chunqiujueyu.fyfz.cn
beauty.deviantart.com
beautyezy.com
bebisziget.hu
bed-and-breakfasts-in-belfast.blog.hr
chunseju.info
bedayaa.webs.com
bedpp.com
beely123.com
chunxin8.com
beeminder.com
behindthematrix.de
chushi.hnprxx.com
beidake8.com
beifangfaxue.fyfz.cn
beihai.bbs.house.sina.com.cn
beihai114.net
chuyenphatnhanhqt.com.vn
beijg.in
beijing.usembassy-china.org.cn
beijingmeidi.com
beimiyigou.com
chuyenphatnhanhquocte.net.vn
chyrp.net
cia.org.cn
beiyu.fyfz.cn
bellatrix-fans.deviantart.com
bemreview.com
beneva.ro
ciein.com
cielsasukekamui.a-thera.jp
benfford.com
benhgout.khoemoingay.com
bennevis.waw.pl
benxi.liebiao.com
bergisches-land-fotografie.de
berlin-seo.com
cigarettes.typepad.com
berryonline.cn
best-compact-digital-camera-wi.blog.hr
best-lawyer-in-atlanta-for-pro.blog.hr
best-prepaid-cell-phone-plans.com
ciid.com.cn
best-way-to-clean-a-shower.blog.hr
best85.com
bestdealsthatwork.info
bestdong.cn
cinefamily.org
cippic.ca
circolosanmartino.it
circumtags.com
citec.cc
citerra.narod.ru
citrixonline.com
citrus.raindrop.jp
city-bus-city.com
cityhunter.com.au
cityu.edu.hk
civilizedwarswords.info
cjaryuviyh.skynetblogs.be
cjol.com
cjp1509.atobo.com.cn
cjuez.co.cc
bestelvis.com
bestmoban.com
bestonlinebuys.net
bestpagerank.info
ck520.100hg.com
bestseocheck.com
bestsitevalue.com
ckax.net
bestwebspaces.com
beta.indiepaper.com
betmanager.ru
betting-portal.net
cl8.cc
betvan.com
bf.yzz.cn
bfbhp.com
bfcec.com.cn
bfizffok.blog.mongenie.com
bfjk.cn
claflinkansas.com
bfvyfhaldq.blogger.hu
bgt.gb-china.cn
bgzjw.com
claremanson.deviantart.com
bhh.s.yxgz.cn
bhp253938.taozfu.com
bhqb.net
clarohd.com.br
bianjian.org
biblebaptistportorange.com
bibleblackepisodesbqe.wordpress.com
classifiedreal.com
claudia901.winblog.ro
clausstahl.nl
claypoolseth.tigblog.org
cld17.com
cleanglobe.com.tr
clearskin-us.com
clemenceg.typepad.com
adminunion.com
clgx.35free.net
biblioklept.org
bidla-buh.de
clickfordietfood.com
big-y.blog.so-net.ne.jp
bigasslover22.tumblr.com
climate-trading.ru
bigbadcity.com.ar
bigpondtickets.showbiz.com.au
climateroofing.com.au
bigsound.org
clip-share.com
bijia123.cn
bilig.cn
billdear.com
billing.goo.ne.jp
bilyboxerfady.cz
binger-bao.info
clll.com.cn
bingoblitzers.webs.com
bingxiang.biz
binhduongbds.com
clonaig.com.au
binhoster.com
clouderen.tigblog.org
bio.szu.edu.cn
bionet.vn
cloudtrip.com
biquyetlamsach.com
birdfarm.net
clown-und-roemer.de
birthday.presentidea.org
bistro-set-outdoor-furniture.blog.hr
biteyw.taobao.com
bitworking.org
clowncito.se
biyimeifang.taobao.com
bizinformation.com.my
clsp.jhu.edu
bizmac.net
biztosbefektetes.hu
bizybuilder.com
clsq.net84.net
bj.h2h.cn
bj.onlinedown.net
bja.gov
bjbdcxf.78.cn
bjcenter.crtvu.cn
club.cnodejs.org
bjcy.78.cn
club.hmz.cn
bjdl.jianzhanzhe.ws
bjjtw.com
club.jj.cn
bjltly.com
bjmcy.com
bjp110.com
clyz.cn
bjszjx.c.yxgz.cn
bjtdyz.com
bjwy.3456.tv
bjzcy.66law.cn
bk.com.vn
bk.pps.tv
cmbc.joycp.net
cmccwlan.spgw.cn
bkevine.net
bkpnk089.blogsport.de
bl-portal.de
cmidhyildmgze.blogtrue.com
bl.pazis.net
black-and-green.de
blackabyss-manga.webs.com
blackglass-coffeetable.co.uk
blackmagic10.it
blast.ncbi.nlm.nih.gov
blayney.yourguide.com.au
cmpoisrz.blogger.hu
bligg.co.cc
cmsc.edu.bd
cn-zjj.com
cn.fmcchina.com.cn
cn10010.ws
cncn.com
bllqczle.blog.mongenie.com
cnfxopen.com
blockemovietheaterejo.wordpress.com
blog-mamakulo.blog.so-net.ne.jp
cnidcs.net
blog.007.cq.cn
cnkong.taobao.com
blog.1181.cc
cnota.cn
blog.buy.at
blog.check24.de
blog.cnqfc.com.cn
blog.cnss.cn
blog.developers.api.sina.com.cn
cnporter.com
blog.elle.fr
blog.heiguang.com
dzony.soup.io
cnrny.org
blog.mooa.moo.jp
blog.mypop.jp
blog.nguoiaolam.net
blog.pacificlegal.org
cnsnews.com
blog.seopk.net
blog.sina.com.cn
blog.sliderweb.ru
cnyw.net
blog.voce.ro
blogdetik.com
coalharbournhc.com
blogdeunapyme.com
blogg.se
bloggerviet.com
blogktv.net
blognacyc.xtgem.com
blognaz.com
coastalorganizingsolutions.com
blogs.com
blogs.ejb.cc
blogs.guardian.co.uk
blogs.kidspot.com.au
coastertour.nl
blogs.news.com.au
blogseoref.com
blogshells.com
blogshopr.com
blogsoft.no
blogsome.com
blogspot.com
coconutlanevillas.com
codeflow.org
codeforces.ru
268988.com
codeine-shop.net
blogspot.de
codelesbian.tumblr.com
codeproject.com
coffee.fad3.net
coffeela.gameclub.tw
coffsharbour.yourguide.com.au
blogutils.net
bloklists.blog.com
cognito.net.au
bloodfestival.livedoor.biz
bloomspot.cn
blue-st.net
bluegulf.7190.cc
bluemountains.yourguide.com.au
coinombrab.freeforums.org
bluffcreektri.com
cold10.com
blug.asn.au
bm.aybm.cn
bm029.com
bmegckwhl.blogger.hu
bmjing.sinaapp.com
bmwcarparts.nl
emoney.cn
bmwyulecheng.com
bn-business.info
bname.ru
bngjspdiea.blogger.hu
board.iamlights.com
boayuan.com
bobo.401ai.net
bobo.434pp.net
bodybuildingpro.com
bohandn.com
bokuchan.blog.so-net.ne.jp
bomoart.hu
boneeater.info
bonesofourancestors.com
bonesseason4episodeguidegkul.wordpress.com
bongbongcommon.org.au
bonkaceleb.pornrox.com
book.hmz.cn
book.mynavi.jp
bookan.com.cn
bookbuy8.com
bookmarkingmosquito.info
bookscorpion.deviantart.com
bookwm.tk
boorman.us
boozt.com
mangguo.org
borda.qip.ru
atehenmei.com
bortunolteanu.ro
bosch-home.com.vn
bosiyu.com
bossphoto.ch
bostondurgabari.com
botanika.sk
botian268.cn.alibaba.com
boulder.me
boulevarddrivein.com
box.0916.tv
boxhillunited.com.au
boxhillvietnam.edu.vn
boyi.nzw.cn
bozhounet.cn
bpmstudios.com
bqfhwzyk.freeblog.hu
bqgh.net
bqspa.cn
bqspa.com.cn
bqspa.wqghsj.com
bradleyassociates.info
brainjobs.ro
braklapsiper.blogger.hu
bramleyblinds.co.uk
branchcut.com
brandingarc.com
brandproducts.tk
branschkoll.idg.se
brasovultau.ro
brasted.co.uk
bravejournal.com
brays59377.huijucn.com
braziliantouch.com.au
brechthouben.be
brigrugbyleague.co.uk
brilliant-group.ru
brilloldies.com
brisbane.craigslist.com.au
britishcurlies.co.uk
brojoey.com
bronsoncoc.com
brooksbusinesssystems.net
bruce-music.com
brynnharris.net
bsg-fortuna.de
bsonposh.com
bsqjc.78.cn
bsvzezpw.blog.mongenie.com
btbsse.com
btmaster.cn
btqueue.sourceforge.net
btwjc.78.cn
buckeyeplanet.net
bud-man9.webs.com
bude-quendorf.de
budo-karate.com
budownictwo.dyk.pl
buffymaniac.it
bugdi.com
bujisongshui.com
bukmarkit.com