www.hbmthy.com
afrost.puk.ro
phongkhamnamkhoa.vn
f835.cc
www.hengde.com.cn
emol.com
afgedane.puk.ro
bidian.net
www.by1tt.cn
wg1e1hda49.b2b.hc360.com
kau.edu.sa
guangzhou.wshu.info
tool.med660.com
www.28la.cn
tribe.net
r6ad.lizhidy.net
www.mundoanuncio.cl
sazla.com
www.1008888888.com
manga.akihabara.cz
uggbootsclearancex.com
www.5jxsj.com
abgaberaten.puk.ro
www.wwf.org.au
www.bb520.tk
www.veryhuo.com
bullet.blox.pl
atrico.hamazo.tv
transparentwebsite.com
deyang.66law.cn
megashare.vn
i9yt.k3y3.net
aaron-rodgers-t-shirt-jersey.tpten.com
bexinh.dantri.com.vn
mjc-andre.org
51xuebi.com
godful.wop.ro
www.xtmy.cn
0902muzapar.33591.com
subtiliz.puk.ro
72avreceiver.7wx.info
www.ppp97.com
sqgl.nfdy.net
news.samba.org
wwv.188vod.net
lxseouavot.blog.mongenie.com
mskj.net
mudtrack.wop.ro
yunomi.puk.ro
jiancai9.com
nestandartno.ru
www.iowa.gov
www.freebackgroundweb.com
people.uncw.edu
vurv.nfdy.net
www.datui.tk
frenchfriend.cn
1.com
waofm.com
irarse.wop.ro
dali.87bz.com
seizor.net
goodreads.com
483y.k3y3.net
kerala-malayalam.com
gezy.nfdy.net
liaoning.ucar.cn
www.binglidan.net
radabg.com
polarice.com.au
zgwt.k3y3.net
www.cndatas.com
postcount.net