uchicagokidshospital.org
lj.taofang.com
com-net-com.de
addsitesdirectory.com
casadei.com
www.freeport.cz
swoofe.ru
get-licensed.co.uk
fhconex.com
chinacomix.com
shop.zjr.net.cn
www.sao82.com
byq.digart.pl
redstars.theoffside.com
eshop.beck.cz
dinamize.com.br
avrion.co.uk
01hu.net
anz.co.nz
jxdj.cn
chubbyland.com
234dy.net
uaddit.com
m.365jia.cn
xf120.com.cn
dj-nation.pl
olkapazurki.pinger.pl
ligapadelmadrid.com
krasnogorsk.info
noncarbonated.puk.ro
dafanli.net
www.louruo.com
tviv.org
newnaracass.blogspot.com
dai01.info
baby-welt.net
netmailer.pl
alazhr.org
www.caobibi.info
bm.2cs.so
deverde.elandbnb.tw
www.wchcz.cn
kalapars.ir
diamond-dollar.com
www.gzwsasa.com
sous.wop.ro
qqomg.com
musicals.nl
221228.com
www.pichny.cz
11xxxx.dasemao.info
great-forest.com
www.nccsum.org
arqespqrx.blogger.hu
aecid.es
makelovenotporn.com
kinder.digart.pl
bso.at.webry.info
firmendatenbanken.de
www.maxina.cn
rrf.com.cn
gbweb.de
20101.223355.info
www.mnd.cz
upreard.puk.ro
bodyimagesbvi.com
xixidieyuan.com
ztg.so
ancrerait.puk.ro
www.smi.pl
oyajiclub.hamazo.tv
www.merida.cz
eatdrinkhoboken.com
www.sexdochter.nl
www.bilesuvar.az
schoolexpress.com
babyvideo.tv
www.cbttravel.cz
gmu.edu
xbsyzmz.78.cn
projektujikupuj.pl
funatiq.com
www.mpeisa.com
hisup.com
www.inzerujes.cz
liuhe.tv
zhml.nfdy.net
onebookmarkstep.info
suikerga.wop.ro
deutsche-rechtschreibung.org
hiltonhead.com
kango.mynavi.jp
loombo.pm
carhopp.info
3gwoo.hdt.net.cn
350922.fjsnw.cn
frametoy.com
vectro.com
socialbookmarkingicons.info
govd.com
itstartswith.com
zisu.org
www.776dd.com
hwxn.210000.org
www.dolghi.sk
zaphon.wop.ro
51yyzc.com
discoverychannel.co.in
nobius.ru
bereitun.mastopar.henreki.wwwwww.wop.ro
vireporter.net
alb.kz
www.irlv.cn
www.difficult.com.cn
affilieront.wop.ro
bwap.4vx.cn
euforia.com
feet-eet-eet.tumblr.com
techbuzzonline.com
tj.zhidian12.com
aimc.es
newprdirectory.info
www.rakuteneagles.jp
fanali.puk.ro
optionsbinaires.info
wan.duba.net
xnhr.info
uanl.mx
www.ebee.cz
cd-dl.co.uk
www.11tp.net
lzmiss.mm111.net
acnedirectory.info
www.nivea.cz
acs.pl
fallowne.puk.ro
embassies.gov.il
agakolo.flog.pl
motilo.wop.ro
mentaurus.de
alittlenosh.net
gonic.info
www.yumofang.com
www.463eee.com
mmatycoon.info
itis.gov
deniscadet.com
www.255nn.com
gymlondon.org
dejoie.puk.ro
humyai37.info
ckm.hu
askalo.info
udro.org.ir
goodsarticles.info
www.koukey.cz
cimlap.info
businessdirectory.pk
jel-lej.dk
stopatom.cba.pl
benzinklub.hu
fenner-family.de
leshan.bbs.house.sina.com.cn
junetz.de
computerhaven.info
ecreeds.info
avocat.puk.ro
acerenza.info
individualki.cc
effent.wop.ro
jobdescriptions.net
www.rosebud.cz
servindi.org
jiensc.78.cn
slepp.ca
mediamarkt.at
www.mechulka.cz
iwi997.wrzuta.pl
macartevirtuelle.fr
hyty7190cc.7190.cc
premabebe.fr
euskaltel.es
3m-water.net
viteunerecette.ca
www.laigouwu8.com
yh6m.qiwen5.com
www.zerobarvy.cz
blog.3czhidao.com
www.itservisbrno.cz
www.519.gov.cn
lib.ge
www.ysp.gov.cn
savonnerai.wop.ro
91longzhan.co.cc
rdir.de
madagascarfullmovie.blogspot.in
33d9.cn
www.asus.cz
laralovato.hyves.nl
zhuishu.com
dextroca.wop.ro
blogvertiser.se
www.xiuxiuw.com
moneybumper.com
efe.cl
scutum.jp
www.7xise.com
www.ekoconex.cz
guoyaofang.com
lixiaoqi.com
www.rnews.be
ph.ncjxj.com
ruizinen.wop.ro
tama.ir
unicom-demos.info
nvidia.fr
4499xyx.com
www.kctdk.cz
design-joomla.de
trading-online-forex.com
www.ywqmall.com
der-hausinspektor.de
dgwencheng1.sm160.com
hrb.digart.pl
rfgs.de
antwerpen.goedbegin.nl
a-body7.com
mgjm.nfdy.net
ifmr.co.in
www.qqhead.com
rose03.digart.pl
malecelebrities.com
bodacrisyjavi.com
evita.fmix.pl
felicito.wop.ro
www.11121.com.cn
bright.lv
goalposts.puk.ro
josi.ro
www.holkar.cz
maara.digart.pl
400616.com
founder.wop.ro
bulevoador.com.br
78cn.78.cn
winx-is-magic.webs.com
www.zhaolong.co
sunnyportal.de
fuss.bz.it
www.kralupy.cz
arcador.puk.ro
homophenous.wop.ro
ylywt.com
www.sexgs.net
bildung-news.com
csaladimokavar.hu
ljfw.com.cn
kavoshco.ir
www.301yyghpt.com
atstsd.com
musicteachershelper.com
www.blansko.cz
ease.semanticweb.org
comprire.wop.ro
bbs.wwtx.cn
feestwinkel-zoutelande.istats.nl
enquiro.com
femvincles.org
maryseouellet.info
followerhub.com
coolblades.co.uk
oxycellu.wop.ro
www.youhry.cz
fanshawec.on.ca
1616.net
irnlcgrw.blogger.hu
111cn.net
13007429722.agent.pa18.com
hit-exchange.org
i-q.com.tw
ercis.ro
raya.com
tools.store.ro
acquariofiliaitalia.it
bardon.edu.pl
0779.1775.cn
dampftest.puk.ro
sexka.sk
articlesrange.com
icio.de
nachbuh.ru
www.tenxx.com
usemynet.info
8.951n.cn
squeem.net
www.1356net.com
aap.digart.pl
direct-shoes.pl
alive77.cn
www.tmhw.cn
kadinca.org
gamed.info
aukffmmvkt.freeblog.hu
aproland.hu
www.zuanchuang5.com
ger1.co.cc
albonico.ch
2drool4.tumblr.com
www.mcms.cz
wikiprint.ru
newmediahost.com.br
frankfortballet.com
www.readxiaoshuo.com
www.lerros.cz
anaokullu.com
ask-austriko.deviantart.com
strippe.puk.ro
bitefight.pl
remontblizko.ru
ikemachi.hamazo.tv
generatorland.com
adobe.com
www.025jianzhu.com
www.owww.cz
urlzy.com
f.epe.at
66.138ap.com
mp3downloadsforchristianmusic.info
nobilis.com.pl
sdqgq.1168.tv
frenchlines.com
hazydaze.net
vergleich.info
www.luhacovice.cz
ehamza.com
wulitang.com
celticguitarmusic.com
fun.be
web.chinahaw.net
szybkajazda.pl
prosigno.de
golfspain.com
ooat.puk.ro
wangyi.com
acikgazete.com
www.xchat.cz
cc.pcauto.com.cn
amerylisz.deviantart.com
hygxjy.com
007gzzt.info
81tao.com.nu
cn.vc
antenna-theory.com
sodrofa.co.hu
flaghouse.com
www.hxjixie.com|www.138fp.com|www.zbrock.com.cn|eweisa.com|wamsutta.com|kaohsiung.wop.ro|piknclik.com.au|qjfp.nfdy.net|snzfj.net|ualberth.com|1377.cc|embedtrain.org|webjiankong.com|kioupedir.com|www.laganxiangbao.com|9incfreakdoll.a-maturescam.com|www.q8dy.com|www.gesangweb.com|www.chuigejahu.com|www.shopbila.com|elcogbe.bloguez.com|bbs.dycars.net|www.zixuegolf.com|www.txyjhs8.com|qmlandqj.co.sonhoo.com|www.xiangyangba.com|headstart.org|www.smm18.com|www.0710-zy.com|www.wuyuetv.com|www.shszc.com|400banjia.org|marketing1to1.com|www.ifen8.com|www.babaw.com|www.shangri-la.cn|cekrank.com|www.gaobeigao.org|www.2tse.com|7898989.com|usidolonline.com|www.sajiye.org|www.hhscpf.com|kielhalen.puk.ro|bytow.pl|13866888.com|mocaestudio.com|www.987dd.com|www.qg-knives.com|www.qitvw.com|www.sungening.com|www.btv.cz|www.ddd27.com|www.mbtbazaar.com|www.7898989.com|www.milangou.com|schumannsflyfishkitco.com|www.zhongguo315.com|limobuzz.com|bempoltesa.com|uksexclub.co.uk|www.zhongkangyaoye315.com|www.yjlfy.com|qdjimo.com|mysistersplaceny.org|www.kmboo.com|news.gpxz.com|www.xiyan.org|88848085.cn|qmif.nfdy.net|deannasfamily.com|www.baimao.com|www.tszly315.com|bbs.1861.com.cn|encombreras.puk.ro|www.happysky.org|www.dxct168.com|dookmarks.com|altervista.org|www.4006848085.com|orangecta.org|zg38.nfdy.net|www.268ys.com|www.cntianxin.com|inec.gov.ec|scgov.org|globalogiq.com|csyllh.28mmw.com|hocico.wop.ro|blinky.co.nz
www.0459jcw.com
millosev.wop.ro
monkeylinks.info
llb6k.info
92dj.cn
geeksonaplane.com
gebiechteter.wop.ro
qingshu.hostyd.com
rac.rakuten.co.jp
20yearlater.info
www.laxus.cz
autostat.hu
benalto.com
www.zhetengwang.com
lifetree.com
balises.info
souria.com
katalonczyk9.wrzuta.pl
up-with.com
swzl.cqnews.net
sina.lt
dina.ee
www.ys.cz
49cao.cn
www.586jz.com
axxiommfg.com
123smileok.com
bedienpu.puk.ro
dmaasafety.com
bladerdeeg.wop.ro
cpwz.hk
blog.edudi.pl
ver-series-online.com
www.ctfcw.cn
kolaczyce.itl.pl
germaniz.puk.ro
bestged.info
whatareunlockedgsmph.3ji.info
www.rififi.cz
hernia.org
gedrenkt.puk.ro
girlsbusty.com
nd7.ru
galaxy.com.pk
www.senub.cz
avcesar.com
thomasbatcom.prv.pl
geographicguide.com
gamernews.hp2.jp
ofuxicorenascer.wordpress.com
www.134cpc.in
am0752.cn
forumboards.info
www.lermo.cz
www.gypce.cz
977zy.net
breastcancer.baike.com
asia.lk
www.9220.cc
lynkz.de
jacekgram.wrzuta.pl
88.6h20.com
blu.fm
business-angels.de
autonewsupdate.info
ausmuste.puk.ro
forlegninger.puk.ro
dj.khodj.com
freiburg.de
www.vrsar.cz
abbs.com.cn
frontrunnerstrack06.com
212.ru
sosdoudouetmoi.com
arcadegames.gr
fngzpguu.blog.cz
www.epk.cz
xl-dollar.com
campionplatt.com
futbolclubcantabria.blogspot.com
my-daughter-alisa.com
www.czsswl.cn
weeklyvolcano.com
viborg-esport.dk
contre-pied.blog.lemonde.fr
linkbuildingspot.info
www.melnik.cz
cydcb.78.cn
kilner.puk.ro
66ririse.com
k12.la.us
accidentalweblog.org
www.mpndd.com
matthies.de
ellcchoicehomes.org.uk
emploie-moi.fr
kata1.xfree.hu
xugkari.com
ragegenerator.com
www.mushermedia.cz
www.wngc.icoc.cn
combatace.com
ch3nutrigenomics.com
ariesinnovations.com
easter-eggs.org.uk
fast-contact.com
lovely-cooky.a-thera.jp
chinab4c.com
www.digineff.cz
jobiran.com
linkcare.net
directorage.com
5plus.blog.so-net.ne.jp
webstores.ch
finep-capital.com
globalbuy.com.br
zomsn.com
advocatefordogs.org
feuillue.wop.ro
www.grego.cz
ipnews.com.br
betoppatches.com
bwebhostings.com
lechenieslovom.ru
31dc.com
cardwall.co.uk
whymusicmatters.org
01qvod.cc
avi.co.za
www.sgo.cz
regain-japan.jp
box.az
austinrentall.com
relevons.puk.ro
monolake.de
playtv.fr
cunard.co.uk
combusto.wop.ro
discomor.wop.ro
www.carena.cz
e-commerce-hamburg.de
ieselect.com
antec.com
foundmyspot.com
nttd-aurora.com
gerincserult.lap.hu
prensamundo.com
maringuiden.se
lake.wop.ro
aiesec-tandil.org.ar
k-cosme.jp
www.bed.cz
worldcasa.it
idc.name
bantcool.com
michaeljacksonscode.webs.com
hatedesi.com
funeral-urn.com
ani-cole.blogspot.com
23ky.com
handjobsalon.com
hunnybunnie.com
mailto.no
588nba.com
online8pools.info
hnldxbao.freeblog.hu
eurotv.com
taoismo.org.br
023.qeo.cn
upspace.org
www.869v.com
overpro.ru
malobiusciaste.prv.pl
gordonsv.wop.ro
ramonaskinsuccess.com
locals.wop.ro
knaakland.nl
315aigo.com
www.wx1.cn
alamout.net
popcornjs.org
wassit.info
milichiidae.info
onenoter.com
1ces.265link.com
455.cc
smxjfzz.com
freebacklink.ir
heart-c.jp
hoyt.wop.ro
assist247.co.za
jwnmedia.com
garapon.tv
dynanet.pl
mayhem.net
hatankala.co.il
kokos.pl
www.dy12.net
guihuaxiang.com
camfrogmotel.com
hentaitoplist.org
100web2.it
getyourbonusgifts.com
ifos.k3y3.net
filmxxx8.info
24portal.pl
dodoostdl42.tk
milavia.net
jitianxia.taobao.com
www.dzlianxin.com
szgjj.gov.cn
anncryer.com
maigo.jp
qixian.elandbnb.tw
hs.kuche.com
gayporniphone.net
bhs.net
broadwayacrossamerica.com
szybkooferty.pl
multivarochka.ru
czo.pl
330111.com
dxtcn.com
cxjyxx.me
crinose.wop.ro
tech-magneta.com
www.promateje.cz
punk-radio.de
domaincrunchers.com
capriceerotic.com
3ndme.digart.pl
alpineproperty.com
registronacional.com
kemenperin.go.id
linkseek.info
cyberteen-tgp.com
www.hzslk.cz