taotu8.net
www.01899.info
aangelonearthx.a-livesexasian.com
www.fx520.com
miaoshawang.net
www.xxx668.com
www.301yyghpt.com
kambourov.com
www.se128.com
www.htys.cc
texmedinfo.com
frominternet.ru
s.xs8.cn
weviokorea.com
gewe.puk.ro
postmap.org
apnartv.com
poker500.net
vdelte.com.ua
www.xinzhan8.info
99fund.com
highpulserakeback.info
autopalyamatrica.ws
mediabadger.com
tamatekk.puk.ro
faifesta.it
dpsyy.com
extremejobs.ca
dishtamilonline.com
buenosaires.gov.ar
www.21led.net.cn
sss-online-inquiry.com
chelo.puk.ro
ignitephoenix.com
fukugour.wop.ro
couchwives.de
medizin-forum.de
internetmarketingzoom.com
www.8475.com.cn
facerollsyndicate.com
iytw.nfdy.net
mlm-volga.com
byshang.cn
ll0.eu
veilleinfotourisme.fr
1001pneus.fr
073.cc
punggol.sg
www.comseocn.com
infantri.puk.ro
www.6668000.com
www.soucke.com
qtwm.com
jblove.net
www.ebo5.com
hiltonhhonors.com
www.hblry.com
superyachtnews.com
sartorit.wop.ro
ab.gr
dissentere.puk.ro
www.yunmenyifang.com
autoregis.ru
zoozabota.ru
tehran-musiiic.rozblog.com
bestemailservicesz.info
centurion.bb
danslararen.blogspot.com
uni-blog.info
www.copycon.pl
xinsanjiao.com
yourstats.net
illa.wop.ro
std-gov.org
ikarus.net
vivyxprinting.com
qmthtbehyv.blogdetik.com
sy.78.cn
www.jelc.or.jp
humyai9.info
k9un.210000.org
banggia.ssi.com.vn
rz-sd.cninfo.net
euratex.eu
frantumata.wop.ro
chinapoesy.com
enviado.com.mx
jqueryboilerplate.com
articletracer.info
inftube.com
cicku.me
www.0635-8884693.cn
xywb.hj.cn
studiomorphic.info
niturianer.de
landinusa.info
viewsoniceurope.com
dartsearch.net
tendingl.puk.ro
ast100.foodmate.net
ppdd.com.cn
walfisch-freiburg.de
www.tao9518.com
piotrurbanik.pl
www.qxqx.net
www.asus.cz
www.5200sese.com
lepszypoznan.pl
megashare.vn
pronline.ru
blogsvoice.com
dentin.wop.ro
fanandmore.info
grave.wop.ro
avingnews.com
ite-sy.net
rukahore.sk
mirror.az
wdfa3.011r.com
www.bjdm.com
caisse-epargne.com
eemon.biz
ariot.wop.ro
watchufc100.blogspot.jp
k12.mn.us
fujicars.jp
www.0473w.com
ruxianjiancy1.1168.tv
www.chinazxrj.com
t6618.com
www.xxx113.com
dentalworld.gr
ay.cutv.com
lonet.eu
saaj.210000.org
sunnydaysinsecondgrade.blogspot.com
state.co.nz
page.tl
gigantob.puk.ro
blog.patrickhe.info
cyc.edu.tw
www.029wsw.com
drexplain.com
454817409.taobao.com
the-adult.jp
yhwc.me
dotal.wop.ro
wraakbar.wop.ro
talkmagic.co.uk
huanggang.baixing.com
www.e24.ee
szty.265link.com
mpoint.ca
www.94kmm.com
youpic.org
galaga.software.informer.com
www.xiaolan.gov.cn
apprendrions.puk.ro
dhost.info
gdkder.com
rtlp.org
www.jxdtgy.com
www.nmgtc.cn
lextimes.fr
qm8.cc
articlesbook.info
lvsac2012.org
www.ejo.cc
geofumadas.com
bostonscientific.com
snpp.com
infoinwestor.pl
funpic.org
submarsh.puk.ro
molefonkne.wop.ro
koselakautosiskola.hu
kappedes.wop.ro
ji-xiang.com
www5.cathrin-kilian.info
edgerails.info
www.php.la
net.itcast.cn
boubi.wop.ro
3dvalosag.hu
www.jiyimm.com
porcelain365.com
thaythuoccuaban.com
alzava.puk.ro
www.kcvs.ru
sortere.no
www.spy.ro
pecadosdeamigos.com
wdtinc.com
superstreetbike.com
zswf.k3y3.net
0757.love63.cn
bbs.masrx.net
www.plk-sa.pl
vvki.info
youcams.com
mocny-katalog.com.pl
log.netbib.de
fajneprzepisy.pl
hipoteka-eurobank.pl
iglesiadesancarlos.cl
saugstube.to
citiesads.com
www.dcsw007.com
tawassoul.net
citydeals.com
www.packingba.com
ruxianjiancy.1168.tv
www.sdp.hr
gfmag.com
sielay.blip.pl
fangeye.com
toryburch.zusl.com
eeginfo.com
teshufuhao.com.cn
megaproxylist.com
www.a-e.cn
itlife.minkei.net
wytz.78.cn
tenagusa.puk.ro
suntravel.com.sa
female-figure.deviantart.com
nnu.edu
juniordirectory.info
futura.org.br
www.kifesto.atw.hu
honositas.lap.hu
www.cshv.cz
www.ekoconex.cz
arena.vn
5af.info
www.mile.cz
conexionesrazonables.blogspot.com
zwaardvechters.puk.ro
ma.tt
www.kltn.cn
www.runker.net
cialis10mg2k.net
franc.wop.ro
kouryouh.puk.ro
maisons-maroc.com
vcomlive.com
www.zzzlsh.com
passivemassiveprofits.info
www.sddnmy.com
xn--lne-ula.as
www.irislingua.cz
celebritystyleandfashion.info
www.0455.gov.cn
dodmap.com
webanaliz.net
geschehens.wop.ro
86ao.nfdy.net
sanborondon.info
sempiternamente.puk.ro
ukasky.com
bronchen.wop.ro
www.festivalbunnik.nl
4088.me
gedramat.wop.ro
www.teshihui.net
www.ycrenti.info
vidaamericana.com
aileen.vii.im
444fang-d78.diandian.com
taktanio.pl
andybev.com
peristeropodes.puk.ro
digitalbooksales.info
www.hy16528.com
8669225104.phone.searchwww.com
cyberfutures.com
alitradestreet.com
www.topsys.cz
aufrecht.de
www.seeww.cn
dehorn.wop.ro
unitycorp.co.jp
zuowenyi.com
psl.co.za
minnanodate.com
uwtj.nfdy.net
www.dj92.cn
agentefarejador.com.br
movie.xunlei.com
biblenara.org
www.bscom.cz
paneleallegro.pl
eingebuesstem.puk.ro
nutracheck.co.uk
www.0830jz.com
maartenwillems.nl
bbs.0763lz.com
oqueeh.com.br
gtoa.nfdy.net
trasportoeuropa.it
eebfizweb.mixxt.es
www.wzsrc.com
tjana-pengar.nu
incarmobilephonechar.3ji.info
gvkw.nfdy.net
grannybed.tv
toishi.info
eiyi.265link.com
sextraces.com
www.zdxxjs.com
skunked.ca
ibee.vn
topmediaplayersforwi.9see.info
teionsou.puk.ro
xadcdq.com
dbnz.org
vdp.sk
a.34ls.com
mata.com.mx
yachtworld.de
baijia.info
www.iaei.cz
changeov.puk.ro
uvol.digart.pl
pfkt.nfdy.net
www.mccdvd.com
funtravelgo.com
staylocal.co.nz
www.xiangyayy.com.cn
115tp.com
www.mm17u.com
live.fad3.net
tylus.wop.ro
fsc.com.pl
talkingtourism.info
freeonlinesubmitdirectory.com
www.dongyingrencai.cn
magnusdutchbar.nl
entomb.wop.ro
fionayi.blog.163.com
nkkk.fw.hu
loddder.webs.com
www.511sao.com
germanien.net
6.gy
licorea.pl
gazele.pl
nocontestband.webs.com
petillion.puk.ro
allaboutindia.webs.com
www.10dx.net
insurgentgames.com
fisco.jp
gardenworld.in
avi-swf-convert.com
www.xxbo.in
benalto.com
digit.mx
bppt.go.id
yougedi.org
jikaiyok.puk.ro
mabuta.wop.ro
www.okmt.hu
secure-news.com
musikverein-seubersdorf.de
www.759jz.com
www.zhudeli.com
simonecarletti.com
playfreegames2.com
35td.cn
ecmrecords.com
aqioo.ent.ifeng.com
onlinefilmai.lt
raquelpinho.com
articlechronicles.com
www.lxs123.com
zzjt.com
qiunanqi.com
www.aisool.com
softwarepractice.org
ilawaonline.pl
www.it0531.net.cn
caernarfonherald.co.uk
dichvutangle.com.vn
1istochnik.ru
chemnet.com
frsklep.pl
wuhanccc.net
tunisia-sports.com
motorteszt.com
eastcoastminorleaguebasketball.info
www.artsusa.org
luotangpingxiaokelp.1168.tv
bluechopsticks.com
www.downza.cn
jeparafurniture.com
888k.cc
www.f71.com
www.onemall.in
lysacup.cz
antenanet.sk
bbs.biogo.net
strelyalkino.ru
ecoenclose.com
vtinfo.com
owregane.puk.ro
ltb.pl
ronaldoattack.com
familyadventureproject.org
prqg.info
dongbuled-s.com
gzceli.58.com.cn
foromac.com
ryanhanley.com
moonfashions.blogspot.in
www.emploi-public.ma
bubunkou.wop.ro
1878284.i.tiexue.net
vdns.vn
inlinexpress.com
www.beate.cz
figurait.puk.ro
qxyy.info
87952974138.qy.tianya.cn
amateurole.com
sonnenkraft.com
nolimitimports.com
www.3czz.com
moviegeek.pl
www.czk.pl
sport76.com
apkplay.com
www.66602.net
massakriertest.wop.ro
www5.888ao.com
face-of-art.org
8090.net
www.dahongpao99.com
7city.jp
go2.hu
ticino-escort.com
www.nazuby.cz
video.website.org
bornemann-gewindetechnik.de
valentinecarnival.com
abschleppseiles.wop.ro
www.wtscy.com
zuluo.net
juegosdemariobros.com.co
noblepen.com
www.slhi.cn
lucavb99.hyves.nl
memoryonhand.com
www.cnyhzg.com
bigdogmoneymaker.com
dailyme.com
www.newmoonhotel.com
xianggangliuhecaigongsi.org
www.kctdk.cz
mihram.wop.ro
geekberry.net
clipxxx69.info
tomstoonietuesday.com
cdxs.gov.cn
fullwarez.net
www.bijenkorf.nl
www.whdzjc.com
freeguppy.org
shop.163.com
bookmarkstudio.com
centrumdrewniane.pl
jianhuameida.fdchs.cn
www.hamkam.no
mpfs.com.au
bordes.puk.ro
www.eersi.com
www.shuangjiang.gov.cn
huaral.pe
retim.cn
joomla-monster.pl
freemacfonts.com
www.xingshang8.com
be-jo.net
www.sjzjh.com.cn
octopuses.wop.ro
k.99999m.com
nullisom.puk.ro
www.tepofol.ru
turnen.puk.ro
geekspeakradio.us
w-wife.com
aminostar.si
geloof.puk.ro
sso.go.th
ospraciaz.pl
www.zoneinteractive.cz
oczki.blip.pl
www.0310.us
sms.js.vnet.cn
www.ngtc.gov.cn
corp.condenast.jp
www.webfly.pro
chronocarpe.com
paradisebayhack.net
kelab-umno.com
www.wahongxin.com
salto.com.mx
www.kadu.cc
www.netty.cz
114la.com
www.qimingxing100.com
6sm.co.uk
hitechreview.com
vecer.com.mk
monepic.wop.ro
bluefire.com.au
steibock.ch
www.ivemusic.net
ydclean.com
www.hao259.com
wngl.nfdy.net
aktives-abseits.de
voortstuwden.puk.ro
jobaaa.com
sejj8.info
www.nt2.lt
codelab.ru
www.se9898.com
www.vvtp.cz
lebbe.wop.ro
danhba.vdc.com.vn
cstm.org.cn
xinse.net
www.yyast.org.cn
aslvideo.tv
www.788wyt.com
www.bsx.cc
galeriasxxxx.xpg.com.br
marketing-blog.biz
cbutah.com
gennoie.dosugoi.net
quanminw.com
8.atvtm.info
borona.wop.ro
onlyfloor.pl
www.597xo.com
utrangerte.wop.ro
mpoptavka.cz
looseleafjs.org
k9-forum.ru
ha168.net
cotoha.jp
025ct.com
bowwin.com
www.zucheng.icoc.cn
howdesign.com
tinhyeuit.info
www.rtysl.co
wiadomosciwalbrzyskie.pl
osiris.puk.ro
www.aaawj.com
0pet.k3y3.net
egeszsegbolt.hu
xiaoshuoya.com
www.52shuyue.com
bluestoneperennials.com
artera.puk.ro
www.sexcampimps.nl
www.trewg.info
jd.tv519.com
ghosh.wop.ro
gefaesse.wop.ro
www.jpyddy.info
forum.ueh.vn
danatu.wop.ro
www.ditsmedia.nl
lebenshilfe-abc.de
shenanigansliverpool.co.uk
www.tingk.com
1on1outdoors.com
karim2000.info
adventuregaming.co.uk
pinwei.cn
f835.cc
www.jcdecaux.cz
precipiti.puk.ro
cert.se
toptrade.it
e-frapedia.blogspot.com
qpygkypqya.blogtrue.com
santamonicaskin.com
angelo.puk.ro
ymm.blip.pl
carforums.net
thesolitaires.com
ofifuf.fr.gg
supplementsolutions.co.uk
backtothefuturefullmovie.blogspot.com.es
www.51smn.com
www.32com.net
www.fsrcw.net
caifengsheng.taobao.com
textapint.com
minecraft.pl
www.chinaloyalty.com.cn
magicranktracker.com
straefli.wop.ro
www.planes.cz
tumazu.wop.ro
ticketclic.it
garbageman.antville.org
comete.wop.ro
arabetterem.lap.hu
ctrl.wop.ro
uniwb.com
dy365.tv
hxetc.com
mgjsmy.com
propertytime.info
www.roon.ro
www.tyjob.cn
3.4changzhou.sinaapp.com
anyw.265link.com
www.domop.org
vccinews.vn
98b143-watch.info
www.manyouhome.com
juyuege.com
thestewartgallery.com
www.dy365.me
blog.ropross.net
cassino.com
ccctspm.org
cheapsmarttv.info
jfbtspck.blog.mongenie.com
reproches.puk.ro
fyre.nfdy.net
predemogpo.bloggr.no
evolutionpowertools.co.uk
aquasana.co.uk
linkovitch.me.uk
www.guolichem.com
hostarting.es
christiansepulveda.com
www.se9.us
www.57zc.cn
thegeneraldirectory.info
koi.lap.hu
bass-sklep.pl
dgvm.de
slutsdump.com
52xiuyan.com
www.899fanli.com
medan-info-kita.blogspot.com
nuratrimonline.co.uk
inarcassa.it
www.hrblss.gov.cn
one-stop-webshop.nl
astan.blog.is
cbd.cc
salemarket.ru
penserem.wop.ro
www.cctv8168.com
as.soon.as
2033.pl
amur.ru
efate.puk.ro
www.orion.de
smg.media.mit.edu
www.tyhx99.com
redknightsnd1.com
jianghuaidujia.taobao.com
gamblingnet.info
6565.me
lizhi83.com
kadunew.com
a397.hyves.nl
www.blansko.cz
copadmundo2014.xpg.com.br
unsort.puk.ro
anniesannuals.com
sun-flowers.cn
fairport3.dk
sap.lap.hu
bbs.wuxue.cc
westernpillz.com
tiffanyoutlet.ybfn.com
solarpanelinfo.com
joshhosler.biz
lylauparadis.com
49kw.com
jutelerr.wop.ro
www.cnmas.com
wienenergie.at
across.co.nz
website.pl
wojtek1.flog.pl
imore.com
codeisart.ru
xlong.qq.com
bbs.laizi.net
phive-online.com
serverhowto.de
www.rockcafe.cz
hmfacts.com
www.annacc.com
patriciagrayinc.blogspot.com
held-webfashion.de
nk577.com
topcarindo.com
ero-neo.soup.io
nursingdegreesonlinez.info
www.meadin.com
www.osoz.tv
abreissk.puk.ro
www.cnzhenyuan.com
xemayhonda.com
personalfn.com
xqxt.210000.org
optonline.net
abcmouse.co
msiiduy.us.pn
www.qjkj.net
familie-flocke.de
aftakte.puk.ro
ysvh.nfdy.net
www.try999.com
moneycambodia.com
zymeigui.cn
emprendego.com
hochgehen.wop.ro
nexia.pl
lanphong.net
www.99biilly.com