www.anmoweb.info
mindiam.com
sas.unl.pt
rubylearning.org
inuredne.puk.ro
hypnose-ausbildungen.ch
noticia.es
unforebo.puk.ro
whatstodo.in
unwords.com
postdocjobs.com
fjwuzi.ce.c-c.com
filmxxx8.info
www.88wuhan.com
weboldal-keszito-programok.hupont.hu
boyhood.biz
annexe.puk.ro
vanstockum.nl
citysport.com.pl
japanfemdom.net
www.024yyy.com
mtmaloney.wordpress.com
centreforpallcare.org
filmcul7.info
g-bar.com
francobiz.com
www.radissonblu.no
www.ozp.cz
2jiero.com
etbj.nfdy.net
www.jkav.net
unibook.com
linkalways.info
www.peizhen.com
www.sexgs.net
gaybel.webcams.nl
hotedra.eu
iranmicro.ir
suanita.de
www.525m.com
chebejet.com
52xiuyan.com
www.9928.tv
xiaomax.com
www.01xxoo.com
www.zjfs.net
soft.360.cn
odnokloss-niki.in
ecoline.hu
www.18833hk.com
www.jnfcyq.com
julli.flog.pl
your-flash.ru
pm8.cn
qiys.265link.com
chongqing.city8.com
waystosaveenergy.co.uk
www.nivea.cz
allp2ptv.org
szjczp.78.cn
tehran-musiiic.rozblog.com
ukima.info
uni-blog.info
270000.info
go1888.com
leehansen.com
www.roca.pl
aircraftresourcecenter.com
camaleon-peru.com
jangsara.deviantart.com
ioio.name
www.credos.cz
flvflashplayer.26z.info
gereift.at
thisit.de
www.bjszs.com
vku.de
katibunk.wop.ro
lawery.fyfz.cn
mapping-solutions.co.uk
newsawards.ldblog.jp
uffc-campaigncentral.net
guim.fr
852114049.b2b.youboy.com
tpgstaging.com
lost.lap.hu
malta.flog.pl
littlestar.fr
fh-brandenburg.de
23fanli.net
www.jjj123.info
028fsk.wanye68.com
www.romakaas.nl
www.bjjsjxw.cn
www.9care.net
asan-gsm.com
claudiaarte.flog.pl
scottwesterfeld.com
www.999270.com
vertex-web.jp
podsluchane.pl
hnsedu.com
www.xiao-you-xi.net
dgwcsjs.cn.cn5135.com
b2blocal.net
eintrittskarten-drucken.de
gamelynx.net
bajalibros.com
ydll.com
englishmilf.com
aisan.co.jp
hawthorn.com
www.lfd.uci.edu
wh.serun.net
ogag.210000.org
www.cnbeta.com
dhlbeijing.net
aylosh810.deviantart.com
saidairi.wop.ro
egynews.org
furdoszoba.co
betfred.mobi
noggs.puk.ro
www.arnidol.es
b88rush.info
www.diendancokhi.vietflower.info
emp.zj.chinaunicom.com
jbftc.com
www.xiaoxia.org
catfood.com.hk
tag-ziolinking.info
riemon.de
e-wut.com
grymt.puk.ro
hassex.net
tribe.net
qiyo.cc
tbwnz1.5d6d.net
schoolbooksforcheap.info
www.hunydon.com
966zy.com
textad.net
ytx.cc
www.schseo.com
vfrtrhjde.freeblog.hu
operosen.puk.ro
sabtv.com
www.rfqy.org
gespod.nl
larnax.wop.ro
bookmarklinkbuilding.nl
www.avgan.info
bredavandaag.nl
freecomicsdownload.com
kain2.digart.pl
etescoma.cz
tbilaw.com
maureenjohnson.webs.com
www.ruc.edu.cn
www.gniew.pl
penpalglobal.com
hearbook.ru
bra-seo.se
huxinjiaonang1.1168.tv
slavsport.ru
8038890.com
up-with.com
twojlunchbox.pl
ndsv.bg
reliv.com
volgograd-trv.ru
domiteka.pl
pijati.video.xfree.hu
moebelix.at
huntermvptraining.org
sm160.net
flygbussarna.se
www.wzsrc.com
adriely.bordeel.nl
thewinnerbook.com
39.hu
pro.taobao.com
franklincruz.com
photokano.jp
www.xxbb.com
t-gone.com
motivatemefitness.com
www.zjjlyyz.com
blablacar.es
qwee2.951n.cn
zkwp.pl
coloradoworld.de
latindanceband.dk
fitgesundschoen.de
zytrax.com
val8.deviantart.com
lygsdljx.com
mog.digart.pl
ft.hzftw.com
wq66.net
shini.wop.ro
clickaderia.com.br
aaigs.xinxianba.com
yunlonghucbd.fdchs.cn
retrocrush.com
www.wfst.co
rtg-mag.hu
ch-lawyer.com
www.eyecity.jp
flaunt.nu
gt-auto.ru
3529888.com
www.mlszp.com
x.wap.sohu.com
sns.wmw.cn
richlifestyles.com
www.yusikeji.com
dam24.de
www.jlhdys.com
iparfumerie.at
nakano-d.jp
www.xmtcshop.com
ptoouptt.blog.cz
www.880827.com
thefeaturedeal.com
www.ctrmw.com
www.168op.com
aasa.ac.jp
cj.tmi.tw
toyotaprius.lap.hu
mj021.com
saftote.co.za
macroviz.com
oreignin.puk.ro
postolia.com
skuffelsene.puk.ro
www.lansz.cn
www.yjepb.gov.cn
www.513mh.net
chhathpuja.co
uu15.ucoz.com
www.ahm1.4f9.org
animeron.info
shinhwafan.jp
www.hofex.cz
www.qqlie.com
www.chinafeed.org.cn
armfort.cz
modernlib.ru
sx.wzcn.cc
365uhui.com
v.ifeng.com
www.ougexing.com
18ride.com
www.lsoos.cn
www.yinhu2.com
www.knedy.com
ancestors.lu
planetarium-hamburg.de
www.smartcard.org.cn
rockingwleather.com
remportent.euwww.wop.ro
premium.pl
www.74iii.com
www.evona.cz
dildoparties.dk
sonnenkraft.com
grafjozsef.hu
www.ipla.in
carptigers.at
yapod.com
officemarket.hu
deepin.in
filmxxx2.info
www.ccl.cz
tydie.wop.ro
egxz.nfdy.net
digitalekulturresearch.soup.io
www.xjcf.org
lespom.flog.pl
rightcopywriter.com
www.longccc.com
localbizseo.info
ideal-h.co.jp
www.irislingua.cz
chortler.puk.ro
jinai.wop.ro
www.eppo.org
daciaduster.lap.hu
nastuasmaos.blogs.sapo.pt
gbets.prv.pl
d33.cc
www.phuc.cc
dxshe.com
hpa-pod.org
xinhua.xm.fj.cn
3plearning.com
gratuitsplus.com
x77.bz
ocesia.edu.pl
foxreal.com
zgyy.in
estelo.wop.ro
bdk.se
www.desenelecopilariei.ro
www.qnss.net
isladelburguillo.es
offspring.com
www.110757.com
anrhjfwy.blogger.hu
tubexxx18.info
www.blz.nl
911lifeline.org
ruli.blip.pl
www.njzhongqing.com
howe.im
www.weitnertools.com
ruez.eu
martin-klimas.de
season.de
619533.txt.cir.cn
hamsar.ws
article-storm.com
pingle.wop.ro
www.xingguangdad.com
imperii.puk.ro
hostingcompaniesz.info
linkdoc.info
www.instand.cz
www.ylhw.gov.cn
whompherbs.webs.com
www.trade.lt
kdleydl.78.cn
tempinbox.com
kessels.nl
www.qgz188.com
fenglinw.net
nit.net.cn
mlmtoppers.info
hk.49.net
pec.ir
macosz.hu
www-vatti.com
xiphiura.wop.ro
free-brushes.com
guglio.wop.ro
surf-ip.ucoz.com
www.seokat.tk
www.51txb.com
culturageneral.net
pornohd69.info
anjce.it
daiks.digart.pl
robot.hit.edu.cn
stats.intensecash.com
1313.cc
www.nihasa.ro
scriptsdesign.com
leanybucsu.eu
himmelriket.puk.ro
www.falcons.cz
www.autonalepky.cz
www.immie.nl
www.lenza.cz
www.ditto.cz
www.mikulov.cz
liuliudou.com
www.aukrocity.cz
www.holesak.cz
www.ekoconex.cz
www.ohkcheb.cz
www.hvs.hr
aphorizi.puk.ro
btnext.info
www.owww.cz
ultraviolet.ro
17gou5.com
busouketuki.com
windowsdvdmaker.com
www.ecm.cz
www.websoul.cz
adminerelle.de
blank.vc
www.steelboots.cz
www.haixia.edu.cn
fs.zx123.cn
www.nazuby.cz
joomla-monster.pl
www.vvtp.cz
www.jcdecaux.cz
szexport.hu
cjiyou.net
www.netbox.cz
9mm.digart.pl
www.mathan.cz
www.mbargo.cz
www.bluespot.cz
www.kct.cz
rondden.puk.ro
cxjyxx.me
www.yeti.cz
www.776dd.com
schneids.puk.ro
centroesteticopadova.com
www.rosebud.cz
macartevirtuelle.fr
www.melnik.cz
cghub.com
www.grego.cz
www.sgo.cz
albiazules.es
www.carena.cz
www.bed.cz
www.uuu65.com
vinalert.com
www.promateje.cz
www.gavhost.cz
lmp15.hu
www.doanalu.cz
www.lucy.cz
www.djkuba.cz
phrasy.wop.ro
www.kp5566.cn
www.webarchiv.cz
www.duhajes.cz
www.463eee.com
www.silvarium.cz
www.ikkeda.nl
www.haco.cz
www.itrebon.cz
www.965999.com
1cp.tv
www.mechulka.cz
www.tscr.cz
www.cshv.cz
daludy.info
foulera.puk.ro
www.iaei.cz
www.seeww.cn
www.tingk.com
1on1outdoors.com
ymm.blip.pl
www.fsrcw.net
www.ppbk.net
ty.bwxx.net
caleague.com
zymeigui.cn
msiiduy.us.pn
shayari.biz
palavecino.com
rumbabingo.com
nlucky.com
yiccc.net
belia.flog.pl
www.urbangym.fr
higasika.puk.ro
takozima.puk.ro
uren.k3y3.net
www.teglako.hu
geschraf.puk.ro
wtgs.k3y3.net
unfreiwilligere.puk.ro
chruker.dk
drpielet.com
n8mi.k3y3.net
kindersandalen.com
farmeres.puk.ro
www.shanghaikp.com
jifp.nfdy.net
www.psylic.com
gike.nfdy.net
zoldtea.info
chauffierst.puk.ro
disponenten.puk.ro
gsxrfans.hu
mkoi.k3y3.net
hics.nfdy.net
iracundia.puk.ro
weiterzuleiten.puk.ro
unntakelser.puk.ro
4545.cc
hkrb.nfdy.net
vqjw.nfdy.net
ekstrakatalog.pl
kasseier.puk.ro
www.vfm.cz
www.shenmawang.com
maltabend.puk.ro
mycotoxin.puk.ro
www.cb.is
www.ayinfo.ha.cn
2455.hu
pleaters.puk.ro
www.olam.cz
westlakefinancial.com
jutb.nfdy.net
mod.az
wildguns.org
tcwp.nfdy.net
www.mobcam.cz
pqfs.nfdy.net
ooui.k3y3.net
xfgf.nfdy.net
scacciai.puk.ro
dol.gov
ymiu.nfdy.net
gdnh.tk
kolesa-online.ru
fundatie.puk.ro
eqqv.nfdy.net
online.de
bosler.wop.ro
www.wzbseo.com
schelim.polki.pl
anelma.puk.ro
mastercard.net
baardiger.puk.ro
lrxz.nfdy.net
avveleno.puk.ro
www.gan520.net
ijdm.nfdy.net
nxmp.nfdy.net
aspidoch.puk.ro
www.268ys.com
touwden.puk.ro
servershop24.de
utara.puk.ro
worthofweb.com
qo0w.lizhidy.net
skpa.nfdy.net
gebinten.puk.ro
www.ippp.cz
proavian.puk.ro
glenns-garden.com
www.amcoding.com
samochod.pl
whetrock.puk.ro
www.1880w.com
linkswarm.info
aymguud.puk.ro
aanstuiv.puk.ro
bainie.puk.ro
vantassimo.puk.ro
tiantian.cn
pjbl.nfdy.net
midtveis.puk.ro
zwinkern.puk.ro
miasto.dsl.pl
www.eph-jk.com
ppww.nfdy.net
tc-bw-horn.de
9ep8.210000.org
cb0e.56dvd.net
wangpan.hk
scon.nfdy.net
oponthou.puk.ro
www.goj.cz
learnholyislam.org
gobber.puk.ro
www.zkdental.it
silverfuture.cn
thronfolgers.puk.ro
colorization.puk.ro
cameramoda.it
u0nh.k3y3.net
ingedronkene.puk.ro
getalwaa.puk.ro
hudyma.wop.ro
saatciog.puk.ro
masternet.pl
counterfeitly.puk.ro
solemnemente.puk.ro
arbitre.info
compucelonline.com.br
buqu.nfdy.net
www.texpol.info.pl
percheron.pl
bay.hzrb.cn
bubq.nfdy.net
cigolarono.puk.ro
www.rruu.com.cn
dk1d.lizhidy.net
fusagasuga-cundinamarca.gov.co
www.clyhr.com
jjyd.56dvd.net
ccftn.com
lugansk.info
hktf.k3y3.net
gorubi.puk.ro
vales1000.es
miotech.com
hbmmw.net
urqz.56dvd.net
3designer.in
yg61.k3y3.net
obmo.k3y3.net
www.geras.at
appartement-maurik.istats.nl
topturizm.ru
camiza10.com
vhsa.nfdy.net
zs4g.nfdy.net
pama.org
wxqt.nfdy.net
vxix.k3y3.net
dga.pinger.pl
shinsets.puk.ro
canadagoosejacketnorgeby.com
infosapiens.com
appartement-skyldum.istats.nl
xdlh.56dvd.net
utodomra-utok.lap.hu
angiopla.puk.ro
bvng.56dvd.net
chianiji.puk.ro
qsls.nfdy.net
www.077108.com
bernicle.puk.ro
bilprodu.wop.ro
avatars.software.informer.com
www.hao20.net
www.xyxsc.net
verveend.puk.ro
pmchamp.net
daqingtianqi.qiannan.org
1001pneus.fr
chelnyltd.ru
wwfq.nfdy.net
stabilia.puk.ro
bijbetaa.puk.ro
godkendt.puk.ro