www.lagune.nl
www.60840.com
sciences.ch
rimelige.sabatario.podgines.souk.vouwinge.neergelegenen.wwwwww.wop.ro
pulverizate.threemil.sintarou.terminplans.euwww.wop.ro
depute.wop.ro
horrorpalace.com
plarmy.org
ovidiuscridon.ro
viaggodasogno.it
www.betnoease.com
www.syly114.com
www.taobaolipinba.com
www.zxhot.net
zhqq763.5lg.cn
www.yzmrtoys.com
www.114.com.hk
www.syhdh.com
sse.bjut.edu.cn
elbsfootsteps.deviantart.com
www.peixian.cn
quickpwn.com
www.electricwaterheater.cn
poconomountaincruisers.com
0-calorie-diet.blog.hr
yakeo.com
www.dgxin.net
dimplex.de
jiuweiqifangrjn.1168.tv
www.saga-led.com.cn
shipin.huangye88.com
www.tagouwuba.com
holodilnik.info
www.mixiufs.com
zuiaiwang.com
www.cxzctq.cn
shuoso.com
www.shenbaopump.com
www.yigege.net
www.stat.lv
tamingsheng.com
www.jxwl-hk.com
juegosindie.net
knep.org
kxb.me
athroughq.com
www.qq772993307.com
bbs.thi.im
henan8.com
www.cntugongmo.com
cnhtlf.com
agal.blox.pl
6hsmw.com
informateci.org
www.formarry.cn
imagra.ru
mingleville.com
cntrades.com
pferde-online.com
newmotorforcarz.info
www.huanle28.com
speedrewards.com
www.lyleisen.com
www.jobpenet.ro
www.chuanmeiku.com
dewart.wop.ro
infobookmarks.com
politopedia.net
kkkff.com
jdz160.cn
viniesfera.com
www.zongheav.com
www.s971.com
e-send.ro
dekoria.pl
gazeta.kz
backlinkbrain.com
www.8899tv.com
www.avnl.in
nederpoker.com
sumbercerita.com
subpelis.info
bowvutflftwk.blogtrue.com
hboasia.com
nonstoppartner.de
display-inline.fr
ratocsystems.com
www.6r6c.com
www.ewelosa.pl
socialwebsitebuilder.info
www.jswjc.net
ncpa.org
sharpbookmarks.com
progpars.com
blogdeldia.org
vmline.pl
lgblog.cl
ihitui.com
mambosprouts.com
saalbach.com
mnlinkgateway.org
mabinogiworld.com
ladypopular.ro
elongati.wop.ro
no-ip.org
wlic.nfdy.net
the-article-directory.com
addurltoplist.com
bccjacumen.com
i-voce.jp
librostonic.com
mijnictwinkel.nl
tierra.net
lotte7.renren.com
rsu.ru
lndj.210000.org
www.kkmmbb2.com
www.stay2rock.de
costaricacolchoes.com.br
25622.com
insuranceonlinez.info
urlzy.com
domovanje.com
accordiespartiti.it
garotasnerds.com
bbs.txtnovel.com
janfc.cn
start4all.com
logobliss.com
awang.com
mkv0.qiwen5.com
infortis-themes.com
nc-werte.info
greenchina.3vfree.net
campusanuncios.com.co
tedrall.com
bizna.ir
techtrickz.com
graphicnet.ir
cgi.jomon.ne.jp
gzo.com
internetone.de
avatarmaker.eu
b-deli.co.jp
4medicalbilling.tumblr.com
implant.ru
parodia.lap.hu
openwalnut.org
reinegger.net
prayer-and-prayers.info
boosttwitterfollowers.com
mypocketmate.weebly.com
mobile.ro
parkscout.de
kmrh.com
dream-analysis.com
deutschlandgourmet.info
www.tp34.com
fortrefuge.com
matsu-inter.net
cdxmj.com
gylpd.cn
rujiakuaijie.13337.info
shaunsmylski.com
theitchysoul.com
imod.pl
lago.flog.pl
killrefer.com
mdime.org
allinthepokermovie.com
zadania.info
pueblosmexico.com.mx
barcelonahotels.es
fbquizmachine.com
univ-sba.dz
to2.mx
entitulares.com
podberi-notebook.ru
mashhadnews.org
dobiegu.pl
baur.de
newhumanbeing.net
alhimik.ru
triads.co.uk
tizours.free.fr
aiso.net
cnjpw.net
veezzle.com
prosportsgroup.com
ladieseuropeantour.com
holiday-velvet.com
han-cra.blog.so-net.ne.jp
pokerstarslive.fr
www.kavw.us
hitao0.com
www.45ab.com
www.sochor.cz
www.51yian.com
xfzd.net
mojuguixiangjiao.com
www.jcow.net
crazypreview.com
www.4006848085.com|www.cupedu.com|plastic-castle.com|checkwebsiteworth.nl|ydsxs.info|www.zhongguo315.com|advmusicstore.com|karaokeshow.ro|www.kjshi.cn|www.blxk.cn|www.xshpjy.com|14thcarmel.com|q.3688.tv|www.dage.cc|www.gupuw.com|www.luxshanghaiescort.com|www.kkyxw.com|rockwellrottweilers.com|www.wcmjs.com|www.gpxz.com|funduszeue.wyborcza.biz|www.0188cn.com|www.xxx883.com|www.soqiye.cn|www.tongchengw.com|8.ggtt.us|www.sdaksoft.cn|rbhouten.nl|www.21shhr.com|www.usedu.net|www.intere.us|mobilerank.jp|www.uoutao.com|www.tx-9jqqvip.com|www.coffnet.com|www.pornfaction.com|www.qg-knives.com|fnyd.nfdy.net|www.xlzx.cc|www.yktairui.com|www.wzbseo.com|sacredsf.org|news.gpxz.com|www.quye.com|catsinneed.com|www.lmmw365.net|bednbale.com|www.szaaa.com|minxiao.eol.cn|adminunion.com|www.tianwing.com|jayess.wop.ro|horehron.sk|www.kuoyinji8.com|myseoresources.com|www.167b.com|huaiyunqiandezhunbei.bb-house.com|htptfe.cn.alibaba.com|wordpress.com|detail.china.alibaba.com|www.ly5173.com|qpblcwqj.taobao.com|www.fofchina.com|axfh.nfdy.net|bobmcdonnell.com
www.xuedongle.com
tcpiputils.com
www.seo5858.com
mediatouch-online.de
www.20ar.com
przewlocki.puk.ro
yamano-bc.jp
www.yobeibei.com
supplants.wop.ro
378678.com
www.53aiai.com
262264.www.blox.pl
zwee.com
finantsvaade.ee
apartamenty.pl
www.buy361.cn
schiwi.de
erheblic.wop.ro
poluchka.info
www.dongbai.com
femdom-now.com
www.stonedk.cn
www.sevengames.se
goalieguru.tv
www.abaliget.hu
bilder.bce.de
lowratemortgagecalgary.com
defanli.com
www.renti80.com
rebac.net
masquefa.cat
v8tk.com
aato.jp
www.ziranyixue.com
categorizedcunt.com
www.85sss.com
www.hfg.com.cn
www.handantour.com.cn
tianhuren.com
www.21xw.org
www.whuzkb.com
www.zq95555.com
shop71898616.taobao.com
mnorz.com
www.zczxs.com
www.shkunyi.com
musico.jp
dlfkjs.ch.lv
jameskutty.info
choowap.com
freeonlinehelpline.com
secondstory.com
sinclairintl.com
bancochubut.com.ar
logohack.com
amin.mihanblog.com
kukje-ic.co.kr
renaultlaguna.pl
kuwoziliao.cn
ww.au240.com
yobuy.com
hpsarch.com
qqezx.com
therdstore.com
ouloger.com
tout-occaz.net
morris-photographics.com
www.ph96345.cn
guide-france.info
thecheapseats.ca
healthoma.com
ns-support.com
propagandes.puk.ro
czarodziejskieliny.pl
sdust.edu.cn
parquewarner.com
brooks.edu
nextdoordolls.com
www.sosonba.net
lagrig.ro
www.mymingyu.cn
www.hebic.cn
teamonyx.de
ybris-cooling.it
fgml.cn
dailydealbuilder.com
mandaloascuola.it
qq.com.pl
hollywoodpix.net
hurherald.com
deenersheshey.com
ymfs.org.uk
expecial.wop.ro
house-painting-info.com
rudrapuronline.com
norcalkayakanglers.com
blogomancer.com
ownerwiz.com
egesakha.ru
peliculasmas.com
aussitube.info
varieteguineenne.com
bbft.nfdy.net
forum.com.pl
goxvideo.net
aicent.net
glazey.info
www.13kav.com
chahaoma.net
izhijiao.org
himmerlandmateriel.dk
pyt-odp.pl
state-of-mind.co.uk
www.cdtyjx.cn
sunchaleshoy.com.ar
www.nikepascher2013.com
freeride.nu
jysq.net
sexdating.dk
trucoswindows.com
thecapitalgrille.com
motoverte.com
fmodia.com.br
nv-elena.ru
sharrre.com
www.hairybears.org
xim3.com
wap.6141.cc
vividworks.fi
www.retardipedia.com
aikes.net
wikio.es
2iij.net
fanlidg.com
www.tan126.com
lingr.com
www.ddrtys.net
eat.gd.sina.com.cn
www.bavnv.com
cbi360.com
mti.pinger.pl
edu.wuhan.net.cn
0iz1.56dvd.net
pogol.net
drehzahlmesser.wop.ro
tulsi.wop.ro
afreed.wop.ro
71kkkkk.diandian.com
dress-for-less.nl
avalancheptc.info
traffic-supremacy.com
lerondoudou.info
tanqol.soup.io
maglione.puk.ro
moostik.net
techgen.in
blu-raydefinition.com
icarbons.com
suteki-nice.jp
pussytraffic.info
txy.01ny.cn
ntvsports.jp
soutirie.wop.ro
liverpool.in.th
countdownparty.info
lhaitun.com
dpex.com
it-processmaps.com
40ph.com
gutscheinrabatt.eu
goldenscissors.info
balashov.com.ua
5diary.com
naturaplant.ro
campusdais.com
ironmaglabs.com
crengland.net
fotograficzno.pl
eqtt.k3y3.net
paidsurveysetc.com
olestimofeev.com
alkoxy.wop.ro
funny-videos.eu
j-volga.ru
hotelokura.co.jp
quotidiani.net
core-design-studio.de
youlist.ca
plas.chem99.com
shopsmart.consumer.org.hk
funlinx.to
leparticulier.fr
kinoline.su
fudgegraphics.com
accounting-and-bookkeeping-tips.com
nitrorcx.com
kozan.gr
tomsplanner.com
www.jiyin190a.info
momi3.net
hostyous.info
belajarpc.info
www.ecarkit.hu
addtodirectories.com
tellsubway.com
energypress.gr
jaksteam.com
www.ruixingzhou.com
rekkoku.puk.ro
ujbal.com
liuxnlin.fyfz.cn
mediamarkt.pl
pal.am
medimix.hu
seigy.wop.ro
rdqjxslha.blog.mongenie.com
www.dsjys.com
glaeubigster.puk.ro
asanetwork.biz
refusals.puk.ro
webdesignplay.com
indiauncovered.com
mqtbkmzv.bloguez.com
vermiip.es
aaamsterdam.info
cowhides.puk.ro
nobledrugstore.com
islafenice.net
atmarkjojo.org
nsspirit-cashf.com
orbitscripts.com
charter-business.com
bayit.wop.ro
zhaoxiaoshuai.5law.cn
artprosoft.com
www.renrendvd2.com
orientuslodz.pl
wordweb.info
g60seconds.com
appraisalport.com
wii-brasil.com
metaphysicals.co.uk
www.obas.no
p-a-p-a.org
mcgree.wop.ro
kledingnaaien.jouwpagina.nl
zhiyangji.longluntan.com
golfclubsfr.com
wideopenmind.info
wowedge.info
fobo.210000.org
gozonews.com
heat-full-movie.blogspot.sk
www.mtr8.com
causaseyaculacionprecoz.com
thatgirlisfunny.com
se.20dxw.com
wapzhw.com
www.hsedu.com.cn
8th-anniversary.blog.so-net.ne.jp
4usleepingbags.com
www.taizi123.com
www.huves.nl
directorysys.com
deshivision.com
gabija.pl
veruebten.wop.ro
sosyal-imleme.in
hollywoodmegastore.com
stockwatch.in
yhm.cc
eromitai.2chblog.jp
cayambelibre.com
freepoker.org
dollbbs.com
wcmhblogs.com
baidubbse.info
securitynewsdaily.com
aliraqnews.com
gubenlzb27f.1168.tv
xixidieyuan.com
aardbron.nl
unchawed.puk.ro
www.kmprojekt.pl
www.heller.cz
www.tc2010.cn
castlink.info
cddv.fr
psaico.info
7d3w.nfdy.net
pudit.com
enimerosi24.gr
dkcnews.com
tempteren.puk.ro
21ic.com
eppkabqth.blog.mongenie.com
my-lonely-wolf.deviantart.com
faher.pl
customersquare.com
kolayolay.com
mom-son.org
teoti.co.uk
zpsjled.cn
caogen.anhui.cc
hazipatika.com
stockwfj.pixnet.net
tpjatmdcug.skynetblogs.be
xa0d.265link.com
s981.jxee.org
lamusicarumbera.blogspot.com
www.96296.net
1x2x3x4x.com
www.szwen.gov.cn
saldi.puk.ro
x10s.265link.com
www.cxsyo.com
eaglebau.wop.ro
loudtechinc.com
oatmeals.wop.ro
benetton.puk.ro
momblogmagazine.com
www.dscsgs.info
www.letop.be
auto.vnet.cn
34degrees.org
preventcancer.com
www.wb025.com
vietaste.puk.ro
123deal.fr
lainformacion.com.do
huaidan.org
www.ndea.org
www.fakeoakleybuy.com
www.teg.cn
mlblogs.com
h22.cn
germar.org
bj.51f.com
www.qsheep.com
myuu.ru
www.517xb.com
dfzbs.smgbb.cn
lessonslearned.co.uk
cloyed.wop.ro
www.feijiehe.org
thegridto.com
torzal.puk.ro
www.xmu9.com
hml.org
www.kjcenter.com
ralph-lauren-shirts.net
deinegutscheine.com
techblogbiz.blogspot.in
glastueren24.de
leadrival.com
cheapestfancydress.co.uk
kapiten.rs
igjen.puk.ro
www.se5178.com
groupfaces.com
csharptr.com
guihuaxiang.com
biznessalex.com
my123.net
afgeschrabde.puk.ro
www.wqshw.com
parcayedek.com
mblite.ru
experten123.de
svetnauke.org
1912dy.com
nuernbergladies.de
khatib.wop.ro
mizar.pl
ichkoche.at
www.388ff.com
disk.co.jp
francis-miniatures.com
be2.cz
tisiki.net
limeade.com
usenetcheck.com
crystalinks.com
www.forwardexhibition.com
businessprintingservicesz.info
articolipubblicitari.info
marblefa.puk.ro
oiute.diandian.com
shaolin.org.tw
davsirsa.com
reefy.wop.ro
frfb.nfdy.net
setfor.com
mirait.wop.ro
sfdafwe.fyfz.cn
www.92qfg.com
www.touding.com
moebelin.wop.ro
jaxipedia.com
www.883bb.com
bemsimples.com
www.n4zg.4f9.org
karuteru.wop.ro
6d3x.qiwen5.com
www.intox.dk
fiodexact.nl
paymentgateway.ru
jxar.210000.org
ccn-ecp.or.ke
jpnnzaptlg.blog.mongenie.com
bx.jxszchina.com
punkyviolet.digart.pl
www.qingqinggan.com
lajaula.com.py
webhosting.info
vvv.3ddy.cc
sinica.edu.tw
valenciabusiness.es
hcm34.com
www.ganzhou.gov.cn
china3e.cn
macsk.digart.pl
sciencic.com
sportsrelatedinjuriesnoan.info
vseslova.com.ua
hmsj.210000.org
artunlimited.com
rimontgo.es
2x4.co.in
jsgxsy.com
hooivork.wop.ro
www.janhandel.be
ads4dough.com
zchx168.net114.com
www.sorosy.com
wikinations.org
www.webx.dk
www.librehat.info
wojteknowicki.natemat.pl
lighlyriri.blogger.hu
sioux-sound.org
nocuj.home.pl
sis001.com
garu.digart.pl
sngzy.cn
snuggeries.puk.ro
azuti.puk.ro
pmu.edu.sa
socialbookmarkingss.info
galactic.to
sonicjatekok.info
minted.puk.ro
www.vietiso.com
southampton.ac.uk
www.amur.ro
poedertjes.puk.ro
ducatimonsterforum.org
stellen-zuerich.ch
space-careers.com
www.netjunkie.ro
spadaro.wop.ro
deltasearch.net
spanishp.wop.ro
bjsnjmqnxh.page.tl
clubmujersinlimites.info
splove.tk
grossmog.wop.ro
stropex.pl
k.ai
sprad.wop.ro
tegenzin.wop.ro
5c5c5c.haolae.com
sqeb.210000.org
stafaband.info
stealth.to
lokumdeweloper.pl
usertutor.org
lektorat.de
stehbolzen.wop.ro
planung-einrichtung.de
stevespages.com
sebus4.digart.pl
strobree.wop.ro
rss-halo.pl
studioproteo.net
www.drsprzedaz.pl