366365.com
listpr.info
kimmyschemy.info
e7lai.me
3gcc.us
246ys.com
11x11.fr
laemfhapa.go.th
starview-6.info
aixinxi.cn
foodtravel.tv
fc.qdn.cn
staupe.net
hentaitube.info
seken.blog.so-net.ne.jp
www.co9co.com
annuaire-de-referencement.com
www.51tongcheng.info
a-ko.org
cementst.puk.ro
burrgrailer.puk.ro
web-masters.org.uk
klubwodny.eu
lavani.wop.ro
citynov.ru
akkervru.wop.ro
848848.cc
www.amaltdecor.ro
serialart.net
neurology.org
intertrust.jp
fctwente.nl
airespring.com
domain.kg
bryci.org
tools.naoshikou.com
tei-n.com
winx.name
dunedin.govt.nz
shabugames.com
gaixinhlohang.com
antiquatours.com
reachcustomersonline.com
guiadocorretor.com.br
aboutautomobiles.net
lintasinternet.com
123gb.de
24hrs-online.info
kweeper.com
idongheng.com
bnvillage.co.uk
digioz.com
20cn.info
alkalimaonline.com
htcbbs.cnmo.com
yys.qihaa.info
virginplace.info
1798.cn
www.nbwx99.cn
enst.fr
hotactress-photos.com
lordporn.net
letra.puk.ro
www.nif.ch
azadboard.com
propyleneglycolusp.com
lizavnlb.ablog.ro
tree3.net
viviendosanos.com
ccftn.org
vinnatur.org
journalismaccelerator.com
kyszz.soup.io
destejer.wop.ro
multiplelinks.info
diosyelrey.co.za
alseraj.net
alamout.net
jiajiayou021.sugoo.com
myeldirectory.com
parkablogs.com
www.nsmc.cma.gov.cn
aa9q.k3y3.net
52bytao.com
www.ikanxiaoshuo.com
maan.at
cj49.me
www.7.cn
gartenbedarf-versand.de
bansko.net
alsigned.ru
sunburst.com
algoritz.com
aiagavip.co.cc
portsmouthmustangs.webs.com
literia.pl
yijiadh.com
8vv-11y200.diandian.com
momblogmagazine.com
dominioyalojamiento.com
mambiznes.pl
finanzasparatodos.es
aziatix.com
astromindsclub.com
ia1u.265link.com
domgeo.ru
fg4ever.com
sexy.voice.islive.nl
aufaitmaroc.com
sports.qq.com
liuhe.tv
studypeers.net
1k1w.com
carlos.wop.ro
pspfilm.su
dtpua.com
nzforex.co.nz
chubbymix.com
lovesoo.org
larsmoller.dk
www.dongbeizhichuang.com
chippewa-landconservtn.org
osfromscratch.org
weeklyvolcano.com
sexeyou.com
easy-go.mn
bluefocusmarketing.com
woman.ru
optionsbinaires.info
www.80syy.com
grayandsons.com
designerhandbagscheapest.com
ouct.org
blogcorse.com
yamano-bc.jp
mktbagold.com
cbg-meb.nl
watacchi-world.blog.so-net.ne.jp
hz.youku.com
bouchonne.com
gratiscasa.it
www.juicycouture-online-store.com
studylanguages.org
cpa2biz.com
www.popvp.com
cocolomo.jp
sc365.org
immocb.info
jetsoclub.com
sytwq.co.cc
dontbesofashion.blogspot.com
www.bigmax.ru
bbs.dafeng.cn
kdsj2.sx.cn
byshang.cn
1070thefan.com
current.com
www.cast.net.cn
circolosanmartino.it
zazp.cn
collagedigital.org
viunk.com
7nf1.nfdy.net
bbs.cehome.com
aankweek.puk.ro
jshcsh.com
facebooksky.blogspot.com
made63.hyves.nl
petsol.cn
eawsoebwf.freeblog.hu
6bp.info
yakeo.com
sm6s.com
travsidan.nu
fishbowls.puk.ro
www.tongyisea.info
www.fzhqw.com
revolublog.com
szatka.pl
www.44bobo.net
davidoyedepoministries.org
phpv.net
sparco.it
tequilanockpremium.com
hansig.wop.ro
isdh.265link.com
zeek.com
edem-tour.com
live-cricket-match.com
manequinsalmighty.com.br
cheapjordanshoes.zipea.com
mipaja.es
8tronics.com
proseostats.com
92xs.cn.la
kazutomi.blogspot.com
css9.net
salpaste.puk.ro
hsjqrroqvgm.blogtrue.com
0852568.com
magasins.bouyguestelecom.fr
meddowes.wop.ro
yodramas.blogspot.com
fact-finder.com
gigantic.com
021isp.net
takeabreak.co.uk
pensketruckrental.com
91hhsh.info
www.ppbk.net
daybydaycartoon.com
22hh.info
eanuntul.biz
www.gzsiemenswx.com
goinertia.info
fairfaxvirginiahomes.org
www.xoxo123.com
ieltstehran.com
oakleystores.net
fcthun.ch
tarek.org
imod.pl
streetmancandles.com
adnshost.com
miyosire.wop.ro
maltatrading.pl
combusto.wop.ro
3g.204.at
ala.blip.pl
05885.com
de-captcher.info
mon-portail.com
nonkes.puk.ro
lago.flog.pl
werbedealer.de
e3.96pk.com
goodwin.edu
mirpizzy.com
mynewroots.blogspot.com
www.4j.com.pl
webpagemistakes.ca
datingscripts.org
vollmond.info
22688.info
notifiers.puk.ro
beauty-makeup-line.blog.hr
bniroda.hu
enari.wop.ro
amarjit.info
pa29.com
115le.com
skyteam.com
jfzc.210000.org
eirinsho.puk.ro
creceryprosperar.com
comyr.com
mtfy.info
da.com
www.weeyy.com
univ-sba.dz
www.82anmo.com
enterpriseirregulars.com
duyduychanger.net
zchx168.blog.tianya.cn
entersoft.vn
www.lyang.net
handsout.jp
www.xq57.cn.vc
haizhiyan.us
www.rinkel.nl
sugarfactory.com
shijiazhuang.baixing.com
elitexp.com
endogastritis.puk.ro
ftp.is.vim.org
picsforfriends.info
nps.ed.jp
br.com.ua
ernr.nfdy.net
www.webspread.com.cn
sekstelefon.pl
pbt.co.nz
culxxx.info
www.dejihospital.org
fdcpl.info
comprasparaguai.com.br
stupefano.wwwwww.wop.ro
bligg.co.cc
marstu.net
samsungonlinestore.co.za
www.dengjean.cn
orbis.pe
hypodermically.respinsero.wwwwww.wop.ro
www.301yyghpt.com
gizmodo.com
amodiati.wop.ro
www.zgwhjs.gov.cn
www.yuqun.net
vogtland-anzeiger.de
linke-photos.de
eichelkranzkaese.de
www.torpesun.atw.hu
paraphan.wop.ro
reviews-sale-cheap-buy-best-prices.info
aircompressors-superstore.com
itinitim.wop.ro
lublin.pl
www.zhiweibf.com
sokte.wop.ro
causers.puk.ro
www.5917yy.com
gamei.tld.cc
www.qxw123.net
www.xiaosege3.org
www.eqvn.net
fto.co.jp
gesystem.wop.ro
www.sese46.com
wapzc.cc
yyymm.com
beijing.cddq.cc
www.cngldq.net
ccbn.cn
pixoboard.com
www.1j3.net
streifba.puk.ro
giverculture.com
metropolita.pl
gauhe.puk.ro
www.as6780.com
dj.khodj.com
fw.9191.cn
sprachenlernen24.de
wmdn.ru
www.stacha.pl
fizzbangseo.com
mc-com.de
xinjiang.aiao.cn
hd.sxxw.net
www.456fff.com
california-drunkdriving.org
fast-hits.info
www.kbl.nl
bernardinai.lt
dolifebydesign.com
zarubejestate.tk
forudbestemt.wop.ro
9.atvtm.info
theseventhart.info
hrono.info
thenetworkconnection.info
finril.org.pl
www.chrysler.nl
sricool.info
avt.pl
realty.lenta.ru
dineropornavegar.es
siteslike.info
dhakabazarbd.com
x-list.net
thesunriseofmylife.blogspot.com
gigacenter.it
hiasiewapad.blogger.hu
mz368.com
aiaigime.nl.ae
www.frtr4r.com
www.vikari.is
arska.org
ylztsj.com
pembinatrails.ca
slocum.wop.ro
ons5.info
indirfilmi.com
beaut.ie
nandemoup.com
xmlu.hyves.nl
publicity4u.eu
tkmj.net
pcandweb.com
www.syy118.com
www.wheretobuywholesale.org
www.fanlepai.com
58.my
medicdirect.org
shop58371848.taobao.com
stime.llegou.com
prionseneglise.fr
kvalitne.cz
insist.or.id
www.sdzhmy.com
baojian.9939.com
fw55555.cn.alibaba.com
hoffie.info
www.lshfc.cn
yangtian.zol.com.cn
www.fabeton.hu
thongdiep.org
laurelship.wop.ro
www.hy1s.com
nonijuices.info
www.zkhospital.com
www.jnbcgs.com
tbgdigital.com
saldookningen.puk.ro
586zw.com
www.tnxc.gov.cn
hipifor.freeforums.org
taodu.com
www.ipla.in
lu.cx
greattimefortea.deviantart.com
xjpx.cc
die-gruppe.info
ibox.co.id
merlons.de
ezprice.com.tw
zoomy.me
www.81cao.com
mpcestas.com.br
11nk.ru
getwebsitevalue.com
ondango.com
smallbusinessaccountingz.info
hinausgewachsen.puk.ro
www.orszagvaros.hu
www.11522.info
www.tebim.pl
unpam.ac.id
mmodelisi.com
guihuaxiang.com
www.iura.sk
yuwei.cc
www.sxhack.net
po.ma
19yxw.com
aclys.wop.ro
waphhg.com
nojhan.net
lagbook.com
susanstechtips.info
mcgill.ca
270000.info
top10ofall.com
stz.s.yxgz.cn
tuenti.co
elmapadelcielo.com
belmeb.pl
tvchix.com
www.881mi.com
www.11qq.cc
smauet.wop.ro
deskripsi.com
wap7777.com
tu-webbusiness.co.uk
web.dg.gov.cn
www.chunyan.org
unread.puk.ro
music.49189.com
thedailyguardian.net
papp78.fecsegj.hu
www.xmmdd.com
makeiklan.com
www.hqblgsb.com
wowa.cn.ms
www.zx110.org
tolse.wop.ro
znakiczasu.pl
ilovemountains.org
interieurs.goedbegin.nl
lamer.wop.ro
chawz.cn
zeilt.puk.ro
paid4-news.de
sultoni-kabir.tj
regularbacklink.info
gmidc.com
jiaqinglm.com
babuma.wop.ro
666ak.com
vdb.gov.vn
smotor.com
skybest.com
bobshop.nl
xingang.wop.ro
hushx.com
www.0554dr.com
acgn.hk.vg
www.kt-house.com.tw
pace.edu
incalculabless.pinger.pl
www.palms.com
oilsandsnetwork.ca
lowery.puk.ro
patentservice.info
hotelkristal.bg
www.realtokyo.co.jp
zyz88.com
www.1117.cc
pofixim.ru
teliadev.gr
inca.gov.br
vinden.wop.ro
nwjpb.org
www.php.co.jp
kolayolay.com
www.881mi.net
rezulteo-tyres.co.uk
powderandbulk.com
eanevin.bloguez.com
www.webcns.com
18mei.com
w782.wrzuta.pl
levelpad.cn
xqbl.210000.org
lde0.k3y3.net
businessman.su
jyoga.com.tw
zozoleq202.pinger.pl
depobangunan.co.id
1616.net
mojauto.info
t-a-o.com
loro.ch
www.szmama.net
automa.it
spgt.nfdy.net
www.tw-zfw.co.cc
surfrider.eu
wontner.wop.ro
bucle.puk.ro
glera.puk.ro
jojoufu.wwwwww.wop.ro
uvoz.56dvd.net
oez6.k3y3.net
skoetsel.wop.ro
randomdetox.com
animetoplist.org
mediasharesuite.com
gallonag.wop.ro
sinya.wop.ro
angryfingers.com
www.istool.org
www.jetpak.ee
www.mdan.cn
ekiscoaching.it
faiv.com.ve
www.zombiedogs.net
bowenengineering.com
interkon.puk.ro
rankchecker.gr
radiozakaz.pl
buscaaqui.com.br
openlinksys.info
oklhw.cn
mkoza.blip.pl
mybag.com
winnerschapeldallas.org
londonperfect.com
sms000.com
www.gbbbs.org
xoxo.com
szokblog.pl
kezn.nfdy.net
tabletroms.com
tomaklima.hu
dzz.cc
schwarzes-rheinmain.net
tobii.com
kshownow.asia
zhutou.com
jogger.pl
imprimante.biz
axzx.pl
ticketzone.com
hevre.co.il
www.jyxxy.com
noli.fr
www.danlan.org
casal.wop.ro
mydownload2u.org
qygdgxyzy4137.661578.info
nomade-aventure.com
www.slzc.cn
list4.auctions.yahoo.co.jp
groceress.puk.ro
agatha.co.nz
cheapshoesforwomen.org
www.zpzxw.cn
pay.xidian.edu.cn
eurowin.com
5hk.hk
tekichuu.puk.ro
www.zhudeli.com
e.viu.ca
ans-highschool.info
bjlot.com
autosoft.cz
d4lff.jmyyzs.com
manuali.net
www.4006848085.com|www.cupedu.com|plastic-castle.com|checkwebsiteworth.nl|ydsxs.info|www.zhongguo315.com|advmusicstore.com|karaokeshow.ro|www.kjshi.cn|www.blxk.cn|www.xshpjy.com|14thcarmel.com|q.3688.tv|www.dage.cc|www.gupuw.com|www.luxshanghaiescort.com|www.kkyxw.com|rockwellrottweilers.com|www.wcmjs.com|www.gpxz.com|funduszeue.wyborcza.biz|www.0188cn.com|www.xxx883.com|www.soqiye.cn|www.tongchengw.com|8.ggtt.us|www.sdaksoft.cn|rbhouten.nl|www.21shhr.com|www.usedu.net|www.intere.us|mobilerank.jp|www.uoutao.com|www.tx-9jqqvip.com|www.coffnet.com|www.pornfaction.com|www.qg-knives.com|fnyd.nfdy.net|www.xlzx.cc|www.yktairui.com|www.wzbseo.com|sacredsf.org|news.gpxz.com|www.quye.com|catsinneed.com|www.lmmw365.net|bednbale.com|www.szaaa.com|minxiao.eol.cn|adminunion.com|www.tianwing.com|jayess.wop.ro|horehron.sk|www.kuoyinji8.com|myseoresources.com|www.167b.com|huaiyunqiandezhunbei.bb-house.com|htptfe.cn.alibaba.com|wordpress.com|detail.china.alibaba.com|www.ly5173.com|qpblcwqj.taobao.com|www.fofchina.com|axfh.nfdy.net|bobmcdonnell.com
jed.blip.pl
belo-news.com
wegsmeet.wop.ro
bankruptcybankaccounts.info
bacs-kiskun.lap.hu
www.huanxigu.com
aga11.blip.pl
iveri.com
dague.wop.ro
www.wujob.com
wyc.fillseo.com
www.ops.dti.ne.jp
beirobot.com
www.bdg.ch
thecoldlightofdayfullmovie.blogspot.dk
thyroidhelp.org
www.cccxp.com
hynesva.com
toctoc.it
brightbyte.de
smpp.software.informer.com
sggn.210000.org
exactaudiocopy.de
soft-service.co.jp
cleanish.puk.ro
www.indeed.hu
www.bjfw.mobi
dachucheng.net
a.wanxue.cn
sfr.fr
dogsecrets.ru
fz.zhcoo.com
www.125p.eu
www.cs-sxe.com.cn
kanat.wop.ro
www.prototyp.pl
www.renrendvd1.com
vegass.ru
eutfhpredp.blog.mongenie.com
nalashop.com
enveloper.com.pl
fashionista.com
www.sdmmp.org
www.0533.cn
suimitsu.puk.ro