bollywodgallery.co.cc
bockers-gurtweil.de
bodyimagesbvi.com
bohandn.com
www.k-n.com.cn
bongjc414.huijucn.com
domains.cz
www.vattudieuhoa.com
xarchevnya.ru
51mimi.tk
book.hmz.cn
bookmarksitetoday.info
boozt.com
borda.qip.ru
bosiyu.com
gsic.uva.es
botanika.sk
fuori.puk.ro
botian268.cn.alibaba.com
boulder.me
sbiadite.puk.ro
aolnews.com
boulevarddrivein.com
www.compete.org
www.6b123.com
bpmstudios.com
videocul6.info
city-fox.net
bqfhwzyk.freeblog.hu
bqgh.net
bqspa.com.cn
ccftn.com
brainjobs.ro
bramleyblinds.co.uk
brandbox.uz
oddisee.tv
brasovultau.ro
turbo-proxy.info
brays59377.huijucn.com
jn.bwxx.net
braziliantouch.com.au
saidairi.wop.ro
brigrugbyleague.co.uk
brilliant-group.ru
brisbane.craigslist.com.au
bronsde.wop.ro
yindujb.1168.tv
bruce-music.com
brussels.info
bsqjc.78.cn
711crew.org
socketapp.com
tinyxd.me
bsvzezpw.blog.mongenie.com
btqueue.sourceforge.net
trendymania.pl
btwjc.78.cn
bud-man9.webs.com
bullterrponyva.hu
travel-to.info
workingnews.blog117.fc2.com
new.656565.info
industrial.omron.eu
unsort.puk.ro
otviets-emeil.info
domainhome.net
dollarboyzacademy.com
domuy4384.huijucn.com
www.hol.edu
andalucia.org
baidaifu.aaalp.net
pirateq.me
www.sdjxd.com
atomic-clock.org.uk
28.vg
www.771aa.com
doctorbd.com
555888.cc
ritzybingo.co.uk
apurar.wop.ro
viviwidget.info
doublemedia.net
xinqushi.78.cn
blog.qiyuuu.com
dosklejania.pl
megatrade.co.jp
jocury.info
lazanzara.info
prwv.info
liefde.digart.pl
comobajarpeso.net
basjoe.com
confidentsoba.deviantart.com
irishinfertilitysupportforums.ie
barlegrande.nl
basedow.name
bariach.co.il
pge-obrot.pl
szfyjiancy.1168.tv
snatchporn.info
snille.wop.ro
tntyp.com
www.oxatis.es
longtermcare.gov
ttdmwbrfp.page.tl
seok.in
best-curs.info
135.org
zaped.info
bbs.xintiao.net
www.yzwhc.com
roscosofor.blog.cz
ejka.blox.pl
kh2l.210000.org
piorno.puk.ro
streamingvideosoftware.info
www.tsqy.net
citydomain.com.ua
targetaudienceonline.biz
kungfuboard.com
hwkk.net
cantraps.wop.ro
tawassoul.net
rusflat.ru
ajvlh.hyves.nl
discoburger.ch
z077v.ki99.org
ehomori.info
5278.av99.us
www.meiyanjie.com
gagaag.at
1hz.cc
top-linkek.info
siretoko.wop.ro
www.xiaolangyw.tk
down.yes58.net
royal.co.jp
threee.dk
clinicadepediatria.es
grupoarmados.info
lltw.info
help.hc360.com
ekspertax.pl
www.fjjt.gov.cn
germancraft.net
riserve.wop.ro
4rn.cn
garyu.it
journalisten.dk
spine.pl
portalmorski.pl
theticker.tc
webses.info
chl.soup.io
beendor.puk.ro
gratis-sexseiten.net
build.kz
rebel.pl
ezeitung3.info
theophyl.puk.ro
benetzende.puk.ro
www.gabeli.hu
greatstar.tw
swe.pl
terrasolusi.net
www.hgdaily.com.cn
kaptajn.wop.ro
hardtechno.pl
emps-scape.net
www.caifukejicom.com
kpilibrary.com
www.zhizhuanji.org
math.co
77qqq.qvod10.info
igirl.mojblog.hr
www.hmzwg.com
726300.com
a.52seren.info
oga.digart.pl
www.wendys.com
dollypop.pinger.pl
aljoufedu.gov.sa
www.usmoker.com
loveyoga.at
wap.62141.net
kie.pl
www.dziedome.pl
www.jimo2010.com
zhuzhouqq.qiannan.org
exhibezvous.info
easyenglish.info
mediarabe.info
wroc.pl
www.topas.bo
bozydar.blip.pl
gejwkctra.blogerzi.com
ankare.puk.ro
tre-mg.gov.br
hotstuffindacockparty.in
www.ynfn.net
uds4.info
vlbook.com
udregnet.wop.ro
outbud.wop.ro
chernihiv.info
mrneo.pl
www.03912.com
buzzbookmarks.info
ooller.com
www.heylogo.com
www.jinanjintai.com
nj24.pl
noborders.pl
sptc.ac.th
mikeradoor.com
kannada.wop.ro
liaoyangshi.m69.info
homeflow.co.uk
woaj.qiwen5.com
www.csas.cz
osiuri.wop.ro
caribbean-guide.info
donshost.x10.mx
ukdirectory.com.ar
geithold.no
mjcd.265link.com
bisnisonlinedaninternet.com
monia2308.wrzuta.pl
ys.59jj.info
www.xxx883.com
googlewebstats.com
mucao.com.br
tagesspiegel.de
70475.dealer.it168.com
fashionbirdcage.com
torday.puk.ro
celfo.wop.ro
ynpy.nfdy.net
flashzona.ru
victorygardenvegetables.ca
luntu.wop.ro
eskok.pl
transfer.infoseek.co.jp
yuuhan.info
dorset-college.ie
zasobnik.eu
wikivideo.it
wkcda.hk
adamieva.info
bienxanh.info
newmotorforcarz.info
webmasters.org
www.wpc.me
silvercodes.info
piszacamama.pl
etalab.gouv.fr
1abc.org
mianyangjiudian.kongfuba.info
xlong.qq.com
sunny.flog.pl
bj.cfw.cn
raffery.wop.ro
productfeedtool.nl
magicinadvertising.com
preisjaeger.de
foreck.info
www.sdqh.cn
teatrdramatyczny.pl
www.abc-hoken.co.jp
zzz13-d70.diandian.com
18mei.com
luru.wop.ro
www.bqaz.org
ergamine.puk.ro
shuilongtou.biz
active24.pl
fotosdecasas.info
otona-nikibi.info
nansiki.wop.ro