www.taorenxi.com
klubkibicarp.pl
uuuubt.com
genelec.ba
veelt.puk.ro
wap888999.net
www.e66.c.pl
xfmaya.info
www.k6so.co
www.xxsydb.com
gisline.no
kotta.try.hu
prwv.info
cinematuga.info
nomi.pl
changkungshi.com.pl
elnuevodia.com.co
guciu.wrzuta.pl
pagan-magic.co.uk
www.2000uu.com
crowdsourcing.org
www.ydgyxx.com
www.omnium.cat
manna.wop.ro
zellfase.wop.ro
rainbowcity.cn
www.punttic.cat
thehistory.com.br
www.kadinresimleri.net
chachala.com
www.45678.cc
myalexarankdir.info
www.besthowdy.com
mpoptavka.cz
soccerplay.net
zandkacentrum.pl
www.maylamsuachua.net
www.obieg.pl
2days.org
miee.tk
xonetv.info
www.momaps1.org
craigrogers.co.uk
lmp15.hu
gebiesd.puk.ro
tasiemce24.pl
viu.ca
kolbak.blip.pl
modna.com.ua
wafell.blip.pl
yoxd.lizhidy.net
qooy.com
www.9048.com
www.caobi.in
marine-gpsshop.info
www.qilef.com
www.400-0431-908.cn
declinan.wop.ro
chugcore.org
hemiachr.puk.ro
wesoho.com
orso.biz
plaja.ro
bulioner.pl
www.yilukaihua.net
gooddive.com
postpet.com.tw
seksnumerek.pl
souvenir.olsztyn.pl
u3d.as
gpc.edu
szahara.lap.hu
uksconcord.pl
perfection.com.mx
clubepe.fm
skarpatravel.pl
11xo.playz.it
bokslegionowo.pl
www.g617.biz
pomabu.com
rbru.ac.th
directorylife.info
pps.im
www.dorguska.maxmodels.pl
www.dekuststrook.nl
zugen.1168.tv
www.zldsmt.com
thefabriziagroup.ca
www.chamsocweb.com
kamilb.blip.pl
www.tarac.nl
mail.bg
moutelecom.info
edc.es
rozwod.konin.pl
mediaonline-dhetemplate.blogspot.com
bbft.nfdy.net
1314q.info
eslteaching.info
www.jhyzxsh.com
sunsonic.de
cheapcarquotesinsurance.info
thebulls.co.za
tubexxx2.info
seamframework.org
cateringhygiene.co.uk
pdfscissors.info
ccftn.com
listex.de
wp.vicuna.jp
nc.zxbo.net
modezirkel.de
st2222.com
bdu.me
forami.pl
decofurnsa.co.za
hero.prv.pl
www.mzydw.com
reklamujzarabiaj.pl
bagazowka-krakow.pl
backtothefuturefullmovie.blogspot.com.es
zeigte.puk.ro
imlemeb.info
kolokol.ru
www.f2cn.net
locasit.fr
monety-inwestycyjne.pl
handynotes.ru
tsuusin.wop.ro
www.88links.info
ek15.265link.com
baptisthealthsystemalabamajusn.wordpress.com
e-spot.ca
ackt.210000.org
inmobiliarium.com.mx
www.xnjd.net
www.gameswelt.de
digitaldefence.ca
polkowianka.wrzuta.pl
mifunny.info
wowa.cn.ms
www.euref.eu
tsuri-jp.info
cseke.info
microoven.info
marilynfayeparney.com
wwf.gr
macland.com.cn
sorry.so
tugofwar-mosnang.ch
soutirie.wop.ro
veracomp.pl
recepto.info
videocraving.com
www.yhyav.com
tai.com.tr
www.isq.pl
technotopos.gr
www.dandongad.com
www.kankan.in
metronet.ru
islamic-resource.org
dacixi.com
colombiadominios.com
amway.com.co
reclamar.puk.ro
linuxnotes.com.br
g1w.info
italiadeivalori.it
massify.com
yaguasa.puk.ro
www.jrt.hk
cassini.ro
www.zombiedogs.net
www.027-edu.com
misreput.wop.ro
www.corus.nl
dominos.jp
igame.com.mt
goodline.info
www.jncyjj.9998.tv
gesellt.wop.ro
www.0574h.net
yinsex.us
fabiaowang.com
khsh.nfdy.net
51refer.com
journalisten.dk
flvflashplayer.26z.info
fyre.nfdy.net
ntct.56dvd.net
inmueblesduitama.com
chaynikam.info
pod-gore.pl
softwareforextradingz.info
idm.picgo.info
www.renrenkan.cc
passey.info
guihuaxiang.com
forthegoodofmasonry.com
twitese.info
imlayla.digart.pl
qbdzy.net
japanx.info
atehenmei.com
www.17b.in
indianpornvideos.in