hitprodaj.ru
www.220ai.com
www.sosuroda.pl
aidnieruchomosci.pl
prwv.info
readdle.com
bansko.net
find-girlfriend.net
ferrarista.fr
kukawski.pl
thailandoutlook.tv
123a1.com
babelmondo.it
16291378.xiaodoutao.com
www.juskt.cn
lirumlarumleg.dk
www.adtaily.pl
alientorrents.info
v393.265link.com
023788.com
tisj.com
intergoles.info
cl.cdrcw.net
argo.pl
001jd.com
xiaosongjia.6188.net
fotos-host.ru
www.pianhaonien.com
mojegory.com.pl
zizitsu.puk.ro
artportalen.se
mountainbigroad.jp
oecist.wwwwww.wop.ro
56259.com
cs.52pk.com
www.nedubbs.cn
pieluszkomania.pl
www.zgbxfzz.cn
sekretystronwww.pl
advertisingtimes.fr
www.evbike.cz
autohitexchange.info
www.korat.be
automobilklub.org
11x.pl
kopihijau.info
11szs.com
www.pornoraj.pl
proguide.vn
kejixun.com
infirmiers.wop.ro
minhasinscricoes.com.br
www.bancentral.gov.do
thudded.puk.ro
medications.wop.ro
keepmyip.info
gdp.pl
quicket.co.za
broadsha.puk.ro
www.cninf.com
e-lib.info
chiluorenxing.com
8p2o7b.njlss.gov.cn
cq-dx.pl
trapladd.wop.ro
www.protsoft.pl
www.rzy666.com
gambarkeren.info
2ip.ru
ehomori.info
morphos.pl
j5z.info
dynazik.biz
godmother.fecsegj.hu
www.2tt.cc
openideas.info
btn.ir
caressen.wop.ro
daibin.info
dailybooth.com
dailygamecock.net
kurnik.pl
dailymotion.r.gd
estoreadvanced.biz
fannywang.com
itbusiness.ca
pagranksite.info
qmul.ac.uk
surf.sk
rysa.wop.ro
selio.tk
www.11qq.cc
www.360rc.cn
www.bzyfwy.net
siteshits.com
www.urra.cn
se.876ggg.com
the5mountain.com
drupaldojo.net
www.foarto.sk
visaforchina.in
buehnehollenthon.at
www.palmex.cz
the-exorcist-full-movie.blogspot.co.at
privatecams.sexybegin.nl
sennazeep.hyves.nl
runningleanhq.com
mugnn.info
aiaigime.nl.ae
farooa.wop.ro
bijblad.wop.ro
texy.blip.pl
ogame.tw
www.eshop15.cn
upluslte.co.kr
wang.okgo.tw
slotregel.wop.ro
solidcolorneckties.com
www.ilse.be
racgp.org.au
tfos.info
ruffybiazon.ph
pirket.wop.ro
sunne.puk.ro
manavoid.info
www.7-en.com
adclic-hosting.info
wne.edu
ubuntued.info
jyv1.k3y3.net
manjiline-amatorecordz.com
realestatenzhjt.info
gamitoshop.com
www.afr.pl
harpa.is
iceage3fullmovie.blogspot.com.ar
www.zgykc.net
www.nj02.4f9.org
wap888.org
drawisland.com
greendata.pl
steachs.com
mobiplay.vn
arbeitsb.puk.ro
kuuno.info
balakovo-torrent.ru
51hsp.cn
911l.info
96xoo.com
catgallery.ru
www.hhaavv.com
reseo.com
busticate.wop.ro
www.qqhead.com
85699.net
mmegi.bw
www.tiaozhanshouru.com
albertus.pl
www.mvrtt.com
520ms.5d6d.net
losplaat.puk.ro
zz0w.265link.com
wealthcreationnm1h.info
myvetsfirstchoice.com
b2b.amoctone.com
installment.puk.ro
misnegocios-online.info
www.opzp.cz
www.dcpaimai05.com
bspwit.ac.th
indomada.wop.ro
zsze.de
ewomennetwork.com
zengojuryu.com.br
iplex.pl
www.ahxf.gov.cn
stationer.jp
wap.kxdh.us
logiprint.es
dnua.info
kidate.wop.ro
klavs.puk.ro
fknews.ldblog.jp
www.gsysqb.com
yoxd.lizhidy.net
www.1cc1.info
maara.digart.pl
aiwp.210000.org
gpsfortoday.com
www.delsin.org
trestelle.ca
ubootwaffe.pl
www.xxx71.com
navicoon.info
fresh.lc
chaidezpits.com
chaichejian.beimai.com
chacheng.cn
chahat.nl
necoo.twbbs.org
tyndale.ca
offroader.gr
color-moment.sk
taupo.puk.ro
harbeth.co.uk
mzip.265link.com
www.irischang.name
www.musica.pro
dawida.wop.ro
sunsweet.info
osl.iu.edu
hepatoptosia.puk.ro
viajeajapon.com
biomedical.pl
snider.puk.ro
soft-service.co.jp
taninews.freeblog.hu
www.xjdli.com
stoedda.puk.ro
www.twspg.com
slechtaf.hyves.nl
word.co
zooexpress.pl
abgriffs.wop.ro
cantonese.me
80suncity.net
www.shengjiang888.com
www.akjs.gov.cn
www.3g345.com
aaa.net.au
www.lxw588.com
www.fetimo.net
legvar.lap.hu
11.ki33.info
boardsite.info
freebookmarksite.info
www.szitwh.com
walon.info
ro.bab.la
pligglog.info
ebano.puk.ro
davel.blip.pl
rindre.wop.ro
www.fsnandu.com
www.regielive.ro
videos-caseiros.net
laowantonggtt.1168.tv
py.66wz.net
worldof7billion.org
garewaite.puk.ro
betaler.wop.ro
funnybasket.com
prestigewashrooms.co.uk
www.zhongff.com
xcode.or.id
beukotmamrot.digart.pl
cctaa-wx.cn
galamboshintok.hu
isurvived.org
grupoazul.nl
linux5.sinaapp.com
b52.blip.pl
grono.blip.pl
sourish.puk.ro
smfarcade.info
lvlv.com
hypermediaisobar.pl
caninity.wop.ro
chauffio.wop.ro
teamarket.org
sobinbank.ru
linkguy.info
b.1205.cn
joomlabr.org
nvnao.info
saddlery.info
kuff.nfdy.net
blog.mn
evergreen.pl
yamdas.org
quockhuyen.vn
cheer-ann.taobao.com
www.jlsjj.gov.cn
phimcapba.info
www.4169.cn
www.5ya.com.cn
enisle.wop.ro
www.itguide.dk
shanxi.jp
sadf.asia
iwedding.vn
erbarmd.puk.ro
wn-et.com
boudou.wop.ro
sanconhantao.net.vn
www.catbag.pl