www.crwstc.org
benqmp512st.3qa.info
ote22.info
shop.ajax.nl
muninsho.wop.ro
horuinwa.wop.ro
68194ccav.www.wlfyb.com
porta-styl.com.pl
6518700.com
ulatroph.puk.ro
www.aquapark.lap.hu
open-bio.org
eacsouko.alink7.uic.to
yaojing1128.n9.youmac.info
frame.pl
prwv.info
kohasport.net
webdirectorys.info
americangeneral.com
www.bjpfh.com
thesistheme.org
vccinews.vn
www.dj5230.com
swtb.info
lghost.ru
www.maofeng.com
nines.wop.ro
overzone.net
leibovitch.wop.ro
ipc.la
polohatss.sitepedia.jp
loffciana.pinger.pl
www.moahu.com
ranborn.org.pl
appsoweek.ru
daiviet.net.vn
surefirestaffing.info
tvgol.info
gsni.qiwen5.com
dualima.com
sarebber.puk.ro
xfreepornmovies.com
devhell.ro
ccp.is
nalocomics.info
hupan.net
cyberpratic.info
www.bfi.org.uk
kiep24.pl
casinodiner.pl
www.ciip.ch
knusk.puk.ro
seolinkek.info
tablethotels.de
m.55128.cn
deqingzhan.fdchs.cn
suzhou.14499.info
pkusz.edu.cn
www.winp.cn
icepail.wop.ro
tizergun.net
asparges.wop.ro
telekwiaciarnia.pl
ratondownload.com.br
solunina.it
hostingserversz.info
thelittleworldoffashion.fr
lockerz.com.pl
se.55szs.com
soraya.biz.pl
stearman.us
www.altach.at
titanum.biz
www.26txt.com
sypher.wop.ro
mammagalan.se
boneart.co.nz
sopotgroup.pl
www.anapec.org
paba.hr
www.grafinet.pl
kapitaalarme.puk.ro
persil.co.uk
warashibe.info
54aaaa.com
bqxn.210000.org
heavy-metal.com.pl
internet-autoteile.de
bookmarkmix.info
tvprzemyslowa.pl
3dinghr.com
unconventionalnet.com
u38.biz
mypdfdownload.info
www.yjqedu.com
wing2.jp
behilft.puk.ro
regalgoldcoins.info
www.igeaweb.org
www.97ssdh.info
85717171.cn
iplan.com.ar
67percentobsession.deviantart.com
www.93ww.net
kawther.info
tagonsocial.info
iwastasting.soup.io
zst.cp.360.cn
mafors.ru
octanum.info
mmorpg.blip.pl
jopper.info
5ds.com
dollarboyzacademy.com
makelifeeasier.pl
www.hfyl.net
groei.wop.ro
coroanamarostica.it
piiip.soup.io
president24.ru
selio.tk
zeroemission.eu
www.topjogo.com.br
delinking.info
victoriamilan.nl
geguld.wop.ro
neanthro.puk.ro
patitiria.gr
www.goldjob.cn
zakopanenocuj.pl
driverdownload.at
yanghe.9998.tv
freedom194.digart.pl
vixen.co.jp
6th-man.net
kushtt.info
artboom.info
baise-anal.fr
avsese.info
similarsitesearch.com
www.362100.net
c1521.us.to
88uw.k3y3.net
vlbook.com
outpost.pl
medantahreer.com
6hmm.net
tylkonieetat.pl
qqcy.mobi
moderni.puk.ro
articlemsc.com
equiandlove.com
theorkut.info
f4.digart.pl
redhand.com.pl
annusass.puk.ro
tukinaka.wop.ro
sajlent.soup.io
tanoth.net
hippocratesinst.org
wbcawvzatgjg.com
9877.com
bbnews.pl
wildfishandship.com
bbs.sqfc.cn
openpgp.org
portalfinansowygbpl.blip.pl
heimbygda.puk.ro
21directoryiso.info
peru.info
ekosmetyczki.pl
hailo.org
buy.shanhuojiaoyi.com
elgeek.info
basesnet.com
2033.pl
ggs.picgo.info
www.20dy.cc
www.elakhbar.org
dopasowani.pl
virtuti.info
makingstrange.info
op25b.jp
boogu.pl
vkl.biz.ua
hamptoncourtkennel.com.br