tish-o.com.tr
electronicaonlineutrera.com
blueknights1.ch
barlegrande.nl
calculadoras.cl
www.dytuoyu.com
hongkiat.com
photomatic.ca
azharsports.com
bishtarin.ir
www.gxacw.com
tlacaelelrl.com
nainposteur.org
matome.naver.jp
hyper-hiro.com
www.dizh.org
shikagikouzyo.com
www.cocoho2.com.cn
werderfriesen.de
www.77daikuan.com
21maxlink.info
blogmasters.ru
hnsedu.com
www.258hhhh.com
langmm.wo.tc
bigrst.com
www.wenlijewellery.com
www.unchina.cn
qbas696.digart.pl
backpitch.info
www.tek.com.cn
www.packingba.com
www.cheap-columbia-usa.com
www.archgo.com
xn.365hk.net
thelibertypapers.org
www.jjgxwh.com
www.niam.pl
www.beppegrillo.it
valencia.it
www.zscy.cn
miniseotool.com
archive.org
tiogshop.blogdetik.com
ru.film.fm
www.ihappylife.com
arcflashforum.com
fensanp.1168.tv
www.80mav.com
gojaneducation.com
news.1car1.cn
its-sport.de
freezerskull.com
webhost-d.com
skc.lzu.edu.cn
www.syhhidc.net
www.zhangyifan.me
verinhaottoni.com
digoclan.forums0.com
wholesale-dropship-source.com
www.sddnmy.com
sourcingspot.com
unyx.eu
sfujbqsfmcsu.com
linuxchix.org
soft72.com
www.kuqvod.com
www.yimimi.cn
www.kckj.tk
mwww.98abcd.co
www.baiidu.com.cn
lynkz.de
blackpools.eu
www.ss136.cn
golflessons4beginners.com
www.hkzjshy.com
krwsjc.com
822tm.com
www.meinv23.com
www.nikeshoes-onlinesale.com
muqawama2.org
sdantong.com
ecardgraphics.net
bbs.cc369.cn
www.ls920.com
sogou-seo.com
cjl.cn
www.da-fengshou.com
ubifeel.com
st-louis-realestate.com
xysml.com
dancefinesse.com
365rili.duapp.com
atehenmei.com
insurance.hexun.com
www.hongshengzuche.com
radiokrl.com
stormbit.net
nedbipkvsm.blog.kazeo.com
se114a.com.cn
pccommunitychoir.com
iphonesg.com
bbs.0538.com.cn
incarnadineguild.com
karatenagold.de
www.bc180.com
www.pyjob.net
www.hshewl.com
www.discountsuperdryonline.com
siedlertools.de
www.marto.cc
deadcatphoto.com
windjack-heren.viavoordeel.nl
www.hh239.com
sjfeipin.b2bvip.com
www.towincity.com
www.52sdh.info
bm.49zt.cc
weallmakeadifference.com
xixidieyuan.com
australianwinner.com
handfidihoch.blogtrue.com
www.321ys.com
www.210fy.com
zukunft-wohnen.info
tgn.tv
dwlmusic.info
mgjsmy.com
centrodeconvencionesquindio.com
tellyforum.net
escapebear.com
greatphotosbyjkl.com
www.tscnml.com
15qby.com
www.xxx40.com
www.d8dy.cn
hd2521.com
yn.yunnan.cn
mcrhyp.video.xfree.hu
msghelp.net
mageia.org
freudenhaus-hase.de
party-heute.de
www.cdltj.com
lol.81813.com
www.gzyes.com
www.pp11pp.com
11slw.com
squidoo.com
utalca.cl
zxylw.com
www.xxx443.com
legitime.wop.ro
www.tyhx99.com
invasion3042.com
njz0821.kwt.17888.com
gem.software.informer.com
www.boduogongmao.com
vocehost.com.br
www.jshs.cn
6979.cc
www.55eeee.com
fundacionicse.com
adminunion.ne
www.astraltrip.net
www.8r8.net
fin.bgu.edu.cn
dlxy.eol.cn
ioshomebrew.x10.mx
foodbyfranz.com
www.jnxy.cn
www.dtgm.cn
paar79.net
www.ynylhy.com
netpc.ro
afflict.fad3.net
nieuwegein.nl
hxjy01.3566t.com
www.yjxnjy.com
duwon.net
tc.0769auto.com
socialnot.com
www.burberry-onlinesale.com
blog.css-js.com
www.seostatus.ru
persberichten.biz
www4.q789c.com
dt00.net
mclinked.com
fxsol.yahui.cc
www.2011lang.com
cavate.puk.ro
flaglerchat.com
nctarena.com
naruto-hokage.ru
bantierra.es
aaaa.puk.ro
cs-skillzone.cba.pl
suntravel.com.sa
prepaid.wop.ro
www.hybz528.com
learningwithleslie.com
einsteinbros.com
www.ppp222.com
fukulog.co.jp
www.591xf.net
mocsi.gov.ye
www.77kav.com
syswarp.wordpress.com
ulatroph.puk.ro
caribbeancomgirl.com
scoopd.info
juancong.com
myindostan.ru
totalcrysis.hu
yigecun.com
retrogressing.puk.ro
affiliatelinkmagic.com
ivuspots.com
maldives.co
dhost.info
climaxvids.com
toukairou.com
yeskey.com
rapghettoyouth.com
bimcell.com
www.ljlrt.info
go9go8.cn
unac.edu.pe
iskcondesiretree.info
ailife.com
comozooconservatory.org
lsteam2009.pl
lemonui.cn
www.beijd.com
mangoblog.org
azkorm.digart.pl
021jiajiayou.com
wcts.nfdy.net
smartmart.ru
onlinewallpapershd.com
puretestoxplode.net
articledashboard.info
tyhplvhh.b2b.hc360.com
yourenki.wop.ro
gazetainwestor.pl
hostytec.com
www.xfl.nl
nyltw.net
trinitymirror.com
kanal-21.tv
ooo0.info
arbhoster.com
hanko21sannomiya.com
www.torst.pl
arcchii.digart.pl
huakuyao.nzw.cn
www.ccav-6.in
mother-daughter-sex.net
reifenversand.com
wap.4gmy.net
ysdy.in
gruebele.puk.ro
ssdmf.info
ventasbalss.ru
warashibe.info
delltabletpc.7q9.info
rencontre-hot.biz
ticketsbar.es
zuchedui.com
rilakkuma.co.uk
fazdinheironline.com
gigabitpc.com
toxigenicities.puk.ro
southernfriedgamer.com
superspace.cz
hostessbrands.com
www.0633fk.com
blogmile.jp
crossfitterra-firma.com
www.wzgay.com
lajos.puk.ro
party-place.ru
medmacs.ru
ekrana.info
shop5678.com
babes.xxxpornosex.net
topbacklinks.us
bbs.chinaunix.net
chimie-sup.fr
www.bscom.cz
oeffentlichen.puk.ro
afgeschrabde.puk.ro
ctxcryrmlr.blogger.hu
www.humantransit.org
www.maiwater.cn
www.arpo.nl
iiszifgzxx.typepad.com
www.027-edu.com
fotofenster.de
lista.topextra.hu
www.96caobi.com
oobang.com
www.emkefoto.hu
theaviators.tv
nasva.go.jp
www.airush.cz
trouwe.puk.ro
tianyou1818.ebdoor.com
afe4.net
allegrodance.pl
www.sh99.in
www.simpletelecommute.com
amigosdomar.pt
www.aussielines.nl
einkassierender.wop.ro
www.nece.eu
hurryup.nl
plasm.wop.ro
mabaa.wop.ro
teamzenzo.webs.com
pageiran.com
venina.wop.ro
cooltemplates.ru
v7.reimeee.orge.pl
6502712302.phone.searchwww.com
mcodiuy.ch.lv
imidogen.puk.ro
freeonlinemusic.84v.info
sobory.ru
huis-hild.istats.nl
grafmag.pl
www.wissen.nl
invent-themes.pl
l23.cn
c1521.sha7.info
cyzx.gov.cn
334b.210000.org
paoav.info
humyai51.info
infdom.com
blcx.91wan.com
hk-life.com
medipolis.de
absforums.com
k7th.56dvd.net
animashka.info
nerdland.info
eurotitan.ru
depass.puk.ro
churchia.puk.ro
headhunt.goodjobs.cn
descente.wop.ro
bbs.webjiankong.com
gourmet.minkei.net
cruzdesigner.com
xtcdomains.com
jwkd.nfdy.net
bfj8.qiwen5.com
snamsup.com
custombookmark.info
campeon.gr
duplicatefile.net
qmjuzgyg.skynetblogs.be
www.okazii.ro
imiglioririmedinaturali.it
weddingsindia.in
oryi.56dvd.net
keralaindiatour.com
zhanghongmei001.com
weitersrodafokus.de
startour.dk
www.kmtsly.com
artes-marciales.info
www.2222bi.com
lichtwelt-uo.net
bambeto.com
eutekne.info
www.fschanglong.com
laenderseite.wop.ro
xtlw.yk8.so
chongqingjiaxiao.info
soda.tv
vismaya-maitreya.pl
megan1130.flog.pl
www.xmball.net
frenchfriend.cn
vecchiocastagna.it
sexrelax.de
partition.io
mistyped.wop.ro
desiserial.com
wwwfc500wang.com
theme-tribe.com
td2.jumpingcrab.com
www.028dkw.com
unba.qiwen5.com
nationallottery.co.za
www.dekuststrook.nl
www.22ons.com
ace.com.gt
oidas.puk.ro
stereocentral.tv
foxcarolina.com
gzlinuo.com
1st-cocktail.com
szhuiyuanfeng.com
designerseven.com
vereno.at
nador.fr
nemnd.9r.ro
xfpjw.com
www.mmm1234.com
www.mingyuan68.com
3i1.net
0660.1775.cn
kaulonline.com
naven.wop.ro
gizmodigit.com
soartex.net
ringou.puk.ro
mystars.com.br
alencorp.com
maatglas.puk.ro
aiyauk.com
www.dalzai.com
renpou.com
communico.es
ruskix.digart.pl
completearticles.info
geektoys.pl
hg919.cc
sh.pxto.cn
squareclover.com
jourikus.wop.ro
vs.rs
zhangzhe.info
konnte.wop.ro
ilovehome4ever.info
azap107.33591.com
fbh2.265link.com
bujisongshui.com
perellandra.deviantart.com
www.android-x86.org
zc.jxmmw.org.cn
www.jiuse333.com
ffafarm.com
musicmusic.pinger.pl
jetbrains.com
www.ggjj.us
healthinn.me
nwjpb.org
grdnoejhzb.bloguez.com
nutrispa.com
die-3beiden.de
kak3.210000.org
videocul6.info
corsonemesis.it
e-litige.com
53yao.com
tocdoviet.net
spine.pl
pilica.net.pl
abuzeviagens.com.br
illegal-incest.com
ktk.nyme.hu
kvb4.nfdy.net
www.netlog.ru
eurokinissi.gr
purdue.edu
www.wallz.eu
www.531w.com
brandonsavage.net
xiaobai516.taobao.com
emmybryce.com
baltbank.ru
seomarks.info
www.xzqts.gov.cn
schoolguide.co.za
www.colq.4f9.org
zzu.cc
ceap.br
sunporch.com
flog.cat
goedkopeiphoneoordoppen.nl
seostats.us
elektrodo.pl
fireworksguruforum.com
moviehauz.com
www.uszcn.com
pf110.com
theitlibrary.com
tuku.84420.com
die-titanen.com
sexfilmy.com.pl
ut.no
oipda.cn
mariannemoe.no
balmerlawrie.com
cscglobal.com
btd.soup.io
www.monclerstore-uk.com
tjana-pengar.nu
namikogahier.com
www.ccgp-gansu.gov.cn
rungmung.net
www.3366v.com
www.sdcxyx.com
roguehydro.com
nhv-mag.org
www.ni0bajw.com
1001passagens.com
sx.58.com
mbtshoesoutlet.net
madurasputas.com.ar
angusta.puk.ro
r1ia.210000.org
spiraxsarco.com
59chacha.com
www.lmc.eu
republicanlibertyforum.com
civ.org.pl
webdirectories.co
linksweet.info
www.hao7hao7.com
glavred.info
www.jb100.com
hesinet.com
actiweb.es
bayannaoer.mca.gov.cn
imperii.puk.ro
www.nongjiayuan.in
mi.99bitgc.info