88zz.cc
reinou.wop.ro
linux-mx.org
www.brbao.com
www.syhbig.com
www.3kkx.com
seduoduo.info
www.sennik.nl
theextopia.com
indianatureguide.com
aanplak.puk.ro
china.co
megalaw.com
growtallcn.com
6hw.tv
www.yitai17.com
kikuu.flog.pl
lxbp.nfdy.net
shemaletrannytube.net
www.ampc.org.cn
news.stack.nl
norwexcs.com
2ninerniner2.com
sixt2.com
gardenvilla.ch
seawife.wop.ro
hpvfaq.com
house.info
cich.info
globalweblink.info
incest-dream.com
www.zhixinairen.tk
holosteu.puk.ro
www.taodibao.com
confrontation-thegame.com
playangrybirdsfree.com
kirka.wop.ro
11.ki33.info
sabutsagmail.fo.ru
mihata.puk.ro
www.jiuse123.com
ofertyfirm.com.pl
affaisserions.puk.ro
webliste.ch
cash-mission.com
buglo.pl
act.tg.com.cn
conprojur.com.br
successus.dk
bezprzyciskow.pl
chlizaceh.info
mywebprofit.ru
geobase.com
linfenshi.kc7.info
www.weetix.fr
niturianer.de
webdirectories.co
permissioncorp.com
www.66szs.com
guitarandampshop.co.uk
freeforlife.de
meilanboats.com
rnje.nfdy.net
marombapura.com.br
mediamarkt.at
ehaa.info
kupilegko.by
www.ecp.nl
akou.wop.ro
afili.net
panglaoisland.net
netdirekt.de
www.lexigram.gr
noclegi.pwi.pl
women-radost.ru
nowilaymedowntosleep.org
mychina.biz
m.b2b168.com
zblpw.com
kopalniaokazji.pl
3mautofilmclub.com
droho.net
academyft.com
misbruke.wop.ro
kyouei-ltd.co.jp
thephoenixlights.net
www.box.nl
shgg.210000.org
browsershots.org
seo-in.ru
www.cenwoy.com
sextubemovies.net
namazi.wop.ro
faceporn.no
smilecom-usa.info
zyqpgqmtkt.blogger.hu
dzxy.info
centurynationalbank.com
fbhv.nfdy.net
daffodilvarsity.edu.bd
usuariocompulsivo.com
lovedear.info
idgm.picgo.info
fsc.com.pl
zerohalliburton.com
www.tuttomarmo.hu
pr-directory.asia
digreality.com
fujitsu-shop.pl
tadwena.com
voyance-gratuite.info
smallmgc.org
charifa20.hyves.nl
llb8k.info
rabbel.wop.ro
www.sesaorao.com
jeffgardner.ca
ingegooi.wop.ro
jgzv.nfdy.net
socialseoonline.com
oraur.us
www.cccf.net.cn
setools.cn
1015b-a2.tumblr.com
www.maruzza.org
easyjob.net
flagstick.wop.ro
gastgeber-verzeichnis.info
korota.digart.pl
www.shbetter.com
whfn.net
hookedblog.co.uk
www.hg00333.com
stokedseo.co.uk
xuhai1668.huijucn.com
nyheter24.se
hosiduki.wop.ro
g5fans.com
tagungshotel.com
thewebblendz.info
7t2.info
7io.org
fcg-media.com
ukraine.worldcupblog.org
pornofilmyhd.pl
www.mesemix.info
se.876ggg.com
clanassassin.com
mgyj.info
sexbook1.info
voicebuy.com
provadia.bg
www.mo57.4f9.org
wtbi.210000.org
mbili.wop.ro
alisadoskeratinabyale.info
radio.cz
www.592ppc.com
www.0554dr.com
www.asglhg.com
www.ch.gongchang.com
multitrader.com.br
visionaustralia.org
prtq.info
shaobaogu.com
www.6h85.com
inboundmarketinguniversiteit.nl
www.2345la.cn
xantor.flog.pl
aq.xafc.com
dnua.info
bedook-1905.info
www.94xo.com
kushtt.info
spongebobgames.me
barrenn.flog.pl
sgvps.net
www.delsin.org
www.dcsw007.com
ulorypa.prv.pl
lkjhf.de.lv
aptp.nfdy.net
asgatechshop.com
exide.com
www.qys148.com
sanlucas.wop.ro
www.maersk.com
artgo.info
minnesotademocratsexposed.com
alpines-angeln.de
cellcom.co.il
stelladeoriente.net
www.pism.pl
dakotawalleye.com
yayoi.wop.ro
www.9igf.com
doujin-games88.net
dlapacjenta.pl
www.v-q.com.cn
www.sodick.pl
rbru.ac.th
kravushka.com
gb0cin.info
d1kd.com
ebggp.com
teo.lt
awardspace.info
totuldinintreg.com
discomor.wop.ro
www.023hsyj.com
fmah.210000.org
www.bristolbay.nl
wordsjournal.com
bukmark.net
universalbookmarks.info
tomaszb.flog.pl
www.wiekxx.nl
rukalafken.cl
napavalley.edu
attacksuite.com
dokaan.net
xboxforum.pl
ng.org
www.fabeton.hu
www.61x.net
www.saozi.org
fccn.pt
maimw.78.cn
mlist.it
chache88.wanye68.com
aggregatorarticles.info
variogate.com
www.tkhagl.net
www.dvdoke.nl
zmxy.wandodo.com
directorylife.info
tmn.pt
www1hhhh.shunshunfa.com
delphine-desmarets.com
discerningtheworld.com
newgam.org
chickensforbackyards.com
unbrilli.puk.ro
bskumfeorhm.blogtrue.com
yubibueoukoku.ti-da.net
webjx.com
vyak.210000.org
www.professional-unions.com
xxxbiankaxxx.wrzuta.pl
whydown.com
ntun.210000.org
www.sonykf.com
pak.blog.pl
www.majestically.nl
www.huangye99.com
roadkast.com
belfast1911.deviantart.com
topblogged.com
submit.org.in
baranmovie42.in
mushman.co.kr
www.dianqi28.com
newhomesmoncton.com
ugtk.nfdy.net
www.tencate.nl
www.qimi.com
j-walk.com
russianvirginz.info
x77x77.info
vitsoe.com
kolin-one.cn
www.parkooair.org
viethome.co.uk
szalona93.pinger.pl
logd.k3y3.net
freeaddlinks.info
www.sna.nl
www.hhddbb.com
www.ivt.se
ameliefullmovie.blogspot.fr
www.cqjingxing.com
www.yiyeqing8.com
3unijob.com
lfzart.com
xn--mbtx10a8v6a.com
www.dotime.nl
webpageoutlook.com
ofeteria.pl
eastarjet.com
xgtlsy168.com
www.agrointel.ro
384004.com
j.333456.info
dver-lux.ru
saintdismas.org
lr.org
taylor.puk.ro
www.huiyuan021.com
sremux.com
ycqxl.b2b.hc360.com
ithaiteens.net
jeff-dream.com
nwjpb.org
fpt123.biz
footcrab.soup.io
clemson.wop.ro
www.pdclinks.net
dnswatch.info
www.zeed5.com
songsmap.com
normated.wop.ro
homebasemortgages.ca
www.dzlianxin.com
ddd67.com
www.wkyz.net
buyfacebooklike.us
fffid.com
www.7tdy.net
windsurf.co.nz
3cy.tv
wycliffian.puk.ro
shesha.puk.ro
absatzer.puk.ro
japan-schools.info
philatelie.jouwpagina.nl
simplyhosting.net
cit.com.br
zakath.soup.io
lerelaisinternet.com
www.techcamp.pl
gsm.vn
ukwd.info
www.zkjsxy.com
seksyen7.com
www.stenik.biz
unaffixe.wop.ro
okn7.qiwen5.com
www.gzywy00xj.net
miseront.wop.ro
in.relation.to
goldencross.com.br
teensprovokeme.info
noefv.at
ellen.com
mondolowcost.net
oymu.nfdy.net
pocketdownloadcenter.com
bestmaleenhancement.info
91530.info
www.csp360.com
ravu.soup.io
www.131580.com
midweste.puk.ro
ronson.pl
boekamp.info
ockhamist.com
wap.03hz.info
meetworldtrade.com
uskleo.com
www.517bocai.com
www.hugweb.net
ucdc.info
seoulforeign.org
cdschina.org
anunciosveloces.mx
www.hallofthephoenix.eu
www.94pao.com
przemyslawborkowski.natemat.pl
tjzl120.com
21ta.210000.org
www.koelner.pl
dofollowwebdirectories.info
verveen.puk.ro
harel-group.co.il
ovedu.org
industrystock.com
bibj.nfdy.net
mylekarze.pl
www.waplm.com
fisolution.de
jerpat.com
88shua.cn
www.rentiju.com
schools9.com
tribunerakyat.net
tylek.pl
itxsk.com
www.sovd.de
bmw-club-leipzig-ev.de
www.jsena.info
www.ippp.ru
security.gov.ge
intensys.pl
delaware.pa.us
speedboattv.com