steinbachgmbh.com
nr8.info
swe.mit.edu
govolo.es
flashgames.info
wenku.baidu.com
www.700dy.org
xantor.flog.pl
guihuaxiang.com
mortyn.puk.ro
ooaoo.com
mediasteed.com
www.xjddzs.cn
panduanwp.com
kawasaki-club.info
rootserverexperiment.de
zapatuda.wop.ro
prtp.info
nid.edu
borb.puk.ro
manguo.org
www.juniu88.com
clipporno6.info
zoldtea.info
oneamerica.com
cizmedevara2012.info
industrystock.com
www.schmierzettel.net
mountainbigroad.jp
devanado.puk.ro
www.xxqs.info
parabler.wop.ro
815gz.net
pasiva.puk.ro
xqzknaibksetft.blogtrue.com
milcaos.cl
www.tetushka.ru
sicily.pinger.pl
clubvanessablue.us
siteszones.com
hbpl.co.uk
www.se9898.com
dirigert.puk.ro
parker.hk
vour.gr
nysedregents.org
terao.kyo2.jp
adtor.wop.ro
albertne.video.xfree.hu
6g4.info
watchufc100.blogspot.jp
www.yuedongkd.com
burberry-outletonlines.org
think-tank.co.kr
www.youxi70.com
doubles.org
dumai-oke.us
kuenstliches-auge.de
zuggor.edu.pl
realamateurxxx.info
www.mqyww.com
shayu.info
www.atmost.info
speedweek.de
utter.wop.ro
www.airsoftgun.ru
hbuster.com.br
macrolepidoptera.hu
pedalo.com
kidica.com
linkdoc.info
usesthis.com
whiggarc.wop.ro
vip-madame.net
byethost3.com
denticina.wop.ro
cropsites.com
6av.info
zuowenyi.com
jeux-remuneres.com
uniqueness.it
zmnwzc.ycsyqn.com
elivecd.org
electotronics.com
vayp.210000.org
iste.org
puredata.info
slimcd.com
kogeatletik.dk
skydoor.net
risshins.wop.ro
www.aapv.nl
6mwww.cn
kaps-f.info
oaki.info
freehosting.md
bartoverbeek.com
kejinfa.com
photostart.info
musicmarketingmanifesto.com
puroresufan.com
cghub.com
www.czdzj.cn
web.ultrats.pl
www.uniwag.pl
tv.cn
putongfapoao.w1680.com
plotip.com
kvikli.com
live-well-fit.com
forum.cnsec.org
ifuckasian.com
link.blogmura.com
affiliate-promoter.com
lobosdocerrado.com.br
bayashi.jp
happy-bookmarks.de
cappellishop.it
www.abhd.nl
tohoku-epco.co.jp
allebiler.no
vgwort.de
hi-phone.com.vn
isrnasuha.nl
createawebsiteincome.com
news.9666.cn
bisetose.wop.ro
alittlewhitechapel.com
theautocruisers.com
3s0.info
ileu.nfdy.net
wowestores.co.uk
oclu.nfdy.net
gonct.info
wzrcw.78.cn
ipa.im
kipmooney.com
wuhanccc.net
persian-star.info
multirama.gr
pwba.k3y3.net
ld6.info
www.ta0baad.com
lylia.hu
www.xxx0123.com
sjbasf.com
www.xgaybox.com
changweill.1168.tv
kwilliamsen.com
edyhosting.info
dieselkino.at
webzz.info
4anything.com
nandadevi.digart.pl
xoppi.com
rocketnews.com
www.gbhtb.com
mediacorp.sg
wilzonex.pl
tolkland.com
dandong.01666.info
cotofre.wop.ro
litinstitut.ru
svwh.net
www.ditsmedia.nl
baixingfeitong15f.1168.tv
www.zgrniu.com
singsing.wop.ro
www.xingbaojianpin.org.cn
www.sportlo.hu
exvoto.wop.ro
fuwo.com
4hc3.56dvd.net
ymx.5888.tv
jm.taofang.com
www.geilepoesjes.nl
longlife24.ru
f64.ro
www.cndo.org
smsmaza.in
zxcj.nfdy.net
confinvest.it
realidadscans.org
mfl1.k3y3.net
fwd.com.ar
www.pornofilmclub.nl
runthedeuce.com
w7p.info
intexonline.org
geodsoft.com
www.bht158.com
kdu.cc
gutc.210000.org
www.huobao360.com
twitterscripts.net
coolmusicagratis.com
6hcc.tv
www.bpoc.nl
www.lp.org
www.xyhyu.com
www.qiuziti.com
amway.ca
logout.do
viveresenigallia.it
www.gnr.nl
lucoo.digart.pl
jwxt.cqust.cn
2006.imcsit.org
europcar.de
yourmathguru.com
hiro-games.com
www.peizichen.com
onlinovky.cz
www.femme.re
horeb.wop.ro
uwielbiam.pl
wangyeba.com
wasakredit.se
maarch.org
toyaku.ac.jp
designbasics.com
www.vrijkonijn.nl
e-podatnik.pl
noushi.puk.ro
hychess.com
elioelestorietese.it
kvadrat.dk
alfa-tech.com.pl
torpilleriez.puk.ro
cn.adways.net
mutable-instruments.net
uskleo.com
dresden-airport.de
crushe.info
www.tuberman.ro
qpiter.ru
7-se.c.la
sinfulcurves.com
www.lorp.ru
www.ybbb.tk
wnmn.210000.org
lolli.com.hk
alnsri.net
hooped.wop.ro
slashdotsite.info
poferries.com
ochre.tv
eebuild.com
plav.nfdy.net
sslcommerz.com.bd
dodajlink.com.pl
mak.flog.pl
goodsmileasia.info
tweetwally.com
www.coolhello.com
ncsbe.gov
jzhlb.com
komenoshizuku.jp
videonuizle.info
download-templates-themes.blogspot.in
nyirlugosvaros.hu
www.cs2c.com.cn
zh-w.info
www.myrice.com
www.mygen.pl
duoduohongyaocn.1168.tv
fleurer-lee.com
niik.com
legendinc.com
bukmark.net
medmacs.ru
3mautofilmclub.com
webtalentshow.it
bhutandesigns.com
yxgz.cn
alivenotdead.com
jvwresearch.org
woyetaobao.com
protennisjobs.com
stulce.info
kas.soup.io
opaie.wop.ro
se.987aaa.com
mazda-forum.info
www.zhixinairen.tk
seoulforeign.org
www.webchina110.cn
amof.info
achmea.nl
gedoopte.wop.ro
3dlovedolls.com
vokeo.wop.ro
www.njupt.edu.cn
www.hbxwm.com
bike.puk.ro
getsmarq.com
tianzheng98.com
www.sfin.ro
boardgameratings.com
roundtable.co.uk
soft.cnmo.com
zoglo.net
ry2.info
dollighe.wop.ro
www.5kor.com
tgche.com
www.jfss360.com
osuosl.org
montana.edu
www.m3h.nl
topzaits.eu
iembelleze.dyndns.org
scsyfjy.9998.tv
hucxh.upweb.net
dealingwithdifficultpeople.info
gilde-allianzversichert.com
revistaviajar.es
tilc.info
iyigo.com
www.szit1.com
www.hiperfauna.com
composam.com.cn
www.uushuba.com
billysbuckets.info
hania.wop.ro
adiariobajio.mx
chlizaceh.info
aktivere.wop.ro
i-do-i-do.be
fairbankscenter.org
al-nukhba.ly
d4q.info
www.cmfs.cz
az.wap.vn
profilethai.com
girldestiny.digart.pl
www.kl2.cz
21pipi-d71.diandian.com
designerhandbagscheapest.com
0hb8.qiwen5.com
pomysl.zhr.pl
www.gd-ad.cn
www.wanted.ch
perfection.com.mx
silja.wop.ro
soniccouture.com
t0h.info
iranianlawyer.org
nandemoup.com
ukcarparts.info
softbankhc.co.jp
www.jay-squared.co.za
a.x77.me
web-designing.name
us.is
dominicanatours.pt
mwfotografias.com.br
l5d.info
tuxendo.com
www.69tz.com
laverez.puk.ro
www.234zz.info
valhallatreestopeople.org
vibralogix.com
wedger.wop.ro
vipcigarette.ru
www.dg234.com
www.weibostyle.com
114.dl.cn
ostriv.in.ua