vpshostingforum.com
buenblog.com
ec.1000color.com
antarajatim.com
du.tc
iot.10086.cn
boyhood.biz
www.wj3366999.com
ancewtry.com
cathletics.com
999276.soufun.com
tattoodragon.ru
oklink.tk
tambovestate.ru
fanweb.org
www.cnubo.com
vip9.755.com
l0nt.k3y3.net
wishonastar.info
aglimpseinsideblog.com
redhosti.pl
b.nrlm.info
insex.xiucai.info
qcontrol.ru
zaghost.com
cherry365e.jumpingcrab.com
bunding.puk.ro
uniconmgt.com
pccpolska.blip.pl
www.ceco.cc
thatcham.org
blog.baycrews.co.jp
bt.gxbs.net
loreal-paris.de
bulkmod.info
www.sealy.de
archis.org
www.cosmomed.com.cn
hipstersays.com
birthdaywishesandquotes.com
hztxbj.com
pinpin.me
a0xu.qiwen5.com
syoutengai-shien.com
mjingcai.com
sentidohotels.com
sex-tapes.biz
vru.ac.ir
friendsoutsidela.org
feestwinkel-abbekerk.istats.nl
www.jamievalentine.net
pferdewasser.info
blackpooldirectory.co.uk
indiamagica.com
bbs.foz.cn
vhelpglobal.in
carbonize.co.uk
dragodindons.com
programmer.lt
clickforblinds.com
www.biofacts.nl
sexysu4ka.ru
minivan.ru
seimeikan.pl
elitescreens.com
bugan.puk.ro
www.318ly.net
quietlightbrokerage.com
www.aww7.com
dspp.78.cn
wlppwnkrfc.freeblog.hu
bremer-welt.de
hjelpepo.puk.ro
www.big-discount.org
bdri.nfdy.net
nonrenun.wop.ro
w286.com
hnfgw.gov.cn
link-concepts.net
fzppdl.78.cn
beautybreasts.net
contatti.wop.ro
www.meirentang.com
elcorillord.com
watchbus.com
mostviralmedia.com
thegamercat.com
resada.wop.ro
mobilemarketinghiltonhead.com
rodden.ru
jiangsu.martianreptile.com
intoads.net
mabobark.wop.ro
4sitedating.com
gazzettadasti.it
wirelessconnect.eu
bulunge.puk.ro
www.aisex.com
fs.zx123.cn
scooterforum.no
bingarticles.info
gallerygate.com
news.e47.cn
www.yyljz.com
yangba99.com
astromagazin.net
tribunolahraga.info
www.artishockevents.nl
www.57s.com
w3spy.org
idealcloudphone.com
avi-swf-convert.com
support-bb.com
2-steps.net
wap.03hz.info
wickie.puk.ro
bluechopsticks.com
www.fzdqhb.com
mpx.keep.pl
houseinsurancecompanyz.info
calcule.puk.ro
hango.puk.ro
www.swordart-online.net
xxxbiankaxxx.wrzuta.pl
www.taojitang.com
www.eastwestkarate.org
redirai.wop.ro
lsdeef.hyves.nl
www.bjqwwh.cn
fresh.lc
inesem.es
guitarandampshop.co.uk
zoomacom.org
chachala.com
wordsolver.net
www.amateurfilmsinhd.nl
infoinwestor.pl
wayback.com
www.mfu8.com
srvmatrixemail.com
www.38pv.com
caiyanchina.com
irancardshare1.info
bcbgdresses.zsuit.com
leisecamarica.com.br
avv2.k3y3.net
alefaceci.pl
dred21.flog.pl
obernberger-inntoifen.at
znaj0ma.digart.pl
hotelpuntanord.it
afkode.puk.ro
bmu033143.chinaw3.com
www.cardiosmart.org
www.612580.cn
k1.haimunx.bee.pl
best-iphone-cases.info
wutawunashe.com
yuyue.shdc.org.cn
spisane.pl
149zz.com
friedensbruches.puk.ro
abacvs.org
bidify123.weebly.com
www.vitanu.nl
cestec.it
ekr13.info
officeaccommodation.info
ikarus.net
chandigarh.olx.in
aquadiary.net
57dns.com
3l51.com
performanetwork.com
mts5.software.informer.com
www.qizhongjic.com
irudina.lk
musstest.puk.ro
byethost3.com
carpospore.puk.ro
cntzn.com
www.jun.pl
fes.apbank.jp
ngocphithuy.vn
borpas.info
peristeropodes.puk.ro
www.hasmed.pl
www.szmk.nl
lowerrate.ca
opstapeling.puk.ro
carolwilcox.co.uk
www.caoyidong.info
poroseness.puk.ro
banner.55.la
kuiage.wop.ro
aptekaonline.ru
testudinaria.wop.ro
cassinia.puk.ro
www.kaiem.pl
gaymenblog.info
notatka.pinger.pl
vesti.ru
jdd.blip.pl
fkzz.265link.com
roerzeef.wop.ro
fangensk.wwwwww.wop.ro
ultras-tifo.net
ricardo.gr
alleging.sjirting.decolorate.drammen.wwwwww.wop.ro
www.carlofranco.ca
oeffentlichen.puk.ro
zasobnik.eu
kobelco2103.jp
castlemere.org
ch0.digart.pl
lvliangweiyena.fdchs.cn
www.kovinox.hu
pancakes.puk.ro
deportevalencia.com
migunoxylife.com
oertekst.puk.ro
mgranit.com.ua
csustbbs.net
gpnetsoft.com
kedzior.digart.pl
berwaldw.hyves.nl
56cs.com.cn
hh522.com
ikaiku.wop.ro
bug-pesto.com
sggn.210000.org
blog.hanqian.net
tinging.wop.ro
www.apdawei.com
overgrootmoeder.puk.ro
castlecamp.at
resourcepower.net
digimuziek.nl
rebelleerde.wop.ro
newswhip.com
fastestlaps.com
autistici.org
2455.hu
guangzhui.org
zdolny.eu
zfkj.jxbgw.ne
c1521.fr.nf
funchal.puk.ro
www.0310tv.net
mansonwiki.com
www.shzgjzx.cn
www.ta0baad.com
hmongregister.com
www.sxxkl.co
ecookshop.co.uk
www.sanlian88.com
arteworks.biz
pixydir.com
wlzezq.78.cn
gardendirectory.com.ar
japanesecomposers.info
schneewald.de
aching.puk.ro
lib.jci.edu.cn
www.lynets.net
wap.t7zl.us
middelburgglas.nl
juancong.com
mootylek.digart.pl
subway.sunbala.cn
kimiqueen.jouwpagina.nl
4seo.eu
v8ti.in
bing.co.kr
nosferat696.digart.pl
clickmonster.info
602.wapyc.org
embryotega.puk.ro
uncfsu.edu
arcticwatch.ca
helge.im
lomishop.com
live4.ru
beautyproductreviewsandrants.info
ehecatl.digart.pl
wgk.cal.pl
bluemoonfiberarts.com
appurasse.puk.ro
admin.usa.unsen.us
b.cc
71mf.com
adolescents.cat
moultriefeeders.com
hateinside.prv.pl
fuhdybomo.typepad.com
86kx.com
zwdao.com
sacramento.aero
forema.it
italydesign.com
daihiki.puk.ro
fecomercio.com.br
e-earphone.jp
cranioty.wop.ro
agilemodeling.com
college.usc.edu
ankbot.com
exercito.gov.br
fd1.info
acs.pl
kw-eng.net
lezspace.info
acadimostravel.gr
ygzq.cnr.cn
www.rfholding.com
eigengerechtige.puk.ro
safran-gewuerzbasar.de
piratpartiet.se
1000mg.jp
eih.vn
modiriran.ir
1vakil.com
nevada.ie
itluren.com
cpnqt.name.vn
shaofan.net
daludy.info
495567384.qqku.com
ibunker.us
wzdh.tk
antonioallen.net
szskz.com
eiri789.deviantart.com
chioccioli.exblog.jp
boxui.com
down.letv888.info
bog888.com
einzelstaaten.puk.ro
www.jieyang360.com
wap798.cn
haiguan.info
lighthouseseries.com
www.ranwen.net
box-p4p.com
caaf.it
gepros.com
elocutionists.puk.ro
registry.net.za
semblar.wop.ro
beirobot.com
ocean.edu
www.xwadh.com
cfcnewholland.org
14liao.com
www.gwu.edu
eirinsho.puk.ro
www.910xf.net
utrangerte.wop.ro
theonlinebibleschool.net
gyakokt.freewb.hu
cinc2012.org
www.qingons.com
daphne.vitus.org
www.stenclimeheszet.hu
asvl.hyves.nl
myitworks.com
joum.nfdy.net
bougies.info
archpaper.com
competently.wop.ro
beat-social-fear.com
baijiale222.com
j.cc
biggo.pro
doorsleet.wop.ro
buyfansplus1.com
xl7u.56dvd.net
slangenhaken.nl
baranshop.in
baby.nxmyhome.com
unternehmensfitness.at
efind.com
tinytuan.com
rxyu.210000.org
fictioncity.net
india.gov.in
qiwei.6188.net
nsoidyd.myftp.biz
filles-facile.info
byelove.net
zgwt.k3y3.net
www.51blj.com
instantarticlefactory.com