www.lilong-sh.com
rpgwars.pl
wwwsdw.qo7.cn
pinkemu.com
ausstattendes.puk.ro
www.tqgzw.com
rohoel.wop.ro
wklejto.pl
gorlopis.wop.ro
w-necie.com
chrissiecool.deviantart.com
tiwi.265link.com
gk.52admin.net
www.yx1978.cn
php-developer.org
www.500ggzz.com
www.tao528.com
foretime.wop.ro
affery.puk.ro
www.xiangfudz.com
smz.jooov.cn
gymlondon.org
kent3583.blogspot.jp
giramondo.org
qkiz.blip.pl
upyupy.fr
www.verbon.nl
d654.nfdy.net
indobook.org
wrigley.com
nikto.flog.pl
theregoesjohn.com
www.euractiv.ro
www.hnsj365.com
telerama.ec
tomhuachina.cn
9158luo.la
mibuenamigo.com
www.cupidov.nl
www.hk-event.jp
brad.ac.uk
zchx168.blog.tianya.cn
gs.mbzl.us
outchow.sino.tk
theappl.com
gladharige.puk.ro
www.hzhxdys.com
fmoh.gov.sd
mweb.net
wrzmobi.com
se.ke555.com
couchlockcafe.com
www.fs528.com
bet4fan.com
auto1234.info
guihuaxiang.com
3ji.info
pgpchs.com
omskreg.ru
5928888.uni86.net
kasia1988.pinger.pl
bespeurt.puk.ro
clipxxx69.info
www.szcda110.com
www.fireworkschina.cn
yourvirtuallibrary.us
wrzucanie.pl
ptsprofit.top-site-list.com
android.gs
www.omga.me
888gc.info
www.seme.hu
ys.222hh.info
www.csna.cn
www.8090.so
non-non.info
rics.org
prwv.info
www.pese.co
y7.net
vologod.wop.ro
kooien.wop.ro
clock2d.com
aanga.puk.ro
v-gn.de
r8a11.xb007.net
yz21.net
eizirou.puk.ro
www.vla.cn
drive.gr
www.zz360.net
beiyine12.taobao.com
optele.net
sportsante.info
minivan.ru
pumix.hu
wwww.6dxh.com
castmember.com.br
vliegene.wop.ro
quizy.me
help.ename.cn
sassou.wop.ro
49.0874.cn
wellsana-apotheke.de
ul.my
cascaraamarga.es
webseostat.com
skyre.wop.ro
turtles.soup.io
www.helanwang.cc
ritselt.wop.ro
asdf91.wrzuta.pl
ipworkshop.ro
home-and-garden-today.com
nalia.tv
www.etet.cc
www.wchcz.cn
boligfif.dk
eic-party.de
gjzyqm.com
alfa.mk
www.xhby.net
virenschutz.info
www.bron.nl
www.szs567.com
mhk.5law.cn
www.gdjingzhun.com
piaoyun.net
www.thenorthfaceoutletvs.com
biyouti.cn
glennys.com
protolit.wop.ro
osiris.puk.ro
yangba99.com
plastech.pl
divorcecoach.co
www.cndo.org
stull.wop.ro
youzin.net
office67.ru
bellina.wop.ro
xiaojie900.com
ohoy.puk.ro
singsing.wop.ro
bookmarks24.net
xvideosporn.info
www.tlzl9898.com
fileurl.me
beta.evosem.pl
gk.ggabc.net
mortgagestrategy.co.uk
michal697.digart.pl
bednar.blip.pl
sociobio.puk.ro
ebonywhores.org
rikusuke.a-thera.jp
mxcygs.com
virdes.digart.pl
vdh.pl
nycc.edu
varikoz.kiev.ua
marketinggum.com
bcz49.com
bazakont.pl
www.145689.com
www.haqitu.com
shewes.wop.ro
rlp.de
ginestre.puk.ro
potted.wop.ro
5dy.181.net
jpoplyrics.com
fashion.dztv.tv
dochorwacji.pl
glancytrains.com
www.dadi2k.me
sexyvidea.eu
agrandissez.puk.ro
viralconnection.net
azerros.ru
aboutjade.com
falceret.puk.ro
tsurifune.com
banyuwangikab.go.id
vs.tc
pornrelive.com
porntubepromo.com
internetmarketing-infoblog.de
indiaclass.com
olivespa.co.jp
alleks.ro
modetrends.info
ayous.wop.ro
richter-frenzel.de
www.3zrr.com
globalmemo.org
tomnieboli.pl
thesocialpath.com
tjana-pengar.nu
uzoq.210000.org
autorespondedores.net
youngester.com
team2ch.info
fatman.nsu.ru
achim-achilles.de
uyfree.com
gartenwerk.net
radyospor.com
sweb1.com
jutakuga.puk.ro
baptisthealth.net
smgroupkolkata.com
putler.com
socketlabs.com
omca.co.uk
glak.tk
17986.taobao.com
hopnatop.pl
happy-go-lucky-harvey.blogspot.com
www.5s.cm
recept.lap.hu
www.balkom.hu
2012-survival-guide.com
kelliepickler.com
therebelsweetheart.com
5432.in
www.goodvod2.net
qqooopp.com
lax5678.com
skyvision.in
mocotyan.blog.so-net.ne.jp
newsarea.biz
web-on-line.ru
kantonow.com
docjones.de
schmoozelounge.com
ipeer.se
paolobarnard.info
talouselama.fi
beautytalk.com.hk
raazz.com
watchdog.digart.pl
wavehunter.jp
giacomotavera.blogspot.com
www.hegymagas.hu
nutrametrix.com
thecamwankers.com
proxybay.info
gsmforum.su
amateurpornvids.net
michaelharringtonblog.com
pcpeizhi.com
webjeux.com
xpert.ru
bbb12aovivo.org
stylistsresource.com
5ye8.com
zhen.com
oksyd.blox.pl
comb.es
hmforces.info
lamchina.org
demotivationalpost.com
966p.com
funonlinequizandtest.com
globtra.com
glenneggleton.com
autofilter24.de
wzhai.com
insurgentgames.com
www.botoupump.com
brocku.ca
thesunriseofmylife.blogspot.com
web-fortbildung.de
prestosoft.com
www.sexdenhaag.nl
www.magnat.by
settl.zugspitze.amorism.wwwwww.wop.ro
flackcheck.org
ribot.co.uk
tulane.edu
glenbrook.puk.ro
collive.com
remodelingmyspace.com
tlh-clan.net
inforam.pl
homejobhelp.com
hgot.210000.org
fyoop.hu
gzfz.78.cn
afntijuana.info
63jt.265link.com
torneret.wop.ro
fuellig.wop.ro
evl3.pl
www.gogo.mn
ningbing.eju.cn
maessige.wop.ro
hightechrepublic.com
interaction-i.co.jp
gespraechiges.wop.ro
www.dgtl3.net
www.sdzhmy.com
fz.langge.net
clus.ch
idet.nl
r-ship2.jp
www.xhys.asia
partition.io
iphonebooks.info
whipstitchfabrics.com
www.cozmic.ro
grimclan.com
rubarono.puk.ro
www.1580w.com
xpriceindia.com
wealth-4-all-team.net
www.dares.xxx
akep.al
www.ggbgbw.com
szsxhdsj.86mai.com
widgets.campusbooks.com
ostseekreuzfahrt24.de
newtsnetwork.com
mysticvistas.com
www.nnhsy.com
devilgaia.com
hbgz.edu.cn
fyme.cn
techcrunch.com
stefano-picco.de
vcpe.265link.com
mony-tree.com
roofnest.wop.ro
marianblog.info
meetfolder.com
iptc.software.informer.com
cfae.cn
wordsolver.net
dubn.210000.org
shillety.wop.ro
raisowna.digart.pl
www.weblist.az
verschlagenem.puk.ro
amorfm.mx
gartenliebling.de
glory-hunter.co.uk
wealth-4-all-team-israel.com
szsxhdsj.cn.gongchang.com
greattimefortea.deviantart.com
forums.ouyaconsoles.net
tourprague.cz
linkedin.ca
makeleaps.jp
blogsport.ro
nztcinternational.com
alarmer.wop.ro
exchange.kg
www.qizhongjic.com
www.glassweb.org
all-batteries.es
www.x6180.cn
emprendedoras.com
fastspeeddate.info
www.ccs.cl
suidousu.wop.ro
jeux-mmorpg.fr
www.93zz.com
jd37.nfdy.net
shutoshi.wop.ro
tripmama.com
visitais.puk.ro
allargassi.puk.ro
www.mli8.com
iwom360.com
brakeroo.wop.ro
4opz.nfdy.net
torrenthouse2.blogspot.in
www.cubiqz.nl
yuepyba.com
anxin.5law.cn
restward.wop.ro
rooms.kiev.ua
salobre.wop.ro
sanndru.wop.ro
titelpla.wop.ro
notlage.wop.ro
dopek.flog.pl
falcks.puk.ro
yantaihuaqiaohotel.com
gnikke.puk.ro
calidadsj.com.ar
szirty.uw.hu
perry.wop.ro
www.aixuek.com
www.propos.eu
huesvtech.webs.com
junran.wop.ro
hotel-dolomiten.net
midyo.com.tr
www.diyiseqing.com
www.stl350.com
ezable.myshopify.com
leqemtgi.puk.ro
nonwinge.puk.ro
gobblede.puk.ro
www.timexz.com
chache88.wanye68.com
dourody.pinger.pl
anrhjfwy.blogger.hu
wuanvf649.huijucn.com
energystream.dk
www.lnicp.cn
best-travel24.com
www.ltesting.net
gwede.wop.ro
taaze.tw
aguyfrompleven.deviantart.com
travel-overland.de
www.brandsen.nl
www.blogiq.ro
babuma.wop.ro
unicreditbulbank.bg
www.hkaac.org
bilgibirikimi.net
cheapinsurance.com
elcorral.com
lovera.wop.ro
freevideo-porno-zdarma.cz
boudweg.wop.ro
jiuye.xawl.org
fetta.wop.ro
youngminds.org.uk
bursa.ro
rogerclarkmotorsport.co.uk
aini.0513.org
urpred.ru
rolltidebama.com
www.dotime.nl
www.rejseliv.dk
hipby.com
live-language.com
www.ukij.org
meusuperluso.com
ottica.it
havanesepuppy.us
go4pr.de
tabriz-patoogh.blogfa.com
printrestaurantcoupons.net
kiteforum.no
amarixe.com
transgre.puk.ro
forbot.pl
dharmanet.org
patid.com
www.ltdwww.com
americatube.com
fixai.com
www.3ayl.net
68liao.info
rinkosamani.blogspot.com
4gm.info
juegosdelcartoonnetwork.com
iordel.com
aramkor.hu
chachala.com
anonine.com
123ch.net
socialblogger.info
northbynorthwestern.com
cweb.com
neatpublicity.com
computrabajo.es
uriya.puk.ro
srilankanewsonline.com
mcubephoto.it
lamin-x.com
tuxendo.com
myipswitch.com
unmolder.wop.ro
kkbkk.com
lugansk.info
0769wz.info
gmarket.com.my
camisetas10.com.br
abarth.it
culpornospot.info
kasiaaa99.pinger.pl
progbook.ru
elpatrone.blip.pl
test.gimoo.net
celebs.vn
wallypark.com
gmw.cn
kiwihabitat.net
wow.178.com
www.juqingba.cn
alleskroatien.com
healthplus.co.uk
webhostingbiz.net
z-online.ch
hollywood-celebrity-pictures.com
arsip.indipt.org
vieclamtrenmang.net
forumszosowe.org
pacificvoyagers.org
pt135.com
glycinen.puk.ro
sobory.ru
99.nicaza.osa.pl
csnf.qiwen5.com
a1freightforwarding.com
wuintranet.net
iranianlawyer.org
usvjaty.ucoz.ru
beber-comer.es
www.tao-taoba.com
nkkk.fw.hu
pcsky.cn
promdress.co.uk
aanschouwt.puk.ro
profumodilievito.blogspot.com
directorynow.co.uk
beez.com.hk
webhostingwebsitesz.info
itk.fi
www.lagune.nl
oathact.us
3tre3.it
nycclub.info
www.931wl.com
hupan.net
starburstmagazine.com
peniscam.info
canonical.com
ifsja.org
runke.puk.ro
rsk-tokyo.com
tianmaipingyatang.1168.tv
thesolitaires.com
therme.at
meduoduo.com
projet-ump.fr
hq-wall.net
tvoyweb.ru
wmqi.210000.org
folgsenlu.freeblog.hu
www.alitalia.ch
gach.puk.ro
www.peppiniello.it