fielding.co.jp
asp.bekijk.nu
youngminds.org.uk
sotrans.com.vn
speedfly.cn
ww3231w.2pcn.com
citec.cc
znajdzkuriera.pl
bookmarkalphabet.info
www.urra.cn
kudweb.com
mirmod.polki.pl
listastron.pl
sztukarnia.pl
theprestigefullmovie.blogspot.hk
infocyt.info
electionguide.org
decoralis.com
cbbn.zbinfo.net
brane.com.br
c3directory.info
forumpro.info
8b662.com
laurna.wop.ro
kafuka.wop.ro
kampie.info
win7sky.com
mybanker.dk
indicaties.info
kz.flog.pl
cxxk.210000.org
stykaa.wrzuta.pl
26greyowl.com
mzzj.net
www.zghnjsf.com
ledieci.net
congloi.info
efeblog.com
emusar.org
bbs.inwesky.com
sprawnik.pl
bestkatworld.info
aansluip.puk.ro
code-snippet.co.uk
company.efw.cn
hasshino.wop.ro
literallyinspired.com
thepaperplace.ca
genevievekay.com
hmfz.78.cn
jgsjzflb.com
emitel.pl
www.18fish.com
calderon.puk.ro
uy60.com
chalongrat.org
psdguides.info
demaio.info
wallpaperhub.net
justamente.net
dehajime.puk.ro
jwxt.cqust.cn
canun.wop.ro
lentejar.puk.ro
ezmedinfo.com
lessons-tva.info
www.kafei360zx.com
renf.pinger.pl
isport.blesk.cz
huichel.wop.ro
www.jamievalentine.net
jeducation.com
yqve.qiwen5.com
yisl.k3y3.net
www.fonik.pl
bebe-magia.ro
21directoryiso.info
www.eguilin.org
frambringer.wop.ro
jostu.com
neis.go.kr
shrek2fullmovie.blogspot.sg
www.kmys.cn
safistudio.pl
www.ifps.org
kall.digart.pl
jouyamanzali.info
studioopinii.pl
www.mmy.cc
7dias.com.do
nicotia.wop.ro
obvx.qiwen5.com
bishuilicheng.soufun.com
webworlds.info
animationnow.pl
wolfing.wop.ro
risishot.wop.ro
beltek.wrzuta.pl
bidoom.com
dfm.nu
aecd.265link.com
www.194a.com
autoinsurancelk.info
u68.cc
horgasz.hu
arcadia.co.cr
garbo.uwasa.fi
mendotahearth.com
t-vliegveld.hyves.nl
bonifratrzy.pl
betasky.net
www.bet3651.com
darrein.wop.ro
www.genderstudy.cn
zvoner.ro
estamental.puk.ro
ecdlweb.hu
matthies.de
sacerdotalism.puk.ro
opql.210000.org
pthh.210000.org
lectoren.puk.ro
ondango.com
velosh.com
thoracostracan.skoleung.gracer.essi.euwww.wop.ro
uksconcord.pl
aanga.puk.ro
www.663ss.com
qbdzy.net
york.gov.uk
www.www.xingwang0788.com
hutsepot.wop.ro
hupan.net
kwgu.k3y3.net
968.cc
interkon.puk.ro
sesehu-820b.tumblr.com
heiligin.puk.ro
zafriko.pl
www.smy.cc
www.shxfsw.com
hedrofarms.pl
www.cheynehoran.com.au
tatemura.puk.ro
exxtra.blip.pl
member.fpt.vn
howtolose-weight.info
socialwebborder.info
kontury.info
6w6w.net
www.jcow.net
laptopbits.co.uk
nedermetaal.nl
wowbug.info
vip.28wed.com
classiccar.com
e-tamaris.pl
rapidlinks.org
www.zbshly.com
kava.puk.ro
piazza.wop.ro
weare1.info
scorafru.freeforums.org
bbog.nfdy.net
content.edu.tw
5maya.com
dan-links.dk
qiuknows.com
photomall.info
www.mytaoke.net
ziii.biz
karolek3.pinger.pl
subaru.de
esparza.puk.ro
endingen.puk.ro
sichuan.jingjia.org
notorius.pl
urosario.edu.co
offshore-services.biz
www.yyets.net
elwisek88.flog.pl
radiowawa.pl
www.wjpifu.com
panamairline.ru
free-tips-and-info.info
guihuaxiang.com
dianying.1913.cc
vdgarde.nl
route49rally.com
nemesis.flog.pl
yindumogen.1168.tv
max3d.pl
www.llbm.lt
k2-tec.com
kakaku.ascii.jp
igrs.webs.com
supermedweb.it
3erp.net
88j6.210000.org
kia.lap.hu
articlebase.info
www.hualee.com
nozo.pl
www.alidora.ro
openbucks.com
betvan.com
spoliate.wop.ro
quarei.it
cynet.com.my
djad.56dvd.net
aiml.tk
kortsche.puk.ro
irkflowers.ru
enthusin.puk.ro
articlebom.co.cc
66289.info
bbs.anger567.com
floripashopping.com.br
hbzyzs.info
roybusard.be
satti.fecsegj.hu
funpic.de
www.xqtc.com
agence-tipi.fr
lorithayer.com
xian.baixing.com
queening.info
actmyself.com
juancong.com
dist-tutor.info
abus.puk.ro
mdlboys.info
ttdmwbrfp.page.tl
mobile.ro
margreet555.hyves.nl
tybjerg.info
7d3w.nfdy.net
marshallsales.info
directorymaster.info
bai.lu
wsgh.nbws.gov.cn
linkbandit.info
maqc.nfdy.net
www.0575.me
laco.wz.cz
i999i.com
www.elcato.org
www.gczsw.net
vm4o.k3y3.net
socialbookmarkeasy.info
entschlackt.wop.ro
miasto.dsl.pl
thaigold.info
secretcity.de
dottorsalute.info
ww.51mlw.com
grig.puk.ro
222262.com
freelistnow.info
getsawed.info
google-backlinks.eu
jxd.hk
blog.sina.com.cn
www.tuan800.co
revctrl.org
www.hnntgy.b2b.hc360.com
nj.newssc.org
exper.org
11eeee.info
aldonka.blip.pl
bonesfan.pl
crbone.info
expressiole.info
tvn.blip.pl
shm.com.cn
deutschesee.de
ariagency.ca
maxik.me
www.kx69.info
worldschool.in
megatheriidae.puk.ro
www.bdzy.cc
culosardientes.com.ar
sou.wjw.cn
www.1ye10.com
mamo33.ru
bouwstof.wop.ro
anoiadiari.cat
9798109.5sing.com
ccftn.com
bon-bochi.blog.so-net.ne.jp
rzgw.gov.pl
sortere.no