tvweb360.tv
ukhc.nfdy.net
varicoseveins0y2.info
vbuhanov.ru
mda.or.jp
vcp-oploo.nl
www.airproducts.com.pl
gtamoding.pl
vdok.265link.com
www.tx791.com
vensterramen.supinated.wwwwww.wop.ro
videosex69.info
vn.video.search.yahoo.com
vorp.blip.pl
ejka.blox.pl
votersdirect.org
w010w.com.cn
wandelkaart-oud-heusden.istats.nl
warrior-swords.info
webcash.pl
webpond.pl
wenzhou.16700.info
wer-ruft-an.info
www.jpto.4f9.org
wiederse.puk.ro
new.leta.lv
wodzislaw.pl
ems-baustoffhandel.de
www.huaxiongzhao.com
jordan4sat.com
gurukriupa.com
66bb.com
5dd.com
formtools.org
qmyy.com
radioanimix.com.br
nenaborrero.cl
kisoji.org
weitz.de
autoby.jp
aljoudi.blogspot.com
gefrieme.wop.ro
dososinh.biz
www.95598.fj.sgcc.com.cn
okinao.puk.ro
rushydro.ru
alger.wop.ro
newusbhub.info
armar.wop.ro
minecraftexchange.net
sahara-libre.es
wam.ae
www.corus.nl
coolboo.com
hozehonari.com
pyrrhocoridae.wop.ro
8d1.info
gitare.info
roughporn.info
e-vending.ru
f2.98hy.info
www.zil0.tulv.org
siggisig.wwi.is
dumond.com.br
prlinkdir.info
11167443.5sing.com
dyei.nfdy.net
rospil.info
www.658456.com
5af.info
drel.su
stelers.wop.ro
dh.meijinmeng.cn
zepteo.info
solgenomics.wur.nl
bankoboev.ru
nsx.pl
zephyr.wop.ro
nonsubsc.puk.ro
www.lipozenescam.org
szempilla.info
tpxy.usts.edu.cn
afslijpe.wop.ro
wm2z.qiwen5.com
www.srmhw.com
atehenmei.com
hi.wordpress.org
fizzbangseo.com
rumbar.eu
likesystem.cz
goldendict.org
chuenyuen.edu.hk
hotfrog.com.my
flyingto.info
jensel.info
jusaozh.info
guihuaxiang.com
www.laoposao.com
www.0663.net
8p51.265link.com
superangelical.wop.ro
pmplogin.com
argoland.ru
vacu.org
xosotructuyen.vn
royg.info
wowhd.co.uk
agoda.vn
cleanish.puk.ro
tubexxxhot.info
snakeholes.com
pim.pl
xixichengyuan.com
wishonastar.info
www.freewebsite.mk
ynumba.info
rt-tracker.org
www.abgent.com
iisz.210000.org
trainershouse.fi
forumsubiekta.pl
www.monetos.de
sklepdlh.pl
www.qdnzy.cn
camperboerse.de
destinationtunisie.info
cardif.fr
blog-porno-gratuit.fr
rf.ro
orthowiki.pl
healthcity.be
www.artviper.net
2s-blog.jugem.jp
e-xin.com.cn
www.shaczs.com
krav.nfdy.net
xgcp.info
yzjhyy.1168.tv
boodschapper.puk.ro
kauai.co.za
entomb.wop.ro
pablopicasso.org
welham.puk.ro
p2mforum.info
51tbabc.com
kuyi.yk8.so
keyoministries.com
www.huaduge.com
dhpl.net
www.yanxiw.net
tepapa.govt.nz
kadz.com.br
www.fanel.ro
www.xiaosege.in
www.yiren1.co
rogersim.com
www.szcda110.com
maysaytoc.net
kha.com.tr
charles-harvey.co.uk
www.qdcyh.net
all-kin.com
daue.wop.ro
ceidg.gov.pl
unqw.com
groth.digart.pl
luigor.tk
singlereisen.de
ghostpro.vn
www.shenzhenkaihu.com
www.uetd.nl
bliskausluga.pl
agonija.eu
sila.toplista.pl
ftpv.nfdy.net
zhaorenpeiwo.com
www.htcl.co
kapuas.info
cctv13.cntv.cn
ecospa.pl
s3s-viaj.com.br
dalemooney.co.uk
bayannaoer.ganji.com
www.zqjhq.com
pensjonat-poniatowski.pl
culture-canada.ca
2bicycles1world.ch
www.wenzhomaoyi.com
jongensm.wop.ro
www.ssl.be
lamer.wop.ro
www.zbksy.cn
brays59377.huijucn.com
fishnews.ru
seditvicoba.or.tz
largemouthpr.com
vermiste.puk.ro
3ghk98.com
brillen-butler.de
hockey365.de
marketgid.info
www.xjxiaofang.cn
www.jccc.edu
wgci.com
myalbums.biz
semisocial.info
wwwkk.150m.com
becker-furniture-world-going-o.blog.hr
xkasiakxx.digart.pl
www.cnex.jp
outducks.org
hoboed.wop.ro
carws.net
xn--gksfg-jua.de
bqspa.cn
alderposse.de
www.lfzmcs.com
sarahbetty.co.uk
msherry.wrzuta.pl
natti.soup.io
ubk.blip.pl
skunked.ca
xixidieyuan.com
www.33dyw.com
www.dltongyong.com
www.eawag.ch
mojabramka.pl
megahugebacklinksdirectory.info
trannhom.vn
sj3.net
palgn.com.au
danceplaza.com