a0xu.qiwen5.com
jclk.nfdy.net
selmax.eu
poleko.mtp.pl
greatwebhostingz.info
dacixi.com
tiny.io
getclosure.co.za
chaodianjie.net
www.kirch.ru
2manydjs.org
lebensfu.wop.ro
www.nike2012pascher.net
chla.com.cn
lighterlife.com
raviriez.puk.ro
pc-planet.de
photoshop.pl
logiclink.info
penguicon.org
travel-to.info
521tibet.com
klerkenbaantjes.wop.ro
wisla.blip.pl
bumper.wop.ro
special-joho.net
www.zhongyi528.com
modelki.toplista.pl
3243.nfdy.net
www.lookgz.com
mekk.waw.pl
socengine.ru
cynet.com.my
glyt.210000.org
iris-bulbeuses.org
fabpro.pl
molossergroup.com
anais-apparel.pl
ybca.org
calineczka.pl
svar.pl
www.sxhack.net
schweiz-webdesign.ch
stokeylocal.org.uk
europraca.org
www.free.de
prlinkdir.info
zertruem.puk.ro
donators.wop.ro
www.yinlaodi.com
socialseoonline.com
666ak.com
zekp.265link.com
mo.99btgongchang.net
www.069f.com
svalna.puk.ro
www.y4dg.com
swigartcary.tigblog.org
penchi.jp
piazza.wop.ro
gebuhr.puk.ro
www.bioinfo.tsinghua.edu.cn
repleto.wop.ro
sephpa.com.pl
escort-oohlala.de
www.sspfw.cn
4148152.c.mychemy.com
www.kindlefire-s.info
www.xjtn.cn
www.ssl.be
www.lzshishicai.com
yuudachi.net
ccftn.com
grono.blip.pl
tymu.265link.com
ratondownload.com.br
wai1010-a20.tumblr.com
listastron.pl
massxxx.info
freelists.org
melledubndidu.fr
areca-backup.org
uwm.edu.pl
rospiggarna.nu
alnor.com.pl
overuse.puk.ro
gl6x.265link.com
www.hotelpraid.ro
ziii.biz
julli.flog.pl
assuredmoneysolutions.co.uk
qujiaozhi.net
juancong.com
interracialpeoplemeet.com
pakk.puk.ro
gbook.521338.info
guihuaxiang.com
mkb.uwpagina.nl
vectonemobile.se
13ii.info
tezet.nl
rukalafken.cl
disneystore.co.uk
aem.mx
www.jsfair.org
bookmarkingvessel.info
282.luanshi.org
elwisek88.flog.pl
cdsqingyq.jinnong.cc
jayslasvegas.com
sss2.aa.am
wiki.7color.org
urlpulse.dk
minmetals.com.cn
berber.com
www.jiyin88.com
www.db3.org.cn
yolox.wop.ro
dddblue.info
syncarpy.puk.ro
patapon.info
theamateurzone.info
tabs.wop.ro
wahmommies.info
hbyyedu.com
seo.cylipin.com
chachala.com
radio.orf.at
menstream.pl
spintabak.wop.ro
alliance-francaise.or.th
desaguisado.puk.ro
oruhuma.wop.ro
classroom20.com
regm.wop.ro
joemonster.org
zhongxing.tk
nummagic.info
kobayashi.co.th
directorymaster.info
masa.waw.pl
undersec.info
suderai.wop.ro
www.5460shop.com
nijibox.jp
lotterien.at
route49rally.com
currencytradingforexz.info
www.rank.gs
tublike.wop.ro
workwithjessemeyers.com
minix3.org
denticina.wop.ro
kruittor.wop.ro
ouarkoye.wop.ro
wwef.011r.com
pe-ta-nge.com
www.028mf.com
news.420.cn
openpgp.org
liuhe.tv
queening.info
alzava.puk.ro
pintuco.com.ec
buty24.info
www.yichangren.net
lexic.us
rusflat.ru
xkfi.nfdy.net
www.001union.com
www.xiaoxia.org
acceptin.puk.ro
dominiohost.com.br
beurtelingse.puk.ro
radiobrasilgospel.com
webkits.com.br
wanrong.ycrcw.sx.cn
86yoga.cn
uzagrebu.info
stilhaus.hu
www.lfzmcs.com
www.gaoni.info
www.siwa7.info
kopernikus.pl
y1pi.210000.org
prosifier.puk.ro
anapa.info
wii.abchry.sk
infeka2008.wroclaw.pl
www.ci.pasadena.ca.us
chie-0825.blog.so-net.ne.jp
hupan.net
int24.com.pl
dienmaydienlanhbachkhoa.vn
worldhistory.net
fnaim.fr
tribemarine.it
gupiao.5w.com