easylife.tw
petlittle.com
picturesindia.com
losslessworld.info
polsat.com.pl
softcom.biz
pornbig1.info
pornhentai.org
przymusiala.pl
preisjaeger.de
speedy.sh
primary.tongzhuo100.com
puzz.wop.ro
playism.jp
pyvideo.org
rankchecker.gr
projets-architecte-urbanisme.fr
przyjazneapteki.pl
redpages.ph
replacegarbagedisposal.net
revomaze.co.uk
raumfahrer.net
wallpapers4mac.com
ravu.soup.io
realhit.cz
7b10.info
rynnakko.fi
googlr.20j.info
saguerus.wop.ro
amtra.org
relationshipcapital.co
sblz.nfdy.net
qipim.cz
tttv.info
pobeda.info
lxbp.nfdy.net
play.fpt.vn
renulec.blip.pl
dnxingcheng.com
server-list.info
exxtra.blip.pl
pagerankz.info
cookipedia.co.uk
intoads.net
praca.gov.pl
netguru.pl
shop123.com.tw
vitabri.com
hebinzhicheng.com
skribles.com
sofields.com
summary.net
perils.wop.ro
supermedweb.it
2ndchance.info
polwyseplipa.pl
dejting-experten.se
swjproperty.com
rfpmart.com
tasmc.org.il
taxivan.es
kitauwa.mambi.euwww.wop.ro
jula5539.flog.pl
www.hub.hr
www.jinbx.com
www.hpbyte.ch
viuisso.com.br
rheuma-liga.de
kundensu.wop.ro
vologod.wop.ro
spacisippc.com.mx
jetmp3.com
herbarii.wop.ro
webchat.tq.cn
w7ph.ru
rospil.info
www.cnnn.cl
wallpaperhub.net
rpcxtdgbsyf.1168.tv
cheapbluraydvds.955uc.info
www.yiyiying.com
wetfeet.com
osaqua.com.br
baby.im
www.xinge.net
www.0573xuechenet.com
freeshipin.info
brigrugbyleague.co.uk
ventrilo.puk.ro
ssjzw.com
www.665mi.com
school.org.il
storecommander.com
www.aliwaxinnata.org
yaknge.wop.ro
www.950915.info
boshaft.puk.ro
udsving.puk.ro
www.987aaa.com
mblog.biz
oversend.wop.ro
stumax.info
gscnc.org
www.chenrenyongpin.uqc.cn
illblogtoday.com
www.cnc-jc.com
www.jatin.co.tv
www.dyz.cc
www.easy.be
www.fangdumianju.cn
www.firotour.cz
koujiao.in
keurmerk.info
www.kafei360zx.com
allsaidanddone.com
sz.nuomi.com
3erp.net
sztk.ru
tancra.es
p2mforum.info
landenkompas.nl
www.koral.pl
tanea.gr
www.lxms.icoc.cc
tareasfacil.info
www.lsxs858.com
www.powerstreet.fr
radiorent.hu
taria.blip.pl
begowk.wop.ro
www.pxjixie.com
xxxone69.info
www.lidianchi.cc
2s-blog.jugem.jp
www.stzp.cn
www.sudugujia.com
www.welpen.de
ixinh.isvo.in
dindle.puk.ro
thedestination.co.za
monowaka.puk.ro
mottainai.info
thefreeagencybalt.com
thegioi3x.info
pujcka99.cz
www.szdjd.org
themewp.com
100922.net
wpcn.org
www.uu11.com
www.skywoo.me
tianqi.178t.net
www.v10.pl
selbysoftfurnishings.co.uk
oprichte.verweichlichte.pfieffer.eekhoorns.wwwwww.wop.ro
tvcompetitions.net
www.kkdyw.info
www.wwh6.4f9.org
tkma.co.jp
kqcv.k3y3.net
petitionenligne.fr
saritube.info
www.xfqvod.com
alio.lt
22squared.com
920807.com
tokolosh.wop.ro
www.xiaoyaowang.net
www.xjxiaofang.cn
www.xt12312.gov.cn
www.xunta.cc
www.xxx59.com
torday.puk.ro
www.dqhqw.net
linkshark.info
hostzi.com
tourest.ee
tracheopathy.wop.ro
finya.de
doxea.pl
trading6.info
www.yiren1a.info
www.zgqt.zj.cn
www.zgyyw.net
vladars.net
www.19114.cn
tradingacademy.net
www.zoover.pl
www.ztco.cn
xbeta.info
xisaq.digart.pl
xiyugame.cn
xkfi.nfdy.net
www.51sao.info
transmediadesign.org
xliekeduenk.hyves.nl
c3directory.info
xoops.ir
xpmc.56dvd.net
travelwiki.nl
xqfq.nfdy.net
tubexxxhot.info
xtremsplit.fr
xuwemjian.info
y-t.com.cn
tulane.edu
yangtzeriver.org
turkos.se
shigemot.wop.ro
yidana.wop.ro
yoshimor.puk.ro
hanamasa.co.jp
computerworld.pl
www.ac4f.com
tv9.mn
yqve.qiwen5.com
katalog-seo.info
tvbola.net.br
yw.0577bj.com
z077v.ki99.org
zattiero.wop.ro
clasificadospanama.org
zeezout.puk.ro
tvweb360.tv
zgwqsj.net
zmarzlena.digart.pl
znajdzkuriera.pl
zprh.nfdy.net
021dlwl.com
www.54086.com.cn
sidmailserver101.info
023733.com
twipper.tk
vimfox.info
wtgz.k3y3.net
newskaz.kz
03918kumacat.blog.so-net.ne.jp
unmediat.wop.ro
2187.yoyuan.net
3--9.info
homol.fmix.pl
webpromo.pl
therooms.kz
52shunv.info
656bb.info
6dsd.nfdy.net
www.020gay.org
6h777.cc
cuteweblinks.info
vacationrentals.bg
varicoseveins0y2.info
72pityu.video.xfree.hu
868628.com
vbuhanov.ru
86ma.tk
888123.info
mossyhearth.com
acroni.si
vensterramen.supinated.wwwwww.wop.ro
washoe.nv.us
acua.ti-da.net
inwierp.puk.ro
afschuww.puk.ro
aitc.nfdy.net
vereno.at
verhaaste.wop.ro
rozwijaj.home.pl
oublierais.puk.ro
videosex69.info
vilolaeg.wop.ro
65w5.nfdy.net
voipphoneservicezs.info
56cs.com.cn
pikt.jp
graphicallydesigning.com
123feijibei.com
alveolol.puk.ro
androidplanet.it
anticens.wop.ro
appartement-calfven.istats.nl
appletvblogr.com
appsku.com
b2p.jp
bagnini.wop.ro
wseiz.pl
www.2ap.pl
baidu23.admin301.com
bainari.info
fkn-famous.com
balked.puk.ro
smartrepairpoint.de
fleshin.ru
www.pacio6.digart.pl
www.0516jy.com
jmxt.nfdy.net
mirabab.fr
bangmai.info
socialbookmarkingreview.info
accenture.com
www.0718.cc
soleyn.puk.ro
taumel.wop.ro
bbog.nfdy.net
www.0769lipin.com
175.aiao.cn
www.1-l.cc
bbs.zm7.cn
bcs.tt.lt
www.100922.com
lyarczwobl.blog.kazeo.com
www.1133.cc
rudnickaolga.pl
www.123.fr
webit.ru
beestar.org
bildausd.puk.ro
bingxiang.biz
biocafe.so
bipa.at
bjbk.co.de
bjccjy.9998.tv
www.13149921.com
futurowin.cl
bjxdqlddcyxgs.diandongche.biz
ama.com.au
dealme.ch
blog.itu.dk
www.188soft.com
www.2resume.cn
blognavi.info
linuxpourlesnuls.org
bloodfestival.livedoor.biz
www.5068.com
bluesenzo.nl
bmw.win-cloud.yu.gs
boinc-af.org
dofollowmarkzoom.info
bonifratrzy.pl
www.520cc.cc
dtscinema.in
bppt.go.id
funiforum.org
www.52shejing.com
bramleyblinds.co.uk
caoliu522.pen.io
casinodiner.pl
giamcannhanh.com
cassini.ro
cayennepepper.info
centroesteticopadova.com
cheannunci.it
www.qdwuzhou.net
sexe19.info
fineteaandcoffee.info
www.5ka.pl
pdry.wop.ro
adrevamp.com
topics.wwwwww.wop.ro
fichez.wop.ro
cicc.com.cn
cherianews.info
www.dnf7z.com
www.747474.net
www.77cc.info
chuzhou.tielu.org
www.8003888.com
www.8886.info
www.91q1.com
www.gdeep.pl
cistite.info
www.91se52.com
presse.no
nvjdfiddis.com
sanconhantao.net.vn
cam4free.cc
bobo.474pp.net
butonii.ro
cultivat.wop.ro
d3webdesigns.com
www.96296edu.com
dacixi.com
datket.net.vn
ismailaga.info
www.969686.com
disciplinons.puk.ro
djbudi.prv.pl
dokaan.net
121indiaclassifieds.com
www.988mu.com
www.psc.pl
vinaora.com
moston.wop.ro
www.a67com.com
dotpoch.com
dreinschlagende.puk.ro
dronacharya.info
duntz.info
www.aaawatchreplica.com
dvd.weblink.hu
e-molp.pl
www.about-face.org
e-musiclab.org
e-pal.me
www.awih.de
1miancanju.taobao.com
e9aq.nfdy.net
easyfm.lv
efewfef34e.com
gnvj.210000.org
www.bako.nl
keyoministries.com
corsetedama.info
eisenbah.puk.ro
eloproject.com
en.wikibooks.org
sermonettino.drejeskive.wwwwww.wop.ro
cxxk.210000.org
chomuabanvn.com
encyklopediakabaretu.pl
fare-search.net
endureront.riesenpa.loquet.wwwwww.wop.ro
emhotep.org
www.bbs.28tui18.com
www.bet5880.com
enggipilu.puk.ro
entertudo.com.br
www.hmzsc.cn
gist.edu.cn
espana82.hyves.nl
euromobilnidomy.cz
www.biohurt.pl
ewebarea.info
famosa.wop.ro
tampaxcoupons.co
emacswiki.org
xgsmh.net
www.t2av.info
www.ceodh.com
ferienwohnung-ide.de
marcatur.puk.ro
fhcx.nfdy.net
fix-css.com
www.wanted.ch
imblogs.info
atehenmei.com
fizoka.hu
flackcheck.org
www.cqxxt.com
fleurs-plantes-artificielles.fr
snowboard-online.pl
fob.blip.pl
flyringtones.org
fnhd.nfdy.net
fobomade.org.bo
www.dgkyjx.com
przyroda.org
foodstoq.com
noweinwestycje.pl
qonr.k3y3.net
www.cqycw.com.cn
joshhosler.biz
www.shaczs.com
innerstadsspecialisten.se
foreversa.co.za
forextradinggamez.info
fortunita.info
foudemusique.free.fr
rss-clipping.com
footcrab.soup.io
foxier.wop.ro
foz5.56dvd.net
frambringer.wop.ro
www.crbook.cn
freebuild.pl
poker.pmu.fr
freeonlinedir.org
freephotogallery.info
adrom.blox.pl
fregador.puk.ro
bestonlinecasino-uk.info
fuqis.info
futureclub.us
fydz.dhgo.net
alislamnet.com
www.cvdm.nl
game2.online.cq.cn
gamesandcasino.com
infobus.pl
www.f2cn.net
gayhk.com
gb.corp.163.com
gcwap.net
www.d4se.info
gdziejestdziecko.pl
www.dbzwm.com
sluzbazdrowia.pl
felvidekivarak.lap.hu
gebondenen.puk.ro
www.drbody.hu
hybz528.com
radiotha.wop.ro
gekleumden.puk.ro
gentayangan.info
germi.puk.ro
gesellt.wop.ro
www.drstudio.pl
getty.wop.ro
ginestre.puk.ro
www.pfzyc.com
www.dtbssc.com
www.epoli.cn
www.ecso.ru
globlotto.pl