iszafy.pl
aies.210000.org
wwv.188vod.net
bobidc.com
mohe.gov.sa
toom.210000.org
cmr.blox.pl
qq.com
zelandesa.wop.ro
edelobst.puk.ro
visathegioi.vn
www.xfedu.cn
samia.us
kreatur.wrzuta.pl
ferndalepride.com
feuerwehr-stadtsteinach.de
feuerwehr-borken-hessen.de
fenlei.yihubaiying.com
fesamics.com
www.hkwstar.com
www.666xa.com
directorylocateuk.info
dxha.210000.org
gallonag.wop.ro
sichuan.jingjia.org
theresponsecopy.jp
autoinsurancelk.info
stoffene.wop.ro
www.rugbyforums.com
feest-spandoek.nl
felixwoo.com
fehlanzeigen.puk.ro
accounting.com
riddle92.tk
sjrx.info
www.177dream.com
chi-de.com
3yonytrsd.com
www.xxx881.com
footespagnol.fr
anguilles.puk.ro
www.vdays.cn
www.xkzg.org
do-follow.info
yishui.info
biedroncia16.digart.pl
webdevtuts.net
logxxxx.info
arbitre.info
tweetravel.net
jazzchor-mg.de
naukajavy.pl
324324.name
hb.newsccn.com
my.r.gd
lowiecki.pl
liroly.hu
itami.lg.jp
cq.pcauto.com.cn
andrzejrysuje.pl
rod.se
yuwae.wop.ro
prerecor.wop.ro
jstour.gov.cn
manathure.fr
333ok.info
gzdafuhao.com
ingyen.wyw.hu
todio.info
protegelinks.info
zsmz.35free.net
131487.com
dimax.biz
bbby.hyves.nl
bullionvault.pl
www.169ba.com
zadajpytanie.pl
optinmb.info
studioand.it
665mi.com
eutededico.tumblr.com
sp3.yousee.com
putian.buscx.cn
anzeigep.puk.ro
4399ddt.info
movie-collector.net
pluche-kattenpakken-kinderen.istats.nl
p6.headbursoe.osa.pl
bookcity.ro
euromunka.hu
ctu.edu.vn
zhaoqingyun.66law.cn
xsnav.c.la
www.nic.mx
www.21ky.net
www.waplm.com
wegsmeet.wop.ro
filesonic.jp
prologue.ro
chuaizhe.com
rieten.wop.ro
mrcs.wop.ro
www.jakus.pl
guihuaxiang.com
election-day.info
www.5068.com
idiomax.com
affinage.wop.ro
shigotoj.wop.ro
drawn-hentai.com
sichuan.qyi168.com
osaka-f.net
hellinacell2012livestream.info
elongati.wop.ro
listingfrog.com
kz.flog.pl
directoryfrog.com
eisenbah.puk.ro
amaco.com
ao5.com.br
westinghouselife.com
hotcocoa.biz
nansiki.wop.ro
www.365tianle.com
sil.digart.pl
beehives.info
agromat.ua
shini.wop.ro
spotdeal.dk
spbstirka.ru
resimyukle.com.tr
dialadeck.com
www.krista.ru
marcatur.puk.ro
weisuo.info
noborders.pl
ilovegraffiti.de
virgintrainscareers.co.uk
blogacg.info
vinicius.ro
detailha.wop.ro
blog.kakavip.net
creepiest.wop.ro
obd2store.de
fairfaxvirginiahomes.org
juancong.com
shellfcu.org
cozaile.pl
muku.tv
larryorsborn.info
qisousuo.com
proms.pl
mikeslife.org
kinsei.wop.ro
brechthouben.be
www.5555dh.com
3335.jp
ble.de
freedirectorylisting.info
letsallworkathome.com
www.bjydy.com
shop123.com.tw
www.gazzosa.net
selmax.eu
jymd.210000.org
digitransfer.info
ic.gov.pl
mobly.com.br
www.n3t.pl
gsdh.k3y3.net
veelt.puk.ro
openxcelluk.info
topnews.su
5bb.in
bbs.ty7.cn
airsoft.pl
tmyafcvnp.blog.kazeo.com
hdx6811.51.com
trfi.210000.org
www.whhaoyun.com
www.worlddr.net
bfh.ch
militant.ru
autocarsrelease.com
tailenba.freeforums.org
1-t.cn
radio.cz
acer.de
czbohui.net
arti007.flog.pl
usinspect.com
www.livetv.az
hita.hr
directorynk.info
justcar-shop.info
hashikami.info
schuurli.puk.ro
lula.pl
gzmr.org
antartida.wop.ro
local-mover.info
riccartonflorist.co.nz
technicalities.puk.ro
www.china-train.net
www.vicc.zug.hu
bluegulf.7190.cc
fzppdl.78.cn
envilecer.puk.ro
hallofsports.info
mwpk.nfdy.net
www.yyuda.com
yayoi.wop.ro
khole.wop.ro
dopais.wop.ro
venetopanama.com
elcartel.info
www.ailaba.org
fukubukuro20.info
jkclub.info
prokapitalizm.pl
gamesurf.it
shibuheya-shinjuku.jp
m1.16bt.info
dierenfan.nl
vektige.puk.ro
dlink.com.ph
gesafe.com
www.sfgg.in
satti.fecsegj.hu
www.itunion.cn
cos.pl
danatu.wop.ro
panamairline.ru
kuo-2775778.com.tw
movie-torrentz.tv
slice.wop.ro
emsisoft.ru
axob.210000.org
gada.210000.org
www.btjixie.com
cl.zhaoxun.net
isport.blesk.cz
dighumlab.dk
kortsche.puk.ro
polaris-systems.de
bootfetish.info
mylittletown.ca
cite-sciences.fr
sorsele.puk.ro
sporttipps.info
www.cet.lt
airguns.lt
desv.dict.cc