winerman.puk.ro
orgasmos.com.br
mauripedia.mr
www.xxbaobei.com
355555.in
www.yiyiying.com
sportamore.se
dtiltas.lt
lordporn.net
laie.es
erho.210000.org
bijverdienden.wop.ro
gartija.pl
www.ykp.pl
wwgc.cc
fdr.org.nz
easyelectronics.ru
dom.ru
22eee-a.tumblr.com
forexmarkettradingz.info
frametoy.com
www.muhezhizuo.net
www.bosup.info
dklogs.net
iroonimarket.ir
fannywang.com
www.75by.com
betunou.wop.ro
www.022jin.com
xnet-1.r.gd
kioc.nfdy.net
parduodu-perku.lt
marketingonlinetoday.biz
invoke.wop.ro
machinemonger.puk.ro
brachych.puk.ro
dotnetwebservices.phpchinaz.cn
xgcp.info
kumpulan.info
freestuffs.info
osaka-u.ac.jp
i-cube.gr
matome.ldblog.jp
ibee.in
congchung.org
mundoindica.com.br
mobilfunk.ru
incorona.wop.ro
ggtt.co
donationpay.org
www.avtodelo.by
91jj.info
hdk-kwbbelchatow.pl
www.jzwalk.com
bioclear.hu
852852.com
www.zgso.so
avocat.wop.ro
klaziena12.hyves.nl
lekterme.puk.ro
literallyinspired.com
gnu-magazine.doorblog.jp
sokolowsko.pl
www.school.sh.cn
ort.org.il
itkontrakt.pl
thisit.de
meinmobi.net
bloggverden.no
contentrich.info
center.vn.ua
citroen.co.uk
pkt.pl
depdagri.go.id
quad-hits.info
goyub.net
orgonite.info
vilcor.it
hkbuas.edu.hk
thuoctridaurang.suckhoevietnam.info
laurens.puk.ro
rejta.se
nivea.digart.pl
dialognauka.ru
www.wlui.cn
lektorat.de
phonebank.de
kaukas.wop.ro
shell-mx.net
sudanorphans.org
opera.ru
pic.nx7.org
www.hiwpx.com
www.zzd5.com
tanjungpinangpos.co.id
13149.cn
erinize.wop.ro
www.180312.com
www.64vvv.com
gra.xlx.pl
hupan.net
shomoo5.com
abbauenden.puk.ro
omosiro.info
elblogger.info
sinhvien18.wap.sh
epicalyxes.puk.ro
kmlk.nfdy.net
havnes.info
adkontekst.pl
adrom.blox.pl
harbin.caiep.org
laanga.puk.ro
7899g.co.cc
guarita.wop.ro
www-307.ibm.com
pc-online.es
kongotimes.info
knightfeg.info
www.saab.ie
pustamiska.pl
fuoco.blox.pl
fuzhou.01588.info
verneigu.puk.ro
gensuikin.org
niels.wop.ro
heavycrew.do.am
itascan.info
www.faxingw.cn
warrior-swords.info
shellex.info
egeszsegstar.hu
boorman.us
traitement.puk.ro
gameoke.info
kellyfamily.pl
jopopo.flog.pl
fortelle.no
onpromos-activ.com
face-chat.net
imprimante.biz
xxoo.75hi.com
88yv.210000.org
www.dfjc.net
zuopin.4399.com
dekersonline.nl
lhs.wkraj.pl
lattlast.se
mpcs.keep.pl
06peng.com
deklamat.puk.ro
mail.21cbh.com
0533jjc.info
graypic.com
gzmr.org
024anmow.com
urasenke.wop.ro
leasing.blip.pl
stampfl.wop.ro
akkord.in.ua
aaronw.me
tinyurl4.info
www.how2get.in
nk.hx120.cn
dtfx.210000.org
homo.camz.nl
wz.yq920.com
astroadictos.com
coverville.com
ajc7.265link.com
heritage.org
agita.digart.pl
bortenst.puk.ro
latestonweb.info
anuvo.pl
fandaily.info
blog.3czhidao.com
storecommander.com
99plus.co.jp
freewebdirs.info
mayfairdentist.ca
bbs.ehomes.cn
mazda3klub.hu
adultsitesurfer.com
yalandunyahd.com
netreporter.ro
xintengxiang.cn.b2b168.com
r8a151.sb100.net
bebetura.puk.ro
xilj.nfdy.net
dr-rath.de
galamboshintok.hu
yuudachi.net
thesou.flog.pl
hoclienthong.org
www.jenn.nu
payitup.info
grimosa.puk.ro
promo47.fr
flickr.pl
links-reisen.de
1shoppinguk.info
www.avatari.eu
ukanio.wrzuta.pl
glfjsb.com
ebookslab.info
diplotop.fr
icm-osijek.info
klag.nfdy.net
mastersite.info
bbs.d99net.net
stihl.es
events.pedaily.cn
tczew.net.pl
honda-acura.net
stokedseo.co.uk
mipaja.es
harena.info
grafmag.pl
findvej.dk
rtcquebec.ca
arrangee.wop.ro
pawelrosner.natemat.pl
carolduboc.com
owregane.puk.ro
johnwmann.com
cfnn.org
vip.book.sina.com.cn
genglou.zj.com
zyueru.wop.ro
encontredicas.info
makeupminutes.com
lagoona.blip.pl
guenterflatschacher-photography.eu
imod.pl
www.amdg.icoc.cc
inntektsprofil.wop.ro
www.17kkkk.com
cssi.digart.pl
fragme.info
www.zhoumoyu.com
cupe.ca
hitnauk.ru
parentingteenagers.info
co-opnet.co.ke
aniota.info
butorowydwor.pl
creativeparis.info
nosferatufullmovie.blogspot.se
exxtra.blip.pl
humyai12.info
ainaro.puk.ro
whdkgycoo.freeblog.hu
crisq.digart.pl
markbladet.se
koszalinek.pl
www.concyt.gob.gt
travel-to.info
cp8k.com
stoke.gov.uk
ekiscoaching.it
journalisten.no
femh.org.tw
cooso.info
bestfora.toplista.pl
pc-zero.co.kr
www.olx.pt
cartmaster.puk.ro