whdkgycoo.freeblog.hu
www.majs.hu
googleplussearch.chromefans.org
ziptuning.nl
traveletour.com
southernrailway.gov.in
spir.cz
linkstatistics.co
cafeoudegemaal.hyves.nl
zhaobailing.com
www.fjzq.net
51hsz.cn
klaps.it
senkes.wop.ro
patientimpact.net
www.shougej.com
www.immo.hu
periodico.co
indexnew.info
ne35.210000.org
bries.wop.ro
massions.wop.ro
itzelpixel.com
ret.nl
app4phone.fr
kettingloze.puk.ro
pspfilm.su
startutazas.hu
fenglintianxia.soufun.com
www.elmastudio.de
no-ip.org
lamer.wop.ro
fasmr.ssmb.ro
ramuda.wop.ro
395.pl
matchfishing.it
dtiltas.lt
airsoft-71.tk
npwy.210000.org
otisfcu.coop
www.idomi.pl
thyroidhelp.org
sat-module.de
alwinvanee.nl
www.fs528.com
kartelvo.puk.ro
diocajazeiras.com.br
www.dvd5.us
excortication.puk.ro
daingeanbike.com
www.biotan.com.cn
cache29.enet.com.cn
progbook.ru
ywdg.c.la
avatars.software.informer.com
hookclick.com
milkam13.digart.pl
actualite-trash.info
m-pe.tv
80vcd.com
zonatop20.org
www.gddgky.com
agal.blox.pl
jvwresearch.org
aloveday.com
non-non.info
gieldamamy.pl
jakostobedzie.pl
moip.gov.ck
sptc.ac.th
impiger.pl
dailyjesus.info
taumel.wop.ro
adultsitesurfer.com
paid4buy.com
www.111k.cn
chngzc.com
benten10oyunlari.com
cnrdn.com
www.p57b.in
enlacecpa.info
quietuderom.free.fr
vwforum.ru
starbucksmenu.net
mp3.zgfj.cn
gcn.gov.hk
www.stayfreemagazine.org
885227.com
doctorscare24.info
fieldy.mobi
sihasara.lk
kangu.ru
galamboshintok.hu
www.leiyun.me
kempinski.com.pl
eurostyle.pl
linkgyujto.info
pozegnaj.pl
financiare.ro
colocal.jp
abadgar.org
klos.blip.pl
bbs.fogoo.net
bohannon.info
gojuusho.wop.ro
brygga.puk.ro
in-jamaica.com
www.qq88km.com
tautoousious.puk.ro
www.quanzhoumv.com
chistes-cortos.info
www.rank.gs
acfci.cci.fr
carolinadatarecovery.com
tianjin.jinpu.com
www.segou.in
brechthouben.be
www.semihk.com
juancong.com
www.serveurs-minecraft.org
casualcorps.com
www.shaczs.com
fengshiguba.1168.tv
zzu.cc
tdfjtqdt.1168.tv
ddmf.biz
nonwovenbags.blog.163.com
cr8.lv
www.shanghaizhongtie.info
www.shiluan.com
jyunitu.puk.ro
www.90xsm.us
www.skalka.i-noclegi.pl
iran.ir
echosnu.flog.pl
httv.210000.org
jyobuzu.wop.ro
www.brainvest.hu
vhfdx.info
muku.tv
hemiachr.puk.ro
www.kat-graham.gportal.hu
vashmlmuspeh.ru
prwv.info
e-brainers.jp
btbsse.com
mall.oak.pl
zenija.digart.pl
www.sna.edu.vn
www.bclass.ru
www.bristolbay.nl
www.jiesi.net
www.speedmeter.hu
www.stzp.cn
jetterio.wop.ro
www.sudugujia.com
uppic.org
www.suho.pl
www.sxbjmy.cn
www.szdjd.org
bsdforen.de
zeilt.puk.ro
outbuildings.org
www.t-z.com.cn
hostingbusinessz.info
www.wanqianjiaoyu.com
www.taian.gov.cn
corollik.puk.ro
iodosobe.puk.ro
www.textera.se
spelmagazijn.be
www.tuotuo.cc
www.yc18z.com
www.yiku.ws
otoku-navi.sakura.ne.jp
acis-bg.org
www.youxiang1.com
www.zgwrp.pl
wap6c.com
texasbarbooks.net
edi75.flog.pl
www.zhangui123.com
richestmaninbabylon.se
clishecollies.com
czzyx007.blog.sohu.com
awolg.pl
56xoo.com
halalmedia.my
vensterramen.supinated.wwwwww.wop.ro
cimladonland.ru
www.zhihuilc.com
bongdafc.com
zhangjiakou.kc7.info
erbarmd.puk.ro
zosiaikevin.pl
pfsl.poznan.pl
szklarygorne.pl
zsks.sy.e21.cn
britnett-carveradv.co.uk
zykwd.78.cn
kolokol.ru
futoo.wop.ro
findsomeone.co.nz
sukienki.eu
7k7k7.fad3.net
rusfootball.info
scargill.net
mcodiuy.ch.lv
2lj.info
korenat.hr
3xx.biz
575pp.info
dbo.131.com
syw.78.cn
97ribi.info
www.szeb.edu.cn
megasky.nl
bppt.go.id
pemadam.org.my
wwjj.210000.org
almaaref.org
as-seen-on.info
mirabab.fr
b-books.info
balatongroup.org
pbca.biz
dinolandia.pl
xeres.wop.ro
bards.ru
hearya.com
bewerkingen.puk.ro
ukaachen.de
59ii.info
ledbox.es
www.zwgay.com
free4web.pl
disn.210000.org
magpieseauto.ro
lotyzwrocka.pl
gkgk8.com
sentio.it
beni92.fecsegj.hu
creosol.puk.ro
52yinshua.com
denman.wop.ro
diablo3wiki.info
beseitig.puk.ro
www.meinvtu6.com
nexen.net
ilovekolkata.in
sound-fishing.net
kolorowemarzenia.pl
betting-portal.net
wet-shaved-teen-pussy.com
genot.wop.ro
enviers.wop.ro
bib-alex.net
erecta.wop.ro
sudameris.com.co
1linkz.info
www.3993.net
www.pszfs.hu
books.bg
noelgallagher.es
gogo-nihonbashi.com
cisaillo.wop.ro
www.argus.nc
alekxs.pl
dmu.dk
www.wdzj.net
bookmarks.edu.pl
momsfocusonline.com
idoktor.info
palsra.in
17xxpp.info
sweetorange.pl
tasmc.org.il
humh.nfdy.net
ipro-shop.gr
thaibubbles.com
contentmarketing.dk
rc.0376.tv
thebridgeontheriverkwaifullmovie.blogspot.pt
www.sinoef.com
tenis.pt
wsex.pl
www.icar168.net
ccdh.info
zeestudio.tv
bruispoeier.puk.ro
viser.edu.rs
thebigu.info
cjr.lu
wfyang.blog.51cto.com
wikitags.info
armbanks.am
agarik.fr
bookmarkingbenefits.info
business-tiande.ru
bronsde.wop.ro
univpancasila.ac.id
www.ehzrt.hu
jama3fna.com
tasoiawa.puk.ro
audio.com.pl
silvanry.wop.ro
mediacorecommunity.org
b3.eduyoo.net
centrumwspolpracy.org.pl
fantasport.eu
finlay.puk.ro
allesuebergoogleplus.de
labrero.puk.ro
feriashop.nl
forexinfocentrum.cz
ecosplay.es
blog.xes.pl
wap.11hz.net
inspirationresource.com
uwielbiam.pl
toctoc.it
gettyimages.cn
www.arkada.cz
mojeciuchy.pl
gamexplain.com
huntermwr.com
fluxibleness.wop.ro
blog.sina.com.cn
www.icranet.org
mcquarrie.hydrografen.rysa.wwwwww.wop.ro
ttccrm.com
konkurransenett.no
internet2.edu
ncap.210000.org
mortycjamcgonagall.mylog.pl
netways.de
enkle.wop.ro
ric.spb.ru
personterra.info
shimoisa.puk.ro
aynur.us
umgepflanzten.wop.ro
www.crwstc.org
sterelmi.puk.ro
dyndns.biz
tzzt.210000.org
www.rsvp.com.au
enago.tw