www.drstudio.pl
www.romarin.ae
bilgindir.com
xlr8seo.info
permanentseo.info
promotive.com.ar
fsnhg.taobao.com
suckafreetv.net
mymacs.ca
io.org.br
kpilibrary.com
www.corus.nl
afbies.puk.ro
highzen.org
kurd.me
itriathlon.dk
itapemirimcorp.com.br
www.fawell.eu
3yonytrsd.com
mahnte.wop.ro
theadultcafe.com
shop123.com.tw
galerarox.net
kolbak.blip.pl
ds.dnfa.info
878wty.com
www.qjedu.cq.cn
terao.kyo2.jp
nengy.com
gre1directory.info
jun3519.blog.so-net.ne.jp
tubexxxdesir.info
hupan.net
videos-caseiros.net
livesocialbookmarking.info
turkey-stone.com.cn
impact4life.de
p2pbt.mad.buttobi.net
www.zhaolong.co
www.topet.net
radioparty.pl
miss.33b.ru
almaaref.org
znak.org.pl
nicesport.pl
expressla.info
fabpro.pl
germancraft.net
go755.net
hassex.net
kadoshim.puk.ro
kaptajn.wop.ro
koenne.wop.ro
leist.puk.ro
outstagg.wop.ro
www.qpyj.net
gvenglish.com
lifemile.info
lupiewkregoslupie.pl
magazinzeny.cz
furriners.wop.ro
malheureux.puk.ro
mcquarrie.hydrografen.rysa.wwwwww.wop.ro
member.fpt.vn
39910.com
nj.newssc.org
tamilsongsfreedownloads.in
nyti.56dvd.net
onlynzjm.78.cn
rico-s.jp
roughporn.info
rueckenn.wop.ro
seminarr.puk.ro
sortere.no
statutentreprise.com
takahata.info
tattoo-design.ru
cheetah3d.com
thefrettos.com
theladylist.ie
www.fc3d.net
clinically.puk.ro
tiempodevictoria.com.ar
www.nihasa.ro
trauerfeier.puk.ro
umaket.wop.ro
www.hpmtec.cz
www.janula.it
www.rchb.4f9.org
www.reey.net
www.saps.jp
www.vibia.pl
www.whzjjz.com
fortify.com
www.zmqgsp.com
www2.xmrc.com.cn
wycker.com.ar
wykrzyknik.digart.pl
xalonex.pinger.pl
xiaozhou8.web-162.com
xiecheng.info
xn--hrriyet-n2a.com.tr
xq.hcvt.net
xuyanyan1129.fyfz.cn
xxl.tv
xxxmir.info
xycbcw.360zan.cn
yaal.blip.pl
yahoo.de
ydoma.info
yes-cool.info
ynart.edu.cn
yo24.pl
youjizz-823b.tumblr.com
yuwae.wop.ro
z6i.net
eurotitan.ru
zacla.edu.pl
nissanklub.pl
0urn.56dvd.net
banereko.wop.ro
wilczyca169.pinger.pl
100mega.cz
114.dnfire.cn
118712.fr
176gz.com
18158.net
1a-ads.si
2009.gnome.asia
6e.sterinna.osa.pl
6vii.qiwen5.com
7k7k7.fad3.net
7rilixiu.3199.cn
9.atvtm.info
www.bosup.info
aanga.puk.ro
abadgar.org
abbrunar.puk.ro
absurdness.puk.ro
agenziascuola.it
ahrtos.de
ai59.ndw1.us
al-saddclub.com
apnews.mobi
araven.pinger.pl
arclitebd.info
authorizable.puk.ro
autospecs.info
freewebdirs.info
az.free.fr
www.romfilmpromotion.ro
babelmondo.it
bruil.info
brummiclub.at
cabecar.wop.ro
caikoo.net
caisse-epargne.com
caltraps.puk.ro
casadiscografica.tv
centraltower.mn
bodigroup.mn
dutchdailynews.com
wmr.flog.pl
elchatea.com
election-day.info
elinks.info
enginedirectory.info
legman.wop.ro
angeljewellery.info
www.yiren1.co
kattintside.hu
drukarniaspeed.pl
equestrian.org.au
escort-oohlala.de
euclub.info
events.pedaily.cn
fajka24.pl
faspnet.com.br
fotkapro.pl
trafficjam.de
subgit.wop.ro
hypftier.de
in-jamaica.com
infomedios.com.ve
trademarkregistrationindia.com
ishinabe.wop.ro
futura.org.br
jobmail.co.ke
ktokogo.pl
kwiaciarnia-silentium.pl
nivea.digart.pl
nwchess.ru
www.dazhongjy.com
rwxkqmlay.blog.mongenie.com
logiprint.es
ryojou.puk.ro
sabaudia.latina.it
scrollava.puk.ro
tvbola.net.br
twonline.cc
tylko.blip.pl
uswares.info
vereno.at
wakefield.gov.uk
wg1e1hda49.b2b.hc360.com
www.73nnn.com
www.gzfjx.com
monsterdrdreheadphones.org
www.jnzjgs.com
bohannon.info
fxet.210000.org
www.evelo.pl
iautmu.ac.ir
icisleri.gov.tr
idoktor.info
ilovexs.pinger.pl
internic.ca
interpoleerde.wop.ro
ip-37-59-125.eu
irne.digart.pl
erufa.com
fmbolivia.tv
itkk.lizhidy.net
freebookmarkidea.info
itour.com.ua
goodental.com
iworklab.com
gracemontclair.org
izbaskarbowa.lodz.pl
hrd.pl
linhchi.mang.vn
linkbandit.info
kemenpera.go.id
klod.digart.pl
knoopte.puk.ro
knopfusa.info
medister.info
syydy.info
knowzon.com
nocking.wop.ro
koctuk.ru
olx.no
preshweb.co.uk
kompressen.wop.ro
sas.unl.pt
kopd.pl
sharingit.co.uk
korean-learning.seesaa.net
shawnann.com
koschakoschakoscha.narod2.ru
tclokaue.de
shinkai.puk.ro
meigui999.info
siterj.net
yamame1969.naturum.ne.jp
sony.co.za
kqcv.k3y3.net
tnec.co.jp
krakow4u.pl
topdj.by
kroena.wop.ro
topsolutions.pl
kskms.de
uh-ty.com.ua
woodengreenhouses.net
www.4tech.vn
www.brw.cc
mark-styler.co.jp
www.klwww.net
mcronous.webs.com
www.mbtprezzi.org
moonpixel.com
wild-strawberries-full-movie.blogspot.dk
birtanem.in
www.qq-love.tk
www.tumei.cc
poolicz.pl
www.ossian.hu
rehab-international.org
ruez.eu
sabaki.jp
sabuska27.digart.pl
sadf.asia
scenari-platform.org
school.org.il
searchles.com
seiken.vn
sendsms.ssl.mts.ru
members.28365365.com
sexbabyfree.info
sexus.cz
shen.yiwang.cn
shibobo.cn
thefreeagencybalt.com
lighthouseflorist.com
thegioi3x.info
themewp.com
thomaz.dk
tins.vn
itelevisor.ru
titanum.biz
audi.ie
opentfl.co.uk
www.biblia.pl
www.sjh816.com
www.xess.4f9.org
dl00.k3y3.net
isport.blesk.cz
kpf-guaranty.cn
lwwi.net
irishize.wop.ro
kontentdesign.com
urbanoutfitters.fr
pocketfulofdreams.co.uk
seeger.wop.ro
treillage.wop.ro
tonti.wop.ro
bookmarksearch.info
ebrio.puk.ro
etre.flog.pl
glitery.pl
www.cdzledu.cn
88yv.210000.org
artdecor24.pl
lolislove.us
myc.com.tw
gsfc.wop.ro
saidairi.wop.ro
weaveman.info
webtoolkit.info
whiskylive.ru
williamlong.info
www.jamievalentine.net
yindongcha.1168.tv
0823.info
56dh.com
5a6a.net
885227.com
sou.wjw.cn
aufscheu.wop.ro
brandbox.uz
contra.fad3.net
rosenheimer-glastechnik.de
emiratesstadium.info
kajibou.puk.ro
fcb10.info
sbiznes.pl
tfh.com.sg
word.waw.pl
www.dgshunjia.com
pornsilk.com
tarkan.info
platinumvip.com.ve
dailyfit.ru
aftertheride.org
lizza.ru
molattack.jp
bimru.ru
do-follow.info
shopgiay.info
bonifratrzy.pl
enclinking.info
filka.info
fxjunior.info
jbk.39.net
www.borhanteb.ir
divawwe.pinger.pl
ingatlankorzo.hu
ccftn.com
assc.ir
polinox.info
fixer.com.ua
autentika.pl
www.tungtai.com.cn
download-will-i-am-ringtones.blogspot.com.au
88.wmahui.in
zansin.wop.ro
www.eawag.ch
www.manufactor.at
sharinggalaxy.com
locco.digart.pl
www.skep.nl
diffluence.wop.ro
www.phahealth.co.uk
igirl.mojblog.hr
nationallottery.co.za
uitmondd.wop.ro
infoakademie.de
dhanphotos.com
tykkes.puk.ro
wavement.puk.ro
investortrader.co.uk
www.newflash.tv
netavisin.fo
treadlightly.org
digitube.info
pkeg.k3y3.net
www.nfp.cz
fuckmytoons.net
www.openwebdesign.org
natusia11197.pinger.pl
www.tede.pl
rwyj.nfdy.net
gkstychy.info
longdir.info
pagerankcheck.info
desierta.wop.ro
shemaleporner.com
bieszczadzkiewzgorze.pl
milangela3.hyves.nl
tezetgie.wrzuta.pl
princeag.kaskaden.wwwwww.wop.ro
pulley.wop.ro
xgcp.info
farsahang10.in
westmeathsports.ie
kophs.wop.ro
erikdalton.com
xixihuafu.com
www.qingkeke.com
ezoter.pl
www.scdzzx.net
delhidutyfree.co.in
bcochem.co.kr
erbarmd.puk.ro
zeestudio.tv
gdtt.net
cache29.enet.com.cn
rooftop.sk
www.85cafe.asia
meodiu.us.pn
aplicaciones.info
vriespun.picene.zinba.senensei.wwwwww.wop.ro
misulzden.freeforums.org
sturgeon.wop.ro
ismailaga.info
3vkm.nfdy.net
locknclimb.net
ecoflame.cz
helpmedia.org
webgiare.info
www.lhxf.org
www.96cpa.com
www.fsje.4f9.org
xlcg.taobao.com
magazijn.wop.ro
crackedsky.com
bluraydiscsforsale.20j.info
watch-gossipgirl-season2.blogspot.ca
9422.210000.org
www.52rd.com
www.32wy.com
uvqi.com
forgen.pl
sdc-ard.net
ilmiomakeup.it
uncaused.wop.ro
purina.cn
cablemodem.ch
52wt.cn
taobao.cha10000.com
brusszel.utazni.info
lozi.wop.ro
planet3.org
groteoorlog.be
kampie.info
rup.vn
remarcar.wop.ro
terrasolusi.net
joshhosler.biz
a1directory.be
manavoid.info
miugok.wop.ro
tambah.info
mahara.fgamonteregie.qc.ca
www.dgwzjs.net
matsukiya-shop.net
directorytay.info
www.kkdyw.info
the-twilight-saga-part-2-full-movie.blogspot.in
whbz2.com
www.stock.vc
qixi.w5w5.info
yellow.co.ke
www.perennial-plant.com.cn
candportalen.dk
decofinder.co.uk
julli.flog.pl
superhosting.cl
tao.lajiz.info
ip-ua.com.ua
stampsma.puk.ro
intasamm.puk.ro
bytelink.info
ltmuseum.co.uk
www.dell.cz
vinna.wop.ro
www.livermusic.cz
www.china-jh.com.cn
av.aaooxx.com
www.hushuo.cn
cncd.tv
partnersforprosperity.org