www.haxx.se
www.it-serve.net
magies.com
energyfactor.tv
drewee.info
www.jlzz.cc
vislijn.wop.ro
yuyaindou.blogspot.com
www.klfanli.tk
soxan.cn
apps-android.info
tilde.wop.ro
lordporn.net
bayo.wop.ro
mediclin.de
norton.mobi
cappellishop.it
treckten.wop.ro
www.bristolbay.nl
benaarstigde.puk.ro
premiumdownloads.info
91694.com
synergian.pl
three20.info
www.03912.com
hscr.org
lovescentre.info
www.80sewang.com
awxq.210000.org
elajty.pl
wrasse.wop.ro
chachala.com
menschkunst.info
www.hert.nl
forumnow.com.br
mazopexy.wop.ro
baderai.puk.ro
5d.cn
ziyoumen.g.178.com
lternet.edu
midweststereo.com
chuyentulanh.vn
enthusin.puk.ro
cengroup.vn
kanpen.wop.ro
doggieblogs.com
ccl2011-cq.match.chinago.cn
kmphotos.ca
planowo.pl
www.zombiedogs.net
haoeh.com
chaseveritt.co.za
montchat-webcam.net
www.ccip.fr
lovivip.com.ua
worksheet.nl
www.cnsmo.net
www.natibaby.eu
www.tianlingzhi.cn
wps.cn
tolbertboy.webs.com
mingaco.wop.ro
www.dailyhaiga.org
honsiki.wop.ro
teuflischerer.wop.ro
seven-7eas.tk
5l5l.info
mhs.com
dogsecrets.ru
salsabravapro.com
pr-directory.asia
std-gov.org
mentors.ie
agffodbold.dk
attesa.wop.ro
gli.tc
www.un5888.com
msworld.org
blondjes.puk.ro
xkzzz.com
www.jxsme.gov.cn
elestaluix.info
hupan.net
raooo.com
provacafe.gr
www.xgaybox.com
sinhgad.edu
studio878software.com
yt1b.56dvd.net
salzgitter.de
bestmaleenhancement.info
www.ppoa.org
drakerig.wop.ro
sonesnation.com
www.epjob.cc
moto-akcesoria.pl
khangan.vn
mcsnelleveld.nl
rid-magaz.ru
your-sounds.com
servcorp.fr
aaabillsremovalists.com.au
www.telma.pl
childrenofthesun.org
shieling.wop.ro
u-torrents.ro
www.avuuuu.com
acclinal.puk.ro
altti.wop.ro
pisir.edu.pl
koph.hu
savehportal.ir
www.zj8886.com
zijqwiatz.skynetblogs.be
ured.cl
5ucom.com
aanwiese.puk.ro
kain2.digart.pl
a.tiantianse.info
qaktlnojpwgzbo.blogtrue.com
gushi003.5ku.so
bankoskop.pl
www.kmlg.net
eutekne.info
pornocruto.es
hotcourses.vn
myface.com.nu
rainstrage.info
4080records.com
ivo.flog.pl
www.yuansubuy.com
legia.info
disclaims.wop.ro
www.rrr81.com
as.ua.edu
www.23jiji.com
lf1.info
jaworznianin.pl
iauctb.ac.ir
www.custommopars.com
www.yy55yy.com
caymanians.puk.ro
21linkmax.info
linkraktar.info
nsx.pl
1000fbfans.info
wapliu.com
www.li
www.xxbaobei.com
acalyptr.puk.ro
zeken.wop.ro
geziemend.puk.ro
www.arnidol.es
nogales.wop.ro
nobilis.com.pl
www.everal.pl
www.dwsky.com
theriss.digart.pl
www.leiyu88.cn
shopforwii.co.uk
zenken.wop.ro
www.3s8u.4f9.org
www.danaef.jp
georg21.wrzuta.pl
cheapshoesforwomen.org
gaumont.fr
saugtest.wop.ro
www.aidang.tk
www.yd91vpn.com
berita.r.gd
noorin.net
patapon.info
tafel.pl
krishaweb.info
prwv.info
nov.flog.pl
furriners.wop.ro
www.cdzledu.cn
dejting-experten.se
bolsterlang.de
www.cbf.cz
abm.org.mx
appurasse.puk.ro
besserlaengerleben.at
jibiki.info
www2.cem.es
oryginalnebuty.pl
did.pinger.pl
www.xiangbin.biz
pmoblog.kr
zalatransair.hu
300mpg.org
jarekdegie.wrzuta.pl
iceagefullmovie.blogspot.mx
gamezone.de
hainan.1775.cn
www.vicc.zug.hu
coglinked.info
goma514.blog.so-net.ne.jp
www.0735tuan.com
pchardware.com.mx
preattun.wop.ro
mp3.take.az
bz.52pk.com
chaps-haiti.org
itsie49.hyves.nl
pianetafuturo.it
xfreepornmovies.com
koszalin.pl
my-flying.com
www.ylusb.com
www.xxx228.com
perrosperdidos.es
annullino.puk.ro
crowderassoc.com
die-seeigel.de
www.rentiseying.com
randstad.fr
maaagdag.digart.pl
freshtodays.info
cpost.cz
equalarticles.info
prospis.pl
www.486xx.com
www.me360.net
medicaltesting.0uu.net
dlrc.cc
i8c.info
www.yahoomv.com
a9.7iii.info
3m8.info
hahen.wop.ro
shinrijo.wop.ro
www.jibingweb.net
cafe438.daum.net
www.qqyes.info
czxlyzj.blog.163.com
www.zyn8.com
businesstaxsoftwarez.info
animerevolution.ca
www.51nanmu.com
aranzadi.es
www.473132.net
rcguilin.cn
biwako.gr.jp
pksbilety.pl
aussitube.info
jymd.210000.org
acfeu.eu
cgzj.210000.org
www.smxdg.com
reconstitutions.valutafo.euwww.wop.ro
straz.gov.pl
ppfwd.prv.pl
www.gatta.pl
cartmaster.puk.ro
kvitka.ua
industrialoverlockermqxk.wordpress.com
momstaped.com
avholdsa.wop.ro