kejpa.wrzuta.pl
megane3.fr
xz8.me
meodiu.us.pn
gangliob.puk.ro
ccftn.com
dwingers.wop.ro
fdc.86516.com
brotech.org
ritel.nl
deputymcgrane.com
suckafreetv.net
spezzerai.kersenti.caneyville.wwwwww.wop.ro
www.itao999.com
www.cf88.tk
phone-support.net
www.netpas.cc
caobibi.info
kursfinder.de
hig8hway.info
schiwi.de
www.foodbase.hu
www.2dxh.com
tweetravel.net
handsonlycpr.org
justynka.blip.pl
www.moldagro.md
aussitube.info
actebis.fr
squat.gr
5cina.pe
webkits.com.br
typhaceous.wop.ro
win.21cbh.co
filemap.co.kr
www.goodsmile10th.jp
ncees.org
gardendirectory.com.ar
seqingdonghua.tk
art-of-dance.co.uk
enopo.jp
www.jcow.net
lw.ipobar.net
zso2bialystok.pl
bvpa.org
mm.xsdxw.com
kmlk.nfdy.net
abolivo.puk.ro
www.southcn.com
wwv.188vod.net
perak.gov.my
k12.oh.us
www.chinaviagra.info
www.superchannel.co.za
vinden.wop.ro
christianmp3.ucoz.ru
sg9w.k3y3.net
linkuplink.info
prwv.info
helge.im
wwww.minpad.net
ressuscites.puk.ro
termenses.com.ar
unmoated.aigririons.wwwwww.wop.ro
nwchess.ru
psiesny.blox.pl
www.xt12312.gov.cn
rotta.puk.ro
aswiftkick.mu.nu
aw60sdf.seesaa.net
tpqr.210000.org
www.tlzt.4f9.org
inwestycjewinnowacje.pl
5d6d.cn.im
geizigeres.wop.ro
brpg.nfdy.net
spa-vital.pl
markiezin.autochthony.euwww.wop.ro
livesmart.gr
alteya.net
zhdy.ru
seshuu.wop.ro
teophilo.info
migratoria.it
s3s-perf.net
klapser.pl
gotoweparkiety.pl
mirvinograda.ru
perfervi.puk.ro
webs4soft.co.uk
pujcka99.cz
darkorbit.opx.pl
capdecision.fr
ser8.info
sws.cz
www.11player.com
bookmarkingsharing.info
131487.com
www.geyaocha1.com
ratatouilles.puk.ro
smibs.info
igxhiblkx.blogage.de
irkmama.ru
cedu.com
www.wmae.pl
recants.wop.ro
www.kisokos.eu
digitalkids.info
koszalinek.pl
eneloop.info
funbingoonline.co.uk
animationarchive.org
www.neasiafoods.org
taenda.puk.ro
forumotion.info
johncarter.pl
hod-ok-dc.sega.jp
sss13-d69.diandian.com
uwph.210000.org
www.trade.lt
kupi64.ru
traveledearth.com
uhjb.nfdy.net
netcredit.pl
www.nic.mx
twinkpornsex.com
planet.dokuwiki.org
sinemaizle.org
wowbigs.info
clickmonster.info
unicycle-team.de
4led.hu
backlinksbuilder.pro
uni-blog.info
hoge-heksenhoed-voor-kinderen.warenhuis-shop.nl
versteedsen.puk.ro
aquilawebs.info
campanul.wop.ro
www.nsun.net
piotrkon.blip.pl
hansal.cz
wysokapozycja.pl
helsepakken.no
dnty.210000.org
viewresultz.info
evgenidinevphotography.com
www.7k7khhsh.in
cctv6dy.info
xlr8seo.info
lingvo.ua
elescriba.es
psdguides.info
solidarites.info
acfe.nfdy.net
state.co.nz
adultlove.us
dahar.eu
shopshare.eu
sv-tuengental.de
14144.tk
y7.net
tsp.vutbr.cz
rp5.nl
mastigur.wop.ro
gamecard.mobi
icms.info
monzenjy.puk.ro
kf.or.kr
dolmar.sk
mountsouthington.com
www.ncqiche.com
spp.se
www.zxcpa.net
28gl.com
riuf.ro
beta.indiepaper.com
qualityinfo.org
uastf11.ac.ir
zuch.210000.org
susanstechtips.info
teatrbilet.ru
guihuaxiang.com
examtimetable.net
jmjl.210000.org
midmich.edu
privacyscreencompute.3vi.info
hebinzhicheng.com
optimall.cz
theglobalbookmarks.info
watest.wop.ro
moyne-picard.fr
bfh.ch
udel.edu
www.textually.org
holzwolke.de
www.66fs.net
www.a51.pl
honei.wop.ro
esolut.de
www.liudu.org
zgyy.in
india-center.org
documentcloud.org
www.platora.pl
823409.info
wow.178.com
www.567qsw.com
unquicksilvered.wop.ro
pacer.org
wang.okgo.tw
ascension-wow.dk
bookmarkingmosquito.info
www.ganchadu.com
www.it-serve.net
dubaiwoodshow.com
fujifilm.com.hk
www.shym333.com
artemisi.puk.ro
bkrs.info
onetv.vn
wwff.com.cn
s10.it
e4ff.qiwen5.com
www.hotelpraid.ro
yishii.1168.tv
poland.pl
mielno.pl
wirofe.wop.ro
www.lwc.be
eaby.nfdy.net
pijnigin.puk.ro
hermetic.com
sucher24.eu
www.skbbs.info
fm.tuba.pl
denton.wop.ro
extreme-vids.net
fictionalley.org
bath.ac.uk
assignaa.wop.ro
www.go2html.com
dtqp.210000.org
17068001.5sing.com
andiani.com
www.tokuma.jp
medicins.puk.ro
travelinfo.ca