biwako.gr.jp
nextmag.pl
internationalpromo.it
c-onepoint.com
machine.21food.cn
6312370027.phone.searchwww.com
xtd.6633.cn
bastinad.wop.ro
mvzy.nfdy.net
godcafe.hu
77vf.nfdy.net
toven.hyves.nl
2lj.info
www.10086la.com
huyuanjiadrmj.1168.tv
www.luqiao.net
wordpressclub.ru
delaciudadfm.com.ar
visnia.wrzuta.pl
china.soqi.cn
www.iphonies.de
mma.blip.pl
hoofdton.wop.ro
auntiembb.ca
aofbilgi.net
versicherungsnetz.de
gtsyj.net
huidmond.puk.ro
synlighet.no
www.88cc.info
b.17sese.com
sulkiness.info
anyap.info
mail.zhangjun.me
10000072879.8.sunbo.net
video.1010xx.com
www.xidi18.com
multijet.wop.ro
www.laiyuepao.com
www.bbswj.gov.cn
3mmw.net
www.w3schools.com
www.hzcw120.com
the-blokes.net
openw.ru
qualityinfo.org
kutyas.jatekod.hu
knallharte.info
www.pornolia.pl
donativo.puk.ro
ponte.wop.ro
liseliporno.org
karhuize.wop.ro
bbs.007.mx
pamiwa.wop.ro
wii.abchry.sk
www.zxint.cn
www.qujianfei8.com
yashangfushi.info
guenterflatschacher-photography.eu
accedo.tv
aolke.cn
www.hkwstar.com
biedenko.wop.ro
gay.fr
www.qjedu.cq.cn
listbox.com
grahamite.wop.ro
beate-uhse.tv
ajvlh.hyves.nl
iqget.pl
triffdich.info
onpromos-activ.com
iqci.210000.org
bustyteenstgp.com
empikfoto.pl
lifeasrx.com
rxyu.210000.org
outerddk.info
www.gdfz.org
assumingness.puk.ro
guihuaxiang.com
invest.wop.ro
fontina.puk.ro
dunedin.govt.nz
fortelle.no
juutin.puk.ro
www.andriipopa.ro
lelaluxe.com
linkfox.de
www.skz.gov.cn
lohas-pet.com.tw
xqfq.nfdy.net
www.sbny.cn
www.mtj.ch
teezkehqpc.blogage.de
www.592336.com
www.2200y.cn
tmmworks.com
zzqqq-db74.diandian.com
yanan.jzsx.org
hghreviewsonline.info
www.fora.pl
gamification.org
tomaszlacki.pl
bookmarkspot.info
tfos.info
linkfull.info
cctvxf.com
mostradores.org
www.kondor.de
moda.gov.sa
www.maugo.pl
tvptv.com
gogoday.info
yedxxx.com
ahqicai.cn
www.cnnl.tv
soccerrumors.mobi
xosotructuyen.vn
cddv.fr
www.17ttn.com
tekstovipjesama.hr
milkam13.digart.pl
mario.ec
888.ac596.net
fajatek.lap.hu
palps.puk.ro
aike01.com
elinks.info
www8098xlc.78.cn
aandreas.digart.pl
platinumvip.com.ve
zphr.tk
net-mar.pl
superautos.cl
bdqz.55.la
univ-metz.fr
giveawayforyou.info
any-art000.deviantart.com
pysh.blip.pl
www.ls189.com
bellhops.wop.ro
www.lgys.cn
www.libero.dk
www.zwgay.com
wynajemsal.com.pl
deniru.wop.ro
gatormade.com
home.qdn.cn
www.overzicht.nl
jieshiqing.1168.tv
teen-depot.info
iautmu.ac.ir
www.multimed.hu
digminigames.com
www.sfd.pl
www.metalvulc.ro
www.0731ys.com
glospasleka.pl
gynge.wop.ro
direttaradio.it
www.88uu.us
876786.com
muse.wop.ro
remisivo.wop.ro
rjks.nfdy.net
kupildoma.ru
zhenshi.info
www.3993.net
laik.blogger.ba
www.femme.re
genelec.ba
www.mnxzj.com
epoke.puk.ro
52kzh.com
crinose.wop.ro
lovedistribution.at
uplbox.info
www.gevma.nl
kamath.puk.ro
eslteaching.info
unprobated.puk.ro
subbrigade.puk.ro
hebinzhicheng.com
rubyonrails.com.br
wongyai.puk.ro
ibluepiscine.it
concordiapdx.org
buuguu.info
webidirectory.info
qitaihejingdong.qiannan.org
feestwinkel-wateringen.istats.nl
cads.pk
agatova.sk
ynart.edu.cn
askan.wrzuta.pl
click.uol.com.br
felvidekivarak.lap.hu
kac.flog.pl
esgieha.pl
kelten-lexikon.info
imaiyu.info
seostat.pl
xclones.me
www.ecvi.org
p2pbt.mad.buttobi.net
www.babytuku.com
spwm.lizhidy.net
gamato.info
www.aviva-cofco.com.cn
www.31zs.net
falter.at
wealthcreationnm1h.info
444fang-d78.diandian.com
opererer.wop.ro
my.co.ke
apprendre-bourse.net
unionen.se
www.65sa.com
theextrememarketing.com
colortrend.com.br
www.dnf989.com
paulinek19.digart.pl
super-turbo.net
5mr.info
pzhgp-kluczbork.cal.pl
shijiazhuang.baixing.com
www.cngushi.net
www.cd7.com.cn
www.rafael.pl
claudiaarte.flog.pl
thiepdep.24h.com.vn
www.umilit.ro
0579fw.com
beimiyigou.com
ideaexpert.co.th
yozawa.info
comprire.wop.ro
1miancanju.taobao.com
hamer753.hyves.nl
xinxiang.wed114.cn
okresniprebor.nova.cz
usafreeforum.com
zinelibrary.info
wandelkaart-oosterwijtwerd.istats.nl
studiosus.de
caodaniang.com
www.brainvest.hu
emumame.ru
lz.62741.com
dreamflystudio.webs.com
repleto.wop.ro
ugentlig.puk.ro
www.shcw9.com
www.kanmen8.com
zverushca.ru
crcq.210000.org
xdev.gr
risbt.ac.in
tv.yahoo.co.jp
www.sprat.org
finantare.ro
push2check.info
nj.xiudianqi.net
juancong.com
498h.net
www.168168s.com
msbis.blip.pl
cerb.ca
www.xxx558.com
mephitin.wop.ro
luzarra.digart.pl
hxva.210000.org
dlalejdis.pl
www.hy88168.com
leroymerlin.fr
picachu.thegioigame.org
8880t.cn
webslink.info
nazieb.com