gada.210000.org
oscdirectory.info
debianusers.pl
dofollowbookmak.info
jetsetera.net
holidaytours.in.th
www.0816yst.com
ihm.blox.pl
alfredho.org
humebuild.com.au
www.pe51.com
enopo.jp
chachala.com
mzh2615.fyfz.cn
asciimw.jp
usigroup.org
onmam.com
baoming.neworiental.org
www.ams7.com
www.a-free-guestbook.com
desiserial.com
56cs.com.cn
cdf.lu
inter-store.cz
ginfes.com.br
allfilmss.info
to-rome-with-love-full-movie.blogspot.ie
wikilinks.pl
chloie.xfree.hu
networking4all.com
csnf.qiwen5.com
liloy.info
aol.com.co
varagund.edu.pl
abc.cz
achras.wop.ro
uvqi.com
max-site.pl
www.aden.pl
kabayantv.info
www.laigouwu8.com
geziemend.puk.ro
sharingit.co.uk
medister.info
0823.info
linkbandit.info
sas.unl.pt
topsolutions.pl
bbs.mac.net.cn
suretish.wop.ro
msuggett.com
hostzi.com
333ok.info
cl.zhaoxun.net
discoveredvisions.biz
hippostudios.co.uk
hollaatwoody.com
lubiefilm.pl
mephitin.wop.ro
prwv.info
pyrrhocoridae.wop.ro
snowriver.org
varicoseveins0y2.info
www.addthis.com
www.jvc.ch
www.digital-mine.com.cn
calley.wop.ro
lena87.digart.pl
5mr.info
www.lvlvme.com
dansukker.dk
wakaya.wop.ro
99bill5.com
www.haragei.net
setka66.ru
foreverbeauty.biz
bookmarktoday.info
i9yt.k3y3.net
ransomrath.com
blague.info
demotivatorz.ru
zbychaha.prv.pl
misnegocios-online.info
r66.cn
geekberry.net
www.chinarural.org
elektroauto-gebraucht-kaufen.de
faszobraszat.hu
0dyl.qiwen5.com
52843.5c5c.info
1511.ndw1.us
2000-hyundai-accent-repair-man.blog.hr
21in.ru
2lj.info
cxsq.cn
bauhaus.info
eqnaiti.bloguez.com
eska.pl
faspnet.com.br
fqhs.nfdy.net
fragme.info
friendsofbloomsburysquare.co.uk
geneethics.org
googie.com
guaiwangch.1168.tv
archieven.nl
hdlt88.com
jennamarblesblog.com
ltc-asaph.com
31177.com
omate.digart.pl
dev.joomla.fr
pwba.k3y3.net
qq12cj.in
santiagodecompostela.org
unflank.puk.ro
webs4soft.co.uk
www.888f.net
www.bmt7.vn
www.heiloo.nl
www.interval.cz
www.kupf.at
www.qzxw.net
www.llady.cc
zettelte.wop.ro
cvr.pl
luke.or.jp
vorgekauten.puk.ro
organono.puk.ro
scriptores.pl
av.2kkm.com
bandweverij.puk.ro
www.91mycc.com
www.ordbog.gyldendal.dk
51k51-724a.tumblr.com
5658777.com
carrieandchristopher.com
566922.net
56aiav.com
56hehe.com
56xoo.com
56yc.com
574878396.user.qzone.qq.com
tuan001.com
57883.net
57dns.com
altairtours.ru
derangedrecords.com
robsequin.com
armbeweg.wop.ro
18mei.com
www.china1702.cn
aaooxx.bee.pl
wowedge.info
kdu.cc
prous.com
nonwovenbags.blog.163.com
shisu.flog.pl
smzt.baomihua.com
stscript.info
theextrememarketing.com
accedo.tv
tomgarra.com
traumaticlesionsbrainhit.info
trendymarks.info
videosexe5.info
www.66fs.net
www.cuotuo.com
dalegas.com.uy
thongdiep.org
57tan.com
5967.eduol.cn
5999.hk
khaos.info
59bj.com
59bj.taobao.com
59igp.com
59ii.info
bytelink.info
dymol.flog.pl
fortelle.no
mroweczka7.wrzuta.pl
jerusalem.muni.il
www.lhi.is
www.nike168.biz
aaagreen.info
techkings.org
whiskylive.ru
tweehoevig.persianu.wwwwww.wop.ro
pizzasibiu.ro
tuzfeszek.hu
juancong.com
vespucionorte.cl
cinemablast.info
smeet.de
webtoolkit.info
its-sport.de
newskaz.kz
nevtelen.hu
vegagerdin.is
www.zhibeipifa.com
99renti.info
beni92.fecsegj.hu
foodofcountry.com
yyjfjn.1168.tv
olkis.blip.pl
dutchdailynews.com
fitnessplatinium.pl
itapemirimcorp.com.br
papilotyciotkimatyldy.blox.pl
planet.hellug.gr
rwyj.nfdy.net
tax-assistance.info
viu.ca
www.anapec.org
www.bullsofcrown.nl
www.xiaoxia.org
www.everal.pl
www.hvhsa.com
www.platora.pl
terra-henkel.de
www.yeyouxiaa.info
goodental.com
geizigeres.wop.ro
ahe.name
www.zgso.so
overjob.wop.ro
xa.digart.pl
www.linode.im
885227.com
shawnann.com
xiazhengxin.name
xists.wop.ro
xxln.net
bdfafbrv.freeblog.hu
ookouchi.wop.ro
yatou.name
henshuub.puk.ro
blackfeather.com.au
yo24.pl
chsou.com
yhbv.nfdy.net
48cf.com
joviniam.wop.ro
viewcms.info
shopgo.info
fotografwpodrozy.pl
wam.ae
mebnqtau.blogger.hu
abgehauene.wop.ro
www.amcoding.com
herbarii.wop.ro
hoffie.info
dyspneic.puk.ro
y8.in.th
6296.com.cn
www.mpstore.net
ifjn.nfdy.net
antoniogrambone.it
syuudan.wop.ro
sinooke.pl
www.jazzart.pl
seznamkatalogu.cz
m.gyao.yahoo.co.jp
fioreperu.com
radiook.co.th
www.mnd.eu
d4ddd.info
www.0573xuechenet.com
toefl.xdf.cn
sharktankzone.com
suzhou.baixing.com
turutu.ru
guangy.qianyan.biz
erybka.pl
rbedemi.ru
humyai35.info
antiexpo.puk.ro
boerse.wop.ro
hybz528.com
virginiainteractive.org
metallik.net
solucionesdiez.com
el3l.nfdy.net
fukulog.co.jp
ycuuccsr.typepad.com
ushpa.aero
mklj.si
aasitedesigns.com
www.shougej.com
alweb.ch
www.xzqts.gov.cn
tiftof.info
forumlynx.info
big-y.blog.so-net.ne.jp
dresden-airport.de
assaggi.it
newfiesoups.ca
gemilder.wop.ro
tuku.cn
wa1wa.net
abluo-uk.co.uk
avisrefe.puk.ro
bqgh.net
bognorpubs.co.uk
bonenger.com
wulfsber.puk.ro
fandaily.info
1gil.k3y3.net
kongruan.com
kmindex.ru
iglesiadesancarlos.cl
cassini.ro
borcka.bel.tr
3ndme.digart.pl
jiangyapingpian.1168.tv
igxhiblkx.blogage.de
galateacasa.com.br
6c6c6c.com
bc-cn.net
cjp1509.atobo.com.cn
makko.biz
aaconnection.info
bouaghi.puk.ro
katara60.hyves.nl
prentbri.wop.ro
moddingway.net
51yuan.net
www.ldl120.com