keys.rentalurl.net
andreirosca.ro
kafunsyo.wop.ro
octocore.es
malpractice.co.il
tubes-4u.com
4euf.210000.org
www.ufoinfo.pl
comiclink.com
tk09.lizhidy.net
aqke.210000.org
lanzhou.edeng.cn
archiwumrocka.pl
cy06060.info
gaili.wop.ro
www.indeed.ie
www.rafael.pl
logout.do
sou.wjw.cn
prka.info
ccbue.com.ar
grupoazul.nl
purelink.info
lane.no
lichtblick.de
unitedmodels.eu
www.asmeibai.com
kimipe-movie.jp
dominicanatours.pt
prnf.info
makingstrange.info
www.js46.com
bf.yzz.cn
cooh.pen.io
99plus.co.jp
angelladykstra.com
www.galilei.hu
realestatenzhjt.info
lomp.qiwen5.com
guangzhouzt.info
lvkm.hyves.nl
av.9mei.us
ukhhf.co.uk
livevideoson.com
demus-zegarki.pl
clydeeeraq.blog.com
www.sunscad.org
www.cccljt.com
fitdance.info
jinkenso.wop.ro
lagatka.pl
www.videobox.name
clickbuy.in
www.csrcode.cn
hra-news.org
www.fk96728.com
bulainc.org
orso.biz
abzuloesen.puk.ro
livewriters.com
www.jiese.in
ahwazna.org
velo.flog.pl
bookmarkone.info
gogo-nihonbashi.com
sitadex.oepm.es
depdagri.go.id
dailyfit.ru
diyiye.info
literallyinspired.com
damian234.prv.pl
gemeley.net
a2zsocialbookmarking.info
vonderhaar.puk.ro
a-at.jp
www.tuotuo.cc
rtg-mag.hu
rwxkqmlay.blog.mongenie.com
ryojou.puk.ro
sabaudia.latina.it
scrollava.puk.ro
solveren.puk.ro
sortesokker.dk
souris.digart.pl
www.gzfjx.com
www.haichuntools.com.cn
www.hapitu.pl
www.pottia.net
www.pyxxw.net
www.rhxy.cc
spinna.wop.ro
www.stpaul.gov
rehab-international.org
rtsi.ch
ruez.eu
sabaki.jp
sabuska27.digart.pl
sadf.asia
scenari-platform.org
school.org.il
www.romfilmpromotion.ro
searchles.com
seiken.vn
mar2mak.ir
sendsms.ssl.mts.ru
sexbabyfree.info
sexus.cz
shen.yiwang.cn
shibobo.cn
signum.wop.ro
sitesanalytics.com
sofields.com
soniaalicia.com.mx
matsukiya-shop.net
sspops.prv.pl
streetmusic.pl
streetwhore.info
strijdlust.info
sugei.info
sumy.ua
swjproperty.com
taria.blip.pl
tasmc.org.il
tastyarticles.info
teenage-porn.us
terous.blip.pl
thaibubbles.com
thebridgeontheriverkwaifullmovie.blogspot.pt
bfjk.cn
thefreeagencybalt.com
thegioi3x.info
bbs.4yang.com
themewp.com
thomaz.dk
tins.vn
titanum.biz
www.9ifanli.com
hitmidia.com.br
365ygwl.com
www.yunshideng.uqc.cn
loluss.digart.pl
rasaee.ir
mc-larsen.dk
9xhost.info
download-young-jeezy-ringtones.blogspot.co.nz
agromat.ua
jovenclub.cu
www.lfr.nl
lacerano.wop.ro
usinfo.pl
flyer-miles.com
www.3531.com
tariffab.puk.ro
socialkindred.com
ybca.org
dismist.puk.ro
eonet.jp
shopping-time.ca
geofumadas.com
bigbluebus.com
6wnu.k3y3.net
9wv.info
scriptmantra.info
finanse.se.pl
guifei.info
smile-web.info
vietexpert.info
crackedsky.com
cepillar.puk.ro
muskie.wop.ro
ghx.net
its-sport.de
989.la
boltusa.org
espasa.com.ar
blast.ncbi.nlm.nih.gov
safj.210000.org
escort.com.vn
capitulated.wop.ro
bbgaleria.hu
mitao.wop.ro
delft.hyves.nl
allbout.info
eutekne.info
ln-cc.com
gydnwx.cn
888.fa688.net
vaegteeksperten.dk
afotec.puk.ro
star.cooun.info
mm.mv98.info
about.fynews.net
sanne-appa.hyves.nl
bloggerjobs.biz
goldprice.com.tw
goggles4u.info
erriko.it
alkos.info
osaka-u.ac.jp
anielsko.net
twipik.com
hojevouassim.com.br
www.yiys168.com
clinique-star-tour.jp
www.bb520.tk
mzyp.cc
gamerama.fr
blog.calta.info
lasson.wop.ro
zindo.wop.ro
forum24.se
ganmaojd.1168.tv
geguld.wop.ro
shads.puk.ro
sadcc.wop.ro
schiwi.de
polskamanga.pl
911-17.fr
stocks.ch
lt9d.k3y3.net
milkthemarkets.com
setai.wop.ro
djarai.wop.ro
obikidas.wop.ro
sporto.lv
prwb.info
emule-pt.net
pah.org.pl
qqtuan.info
localzilla.net
drel.su
www.geerben.net
prtz.info
coinombrab.freeforums.org
namuya.puk.ro
wang.okgo.tw
firmisternia.fendo.riapparita.informatiserai.touhaku.wwwwww.wop.ro
menshealthhub.com
angusti.wop.ro
wmat.k3y3.net
iphonehoesjes.goedbegin.nl
zimmerpflanzen.ws
df366.com
the-franklin-family.com
slando.gr
agilesuite.co.jp
redesk.es
2mm.ru
www.imoart.hr
szytula.com.pl
bcfm.ca
biogems.info
ayparty.com
realmatch.com
bobonaza.wop.ro
vifilfell.is
thegioibanle.vn
floral.wop.ro
blitzmagazine.ro
avejar.wop.ro
pinti.com.tr
kongotimes.info
unsort.puk.ro
fastwealth.info
dianying.1913.cc
ibee.vn
asu-net.info
studiopodrozy.pl
ewomennetwork.com
youse.wop.ro