nyuujoum.wop.ro
athui.com
ip5.org
oeversik.puk.ro
primely.wop.ro
ballhaus.de
mp3.uz
www.hu0.casedu.org.cn
memcachedb.org
puposa.wop.ro
moean.ru
bookmarkingjobs.info
bsjuoqad.blogger.hu
bilturen.no
www.amur.info
inductiestromen.puk.ro
www.lgys.cn
luckipad.taobao.com
www.qq1163.com
chinaprivatetravel.com
creator24.pl
pllogic.com
www.verbon.nl
honderdvoudig.wop.ro
beaconwealthmanagement.com
arija.pl
adygewiki.org
helldive.org
123-plombier.com
delfinariy.info
bidian.net
2012.com.pa
schichts.wop.ro
fashionzila.com
jdnorunnmy.freeblog.hu
dustfreepc.com
yyfn.nfdy.net
efxunudp.mixxt.eu
blog.tkbbs.com
fitnessboutique.it
pornoclipz.nl
richrussell.co
binger-bao.info
zacla.edu.pl
bgz.xxx
mp34u.fm
yuopjdgil.blog.mongenie.com
xmediaresearch.com
laie.es
hogs.puk.ro
cc.wwmmm.net
upsilo.info
wavement.puk.ro
smeet.de
kuyi.yk8.so
arcanebolt.deviantart.com
nawebu.cz
ishibori.puk.ro
website.tc
sisyunki.puk.ro
triboliu.wop.ro
oreignin.puk.ro
szybkooferty.pl
herogeme.alink7.uic.to
qilu120.com
top-shop.rs
xulibin.com
dildoparties.dk
s.726.com
biwako.gr.jp
koszalinek.pl
jeans.pl
xzgww.info
cgwb.gov.in
marionex.pl
1xsuccessteam.info
3556825.i.tiexue.net
hungmok.wop.ro
bip.pwpw.pl
midiaville.com.br
abzuloesen.puk.ro
area1.info
lapdatadslfpt.net
sorubankasi.gen.tr
megatheriidae.puk.ro
www.gpxz.com
5af.info
charlero.puk.ro
bookmarkthistime.info
www.qqouyu.com
catholicregister.org
bailer.wop.ro
myprdir.info
esyoil.com
uncaused.wop.ro
dru.pl
stylemyphone.de
dm77.info
acernet.es
tollerare.wop.ro
bbliveshow.info
slemish.info
bruil.info
xinanmt.1168.tv
syakin.puk.ro
ezeitung3.info
chemenal.wop.ro
lady.youban.com
gunp.jp
magna-themes.com
afid.fbl.pl
8880t.cn
xixidieyuan.com
bbs.zm7.cn
chenpeng.info
adbertigant.blog.pl
giampieroabate.it
anticapitalistas.org
cornix.wop.ro
wiinintendo.net
gamesurf.it
xxxbolivianas.info
greenfingers.com
www.666za.com
jxpma.org
www.11tp.net
www.sebaidu.info
radiodjs.net
pakir.wop.ro
chachala.com
www.musicsite.it
ushpa.aero
broglie.wop.ro
33qq.net
news.liao1.com
money-finanse.pl
7gr.pl
886tt.com
speldatabase.be
linkscr.info
soutirie.wop.ro
www.mgfr.cn
journeyman.cz
bhn.net
pozitiff.info
p-store.us
chernihiv.info
fatmamas.pl
kemenpera.go.id
www.97.56sqg.com
ahe.name
dawes.wop.ro
lerel.wop.ro
chaosu.tv
52xiezhen.info
bbs.clzg.cn
1182.org
kittelaars.puk.ro
cestyksobe.cz
slw2.us
djshop.pl
afzwenke.puk.ro
www.jazzart.pl
14mirror.com
videosexe5.info
perugia.it
xxxpalesteinxxx.hyves.nl
66066.info
dstraffic.com
apartments.com.ua
iautmu.ac.ir
despearse.wop.ro
www.yeyecha.com
www.4493.com
21directoryiso.info
vah-hans.ru
phone-support.net
gra.xlx.pl
cfohkvra.blog.mongenie.com
liuliguang.net
proba.wop.ro
maja85.blogger.ba
www.wuwer.de
intradis.puk.ro
redpopotan.com
skartid.blog.is
www.nuozhan.com
positiveroi.info
mp3towav.info
www.techcamp.pl
modifien.wop.ro
advicegraphics.com
billingcollegez.info
dopais.wop.ro
www.avuuuu.com
one.cz
dusha-loca.co.il
sanborondon.info
compotat.puk.ro
taigamemobile.net
ostrowiectv.pl
ccftn.com
neks.info
elsevier.pl
avattka.blog.xfree.hu
fluxbb.info
namena.wop.ro
5dy.181.net
tetrakis.puk.ro
sortesokker.dk
6q4.info
www.baidu.com
sz.58.com
hs1.yy.ai
www.shenzhenkaihu.com
koma-50.flog.pl
www.tv0762.com
southlondoncollege.co.uk
zpie.nfdy.net
qudoushuo.com
smibs.info