alkotos.blogspot.hu
www.seoau.cn
www.neukpaarden.nl
challa.wop.ro
ai880.com
nesiot.wop.ro
manutouch.com.hk
2kom.ru
quasi-mundo.net
p0rno.org
gapines.org
akronvax.wop.ro
chiupei.wop.ro
katherinejenkins.co.uk
www.overzicht.nl
www.8h688.in
a-mm.tv
vchat.us
wafd.nfdy.net
kanitel.com.ua
elitets.ru
360430.com
www.scsjpt.com
smartpress.cz
erfuellu.wop.ro
auth.gr
obstinacies.puk.ro
sn77.info
chachala.com
fortnece.puk.ro
jiriurban.cz
ubroad.mn
linkbenefit.info
www.shunv.cc
enass.info
heimbygda.puk.ro
janinecross.ca
carcle.jp
zvyq.210000.org
universes-in-universe.org
268988.com
www.dqnational.cn
carreleurs.puk.ro
thaingo.org
belajarpc.info
seiken.vn
www.jianhuacq.com
khda.gov.ae
litograf.wop.ro
gwede.wop.ro
interectory.co.uk
www.111zy.info
gf30.nfdy.net
socialbookmarkz.in
telebe.az
mitkbh.dk
ribber.puk.ro
hostukz.info
anthonyrobbinsfoundation.org
www.mesda.de
www.10086la.com
estimatedwebsite.fr
111zy.info
reestri.gov.ge
k12.ne.us
www.geliya.biz
urad-online.sk
herbarii.wop.ro
seomarks.info
akhmatova.org
prosifier.puk.ro
graphics.beareyes.com.cn
akhwien.at
coldsplinters.com
failed.wop.ro
komparing.com
www.13149921.com
bamayishoutkp.1168.tv
bluefire.com.au
articletwirl.com
importio.puk.ro
dialogmesse.de
taikongczppb30mi.1168.tv
dljz.78.cn
dimostrai.puk.ro
freepricealerts.com
23055000.ir
cuisine.com.ar
cehuan.com
0759haixian.net
dep.no
91porn.aa.am
youpics.pro.tc
iogonline.net
www.speedmeter.hu
www.6dxh.com
dimonbos.a-liveprivates.com
4gproxy.info
bozok.edu.tr
ztxu.nfdy.net
www.maximum.ru
gamehiroba.seesaa.net
www.zailine.com
landrover-orbea.org
www.livetv.az
tupian.meinv.cn
56259.com
hewo.210000.org
kyhappyask.info
ll0.eu
rasaee.ir
emttrainingx.net
acech24.pl
porn69.us
vurst.wop.ro
typepad.com
seopasswords.com
eutekne.info
cleanglobe.com.tr
jutting.puk.ro
www.kkdyw.info
pelais.wop.ro
hg1708.com
dokk.wop.ro
esicongweni.co.za
asaro.wop.ro
couponsc.puk.ro
webslink.info
panfi.ro
xantor.flog.pl
sklepzara.pl
www.bf1111.com
uksupportgroup.info
secure.com.mt
ijbu.210000.org
qhtygj.info
www.ndea.org
paperthin.de
www.qile520.net
ckpe.prv.pl
fullgas.hu
epigraf.su
ik-net.ne.nu
dopie.wop.ro
revomaze.co.uk
zanebenefits.com
edi75.flog.pl
www.qthxxw.com
henhengan.info
haagt.wop.ro
my-jewels.net
yahyazadah.ir
logoart.vn
ikxs.com
www.drstudio.pl
oqqw.265link.com
ccdh.info
creped.wop.ro
sz.nuomi.com
tourest.ee
www.industridesign.lth.se
ben10.fad3.net
selserv.pl
www.cuotuo.com
animestage.org
ffue.210000.org
digitalents.fr
www.maiwater.cn
www.ldl120.com
www.nra.pl
www.webtruyen.tk
pieters80.hyves.nl
kodczasu.pl
plusxplus.co.uk
rpgamer.pl
se.876ggg.com
www.zhuanbei.com
www.taotao58.net
vskv.k3y3.net
inventforum.com
ancangio.uga.edu
cofunds.co.uk
javasourcecode.org
fleggaard.dk
www.dj897.com
ahe.name
blox.pl
jaworznianin.pl
www.aaalab.net
offshoretanacs.hu
bbs.51084.com
myfinance2375.info
www.sspfw.cn