acclaima.puk.ro
wen84.com
49h.39983.net
gayonporn.com
vertlain.digart.pl
dm.blog.is
www.drstudio.pl
cocktaillounge.at
allquietonthewesternfrontfullmovie.blogspot.co.at
zeken.wop.ro
midaj.digart.pl
greek-radio.fm
jfzc.210000.org
lucas.wop.ro
t-oya.net
vqrt.nfdy.net
123hp.jp
www.666za.com
shsihao.info
changchun.ucar.cn
linksforme.info
juancong.com
www.zgykc.net
kwt.or.at
mrozu93.flog.pl
faro.hamazo.tv
hupan.net
diariodaserra.com.br
interchan.org
gefrieme.wop.ro
pokertexas.pl
eudal.wop.ro
utwdzialdowo.eu
touristikerverzeichnis.info
eyantra.net
prwv.info
prentbri.wop.ro
inshining.puk.ro|jiin.wop.ro|hxh.bdwl.cn|ovis.jatek-online.hu|www.int.nf|www.sjzhuakang.com|asqj.nfdy.net|mndy.nfdy.net|spante.wop.ro|soreve.xtgem.com|gz.h2h.cn|www.avzai.com|xpdi.nfdy.net|youxi.com|kaiarei.deviantart.com|www.jzswdc.com|www.huanggua.com|moreb.wap.ai|canada-goose-shop.frnewsby.com|fct.unl.pt|arcade.rakuten.co.jp|qipabuluoge.taobao.com|www.guilin.gov.cn|cfwc.nfdy.net|unyn.nfdy.net|wjub.nfdy.net|www.biantaoti.in|www.zhongguo315.com|ytoh.nfdy.net|www.3111.co|mediakosar.hu|www.03187.com|zpbk.nfdy.net|wfylnwyql.mobie.in|nxkh.nfdy.net|medial.wop.ro|zbfp.nfdy.net|uyxzmjzacgcksn.blogtrue.com|www.1-l.cc|www.ksxjd.com|revctrl.org|ekxx.nfdy.net|masse.wop.ro|www.lmmw365.net|www.abc625.com|www.0351sem.com|www.youy8.com|lionbass2.blog.so-net.ne.jp|lwzy.nfdy.net|www.pixeltuuning.feim4u.ee|www.hecor.cn|nisa.nfdy.net|uggonline.info|vlieguren.wop.ro|icamtech.net|www.aiyunpw.com|www.xshpjy.com|ikng.nfdy.net|www.evenimenteromanesti.com|targanewfoundland.com|www.38767725.com|www.zfeiwang.co.cc|arena-barani.com|dibao.org|zhishangnet.cn|nexustournament.com|radabg.com|www.0539house.com|daogouwang.tk|3490.nfdy.net|tehl.nfdy.net|seostats.asia|www.cpa.hk.cn|modelschool.com.au|www.shszc.com|pocoma.wop.ro|18mei.com|0wnenstein.deviantart.com|nanrenwa.com|flambe.wop.ro|twitpic.com|gimzo.wop.ro|www.yhdnzc.com|tolhuoche.buscx.cn|autobodydynamics.net|www.ctt111.com|www.365shhr.com|iplforum.com|dicks.co|uggforcheap.info|fplt.nfdy.net|bbs.007.mx|www.wdhrb.com
www.543xx.com
pussy-ass-boobies.blogspot.com
download-will-i-am-ringtones.blogspot.com.au
play.fpt.vn
sac.org
www.www.76me.com
iguanaloco.ch
sgranchi.puk.ro
hao.b2b.biz
islamhome.info
weblinks4u.de
citharex.puk.ro
crushe.info
netyoyo.info
www.m9191.com
creuna.no
bespout.puk.ro
news.55.la
zarobkowy.info
virtualserverzs.info
64ze.lizhidy.net
broma.fr
sarah-hoedje.istats.nl
emoda.com
ymfs.org.uk
ilawaonline.pl
1swarovski.com
mma.blip.pl
dinweiqi.com
2012new.info
matr3o.ro
www.seo985.com
korene.puk.ro
tiendastore.net
geteut.wop.ro
gdziejestdziecko.pl
envyusmedia.com
clickmeeting.pl
www.gajdar.pl
gahy.nfdy.net
neoviatelecom.com.br
akhmatova.org
toppornogang.info
loquosexo.es
fcwap.net
kamalov.uz
pisir.edu.pl
www.mingibugtgf.com
iwin.edu.vn
szca110.com
weghelp.wop.ro
rheuma-liga.de
trx.ro
volait.wop.ro
oberdorf.puk.ro
gracechurchonthehill.ca
link.55.la
msuggett.com
bluntgang.info
m80.tv
www.92hd.tk
www.bcctv.pl
khaos.tv
atrl.me
www.upf.edu
969se.com
www.sezhu.us
www.flashgame.hu
www.dgshunjia.com
com.cn
hms100.hyves.nl
chipi.tv
sjlf.nfdy.net
hitches.puk.ro
careers.compass-group.com.au
socialtag.info
inzinken.wop.ro
nba.blip.pl
letapartment.com
lapmangfptsaigon.mov.vn
www.cinem.ru
cc.wapyc.net
dodge.ca
www.g617.biz
telsales.org
vaxjokravmaga.se
travesiadepesca.com
aanaardi.puk.ro
4daagsetv.nl
tissing.puk.ro
canonical.com
kasa.cz
xlong.qq.com
palnhumbwest.bloguez.com
lernia.se
ruay.info
www.hbmzyq.com
cpu8pin.7ic.info
www.shexiangshu.cn
lasky.hu
cruiseweb.com
ankdirectory.info
bja.gov
korton.nl
www.wfwe.net
dimakid.fr
nottv-monitor.jp
dwangmid.wop.ro
percheron.pl
www.lxjunshi.com
pasten.wop.ro
49txc.com
schatztruhen.info
mmkrakow.pl
metmuseum.org
www.pe51.com
pos-bj.com
kloss.pl
railfan.co
sidcoserver01.info
www.vsebio.cz
comprire.wop.ro
womenfreebies.ca
faiv.com.ve
www.ayjyrc.com
k-cosme.jp
unblockanything.com
richosoft.co.uk
brilliant-group.ru
event.ru
shop.ecidu.net
ynda.wop.ro
zeclubs.ru
adamolly.com
7788.by
piataafacerilor.ro
porn9.org
cycyxm.78.cn
sylwii.blip.pl
bbog.nfdy.net
tianhaiyan.dz.vancelle.net
linkstag.info
mikko24.wrzuta.pl
ksppolonia.pl
skiresort.de
devisenp.wop.ro
www.wlyoumin.com
www.gwktravelex.nl
kmfv.56dvd.net
www.n3t.pl
house.gucheng.com
vxb.com
www.3dcaitu.com
oohata.wop.ro
fh-trier.de
sw.io
exodus3000.com
www.hs114.net
tauti.wop.ro
state.co.nz
www.bady-shop.com
fvvgbqhfg.blogger.hu
lindenchamber.net
klapjes.nl
presitmv.osa.pl
m.b2b168.com
losed.tk
35sao.com
futureclub.us
hlbb.nfdy.net
chachala.com
iauctb.ac.ir
abluo-uk.co.uk
riaenvia.net
fardel.wop.ro
www.wuqiku.org
hwbox.gr
www.13366.info