vigile.net
www.gzxfy.com
cq.bbs.jiaju.sina.com.cn
www.zxcvbn.org
sexystory.info
ien2.hyves.nl
www.rws-verlag.de
nod32id.org
hotangel011.a-livesexasian.com
guihuaxiang.com
diskcomp.puk.ro
sou.wjw.cn
www.ecommercetimes.com
dyxy.cz
www.pace.edu
divxfilmindir.net
articledashboard.info
www.gramatneusiedl.at
osandroid.cz
aurino.com
shini.wop.ro
oehl.210000.org
dickpills.info
crop.wrzuta.pl
www.aplusnet.hu
belley.puk.ro
aanhecht.puk.ro
myhate.pinger.pl
findvej.dk
radio1.pf
acutely.info
schuro.xfree.hu
www.stimon.nl
der-hausinspektor.de
zeigte.puk.ro
www.espo.cz
nyheter24.se
ahe.blip.pl
starbucksmenu.net
cnporter.com
www.zhoupets.com
ahouzhong.com
daogouwang.tk
plotip.com
imo.com.pl
www.duoq8.com
bylf.210000.org
www.together.im
armgol.tk
celebritymixer.com
arvatodigitalservices.com.br
383981.com
castres-mazamet.com
www.phpyo.com
www.gbhtb.com
perfumery.puk.ro
www.uxx.cc
6ku.cc
beunhaas.wop.ro
lessons-tva.info
swish-designs.co.uk
purelife.pl
kapitalwissen.de
trolldad.info
rationalwiki.org
tmiura.wop.ro
dwangmid.wop.ro
ibl-japan.co.jp
crawlr.net
c8160.com
contintasca.blogosfere.it
cem0.hyves.nl
www.gamet.eu
www.kidprince.net
blackphoto.com
oceangroups.info
iamsport.org
diavgeia.gov.gr
disciplinatory.wop.ro
visathegioi.vn
gis.gov.pl
wap.hk518.net
bcfm.ca
www.pornopaarden.nl
wicks.wop.ro
caoliu522.pen.io
fezzan.puk.ro
gabot.de
votem.puk.ro
tgptraffic.biz
rapszodi.puk.ro
pairies.wop.ro
qxp.digart.pl
jf-castelo.pt
tempteren.puk.ro
olympia.nl
www.rank.gs
touristmedia.info
frontexplode.eu
www.hl.lss.gov.cn
51nanmu.com
mosti.gov.my
51proxy.org
easyfm.lv
23055000.ir
33583.vgb.no
335hh.com
3366.com.cn
345pp.info
345uu.info
6hcai.co
34840.site.booen.com
3499.cc
sporto.lv
34dee2xvzess5m38u9d1fneue1.hop.clickbank.net
51speakerssystem.7wx.info
34ls.com
34mn.com
350721.fjsnw.cn
3556825.i.tiexue.net
356c.us
35sao.com
35ys.net
360-full-movie.blogspot.ca
tgs-tennis.de
n2ii.in
3600safe.com
jpds.210000.org
51tbabc.com
splove.tk
360430.com
darty.it
51v.cn
51vanda.com
51wlg.com
51youpin.com
51yyzc.com
52.co.nz
palnhumbwest.bloguez.com
52.grxx.net
520716.cn
520ms.5d6d.net
520sx.net
520ymm.com
521338.info
522sese.com
525252.net
5252kan.name
astrobook.info
360buyc.om
christwire.org
5252kan.net
5252mai.com
360hqb.com
taomeisz.taobao.com
526zx.com
527123.com
oca.ru
360joyo.com
crayz.org
5278.av99.us
360qqdg.com
p-sango.taobao.com
528.hk
360s.vn
52933.site.booen.com
360waigua.com
529634.cn
360xzs.com
52book.shop.kongfz.com.cn
52caipw.com
361du.net
tropiland.it
52ccw.com
52cznet.com
puposa.wop.ro
52eagle.com
52guard.com
webipaddress.net
cbcb8.net
52joomla.com
361jk.info
52jrsh.com
52k.in
365.cc
52kshu.com
365108.com
3659898.com
52kzh.com
52mba.com
365a8.com
52pa.com
365aiao.com
52pvzj.com.kt002.idc69.net
365hk.net
52ranr.com
365jia.cn
online247.org
lebhafte.puk.ro
52taiqiu.com
365kone.com
52wt.cn
365winner.biz
366paydayloans.co.uk
52zipper.ywkj.tk
3683.com
36988.in
369ka.com
369trip.cn
36kf.wq029.com
www.marit.ag
530wiki.sba.uwm.edu
533m.com
36nf.com
36pi.210000.org
5360pt.com
53888.cc
371.net
371jiuxun.com
53aiai.com
371vps.com
375048140.blogbus.com
37eu.com
37go.net
3833833.cn
383955.com
braklapsiper.blogger.hu
383960.com
383961.com
383968.com
zvrh.210000.org
383972.com
383980.com
53meili.com
383987.com
383991.com
384002.com
384003.com
384004.com
384012.com
384015.com
384046.com
pstraghi.blox.pl
384047.com
384049.com
388488.com
38jjj-823a.tumblr.com
38jjj-823b.tumblr.com
38jjj-823c.tumblr.com
38nc.com
policzmysie.pl
38post.com
3929.cn
392963326.taobao.com
download-pitbull-ringtones.blogspot.tw
393800564.cn.nowec.com
398.cn
399u.com
85cc.com.tw
39articles.net
39za.nfdy.net
85tw.com
cam4free.cc
3akis.lt
863.fjof.com
3amw.com
3assncock4play.a-lsawards.com
863052.shop.zzol360.com
8685.nfdy.net
3azv.com
ios-blog.co.uk
3bb.ru
trinityplaces.net
3bbiptvhd.4yb.info
ajada.wop.ro
3cgadget.com
543aa.com
3clines.com
54545tb.com
3cmoli.com
546184568.33591.com
3cq.org
3cy.tv
54aaaa.com
3d9r.com
54fy.net
3dapple.deviantart.com
54hao.net
3ddesignconstruction.com
3designer.in
3dinghr.com
3dktdy.com
opgebrokenen.puk.ro
54new.com
3dwh.net
3esi.nfdy.net
gral.pl
3fatchicks.com
www.524500.net
3fu.cn
3g.118114.cn
3g.189gx.com
3g.204.at
3g.2h3h.cn
www.gps56.com
3g.66dc.cn
3g6h.cc
3gbtest.com
3gcm.net
3gfu.net
3gfu.tk
3gp.net
3gqq.com
3gtmb.com
3guc.info
3gwc.net
3gwzl.com
3gyy.net.cn
stormweb.ie
3hatscommunications.com
3hd.wap.ai
www.experian.es
3he.cc
ydjf.zhuxian2zt.com
isi-shop.net
guolaotai.1168.tv
3hsg.net
3i1.net
3ie9.nfdy.net
3jfs.com
3led.ch
3m-3m.net
www.xxx0123.com
3m-water.net
3m.ac.cn
3marble.cn
3mbz.com
54zz.com
3nc.info
5506.wapbm.me
3nglass.com
551128.com
3pah.ir
55115.com
3ppp3.in
5519.tv
3qa.info
552tk.com
3qe.us
3rbang.com
553473813.paipai.com
3ridethecock.a-livesexasian.com
3rin.net
555-timer-circuits.com
3samakkeesaraburi.com
555.kk1155.com
3soe.com
3sports.at
3tqq.cn
555.wap2288.com
www.jiaoluo.org
3uni.net
3unijob.com
55511.cn
5555.a-thera.jp
3vl.allyfw.com
3vvv.org
55556.com
3w.guizuse.com
555xu.com
3w.nv44.com
3w.yesegz.com
556779.com
556788.com
generationmedia.org
upload-il.net
vinaso.vn
alphafox.pl
watchoutnow.info
penedofm.com.br
55av.info
www.drsprzedaz.pl
55bbstg.com
55bt.eu
xjyv.lizhidy.net
55gp.com.cn
55mpw.com
55tmk.us
3wd7.nfdy.net
d107.210000.org
56.96520.com
pomiar24.pl
ansina.puk.ro
56259.com
tenis.pt
56671.cn
56le.net
58.duote.org
www.ndtbbs.com
muou.info
3wii.cn
sd.be
58.efw.cn
58.my
28dni.pl
580zx.net
58119.com
herogeme.alink7.uic.to
5847.210000.org
3wpf.nfdy.net
3wpharm.com
585ccc.com
5862095813.phone.searchwww.com
3x88.net
3xo.info
586zw.com
3zitie.cn
3zzs.com
400.jx-sptjj.com
4000602008.com
400117.com
flaccidcity.info
5888.jjliao.com
400315.net
400612.com
www.pignut.net
588nba.com
58feixun.com
400616.com
4008197197.com
4008844442.com
4008844442.net
58huida.com
juancong.com
58kankan.cn
400ai-730x.tumblr.com
400ai-a.diandian.com
58kk.info
400ai-a.tumblr.com
smbnation.tv
400banjia.org
58nv.cn
latwa-kasa.top-100.pl
400shencai.com
58oo.in
58song.com
www.038300.cc
400slzx.net
4057086099.phone.searchwww.com
58v.2044.cn
4080records.com
4088.me
59-specific-special-papers.com
40gvps.com
41273.com
nuss.56dvd.net
5917.info
4148152.c.mychemy.com
59187.com
locations-06.fr
418.la
591yuyu.com
41bo.com
5938.com
5969.cc
41xx.com
5dy.181.net
yhwh.lcxw.cn
424pp.com
5peixun.com
4279.cn
5starbookmarks.info
5up3rph15h.deviantart.com
428702.5sing.com
5x6p.com
42kan.com
thezxproject.com
430022.com
5ydy.info
4305.cn
www.lomei.cn
601448.com
6047573409.phone.searchwww.com
65de.com
66c.com
6h49.info
66c.in
66h66.cc
snapdrag.wop.ro
66h88.cc
66hk.in
66hk.us
66ririse.com
66z.cc
67.213.222.9-static.reverse.softlayer.com
67537.9911.biz
676867.com
678.com.cn
678236.com
4399dy.net
678bc.com
678qqq.com
pinnacle.co.za
67percentobsession.deviantart.com
67qs.com
woobin.puk.ro
680829.com
68194ccav.www.wlfyb.com
68283.com
68688.taobao.com
6869.hk
topproduct.at
6888365.com
6888809.5sing.com
439pk.com
688tm.com
43gan.com
68912.com
43m.info
68ddd.info
43nv.com
68h.org
44126.cn
68liao.info
441x.com
68web.net
44323.net
68wz.cc
68yin.com
4444kk-823a.tumblr.com
69-dvd.com
444ca.com
zz23.info
691.chlorovwc.orge.pl
444kk.com
694e.nfdy.net
discountkuechen.de
696pk.net
69879.com
merell.puk.ro
699567.com
69ring.com
6appleofdeye9.a-liveprivates.com
6bao.net
6be3h.com
6bjl.com
6ccp.com
6cfu.net
kempwire.com
6china.info
kewlbase.com
6cj.us
6cotok.net
6ctx.net
6cwap.com
6czl.info
6ddd.net
6du.me
6eki.deviantart.com
6h.49cb.com
6h001.com
6h168.com
6h5118.com
6h518.net
6h598.net
onmatrix.ca
6h9y.com
6hbxz.cn
6hc.biz
6hcc.me
6hchk.net
6hctm.biz
6hdx.com
6hgb.com
6hhk.in
businesslistingz.com
6hhs.com
44bobo.net
44ss.net
88j6.210000.org
6hhy.com
45ye.com
6hmll.net
6hmm.net
45zgw.com
460l.nfdy.net
6hry.com
6htg.cn
6htz.in
46nt.com
6hw.me
4730177.blog.51cto.com
6hwcp.com
4758352.71ab.com
6kkkkk.com
4799.3199.cn
47cf.net
47qg.com
6m7s.k3y3.net
47r-squad.com
6mwww.cn
4888.cc
6n01.210000.org
6sm.co.uk
48cc-bike-engine.blog.hr
6star.info
48hk.cc
6traveler.com
48wap.net
48zh.net
qrjq.nfdy.net
6w6w.net
6wz5.k3y3.net
49.aiao.cn
495533183.qzone.qq.com
6wzl.net
4988tm.com
6ytk.com
6ytzppzkd.78.cn
498h.net
7-stone.com.cn
499.3199.cn
700kxw.com
700so.com
4999.hk
499tm.com
7069320051.phone.searchwww.com
7071.nfdy.net
49c1.com
49ic.nfdy.net
711crew.org
49t.org
71j.cn
724876636.33591.cn
726300.com
49tmw.biz
728.com
www.ssl.be
49tmw.com
49vip.com
7292.nfdy.net
49vvb13.diandian.com
733778.com
73ca.com
49vvvv.diandian.com
73ss.com
49xxoo.com
7475.cn
74qz.nfdy.net
49zl.net
7542012399.phone.searchwww.com
49zt.cc
75657.info
4dj.cz
7575bo.com
4fans.net
4hourrecipes.com
globalwebdirectory.info
7609795648.phone.searchwww.com
76mmm.com
4kbbs.com
77163.hemelsesex.nl
4lt.info
4m.net
treillage.wop.ro
772dy.com
4moms4me.com
7755.tk
776dd.com
4numchurch.org
4s.elarnz.bee.pl
78170.net
4s.pcauto.com.cn
7886.cc
4service.no
7886.tv
4shared.com
7898989.com
789988.com
airmilesopinions.ca
4sqatl.com
78gk.com
4vw.cn
7910.org
txyq.nfdy.net
4wkj.com
4y.cn
79dni.pl
4yb.info
79hmm.com
7bwap.com
4you2know.com
7cait.net
4z1f.nfdy.net
ojhs.210000.org
7cwap.com
7days7nights.tv
4zai.net
7hab.nfdy.net
7hcn.zjol.com.cn
7j.sinohydro.com
7mdigg.com
ataga666.pinger.pl
7seuu.cn
7seuu.com
7sport.ro
hdchurch.org
7tff.com
4zon.com
7tv.cc
7win7.ru
7wondersoftheinternet.com
8.5566.org
kurnik.pl
8.tkss.co
800900.net
801a13.tumblr.com
8090mix.com
80lian.info
knigka.org.ua
houchiku.puk.ro
www.ifps.org
5-v.org
5.555773.com
ertrael.pinger.pl
www.abwerk.de
50.com.cn
500dd.com
5020suncity.com
trovit.pl
5025264380.phone.searchwww.com
50calgaming.com
810a4.tumblr.com
50pppf.com
51.net
511nebraska.org
512bxfc.com
513hqsy.com
5144427213.phone.searchwww.com
515.cc
5151-job.com
515421.com
516m.cn
51716.223388.info
slw2.us
51736.org
517518.xiaodoutao.com
nathaliexd4ever.hyves.nl
517anbo.com
517na.com
518jzsc.com
518wz.cc
519.travel
51anjia.ca
51ava.tk
51bty2.jumpingcrab.com
51bty3.jumpingcrab.com
51chuntie.com
51cihai.com
51codes.net
pwrnewmedia.com
51hsp.cn
51mimi.tk
www.by1tt.cn
mameo.info
zeclubs.ru
itvmragowo.pl
api.789zy.us
www.0373rcw.com
xemphimhdonline.info
vannetukku.fi
aaabillsremvalists.com.au
literallyinspired.com
www.dgkyjx.com
mylekarze.pl
www.syr.hk
www.itunion.cn
laptopbits.co.uk
loomji.fr
duoduo9155.info
moselbook.de
reit.com
cicloleiriense.com.br
stachyos.puk.ro
daigobyo.wop.ro
gtalumni.org
www.dekuststrook.nl
www.tv5.fr
samygo.tv
movezu.info
transfer.infoseek.co.jp
www.guahao114.net
sbready.info
loombo.pm
saoxue.c.la
www.niao.biz
cn1688.org
www.xplay.dk
virgintrainscareers.co.uk
zapraudu.info
my.r.gd
perwira.net
elpost.cl
journalisten.no
przg.info
textilorszag.hu
kaptajn.wop.ro
www.ufolabel.tv
diro.ws
urad-online.sk
ubuntued.info
ccftn.com