www.tib.hu
annasel.ru
meetchristians.co.ke
mep5.nfdy.net
www.huilin.info
vip-cs.ru
www.lvfa68.com
kalisz.pl
softestan.com
www.wz888.net
pandagaming.net
redmassgroup.com
j83w.265link.com
eflowercanada.com
comune.napoli.it
kygu.nfdy.net
fundaciontelevisa.org
ssiceplanet.net
peteraki.fecsegj.hu
www.66ow.com
olet.210000.org
surulerejobfair.com
aestservice.ru
bidhome.com.cn
chinachs.org.cn
noborders.pl
www.greenth.cn
www.xlmr.com
lyedecke.puk.ro
www.lxgzs168.com
freesexclips.eu
builderhouseplans.com
soulinstone.ca
spiltester.dk
panty-job.com
lingyan.net
kueste.wop.ro
playbutton.pl
www.lxpyw.com
digitalisfoto.lap.hu
fv4.info
jece.wop.ro
chinawg.tk
www.haianlongtan.icoc.cn
hoclienthong.org
nh07.com
www.xinanyixinaiqi.com
12371.gov.cn
100cols.org
222k.ru
comeon.co.jp
emporda.info
www.220.ro
nc.ddmap.com
bo.8rree.com
www.comic.gov.cn
nisimago.puk.ro
yapool.de
www.wanshentu.com
www.indianerweisheit.de
design63.com.cn
janoah.wwwwww.wop.ro
belindamarshall.eu.pn
chloepardoe.com
bjshzd.com
hutaobao.tk
brzpost.com
thefreedomgarden.org
bbs.cn.yahoo.com
juegoswarez.com
timesamachar.com
nyo.me
selangor.gov.my
redpatchboys.ca
free-board.org
danslararen.blogspot.com
archisquare.it
www.jdb.nl
photo-toile.net
americanmeat.jp
www.51banqian.com
savchuk-visage.com.ua
www.nw.nl
www.keb.de
money-vsem.com
sjor.wop.ro
da.com
sausd.us
chnfeipin.cn.99114.com
test.msk.ru
hscy.78.cn
haishin-kun.com
www.wbtxceo.com
itasky.com
renvoyaient.felicitate.wiedergetane.juteuse.euwww.wop.ro
kaletepe.net
scghun.com
m4e.to
andorratelecom.ad
tibicinist.puk.ro
fkn-famous.com
ys-a.info
foreverpetite.net
gehemelden.wop.ro
www.7xbs.com
nvpn.net
bkbr.qiwen5.com
efri.puk.ro
filesave.me
chongqing.qyi168.com
fortunita.info
www.runke.com.cn
bj.pchouse.com.cn
netfluxo.com.br
getfitmississippi.com
www.jianzhanzhe.cn
www.ina-zhoucheng.com
goldb.org
adamolly.com
sd-video.ru
la1.prv.pl
www.bidcenter.com.cn
starberita.com
www.m1630.com
talentaschool.sch.id
mountsnow.com
11sasa-820b.tumblr.com
www.qdboat.com
www.theons.info
www.szjieli.com
pb.pl
chrissyx.com
linkadmit.info
www.endd.ro
addressarticles.info
saidairi.wop.ro
livepoker.fr
silver.com
nibssolutions.net
www.mudants.com
gaiw.210000.org
bectu.org.uk
www.abstynencja.pl
lasikplus.com
baianbai.com
lessens.wop.ro
axxasearch.com
freelance-journalist.goedbegin.nl
fc-zenit.ru
www.hijran.net
everbuy.org
chuan1.tumblr.com
www.gznet.com
desynced.net
www.banshou.biz
hk-mg.net
isabella.net
linklink.ba
gruks.net
blackgalaxy.org
seoplink-host56.info
flashjuggler.com
chen-hs.com.tw
www.snowvillage.nl
tieyi.fyfz.cn
mycottege.ru
fxy.whu.edu.cn
satory.ru
photo.familydoctor.com.cn
datapipe.com
healthsecrets.com
clarins.fr
6pog.qiwen5.com
chunmian.taobao.com
henshuub.puk.ro
www.dekart.hu
fx-biginer.jp
www.steblan.net
crokinol.puk.ro
macdocks.com
krisad.com
mebelmod.ru
derangedrecords.com
pacificav.com
www.bbstour.com.cn
tedy.tk
kyleroot.com
demarini.com
getoemsoftware.net
www.sexgs.net
www.ttt999.net
wapcf.cc
kdap-mea.gr
takibi.com
answer.it168.com
kankanai.wop.ro
madira.com
spianai.wop.ro
cincinnati.com
ossipedia.com
kantonow.com
dblp.uni-trier.de
cedex.wop.ro
yamipod.com
1c-usoft.ru
wvjails.info
dopravniinfo.cz
nvnao.info
girlfriendgalleries.net
dell-faq.com
cnc.80801.com.cn
atozscan.com
fashionforclothing.com
1ces.265link.com
dynamicpdf.com
asdf91.wrzuta.pl
shijixintu.net
www.linqu.cc
sayesmed.com
altpornwiki.com
www.ehuojia.org
guihuaxiang.com
rme.hu
free-hostings.info
chopo.com.mx
piotrurbanik.pl
leovolt.ru
pitriete.puk.ro
www.33695855.com
kmzm.cn
military.workercn.cn
tkmj.net
www.9126.net
tw.qznc.cn
wfto.com
www.xmthx.com
outdoorbaby.net
cineist.com
aike01.com
zarb.info
jasaadsense.com
articledashboard.info
overlordship.puk.ro
dewf.nfdy.net
firstmetrosec.com.ph
trwilsonlaw.com
www.fengshi.cn
www.jiaoluo.org
www.tokaj.org
11thagency.com
boracaybestdeals.com
miuriel.digart.pl
njzx.210000.org
bbs.hmz.cn
ktozvonit.com.ua
orso.biz
highpulserakeback.info
cirrus.com
submitindirectory.com
njangal.com
bc500w.com
www.nike2012-tw.com
yzrcw.78.cn
nickvegas.tv
aion.plaync.com.tw
catholiclane.com
suderai.wop.ro
wuyuetian2.diandian.com
www.eeejl.cn
www.ugk888.9v0.cn
106.6654.com.cn
chandlerproject.org
www.ieras.ru
liers.wop.ro
atehenmei.com
bodymindelements.com
kfc.co.th
chatandwinprizes.com
cof.net.cn
bicyclelaw.net
gilenya.com
91porn.na.tl
wikimetal.info
liberianrepatriates.com
tusnovelas.com
pieluszkomania.pl
dannyrobert.com
doghouseboxing.com
drd.digart.pl
stormy.ru
howtomakeelectronicmusic.com
saobattu.net
www.qq6.cc
marchimagesgallery.com
unrebuilt.wop.ro
remedygames.com
www.nzwpzx.com
domainmaster.cz
e-brylanty.pl
hawkingblog.blog.163.com
www.nyhlqz.com
fcspartak.ge
digg-tweet.info
historic.puk.ro
keine-eile.de
bestcycling.es
city.sz.net.cn
xiyy.info
web.kuys.cn
iyingji.com
www.alipage.net
asandownload.ir
www.sfdyy.com
w.hk49.cc
fctcp.name
eturo.wop.ro
ishibori.puk.ro
celebritymixer.com
blogs.state.gov
overacut.wop.ro
insupro.net
inrumor.com
www.visiteysturoy.fo
cbutah.com
gs1uk.org
asu-net.info
citybargoon.com
monsieurlam.com
roundcoffeetable.org
www.lcju.cn
www.karwan.cn
wow.dkp.com.cn
kedges.wop.ro
burjan.fw.hu
akitaring.net
charliesheenplz.deviantart.com
afvloeipijpen.puk.ro
blacksheepsound.ro
pstraghi.blox.pl
rakebacknation.com
www.ybzy.cn
ticinonews.ch
france-go.com
9zeci.ro
anticiperait.wop.ro
citylightsfullmovie.blogspot.com
monsieurchaussure.com
www.bicishop.ro
blogotop.info
federvela.it
yangli.com
www.mfa.gov.bn
porogam.wop.ro
calvinis.wop.ro
financialsupermarket.com
up.ac.za
gaokao789.com
playarena.com.pl
cartoonito.it
noatun.kde.org
trumpetpla.net
www.100o.cn
namauta.nicovideo.jp
televizoarele.eu
iauctb.ac.ir
778wt.net
daviddarling.info
city-tv.kiev.ua
www.letv.name
www.kuyouweixiu.com
r8866.com
mobile.mapbar.com
www.dianluchang.com
bogetec.de
internet-artikel.de
newsfactor.com
21qm.net
35shuyuan.com
www.arhis.ba
opeswebs.com
mofa.cc
www.kanxw.org
sim.fad3.net
gpc.edu
infos-zum-thema.de
nylige.wop.ro
cityworldford.com
5ew.info
www.freeport.cz
m.sowz.cn
fenotiaj.puk.ro
linkforu.info
eopla.com
narf.pl
aten.com
d17.cn
schlaefrigere.wop.ro
126link.info
bjtxyg.cn
www.laikk8.com
easywg.at
ademhaalt.puk.ro
actionmair.info
www.juahuasuan.com
ww.bcxuexiao.com
dancehallcelebrities.com
jj84-d76.diandian.com
tama-tokyo-action.blog.so-net.ne.jp
imasnews765.com
amokmake.puk.ro
megapolis.org
uploadvideos.tv
gayporniphone.net
jansonzhao.diytrade.com
kikhalsde.wop.ro
raovatmekong.vn
krasnoyarck.ru
ilovemum.ru
science.uu.nl
www.gzhengda.com.cn
katacori.com
www.tattooscorpion.pl
mobileplus.de
pdgsoft.com
neiyipp.info
zdr6hc.info
ckworks.sakura.ne.jp
milenka03.pinger.pl
www.7qia.com
i-shevtsov.com
cqhgygjryjm.blogtrue.com
quickbid.com.tw
adult.cz
www.4a5b.com
autocasa.it
psu.edu
mclean.ch
xbdy2008.spaces.eepw.com.cn
parksmania.it
npnpowerteam.com
iisadmin.co.uk
devi-nurvita.com
italas.ru
rtys8.cc
articolipubblicitari.info
robo47.net
ishinabe.wop.ro
sprzetkom.pl
cl.ufree.org
apro.metalindex.hu
projection-screen.net
office-trc.com
bbs.e9china.net
madam-flower.net
locatedailydeals.org
xuanyue5.com
fanlvshi.66law.cn
km.puepu.com
repeate.puk.ro
keeppeaceman.blogbus.com
autoinserzioni.it
acastillada.puk.ro
lazona-kawasaki.com
brentwooddirectory.co.uk
hbkworcjk.blog.mongenie.com
wikispot.org
fromidea.com
caoliubbs.wordpress.com
fusohorariomundial.com.br
lmwc.56dvd.net
tophack.net
traffickahunarobot.com
jizzup.com
66.138ap.com
epravo.cz
monocordio.puk.ro
river.go.jp
mebnqtau.blogger.hu
100006134.dealer.bitauto.com
erklaere.puk.ro
www.zf114.com.cn
0571seo.com.cn
sport24.pl
camisadoze.net
blockbil.puk.ro
lv788.com
mail.acg.com.cn
www.0859job.com
fgj.xishui.gov.cn
tdhf.56dvd.net
berdesup.com
webhostingserverz.info
learn-nutrition.com
emos.cz
www.nxgzb.com
feestwinkel-purmerend.istats.nl
ihlim.biz
av-workshop.net
iphone-occasion.fr
msoms-anime.net
rekom.ru
www.tjshjy.com
bablet.wop.ro
grimclan.com
popkart.aipai.com
club.astro.sohu.com
www.release.fr
ek33.eekk.org
bizneston.pl
bbsgps.com
dhl-bj.net
bddh.bdinfo.net
abs2491.de
www.cdokit.com
trinca.name
puma.de
ychat.cc
agendadegirona.cat
sign-forum.ru
aokiu.com
bamayishoutkp.1168.tv
groffo.com
mwww.98abcd.co
www.tnpascher2013.com
www.hywop.com
cncv.cn
www.kuressaare.ee
atobo.com.cn
education-colleges.com
sem.gz.cn
drugsforum.info
libertysilver.se
cala-millor.eu
coressl.jp
www.peopleart.tv
cii.in
3xf.info
www.gaonimei.us
dialcontent.de
nwpcc.info
tiaoshui.3199.cn
shopniagara.ca
heathergracestewart.com
sfighter.pl
vernissaviu.org
qike.info
cnjpedu.com
percona.com
myhdsmith.com
toronto-lime.com
ithaa.fr
bikesport.bg
sdm.scj.pl
domainedesdeuxamis.com
yuumei.deviantart.com
wxu.tuan592.com
hbashop.com.br
winter.co
hogs.puk.ro
semya.cn
rusin.fi
allopsm.fr
kiefit.com
gegrondverfden.puk.ro
vieclamtrenmang.net
c1521.us.to
cn1.in
audioz.info
google.co.jp
www.gzsanyo.com
www.internetadvertising.ro
www.sdxyfy.com
gautier.fr
chernyspisok.info
humi.li
irminam.digart.pl
dasnj.com
diy-buy.com
theirtoys.com
dashoes.fr
viaggi.cz
jkwr.nfdy.net
mvbnet.de
mokxw.com
data-jobs.com
genil.ru
cndong.cn
www.beijing-xiaojie.com
cashcrusadersoftware.com
vr.fi
13-e.ru