anest.net
anewme.digart.pl
solar-your-home.net
bluestoreinc.com
prepperreport.com
irspreparertest.com
livingmotif.com
bmw.bontoabc.hu
brdickinson.tumblr.com
sftreasurer.org
02bt.210000.org
fiszmvgu.blogger.hu
chardin.fr
fieldy.mobi
usavisionsys.com
yt4z.k3y3.net
dcbl.com
anssa.it
sosgam.com.br
desktopgirls.com
bj.pcauto.com.cn
verflixtes.puk.ro
47r-squad.com
diggtoday.info
uis.edu
cerclesdelaforme.com
www.shandsc.cn
r.thor.hu
887d.com
cialisrxbuy.net
parkbed.info
leisecamarica.com.br
fairtyre.eu
blucolor.com.br
karelias.digart.pl
nmowner.webs.com
c.org
liuguiwei.120.net
tairi.puk.ro
artishotspot.blogspot.com
estatesincanada.com
aztoile.com
adamart.digart.pl
guidemyantivirus.com
suggestbookmark.info
310ink.digart.pl
gpc.edu
www.028ym.com
stat.tj
www.yinseuu.com
celebrityfansitesnetwork.com
hebtv.com.cn
trfi.210000.org
futureflix.tv
acaw.210000.org
fukuen.in
2211.cu.cc
poolcenter.com
www.hajpa.pl
tiffany.co.uk
mocaz.pl
barclays-partnerfinance.com
konicaminolta.pl
www.warmate.cn
rolltidebama.com
account.weibo.com
liskajeffrey.tigblog.org
castigabanionline.info
plemiona.pl
chinachs.org.cn
epito-anyag.eu
pyskaab.blip.pl
deremate.com.uy
mazu.com.pl
domainsigma.com
fastfood.fad3.net
wheretosleep.co.uk
vip.tq.cn
disconvenient.puk.ro
musicraaga.net
85cc.av99.us
xain.265link.com
kefid.com
elbolero.info
keeptrackofyourday.com
a.8uu.info
3rbang.com
blog.kazulo.pt
ftpv.nfdy.net
nestsedslabe.insanejournal.com
builderhouseplans.com
whois.to
www3.cnhubei.com
menald.wop.ro
argental.puk.ro
rinet.net
bondedcarpet.com
www.960km.com
enterprisenetworkingplanet.com
genuflect.wop.ro
motorcheck.ie
journaldesparticuliers.com
696.hk
direct-energie.tv
fourai.kz
free-spanking-movies.com
kk3j.com
tvbg-online.com
www.hxsc.org
sso.go.th
scos.co.jp
chrissyx.com
kathemera.gr
fgxiaolanpppp30m.1168.tv
03compu.ru
serviceafter.do
ipushiro.wop.ro
daystarproducts.com
www.upstw.com
myougou.wop.ro
www.aqsc.cn
7canibales.com
colormatters.com
caringforthem.com
flamesofwar.com
qqsong.com|www.shbz.com.cn|foop.tk|nyny.wop.ro|vest.nfdy.net|wwcikvizm.freeblog.hu|www.net-china.net|tlcnevjjt.blog.mongenie.com|ecalelite.com|teishu.wop.ro|edh-ev.de|weitersc.puk.ro|kyanion.puk.ro|suzhou.51chudui.com|malac.linkekneked.hu|www.ok9080.com|pogodba.net|mossig.wop.ro|doctrinaux.puk.ro|zjzkbzjxyxgs.wenju.biz|shoushi001.com|www.shuo5200.com|www.dakeyi.net|zknw.nfdy.net|winemax.org|ypbb.nfdy.net|cyzm.nfdy.net|uvum.nfdy.net|www.essiw.com|883v.k3y3.net|mksn.nfdy.net|www.hnxinke.com.cn|tjfr.nfdy.net|www.ura-akiba.jp|1vagonka.ru|kamila69.a-liveprivates.com|www.808ys.com|boxer-vom-schatzkaestlein.de|luenk.wop.ro|coi0.nfdy.net|gsus.nfdy.net|www.gz-baiyou.com|675t.nfdy.net|news.gpxz.com|www.xunweicn.com|i8ic.lizhidy.net|iwenthungry.org|www.59cn.org|malier.wop.ro|ryuk.265link.com|itaru.wop.ro|cglm.nfdy.net|mkxp.nfdy.net|8923.nfdy.net|argaya.wop.ro|www.hdjiaoyuxinxi.com|www.zgc.gov.cn|www.lanfc.com|fotofrog.net|chrissiecool.deviantart.com|clps.nfdy.net|my-led.cn|www.bizun.net|osyaku.wop.ro|www.07qccg.com|www.rawan.in|nbxhkj.com|www.21shhr.com|qlmrc.net|0pzo.k3y3.net|eizr.nfdy.net|www.zdor.cn|icamtech.net|ilpg.k3y3.net|nvsv.nfdy.net|you.xiaoyoyo.com|rendu.wop.ro|www.dd378.com|aw60sdf.seesaa.net|kj6o.210000.org|6h1122.us|1818kj.com|tsmn.nfdy.net|www.zgjiageng.com|java-admin.iteye.com|octuor.wop.ro|hflz.nfdy.net|ykdljrbnai.blog.mongenie.com|www.iqio.org|kzoufdfkol.hexat.com|spueren.puk.ro|www.yjlfy.com|rffa.org|www.hongfuyuan.com.cn|wvryddzcth.blog.mongenie.com|e379.net|yu2.net.cn|fehg49.deviantart.com|orlate.wop.ro
best-meaningful-gifts.com
shbk.net
epicalyxes.puk.ro
billigfliegern.wop.ro
www.steblan.net
octocore.es
bbs.cnexp.net
ggadget.org
tech-cave.com
produkte-schaufenster.de
qd.51tie.com
sdia.210000.org
jizzfinder.com
www.dvode.com
yicaisj.com
iisen.net
www.61x.net
400117.com
neijiangchepiao.qiannan.org
yzw.zjnu.edu.cn
alfy.wop.ro
banners--broker.info
osu.ppy.sh
bheer.wop.ro
fatlossforever.net
inductiestromen.puk.ro
popsugar.co.uk
www.grs.bupt.cn
hair-loss-help.net
city.sz.net.cn
32lux.ru
harry-potter-4-full-movie.blogspot.pt
vernietigend.puk.ro
rentar.ru
allas.lap.hu
sm-ex.com7.info
www.dmdc.co.uk
turcjaturcja.wordpress.com
hndasa.com
subaru-china.cn
am.com.mx
www.quwen50.com
pl59.com
mapru.com
bucetagostoso.com
historyfliks.com
4wei.cn
www.hs41.com
www.oradeolt.ro
joblance.info
geetshabda.com
pruffi.ru
citybargoon.com
importardechinahoymismo.com
milko.wop.ro
www.diyi4.com
trinifans.com
jhjmrnmb.skipword.com
svgopen.org
tmdesign.cz
sbibusiness.com
kanani.wop.ro
xincaile.com
www.fusentz.com
www.sichen.net
pixic.net
mindiam.com
www.apache.jp
403selfstorage.net
ipcomms.net
combinedauctions.com
familienseiten-finder.de
ktiffany.digart.pl
cncv.cn
larryhuchministries.com
antiquemystique.com
egyuttlegzes.hu
rfpro.ru
www.lr-translation.com
ifindez.com
www.diamondfoxxxblog.net
mustseeon.net
kroo-tp.ru
pacifica.ne.jp
www.28560.cn
weare1.info
www.delsin.org
mastermind.co
afrikani.wop.ro
ftawa.ws
superdownloadsfull.com
leather.qu17777.info
ai59.ndw1.us
aumshantih.net
xixichengyuan.com
cnjpedu.com
www.caomeimei.us
miseccle.wop.ro
lomond.ru
haceryemprender.blogspot.com
ziarasafaris.com
eads.pk
www.lovegaochao.com
raleza.puk.ro
www.aszx365.com
lastadamfilms.com
laboutiquedelsa.fr
dred21.flog.pl
lins.jp
freshnews.no
chatplace7.nl
1969.ro
diyff.com
collectiveautonomy.net
goldxinvest.net
www.lcxw.cn
jognote.com
aclockworkorangefullmovie.blogspot.in
maguer.puk.ro
spojoy.com
buy-selltextlinks.com
dtzdh.com
freetoysforall.info
nteam.blip.pl
dreamaquarium.com
spiritotrail.it
egocbd.com
www.cauc.edu.cn
www.sexgs.net
www.venez.fr
gundam-forum.com.au
51.com
gwebtools.com.br
gxp.cc
innemedium.pl
cfo.cio.bg
mft.info
www.avrtw.com
emumame.ru
yoooo.net
4vs.info
camfrogmotel.com
blzq.chifeng.gov.cn
17s.cm
gnvj.210000.org
club-xm.com
thetvbuddy.com
adultartlist.com
qqsequ.info
linkchannels.com
www.penize.cz
jeparafurniture.com
kkclub.ru
asparmakina.net
reserveit.sg
buyyo.com
buggernaugt.webs.com
koszalinek.pl
szempilla.info
pixel.gd
supertechnews.com
ccaiai.tk
nh07.com
megahugebacklinksdirectory.info
college.usc.edu
shareprogrammingtips.com
card.cgbchina.com.cn
wealthcreationstrategyp715.com
damenbekleidung.org
artt.cn
www.xtrc.net
bookmarkthistime.info
www.jsysjy.cn
osirisdevelopment.com
loxinfo.co.th
jha-kansai.com
institutoideias.com.br
fswns.com
gestauch.wop.ro
jqvh.qiwen5.com
utfpage.webs.com
cpjc365.com
faranet.in
fuvest.br
dpan.taobao.com
jqju.nfdy.net
timkiemphanmem.com
contractorsdirect.com
cdoynk.com
krystalchen.co.uk
tek-russia.ru
nc.sooker.com
www.ykrenti.com
7q3.info
bling.mu
www.fp36.com
www.cqjsxx.com
orepon.net
3h.ca
rh-apps.com
gosearchcity.biz
lauf.wop.ro
100img.com
www.szzbc.info
www.qx18.com
www.profisport.hu
azindex.info
previmedical.it
electricquilt.com
resale.info
www.66abcd.com
os81.com
tanzgames.com
ppdd.com.cn
cercoincontri.com
auto-bloggerei.de
britmumslive.com
bardealer.de
evanshalshaw.com
dropshippingportal.com
wcix.qiwen5.com
global-hc.com
forstinger.at
carolinen-hof.de
sskke.com
birleyhighschool.com
dojotoolkit.org
chocantho.com.vn
www.chinarural.org
bbs.5a.com
buenosairesantiguo.com.ar
cawaii.in.th
csrem.ac.in
vpsmm.com
laughingsquid.com
meigui999.info
cysjw.78.cn
www.yingpibing.cn
wwf.gr
cosplay.org.nz
literaturcafe.de
src-viernheim.de
staskrasnikov.com
asia-tube.com
www.360kad.com
pornokrot.biz
wiedergebrachte.puk.ro
zentrada.de
bazaregon.pl
reformafacil.com.br
joshhosler.biz
iq-mania.de
kilroy.se
exi.soup.io
cgi.linkclub.or.jp
butik.net.pl
reifem.wop.ro
gulfsip.com
sixt2.com
bibliosistemas.com.ar
www.gldeagle.com
bmw.com.br
parcayedek.com
goutetnature.fr
summit-ent.com
cartes-northamerica.com
fengbiantiao.cn
webcash.pl
qjren.com
warringstatesgame.com
bizzone.pl
yq888.net
hsbcglobalresourcing.com
sunnylaw.fyfz.cn
thefatburningfurnacesreview.info
playset.ru
huandon.huijucn.com
zrobtozamnie.com
pigcn.cn
xland.info
guestbook.ru.vu
emprendedoras.com
jamilahsalwalala.com
piuo.k3y3.net
sev7n.net
apinfo.com
porcelain365.com
hebinzhicheng.com
www.sdwg.info
gpas.info
kreissektors.wertete.scorretta.houtyuu.wwwwww.wop.ro
getbusylivingblog.com
www.hentaikid.com
cheerpoint.com.tw
8zrx.qiwen5.com
1rediq.ru
twisk.tk
thetempwebsite.info
58aa.info
zyme.wop.ro
kaoha.pinger.pl
egazety.pl
chernerchair.net
www.nao315.com
mypurpleblood.com
9av8.com
niketnfrance.org
sichuan.tzooo.cn
bluekipper.net
hgspanish.com
zfkj.jxbgw.ne
suburban-glory.com
combatfighter.com.au
google.jp
vanmag.com
www.ainiav.com
juurai.wop.ro
bloghosting.co.kr
gramophon.com
ivonadesign.blog.hr
cesaro.fr
wirofe.wop.ro
birsky.wop.ro
sacu.com
amolli.wop.ro
axamb.puk.ro
szatka.pl
www.yzmr.net
toeitika.puk.ro
osite.com.br
codebrain.com
niuniaschabunia.pinger.pl
www.animonda.de
uzagrebu.info
www.lzdkzx.com
www.wycrw.info
gustoso.tk
etourisme.info
lookcut.com
theelectronicshobbyist.com
worthwebs.info
x-worx.com
fatpaint.com
yylgjj.com
eesdh.com
forgatokonyv.lap.hu
abordant.puk.ro
tomavery.com
artisten.puk.ro
www.cwnu.net
fenti.biz
kko.pinger.pl
utdra.puk.ro
footballclassified.co.cc
nhlwarehouse.com
eleftheriskepsii.blogspot.com
antaru.net
anterosuperior.puk.ro
kove.puk.ro
antesipere.puk.ro
antoninocappiello.it
antonomasia.puk.ro
antz.cn
anywa.puk.ro
anz.tw
anzutragen.puk.ro
faxianhao.com
ao2.aiao.cn
aoff.whu.edu.cn
aoisegi.blog.so-net.ne.jp
aola.3839.net
www.kcjy.cn
aomon.digart.pl
aozom.com
ap.pc3w.com
apalakir.puk.ro
brazilsurf.info
apaly.tk
apartman.szallas.balaton.istenhozta.hu
apartment-143-full-movie.blogspot.com.ar
israelinnovation20.com
aschaffenburg.de
www.gzdwp.com
costofgeothermal.com
clubstats.co.uk
modelajeonline.net
wapub.net
989av.info
jinduen88.com
ekomusicgroup.com
telovashe.kz
wolong.01ny.cn
www.ndzw.cn
hotdeals4.com
saiyo-dr.jp
www.sdjgj.gov.cn
disabledflying.org.uk
lucintel.com
webcrow.jp
aplomb.puk.ro
apnabasirpur.com
apnimodels.com
apola.gr
hsys.zzxx.in
app.120.net
appcroz.tk
bgp.he.net
appelgra.puk.ro
aboutcg.net
appendto.com
appleblog.pl
applena.cn
appleseed.at
unitaangola.org
applicunwnt.win32.virscan.org
aprosagaink.hu
aprwe.puk.ro
apurerez.puk.ro
www.code74.com
apwagner.com
aquz.biz
ar4.pl
aracingdream.com
rapszodi.puk.ro
araoshi.puk.ro
arcand.puk.ro
arch.bz.it
archaicguru.ca
foedseln.wop.ro
archdaily.com
areapura.be
areyoufuckingcoding.me
argesjob.ro
www.lmc.eu
arhipelago.ro
arickman.gportal.hu
arielcom.info
ariocarp.puk.ro
www.microbuy.cn
armaggeda.digart.pl
armava.puk.ro
armie-hammer.org
armonie.puk.ro
obsesja.flog.pl
arntmkv.com
arod.puk.ro
arriva73.ru
arrowroots.puk.ro
www.lqshi.com
arruba-car-tuning.eu
art-plast.info
art.aalto.fi
art76.com
www.ylsn.net
artcafe.bg
artel63.ru
arthritisrelieftips.com
artiad.puk.ro
nomono.co
article-th.com
article.wn.com
articleaccessory.com
www.meitun.net
articlefriendly.net
articlemania.net
artina.bloguez.com
artistsofanarchy.com
lpesshwwlaa.diandian.com
artistswalkinghome.ca
artkiss.org
artlebedev.ru
artliszka.digart.pl
kuoyu.wop.ro
artmarie.ro
artoo.de
artrack.com.au
artsmia.org
laudate.pl
arttsuchizawa.com
artwolan.pl
standupjapan.org
artworkfolio.com
hathawaymix.org
arubin.org
aruite5.blog.shinobi.jp
arukama.deviantart.com
arusha.puk.ro
www.konyari.hu
aruzza.puk.ro
arver.puk.ro
aryanlink.com
as-auto-parts.com
iklanmas.com
as26centrifuge.com
asatyan-net.seesaa.net
asbestou.puk.ro
ascensiondigital.com.ar
www.euserver.cz
asci.puk.ro
ascon.puk.ro
asdaysgoby.com
asdfg789663.gameclub.tw
www.xgnzl.net
aseparationfullmovie.blogspot.com.au
designerd.com.br
silvia777.com
fangensk.wwwwww.wop.ro
northshorelij.com
zwiez.ly
kawarai.puk.ro
hdsquirt.com
www.znpc.cn
b.chip.jp
juf112.hyves.nl
mz.zhangye.gov.cn
freepricealerts.com
asexuality.org
itp.ac.cn
freewayinsurance.com
aljore.net
itigaya.wop.ro
lagoslist.com
wwts.com
asfpiemonte.org
ashenfold.com
ashevillechamber.org
studentloandataz.info
ashford.edu
ashy.de
asia-expatsforum.com
guilded.de
asianluvscock.a-livesexasian.com
asiansteenfree.com
asierrios.com
asilid.puk.ro
3333cccc.com
asimst.ro
ask-nathan.deviantart.com
ask.aiao.cn
ask.aili.com
lvmai.com
ask.cyzone.cn
ask.qqyy.com
askmen.com
asksuckmydickimdenmark.tumblr.com
aldonka.blip.pl
asrare.net
assedea.org
assembleiadedeus.com.au
assgaming.com
trf3.jus.br
assicurazione.it
asso.fr
assoe.it
assortimenten.puk.ro
www.twinkids.nl
asswall.it
astan.blog.is
astmgreaseworkingmachine.com
astonrocksoc.org
insanejournal.com
asunia12.pinger.pl
asuswim.com
at1908-mt1009-at1963.blog.so-net.ne.jp
adamsmith.org
ataha.puk.ro
atasteofink.com
atdmt.com
atelier-12hoven.nl
meiduoke.9998.tv
atelier-21.ch
atelier.liternet.ro
atheistvoices.org
athena-center.com
mattixd.digart.pl
ati.nstl.gov.cn
atis.cc
ativan2000.net
atjoburg.net
rme.hu
atjvfbenijml.com
atkinsstephen.tigblog.org
atlanticselfstorage.com
atlantida-pedia.org
sciencestage.com
atlantys.cl
atlas.asp.net
atleticamarostica.it
atomen.puk.ro
kinostar.com
atomicbytegames.com
atomsms.pl
atoptour.com
www.hkxhjs.com
atozofseo.com
atpainting.co.uk
atrabilious.puk.ro
atridf.net
odeon-ast.ru
atrix.or.id
shopy.se
atsuga.puk.ro
atsuta.puk.ro
atsy.puk.ro
ai58.eekk.org
att.sze.hu
attend.puk.ro
attesta.puk.ro
atword.jp
chh.pl
au108.com
audax-hosting.com
audi.no
audimax.de
www.dzxh120.com
audio-video-equipment-rentals.blog.hr
audiomess.info
audiomusica.com
auer.at
gsia.265link.com
auernig.at
aufgewendet.puk.ro
aufschnuerend.puk.ro
aufstoss.puk.ro
www.58e-shop.com
aught.jp
augustafc.com
auinca.com
aumoine.puk.ro
urlpulse.dk
aur1g.com
auriol.puk.ro
ausgewan.puk.ro
ausmini.com
confectionna.wop.ro
ausport.gov.au
ausstossend.puk.ro
aust.edu.ng
austdomains.com.au
c.thor.hu
australia-christianlouboutin.org
australianartsupplies.com.au
australianfashion.org
australiangeographic.com
baiyekj.com
article-storm.com
authentic-tom-brady-jersey-sale.xtgx.com
authorsfreedom.com
autismmedia.org
auto-usate-motori.it
gongboa.taobao.com
auto.gsp.ro
auto.ttx.cn
autoepic.it
automagazin.tlap.hu
busybeearcade.com
autoproxy.org
job.ws
grupoazul.nl
cs.nykd.cn