crystalina.blog.so-net.ne.jp
www.domyself.net
twinsanity.info
www.8013.com.cn
scandal.vn
lvlv.com
vemega.net
powernightradio.de
1faq.com
www.edukatka.pl
www.lovelt.net
apf.gr
www.yichang.gov.cn
sonia-portuguese.com
mudtoroc.bloguez.com
worriedness.puk.ro
tezq.210000.org
webapplicaties.uwpagina.nl
xmewrsis.blogger.hu
www.dg12315.com
www.665hh.com
ngmu.ru
nutritiondre.com
nvod.cn
bgu.ac.il
bresjen.puk.ro
plonga.com
mijnmeningtelt.punt.nl
mxdv.hyves.nl
dljz.78.cn
jungly.puk.ro
boekamp.info
mynono.com
ar4u.k3y3.net
ca-centreloire.fr
mlhn.56dvd.net
www.022v.com
newsok.com
modicums.puk.ro
socw.cc
523.info
trovit.ma
www.vu99.com
oyunumcs.smf4u.com
www.all-sky.net
magepartner.com
gtrnissan.com
yerta.puk.ro
southernleytetimes.com
myphpdevelopers.com
zjxsp.78.cn
liveadsonline.net
ritchiewiki.com
grooveasia.com
www.shsw580.com
roudouan.wop.ro
l9fx.k3y3.net
www.xinleshan.com
www.beliykamen.ru
figurinecartonate.it
zchx168.blog.tianya.cn
heurtera.wop.ro
vektige.puk.ro
trackhabil.info
streetup.com
brou.wop.ro
aljamaa.info
optionfairpartners.com
xycbcw.360zan.cn
wozik.digart.pl
bantuanon.puk.ro
seeing-stars.com
anageimoveis.com.br
albert.cz
navi-club.jp
azzs.info
www.vv5555.com
iklangratiz.com
chinezu.eu
starcraft.ee
meine-neue-welle.de
savehportal.ir
thegermanguy.net
pizzahut.com.tw
bomben.wop.ro
www.277se.com
nlpndhjaj.freeblog.hu
networldmedia.net
site-transfer.com
www.antaigd.com
css.lap.hu
www.trikoder.net
sopan.info
jharia.wop.ro
stelian-tanase.ro
ydwduinygls.blogtrue.com
www.njcyyin.com
newyorkcommitteemen.org
blackwidows.co.uk
www.fisc.it
www.megami.nl
roteirosturisticos.tur.br
www.anaalbangers.nl
uvm.org
rpxb.210000.org
impreso.wop.ro
veloci-t-reviews.co.za
linksef.info
funatiq.com
zhen.com
preirrig.wop.ro
hbczxyd.com
yomnawdm.wop.ro
acnow.net
gdwykj.com
smkim4-smd.sch.id
www.sms.cr
ukseolink.com
23rt8.gn2012.com
onlytrustedptcs.info
polyonym.wop.ro
cakephp.com
furafura-life.blog.so-net.ne.jp
phpmix.de
reviewmylife.co.uk
matsugo.wop.ro
lwid.nfdy.net
pcmbrokers.org
refog.es
mywpthemes.net
www.ysdd.info
www.10zxiu.net
proxisurf.info
allesdruck.de
zsm.opx.pl
directorymis.info
hostukz.info
sonna.wop.ro
meego-fr.org
ueberbetonenden.mascleless.taun.euwww.wop.ro
matungo.wop.ro
timangio.com
spoedeisendst.wop.ro
www.xohxoh.biz
watch-the-hunger-games-full-movie.blogspot.cz
terunoyu.co.jp
newstar-cutie.info
streetmusic.pl
comunicatostampa.net
mobiplay.vn
housearticles.info
openlivelinks.com
www.bjjwld.com
fyqf.qiwen5.com
www.xjhg.org
highendtechs4u.com
www.kurspozycjonowaniastron.pl
scriptores.pl
0dayarchive.net
urex.co.il
azvl.nfdy.net
jx.msp.vnet.cn
www.jtdyw.com
stix7.com
www.ljclick.com
www.dh368.com
nudist-gallery.org
sotovikmobile.ru
phpvelox.com
ko-clan.com
bagtale.puk.ro
naturepix.ru
5dzp.cn
www.ecaihr.com
thc18.wrzuta.pl
zqagaudlxf.blog.mongenie.com
razorsql.com
iiswbm.edu
www.ltesting.net
www.11sdh.com
terle.puk.ro
netreporter.ro
www.360leyi.com
t.qzxxw.net
trade-taiwan.org
csol.tgbus.com
redlightpromotions.com
www.hua-zhuang.org
gan588.info
wlj.com.cn
kloudzcomputing.com
onlinetarot.pl
save2go.ru
www.rakuteneagles.jp
linkadvertiser.info
cxjz.info
nothnagle.com
ptc50.com
fauquierbank.com
1145591376.wz7d.com
addbookmarks.info
buffymaniac.it
survival2012.narod.ru
regm.wop.ro
beatogiovanni.it
radicalreference.info
i.kpeltiomw.orge.pl
best-smart-phone-2012.com
dylanchords.info
ico.55.la
northsafety.com
jubilia.pl
mof.gov.qa
azardownload.com
inwestycjeodadoz.pl
th21.jp
www.bs120.net
linuxinsight.com
www.hbpxt.org
www.rgoil.com
www.textually.org
www.cosmomed.com.cn
cashperpost.asia
www.ddzdpc.com
coloriety.com
fc-severn.org
hynfwxhtg.blog.hu
www.jsagri.gov.cn
www.kkyx.com.cn
www.taobaoup.com
www.88rt.cc
xxmeinv.com
www.bpoc.nl
perca.digart.pl
cd.jjdbb.com
stoda.wop.ro
www.24cis.com
www.9990pao.com
dialcontent.de
jasny.polter.pl
icstrim.info
www.inlatplus.lv
www.iwpax.pl
dosug.pl
biura.pl
andjava.com
talentjobs.in
megane3.fr
www.ndz120.org
geofoss.gr
www.scsa.ca
jualcd.info
zurcidor.wop.ro
weinunion.de
www.aas.cz
www.dfrlyy.com
ironfist.pl
radiobandeirantes.com.br
www.seyuju.com
hackthestockmarket.com
dy.taofang.com
ir-tube.net
hp-web.net
keraj.net
hcysa.org
chloie.xfree.hu
toyaku.ac.jp
unterholz.puk.ro
zhaokf.com
bjclock.diytrade.com
www.duan.pl
www.520hcl.com
sonicomusica.info
omundodosdownload.com
jolesch.com
ite.gmu.edu
superresellersystem.com
sibucao.wop.ro
noteplus.ru
1bpk.qiwen5.com
rad20.com
cuocifagotto.com
softlinkers.org
nucullers.com
www.jordanshoesoutletusa.com
4beta.nl
moutelecom.info
my.r.gd
stateofkerala.in
controversy.nu
kolkatapolice.gov.in
www.mnd.cz
mail.camc.biz
bjornh.hyves.nl
appelgra.puk.ro
www.di3.us
fzpchome.com
dist.ef43.com.cn
oiik.tk
bjjzh.net
poker500.net
konzerv.lap.hu
www.ok123456789.com
tianxiang-intl.com
puisterige.wop.ro
wowcamiguin.ph
nortonhealthcare.com
whoo.nfdy.net
www.blackbeans.tk
maziaran.blogfa.com
tamilamazing.com
www.84eee.com
serviceafter.do
www.ytsjg.net
wydarzenia-gorakalwaria.pl
blagovision.org
am9.ru
www.b.dk
filehold.com
mypaxa.com
poetryguru.com
sakidat.wop.ro
ideiasmodernas.com
onlineprogramreview.com
alianzabolivariana.org
netpeak.ua
zhyw.net
tiendastore.net
www.txhyw.net
wwwit.org
agenziaseosem.com
designinabox.com.br
www.qqhr.gov.cn
katanore.puk.ro
lacasadirectory.info
xactgroup.co.za
www.gaycn.us
krakowmiasto.pl
www.fajiaowang.com
bjwdz.com
inowroclaw.pl
hobitutkunlari.com
pwba.k3y3.net
xy988.net
www.chinareplicahandbags.com
forbiddenplanet.co.uk
www.hhg8.info
china-boating.com
saats.jp
squat.gr
www.scldh3.com
hbzqun.com
noelgallagher.es
czashonoru.nowyekran.pl
www.x0754.com
acaw.210000.org
www.2552.la
lazzero.info
rock.jp
pochezu.com
ids-zas.de
whenweseo.com
wap.ful.az
ormafa.hu
allthingscedar.com
bjzbkj8.com
torrentsmd.com
ewsite.in
listingsangle.com
bita.puk.ro
mnl8.265link.com
boxingmedianetwork.com
facefactory.info
btry.nfdy.net
taufikbatisah.net
wapgf.info
raucid.wop.ro
lorena-karina.com
blazblue.jp
s3fox.net
ptcbusiness.info
expresionesgourmet.mx
blog.yiid.org
www.tjdxgj.com
thisit.de
hardcoresweethearts.biz
heathrowairport.com
dream-search.info
gouchaoshi.com
doseng.org
johnsonoutdoors.com
lailook.com
autoreview.ru
zvbf.210000.org
kjn1.qiwen5.com
zbird.com
hosu-gogo.jp
glo.or.th
australiarussia.com
macfans.com.cn
sexrelax.de
seo-gravity.info
kwilliamsen.com
trichiti.wop.ro
trifter.com
anyaoga-1av63.tumblr.com
thedissertation.co.uk
all-in-web.fr
fsrar.ru
mythreeringcircus.com
hkmoogubq.blog.mongenie.com
smsua.net
xfs.jp
leoxpress.no
wrocanka.pl
check-pr-rank.info
goaiyou.wop.ro
www.sedage.in
jiningyixueyuan.fdchs.cn
591hala.com
www.y1923.cn
quiktrip.com
keima.wop.ro
kompass.ua
gdhaoma.com
o-d-k.net
up247.info
duddy.wop.ro
yuewe.cn
www.r-agent.co.jp
infoseek.co.jp
paste21.info
janequeo.puk.ro
social-bookmarks-site.com
vojs.cn
cs-frukt.ru
starmyname.com
estribador.puk.ro
petterhedman.com
49.cz
dpnr.k3y3.net
alina.blip.pl
www.kuqvod.com
www.dt.gov.cn
outdoorpro.de
connorlafrance.org
nssf.org
littleblackcoffee.com
bleu-ciel.first.mepage.jp
andalucia.fi
truue.flog.pl
wiichat.com
www.31cao.com
partagedl.com
probrick.wop.ro
articleshub.org
movoto.com
phototalents.ru
recepto.info
henricollot.com
beautynet.se
onlinecasinos.de
dombosco.net
mangavadisi.net
www.beautyline.ne.kr
scup.puk.ro
nvz.78.cn
www.guilintravel.cn
www.hlmiaomu.com
spoffish.puk.ro
thewebinarvet.com
avisynth.org
ug.com.br
gorlice.pl
www.zbj2.com
healthtalker.com
nmeinv.com
webbr.pl
vedhugge.wop.ro
wykap.info
mall.371.net
dimepoker.cl
www.586jz.com
noopnet.com
mightytoys.net
kazumial.blip.pl
rasha.pinger.pl
dotnetscraps.com
japan-tradings.com
utfallit.puk.ro
lhpopopo.a213.72ym.cn
chakra-zh.blogspot.com
discountterracotta.info
guihuaxiang.com
www.77xx.info
wt369.dian.net.cn
www.aikb.in
400.10086.cn
www.hyjd.org
david-adams.net
eoreality.net
www.juse.in
x3-treff.de
numeroverde800.com
retumu.org
truckdog.com
blog.jiazu5157.com
repenten.wop.ro
vetjes.wop.ro
calendarhome.com
32700.pl
www.y3366.com