thelibertypapers.org
www.91jc.com
hariki.wop.ro
avonarticles.com
www.dplly.com
7netshopping.jp
www.dvd2014.com
informsi-te.com
my-edu.net
supermercadosguanabara.com.br
privatejobshub.blogspot.in
buu.ac.th
www.ticaiv.com
www.njzhongqing.com
buzz-news.in
luckart.pl
88yv.210000.org
telkes.hu
radioprogreso.cu
doblog.com
opgives.wop.ro
cuoi.xitrum.net
dimepoker.cl
www.beterwedding.com
indiachat.co.in
locasun-vp.fr
tvgol.org
by-rino.de
www.0431.pl
article01.com
www.sexfilmsrape.nl
www.hnsj365.com
rallongeant.puk.ro
mbnashopsafe.com
yidana.wop.ro
gamemoding.com
beararmsbrevard.com
ttuu.com
rapunzel.de
rynker.wop.ro
14b6.nfdy.net
vindicia.com
naitreetgrandir.net
trollzeweb.com
wdesk.pl
armacaa.com.ar
ppfwd.prv.pl
www.bmt7.vn
vaijayan.puk.ro
tec.vn
veraltetem.puk.ro
kijoan.com
qtutu.com
eyetruth4.info
www.mmuxs.com
bonsai-kai.cz
hungriger.wop.ro
crm.px33.com
c.bn.cx
bb.com.do
benjamins.it
bangzhu.info
7kfn.qiwen5.com
handball-heitersheim.de
www.110757.com
ligamessenger.com
www.xyfsnmy.com
advancedart.pl
bodaclick.com.do
yourmediabox.com
club.do
feuerwehr-stadtsteinach.de
kingstaff-server.net
qnlg.210000.org
www.delvy.com.cn
legvar.lap.hu
scianswers.com
cobra.de
guiadocorretor.com.br
dojokai-s.jp
jaycee.or.jp
www.flower.fj.cn
baiodu.com
mgjm.78.cn
www.uuu25.info
trail.pl
www.roell.net
alexa.bj.cn
filmporn9.info
www.tookx.com
1o0.info
caaa.cn
bestfreestuffguide.com
ex.ac.uk
cretaforce.gr
etahias.deviantart.com
www.xt5.com.cn
ro.saferpedia.eu
www.kankan.in
page2page.ru
www.yeyecha.com
streetviewquiz.com
foodart.ro
micks-airbrush.de
www.negerinnen.info
www.bct321.com
chorfreunde.de
www.gutuonien.com
love77.com.cn
0374.co
samphotostock.cz
www.d420.net
www.bmway-design.hu
apgea.puk.ro
mytoptrailer.com
cafepiepke.com
fh-landshut.de
it.xhby.net
www.soyu100.com
totalhits.net
www.bmmr.cn
rio-themovie.com
chinezu.eu
alnyu.com
www84aaa.dami321.com
fu.jo-ho.jp
photoguild.co.uk
icare.fm
accepts.puk.ro
www.steelwoolw.com
jiaodidi.1168.tv
hystar.net
www.shexiangshu.com
matus-leather-highbak-chairs.do
www.baihaojiu.com
disguised.puk.ro
v.hao123.com
nlkx.qiwen5.com
thtcpm.com
www.ahfzjy.com
ganxy.com
trk4.com
www.etutao.com
mdmlzyny.freeblog.hu
printit.com.gt
www.7se.us
autosoft.cz
www.lsb1.info
www.xchuizi.com
pgnm.net
vietnamwebsite.net
www.taobaoup.com
www.channelsoft.co
www.borings.info
opd.org.do
punbb.ru
parisdigest.com
shibanqiaodongcun.soufun.com
speelweekdriel.nl
herring-rivenbark.com
9292xx.com
wap.62141.com
www.312233.com
www.viikii.net
www.zerobarvy.cz
3mgz.com
djyellow.eu
f1.97hy.info
savenew1.info
www.fatsc.com
nanacandoit.com
www.lw-fiber.com
serviceafter.do
www.todaytrans888.com
www.avbtv.com
logo54.com
crazylife.pl
latestantivirussoftware.info
3tqq.cn
www.xixian.gov.cn
worldhunger.org
women2.net
game.hxsd.com
www.douyoufl.com
directoryblak.com
cai8.cc
www.hkc.hu
www.hohohappy.com
wifi.blip.pl
the-artist-full-movie.blogspot.sk
www.kfcdcw.com
kokauvin-bergenopzoom.nl
shijixintu.net
revtor.com
respecterais.puk.ro
craftboard.pl
www.xingyuquan.cn
l9fx.k3y3.net
caidao.net
jjjrrr.com
domybarlinek.pl
ariatemp.ir
www.erinstone.org
medialappi.net
500w.ca
juancong.com
mail15.su
www.mftuku.com
oakleyholbrook.zsuit.com
www.cnhtcpurch.com
uxbite.com
www.xwodis.com
www.julc.cn
www.yanmoai.net
saga-s.co.jp
semiopaq.puk.ro
kremsa.com
tielingshi.m69.info
searchengineurl.org
antarctica.ac.uk
vorkaemp.wop.ro
erta.gov.et
tss.gov.do
www.zldpcb.net
jili.tw
gsfc.wop.ro
morogate.com
www.gztianjian.com
careercollege.edu
giannakazakou.gr
www.zzzvod.com
huhehaote.twoauto.cn
www.tdche.com
vjsglasses.com
new.j6t.info
sovmusic.ru
www.wojuy.com
aferry.fr
von-haus-katernberg.de
www.sh996.com
inalberare.puk.ro
arturia.com
web787.com
www.uzkino.cn
bluemoonfiberarts.com
pseudomo.puk.ro
www.mfsfq.cn
imperii.puk.ro
vikax.prv.pl
haskovo.info
www.91.cn
www2.gxtc.edu.cn
husmear.puk.ro
www.basspros.info
yilanbnb.tw
barnsleyfc.org.uk
zielonalinia.gov.pl
premiumdownloads.info
www.yyxx.biz
www.hoopbuy.com
3haow.com
cos.pl
xz4.2000y.net
www.winshu.eu
caob.5sai.net
liseliporn.tv
eselectplus.ca
bestsourceautoparts.com
nurture.puk.ro
wi-tribe.net.pk
webrandi.hu
98wuliu.info
pesymista.soup.io
superlinklist.info
index.do
shiyanruisite.fdcez.cn
zayavka.ru
nh.19188.cn
vejleder.wop.ro
www.youxi70.com
tab.do
wetteksten.puk.ro
goedgemaakt.puk.ro
www.nqtuan.com
www.shangpu116.com
forumcrea.com
www.mediparamus.com
vernin.puk.ro
www.vitamins.cz
stor1.taobao.com
afgebottelde.wop.ro
heen.56dvd.net
www.aiyijob.com
hesperies.wrzuta.pl
seoinsight.org
quebarato.com.do
zbxy.nfdy.net
www.59chacha.com
phrasy.wop.ro
spnews.gr
htbc.nfdy.net
www.djtu.edu.cn
610cktb.com
groemo.de
yamahamusic.jp
www.huanla.cn
travelaid.se
www.paipaishou.net
riddler.com
tischlernetz.de
4730177.blog.51cto.com
wordpress.org
330111.com
belindamarshall.eu.pn
dnevnik.bg
www.netnames.lt
kurser.dmjx.dk
fanli.qutao.com
www.giet.ac.cn
w882.wrzuta.pl
gotpicture.com.do
zxnet.co.uk
tesla-xun.info
topultau.info
sc.cfw.cn
topcities.com
domaineur.com
jerleaw.com
hentaitoplist.org
bell.ca
linkalways.info
www.zhuzhu.cc
xsemm.com
www.yjr123.com
tuningrusauto.ru
sogo26.uml.tw
watchgforcenow.blogspot.de
www.yq920.com
makarou.com
slcz.gov.cn
zew.ca
www.zhongyi528.com
www.yyhun.cn
patrick.bloggles.info
yangtaisjn.1168.tv
bookmarkideablog.info
drehzahlmesser.wop.ro
limca.info
dension.com
andreasoldati.it
xmhj.56dvd.net
xxx-amateurs-xxx.com
begin.tyvj.cn
bebestore.com.br
www.euterpe.ro
homair-villages.com
www.xawz.net
977zy.net
ptks.nfdy.net
mzj.jj.gov.cn
puposa.wop.ro
movieshare.org
www.9787.info
gomottom.puk.ro
www.611130.com
geneve.blog.so-net.ne.jp
notasdefutbol.com
gaytubepremium.com
fullscreen360.com
forzest.biz
www.360away.com
pomidor.89.pl
www.xingshang8.com
www.cietac.org
klaraar.flog.pl
365aiao.com
lonelyplanetitalia.it
www.friwos.de
www.jiyin88.com
objektiveres.wop.ro
xpdoiuf.at.gg
www.eqvn.net
yuansuy.net
gawgien.flog.pl
tcb-bank.com.tw
armensch.puk.ro
verstuemmelter.loquet.wwwwww.wop.ro
fukugour.wop.ro
www.zzf6.com
scup.puk.ro
webimemo.com
www.wddyw.com
chahaoba.com
bmradio.de
newsroom.ucla.edu
maximonline.ru
tryllede.wop.ro
movingblocks.net
www.371pc.cn
collaboration133.com
xcb.duowan.com
www.02345.com
www.qc-hr.com
wyyx.zzxx.in
chy.cc
estuffed.com
wywalamy.pl
brisigot.puk.ro
qmecms.sinaapp.com
munromorris.com
www.tmall789.com
vbulletin-germany.com
shmama.com
dokkyo.wop.ro
postarticles.info
www.dong456.com
guisubfaca.multiply.com
whose.wop.ro
scarti.wop.ro
www.italiansdoitbetter.it
onlinesolutionsdevelopment.com
9xd.info
blockstatus.com
fafinettex3.pinger.pl
zwla.cn
u2.52car.net
domain.yahoo.co.kr
www.pornolia.pl
neoglobe.info
lvliangweiyena.fdchs.cn
proxygate.pl
adam2506.wrzuta.pl
www.seller.fr
bykjpx.58.com.cn
ppiupk.hyves.nl
www.hk6x.4f9.org
xbzq.78.cn
wpornoew.ru
ujbuda.hu
penmaji88.com
plao.cn
tupian.meinv.cn
www.mp3.kg
www.weige.in
vital.pl
dawandao.com
waofm.com
www.zstc.net
mlmtoppers.info
skizzenbuch.puk.ro
skyassine.tv.br
www.recruit.co.jp
smosia.digart.pl
sms-price.ru
anglisci.pl
sneckdra.wop.ro
sngzy.cn
newtypography.co.uk
snuggeries.puk.ro
yeslab.org
socialbookmarkingss.info
somontesgolf.es
sonicjatekok.info
nexen.net
sostitut.wop.ro
wap.tmyx.info
www.i-tour.com.tw
www.lygx.gov.cn
hml.org
qrct.210000.org
fandian.la
www.aixt.cn
wx818.info
www.xxnn.com.cn
zuofan.3839.net
sosyalbilgiler.info
www.uranik.pl
southampton.ac.uk
tenerifecity.com
twixtbra.puk.ro
bancogallego.es
butik.net.pl
isu.blip.pl
ammoseek.com
bqspa.wqjygl.com
informator.com.pl
www.zxej.com
www.bjtxyg.cn
portsmouthmustangs.webs.com
www.xs9999.com.com.cn
cc799.net
tpc.edu.tw
xygjj.gov.cn
www.tbwszx.org
2012.com.pa
megahq.info
linkjeim.info
ultraiso.info
www.zyhdb.com
www.szqlxyy.com
ibl-japan.co.jp
virtua-footie.com
www.miljomal.nu
netts.ru
linkfarm.prv.pl
zizotube.com
unduly.wop.ro
qualitymarine.com
eckankar.org
zbsports.com
www.gwqb.net
www.mc2345.com
testmart.cn
warrenfurutani.org
duo8an.com
www.iqsys.hu
servercentral.net
centralclinic.med.br
ilab.usc.edu
anitu.wop.ro
atap.wop.ro
www.21zw.net
www.ruanjian988.com
balisilvertrans.com
bbs.gay366.com
atlanticalink.info
www.skivak.pl
www.cbf.cz
hippferris.posterous.com
www.zhyllhw.com
zywy.pl
ciutacu.ro
zabawkopolis.pl
cybermondaytabletdeals2012.info
pornglory.com
pinkcookiedesign.com
darkiyu.com
argentodo.com.ar
vaeter.de
madzii.blip.pl
tczew.net.pl
www.xnjd.net
www.619a.com
autoepoca.eu
jhep.jp
me5168.com
guitar-chords.org.uk
redlistradio.com
iisen.net
kiwihomepage.co.nz
www.d3cake.com
findmetv.info
www.bd-oa.com
5earch.com
www.hy6588.com
fidel-it.com
ketsubut.puk.ro
www.2345.com
guihuaxiang.com
bupa.co.uk
65daigou.com
www.yxhongqi.com
winalitela.com
esgieha.pl
45ddd.in
www.salidzini.lv
bitefight.pl
rulezz.ru
gsbacd.wop.ro
cartapps.com
trinifans.com
wap.112233.hk
crossfitbreakthrough.com
europemaps.info
kravmaga-warszawa.waw.pl
ogrodtadka.blox.pl
yyzs.zhuxiane.info
unazu.puk.ro
nhta.nfdy.net
www.qlxf.gov.cn
bbs.dbank.com
blog.kaourantin.net
miinto.no
sz.454.cn
jelly900.hyves.nl
vijaybacklinks.blogspot.in
kpants.deviantart.com
mercadoprofesional.com
karpacz.pl
acnecosmeticsurgery.com
139.li
town.ehime-iinet.or.jp
przeprowadzki-24.com.pl
bbs.dt123.net
allianceswiki.com
confio.com
sultoni-kabir.tj
land.mv
xpatriots.info
vacationrentalscommunity.com
keretalist.my
transposh.org
www.qzbyw.com.cn
thecupcakebandits.com
www.szlech.com
taosoftware.co.jp
tmfvietnam.com
www.vipjmodel.com
www.shimujiaju.net
midcare.se
optimalenergy.pl
wierzba.puk.ro
owj.de
beibeihwdg.taobao.com
europages.pt
hotssafety.com
kwijur.puk.ro
lavorincasa.it
onebookmarkstep.info
satdy.info
cochonna.puk.ro
www.podruga.net
slub.org
ciurma.puk.ro
oblongue.wop.ro
moneymakingconcepts.info
66rt.cc
helenlambdance.co.uk
galblazen.wop.ro
www.shbetter.com
xdl.jp
asiacabal.in.th
pogona-vitticeps.cz
www.apro.lt
www.qygqz.com
cujuna.puk.ro
fedme.es
dormilosa.wop.ro
www.pyclr.gov.cn
www.iqs.edu
www.shaguangcc.com
jobaaa.com
fat-man.ru
www.mile.cz
www.88cb.com
sopot.pl
114654.www.blox.pl
www.xingongye.cn
autoguide131.r.gd
www.diamondfoxxxblog.net
wohl-bekomms.info
860860.net
vitalia.pl
guangy.qianyan.biz
connectproxy.info
jyko.net
topgrant.ru
e-mo.com.pl
googlewebstats.com
pwba.k3y3.net
comyr.com
pocztex.pl
ua3000.info
ppfscj.78.cn
bewerbung-ebook.de
tortoisesvn.net
neis.go.kr
www.pzhu.cn
academe.puk.ro
beijus.info
sms.js.vnet.cn
91530.in
marrandino.it
menu.com.do
uetu.reexperiences.wwwwww.wop.ro
hatangka.wop.ro
www.ofast.net
www.6k.com
jy3.info
yys.qihaa.info
betonmarkets-indonesia.com
baramejnet.info
tripatlas.com
loladela1.hyves.nl
www.aipuki.com
prevail.wop.ro
tvonlinepaulista.net
110book.ir
frison.wop.ro
www.eknanke.com
life.0392.la
www.9369.org
avanzast.wop.ro
nagano-c.ed.jp
perceptron.lovesick.jp
ec.cnki.net
www.809809.com
aecd.265link.com
nbcm.puk.ro
vip-madame.net
46mz.265link.com
unwords.com
nnjz.78.cn
enjoyweb20.cn
wilter.puk.ro
pfadfinder-treffpunkt.de
zisu.org
gybo.ca
joyofrunning.org
kakurezato.com
brazip.com.br
www.njcjs3.com
dataflow.ws
besthometheatersubwo.20j.info
oliwkowa.digart.pl
madeinasia.com
wealth-4-all-team.org
noivasriodejaneiro.com.br
semerka.info
nikhilk.net
forums.playcomet.com
vistula.edu.pl
www.hkzjshy.com
metoperashop.org
425sf.com
xxxmisjaxxx.pinger.pl
xbsyzsm.78.cn
tongdaifpt.vn
mulan.5law.cn
vow.lighmuso.osa.pl
manitu.net
youlose.info
mouht.wop.ro
www.yimeizx.com
www.0593r.com
www.yun-peng.com
effician.fr
cityclub.com.mx
marblefa.puk.ro
www.cacuocvn.info
a-body7.com
www.tianjiaji.biz
zhulu.35free.net
kevinspencer.org
aijada.puk.ro
advanceyed.com
tanhabora.com
subhoriz.puk.ro
growingpower.org
lorena-karina.com
tttxxxtttt.flog.pl
hrea.org
restaurantes.com.do
beiramar.ru
imagepro.gr
kozepso.blog.xfree.hu
senyaku.wop.ro
tupperwareindia.com
www.zqtys91myz.com
nebula.fi
abolito.puk.ro
listingtop.com
dncd.mil.do
tip.tcl.tk
tin.info
1808.co
www.hnxdn.com
www.slhi.cn
www.feixuenet.tk
skott.blog.is
puppyrzyce.pl
stickybookmark.info
enrubann.puk.ro
cheeseboardcollective.coop
estampar.puk.ro
www.y532.com
kankakun.puk.ro
myradio929.com
fcg-media.com
thepondoutlet.com
www.op91.com
merckmanual.jp
v40.pl
samplelettersworld.com
yocoojj.com
kelleyryan.com
cbtrampling.com
www.717v.com
conectate.com.do
www.anfangwang.com