knowbox.pl
shibobo.cn
sz.welltrend.com.cn
blizoo.bg
www.taortys.com
taoke.516.tw
farsnevis.ir
networkjob.ru
nevada.ie
nevtelen.hu
new-liberty.net
www.66602.net
newdev.ro
news.55.la
newskyenergy.ca
newvake.ge
nextgenerationmarketing.de
neystadt.org
nfyq.nfdy.net
ngobrol.us
kyuus.wop.ro
nha.eu
nianduhoy.com.ar
nib.com.au
xixihuafu.com
nickcreations.co.ke
nvidia.fr
oaza.pl
obuvoled.r.gd
atrico.hamazo.tv
bacterialendocarditis.net
bafang.in
baocongthuong.com.vn
avtoavto.ru
letscc.net
bebanner.puk.ro
uodas.lt
ssamp.kg
www.toyota.de
meinenews.net
exposomealliance.org
lamthenao.info
moduswort.puk.ro
viagogo.be
agequal.ru
mitula.co.uk
ankus.wop.ro
www.fzrcw.cc
www.lvhezi.com
troua.wop.ro
www.vff.dk
10dai.info
aaxxx.soup.io
mybodyflex.ru
acetenyl.puk.ro
administrerions.puk.ro
bettingsafe.info
bidian.net
blogalinitiative.ro
kddcup2012.org
brandalive.be
cardif.fr
ccta.nfdy.net
codeproject.com
dinbaghave.dk
drvb.nfdy.net
forumnow.com.br
fsi.spline.de
hellokittymania.net
harpa.is
hg919.cc
hubive.com
lolli.com.hk
mugger.wop.ro
norman.no
s22i.210000.org
salts.wop.ro
sxrj.210000.org
thecoolbean.org
tjock.wop.ro
trundlin.wop.ro
vivo.wop.ro
wallashops.co.il
we.bs
wvfr.210000.org
fivergigs.co.uk
www.51plain.com
www.amcoding.com
www.bsx.cc
www.fnforum.net
www.opzp.cz
www.biathlon.sk
www.p5q.org
ai880.com
allenhr.co.za
beurten.puk.ro
www.dd001.net
chinawznews.net
www.anaalsexfilms.nl
zahlenwe.puk.ro
iwin-online.org
henshuub.puk.ro
hupan.net
interactivetutors.hk
januario.wop.ro
kom-club.org
goome.net
narde.wop.ro
natchat.dk
nationallottery.co.za
nationalpetregister.org
nauticexpo.fr
nayeli.soup.io
nbc.org.kh
nbdb.ca
nbrm.mk
wayne.edu
neanthro.puk.ro
neback.wop.ro
nekolen.soup.io
pouted.wop.ro
proguide.vn
rubyer.me
smartinc.com.au
omzwierf.puk.ro
goldenmoney.biz
pilotait.wop.ro
www.qqwen.cc
www.toyotasportautoklub.hu
yougedi.org
aatouch.com
hopesolutions.in
biwako.gr.jp
asparges.wop.ro
cost.eu
aranawa.puk.ro
katusim.wop.ro
mcmanus.la
mcodiuy.ch.lv
mebel-dlya-doma.ru
mebelport.com.ua
spoedcursussen.puk.ro
opruimen.wop.ro
juancong.com
www.0396.net
studiosus.de
szoborpark.lap.hu
tagvi.wop.ro
tritanium.be
cruisewhitsundays.net
xponte.net
brookes.ac.uk
kaspersky.co.in
aaabillsremovalists.com.au
verge.puk.ro
tepapa.govt.nz
asianewsnet.net
thitruongraovat.net
kauboi.wop.ro
arqd.210000.org
greenmama.ru
sternstein.at
workingholiday.cl
kophs.wop.ro
loverboy-vibrator.istats.nl
onlinegame.i-love.cc
articles-maniac.tk
iphonetunes.net
porn69.us
nsp.bg
orpheusmusic.ru
lasparasitosis.com.ar