alagi.informatiserai.touhaku.wwwwww.wop.ro
htm.tw
sukuma.wop.ro
email.itpub.net
moniter.puk.ro
abiatec.by
odevyprodeti.cz
ladosis.cl
lmvi.210000.org
ly.dwap.hk
bidian.net
rozalin.wop.ro
cjza.210000.org
natti.soup.io
tsandekidis.gr
fleecys.de
kardel.wop.ro
thomaz.dk
www.vegjd.de
3022.nfdy.net
www.trim-line.hu
forken.wop.ro
www.mohacsinfo.hu
cleanish.puk.ro
jianghuaidujia.taobao.com
jailinfo.org
lifeclip.org
hutselbe.puk.ro
bookarnia.pl
www.ladyfanli.com
www.xjtn.cn
autobazar.od.ua
parerais.wop.ro
dep.no
erriko.it
oviducal.puk.ro
anastomo.wop.ro
nvnet.org
www.nnuh.nhs.uk
gxxo.net
mk-portal.org
slice.wop.ro
bexinh.dantri.com.vn
atehenmei.com
aaabillsremovalists.com.au
www.rmtsougou.jp
onomatol.wop.ro
www.totoone.jp
www.flll.net
www.k-o.cc
untz.ca
kadoshim.puk.ro
chinawznews.net
cegal.es
mybodyflex.ru
documentation.name
ghujulan.wop.ro
bluetoothheadsetster.7kt.info
radio.i.ua
kattintside.hu
jgbi.lizhidy.net
tenso.puk.ro
onrefaitlemac.com
www.sapko.fi
harpa.is
kichi.wop.ro
fourthirds-user.com
bcochem.co.kr
animant.wop.ro
psgui.com
www.krasl.cz
www.dd001.net
www.3dcaitu.com
illblogtoday.com
satfix.net
whois.com.au
sluggy.info
bookcity.ro
chemgio.bigphim.net
adonai.puk.ro
affairs.puk.ro
mzintna.com
woman.xsjk.net
saida.wop.ro
sharingit.co.uk
tjock.wop.ro
www.lyang.net
as.ua.edu
umbles.wop.ro
iyoki.wop.ro
queening.info
parcellaimmo.hu
tamilenn.net
ofsayt.org
mospat.ru
crockerfuneralhome.com
bbs.dt123.net
zyxt.k3y3.net
egises.puk.ro
vips.wop.ro
naturns.it
abwischt.puk.ro
baby2be.co.za
aaugymnastics.org
86ma.tk
4gamers.ru
us.xspf.org
mazda.lap.hu