cs-postrzeleni.pl
famosa.wop.ro
bikergonia.com.pl
mylegalright.co.za
mazdaspeed.com.au
yoneyamaui.jp
nekonec.ru
www.moodmedia.jp
187988.net
treadlightly.org
compromitteren.puk.ro
subtiliz.puk.ro
xixihuafu.com
prom.ua
cba.edu.sa
www.amazon.co.jp
www.czppk.cz
zuruecksehnende.wop.ro
www.mercedes-benz-nakano.jp
www.klafs.de
stream-movies-free.blogspot.mx
player.hu
berea.edu
verge.puk.ro
burdanindir.org
jrpg.jp
znanium.ru
whwd.com
91530.cc
www.tokubi.jp
www.345qq.info
tancra.es
www.onm.mr
canadienseneurope.org
tl.nagykar.hu
www.nse.nl
times.am
lasparasitosis.com.ar
statischer.wop.ro
eibconsult.com
bdhg.210000.org
lamedwaw.org
jikast.cz
hanska.wop.ro
mkb.uwpagina.nl
kadu.blip.pl
www.yte.co.jp
tourism-entertainment.ru
cycyxm.78.cn
padishah.puk.ro
evn.bg
jblove.net
stoke.gov.uk
0815deluxe.de
siene66.de
ft.hirkereso.hu
patasagra.it
derdimvar.net
programy48.pl
www.audiobiblia.hu
suwon.ne.kr
kaasan.info
jiwi.nfdy.net
vistacartao.net
vecer.com.mk
greenmama.ru
www.accu.or.jp
kreil.hu
myaccounts.gr
live-translator.net
alpslab.jp
www.rzjs.gov.cn
getsawed.info
moniter.puk.ro
kaspersky.co.in
toutoi.puk.ro
ycdr.nfdy.net
exigerie.puk.ro
www.c10tc.info
lejas.wop.ro
lahuli.wop.ro
oraelado.hu
www.pkyouxi.net
danilopontone.it
apostleofspeech.org
itclms.ir
motox.com.br
anadoluhayat.com.tr
guihuaxiang.com
funbingoonline.co.uk
mucok.fecsegj.hu
hatugen.wop.ro
www.zoner.fi
metin2.ae
www.bb520.tk