v8supercar.com.au
ifra.wop.ro
network-karriere.com
hupan.net
www.axa.fr
dsga.me
www.99taijiao.com
www.cd4.pl
bjp110.com
jmworld.ru
mxcms8-cms.maxeline.hu
ip.wkdl.net
habous.gov.ma
365dyw.net
suena.eu
suzana.puk.ro
www.jom.de
exceltanar.hu
www.lessa.so
bradan.org
transparentwebsite.com
ffue.210000.org
xixidieyuan.com
handimpresa.it
x7777777.info
www.51plain.com
jagoda.com.ua
chsou.com
turbanto.wop.ro
plus.org
neonteam.hu
betvan.com
nh.gov
www.euroinvestor.no
mzzj.net
ipoly.lap.hu
groth.digart.pl
filler.wop.ro
flag.com.tw
hatangka.wop.ro
iphones.cx
goplant.de
www.sdqx.net
hxchem.net
www.hdsz.hu
abcportage.fr
uls.edu.sv
zuch.210000.org
cooco.cc
ekbk.210000.org
sugita.puk.ro
jsz.yk8.so
silice.wop.ro
fangka.net
rx.ee
bijia123.cn
rikon.to
tetsig.wop.ro
www.hu0.casedu.org.cn
caymanians.puk.ro
cnkuc.114.org
geek-blog.it
sjlf.nfdy.net
kiska.xfree.hu
www.twinkids.nl
a.34ls.com
arbustes.net
urlano.wop.ro
dnis.210000.org
fh.0937.net
hathawaymix.org
benh.biz
www.frame.net
trylife.cn
yyop.nfdy.net
up.ez.lv
zurker.net
aftage.wop.ro
www.jkwz.info
atehenmei.com
pig-up.de
waofm.com
theater.ir
xwx.cn
uitspraa.wop.ro
toutoi.puk.ro
alfons.wop.ro
www.hao57.net
www.houzi.in
lithosol.puk.ro
urdusms.net
sunne.puk.ro
hyogo.lg.jp
assaggi.it
ikaten.wop.ro
parquons.wop.ro
vlab.pp.ru
bhqb.net
www.jels.dk
fujyo.wop.ro
olmt.wop.ro
www.88uu.info
benzinklub.hu
www.gmit.ie
juancong.com
5-stone.cn
howimet.ru
smartinc.com.au
mitao.wop.ro
piiip.soup.io
97.84474.com
alleen.puk.ro
schtrade.co.uk
mazopexy.wop.ro