debatside.dk
fotoschule-spree.de
kiteflying.puk.ro
knarseta.puk.ro
cntower.ca
jyobuzu.wop.ro
sexrank.pl
52.ooohoh.info
coleirinha.com.br
tomeful.puk.ro
osorubek.wop.ro
nationalpetregister.org
sibsogoh.net
guihuaxiang.com
lolitacams.info
nyaweb.co
sisyunki.puk.ro
freetechie.com
loaded.wop.ro
cbsebenhaezer.nl
dbw.topka.pl
newseum.org
moto-market.ru
zerknuel.wop.ro
hugg.info
avoiderrors.com
www.fnp.pl
400117.com
51seba.info
www.yilelady.com
nasos.info
tatam.puk.ro
1megamarket.ru
ananskikh.ru
chemenal.wop.ro
iweb.net.vn
clicker.com
miss.33b.ru
barb.cathayan.org
humyai21.info
freeoa.org
www.rws-verlag.de
buzztxt.biz
goodplanet.info
bese.info
techdox.info
classicmustang.sk
kartyajoslas.lap.hu
sungo.us
epeeists.wop.ro
4shared.com
complexarticles.info
www.maxman-2.info
www.rogavis.no
spcollege.edu
9ytt.info
b8c9.lizhidy.net
dutchdailynews.com
saxe.info
bakelovenotwar.co.za
ewuska497.wrzuta.pl
sr-22.info
chamaesi.wop.ro
theextrememarketing.com
irkzan.ru
uvme.lizhidy.net
satandera.puk.ro
eeiwu.cn
campus.eol.cn
1moretime.a-lsawards.com
filmowy.info
cr.jogger.pl
analcavity.info
torsiona.puk.ro
preattun.wop.ro
shoushen.n1.11nn.net
unite4peaceonearth.info
fsicrew.info
deviendrez.wop.ro
www.netcao.com
cleanglobe.com.tr
xiefashi.info
celebrityring.info
theresit.prerebellion.karaoke.hygien.wwwwww.wop.ro
14144.tk
ermines.puk.ro
meteoalarm.info
webspell.org
canun.wop.ro
sexehook69.info
enviers.wop.ro
theiphone.nl
allied.edu
mirgeografii.ru
www.fc3d.net
www.cao10086.info
agarik.fr
estamental.puk.ro
dorint.de
commpro.biz
www.dc2000.cn
piking.wop.ro
neijiangchepiao.qiannan.org
delur.tv
sou.wjw.cn
okostelefon.info
www.17krt.com
shopbaocaosu.info
eurotitan.ru
odnoclascnik.info
e-field.info
primo-clinic.jp
litos.com.ua
176gz.com
bytom.blox.pl
linkstag.info
www.meimtao.com
disk.shine8.net
sina-niko-heiraten.de.ki
www.1j3.net
logitechwebcameras.3ia.info
pogo.fotolog.pl
ifra.wop.ro
www.anovi.pl
minimoviles.com
bookmarkmysite.info
bankowoscelektroniczna.info
taubenreuther.info
puisterige.wop.ro
www.hibinzorg.nl
amway.com.co
1planet.info
donr.nfdy.net
planetpoodle.eu
grblog.jp
autohelp.mn
oylinki.info
diyidaohang.org
52pa.com
aspick.wop.ro
headway.pl
neoitv.pl
hsj.prv.pl
ngwenya.net
policymic.com
it.binhyenquan.com
omandaily.om
ebebd.78.cn
hanamasa.co.jp
www.yanxiw.net
honda-acura.net
britishcurlies.co.uk
greggypedia.info
999giochi.it
www.italmix.pl
863052.shop.zzol360.com
88.wmahui.in
www.yqwb.net
doj.me
lapmangfpt.biz
pantegjeld.puk.ro
partyxplosion.eu
webservicekoeln.de
planetquake.pl
www.nike168.biz
nutracheck.co.uk
ilovekolkata.in
cokme.com.ua
mfkkarvina.cz
italianbody.com
gruppocoin.it
myfreefilehosting.com
wap.56wz.net
wenren.com
0urn.56dvd.net
100mega.cz
114.dnfire.cn
118712.fr
17xxpp.info
18158.net
18mei.com
1a-ads.si
1sexhotlatin.a-liveprivates.com
2009.gnome.asia
anglomaniacy.pl
asimmer.wop.ro
braintree.gov.uk
btbsse.com
caressen.wop.ro
closefri.wop.ro
countryman.co.za
job.dyit.net
lotterien.at
jpberlin.de
jqnk.nfdy.net
nc-directory.com.ar
newcamd.info
nissanklub.pl
sexsites.uol.com.br
shimotui.puk.ro
sukienki.eu
toplexis.com
travsidan.nu
unonotizie.it
votencmentalhealth.info
weresorry.org
www.ady69.com
www.creatpro.fr
www.gdaiqinghai.com
emoda.com
bettingcrown.com
blogaholicnetwork.com
congchung.org
deycza.digart.pl
fzl1.info
diskingressos.com.br
elgratis.es
farmakologi.puk.ro
findsomeone.co.nz
hestaleit.is
homezweethome.info
ilger.it
internet-autoteile.de
ja1nuh.blog.so-net.ne.jp
kangoshi-g.info
kewlbase.com
longlife24.ru
looeo.com
loomji.fr
lvkm.hyves.nl
mahu.cc
monkeyseo.info
mugong.cc
myforex.ch
adamonet.pl
ohudbe.sk
obrademaria.com.br
cerveza.org.ar
comacipe.org.mx
kousien.info
ekiga.org
estudiantesdesociales.cl
kisskiss.pl
rusfootball.info
kabayantv.info
uni-blog.info
velosh.com
socialbookmarkingdel.info
mypornonline.net
www.4040.com.cn
www.aviation100.cc
www.polimex.cz
gardening-advice.net
www.ueafc.org
tgptraffic.biz
198.wo88.in
2lj.info
7k7k7.fad3.net
hostaz.in
letteth.puk.ro
bookmarkingtraffic.info
forniture-alberghiere.biz
cjinc.info
crispytimes.com
dnflf.kickme.to
ebooklibrary.7s4.info
www.dotty.tk
ekrfoundation.org
gloriousk9kennels.com
1fwdirectory.info
emibel.digart.pl
hayesmedi.com
www.51taobao.net
khaos.info
learningpark.jp
liebgewo.puk.ro
slepp.ca
mastiquerons.puk.ro
voeux.wop.ro
renti.08mm.net
rhinolalia.wop.ro
roswell.puk.ro
sabercomo.info
scargill.net
sellthisbiz.com
selvageblog.blogspot.com
diede.wop.ro
kage.p2n.dk
calculadora.org
axutopia.com
shimi.wop.ro
reupload.it
www.avatari.eu
czysty.y0.pl
slounik.pl
toplistenserver.info
tabs.wop.ro
wphostingreviews.com
streetwhore.info
strijdlust.info
sugei.info
hemiachr.puk.ro
tytusz69.xfree.hu
www.businessacademie.de
www.jiaoluo.org
youjizz-823a.tumblr.com
spam-seo.info
cache29.enet.com.cn
cabrino.it
club80.ch
dizionariofinanziario.it
exportli.wop.ro
i-cube.gr
wine.travel
kudzu.wop.ro
mediafire.r.gd
foropolicia.es
fusionhq.info
mitchtech.net
resinet.pl
tczew.net.pl
www.qsf888.net
lyzia.digart.pl
cdd.cn
laptopthebest.7m0.info
801a13.tumblr.com
www.ystjjd.com
milko.wop.ro
www.everhost.nl
www.multimed.hu
techsmash.in
yasudaju.puk.ro
yirr.nfdy.net
www.910xf.net
smartoption.jp
hejin.net.cn
talia.ua
yl.1039.cn
www.456fff.com
webstorm.pl
r114.co.kr
vaj2.210000.org
roumon.puk.ro
www.jianzhuxi.cn
59121.info
thewebblendz.info
dmon.se
mojeciuchy.pl
wow-annexe.fr
telkomsa.net
jl.haozu.com
ufaina.wop.ro
penize24.info
33lian.owns.it
trtes.jus.br
prqg.info
www.npx700.com
perugia.it
supergamer.cz
bbs.mumayi.com
hbjmd.78.cn
noticiasdeporte.info
thisit.de
onelife.pl
ipad.nl
carpartsdiscount.com
o2r1.qiwen5.com
smileflower.info
hhkq.265link.com
bj.banjia.net
dzialki.pl
www.educator.nl
akt-online.nl
aelita.fr
mega-hurt.pl
51proxy.org
guglo.info
yalandunyahd.com
www.usj.in.th
www.weert.nl
anvietson.org
doingbusinessjapan.com
vietnamgottalent.info
literallyinspired.com
anzukurb.puk.ro
eurotext.hu
jxpma.org
5-stone.cn
forth.gr
appretur.puk.ro
www.nihao.me
publishedscoops.info
safe-redirect-now.info
szymczyszyn.pl
www.xiaojinxingangel.com
smartmobil.sk