casatoscana.co.za
halteres.puk.ro
viser.edu.rs
boutique-photo.biz
el-periodico.com.mx
yanghai.info
www.anovi.pl
mx2.php.net
rerate.wop.ro
bookmarkingdemondiscount.net
komparing.com
csnf.qiwen5.com
p.org
tokokainflanel.com
der-hausinspektor.de
free-hostings.info
ssua.210000.org
www.51wzdr.com
inandaround.ie
www.cnc163.qb.com
zeedclub.in.th
auiti.wop.ro
kamilam.digart.pl
sergiuhelldragoon.com
recherche.epfl.ch
katalos21.eu
wdfriday.com
zirusi.wop.ro
www.sddaye.net
xbox360cheats.com
mhwf.210000.org
epf.pl
www.maxman-2.info
creditlogement.fr
pinataisland.info
mercadder.com
www.qingqinggan.com
competitions.ie
www.nubo.nl
hungmok.wop.ro
drugdatabase.us
mojauto.info
kouprine.wop.ro
jamilahsalwalala.com
383981.com
sajlent.soup.io
en.tralandia.gl
semergen.es
bipxinh.com
gz.menghuanzuxian.com
candportalen.dk
techkings.org
www.delsol.hu
arbeitsstunden.wop.ro
ebedmele.wop.ro
mlmtoppers.info
nee.178.cm
vipgrup.info
thanhdo.info
newskyenergy.ca
naukajavy.pl
uy60.com
tokillamockingbirdfullmovie.blogspot.se
aike01.com
511ny.org
turbotax.ca
pokuponcho.ru
isladelburguillo.es
evansmith.org
tyhlztgt.1168.tv
soccerrumors.mobi
constantinum.hu
cryptome.org
inet.ua
fenghuolun1.com
885227.com
av8.tv
abest.com.br
www.8as.info
redesk.es
abeldanger.net
englishtourdutranslation.pk
www.diybl.com
www.krek.hu
artcraftstudio.info
enlucido.puk.ro
siwa7.info
www.extreemfilmpje.nl
kingi.wop.ro
nextporn.mobi
flinkster.de
bidyutbikashdhar.com
9lessons.info
greenparty.ca
imsec.ac.in
salzgitter.de
valait.wop.ro
outofscn.co.cc
wap.tkwap.com
gites.fr
faszobraszat.hu
utwdzialdowo.eu
pageiran.com
midcare.se
lueya.com
eldersrealestatee5g.com
xkfi.nfdy.net
banban.so
nephralg.wop.ro
trafex.info
brazilsurf.info
snsu.cn
wilner.wop.ro
stopp.se
byjj.baiyin.cn
thechatroulettegirls.info
cmple.com
hecatombaeon.wop.ro
hatae.wop.ro
pocket.co.il
bbs.zt.my
mi.99bitgc.com
eniemowle.pl
glfjsb.com
abofinder.info
vetau.mang.vn
chi-de.com
nuos.210000.org
bidhaja.co.kr
demaio.info
jeromebrezillon.com
chasubles.eu
uuu25.info
fsfp.210000.org
patricefilio.info
railways.kz
mebtech.pl
www.089945.com.tw
immerses.wop.ro
indiamoney.com
video.drom.ru
3ppt.com
ajada.wop.ro
easyrewriter.com
say.ac
thecars.ws
zauberten.puk.ro
adesrea.at.lv
lebbe.wop.ro
buguiqiu.com
brilliant-group.ru
editionbook.co.kr
levonevsky.org
blackseek.info
v2.adm24.de
bookmarksitetoday.info
menschenzeitung.de
blogf1.it
www.987nn.com
cityzenclub.pl
runben.taobao.com
rightsidenews.info
gouwu.01335.info
www.hainanweb.net
e-vending.ru
ds.dnfa.info
www.vanidad.es
alfabank.ru
dynacel.co.jp
www.heilianmi.com
www.kimoya.jp
mailfriends.us
www.868989.com
hshp415043.f31.net
i-x.com.cn
asianewsnet.net
dkb0.nfdy.net
edzienniki.duw.pl
860860.net
czarneyo.digart.pl
purelink.info
crohn.home.pl
360qqdg.com
flj.9998.tv
greenseal.org
basijmazandaran.ir
gazetapodatkowa.pl
bragat.wop.ro
taigamemobile.net
leile.flog.pl
5bodog.com
mexas.wop.ro
legitime.wop.ro
yellowhost.co.uk
abax.cz
animetoplist.org
cunard.co.uk
mio-treo.info
webzo.org
ibuningu.wwwwww.wop.ro
filmporno1.info
giannakazakou.gr
bf.yzz.cn
careerjet.it
deliquent.blip.pl
koktel.wyw.hu
folux.nl
tvxxxx.info
femjoyangels.com
www.xingjiuba.net
zenit.flog.pl
bazanowski.pl
comerafuera.mx
www.jcow.net
theworldbyweb.com
ling.pl
grandsavingscenter.com
jinsoku.info
careerjet.be
myintimacy.com
braintree.gov.uk
wiispin.com
veenea.pinger.pl
mbili.wop.ro
www.mobile88.info
dgxn.info
mfht.1168.tv
avsese.info
autodisky.cz
ihspk.info
nj.yunhouse.net
waseca.puk.ro
24porn7.com
board.iamlights.com
zaqk.ro
welro.info
entertudo.com.br
proguide.vn
noaa.gov
games.blog.nl
evjesnik.info
webtvsexevid.info