eawsoebwf.freeblog.hu
tokogazo.com
javascriptgarden.info
bbs.hnmazaigu.com
domy.szczecin.pl
usa.se.pl
cryptous.wop.ro
hq.jiaodong.net
marutisuzukikizashi.in
afbreken.puk.ro
www.jnfpdkw.com
iquan.net
9sp.info
bootfetish.info
linuxpourlesnuls.org
suzan325.hyves.nl
cabries.info
www.dayezhan.info
byjj.baiyin.cn
bbs.swfc.edu.cn
crazy-crow.de
bomoart.hu
cavern.toplista.pl
muzyczka.pl
sneezey.wop.ro
aranzadi.es
mynewarticlestores.info
drd.digart.pl
erbello.digart.pl
entita.puk.ro
bozydar.blip.pl
8899.me
93dy.info
eshop.beck.cz
www.rws-verlag.de
anchuu.wop.ro
inkom.puk.ro
kasoku.wop.ro
androidapk4u.com
thepimsleurapproach.info
getusb.info
plusxplus.co.uk
armar.wop.ro
91longzhan.co.cc
jinsoku.info
eduquiz.info
tubesexhd.info
spisstron.pl
371jiuxun.com
hk.st
gigabooks.ru
wickedknickers.tumblr.com
healthybodydaily.com
ovo.it
www.se678.info
nguoimientay.info
gol.hr
topgoogle.info
dinfone.info
5y173.com
costacruise.com
codeproject.com
educationh.com
js.shwuguan.net
divieto.puk.ro
chinaz.cm
di4se2.com
vlz.ru
rechecker.com
balatonbeach.info
www.370au.com
aeran.org.pl
altermedia.info
champcamera.co.jp
iran-antik-3.tk
www.mcsweeneys.net
archiwumrocka.pl
westernherbal.com
beurten.puk.ro
phovx.com
sou.wjw.cn
brawna.org
mitreise.wop.ro
rincontranny.com
prwv.info
cy06060.info
pierremporio.net
liuhe.tv
plaisirxxx.info
humyai3.info
1net2.com
lpmxqjemjj.blogger.hu
www.hbzx.org
opererer.wop.ro
65.cm
9adf.265link.com
confignet.de
marketing1to1.com
www.tzxz.net
hupan.com.cn
atster.com
e-youtube.seesaa.net
www.yiheng99.com
ebiten.jp
direct-shoes.pl
statutentreprise.com
bniroda.hu
nexusrealms.co.uk
jazoka.info
ailv.me
imsacup.free.fr
arizona.edu
mo-ragz.com
www.pyteli.com
brockthemonkey.webs.com
katuno.wop.ro
darty.it
photovirgins.info
aurea.org.pl
arago.wop.ro
hostyous.info
arcenal.com.ua
benmouch.wop.ro
khod.nfdy.net
22squared.com
fajnamama.pl
petitionenligne.fr
directo.r.gd
fitnessboutique.it
clickbuy.in
nvlg.wordpress.com
e-heaven.pl
osandroid.cz
controlprixy.info
hoikucan.jp
fdr.org.nz
www.ymfeng.com
gstaad.ch
telkes.hu
sizuk.wop.ro
3gdh.hk
rozwijaj.home.pl
player.hu
appretur.puk.ro
acessbm.info
6070.az
t6a.de
bit.ly
dinakd.info
seolinktoday.info
sztr.cn
lylwap.cc
nuotiate.wop.ro
nauticed.org
ancylus.wop.ro
florence.com.tr
combusto.wop.ro
www.rimi.no
sophia.ru
contentmarketing.dk
ania098.pinger.pl
sldo.nfdy.net
noaa.gov
fex6.210000.org
finansosfera.pl
capitalinvestmententrantscheme.info
shigetou.puk.ro
www.queeobao.com
shoppingnews.pl
xinyu.3he.cc
colocal.jp
www.wr.nl
allaboutreviews.info
tipar.md
dr-alnasir.com
www.51hk.org
ssdpedia.org
sieuthionline.info
racingvideos.co
focivb.lricsi.hu
caoliu522.pen.io
86gwtt.com
grancanariaole.de
deadlier.wop.ro
day-z.org
adbroker.de
concent.wop.ro
www.angelfanli.com
pangmm.org
s8c.net
bou69.digart.pl
folk.wop.ro
downloadindex.info
penza.wop.ro
paulinek19.digart.pl
mannoket.puk.ro
xixihuafu.com
www.90hav.com
leembee.com.pl
organopet.hu
yougedi.net
kirstenkors.hyves.nl
www.top-read.cn
svalna.puk.ro
findabizonline.info
bezwadde.wop.ro
jfie.210000.org
sclf.org
alfa94.wrzuta.pl
hauntedhouse.fad3.net
bopor.com
rss-verzeichnis.de
bizneston.pl
austincollege.edu
12881.h-x.cn
www.carlsson.de
agita.digart.pl
dgdsw.com
tuttyka.xfree.hu
helponline.ro
literallyinspired.com
shen.yiwang.cn
b2c.uz