baldrics.wop.ro
100megabit.ru
cq.bbs.jiaju.sina.com.cn
3322.cu.cc
blog.calta.info
activesocial.info
8899.cu.cc
www.rnews.be
dcrw.265link.com
www.rsoc.ru
barbers.pl
aikaba.com
chezt.gznet.com
nunez.puk.ro
bestcycling.es
erntender.wop.ro
www.sdzlcl.com
3866.cc
ltt.xt.pl
suspendiere.puk.ro
pikarock.com
gadgeds.info
www.yuanjingchen.com
5-flawless-homos.tumblr.com
wwff.com.cn
istanbul.2link.be
bbs.ccun.cn
64news.com
carritus.com
aeonity.com
sneezey.wop.ro
coloriety.com
fwze.nfdy.net
kaja19930908.blip.pl
bobear.wop.ro
viedefrance.co.jp
97sese.in
zosia.r.pinger.pl
esoul.ru
stk-hradec.cz
mediagaon.or.kr
4-3-3.net
best-moviez.ws
millioneurohomepage.pl
otkur.cn
diadiktion.com
6c6c6c.com
dringende.puk.ro
www.hanser.de
blog.flextech.pl
wiederhe.puk.ro
pbzcard.biz
devinfo.info
heavenfresh.co.uk
e-lib.info
fnhd.nfdy.net
impresa.wop.ro
2i84.k3y3.net
steklasa.wop.ro
dayulight.cc
rolnictwoonline.pl
misiekstaszic.digart.pl
tur-info.pl
beelo.digart.pl
richardcummings.info
linuxcoin.co.uk
foste.wop.ro
ania098.pinger.pl
jetsetera.net
epilasion.ru
ktvolm.jp
uiteenstuift.puk.ro
pakhungama.com
www.wchcz.cn
chevrolet.pl
juancong.com
jsplumb.org
originals.ro
emanando.puk.ro
antarsya.org
umgepflanzten.wop.ro
portglai.puk.ro
baresko.no
domain-stats.info
kamath.puk.ro
www.yjmm.net
angusti.wop.ro
alacourt.gov
kasbia.wop.ro
freedesktop.org
buscaok.com
bybab.com
www.jswqdcgs.com
mianbaotou.com
anqu.pinger.pl
camchat.org
hsc.9998.tv
www.catuncle.com
filmsex4.info
nof.org
lawnmowersdirect.co.uk
inhaken.wop.ro
www.fotka.pl
wap.awklar.biz
hupan.net
tmtevents.pl
www.engine.tw
likar.info
northrob.wop.ro
medaplus.org
bajou.puk.ro
23rt8.gn2012.com
afiliacion.co
ymxz.cxnews.cn
www.misja.org.pl
www.666813.com
turserwis.pl
filmscanner.info
myweddingfavorsetc.com
krydsbox.dk
univ-skikda.dz
hgh168.taobao.com
meeslepe.wop.ro
mobdis.co
dyei.nfdy.net
themgzs.co.uk
americasnextpornidol.com
t53.ztzt.us
laptopthebest.7m0.info
dubux.info
nwt.cz
shewes.wop.ro
fpc.unl.edu
tenzo-smr.ru
toko.puk.ro
cloob.us
thedarkcity.co
www.654q.net
www.ssl.be
gaga1.blip.pl
rheingold-achter.de
markunion.hu
601448.com
kava.puk.ro
jesperlinden.se
strg.k3y3.net
destock.biz
www.aody.net
etoilediese.fr
tablons.puk.ro
dwzrv.de
chasubles.eu
fudle.info
evergreen.pl
www.letop.be
unprohibited.puk.ro
polsoft.pl
abc-construction.az
luohe.xinl.net
signum.wop.ro
mochilabinaria.com.br
tokyotosho.info
qiuknows.com
72avreceiver.7wx.info
beneqs.digart.pl
hfhg.210000.org
achehnes.puk.ro
blogbox.ch
e-towel.net
www.derimuzeum.hu
www.google.com
precedens.art.pl
ssuo.nfdy.net
blog.3czhidao.com
alidaa-alwatania.ma
ebayhervelegerdresses.com
beeminder.com
aktivtraening.dk
brilliant-group.ru
youh.wop.ro
popjemaritza.hyves.nl
friskposts.info
www.yageoo.com
0483.cc
silke.digart.pl
spindoktor.de
spitshon.wop.ro
www.0573xuechenet.com
ingatlankorzo.hu
caseminiitx.7h1.info
52u1.lizhidy.net
hispace.info
fando.wop.ro
3800.cc
amateursconvert.com
insurancesauto.info
seogwiazdor.pl
animoca.com
gutongtiel.1168.tv
taxnews.info
maboss.info
iowa.puk.ro
goldwave.ca
modnitsa.info
sharethebrutality.info
howtoloseweightnews.org
yese.us
diggaof.co.cc
speedy.sh
52ksiazki.pl
canadagooseoutletstores.com
bankingtimes.co.uk
loginserver.ch
randkomat.pl
0663idc.com
babyonline.pl
seostat.pl
costa-rica-immo.com
anime-manga.jp
mcc-hof.de
shigemot.wop.ro
abating.puk.ro
www.dlutcool.net
userena.cl
jordisk.puk.ro
getsawed.info
yougedi.net
xixihuafu.com
qusk.nfdy.net
aiwp.210000.org
soku-deco.jp
doggallery.hamazo.tv
fairone.ch
webnhanh.vn
dengshi.org.cn
most.co.id
lachnosterna.puk.ro
afkrabden.puk.ro
konatatoyama.flog.pl
e-monki.pl
entam.soup.io
downloadindex.info
saplace.info
enari.wop.ro
ltl.home.pl
neetsha.info
hairtrend.hu
evangelisch.de
edelobst.puk.ro
benecom.ekatalog.biz
barrelling.wop.ro
668h.net
dawes.wop.ro
albina.wop.ro
benin.lap.hu
www.fitsa.cn
cawaii.in.th
aluniversity.edu
www.kelmer.pl
tipster.bg
devblogi.pl
agoda.vn
www.4233.info
alzava.puk.ro
fittmami.blog.hu
skylarkwheel.info
www.wfsongfeng.com
foroutan.info
mx2.php.net
outdoorsmenforum.ca
adosa.es
www.tecmowave.co.jp
antitepari.ro
www.gyrc.com.cn
inter-store.cz
oldgleaner.com
kapitalwissen.de
kikhalsde.wop.ro