alzava.puk.ro
infare.puk.ro
ribber.puk.ro
telkes.hu
matchartists.com
fuxiao.ccnu.edu.cn
wasoga.puk.ro
jiazhengyi.com
mykere.puk.ro
outofstock.com
furlow.puk.ro
2sebo.com
krachi.puk.ro
jetbrains.com
www.leiyu88.cn
muriloq.com
cuises.puk.ro
www.chunvw.com
jussai.puk.ro
www.0531bjq.cn
afbies.puk.ro
no-ip.org
www.gequye.com
psgui.com
paquet.puk.ro
readersupportednews.org
gruntlin.puk.ro
www.whatledtv.org
unrowed.wop.ro
soleyn.puk.ro
fondationdelamodedemontreal.com
tpca.or.tz
www.cheynehoran.com.au
matoso.puk.ro
163gg.com
aranawa.puk.ro
www.sdjxd.com
www.shuichan.cc
www.sn0769sn.com
teleurope.eu
www.myip.cn
aluminium-redony.lap.hu
alumni.gwu.edu
alut.digart.pl
alvaropinto.org
alvino.puk.ro
overfee.puk.ro
pracawsprzedazy.gazeta.pl
yykkse3.info
machie.puk.ro
crockerfuneralhome.com
freedailyads.com
inman.puk.ro
parentcoachplan.com
shopnc.aliyun.com
www.itzx8.com
www.monkbbs.com
www.parliament.sa.gov.au
accepts.puk.ro
activebookmarking.com
www-paloma.com
www.302s.com
www.97ribi.info
www.dayezhan.info
www.zgc.gov.cn
x7777777.info
yq.0316.cc
49cw.com
guilded.eu
midea.he.cn
nvrp.k3y3.net
pssr.qiwen5.com
r43dscanada.com
se.79bo.com
seizor.net
www.tjxcbj.com