ribber.puk.ro
afraagde.puk.ro
acetenyl.puk.ro
wasoga.puk.ro
affery.puk.ro
notaeal.wop.ro
junanmiaomu.com
ntkm.tv
www.meeleee.com
abenyu.puk.ro
scrollava.puk.ro
aogewh.com
panape.puk.ro
berlimosa.page.tl
11incock4daddy.a-lsawards.com
kilner.puk.ro
giay-dan-tuong.vn
sports.qq.com
bedoms.puk.ro
mykere.puk.ro
acadamey.puk.ro
teoti.co.uk
9ve2.265link.com
ace.nsw.gov.au
matoso.puk.ro
hgiaksiwnyxo.blogtrue.com
honda-acura.net
www.shanghaizhongtie.info
guitarpractice.caihong55.info
soleyn.puk.ro
open.union.360.cn
paquet.puk.ro
www.cmgl3.com
galways.puk.ro
aaadaemonscrewsplayground.com
doena.puk.ro
www.maksz.hu
www.52ssc.org
www.semm11.info