www.21tudi.net
photostudio.ir
fzpu.nfdy.net
www.wangzhijia.net
duowantuan.net
pornoclipz.nl
www.australian-chinese-painting-society.com.au
njure.puk.ro
www.lylcjsw.gov.cn
itypqmiik.blog.mongenie.com
ndil.nfdy.net
caikoo.net
wngl.nfdy.net
becker-furniture-world-going-o.blog.hr
eauk.nfdy.net
yuimar.org
tk09.lizhidy.net
die-gruppe.info
guilded.eu
www.linwatang.com
beant.puk.ro
phovx.com
ifyouwantblood.de
intervenieren.puk.ro
cage.nfdy.net
www.shenglongchina.com
www.parliament.sa.gov.au
www.xiuxiuw.com
ekzl.nfdy.net
shuqian8.com
www.dd310.com
tu.61578.net
www.xunya.net
rumli.puk.ro
wvbk.nfdy.net
studyforums.org
fichez.wop.ro
neyt.nfdy.net
pkmn.nfdy.net
diigseo.com
amatorsquash.hu
afbies.puk.ro
www.gsstory.com
evep.nfdy.net
bbft.nfdy.net
pikehunter.se
ztxu.nfdy.net
fengerpiaoguo.blog.edu.cn
gaminginc.co.za
ipekyoluilahigrubu.com
obpn.nfdy.net
1000months.net