ekzl.nfdy.net
publi24.ro
www.yijiaqin88.com
yuepyba.com
www.houzi.in
aphrah.puk.ro
xsg.i3.com.cn
eauk.nfdy.net
chidukm.88ka.cn
www.luseanxing.com
www.aaawatchreplica.com
hlbb.nfdy.net
shop58371848.taobao.com
youngvoices.nl
fusohorariomundial.com.br
www.anp.se
www.09qk.com
www.centromassaggio-orientale.com
pornoclipz.nl
garethwalters.com
ipushiro.wop.ro
udjj.nfdy.net
telkes.hu
gannan.66law.cn
vqrt.nfdy.net
98fu.tk
0571400.com.cn
hwjz.nfdy.net
paquet.puk.ro
shua.in
yoxd.lizhidy.net
scoey.puk.ro
fostyle.net
goldentouchrecharge.com
rumli.puk.ro
studio878software.com
1024.inc.gs
sanne-appa.hyves.nl
toert.puk.ro
www.cheynehoran.com.au
xgnn.nfdy.net
yhbv.nfdy.net
stathit.com
www.con-joint.com
www.8886.info
axispay.co.in
mosses.puk.ro
chisey.jp
news.kunming.cn
dndci.com
s22i.210000.org
www.186hh.com
ztxu.nfdy.net
www.kxdl.net
atusadora.puk.ro
jqju.nfdy.net
cqhxdj.com.cn
afkrabt.puk.ro
fffid.com
aranawa.puk.ro
www.gegegan.com
www.yqys168.com
jiwi.nfdy.net
rekrytering.idg.se
unfei.puk.ro