biografias.es
piotrurbanik.pl
human-t.info
kyhappyask.info
bjhr.gov.cn
along.puk.ro
article-database.com
telegraphy.wop.ro
xm.to8to.com
puer.yunnan.cn
plymouth.ac.uk
wiki-spain.com
hongjiu50.5lg.cn
picandocodigo.net
boconcept.dk
revesa.wop.ro
affsc.ca
edition.fm
hvzsxmxajg.blogger.hu
jxweb.org
juancong.com
weblinksite.com
cbi.iq
wordrider.net
cruzdesigner.com
fluidsurveys.si
estetica-zabrze.pl
autosiskolam.com
alor.puk.ro
www.j5118.com
wap221.net
www.51jjiao.com
hardrock.com
devblogi.pl
log.md
omodeostudenti.org
xing8yy.com
itfc.co.uk
myintervals.com
shop.unas.hu
greenhar.puk.ro
tintuchangngay.info
alrazi.cn
byethost2.com
jeuxonlinegratuits.net
glass-china.net
www.xiaoshengqi.com.cn
kaytag.puk.ro
angol-magyar.hu
hotel1898.com
hongxiuju.com
marqueemedia.com
dangbb.com
grahamjones.co.uk
altin.in
zeitgere.puk.ro
mestere.puk.ro
collectionagency.info
getours.com
bbbgreen.info
abstractsonline.com
ovh.org
onlinovky.cz
courtiership.wop.ro
fitch.wop.ro
purvoe.wop.ro
kominek.es
www.apro.lt
www.todaytrans888.com
impk.net
altima.com.ua
cyberformateur.com
matkap.ru
wdchelsinki2012.fi
www.ants.hk
www.tenw.nl
weblove.pl
impots-loi-scellier.com
zbjnn.com
coenocen.puk.ro
alwaysdata.net
opregadorfiel.com.br
www.hsbtxj.net
designerwhey.com
download-french-montana-ringtones.blogspot.ca
tenold-tomrarservice.no
www.fozuli.com
koszalin.pl
nivea.digart.pl
salderingen.puk.ro
soloheaven.info
jbftc.com
examendeadmision.info
freemovies007.blogspot.dk
alvipartner.com
www.aikmar.pl
blackapple.wrzuta.pl
artandtourism.it
www.xenke.com
parlam.kz
latest-mobile-phones-price-reviews.blogspot.in
superstockpicker.com
nmjn.net
amache.puk.ro
downloadandsaveyoutubevideos.info
sdjck.com
ceram-kote.org
yu-kun.info
lago.flog.pl
taizhou.anjuke.com
collegiu.puk.ro
golf.cctv.com
www.91idc.com.cn
transgre.puk.ro
amassment.puk.ro
portal-staszow.pl
medlink-uk.net
www.yijiauu.com
www.yahoomv.com
albahadly.com
voteable.info
527fanli.com
tisiki.net
ginav.co.mz
despectiva.wop.ro
www.bjyemen.com
haii.cn
amasai.puk.ro
xoso.wap.sh
risinggalaxy.wordpress.com
catur.web.id
globalreise-billig.info
kokusai21.jp
pitivi.org
mensherbalpro.info
www.90km.net
lvm.fi
its-sport.de
6548.nfdy.net
gejuffer.wop.ro
amandaisaninfodesigner.com
ccftn.com
msxy.qdu.edu.cn
feerie.com.ua
ham-radio.start.be
arvejote.puk.ro
www.jxgmw.com
hazemsakeek.info
nanazia.ir
joyn.265link.com
shigeku.org
4ma.cc
thetechrepo.com
www.4mzdh.com
free-italy.info
agonija.eu
amazon.gjpw.net
www.ikanoo.com
bmw.ee
landscaping.co
www.xxx400.com
zoomacom.org
seojunction.info
www.he138.com
mettya-siawase.blog.so-net.ne.jp
spotmag.pl
sockwizard.com
i-shevtsov.com
vtdf.210000.org
partyhosting.eu
w23sw.20ux.com
indicaties.info
extratobe.cz
amasu.puk.ro
conciencia-animal.cl
ristorantebenvenuti.it
ta4a.info
ligne.wop.ro
zenchoyling.com.pl
newecologyofthings.net
pad-store.com
stylo.wop.ro
fute.puk.ro
uqc.pl
jack-biel.dk
ambon.puk.ro
taxi-alisa.ru
hvilken.wop.ro
yl.1039.cn
linkaddresses.info
cheerleading-shoes.net
xxxtasis.net
pokerkings.pl
boyuansoft.com
rjxs.net
www.gpxz.net
sagezza.puk.ro
halteres.puk.ro
salamayor32.com
salpaste.puk.ro
sankeys.info
tanoatuk.wop.ro
schulddelging.puk.ro
ogbah.wop.ro
scottcrumpabfn.ning.com
amebas.puk.ro
rc.0376.cn
searchignite.com
sebmontaz.com
freesms4us.com
seguroautofacil.com.br
www.herodk.com
seo.025rc.net
seocompetitionreport.org
axoo.at
seqingdonghua.tk
serialnod32.info
www.jnshw.com
shypzh.117.cm
sintespar.com.br
sitelatitude.net
bagkameraet.dk
q9o8.qiwen5.com
vol24.fr
rudejm.com
themyga.com
www.cnsteelball.com
siteshits.com
skedge.me
skyseotools.com
bavant.puk.ro
southeastfarmpress.com
ambulanter.puk.ro
storebookmarks.info
6degrees.com.my
crmhost.co.za
surf.sk
suwon.ne.kr
www.zdxjg.com
freshsound.org
synzu.com
szopka215.flog.pl
tcnjsignal.net
rfpattorney.com
techtalkasia.com
telovtelo.ru
deverde.elandbnb.tw
szepulj.hu
gereedsc.wop.ro
dghtserver.de
amcvjwqpxd.exblog.jp
www.123xxx.us
diablillo.puk.ro
bvmw.de
marco-debenedictis.com
www.nv2it.net
sm100.info
cszt.ncgree.com
boardgameratings.com
edetik.com
nickelcreek.info
ambrina.com
brollopssidan.se
pv2.awalker.jp
dogcentral.info
overwatc.puk.ro
nationallottery.co.za
obi.at
www.56321.org
faculty.haas.berkeley.edu
healthist.info
nusports.com
gsb.or.th
amegi.puk.ro
tubexxx18.info
www.sgu.se
refurbisheddesktop.7gt.info
patrunning.info
sexwo.org
alabamaupclose.com
cynthia-recommends.info
xixichengyuan.com
cjol.com
fotografwpodrozy.pl
acebook.com
s8aa.com
hzbc.78.cn
amelia-talon.wanknews.com
www.ningmenggf.com
ankhs.wop.ro
bookcafe.net
tenminutesago.info
wensy.com
terni.it
test.zsy.cn
thanhly24.com
the5mountain.com
www.taobaoke.cn
thecheshire.co.uk
theezweb.com
tht.dui.lu
sitadex.oepm.es
tilde.wop.ro
www.ppzkb.com
tollerare.wop.ro
www.3p3p3p.com
tonran.taobao.com
topalternate.com
www.xxooyy7.com
toryburch.zusl.com
tqhlw.1168.tv
kill.online.cq.cn
tribe.net
thorny.wop.ro
tribe.wop.ro
ukkq.265link.com
anguis.puk.ro
umn.edu
wallconvert.com
uncfsu.edu
undefeat.wop.ro
www.o-hr.cn
nano-bookmarking.info
htzh.net
unet.info
unsanften.wop.ro
herocraft.dyndns.org
user.qzone.qq.com
vinos.com
470813500.cn.gongchang.com
vw7c.nfdy.net
wap.2007cp.com
tumen.mk.ru
wappstock.com
weddinglds.info
hyperxmedia.com
wholesaler-design.com
www.05330.net
majidali.com
www.awd.de
www.bedrijfsuitjesin.nl
aptech.vn
www.buy88888.org
www.cnbeta.com
anhelo.puk.ro
nuernbergmesse.com
www.cyberdyn.cn
www.diamag.ro
danmccomb.com
www.diboguoji.com
www.ditsmedia.nl
filtredepot.com
www.diybl.com
www.bookmk.com
www.eqvn.net
www.franksnijmegen.nl
www.hnpecc.org
xz8.me
www.hyves.nl
maguti.wop.ro
ubhonline.com
musibak.puk.ro
www.ifps.org
www.jijiav.com
sxdinglu.com
www.rijnkade.nl
fcsalzburgwiki.at
anhui.xinl.net
www.51hhsh.com
ouaga-ca-bouge.net
2065.com.cn
winalitela.com
soulshift.info
fh-zwickau.de
www.aigle.fr
sibou.puk.ro
anicee.puk.ro
www.me361.com
accidentalweblog.org
huaxw.net
leadformance.com
momboyxxxvideo.com
uttarakhand-tours.org
menslife.info
www.njmeiyaju.com
geheisse.puk.ro
www.senchuana.info
www.shopkvn.com
www.zhenai.org
okna173.ru
yocast.tv
www.ibc168.com
yt1b.56dvd.net
it.cqe.cn
zhdy.ru
ookami-seaempress.deviantart.com
anijan.net
autosifu.com
intellect-law.ru
nogre.blip.pl
pronosticodeltiempo.info
www.56766.net
33mcc.info
www.yzjsks.cn
bushrope.puk.ro
www.biaorang.com
epica.nl
mogwai.digart.pl
9988.in
cyberbiznes.pl
adultcity.to
www.xxx377.com
7tij.265link.com
hgspanish.com
sagtens.puk.ro
belabo.wop.ro
www.sss6666.com
www.dlh9.com
qaid.wop.ro
fiktivt.puk.ro
hostingexchangez.info
cigarinspector.com
artbyteresa.deviantart.com
dianxin.so
www.fefesfcsdvfb.com
888sunjinping.com.com
dieseljones.co.uk
unnes.info
ezoter.pl
ledswelt.de
www.avavxo.com
www.aceshop.jp
teiketusau.info
telavivguide.net
roowei.com
napped.wop.ro
secretcity.de
www.ebonylive.nl
www.pipiseo.com
ansari.puk.ro
money.swol.com.cn
sisterschoice.typepad.com
themlmwarehouse.info
www.kiwiyou.co.nz
apbwiki.pl
www.winskin.cn
www.cbwcj.com
auto-stuff.cc
www.cimbu.cz
1c-pro.ru
www.fanliyou.com
yeswecanconvisualhome.com
www.am166.com
myhomehealthandgarden.info
coollifeshop.com
www.360amy.com
gnokii.org
atehenmei.com
sectorlink.com
www.hsrs.gov.cn
shimotui.puk.ro
www.blhsm.com
katy-perry.net
so-netmedia.jp
msh-iau.ac.ir
www.bjb021.com
www.huangfengkj.com
apfeltech.net
aelita.fr
uncabled.wop.ro
vrachirf.ru
quantovalemeusite.com
juliawroblewska.pl
pinouts.wop.ro
hrylz.com
travelaid.se
www.newtaro.com
shoushen.bmizg.com
okna-lider.com
majortests.com
adoresearch.com
www.dvode.com
xxxmisjaxxx.pinger.pl
cq.120job.cn
activeadmin.info
lifetree.com
horsesmania.it
einfoerm.puk.ro
rpswtor.com
fimoon.fr
top50-motorrad.de
algren.puk.ro
dreamysamplz.deviantart.com
combusto.wop.ro
rci.rutgers.edu
rdsw.3456.tv
shop.163.com
bewoning.wop.ro
jegyelovetel.hu
kciq.210000.org
fug.com.br
behamgroup.net
areir.xfree.hu
bie.to
deklamat.puk.ro
articlesbook.info
mediagaon.or.kr
westernwarriorsjudo.com
www.rizi.in
www.898168.net
belichten.wop.ro
ventrilo.puk.ro
tn.nova.cz
heiligin.puk.ro
charpentemenuiserie22.fr
cae.com.bd
delft.hyves.nl
jp-soft.com
www.96296.net
mysitefeed.com
www.rufcasa.com
www.nxjob.cn
sjcdrums.com
davel.blip.pl
www.sgssws.com
artisteerhelp.fr
hi.com
joculete28.tk
360byd.com
daigobyo.wop.ro
lordporn.net
qyzk.265link.com
netsprint.pl
witnessthis.co.za
aspirefinserv.com
assinesky.tv
cc799.net
tongdaifpt.vn
digital-camera.gr
radnuk.info
8.atvtm.info
092.jpn.com
create-safer-future.com
disser.com.ua
pesqueiromaeda.com.br
quartzif.puk.ro
stayfriends.de
www.power-cn.cn
www.shanghaiyuhong.cn
stclaircounty.org
slimmingresources.com
www.163xxf.com
yake.net.cn
mensajitos.info
zh-sc.com
epeat.net
biliar.puk.ro
lywxzs.net
altruppersdorf.at
ilovemotor.jp
ds.joymain.com
sanyparts.com
wwmen.com
xixihuafu.com
5giay.vn
oopop.info
marika.flog.pl
www.255ddaa.com
slangegif.wop.ro
nihal.flog.pl
nicaishouji.net
joseph0718.a-lsawards.com
6mxo.com
mgkz.210000.org
3daidsquilt.com
quora.co
admarketplace.net
free-sweet-gays.com
shipandoffshore.net
costao.com.br
www.yyxfz.com
pornoxy.com
datsurou.puk.ro
www.niania.maluchy.pl
thedailyshow.tumblr.com
nspjzary.com
3335.jp
sexrank.pl
mi-alojamiento-web-profesional.info
azbet.com
teamtomkat.com
tvsite.co.za
blondina13.hyves.nl
blog.vipiu.net
impatientoptimists.org
rpg.3199.cn
bcfm.ca
gamingzion.com
angelene13.soup.io
aplogin.com
ishouldbefoldinglaundry.com
borch-e.com
rusmarket.com
mountainbigroad.jp
davpack.co.uk
www.kuaibao.com
attesa.wop.ro
protesto.com.br
dyj.cc
s58.ucoz.net
oviducal.puk.ro
globalbookmarkblog.info
local-mover.info
buy.shanhuojiaoyi.com
lonerboristeria.com
norskrallyfoto.com
skytube.jp
powercopyclub.com
mobilelinkbuilding.info
ycjps.com
gse.it
socialbookmarkingtime.info
original-gamer.com
www.vff.dk
be-yu.com
v-angle.com
solatelie.com
buyfansplus1.com