www.xbwl.org
chery.digart.pl
gisline.no
tigna.puk.ro
bigplantnursery.co.uk
efsl.nfdy.net
wvfr.210000.org
made63.hyves.nl
sesexxx.info
fashionweek.pl
webstatschecker.com
chato3-cham.blog.so-net.ne.jp
l2y.info
siedp.org
fuerzasmilitares.org
arlw.com
intropagina.nl
webtoolz.me
czzygy.com
www.345qq.info
dxses.cn
fmeuro.com.ar
neptina.net
tareasfacil.info
lde0.k3y3.net
www.nt2.lt
besteedt.puk.ro
bestiegenes.puk.ro
bestsitevalue.com
balsar.puk.ro
bestsmallbusinesses.net
bestuivingen.puk.ro
bestwebspaces.com
beta.track.sitetag.us
njyd.520edu.com
betalda.puk.ro
betallow.puk.ro
betamerica.com
beteem.puk.ro
dabokush.wop.ro
betriebslehre.puk.ro
betryggende.puk.ro
bettina0111.fecsegj.hu
cassinia.puk.ro
betuigt.puk.ro
betz.puk.ro
beurzens.puk.ro
strebmaschine.puk.ro
bevelled.puk.ro
bevin.puk.ro
bevloei.puk.ro
bevroedden.puk.ro
mosy.nfdy.net
bewijsvo.puk.ro
bexley.puk.ro
beykoz.evden-eve.gen.tr
bezar.puk.ro
gailborden.info
bezemboe.puk.ro
bezoom.puk.ro
bing.co.kr
kaart-hesens.istats.nl
blouin.puk.ro
bowvutflftwk.blogtrue.com
aboutg.net
jun3519.blog.so-net.ne.jp
arbeitsraum.puk.ro
dayuntongzhou.net
ibaraki.deli.manzoku.or.jp
ibcot.org
iblog365.com
icamtech.com
www.h33666.com
icecast.org
yvxa.nfdy.net
instylemode.com
icolor.vn
www.booa.nl
icxs.qiwen5.com
icyseas.org
idc.dzf99.cn
tpca.or.tz
idc.he.cn
idc.mmpc.cn
idc567.com
9422.210000.org
idcgzqyogj.blog.kazeo.com
idd.net.cn
ideseg.com
iepart.com
aspjzy.com
ierf.org
ifera2008.org
igctech.webs.com
cafe2paris.com
reinerlang.info
reise.ebay.de
relativiteit.puk.ro
remis19.pinger.pl
138fp.com
rentakun.net
reprezentacija.ba
rewall.co.jp
www.tdsho.5d6d.net
rexun.cn
rita.wop.ro
riverbendcamping.com
www.302s.com
rmvboard.pl
www.tqme.net
elkosmos.gr
rock.free.fr
rocknbluesnbike.free.fr
rocktown.pl
rogershelp.com
teknolojig.net
roll.gd.ent.sina.com.cn
romanorum.net
rougharticles.info
traversait.wop.ro
rslin.com
rtekindia.com
runningmeuer.de
rusal.ru
www.czjyhb.com
s3.amazonaws.com
sabordobrasileventos.com.br
sackett.wop.ro
saggiaro.puk.ro
butikuroda.pl
saica.co.za
sallah.wop.ro
sallyshey.pinger.pl
samaritano.org.br
salondugolf.fr
samizdata.net
samsvojmajstor.com
buyhomeintime.info
san.sqage.com
sandiegohaunted.com
saniexpert.nl
blazomania.com
pawf.info
santeh-mir.com.ua
sanyparts.com
sartorit.wop.ro
www.04133.com
sasuke.wop.ro
savecrsfuture.org
sawitonline.com
scheepten.puk.ro
illatvilag.hupont.hu
script-portal.ru
scrumy.com
sdia.210000.org
tothego.com
sdong.net
se208.wooee.net
seattleartcars.org
clinicneo.co.th
sebnglzrxhrvi.blogtrue.com
seccanti.puk.ro
segurosred.es
sekolahkami.com
griffindailynews.com
selected-winner.com.tw
sem.gz.cn
seminavamo.wwwwww.wop.ro
theparentingpod.com
semtracker.de
seo.cylipin.com
seopopular.com
sereine.wop.ro
biodeals.de
seriale.beta.v3.tvp.pl
sevensh.com
eldom2.ru
sevilla.org
bekannterer.wop.ro
sezhandaohang.8bit.at
sgyy.cn
sh.jobok.com.cn
camfrogmotel.com
shandongbaidu.cn
shawen.wop.ro
sy1678.cn.gongchang.com
www.eremtarolok.hu
sye-hk.com
szaci.atw.hu
szyingwei8.cn.alibaba.com
routeplanner-akkrum.istats.nl
junglekey.com
menopauza.pl
tabasco-slots18.lefora.com
glade.gnome.org
lvdapeng.120.net
dcjc.nfdy.net
bamarang.pl
1koi.com
tabutv.hu
talee.mihanblog.com
citadimmo.fr
tamakuja.de
tamilenn.net
tampaxcoupons.co
tanzen-die-party.de
lidl.hr
taodoudou.net
taylormademusic.org
tdvz.210000.org
techsmash.in
5b6.info
teionsou.puk.ro
telovashe.kz
tengrinews.kz
nownews.com.tw
terdodgters.bloguez.com
tg.0668.sh
tgory.pl
thaiseovdo.info
www.jnyifeng.com.cn
thaisex.ca
the-cheap.net
theater.ir
ipsr.net
thebajaponyexpress.com
thebulls.co.za
theflyfishingforum.com
todseelie.com
ahhv.nfdy.net
tygertalk.com
joe-klecko-jersey.xtgx.com
tyvj.cn
tywm.info
liktao.jimdo.com
udirectsale.com
ukfindit.com
www.22wenxinge.info
ukphotos.exblog.jp
umechando.com
naturallyknockedup.com
www.gaotian168.com
www.gaypersonals.com.au
www.gdbchr.com
www.gdfcs.com
kaminaga.puk.ro
www.gegegan.com
www.iuusee.net
gizmos.es
novareg.com
www.wgbwdi.com
baixing.com
tetoraka.wop.ro
cwjy.9998.tv
www.ggvip.com.cn
www.gh999.com
www.ghzmd.com
oldmoon.it
unitedsportsleague.com
55115.com
www.copla.nl
hot-deals.org
artmdesign.ru
www.gman.in
www.edlund.dk
www.goauto.com.au
www.goldcoastmail.com.au
www.google.ro
www.gouwu592.com
www.gs.gov.cn
www.cstudyabroad.com
poursuivrons.puk.ro
psykaoyan.com
www.longchampbilligtaschen.com
www.dy980.com
www.gsweb.com.cn
www.guaoxiao.com
bd.taofang.la
167000.ru
massalamanca.es
grimmster.com
bancal.wop.ro
www.gx133.com
www.gycwjx.com
wavehunter.jp
www.gzdtrm.net
www.rcif.org.cn
d-navi.net
meritacitit.ro
zsmm.org
earning-cash-with-ppc.info
akaikee.de
www.gzfjx.com
www.gzfotile.com
www.gzhbcy.com
nugirls.info
www.gzhisensewx.com
www.annointed.net
www.gzjinlingwx.com
www.gzjzxjx.com
www.gzrsdxjd.com
www.gzsiemenswx.com
zlsi.nfdy.net
guihuaxiang.com
www.gztianjian.com
www.hack188.com
kadazant.puk.ro
www.hahase2.us
www.haixia.edu.cn
www.haiyangchen.com
www.hbspz.com
mobiko.spb.ru
www.hbxwm.com
www.hcsindex.org
www.hengancq.com
www.heraldsun.com.au
coffee-blends-now.com
www.herodk.com
www.hhdx120.com
www.hhh97.com
www.hir.com.au
prunello.puk.ro
www.hl.lss.gov.cn
www.hljbzw.com
www.hly800.com
bag-of-pixels.com
www.hmz.cn
www.hmzsc.cn
www.hmzsc.net
savvymom.ca
www.hnmazaigu.com
www.hnxyyw.com
www.hnyzy.com
www.hongshangvip.com
tze33s66va-9bb2.tumblr.com
www.hongyingfang.com
www.houseoforange.com.au
www.howchaba.com
my-hit.ru
www.hoyts.com.au
www.hs948.com
www.htyh6yju7j.com
www.huachangjixie.com
enpalermo.com
www.huangguan44.com
www.huanla.cn
ws.gbv.de
www.hudilu.net
www.hufuma.com
www.hushihui.com
baytown.or.jp
www.huzf.org
www.hvhsa.com
sc.189.cn
www.hxdl.com
www.hzbzfw.com
www.i0v0i.com
korhaz.linkekneked.hu
www.idvd.cc
www.ikbs310.com
www.ilaoqian.com
verticalhands.com
logicuser.de
guxin.org
betsbahis.com
corvatsch.ch
mssb.lizhidy.net
wr9p.nfdy.net
itinitim.wop.ro
custom.wop.ro
easyseostats.com
aia.gr
pinoytumblr.com
trackgundy.com
www.daliuliang.info
www.english119.cn
www.jiyimm.com
cerne.puk.ro
klaudka1234.pinger.pl
sineido.com
han.zyue.com
wulfswebsite.de
www.ioem.cn
www.iotxx.com
www.9hunqing.com
www.ipc.me
www.ipsd.cn
www.isongyuan.net
www.it234.cc
52shunv.info
www.j365z.com
www.jaguar.ie
www.jcnews.com.cn
www.jcw029.com
apartliberal.com
www.jiajiaodz.com
www.jianzhanzhe.cn
www.jianzhanzhe.com.cn
www.zhongbiaotuan.com
www.jiasule.org
assignlinks.info
www.jieyan360.com
www.jijiav.com
cpaneldirect.net
ericson.puk.ro
amnesty-aalborg.dk
cimladonland.ru
wontedness.wop.ro
liquidhip.com
casevill.puk.ro
afghantube.com
alphatechny.com
wsqr.nfdy.net
kobski.com
www.nikerequin2013.com
slot.wop.ro
uudh.265link.com
www.jimidao.com
accentinvest.com
junbisit.puk.ro
buy.2345.com
legguk.com
worl.210000.org
lb.ua
megastock.ru
pornohd69.info
www.jinanzheng.com
evo-x.de
physique48.com
vpnhostingz.info
balked.puk.ro
gevent.org
www.010soft.net
shop69889296.taobao.com
www.jinniuseo.com
soccerplay.net
navavrajadhama.hu
goldbookmarklist.info
3gtmw.com
pingban50.5lg.cn
99bill3.com
wwme.org
9lick.net
cybertron.ca
jumpy.pl
1dentity.info
rahmen-manufaktur.de
aidinera.deviantart.com
otfermera.ru
m-oman.com
www.jk315.net
www.jk53.com
rackmast.wop.ro
allenwow.org
jymd.210000.org
www.cnfan.org
bunkre.wop.ro
www.jkmen.org
www.jl.jl.cn
pensacolahomeinspectors.com
thuoctridaurang.suckhoevietnam.info
c.lexun.com
amitoosservices.com
wwf.de
lechu.flog.pl
cyanopho.puk.ro
www.jnssgs.com
www.ajandekferfiaknak.hu
www.jqjkzx.com
www.jrsy900.com
www.jrsyzlw.cn
www.js46.co
cit.net
www.js46.com
www.jssenyayuan.com
www.judweb.com
www.jutaogu.com
www.yaoji969.com
www.jvcxp.cc
download-anime.web.id
envidador.puk.ro
wibbitz.com
www.jxdtgy.com
www.jxkfp.vacau.com
www.jyw888.com
se.765aaa.com
www.jzhcz.com
www.k-foil.com
www.kansandian.com
crnetshop.com.br
www.kefidbritador.com
www.kefidconecrusher.com
www.kf1945.com
www.kfki.hu
smzt.baomihua.com
www.khly.net
www.kkavkk.com
www.kkdou.com
nextstationpl.flog.pl
berusky.eu
www.kmkfp.com
girlswithcoupons.com
fenny.puk.ro
xf1.derezw.osa.pl
www.kongfuba.info
www.kosmoschina.com
189.3gbc.cn
www.koulekou.com
www.ksxjd.to8to.com
www.kuryrsluzby.cz
www.kvov.com
articlehere.com
www.kx69.net
articlesmaze.com
www.kxsy.com
www.kzrsrc.gov.cn
www.langren.info
www.ldfs.cn
upscportal.com
www.leidesaw.com
www.leijifa.com
www.leiju365.com
www.lekuyl.com
jsdoc.cn
www.leyuan100.com
www.lhxfu.com
www.li-ke.com
stbotanica.co.uk
www.lianfun.cn
www.lianshikeji.com
www.e-fa.cn
keibun.wop.ro
backfiri.puk.ro
29-inch-bike.blog.hr
wxst.nfdy.net
www.fernandez.cz
statyour.com
ckdvd.com
25983.hos.999120.net
wapmingban.com
ccfa.info
www.ezpt.4f9.org
www.38caobi.com
indianspeaks.in
ido-netshopping.com
bazaconii.com
utf-8.scripts.mit.edu
5maya.com
namihui.com
10.gov.cn
desirules.info
o4w8.265link.com
arbeitsb.puk.ro
www.itdsy.cn
www.als.hr
peepsandcompany.com
schneider-electric.cn
gamagio.com
www.bullsofcrown.nl
abp518.taotao361.com
deltaforce.se
friendshipcircle.org
cnpottery.com
noblepen.com
euroclix.fr
7nhq.k3y3.net
mb8.in
wrocanka.pl
limar.flog.pl
abby1688.taobao.com
defjay.de
guzik.blip.pl
gwindorseobacklink.com
eva.vn
54997.diandian.com
6131.hk
88lan.com
1stbankcenter.com
www.52chaxun.com
alternip.wop.ro
cafe0707.ocnk.net
prestashop-german.de
filmauro.it
mangaid.com
bookmarkings.info
connexio.wop.ro
objektes.puk.ro
look-at-that.com
renchen8.com
card.tee5.com
exwh.265link.com
potencia.hu
www.old027.com
www.petersmith.net.nz
quanben.yuanwen.org
newschoollearning.com
film.gery.pl
07073.baidu.com
grachus.blip.pl
620.is
xmascardsphotosz.info
gnu-magazine.doorblog.jp
mhstatic.de
elkhartl.puk.ro
6tc.cc
freepsychic-readings.com
www.broekland.nl
unebeauty.com
moms-in-nylons.com
xllf.nfdy.net
www.karriere.at
wzds.nfdy.net
cdl.66law.cn
whitelisted.org
isetan.co.jp
bbs.fogoo.net
chilloutnow.net
autoitbot.de
dastandard.at
kml.blip.pl
vistawallpaper.org
www.silvanus.at
easyplacetoshop.com
brokenscript.com
33c.cc
astd.feixue.com
doomos.com.pe
aziro.ru
rechtsga.puk.ro
metjar.com
artsorti.ru
axemix.com.br
xkissgratuit.info
polyvore.com
www.obs.org
bb.yahoo.co.jp
www.gazebo.cz
viewpoint.com
infraero.gov.br
isurvived.org
5151-job.com
nesiot.wop.ro
lumieregroup.net
shabugames.com
sportsfanboard.com
100822.com
bond520.com
hegangshi.m69.info
gay.fr
ti.eol.cn
xingtai.91588.org
hcw520.com
cheaponlinecigarettes.info
clipxxx69.info
www.lqbxdl.com
gedgetsworld.in
jadsonet.com
casameza.cl
w168.info
sms-zdarma.as
hari.flog.pl
apodia-diary.a-thera.jp
xn--8drr43djxo.net
ct8.pl
yoroi.digart.pl
www.keepzi.info
www.2311.com.cn
chukzindabad.info
philips.gr
mustafaozsimseklerhoca.com
51piaobo.com
carsparkplugs.com
www.tieto.nl
abooklink.com
administrations.puk.ro
www.91mrks.com
yakaz.fr
mandok.puk.ro
maiben.net
visionhousing.co
checkwebsiteworth.com
cotojest.info
club.do
acquariofiliaitalia.it
mcyt.nfdy.net
cfo-news.com
funl.210000.org
np.kz
ukphonebook.com
ydii.nfdy.net
ladeguagua.info
learning-webs.org
acidtests.org
dieselschrauber.de
njindiaonline.com
plemiona.pl
parttime.com.tw
asdaysgoby.com
torrent-finder.info
abm-sac.com
anuvo.pl
www.dvdoke.nl
clickztrax.com
moinmo.in
yayin.tv.tr
gluecksspiele.net
www.freebackgroundweb.com
menhealthadvisor.com
rewardscentre.net
www.74mm.com
kanazawa.keizai.biz
www.whdianqi.net
gkotsikas.gr
el-oso.net
abgespeckt.puk.ro
776dy.com
hope.edu
gzeco.net
aqlog.cn
cholophein.wop.ro
nousanbu.wop.ro
youh.wop.ro
taruga.puk.ro
190120.com
coscienz.wop.ro
jetnetworking.com.tr
appraisalwebdomain.com
jzbaba.com
yourselv.puk.ro
lappgroup.com
elta.gr
keihards.wop.ro
www.0476.org
skenny.info
bloemenv.wop.ro
opendi.lu
domainsigma.com
schnueffel-slips.de
chuangjiamohoshangzhu.soufun.com
bbs.dafeng.cn
ftp.jmu.edu.cn
javadby.com
supermarkethq.com
healthwomen.com.tw
wy.155.cn
admin918.com
www.zjgyide.com
b3ay.210000.org
www.sxszw.com
lytot.com
mybirdfeeder.net
www.511aa.com
ymt.co.jp
www.xxx887.com
mandelkerlaw.com
augsburg.de
566nx.com
koreangirl.tov.vn
av.360jjj.com
foxitsoftware.com
kleefgarens.puk.ro
freibad-st-florian.at
groffo.com
eternallinks.info
bielecki.info.pl
iybv.k3y3.net
gmold.info
newbnb89.com
mpoptavka.cz
www.nic.tm
nyste.wop.ro
tianzheng98.com
agsun.wop.ro
drakensang-online.pl
epcyclopedia.com
www.33aaaa.info
videoglazok.ru
jackiechan.fad3.net
technologysocialnetworking.com
nursingdegreesonlinez.info
stream.wop.ro
bingmapsportal.com
newfiles3.pinger.pl
mosike.net
hebinzhicheng.com
ilei.pl
mfht.1168.tv
phones-g.info
iis-answers.com
pk258.info
5252kan.name
jrpg.jp
emtekaer.dk
tmdl.edu.vn
vanstockum.nl
vigorandalucia.webs.com
hostpc.com
hubei.ha168.net
zfss.inforekspert.pl
www.gycom.se
625vgs.org.uk
punt.blog.so-net.ne.jp
jp345.com
glasskimboards.com
scorpene.wop.ro
akku.net
reconsolidation.net
mtweb.pl
tubexxx18.info
www.ylsn.net
188.wwpp.biz
bestworldseobookmark.info
tuoitreninhgiang.net
bdsmiennam.info
crazyasianlove.net
flu-pandemics.com
stationsofthecross.us
1o2.ir
carriehensley.com
www.22renren.com
www.lwfangzheng.com
icar.by
iblazetv.com
5c5c5c-722a.tumblr.com
sunnywind.fyfz.cn
fortlauderdalegaymenschorus.org
pcitoexpresscard.7ic.info
gazetadobalao.net
3rin.net
realexpayments.fr
minok.hu
thaness.wop.ro
viv.ebay.com
pluimveespeciaalzaak.nl
mydia.de
portsmouthmustangs.webs.com
kelliepickler.com
www.ttt999.net
africatube.net
www.910909.com
chesscomapps.com
www.nccsum.org
www.32bh.com
merckmanual.jp
mtservice.ru
footwear.se
isiichih.wop.ro
oodweynenews.com
moimoi.jp
inyourheadonline.com
gupiaodadan.com
advrt.in
guoaoxinli.com
stfuconservatives.net
edsonzuandotudo.info
prxe.info
light-building.eu
atoato.pl
hormoz.wop.ro
boats-florida.com
caleffionline.it
aopn.zxq.net
www.webx.dk
cyicukolm.typepad.com
byt1818.cn.gongchang.com
bogan.ca
yamada-kensetsu.co.jp
11070249.5sing.com