www.inspiresgroup.com
trackvia.com
studi38.de
lutheransonline.com
smerra.fr
somany.pinger.pl
versicherungvergleich.info
dbvh.hyves.nl
www.sunhom.com.cn
tuan.babaw.com
ilva.dk
tectal.wop.ro
yearner.puk.ro
ips-webtracking.zimpost.co.zw
dapurpunyaku.blogspot.com
teamfastforward.org.uk
newsagency24.com
ccs.com
www.caryinxiang.com
99seed.net
abgesonderterer.puk.ro
sdfkh.co.cc
xxxvideo.hu
www.jilu.se
kotuen.wop.ro
abbye.wop.ro
www.zjnhs.com
nettpluss.no
www.hl.lss.gov.cn
shandong.tuliu.com
straighttodessert.co.uk
filimadami.com
accessbankplc.com
druppels.be
www.njshouchang.com
evil-comic.com
jak-poderwac-dziewczyne.pl
hooivork.wop.ro
wps.cn
lsou.265link.com
jieshiqing.1168.tv
www.51gsfanli.com
blob.wop.ro
pursat.biz
afregend.puk.ro
rysiakoootek.pinger.pl
www.bml.haifanliwang.com
verslomainai.lt
sexgazetka.pl
rummikub.pl
listmarker.info
auswaertiges-amt.de
allslotscasino.com
synerweb.fr
www.776677.com
linecinema.org
daitojyutaku.co.jp
next-search.com
coffeeteablog.com
noahsark.com.hk
versosdeamor.info
realsale.com.br
pickybars.com
www.hljsl.gov.cn
www.kafei360zx.com
newssaudi-today.blogspot.com
www.muabandat.org
www.christian4s.com
myphoto.to
socialcooking.fr
theflyingfugu.com
phpxl.de
joyn.265link.com
qiys.265link.com
extraessential.wop.ro
fck.dk
linkraktar.info
hosu-gogo.jp
howtotakegoodpicturesx.com
boltastik.ru
macua.wop.ro
sinhvien18.wap.sh
oyunumcs.smf4u.com
sickernder.puk.ro
lavoixdessports.com
risposte.puk.ro
771bb.com
jizbiceunachoda.cz
www.dasejie.com
comenzi.ro
h200.net
ebbo.nfdy.net
rbcinsurance.com
proms.pl
xhbbs.njit.edu.cn
bbog.nfdy.net
lovler.net
www.zoeweb.hu
eleno.info
weilichang.com
panserbi.puk.ro
www.oqipai.com
goodful.com
cheapcarquotesinsurance.info
www.rd-spraying.co.uk
minaevlive.ru
baiduddt.info
www.kaml.cz
mai-happy.com
marcosalzotto.com
www.kuke.com
xatut.com
mastermind.co
aaronrodgersjersey.zrgh.com
screenmaxx.com
kjmagnetics.com
lambo.com.ua
bauportal-deutschland.de
imtech.de
alfredho.org
aino.gr
nextore.pl
www.directis.nl
tubxiu.com
yokanavi.com
ahaq.wenming.cn
689.hk4466.in
831jy.com
veracomp.pl
ondaradio.info
www.benbaowo.net
448448.com
tuhan-shop.net
worldsharkfishingrecords.info
nudisteens.com
oversend.wop.ro
www.mzwzz.com
sodano.wop.ro
www.dgwzjs.net
olx.com.gt
mysocialbookmark.info
crohn.home.pl
www-there-about.r.gd
koren-zensen.cz
9996888.com
universa.org.br
0554lan.com
nimter.ru
bestbuys.ca
foedseln.wop.ro
www.806yx.com
brookesds.webs.com
woltorfer-landkrug.de
xvastunov.net
thenewsbox.info
www98bobo.xxmdx.com
www.globehr.com
118ba118.com
910x.com
emlaktown.com
www.sexchatnl.nl
sina-niko-heiraten.de.ki
2nddegreeprogramsz.info
www.pjotrs.nl
www.ilse.be
www.ppddttong.com
achilles.puk.ro
propintelectual.com.br
nicofarre.jp
articleforsubmission.com
schlemmereisoho2.at
www.ls666.com
liuzhangyi.tao.cm
creativejobscentral.ca
www.114wed.net
dealer.webcars.com.cn
tartaki.com.pl
indiablue.ca
im.tv
www.ylusb.com
s-lines.net
hngruppen.dk
www.mcs8.com
bibiwang.net
skli.wop.ro
q2bx.qiwen5.com
jarlen.wop.ro
www.zsyzsy.com
www.info0.info
timberlandboot-sale.net
sanguo.fad3.net
www.szjcwx.com
trouwgel.wop.ro
arteventy.pl
partystuffonline.co.uk
springerimages.com
www.759jz.com
mister-wrong.info
prxk.info
www.onlinew.gov.cn
www.wupei.cn
sirmk.digart.pl
kosova-mp3s.de
cg59.fr
sexys.us
www.800820.org
1hour-autoloans.com
oseng.info
wessexparkhomes.co.uk
actualitesduweb.com
promdressonsale.co.uk
probikeshop.es
www.451452.com
az.free.fr
www.haopps.info
xn--kfsv93fnsl2gj.com
www.99taijiao.com
ryrnovbrlc.freeblog.hu
tabele-kalorii.pl
militaerpartei.wop.ro
megarelax.ru
doxea.pl
cape-town.info
www.louisa168.com
arvallato.blog.pl
porno-monster.ru
51tuofu.com
www.9girl.com.tw
provident.pl
7city.jp
www.allnet.cn
www.feikong.net
cnc-jc.com
tormo.com.ve
punhan.name
pinoyps.com
twinsanity.info
guernseyphotography.com
game-chart.com
www.shiyuanlg.com
momschoose.ru
matrixmedia.pl
www.seostatus.ru
kwx.gd
dandys.blip.pl
jornal10.com.br
www.chuangyouj.com
haii.cn
iowners.net
legibili.puk.ro
www.derlin.net
phovx.com
unwarp.wop.ro
tv.cn
www.xixise5.com
lurpak-promo.ru
www.cnteresa.com
baresite.com
www.gouwu592.com
www.stockq.org
standardbredcanada.ca
ccpgames.com
5276.210000.org
zbigniewholdys.blip.pl
wallstreetpit.com
abitare.it
www.yufenglxj.com
www.partnerporno.nl
pctcnfryvq.blogger.hu
luohe.tielu.org
womeninnovatemobile.com
www.itdsy.cn
lneclassof1965.net
fixed.software.informer.com
beecloud.info
www.meiguoyimin.cn
dynn.org
opleep.com
podcastdepo.ru
www.ops.dti.ne.jp
frivilligvantjanst.se
www.tourismus-statt.de.tl
xx45.info
directorycore.com
gimenes.com.br
www.tp-linkhome.com
c211.210000.org
qlnodobj.blog.hu
linksrank.com
schoolguide.co.za
updaitat.com
jeans.pl
chensd.com
wqyl.cn
aqqx.nfdy.net
nejs.org
www.yile.tv
www.taobian.net
zhumadianxilaideng.fdchs.cn
125134538.taobao.com
maduragee.com
ips.net.cn
shark007.net
fotomarathon.dk
kuwa.xps.jp
www.youxxoo.com
dnbnor.no
freecashincome.info
donnygamble.com
www.larp.nl
www.xingjiuba.net
rally-america.com
juancong.com
oogartsen.nl
linuxgid.ru
www.yhsk.cn
xaradu.de
66289.info
devhell.ro
dealsandyou.in
sucessonainternet.net
www.ynrich.net
elektronik-kompendium.de
www.2012se.in
2s.ffw.com.cn
www.041106.com
mycelebrityfashion.co.uk
www.gmsese.com
driversdot.ru
ezzat.info
voteable.info
jisko.ru
www.bancatransilvania.ro
www.xalimite.com
reit.com
so.1dache.com
www.algahirek.hu
www.dlutcool.net
o2yy.qiwen5.com
rivira.lk
xxxmekatube.com
betz.puk.ro
5669.info
visby.pl
jixieb2b.net
edus.si
fimoon.fr
x7777777.info
veenamalik.com.pk
tepehome.com.tr
studio4web.com
untechoparamipais.org
webnewsm.blogspot.com
www.verbon.nl
fz-juelich.de
tarskeresoblog.hu
0149.cn
mightytoys.net
www.go-0579.com
teayuan.com
www.nunes.nl
uplbox.info
max2promos.com
workfromhomefreebies.com
www.freebackgroundweb.com
globehr.com
www.xhby.net
mail.boe.com.cn
www.femme.re
subere.wop.ro
epoke.puk.ro
e-gracz.pl
renewlife.com
www.zbdxbyy.com
yz21.net
360durango.com
erolux.info
marek.blip.pl
meihao.biz
openwork.info
abcportage.fr
everythingattachments.com
zumdorfwirt.de
loveme.hu
belgazprombank.by
cakepoker.eu
unpronou.puk.ro
www.yuebingjie.org
meke.cn
ikkq.210000.org
equestrian.org.au
tatemura.puk.ro
dijazzradio.com
a.138ap.com
kaczmars.puk.ro
www.xinba.org
www.gzyes.com
www.shuyrcw.com
arlandaexpress.se
www.mn444.com
uvs-international.org
zuicixi.com
tauti.wop.ro
ai18.eekk.org
ltdalarna.se
3zba.com
crengland.net
klienci.pl
www.41153.com
xn--5nqs33e1hzuoa.tel
www.yz-air.com
www.networks.pl
zhouliang.info
gjjy.hbee.edu.cn
domainbewertung24.net
www.hongdengqu.org
sitemaste.ru
revistasgratis.info
mia.htw.pl
senket.wop.ro
androidplanet.it
sibiu.wop.ro
jzidanyinx.1168.tv
miinto.no
pandemic.puk.ro
nnxmdmyx.skynetblogs.be
new-orleans-music-club-restaurant-link.weblink.hu
www.wjmu.net
freedomreport.org
nabachan.bloguez.com
www.000d.com
alafaf.net
upnorte.edu.pe
ungirt.wop.ro
carta.info
lonesentry.com
www.vap9.com
vista-xp.fr
mtxserv.fr
www.nuexu.com
lewpgfjwc.freeblog.hu
ljgm.265link.com
loswerden.puk.ro
yuaeuu.co.cc
srilankanrecipes.info
bits-apogee.org
208buy.com
yein.in
www.a.de
houssein.wop.ro
ewww.flog.pl
kb.go2u.cn
www.tooe.org
lamichaure.com
mospat.ru
www.monsterheadphoneforsales.com
tr5r.265link.com
carldesrochers.com
treppen-discount.eu
www.kp8866.com
my-flying.com
www.agoo8.com
hariki.wop.ro
www.eee54.com
quanben.yuanwen.org
ztwoman.org
439966.com
www.fp6888.com
quachdaica.info
sweetorange.pl
abramsology.com
www.sz-isp.com
www.hxdecnc.com
edrukarnia24.pl
clevermatic.de
aquinasandmore.com
office.soufun.com
hedorahdirectory.info
cizgidiziizle.com
www.wuliangge.net
tax.lt
jbzx.210000.org
se.987ggg.com
libres-penseurs.com
mmaniak.pl
www.helpvote.net
ooat.puk.ro
nvren.vancl.com
aqus.kr
griffeyjroutlet.com
www.xxx332.com
www.njliancheng.com
www.lomei.cn
fsi.co.jp
cn.hapigo.cn
www.sss986.com
sachen.wop.ro
www.jrgo.net
dynamicdiscord.com
epigraf.su
blueprintds.com
crenel.wop.ro
www.swaiai.com
psychonomy.info
wheam.wop.ro
futurefanatics.com
technogies.com
www.sxbjmy.cn
www.meigongdao.net
www.bhsv.nl
carcinos.puk.ro
winstanleysbikes.co.uk
lte-anbieter.info
kredit-broker.net
northbynorthwestern.com
www.zgso.so
www.fofowang.com
monsterdrdreheadphones.org
winp.cn
surroundreceiverrevi.9see.info
www.nyhlqz.com
gozoof.org
www.nuup.4f9.org
homemoney.ua
pulverizate.threemil.sintarou.terminplans.euwww.wop.ro
www.gssex121.com
dr138.com
www.acca.so
www.9aola.com
www.scjsb.com
epo.gr
essayedge.com
rasad-eshteghal.ir
jmxt.nfdy.net
bbs.com.ua
tl.h2h.cn
vcard8.com
sixsixone.hu
www.wangyouzhitianxiawushuang.com
tom1.ru
ipoly.lap.hu
gaoav-820b.tumblr.com
cap-sciences.net
www.999dyy.com
topological.puk.ro
kafkas.wop.ro
hotindiansex.net
blogceritadewasa.info
wojv.com.cn
intergate-immigration.com
www.1qzx.com
altervista.org
2w.hk
www.0373rcw.com
1hhhh-0go92.diandian.com
www.parot.fbl.pl
javparadise.com
skifer.wop.ro
quwyte.ftpserver.biz
scenari-platform.org
www.hotsales.net
tomasfosfat.wop.ro
machie.puk.ro
rancnc.org
modocreativo.com
breastcancerdeaths.org
sugita.puk.ro
lovesuite.wrzuta.pl
job-interview.ru
massager.ir
www.tr-harima.net
www.79msc.net