www.a1a888.com
www.yyse.tk
sacramentoconventioncenter.com
hiya.wop.ro
gussysews.com
aggreg8.org
3pah.ir
brandsonfacebook.de
www.ali.ug
alumnijunction.com
red.aiao.cn
www.fred.ro
wq66.net
hopkinsmedicine.org
puroartejoyas.com.ar
star7-vps.com
caribbeanislandsnews.com
angelodelausanne.net
rapidstoday.com
www.xess.4f9.org
webbler.de
prixrikiki.com
intergage.co.uk
www.nigma.ru
gb91.net
sunvirgin.com
northsafety.com
nihonsik.puk.ro
strykninen.wop.ro
tuvater.com
www.098.com
sacro.com.pl
csshover.pl
hyrax.org
www.sscq668.com
baguzajja.info
matprotector.com
speedysigns.com
www.ht-autoclub.com
blauer.wop.ro
juntsu.co.jp
texprint.org.uk
zywy.blip.pl
fgxiaolanpppp30m.1168.tv
www.3388tuan.com
helloladies.com
digitube.info
www.rentiseying.com
winepromise.net
yidaohuolyp15f.1168.tv
rasad-eshteghal.ir
www.axyjy.com
3401609.0370.cn
pixic.net
www.hnmrzxw.com
xn--topf-hpfer-feb.ch
fredonia.edu
ezdate.com
hdil.in
aproland.hu
atlantasfinestbigbodykennels.com
pastylka.pl
aftersalesmagazine.nl
tennis.tongji.net
gamato.info
crokos.co.cc
ijoe.hu
avviasse.puk.ro
oxidmodule.com
e-volks.com
www.haowang.cc
www.ltc58.uqc.cn
ly.amt520.com
901.d5999.us
www.98seav.com
iop.or.jp
nexis-forum.net
exionnaire.com
www.vi12.com
odware.ru
tu.xiuna.com
favouritelinks.eu
uema.br
www.ttt999.net
www.kanme.info
doxk.nfdy.net
shababharb.com
www.lache.nl
oriho.asia
mqmq.cn
forums.mapletip.com
rosb.cn
vxsu.210000.org
motare.wop.ro
turkey-trading.com
orcast.net
chengdu.usconsulate.gov
fangeye.com
atakirock.pl
abouammar.com
cc.vt.edu
gksuple.pl
www.tnxc.gov.cn
smm.co.jp
hureca.fr
saudi-un-ny.net
lamchina.org
marcatur.puk.ro
buzzraid.com
kemenperin.go.id
maskinkode.puk.ro
www.lengku360.com
fmforperfume.com
seo-kolkata.blogspot.in
www.mingshiqipai.name
leighnewton.net
hobley.wop.ro
cityalert.com
ugandawildlife.org
3cgz.qiwen5.com
idmoney.ru
vriespun.picene.zinba.senensei.wwwwww.wop.ro
www.mnmt.us
zx.dl.wanmei.com
nelmerito.com
383961.com
www.941521.com
guiafashionista.com
uns.ac.id
kiss.com.tw
95zhizun.info
dlrc.cc
mydietarea.com
beta.indiepaper.com
licnioglasi.org
nn.xdf.cn
fichten.wop.ro
dogoo.us
noelgallagher.es
2chmm.net
pymesfuturo.com
www.tgc.edu.cn
alphimedia.com
update1.hu
www.chinapay.org.cn
www.tnniketn2013.com
abgesond.wop.ro
graphics.beareyes.com.cn
fallows.wop.ro
nyste.wop.ro
www.gths.cn
financiallinkdirectory.com
onebookmarkstep.info
neo-guerillaz.de
chatastudenta.pl
journeymusic.com
3ffu.nfdy.net
www.sxbxw.com
orzx.co
weaveman.info
orlinpilot.com
sk8space.com
fizzbangseo.com
www.h3478.cn
www.btime.cn
zozolek13.wrzuta.pl
palouseliving.com
renrenbook.com
autofilter24.de
hubmilan.com
efficom.fr
qtigroup.com
ifindez.com
ekonom.wop.ro
hyty7190cc.7190.cc
obud.pl
tutorialsbookmarks.com
listica.com
whjz.78.cn
news.55.la
qvodcc.org
www.777za.com
avtv.cc
soromap.com
vistula.edu.pl
hclaney.flog.pl
careerjet.ru
diariodesorocaba.com.br
sluskete.puk.ro
anho.net
mygallerie.nl
www.10228.net
18mmshow.info
ppiupk.hyves.nl
www.gzjscs.com
coffeethek.de
www.showsx.org
sjz.zg2sc.cn
get-enquiry.com
freehosting.md
nucullers.com
siplex.pl
all-gay-video.com
earnmoneyonline2.webs.com
sayip.info
www.dohmux.com
apn.com
trafficjam.de
www.deblijebig.nl
yakuza.ca
wisdomblow.com
batteries-inc.com
anwil.pl
bqxn.210000.org
webdirectories.co
www.sevengames.se
krovatky.ru
centstosave.com
doris-henzler.de
756275696.7190.cc
www.chinaspv.com.cn
ikganaaryounited.nl
www.vision.pl
wedani.wop.ro
fecabookprofileview.in
www.anshen365.com
www.kingkeybanner.com.cn
biblored.edu.co
vcard8.com
finance41.com
outsoo.com
kyoudou-kenzai.co.jp
v8cars.hu
sakuraharuka.com
kx.nom.vc
fever-of-life.nl
shop.mz16.cn
discoverychannel.co.in
celebator.com
gd12333.org
tongliaogongjiao.fdcez.cn
nob.nl
internetinfonow.info
www.jhyzxsh.com
www.cheerioqz.com
bookmark-icon.info
tetrane.wop.ro
maartenwillems.nl
m5post.com
dealout.in
sumy.ua
conchajerez.org
gigabitpc.com
mediavetting.com
hoogvliet.com
seerback.wop.ro
rpej.nfdy.net
ipoly.lap.hu
poontown.net
www.qkkyy.com
tinfa.puk.ro
www.02618.com
www.tjbxdlr.cn
ad-pods.com
topological.puk.ro
ipay.nl
theater.co
qjx.weebly.com
pp.wapyc.net
av3.5555av.com
premiumbookmark.com
cyrine.wop.ro
kotkapsotka.wrzuta.pl
tb1111.sinaapp.com
jmymh.com
roughriver.org
tieba.us
www.888bxg.com
www.dakouduan.com
narolkach.pl
hq.jiaodong.net
nogreatissue.com
666ak.com
hostthename.com
tj.2u.com.cn
w3b.co
bj-trading.dk
proxart.org
inblurbs.com
nilesaat.com
healthwomen.com.tw
ervin5.hyves.nl
www.bjsjsx.com
123.pl
torpedo.com.pl
mypolicestore.com
www.daocy.com
dnscook.net
vaciada.wop.ro
qx.se
fti.at
femvincles.org
ranranto.wop.ro
hentaitube.info
ddrtys.net
khoddkdqwp.typepad.com
play67.com
chourai.wop.ro
www.ppzhu.cn
panzio.szallas.tisza-to.istenhozta.hu
www.zbyuqi.com
www.ykp.gdynia.pl
aucune.wop.ro
www.enuoo.com
searchpo.net
m.tknnn.com
jordanscott.ca
ecoplan.be
magneetb.wop.ro
hoanganhpc.net
lopo.it
26uuu-727.tumblr.com
downloadplrforfree.com
shophtml.com
kingstaff-server.net
toridase.puk.ro
mariha.jp
fitundgesund.at
yuanxn.com
mps-electrical.com
g4g.pl
7ba.ru
taishukan.co.jp
alodial.puk.ro
pornmummy.com
batboy.wop.ro
schuessler-salze-liste.de
tuscanrecipes.com
yoshino-gypsum.com
maguistudio.com
la-cerchia.it
ecjtu.org.cn
www.ehrenamt.de
vouliez.wop.ro
socialbookmark4u.info
www.72920.com
sergiuhelldragoon.com
javparadise.com
www.334s.com
kikome.wop.ro
cameramoda.it
xiangxi.qiannan.org
www.qtdx.cn
www.rsdbzjx.com
actebis.fr
megadirectorio.es
97kankan.diandian.com
leasy.dk
www.zhongguo315.com
123eyesfront.com
iwebdirectory.org
rkomi.ru
clipxxx69.info
cauti.ro
gouwu.soukeba.net
apeocorp.com
vmpa.k3y3.net
episerver.se
johnmasters.com
wam.ae
sallah.wop.ro
seogadget.co.uk
articledashboard.info
www.qqmrw.com
sop.org
gedaante.puk.ro
bkw-fmb.ch
matomez.jp
yourvirtuallibrary.us
kitcheninstallation.org
allyearsleaving.de
qiyejie.net
www.77ilove.com
vangrind.se
nhf.org.nz
yoshimor.puk.ro
basata.com
unfei.puk.ro
www.zhijindangjian.gov.cn
verkkonummi.fi
pslc.ws
angr.210000.org
oomama.wop.ro
news.msn.co.jp
www.tsrsj.gov.cn
rg0.info
sortirensemble.com
72966.hemelsesex.nl
tsp.vutbr.cz
festa.ne.jp
terrerie.wop.ro
www.chasaobi.com
www-midea.com
iphonefamily.net
www.czglsx.com
lomo.com
dequeva.es
asv.org.ru
saniexpert.nl
bjleader.cn
ye128.cn
www.kai.asia
phpxl.de
termpaper-blog.com
t.zjrd.com
avrora.spb.ru
nbc.jp
www.ehs.cn
limiteerden.puk.ro
diagonale.at
rubyonrails.com.br
tradewindsresort.com
bodyconscious.com
118ba118.com
juancong.com
mazda.fi
sklepztapetami.pl
zakath.soup.io
s18.cn
adtor.wop.ro
haisan.org
www.paul.blume.ergo.de
8du.cc
ncap.210000.org
scard.cn
www.cnxbj.cn
sikoralukasz.pl
www.ae04.com
www.gebr.nl
lhvk.210000.org
xinhua.mca.gov.cn
jnneeritter.nl
dzhuiou.suliao.biz
audiovideobliss.com
covereffects.com
boleda.puk.ro
www.ncenn.cn
austinlafferty.co.uk
14ys.com
www.ons.mr
linkseek.info
ferrugiento.puk.ro
wzdh.tk
taoeoo.com
hoteldukagjini.com
28jiaoyouwang.tk
csk.hu
afghanstar.tv
certificat-ecommerce.fr
krasopotiro.gr
opwind.wop.ro
hormoz.wop.ro
lanexa.wop.ro
p.zx915.com
www.gmachl.at
www.jhczj.com
kojinjigyou.net
bcultura.com
travelguide.com.ph
fliegfix.com
teh-song8.in
www.yqwb.net
silja.wop.ro