92hunan.com
ja1nuh.blog.so-net.ne.jp
epaule.puk.ro
bwcentral.org
oede.by
aaxxx.soup.io
seo-beat.com
jackleg.info
musilog.net
212.ru
qqzc168.tk
www.wjwl.com
academicworld.net
519.sh
www.orkut.com
cardoen.be
feather-supply.info
virk.dk
baskenmuetze.puk.ro
phomac.de
rhuo.210000.org
myvacation.cn
j-medical.net
www.chinap8.com
cartoonito.it
kommunikasjon.no
rinmarugames.com
bahialove.net
ksasc.cn
apdepot.com
akademiks.com
terry.ubc.ca
www.oysd.cn
authorhouse.co.uk
htmldropdownmenu.com
paluuuszek.flog.pl
pujcka99.cz
33lian.owns.it
fanmap.com
www.yt-rdkj.com
kuiage.wop.ro
babyliss.co.uk
almagalla.info
canuckster.com
great-dane-cuisine.meetup.com
worldisscreamingsilently.eu
beautytalk.com.hk
golf.cctv.com
krhk.210000.org
591ecpss.com
free12530.com
illustraties.wop.ro
365haiyunfei.com
farmanl.com
www.paoliang.me
goosegog.wop.ro
mazon.org
danzstrandclub.hyves.nl
iolt.nfdy.net
lternet.edu
droogje.puk.ro
drimys.wop.ro
koziolek.pl
joemonster.org
kuwo.cn
internetzollanmeldung.de
4loveapp.com
tecnologiakb.com
ccdntech.com
obpn.nfdy.net
catarrha.wop.ro
bbs.ahsz.gov.cn
birdisland.puk.ro
www.parisrecords.net
funland-radio.de
egouw.co.cc
1v1e.qiwen5.com
follownokia.com
jedy.wop.ro
adidasshop.pl
www.fengyigg.com
bigfooty.com
deeptoned.puk.ro
morganbotanicals.com
alweb-it.ch
aplicacionesandroid.info
www.soduxiaoshuo.org
www.sftl.be
www.qiju.biz
belyegek.hu
crowdin.net
geheisse.puk.ro
coffeeclubeden.pl
100.tsinghua.edu.cn
copter.fad3.net
e-awards.gr
probikeshop.es
www.hnpr.cn
biqboq.com
bull-city.com
articledashboard.info
canariasanuncia.com
humh.nfdy.net
andrzej10.digart.pl
2100novel.cn
boliquan.com
fucq.qiwen5.com
ch-lawyer.com
pkobp.pl
cpush.com
bronzeville.ning.com
supergamer.cz
jnwd.nfdy.net
h3qt.qiwen5.com
antiexpo.puk.ro
www.qk128.com
glq88.net
luulaa2000.flog.pl
cowp.co.uk
csol.tgbus.com
zaboslawa.pinger.pl
cyemen.com
domainpageranks.com
pmpbootcamp.co
baur.de
bjnanmo.com
hk.88db.co
23qz.nfdy.net
tjock.wop.ro
toegrijnzen.puk.ro
chiari.co.uk
stickpage.com
linxinru.a1.cn
www.qooqooled.com
s.job5156.com
damai.in
openlinksys.info
ssdpedia.org
656b.com
632b.nfdy.net
enchanting.software.informer.com
a7jar.net
goorny.com
fotoivideo.ru
themisstisdale.net
hejnet.pl
cppt.cuni.cz
og2.ru
fictfact.com
www.xalhrc.cn
agendadelacomunicacion.es
abc.cz
cnc.sdthsk.com
cravingsugar.net
blacklabs.de
0350.cn
figueroahotel.com
www.9sex.tv
4mukla.net
bryanveloso.com
www.ttt999.net
www.saobao.info
becuqpgv.blog.cz
toert.puk.ro
buscaaqui.com.br
cunard.co.uk
beauty.mz16.cn
comunicalanotizia.com
www.lzshishicai.com
adreklama.ru
3stvola.ru
futurefanatics.com
apinfo.com
amdemo.com
capri-technology.com
bighitmedia.co.uk
www.nordea.se
88.beihk.com
clubpenguinphp.info
re-volta.pl
www.saosaonv.com
fukulog.jp
restaurantes.com.do
ccpitxiamen.org
hillsjp.com
www.oipa.org
carprangers.at
alekseo.com
guihuaxiang.com
pornohd69.info
todayhub.com
gzchinachant.com
cavalluccimusica.it
achmea.nl
downloadfreesinhalamp3.blogspot.com
affinage.wop.ro
riarealty.ru
mtn.com.sy
chuaizhe.com
hao821.com
518343.com
has.tuan592.com
vekalat.org
e-bivi.com
lottosanook.com
wooztones.com
www.pyxxw.net
jqfiber.cn
hefei.qiannan.org
corcoran.edu
freeurldirectory.com
nonwovenbags.blog.163.com
espaciogastronomico.com.ar
domtest.ru
www.dfrlyy.com
www.evvc.nl
www.zzlifu.com
gpl-cargo.com
deineschultasche.de
knobdeco.com
www.sexpoker.be
garytaubes.com
litejokes.com
listing.free.fr
kfc.co.th
downloadplrforfree.com
7469.com
abbw.fav.cc
dotsub.com
nvpn.net
notas-prensa-internet.es
herni.cz
17daodi.com
hxbfw.cn
acd89.com
ancients.pl
photomag.wop.ro
downloadandsaveyoutubevideos.info
legman.wop.ro
sbpn.nfdy.net
ahgoobaby.com
demivirg.wop.ro
carped1em.com
02v.org
efx3.com
myface.com.nu
fqhs.nfdy.net
atomic-clock.org.uk
bigtexan.com
dupez.wop.ro
888.net
bk.3456.tv
rlp.de
spiderworking.com
zionteam.net
newhavenchurch.org
chargeanywhere.com
www.shanghaisem.com.cn
limitedexclusivedeals.info
dpkxlwna.blogger.hu
fangs.digart.pl
humyai37.info
dj.kenhdj.net
carsremoval.co.nz
espasserelle.net
adirectory.info
epity.pl
adlag.com
lajco.soup.io
auroramontegrotto.org
01446.com
afsop.geograaf.smoker.wwwwww.wop.ro
buera.puk.ro
abc4it.ch
www.yesiya.com
33c.cc
assineabril.com
lookaway1.pinger.pl
fusokubu.puk.ro
bum1.info
bj.pchouse.com.cn
holycross.edu
73th.com
antenanet.sk
www.handbags2u.com
retraite-branche.com
urlag.mn
agattiislandresorts.com
juzhan.net
www.shbjgs.cn
sonnenkraft.com
sinhvien18.wap.sh
lesannonces.tn
9mannetwork.com
bnn.blip.pl
51player.net
atlascopco.be
eucd.info
np.by
music-day.info
a-body7.com
malivot.info
a2.ee55.info
exercicios-de-matematica.com
prangers.wop.ro
zeleni-plan.org
guilin.11766.info
mengch.com
383968.com
crivellato.puk.ro
afid.fbl.pl
nauticalparcel.info
99bill1.com
45ye.com
www.bubble.nu
371vps.com
raynor.xfree.hu
www.cdsjhj.com
www.levena.jp
assish.wop.ro
trouwgel.wop.ro
verguizingen.walane.betteanne.affettati.hygien.wwwwww.wop.ro
izzbela.pinger.pl
fuezu.wop.ro
movfilm.net
djnorthernmonkey.com
bhms.ch
www.elshop.lt
jobnewsusa.com
hbychrss.gov.cn
franchecomte.puk.ro
adsl-fpt.org
baby-spielsachen.com
5ekk.com
exatuspr.com.br
www.emsdy.com
triger.com.pl
consciencia.blog.br
28bxg.com
comambiental.com.ar
ackt.210000.org
mycondolife.ca
linkcapture.info
www.99.selang.com
downloadphanmem.com
bloody.puk.ro
abfuetternde.puk.ro
trophypins.com
grole.wop.ro
cartier.it
et8.org
mob.hu
ecreeds.info
schoolhistory.co.uk
luxurybeach.com
ttur.com.mx
altek.ca
ahrtp.com
fullseo.org
baranmovie42.in
alexa.bj.cn
m.uuunn.com
8d1.info
jfss360.com
kishoku.gr.jp
baidudx.com
bridetastic.com.ph
download-akon-ringtones.blogspot.ca
kotvefuzve.postr.hu
www.fanqz.com
download-french-montana-ringtones.blogspot.ca
57kan.info
bangofan.com
fobomade.org.bo
midyo.com.tr
russelbmw.com
drawspri.wop.ro
freetoysforall.info
activobank7.pt
bearsfuckboys.com
maxikovy-hracky.cz
negativ-film.de
endestykket.wop.ro
artlessli.com
www.libero.dk
absolvo.ru
woman.zp.ua
thalliou.puk.ro
citysvyaz.ru
drcash.ru
culsexevid.info
hostingmlm.info
myriem.puk.ro
deadlily.puk.ro
avonrents.com
takabosoft.com
adiasz.pl
mypokertracker.com
bouma.org
businessvoipservicesz.info
aeek.info
coolcuts4kids.com
alleviar.puk.ro
www.sdhbsh.com
csas.jobs.cz
flavin7hydrogen.com
adidas-nike-shop.info
forextradingschoolz.info
aichi.409.jp
www.qilef.com
classicmustang.sk
bookmarkone.info
euromoneyplc.com
3vjr.k3y3.net
hdx6811.51.com
bacari.pl
dolorescannon.com
1021.co.za
innovaphone.de
toool.ru
www.3dycw.net
craigslist.fr
3xnet.ro
azeitoma.com
3pkft.hu
articlesbook.info
dianpujia.com
hidanavi.com
bestnewslinks.info
mwbn.265link.com
desynced.net
www.sewangchao.com
fisnyak.ru
9292xx.com
ekman.wop.ro
prunello.puk.ro
17b.cc
grangeagent.com
www.sdklqd.com
qualitywebdirectory.info
download-fat-joe-ringtones.blogspot.co.uk
meninblack.es
algarve24.pt
expresspackageplus.com
e0rf.qiwen5.com
bifr.nic.in
ha365.99k.org
s22i.210000.org
esoul.ru
rtg-mag.hu
martinbayo.com.ar
e379.net
playme.it
irak.antira.info
gsb.or.th
qczx.info
99tea.cn
ameos.com
dubbing.puk.ro
star-motoring.com
www.shkaikou.net
accp.com
www.520yuyan.com
snett.wop.ro
abtgold.com
1025458.b2b.qx100.com
brilletj.puk.ro
vegaloman.com
bytow.pl
860860.net
redmusic.pl
bancadoramon.com.br
ittousi.wop.ro
landacity.com
kyzmet.kz
werkschutzes.puk.ro
www.argus.nc
the-soho.com
sggn.210000.org
appiancloud.com
charba.wop.ro
blc.ru
creativekristidesigns.com
www.argimplus.net
mobilinstile.it
gts5230.ru
enemalta.com
zaixian-fanyi.cn
54114.net
aixqyfjkw.de.tl
balatonihajok.hu
clgo.sjtu.edu.cn
boardsite.info
afars.in
www.woweb.ru
www.urasvadba.ru
alivenotdead.com
humyai20.info
ftkenglish.com
jakki.wop.ro
3335.jp
hostpoint.ch
avant.wop.ro
mypearllife.com
755s.cn
www.directis.nl
www.yi1yy.com
sprengningen.wop.ro
bikerzonemagazine.com
acquistareuggs.com
auction.jingp.com
besthairremovalhome.com
rod.se
xlzl.info
digital-architect.net
24hr.se
ooftkeld.wop.ro