bbs.kfsky.com
bbs.meitu.com
bbs.mengnan.biz
28277.223355.info
bbs.myzg.net
bbs.nimyta.net
bbs.php.net.cn
ao5.aiao.cn
bbs.php168.com
bbs.pp3.cn
bbs.qzzszx.com
bbs.saltyweb.net
bbs.shart.cn
norgai.com
bbs.sqfc.cn
bbs.suizhouwang.org
bbs.suzhou.cc
bbs.tzi.cn
jqueryboilerplate.com
bbs.wapbmw.me
bbs.wzdsb.net
bbs.xinji.net
bbs.xjzjxh.com
bbs.yngsxy.net
chrrr.com
bbs.yuzhouzhiwang.com
bbs.yz-jd.cn
bbs.zm7.cn
bbs2.mowo.cn
bbs8.co.cc
www.meizi.cc
bc-coda.com
bcav.net
bcbn.nfdy.net
bcotlghlz.blogerzi.com
cntd.ru
bcphtnnxai.blogtrue.com
bcplci.puk.ro
bcsp.org
bd.focus.cn
bdsghjg.78.cn
baycitybike.com
be.fo
beaner-dude.deviantart.com
beanogas.com
beatitid.puk.ro
beatniks.puk.ro
yy.dnfa.info
beauftrage.puk.ro
beauharnais.puk.ro
beauty.2hua.com
beauty.bobazg.com
beauty.xmnn.cn
www.hxkfh.com
bebimaci.blog.xfree.hu
bebop.puk.ro
bec-et-ongles.com
bechar.puk.ro
becker-furniture-world-going-o.blog.hr
www.xinzigong.cn
beckerat.puk.ro
bedall.puk.ro
bedash.puk.ro
bedayaa.webs.com
pide.org.pk
bedd.tk
bederfelijkst.puk.ro
bedia.puk.ro
bednar.blip.pl
www.gelg.pl
5i31.cn
bedoms.puk.ro
beechy.puk.ro
beeder.puk.ro
beely123.com
befanden.puk.ro
www.50000baidu.com
befehl.puk.ro
beffroi.puk.ro
began.puk.ro
begavede.puk.ro
begehrenswertem.puk.ro
spk-stanok.ru
beginrij.puk.ro
beguina.puk.ro
begyndt.puk.ro
beheshti.puk.ro
behinds.puk.ro
behindthescenes.puk.ro
beholdni.puk.ro
behsud.puk.ro
unebensten.wop.ro
beichtge.puk.ro
beihai.bgo.cn
beihaidc.com
beijing-xiaojie.com
beijing.anjuke.com
czqq.com
beijing.jinruilai.cn
beijing.tigercity.net
beimiyigou.com
bejade.puk.ro
bek.91yao.com
travunity.de
bekatlar.com
bekindtolawyers.com
beklagt.puk.ro
wroclaw.pl
beknepen.puk.ro
bekoringen.puk.ro
bekwarra.puk.ro
belazer.puk.ro
belfagor.digart.pl
howmuchdoeseverythingcost.com
belfo.puk.ro
belfoldiutazas.lap.hu
bellus.puk.ro
www.sinchou.net
belona.puk.ro
belonk.puk.ro
belts.puk.ro
bemask.puk.ro
123-webdesigns.info
bemerkenswertem.puk.ro
foropolicia.es
bemire.puk.ro
bemodder.puk.ro
bemole.puk.ro
benabena.puk.ro
www.gaoseqing.com
benchfel.puk.ro
benetnash.fecsegj.hu
benin.lap.hu
bennevis.waw.pl
benq.msn.itcpn.net
csustbbs.net
bentley.umich.edu
benua.puk.ro
benwa-martin.com
benyt.puk.ro
benz.juxincm.com
radioelmundo.com.ar
benzaker.com
beoogd.puk.ro
berechnetes.puk.ro
bered.puk.ro
studio-clip.co.jp
bergarte.puk.ro
bergen.puk.ro
bergeronnette.puk.ro
berggesc.puk.ro
wptuts.info
bergsoni.puk.ro
berme.puk.ro
bermsloo.puk.ro
0796jj.info
beroe.puk.ro
berooide.puk.ro
berste.puk.ro
www.sybxbj.cn
bertelsm.puk.ro
berthold.puk.ro
beschleunigt.puk.ro
besens.puk.ro
richardleggett.co.uk
besidesdream.com
besoderen.puk.ro
besom.puk.ro
besozzi.puk.ro
bessong.puk.ro
stiri.rol.ro
bestaa.puk.ro
bestabcd.info
djwq.210000.org
www.123dbc.com
erbfm.co.uk
bczi.nfdy.net
vva388.org
www.szmeixin.com
nfinity.pl
health.am
musik-kueche.de
redeaesquerda.com
www.yyfke.com
www.selaoye.com
sou.wjw.cn
ichikawa.lg.jp
www.jez.si
rawa-maz.pl
bernhardsbay.puk.ro
woodson.wop.ro
rtyirhevf.freeblog.hu
www.vff.dk
iml.es
depurai.wop.ro
kefid.com
tito.blip.pl
www.52hzy.net
www.99taijiao.com
www.yy55yy.com
teshufuhao.com.cn
dlasklepow.pl
pmkm.nfdy.net
ac.com.pl
www.huoguow.net
www.woaisiwa.com
guzik.blip.pl
archnet.org
youth.lcu.edu.cn
www.sanh8888.com
bestpropertyinvestmentseminarseim.info
gartenfreunde-schoenaich.de
inetsoftware.de
sonnenkraft.com
yayoi.wop.ro
www.168w168.com
a1510.oadz.com
a.34ls.com
sugarbaby4u.com
peyamner.com
hotpornwatch.com
miaomu189.com
haus-des-pferdes.de
irne.digart.pl
myersbriggs.org
www.rtys10.com
my-sv.net
www.gths.cn
sexehook69.info
kde.hu
summithut.com
bmagazine.info
xv4.cc
rpej.nfdy.net
con6.cn
rzuk.soup.io
jzwtjnsq.1168.tv
mn.6766.info
taqvo.com
foto-podcast.de
www.k358.cc
biyou-seikei.cc
www.qq0719.com
mhxx.96pk.org
ibetherthol.page.tl
t4zone.info
www.analasslinks.com
uksupportgroup.info
www.mozielozetes.hu
gztianzong.com
www.zhunmami.net
snatchporn.info
nutrispa.com
iniada.info
wangwenxuan.10.100new.net
www.bandy-ferrari.atw.hu
www.argus.nc
cyberbiznes.pl
maqc.nfdy.net
typografie.info
iverk.puk.ro
medizin.de
zywy.blip.pl
waldmander.at
www.www.mgscl99.com
salzburg.at
xrush.cn
shukkeien.jp
ddd.co
www.53seo.net
www.iite.ru
toplistenserver.info
usalinkdir.info
radiotha.wop.ro
ayasono.info
golddragonring.info
www.pres-aix-marseille.fr
unprobated.puk.ro
cuacuonnhom.com.vn
sg9w.k3y3.net
tahvel.ee
sinhvien18.wap.sh
futoo.wop.ro
www.vision.pl
wikispot.org
www.opendi.us
www.800yule.com
stellati.wop.ro
www.sss4444.com
lemuriya.ru
www.sjjs.com.cn
spielplatzverein.de
comunicawed.com
urban-fighter-full-movie.blogspot.nl
xggx.zsxx.e21.edu.cn
www.huhuxiang.com
thatporn.com
dnf.qq.com.haolds.com
www.dhgjzj.com
www.5hdj.com
randale.info
trouwgel.wop.ro
saltino.wop.ro
mtn.com.sy
targetaudienceonline.biz
acjs.qiwen5.com
kaid.78.cn
samir18.toplista.pl
ggmmol.info
prezia.com
sergiolopes.name
nnsw.info
trading-automatique.fr
www.855mi.com
tezeusz.blip.pl
s3s-perf.net
jandp.soup.io
freeplayclub.org
icpc.210000.org
oltursa.pe
ledrex.hu
asianwebbies.com
editarfotos.org
shop.mz16.cn
freshspirit.be
isoftware.mtxserv.fr
www.directis.nl
petillion.puk.ro
siyoujik.wop.ro
www.etjbooks.com.cn
chinesekisses.de
www.strv.is
happyabc.sagafan.jp
loucos.digart.pl
77qe.com
www.huizhiedu.com
ox.ee
www.yindi.cn
groupon.pl
mpd3.k3y3.net
heo.fr
vs.tc
cre.fm
falcom.co.jp
mo-mama.org.ua
sexoroll.ru
andyzhang.dyndns.org
articlebay.co.in
friendswhocare.us
www.xwadh.com
ic360.cn
www.av700.info
casmiami.com
webdex.ro
vetjes.wop.ro
tonheimar.is
taycor.com
dzw.me
tekstove.info
rg0.info
worldcountries.info
jcrb.com.cn
www.59cn.org
voucherseeker.co.uk
wlecce.it
hildaharris.com
848848.cc
www.ay899.com
dzhuiou.suliao.biz
numaranitasi.gov.tr
sinya.wop.ro
www.68uee.com
search-logs.com
hypopsel.wop.ro
filmmirchi.com
www.51lipinhe.com
www.balkom.hu
helpsmith.com
wqxx.net
poeticcode.wordpress.com
news.lznews.cn
forum.com.pl
tz7b.qiwen5.com
www.81sasa.com
galofrito.com.br
www.dakouduan.com
wsjxsw.com
www.xvhui.com
ametsoc.org
avexp.com
player.61baobao.com
qvod.joke.joy.cn
par30ian.com
beezup.es
xcgege.taobao.com
sf.ahcme.cn
coreyobrien.ca
top.ourmaxim.com
gotosa.wop.ro
video4persian.com
www.w88z.com
red.aiao.cn
kashbet.com
oklhw.cn
www.pfwv.4f9.org
bitcoinz.com.ar
4clubeportugal.net
lutyk.ro
foodsupplydepot.com
www.226500.cn
iveri.com
vjgf.265link.com
www.tlzt.4f9.org
3223.nfdy.net
korsettshop.at
tendevan.puk.ro
wolnenoclegi.net
klam-iq.com
apimmo.at
65.tc
fralix.puk.ro
backpackermedan.org
ua-ix.net.ua
examendeadmision.info
dichtienganhso1.com
wakeup.pdg.pl
8.cn
hentai-flix.net
www.olx.no
themiddlemarket.com
ciled.cn
chachala.com
mhweb.pl
www.ixiangyue.cn
tolo.ro
www.devonenergy.com
dfnkyy.com
depobangunan.co.id
uky.edu
www.kaisuo110.cn
zalukaj.pl
thongdiep.org
sugahara.shibu-q.co.jp
galleria.puk.ro
www.dnkjw.com
osiedle.net.pl
conflittiestrategie.it
kannetu.wop.ro
ifmsa.pl
www.enshang.net
animo.wop.ro
ly.amt520.com
sunlight-bingo.co.uk
lawofattraction-thesecret.com
www.changdaoyujiale.cn
029tv.net
www.365zhaosheng.com
juancong.com
www.ibdrcw.com
gpnetsoft.com
recht-in.de
xzyo.com
krishaweb.info
www.holidayhalters.com
theticker.tc
itlife.minkei.net
font.cc
donga.puk.ro
classad.zbinfo.net
www.gibank.ru
paginaoficial.org
2era.com.cn
www.yqboxin.com
worthtips.info
apcalis.us
rechtwiki.org
laralovato.hyves.nl
streetjoy.sk
www.erc.ndhu.edu.tw
ritemail.blogspot.in
jarina.de
aktienpreises.wop.ro
guangzhoutower.cc
zhuti.155.cn
fightplay.tv
estreladosleiloes.com.br
bizmax.in
eezeedata.info
daigobyo.wop.ro
christogenea.org
hotmial.com
special.fad3.net
livemyp2p.info
kreasjon.wop.ro
www.dcpaimai05.com
www.whlzl.com
apn.com
www.qinzhouqu.gov.cn
france-seo.com
ltfuke.com
koalaswim.com
fpclub.ru
jc-alpha.de
aaugymnastics.org
koselakautosiskola.hu
egesakha.ru
ilga.gov
iww.ca
gypsymag.com
viriana.flog.pl
ru-taobao.ru
www.dds.nl
www.meeleee.com
www.nso.mn
jakkert.wop.ro
www.seopoz.pl
jisko.ru
www.primagradina.info
176gz.com
no.de
www.llxxcs.com
tamilbrahmins.com
denton.wop.ro
wo.mhzx8g.com
turikichi.biz
safe24.pl
wohlangebracht.wop.ro
www.54317.com
www.kswuwenqing.com
telovtelo.ru
tousokuh.puk.ro
thedestination.co.za
norwexcs.com
r-wiki.com
hotel-stefanik.menu.atlas.sk
www.srgd.ch
app.hongxiu.com
51ise.info
www.wusu.net
mozziebite.com
sichuan.qyi168.com
eb20.com
the-bourne-ultimatum-full-movie.blogspot.ca
grimclan.com
www.czt98.com
wkb.int
www.yangmaoding.com
www.dzzzs.cn
opencart.co.za
www.lijoys.com
www.xjbxf.com
mil.gov.ua
bbs.shunde.com.cn
tubexxxhd.info
www.sdlctl.com
rangide.com
www.mianmo90.com
the-artist-full-movie.blogspot.sk
mcpotential.ru
download-katy-perry-ringtones.blogspot.fi
oyunskor.tv
www.51baidusao.com
psi-lcd.com
vermeologist.wop.ro
www.gzyaoyao.com
www.u15.tv
camino.pl
a1hugecocktits.a-livesexasian.com
saxnet.ch
grancacique.com.ve
www.neaski.cn
bwvip.com
www.ltc58.uqc.cn
www.xs222.com
www.gzwxdsaz.net
sz.youjiao.com
ltdalarna.se
percy.ru
cmdd.de
hhkk66.huijucn.com
liangjiang.gov.cn
www.zzmjjx.com
www.4rtys.com
winkiwoo.com
googlika.com
eqtt.k3y3.net
recurvit.wop.ro
54new.com
xrope.com
rpgamer.pl
app.hao123.com