ticketzone.com
118712.fr
www.forum-mechaniczne.pl
wmrconsulting.it
celerity.wop.ro
www.xxoo.be
mybag.com
bunny.web.za
tulalounge.org
wegwijzer.be
adsenseboy.com
ac-aix-marseille.fr
abogados.or.cr
ohmidog.com
oshogarg.com
www.lingki.com
www.sjzpxr.com
bookmarkingsharing.info
cd.jianzhi8.com
slojd-detaljer.se
fzpu.nfdy.net
zbhi.nfdy.net
info-newss.ru
oida.nfdy.net
iphone4hk.com
www.668txt.com
tltonline.ru
5iipad.com
xiangxi.qiannan.org
www.ls920.com
www.ykp.gdynia.pl
gry-dladzieci.org
percy.ru
orionjobs.com
www.zsnews.cn
www.ncanewfs.org
qualmelhor.com
visitais.puk.ro
jadpai.info
avando.cz
zonzijde.puk.ro
www.undp.kg
www.gdbchr.com
id47.fm-p.jp
jinanzheng.com
3652888.com
talk.by
penpalglobal.com
stayhard.no
exide.com
reg.do
thebluebarrel.com.sg
fm93.cc
taiyoush.puk.ro
tide.no
ratiokontakt.de
ahgytv.com
conectate.com.do
www.zzzyit.net
club.do
www.jyo.cn
igeta.wop.ro
ltdalarna.se
www.aww7.com
www.2gxn.4f9.org
yyrm.nfdy.net
www.jnquanchang.com
cgsg.soup.io
parizshotel.org
opry.com
syxs.com
wencheng12.cn.coovee.net
easyuspayday.com
youtuu-naoru.jp
huntsville-homes.com
ljs.ru
stofnesten.puk.ro
ajaxpro.info
cyberkop.ru
www.5917.cc
www.bosup.info
serials.puk.ro
parklabrea.com
kowaza.net
izuru.wop.ro
uwc-usa.org
www.hdycw.net
picklehe.wop.ro
addfeed.cn
amatorsquash.hu
cage.nfdy.net
planet3.org
suomali.net
kontur-pf.ru
www.anyequ.info
propertymode.com.br
poisktura.com
petliferadio.com
tjock.wop.ro
nowel.puk.ro
www.jxcyw.net
airberlin-binoli.com
bithub.r.gd
www.yzjy.org
riccione.rn.it
gixxer.com
www.snkgyw.com
syu88.com
sazkursu.com
reaunion.org
www.yvewhz.com
726.com
togarino.wop.ro
www.qq799.com
pales.info
tss.gov.do
scriptmantra.info
pod.tv
aplateia.com.br
zhushan.cn
octopustravel.co.jp
5irc.llflxx.net
www.olaszkert.hu
www.fly3389.com
buxinfozone.com
www.0816seo.com
pk.vqq.com
hssdh.info
frynds.com
zmarzlena.digart.pl
sokan.org
tadanohito.net
chachala.com
carambol.ro
www.charm.hu
rustickitchen.com
xlcg.taobao.com
blhzxwsy.net
yernawe.be
www.58linyi.com
affaticato.puk.ro
django-cms.org
www.nhldjy.gov.cn
bb.com.do
gsfc.wop.ro
lapy.pl
666h8.cc
www.dj057.com
votetags.com
664678.com
teens.i21st.cn
khapk.com
wpapps.me
newusbhub.info
btbsse.com
diy-forum.net
postroi.ru
funandlearns.com
www.knowny.com
www.31262.com
potoroze.com
kravushka.com
jungtang.com
dd.com.do
www.mzxl.cn
pc-zero.co.kr
zgjkzs.com
rambut.my
profeto.pl
beurten.puk.ro
slashdotsite.info
www.klikshop.bg
hades.wop.ro
index.do
se.iii90.com
www.eglifix.com
bc.by
www.xiangzhe.net
pc5l.265link.com
tasoiawa.puk.ro
onlineaccreditedz.info
serviceafter.do
uni-sb.de
gammaink.ro
zaixian-fanyi.cn
humyai20.info
prestosoft.com
alpinesq.puk.ro
xinxuelin.com
germi.puk.ro
ez4u.co
listofimages.com
virtal.pl
confinvest.it
www.w168.info
kevinphan.com
artisearch.do
uralairlines.ru
latestbookmarking.com
meetingroomstohirez.info
sajn.net.cn
lapommedeterrepompadour.com
birke.de
xhky08.aweb.cn
42day.com.cn
www.0769djwk.com
www.cheapnikeairmaxfactory.com
45ye.com
www.laodingfeng.net
logon.do
pandecta.com
www.toxic.hu
isarvang.com
www.nopapers.nl
analisisdetrabajo.info
dobradieta.warszawa.pl
ipb-ru.net
florisan.wop.ro
funglode.org.do
73x6.lizhidy.net
castlevalleyoutdoorsgallery.com
xjp.cc
letoff.puk.ro
phong.wop.ro
www.housing.ucr.edu
www.e658.cn
dictionary.pl
oweb.mobi
arenabetting.com
unifei.edu.br
www.yes-tom.com
hclaney.flog.pl
3qa.info
sabrespace.com
mapmachinerysa.co.za
lib.ku.edu
poeoo.cn
bookmarksocialpligg.info
www.usembassy.gov
jukkool.com
www.73s.net
intelligencecareers.com
gzelectrolux.com
www.stenclimeheszet.hu
abe-paint.com
monbricolage.net
loadbr.info
68xc.265link.com
www.hamayou.net
www.cao10086.info
www.zfeiwang.co.cc
www3.bio.org
onemomsmoxie.com
promdress.co.uk
www.av43.com
vn-mebel.ru
businessbankingaccountz.info
es-asp01.com
machit.de
slits.wop.ro
rodneydurso.com
fsu.pl
yougedi.com
3are.265link.com
kilroy.se
bizhosting.net
englishtourdutranslation.pk
project1999.org
rohmert-medien.de
mmkrakow.pl
traffictactics.com
socio-markinn.info
yjxnjy.com
www.52taose.com
china-buildingmaterials.com
achigan.net
guihuaxiang.com
eeds.focus.cn
osservato.wop.ro
amex.4zy.info
blackcocksuckers.tumblr.com
tiwa.org.tw
actenum.com
www.bigfoot178.cc
www.jndongte.com
ajada.wop.ro
honvedelem.hu
sourcefabric.org
kasadora.ru
windowsphoneapplist.com
www.d3cake.com
platinoweb.com
phytoleds.com
northquincyfootball.com
art-la-douce.de
mjbh.k3y3.net
www.cokfs.com
underfeet.biz
chezrougie.com
hostessen-ladies.com
www.bancentral.gov.do
brunecia.digart.pl
www.lwcun.com
91gan.in
worldtruth.org
terrors.wop.ro
cd.jjdbb.com
atehenmei.com
gzip.org
ccdc.nfdy.net
trabajoenmineria.com
114.zqzx.cc
sudachi.puk.ro
datuve.lv
kinderverjaardag.expertpagina.nl
www.renrenwj.com
jaagde.puk.ro
whbyfts.tumblr.com
ambientebrasil.com.br
net63.net
familylawmanchester.com
jahresab.puk.ro
gmc.uzhgorod.ua
tarimoro.com.mx
www.mhaha.com
ybnews.cn
www.maomi.tv
2020.home.pl
zb.heyix.com
paymoney.do
efashion.com.pt
chinananxun.com
www.aiavnv.com
sociocomplement.info
www.diskynaauto.sk
w-soho.biz
kurnik.pl
hoclienthong.org
jitsugen.wop.ro
parscat.com
ku188.net
www.300301.com
lechia.gda.pl
emporiumplus.com
www.fice.es
qykm.net
www.gsmpager.hu
bgc-oberhausen.de
www.jfss360.com
music.bagdax.cn
hospital.fad3.net
dncd.mil.do
www.foyuanzx.com
gamgee.wop.ro
casmiami.com
www.czie.net
ndpm.biz
www.jq12.in
cslaurentides.qc.ca
u3c3.nfdy.net
niggagonecrazy.com
www.faithier.com
medvehaz.ro
pixelbeat.org
www.borhanteb.ir
thesalsas.com
74vo.210000.org
langfangtianqi.qiannan.org
1s90.k3y3.net
www.xiguays.com
justyy.com
www.xncoal.com
www.daluxyy.com
re-max.cz
schuessler-salze-liste.de
yaskawa.com.cn
bcconsul.ru
etcserver.com
bbs.gls11.net
skyventure.co.kr
genesisfx.com.au
ibc818.com
www.cnbeta.com
traitimyenbai.net
foxtv.it
www.wfyg.org
www.xd521.cn
aplicacionesandroid.info
chuyenbinhnonglanh.com.vn
ilovemycouponfans.com
undiksha.ac.id
ger1.co.cc
beatines.wop.ro
www.gwzg.cc
lhpopopo.a213.72ym.cn
doktorka.cz
www.aveee.com
dailyrush.dk
kampene.knuttels.wwwwww.wop.ro
www.oponeo.de
malecelebrities.com
wegoodlinks.com
www.dmdc.co.uk
gardaglobal.com
www.silberauto.ee
www.51fango.com
guide-book.org
www.wy0.net
wing2.jp
palpitais.puk.ro
xxl-affiliates.net
fxqyw.com
maybank2u.com.sg
socialbookmarkservices.info
ebillme.com
parisbruno.tigblog.org
www.gxjlyz.com
xn--888-n25e927wd9b.tw
www.maisiliao.com
www.3721qxw.com
swish.pl
4008197197.com
www.jsq99.info
clipsandfasteners.com
xxx-amateurs-xxx.com
tv5.ca
www.51667.org
diro.ws
aiba.org
softmyhard.com
china188.net
www.mathchalabi.c.la
www.2013lang.com
nieogarniamzycia.pinger.pl
www.gdd.ro
gwmicro.com
maszrum.pinger.pl
www.mnxzj.com
www.chuguo.cn
080.8.je
paste21.info
www.hzrcw.cc
www.wjjxt.com
techcrunch.com
imagenesconamor.com
www.521wang.net
sanliurfaguncel.com
thekawaiiworld.info
wowdps.cn
hvbeertje.nl
djteamh2o.si
mocotyan.blog.so-net.ne.jp
www.zgdino.com
wanche100.com
escortbureau-vlaanderen.startspot.be
bobear.wop.ro
twipper.tk
dn.yzz.cn
xgn.nl
remisivo.wop.ro
www.njjp.org
qq898.info
www.newcoin.info
www.darpa.mil
mbnashopsafe.com
www.dlysled.com
starcraft.ee
www.mbtxzxgw.com
www.yygan.info
ruyatabirler.com
tech-cave.com
www.88c.us
www.laobe.com
henne.no
privacy.net
libellules.ch
conchajerez.org
thefavorite.info
tousaurestaurant.com
www.qudouyin.org
www.dxsdiannao.com
bbs.webjiankong.com
52pojie.cn
tuan.5w.com
arillas-bliss.com
warmingt.puk.ro
oakhillranch.com
p.t.qq.com
hupan.net
82255555.com
buhar.wop.ro
www.pxjixie.com
krijnhoetmer.nl
parc.sg
ziengs.nl
www.yocoojj.com
manhuashan.com
corsair.puk.ro
gotpicture.com.do
performance-suite.de
smshubs.com
ultras-mons.be
cosmostv.org
kpdf.nfdy.net
epoke.puk.ro
freeoa.org
www.misja.org.pl
ponisha.ir
abcportage.fr
minispeakeramplifier.7wx.info
lustube.com
9692.lizhidy.net
www.zsq9.com
theautocruisers.com