qiunanqi.com
shinereet.com
www.fenxiang6.com
hotcocoa.biz
rainbowbiser.ru
www.xyc.cz
lastbilnettet.dk
smartmobil.sk
young-naked-girls.com
itusozluk.net
stime.llegou.com
www.neukeenjongen.nl
mkb.uwpagina.nl
heiratsportal.de
guigushi5.com
resource.com
elib.nblib.net.cn
www.hhddbb.com
hotelpuntanord.it
thaifastads.com
s.fyme.cn
iimm.210000.org
earnyourmoneyonline.net
feelrich.com
qingting.org
tropiland.it
www.licaizhe.com
easyplacetoshop.com
meishi8.org
ephoto.sk
njmbank.com
larmesblanches.info
www.siiiis.cn
zionteam.net
suponta.puk.ro
greenfemme.info
firstavenue.com
85wq.net
www.cardiosmart.org
articlekingpro.com
www.adakkt.hu
bonavini.hu
internet-success-hub.com
dali.87bz.com
fightplay.tv
kreun.puk.ro
hand-interactive.com
wikipeptide.com
cajuns.puk.ro
divagavi.wop.ro
bolanghua.com
boyz-ed.com
megaredi.com
www.0531food.com
rdtsurveys.com
icecream-sandwich-android.blogspot.com
koopjegadget.nl
www.jp88990.com
longarim.puk.ro
directoryeive.info
nmxc.210000.org
phonelookup.com
www.ebingzu.com
www.chashuina.com
mediaquell.com
minecraft-wiki.nl
proxart.org
home-moneymaking.com
www.0746i.com
francescocroce.tumblr.com
maple4ever.net
smarterweb.at
www.haemul.info
www.hskaixuan.com
neusch.eu
www.39ik.com
beuche.info
noname-ro.com
www.zsw-qd.com
myomet.com
robindeery.com
dollbabz.info
svnlabs.com
p-electric.ir
www.sdqh.cn
cinnamonspiceandeverythingnice.com
netelement.com
empiresmarketing.com
nlobooks.ru
zwwg.net.cn
listasspotify.es
www.59zz.info
petitionenligne.fr
pinkemu.com
artistul.net
www.k188888.co.cc
amill.pl
theblackoutproject.com
exatuspr.com.br
bjbdcxf.78.cn
moon-websites.com
guihuaxiang.com
platad.org
nyste.wop.ro
s1mone.cc
eroticanime.com
400315.net
www.sweets.ro
nashrine.com
www.cfwzw.com
www.486xx.com
sellbu.ru
www.jqtw.net
papp78.fecsegj.hu
efundraising.com
vestir.eu
xkcd.lapin.org
istpravda.com.ua
navigatorpreview.com
www.ckm69.pl
article-syndication.info
www.kdb.hu
cmdd.de
www.xnfdh.info
rios.pro
caribbeanislandsnews.com
topmedjournal.com
viebrock.de
rlzb.210000.org
6051-pi.com
sejutablog.com
synkverv.puk.ro
btschools.org
suchetadalal.com
directcosmetics.com
www.xiaoyezi.com
mypearsonstore.com
www.jfss360.com
a9.7iii.info
piccy.info
agouti.puk.ro
youthpastor.com
cett.org.cn
kirihara.co.jp
onsetu.puk.ro
rasaneh.org
www.h3478.cn
www.293888.com
kappabashi.or.jp
mw.mil.pl
cuckooclockssite.com
wprzerwie.pl
geographicmap.ir
bolchini.wop.ro
artsarah.net
fida.info
djfly.pl
www.ov98.com
www.ae04.com
lala-xiaoniu.taobao.com
autobodydynamics.net
kmlk.nfdy.net
www.hbtejiao.com
ocrk.210000.org
farmacopedia.com.ar
r6ad.lizhidy.net
sms000.com
i9yt.k3y3.net
www.nyjjr.com
energyprojects.ru
www.xixi789.info
newplacestobe.com
pleegzon.wop.ro
www.chaofa.cn
bingsale.com
gensuikin.org
melodyehsani.com
xsikisizle.net
freezads.com
weider-24.de
expresstravelworld.com
www.zgtuango.com
poetavadio.tumblr.com
arenaofpleasure.com
www.51selangwo.com
musicanapoli.org
word.co
www.bdfl.net
mp3zonebg.net
damavodstvo.ru
chaptersworld.com
massagechair-reviews.org
www.cpcrugao.cn
www.23se.net
sojiajiao.com
zxqbvlip.blogger.hu
www.vahur.hu
888dyw.net
sundew.puk.ro
www.hbw.cc
www.scjz.net
www.wedding6688.cn
yypst.com
tylus.wop.ro
poursuivrons.puk.ro
opswat.com
bbs.actoys.net
njfishing.com
komonsen.wop.ro
mfv-marbach.ch
maziaran.blogfa.com
artofwarcentral.com
cdon.eu
sportbalans.ru
bke.cc
mindst.wop.ro
pamebolta.gr
filmeonlinehd.biz
himachalholidaymart.com
eve-central.com
roumon.puk.ro
slater.puk.ro
laemeq.com
technologyatplay.com
infrapat.puk.ro
visada.lt
mpcreation.pl
serindigena.org
www.fyrj.cn
rr.com
forgetteth.wwwwww.wop.ro
ao5.com.br
gamegon.com
e-katalog.com.ua
www.adac.ae
rxlmdh.us
waseitek.puk.ro
tarsushaber.com
jlo6.qiwen5.com
netglimse.com
499.3199.cn
minicruise-guide.dk
guiyang.11766.info
vivekananda.org
hbly.210000.org
yakyutsuku-online.com
derbe.wop.ro
game.b2z.cn
listentolena.com
741.pl
messenger.yahoo.co.jp
bestaa.puk.ro
mihomepaper.com
kouetu.puk.ro
healthonabudget.com
thecoolbean.org
rapidstoday.com
lottosanook.com
drakerig.wop.ro
movie.xinenet.cn
ucf.edu
uaemall.com
assuagem.puk.ro
airmilesopinions.ca
plancake.com
www.148csls.cn
linksweb.org
ihrsupportcenter.de
ssdpedia.org
viceroyhotelgroup.com
hk.damn.so
realasianexposed.com
preacidn.wop.ro
b9brasil.com.br
bbs.cjn.cn
www.dakouduan.com
www.yihaich.com
turtlespider.ru
collegiu.puk.ro
noncarbonated.puk.ro
www.2200y.cn
cylex.co.nz
www.wr.nl
plimus.com
rander.puk.ro
associer.puk.ro
yyydy.info
lubtur.wkraj.pl
coreydp.com
www.ymgu.com
todayearn.com
downloads.pl
gymlondon.org
dbo.131.com
memory-alpha.org
xuzhou.baixing.com
cxjyxx.me
yincoo.com.cn
freecashincome.info
universalm-logistics.com
www.windu.org
pocasi.profi.cz
bijubeyou.pinger.pl
crystaldew.info
garhwali.puk.ro
plasmare.puk.ro
xfsclan.net
astgocall.wanye68.com
www.029wjj.com
kazdin.wop.ro
www.guowang.com
xs1.cn
mck.blip.pl
kentish.wop.ro
marchewkowy.eu
crabwise.wop.ro
kmxr.nfdy.net
ronitt.puk.ro
hi.8684.cn
video.drom.ru
fgui.265link.com
msbookmarks.com
bsdforen.de
rrfg.nfdy.net
verycity.com
outfool.me
lanexa.wop.ro
3dn.info
zest-cantina.jp
atule.puk.ro
kanonista.eu
tickets4bus.com
www.mormonar.is
www.cn-ywq.com
shshitang.com
nurluk.net
www.0554dr.com
roelandmeyer.org
nevadasunshine.info
kyoeikasai.co.jp
xipe.wop.ro
kinda.blog.so-net.ne.jp
jutaowang.com
kumagai.com
viudez.puk.ro
woobin.puk.ro
filmmirchi.com
gcicebreaker.ca
muratorplus.pl
fett-overkill.de
clydeeeraq.blog.com
www.gjdly.com
www.tieta.biz
www.72920.com
newmanveterinary.com
atwatershillings.blog.cz
prideindia.org
www.chaoo.info
overcolo.puk.ro
causers.puk.ro
5201515.com
www.c6ju.4f9.org
www.nfwang.com
yxaxa.ru
strengthgroup.info
dsl.pl
sdtconf.com
haber.soup.io
www.yindu66.com
tianjin.zxxk.com
www.sharp.at
yerivar.ws
obturerais.wop.ro
www.fanliyou.com
www.302s.com
epaule.puk.ro
quep.265link.com
xinjiang.tel
auffisch.puk.ro
ww-914w75.tumblr.com
bragg.com
sousakut.wop.ro
date-spot.info
rocksound.tv
mytrendyphone.dk
dolot.flog.pl
fumin.com
zerbisse.wop.ro
hqplc.com
gamezlinks.net
www.diamec.cz
canadaereader.ca
alusshop.com.mx
travel-blue.com
elescriba.es
ideelok.com
ruserial.com.ua
orcast.net
the500inc.org
iranqpg.com
aufbaus.puk.ro
edged.wop.ro
www.netlab.no
shopbot.co.za
baylorhealth.com
www.zz4f.com
assurera.wop.ro
sixt2.com
dailybruin.com
www.654vv.com
enagsterar.gamerdna.com
isiinori.wop.ro
www.maykhoan.org
venturefinance.in
ledstar.net
cfp.cn
orzegow.home.pl
up.warszawa.pl
socialbookmarksubmissionservices.info
www.aizi.biz
ericyue.info
sarinas.se
aufliege.puk.ro
tgunckel.wordpress.com
rocan.ru
cambio.co.jp
www.6can.com
2-get.de
sportbikesincmag.com
savingmoneytoday.net
www.fanyu.org
arquitecturaviva.com
ontoweb.ru
magazin-cadouri.ro
nlio.nfdy.net
www.jqdvd.com
freeflasharcade.org
www.5321.cn
xg8h.nfdy.net
repell.puk.ro
todoenminusculas.com.ar
www.001union.com
www.tlgy.net
kenchristianonline.com
chat.avbo8.com
www.wakealone.com
aubrie.puk.ro
caty.wop.ro
hiowe.wop.ro
omakai.pl
www.89item.jp
www.941521.com
rindre.wop.ro
mgipu.hr
www.unibros.com.cn
siriusit.net
go4c.210000.org
www.flirtpub-schweiz.ch
xtri.com
rincorrere.puk.ro
raahenua.com
kultboy.com
www.cqtimken.com
quickregister.net
mailidi.com
markteng.wop.ro
auto-evasion.com
lagret.wop.ro
www.abaliget.hu
gangbaar.puk.ro
huandon.huijucn.com
ywaid.com
bssu.k3y3.net
ramdattaguru.org
oldroad.info
onetv.vn
mdyetmetaphor.com
websitegegevens.nl
www.17ttn.com
lxfcyy.com
cruzdesigner.com
djezzygsm.com
www.lnzjmy.com
zasqwewdds.blog.com
bestsitevalue.com
jvrm.210000.org
www.axyjy.com
www.kmmaiduo.cn
crystaltheclub.com
eurobrokers.home.pl
www.hobbyjapan.co.jp
3xf.info
www.qianduzw.com
minimalistica.org
oecp.cn
virus-protect.org
flashscope.com
xtreemhost.com
www.n998877.com
register123.com
59tl.265link.com
hljjj.gov.cn
shu1000.com
habboxforum.com
inboxes.info
robertnovotny.com
avaplus.net
webucuz.com
vpsinn.pl
www.runhetianze.com
bauernhofes.puk.ro
www.monterrey.gob.mx
www.tremon.pl
bbs.96hq.com
www.0912j.com
tl.h2h.cn
www.jammr.cn
animo.wop.ro
logandaily.com
602.wapyc.org
wikkii.net
nokiafree.org
myfreedir.info
pearson.fr
gzjx.info
sentio.it
renrne.com
mestskenoviny.cz
ngamgaixinh.com
www.tmolye.com
batty.puk.ro
tsukuru.info
swiftyshows.info
princesscruises.de
surf.sk
www.nigma.ru
jobonline.it
drpp.nfdy.net
moban101.com
rejuvenicla.com
gamekeys.biz
cqror.com
www.icfrussia.ru
20framesperpage.com
thcfarmer.com
fredonia.edu
48hk.cc
rovo.puk.ro
www.023hsyj.com
competently.wop.ro
lidl.si
lomakka.wop.ro
monicka09.digart.pl
www.sebo.com
ieselect.com
batuzuih.puk.ro
newsarea.biz
www.mohacsinfo.hu
shenmu.sxny.gov.cn
bprq.qiwen5.com
missa.flog.pl
censasyntyo.blogger.hu
poznan.soup.io
sprachtest.de
yoshimor.puk.ro
www.bcad.cn
netmatch.nl
makingmoney.co.uk