gay.fr
krau.eu
webtogs.co.uk
www.jsbdog.com
www.mygw.info
hamptoncourtkennel.com.br
capclassique.wordpress.com
atsqrcode.com
littlespeck.com
bayali.puk.ro
tibetaltan.hu
11thagency.com
lifecyclewa.com
emall-host.com
otthon.linkma.hu
hb130.com
selfesteem2go.com
click.dtiserv2.com
sitesubmit2.com
c7fm.210000.org
zozoleq202.pinger.pl
www.027whgt.com
vsedorogi.org
www.av5.cc
nishizhu.net
edu35.ru
vmg.digart.pl
www.dghd168.icoc.cn
bayamo.puk.ro
boatshed.com
westmdforward.org
5maya.com
dqz8.com
534517.617.user-website6.com
triv.soup.io
celeb.blog.nl
bantierra.es
bestpropertyinvestmentseminarseim.info
midlandsradio.fm
acs.com.hk
topmediaplayersforwi.9see.info
truffelw.wop.ro
nodex.co.uk
hellwaches.wop.ro
aftnet.be
alfred.edu
onaman.net
revistaartesanato.com.br
hd00.com
hechima.wop.ro
baumelnd.puk.ro
newcompanycarz.info
gidf.de
vzochat.com
www.blimp.nl
agatha.co.nz
cravingsugar.net
www.xfdh1.com
alittlewhitechapel.com
zoecarter.com
logga.me
getinstaquote.net
funxone.com
brookes.ac.uk
markdownpad.com
shop60277308.taobao.com
sarasehan.com
877suethem.com
dtqp.210000.org
online-games.dk
c.thor.hu
autohelp.mn
gotowe-projekty-domow.pl
bookmarkingdemondiscount.net
whatsmysiteworth.com
se388.wooee.net
aql.awe.jp
inuvikphotos.ca
tongfei7788.buy.sgnet.cc
www.llpa.lv
chiangmai.go.th
respage.com
da.6h.com
burglaries.puk.ro
getsholidays.pl
kmmsk.ru
pocketgpsworld.com
brossaient.puk.ro
assyou.wop.ro
bbs.gimoo.net
horikiz.com
nom.me.uk
terkel.jp
w.kkaac.com
bbok.org
rockindustry.co.uk
bilder-hochladen.net
www.avuuuu.com
funnybasket.com
www.linseshu.com
acceso.transextremo.com
sjukemel.puk.ro
www.aimeizhi.com
seksporno.info
quickbid.com.tw
www.lhxf.org
wererelated.org
erecta.wop.ro
nurizad.info
lisek.blip.pl
www.yisongshiye.com
securesoft.info
honung.puk.ro
beckerat.puk.ro
conexionesrazonables.blogspot.com
markbladet.se
icar.by
taobao.netyc.cn
spdlxs.78.cn
oscamtips.info
freewebdirectory.com.ar
infoski.pl
electro-mpo.ru
saper.soup.io
adfactorspr.com
www.7x8x.net
scurflik.puk.ro
highendtechs4u.com
xxxxl.info
6zp.info
phcorner.net
portal-info-help.com
www.51hyks.com
www.aoy-4006.com
trelogatos.gr
www.cljob.cn
fabelleer.puk.ro
www.123v.us
griffigstem.wop.ro
besoderen.puk.ro
communitycaucus.com
el-oso.net
sypher.wop.ro
www.7452.com
lse.co.uk
redirai.wop.ro
insidejamarifox.com
parafarmaciamasbarata.es
www.888888.hk
restaurant-ebouillante.com
www.meiguohf.com
logica.co.uk
www.eru0.4f9.org
duddy.wop.ro
chamaeleons.com
changingmaya.com.au
flipviewer.com
highman.wop.ro
www.box.nl
changjihuizuzizhizhouyibisi.fdchs.cn
kotang.puk.ro
overslig.puk.ro
networksasia.net
nobilis.com.pl
crossroadstoday.org
hupress.com
talendforge.org
jambi-independent.co.id
bessong.puk.ro
nicehost.pl
bdxfy.chinacourt.org
map.uoregon.edu
forwarderz.com
flashjuggler.com
www.kk3927.com
microgroove.com
socalireefs.com
audiovideowholesaler.com
01qvod.cc
www.agrijob.net
mxwx.cn
www.88848085.com
faceplus.us
anquyecom.tumblr.com
www.chunvdy.ne
synnegoria.com
www.yhsl.net
cbsebenhaezer.nl
besom.puk.ro
vihilu.com
enlachamba.pe
w3fools.com
www.yitongjing.com
hobley.wop.ro
charge.quote.yahoo.co.jp
thefabriziagroup.ca
chinese.xiamen.usvpp.gov
hnswxybbs.cn
spar-tarife.de
ai880.com
bz.52pk.com
sousurut.wop.ro
pornomedia.pl
dlink.co.id
www.netlog.ru
madoza.pl
mrcs.wop.ro
epool.ru
black.hk
www.5meibai.com
farbmaus-welt.de
moefou.org
megatheriidae.puk.ro
www.ariesqin.com
avluse.wop.ro
yaoq.net
causeries-numeriques.fr
sf.ahcme.cn
43fh.265link.com
literallyinspired.com
thunder-sky.com.cn
spireinme.com
pochemuchki.net
mrpizza.jp
xxxz.nfdy.net
cepingshow.com
icamtech.net
icolor.vn
idd.net.cn
scheepten.puk.ro
wurznito.bloguez.com
sebnglzrxhrvi.blogtrue.com
sy1678.cn.gongchang.com
sye-hk.com
tg.0668.sh
12881.h-x.cn
www.7689.cc
www.789bf.com
www.90xs.us
www.8113888.com
www.shundehk.com
tom365.name
matrixmedia.pl
www.8910.cc
www.899uuu.com
www.89zy.com
www.8paimai.cn
www.she88.com
www.900ff.com
www.91xsw.net
www.99-bill.com
www.shdcxc.com
www.998188.net
www.99bii.com
anamariacorral.info
www.9aixuexi.com
www.9dxh.com
kimaster.punt.nl
www.ac18.cn
www.adong1987.com
www.aipingtu.com
sdsodif.at.lv
www.aizhengyiyao.com
www.amateurtaboo.nl
xcgege.taobao.com
www.amcoding.com
www.aobieg44.com
www.aocan.org
hanirc.org
porno-online.net.ua
www.ap-gangbanwang.com
dyspneic.puk.ro
bonlight.com
www.aqqdy.com
www.aww7.com
kx.nom.vc
www.axmltea.com
www.baguazhang.com.cn
www.baidugoogle.org
macquil.com
www.baikahang.com
www.banjia600.com
www.banzhengwangzhan.com
onlynylives.com
www.bcso.net
www.bcxuexiao.com
lebeconline.com
www.bingjibai.in
www.bingsky.com
www.binysky.com
galeriaportali.pl
www.birdmotel.com.au
www.blogbijiben.com
www.bobayingyuan.com
www.ciip.ch
fishjava.com
www.bomeiyl.com
www.boondocksbootleg.com
lulusex.a-liveprivates.com
www.btwbeer.com
www.bubo.cc
unxao.com
www.by123.org
n45.nkhe.info
www.caobbb.in
www.ch-lawyer.com
www.chat.by
tauron-pe.pl
www.china2188.2008red.com
www.chinahyweld.com
www.chinareplicahandbags.com
gitapack1.com
birleyhighschool.com
www.chinayangshi.com
www.chunroufen.com
www.citywenda.com
www.cnc-jc.com
rezulteo-tyres.co.uk
www.cnshineast.com
weirdseoquotes.com
www.cthg6688.com
www.cyjmmy.com
www.daogouzone.com
www.dapengjixie.com
3vjr.k3y3.net
www.dayuxing.com
www.dgvivi.com
www.dia.org.au
www.dinfang.net
www.vgr100.in
helicina.wop.ro
www.dingkefang.com
sujica.de
www.dnybz198.com
www.dolcn.net
www.dt-qz.com
www.dtbssc.com
www.dzlianxin.com
www.e-loveparadise.com
www.eawball.com
stl.digart.pl
www.ee-crm.com
www.egopf.com
www.fc0.cn
classad.zbinfo.net
www.fhpaimai.com
www.ficetea.com
sakurako.hamazo.tv
canobd.4zc.info
www.flickr.com
pijarukoksu.blip.pl
www.fmjgw.com
www.freewebs.com
www.fuweiweb.com
mangavb.com
www.gdbchr.com
www.gegegan.com
michael-mannheimer.info
www.guaoxiao.com
wysetc.org
japanmgp.com
www.gycwjx.com
mebelmod.ru
www.gzfotile.com
www.gzjinlingwx.com
inzinken.wop.ro
www.gzrinnai.com
www.gzsiemenswx.com
tj.tieyou.com
5tcw.com
www.hack188.com
ipb-ru.net
www.haixia.edu.cn
www.pagesinventory.com
stopthethyroidmadness.com
www.hljbzw.com
www.8886.me
www.hly800.com
entretien.wop.ro
www.hfss.gov.cn
www.kashimo.net
www.howchaba.com
www.sz747.com
www.hs948.com
www.huachangjixie.com
www.hudilu.net
www.hushihui.com
www.seacha.com
www.huzf.org
panelcliente.com
www.hvhsa.com
www.hxdl.com
www.ikbs310.com
seetv.cc
www.ilaoqian.com
cdemocratics.com
www.4rtys.com
www.intellectual.com.cn
www.jcw029.com
ganhedinheirocomcafe.info
yuki.1996.pinger.pl
www.jianzhanzhe.com.cn
klartext.wop.ro
www.gzxljd100.com
smartlearn.de
k4lab.info
tribunemediaservices.com
sinjukuh.puk.ro
383972.com
tukude.puk.ro
lueya.com
qgan.210000.org
www.dayao.cc
soul4rent.org
whxhgp.b2b.youboy.com
gefaesse.wop.ro
www.5210wg.com
modcloth.com
tpshop.ru
elses.puk.ro
www.az.gov
www.qiangren.org
mollusson.org
dewaphobia.com
abogados.or.cr
www.0rbi.com
shurweb.es
moemax.at
www.ndzzw.com
511hz.cn
it.binhyenquan.com
pycnogon.puk.ro
qssryy.info
techinflo.com
gruponacion.biz
www.ryoreika.net
hdav.nfdy.net
starcraftturkiye.com
trouwgel.wop.ro
krasnogorsk.info
wfcity.de
bytter.wop.ro
uswebsitecreations.com
truckbil.pl
theshaa.com
3652888.com
www.amkkl.com
www.hbga.gov.cn
www.lipozenescam.org
www.cnsb.cc
utouto.wop.ro
www.ybsfda.gov.cn
kouloudra.puk.ro
mitkbh.dk
www.lshlcm.com
www.incnk.com
motocrossactionmag.com
www.topbaobao.com
strumpets.puk.ro
sjjx.wgwgw.net
sina-niko-heiraten.de.ki
stylistsresource.com
4008197197.com
krspcb.com
hwbox.gr
coesa.cn
www.mxgled.com
sexy-suchen.com
www.xycad168.com
preteenstop.com
zonzijde.puk.ro
rubyonrails.com.br
sopan.info
kathi.flog.pl
xitti.com
bukmarksocial.info
www.91hehe.com
www.kemiya.net
nevergolf.com
sexjob.mobi
rita.wop.ro
www.papacf.com
mysbi.tk
spyline.de
lyngmo.org
qcatering.pl
sdok.k3y3.net
dylanskloset.com
www.gironet.nl
posobii.ru
anglerschat.com
roc-hosting.info
www.seksdateservice.nl
coffee-makers-review.com
jdnorunnmy.freeblog.hu
babysittersinmyarea.info
vn-mebel.ru
download-fat-joe-ringtones.blogspot.co.nz
gvkw.nfdy.net
carramarro.regalista.canthi.wwwwww.wop.ro
cueb.me
seoboostershop.info
one-viewnewz.info
www.265tc.com
luoma.biz
somany.pinger.pl
top50-motorrad.de
rruss.net
cruzdesigner.com
teenbox.org
dgtvi.it
yellowmap.at
ravit.wop.ro
gratiz.nl
jpl.digart.pl
weble.org
ormus.info
unifr.ch
hcdyw.com
subere.wop.ro
00t7.56dvd.net
kafeidou.sinaapp.com
bouwstof.wop.ro
vardai-design.hu
unsuckle.wop.ro
vikax.prv.pl
66rt.cc
5388.net
m5post.com
www.cqgck.com
carolduboc.com
www.bjjlsw.com
gardenvilla.ch
state.me.us
ruspornolari.com
www.foundweb20.cn
ewsite.se
finnalle.no
jaccsballoons.co.uk
socialsubmissions.info
www.1380w.com
sincere-garden.jp
kirka.wop.ro
dhl.com.ng
vangrind.se
huangsemeinv.org
tiwa.org.tw
praceunas.cz
bai80.com
macromel.wop.ro
votpusk.kz
93union.com
fw.9191.cn
oliverslabels.com
bowenengineering.com
pasotsuu.wop.ro
i-shevtsov.com
nkbr.210000.org
hindusta.wop.ro
clickly.info
vireporter.net
av8.tv
astoreseo.com
fringefiles.com
www.julc.cn
crea.iinaa.net
www.sjz12365.gov.cn
marudny.eu
fjyw.com
unhabitat.org
frm.fm
bbs.520dn.com
ileo.puk.ro
ahshysh.cn
bbs.ylxcs.com
ajilon.com
wiederse.puk.ro
ouisrael.org
money-at-home.ru
pichosted.com
science.co.il
sattop.info
fxfeeds.mozilla.org
reintji.hyves.nl
mtv.pl
ymeye.com
tadwena.com
guiadowindows.net
nibn.210000.org
asdf91.wrzuta.pl
petrovka-beauty.ru
kostnixx.de
burrrn.net
globalmuslim.web.id
onlinedir.us
www.kuaishua.net
cd.jjdbb.com
aktorek.pl
blackfade.org
severouralsk.info
countdown-design.com
yinzerpedia.org
oprah.kbjkq.com
www.nj02.4f9.org
indians-mc.com
wpmu.it
print-ibles.com
fcovers.net
mtsotp.com
www.gby.cc
everyhome.com
x-directory.tk
internalhealthdaily.com
www.uza.uz
tutelati.it
www.ruif.com.cn
511ny.org
cntr.lt
www.mopdh.com
apek.cz
afghanistannews.net
curtaining.wop.ro
kaid.78.cn
korepetycje24.com
thesalsas.com
www.vivaweb.hu
www.xxx551.com
moto110.com
www.mov2012.org
kotzabasis27.wordpress.com
www.onex.dk
tianjin.jinpu.com
ulunix.cn
affiliatesrating.com
derangedrecords.com
re8r.265link.com
imprimante.biz
r25.jp
rsskataloget.dk
vacey.puk.ro
hefei.qiannan.org
lugano-hotels.ch
bigemptybluesky.tumblr.com
buu.soup.io
bus.bm8.org
resotpe.com
www.smxsky.com
nkkt.nfdy.net
unb.ca
tasoiawa.puk.ro
myptc.info
www.silberauto.ee
mikeallmond.co.uk
4148152.c.mychemy.com
jama.ama-assn.org
ddip.info
www.jinyouwei.com
tswj.cn
www.itdashboard.gov
scabenga.co.uk
notesfromafruitstore.net
svenskaturistforeningen.se
grupoarmados.info
www.ykltjt.net
acckomputer.com
www.whjdshebei.cn
articledashboard.info
www.5917me.com
www.ygsh.cn
abbigliero.puk.ro
adygimnazium.eu
cxjyxx.me
bestsitevalue.com
vipmarque.com
patiestevado.puk.ro
cfp.cn
minok.hu
photogen.com
www.kagneen.com
riemon.de
cd-gold.co.jp
dither.wop.ro
pbr.com
www.mygen.pl
talkreviews.co.uk
optipess.com
bengoldacre.posterous.com
biglobe.ne.jp
isozial.so
nivea.digart.pl
manboobsauthority.com
chl.soup.io
lifehacker.blip.pl
bevilger.wop.ro
juxix.com
www.51667.org
ohmygeek.net
www.lancns.com
automobil-info.de
www.farina.cn
aclys.wop.ro
com.be
www.jjbckt.com
lecastlevania.com
vitamincfoundation.org
www.0577wo.com
www.syzszx.org
punatshangchhucottages.bt
mazda.fi
www.hnrjz.com
colmena-arp.com.co