club80.ch
pmxf.210000.org
oz9edr.dk
www.marshrutka.ro
vqqz.nfdy.net
lastdesign.it
blogs.wlc.edu
energiedirect.nl
perak.gov.my
attac.es
1c50.nfdy.net
rtp.pt
studentloansearch.info
download-ludacris-ringtones.blogspot.co.il
photogravity.de
solvity.de
terra.com.ar
video.drom.ru
j4jumpy.net
lamperonline.dk
earlytollywood.blogspot.in
birke.de
wapdam.us
6xrw.56dvd.net
yarest.puk.ro
veedif.wop.ro
castleinformation.blog.so-net.ne.jp
www.dqhqw.net
xixichengyuan.com
kitgraphique.net
www.isance.cz
www.rws-verlag.de
shinra.wop.ro
thegodfatherfullmovie.blogspot.com.es
kohout.wop.ro
conesa.wop.ro
doggallery.hamazo.tv
abrim.wop.ro
science.ru.nl
www.surasuranini.net
grandinare.wop.ro
canadianpardons.info
radiook.co.th
www.sun66.net
neonet.co.kr
iamsport.org
spacisippc.com.mx
mnlinkgateway.org
thyrocol.wop.ro
ist-famous.de
factored.wop.ro
gedoopte.wop.ro
bungee.co.cr
glwx.info
lghost.ru
bausch.in
font.cc
krychukwask.blip.pl
www.sexyxn.info
vistbpl.org
dach.de
arquitec.com.br
100suji.info
urpur.ru
rea.flog.pl
lifo.gr
wilk4.com
tekshop.co.uk
saigonmobile.vn
www.seminar4u.ru
proquaes.wop.ro
zonefiles.net
listex.de
auschan.org
konen.de
underfeet.org
galerarox.net
incarmobilephonechar.3ji.info
activobank7.pt
lylwap.cc
ocgv.nfdy.net
blauworld.de
olderwomen.tv
negishia.wop.ro
nj.xiudianqi.net
compulife.net
vb-reutlingen.de
dahar.eu
crcq.210000.org
www.3vkk.com
borcka.bel.tr
migrainesinchildrenfcu1.info
thegodfatherpart3fullmovie.blogspot.co.uk
latvenergo.lv
elmorlaco.com.ec
www.lessa.so
brxt.k3y3.net
fabiola.soup.io
joylo.net
bbs.docin.net
yktdyy.1168.tv
owbh.210000.org
cgi-games.com
grossraeumigen.wop.ro
creeps.puk.ro
vitanovum.se
www.76e.info
www.rodv.ru
fermapolitica.ro
egymillioeuro.hu
wmmarket.info
republiekallochtonie.nl
agareso.org
ahwazna.org
sukiweb.net
amtra.org
umgeschu.wop.ro
azkorm.digart.pl
www.olx.lk
mefun.info
etgb.210000.org
supersfat.co.uk
recordcollectorsguild.org
hypermedia.cz
ancylus.wop.ro
zvrh.210000.org
contractorsmasonry.net
bio-logic.info
www.geo365.no
4opz.nfdy.net
sarvmail.info
abgriffs.wop.ro
guihuaxiang.com
djongor.wop.ro
cyberkop.ru
aes.blip.pl
ldou.nfdy.net
zkae.210000.org
tuanxiang.net
2o6.info
autofurgon52.ru
www.qingkong.org
animegod.info
anti-scam-forum.net
internet-autoteile.de
anuncia.me
artgen.pl
artikel-nachrichten.de
phoebe.digart.pl
artisten.puk.ro
asciimw.jp
asii.ro
niarchitects.org
assc.ir
astracar.info
hectorea.wop.ro
dls.gc73.com
los40.com.mx
encyc.org
silvey.wop.ro
greenmama.ua
astralangels.ru
alpenverein.de
astrocd.pl
autoflesz.pl
www.bet.co.za
automobile-catalog.com
parksmania.it
nomi.pl
viervoud.puk.ro
zagdiel.blog.xfree.hu
autosoft.cz
indesite.nl
unsuckle.wop.ro
autosusadoscostarica.info
hpod.org
av-paradise.net
mountainbigroad.jp
affinage.wop.ro
av8.tv
cirurgiasplasticas.info
avatars.a42.ru
slapne.puk.ro
www.laoposao.com
grancanariaole.de
newskyenergy.ca
surf.sk
idomain.info
york.houseme.ca
calculadora.org
elses.puk.ro
odbijaj.pl
rodekors.no
ferienwohnung-ide.de
uroda.pl
avatary.pl
vfj.co.jp
awstats.sourceforget.net
azardownload.com
babycity.co.za
badbreeders.net
shmessenger.org
speakychat.net
baglett.co.za
bbs.szonline.net
bf.yzz.cn
openoffice.org
bbs.zm7.cn
ecodelo.org
bdgbf.61.21d3d3lj.info
bdqz.55.la
bdwb.nfdy.net
toprankbookmarkinglist.info
bebservice.info
scarj.asia
bednar.blip.pl
behaartefotzen.net
witnessthis.co.za
bencetoth.fecsegj.hu
benesseremilano.info
beneva.ro
obpn.nfdy.net
beredt.wop.ro
bewerbung-ebook.de
bez-nauki.pl
localdirectorypr.info
bgtorrentz.net
analizadorcontactos.net
bikemag.hu
bikemoto.ru
orbitost.puk.ro
ryojou.wop.ro
stillebe.wop.ro
bilig.cn
zauberten.puk.ro
billingcollegez.info
blog.duyao.de
toefl.xdf.cn
blogs.gaixie.org
zlotemysli.pl
bontempi.it
markunion.hu
balked.puk.ro
bookcase30.jiuyuewoba.info
writersheaven.net
hacoco.net
trepidne.wop.ro
ai59.ndw1.us
iduna.net
horo.wop.ro
ntfhk.tk
bitsense.org
www.las-cruces.org
business-tiande.ru
lamusic.ca
www.wamk.hu
drcsc.org
chin.puk.ro
professortwist.co.uk
bookmark-webassist.info
bookmarkmysite.net
burs.puk.ro
menshealth.com.tr
bookmarkone.info
pro-kartofel.info
boostlink.info
boraie.wop.ro
boudou.wop.ro
brazip.com.br
brilloldies.com
broglie.wop.ro
bromol.wop.ro
pse.cz
bronzefa.puk.ro
dvvo.k3y3.net
brothersofthesouth.pl
brovarek.pl
driverdownload.at
bryanuniversity.edu
edchange.org
buaa.edu.cn
bulus.puk.ro
caber.info
cadillactight.net
camk.edu.pl
urlpulse.dk
www.friendlyrunet.ru
sanchise10.info
watch-back-to-the-future-2-online.blogspot.cz
saoxue.c.la
shijiazhuangyiyeqing.6rj.info
maxbuild.info
www.visitwipptal.de
biodomain.org
bogong.puk.ro
julitucha.flog.pl
mephitin.wop.ro
travsidan.nu
gaga1.blip.pl
ybbo.de
attagency.ro
richrussell.co
souboube.wop.ro
smk.digart.pl
aanschouwt.puk.ro
www.ahbz.net
www.idojaras.lap.hu
capri.pl
cateringoslo.no
univpancasila.ac.id
cddx.bokee.net
cdsqingyq.jinnong.cc
changchunshi.m69.info
cheapbluraydvds.955uc.info
yaki-da.se
titus.kz
6h49.me
dashoes.fr
kosmetikkaufhaus.biz
chncpa.org
chsou.com
classicmustang.sk
senzapudore2.net
clipx5.info
adclic-administracion.info
cloyed.wop.ro
cscomunicarte.com.ar
cndesign.pl
muninsho.wop.ro
cnitc.net
www.jxbgw.net
cnsq.com.cn
handsonlycpr.org
abo.fi
coastalorganizingsolutions.com
towson.edu
pelerei.puk.ro
seller.ir
pubers.wop.ro
zhuzhouqq.qiannan.org
indefero.net
coffeeclubeden.pl
harmoneat.jp
www.cdjj.net
commentplease.blogspot.in
subaru.jp
ladiesbelt.pingguo55.info
wwwcom.ru
thx99.info
www.hsjiptv.com
nezs.wop.ro
boda.wop.ro
compvter.it
trannymovieclips.net
flvto3gp.net
mostfuelefficientsuv.info
convershop.ru
cosmos.mx
feestwinkel-glanebeekhoek.istats.nl
coverville.com
crcci.org
sponzedo.puk.ro
cul.sina.com.cn
ausmuste.puk.ro
cultedad.wop.ro
cy06060.info
cyfrowaszkola.pl
dagedar.com
www.idomi.pl
www.xizi.cc
pc-online.es
daijo.info
nexths.it
diagonale.at
old-ru.ru
diarioimoveis.com.br
dictuc.cl
dokk.wop.ro
theplacebeyondthepinesonline.blogspot.be
domywstylu.pl
dotal.wop.ro
blickwinkel-portal.de
dovolenkaside.info
kerryleaf.info
dynamo.kiev.ua
e-heaven.pl
e-rev.net
asamiyas.puk.ro
e5ej.56dvd.net
www.sdjck.net
emonosale.info
entoptoscope.puk.ro
erta.gov.et
www.easycp.de
estudiantesdesociales.cl
fando.wop.ro
fatuleu.wop.ro
firespray.net
fishki.pl
doomsman.puk.ro
racingforum.pl
sciencemasters.info
meteocenter.it
straeckt.puk.ro
tulambat.puk.ro
1616.net
cxvsxdrph.freeblog.hu
dospara.co.jp
stapletonkearns.blogspot.com
thedepartedfullmovie.blogspot.com.es
consumer-rankings.com
for-wheels.de
salitpa.wop.ro
lixlo.wrzuta.pl
julekw.digart.pl
comofazerorigami.info
w3og.info
oscommerce.info
lxbp.nfdy.net
download-akon-ringtones.blogspot.fr
wagner.edu
peach-leaf.blog.so-net.ne.jp
19ie.k3y3.net
chachala.com
noclego.pl
nhf.org.nz
hdav.nfdy.net
www.lfd.uci.edu
faiv.com.ve
distributedcomputing.info
jaloux.wop.ro
ilsa.nfdy.net
szaunak.info
cameramoda.it
cfkks.info
metsel.wop.ro
tarah.edu.pl
hozy.210000.org
www.bicishop.ro
anime-manga.jp
marionex.pl
meek.ir
www.thos.cz
t-oya.net
menology.wop.ro
tharfcake.puk.ro
achtenswaardig.puk.ro
tvbtm.info
ortskenntnisse.wop.ro
www.realtokyo.co.jp
www.stonetiles.cn
izzbela.pinger.pl
harikageceler.net
platonization.neergelegenen.wwwwww.wop.ro
fs.joobbe.com
www.pkgm.net
bigtopbullies.com
nintendo.es
1sexhotlatin.a-liveprivates.com
eddieb.com
rtpserver01.info
oranjelovers.hyves.nl
womd.info
domeny.tv
extraunza.eu
aigle.wop.ro
plaja.ro
kwaii.biz
ilovehome4ever.info
hdchurch.org
pingle.wop.ro
muc8.info
tirage.wop.ro
pslc.ws
hupan.net
c37.cc
creditdevice.info
smahasbunallah.net
prudential.co.kr
sexnr.info
ogdx.nfdy.net
venturefinance.in
linkbyme.com.ar
news.southcn.com
gekleumden.puk.ro
powerirc.org
dtxd.210000.org
digitalslrphotographytips.org
hothotlive.info
www.70sqz.com
catalyzator.net
bestonlinecasino-uk.info
andy407.flog.pl
bainetspa.fr
gutscheincode.org
www.volthe.nl
appartement-catsop.istats.nl
adaderana.lk
www.hotelpraid.ro
lapti.pl
cslaurentides.qc.ca
bejr.210000.org
csdb.dk
zfa.la8.so
domosti.ru
realestatewebtrainer.info
ruez.eu
mukigens.puk.ro
tempelden.wop.ro
sztucer.pl
socksproxy.wydl.info
shope.info
baresko.no
hungarian-food.hungaryguide.info
iquan.net
hotlyrics.net
youh.wop.ro
360mag.nl
steamwhistle.ca
www.yqwb.net
ganglia.info
duckdownloads.net
filmexxx99.info
umbcbartleby.org
av999.in
www.pxrc.com.cn
dipc.ehu.es
jungleweb.pl