www.gaobiqu.com
www.6565jjj.com
tongliaogongjiao.fdcez.cn
caoliushequzz.tumblr.com
mp3towav.info
kurstenge.kz
www.dlmeida.cn
bellatrix-fans.deviantart.com
www.jbxy.net
beachvoyeurblog.org
nsfz.osa.pl
menshealthhub.com
fanchi.iteye.com
analysiswebsites.com
www.rugbyforums.com
www.cdsyfs.cn
3686.cc
elgratis.es
jkclub.info
www.mdlgay.com
movingblocks.net
www.ponreed.net
harleystadt.de
tubes-4u.com
www.xxx228.com
usisp-qit.net
unicycle-team.de
gwebtools.fr
bbs.freegames.com.cn
controlchaostech.com
www.cnboo.net
www.jiad.cn
idranktheseawater.webs.com
www.zhuzhu.cc
poj.org
guiyang.bgo.cn
domain-stats.info
www.jpdo.net
www.xidi18.com
hopfenberg-erfurt.de
avilo.pl
anasblog.me
efngif.com
www.akjs.gov.cn
fabiolahanna.com
116.com
www.omjncou.com
en.miraino.jp
igyvezetunk.hu
jinghuank.com
www.81ppp.com
weibo.com
18mei.com
gettyimages.cn
rochester.edu
www.950915.info
hotel-stefanik.menu.atlas.sk
eduzhai.net
noeuf.com
blogacg.info
www.well-boxes.com
www.shaonv.us
perdido.flog.pl
51tot.com
mo-ragz.com
www.coolwallpapershd.net
www.hk5200.com
wycipxfx.blogage.de
www.qt561.com
www.sooqu.net
www.ppp97.com
www.66fs.net
www.gxbblc.com
www.840708.com
mp3.zgfj.cn
www.feianda.com
www.997aa.com
spinacz.pl
mydepression.org
www.bdbsxx.com
emergeachildsplace.com
www.lhxf.org
www.myaoke.net
www.021026.com
www.nbgdstgs.com
spron.wop.ro
mm.33105.com
jabbermark.com
www.80sewang.com
madhatterbunnies.co.uk
www.bjbihua.cn
www.ooxxnow.com
qqc.co
www.itunion.cn
www.dvd97.com
qudoushuo.com
www.80it.org
www.nece.eu
www.gevma.nl
96398.taobao.com
www.163666.net
www.mayiol.com
vocalmanian.com
wordpress.com
www.otaku.pl
www.qykm.net
www.hcw520.com
helver.wop.ro
www.ante.cc
www.hotavxxx.com
www.zfeiwang.co.cc
anticapitalistas.org
bit.ly
www.inbuss.hu
frenchkissrecords.com
www.payncticket.org
www.amcoding.com
1024.inc.gs
www.6129570.com
www.bancentral.gov.do
lupus-infernalis.dr.ag
paelk.com
www.zbxinshuo.com
www.taxihome.net
www.ruif.com.cn
www.67nnn.com
toernooien-voetbal.nl
jdd99.tao.bao.com
roelandmeyer.org
mautau.com
gaoqingtupian.info
brgmusicworks.com
veelhoof.puk.ro
freewindows.dk
kaid.78.cn
fashemust.co.nu
iowa.puk.ro
www.22dddd.info
applesandcheeses.com
break-through.org
fywap.net
www.mycoolboy.com
www.csna.cn
www.jasengd.com
percheron.pl
www.jibingweb.net
www.xxx885.com
wine101nc.com
www.lingki.com
sweetdecor.pl
et8.org
changson.net
sccdy.info
www.freebackgroundweb.com
trundlin.wop.ro
m3-e30.at
www-cake.com
51ggl.com
www.80sequ.com
www.c8m.net
www.i-yq.net
websiteslike.org
www.66ssss.com
www.lqshi.com
www.558zz.com
lindatongkanggp.1168.tv
wa1wa.net
www.sbny.cn
qawandazlar.blogbus.com
xian8.org
51quanfan.com
afromen.puk.ro
seopasswords.com
stansted-airport-taxi.info
www.xxx899.com
stalence.com
www.dgmt99.com
human-t.info
www.xbaax.com
xoops.lap.hu
pingry.org
www.shxmqy.com
www.ymysc.org
www.789bf.com
audiovideobliss.com
forums.mapletip.com
ihspk.info
yuufuku.puk.ro
www.n9dy.com
adabalik.com
www.jcow.net
www.tjbxgxs.com
yoogr.com
www.htexam.net
www.thebigbubble.com
bidian.net
www.seo985.com
qykm.net
www.wasmiyaalharbi.com
199wap.com
twelling.com
www.kxnw.net
www.icranet.org
hansell.dk
tao.xiaoyoyo.com
fuzzy3d.pl
97.432ggg.com
yhwh.lcxw.cn
www.vipmsc.com
www.tj-syt.com
www.hncq.cn
caoliugame.tumblr.com
lavani.wop.ro
se972.com
www.eshop15.cn
mo6.me
www.xinfeishop.com
wphostingreviews.com
51jixiang.com
ys.222ii.info
www.syr.hk
one.cz
wallpapers4mac.com
cett.org.cn
qbauaxihoeeg.blogtrue.com
www.7w7.cc
michaeljohnsonline.com
www.gby.cc
www.zdxjg.com
themeswiki.org
changchuncc.net
69879.com
www.k-k.pl
amm521.com
www.pzjiajiao.com
www.banyejijiao.com
7cait.com
www.chunvse.com
www.sesaorao.com
genglou.zj.com
www.saab.ie
www.jhyzxsh.com
13149.cn
www.xxbaobei.com
virtuafighter.com
tmyafcvnp.blog.kazeo.com
www.huntop.hu
www.44440.cn
zgtuango.com
498h.net
cgonline.com
propertyinvestmentgeti.info
tectospo.wop.ro
zl6h.org
www.bjvolunteer.cn
www.xxx667.com
animestage.org
fcyl9.net
www.sspfw.cn
www5.pidown.info
2dickson1cunt.a-liveprivates.com
282826.com
www.51079268.com
www.xiaohaha.us
www.lvlvme.com
javjp.com
myip.cn
adultscriptpro.com
newherveleger.cn.alibaba.com
dvorakdesigns.com
www.xxx883.com
docchieu.tk
www.shikoo.com
www.xxx83.com
dny.1380139.cn
woodcut.web44.net
push2check.info
leadyou.com
fosser.wop.ro
www.uuu25.info
wwf.gr
zdolny.eu
www.zoover.lt
zmxx.78.cn
threee.dk
grunix.com.br
surfnz.com
hellinacell2012livestream.info
indymedia.org
kbwretman.pl
accountingresources.org
brockthemonkey.webs.com
tuberculeux.puk.ro
jiuyangshenguo.1168.tv
hcw520.com
weather.1neng.cn
www.tisztitoszer.lap.hu
www.sdshbsh.cn
vomo.co.za
www.65933.com
selmanc.info
wrellis.net
cdd.me
www.co188.com
www.turboproject.nl
effectivetaxratecalculatoruvio.wordpress.com
www.10010.cn
cernaiasuite.com
meetingone.com.cn
gers.wop.ro
cleanish.puk.ro
momschoose.ru
ckir.aalto.fi
www.027-edu.com
3dpornpics.net
apuliastation.puk.ro
afb2b.cn
mmtietu.info
nurum.net
luomai1.blog.163.com
montgomeryparents.com
sitesays.com
www.shxczj.com
www.hzj.gov.cn
cbsebenhaezer.nl
56uuu.com
codelab.ru
allenbailey.org
hugg.info
somna.puk.ro
www.zsq11.com
teen35.info
tetsig.wop.ro
thetopdirectory.info
www.wuhandujiacun.com
jl.wasu.cn
www.987nn.com
www.blmoto.com
www.888888.hk
xzie.210000.org
articledashboard.info
hupan.net
doornkop-jackrussells.co.za
mm.xsdxw.com
wingofwind.info
spontanei.puk.ro
pang.soup.io
xixihuafu.com
www.pkdrcz.net