hwkk.net
bitchmagazine.org
oooforum.org
www.543cc.com
www.lfzmcs.com
www.dapengjixie.com
www.av1414.com
www.liftech.net
kathleenleavy.com
www.gameswelt.de
www.a-free-guestbook.com
craigslist.be
www.220ee.com
www.xxx225.com
cq.bbs.jiaju.sina.com.cn
echu.co.kr
17ayx.com
www.hwfanli.com
www.ycrenti.info
www.11rrrr.com
www.6sss.24.gg
office.hbu.cn
afyx.cn
mujglock.com
guatecantina.com
infektstudio.com
www.zgtm.mobi
www.paozhen119.com
alivenotdead.com
www.liansuoxiaoshouw.com
www.lyjw.gov.cn
dzieciom.pl
www.tuoba8888.com
www.miqi.tk
gulasoft.uw.hu
saii.puk.ro
webpagerankchecker.com
new.leta.lv
helenlambdance.co.uk
sunraypowerllc.com
www.un5888.com
chachala.com
b680.sutra999.org
www.555bo.net
www.news.admin.ch
886879.com
www.913hg.com
wap.tkwap.com
xtcdomains.com
gyysxx.lyge.cn
17fav.com
stearman.us
mynewwomb.com
www.aibidh.com
m.zy357.com
sexendirect.biz
www.630soft.com
jcaconstruction.com
xggx.zsxx.e21.edu.cn
17syy.com
mywebsitepr.com
latina.sexy-pic.biz
www.17css.com
hollaatwoody.com
www.cftyj.cn
zeclubs.ru
salsaforums.com
saps.moe.gov.my
www.yw78.com
juve.by
www.damuniu.com
yhwc.me
kazino.cc
www.hhaavv.com
helponline.ro
vertexwebdesign.co.za
www.imeizi.be
parkour.pl
itchmo.com
s.smhp.jp
www.xiaoqingtz.cpanel.my
jeef.com.cn
uuzn.com
www.selenaonline.org
sanfranciscosfaccountants.com
web.qs12315.com
www.zwgay.com
codou.com
thecoopfam.com
www.tyyyqqxyq.com
linuxpourlesnuls.org
donodamina.com.br
www.szleadway.com
anglerschat.com
www.ady69.com
eventy.nf.pl
weblinksite.com
go755.net
yourenetworks.com
linkhappy.info
passwordup.com
www.qjedu.cq.cn
www.2222bi.com
wechselwinkel.puk.ro
tiao.600ai.com
hybz528.com
strooiav.puk.ro
www.twjjj.com
bedandbreakfastwiki.com
lueya.com
www.220ai.com
se131.xx2100.com
hurghadadreams.com
grosrestdido.gamerdna.com
www.aopengzuoye.com
nctxyyspl.skynetblogs.be
the-maglers.info
geroutin.wop.ro
solar.gz.cn
pin68s.ugu.pl
aboutthedomain.com
bogaticom.com
fas.edu
www.678eee.com
trimtex.ee
tyhlztgt.1168.tv
www.npx700.com
www.78170.com
www.70kk.tk
www.771aa.com
88.beihk.com
otvetityt.ru
cl.orc.st
www.70015.net
www.zhexia22.com
jrsebooks.com
www.1dxh.com
www.culcn.cn
lintasinternet.com
www.444bo.net
mda.or.jp
www.roya-hk.com
www.scott.pl
cb6.cc
www.7bobo.com
penguinplanet.org
www.125jia.com
www.yiku.ws
www.ksftea.com
topilehtipuu.com
www.xurong.cn
hz.zgzx114.com
www.yamietie.com
www-stone.net
966p.com
mhsalumesquires.com
www.432ggg.com
www.lishow.net
4399.yxyz.asia
www.59haose1.com
516fc.net
www.100822.com
www.camaroz28.com
www.51selangwo.com
www.665mi.com
www.monterrey.gob.mx
hahayou.5on.de
hi668.net
smaczniej.pl
uplink.pyroscribe.com
www.wlyoumin.com
newone.org
gow.by
media-sprout.com
88.ggtt.cc
www.etkqq.gov.cn
www.lzwtattoo.com
01e6.com
zeigte.puk.ro
workwithjessemeyers.com
www.wbw.org
zakko.digart.pl
www.llse3.net
gonweb.co.jp
www.253399.com
www.xxx441.com
www.3a666.com
49txc.com
worldisscreamingsilently.eu
www.ciops.ro
www.qidiangouwu.com
jpnvren.info
www.vgr100.info
17youdao.com
www.cps138.com
thefutureofthenhs.com
mebel-olimp.com.ua
www.szqcw.com
www.tajf.gov.cn
b2b.cits.com.cn
www.188soft.com
www088.com
meganlevering.com
www.zhufengslate.com
www.lsxs858.com
eromitai.2chblog.jp
av178.net
rapidleech.com
www.xxx456.com
ipielle.it
www.nnn62.com
mi.99bitgc.com
skydoor.net
wahines.puk.ro
filmhoer.nl
uridea.net
furk.qiwen5.com
sjzsfjx.shop.qihuiwang.com
juliawroblewska.pl
zfn8.56dvd.net
www.789zy.us
disciplinons.puk.ro
17or.net
auto.0916.tv
6hwap.cc
www.dsshow.cn
slideme.info
www.sjjs.com.cn
www.cdcz.net
bryn.wrzuta.pl
ignitefire.com
www.sss4567.com
hk49.cc
hunter-gamers.net
www.f2688.com
17ing.net
muou.info
overhaulinforums.com
business.westernunion.nl
smf.jpacforchange.com
startbookmarking.info
cofunds.co.uk
phoenixrisingradio.net
www.y4dg.com
jumanji.art.pl
www.badaos.pl
pornbig1.info
guajiwangzhuan.lingdi.net
articledashboard.info
cubestat.com
www.596kk.com
thyj.yzz.cn
digi.cntv.cn
hytcwgyx.blog.mongenie.com
www.sumiao.net
www.3339.cn
www.kmys.cn
520kx.com
www.zhzsgc.cn
178177.blox.pl
kamasound.com
56le.net
tempteren.puk.ro
guangzhou.wshu.info
www.hs948.com
preshunt.com
90hi.net
hy1158.com
www.442x.com
www.zqdtblg.com
a.xx52se.com
www.old027.com
camelegg.com
www.xinyady.com
cheeseheadscustoms.webs.com
t37.love100.us
linyi.sd-n-tax.gov.cn
lovas-kifestok.kifesto1.hu
qqc.co
slicehost.net
docomo.biz
yot.org.hk
1net2.com
176gz.com
countryman.co.za
www.hrssx.com
abortionreview.org
www.traumringe24.de
www.90km.net
rizi.in
zhouchuan.net
vautrais.wop.ro
www.xxx881.com
hispanictips.com
berber.com
haxcommunity.org
myphotocollage.de
uir.ir
hrdf.com.my
cotojest.info
www.gegegan.com
dickwu.com
stalkerfrance.com
statmyweb.com
www.111zy.info
hy16528.com
thecinemaniacs.com
tymoshenko.ua
ssdpedia.org
narew.info
www.guajiwangzhuan.lingdi.net
scamsa.co.za
qujiaozhi.net
top-motion.be
www.av977.com
www.aaaa848.com
bobidc.com
huntermwr.com
dueti.net
huanggang.house.sina.com.cn
clinanthia.puk.ro
zcwy.cc