clarksons.net
sg9w.k3y3.net
guihuaxiang.com
cn-english.cn
www.99.selang.com
chisso.puk.ro
cr8.lv
freemovies007.blogspot.dk
uudc.cn
beijus.info
kravfitnow.com
poste.ma
illel.fr
gutti.info
epaule.puk.ro
rw.org.ua
mayau.net
refresh.ro
vacu.org
cjuez.co.cc
tapanta.info
pornohd69.info
www.leling.cc
pinataisland.info
samplescanada.ca
depdagri.go.id
suseong.kr
eldia.org.ua
expander.pl
2020.home.pl
sexehook1.info
web-h.info
sofields.com
iam18.info
l88.atvtm.info
windbag.puk.ro
cdlyw.cn
masc.amigo.hu
1314q.info
weleda.jp
norton.mobi
www.meizhou.net
queest.puk.ro
jinxiaqingsu.1168.tv
deklamat.puk.ro
varma.fi
achiyala.puk.ro
muchman.digart.pl
www.66602.net
farcir.wop.ro
www.wamc.org
tces.co.in
t-online.de
jerseys-mall.us
bestsales24.info
bulkhead.puk.ro
c64games.de
peterbergmann.info
merell.puk.ro
hupan.net
szalona93.pinger.pl
somden.wop.ro
ginestre.puk.ro
rouletti.wop.ro
2zlote.info
www.lingdutu.co
vurv.nfdy.net
smartblonde.net
milano.china-consulate.org
teezkehqpc.blogage.de
bollymania.in
replacementwindowskansascity.net
swjproperty.com
open-bio.org
juancong.com
splays.wop.ro
webs4soft.co.uk
axispay.co.in
hjemmesideskolen.dk
bikemagazin.sk
puiserio.wop.ro
wmdn.ru
esuaspelak.blogger.hu
noushi.puk.ro
kebrokan.web.id
coloringpagesforkids.info
oldstyle.wop.ro
sevensamuraifullmovie.blogspot.cz
superangelical.wop.ro
roisteringly.puk.ro
minecraft-wiki.nl
click.dtiserv2.com
germancraft.net
rainbowcity.cn
chachala.com
www.promovision.ro
kwetsing.puk.ro
www.roca.pl
socialbookmarkz.in
selecta-multimedia.nl
webservicekoeln.de
to2.mx
lxkk.210000.org
verhaltensbiologie.de
itkontrakt.pl
snokt.wop.ro
gynge.wop.ro
hizlidosya.net
www.987aaa.com
salzgitter.de
cctvxf.com
cybercom.ie
wecansex.com
greece.org
pikehunter.se
fluxibleness.wop.ro
needfulthingzs.org
awera.puk.ro
cyberpuerta.mx
presubst.wop.ro
httv.210000.org
weathertech.ca
krokus.bialystok.pl
www.mm2.cc
sohu.laomo.us
senkes.wop.ro
endzeitwiki.de
farmacopedia.com.ar
copipe.info
psearch.yahoo.co.jp
novamed.pl
safe24.pl
erokyokucho.livedoor.biz
www.sgrt.nl
prijsbee.wop.ro
gipnoz-new.ru
tokillamockingbirdfullmovie.blogspot.se
99bbbb.info
kettingloze.puk.ro
it.gg
rpgamer.pl
unvizard.puk.ro
addo.co.jp
gsdh.k3y3.net
ladygamer.jp
nenaborrero.cl
sferakon.org
proficredit.pl
xerxes.wop.ro
0533jjc.info
hro.ir
bdb.jiangxuezhi.org
www.uxx.cc
www.casalot.de
apple.bloks.cat
picklehe.wop.ro
stadvoog.wop.ro
bryn.wrzuta.pl
altiloquence.puk.ro
solidarni2010.pl
diosyelrey.co.za
www.tenw.nl
www.3mb.nl
pitgam.net
atehenmei.com
roundhousekick.de
shua.in
aitc.nfdy.net
www.jiese.in
www.ivt.se
dr-rath.de
typhoontommy.info
jiqingxx.info
financiallinkdirectory.com
adultcity.to
nhadatvip.vn
247.org.ua
sh-rashid.net
same.wop.ro
thepapershop.info
seo-heidelberg.de
keepyourbookmarks.info
vip.sanm.info
rovers.co.uk
trackid.info
tybjerg.info
vip.kuaibo.com
dfs.is
hkaluk.wop.ro
leso.epfl.ch
fosser.wop.ro
surgeryloansforbadcredit.info
kasja.pinger.pl
toppotraviny.cz
en.dnstools.ch
efox.cz
gotbusinesscards.info
kaptajn.wop.ro
enamours.wop.ro
glitter.pl
ville-larochelle.fr
youngminds.org.uk
rodete.wop.ro
servcorp.fr
concordiapdx.org
dorobkiewicz.pl
bvzj.210000.org
vlju.210000.org
ibnn.nfdy.net
www.nta.go.jp
domesticquest.info
bjltly.com
4blog.info
www.arkeia.pl
greggypedia.info
binhduongbds.com
kidney.tk
cdbaby.biz
www.8h688.in
www.sinchou.net
sectionz.info
www.wxoumai.com
korseberg.com
p6p6.com
www.yindaoyindao.in
liloy.info
mozilla.jp
w822.wrzuta.pl
etudiant-paris.info