blog.imwyc.net
premioartelaguna.it
arih.210000.org
stcousair.co.jp
busticate.wop.ro
berkeleycollege.edu
pnky.nfdy.net
nszc.nfdy.net
lawgazettejobs.co.uk
hallofsports.info
voicedir.info
zibi.wop.ro
meterpodu.in
discountkuechen.de
wongyai.puk.ro
best-compact-digital-camera-wi.blog.hr
rbnzsecure.co.nz
event.ru
panetela.wop.ro
flieg-ab-basel.de
hetvoorportaal.nl
s3s-viaj.com.br
bobo.434pp.net
creepiest.wop.ro
dvd.weblink.hu
phlegm.wop.ro
emonosale.info
teknonym.puk.ro
fatknjmbgc.blogger.hu
airmilesopinions.ca
sbenergy.co.jp
ingresso.com.br
haodian8.info
fertility-world.co.uk
unknownclubberz.org
mimoso.puk.ro
rechnik.info
ksmym.bianyaqi.biz
zementiert.wop.ro
undisturbable.puk.ro
zykwd.78.cn
ashookfilm15.in
adclic-administracion.info
ressuscites.puk.ro
planet-vampire.net
bath.ac.uk
xn--schns-lua.de
internews.org
gic.fr
censasyntyo.blogger.hu
www.motoair.hu
alphaoch.com
nehasjournal.blogspot.in
slowfood.de
www.everhost.nl
plazapublica.com.gt
preshweb.co.uk
sucaiba.net
6dsd.nfdy.net
flyer-miles.com
secure.com.mt
musicbar.cz
86ma.tk
kaew.puk.ro
dumlupinar.edu.tr
meusacessoriosapple.com.br
kino.kz
poyner.wop.ro
vecer.com.mk
erenwu.com
www.pjk168.co
www.dglg.net
39.hu
www.cfsi.org
3fcy.qiwen5.com
luszczyca.info
thepapershop.info
homogeny.wop.ro
immondic.wop.ro
tualet.net
lifebysandra.blogg.se
ncartstrails.org
boi.gov.bd
nagisayoko.net
subbrigade.puk.ro
szaci.atw.hu
sophia.ru
pakos.digart.pl
escort.com.vn
farsahang10.in
aftakte.puk.ro
moodle.pl
ribaltate.puk.ro
totalrecallfullmovie.blogspot.co.at
www.ntjxt.com
yo.tsyouxi.cn
gmt8.com.hk
bjmemc.com.cn
www.hodeverk.no
gutt.wop.ro
autobazar.od.ua
excitingcommerce.de
ultimate-power-profits.me
tvaz.nfdy.net
hdmax.pl
kaytag.puk.ro
meliadus.wop.ro
bleibenl.puk.ro
berge.wop.ro
rosi.cc
dazaifu.wop.ro
dy365.tv
superbude.de
index.go.kr
bosque.wop.ro
denkspiele-online.de
versicherungsnetz.de
avrettet.wop.ro
nemausa.info
kidal.info
knallgrau.at
nhadatvip.vn
netafull.jp
nt.com.tr
sdfkh.co.cc
fpt123.biz
lycorine.wop.ro
quickbid.com.tw
iamsport.org
fujikyu-railway.jp
caven.org.uk
telefon-treff.de
bouwstof.wop.ro
beak.puk.ro
ashy.pinger.pl
irishinfertilitysupportforums.ie
akt-online.nl
hungaria.org
shua.in
99yy.org
free-board.org
sry.pl
ouzhoushenw10yb.1168.tv
kitcheninstallation.org
kyhappyask.info
rutd.nfdy.net
dfs.is
silentspring.org
fabrics.ru
tradepad.net
jcreator.org
tariffab.puk.ro
delaciudadfm.com.ar
soccerrumors.mobi
eschaton2012.ca
veraccijns.euwww.wop.ro
boerse.wop.ro
localdirectorypr.info
dahar.eu
eurofriend.de
dvvo.k3y3.net
silvey.wop.ro
strukturalismen.puk.ro
kazumial.blip.pl
takenots.wop.ro
jerah.wop.ro
whro.org
underfeet.org
www.pkgm.net
www.qingkong.org
rooftop.sk
yktdyy.1168.tv
neonet.co.kr
rfip.210000.org
www.scdzzx.net
kuro-cat.jp
cogiaothao.info
katvond.net
zdrada.net.pl
gameavatarvn.org
muirnet.net
muchman.digart.pl
mister-auto.it
matchfishing.it
voxx.info
thegothicclothing.co.uk
octocore.es
a59choppers.nl
qgxk.k3y3.net
dir-search.info
abgefass.puk.ro
mabaa.wop.ro
fosser.wop.ro
horizontprint.hu
a2ultimate.org
mfht.1168.tv
imlemeb.info
cnzz.net
mercedes-benz.com.cn
moud.wop.ro
faunaexotica.net
www.xiaosege.in
fcxq.56dvd.net
nrc.hu
www.itdashboard.gov
quicket.co.za
maakowiec.soup.io
dmdmoda.pl
wainyi.wop.ro
magliettestore.net
schrans.puk.ro
saurabhrai.info
d47g.k3y3.net
priv.no
euroclinix.com.pt
jymd.210000.org
jbk.39.net
cosmedictravel.pl
wetterstationen.info
suxiaohaochangw.1168.tv
unwithdr.wwwwww.wop.ro
chikotuk.wop.ro
dyuc.210000.org
butorowydwor.pl
ganesza.digart.pl
bioto.hu
kasi4ka.info
io.com.gt
saviugdosklubai.lt
psgui.com
mondeos.pl
store-burton.jp
sabaudia.latina.it
zertruem.puk.ro
triboo.it
hipgnosis.us
neiyipp.info
otodok.puk.ro
gigabooks.ru
enterbio.es
photographer4me.co.uk
zhidao.gxp.cc
imobiliariasflorianopolis.com.br
tybjerg.info
gskkoch.de
aphemia.wop.ro
www.wwf.org
magasins.bouyguestelecom.fr
brothersoft.jp
zoomacom.org
melone.wop.ro
articulions.amorism.wwwwww.wop.ro
ufaina.wop.ro
meetchristians.co.ke
toplistenserver.info
polaris-systems.de
2zlote.info
passiers.wop.ro
pachyoto.puk.ro
otv.com.lb
ketsubut.puk.ro
tasoiawa.puk.ro
smart-single.co.za
fr.user.26l.mobi
causers.puk.ro
kompressen.wop.ro
6star.info
www.0731.ca
alsaha.co.il
avtorem.info
napavalley.edu
dentalbraces.com.au
www.rws-verlag.de
www.elshop.lt
obstinacies.puk.ro
tamilvu.org
smkim4-smd.sch.id
buftea.olx.ro
chachala.com
goctn.wap.sh
iomoss.dk
tagungshotels24.de
we-cms.info
aforizms.ru
expocentr.ru
dvdkurs.info
rayanmehr.co.ir
www.hainanweb.net
lovepart.net
stoffene.wop.ro
doingbusinessjapan.com
falter.at
suderai.wop.ro
www.schizoid.info
www.amaks.ru
tasmc.org.il
www.lg-net.cn
motivacional.com.ar
loansettlementz.info
www2.cem.es
cashes.wop.ro
hebinzhicheng.com
www.xiangbin.biz
quickregister.net
demotivateur.fr
golden-circle.biz
www.elca.org
www.kifesto.atw.hu
lozi.wop.ro
www.tieta.biz
hoclienthong.org
magnitudeerror.wop.ro
verlamt.wop.ro
eingeklemmte.wop.ro
100000volts.com
omkorningen.wop.ro
maarch.org
jarnvag.puk.ro
ger1.co.cc
xxxbolivianas.info
sdxy.210000.org
citent.puk.ro
www.qile520.net
alkupone.ru
ylink.in
automobil-info.de
aeminpu.com.ar
globalvoicesonline.org
aphthita.puk.ro
ggd.gr
yellowhost.co.uk
gesamtvolumen.puk.ro
fitgesundschoen.de
super-turbo.net
rhxo.210000.org
ursinus.edu
wmdn.ru
www.0396.net
aslvideo.tv
zafriko.pl
wap.lezbi.biz
inslaap.wop.ro
iguanaloco.ch
atrincherados.net
diariodaparaiba.com.br
darcoran.net
afslijpe.wop.ro
mostravo.wop.ro
sitetiffany.info
bialystok.pl
iamministry.us
legadolibre.com.ar
underhentai.net
sanmartin.com.co
timmi.puk.ro
ebiten.jp
www.mlqd.info
aijada.puk.ro
unitedcardists.net
fallindebu.net
webapplicaties.uwpagina.nl
comambiental.com.ar
bsjuoqad.blogger.hu
www.xxx775.com
deww.lizhidy.net
freeseobookmarks.info
sanconhantao.net.vn
megaplayer.info
kmg.kz
vip.sanm.info
ofb.gov.in
oilgas.gov.tm
www.netpas.cc
helperek.hu
ferrugiento.puk.ro
schoolrecruiter.net
high-and-low-full-movie.blogspot.co.il
flashstreaming.tv
chamaesi.wop.ro
kupelnegs.sk
hupan.net
escuelaing.edu.co
onelife.pl
arvejote.puk.ro
clearlytoomuch.info
www.cisnet.pl
pmsteel.com.my
lajos.puk.ro
hostingsupport.it
seo-profitool.de
kingwilliam.biz
pfaehlen.wop.ro
www.qu.cc
www.ivo.pl
filegate.net
jtwa.210000.org
szahara.lap.hu
x-narod.ru
printer-spb.ru
legalturkey.ru
rapformat.ru
www.nnsxg.net
overshoo.wop.ro
freebookmarkidea.info
siyoujik.wop.ro
stach1111.flog.pl
beahoogland.hyves.nl
www.uxx.cc
easyart.de
download-lmfao-ringtones.blogspot.hk
lousigerblick.de
bekers-nijntje.istats.nl
nonsane.puk.ro
aovestnam.vn
acfe.nfdy.net
dienmaydienlanhbachkhoa.vn
explorekerala.org
abbye.wop.ro
www.torst.pl
flibusta.net
www.nigma.ru
weihaiganji.qiannan.org
ananskikh.ru
radiotha.wop.ro
flashmap.org
apromax.info
jastimber.co.uk
v4mk.210000.org
zvcd.210000.org
sergiolopes.name
stylishfetish.com
unscathe.puk.ro
dyslexie.startmenus.nl
forema.it
muc8.info
freebooks.vn
fichtenhoelzer.puk.ro
phagocyt.puk.ro
reunie-bolsward.nl
tomeful.puk.ro
herrensi.wop.ro
eqtt.k3y3.net
pantallazo.com.uy
northdakota.jobs
exvoto.wop.ro
otonayou.wop.ro
otthon.linkma.hu
radioera.com.ua
tukude.puk.ro
anbringelse.puk.ro
sae.edu
receptyonline.cz
efficom.fr
sackett.wop.ro
mistergeek.info
stampamm.puk.ro
omtuin.wop.ro
www.oipa.org
careercert.info
kinaisho.wop.ro
opiniolandia.com.ar
ppzgzeze.skynetblogs.be
skylineillusions.net
canadaereader.ca
syariki.puk.ro
anthonyrobbinsfoundation.org
pyrrhocoridae.wop.ro
xgnn.nfdy.net
instantautoinsurancez.info
unite4peaceonearth.info
dets.wop.ro
senshundo.jp
www.pjm.pl