help.ninemsn.com.au
www.nemtv.ro
help.voc.com.cn
www.aussielines.nl
open-bio.org
shiny.flog.pl
hemine.co
calvinis.wop.ro
themakeupgallery.info
juancong.com
azerros.ru
localbizseo.info
henan.gkcf.edu-hb.com
henanstone.net
manshen.net
hengyang.zx123.cn
herbarii.wop.ro
tubexxx2.info
hinagroup.gov.sina.net
interkontakt.net
historiasztuki.com.pl
memesdanet.com.br
hit-counter.info
letswrite.info
hktkw.net
www.9423.me
phongkhamnamkhoa.vn
hkum.net
456.net
baobeihi.cn
beyond.pl
honeymoments.com
caratterizzato.puk.ro
www.bosztorpuszta.hu
hot-woman.net
massakriertest.wop.ro
howtosendlargefileswithoutemail.com
sexnic.de
hra-news.org
huazhuang8.org
bjqdzq.com
thecae.wop.ro
9560.56dvd.net
ezedir.com
bek.91yao.com
www.aceshop.jp
weresorry.org
xixihuafu.com
asuspda.net
hz.zx123.cn
punkshop.pl
iberia.de
iogonline.net
idealizar.puk.ro
www.al-ko.com.cn
imenicka.cz
playup.com
imf.org
omonon.info
imprimante.biz
indaindustry.com
szextube.info
bcz49.com
linda.com.pt
infofoto.gov.bn
nwlk.210000.org
58g1.lizhidy.net
medikalize.com.tr
www.cftyj.cn
infoius.it
senukeseotraining.com
interhead.pl
trimup.co.nz
www.drv.nl
easytolinks.com
ipcl2012.blogspot.com
sackett.wop.ro
pageonetraffic.net
www.yscl.in
kidzom.wop.ro
autogids.be
poimel.info
punggol.sg
alip.tk
baozi.info
59-specific-special-papers.com
tubexxx18.info
prominere.com
fikturo.info
kloa.wop.ro
israelinnovation20.com
sentio.it
italiaabc.it
llsmp.org
itmop.com
biotreat.info
ivan.be
fenixcomp.ru
ixck.com
www.8090.so
bbliveshow.info
lahjeh.com
imigra.com.ar
community.btbuckets.com
e1ns.qiwen5.com
vision-ua.com
ccec.org.ar
numan.puk.ro
abbrunar.puk.ro
bullguard.com
gankoya.blog.so-net.ne.jp
tradestime.info
futureclub.us
apn.com
www.msz.gov.pl
jeanlucbeghin.com
freepricealerts.com
j-lou.info
kiefit.com
focandoanoticia.com.br
mi.99bitgc.com
nonghyup.com
j6mp.265link.com
swerve.wop.ro
himler.digart.pl
jamisbikes.com
www.chinatianbo.com
jamp.cz
jandp.soup.io
www.taotao58.net
jandstransport.co.uk
janequeo.puk.ro
japanskates.com
40ph.com
japoneczka.pl
sandradans.com
jardiniere.puk.ro
jeans.pl
buffaloctrc.org
gupiao.5w.com
51ava.tk
jedinstvo.ba
yllr.210000.org
jesusfreakhideout.com
jikast.cz
jimbou.info
hunvo.com
jinbaozy.com
hipkingdom.com
annuaire-voyage.info
jj84-d76.diandian.com
utakkb.net
pc-hameln.de
jl.wasu.cn
eurasiareview.com
shivasljocht.nl
erriko.it
jofama.no
jognote.com
78v.com
johndyer.name
johnmasters.com
jonkertjes.puk.ro
ipma.ch
clipxxx69.info
jorf.co.jp
cylh.taobao.com
joswide.blip.pl
swiat-zabawek.pl
56tk.net
journeymusic.com
eingeklemmte.wop.ro
videoxxx16.info
igp-web.com
ankeoks.eu
jqju.nfdy.net
autson.com
js.wgdnf.info
mangguo.org
jstour.gov.cn
jswsky.us
lphp.ru
marie-testet.de
jt.ahfn.gov.cn
link2party.nl
rzxamsdhzk.blog.kazeo.com
iberostar.com
ostrowiectv.pl
padmak.de
ixxi.nu
juancano.net
indexspider.net
gpnetsoft.com
acceso.transextremo.com
judgemysite.info
766e.k3y3.net
34sp.com
lespetites.fr
lzqf.net
salon.com
cgi-games.com
devilgaia.com
ifindez.com
juetuzhi.cn
juneparenting.com
domstol.dk
ringbane.wop.ro
jungproyect.es
justdohits.com
dep.cqwu.net
justice4erik.org
www.jbt.pl
www.dotime.nl
felonykat.info
www.whyred.se
vinka.wop.ro
sinoner.com
justinboudreau.com
tadalis.name
thehungco.vn
albporno.com
justusmen.co.uk
vecer.com.mk
b2c.958shop.com
showbiz.jp
juziseo.com
telkes.hu
r43dscanada.com
bestpagerank.info
jwkd.nfdy.net
polskiedzieje.pl
czasopism.pl
k-planning.co.jp
www.kalinowski.pl
januario.wop.ro
freeby.puk.ro
kablelink.com
codeforces.ru
alfjxt.blogbus.com
72t1.210000.org
google.co.bw
love-news.jp
kaerchercenter.at
www.5201515.com
ssve.210000.org
jaslonet.pl
kali-gula.flog.pl
freelance-seo.es
slangegif.wop.ro
sensikim.wop.ro
insufridera.puk.ro
globalvoicesonline.org
kamtime.ru
pengz.digart.pl
dregslist.net
kaneduka.wop.ro
www.albeka.nl
www.dglolen.com
kaptajn.wop.ro
kit.edu
bbs.96hq.com
mushahed.info
keanu-reeves.ch
keiba-kensho.seesaa.net
keieisha.tw16.jp
airdave.it
maxwap.pl
khantv.com
kelanzuanshi.26kg.cn
hebrewbible.co.il
kelliesconsignments.com
www.82526.com
hahabei.com
kellsroadraces.com
www.szcytsxh.com
kende.com
ccbank.bg
allaboutreviews.info
5mf9.265link.com
kenyaplace.com
pdflive.info
northdakota.jobs
netpoint.com
kereskedelmi.hu
quachdaica.info
ccarb.org
keth.tk
adamsbas.wop.ro
charmeet.com
ketnap.edu.vn
www.znkk.cn
afschuww.puk.ro
citroen.fr
spb.renavigator.ru
ashdcl.com
ketquaday.vn
thecoolbean.org
d2fe.k3y3.net
www.tov.nl
beerleg.com
oprichte.verweichlichte.pfieffer.eekhoorns.wwwwww.wop.ro
allrecipes.co.in
shoki-bai.co.jp
khawar.wop.ro
apteka-internetowa.ugu.pl
988info.rs
khoaluan.vn
freelancejob.ru
pyrula.puk.ro
filipetto.com
hybridhealth-shinjuku.jp
roelandmeyer.org
diariodesorocaba.com.br
knjs.210000.org
021pfb.com
www.kdy120.com
umb.edu.co
ciss.wop.ro
victorygardenvegetables.ca
easyfm.lv
www.bukaya.net
decodesign.cl
maane.wop.ro
jjg.net
www.reestdal.nl
signsexpress.co.uk
korrosion.wop.ro
barbariangroup.com
varicoseveinscausesqqsj.info
book.hmz.cn
wol.digart.pl
mbili.wop.ro
6w6w.net
3er1.com
islongs.com
megahugebacklinksdirectory.info
onlinepharmacyreviews.biz
hongmu.biz
thermale.puk.ro
www.jsqw.net
2012.cntv.cn
topbrowsergames.info
lupus-electronics.de
webia.info
articledashboard.info
wikirejo.com
beautyeditor.ca
perisarcous.wop.ro
help.163.com
sjapte.wop.ro
91530.in
carptigers.at
centralcomputer.com
eic-party.de
www.pjotrs.nl
pikcy.a-thera.jp
www.qq88km.com
silke.digart.pl
energielive.ro
lessons-tva.info
mcsesolution.com
siddall.info
myjizztube-d84.diandian.com
kunstcafe-silvia.at
3erp.net
successus.dk
lamantinera.it
hipshop2.tk
imbolt.com
campings-belgie.startbewijs.nl
brighteroption.com
pavelm.ru
tyentdealers.com
schotbal.wop.ro
dada.puk.ro
nxk.91.cn
minoruta.puk.ro
designformasters.info
lasikplus.com
kimmyschemy.info
getsholidays.com
gymnogyn.puk.ro
mtn.com.sy
cccv.cn
steandleanne.co.uk
cmonitor.pl
bylf.210000.org
ymca.pl
www.cdyunfa.cn
mob.cx
www.redotour.pl
special.ena.travel
dartington.co.uk
k2search.pl
ynart.edu.cn
www.lixinkj.net
cci.unc.edu
www.jiyin88.com
sujeetseo.blogspot.in
hefeishi.m69.info
a-at.jp
virdes.digart.pl
earthstar.wop.ro
coimbraeditora.pt
burjan.fw.hu
cdoynk.com
kosmetikkaufhaus.biz
schnierersch.de
cumtranny.net
vacationrentals.bg
hirokiwakamura.com
01hu.net
bylinky.info
he.10000xing.cn
softcom.biz
contentmantra.com
porn-mp4.net
calibersrt4.net
cioccola-to.it
padishah.puk.ro
graviness.com
cics.210000.org
www.zghnjsf.com
daiwaresort.co.jp
www.aibsc.com.pl
naosp.r.gd
526zx.com
phu-gral.pl
hottestgirls.7s4.info
geek-blog.it
clush.com
pretarabais.com
webreferences.info
spianai.wop.ro
thuoctridaurang.suckhoevietnam.info
osram.info
netsolutions.in
5giay.vn
travelway.pl
np.by
dicavit.info
hasehiro.co.jp
adventuregaming.co.uk
cpxsxk.com
mergen.biz
eltiempo.es
phimtamlyvn.info
euromillones.com
fitodoktor.info
vr.zbinfo.net
volleygame.it
linkadjust.info
nobilis.com.pl
cgi5.ebay.com
hyundai.ie
www.xenke.com
localtimes.info
demonstr.wop.ro
exe.666.my
leifers.de
hunter-pp.jp
baldhead.biz
souzou.fuzimoto.info
ijsid.wordpress.com
517anbo.com
www.yupiteru.co.jp