articledirectoryland.info
casinosreviewed.net
bromol.wop.ro
315mh.com
univ-blida.dz
sexy-free.narod2.ru
www.greenchem.lu.se
11eeee.info
mochkil.com
inmigrar.wwwwww.wop.ro
bingo.a-thera.jp
teenage-porn.us
av.1111xx.com
zelzelefilm.ir
52.ooohoh.info
www.bz6699.com
99bill2.com
gadgetguruji.com
faayoo.com
www.addoff.com
behame.cz
jwconstruction.pl
monami.blip.pl
ff-eberndorf.at
mijnictwinkel.nl
andreasoldati.it
www.fetimo.net
francaisdeletranger.org
zacandvanessa.pinger.pl
parrislane.us
albronz.net
www.b1b2.net
twflight.com
resenso.ch
disney.ch
344r2.951n.cn
sbpn.nfdy.net
adellock.info
bidify.pixnet.net
csepel.info
divazu.com
jazz.newsweek.pl
elzab.com.pl
ntnu.edu.tw
bearcolorarts.com
hits4adz.info
by0x.k3y3.net
www.esp1.no
577gc.org
massbio.org
11teamsports.de
jubbe.puk.ro
am9.ru
freeusasocial.info
bikuai.net
www.51totaozhai.com
99bill6.com
tzoefoyu.blog.cz
hamiltonbright.com
eslteaching.info
www.linqinanyx.com
summerwood.com
99yy.org
cuocifagotto.com
yzsc.3g.cn
currencytradingforexz.info
amorion.pl
dobradieta.warszawa.pl
es.0792.cc
gsbc.or.kr
nastole.pl
pariera.puk.ro
pieluszkomania.pl
greuther-fuerth.de
2020gamer.com
directory14.info
nights.wop.ro
edit.wop.ro
wrc111.wrzuta.pl
gpro.cz
sonnenkraft.com
berlimosa.page.tl
dokidoki.ne.jp
dart.fad3.net
agoravox.fr
aku.edu.tr
brindecida.com
kltybs20f.1168.tv
heigh-tech.com
wap.taobao.com
asca.it
www.uxx.cc
wap888.org
afgedane.puk.ro
kaspi.az
bbb.dounixiao.org
spinacz.pl
rz.blox.pl
akevzzpw.blog.cz
hunter-pp.jp
mobilniej.com.pl
bbs.qcdz.org
texes.de
todovideosmusicales.es
elt.com.tr
mcpi.com
yo.tsyouxi.cn
yuansuy.net
aothungiagoc.com
bedworld.net
makiaclothing.com
emailvision.es
cees-air-compressors.nl
cruiseweb.com
pathuska.pinger.pl
relatsencatala.cat
atlantis.com
soundpush.info
abouthemorrhoidsreview.com
emciak.digart.pl
non-non.info
77se.us
www.qufuck.com
pokerstarslive.fr
www.668bag.com
piciasso.digart.pl
camlog.com
optinlister.com
www.daliuliang.info
varicoseveinssymptomsj3b.info
veximo.com
tankauto.eu
www.xyzkbw.com
www.993399.com
xiaoyaowaihui.com
drug.9939.com
shoppingvip.fr
xxzx.hbucvc.info
stegel.puk.ro
detiseti.ru
yankstoes.com
aligunyar.nl
talgov.com
hao.b2b.biz
highmoonhavanese.com
catan.com
holdsilent.info
freshtodays.info
homeinsurancepricez.info
www.xxx400.com
game.soo.vn
yiyangqunaer.qiannan.org
jiujiuse.com
thunder-sky.com.cn
4dk.ru
uzpa.210000.org
24tv.ua
americasnextpornidol.com
www.iso315.com
mscnoticias.com.ve
clubepe.fm
geodynamique.info
schutterijspaubeek.nl
gpmedia.cz
kinsetsu.puk.ro
novatv.hr
z.cc
buykindletablet.com
www.sharp.at
arkana.pl
t.weibo.co
mama-net.info
blackfridaywhere2buycybermonday.info
drumlessons.com
speedwaymedia.com
cyberbiznes.pl
topquickseo.info
suitors.puk.ro
usa.se.pl
legend-clan.net
mei112.legou888.com
4.cn
asandownload.ir
ingeografos.com.pe
americanmafia.org
www.haoword.com
iama.gr
xmj1.265link.com
marenty.digart.pl
kauli.info
askyaz.com
bbs.ylwap.hk
interordi.com
peterkropff.de
ankama.pev.pl
dorobkiewicz.pl
bbs.978sy.com
qzrcw.78.cn
aapr.icg.tugraz.at
solo.vn
ba.5aq.info
jobs.cz
qudoushuo.com
bdbuddy.com
koelngrund.de
bokn.wop.ro
ihc.unc.edu
78170.com
zhuangyangchun.info
circleme.com
4euf.210000.org
karlar.digart.pl
descuentohoy.com
678bc.com
www.enfedu.com
www.tienersexfilms.nl
agenziascuola.it
daracreative.ie
9lgd.265link.com
propertysearch.com.ng
com-net.info
ikati.pinger.pl
kenkou-life.info
www.yinduglw.com
www.gzhsn.com
zuchedui.com
chachala.com
6889.nfdy.net
skathari.net
szfob.com
celcat.net
365ygwl.com
www.psion.hu
dycj.210000.org
bjmemc.com.cn
deww.lizhidy.net
cronsucks.com
thepaintstore.com
sjdhz.tk
www.k-o.cc
www.pornopaarden.nl
zentrada.de
itmaster.tw
fosser.wop.ro
4einstitute.jp
188.wwpp.biz
net-lab.net
pourvoie.wop.ro
motiw.ru
iglesia.net
yoyob.net
hynfwxhtg.blog.hu
seocampaignoptimization.com
doomsman.puk.ro
langeoog-travel.de
www.lxqqqw.com
863052.shop.zzol360.com
hyoukayo.puk.ro
indiawildliferesorts.com
agiri.org
formasse.puk.ro
fikas.blip.pl
sanjac.edu
alutrada.puk.ro
993998.com
p9.pl
esferaperfeita.pt
cimladonland.ru
dayzcommunity.eu
ioki.com.pl
saratov.ms
travelguide.com.ph
artishi.digart.pl
lichcatdien.info
geste.puk.ro
raritanval.edu
imemoria.com
ezmedinfo.com
nickelcreek.info
conradmildner.de
arecpc.com
journalism.pk
cuteyummies.net
caber.info
bruna.puk.ro
eshopping-me.com
admin918.com
qnxzkoromwhk.com
hosting-prestashop.es
ezmatrix.info
farsahang10.in
taxi.toplista.pl
camxuc.info
xixihuafu.com
www.kizla.cn
pdfbooksearch.com
wxayt.com
86piju.com
pollasxl.hugescock.com
unatinmogeli.insanejournal.com
puisterige.wop.ro