accioba.org
zeqv.210000.org
www.88rt.cc
stanleybet.ro
foxduck.de
explicamat.pt
www.nbxhkj.icoc.cn
chemguide.co.uk
agraff.no
hunter-pp.jp
paypal-shopping.co.uk
www.cuotuo.com
www.okdsw.com
www.1sz.com.cn
www.yzjzw.cn
6degrees.com.my
www.piaoya.net
modna.com.ua
alutrada.puk.ro
bogamedikal.com.tr
ranksaz.com
www.algf.ru
lavison.com
xxzx.hbucvc.info
dude.digart.pl
futbolcup.pl
modellbau-galaxie.de
marketinginstitut.biz
3dinghr.com
www.mp3.kg
denticina.wop.ro
bravofly.es
qqj5.qiwen5.com
philhancox.co.uk
blogspot.ie
jarnvag.puk.ro
tavla.se
dempa.wop.ro
craftideas.info
sport.oboz.ua
foreparts.puk.ro
fcook.pinger.pl
kzpii.cz
evermorearticles.com
lianliankan.me
rmn.fr
44abcd.com
fanatiker.puk.ro
ahbszj.com
www.91q1.com
accidentalweblog.org
zijlen.puk.ro
options.hu
arbeitsb.puk.ro
116.com
joseordonez.net
vcpoker.in
vectorfinder.com
sat2hd1.com
kiska.xfree.hu
juancong.com
flasocial.com
www.reestdal.nl
marianacasas.com
coenocen.puk.ro
margan0713.blogbus.com
seoboosteronline.info
bisd.us
dasheng5.dginfo.com
xixichengyuan.com
grandprixforums.net
dayprogu.ru
www.899link.com
yeslab.org
4nb.co.kr
rgu.ac.uk
eshop.beck.cz
keymas.wop.ro
xoso.wap.sh
perekop.info
agusta27.info
planet-vampire.net
costarica506.cr
ocubezpieczenie.pl
2455.hu
jiujiu.me
fabasoft.com
www.tieta.biz
photo-toile.net
cyberpuerta.mx
a.34ls.com
hxkr.info
chulo.wop.ro
rgq8.k3y3.net
www.rws-verlag.de
spattle.wop.ro
aftage.wop.ro
boa.me
xzyd.net
n.cc
adrian.org.pl
www.daocy.com
j6we.265link.com
aukin.puk.ro
rospil.info
iimm.210000.org
alexa768.blip.pl
wordsendingin.com
tianmaowanggou.info
ao2.aiao.cn
internetdsl.pl
losslessworld.info
bezeerde.wop.ro
elit.cz
7tff.com
abalakin.puk.ro
aiml.tk
sanconhantao.net.vn
lamaisonrouge.org
bewerbung-ebook.de
stop-tabac.ch
www.fuse.be
artekw.blip.pl
robitshop.com
jmad.ne.jp
hungriger.wop.ro
ovo.it
yis.ac.jp
accessidaho.org
cindyratzlaff.com
qnzv.nfdy.net
qxf.9998.tv
kampeertopper.nl
piciformes.afvorm.wwwwww.wop.ro
kaffeebusiness.de
govox.com
zabbix.com
bbs.wufengr.cn
49zl.net
bonpoint-boutique.com
zkwp.pl
wikkii.net
momies.wop.ro
wildguns.org
linkbaby.info
awaiters.wop.ro
epac.to
podiumadtech.com
astrochappuis.info
5kv.info
dotpoch.com
reporterdiario.com.br
ajada.wop.ro
landde.puk.ro
www.zaojao.cn
bullterrponyva.hu
alexa.so
parnwellskills.org
gentilizar.wop.ro
hk.st
fczo.210000.org
planetpoodle.eu
fen2-97a.tumblr.com
meishusheng.net
cochonna.puk.ro
www.huolisu.cn
hottestgirls.7s4.info
dy.33aaaa.info
airjordans-for-sale.net
yodramas.blogspot.com
atisiokalisana.info
blogpirat.de
nvjdfiddis.com
mtn.com.sy
levian.gd
skwf.net
olx.ba
doh.pl
rybkon1962.digart.pl
failed.wop.ro
lcts.pl
exhibezvous.info
30.media.tumblr.com
chachala.com
renewablemedium.org
99car.taobao.com
laiciser.wop.ro
sexshop-dildo-king.de
my-jewels.net
123flashchat.com
isoflavones.info
0991dj.com
cdhv.nfdy.net
mugamradio.az
mmocode.com
1u0k.qiwen5.com
aqus.kr
masrleaks.info
www.hvhsa.com
lifedevelopments.co.uk
x8ll.com
emsphere.info
coloring-book.info
rsc-eastern.ac.uk
lavani.wop.ro
manor.puk.ro
strg.k3y3.net
fossil.co.jp
newpears.cn
automobilio.info
www.dinggu.net
8c.contterrz.bee.pl
krabi.go.th
talkingnewspaper.org
630h.cn
cultivat.wop.ro
leoforos.gr
clipxxx69.info
nexia.pl
av37.nfdy.net
alltricksworld.in
marbleiz.wop.ro
cartoonnetwork.com.ar
autoepoca.eu
aldora.se
j5z.info
www.flll.net
careerjet.it
q9o8.qiwen5.com
jetted.puk.ro
vakantiebelgie.be
ocepre.gov.ve
beerven.wop.ro
9422.210000.org
ydodmvnnk.freeblog.hu
863052.shop.zzol360.com
kjenning.wop.ro
fenglintianxia.soufun.com
brg5.qiwen5.com
dealseo.info
dejure.org
ioffer.net.pl
kit.edu
face-of-art.org
expressadne.info
rinj.210000.org
puiserio.wop.ro
fvn.com.vn
utrangerte.wop.ro
accrut.puk.ro
ovnnafjefd.blog.mongenie.com
3000y.net
christineglynne.com
pluspol.info
hxyl.net
maxon.pl
webdirectorys.info
peur.digart.pl
watashi.ws
parksmania.it
alaska.edu
private4.com
ibiss.pl
actv-tec.co.il
unister-media.de
2746.9911.biz
sachsbikes.jp
www.xiangbin.biz
lohr.wop.ro
www.revco.ro
nsexpert.com
eszter.info
arfe.ro
www.bkjy.sdnu.edu.cn
www.malata.com
megajeugdkoor.be
guihuaxiang.com
isozial.so
a-c.2-d.jp
www.gzfz.org
computerworld.pl
benq.msn.itcpn.net
www.gwktravelex.nl
fukuda.pe
56671.cn
toastete.puk.ro
oceangroups.info
www.shidiao5.com
paqs.wop.ro
armfort.cz
materace.pl
karta.zl.lv
aquabookmarks.com
wcbdt.1168.tv
fsakfyztshif.1168.tv
www.99bill5.com
bbs.lcu.cn
wklejto.pl
toshibaplaces.jp
xonetv.info
kentsu.co.jp
bbs.21woool.com
baidubbse.info
100test.com
neosoft.hu
rencaigongyu.soufun.com
alliance-scotland.org.uk
beinsure.info
ys.gaga16.com
dnty.210000.org
richteampro.ru
rafaleq.blip.pl