xoopstr.org
bbs.zm7.cn
www.tz15.com
lijkdien.puk.ro
rian.cn
bleach-mx.net
merchandisingweb.com.ar
www.cainuan.net
htceq.info
web-bi.net
ibetherthol.page.tl
99zuoai.info
usphrmcy.com
daiwaresort.co.jp
tilsvaret.wop.ro
w-necie.com
pokertips.org
www.digilentchina.com.cn
www.khu3.4f9.org
web-bookmarking.info
www.zhunmami.net
yoga.pinger.pl
ikky.wop.ro
christianwallpapers.net
ufo.dos.pl
www.geld-winnen.info
korene.puk.ro
teve.ba
yowiye.wop.ro
tomsshoes.pbyu.com
love730.com
molefonkne.wop.ro
tongji.chinafeed.org.cn
nuke.figsp.it
zhonghuan.sh.cn
ftknox.wop.ro
www.pmno.pl
terredinfostv.fr
softlinkers.org
florence.com.tr
homompegs.com
www.yippie.nl
rockbeer.org
zeiljachthuren.nl
aztower.cz
gravdept.com
emailjokez.com
tonermonkey.com
thomas-krenn.de
wmbriggs.com
confectionna.wop.ro
trundlin.wop.ro
beijin.asia
imaa.ca
vertalerbouw.puk.ro
rac.xf.cz
www.jiku6.com
articleapprove.com
bullionvault.pl
suuon.puk.ro
chachala.com
coastal.edu
www.macachina.com
infocell.info
tasley.puk.ro
afotec.puk.ro
paper.qjy168.com
www.vipjmodel.com
www.gebr.nl
entschlackt.wop.ro
www.tsxdnk.com
wauee.com
esearchvision.com
people.clarkson.edu
3gvs4g.org
ustrustcanada.info
riez.wop.ro
silice.wop.ro
narf.pl
www.lanhai-hotel.com
www.colq.4f9.org
csr.lap.hu
www.souhdf.com
caoliu-caoliu.5d6d.com
csswizardry.com
meetingtime.it
3559.gosoo.cn
www.iuusee.net
well.ca
megaonlinegratis.info
generazionevincente.it
psecu.com
www.yingxiao958.com
faiv.com.ve
www.haghen.nl
christianhmongfellowship.org
wildmatureporn.com
charente-maritime.fr
sekerchat.com
myegy3.com
tvpornovid.info
pegasuslaw.org
sheu.wop.ro
www.dqg1.info
cojestgrane.pl
plrpro.com
guilinshi.383845.com
pandahall.com
www.projektowanie-stron.sosnowiec.pl
www.fjzq.net
surfnz.com
www.w3c.org.hk
kinkettingen.puk.ro
liqui-moly.de
teirinke.wop.ro
m.8aa.cc
megahugebacklinksdirectory.info
yorku.ca
www.bava.nl
evile.co.uk
szca110.com
www.www.xingwang0788.com
zg.58.com
www.qicheng518.com
kandisen.wop.ro
sublimedirectory.com
news2u.net
scsn.cn
ltrvvdhjgyo.blogtrue.com
design911.co.uk
feuerlaufseminar.at
markpic.com
eoldal.hu
ro.com.pl
qingyangmovie.be
99.nicaza.osa.pl
informatori.it
emailadvertisingz.info
gentleman.hu
fafinettex3.pinger.pl
zfn8.56dvd.net
101photography.info
www.xxuu.org
spontanes.wop.ro
faqq.asia
wordpress-fr.net
www.kvluno.nl
3m-cn.net
sumbercerita.com
rawa-maz.pl
xnavigation.net
imsec.ac.in
debretts.co.uk
www.aryoneworld.net
gtpz.265link.com
ubroad.mn
www.cnhqyl.com
podarimo.si
swisscard.ch
academ.info
www.ac4f.com
taoofdating.com
truckdrive.info
xantres.gr
asandownload.ir
verifieddirectory.net
contractedge.com
www.trinity.org.hu
yhbbs.info
hostingpricesz.info
www.sh-shenyan.com
x-films-x.com
www.nvlt.nl
news-up.info
hsyzkblnknsyfxbi.shop.shangjia.cn
one-more-time.us
www.zil0.tulv.org
kiona.flog.pl
jaworznianin.pl
watacchi-world.blog.so-net.ne.jp
zctea.cn
www.webhosting.uk.com
www.vvv92.com
www.baba.hu
ratais.puk.ro
sungaijodoh.wordpress.com
www.yangoncity.com.mm
www.lukasbank.pl
oqueeh.com.br
citysound.se
zentolos.com
www.sunshe.com
wsoso3.wangzhuan777.com
reez.cn
45cat.com
www.yemense.com
lessons-tva.info
pennystock751.org
taupo.puk.ro
www.comx.nl
bangong.biz
healthinn.me
viva-woman.ru
www.hk5200.com
oxeo.pl
coresign.puk.ro
wcoop.ne.jp
xianhuo.dzsc.com
slnb.265link.com
perueduca.edu.pe
hip-home.com
www.yytao.com
www.wzicf.com
1planet.info
su.ac.th
thegameslist.com
www.fauna.hu
wejp.k.vu
www.98dy.cn
monocordio.puk.ro
www.revco.ro
klanowy-ts.cba.pl
kumpulan.info
dineroenlinea.info
mcsnelleveld.nl
latinagirlgirl.lesbainsex.info
hkaluk.wop.ro
www.ceas.cc
download-kid-cudi-ringtones.blogspot.ca
spindoktor.de
www.coenen.nl
infirmiers.wop.ro
wai1010-a13.tumblr.com
seotoolz.nl
www.qujianfei8.com
www.pwxxsj.com
badische-zeitung.de
chunxin8.com
birtanem.in
ungnarred.puk.ro
www.youzhik.com
olympia.nl
gdata.co.jp
goldmax.pl
achehnes.puk.ro
www.agfxw.com
48e.info
qualityserver.de
westvirginia.usa.tigweb.org
klaszczgdygowidzisz.pinger.pl
peteraki.fecsegj.hu
kiev.ua
eerqi.eu
essexmax.co.uk
archis.org
www.spelletjeshuis.nl
www.wspia.pl
a-body7.com
ylfwzzel.blog.mongenie.com
188.wwpp.biz
blenke.wop.ro
bewerbung-ebook.de
eikx.210000.org
pornoselect.info
www.msqct.com
www.cdsyfs.cn
52ksiazki.pl
www.uxx.cc
www.falk.de
mugnn.info
wwrd.com
wookz.com
www.xy09.info
www.90km.net
maltatrading.pl
tkbconstruction.co.uk
spattle.wop.ro
fen1-97a.tumblr.com
icecast.org
www.xinfeishop.com
www.tanteba.com
arkdroid.info
yz.sssc.cn
privatecams.sexybegin.nl
www.zgykc.net
mobiset.ru
do20.com
cc.wwmmm.net
mail.bift.edu.cn
johanna-krichling.de
sextar.jp
lesingenieurs.net
fikvhrja.blog.mongenie.com
www.maydonggoi.vn
www.riia.nl
www.sjzsmw.com
opdc.go.th
fortlauderdalelawyerz.info
tokobasi.puk.ro
xinian89.com
tsp.vutbr.cz
beyoncedaily.org
99lou.com
ptctalk.org
elivecd.org
www.p5q.org
guihuaxiang.com
73uc.com
www.nfwang.com
www.itzx8.com