okyakuta.puk.ro
actindo.de
prtp.info
8282.wap.ai
1000chi.com
www.semjl.com
antje-ruppe.de
m.iuunn.com
www.yeyashengjiangji.net
konfederata.nowyekran.pl
waronthehorizon.net
www.028fc.net
www.gzxljd100.com
www.a-b.com.cn
offroader.gr
iaposad.info
www.zamosc.tv
bovenlip.puk.ro
unis.edu.gt
sudamerisbank.com.py
3samakkeesaraburi.com
rock.jp
miedzianowlosa.wrzuta.pl
caobibi.info
namazi.info
mtn.com.sy
paulstuartjewelerscoupons.com
bigbangbounce.com
56kompania.pl
mysamsung.fr
palitra-vkusov.ru
satiriekst.wop.ro
gtch.prv.pl
1jz.com.cn
49ff.net
6589.info
microcaos.net
allfilmss.info
kuzyoumi.wop.ro
jeopardy.com
schlitza.puk.ro
ralant.com
www.jasst.jp
politika-karelia.ru
guanz.com
www.53kkk.cn.vc
yugohatai.com
oskorep.puk.ro
www.haproamthuc.vn
zuoshadi.com
ayob.nfdy.net
wiggle.co.uk
joe-klecko-jersey.xtgx.com
promocode.gen.tr
www.modele.oh.pl
www.cnxbj.cn
seton.it
cqa1.com
energas.ru
aleksandrrud.ru
stull.wop.ro
www.securite-sante.lu
bg.gaga16.com
forumi.dervina.com
sinje.cn
bittorrent.org
yum.flog.pl
jwest.pl
ccdntech.com
nordwest-zeitung.de
yo.tsyouxi.cn
winzieee.de
www.gelg.pl
putt.210000.org
www.sexytales.ru
eternitylinks.com
users.atw.hu
5idev.com
baoming.neworiental.org
tebernuskirecci.com.tr
bgu.az
kohasport.net
tool.babaw.com
keilab-dos.com.ar
phimhd.vn
naszinowlodz.pl
esearchvision.com
www.51aise.com
marketingonlinetoday.biz
grey.wop.ro
nattoli.net
home.weixin.cn
oklink.tk
www.00852bb.com
topjerseys.org
mkgn.net
www.taobao118114.cn
induced.info
www.bd-oa.com
www.bolero.net.pl
buildidaho.com
www.winskin.cn
www.txqew9jyz.com
crcci.org
speed-killers.za.pl
www.shtcws.cn
federvolley.it
majesticseo.com
campus.eol.cn
adminerelle.de
laleva.org
punky.wwwwww.wop.ro
mtgtwincast.co.uk
workfromhomeheaven.com
pegasuslaw.org
longsheng.lkjt.cn
www.co1454.ru
shimatusho.net
www.qihuo68.com
best--host-with-mysql.info
neomailbox.com
gotop.vn
globbtv.com
www.m2012.info
usbmemo.com
yydoli.com
globalbuy.com.br
www.rslqq.com
myi.xp3.biz
szfx.210000.org
izodiaque.in
groomstand.com
www.hrztq.com.cn
www.bjjsjs.com
c-o.com.cn
rahmen-manufaktur.de
www.88ii.info
tomczasty.digart.pl
52pojie.cn
sbl-web.dk
howardbelvin.over-blog.com
pmsteel.com.my
travelguide.com.ph
www.yangbihu.com
thegameforum.com
www.7nains.com
gossimer.biz
bergpizzeria-kelheim.de
rbqb.info
qqnba2.com
cqjiahe.cn
rxbs.me
legends.com
chennaiwow.com
freebookmarking.info
socialbookmarkingsubmitter.info
www.upf.edu
grpmail.biz
www.se978.com
nurph.com
qt-project.org
shopium.ua
www.ifurniture.co.nz
sheppardsoftware.com
shrinkpictures.com
cyber-intelligence.jp
max-site.pl
kriz.nfdy.net
9adf.265link.com
linkdemon.info
dulichcampuchia.edu.vn
datacenter.cu
aws.typepad.com
funeral-directory.org
aggettiv.pauperdom.civili.wwwwww.wop.ro
fungame.com.ua
lezoemusings.wordpress.com
fanlvshi.66law.cn
dorsha.puk.ro
www.jszp.org
rogalandsavis.no
meditare.it
yt4z.k3y3.net
wap38.com
www.yxhai.com
guihuaxiang.com
blazeflash.net
sewu-cat.com
zhongweistar.qiannan.org
yywap.co
logohack.com
did.pinger.pl
portal-minsk-mazowiecki.pl
ecooptionsegypt.com
annuairetop.fr
jhddz188.com
wrcteam.pl
mt-web.pl
ashiyane.ir
done.is
alice-grafixx.de
hy16528.com
fr.tradekey.com
standpointofasatellite.blogspot.com
www.szjzfbj.com
khalaflaw.com
5503.wapbm.me
www.yy5678.com
www.010ci.com
angulome.puk.ro
www.tqme.net
tt.se
denwabango.info
thefavorite.info
metoperashop.org
c-rewards.com
heaveniphone.com
www.52wf.org
muzafa.com
kyks.org
07073.baidu.com
www.herodk.com
agrarnet.info
pugyaaaaaaaaaaa.doorblog.jp
www.alsa-project.org
sensesyo.wop.ro
cenizasfolk.com.ar
diretube.com
vpsmm.com
www.economistgroup.cn
fenner-family.de
nettoyage-cryogenique.info
sms2.org.uk
styl.pl
euclub.info
phvgoedereede.nl
ffupdate.org
mediamarkt.pl
proxfree.com
scottcrumpabfn.ning.com
glaciersociety.org
linktropolis.info
ikzoekeentrouwauto.nl
dasgroup.ru
wasserturmschule-gvm.de
qvod123.info
shop71898616.taobao.com
mylog.pl
retirerich.me
youknow.digart.pl
tk-turin.ru
www.qilef.com
mafors.ru
pluimveespeciaalzaak.nl
xoopsland.com
ruceni.cz
jewishjournal.com
kinobomba.net
hc08.cn
socialbuzzs.info
96-10.com
joomlagate.com
dezinfo.net
sumthinblue.com
bzi.ro
yfdisk.com
scancity.ru
shiyuechuanqinvzhuang.info
www.lov999.com
fixai.com
penedofm.com.br
www.dh.cm
uncoached.com
m3com.com.sa
hibasport.com
bloggerjobs.de
www.wuxianseo.net
www.dltd.54086.com
al-saher.net
ox.ee
s-a.kiev.ua
ss63.com
admin918.com
www.td111.com
aboutg.net
wangxiaofeng.net
satiq.net
im-empowered.com
secureportalk.net
livetradingnews.com
www.jh0311.com
army.cz
qdrl.210000.org
www.dada114.com
amp.co
se.iii90.com
foste.wop.ro
51deal.vn
tsetsoradev.info
intelmotherboards.7l9.info
grisonnerai.puk.ro
se5151-0ya304.diandian.com
whst.com.cn
alquds.com
equityapartments.com
nkr.am
idownload.tv
lightingdirect.com
mrd.hu
samash.com
greenz.jp
instra.com
secretsales.com
ticketek.com.ar
idbiquity.com
grants.gov
propartner.pl
kamairicha.com
www.qmkjw.org
latinovideoblog.com
phpforum.ru
vesicore.puk.ro
www.fyltv.tk
www.laroza.pl
www.telma.pl
12371.gov.cn
store-factory.com
c.viavoordeel.nl
baby.edu.vn
forropuncik.hu
hurriyetdailynews.com
giftgrue.wop.ro
imaginecup.in
dbmailadmin.org
naplesteapartypatriots.org
jiajiao-cn.com
motrpart.in
www.gers.us
yangutu.com
egreetings.com
theslap.com
asianwiki.com
wow.178.com
zlzp.78.cn
wap.ip138.com
ip.cn
tubecao.com
usj.co.jp
aquitempecas.com.br
populosa.puk.ro
unrebuilt.wop.ro
bestuff.com
4ufreetemplates.com
hyiprank.com
northernregionaljail.info
karkkainen.com
www.farbdesign-dresden.de
www.hsedu.com.cn
98w.com
www.xjyllh.cn
www.makler.ge
borussia.de
geekpedia.com
purplepornstars.com
realtek.com
punjab.gov.pk
itainewssokuhou.seesaa.net
enbuenasmanos.com
shop.zlsb68.com
mitunivers.oestrogen.dk
dnwx.org
diariodosertao.com.br
juventudrebelde.cu
nokia.com.tr
torrentsmd.com
raison.at.webry.info
memotoo.com
nashasvadba.net
clube.fm
karp.fi
freeonlinetextbooks.7ic.info
penny.digart.pl
failed.wop.ro
vwcamper.de
isoxpert.com.pk
najdom.pl
moebel-tipps.de
agh.edu.pl
zdpfzrrg.1168.tv
www.nvlt.nl
kuretake.co.jp
v.hao123.com
seatone.cn
tripomatic.com
kurdistantoday.ir
rendis.net
wafuku.wop.ro
asyura3.com
lafite.wop.ro
incurs.wop.ro
www.debraak.nl
bsjuoqad.blogger.hu
laprensatoledo.com
rearwindowfullmovie.blogspot.fi
simply-headphones.com
centreforaviation.com
intolaw.com
negev-new.co.il
hotness.se
onlytravels.com
usinfo.pl
xn--80ajjbo1af.net
medlinehastaneleri.com
www.cnaec.net
bbs.xznu.org
nhietlanhbkdn.com
mostafa3d.com
www.shzly.in
www.dgsn.net
seiko.wop.ro
grundschule-in-berlin.de
smartkidsasia.com
theanimelounge.com
sphoorti.org
lo2test.tk
www.rzy666.com
libov.wop.ro
ajd7.nfdy.net
tkat.ru
snatch-underwear.com
drsup.jp
contentrich.info
www.riri666.com
mybebook.com
abest.com.br
acetylio.puk.ro
www.usai.com.cn
www.33goo.com
longboardism.com
51jixiang.com
maguti.wop.ro
www.toyotasportautoklub.hu
www.szqlxyy.com
www.amateurfilmsinhd.nl
trichopo.wop.ro
vm4g.210000.org
economie.gouv.fr
chargers-express.co.uk
clipxxx69.info
panfi.ro
freetrannyvideo.com
godoza.ru
www.daocy.com
techdox.info
usproxyserver.net
shiqi.co
investingtopix.com
rc1.reformal.ru
purelink.info
gio.in
ip.webmasterhome.cn
kablelink.com
mylittlejules.com
www.jsqdgw.com
sunenterprise.net
neonorama.ru
netpr.pl
www.mihalyimpex.hu
valcol.hu
easyhomeconnections.com
ecofuturefund.com
www.caea.gov.cn
50mm.me
circuitox.com
cinter.puk.ro
vbulletin.com
ex-boyfriendcollection.com
azbrajeans.pl
3dhelpcenter.com
my.r.gd
myjewellery.ru
www.99bbs.org
swepiracy.org
e-get.tw
blazomania.com
fcg-media.com
tsandekidis.gr
www.158so.com
melone.wop.ro
ibyn.lizhidy.net
longjump.com
funxoo.com
symbianthemes.us
1stchina.cn
college-connecting.com
lifestyle-forum.net
bookmarkseo.in
www.ew52.cn
applegatefarms.com
kotti.wop.ro
mckinney.com
yotsuki.wop.ro
wesellcoffee.com
www.chenzhixue.com
troisdorf.de
click-mania.fr
carairpurifiers.org
greenpower4homes.com
www.22eeebb.com
pankadj-944.hyves.nl
u8mi.qiwen5.com
healthystock.net
downloadstube.org
anticoelements.com
sovetnik.ru
smallforbig.com
afrogs.org
billysbuckets.info
outdir.com
amor.com.pl
djzone.pl
sustainableprosperity.ca
thewebdir.info
overlandia.mx
treknepalhimalaya.com
my123.net
mophiwe.xtgem.com
lambda-tek.com
www.dqg1.info
thuoctridaurang.suckhoevietnam.info
resenso.ch
thecornishdirectory.co.uk
bookcafe.net
www.chinareform.org.cn
www.fsyhx.net
www.wymyslimy.pl
mrraauu.soup.io
hereandthere.us
teachmetheweb.org
newstrust.net
www.fuyua.com
sfzcs.com
jd.hzftw.com
shippingonline.cn
liberaementis.com
470813500.cn.gongchang.com
sccq.net
mr-jatt.in
csmagica.blog.xfree.hu
xsosx.info
xinyang020531.11467.com