skizzenbuch.puk.ro
www.asar.kz
hotro.vtc.vn
www.asp99.cn
www.aspajz.hu
www.aveee.com
www.babys-care.com
img.47news.jp
987qq.com
www.daliuliang.info
www.dapigu.org
zanzibarmagic.com
www.cnc-jc.com
uxbite.com
startrekfrontiers.net
opinion.huanqiu.com
atehenmei.com
nissanzone.pl
confinvest.it
ayatec.com
ien2.hyves.nl
www.czmx.net
0149.cn
getpaidtomoney.altervista.org
www.tx021.com.cn
munchkin.blog.so-net.ne.jp
axoo.at
www.gaotian168.com
www.gay366.net
www.cufedu.net
nikotako.blog.hr
clublebensfreude.com
cornerstone.edu
voyaged.wop.ro
freakinthecage.de
www.gaypersonals.com.au
gamecash.fr
www.gdfcs.com
www.ggvip.com.cn
www.gh999.com
roadkast.com
www.gman.in
www.gs.gov.cn
www.gsweb.com.cn
www.gw.0531bbs.cn
feedtech.com.cn
spheers.com
hxyl.net
banhtrungthucaocap.info
discount-london-tours.com
armfort.cz
autotimes.com.cn
mvgk.265link.com
phuket101.net
snuggeries.puk.ro
sgpc.net
darmocha24.pl
www.bolairui.icoc.cn
www.gxjlyz.com
www.gzfjx.com
samia.us
www.gzfotile.com
www.mgfr.cn
banki.wiix.pl
computerblog.ro
www.rc0716.com
brilliant-group.ru
mozg.by
97734.www.blox.pl
www.gzhisensewx.com
www.gzjzxjx.com
www.gzrinnai.com
www.gzrsdxjd.com
cjl.cn
www.gzsiemenswx.com
www.gztianjian.com
www.h33666.com
www.hahase2.us
sws.edu
www.haixia.edu.cn
www.haiyangchen.com
www.haze.dk
www.shengjianghuoti.net
www.hbspz.com
www.herodk.com
www.hnmazaigu.com
www.hnpecc.org
jmanandmillerbug.com
www.hnxyyw.com
www.hnyzy.com
www.hongdengqu.org
www.hongshangvip.com
www.llxxcs.com
www.houseoforange.com.au
www.ht160.com
socialbookmarkingss.info
www.huashen365.com
www.hyves.nl
znsf.qiwen5.com
www.hzbzfw.com
www.hztarena.com
www.i0v0i.com
pyrula.puk.ro
www.ibdrcw.com
www.mfsqb.com
www.iboss.cn
www.idvd.cc
www.ifps.org
hamara.ir
www.ii8.me
www.iite.ru
www.ioem.cn
www.iotxx.com
digitalspinner.com
www.ipbes.net
www.ipc.me
www.ipsd.cn
eplastics.home.pl
www.ishouzhuo.com
www.isobzw.cn
www.itao999.com
ccl2011-cq.match.chinago.cn
www.itdashboard.gov
www.iwin8.org
vogul.puk.ro
www.ixiangyue.cn
www.jcrb.com.cn
nuigalway.ie
www.jianzhanzhe.cn
www.jianzhanzhe.com.cn
www.jiasule.org
clsqcaoliu.tumblr.com
www.jieyan360.com
www.jimidao.com
www.jizzhut.pro
www.jj.jx.cn
renato-franca.com
www.jk315.net
www.jkmen.org
www.jl.jl.cn
www.zhkjw.net.cn
www.jljob88.com
www.jncyjj.9998.tv
www.jpips.org
www.jpsf2011.com
aem.mx
cervicap.wop.ro
www.ewow.net
maeda-atsuko.cn
kinggriffeysneaker.com
mcvane.ge
www.jrsy900.com
chn-metal.com
www.jssenyayuan.com
fabasoft.com
rankingalexa.com
freshlook.asia
www.judweb.com
www.juooo.com
afplofte.wop.ro
marriage.99k.org
rsk.it
realdate69.com
rapnuty.pl
www.jxdtgy.com
onepcs.7gt.info
www.jxkfp.vacau.com
www.jyw888.com
mywebsitepr.com
www.kancai.com
body1.com
www.kbyy.in
www.keb.jp
www.kf1945.com
www.kfki.hu
cancun-airport.com
www.khly.net
www.kkavkk.com
www.kkdou.com
www.klafs.de
www.ccav-6.in
www.klmyq.gov.cn
90houcao.info
www.kmkfp.com
www.kmprojekt.pl
www.kuryrsluzby.cz
52huaqiao.com
www.kx69.net
www.lcd365.com
www.newcoin.info
www.youkan.net
www.nhatvietgroup.com.vn
www.njcjs3.com
www.njlyhj.com
www.pbs-job.hu
flyabroadvisa.com
www.pnek.org
www.pocoyl.org
cxjyxx.me
dk-online.de
www.roell.net
superannuationaustraliafln.info
ecox.com.hk
18-print.com
xuzhoumangguo.qiannan.org
chinafashion.cn
violight.com
rencai.cseac.com
qianqianxiang.taobao.com
70dxw.com
menslife.jp
suanita.de
alcantaravalley.info
tlcnevjjt.blog.mongenie.com
launchlab.co.uk
mexventas.com
clicksotrk.com
suzhou.51chudui.com
pinpointfinder2.jp
polarcloud.com
haffiliation.com
kumull.com
investorsinproperty.com
www.haaropmijnkut.nl
phpvalley.com
www.aizi.biz
yxgz.cn
aql.awe.jp
parolecitoyenne.org
kizsohbet.com
iremar.com.br
mof.gov.qa
akevitt.puk.ro
www.sadingding.com.cn
helminc.com
lemontech.cl
bbqx.cn
omegaklub.eu
true-religion-outlets-2012.info
rosspace.ru
www.suttdk.com
futloost.puk.ro
hegangshi.m69.info
blog.livedoor.jp
locksmithsmdz.info
www.57gowu.com
serav.digart.pl
holycross.ac.uk
radio-one.com
dealei.com
www.bpmt.nl
www.liveseks.info
kabeana.blog.shinobi.jp
gleichlautenden.puk.ro
hupan.net
surfingip.info
abgeschuftetem.wop.ro
blogboleh.com
thedarkcity.co
costaricacolchoes.com.br
directorykeen.com
oiseau-libre.net
jj84-d76.diandian.com
www.bjcnoil.com
tamvn.info
medebroeders.puk.ro
klobingresos.com
brunswickgroup.com
sdoppino.wop.ro
cisf.nic.in
www.as6780.com
www.jbxy.net
kyoeikagaku.com
bolognabasket.it
buchhaltung-rechnungswesen.ch
gastro-sachsen-anhalt.info
www.wujinjian8.com
conciertosen.com
www.jgzk.cn
islamtv.biz
www.chinawz.net
kakusita.wop.ro
fjcqsz201117.21food.cn
ugona.net
cablemap.info
sudokuonline.cz
www.beautyline.ne.kr
zhenhaoxiao.com
netto.de
www.jhlflaw.com
mrd.hu
landgasthof-thomas.at
erheblic.wop.ro
88985758.com
ctwh.210000.org
www.asmeibai.com
ingo.blog.is
www.mdldc.net
outdoorzyads.com
quove.info
aitikens.puk.ro
vihilu.com
kettet.puk.ro
www777me.dami321.com
t-oya.net
autistici.org
www.0593r.com
nustone.co.uk
www.wbdm.net
orgasmos.com.br
www.dqnational.cn
atmosphericperspective.info
adler.info
outdoor-gas-fireplace.info
nederporn.tv
xiaoshuoxiu.com
www.911sz.com.cn
spihost.com
music-30ty.mihanblog.com
www.hbe.gov.cn
videosexe9.info
pornoindir.name
wohnwagen-forum.info
zipleaf.com
xvastunov.net
loccitane.ru
pomorska.pl
casefying.puk.ro
senseofsound.org
linkagogos.info
aanmonsteringen.puk.ro
gyous.com
wysistat.com
pspfreak.de
pizzeria-cattani.pl
treckten.wop.ro
todolohago.com
eldebat.cat
dazkarieh.com
zyjf.zhuxian2zt.com
onlineprintsolutions.com
xdwan.com
dby.jp
litilife.com
www.itunion.cn
kraslan.ru
nopayhost.com
www.93kw.com
adama.ws
qmthtbehyv.blogdetik.com
residualandinstantleads.info
sdhyhh.com
christmascustomcardsz.info
www.1065sms.com
asiangirlsexposed.com
kripalu.org
frankfxg.fyfz.cn
tmtm.org
frej.blip.pl
garotahbiem.fashionblog.com.br
thai-toku.com
seelenintelligenz.de
tvfornonprofits.com
radio1.pf
www.az.gov
www.799.com.cn
tiguta.wop.ro
wangmeng.baidu.com
osflash.org
tatu.by
camekan.org
runcis.info
www.medejob.com
www.trim-line.hu
blogduhightech.com
eschooldata.com
www.700852.com
aquadiary.net
lizardesign.ro
googledevjp.blogspot.com
miercolesdigital.com.ar
www.mrrscn.info
ne365.com
brylov.info
buonisconto.it
www.carol-f.co.jp
sharethebrutality.info
credithistorycheckuk.com
www.jiyin88.com
uusin.fi
fromsport.com
www.cbfm3toques.com.br
web.jxbgw.net
diaocvang.com.vn
axbqhmejpg.blog.mongenie.com
mapidian.puk.ro
allevatoricinofili.it
clearvil.puk.ro
bbs.lcu.cn
muzzo.pl
wattspublishinggroup.com
vervelt.wop.ro
tausendgroove.com
bhseo.biz
roupas.com
tass-ural.ru
adriatyk.com.pl
68use.com
bodyguardapotheke.com
gfsbfm.com
kmrubber.com
freeby.puk.ro
mutfagimiz.com
traider.pev.pl
fotoolo.digart.pl
cocktease.info
boosey.com
marketingnichedomination.com
yourpowershop.net
drilldevice.info
www.gkin.net
freeadsincanada.com
lil-kim.org
padishah.puk.ro
mediapark.com.ua
bg-propeties.info
casbahlisted.huijucn.com
kolkatapolice.gov.in
gezi.ncyz.com.cn
ighd.nl
masonezra.tigblog.org
headwinds.puk.ro
rotta.puk.ro
365edm.com
www.tv9k.com
fastfood.fad3.net
www.volthe.nl
tux.biz.pl
www.1htw.com
pztmszce.blogger.hu
vip.tq.cn
www.youxiang1.com
bestflashstock.com
www.vancelle.net
furthering.wop.ro
votreactuwelcome.com
lukazz.digart.pl
whoisdomain.net
qdfzpifasc.78.cn
domainoldal.hu
kym.voice.islive.nl
azplusdesigners.jp
vingretumb.freeblog.hu
assoilzi.wop.ro
11ququ.blog.163.com
ysm.78.cn
huichunruyijn5f.1168.tv
zsokavar.hu
appartement-calfven.istats.nl
notaroja-koneocho.blogspot.com
richardkmiller.com
www.perennial-plant.com.cn
www.besthotelonline.com
signaturesalonnampa.com
lokmm.com
sunshacrm.com
omnamahshivayy.in
www.haossw.com
juhua.me
sugoihito.org
hwbox.gr
lichtcharakter.de
www.57jyz.com
admin918.com
filmforum.se
bitchmature.com
leetcode.com
samsunggalaxysmenorp.3vi.info
www.xywyt.info
linkkatalogus.neobase.hu
www.topqq.net
onlinehealthtips.net
kunluntianlai.soufun.com
pazzano.eu
bikramyoga.cz
www.mmsfw.com
makant-europe.de
ds.778ktv.com
dweebden.org
www.ifdy.net
hnz.zgny.com.cn
fzf.com
gihep.com
advising.uoregon.edu
www.kkmsn.cn
socialbookmarkstories.info
njgufmwj.blog.mongenie.com
freshdomain.com
cottoninc.com
mhtk.game2.cn
stiffnec.wop.ro
www.waga7.com
jae462.deviantart.com
papierz22.digart.pl
toatplay.com
cs.cityhouse.cn
mypisd.net
www.qwrg.net
tourismdaily.ru
traductoringlesespanol.org
anacweb.com
link.5918718.cn
www.mrpsj.cn
kaynarca.info
www.zgzx114.com
hajduszoboszlo-szallas.lap.hu
hdsquirt.com
www.zs368.cn
japaneseavfree.com
yadikar.com
neonteam.hu
www.tjfp.info
illbunker.dk
www.zzfda.gov.cn
discoverdowntownmusicfest.com
www2.cem.es
laufhaus-baden.at
www.v93.info
dflcd.info
flimmerfreunde.de
sports-directory-submitter.info
indiagames.com
ssto.digart.pl
sakura.tv
www.cnnuclear.cn
directoryname.com.ar
dialcontent.de
88lan.com
www.abpaudio.net
www.cgmh.org.cn
pinew.digart.pl
race.es
rozgarsamachar.net
www.salecheappurse.com
fazasat.net
anzeigep.puk.ro
www.cotojest.info
earth-central.org
asle.nu
jinglipin.com
xiecheng.info
spk.la
hora.es
korenat.hr
szopka215.flog.pl
www.rgshengteng.com
www.cwbs.edu.hk
wisniowski.pl
o.rdy.jp
sourcenext.info
www.paiju.info
sikoralukasz.pl
dealosaure.fr
niide.puk.ro
www.zjiswear.ccoo.cn
likebuy.com
myhomehealthandgarden.info
theguymagnet.com
jxyywzw.jxedu.net.cn
daar.puk.ro
merr.pl
jakbook.info
chemia.namster.info
fsnhg.taobao.com
vegaoo.de
hossit.com
ancitel.it
peridial.puk.ro
s.xs8.cn
www.fda.gov
www.firotour.cz
pod-gore.pl
gs189.cn
www.borga.at
jobonline.it
futbol-peru-en-vivo.blogspot.com
www.cqbk888.com
6ytk.com
krenn.wop.ro
www.aroka.kr
nairabet.com
iphonecafe.dk
greenpower4homes.com
www.755s.cn
www.0001site.cn
weather.1neng.cn
idletribes.com
guihuaxiang.com
m.rokettube.tk
meerwasserforum.info
bidsson-bidify.ws
setsunan.ac.jp
so.foyuan.net
shop72821008.taobao.com
www.stavebni-material.info
afghanislamicpress.com
www.80890.net
cityulike.info
varsku.wop.ro
135hack.com
rwtss.com
cofunds.co.uk
www.gzcyzl.com
public.tw
hao4848.com
pvc-cladding.co.uk
www.lookav.net
markjaquith.com
www.chuanghan.com.cn
www.thuisdate.nl
sapporo.keizai.biz
aspdh.com
selao.in
vurq.210000.org
o.wxyingxiao.com
charminglinks.info
lusago.frondage.klocek.loquet.wwwwww.wop.ro
manavinstitute.com
www.dc.gov
wadegiles.wop.ro
roozu.com.pl
www.04msc.com
0898net.net
job158.com
www.gorbashkazdar.com
deniedhealthcarecoverage.info
www.qilef.com
www.promt.es
olkaa.blip.pl
terri.wop.ro
bokuchan.blog.so-net.ne.jp
menstrualcyclepainlop.info
megaupgame.com
gentleman.hu
chenmiao.0fees.net
newplacestobe.com
www.mybestdishwasher.net
stroybaza.com
ivystar.jp
maratonkierat.pl
profite.wop.ro
tradeurl.com.cn
384012.com
cevsen.de
shoder.puk.ro
www.lecar.pl
logistik-lexikon.de
www.breag.nl
plazaart.com
ovejuno.wop.ro
omgrobots.net
free-clan.org
southeastfarmpress.com
p4ym.com
samsungomania.pl
multimarketer.com
ecookshop.co.uk
wap6ba.us
v-gn.de
za88888.wyy.cn
www.opzp.cz
murciaeconomia.com
www.chnip.org
jefj.hyves.nl
jynxmaze.info
www.fjd58.com
3erp.net
best-family-beach-vacations.com
ipadpascher.net
uaua.nfdy.net
biologicaldiversity.org
rrrppp.com
happywu.in
frim.gov.my
oltursa.pe
fufanghaqing.1168.tv
lerosisland.gr
www.ericm.ca
alarmforce.com
kurnik.pl
vhsl.org
www.zhaosf123sf.com
www.74iii.com