tagliapietre.net
10dai.info
journalweek.com
spinalinjurycentre.org.uk
www.mns.by
30pro.com
z4cg.qiwen5.com
momblogsociety.com
halver.wop.ro
diregeist.deviantart.com
wwno.org
yuudo.wop.ro
dibugs.com
pace.org.gt
5253.fad3.net
www.91fangfushefu.com
yallapedia.com
zhglyd.com
jpl.digart.pl
my-place.com
tesorizar.puk.ro
miler.wop.ro
www.postausmeinerkueche.de
gulnur.cn
facebookirc.org
uzmani.org
www.hao229.com
www.wzcd.tk
www.hano.nl
sager.puk.ro
www.replas.org.cn
starmistfm.com
seniornet.org
www.impedo.se
moidruzia.ru
www.mxsqdy.info
qpleple.com
www.teno.de
3uni.net
grossem.wop.ro
sk2g.265link.com
openesub.org
www.sompex.de
ptez.265link.com
hairypussyfilms.com
klubkibicarp.pl
teiketusau.info
www.ooyyo.pt
nashasvadba.net
0wkv.qiwen5.com
yautia.wop.ro
mgipu.hr
www.offex.nl
www.macba.es
adamnorman.se
fissiparous.puk.ro
vardag.nu
renwoxin.com
www.evvc.nl
mouillettes.puk.ro
okruhari.cz
www.lw70.com
demo-phpmotion.com
football-media.net
www.cfneg.org
carspa.hu
momdadandme.com
pclc.es
www.ibol.org
healthfreedom.info
mediaplex.com
www.burm.be
timswell.com
duomeili.com
nyun.265link.com
druze.wop.ro
cameron-mitchell.com
r9el.qiwen5.com
britoweb.info
www.vsti.cn
wowy.pl
www.isdra.biz
sprachtest.de
achiyala.puk.ro
monicacremona.com
g9q1.265link.com
teenmentalillness.org
epazarlamawsicozumleri.com
888nv-0go75.diandian.com
sonera.fi
www.liuxucon.com
1kkm.lizhidy.net
rusubortun.ro
rxjhcdcgmin.com
rymktlkie.blogger.hu
rzeq.210000.org
s-max.jp
pmgd.nfdy.net
s-stone.cn
s-t-x.com
s8aa.com
sachinindia.com
salzburg.at
www.ddxg.dk
samarkandsworld.com
sannga34.tk
sanremigio.gov.ph
se.543ggg.com
se.iii90.com
losmuchachos.com
jeteurs.wop.ro
klgs.265link.com
karmamarketingandmedia.com
shenzhenkefang.14477.info
seyuge.com
paike.dy365.cn
immobiliare.it
slide.eladies.sina.com.cn
sgyz.net
shanealfreds.me
www.315.gov.cn
qadamsoft-player-1-0-free.vn
www.vakantie-aanbiedingen.info
shannonkiernan.com
totalworkout.jp
hzf1974.fyfz.cn
rysa.wop.ro
s-web.info
s3.amazonaws.com
s3s-viaj.com.br
tailongwjkfy20f.1168.tv
sabordobrasileventos.com.br
sackett.wop.ro
saggiaro.puk.ro
saica.co.za
dreiwoec.puk.ro
sallah.wop.ro
sallyshey.pinger.pl
salondugolf.fr
samizdata.net
samsvojmajstor.com
www.cyzffz.gov.cn
san.sqage.com
sandiegohaunted.com
saniexpert.nl
santeh-mir.com.ua
sanyparts.com
sys.no
sap.xfree.hu
saritube.info
sasluts.co.za
sasuke.wop.ro
satelite.com.mx
savecrsfuture.org
sawitonline.com
saxue.com
sayip.info
epinmi.puk.ro
scarj.asia
scheepten.puk.ro
schneckfamily.org
schofields.ltd.uk
schulddelging.puk.ro
consuladodamoda.com.br
sci2s.ugr.es
vaciada.wop.ro
sciaticapaing5zd.info
scilogs.eu
scotiabank.com.pe
love-is.ru
scottcrumpabfn.ning.com
fedme.es
script-portal.ru
scrumy.com
sdong.net
www.xinwushan.cn
sdrzrgh.fyfz.cn
showmeyourlinks.blogspot.in
se208.wooee.net
searchignite.com
seattleartcars.org
seccanti.puk.ro
sekolahkami.com
3gnet.de
selected-winner.com.tw
selio.tk
sem.gz.cn
seminavamo.wwwwww.wop.ro
misuta.puk.ro
semtracker.de
sencillomartinez.com
seo.cylipin.com
seoinformationblog.net
seopopular.com
behanget.wop.ro
seqingdonghua.tk
sereine.wop.ro
seriale.beta.v3.tvp.pl
serialnod32.info
sesukaku.tk
linux-mx.org
sevensh.com
sevilla.org
sezhandaohang.8bit.at
traff.wop.ro
trelogatos.gr
targiturystyczneonline.pl
trnty.edu
trustnet.pl
tswjm.com
tvfest.info
tvforen.de
anxin.5law.cn
tweetwawa.com
energystream.dk
eportal.gr
escortguide.ro
extraunza.eu
folder-seo.pl
forumm.tym.sk
fourthirds-user.com
fupukujuj2.prv.pl
fusione.info
gaga1.blip.pl
gambarkeren.info
gameiwinonline.net
highoctane.gr
highpulserakeback.info
hlbb.nfdy.net
hostingreviewz.info
hucxh.upweb.net
huhehaote.twoauto.cn
ideseg.com
www.pzm.pl
bajou.puk.ro
nazist.puk.ro
closefri.wop.ro
dichvutangle.com.vn
fallschirmspringerclub-kaernten.at
info.shangjia.cn
saps.moe.gov.my
jc-alpha.de
wazifa.webs.com
eventy.nf.pl
www.dg234.com
submitarticles-free.info
feuillue.wop.ro
chemica.flog.pl
gbook.521338.info
kissensc.wop.ro
shop.sonataarctica.info
35766.info
download.komputerswiat.pl
blogfactory.it
imarimachinaka.sagafan.jp
www.venoke.hu
nigerianbusinesslinks.com
d-p-h.info
msiiduy.us.pn
remax-oceansiderealty.com
668628.net
cheeseboardcollective.coop
publicijobs.blogspot.com
footao.tv
earning-cash-with-ppc.info
wuyoupc.cc
adventuresofanamericangirl.com
seerback.wop.ro
internet-business-startup.info
giganticlinkdirectory.info
kobus.digart.pl
ministrona.pl
ham1.software.informer.com
travelvacationfreearticle.info
wap.wapjc.com
www.daynhac.org
cretivedress.info
effectuera.ohima.wwwwww.wop.ro
realquickcommissions.puzl.com
gazeteoku.tv
tsukuru.ikora.tv
site.dsz.cc
akliya.com
i-hack.de
webseo.blip.pl
shuangyashanshi.m69.info
inprobmisto.blogger.hu
videosexe9.info
mapelli.info
dhre.210000.org
employmentlawbirmingham.co.uk
plumatella.wwwwww.wop.ro
fes.org.al
plussfigurak.gyerekjatekbolt.hu
wasteoftalent.org
www.vakantiehuishurenspanje.nl
promed.de
woyun.me
iamninetythree.digart.pl
lamode.info
winepromise.net
gomobi.info
ocesia.edu.pl
sevelina.org
website-go.com
dedicatedhostingwebz.info
www.ds997.net
oneoman.com
6g.org
legman.wop.ro
giftboxes.huarenblog.com
paris-edt-vapo-75-ml.istats.nl
riposera.wop.ro
kandisen.wop.ro
fgu.ch
thechatroulettegirls.com
hokuken.com
game-foundation.de
thecountrychiccottage.net
588dcn.78.cn
sportsrelatedinjuriesjd76.info
the-pact-full-movie.blogspot.it
mfht.1168.tv
rumble-on-ice.de
aphrolit.puk.ro
baopen.net
soaringpredictor.info
www.p6yes.com
www.qianyajianfeijiaonang.com
classiccarcollectorz.info
www.8sxh.com
my-junggesellenabschied.de
www.fudian-bank.com
mesotheliomaattorneyz.info
malikasorel.fr
catlee.puk.ro
bridgestone.co.th
m1.tv
fightforthislovex.hyves.nl
hochschulkompass.de
hfbaykee.com
asiu13lka.wrzuta.pl
www.jsjr.cc
szukamszczesciaa.pinger.pl
www.milo.pl
pizza-online.fi
boardhub.org
q.115.com
www.monkbbs.com
takekuma.jp
malpracticelawyerz.info
3tn.ru
profilaktykadolice.pl
viewpad7phone.7m0.info
rybi.265link.com
oil.fi
getblogcommentsclub.com
novelainsensatocoracao.net
www.dijiaqi.com
wahmsonlinemarketingvideos.info
clenched.puk.ro
enkol.pl
chaosinthekitchen.com
dictations.wop.ro
5ydh.info
268988.com
cyborg-ninja.com
fazes.wop.ro
ecox.com.hk
mark-enthoven.hyves.nl
uxlabs.pl
organic-market.info
designeast.eu
bijsmaak.wop.ro
luxurioustowels.4zy.info
www.drv.nl
antenanet.sk
fabove.ca
vmpa.k3y3.net
theonlyexception.pinger.pl
trapaniwelcome.it
seozeus.org
wap.6hc.co
dengshi.org.cn
liczycielkabiedronek.wrzuta.pl
mqvs.nfdy.net
naturepix.ru
sexclublive.info
crossdresserpersonals.org
zhongweistar.qiannan.org
mitpressjournals.org
voo2do.com
okyakuta.puk.ro
www.419design.net
joe-klecko-jersey.xtgx.com
portal-minsk-mazowiecki.pl
mucro.puk.ro
www.0817f.com
tt.se
nettoyage-cryogenique.info
bloggerjobs.de
naplesteapartypatriots.org
sdjck.com
ty0i.qiwen5.com
www.poligrafia.katowice.pl
ex-boyfriendcollection.com
auto2000.co.id
dnf989.com
szinhaz.hu
zaqk.ro
xnet-1.r.gd
riboguoji.info
adultspace.co.nz
petsage.org
djadiik.wrzuta.pl
emol.com
mahindradeals.co.za
bmw.com.tr
www.5917me.com
maken.puk.ro
gladless.wop.ro
pbt.co.nz
www.shopxo.com
frim.gov.my
andriy.info
malulani.info
wxst.nfdy.net
lavoromilano.info
terpforum.com
paula2212.wrzuta.pl
walkswithbear.com
www.acclib.com
jestemtymkimchce.wrzuta.pl
tusur.info
www.whwwsz.com
hoikucan.jp
www.cs2c.com.cn
futanarigirls.net
wz.yq920.com
www.coachina.org
poltrip.pl
pathname.com
www.124aj.cn
seventh-angel.net
lolking.net
shelleylubben.com
vertextile.info
www.english119.cn
rodete.wop.ro
suamaygiat.info
jinghuank.com
hcgdietchoices.com
ok-zhongshanmassage.info
roysanpa.com.pl
guideranno.puk.ro
www.fz365.net
df366.com
www.amcoding.com
wiklinaustasi.pl
phimvang.org
mrd.hu
grottacontinua.org
redemetodista.edu.br
myworldseobookmarks.info
nixp.ru
megaroll.info
www.mkzhan.com
globalestrategias.es
docbook.org
gikan.wop.ro
cheapjordans2us.com
cubicweb.co.uk
ien.pl
abbrunar.puk.ro
astuces-se7ven.com
tomopop.com
fwmtrack.info
www.ifps.org
wondi.soup.io
viervoud.puk.ro
www.vatinam.net
sunsweet.info
eskok.pl
winterjacketsformenuk.info
sirmk.digart.pl
listingtop.com
www.dom.pl
mgrbjs.114.org
www.ltc58r.uqc.cn
sabercomo.info
llb8k.info
shinra.wop.ro
allposters.pl
www.pandamemo.com
bestforextradingz.info
suedafrika24.info
unsort.puk.ro
wuya.info
fioreperu.com
74674.com
technicalities.puk.ro
birleyhighschool.com
hktkw.net
www.941521.com
mokiti.puk.ro
6wz5.k3y3.net
www.txrc.cn
xisuifagu.1168.tv
digitalpig.com
miftg.1168.tv
jobrab.com
stoda.wop.ro
www.czxpj.cn
lehrst.puk.ro
51surroundsound.7wx.info
recetaensaladas.com
amnb.com
www.animonda.de
greatlinksdirectory.com