www.mm.sspig.com
ebonywhores.org
onuno.net
www.yxlc.net
runthedeuce.com
xi.xiaoyoyo.com
radiofama.com.pl
moip.gov.ck
fortworthgov.org
tairi.puk.ro
www.xunbao173.com-mhzx2.info
charles-harvey.co.uk
nukijob.com
nii.ac.jp
mltcreative.com
www.juhese.com
infobooks.wop.ro
yulu.in
mkgenetic.digart.pl
speakerplans.com
www.s1979.com
www.wdj482.com
webwiki.com
www.diysky.cn
www.lfxhys.com
greeksubtitles.gr
distinctives.info
www.gzhzw.com
daktronics.com
homeweblist.info
lab.yqc.im
www.sotui8.com
www.souloo.com
www.u6sb.com
pacquiaovsmayweatherlivefight.info
claimyournewcard.com
luwangdan.net
ftvvitter.com
www.wuhenquba.com
attrapee.wop.ro
soulexistence.com
www.007swz.com
wangsaphungclub.com
www.szcdwh.com
applicationandroid.fr
freckledmoonlight.digart.pl
inecobank.am
buyciproantibioticnoprescription.com
explicer.boordlint.sfoderiamo.wwwwww.wop.ro
bogeydown.com
www.maisiliao.com
www.shengjiangjijinan.com
pondomaniak.pl
become.seite.asia
sexodedos.com
china.nowec.com
magv.info
shiley-uan.diandian.com
xboxfrance.com
www.oiu333.com
www.tjrc022.com
www.xaym.com
osadchuktoday.ru
bhuj.asia
xnlx.org
www.mibiao.tel
loewen-forum-wbb3.info
aizhan.com
bbs.52pcgame.com
550m.com
energofish.ro
www.njsclsb.com
sgi.org
www.gdtarena.com
kocky-online.cz
www.lgyclt.com
nigelsecostore.com
ozgurdunyam.com
441x.com
pilniak.digart.pl
eetcafedeoptimist.nl
gyakulife.blog.shinobi.jp
www.ruizhibaby.com
www.shmm88.com
www.1980ws.com
ib.job1001.com
giacom.com
www.jszkzs.com
lanqiou.info
refluxremedy.com
www.52bushui.com
cve.me
qpz.gov.al
muzsait.ru
spieprzajdziadu.com
goooodie.com
blog.hellopad.tk
www.fyjjdz.com
www.tingshu520.com
renticc.com.cn
bemreview.com
ggg13-db72.diandian.com
zona-videos.com
stl.digart.pl
www.cpa139.com
trap2media.com
kaizentracker.info
skial.com
phenomiix4benchmark.7h1.info
www.dek.dj
dragonstars.it
www.iyaya.com
business-tiande.ru
cd-fiap.com
www.stefankernjak.com
spblogger.com
vssolutions101.com
nlplaats.nl
www.08ko.com
xingfu3.com
onehourbacklinks.com
www.xctour.com.cn
growlitestore.com
theavengersfullmovie.blogspot.jp
elektronske-cigarete.info
www.gw06.com
thegiftcardcentre.co.uk
mimonweby.cz
dewahost.com
zhshw.cn
getsassie.com
www.hnjyxqq.in
pingan.com
www.softwaredownloads.org
jetnexus.com
leplat.wop.ro
howtolossfatbelly.com
tascam.pl
cm36.ath.cx
www.goomv.com
bookashowing.com
socialagent.se
lakesidecollegeluzira.com
888xu.com
www.hrnce.cz
josytal.info
www.178av.com
handy-news.at
celebrityring.info
salesautomationsystems.com
paylasim-forum.com
gbs.com.vn
zakka.minkei.net
www.sgfrms.com
emeishan.sczt.net
kemenpera.go.id
cemconnections.org
cen.to
centrojuvenilancora.com
centrum-si.pl
ycjh.jse.edu.cn
ttarxymjan.blogtrue.com
cepsa.com.mx
cernaiasuite.com
cero.in
xandeadx.ru
ceshi.973.com
www.led951.com
cestlavie.vn
cetkatekstil.com.tr
cf.1713.com
getupfte.puk.ro
cf.qq.com
www.h577.com
cf.qt263.cn
cf0771.info
cfdian.com
cffd.chinese.cn
colostate-pueblo.edu
cfh.org.tw
cfoc.org
cfutx.net
222.94222.net
cfwedm.2008jy.net
easyticket.asia
cfwzpt.78.cn
cg.gzcz.gov.cn
cgi-host.co.uk
aankeken.puk.ro
cgi.ebay.de
www.kxkz.net
cglmlcw.tuita.com
cgpartners.hu
cgtut.taobao.com
abeme.com.br
cha.cc
cha.sina.com.cn
saraphi-cm.com
porn.biz
cha168.blog.163.com
chache88.wanye68.com
teentimes.org
chaichejian.beimai.com
chaidezpits.com
johnzich.com
chaip123.com
chalets1066.com
decoratieve.wop.ro
chalokool.com
chambre-bebe-lit.fr
www.onlypo.com
chandigarh.olx.in
changa.puk.ro
allaboutreviews.info
changde.hnrcsc.com
changsha.bgo.cn
changshakuaijiejiudian.fdchs.cn
tuyaux-turf.com
changson.net
www.51paper.com
chanhourenshenwen.soukeba.net
chantongan.1168.tv
www.yinhushi2.com
chaoqing.net
chaotic-games.com
snsfleet.com
chaptersworld.com
char-custom.net
charmoden.co.uk
monclerkidwinterdownjackets.cmnewsby.com
juniorpussy.com
charmzsprite.deviantart.com
chasa.co.za
chat.uzai.com
chat10.live800.com
www.tjdiping.com
chat63.com
www.hzjzl120.com
chawz.cn
chaye89.com
forsthofgut.at
chcem.info
www.mqy6.com
che9999.com
cheap-bastid-cooks.com
cheap-linksjewellery.com
cheapjordanshoes.zipea.com
schoolslutz.com
www.stone-world.com.cn
cheapmarijuanaseedsforsale.com
cheapnfljerseys-online.net
cheaponlinesales.info
cheapshoesforwomen.org
www.13503836969.com
screwfix.info
cheaptvhd.20j.info
cheard.puk.ro
chechuang9.sdthsk.com
checi.tieyou.com
alloho.com
vietsn.com
check-my-website-ranking.nl
check-your-website-ranking.nl
checkgooglepr.com
checkmycreditreportforfree.net
smbc-consulting.co.jp
techno-graphica.com
checkoo.com
checkwebsiteranking.com
chevrolet.co.il
chinacwserv.com
emoryathletics.com
chinadds.com
chmusiclive.com
ckdvd.com
ckneckermann.cz
733.3199.cn
co-restyle.com
www.880730.com
coesa.cn
coldwind.pl
contactenoscolombiaaprende.info
gctronic.com
cornerstone.edu
veterans-uk.info
corporatesnobs.com
cosmostoursandcruises.co.uk
cotojest.info
www.fpbb.pl
cuevadetarzan.com
www.zaova.com
d71.us
dako.wop.ro
daphne.vitus.org
idc.name
darragh.puk.ro
datsyn.com
660.a-thera.jp
de.indymedia.org
deanlee.cn
rim-plast.ru
deborahdachinger.com
delphine-desmarets.com
comfehands.com
despertardelsur.com
devhell.ro
chelonin.wop.ro
devilscafe.in
dichtienganhso1.com
ra6855.com
dilkut.biz
djaya.wop.ro
e-yillik.com
dodoshiryo-hokkaido.info
doggallery.hamazo.tv
groups.yahoo.com
domki-holenderskie.com.pl
download-future-ringtones.blogspot.se
narty.pl
dr2o.eu
dred21.flog.pl
fazlavideo.com
drummerforum.de
dsl.cz
duo-cosmetics.com
e-book.lapozz.hu
speedtextnigeria.com
easyseostats.com
edhawken.de
ikabelky.cz
edy4life.com
efrardwiki.org
ekfu.net
www2.etown.edu
emocje.art.pl
beaner-dude.deviantart.com
estar.cc
exoten-forum.de
eylence.az
ewish.asia
ezbox.idv.tw
goldenbutterflyz.blogspot.com
klick2contact.com
denotationeel.wop.ro
www.lymuseum.com
tiefstst.puk.ro
www.22655612.com
erlyvideo.org
whenyouawake.com
neurologiczne.pl
wu.ac.th
aglasem.com
minea.org
fusi.210000.org
con6.cn
vlsweb.net.br
unisa-europa.com
novostink.ru
punjabimp3music.com
experimentalaircraft.info
christianitydaily.com
www.vd99.com
www.277770.com
www.liangxin365.com
qeri.210000.org
horo.wop.ro
fallows.wop.ro
familyarches.com
findl.com
foundthis.info
gayuba.puk.ro
kennenzulernen.wwwwww.wop.ro
juancong.com
modula.no
youro.puk.ro
singerie.wop.ro
www.vivimimi.com
www.xm94.com
ahifi.cz
85zl.net
www.xhys.asia
herballoveshop.com
dishtamilonline.com
mdro.qiwen5.com
www.332mm.com
www.5rongzi.com
forum-windows7-windows8.fr
fucq.qiwen5.com
globe.lu
cullmann.bemutatoterem.net
bonusonline558.com
goldsea24.com
good.is
googlekontrol.com
goplaza.vn
mandelkerlaw.com
gottua-nti.blog.so-net.ne.jp
partoch.com
goztepe.org.tr
greatarticlesubmission.info
groemo.de
www.21eq.com
equitybank.co.ke
groupewib.com
guilinok.com
guiluerxian.1168.tv
guiseltthaiz.com
bollywoodnews.org.uk
olkapazurki.pinger.pl
gundam-forum.com.au
guoaoxinli.com
gy.91.cn
gz.o.cn
mutiny.wop.ro
www.lmsw.info
gzcshj.com
gzhaisan.com
gzkpy.org
gzmilo.com
tsukyomi.ldblog.jp
gzw.hainan.gov.cn
hackerbox.us
hackinguniversity.in
www.seo229.com
hainan.qyi168.com
www.365ip.info
www.jyzkb.com
jkmawelqimaidj.blogtrue.com
www.leaimall.com
sto.org.pl
inez.flog.pl
www.zalabit.hu
hairstyle.4738.com
simpsonsquare.com
fcpakistan.com
handleyweb.com
www.lusiya.com
hannya.wop.ro
mnvv2.info
hanzhongliangpi.com.cn
www.meihaojz.com
hao.94pian.com
jorgealbaladejo.com
www.chinayasheng.cn
hao.fz858.com
www.imobiliare-particulari.ro
www.239p.com
juegosmalabares.com
www.huliancm.com
www.gpsdingwei.info
lele.com
gglggr-proto.appspot.com
apnigirls.com
sciaticasymptomsilft.info
www.malatangjiameng.com
essentialoilsdirect.co.uk
unthrash.puk.ro
inaworldofideas.com
sciencemasters.info
hao.taodat.com
hao532.wap.ai
www.tthcp.com
footygoss.com
haosaoav.com
hollywood-naked.com
elitenicheresearch.com
theperspective.info
lhde.265link.com
yingyin.biz
tamiii.digart.pl
www.hebeidaxue.com
greenday.art.pl
inccl.com
haoxd.net
elitatvhq.pl
inversi.wop.ro
www.fgtmall.com
www.wap3c.com
batteries.com
yibinseow.com
www.af3d.com
www.laidown.com
www.yautou.tk
www.cma.com.tw
sms-casino.nl
www.5566xo.com
superstockpicker.com
www.nbwb.com.cn
qdgyyb.b2b.youboy.com
sf161.com
mlongines.com
harrytienstra.nl
www84aaacom.diandian.com
has.tuan592.com
aaneengedriegd.puk.ro
haskovo.info
hb.xafc.com
hbyyedu.com
hcplc.org
www.xmyzfanfu.com
pussybook.org
hdx6811.51.com
hdycw.net
heirholdfast.info
8loon.com
hellokittymania.net
jobstheword.co.uk
hentaiboss.com
hentaitoplist.org
hhh258.com
www.car2008.com
tataindicombroadband.in
hk.biaogeer.cn
hnz4.com
holdfruit.info
home.haining.com
yuforum.net
www.linuxpk.com
hostpapa.ca
hostpedia.us
hosu-gogo.jp
hotmark.eu
videoporn7.info
8xtg.qiwen5.com
hp.com
huanyou56.com
humericooee.huijucn.com
humuun.info
51jinshi.org
genarts.com
hy-partners.com
ideaexpert.co.th
ilike.cz
im.tv
www.12dvd.com
income2.jp
pvdepot.com
incubit.pl
indiatraveltours.com
inetmexico.com
annecurtis.ph
inixplicable.puk.ro
wwqw.777te.com
innemedium.pl
internetkorting.net
digg-tweet.info
isuppress.net
iwom360.com
z7l.info
jamisbikes.com
jbb.pl
my.439966.com
jc-story.de
jelly-beans.co.jp
xg70.com
jemepropose.com
jennyskavlan.com
tint.puk.ro
jessiejea.tk
jpg-to-pdf.org
028luya.com
jsysbj.com
jvgfoto.se
costaricaexpeditions.com
k.pcgames.com.cn
kakaku.ascii.jp
amarillisz34.fecsegj.hu
kalasgott.com
kalb.it
amrum.org
kaminote.net
kanalnio.se
howmuchdoeseverythingcost.com
karcaw.org
karianna.us
stampamm.puk.ro
karlcardoza.com
karmamarketingandmedia.com
www.ouyhan.com
kaszuby.pl
piorno.puk.ro
katalog-next.pl
katemullanynhs.org
kau.edu.sa
thewebfiles.com
kawasemibox.blog.so-net.ne.jp
beritasemasa.my
kawin.it
kaymbo.eu
kazancsereprogram.hu
4pcd.qiwen5.com
kc.qzwzqh.com
www.lzmsb.com
kdjm.78.cn
ki.ki
killnailfungus.info
www.apgeogrid.com
kingcrafts.co.nz
phpcj.org
parkour.pl
kjlzy.cn
kloxo.com
knowledge.ca
www.hslchina.com
kolokuma.puk.ronews.com
www.hbxjy.com
kom-club.org
kpul.78.la
landryneczki.pl
webproxyz.com
lebenshilfe-abc.de
pullboat.wop.ro
acid-alex.com
leblogdecomydz.fr
lettre.gr
3-d-paper-flowers.blog.hr
lifeasatech.com
www.xdlwl.com
ling.pl
liquidshop.eu
littlepinkbook.com
livevn.com
crosslinkamerica.org
pixelmatrixdesign.com
livewhoring.com
lodz.pl
logandaily.com
logxxxjizz.info
ipshop.sk
makeadoll.info
manor.puk.ro
marketing1to1.com
scheepten.puk.ro
marvinsally.info
goldhawklabs.com
mastudentnurses.org
mauxa.com
cloudirectory.info
www.fdaol.com
mazatlaninteractivo.com.mx
mccuerobin.tigblog.org
mebelshop.in.ua
it.jobset.cz
mediaprint.at
merr.pl
miaomu189.com
midian69.digart.pl
overlordship.puk.ro
miee.tk
migratoria.it
milkybody.info
mistersoft.org
dimplex.de
mnkom.ru
mof.gov.qa
partipirate.tn
mormani.com
google.com.pa
achildscloset.com
mozilla-nl.org
caillouoyunlari.biz.tr
mybrute.com
mysqladmin.cinternet.com.cn
www.wztxwz.com
navigateur.info
netdoktor.dk
www.fanli88.com
ngamgaixinh.com
ningin.com
www.ylsrz.com
noclegi.pwi.pl
overgrootmoeder.puk.ro
nombre.wop.ro
nyllover.com
offerta.se
mccormackmorrison.com
ooikeiba.wop.ro
lhc-888.com
oozo.info
ilsimplicissimus2.wordpress.com
articlesdirectorywebsite.com
shshitang.com
assuredmoneysolutions.co.uk
pathlegal.in
concierge-zao.info
telekwiaciarnia.pl
www.025mobi.com
lionsbistrita.ro
www.020fanxin.com
willin.org
www.220uuu.com
utk.edu
ghnfbgtj.blog.kazeo.com
66066.info
kissjuegos.com
www.dingcheng.gov.cn
qzdaogou.com
vfzrarelug.skynetblogs.be
gmlat.com
xichen.wap.ai
zdravoe.com
mojataubavagradina.mk
obikidas.wop.ro
jyphone.com
250442404.qzone.qq.com
wix.com
vergasse.puk.ro
zalecorp.com
kyougijo.puk.ro
bookmarkstory.info
www.5858wjj.com
weeyoo.de
nuos.210000.org
qbwytr.de.vu
golfshop.com.tw
direct-ads.com
freewebdirs.info
clfdistribution.com
goldenmoney.biz
babewalker.com
www.anbankslm.com
24wd.net
www.028hxlysw.com
wphao123.com
fly.software.informer.com
lumadis.be
cascarin.com
copperproof.wop.ro
jiensc.78.cn
www.skola.ba
ynxu.qiwen5.com
katalogseo.pl
examresults99.info
www.gzncj.com
bat-careers.com
torhumar.com
casemodbr.com
greece-athens.com
www.lyjw.gov.cn
buscacarros.com.br
zhengfu.hdol.cn
stephan-test.de
aumentarminharenda.com
asu-net.info
www.uyml.net
polysporic.wop.ro
5c6.com
gd.273.cn
www.niuruba.com
yckino.com
celestronimages.com
www.mm8.us
www.aeroklub.cz
articledirectoryland.info
www.027wsw.com
familiesagainstplannedparenthood.org
dn71.com
joho.st
vip-sexshop.com.br
www.okmt.hu
pornbookfree.info
delisaka.com
www.fjkeda.com
cmsc.edu.bd
usalinkdir.info
paymode.com
111193.com
www.yinqq.com
thegamercat.com
prxe.info
blendimages.com
bbs.ty7.cn
sadomain.co.za
versicherung-portal-1.de
www.xiangwenwl.com
2ma.cc
stormbringer.at
wa5166.allin99.net
startirai.com
www.1taijiao.com
nocy93.gportal.hu
www.girlgames01.com
juicymagonline.com
studio-clip.co.jp
univ-biskra.dz
topshoeschina.com
www.789xy.com
tg.cnball.net
1webdir.info
adminlj.com
webarchiv.cz
iref.nfdy.net
www.xmuisc.com
showmymobile.com
seorankplus.co.in
loko.pinger.pl
www.adustudio.com
028sem.sinaapp.com
dotbay.info
silje.prv.pl
genglou.zj.com
mtn.com.sy
jwzssyvyx.freeblog.hu
www.laizhouin.com
interio-tech.com
www.876ggg.com
cheval-rhone-alpes.com
seseas.com
whiteboard-flipchart.de
taumel.wop.ro
any.ge
www.plrc.net
siphonos.wop.ro
www.jlcg.com.cn
www.dl12333.gov.cn
6h168.com
tuba.pl
gozahara.info
1.88.520f.com
trivuz.com
www.mytiantian.com
dexted.pl
xxiaomuqiao.blog.sohu.com
www.evvc.nl
affiliateroyale.com
www.fjetc.com
premiumviralmagnet.com
www.91sebo.com
moatsz.hu
xinqiya.com
loptionbinaire.com
www.xnyg.net
louisbrinon.com
catgallery.ru
sxdehudzyhde.blogtrue.com
aardvarkbrigade.com
5k5588.com
alone.5d6d.com
pcsupportkit.com
windowsphoneitaly.com
westspri.puk.ro
www.kkdyw.info
a2-soft.com
www.luxuryqingdao.com
ainuamri.wordpress.com
139dy.com
ochotoni.wop.ro
elfen-wiki.de
blogsexy.com.br
rancnc.org
alizayour.com
vazak.com
www.lingdutu.com
minnanodate.com
www.1560539.com
recipe.anime-ranking.net
filingforbankruptcysite.com
hlit.libmedia.nymc.edu
enjoysextube.com
www.haixijk.com
www.wmzg.com
ilab.usc.edu
istebj.com
amitriptyline.info
strip-baden-wuerttemberg.de
videosdoglorioso.com
wildtube.ru
merica.com.tw
www.91694.com
gabriella-falci.com
cinema-film-video.com
www.bjjianbohui.com
downloadsfacil.com
www.leidesaw.com
north-volbs.info
fantookh.com
jinta.678114.com
freesexdoor.com
3322.cu.cc
o2htg.pl
my-themes.com
meredy.com
loxton.wop.ro
www.cafebatdongsan.info
porterho.puk.ro
www.ctrip.com
www.0593r.com
f1orlf1.gportal.hu
folgsamerem.puk.ro
www.ningmenggf.com
ibi.li
www.linkk.hu
shinagawa.keizai.biz
saraba1st.com
ime.usp.br
onlinemagyarorszag.hu
miguelit.puk.ro
beautifuldayinvest.com
www.hzsjjx.net
diamondsinternational.com
hotjazz.cz
52pjz.com
free.vipiu.net
zkae.210000.org
guidetobeadwork.com
vdns.vn
www.xinmei99.com
kingbus.com.tw
paipai8189.62.czhai.com
intdev.co.za
itatis.pl
joysflair.com
optim.al
moinmo.in
phuketgems.com
dnevniavaz.ba
mypressonline.com
www.chuyendientu.com
allinbox.com
www.ygs44.com
www.njaquarium.org
adticket.de
storyful.com
ekonomikeczane.com
www.jeshotel.com
videosexe11.info
emeliea.deviantart.com
simple-directory.info
dy.125kx.com
delllovers.com
www.hmz.cn
denunciata.wop.ro
puplegnica.pl
fendou.org
corsa-club.net
78-st.com
www.jinfengcs.info
www.myplaae.com
www.best-free-website.info
ottocom.ru
www.0572dq.com
spinzpenz.com
www.boya789.com
ate-u-tiv.com
vegweb.com
patrickgriffinonline.com
replusnet.com
www.zldsmt.com
miyazawa.wop.ro
www.quwentan.com
www.yidaoguan8.com
www.es-zikao.com
www.sxztq.com.cn
upu.int
www.ady9.net
amb.blip.pl
thehelper.net
rangel.wop.ro
qudao1.com
www.phys.ndhu.edu.tw
ambertonas.lt
fao.org
www.sexinsex.com
kaikei-zimusyo.info
z0nline.com
www.lyjk5.com
www.jiaju001.com
www.mfj114.com
3g.10010.com
olx.dm
asrultras.hu
paste829.com
blizzardcraft.com
clickmonster.info
www.atlaspost.com
www.fake-coach-bagsale.com
szempilla.info
www.10xo.com
23.gd
www.dybhxx.com
paintoolkit.org
attainlinks.info
bryja.net
v1.cn
wantoday.com
vpzfdirer.blog.mongenie.com
textdrive.com
ewar.lt
osouji-info.com
rumoaoita.com
koklam.com
inlineskates.net
4gea.com
swap.ru
rss-navi.com
www.woow5.com
krishibidgroup.org.bd
www.kaoshijie.net
bioverlag.de
77link.com
www.maphim.net
mydirectorylive.com
skoda-auto.by
pannasia.digart.pl
www.cylipin.com
10x12-rug.blog.hr
www5.51avnv.info
zouqhzsb.blog.cz
www.sdzqdls.com
experiencer.com
www.plantprotection.org
alek79.digart.pl
shumateeng.com
www.beinao.com
wardata.cz
paraguay.co
nt4w.265link.com
prullans.net
www.dechnet.com
ordena.do
pureromance88.ucoz.com
msr-dc.com
eppkabqth.blog.mongenie.com
israelinnovation20.com
www.yidefen.com
adventuregaming.co.uk
ifancyit.com
efficom.fr
www.hapitu.pl
www.plum-holiday.com.tw
cypers.wop.ro
www.jzhcz.com
reprints.net
cxba.cn
irista.com
betaetig.wop.ro
ucenter.maidongxi.com
socialbookmarkingpligg.com
mygaypornotube.com
www.shagaozhan.com
sj0r.k3y3.net
live5.spbo.com
ttvyocgk.freeblog.hu
google.com.sl
socio.ch
ultras-mons.be
e-dkt.co.jp
index.net
yorkcookeryschoolz.info
sosing.com
koseya.com
fallkniven.com
www.kaixian.tv
www.xwydn.com
collegeclassesonlinez.info
theoutnet.com
awesomemu.com
www.93zz.com
zhongwenban.3199.cn
eft-le-congres2012.com
82980.hemelsesex.nl
www.52huoche.com
lhs.wkraj.pl
proyectocomunidad.com
prgm.info
www.highgb.com
www.sabocn.com
www.bys-gz.com
i.qiyi.com
ramsrule.com
okdesign.dk
tmii.210000.org
successmakingmachine.com
heida.cn
www.youohui.com
morocco-trekking.com
www.qyhacker.com
00852tm.net
aixusers.com
normal-blood-pressure-diet.com
dalyanbluecrab.com
hengyi23.cn
fahrradstar.de
bbs.damuniu.com
couturelab.com
urbanetalk.com
www.12341.com
29ww.qiwen5.com
foto.sk
phillybuddypress.com
dogcentral.info
cardloanfan.com
susanyu.us
maserati.com
bcss.210000.org
unifcg-kredit.ru
wibbo.fr
www.beichthaus.com
www.emilyornament.com
sokussma.info
exsoft.org
wap.jkmrp.com
gutscheinrabatt.eu
www.love7y.com
wikicalcioitalia.info
anti-nikotin.info
nobledrugstore.com
www.464mr.com
stilhaus.hu
5cn.info
www.chinagaoping.com
www.sunway.es
www.yzjob.com
hayate.pl
bousen.puk.ro
www.hiphop007.com
sxhlhk.cn.china.cn
ckga.qiwen5.com
pk.vqq.com
www.guangzhouwangzhanyouhua.com
rausach.com.vn
rcn.com.co
fantue.com
www.nnxsdn.com
vintageerotica.com
wildmomstube.com
freeclipartpics.com
changchunshi.m69.info
www.720ai.com
juegosok.com
www.355vv.com
bridalboutique.pl
www.zhaoxi35.com
thatgirlisfunny.com
bodybagsent.net
www.cyptaobao.com
handsonhardcore.com
sikkimtourism.travel
kudzu.wop.ro
08yr.com
allesevolution.wordpress.com
wwx.tw
www.9ijm.com
www.xlxx.cn
www.51usavisa.com
www.xinmet.net
cxqp58.com
grijsaard.wop.ro
thingsstuffedwiththemselves.com
pacojana.pinger.pl
hvt.vn
awq4.gn2012.com
super.com.ec
unibe.edu.do
3tqq.cn
31177.com
wpmu.it
mygilgit.com
graypic.com
zhaobailing.com
www.pnud.mr
kotzabasis27.wordpress.com
maigo.jp
247fatgirls.com
hugesearchenginedirectory.info
www.szrof.com
fmxmore.ru
boi.gov.bd
download-katy-perry-ringtones.blogspot.fi
beatingbroke.com
openlivelinks.com
spongyabob-jatekok.b11.hu
bevreview.com
www.ncjiaxing.com
848848.cc
apple-iplotereya.info
et.hsw.cn
www.lxggyw.com
www.gergegt5e.com
supergamer.cz
yich.taofang.com
puertopollensa.com
adiscon.com
fujiya-camera.co.jp
81tao.com.nu
www.gihon.ru
xinan.gqsoso.com
toxique.net
www.588dz.com
bug-pesto.com
776dd.com
www.soci123.com
kafkas.wop.ro
wapzc.cc
www.zwgay.com
www.kboau.com
carclub.mk
littleacornsnorthcurry.com
www.simplesites4u.co.uk
rekibun.or.jp
www.shibakai.com
oggole.pl
warszawa.studentnews.pl
findmombasahotels.co.ke
meilianchen.net
filhadaputa.com
webfurl.info
christmaslightscompetition.com
larsentoubro.com
ameritas.co.uk
moviebucket.com
unaproned.puk.ro
omonon.info
www.543aa.com
brightroll.com
pteixeira.com.br
despegar.com.uy
wgmg.co.cr
squinty.wop.ro
twelve-monkeys-full-movie.blogspot.ro
seorankingconsultant.com
website.tc
hxv.blip.pl
curemd.com
mulberryhandbags-uk.info
www.sdhzggzz.com
zigong.house.sina.com.cn
ferienhausvermietung-buschbaum.de
lankadeepa.lk
totmania.net
rr4.eu
labpc.prv.pl
makingstrange.info
privacyscreencompute.3vi.info
iranianfair.com
www.dzxlxj.com
syncarpy.puk.ro
prensa-latina.cu
highlighthealth.info
www.search.hc360.com
metrogreece.gr
ransquawk.com
proxybay.info
oslobodjenje.ba
modnitsa.info
snooth.com
www.kx389.com
vaijayan.puk.ro
hongkonganran.com
www.xinzatan.com
ricardogarciavilanova.com
xoppi.com
81213.com
www.uuu11.com
vnspace.com
thinkonlygadgets.com
ballac.wrzuta.pl
www.hhddbb.com
www.shop8001.com
ambisonictoolkit.net
iisadmin.co.uk
qitcom.com.qa
fushunshi.m69.info
whoisya.com
jandan.net
xianggelila.org
avlak.com
www.fnfnet.com
www.dengza.com
bondwithkarla.com
partituras.com
gacworld.com
e-wut.com
www.58e-shop.com
www.clover.sc
scotprem.com
errano.wop.ro
dpsbanners.com
metaversetribune.com
pilz.com
www.emedia.am
www.sygsfr.com
sportomotoring.com
laiberica.com.uy
onlinepeliculas.info
95zhizun.info
www.99bii.com
www.meexpo.cn
bsl8.b2b.youboy.com
chintai10.otokune.net
coastalpet.com
inspiranic.com
bit-sound.com
enterprise-advocate.com
seostats.asia
www.ltrmyy.com
benyt.puk.ro
www.dailypress2.com
asesoresdegarantias.com.mx
juvenewsradio.it
www.ychync.com
nanoteh.md
chitarrasubito.it
madeirarural.com
www.91k.tv
www.1238090.om
m.uuunn.com
readorium.com
zimo-its.com
probbkrtech.net
fleurer-lee.com
felixzone.eu
www.er61.com
www.socaso.com
edirectories.info
muaban360.org
thecollegeconservative.com
euclub.info
www.shenyiyq.com
www.sjzam999.com
tamilamazing.com
www.baby152.com
33shadesofgreen.blogspot.com