jiudian.youxiba.info
greenmoreforums.com
sellthisbiz.com
ashwebdir.info
theshiningfullmovie.blogspot.co.nz
patjackson.net
elite1nationalsports.com
oahuislandnews.com
brooke-lee-playmates.com
chinshiro.info
yododo.com
www.mai.co
markiman.fecsegj.hu
www.hlgdh.com
94luoliao.info
chambo.wop.ro
easyservicesnetwork.com
psvita-games.net
forexmanaged.co.uk
pfsl.poznan.pl
kcra.com
worldhunger.org
pasuruancity.com
wenzhou.17wgp.cn
98fu.tk
www.stat.gov.mk
newskaz.kz
ggwdev.com
fachschaftsrat.info
axenna.no
itaskb.com
www.scpph.com
www.winzaixian.com
letapartment.com
theanimelounge.com
10000gy.com
www.silvarium.cz
kwickin.com
tl04.210000.org
www.12315cn.com
aha-retriever.de
penn.museum
zjdyw.net
rqwu.k3y3.net
droid-nation.com
www.parasepuh.com
pepto-bismol.com
peoriu.fr.gg
mp3-codes.info
makerstudios.com
phillyinfocus.com
placut.ro
jkc-inu.com
sayaarief.blogspot.com
512ai.com
tbsc.ir
www.sarok.org
www.zaihc.com
beautystarboutique.com
dao.taodat.com
doye.art.pl
tousokuh.puk.ro
vvccdd.com
jiajiayou021.3566t.com
unduetre.com
rxpills.it
tweetobserver.com
cmnw.com
www.1j1home.com
cnbce.com
cleanharbors.com
www.xiangyue0769.com
smartet.com
toukyouo.wop.ro
opdrukken.puk.ro
www.hzjzl120.com
92wdy.com
www.bjqwwh.cn
www.jdbz168.com
advertisingtimes.fr
www.foruic.com
kls-soft.com
www.bianxieniaohu.com
www.yolegame.com
www.senvgo.com
windenergy7.com
www.xiaoshuo766.com
richboroughboatconsultants.co.uk
dianziji.com
bronksik.blip.pl
citylets.co.uk
peliculatino.com
hardupskirt.com
free-sky.com.cn
eglobalelectronics.com
ecg1.265link.com
amiroh.web.id
mh6h.com
www.24pay.net
mojohost.com
acebook.com
page-graphics.com
63iw.265link.com
x58.peps.jp
51piaobo.com
alc.ca
www.xd15888.com
miniature-wargames.co.uk
thalasso-line.com
helmifaiz.com
www.hnaolan.com
tigerstores.co.uk
ticket-art.cz
huludao.zp300.cn
vocalistonline.com
bbula.digart.pl
www.666814.com
kagetsuk.puk.ro
kave.tk
www.jgzyw.com
citatepedia.ro
newsen.com
divide.filmaster.pl
isleofwhisky.pl
denvergasprices.com
hondaplaza.pl
a-path.info
guihuaxiang.com
jnp.edu.bt
instaladoresonline.com
www.yongxinoffice.com
fullradios.com
jubilia.pl
www.qq114la.com
feedback.goodjobs.cn
seetv.cc
citybazarbhiwani.com
muffingirl.blox.pl
nagoya-yorutomo.net
dailygamingnetwork.com
imlemem.info
www.taobao8899.com
kompressen.wop.ro
interance.nl
wdrv.com
superferry.com.ph
edu-resourse.asia
nitani.net
anfearrua.com
www.xsm111.com
ebookgratis.info
bhit.nfdy.net
www.sxxhq.com
wddyw.net
www.realcutecouples.com
listing.free.fr
guzhe.info
pro2202.ru
321ff.com
www.qqgzp.com
www.hhh47.com
jognote.com
ccdh.info
premiere-club.com
newskyenergy.ca
www.v9dy.com
watchus.com
4tl.info
aviosim.net
4cd.edu
13ise.com
www.ysscs.com
9ub.info
gopia.info
gebaat.wop.ro
www.chisheme.com
casadiscografica.tv
jibtel.com
www.0578zd.com
blog-verzeichnis.info
printingcoupons101.com
www.crep.cn
www.lianhecn.com
exxtra.blip.pl
testodirect.co.uk
1.vg
arsizbela.org
www.snjdjx.com
bigorre.org
www.sebaby.info
programers.comoj.com
googleoutlook.com
korny.digart.pl
zoran.flog.pl
adultsexvideos.info
www.jxy0756.com
kwgr.nfdy.net
www.sicco.cz
angstweg.nl
modakoleksiyonu.com
www.webactiv.cz
www.hzdf12.com
film.ylx88.cn
www.hxf888.com
globalbuzz-sa.com
www.dangbb.com
www.gogen.cz
ukapu.org.uk
cheapuggsbootssite.com
sears.com.pr
shop58848536.taobao.com
kava.lt
fotofenster.de
www.555za.com
www.sonicmodell.com
ybbo.de
fjhgjc.com
terrors.wop.ro
damie.jp
yanchengxilong.fdchs.cn
softi.co.uk
gawin.pl
way2dollar.com
www.lhjpz.com
bebees.com
wisemapping.com
99bbbb.info
mymomshops.com
km.puepu.com
education.gov.tn
melindasmasterpieces.com
www.51pigai.com
technick.info
www.619jcm.com
tongrenxiaoshuo.yuanwen.org
teji123.com
zdjecia.pl
gagner-argent-tunisie.com
infoglue.org
eszak-alfold.istenhozta.hu
49txc.com
www.dahongpao99.com
www.honjing.com
wordpresstut.pl
orf.pl
www.cdmgy.com
tatamegapixel.com
dysgeoge.wop.ro
bateauxparisiens.com
geschaendeten.puk.ro
w.kkaac.com
www.cbbh.ba
aishmark.info
www.wzjsbzj.com
adventnet.com
www.wangzhuan111.com
l2thinktank.com
prqi.265link.com
www.sd-seo.org.cn
12345xxx.a-livesexasian.com
rap.md
www.sebaoyu.com
bantam-house-hockey.blog.hr
www.moxiu.com
zt.qutao.com
todowiki.com
androidfan.ru
nuboost.com
59dyw.com
icemachineworld.com
dev.mo.cn
www.xihakm.com
www.op93.com
elcajondesastre.com
lincolnedu.com
3stoneentertainment.com
gamegol.com.br
monastiriaka.gr
www.bxzs.net
paleofau.wop.ro
www.0530job.net
proimpact7.com
holidayinnbakersfield.com
amuletz.deviantart.com
mybirthcontrol.co.uk
silknet.com
hoveringartdirectors.tumblr.com
echte-demokratie.info
www.gov.je
apphex.digart.pl
strijdlust.info
gerberdiaperbag.7s4.info
67537.9911.biz
beauty.deviantart.com
technologyihub.com
tonti.wop.ro
seowebtools.ro
www.mayise.com
www.macapenji.com
hdtvrewardszone.com
youpornose.com
sjgong.78.cn
muscletease.com
exotics24.de
www.0755zh.com
plaza21.com
kwsnforum.com
lichcatdien.info
www.861116.com
lotro.fr
www.bazak.cz
wpqoiu.fr.gg
www.116.la
www.mv001.com
chichi-rimayansy.com
solupress.com
hjx.dyjw.com
anuncia.com.pa
progressiveruin.com
stoacademy.com
rqcity.com
www.marekhyka.cz
www.cardbaobao.com
animalesenextincion.info
www.158x.com
diagonaa.wop.ro
globalknowledge.com
www.bjzjgs.com
robertchristgau.com
www.cfzjz.com
dbvis.com
www.ibmhome365.com
domtest.ru
www.1280000.com
chiencalme.com
mid3pixel.com
job.de
73uc.com
xinlan18.com
painintheenglish.com
law.sjtu.edu.cn
saludcoop.coop
www.66szs.com
bts.hys.cz
spyware-review.net
harveymackay.com
google.om
kiwipumps.com
www.290000.cn
i-business-news.com
megamachine.info
sale.jinti.com
alicelulu.com
malezi.ir
zencast.com
www.nysfcy.com
larryorsborn.info
www.cardiosmart.org
hoteldonpepeguayabitos.com
ukashadresi.com
0898.okok.cc
bancaetruria.it
iscj.210000.org
www.south88.com
wikidatasheet.com
focogaming.com
appendto.com
mickey.mbaobao.com
picturesdaddy.com
silknet.ge
www.syxjfbj.com
www.yszg010.com
kawabeok.wwwwww.wop.ro
v.0351nv.com
sacramentoconventioncenter.com
www-kkk755-com.tumblr.com
m-eralp.deviantart.com
www.cepi.org
edigitaljobreport.com
zimi.cz
www.tudou123.com
exchangeserverpro.com
www.mytaoke.net
prospectheights.wop.ro
webstats.lt
qeqzjlxkoj.freeblog.hu
www.ishowszx.com
rainfrog.cz
eeid.265link.com
jazoka.info
www.jigew.com
metrodesk.com.bd
wholehealthmd.com
tenux.net
www.52capf.com
bomba.bg
t3bi.265link.com
www.epca.eu
www.yaohou888.com
yyjun.me
www.xqjjw.com
www.yuerdq.com
kkp.go.id
otznbnwg.blog.kazeo.com
burdanindir.org
pokernyhederne.com
maringuiden.se
www.xiliclub.com
gorunfaster.com
www.danbaidong.com
www.historyoilpainting.com
montenegro.blog.hu
www.xq1993.com
wikirejo.com
www.bryedu.com
66pifa.com
avcn8.com
forc.wop.ro
www.chungchibatdongsan.com
rze.pl
www.vuwplp.com
7886.cc
dhre.210000.org
www.comeamoy.com
contexto.com.ar
www.newmoonhotel.com
fcdenver.org
cdmkd.blog.china.alibaba.com
510.digart.pl
99taobaoke.com
cnlizhi.net
writersservices.com
bairak.yoo7.com
comprenne.wop.ro
qmtz.265link.com
848484.info
chinajci.com
anargyro.puk.ro
federalcashloannetwork.com
downloadmytoolbar.com
14292.sew07.info
6hgb.com
zh.anjuke.com
link.zzadmin.com
americanbridebank.com
galej.wop.ro
overseas-exile.blogspot.com
911l.info
charhadas.com
nxeon.com
www.jschuangbo.com
dnote.nl
wegotflash.com
bautamsu.com
www.ahfsy.com
cimlap.info
cdsqingyq.jinnong.cc
nonprofitorgs.wordpress.com
www.aqjieyuan.com
olszi.digart.pl
girlracer.co.uk
liunian.info
k0410.com
921.cc
hamsterhead.info
gradx.net
situseo.blogspot.com
www.dgsnjs.com
sd61gop.com
loudstate.com
uppjaktim.webs.com
policeboobs.com
gemak.9r.ro
andymoore.info
gouchaoshi.com
thecorner.ning.com
theelectricbrewery.com
middlemanapp.com
cantyouseeimbusy.com
mysteriesofancientegypt.com
johnkhor.com
s3wam.net
www.81sasa.com
pitbullspr.com
02pd.it
tirateuntronco.com
www.dy571.com
b2trade.info
w1.ro
alidaa-alwatania.ma
deferr.puk.ro
jzp.cc
9x6h.k3y3.net
fenglinw.net
www.rzfc.cn
businessemailz.info
cancer.ewsos.com
gameogre.com
www.muyongjia.com
medicins.puk.ro
www.zongheav.com
www.reupdateindia.com
www.cheapoloutlet.com
webdeveloperjuice.com
www.xy136.com
mon-immeuble.com
bvmw.de
www-cake.com
umcc.cu
ningin.com
s58.ucoz.net
myuti.com
xpressvids.info
sabordobrasileventos.com.br
coloniatotal.com.uy
sackett.wop.ro
baresko.no
viedefrance.co.jp
www.havehome.com
cs.mayi.com
betabuzz.de
gisborneherald.co.nz
freedsbulldogges.com
cultedad.wop.ro
indiafloors.com
ivaza.info
dragonclaw.org
malikshare.com
www.mnmt.us
backlinksrotator.com
thisisanfield.com
shopgadgetsandgizmos.com
camerachargershop.com
bullionvault.fr
kontaktkalender.de
letswrite.info
jaagde.puk.ro
monbudai.puk.ro
www.mmav.in
nethercottconstructions.com
proxify.eu
falcks.puk.ro
www.3mdy.com
www.car138.com
href.li
www.ok123456789.com
wanzhou.tielu.org
lighthouseseries.com
googleforeftpractitioners.com
stubbornella.org
reliablenetworks.co.uk
empleo.com.ec
www.birdmotel.com.au
cleonmedia.com
www.sunyoute.com
certifiedplannerz.info
hindushaadi.in
tamar1979.hyves.nl
mossless.puk.ro
www.mzdh1.com
eersteco.loofas.phractamphibia.wwwwww.wop.ro
yes5tv.com
www.cpcrugao.cn
arcanenigma.deviantart.com
rastelli.hu
inquiry.mingluji.com
www.yccts.net
www.288qbb.com
www.seerge.com
jokee.net
www.nuoyi.biz
www.jjjaaa.com
www.ironbox.me
ate-u-tiv.com
seilasene.wop.ro
socialseoonline.com
www.zjlzsw.com
belico.hu
into-the-wild-full-movie.blogspot.cz
tz.188zj.com
blckm.com
dsdb.pl
clickinc.com
sytt.wop.ro
barilla.com
hygienemedicale.com
mbk1.qiwen5.com
shieldmaker.puk.ro
helpforenglish.cz
www.173833.com
blog.tkbbs.com
clintonnewsrecord.com
musicvideofullhd.blogfa.com
fenixlight.com
investmentpitch.com
www.qqwangming.org
eebuild.com
www.mn81.com
xxx-69.info
marinedepot.com
www.tiaozhiji.org
gaj-it.com
der-poker-trainer.com
pacificnet.net
sitagae.puk.ro
www.zhukao365.com
hg8868.com
www.chengzise.com
rostock-heute.de
www.shanmo999.info
www.7898989.com
cegcl.com
roc-hosting.info
hedninge.puk.ro
jprenti.com
hobgoblin.com
handfidihoch.blogtrue.com
49.aiao.cn
root99.info
paradoxmusic.cz
prtd.info
www.aasfn.sm
www.szxrfc.com
www.zzhcsm.com
pornstarplace.net
acadiankennedys.com
c-res.com
sn.dfzz.org
www.zgqjd.com
fm1617.com
smys.265link.com
arabpc.net
innovationsgolf.com
appvita.com
protenis.cz
programy.dsl.pl
makemac.com
knieende.wop.ro
eatingcultures.com
freecode.com
hean.pl
xyst.jp
bulletinsdepaye.com
feestwinkel-parrega.istats.nl
di.dk
ishinabe.wop.ro
wordpamo.bloguez.com
www.chisa.edu.cn
rybalka.com
vtsmjmxkw.typepad.com
www.sexio.nl
pzhrc.78.cn
86zsw.com
angelsgate.com
casalemedia.com
vaskor.com
fotosblogue.com
www.wmisv.com
hurricanea.com
bechstein.de
active24.co.uk
choiris.jugem.jp
www.11ddmm.info
supernova441.deviantart.com
ficken.porn-toplist.org
www.nuodakw.com
canhathuongnhau.info
www.weifahui.com
www.kx508.com
www.cszmbj.com
the-rock.sl
rec.su
chat27.co.za
wellingtoncollege.org.uk
48c9.k3y3.net
hinanui-artpolynesien.com
buffalobills.fecsegj.hu
arcflashforum.com
prmz.info
office-01.com
almatur.pl
ldxt.qiwen5.com
dj-nation.pl
vour.gr
islickmedia.com
roque.wop.ro
eonenet.com
czferro.com
www.518.com
avluse.wop.ro
52zipper.ywkj.tk
foodno1.com
lkht.nfdy.net
dzyou.com
www.mmm1234.com
who-iz.com
sexinsex.blog.cd
ijoe.hu
riverwood-estates.com
eibhandel.de
intargetgroup.net
blog-artikel.info
ingray.net
tennisexplorer.com
miniatory.com
www.8643333.com
www.tchinesemodel.com
mafiasexa.info
digitalphoto.pl
viflqpps.blog.mongenie.com
lhh.com
flvflashplayer.26z.info
bachlongmobile.com.vn
avg.tw
2-a.net
menu.com.do
alfransi.com.sa
diritto.asia
sportsliveworld.com
everestbag.com
barilga.mn
airlinesim.aero
beautyandbaking.com
5htp.me
massappealdining.com
giveawaytrain.com
www.adong1987.com
ghanatrack.com
music-love.com
holfordwatch.info
nepaltourism.info
www.tc-by.cn
heshan1.com
gamerfocus.co
clintonwentzel.info
sonnenkraft.com
gesu.gportal.hu
qqc.co
glgbpx.com
y80s.net
ajax.blog.nl
babynamesfamily.com
ediponatan.com.br
www.tianwing.com
www.jrjyzg.com
outlookexchange.com
www.lanud-adisutjipto.mil.id
668628.net
maxmac.digart.pl
postdocjobs.com
www.mdc.ms
facilazo.com
www.anyiks.com
www.eb678.com
cdjc.zhcoo.com
bta.co.tz
www.fzjol.com
mp3.ru
shiryoku.puk.ro
anybi.com
esolutionxpert.com
qqzydvich.typepad.com
kolumbijsko.com
rewadsmalls.com
7om7.qiwen5.com
smotrivoba.com
los40.com.co
kociaak.pinger.pl
demurrage.wop.ro
danielveazey.com
norvalspont.info
www.szrcrx.com
youtubebots.org
www.yzyqylzgy.com
ppfwd.prv.pl
burtgel.mn
www.532400.com
davidraffauf.com
jm0y.qiwen5.com
121wow.com
coco9.info
handynotes.ru
www.920mm.com
pirateq.me
www.jjcaipu.com
webadvisor.com.br
natacioncrtc.com
liao-1bl200.tumblr.com
ahml.ru
www.0520baidu.com
jelai.wop.ro
68-web.com
aaaaasex.com
aladd.net
www.yein.in
alamisskennels.com
missussmartypants.com
alarm-lockon.dk
alarmeren.puk.ro
begw.265link.com
vwander.com
behamgroup.net
www.ebhdy.com
behatsdaa.org.il
beipil.kg
asp.m-live.jp
beirobot.com
beiyine12.taobao.com
q4jr.qiwen5.com
bezwaard.puk.ro
casamergaz.com
79dni.pl
cascaraamarga.es
cascarin.com
www.zengdala.com
casefying.puk.ro
8gf.usceroa.osa.pl
caseminiitx.7h1.info
cash-mission.com
cashperpost.asia
homeindenver.info
casim49.fr
www.xn--eqr51af3qip1d.com
gundam-forum.com.au
www.orido.jp
mediamix.ne.jp
cheapcarquotesinsurance.info
www.laikk8.com
langnese-business.de
gofr.qiwen5.com
75bt.info
applied-net.co.jp
nealedonaldwalsch.com
60ff.com
beijingkaifang.03111.info
aorige.net
olx.com.cy
www.lorijuni.net
joomlahostingreviews.com
bcplci.puk.ro
seopligg.com
ewealth.com
sineriz.com.uy
e-mlodzi.com
www.mc996.com
nipmukasu.eblog.pl
edu.360.cn
www.mimi333.com
www.lanzhihai.com
www.173quanxun.com
aljofaina.geslingerd.bescribble.angefall.wwwwww.wop.ro
needcoffee.com
www.hzp163.com
www.jc315.com
brusselslife.be
hbtech.info
marta97.wrzuta.pl
citybarnola.com
xaf6.nfdy.net
supermariods.se
holidaypromo.info
cctt.biz
www.cyt800.com
triventek-ductcleaning.com
bellafacil.com.br
dfgs.asia
pdnonline.com
erlyvideo.org
linuxgamepublishing.com
digipix.com.br
51tth.com
www.dahuaseo.com
bestenhancementreviews.com
communiquerpro.com
achipa.wop.ro
smile4you.com
www.cn-hyzs.com
freesms4us.com
likar.info
rockling.puk.ro
chinajuyitang.com
listingsangle.com
imperspi.puk.ro
hungaria.org
51ava.tk
6043634176.phone.searchwww.com
m00.com
www.rucinvren.com
www.xiangfudz.com
xxsportsradio.com
sunnyescorts.com
joajanlat.hu
www.70699.com
adnradio.cl
showtime.hu
tuition-fees.com
www.yundongmudibanjiage.com
projekty.puhlux.pl
czech.cz
mosnet.ru
personalpower4me.wordpress.com
thailand.com
www.avbieshu.com
omganesh.com
xjrc365.com
adpietalambda.com
23tt2.com
4006827998.net
humyai79.info
lokao.puk.ro
www.zhixinairen.tk
www.0511pfw.com
botian268.cn.alibaba.com
scotchnet.com
superfly.com
hopi.prv.pl
qualitylogoproducts.com
www.nhadatansinh.com
andriy.info
tvspain.tv
dogclothes4u.com
www.chengkaopx.com
www.hbtejiao.com
gaseltek.hu
voisineo.com
bookmarksservice.info
nekokke.wop.ro
cberlin.de
www.eassy555.com
54xyzy.com
blog-sadomaso.com
motormutt.com
www.hi871.com
rate-cameltoes.com
loonmtn.com
godkowo.wm.pl
petlittle.com
gazeteturk.info
saoule.wop.ro
femh.org.tw
futures.jrj.com.cn
pinkyplay.com
driverdownload.at
ipopculture.info
www.67893.com
www.aouu.com
net.91cy.cn
cheapnikond5100bestprice.blogspot.com
elider.pl
dagslyse.puk.ro
iceybooks.com
observer-reporter.com
www.nod32.hu
tj.wz16.net
httpsdoc.com
medialchrome.it
bookmarkcritique.info
indonesiaweb.info
magnetictherapyexbx.info
www.dljinling.com
www.sdxyfy.com
blaupanther.de
erroraccessdenied.com
teamxray.com
abc-english-grammar.com
gultgu.org
thumbsplz.deviantart.com
rodneydurso.com
8384.com
vqmfwuasf.blog.mongenie.com
soloway-ekb.ru
freeonlinetextbooks.7ic.info
eseochecker.com
www.femart.com
ioshomebrew.x10.mx
www.lansehudie.com
myp2phd.com
gamcare.org.uk
minutorioja.com.ar
benicewicz.pl
njuskalo.ag
www.0830jz.com
tracerscouponaffair.com
3xfd.com
deborahdachinger.com
compu6ar.com
mbaalliance.com
lj.6fan.com
blogam.info
255wap.com
kannadalyrics.info
www.0086zg.com
timepost.ru
grynet.puk.ro
www.arkou.com
skimap.jp
0nline24h.info
acemasters.org
www.50jx.com
samsungblurayplayer.26z.info
taycor.com
iecc.edu
vladcorail.deviantart.com
eqwlrqezi.blog.mongenie.com
desispy.com
et20093.x111.org
www.ruoshuifang.com
ludocortex.fr
adaaran.com
www.to76.com
renault.com.co
site-transfer.com
eslherald.com
carinsurancediary.com
serult.hu
4gproxy.info
tacq.265link.com
cameramoda.it
freetubecats.com
daohang.taobao.com
tviscool.com
coffeeandchocolate.info
beautyofwoman.com
buscojobs.com.uy
italo-tuning.de
www.51netu.com
perfect-shape.co.uk
swigartcary.tigblog.org
www.0750solo.com
newphplinks.com
znaj0ma.digart.pl
etnic.be
www.govkaoshi.com
www.nanrend.tk
sergiorinaudo.com
publiker.pl
www.gdydb2b.com
fyldepennen.dk
5060h.com
cdsi.gov.sa
fliegeruhren.ch
linyi.myjob.com
anandsaha.com
www.qz3d.com
2tm.cc
ea-airsoft.com
dramrollonline.blogspot.com
nazare.flog.pl
www.sunytao.com
louisvuittonbagssupplier.com
www.xinssc.com
hj.cn
bzkzs.cqmu.edu.cn
sikalosoft.com
se.se
www.gov.mu
jrgeriatrics.com
cifco.net
thewhitestudios.de
huggies.com
ehime-np.co.jp
smm.co.jp
pit-28.info
banyanbranch.com
asctex.com
doodox.com
cloca.com
lt9d.k3y3.net
jfponline.com
ashspublications.org
fnu.ac.fj
adjunta.wop.ro
freedominion.com.pa
moviezonclick.blogspot.in
observationsandnotes.blogspot.com
nuotiate.wop.ro
tianmaoyoupin.com
papernstitchblog.com
dwarfgames.com
www.860310.com
edulandia.pl
www.kkk54.com
proxart.org
rp5.li
n2s-group.com
aiochecker.com
www.nq288.com
blzexpress.com
sheikhali-waqfia.org.qa
art2arts.co.uk
www.scjsb.com
56task.com
scilogs.eu
www.linqinanyx.com
8cy.tv
baresite.com
nucleoinformativo.com
zpyh.265link.com
sodrofa.co.hu
nulltarif.de
iwfr.net
www.rtyhbb.com
wanggou.daogou1.info