www.sysmam.net
touz365.com
8556733183.phone.searchwww.com
farien.digart.pl
vs.tc
abhomeinc.com
usf.edu
www.szs789.com
www.sf.17262.cn
www.szxpp.com
www.nnjiankang.com
yncw.265link.com
holawigs.com
hazydaze.net
kudzu.wop.ro
rr4.eu
dejeunesgensmodernes.com
chenshubln.webpromooffer.com
jigokudani-yaenkoen.co.jp
yolwas.com
www.zenyangfengxiong.net
www.webko.cn
koudokus.puk.ro
www.cl-k.com
monyska.wrzuta.pl
wap.56wz.net
softcoresirens.com
www.jhchangkong.com
gerrit-reitsma.nl
aoa.dk
www.jjjaaa.com
sovh.265link.com
photographygg.info
www.997kk.com
yjzx.csfdc.gov.cn
snows.ru
studentensletten.nl
448448.hk
www.asvh.nl
azalp.nl
kloa.wop.ro
auto-online.com.tw
jauid.com
totnhat.vn
cusauctions.com
tmell.cn
activobank7.pt
tobysoft.net
www.seqing114.com
newphplinks.com
diplotop.fr
cagorabiz.com
minifyjs.com
icin.210000.org
nengene.channel.or.jp
bawabali.com
renost.prv.pl
contrachem.com
webdescontos.com.br
boodschapper.puk.ro
azizibank.af
katespade.com
www.alitxt.com
ginei.jp
www.diandonglifaqi.com
www.3vvv.org
uriya.puk.ro
fulgoroi.puk.ro
nissan.kz
siebe353.hyves.nl
renrensucai.com
id.pl
centrum-si.pl
qq.361soft.net
daleel.net
kaynarca.info
www.110rr.com
traipsing.info
www.dgxlrz.com
zyt.tl100.com
netreporter.ro
weirdsnaps.com
dalishendianchi.com
wintersunlight.xclub.tw
acosomi.com
phpwebmaster.pl
babelea.org
troubleshot.ca
www.mkv365.com
49ic.nfdy.net
apevid.com
halalmedia.my
spirrabfibud.blogg.se
accioba.org
backlinksvault.com
www.xxx551.com
tigro.info
hupan.net
readinx.pl
csaladhalo.hu
www.xinyushengwu.com
weibogg.com
topbookmarkings.com
socialbookmarkinglist.info
www.emedia.am
apn-dz.org
www.360site.org
guska.jp
wapzet.com
forst.hu
www.yzb1.com
www.no88.cn
moviereleaseschedule2012.com
chiping.net
alilg.com
www.dgxin.net
jhl.05wan.com
3j8u.nfdy.net
cuisineparadiso.com
babam-net.com
www.nb160.com
crossmark.jobs
www.158jixie.com
teste.prv.pl
www.zsess.org
brainjobs.ro
amlo.org.mx
alsen.pl
tampagov.net
www.jurongjc.moe.edu.sg
sseq.265link.com
www.smkkw.com
cy.9518.cn
mytimesplus.co.uk
www.pp500.com
zhwz.info
astrasync.com
randotomson.com
bodacrisyjavi.com
rudeboyskunkplz3.deviantart.com
errano.wop.ro
xnbi.qiwen5.com
myz.info
www.bbwgfs.net
ign.de
www.jztwb.com
jmymh.com
byootmasr.com
yalwa.co.za
xlthappd.freeblog.hu
www.5200tv.com
www.zkstsm.com
agentsofvalue.com
www.topzu.com
erasmus-exchange.info
showmeyourlinks.blogspot.in
1001pneus.fr
www.dj92.cn
diendanso.vn
zrita.com
edunet.tn
www.ok678.com
zw.tibet.cn
fork.li
xaxlar.com
diaoyu123.com
bilturen.no
pzd3.qiwen5.com
mycardstatement.com
www.xinmei99.com
hfc5f.1168.tv
brothersperformance.com
tetuta.wop.ro
www.mpbao.cn
bk.chinapost.com.cn
polosa.co.il
forinternet.info
stoboi.ru
www.tuanmei.net
www.33723.com
clubhouseonline-e3.com
www.obbf.cn
www.hyhg114.com
zewf.nfdy.net
concursos-abertos.org
cloudpro.co.uk
prototyp.pl
mottoki.com
musicmanager.last.fm
superdenim.co.uk
kelheim.de
busaevo.hamazo.tv
przp.info
www.zh-tg.com
guihuaxiang.com
sx.wzcn.cc
blogforarizona.com
syhu.nfdy.net
www.pbs.si
towntalk.co.uk
avlak.com
saintgeorgefc.com
www.189ggg.com
wiispin.com
hup.hu
www.cbf.cz
ryuujyou.puk.ro
kklm.ee
baidata.com
km-w.net
kabtech.co.za
chinaz.com
www.600146.net
finewineandgoodspirits.com
darragh.puk.ro
www.fp81.com
021f8.com
shisha-company.com
life.lygbst.cn
vulpenhouders.wop.ro
www.jhyingyufudao.com
ndzl.nfdy.net
fazlavideo.com
ran.peps.jp
www.pixy.cz
sunshinegreetingcards.com
szxgo.com
vivakom.ru
loop.hamazo.tv
nikhilk.net
lhr4.qiwen5.com
www.wzbwgc.com
phart.soup.io
sitemiracle.com
dataargham.com
jungschuetzen.info
xsejie.info
www.gemoney.cz
30boxes.com
www.njis.cn
www.kooo.asia
www.bys-gz.com
ultras-mons.be
jennydollclub.jp
sobar.soso.com
rushville.puk.ro
domainsigma.com
www.tian.li
bloguedobebe.com
q5dz.qiwen5.com
j-oliennn.hyves.nl
ehealthme.com
bogouwangzhi.info
www.chetx.com
veen.com
www.yonghaohj.com
www.91530kq.com
www.shopex.com.cn
www.1000ev.hu
thelookimagegroup.com
thebossnetwork.net
edai.cn
www.uvm.cz
thewonderful-night.com
wakeboard-titouan.com
www.joycar.cn
av22.in
www.cneke.com
xianggelila.org
www.yiliang.net
www.0530job.net
lisoc.org
pornomaffia.com
gap98.com
www.sdguoluguan.cn
punzi5122.huijucn.com
pctienda.com.ve
videotancverseny.hu
lojarenotech.com.br
4sound.se
www.bidcenter.com.cn
bcplci.puk.ro
twyblade.puk.ro
despegar.com.uy
demetrisloizou.com
movie.lixincn.cn
okskatevideo.com
www.resortsindooars.com
wikiemprendedores.org
ian7.qiwen5.com
www.2tansuo.com
www.sa-ga.info
cfjzbg.com
hao360cn.com
profite.wop.ro
culionerosporn.sexusblog.com
priceusa.com.au
hlkjywztbjkzg.1168.tv
manualeitor.com
adamshomes.com
cesoia.puk.ro
primalcarnage.com
pornoth.info
www.youxilu.com
gqweb.net
www.moahu.com
gordonsv.wop.ro
www.yaodizhi.com
99166.com
bz.newssc.org
evsd.265link.com
support-bb.com
hill.xinlin.net
mediaanalys-newsroom.se
arm.com
foreversa.co.za
www.fxcp500.com
adbucks.com
zklpwalus.bloguez.com
joomla-monster.pl
vip.cfi.cn
wzhan.net
vtjp.265link.com
oolin.com
fabasoft.com
253.pl
5lml.qiwen5.com
kerber.fecsegj.hu
www.qzmiaomu.com
boxingmedianetwork.com
billigmed.de
grinderpunch.com
domkorkowy.com.pl
ezcashmatrix.com
photosdisk.com
www.jsbdog.com
www.nanme.com
www.huanla.cn
fajosz.digart.pl
www.92kdy.net
www.hiv12345.com
all-in-web.fr
tudan.com
zjcysl.com
uk-guccishoes.com
vrby.qiwen5.com
county-taxes.com
lasky.wop.ro
www.kukuying.com
unprim.wop.ro
heimator.wop.ro
www.yingrengu.com
torrent.tm
vc-mp.tk
soloads4sale.com
www.gw06.com
woman.zp.ua
feb17.info
rdc3.net
q1.go2u.cn
zainteriora.net
ndpc.gov.gh
mkgenetic.digart.pl
vote.boom.ge
lineage2.es
91longzhan.co.cc
obchod-virtuemart.cz
xgma.210000.org
zdenka.puk.ro
clintandrew.info
119au.com
www.maytinhbang.org
www.growtallcn.com
neoclubpress.com
liaoning.qyi168.com
fanlidg.com
cdiscountpro.com
womanist-musings.com
vesturrost.is
www.jingjie.net
brock.wop.ro
www.8003888.com
autolombard.info
sso.yofogo.com
preparetohire.me
caleague.com
printcity.com
zorantomic.net
www.fy1069.com
tools.naoshikou.com
forumthermomix.com
kin-ball.cz
webkataloge.pl
okitour.net
lehrst.puk.ro
tomki.pl
veraguadigital.com
opusteno.info
www.wz127.com
esoterikforum.de
p-jentschura.com
www.8848wholesale.net
tool.136z.com
ailuropu.wop.ro
goldcoastlocal.net
www.amkkl.com
secondshoutout.com
spytajfachowca.pl
xphoz.com
wosp-ostrow.pl
typen-und-mehr.com
gifninja.com
kimballoffice.com
brunek.digart.pl
okitatami.com
tapera.uol.com.br
chesterl.wop.ro
www.ghdplanchaspeloghdes.com
89st.nfdy.net
head-shop.de
www.dandongad.com
luzimmobilier.com
yrvak.wop.ro
www.xunm2.com
noone-special.com
bwsx.net
ursinus.edu
tuningmex.com
jfba.jus.br
preparetodie.com
koarting.com
zzhcwlsb.com
egarida.com
njcleanenergy.com
joespizzausa.com
holidaygo.com
tvnplayer.pl
esolut.de
saecke.ch
seimen-hoshikawa.co.jp
saida.wop.ro
myanmartravel.com
rin-shopping.jp
www.qqtyxag.co.cc
www.5ism.info
hdl.66law.cn
www.91sebo.com
totalrl.com
vicid.net
profootballweekly.com
omnamahshivayy.in
aftnet.be
onlinekommunikationspreis.de
www.omip.lv
0755333.com
betweendrinks.com
vssolutions101.com
cebuanas.com
s.nmno.info
kashi.66law.cn
jyab.265link.com
www.ipla.in
jiamaiyi.com
www.myroms.com
digicam.jp
bdb.be
www.tanggaozu.com
cortalconsors.es
www.a2664.cn
prensa-latina.cu
www.layooo.com
xxbbyy.com
saleri.fecsegj.hu
www.168bangong.com
www.zxxoo.com
www.hzdf12.com
eiri789.deviantart.com
www.yimeizx.com
tzoefoyu.blog.cz
www.weimeikeai.com
www.kanpic.com
kids.tyc.edu.tw
www.text265.cn
www.maisiliao.com
www.ph70.com
irisloungeva.com
www.psyhealth.cn
www.sesejjj.info
www.shaduruanjian8.com
www.shjdwxgs.com
lydvd.net
www.szivf.org
hogs.puk.ro
www.szlg.edu.cn
www.fensehui.net
www.thechronicle.com.au
kuchen.wop.ro
www.tmall789.com
www.tnxc.gov.cn
vlageredu.ru
nofelet.in.ua
www.truebondage.com
www.ubadapter.com
www.uubabys.com
www.kkavkk.com
www.gxkfw.com
www.vdays.cn
www.kkdou.com
www.wchcz.cn
sikuzi.wop.ro
www.kmpkw.com
www.wedding6688.cn
www.kukaka.org
www.wzzf88.com
www.ljlrt.info
www.ytsjg.net
www.xhby.net
www.orido.jp
www.yanjiao.cm
www.pjhome.net
www.yc515.com
wilkinso.puk.ro
www.unie.cz
www.yijiaqin88.com
www.szhsr.net
www.yijie-sy.com
www.sznfhy.com
www.szpark.com.cn
www.bmt7.vn
www.szxdsz.com
79up.com
abur.wop.ro
www.yechang888.com
accessmanager.co.uk
arcanal.wop.ro
arthritisresearchuk.org
audiclub-kreis-bergstrasse.de
elsu.nfdy.net
ausfaces.com.au
www.557ff.com
bbs.zbgl.net
bbs.zcwy.cc
cointech.com
bbs49.net
beihai.bbs.house.sina.com.cn
beihai114.net
vulgarisert.puk.ro
www.bjjtjd.cn
benxi.liebiao.com
bergisches-land-fotografie.de
berlin-seo.com
berryonline.cn
teachmetheweb.org
best-compact-digital-camera-wi.blog.hr
yourwestvalley.com
best-lawyer-in-atlanta-for-pro.blog.hr
www.yinxing.asia
best-way-to-clean-a-shower.blog.hr
www.hebeidaxue.com
lapresse.tn
best85.com
bestdealsthatwork.info
localcatering.com
bestelvis.com
bestmoban.com
www.cina.gov.cn
big-y.blog.so-net.ne.jp
bigasslover22.tumblr.com
bjcenter.crtvu.cn
kyuusin.wop.ro
bjjtw.com
bjltly.com
bjmcy.com
sweets.puk.ro
bjszjx.c.yxgz.cn
bjtdyz.com
bllqczle.blog.mongenie.com
aromathologie.com
blog.mypop.jp
blog.pacificlegal.org
blognaz.com
protetorcastor.com
blogs.com
fandalism.com
blogs.guardian.co.uk
blogshopr.com
blogsoft.no
bbs.kugz.net
blogutils.net
bloklists.blog.com
bloomspot.cn
spiriteye.com
boayuan.com
braklapsiper.blogger.hu
bravofly.es
caifu818.net
otznbnwg.blog.kazeo.com
carlbrandon.org
carmela.us
carptigers.at
www.65ze.com
cartoon-gal.deviantart.com
carvenus.com
francefeux-ardi.fr
casa.acasa.ro
blue-atom.com
casbahlisted.huijucn.com
cascaraamarga.es
casino-code-deposit-instant-no934.bravesites.com
zizanio.de
918bux.com
homebyrequest.com
huaylan.info
aarama.org
huangsemeinv.org
humh.nfdy.net
mycommentspace.com
hunter-gamers.net
jheel.wop.ro
koo4.cn
honvedelem.hu
liaoning.ucar.cn
mageia.org
dynamicpdf.com
maisab.com.br
www.egoogoo.cn
fashionforclothing.com
medebroeders.puk.ro
sayesmed.com
moppc.wop.ro
shijixintu.net
mysohbet.net
estanplaza.com.br
alzava.puk.ro
news.kunming.cn
ogar.wop.ro
novobaby.ru
olkuski.pl
olkusz.pl
cuopbienhth.wordpress.com
zitai.puk.ro
olo.seesaa.net
aphrah.puk.ro
ols.blox.pl
olszak.net.pl
www.afir.fr
olszi.digart.pl
olsztyn.pl
oluss14.wrzuta.pl
bayoe.me
oluu9.digart.pl
olympe.in
ominous.digart.pl
www.eking.cc
omsk.en.cx
h-matsuda.com
on-line24h.pl
oneiroi.digart.pl
onlinebookmarklist.info
onet.pl
onetime.blox.pl
onlinecasinobonus533.org
www.hr100.cn
onlinepalyazatok.hu
onlines.wrzuta.pl
qwikcellular.com
onuse.pl
oolek.flog.pl
kqvp.210000.org
oolka.flog.pl
oozo.info
opcode.pl
www.king-machinery.cn
operationreality.org
opisyxdd.pinger.pl
auzlink.net.au
opoka.net.pl
oprah.kbjkq.com
www.fflian.com
orientaloutpost.com
b1aa.qiwen5.com
orma.digart.pl
orthowiki.pl
vipcom.vn
osplipsko.vel.pl
ospraciaz.pl
osservato.wop.ro
bbs.thi.im
ostroleka.pl
casinospiele.net
ostrowiec.pl
ostrowwlkp.pl
osu.ppy.sh
zeldaguide.com
osx86.pl
otbw.nfdy.net
ukcl-shoe.net
ousio.digart.pl
outofstock.com
www.complexification.net
ovtipokhmorr.blog.pl
ozdm.265link.com
p.org
beijingmeidi.com
p2pro.pl
onevisionsecurity.co.uk
p30learning.com
viet-teen.com
p6.comppalzx.orge.pl
pgonyraeea.blog.mongenie.com
tshirtonlineshop.kele55.info
phinebun.wop.ro
photoshopic.com
phpxl.de
phu-gral.pl
ruthfurr.com
pianetamamma.it
picandocodigo.net
www.mnupn.com
benfford.com
pingomatic.pl
www.excelhome.net
polyer.cn
predappi.wop.ro
programaformacionintegral.cl
proimsolutions.com
luxury-spa-breaks.org.uk
prolingvo.info
promisesforparkinsons.org
bennevis.waw.pl
clearsense.at
www.sagem.hu
promoceny.pl
qingdao.cebn.cn
qqcw.tk
rentfurniture.com
www.menorca.cz
rewadee.net
rgwk.nfdy.net
rtekindia.com
radiorewind.co.uk
abbymodels.com
ruanyifeng.com
runningmeuer.de
rup.vn
sagezza.puk.ro
dergisi.org
sallah.wop.ro
sallyshey.pinger.pl
haidong.66law.cn
salondugolf.fr
qwld.nfdy.net
sanpedro.gob.mx
ivoclarvivadent.us
sasluts.co.za
savecrsfuture.org
sawitonline.com
www.ugk888.icoc.cn
saxue.com
sayip.info
www.qzoneqq.org
sbarcast.puk.ro
sblz.nfdy.net
scarj.asia
userena.cl
schaeffer-ag.de
scheepten.puk.ro
hip.1.vg
scheibenwischer-profi.de
schneckfamily.org
reseo.com
sciaticapaing5zd.info
script-portal.ru
scrumy.com
crcom.fr
sebmontaz.com
seminars4you.wordpress.com
catholicchrist.com
versyp.wop.ro
efachowiec.info
bjbdcxf.78.cn
jpg-to-pdf.org
fralix.puk.ro
gbook.521338.info
glydqc.com
roc.gov.bd
siklovasut.lap.hu
blast.ncbi.nlm.nih.gov
www.881mi.net
motortweets.com
cardreadercf.3ia.info
paisanuncios.com
deushi.net
www.sinoharbour.com.hk
mps-service.it
alabama.travel
www.4cx.net
homedecorexchange.com
moveapp.pl
www.xoxo123.com
realdealguns.com
bzxwoqsffg.typepad.com
sfcsf.org
www.123123qq.com
www.k40.name
shop68373113.taobao.com
sibt.nfdy.net
nbgaovde.freeblog.hu
studentenwerk-halle.de
caikoo.net
sunhuaitao.b2b.hc360.com
sunpho.com
sunzumar.puk.ro
rongjunwang.com
caiyuanr.com
takwa.cn
techsmash.in
cap-form-attitude.com
theresit.prerebellion.karaoke.hygien.wwwwww.wop.ro
artoyster.com
torpilleriez.puk.ro
toumpano.net
trnty.edu
imagescience.com.au
wugee.info
trustnet.pl
turbanto.wop.ro
www.ybaiyi.com
tynacu.bloguez.com
ubwvocjdt.blogdetik.com
umaryland.edu
ulinex.net
unfei.puk.ro
vaj2.210000.org
lechenieslovom.ru
valait.wop.ro
vanvalasztasod.blog.hu
velocos.ch
vergleich.info
naillusion.hu
vesasc.org
viaggiok.net
virtual-studio-set.com
iforexllc.com
visathegioi.vn
viudez.puk.ro
vlogerzy.pl
carmer.puk.ro
vlugnet.org
vmline.pl
www.cheapsuparshoes.com
voipgate.com
erlebe-insite.de
www.qjyqjy.com
vqrt.nfdy.net
webdirectorys.info
gviusa.com
wotevathatmeans.digart.pl
ftkenglish.com
wozi.digart.pl
cleec.com
wprzerwie.pl
smokinapps.com
writidnarde.blog.pl
wroclaw.pl
wsap.edu.pl
qq772993307.41583.cn
wsti.blip.pl
wtabkol.cba.pl
clubcocina.net
gameland4girls.com
wtk666.digart.pl
wtstats.com
wurznito.bloguez.com
bruiloft.nl
ww2.playcomet.com
wwf.pl
patientsville.com
www.03111.info
www.096f.com
www.1510.com.cn
fthgroupinc.com
www.315zjtv.com
www.36219.net
hin4.265link.com
www.36283.com
www.5210wg.com
www.55178.cn
21diamonds.fr
ava8.qiwen5.com
mendelu.cz
hr.cc
sinsenke.wop.ro
52wt.cn
www.77737.net
cyokuei.wop.ro
instantoracle.com
www.lyjk6.com
phillybuddypress.com
soundmoneymatters.com
80rrr-725c7.diandian.com
www.37008.com
www.asa.tv
ipad.zdnet.com.cn
iwa9ra.ma
pimagazine.com
ipushiro.wop.ro
www.xingfa-expo.com
www.51qusou.com
hcai.cc
jefj.hyves.nl
ox6.info
rrr90-9c1.tumblr.com
pinkbowtique.com
kanani.wop.ro
wwwkk.150m.com
vivahhamara.com
kebrokan.web.id
lscyqy.78.cn
pokerstars.nl
beautifulbeta.blogspot.com
tamilvip.com
www.blackcamz.nl
tipsupdate.com
www.cntaoxin.com
www.cqtimken.com
www.dj897.com
androidappsnew.com
www.ets18.net
www.eurocino.com
leuangiua.puk.ro
www.gay366.net
www.gdfcs.com
towerlife.jp
www.ggvip.com.cn
www.gh999.com
lurptebr.typepad.com
www.gman.in
www.goauto.com.au
www.hzcj.4f9.org
www.goldcoastmail.com.au
www.leaimal.com
www.google.ro
www.googlr.cn
mobiya.co.uk
www.gouwu592.com
www.gsweb.com.cn
www.gx133.com
misha-collins.net
foundville.com
www.gzfjx.com
www.gzhbcy.com
luts.wop.ro
wangxin.taobao.com
www.gzhisensewx.com
www.gzjzxjx.com
saxnet.ch
www.gzrinnai.com
capacity.com.do
www.gztianjian.com
www.h33666.com
www.baozaiz.com
www.hahase2.us
www.haixia.edu.cn
www.haiyangchen.com
laishu.com
www.hao57.net
www.hbspz.com
fourlett.wop.ro
mangermusikklag.com
www.hebjpk.com.cn
www.hnxyyw.com
concepto05.com
www.hnyzy.com
raving.wop.ro
www.houseoforange.com.au
www.hrztq.com.cn
www.adboo.net
www.hzbzfw.com
www.i0v0i.com
www.idvd.cc
oglasi.si
www.iiisexy.com
nacht893.blog.so-net.ne.jp
www.ipc.me
rencaigongyu.soufun.com
www.ipsd.cn
www.jianzhanzhe.cn
www.jiasule.org
sexhotel.fr
www.jimidao.com
www.jinlailed.uqc.cn
chassokdo.com
www.jinniuseo.com
www.jk315.net
tarpipe.com
www.jkmen.org
www.jl.jl.cn
carmanz.com
www.job369.com
www.leijupm.com
www.lianmengtuiguang.com
devicedoctor.com
if.fi
tubebeurette.info
rokk.puk.ro
killdisk.com
rjandjanell.com
euros-embedded.com
internetkorting.net
andrela18.hyves.nl
selfseo.info
ytq8.qiwen5.com
spatyom.com
beavertravel.com
agroportal.pt
ssiworld.com
seopard.com
kungfumovies.net
coppercoins.com
neko-jirushi.com
ca-centreloire.fr
pamelafox.org
www.sxfpgjhz.cn
jusspress.com
nlfacile.com
thebudgetingtool.com
www.imax365.com
beauty.mz16.cn
soc.li
www.maksz.hu
socialmediafactory.net
axzx.pl
kak.ru
www.dayezhan.info
sonydes.jp
junran.wop.ro
www.lysunup.com
sub25.ro
rp5.li
www.clxqb.cn
altas-buscadores.com
sevdimseni.net
abtgold.com
telkes.hu
syboos.jp
amazon-presse.de
www.cpcool.com
sloff.digart.pl
toert.puk.ro
redbull.blogeiland.nl
evansmith.org
trinca.name
neubauer.puk.ro
agi.flog.pl
uke.gov.pl
udjj.nfdy.net
bloggingmechanics.com
zoink.it
slepp.ca
dugan.wop.ro
ony.ru
uweb.net.cn
minitokyo.net
www.stefankernjak.com
www.dadamov.com
education.gov.tn
hrylz.com
javart.com.pl
adornasti.puk.ro
surefiremarketing.com
cartoon.pptv.com
perosino.com
www.puke9.com
310926.qzone.qq.com
ngpvan.com
wap568.net
tonno.flog.pl
www.qncyw.com
y3e3.265link.com
wwwhaole10.dami321.com
www.111814.com
bookmarkwave.com
shop60065793.taobao.com
energyhealing.co.in
www.12520.cc
aiyanyu.com
www.166588.com
32zolltv.info
seiai.ed.jp
csd9.265link.com
www.1idy.com
objasnen.spinocer.kusma.wwwwww.wop.ro
shigaplaza.or.jp
www.neoease.com
laibaby.info
gite-guadeloupe.gp
smss.co.za
beveiligingsscan.info
gotfreebusinesscards.com
xiaoshan.koubei.com
meublesatlas.com
posobii.ru
ojhs.210000.org
bjw.hk
ofertissima.com.br
phanerogam.puk.ro
www.qyxtaobao.com
www.ap91.com
www.oyesky.com
saldi.puk.ro
instant-webmaster.com
www.sqdcw.com
uilz.210000.org
www.ailiyu.com
gts5230.ru
upanh.com
www.xrgztpc.com
yinmin66.com
clickaider.com
playarena.pl
game.gozaru.info
alterai.puk.ro
huaweiaanbieding.nl