ooller.com
ashdcl.com
jilin.ucar.cn
muitaoferta.info
aigang.puk.ro
krafer.hu
argetsinger.info
sciaticapaing5zd.info
northfieldnews.com
guihuaxiang.com
malek.wop.ro
ozami.com
www.7090a.com
kibicowanie.eu
pornobigtv.info
agaxnieszka.digart.pl
pspper.com
www.666nv.com
peredsudom.ru
arrienvanderlaan.hyves.nl
www.yygan.info
boatfishing.co.za
www.3tes.com
photo.familydoctor.com.cn
macowiec.blip.pl
campusanuncios.com.co
zauberten.puk.ro
updates-airkenya.com
sklep-pomoc.home.pl
camping-tipps.eu
searchengineoptimize.info
fkndcxmmkq.blogtrue.com
www.plar.cn
gazeteler.tv
dleshka.org
www.hongkongartfair.com
kohout.wop.ro
www.chinamp.org
postemobile.it
www.12fbs.com
tusi.pl
puyo.info
www.irislingua.cz
xinzhou.biz
sci.org.ir
actiweb.es
www.aiai6.com
desdelinux.net
www.nn6699.com
rez.pl
linkadvertise.info
569q.com
speldatabase.be
entorno.com
zbudniewek.pl
gcgrow.com
axbbs.cn
iscs.cz
noctrl.edu
www.dpoint.cn
studentenbond.puk.ro
pdfconverter.com
interz.jp
crochet-loisirs.com
rona.wop.ro
www.kanmm.in
jsconf.us
seopluginwordpress.com
www.docomo.biz
ioshomebrew.x10.mx
mitteilu.wop.ro
www.jiqingju.com
mma-torrents.com
ruinatio.wop.ro
www.jfc168.com
www.cet6-cet4.com
99desi.com
roche.it
utro2.ru
passives.puk.ro
www.0510anmo.com
articles.al.lv
info-migrator.pl
railfan.co
pornotalpa.com
ototohon.jp
kwwap.info
verwickelnd.puk.ro
jthwl.cn
montagelagunabeach.com
gonamai.com
hao.fz858.com
darklord6666.blogspot.com
trafique.wop.ro
harrysbodyandfender.com
hb.xafc.com
clubepe.fm
jeep521.com
www.maiaedu.org
hfkunpeng.com
quebarato.com.do
glamkittenslitterbox.com
www.sdjxxinxi.com
www.jf-movie.com
tvtmd.com
tutorialesdemaquillaje.com
www.kxiso9000.com
thephoenixlights.net
farexpo.ru
meble.mtp.pl
sevje.puk.ro
physique48.com
www.karuite.net
servershop24.de
shakaike.puk.ro
www.zbj1.com
www.hmedy.com
whompherbs.webs.com
sabrosa.wop.ro
gsm.mk
colocation.fr
thoughtcube.eu
sorum.puk.ro
beatmasters-winlite-blog.de
www.ainb.org
xakepok.su
matus-leather-highbak-chairs.do
uus8.com
mahna.jp
pinoybrokers.com
vazalstaat.puk.ro
www.wlysb.com
bbs.yuzhouzhiwang.com
adoptivb.wop.ro
beautybutik.se
www.72tv.net
indologist.puk.ro
thehungergamesadventures.com
futurama.nikee.net
www.mqyww.com
powermeetings.pl
die-hard-with-a-vengeance-full-movie.blogspot.ie
www.alltommac.se
pcjf.210000.org
www.babykan.com
www.riia.nl
playalastortugas.com
mahmouddarweesh.info
www.foyuanzx.com
dominiok.net
bjwsyy.com
ttssgg.com
www.cuimianshujiaocheng.com
dotnetmarche.org
www.wlshw.com
narat.wop.ro
twinings.co.uk
myowen.com
tj.xueche.cn
www.zhaoyi.net.cn
aseps21.com
www.aiaigjame.co.cc
slounik.pl
pacs.clpc.com.cn
etbj.nfdy.net
ws0537.com
helsenorge.no
thegreatarticles.com
statshow.com
oxblue.com
fancyfeathersandfur.com.au
personalpr.pl
chinese.people.com.cn
www.zzwol.com
sellall.ru
straponfuckers.in
shengfa.taobao.com
overstoc.puk.ro
alt-codes.net
sewu-cat.com
www.bbga.cz
exposednurses.com
gale.com
www.pengxiyuan.lingd.net
www.mm151.com
verraeuchertes.puk.ro
menu.com.do
www.accaglobalforum.com
womenstuff.info
www.cvkeskus.ee
www.skmramy.com
jpg-to-pdf.org
bussetsu.wop.ro
www.520556.com
malcomsonline.com
www.shdony.com
incisozluk.net
qlwke.com
tudan.com
zauderer.wop.ro
www.iamyourenemy.co.uk
www.voddown.com
www.5jjdw.com
thenailworld.com.hk
maqc.nfdy.net
siloamhospitals.com
cnic.cn
www.easydo.me
aanlande.puk.ro
www.edbit.nl
5uflash.com
mahnte.wop.ro
xtremedirectory.net
6n01.210000.org
paymoney.do
wizardli.puk.ro
ladieseuropeantour.com
www.meinestrolche.de
www.57gowu.com
seraphine.co
rz520.com
www.veeo.pl
3dn.info
pomme.puk.ro
imadislam.com
www.sprat.org
acfli.webs.com
kyszz.soup.io
restaurantes.com.do
person6151.huijucn.com
www.klwww.net
99lou.com
www.hr100.cn
restoran-arlen.com
tssz.ru
www.xuanniankm.com
tspl.com.sg
web.213yx.com
zoran.flog.pl
yangtaisjn.1168.tv
intelligente.puk.ro
swimwithluey.com
riziqin.blogspot.com
ipsantarem.pt
dncd.mil.do
www.xmmt99.com
www.cgmh.org.cn
gaudiclub.com
nrcy.qiwen5.com
rt-express.com
landa70.hyves.nl
www.wurft.nl
depo.ba
www.vanze.net
788tv.com
uoha.qiwen5.com
woeu.210000.org
conectate.com.do
newbau.blog.so-net.ne.jp
vip9.755.com
www.krysse.pl
chinezu.eu
www.vipxunlei.com
techytalk.info
shokubai.co.jp
stop-tabac.ch
bbc-heroes.be
kunte.digart.pl
369ka.com
www.ems.so
vigc.210000.org
funglode.org.do
rocan.ru
roerich.info
bagofabz.blogger.hu
certissimo.it
www.dgshunjia.com
inextinguishable.com
tiwi.265link.com
www.muabanchinhchu.info
exsoft.org
www.9x2x.com
www.cbcb.umd.edu
agyagekszerek.hu
fjea.210000.org
sysikt.no
getclicky.com
www.meia.cc
netsprint.pl
www.neonworx.de
cine.com.do
bb.com.do
drew.edu
chevrolet-cruze-club.ru
r1ia.210000.org
www.chinatvc.com.cn
taobaomai05.ok8.so
attackers.net
schweitzer-online.de
www.fewde.casedu.org.cn
catbookmarks.info
klumse.wop.ro
kuko.blox.pl
kilogram.blogg.se
dweebden.org
23.gd
andrit.com
menscasual.meblog.biz
vologod.wop.ro
bmw.com.br
www.moli28.in
dancehallhits.com
coza.com.ua
www.2000dh.com
freephotogallery.info
vindex.nl
phpbookmark.de
kuemmern.puk.ro
cnmt.ru
buscainmueble.com
www.dabu.gov.cn
dada.ro
uuks.210000.org
www.iiiav.com
boeschung.de
abooklink.com
surfrider.eu
ghostrackmovie.com
www.kutengsc.tk
engrangions.puk.ro
arnyvilag.freeblog.hu
www.nadal.pl
www.downza.cn
www.fototrop.pl
taojinghua.net
www.cbai.nl
unrepair.wwwwww.wop.ro
oferta.do
feestwinkel-engelum.istats.nl
aboutthedomain.com
geourl.at
www.ytkl.com
zp.pl
socialbookmarkingpostlinks.info
thieunhivietnam.com
www.ali158.com
tomekrazor.wrzuta.pl
www.lxms.icoc.cc
zappo.wop.ro
joome.net
investingtopix.com
univers-fromages.com
waipu.wop.ro
harvestmoonparadise.com
pageranky.info
www.51chongdian.net
cmip.nfdy.net
mebelmod.ru
dianying.360.cn
goler.pl
www.maoyiw.com
www.hhscpf.com
www.cfssk.com
www.baihuayiyao.com
ridletosport.eblog.pl
backtenttralchesb.blog4ever.com
www.djsdy.com
yossi.wrzuta.pl
www.qinzhouqu.gov.cn
521me.taobao.com
midea.nx.cn
zbanuj.pl
www.gkin.net
www.kobeclub.cn
interesko.info
dalliard.net
www.sf.dk
spacecommerce.ca
www.xchlnet.cn
flashzona.ru
thenagain.info
www.fjcp.cn
bond520.com
teenbox.org
celestron.cl
www.paimi.com
tymesoft.com
coffee.bmizg.com
www.pbhack.biz
www.chinasewang.info
actionnewsjax.com
hostessen-ladies.com
qqq-qqq.cn
capolado.wop.ro
www.pcauto.com.cn
britishshorthairpoint.com
hundreddollarcars.com
www.misuisui.com
www.tao73.cn
laptopbits.co.uk
gouwu.youdao.com
php-studio.de
chinalearning.cn
muksplock.pl
px3.at
pigione.puk.ro
siwei.in
www.fujihk.com
8810.com
sekerchat.com
www.muzykomachia.pl
auntiembb.ca
tariffab.puk.ro
iran-antik1.tk
teampromote.com
instantbacklink.info
nozarash.touhaku.wwwwww.wop.ro
www.sf590.in
www.huntop.hu
www-stone.net
004gmbh.de
jqueryboilerplate.com
car2take.com
5x7.ru
shturman.info
591bag.net
y349.210000.org
sakidat.wop.ro
theitchysoul.com
5900southolivernewton.org
parochien.puk.ro
tugaru.wop.ro
area1.info
nasimjonoub.com
craftmobile.ru
dyw.admin8.us
ramosopi.wop.ro
stockq.cn
maoa.cn
el3l.nfdy.net
shigetou.puk.ro
tongkonanku.blogspot.com
dagram.pl
rtys.com
www.58jituan.com
pzwl.pl
xiaoyan2012.blog.tianya.cn
ryanhanley.com
tiantiangmeng.banzhu.net
xxxmir.info
doghouse.com.tw
nogre.blip.pl
rancagua.cl
www.99gxw.com
otosata.wop.ro
www.jj.jx.cn
aquilasoldiers.cba.pl
mytextgraphics.com
ddt.hoopchina.com
youkug.com
jonsullenberger.blog.is
vdare.com
bbicxsww.freeblog.hu
synlighet.no
www.di1.us
lu.am
rdnavi.co.jp
taktanio.pl
www.jilu.se
zuicixi.com
tamizo.pl
rushville.puk.ro
es.wikitel.info
maisonetchaletenbois.com
faithandfinance.org
wikify.info
naturallyintense.net
loan.315.com.cn
uino.gov.ba
www.xinba.org
pubtricks.com
geosoft.com
trannybucks.com
vigsys.net
www.mopdh.com
laufhaus-baden.at
dongguan.300.cn
openei.org
souschef.puk.ro
hurman.wop.ro
digitalcamera.jp
grimp.wop.ro
1a-gebrauchte-drucker.de
www.88ii.info
www.58yhsm.com
www.ulsj.com
www.vratacz.cz
elit.cz
www.hnztwy.com
yogam-canada.org
kruidhof.us
mcpsweb.org
m-powder.com
ggld360.com
trackers.gr
www.78170.com
web-bi.net
blumenkohl.wop.ro
todaywebseo.com
siokara.wwwwww.wop.ro
giel.265link.com
caaa.com.cn
www.021we.com
social-shopping.jp
winstder.unsprouted.wwwwww.wop.ro
jocu.wop.ro
www.qcrl.cn
www.kexiangtg.com
chaoyangsuofeite.fdchs.cn
www.poslovice.net
sda.co.kr
antirak.ru
szymek.setia.pl
www.freya88.com
sundesign.co.jp
www.malata.com
www.huadian6.com
verified.ms
railnewzealand.com
guichet-entreprises.fr
ardnetwork.com
www.bttbhospital.com
experten-tricks.de
prlinkdir.info
www.pixelunion.net
loluss.digart.pl
patat.wop.ro
naftalie.net
terrestrialdigitaltv.4vw.info
v0vr.qiwen5.com
mangarla.wop.ro
asosan.wop.ro
anus.com
pictureupload.de
thyj.yzz.cn
www.mgstone.ro
www.sskks.com
moveapp.pl
miothermic.puk.ro
lmdz.nfdy.net
recants.wop.ro
www.medicossinfronteras.org.mx
i.firefoxchina.cn
6654.com.cn
www.02255.info
www.soohu.cn
maarch.org
www.shwbbj.com
slot-777.net
zrqc.210000.org
likebuy.com
hpasehat.com
kelten-lexikon.info
chateau.hu
zdy.cc
howtoviewprivatefacebookprofiles.com
yodramas.blogspot.com
art-plast.info
fc1997.co.jp
multiforum.pl
www.italiancentre.ca
eingeklemmte.wop.ro
hhplace.org
nfinity.pl
gesteckt.puk.ro
grails.org
facaishiye.com
www.monterrey.gob.mx
www.cftyj.cn
ly.78.cn
linkbaitservices.info
taximilanairport.com
www.cqmv168.com
blauersalon.at
www.7szg.com
nakano-d.jp
grodecki.wop.ro
tss2.gov.do
zellophan.puk.ro
znak.org.pl
bozzartsite.hu
www.0713net.com
www.sexgs.net
wszqff.78.cn
toptalents.ro
pandemic.puk.ro
spews.wop.ro
www.szyzy.com
nmm-hd.org
paydayfirst.co.uk
gamato.info
mebtech.pl
bodaclick.com.do
cursvalutar.info
www.tuberman.ro
upwith.wop.ro
waluty.wp.pl
tici.es
k4947.co.cc
quizfest.com
cim.be
www.gaochao22.com
8mpz.qiwen5.com
ni.mhzx8g.com
foodblogs.com
verslavingswiki.org
verhaltenen.sandayo.wwwwww.wop.ro
asiafax.com
voorzet.contrecarrer.grilling.wwwwww.wop.ro
xzxd.kugame.cn
royalsunalliance.cl
www.dz138.net
exactaudiocopy.de
gemskita.blogspot.com
www.veryhman.com
www.zgxxbbs.cn
serviceafter.do
emap.fm
freelistnow.info