argesto.ru
francefeux-ardi.fr
baogang.info
dj-alfredo-da-matta.hyves.nl
www.shengfalong.com
club-jukujyo.com
adventnet.com
cec.com.br
travelguide.com.ph
ieb.be
learn-through-video.com
inoculio.wop.ro
creatlive.eu
ponisha.ir
car.jiage.cc
yomohon.ldblog.jp
rd.io
getclicky.com
americancasinoguide.com
hope-tour.co.jp
wetnwildorlando.com
gabifleisch.at
rotlaw.com
dts24.pl
bvou.nfdy.net
ankang55.salon24.pl
achtung-poster.de
down-films.net
www.126v.us
seo51go.com
forlater.puk.ro
thomase.net
caribbeancomgirl.com
metodosanticonceptivos.info
www.51sanreqi.com
keisanji.wop.ro
ocfair.com
k4947.co.cc
cocacola.pl
indianhindunames.com
www.sz-gcc.cn
ali213.net
fallscreek.wwwwww.wop.ro
kaffeine.digart.pl
baiduer.com.cn
nipmukasu.eblog.pl
k-tai.infoseek.co.jp
oathact.us
mysticvistas.com
blackdinahchocolatiers.com
tc.xjkunlun.cn
www.thybz.com
olatorun.blip.pl
a.gd
hp-web.net
besteseiten.de
itosigo.wop.ro
www.baobaoww.com
www.365pv.com
www.coloring.hu
erecta.wop.ro
dsjyj.com
www.unie.cz
www.bamton.cn
rohlan.cn
ramuda.wop.ro
brechthouben.be
rebuildthedream.com
repourvo.puk.ro
700so.com
ki33.info
aqke.210000.org
artcraftstudio.info
clickmagicnetwork.com
siterapture.com
mondinge.puk.ro
myphoto.to
vlmenshikov.ru
icvs.org
shoesone.co.kr
axelssonkatt.tumblr.com
wskdiu.no-ip.biz
kkm.su
idm.net.lb
fmyi.com
destoommachine.nl
blogaholicnetwork.com
vbinspired.com
valeska-esoterik.de
www.tmhw.cn
nosferatufullmovie.blogspot.ro
miltos.wop.ro
chinese-architects.com
thedailybanter.com
www.y3366.com
agathachristie.com
bidyutbikashdhar.com
supremecenter16.co.uk
kayy.soup.io
yaan.xinl.net
www.avnl.in
bookmarkstudio.com
www.yitdel.com
batmanjs.org
carijob.com
db-it-service.ca
okayboy.com
6hgb.com
myopinion.ch
60ff.com
1023.co.za
alcheme.ca
rosszlanyok.hu
midcare.se
bbs.siyang.cc
caaf.it
poetryguru.com
www.beihai365.com
www.voatt.cz
timeanddate.no
psiara14.digart.pl
www.3unijob.com
www.lacme.com.cn
www.ceosta.org
cedu.com
flosee.co.uk
360qqdg.com
www.lmm521.com
www.aprofit.cz
www.daogouzone.com
www.yzzj.net
isr3.qiwen5.com
bts-bmw.pl
www.2p2p.us
66bobo-723a.tumblr.com
clevelandtechnews.com
hlcyw.com
fewq.tk
56tk.net
pagoswpr.com
autoankauf-fahrzeug.de
ncbid.gmu.edu
slevnenky.cz
twirate.ru
cafeandesloove.nl
www.m1630.com
paste21.info
www.gs.gov.cn
trabulsi.com.mx
foodblogs.com
fuhei.net
hori.jp
aes.blip.pl
3721sn.com
7k7k7.com.cn
wordbuff.jp
parspooyesh.com
ccyun.com
www.ttri.info
xycbcw.360zan.cn
bantincongnghe.info
stallehr.vol.at
felizviaje.com
anvietson.org
3g.sina.cn
worktopfactory.co.uk
micklehamweather.com
rypka.digart.pl
bohdan.info
juepinxigu.taobao.com
www.sxyyj.com.cn
mallstock.co
kurtlarvadisipusuizle.info
ogrodnictwa.pl
zoomy.me
cactus-art.biz
www.cbwcj.com
youkug.com
aimu5.cn
ironmangames.org
exxtra.blip.pl
www.25fly.com
67qs.com
ntlf.0513.org
44zl.com
www.lonzd.com
iweifang.net
trackforum.com
keynote.co.uk
wwjj.210000.org
tensormedical.com.br
jdfz.sh.cn
dekiteharu.jp
theresit.prerebellion.karaoke.hygien.wwwwww.wop.ro
admartinator.de
bbs.qjz.com.cn
monkey-business.biz
abgriffs.wop.ro
cosit.gov.iq
dorakishi.digi2.jp
gedoumi.com
hxjy01.b2b.youboy.com
34840.site.booen.com
series.ly
kallemmasr.com
henhengan.com
alphainventions.com
managerdefotbal.ro
gorogorszag-utazas.lap.hu
tecnomalas.com.br
cpost.cz
rtbchina.com
netbet.com
leona.com.ua
alienbomb.com
imf.org
jilupian.youku.com
domeny.tv
yigan.asia
dabiranemail.in
jiaanda.jiangxia.cc
incardiology.gr
dharmanet.org
whereisaaron.com
filmauro.it
dangkithuonghieu.org
francaisdeletranger.org
jahresab.puk.ro
1872.net
vctools.net
casachaucha.com.ar
kino.ru
4u2de-seoplink.info
nibn.210000.org
oldcompany.info
yougedi.net
wh.jxwok.com
gazeta.pl
photography-forums.com
3vl.allyfw.com
bigbadcity.com.ar
islamtv.biz
penuliscontent.com
keanet.it
rabbitlike.puk.ro
odxo.56dvd.net
agderposten.no
dnfwg.com
best-muzon.ru
www.36963.com
pegasusonline.pinger.pl
toekanss.hyves.nl
sniperspy.com
euamodesign.com.br
www.yndc365.com
www.borhanteb.ir
aio.sk
huesvtech.webs.com
bilim-kuq.com
baidujpw.cn
lysfremtid.com
www.ytzxyy.com
xl2016.com
ciddiask.com
sharktank.com
winstder.unsprouted.wwwwww.wop.ro
mazikao.info
tradestime.info
ranzcp.org
www.zzzvod.com
deverde.elandbnb.tw
kredytopedia.pl
allongepruik.wop.ro
zhidao.china-designer.com
lehrbuch.pl
fabmall.in
ogbah.wop.ro
dailybloggr.com
furime.jp
titulka.rvp.cz
sepaxbola.info
www.ybaiyi.com
www.zhangting100.com
ww.au240.com
sviti.wop.ro
fascinata.blox.pl
rcn-neckarelz.de
galaxy-only.com
www.qinzhouqu.gov.cn
60wh.com
bno.vn
smallforbig.com
lds.4399.com
e-inlife.com
uss-victorious.net
3gtmw.com
suburbanps.com
www.yitongjing.com
anie.mk
oznvea.ru
zhangjiajietianqi.fdchs.cn
6hjw.net
agencyrevolution.com
dweper.wop.ro
steibock.ch
aishuz.com
southeastwater.co.uk
webenglishteacher.com
pixmac.pl
230xzg.com
camareta.wop.ro
kvnforall.info
resellrightsblowout.com
dmaasafety.com
ahlibeyt.az
roundtheworldexperts.co.uk
eikos.fr
feirasdobrasil.com.br
www.baidusosoqq.com
icswebmaster.com
bulkimagedownloader.com
kuhl.wop.ro
e27.sg
9115.na.tl
articles-database.info
hyva.com
dtest.cz
intercenbud.pl
fsrar.ru
cardmall.pingan.com
www.drstudio.pl
miuu.soup.io
fuchsmichael.net
comradio.cat
www.jfcms.net
www.ryqczl.cn
dortisimo.cz
www.gdanskdzisiaj.pl
emiliaw.blip.pl
peridial.puk.ro
phoenix-classified.com
49k.us
www.21fox.com
privatecon.com
joomla-monster.pl
jsfiddle.net
rogeriolino.wordpress.com
www.gaoxiaohuayu.com
esdeer.com
tallbacka.blogg.se
infomatrix.ro
a-en-j.hyves.nl
mmtorun.pl
sy-021.com
thedailyactivist.com
tezie.puk.ro
neuzustellung.de
www.jiaoluo.org
22za.info
www.accaglobalforum.com
321ww.com
tahandbabti.eblog.pl
tcheofertas.com.br
xxxfilms.jouwpagina.nl
www.zkbjf.com
www.babajatekok.eu
colorfulmedia.pl
hhplace.org
sgs-holding.ru
albocine.puk.ro
lerentassenkraam.nl
overuse.puk.ro
miniaw.polki.pl
nassaim.com
a5klub.pl
juancong.com
rentalsitemaker.com
cc799.net
kzkgop.com.pl
digg-tweet.info
tangzhigui.com
021jiajiayou.com
developerclub.ru
www.wzmeet.com
j.gs
2012.csztv.cn
zoover.com.tr
www.ycjx668.com
aifree.info
times.pl
yasudaju.puk.ro
huangchuan.co
jinqu.mp3.baidu.com
brstar.ru
74vo.210000.org
hbbf.com.cn
linuxshop.pl
cvetq.info
best-pj.com
face-chat.net
asunia12.pinger.pl
radio-redplanet.de
pamlico.net
2-steps.net
tt27.cn
ki.ki
diabetesresearch.org
futurodepresente.intel.com.br
shell.ca
ers-online.co.uk
kaczyknd.digart.pl
lettre.gr
cafeleak.net
turnto10.com
lady.56.com
www.9553.com
classoneeducation.com
wapzc.cc
wernecke.info
obchodni-dum.cz
6hgf.me
greatestlovequotes.com
www.linebetter.com
eethuisdayang.nl
prvsoft.com
abierto24horas.net
sibeo.pl
69637.info
drupalfrance.com
magrit.xfree.hu
bayeux.puk.ro
ostrowiec.pl
hoboed.wop.ro
www.muzhimeng.com
www.plcqww.com
bonussystems.pl
3hk.cc
aprilzaa.wop.ro
gentlemansgazette.com
msqiche.com
appointo.wop.ro
biours.com
laurna.wop.ro
isesco.org.ma
sahafi.jo
financiarul.ro
newsexbook.com
quarei.it
mollyrustas.se
evrokatalog.eu
zjxbk.com.cn
alfaquadro.com
monstersgame.net
blox.pl
av2.5555bi.com
openssl.org
3dreserve.com
www.vitanu.nl
youthumbs.com
fuhenpat.puk.ro
ajunblog.tk
picha.wop.ro
qqjiayun.sinaapp.com
rtlq.210000.org
somden.wop.ro
olpt.210000.org
cf163.com
8bar8.com
dlasklepow.pl
www.recyklujteshasici.cz
hgppi.wanyewang.com
fyindout.com
cbu.cnr.cn
tezet.nl
awalnet.net.sa
00271.ymen.info
www.138job.com
fommis.com
01446.com
refresh.ro
anoiadiari.cat
gcff.org
rush.wop.ro
www.jimidao.com
www.tenxx.com
demo2.cz
swerve.wop.ro
zdolny.eu
www.xdibanjia.com
bigblueberrysmile.digart.pl
www.mpmoil.nl
www.xq57.cn.vc
2fnn.com
v.bjradio.com.cn
esensja.pl
homezweethome.info
golfspain.com
sldoifd.ch.gg
y1pi.210000.org
linksstart.nl
cuckoldsandhotwives.tumblr.com
cx.360ie.org
news.xinmin.cn
www.sybxbj.cn
www.ee-crm.com
75657.info
appcodons.com
toplistenserver.info
gepros.com
tom-tailor.at
gulics.fecsegj.hu
omonon.info
tj.bbs.jiaju.sina.com.cn
www.aigou1.com
verbaco.de
purduecricketleague.com
mkropka.blip.pl
vi-info.com
17youdao.com
kingaziele.wrzuta.pl
sharkgaming.dk
rize.evden-eve.gen.tr
hykesi.com
ransconstalk.freeforums.org
zmarsa.pl
www.gdpem.net
winona-heart.deviantart.com
99chengren.info
oarai.info
www.chengkaopx.com
realsociedad.com
maluchy.pl
lan.st
oid.fr
speaker.gov
oomisoka.wop.ro
humyai75.info
linkdirdir.com
wwww.6dxh.com
baduizm.digart.pl
www.7060dy.com
babylontube.com
vlc4.qiwen5.com
zqzt.265link.com
honei.wop.ro
bookmarkmysite.info
agoda.se
jzkm.210000.org
999.cc
martelaoutlet.fi
bergpizzeria-kelheim.de
www.0991led.com
partnersmarketing.ru
off-white.eu
burdanara.com
danen.wop.ro
roomm.com.pl
empty-directory.info
porn8.com
internicasa.it
tweetravel.net
3cy.me
www.mmac.pl
www.xxx448.com
www.renrendvd1.com
saihatmall.com
chihou.net
nwt.cz
leti.nfdy.net
koi.lap.hu
www.top99.ro
19qq.co
nyllover.com
zg-ld.com
laketrust.org
neniadt.digart.pl
pertutti.info
itup.co.jp
www.longchampbilligtaschen.com
anatuprak.com
www.ho.ua
peculiarmente.puk.ro
taviranyitos-hajo.gyerekjatekbolt.hu
fitnessauthority-sklep.pl
gorkhamedia.net
dsource.org
www.protsoft.pl
xixihuafu.com
ionic.pl
nanbyou.or.jp
www.tap.info.tn
jianzhanzhe.com
prizesoffersdeals.com
doprmbpj.typepad.com
www.tatalp.cn
ecivis.it
oklhw.cn
manad.puk.ro
shoppezine.com
execvalue.com
08ic.265link.com
kn11q44.diandian.com
www.47tb.com
idealshape.com
100portal.pl
bookmarkwebonline.info
martin-klimas.de
wljm.lizhidy.net
shafallah.org.qa
sourceagency.ba
marketingemoda.com.br
s-i.com.cn
newsseeker.net
onlinelearningresearch.info
zentrada.de
candy-sky.net
boba.bobazg.com
tubesexe20.info
sistema.pl
rgq8.k3y3.net
www.jackbud.pl
on-mag.fr
sem-one.de
affordablewebhostingz.info
reseca.puk.ro
rgsdirect.com
www.zj558.com
radioera.com.ua
sexowni.pl
otemae.ac.jp
elexmedia.co.id
adulttube.info
www.655rr.com
ziyoumen.g.178.com
b-uchet.ru
www.jiemnengdaquan.org
lesherbiers.fr
coachemprendedores.com
rbcu.ru
www.lxjunshi.com
www.lesso.com.br
toppscards.com
www.0473w.com
lxxdzj.taobao.com
wordsofwizdom.hyves.nl
bastir.puk.ro
jen0r.com
murza.wop.ro
www.gabeli.hu
salesaccount.com
bookarticles.info
cnw8.net
michelin.de
premier-capital.com
www.0996cn.com
finnes.wop.ro
aseba31.digart.pl
hodade.com
pilka.pl
cichoo.digart.pl
webmator.com
feather-supply.info
refrapide.com
lewistow.wwwwww.wop.ro
audio.com.pl
987654321.salon24.pl
ni.dk
baoji.yes515.com
waphtw.com
kid.wsbgt.com
miinto.no
abcrakpiersi.pl
www.xingqingseo.com
bjzzw.cn
przg.info
hack4hell.in
www.sdcoal.gov.cn
sinodefenceforum.com
wapmw.net
metallik.net
themakeryonline.co.uk
prolp.ke.mu
sunatimes.com
jatekbox.hu
hentaitube.info
astorgano.wop.ro
mhmh8.com
cawaii-hs.net
glib.wop.ro
lglmlc.blog.sohu.com
agtigt.puk.ro
activator.com
j-garage.co.jp
www.koderi.cz
www.444bo.net
www.jia400.com
yese.us
plakatxxl.pl
centroradialhn.net
pinkfacebook.com
bestpornthumbs.com
www.yijiamai.com
sitemapx.com
www.sssk.ch
bcaa.pl
calumetseminars.co.uk
38jjj-823b.tumblr.com
www.haoud.com
corteyahorre.com
www.parini-merello.it
pornofidz.info
berserker-club.ru
cuda.itpub.net
celaru.ro
alepadaka.wrzuta.pl
www.hifiol.com
domof.com
ventasbalss.ru
becomingafityummymummy.info
hothotblogs.info
al-nukhba.ly
cdaction.pl
muve.pl
bscw.ethz.ch
cattolica.info
yayoi.wop.ro
buenos-chistes.com
www.msbn.tv
www.evbike.cz
x.co
epigenome.eu
www.hitmanasylum.pl
7seuu.com
gaol.nfdy.net
plemiona.pl
welcome.li
gouyiyi.info
down.ads9158.com
oled-display.net
www.zgc.gov.cn
flowers.vg
www.wedding6688.cn
tianshi.cn
www.tsjq.net
antizymo.puk.ro
diak.fi
www.588698.com
www-there-about.r.gd
dpmmo.wan.360.cn
montagproject.digart.pl
empleosqueretaro.com.mx
dimeriza.wop.ro
master-fundraising.it
www.pradziad.pl
hjbh.org
universal-group.co.jp
whiterose3plz.deviantart.com
toppotraviny.cz
78901.net
beweiskraeftig.puk.ro
www.igc.int
filecluster.fr
hazus.wop.ro
wp-studio.org
biocourse.org
tubeview.info
68-web.com
www.0456tc.com
xorgy.info
fittnok.hu
scgc.99114.com
kk18.info
mazuma.org
www.j5118.com
trabajoenmineria.com
lurrede.freeforums.org
xz.gov.cn
stopverzen.wop.ro
css9.net
sshuai.com
gs.tinyin.net
dhl.com.pk
u.gamefy.cn
4bba.qiwen5.com
a1szennyviztisztito.hu
rongjunwang.com
ekr13.info
ssl-einkaufen.de
www.seav.us
www.daviw.com
ruez.eu
sunnyfly.com
2ha.hu