vlju.210000.org
einfoerm.puk.ro
www.guahao114.net
91530.cc
sinjukuh.puk.ro
bzcai.com
12021.cn
diggit.com
tiratira.puk.ro
ronjangingerich.com
crockerfuneralhome.com
chachala.com
r6ad.lizhidy.net
www.veryhuo.com
www.1008888888.com
www.gegegan.com
tribe.net
bullet.blox.pl
myeldirectory.com
kwansubo.wop.ro
www.5jxsj.com
www.hzj.gov.cn
bexinh.dantri.com.vn
shiathecoolbug.deviantart.com
atrico.hamazo.tv
sazla.com
www.posuiji520.com
www.bb520.tk
acetify.puk.ro
uggbootsclearancex.com
www.mundoanuncio.cl
cgzj.210000.org
jikast.cz
adrede.puk.ro
aaron-rodgers-t-shirt-jersey.tpten.com
www.wwf.org.au
www.yijiamai.com
erriko.it
mjc-andre.org
www.cnsae.com
megashare.vn
sdrzrgh.fyfz.cn
skoczow.pl
saoxue.c.la
transparentwebsite.com
deyang.66law.cn
abgaberaten.puk.ro
accede.puk.ro
chblt.81666.net
i9yt.k3y3.net
ycjy.nfdy.net
berghof.dk
guihuaxiang.com
manga.akihabara.cz
alzava.puk.ro
www.0531dp.com
tijdkort.wop.ro
sanam.cn
mykitchengarden.com.au
eszak-magyarorszag.istenhozta.hu
prosines.wop.ro
pvmu.nfdy.net
adminunion.net
www.karuite.net
germi.puk.ro
www.gzsnkj.org
accrut.puk.ro
gxfb.210000.org
bbs.zzmysy.com
freewebsiteadd.com
snpp.com
www.gtss.com.cn
shaiml.xiaodoutao.com
marblefa.puk.ro
www.sszgyy.com
creatorspark.info
kaikouit.puk.ro
fapping-n-cookies.tumblr.com
www.marzolock.com
intradis.puk.ro
www.fczcb.com
www.xxx3456.com
www.jhchangkong.com
c1521.guf.fi
aandraafden.puk.ro
absvolt.puk.ro
slwa.wa.gov.au
abbrunar.puk.ro
mitrenga.deviantart.com
photogravity.de