fontje.hyves.nl
yem.ru
wolf-maier.com
www.8h688.in
gl6x.265link.com
intervenieren.puk.ro
argentose.puk.ro
huthwaite.com.au
hupan.net
hamdoi.com
yougedi.org
www.mhoik.com
acadamey.puk.ro
honda-acura.net
www.zhinangedu.com
actu.wop.ro
chinesefertilitycalendarmtda.wordpress.com
aaa.net.au
www.solang.in
adorenok.puk.ro
sqgl.nfdy.net
yougedi.net
aanroepe.puk.ro
kk55kk-823a.tumblr.com
guihuaxiang.com
smacksonline.de
atusi.wop.ro
cn.maaao.com
amdbelikamen.si
germi.puk.ro
ra000.com
montijo.puk.ro
www.xxx456.com
zuppa.wop.ro
fscyzg.com
www.mn58.com
fm.funmily.com
abbracciai.puk.ro
calda.wop.ro
idai.ly
wap.kxdh.us
seo.pianfw.com
achaz.puk.ro
acetenyl.puk.ro
shop.tg.com.cn
chachala.com
loladela1.hyves.nl
ismu.210000.org
player.rv.va
goo9.net
lmvi.210000.org
www.58b.cn
www.autosiskolamiskolc.hu
rtk.digart.pl
2011fm.com
www.pirazol.hu
refresh.ro
www.zumi.pl
www.houzi.in
www.094.cn
iquilezles.org
apsodiu.at.gg
argentflash.fr
samurai-bar.ch
kausal.puk.ro
wap.6hw.co
jljsw.gov.cn
meimm.in
cerebralpalsy.org.au
gvkw.nfdy.net
www.netcao.com
www.ccut.tk
www.masren.cn
www.bankcz.cn