montenegro.blog.hu
medicaltesting.0uu.net
clamp.wop.ro
avviklet.puk.ro
tasiemce24.pl
hupan.net
mbtf.210000.org
3wseo.ru
xixihuafu.com
prensa.wop.ro
zalige.puk.ro
av.9mei.us
camlog.com
ag92.flog.pl
av.24kdy.info
verschwitzen.puk.ro
autopalyamatrica.ws
youthoutlook.org
spanishp.wop.ro
chachala.com
baderai.puk.ro
avia.tut.by
ligne.wop.ro
afschraa.puk.ro
guihuaxiang.com
aw60sdf.seesaa.net
av.2kkm.com
afho.lizhidy.net
enopo.jp
ideal.puk.ro
yhbbs.info
b4.qq.com
b3.eduyoo.net
room-ayaka.jp
b.1205.cn
ag3.royal1688.com
arcanal.wop.ro
awxq.210000.org
colsueco.org
gentleman.hu
1000months.net
5-stone.cn
chili-mac.org
deniru.wop.ro
suckafreetv.net
toneel.wop.ro
eca.ir
vidyapatha.in
www.02ca.com
www.grassmoon.net
afromen.puk.ro
www.v93.info
avpatruljert.puk.ro
b3ay.210000.org
awstats.sourceforget.net
liupeng.us
punidora.wop.ro
chenruinet.com
aanbodpagina.nl
yamamura.com.br
ville-geneve.ch
shimoisa.puk.ro
avahi.puk.ro
molihua.net
drvb.nfdy.net
pluche-kattenpakken-kinderen.istats.nl
multirama.gr
hiowe.wop.ro
afgeschrikt.puk.ro
satmex.com.mx
adac.ae
hebinzhicheng.com
samick.co.id
gruppiotthon.hu
ouisrael.org
pwbr.k3y3.net
rattails.puk.ro
www.videobox.name
apartamenty.pl
redmark.de
properm.ru