edu54.ru
ducati.start.be
montenegro.blog.hu
b.fmx.cn
www.yxdvb.cm
vectonemobile.se
avatars.software.informer.com
av.8888ye.com
fgmm.nfdy.net
b799279.xici.net
av.2kkm.com
pb-pedia.info
b.8x5x.com
thecinema.in
b.1205.cn
www.videobox.name
cauza.wop.ro
bestereisezeit.de
geek-blog.it
knowbox.pl
wheam.wop.ro
canonical.com
avviasse.puk.ro
guihuaxiang.com
seqingdonghua.tk
libellules.ch
futura.org.br
itivarden.se
swbag2000.cn.alibaba.com
avpatruljert.puk.ro
aamna-shariff.com
dona.wop.ro
erdece.hyves.nl
seedsource.info
mypclc.org
www.hshtxs.net
mayasolar.mx
avoues.puk.ro
kraktilbud.dk
jarlen.wop.ro
parfumo.de
acuation.puk.ro
80suncity.net
b4.qq.com
boozt.com
littleaudrey.com.au
avanzamm.puk.ro
iida.jp
b3ay.210000.org
lioba-usa.de
blog.dan-teng.info
ag3.royal1688.com
arcanal.wop.ro
awxq.210000.org
b3.eduyoo.net
colsueco.org
eca.ir
gentleman.hu
room-ayaka.jp
properm.ru
33665.net
sinjukuh.puk.ro
superangelical.wop.ro
ukcarparts.info
techsmash.in
badmeister.ch
serialart.net
av3.5555av.com
jjsl.hyves.nl
nozo.pl
quho.k3y3.net
yougedi.org
bjdl.jianzhanzhe.ws
1millionkilochallenge.com.au
liturg.wop.ro
meishusheng.net
dyei.nfdy.net
23055000.ir
trundlin.wop.ro
enopo.jp
atusadora.puk.ro
kutlan.net
heg-portal.de
zalige.puk.ro
6candy.com
www.111814.com
www.fulilai.net
av999.in
abkuerze.wop.ro
afity.com
www.reny.nl
wa5161.allin99.net
nnd8.info