bodas.com.mx
www.networks.pl
wpia.blip.pl
generalia.fr
sors.ie
natchat.dk
nationallottery.co.za
nationalpetregister.org
nauticexpo.fr
nayeli.soup.io
nbc.org.kh
bcz49.com
ag3.royal1688.com
arcanal.wop.ro
awxq.210000.org
b.1205.cn
b3.eduyoo.net
b4.qq.com
cabaretberlin.es
colsueco.org
eca.ir
sixsixone.hu
florence.com.tr
gentleman.hu
hanayome.com.vn
ibdr.210000.org
room-ayaka.jp
nzguru.net
rupostel.sk
turutu.ru
www.88uu.info
1o2.ir
www.hsve.is
yz21.net
www.yezicheng.net
cranian.wop.ro
atehenmei.com
ashiyane.ir
blug.asn.au
chargers-express.co.uk
cnporter.com
socio.ch
satinkin.co.in
suretish.wop.ro
www.cf88.tk
fontje.hyves.nl
skazza.pinger.pl
dukascopy.com
norfil.com.ph
download-will-i-am-ringtones.blogspot.com.au
destery.info
capolado.wop.ro
dj.webchuan.vn
cdlyw.cn
ben10.fad3.net
coloradocollege.edu
ankeoks.eu
beidake8.com
mummey.org
chachala.com
ffnovel.info
liebgewo.puk.ro
ht.ua
formazioneconsulenti.it
kali-gula.flog.pl
ccftn.com
ewire.dk
www.yinlaodi.com
www.hoba.it
photohall.be
cypf.78.cn
www.hxory.net
midweste.puk.ro
hojevouassim.com.br
ilger.it
official.co.uk
dp.968.cc
poursuivrons.puk.ro
lefh.nfdy.net
bfwg.nfdy.net
www.npx700.com
mof.gov.vn
ganadolares.net
maochenwen.com.pl
netbooksaustralia.com.au
futilidades.net
extrinsieke.puk.ro
ne35.210000.org
ip.wkdl.net
t39.us
infn.it
meredithe.wop.ro
marimari.info
scootercommunity.com.au
thisit.de
radiostations.co.uk
varagund.edu.pl
www.sbc.hu
racine.wop.ro
sinjukuh.puk.ro
www.222bo.com
sortesokker.dk
www.123se.in
tosshins.wop.ro
shen.yiwang.cn
jevoyage.ma
kzpii.cz
guihuaxiang.com
blacked.in
acer.de
triv.soup.io
www.cssrc.org
exportli.wop.ro
www.leiyu88.cn
10dai.info
shenyang.usconsulate.gov
archie.de
bbs.xznu.org
pornland.biz
csintex.hu
www.zamj.cn
www.lfr.nl
agaelettronica.it
www.chilla.nl
yougedi.net
32lux.ru
aquilasoldiers.cba.pl
indses.wop.ro
mbaprep.co.in
99k88.com
qualityinfo.org
www.sata.pt
clemenceg.typepad.com
ericulous.com
china282.com
berghof.dk
dirlinklist.info
cityoftulsa.org
nemesis.flog.pl
dlch.210000.org
bookwm.tk
agora-tagungsort.de
cement.com.ua
biedenko.wop.ro
www.pszfs.hu
papermodelers.hu
doesrubbingalcoholhelpacnesmpm.wordpress.com
chorused.puk.ro
unitedpeople.jp
deadenin.wop.ro
hispanictips.com
khod.nfdy.net
huoxinga.com
mdc.it
io.com.gt
mondoturismoitalia.it
eudal.wop.ro
lolli.com.hk
chawuncu.wop.ro
www.rbxjj.com
brigrugbyleague.co.uk
quinceaneradressesshop.ca
miyosire.wop.ro
kmbnet.net
fryc.flog.pl
jak.se
xtremsplit.fr
pelais.wop.ro
czarpolnocy.pl
6degrees.com.my
neighed.wop.ro
rajzfilm.lap.hu
popfun.co.uk
olx.no
vakantie.hebbes.be
sitoshop.fr
humyai12.info
prentbri.wop.ro
saabklub.pl
moron.gov.ar
ptba.co.id
seki.co.jp
www.mobio.ro
vieclam.inet.vn
www.evbike.cz
www.chinasex.cc
www.jinrijinjia.net
www.44zy.info
hydatomo.wop.ro
www.ancool.net
sobory.ru
careers.compass-group.com.au
supergamer.cz
ricardo.gr
tv.jingzong.org
gamestube.us
hostingpower.nl
adrede.puk.ro
7778888.net
bcfm.ca
86ma.tk
www.serika.biz
bdry.56dvd.net
www.mzdh.com
arredashop.it
www.4pbtw4.info
alsi-online.kz
www.shanghaizhongtie.info
drawspri.wop.ro
savutoweb.it
bni.nu
blackeni.puk.ro
efri.puk.ro
claritine.hu
www.51smzt.in
diod24.ru
absvolt.puk.ro
stonewall.es
bqgh.net
thegodfatherpart3fullmovie.blogspot.co.uk
dqzm.k3y3.net
cfnn.org
die-hard-full-movie.blogspot.dk
ceas.cc
chjx.210000.org
floozies.wop.ro
nh.gov
verehrte.puk.ro
www.44ss.net
sashless.puk.ro
ahuo.210000.org
inoculio.wop.ro
philamfunds.com.ph
spron.wop.ro
dialin.wop.ro
angolane.wop.ro
joemonster.org
medikalize.com.tr
igame.com.mt