albidapress.net
www.ema.nl
nvisionarts.com
paldo.org
leaverou.me
ipc.pt
www.gamehome.tv
sirdsdraugs.lv
nostracasa.es
guangzhou.wshu.info
postcount.net
pierremporio.net
stealth.to
wwjj.210000.org
rvng.210000.org
inhaal.puk.ro
opiumbakery.com.tw
sas.unl.pt
ayna.az
www.ceafa.es
odi.ch
silaest.com.ua
sermonettino.drejeskive.wwwwww.wop.ro
tv.jingzong.org
wws.ru
juurai.wop.ro
vieclam.inet.vn
opdist.wop.ro
grupoclarin.com.ar
the-400-blows-full-movie.blogspot.co.il
tizergun.net
takumots.wop.ro
www.9u8u.com
3g.tkss.co
www.djzj.org
4euf.210000.org
5poundgigs.co.uk
www.wwf.org.au
unrwa.ps
10dai.info
www.xuananh.vn
5hk.hk
njure.puk.ro
yhbbs.info
yapis.eu
wmrrm.org
cbfree.info
www.rentiseying.com
www.jiese.in
bielecki.info.pl
a104.atmw.net
www.33dyw.com
jrpe.net
affairs.puk.ro
czj.yb.gov.cn
bdtsy.78.cn
a.mobantianxia.cn
bcdenekamp.nl
aangevij.wop.ro
anastomo.wop.ro
www.npx700.com
ifra.wop.ro
ashiyane.ir
s22i.210000.org
amen.pt
kekv.nfdy.net
koromvirag.hu
aanhecht.puk.ro
app-mobile.net
bibooz.net
maatje.wop.ro
5wbjl.info
pterygia.wop.ro
cao.oo.fi
forgetteth.wwwwww.wop.ro
loladela1.hyves.nl
beaner-dude.deviantart.com
mountainbuggy.co.nz
www.cbyts.net
butteremmo.puk.ro
business-news.ru
bjltly.com
beimiyigou.com
bbs.osxzz.net
centraltower.mn
www.jpyddy.info
88j6.210000.org
tinyfunmodels.com
wasoga.puk.ro
cieciers.wop.ro
eogi6.com
fnxp.210000.org
ekiga.org
dieselkino.at
corrient.wop.ro
www.nif.ch
www.iowa.gov
emos.cz
codeforces.ru
coachbagclearances.org
lianliankan.me
aanmonsteringen.puk.ro
documentation.name
ds.dnfa.info
mazda.lap.hu
strizhenova.puk.ro
conci.wop.ro
bigfishfullmovie.blogspot.co.nz
dare.9r.ro
hkwe.hk
hostpoint.ch
biladi.fr
kundensu.wop.ro
hanska.wop.ro
tharfcake.puk.ro
escpeuropealumni.org
fukh.210000.org
hathawaymix.org
epulo.wop.ro
lectoren.puk.ro
evep.nfdy.net
alteya.net
www.zhp.ru
esento.puk.ro
elongati.wop.ro
incrustment.puk.ro
kolorowemarzenia.pl
femsa.com.mx
joris.puk.ro
mayudama.wop.ro
cyberhostpro.com
folle.puk.ro
iida.jp
7sport.ro
itypqmiik.blog.mongenie.com
adnx.com
www.worlddr.net
knjs.210000.org
ladosis.cl
arabso.net
silverpo.puk.ro
nocir.wop.ro
mk-portal.org
www.ivt.se
noplay.net
melbournepublic.com.au
myprice.gr
bellard.free.fr
momschoose.ru
vogul.puk.ro
www.fnforum.net
nobelclub.kz
mykitchengarden.com.au
lingzhiyishoul5f.1168.tv
mefiak.wrzuta.pl
linux.no
1000months.net
5-stone.cn
abatir.wop.ro
chili-mac.org
deniru.wop.ro
suckafreetv.net
toneel.wop.ro
kelantan.gov.my
honda-acura.net
vidyapatha.in
www.02ca.com
www.grassmoon.net
nx.wzcn.cc
oviducal.puk.ro
ggmmol.info
do-follow.eu
dawntoll.net
pojistovnacs.cz
handimpresa.it
radio.orf.at
qianwancaifujiaocheng.info
pig-up.de
official.co.uk
pzy.be
openacademy.ph
bradan.org
ffue.210000.org
parfumo.de
s.726.com
telaviv.craigslist.org
sda.co.kr
nvnet.org
sac.org
jikast.cz
puug.210000.org
modernt.wop.ro
shopstyle.co.uk
t0am.nfdy.net
golook.at
sitsudok.puk.ro
tarif4you.de
mcquarrie.hydrografen.rysa.wwwwww.wop.ro
obenan.wop.ro
bn-business.info
tratto.wop.ro
slice.wop.ro
bj.onlinedown.net
meodiu.us.pn
atap.wop.ro
vip.755.com
www.gegegan.com
www.gogyy.com
nuanpp.org
www.docomo.biz
relax-n.net
contra.fad3.net
worldtalk.jp
cctv13.cntv.cn
verqualmte.puk.ro
www.55178.cn
www.geckofx.biz