beely123.com
bbs.yoth.net
lanphong.net
mdoff.blip.pl
bbs.zcwy.cc
ergebnisse.de
sixsixone.hu
ufozcy.blog.so-net.ne.jp
www.nioos.net
www.xmtvv.com
cc-tinho.gicp.net
sortesokker.dk
www.seizor.net
www.nnuh.nhs.uk
www.turboproject.nl
www.kvm.name
kokotori.net
cbeex.cbex.com.cn
www.kreanord.org
bbs.zbgl.net
www.pres-aix-marseille.fr
cctvxf.com
stoke.gov.uk
reise.ebay.de
hardwired.hu
ccl2011-cq.match.chinago.cn
journeyman.cz
www.pc91.cn
myeldirectory.com
www.lfr.nl
nvnet.org
dutchdailynews.com
www.konyari.hu
62840.info
cd.120job.cn
shigemor.wop.ro
cdegree.net
3664.nfdy.net
bellatrix-fans.deviantart.com
cd.beidazibo.com
xuzhoumangguo.qiannan.org
www.posuiji520.com
bbs.zm7.cn
kppp.210000.org
www.cdxc.org.uk
myphoto.to
xixihuafu.com
tratto.wop.ro
crazylife.pl
cctv13.cntv.cn
baconismagic.ca
neckermann-reisen.at
plasmati.wop.ro
bjszjx.c.yxgz.cn
chongwu.huai.cc
alomuaban.net
extrinsieke.puk.ro
atehenmei.com
hosting55.hu
japanlife-net.co.jp
lyngmo.org
lecho.wop.ro
cabaretberlin.es
florence.com.tr
cdgalaxis.hu
hanayome.com.vn
ibdr.210000.org
turutu.ru
suikerga.wop.ro
udlaspalmas.net
mexiko-lexikon.de
mi.99bitgc.org
korathealth.com
meodiu.us.pn
dgzone.net
bja.gov
4daagsetv.nl
4dj.cz
4fans.net
rumbo.pt
rambia.wop.ro
abzuloesen.puk.ro
mecus.es
ketsumaz.puk.ro
bmwyulecheng.com
mcmanus.la
herbarii.wop.ro
juancong.com
adrede.puk.ro
rockasspig.com
argesto.ru
6ndl.210000.org
eqwiki.net
3wseo.ru
vissaien.puk.ro
bluefire.com.au