ophout.puk.ro
provincia.fe.it
nettigo.pl
eersteco.loofas.phractamphibia.wwwwww.wop.ro
sweet-vapes.com
www.88308188.com
jeux-de-guerre-gratuit.net
visnia.wrzuta.pl
centraltower.mn
newmarketracecourses.co.uk
aiml.tk
manmatou.com
www.htptfe.net
omonon.info
kawmassrf.blog.mongenie.com
tuning.nov.ru
www.winshu.eu
www.xxx477.com
gemist.wop.ro
onanuncios.com
polyvore.com
ximik.org
sexgazetka.pl
musicjunkeys.com
tutubo.tv
fotki.by
wirelessdealers.com
ahjtxx.cn
new.shaoxing2010.cn
renticc.com.cn
videosexe9.info
quiktrip.com
college.usc.edu
itzk.com
sparco.it
13ise.com
mgm.gov.kz
talon.cz
techgen.in
lonelyplanetitalia.it
www.3arm.pl
cq.120job.cn
demaio.info
luzak485.wrzuta.pl
jared77.tumblr.com
www.cxclub.cz
ekk.edu.ee
oysterfestival.co.za
www.emedia.am
hpc.digart.pl
comofazerartesanato.com.br
yi1u.in
habitant-ville.info
shokansh.knept.sperperati.wwwwww.wop.ro
marcdgz.wrzuta.pl
tools88.com
najszybszy-wygrywa.pl
humyai51.info
gadelwap.co.de
whitman.edu
netjsp.com
doriangrey.net
pulsator.bg
shoushen.com
www.cyqhd.com
babelea.org
paypalcomplaints.org
skags.wop.ro
informator-medyczny.info.pl
33suncity.com
businessworld.ie
myplace2.jugem.jp
blog.calta.info
dourody.pinger.pl
m80.tv
em50support.com
www.skyytao.com
www.bthoo.com
caci.dz
harmas.pl
rysa.wop.ro
drewee.info
cookies.soup.io
redbrickart.com
redfin.wop.ro
redirai.wop.ro
www.ruif.com.cn
redmark.de
regrip.puk.ro
reiko.hamazo.tv
cc799.net
reiterhof-pferdestaerken.de
rejuela.puk.ro
relatsencatala.cat
relieriez.wop.ro
iol.co.za
remontruk.ru
renost.prv.pl
rentyourspareroom.co.uk
reporteconfidencial.com
deineschultasche.de
republiquedessens.com
residualvm.org
resistance1.com
restaurantcrissier.com
payrollapp.com
retrade.no
return222.com
rgj.com
rhzsy.78.cn
causak.org
ricardotayar.com
rk-hpd.at
rmcreative.ru
destinationtunisie.info
rnby.210000.org
herwish.ru
rumblemaster.com
saint-gobain.com
sairokis.puk.ro
indianvilag.gportal.hu
riyadh.puk.ro
sellfire.com
sem-one.de
semnantelecom.ir
sens.org
www.liveside.net
senyujnkj.1168.tv
seoprogramforyou.info
sex-tapes.biz
sgqcqzx.vobao.com
www.355vv.com
sh-huigang.com
sh.xywy.com
wangpei.info
www.festivalbunnik.nl
sd61gop.com
www.sao678.com
tutiendasmol.es
wahyupramusinto.com
funbuck.in
www.caifulou.com
www.mimi333.com
top.ourmaxim.com
motsp2009.info
inblogs.com.br
speakers.ca
58song.com
idhost.kz
plepa.wop.ro
papillon.gr
pobu.210000.org
casisto.com
tocard-nenu.blogspot.com
unatinmogeli.insanejournal.com
ecomas.info
lternet.edu
artfusion.gportal.hu
innemedium.pl
contradapolveriera.it
engine-trade.com
dfpw.qiwen5.com
rtys.us
biblio.org
rental.faq.rakuten.co.jp
thewesternsteakhouse.com
mail.blip.pl
info.edinet-fsa.go.jp
mike.skullbox.info
freeporndumpster.com
swbv.de
quadridentated.puk.ro
whvb.nfdy.net
eckn.lizhidy.net
koubikong.com
www.zsq11.com
massib.info
fnakun.com
yuopjdgil.blog.mongenie.com
purblindness.puk.ro
debt-settlement-tools.com
gopsusports.com
webhaza.hu
www.jjjtl.com
mihirnaik.com
hotjazz.cz
zhentxt.com
www.10228.net
ln.dbqc.cn
pet.yiwang.cn
thinkstr.com
canadamerchantsolutions.com
rincontattoo.com
seguroautofacil.com.br
dfnkyy.com
totalrecallfullmovie.blogspot.fi
www.259999.com
liftkarbantartas.hu
newprdirectory.info
vipcom.vn
mocnyweb.pl
www.guanggao.hk
qadamo.blip.pl
blogf1.it
mzerikae.com
www.avshipin.in
crossfireforum.org
toyotarav4.lap.hu
miaoshawang.net
worldbusinessseobookmarks.info
www.gojxly.com
renewablemedium.org
waverly.com
dormilosa.wop.ro
keyhangers.dk
www.srgd.ch
al-bank.dk
www.31911.co
www.census.de
www.weso.es
patrycja14buziak.wrzuta.pl
crankyflier.com
hipgnosis.us
xnavigation.net
cnporter.com
benjohnsonblog.com
salontais.pl
magic-warez.net
wowy.pl
bergleben.de
tutorialsformarketers.com
bbs.pc165.cn
mackhal.com
hermanastro.puk.ro
txkg.210000.org
madagascargames.org
www.badu.edu.tf
galery-annisa.com
clipxxx69.info
kushtt.info
ndsl.2u.com.cn
inkfromchase.com
arbejdsglaedenu.dk
freekillers.pl
come2nepal.com
www.juqingba.cn
www.tstk88.com
adr168.com
chuaizhe.com
lavoroturismo.it
elektrikbilim.com
victordmitriev.ru
www.panasonicsz.com
smfarcade.info
actualizatu-nod32.blogspot.com
www.lanzhihai.com
blogam.info
www.sitem.co.th
receptoreschile.cl
beest.ir
www.eyov.tk
chinese.ruvr.ru
ksijudo.hu
puzz.wop.ro
marketingwithjt.com
whiskylive.ru
desi.io
onlineflashgames.org
fundasaludsucre.gov.ve
normanmcginnis.tigblog.org
guihuaxiang.com
club-asteria.ucoz.net
lolcats.soup.io
www.44ss.net
uzpa.210000.org
alumnijunction.com
stadtsparkasse-lengerich.de
odleglosci.pl
divinelyintuitivebusiness.com
lamaslinda.com
65de.com
overcolo.puk.ro
affilieront.wop.ro
micklehamweather.com
sports.ws
kde.org
3designer.in
halalmedia.my
wlad-el3am.blogspot.com
vingerringen.wop.ro
s-f.com
sempiternamente.puk.ro
se.79bo.com
w1.ru
allthebizz.com
iyowake.puk.ro
semprefeminina.com.br
zswf.k3y3.net
gimper.net
featherwebdesigns.com
www.nta.go.jp
punfs.puk.ro
www.bojin8888.com
ww-international.com
richardlevangie.com
tsrif.blip.pl
discantu.wwwwww.wop.ro
raspe.wop.ro
moontv.fi
bip-e.pl
www.0719sng.com
sexehook69.info
demurrage.wop.ro
www.rcaieftin2012.net
nurzu.digart.pl
kramatorsk.info
zythum.free.bg
zlqsyofj.freeblog.hu
cao.oo.fi
futi.515888.net
novycinema.ru
weitlaeufigstes.puk.ro
stv.com.tr
brianscottmusic.com
totalhits.net
emtparamedicschoolz.com
dublerte.puk.ro
centracare.com
aanharkt.wop.ro
hawm.wop.ro
gawin.pl
7t2.info
www.zpasc.gov.cn
www.ikuaibo.be
cumez.org
controlprixy.info
www.1yyg.com
saperinvestire.it
meiti.bmizg.com
www.ityw.net
wister.biz
prgratuit.fr
pixmac.pl
teatroarcimboldi.it
bikez.biz
www.hi143.com
historymuseumnewyork.qu17777.info
site.pl
global.mynavi.jp
enni.puk.ro
dillons.com
rdqjxslha.blog.mongenie.com
polinik.pl
tacklemantra.com
secretsofrealitytv.com
polderko.wop.ro
hqlaw148.com
www.pingjiayu.com
www.cf0771.info
www.270bo.com
pamiwa.wop.ro
hongfa.fjyps.cn
pvm.fr
theunprocessedkitchen.com
acezoso.wop.ro
tytusz69.xfree.hu
oouda.wop.ro
slubice24.pl
gunya.wop.ro
westinghouselife.com
nuestronombre.es
anklage.puk.ro
saruya.puk.ro
jsj.csx.cn
grader.com
df7y.cn
decamero.puk.ro
desunia.digart.pl
hsys.zzxx.in
marriagepic.info
ezzat.info
kjsc.com.cn
xatfriends.com
elajty.pl
ivotoman.sk
www.3jaa.com
presurve.wop.ro
byleco.info
sxxz.chineseall.cn
coaching2day.net
michelin.de
trancool.fr
www.hnjhhs.com
kosova-mp3s.de
retrocar.wop.ro
ztdy.tk
katibunk.wop.ro
www.173quanxun.com
curro.co.za
contrepe.wop.ro
babycake-hilden.de
www.155.cn
www.fk03.com
katsushika.keizai.biz
smfl.210000.org
hotindiansexscandals.com
sandiegozooglobal.org
rsj.weifang.gov.cn
crinose.wop.ro
smilereminder.com
undetrac.wop.ro
gromgor.com.pl
lyricsmusica.it
adiaphan.wop.ro
vuys.nfdy.net
ubuntued.info
www.ekfuke.com
www.zgsnzx.cn
www.chinayasheng.cn
kewlbase.com
www.022lijia.com
ursynow.waw.pl
www.y6-41.net
www.sanfwan.com
futrio.net
brainjobs.ro|www.czpmp.com|www.20yx.com|www.jsykq.org|www.xshpjy.com|www.vprol.com|www.qg-knives.com|hsrj.net|skybookmarks.com|www.yuncui.tel|www.wzads.com.cn|lbyg.nfdy.net|abhedashram.org|lianjingli.t.sohu.com|www.shszc.com|cbusalsig.bloguez.com|sigmanueiu.com|www.zhongguo315.com|nominettrust.org.uk|socmedco.com|shkip.wop.ro|schumannsflyfishkitco.com|gxp.cc|www.qykm.net|tunh.265link.com|www.qisoubao.com|instantbacklinkgratis.jw.lt|www.kongyantie.com|beijing.jjoobb.cn|dvd.mosss1.net|www.babaw.com|www.dlyy.org|psychosheep.com|hz.008.net|zhidao.changyou.com|www.heihei163.com|detail.cn.china.cn|czj.jms.gov.cn|www.cmgl3.com|www.szybwltg.com|www.chuangye.com|byt1818.cn.gongchang.com|emwoufjmj.skynetblogs.be|87meinv.com|tomin.wop.ro|www.xiaoyaxiao.com|www.jxrencai.com|www.laoshuge.com|ty.haofy.cn|funpic.de|ihotel.com|thomasabarnard.com|www.baimao.com|www.qqyxxlzyd.com|www.zhaoxi.org|www.mbtbazaar.com|www.lmmw365.net|illinoisskillsmatch.com|heb.xdf.cn|babblefish.com|mmfyi.5d6d.com|pastoralcareonline.net|rip60.com|www.okbuy.com
www.xu2828.com
webdesignerhouston.us
www.jiaju163.com.cn
energy-design.it
www.flirtpub-schweiz.ch
www.bamton.cn
idletribes.com
wohlangebracht.wop.ro
boconcept.dk
www.34mv.com
overgorge.puk.ro
envirowiki.info
hostrightnow.in
sahafi.jo
www.shenzhendiaoche.com
www.seme.hu
www.am166.com
dcmf.com
laserarticles.info
whxhgpys.b2b.hc360.com
miau.pl
dlpark.com.tw
blazewebstudio.co.za
jeducation.com
www.tisztitoszer.lap.hu
nozebra.dk
escortworld.co.uk
userena.cl
javascriptgarden.info
socialmediafactory.net
rau.edu.uy
49wz.net
toshiba.com.my
5d6d.in
unigravi.puk.ro
49vip.com
dev.gg.pl
jooonas.net
cxjyxx.me
g15o.qiwen5.com
piaoyun.net
oba-na.in
a-c.2-d.jp
baimaec.com
ecotur.es
www.nanyang.cyberpolice.cn
nyxtovioi.info
www.adire.jp
www.805222.com
www.wamc.org
drobniak.pl
www.234qqq.com
fullforceyourface.com
meconviertoengeek.com
schoolisgood.com
sec.ihep.ac.cn
hbpx.net
skytube.jp
narakotsu.co.jp
yamdas.org
rubbing-porn.info
www.airsoftgun.ru
nr2.com.ua
fuelthemind.com
grendel.co.za
micex.com
www.azxh.cn
www.shijiazhuangtianqi.com
www.qqjiemei.com
politpros.tv
www.5star-mall.com
www.jxhsm.com.cn
43597338.7b.cn
ser8.info
bbs.860916.com
maist.jp
www.grassmoon.net
markis.wop.ro
fareambiente.tv
optioncommingsoon.info
showcaseyourwebsite.com
wzzkb.com
emsisoft.ru
countbasietheaterticketsjddq.wordpress.com
blondjes.puk.ro
1st-cocktail.com
luuu.qiwen5.com
gegenpole.de
www.domeng.cn
www.hnmazaigu.com
dm.vio.pl
881mm.com
templatesfreelance.com
www.asmeibai.com
punkgrl.com
www.js-chn.com
www.jsena.info
aeromedicalevacuationz.info
www.58yldz.com
ng.org
www.vuurwerkcrew.nl
tokyooffice-web.co.jp
ebebd.78.cn
winona-heart.deviantart.com
sc4trio.com
citybarnola.com
spreelichter.info
www.51yian.com
parfumerie-aph.fr
daedalus.es
www.chinahyweld.com
1massagestore.com
www.greatthinkingspace.com
www.1122bt.com
webpouya.com
joshdale.com
97md.org
www.consense.be
orangesunshine.com
stpaulsmillersburg.com
www.fengruchanpin.org
iniziass.puk.ro
uruguaygamer.com
profeto.pl
tongliaochepiao.qiannan.org
bbs.zafu.edu.cn
khopnoimem.com
djuergen.com
garhwali.puk.ro
s.smhp.jp
pqlh.nfdy.net
best-running-tips.com
dmax.ro
www.teris.ro
qq-msn.com
commodoreusa.net
horgasz.hu
92dlfm.com
unslot.wop.ro
fex6.210000.org
sudanyiat.net
mamo33.ru
www.xytv.cn
fl5.me
warehousecigarettes.com
1mhk.com
shop.zjr.net.cn
hejm.prv.pl
hrcoll.hyves.nl
vicsbingo.ag
textmp3.net
tenso.puk.ro
grabpage.info
dehir.hu
champoyradoo.com
www.jsyc8.com
yjzx.csfdc.gov.cn
115.dshfd.cn
turbo-proxy.info
gachmen.info
www.xiaoping.info
yirikuaizhi.1168.tv
sumberforum.com
laenderseite.wop.ro
adticket.de
www.441x.com
blackwell.com
heello.com
tairi.puk.ro
jadsonet.com
kladderen.wop.ro
www.9yin-woiniu.com
pushab.wop.ro
www.wangmin365.com
rohoel.wop.ro
rescue.lvye.cn
3d-hentai.biz
www.dreamybridals.com
birleyhighschool.com
www.138520.cn
watcharab.com
www.akjs.gov.cn
www.teta.com.cn
www.chilla.nl
hibamusic.com
yunbio.com
www.antaidz.com
onefistmc.com
shinrin-koen.go.jp
realestate-projects.info
new-album.com
tracheopathy.wop.ro
wmmarket.info
hemei.co
sititalia.it
countryreports.org
mbkoebrugge.hyves.nl
www.kkdyw.info
evokingyou.com
sportsnews24.pl
www.97tyzc.com
nelke.pev.pl
rmp-infotec.biz
tintuchangngay.info
topcarindo.com
familiesagainstplannedparenthood.org
ur-social.com
www.securite-sante.lu
club-valentine.com
fratturai.puk.ro
cmhico.com
handwashing.jp
unfoolab.wop.ro
blogreaction.net
www.0735tuan.com
allevamentosparacia.com
juncture.puk.ro
xz.yes515.com
www.pkgm.net
fly.ru
lacomunidad.elpais.com
foto.durand.nl
www.gaylover.nl
mhoz.210000.org
hbtech.info
multiky.ru
camera.itmedia.co.jp
cloob.us
jordisk.puk.ro
shreemarutionline.com
mitsubishi-club.ge
ourplan.cn
dobredomy.pl
hinzuzuz.wop.ro
garunaga.com
top.woso.cn
w5w5.info
wdzxxy.com
www.hbxianghang.com
c136.dyy07.info
antikacilartr.com
leonardovanni.com
qq772993307.41583.cn
www.yiyi360.net
qqgxqm.org
hondaelementclub.ru
privilegenet.com.br
qkrk.56dvd.net
www.compete.org
pirs.si
ipworkshop.ro
serverjeiro.com.br
helpharriet.org
cncn.com
artgo.info
tubexxx18.info
links2.me
kcuxbnqt.uintu.com
www.66salon.net
makemarketing.es
goutetnature.fr
dnbp.nfdy.net
oreignin.puk.ro
feetschan.org
ijfe.nfdy.net
tokolosh.wop.ro
myszkanorka.pl
wapzhw.com
betterphp.co.uk
flytogetkvittering.no
www.icmt.nl
uiv.cz
www.dipu.cn
xegu.210000.org
sadrain.a1.cn
mmtorun.pl
www.02qm.info
dbo.131.com
ist.de
kouyoufu.puk.ro
dorint.de
17zt.org
criaduelo.wop.ro
faf.dz
www.qzchmm.com
asame11.web.infoseek.co.jp
babyliss.co.uk
tf2012.egi.eu
www.bonka.es
www.moeyo.com
hhkq.265link.com
1818kj.com
www.bslcn.com
yxgz.cn
mjnrw.com
goddesses.ingmar.wwwwww.wop.ro
deniscadet.com
wikifesto.info
ibaw-ev.de
wordpressblogs.com
unipart.co.uk
chaohushi.m69.info
afortiori.com.br
direct-shoes.pl
campanul.wop.ro
falcks.puk.ro
cluehunt.com
fralix.puk.ro
www.ravens-fanatics.com
cyemen.com
koubei.com
sheldrake.org
dangag.dk
chouwazi.com
pornstarstart.com
uanny.blox.pl
rwtss.com
pixil.info
dofollowblogdirectory.info
dumbbell-exercises.com
www.syneszs.com
film.ylx88.cn
www.ya-k.com
philipps.puk.ro
tmhobby.tsukuba.ch
heyunlaiaa.b2b.hc360.com
www.dns.la
cavalier-qp.a-thera.jp
sarahxxxnightfallxxx.deviantart.com
mylittletown.ca
yousell.hu
shahshah.wop.ro
luomai1.blog.163.com
xfire.com
blogdokter.net
sgyz.net
lazienkiabc.pl
haedu.cn
www.jc315.com
unbegrudged.puk.ro
ventasbalss.ru
mawojtek.digart.pl
www.91bobo.info
psiaki.prv.pl
jiangaole4f.1168.tv