columbiadailyherald.com
alkabbah.com
mondoworldwide.com
www.284.kino.cn
aboutdomain.org
worldreviewer.com
geosociety.org
cleotube.com
christianity.com
oxydiact.wop.ro
haobi366.com
starcite.com
ahwi.nfdy.net
www.bouwoort.nl
good-monthly.com
vriespun.picene.zinba.senensei.wwwwww.wop.ro
vaping-paradise.de
www.188soft.com
joyisnow.cn
traderadiators.com
photosynthesis.co.nz
londonhotelslist.net
northwestonline.org
matias.blip.pl
lerayonfrais.fr
www.nfcwl.com
www.sxdaily.com.cn
langsams.wwwwww.wop.ro
tem.eyilan.tw
www.nike-japanonline.com
www.zhusanjie.com
seo-vantage.co.uk
www.htptfe.net
bh9s.qiwen5.com
trafex.info
biaoyu114.cn
myholiday.com.sa
super.com.ec
shenyang.baixing.com
518tzpf.com
www.51toushijing.info
indowebhoster.com
yqyrhs.com
huohuwang.com
burics.info
stumbledirectory.org
kama017.flog.pl
www.ci.pasadena.ca.us
itopgroup.com
pl59.com
bright.lv
mnpo.ru
downplaying.puk.ro
lewisham.ac.uk
trendingbike.nl
rin.ru
0jyg.qiwen5.com
visathegioi.vn
www.139ppp.com
jingyoufengxiong.net
q.quanriai.net
teo.lt
restaurent.wop.ro
yinsaoshe.com
kit.edu
qqjiayun.sinaapp.com
wuyerenti.com
bloomindelightful.co.uk
bramage.puk.ro
bbft.nfdy.net
dnbiz.com
www.jyhct.com
ifos.k3y3.net
greenandgoldrugby.com
www.cp760.cn
r8a27.eakk.net
soutikou.wop.ro
bookmarkupyourtraffic.info
www.cqdeshun.com
www.dihaowine.com
exboyfriendjewelry.com
funchmusic.com
wall-london.com
budila.ru
klubseata.pl
tv.yahoo.co.jp|hishopper.com|www.tcip.tv|vsgl.net|www.jz265.com|www.shszc.com|www.umgwu.com|0758sport.com|rafik.wop.ro|kakioro.wop.ro|23rt8.gn2012.com|www.8886.info|mtx123497.jdol.com.cn|www.akulo.info|www.newjixi.com|www.hackice.com|nsearch.yahoo.co.jp|www.hmx1688.com|xwbt.nfdy.net|puneca.wop.ro|almj.nfdy.net|6hgc.net|www.tcwm.cn|locksmithinsantamonicaca.com|www.southcn.com|www.qvod.de|www.syncback4all.com|jessel.wop.ro|duopixel.ca|76o4.lizhidy.net|www.m3.com|xzqc110.com|www.hsdbg.com|vonna.wop.ro|ftcg.nfdy.net|www.y098.net|zjob.5d6d.net|gamespace24.net|www.chnbook.org|www.xshpjy.com|www.zgyz.cn|vfjh.lizhidy.net|zzdfpj.com|mextube.com|stimenchina.page.tl|xiti.com|vuku.nfdy.net|xdexcylly.typepad.com|vymr.nfdy.net|www.qg-knives.com|www.house0371.com|www.audit.gov.bn|kinimatorama.net|www.ueba.com.br|zpgf.nfdy.net|ribenbi.com|www.jiacang158.com|launchtimevps.com|e0580.cn|dmeiji.com|sz.bwxx.net|gabrovo.bg|www.2ya.com.cn|lsx110.cn|shaf.k3y3.net|trailerparknetwork.com|www.seoau.cn|atoosi.wop.ro|dgib.nfdy.net|gostats.ru|tw.taofang.com|childrensclothing.sunzheng.info|www.0530.cc|www.longfeihz.com|www.verold.cz|fitness.com.au|121e4.gn2012.com|www.mudants.com|cq.3ua.cn|caikoo.net|www.lyairport.net|bbs.007.mx|h9gs.265link.com|www.thebelstaffstore.co.uk|formlmpros.seopressor.hop.clickbank.net|www.vod110.com|bbs.dxszx.com|www.55gogo.com|taobaobaba.diandian.com|www.dns0311.com|www.zhoushan.gov.cn|www.zj8886.com|www.zdbbs.net|www.cheapmichaelkorsoutletcanada.com|www.baorushe.com|rizhao.xinl.net|www.rakuanka.com|www.ruyilaser.icoc.cn|life.0435.cc|kovalevs.puk.ro|ljlhyh2006.fyfz.cn|www.ncin.cn|www.966yx.com|www.chenhanchao.com|ousdeisins.bloguez.com|qpqa.nfdy.net|www.jzkeji.com.cn|emqw.nfdy.net|topv5.com|hx.awo.cn|buddyhankband.webs.com|yklv.nfdy.net|www.motopixel.c.la|xnzk.nfdy.net|fuhdybomo.typepad.com|333job.com|chidian.esaygo.com.tw|zsmz.35free.net|explicer.puk.ro|www.haifanliwang.com|www.chinatoys.cn|dragonsofkalon.com|web.sbu.edu|codeposi.wop.ro|www.cxmtj.org.cn|www.semm11.info|mahmoudian.net|chifengjinjiang.fdchs.cn|maikitten.de|vmjr.nfdy.net|jsplumb.org|fanhui.cc|uncommiserated.puk.ro|gatematic.com|keavy.wop.ro|www.yc116.com|jigou.tzt.cn|www.winsp2.com|wmlz.78.cn|sinoner.com|fcrb.nfdy.net|zjzkbzjxyxgs.wenju.biz|foop.tk|achterliggen.wop.ro|bbs.gssky.net|overmelodied.puk.ro|ok0t.k3y3.net|perquis.puk.ro|qpzs.nfdy.net|blackglass-coffeetable.co.uk|90ya.com|www.sxhjxx.com|www.bitequan.com|www.yyxfz.com|mail.163.com|lian.taomaa.com|klammste.puk.ro|spartaanse.wop.ro|piefjjhfxq.blog.mongenie.com|bidet.wop.ro|rogue.blogsport.de|needsassessment.955uc.info|ysy6.lizhidy.net|www.arms-expo.ru
www.yinbiao.cc
lurptebr.typepad.com
rayanit.ir
dinohp.info
hearts.wop.ro
quotediary.me
www.confianza.nl
emailarchivingsolutionsz.info
domping.com
www.aaa.lu
nzglen.wordpress.com
www.cmgl3.com
kinologija.lt
wetter.at
aneexpress.info
www.bht158.com
www.anqueye.com
redbone.puk.ro
lublinmapa.pl
jnjmed.co.kr
seminegro.puk.ro
zarabianiezaklikanie.pl
1o2.ir
financiarul.ro
kksebo.com
resourcepositive.ca
askedu.com
freshlimesoda.us
www.bbwgfs.net
websitejunky.info
optronics.com.mx
zeanballonline.com
nankinhobby.com
taioi.net
grandiraient.puk.ro
tocvada.net
zzqqq-db74.diandian.com
the-sixth-sense-full-movie.blogspot.dk
equalizer.wop.ro
swiatplytek.pl
dlamaluszkow.blog.onet.pl
siyah.web.tr
prqi.info
bynet.ro
www.qnt12.cn
anekdoty.ru
bedthrows.info
socialmediawoman.com
gackt.com
alpha-one.de
dysgeoge.wop.ro
zentrada.de
fanlidg.com
ftp.is.vim.org
bookmarkplayer.info
tylkomarkowe.pl
www.myg7.com
natocrimes.com
getreadyforum.net
testsize.com
ilsa.nfdy.net
intelligentutility.com
mi.99bitgc.com
wh56.net.cn
megophth.puk.ro
help.weibo.com
rmip.nfdy.net
enari.wop.ro
dreamwedding.com.sg
www.5ee.com
miniera.puk.ro
sakugetu.puk.ro
eyv.5ck7wy.com
cnporter.com
soundstage.com
www.bjzhanpeng.com
3gpfilm.net
omics.org
thesocialscenemanchester.com
korben.info
598.be
linkspion.de
emerson-miguel.blogspot.com
paranturkeytravel.com
astroadictos.com
dncd.mil.do
midea.he.cn
myglobalinfo.com
bel.com
njanepal.org.np
motokoce.pl
orlidom.pl
abbye.wop.ro
whoopiebakery.com
wordsquared.com
newsmap.jp
be.cedarmon.com
croomsaoit.com
crinose.wop.ro
askusaquestion.net
przyjazneapteki.pl
yuseo.com
www.chengkaopx.com
hotelscombined.pl
buyforyou.com.tw
crazy-heels.de
danen.wop.ro
88uu.info
metaboliccookingthebook.info
inventist.com
tapuya.wop.ro
corpintra.net
hornybank.com
darmowe-ebooki.pl
www.paczekdlaciebie.pl
pokertexas.pl
drummerforum.de
ijlsite.com
lifo.gr
xoxoleah.com
keibun.wop.ro
www.7huc.com
dictionary.mobile.goo.ne.jp
cdyy007.com
frolicboonies.com
ff-14.info
clubniko.com
aiomovie.com
yswycjd.taobao.com
clickbuy.in
fr.apeh.hu
wwf.gr
equalvoiceforfamilies.org
josytal.info
bbs.425500.cn
www.9191w.com
kumarendra.com
rekrute.ma
jyko.net
taxarticles.info
xfmaya.info
hr0596.cn
directorylinking.info
rpzv.qiwen5.com
prnm.info
domaineur.com
misreput.wop.ro
plataformazero.com
solmedlatinamerica.com
bnb.fad3.net
www.jlrcw.cc
www.1qzx.com
inkortingen.puk.ro
urceolus.wop.ro
mountainstate.edu
www.ckdc.net
sfdh.org
itoi.wop.ro
app-india.org
dzm.me
kiszlivett.blog.xfree.hu
affiatan.puk.ro
www.1234pp.com
bungase.wwwwww.wop.ro
nyheter24.se
eddysetyawan.com
sewu-cat.com
talia.pinger.pl
family.org
www.ckiaa.com
student.pev.pl
pistonbl.wop.ro
ittang.com
www.forma1joe.tvn.hu
www.hnadl.cn
10000gy.com
krilia-lubvi.ucoz.ru
seostats.us
beijingjk.net
pornocruto.es
vwia.265link.com
www.pip.no
www.pacha.hu
yacp.in
software-secure-2012-ddgf.info
sentimientobohemio.info
netcom6.com
szpilki.soup.io
kasoku.wop.ro
feingold.org
danonino.be
geezeld.puk.ro
einkommensstufe.puk.ro
susanyu.us
directoriesking.com
happy-bookmarks.de
radiocpacemusic.ubf.pl
perzent.com
www.vipmsc.com
couponconnections.com
expressionfiberarts.com
ladyboygirlfriend.com
nascarchips.com
northquincyfootball.com
taizhou.anjuke.com
ravu.soup.io
tf9.ru
kucharo.blip.pl
fang.0513.org
www.lostsite.hu
wtgyu.com
dylanchords.info
woobuzz.com
font.cc
puregourmandise.com
capriceerotic.com
2rvu.qiwen5.com
select-hoken.biz
detaier.com
wanpara.jp
diodati.org
wapmingban.com
actionsolaire.com
jklshare.com
reclamatiibursa.ro
www.xtftc.com
beezup.es
downloadarsivi.com
russianvirginz.info
ditmqintntkn.blogtrue.com
deagle.digart.pl
gartija.pl
szene93.de
wtosp.com
www.bskdc.com
artes-marciales.info
blockine.puk.ro
dinamalar.in
free-porn.info
baby.im
tazhao.co
nonprofitfoundry.com
panasonicblurayrecor.26z.info
sklep.blueorb.pl
gesu.gportal.hu
pornbig1.info
89.pl
hsz.relspopzw.osa.pl
cubiksonline.com
internationalpromo.it
greenmama.ua
clicksotrk.com
sampleville.com
freebert.com
www.hgzhen.com
avaplus.net
p.h2h.cn
dzhuiou.suliao.biz
6h777.cc
tu4.cn
drypen.in
motopissaris.gr
lyaliaforra.tumblr.com
lancia.es
aisim.digart.pl
www.hwzhs.com
valleygr.puk.ro
yangba99.com
samoe-samaya.ru
nsm.pl
revivified.puk.ro
cineplex.de
boodschapper.puk.ro
muggles.wop.ro
najdom.pl
www.rosime.com
www.leytus.es
dtfp.nfdy.net
nostra.by
www.neuron.pl
kasikuk.digart.pl
vanessaduplessie.com
koans.wop.ro
abc-construction.az
www.cixingcailiaoka.com
flyingmouth.com
childrenofthesun.org
gctronic.com
v-erp.nl
kolorowemarzenia.pl
wabcw.info
mp34u.fm
maripe.wop.ro
mopoi.de.lv
psncenergy.com
tbrcr.com
maccosmeticsx.com
85cc.biz
paginagratis.org
ijdeler.puk.ro
wqnqcngsuz.blogtrue.com
sagezza.puk.ro
gadzikowski.com
musgrove.puk.ro
riddle.blip.pl
annareads.com
vsmedia.info
hkytds.net
insignia-bible.info
ccftn.com
www.world-slate.com
webvigo.com
theplumbinginfo.com
rubadub.co.uk
anti.damai.cn
www.anisp.ro
08ic.265link.com
www.020gay.org
rosnet.ru
caschi.puk.ro
www.yauaa.com
gluck.tv
chadjaso.com
www.krokdoprzyszlosci.pl
playstation-vita.nl
slating.puk.ro
www.mhzww.com
prawybory.edu.pl
ksmym.bianyaqi.biz
buyguitarstand.info
www.ady9.net
jula5517.pinger.pl
kichai.wop.ro
domin.pl
webanalysis.us
clipxxx69.info
jyunitu.puk.ro
lawer.wop.ro
labrujula.travel
blogs.fonq.nl
lib.jci.edu.cn
clads.biz
armacad.info
schampen.wop.ro
openoffice.org
garitto.com
dauber.puk.ro
hostingreviewz.info
lx021.com
cougar-city.net
porscheperfect.com
kmd.dk
yilin.puk.ro
www.iii37.info
gerenzufang8.com
lajollasurf.org
geowarehouse.ca
armfort.cz
uipoo.org
dorais.wop.ro
enotourtrento.it
solidstatelogic.com
www.szyoo.com
stardoorparts.com
pcsoundbar.84v.info
econo.com.ua
machinemonger.puk.ro
snaha.cz
www.cqbw.com.cn
murza.wop.ro
www.9ctrl.com
seedrocket.com
blogsfree.org
latphoto.co.uk
freeappfans.com
www.xa24.cn
lueya.com
megainet.info
sz.120job.cn
pvvvv.com
mercamania.es
moveapp.pl
linkfamily.hu
katrinundjochen.de
www.dyz.cc
www.hmswsj.gov.cn
smartmaniacs.co.uk
asid94.fr
uu97.com
www.avia.cn
bonzipal.com
bhairlines.ba
ty.taofang.com
outletstore.pl
erinize.wop.ro
www.jietpx.net
ikky.wop.ro
www.gfzg.net
bbs.90bus.net
www.2s-s.com
dotsource.de
772dy.com
offergeld-oberstdorf.com
www.nikeyou.com
termbridge.net
tlh-clan.net
staylocal.co.nz
rics.org
designers.mx
vergil61192.wrzuta.pl
www.fmnaha.jp
mfacebook.pro
heli-depot.com
www.limsms.pl
earticles.us
schroodm.wop.ro
gaokao789.com
iadoreasians.com
www.cm789.com
8d1.info
www.58cad.com
piscine-expo.com
songdl.net
kablelink.com
www.chuanqisifu.com.co
mymcpl.org
ancha.wop.ro
www.qiangren.org
schools9.com
mordan.puk.ro
barranca.puk.ro
libyasos.blogspot.com
zenon-art.com
hzhcys123.cn.alibaba.com
avresa.wop.ro
capdesign.se
albanyhomezone.org
www.ccvbo.com
fgw.gygov.gov.cn
intergage.co.uk
maisons-maroc.com
codigos-telefonicos.com.ar
quadrist.wop.ro
cinosanap.eu
rebel.pl
techques.com
citysvyaz.ru
freezer.we-seo.net
pohodnik.info
vvlf.qiwen5.com
sanp.info
stephytracking.com
indovacations.net
auto-stuff.cc
miltos.wop.ro
www.bjbihua.cn
claytowne.com
summithut.com
testmart.cn
www.yaoyaojiameng.info
www.cdcz.net
kde.org
albrainger.ru
dd7.eu
luxusbabe.de
www.0551ks.com
u58.cc
thebhgroup.org
salescon.hu
heilrijker.puk.ro
www.ddqcw.com
socialtag.info
ttt998.com
modiriran.ir
toolsba.com
goplaza.vn
zhiheong.blog.163.com
kokonu.info
kiribosi.wop.ro
4ay.info
kaelteklimashop.de
dtscinema.in
superbootcamps.co.uk
haofuwuqi.com
lavigne-france.fr
www.hxkfh.com
sitestat.us
lectoren.puk.ro
tomki.pl
dofollowbookmarkszs.com
grinsten.puk.ro
flash-gallery.net
flamenapoli.com
aiwp.210000.org
www.333300.com.cn
koksaghy.wop.ro
janski.edu.pl
opinionsocial.com.ar
paulowy.blip.pl
allianceswiki.com
ajeni.nzw.cn
yaal.blip.pl
www.fgr.cn
1f1f.net
6bao.net
ucly.net
gites.fr
www.xyy6.com
3yonytrsd.com
top-40.startpagina.nl
martz.pinger.pl
triadist.puk.ro
lookey.org
meydane.info
sh.nuomi.com
phuket101.net
vn24h.vn
pojistovnacs.cz
superbuy.com.sg
touchdown-music.com
submitdirect.net
www.gypm.net
kasja.pinger.pl
senki.wop.ro
playmaka.de
www.360eku.com
zantte.wop.ro
chxo.com
giamsat.com
fun-action.at
sears.com.pr
www.sisa.net.cn
valandre.com
aitirlab.com
sesso-gratis.info
www.hxb210.com
tradingchief.com
casa.r.gd
nansiki.wop.ro
ryojou.puk.ro
favous.wop.ro
soroush.tv
cehuan.com
g0t3.210000.org
testanera.com
bookmarksport.com
cylex.pl
zh.120job.cn
flattern87.flog.pl
homeweblist.info
kqjhj.78.cn
iisweb.co.kr
detur.puk.ro
vitakem.com
sikw.210000.org
pornturbo.com
snaphost.com
pinlutv.net
fastsexdate.com
val8.deviantart.com
magv.info
okam.pl
delphiforfun.org
inbaka.wop.ro
www.lgyclt.com
alegrocart.com
www.stallonezone.com
www.caomm.info
blog.hellopad.tk
dzyan.5d6d.com
implanty-zebow.poznan.pl
horo.wop.ro
sciencemasters.info
temor.wop.ro
mlongines.com
dz.newssc.org
hawas.cn
freewebdirs.info
www.reading.ac.uk
www.cndaoreyou.com
busshu.puk.ro
nezs.wop.ro
www.menghuanzuxian.com
www.fjkeda.com
aqui.com.pt
worc.ac.uk
chinazhongyou.cn
sielises.bloguez.com
volkswagen.pl
westspri.puk.ro
wap7777.com
lenmoserphotography.com
meninblack.es
kredytysezonowe.pl
ccscne.org
happyend.fr
isa-guide.de
hochvaku.puk.ro
theme-tribe.com
gjilanhost.com
ggvc.com
knobdeco.com
lenriram.bloguez.com
adminunion.com|mogu.jdbbx.com|www.4006848085.com|ilansheng.com|7898989.com|game2.cn|135.org|www.qisoubao.com|www.jieyang360.com|cdpheritage.org|musicmakingsoftware.net|www.ntnews.com.au|philipemarques.com|www.yxpjlj.com|edu.360.cn|www.feelid.com|www.zhongguo315.com|www.piaoliang.com|jiuhuatjzx.com|www.rootnull.com|www.rjfcxxw.com|backtenttralchesb.blog4ever.com|plg.uwaterloo.ca|www.xtftc.com|bnrglobal.com|www.lmmw365.net|www.365woyou.com|zoethottco.bloguez.com|www.seopk.net|www.jhjj8.com|fella.deviantart.com|pingguo55.info|www.139ee.com|www.souzhiba.cn|gymnasttube.com|comtarticles.com|www.hmz.cn|yicw.cc|networkeverywoman.com|www.dfbl.cn|chaptersworld.com|centroesteticopadova.com|xhbbs.njit.edu.cn|t-gate.tv|www.babaw.com|www.hajdujobs.hu|www.zhuangye888.com|www.sdhy.cc|news.gpxz.com|ttccrm.com|www.niko100.com|www.988058.com|our.orf.at|www.7060dy.com|xymezffrnu.blog.mongenie.com|edortila.blogg.se|www.ylqqvip.com|bbs.5a.com|tdunbbspc.blog.mongenie.com|weiykj.cn|hbcsgw.com|www.shszc.com|www.gzrf007.com|www.erpku.com|freelinkstorm.com|ibhl.nfdy.net|www.qiqu.tv|chougei.com|llsmp.org|www.younaoba.com|www.zg550.com|www.gzhsn.com|www.qingfangcheng.com|augustabcc.org|wmfz.78.cn|altervista.org|www.aegle.com.cn|africanaweb.com|windowstablettv.com|freetopsite.hu|www.sheng0312.cn|www.wgb320330.com|xg4ken.com|icamtech.net|w3bookmarks.com|jocuri.gsp.ro|corp.163.com|3clines.com|www.bjbihua.com|chicfactorgazette.com|www.tjhdid.com|www.y098.net|uuge.com|bookmark-clever.de|slpv.cn|www.daqiaowaiyu.com|punlun4436.huijucn.com|birdswallpaper.juxing55.info|aiyayaya.info|www.ygsh.cn|www.nbit.gov.cn|gatewaygrizzlies.com|www.dbxigua.com|feiying999.net|www.zhendongshiyanji.com|b2b.in-en.com|52joomla.com|guangdong.qyi168.com|homestyle.co.nz|www.333300.com.cn|www.wichs.tv|tysyj.com|www.67636763.com|www.taotao58.net|www.robopcb.com
presse-net.fr
koelngrund.de
wahl.wop.ro
ivanzuzak.info
ninawe.hyves.nl
nismosilvia.info
actuele.wop.ro
jinta.678114.com
moonlightersbbq.com
hb618.com
klartext.wop.ro
biorama.at
foals.puk.ro
www.0593r.com
mobilebridges.com
hefamily.org
ae911truth.org
www.511vi.com
elib.org
9mv.info
oeuz.nfdy.net
tvn.blip.pl
goodeals.co
cnebay.com
tdvz.210000.org
cornishpoint.eu
ate-u-tiv.com
car365.org
makeyoursoftware.com
clickbuzz.info
bioverlag.de
ivoneeventos.com.br
kulturystyka-online.pl
joesjeans.com
simpo.rs
prullans.net
www.520chongdian.com
www.hapitu.pl
fliegfix.com
katalogaptek.pl
dell-faq.com
citebeur.com
sserbanro.info
phpxl.de
its-sport.de
www.klmy.com
js8.in
bookgew.com
divasbydesign.co.za
locata.org.uk
debian-multimedia.org
webservice.rakuten.co.jp
hhfyyy.5food.cn
chevroletov.ru
dotnex.info
m-zone.cn
chemenal.wop.ro
gibo.pl
conductility.wop.ro
socialcashdetective.com
sex-toplist.de
news.stack.nl
253.pl
jointhealthmagazine.com
novina.com
thewikies.com
snsfleet.com
j.dk
dlcy.78.cn
www.6611199.com
ccp.is
www.enbon.info
pigcn.cn
e-shop.gr
www.bazak.cz
veen.com
melodyehsani.com
autofurgon52.ru
cmystat.com
www.gxxo.net
retrade.no
fujiya-camera.co.jp
dayperm.ru
www.qjdla.com
sitedesmarques.com
explofast.com
katsumok.wop.ro
jijimon.jp
www.22270.com
www.aaaa258-www.84aaa.com
vaijayan.puk.ro
tp.222ff.info
www.0762bbc.com
discount-news.info
www.tongchuanrc.com
851101he.fyfz.cn
se.22szs.com
www.dialo.de