ijobers.com
tophack.net
baalberith69.digart.pl
www.senvgo.com
benin.lap.hu
kasetchon.com
www.okokfc.com
angelsdemonsdownload.blogspot.dk
omakai.pl
schw.qiwen5.com
www.yifa33.com
pandahall.com
www.lunlizy.net
seo.huluzhai.com
www.tailingqi.com
daedal.de
liverawevents.com
www.gamezilla.komputerswiat.pl
lrmoilpollutioncontrol.co.uk
juniorscave.com
mzk.zgora.pl
maigo.jp
8tracks.com
iwa9ra.ma
xz4.2000y.net
ykvd.qiwen5.com
51255.com
madeinmedina.com
onmymood.com
ltgp.jp
newsint.co.uk
tongdaifpt.vn
av.522aaa.com
supermarkt.blog.nl
skylinecollege.com
animeanime.jp
www.it98.org
reqj.nfdy.net
agmnet.com.br
lzpd.cn
www.zhangyeren.cn
ongenie.org
verdiktor.com
3w-media.pl
morphzone.org
www.jisr.4f9.org
www.1122meinv.com
www.zhukao365.com
3663.com
www.pokui66.com
koetst.wop.ro
x4host.eu
katowickapilka.pl
yobrah.net
www.xieheh.com
www.zjyuhai.com
micon-design.com
www.pkp-jazda.pl
farandulero.cl
sa.newsclassifieds.com.au
mgnz.nfdy.net
lowellsun.com
ifarhu.gob.pa
proxaweb.be
klos.blip.pl
nauticexpo.es
85cc.com.tw
animalis.fr
www.zxshop8.com
yasoo.ru
blog.livedoor.jp
hcrc.78.cn
smittysholdings.com
makeupmania.com
www.heywhois.com
prnews.pl
anunciando.es
123xa.org
lindin.is
georgejarkesy.com
setai.wop.ro
taririon.org.pl
43gan.com
lyset.wop.ro
www.biz72.com
kylintv.com
fgw.gygov.gov.cn
ovindolimagnola.it
mzh2615.fyfz.cn
imer.gob.mx
awu.polki.pl
royaalst.wop.ro
letterfan.com
www.bookmk.com
pornmummy.com
jimogsh.info
mao.li
stevereno.net
www.rzzz.cn
slotastic.com
suchkatze.de
o.rdy.jp
corinthians.com.br
www.a0lf.4f9.org
graphies.puk.ro
www.gwzg.cc
www.njzhiyuanwx.cn
www.dg-zk.com
movie.lixincn.cn
pfkt.nfdy.net
usaone.us
www.friwos.de
www.ikkeda.nl
thisiskushdvd.com
www.599tv.com
www.grosu.ro
1104.wapyc.org
www.freya88.com
villansla.com
taiken.snapmix.jp
adrian.org.pl
sexbig1.info
www.haonongzi.com
arenda-piter.ru
www1.hays.ie
aggelies24.gr
www.seoruyi.com
www.vemaybaygiare.vn
3d-hentai.biz
xixidieyuan.com
trailrunners.org
fougasse.org
ileon.com
mariellonline.com
sumopix.com
viewpointforum.com
mysinema.org
ventosit.wop.ro
hyipscan.org
camareta.wop.ro
smsfactory.in
serge-fashion.by
aid.0086.ie
organic.hu
21uqur.com
polymtl.ca
www.xddjw.gov.cn
goukon.puk.ro
salesportal.com
shawty.a-mycams.com
muemling-grumbach.de
www.5941av.com
cotoha.jp
inowroclaw.pl
anvil.link.xfree.hu
viedejoueur.com
www.timesbook.cn
nhsfunfactory.com
underprint.wop.ro
culinary.net
www.023dfnz.com
birgy.ee
snowpatrol.com
logisneuf.com
rt-express.com
radio.hajikko.net
nintendo-europe.com
qbshtall.soup.io
directorychampion.com
k.8x5x.com
vulaga.puk.ro
www.shlytj.gov.cn
familotel.de
www.tarac.nl
pxnz.qiwen5.com
orbyt.es
cppt.cuni.cz
zakmuis.puk.ro
eyello.com
gta-game.net
www.mirzw.com
dot.al
bvifsc.vg
88.xysc.net
www.taoke66.com
ebqj.nfdy.net
truckdog.com
drug.9939.com
unclebeto.com
www.ydclean.com
nalc.org
carhopp.info
www.stallonezone.com
www.xingqingseo.com
nyls.edu
www.magdia.pl
kreken.wop.ro
www.stats.in.th
www.ymoli.com
jerf.nfdy.net
speakupindia.in
juicycoutureonline.dinstudio.co.uk
colombianrealty.com
free-logodesign.com
weupnorth.se
politiarutiera.md
in-love-with-rain.flog.pl
nettenestea.com
stocknews.blog.shinobi.jp
free-stockphotos.com
5fjg.k3y3.net
lyricsworld.mihanblog.com
visitcalgary.com
thesportsgeek.com
bbs.tl163.net
www.hbgt17.cn
ersn.org
mycarforsale.co.za
3de.ir
www.ttgjx.com
witch.lap.hu
grafbb.com
varma.fi
www.xuhuangli.com
xcdz.jhgcw.cn
bullka.ru
zd2001.com
www.taobaoxizang.net
zhr.hk
hamiltonspectator.com
0000ff.net
lifebeyondlimits.info
tl.changyou.com
nisimeih.puk.ro
txcai.cc
y8ja.nfdy.net
asanti.wop.ro
abfic.com
www.gx-pb.com
aritclemobilize.com
boizebueditorial.com
sielises.bloguez.com
v42r.k3y3.net
bg-info.info
cc-tinho.gicp.net
fywj.78.cn
xz.tobosu.com
imm.io
bbs.webjiankong.com
jiyoujia.net
www.5isf.com
ijoe.hu
thewertzone.blogspot.com
www.bqlbuy.com
blogdoecommerce.com.br
idlest.wop.ro
bccjacumen.com
crossroadsoflifechurch.org
www.wiretome.com
www.q0p.cn
www.222bo.com
dagougou.cn
www.alipr.net
www.taipingniaonvzhuang1.com
www.cqjsxx.com
vbulletin-germany.com
www.caaade.com
pe.ria.ru
maanziekst.puk.ro
www.57ge.com
jwasb.info
xggfw.cn
heatdirectory.com
www.3334dy.com
800jin.com
sg-weser-diemel.de
szmb.gov.cn
feestwinkel-hijkersmilde.istats.nl
www.52hzy.net
sitsuu.puk.ro
www.shdony.com
greenhybrid.com
www.331522686.qqku.com
bbs.aiyouyoubbs.info
aveeno.com
inrussia.us
directwithhotels.com
london.edu
sompopo.mu.nu
025ct.com
colegiocristianointegral.com
szum.digart.pl
www.toz.pl
webdesignplay.com
uigv.265link.com
dehong.gov.cn
rss-easy.de
fibropap.puk.ro
skoena.puk.ro
nordbet.ru
www.sguuu.com
linkbusiness.co.nz
xxan.net
wwf.pl
1khalifah.wordpress.com
cocoonbarcelona.com
androidlab.it
supplychaincanada.org
www.95572.info
causeless.puk.ro
mutian.info
nirakoottu.com
co.br
deceptiveengineering.info
windesheim.nl
www.badu.edu.tf
4-wheeler-dirt-bike.blog.hr
uk-suprashoes.co.uk
studiolinnenn.pl
tdfjtqdt.1168.tv
thedailyguardian.net
rze.pl
lovenmarry.com
bh01.com
lmdy.in
borderless-travel.com
bilim-kuq.com
ukxcam.co.uk
vip.kuaibo.com
haffiliation.com
marpartner.su
wsxq.com
www.jdsjj.cn
schiggysboard.com
hf.xdf.cn
lije-creative.com
renamedgames.com
klassika.info
store4.tiens.com
lernen-mit-spass.ch
www.3ayl.net
www.mpiecha.pl
annuaire-facile.net
shinjuku-sc.com
360.sqxlh.com
herinoto.com
sports.yahoo.co.jp
getbb.ru
jmkd.210000.org
bankracio.hu
igctech.webs.com
ressuscites.puk.ro
englishrepublic.ru
mccormackmorrison.com
lesdoit.net
qpiter.ru
qilu120.com
retelesociale.ro
nano-bookmarking.info
mmoworld.info
xrequiemgaming.com
hercportal.info
www.xxx443.com
azizibank.af
mssociety.ca
chapelsandbox.org
bjasp.fyfz.cn
dcple.com
scout24.int
makeitinamericanow.com
www.rongyao2011.com
tausendgroove.com
www.yuchu1616.com
poleko.mtp.pl
rongpencil.tk
www.optuma.lt
www.99aitv.com
www.kazan.hu
rotarycorp.com
www.youkasi.com
aapostro.puk.ro
macosxautomation.com
www.klkl88.com
mayhembiolos.posterous.com
angelodelausanne.net
fxopenkorea.com
cp-ty.ru
www.fantang818.com
haoge-china.com
cyanopsi.wop.ro
red-tie.com
siwolae.co.kr
bondagebeacon.com
www.twdz2008.com
www.ulinix.be
msquill.com
super-hero-game.eu
beihai114.net
www.korfu.cz
narkopedio.com
sonia-portuguese.com
dle-module.ru
www.caoya.info
servindi.org
carpisa.it
skrzatsklep.pl
www.20yx.com
pointshop.no
jlv-solutions.com
www.lianpen.cc
government.ae
bulaj.ru
unifolio.wop.ro
shpargalka1581.ru
www.31zs.net
examresults99.info
pixelogic.net
tegv.org
oedogoniaceae.barrieren.syokutak.wwwwww.wop.ro
www.5han.cc
google.com
taodu.com
garhwali.puk.ro
pinoy.md
wohufu.com
gdimag.com
www.efdinvestment.com
www.xjyllh.cn
www.jayuanba.co.cc
tektroni.puk.ro
slibde.wop.ro
wuhan.wotuan.com
576553.ru
m-forum.hu
fyme.cn
yeniodev.com
nvxie1.5d6d.com
www.xenon.com.uy
natablicy.pl
gybjgs.com
siwaxiu.info
kaiserkraft.pl
stylebible.ph
totalrl.com
mebelko.ru
itiat.pl
biogems.info
matsidehawaii.com
www.aimei.1x.net
caiyuanr.com
campanul.wop.ro
maximamspus.ro
raskauskeiju.fi
tudespensa.com
80stacy.com
amarixe.com
www.wct.nl
www.jinshiseo.com
horoskop.cz
dickhouse.tv
www.zqgdw.org
zakon-i-poryadok.com
sras.org
www.sx-watersupply.gov.cn
gamexua.net
www.881888.cn
www.efca.pl
www.klwww.net
ghnfbgtj.blog.kazeo.com
fanlore.org
www.wwwsoso.cn
www.mathchalabi.c.la
skandia.pl
www.kddry.com
www.huarenjie.it
dysir.com
set-scape.com
www.caesar.it
kbox.com.sg
vojs.cn
nodevice.com.pt
apinchofhealth.com
aroos1.blogfa.com
deai-cafe.net
2dy.cc
www.sudugujia.com
candlere.puk.ro
kinodivan.net
balassiintezet.hu
73th.com
dozor.net
www.142857.cc
stealthprofitmachines.com
www.79wo.com
vraagzie.puk.ro
thewonderful-night.com
www.dijiaqi.com
massagechair-reviews.org
jieshiqing.1168.tv
www.51cao.info
phpvikinger.org
511sd.com
foolcars.com
mhwmagazine.co.uk
www.xp3.cc
ukfindit.com
sanjose.edu.py
consumerrewards.us.com
www.xalhrc.cn
hlifeshop.it
quantuum.pl
55.aiao.cn
uutexjoetf.blogtrue.com
openmicvoices.com
mychinamyhome.com
inwebdirectory.com
descrismar.puk.ro
www.cnfish.com
malaysiashopr.com
glazig.wop.ro
greece-athens-escorts.com
xy.star-netsecurity.com
terpforum.com
www.engin.umich.edu
gsmtext.com
www.cjnep.net
truka.puk.ro
www.c9909.com
tictoc.puk.ro
chuuha.wop.ro
wifi001.com
www.winespectator.com
www.techniektalent.nu
balaeric.wop.ro
lady119.com
www.jnsxj.com
inregent.wop.ro
dimalex.eu
fullnetwork.info
bbok.org
keramika-m.ru
parlam.kz
bukinfo.com.ua
en.sixt.ua
vetuk.co.uk
www.parkinsonism.net
freemediaproductions.info
nacsj.or.jp
www.luseanxing.com
jqlw.k3y3.net
keralaindiatour.com
eselectplus.ca
i11egal.info
www.asfxw.com
milebymile.com
xxxwag.wop.ro
wrigglesome.puk.ro
url.mingba.cn
www.nanrend.tk
froxy.com
forumvakantieparticipatie.be
hassei.puk.ro
oims.in
sgyy.cn
www.duoq8.com
arneric.wop.ro
semuaproduk.blogspot.com
dogate.wop.ro
www.bosup.info
zenggi.com
www.miayi.cn
cercoincontri.com
carrom-giessen.de
beastpieces.com
www.yxb9999.com
showmymobile.com
luizzmezz.com
thefreeagencybalt.com
kinderbedden.info
affi-asp.pickup.jp
prepararunaboda.com
3158wh30.diandian.com
6hwcp.com
www.520hana.com
mrelkins.com
kainone.digart.pl
thebabywebsite.com
www.666u.info
www.nk2x.4f9.org
www.rc0716.com