reinou.wop.ro
radiofreunde4ever.de
www.rjzb168.com
vronk.net
ukbanners.com
photomall.info
b24h.pl
dehong.wop.ro
janean.puk.ro
sangw.com
8sn88.com
cqjjrcw.com
relinchido.puk.ro
dreven.puk.ro
tarrianc.wop.ro
monasteryicons.com
greencorner-al.ru
namgclubs.com
fauxy.net
webmas.ru
handloom.wop.ro
shirator.wop.ro
burnettpainting.com
mobile.mapbar.com
pic.tw.cn
www.fjhonghui.com
levelup2012.com
asia.net.my
jrtyn.com
wainyi.wop.ro
kindra.wop.ro
fanlvshi.66law.cn
all-star-hockey-players.blog.hr
ipromotefree.info
eseochecker.com
swissmomforum.ch
baixarjogoscompletos.info
unesa.ac.id
www.3gxda.com
tweetravel.net
bautech.com.ua
www.mnrpcv.org
www.nso.mn
480p.me
girlysavings.com
www.grand.is
v40.pl
www.hy88168.com
z8oy.qiwen5.com
xfzg.net
bsg-fortuna.de
wowy.pl
www.dlyfkz.com
i9franchising.com
friendsbuddy.in
6hw.hk
analisisdetrabajo.info
paydayfirst.co.uk
mankaen.jp
timog.com
sjbasf.com
www.jetzt.de
www.mapenggang.com
internetmarketingconsultantsa.co.za
www.maccms.com
skild.com
drijft.puk.ro
tlbbx.tuita.com
webtoolkit.info
www.nikerequin2013.com
www.wuyishan.gov.cn
manualbookmarking.info
www.ir3s-sympo-eng.net
www.ooogm.com
www.388ii.com
176gz.com
www.house-jn.com
hulssier.wop.ro
52ri.info
video-tion.net
wwap.yy.ai
industria-muzicala.ro
www.shfsmq.com
freelists.org
stacy.kz
photovirgins.info
www.886call.com
vqjx.210000.org
bumm.sk
www.weige.in
liveonlinechat.net
www.blueskywheat.net
onona.ua
mass-msue.edu.mn
awesometees.fr
inclosed.puk.ro
iubescbrasovul.ro
faggy.de
directoryscape.com
pligglog.info
succinit.wop.ro
roudouan.wop.ro
war3.uuu9.com
mqhq.210000.org
sandiegozooglobal.org
vpxl.name
mysmtp.eu
www.cuny.edu
www.wuyoo.net
gf30.nfdy.net
www.tmks.net
heterotelic.wop.ro
sb-home.blog.so-net.ne.jp
gute-weine.de
7639.nfdy.net
www.ahfc.gov.cn
colegirls.com
www.qq1314521.com
www.fengshuipage.com
overacut.wop.ro
agb.org
www.michaelkorsbagswholesale.com
mediarabe.info
aspmessageboard.com
dreunt.puk.ro
ciputra.ac.id
bczi.nfdy.net
lowcostwebhostingz.info
mickel.wop.ro
quadrist.wop.ro
752288.com
ideal-h.co.jp
mhfx.feixue.com
joomla-t.ru
lovepop.jp
indobase.com
missdomain.se
www.jsq51.com
baraje.wop.ro
waseet-elsa3ed.com
go4u.ru
ilqut.com
pmhe.210000.org
investmoney.tv
4seeking.com
yourvirtuallibrary.us
24hourfashiondeal.nl
www.xxx92.com
www.jsdhedu.cn
finking.puk.ro
tadwena.com
manusite.pl
grudnoe-vskarmlivanie.com
fqhs.nfdy.net
perlick.de
comunicawed.com
voloscontato.it
ba-z.com
fysiotherapiedetriangel.nl
carlosmartins.com.br
www.cnsb.cn
www.4pyy.com
1-2-3.tv
sadrain.a1.cn
midea.sx.cn
www.tasly.com
vote42.com
affiliazioni.me
pijnigin.puk.ro
stingit.info
wenera.eu
artinet.ru
purpleirisdesign.com
3zitie.cn
sluskete.puk.ro
sclj.9998.tv
dreamstreet.hu
www.xxx887.com
www.600146.net
discantu.wwwwww.wop.ro
solintermedia.com
www.taobao8899.com
e-optionet.com
pocketdownloadcenter.com
c2c-online.co.uk
darktechmedia.com
0371.273.cn
www.docin.com
www.bach.de
qovddy.info
strugi1990.wrzuta.pl
hdaz.cn
myforex.ch
www.va-hosting.info
ashevillechamber.org
idealcloudphone.com
mbe0.lizhidy.net
bestcar-insurancesite.com
gmapsapi.com
vnews.com
bejeweli.wop.ro
suasmensagens.com
shahzada.wop.ro
zynk.jgnz.cn
p3chat.com
xdkq.210000.org
oilgas.gov.tm
linkzilla.info
bumlux.net
www.bjnjw.cn
socialworldnet.net
www.dzzzs.cn
www.gameswelt.de
personalbeautyshop.com
www.uniwebset.cz
tpshop.ru
mhg.salon24.pl
mypersonalcafe.com
xiaoyueyao2010.b2b.youboy.com
51hsz.cn
sdtv.gr
samygo.tv
fotoshkola.net
africanholidaypackages.org
www.gdhyweld.com
ecjtu.org.cn
idocscript.com
www.shanghaizhongtie.info
reklam.zoldrozsa.hu
www.taodown.com
ccut.tk
bfh.ch
ibluepiscine.it
beasthub.net
jnjmed.co.kr
incantonline.it
phonera.se
www.duan.pl
scbb.ch
soup.hd0.eu
yuejob.com
muzyka.57.pl
streetmancandles.com
webdeti.net
www.viud.4f9.org
meridian-express.ru
meninblack.es
mpumalanga.gov.za
rgb.ee
hangars.puk.ro
eastcoasttaxconsulting.com
046o.56dvd.net
mytnstory.com
zampar.wop.ro
dklogs.net
www.grassmoon.net
beendor.puk.ro
miplanspecialk.com.mx
www.91yougou.co
myxybb.com
anvilbay.ru
clicker.com
aurea.org.pl
randstad.co.uk
loady.de
grinsten.puk.ro
mumslikeyou.com
oneshotentertainment.ie
change-your-mind.org
tritura.wop.ro
dth-live.de
ibs-designs.com
dfs.se
wholekitchen.info
esrxxl.com
pokerzysta.pl
qzhi5.com
watchx.com.br
new.70168.com
zytzb.cn
anvil.link.xfree.hu
intymnemiasto.pl
www.meiguoyimin.cn
kitesurfing-nord.de
kozmic.pl
rompy.puk.ro
achipa.wop.ro
linkmost.org
macswomenonline.com
hb.newsccn.com
ilovemountains.org
www.147258sf.com
gutes-shop.de
watchbestmovie.net
guiyangcc.net
bucko.info
crotul.edu.pl
inn.net.cn
drvb.nfdy.net
baseballjacketsforkidsndo.wordpress.com
hathawaymix.org
www.ncenn.cn
basata.com
yuanxn.com
rwextras.com
muft.en.gongchang.com
siyoujik.wop.ro
fsfp.210000.org
songsandhymns.org
1000xteens.com
nordiskamuseet.se
maxxivoice.com
ctalk.forumcongo.com
gla.tv
zx.dl.wanmei.com
twentieths.puk.ro
i-netshops.net
b.360.cn
gtsb20f.1168.tv
schoolguide.co.za
dmktg.cl
download-anime.web.id
www.rj-bz.com
factoedizioni.it
k-tecracing.com
ezinefreearticles.com
elormf.pl
linkexchangeseo.com
builtny.jp
smayadika4.sch.id
www.szmid.net
ciema.info
acp.pt
www.hewo.nl
bionexo.com.ar
uncfsu.edu
sbgjwl.com
globalbusinesslist.com
w691.com
hokui.wop.ro
mind-surf.net
fox.az
mp3.zgfj.cn
www.runet.edu
www.dg12315.com
my-hammer.at
www.68uss.com
ropeg-kemenkes.or.id
hssdh.info
www.op91.com
download-french-montana-ringtones.blogspot.ca
top-motion.be
foodvideolog.com
fecomercio.com.br
www.siusi.it
portstores.com
dilli.wwwwww.wop.ro
yinyin.in
akhe.info
mundotecno.info
www.qss.org
1strecon.net
virgiliamo.it
likebutton.com
www.zhenbushao.com
fungistatic.puk.ro
foto.sk
guenterflatschacher-photography.eu
chi.mp
njb.serc.gov.cn
dallasmoversz.info
link-gyujtemeny.eu
migomex.com.pl
einsure.com.au
zakath.soup.io
googlewd.net
abp1.qiwen5.com
tegenwerpingen.puk.ro
barnabu.co.uk
watervilla.hlbnb.tw
bocd.com.cn
businessdirectory.pk
elnuevodia.com.co
suderai.wop.ro
publishedscoops.info
suzhou.11467.com
pointsofsail.ca
xinxiang.wed114.cn
sbenergy.co.jp
kimagic.com
absolvo.ru
autoundlkw.de
commonsware.com
makeyoursoftware.com
urcss.com
dlynfr.com
armand.pl
yass.210000.org
petairways.com
beauty-cosmed.com
uswebsitecreations.com
webitext.com
emudigital.net
taizhou.anjuke.com
www.cdyunfa.cn
speedtest.fr
dogdayskennel.com
www.9423.me
talentirosit.ro
unmoated.aigririons.wwwwww.wop.ro
sms.ge
wasteoftalent.org
arquitec.com.br
mall.pl
videos.vc
ukseolink.com
speedysarcade.net
www.aszmt.com
dzukijosbaidare.lt
shqawah.com
kostnixx.de
e-51.jp
holycross.ac.uk
dreamcatcherballoons.com
e-cyfrowe.pl
letsillustrate.co.uk
www.aixinxi.cn
benzua.com
guihuaxiang.com
e-mba.ru
cirriped.wop.ro
adaris.ru
tmj-cure.org
autocarros506.com
italiadeivalori.it
www.pdrcw.cn
0759haixian.net
regensburg-digital.de
varikoz.kiev.ua
gamespace24.net
blacksheepsound.ro
zf0.hyves.nl
samui.lap.hu
incomattic.com
www.6k.com
interieurs.goedbegin.nl
inty.com
singingbone.net
y0.pl
wangubaoguxibaoxfy.1168.tv
bdqz.55.la
waipu.wop.ro
superdeals.my
www.chengkaopx.com
sprachla.wop.ro
artgo.info
healthvault.com
nctxyyspl.skynetblogs.be
noorin.net
taisouno.puk.ro
vstar.megaplus.vn
furlow.puk.ro
ecihui.com
writerscafe.org
webstatsdomain.com
thaimeo.info
myeveningdress.co.uk
bayoe.me
www.britador-movel.org
artmdesign.ru
lhvw.nfdy.net
ciudadypoder.com.mx
landacity.com
rgq8.k3y3.net
pityuu.xfree.hu
www.yao5173.com
senigalliasport.it
www.av5.cc
acis-bg.org
www.bojin8888.com
fgv.br
ismole.com
tuerait.puk.ro
28jiaoyouwang.tk
weervare.wop.ro
mfhk8.com
nworp.hyves.nl
www.love7y.com
kosakowo.pl
salzgitter.de
premium4.me
recatch.tv
topwap.cn
emailarchitect.net
comprire.wop.ro
www.weiykj.cn
www.yyse.tk
newecologyofthings.net
softwareall.info
johncoffey.digart.pl
osflash.org
cats.nfdy.net
tjdumbrell.com
biseau.wop.ro
www.hy6588.com
abortion-support.com
clipxxx69.info
ej.com.br
tuvim.soup.io
suppuravo.puk.ro
www.li
afrodiamondxxx.a-liveprivates.com
www.english119.cn
verker.wop.ro
www.cvmarket.lt
jaycotts.co.uk
ratatouilles.puk.ro
clallam.net
www.3pian.com
m408.mail.qq.com
follow.rengang.org
telcor.ro
doab.wop.ro
dietbb.net
ohsocherished.co.uk
gardenbreizh.org
ghezzi.wop.ro
hupan.net
hupress.com
vm-expert.com
i-hope.info
i.m.fm
g4g.pl
i0p.info
idc0839.com
langsin.com
iesf.pinger.pl
www.silkweb.ro
igww.210000.org
uaff.net
78cw.cn
pancakes.puk.ro
gxdksx.net
topechelon.com
tomnieboli.pl
ikigo.wop.ro
willebra.puk.ro
imgchili.com
imprimante.biz
impulsee.at
henshuub.puk.ro
www.gumpmall.com
stz.s.yxgz.cn
www.k358.cc
paulmeier.com.ip4.bz
0tao.net
wdde.info
pontapair.com
ingresso.com.br
lyj.xjbz.gov.cn
tuu3.lizhidy.net
hrdf.com.my
szirty.uw.hu
realitatea.net
innerlightinc.com
intasamm.puk.ro
lesannonces.tn
intertrust.jp
intim.wop.ro
bluecity.pl
io.ua
uzkn.210000.org
ioffer.net.pl
ipolisa.pl
whir.wop.ro
iraqidinarchat.com
iris.lereve.in
jxmgbs.com
subgit.wop.ro
karnevalisten.info
far3na.com
kas8.digart.pl
kingbus.com.tw
worldoffreegames.com
kasia1988.pinger.pl
kengaru.ru
kisbuszos-minibuszos-utazas-link.weblink.hu
jc6.cc
kisio.blip.pl
klmj.nfdy.net
47qg.com
km-w.net
kniver.puk.ro
kordziu.blip.pl
o109o1.tumblr.com
korea.ac.kr
ashiyane.ir
tojedobre.pl
www.jnlongli.com
kostenloser.info
ktcs.co.kr
boplabjp.ning.com
ktokogo.pl
gf6h.com
aftensolens.puk.ro
nfyyl.com
kubus.taty.pl
wap.tm188.info
kulturystyka-online.pl
www.tssanhui.com
l2central.info
www.ons.mr
laszkiewicz.pl
lbhf.gov.uk
clanptg.co.uk
joete.wop.ro
myelocytic.puk.ro
uncorner.wop.ro
www.gtopala.net
gjj.cc
www.ehs.cn
left-click.us
legis.ru
lentejar.puk.ro
bleibenl.puk.ro
lerentassenkraam.nl
lespetites.fr
lg123.info
elephanttube.me
lian.taomaa.com
linkadjust.info
acetenyl.puk.ro
linkdesk.info
linkdwarf.info
xuzhoumangguo.qiannan.org
cyberprogs.ru
mozol.net
linksection.info
lomtoe.com
www.sjzxyw.com
lonerboristeria.com
los-foros.com
noemi1985.wrzuta.pl
los-horarios.com.ar
loslaureles.edu.py
patrickjmt.com
loterias-sorte.blogspot.com
infodirekt.se
groteprijsvan.nl
ctek.nu
psiesny.blox.pl
fd1.info
prorun.nl
www.foxdoc.com
foreverpetite.net
47cf.net
ccscne.org
lxkk.210000.org
naturallifedogfood.info
nigeriaalternativeenergyexpo.org
kevinspencer.org
lqcs.org
lucazappa.com
www.agawa.pl
m9s.info
maara.digart.pl
prw.pl
magdilena.flog.pl
magheraf.puk.ro
main-filez.info
prettymaids.dk
majestyship.wop.ro
makant-europe.de
wsjxsw.com
makeitbetter.co
makeyourblog.ru
haken-j.com
makkahedu.gov.sa
matii.puk.ro
redvsblue.us
mazatlan.gob.mx
mazda.pl
qdlaticus.digart.pl
mccuerobin.tigblog.org
mentoringstore.ca
prrr.info
mercatinoannunci.it
mercedes171.hyves.nl
webanalytic.co
merchang.puk.ro
merida.sk
www.leiju88.com
merkur-bank.de
miasto.dsl.pl