rustbedden.puk.ro
www.51tzw.net
exiug.com
apollo.de
x.cc
www.shaduruanjian8.com
zaixian-fanyi.cn
kanto-gakuin.ac.jp
pos-bj.com
yzox.nfdy.net
katzporn.in
rmwj.210000.org
forextradingcoursesz.info
e-marathon.jp
ishigakijima-paradise.net
teuvo.wop.ro
sniper.wop.ro
nail2.org
liuxue.gaofen.com
missing.org.nz
career-st.ru
organopet.hu
mostravo.wop.ro
kocie.soup.io
peoplepond.com
www.dqg1.info
xxltv.fr
citroen.co.uk
www.hfq.hk
listpr.info
homeopathicmedicines.biz
rnt.ru
lrqn.nfdy.net
szendrey.info
oilsandsnetwork.ca
wrocanka.pl
www.gogo.mn
rouletti.wop.ro
af.china-embassy.org
xaydungdang.org.vn
www.ggopisy.net.pl
mugong.cc
hiromichinakano.net
yellowmap.at
davpack.co.uk
orionjobs.com
web.dg.gov.cn
cndata.info
koopjegadget.nl
sachen.wop.ro
footcrab.soup.io
qgxk.k3y3.net
order1taxi.com
daa-wirtschaftsakademie.de
desihunt.com
nalia.tv
androidvzla.com
at-internship.com
cschyy.cn
amy365.com
gamestrees.com
playboy.fr
goler.pl
cruiseweb.com
verbreiternde.wop.ro
bsvbern.ch
wanliuliang.us
stilinberlin.de
gamingallthetime.com
venyoo.de
hypf.78.cn
premioartelaguna.it
xygjj.gov.cn
wintermonate.wop.ro
zhengzhou.usembassy-china.org.cn
ncpx168.com
unknownworlds.com
viethome.co.uk
300bar-8chome.com
webipaddress.net
iklanmarket.com
impassionately.puk.ro
www.mormoraia.it
howwe.net
suihuananyuanejia.fdcez.cn
925china.cn
onesaas.com
web-marketer.eu
74674.com
ausgefallene-ideen.com
www.qtimes.net
picworld.ir
victorygames.pl
paroemio.puk.ro
composam.com.cn
malecelebrities.com
se972.com
mhxx.96pk.org
himeji.sexta.jp
motsp2009.info
spidertech.com
shivasljocht.nl
haascatetaf.blogg.se
forlater.puk.ro
brennst.puk.ro
young-photos.info
oecist.wwwwww.wop.ro
entitulares.com
www.jxln.tv
websourceinfo.com
3xiao8.com
lije-creative.com
www.xuexiji.org
stofnesten.puk.ro
laborready.com
niiblo.jp
www.sex222.info
channelnine.ninemsn.com.au
gotowe-projekty-domow.pl
www.apbxgbw.com
bookmarkingapps.info
mickel.wop.ro
livedoor.biz
behnam.wop.ro
airespring.com
domowysystemzarabiania.pl
czk.blip.pl
mojaolesnica.pl
7766suncity.com
downloadpaper.ir
www.jjybj.wanye68.com
5075443.i.tiexue.net
uni-d.ca
miyada.or.jp
pissoff.digart.pl
looptijden.nl
grill.co
ce-resources.com
rbcu.ru
cq.bbs.house.sina.com.cn
deletrear.puk.ro
hikidemo.wop.ro
ipad.gsp.ro
adgoal.de
rapidleech.com
bestwebdesigner.ru
asdfgh.puk.ro
dominos.bg
almerricksurfboards.com
stylisan.wop.ro
www.71fanli.com
byways.org
gurkcity.de
pyt-odp.pl
www.copla.nl
puerh.cn
gioap.com
www.3122.cc
kubens.pl
soyiquique.cl
yingkong.net
p9.pl
jeans.pl
intrasoft.gr
brsh.265link.com
unicef.de
riamichelle.com
g15o.qiwen5.com
uggsdiscountsale.net
cknet.pl
karnevalisten.info
ucss.qiwen5.com
idealdirectory.info
grand-jeu-biotonic.com
pics100.net
www.xxx93.com
onezero.pl
stillmeadow.com
www.mhmp.cn
www.dazhongche.com
urpred.ru
manjiline-amatorecordz.com
osnews.pl
tapchithoitrang.info
vcpe.265link.com
57dns.com
www.prlupa.pl
commuerez.puk.ro
scgroup.es
nm-aist.ac.tz
pinkcouponcafe.com
zswf.k3y3.net
olx.pl
www.hnjmbbs.com.cn
japanese-gals.info
try.meiyi.cn
www.8qp.cn
yougedi.org
www.cvdm.nl
www.jxcyw.net
htlove.org
fahrgast.puk.ro
snaha.cz
g.virscan.org
www.cbtol.org
mosaicholidays.co.uk
maaczek.pinger.pl
rsarchive.org
trendymania.pl
88.beihk.com
www.11qq.cc
autoline.com.pl
assc.ir
stancjowo.pl
orzegow.home.pl
www.uza.uz
pc-online.es
xdkq.210000.org
mia.htw.pl
besturllist.info
pushchair-guide.info
www.xibc.com.cn
oxy-life.ru
re8r.265link.com
gwfowler.org
antonioallen.net
makko.biz
www.hbrp.pl
www.sitco.com.cn
jf-castelo.pt
www.vitamins.cz
www.strv.is
fuwafuwa.naturum.ne.jp
kraesen.wop.ro
yinghanhuyi.com
766.com
tubecul7.info
florigen.puk.ro
lhvw.nfdy.net
www.3plt.com
www.023hsyj.com
novelist.ch
vivian-s.jp
yunnan.chinawj.com.cn
yswycjd.taobao.com
www.szs567.com
tuhan-shop.net
wp-press.ru
zpw.78.cn
www.barmot.pl
pterygia.wop.ro
podcastdepo.ru
calcuttans.com
alexon.co.uk
www.ckzf.net
ccdntech.com
revistaviajar.es
imx.wap.ai
krijnhoetmer.nl
wxayt.com
www.ops.dti.ne.jp
doltuku.biz
bigthink.com
fabrics.ru
eqliborgmm.blogtrue.com
tanjungpinangpos.co.id
gracemontclair.org
5dimes.eu
niches.wop.ro
yangsak.go.th
nikkei.jp
qygdgxyzy4137.661578.info
theworkofgod.org
waubonsee.edu
elihodapp.com
t5ih.210000.org
optimalblue.com
bolchini.wop.ro
uvip.265link.com
pustamiska.pl
www.fy.cn
grahamite.wop.ro
danbetcon.com.pl
koderuj.pl
cruzdesigner.com
putler.com
cropp.com
www.abc625.com
www.expertise-team.hu
xiaoli.in
joyride.ee
nines.wop.ro
food.ismedia.jp
dolot.flog.pl
filieracortabio.com
aktuelles.info
laadeedaa.com
mainostoimistot.info
torsteindahle.no
qz.loupan.com
cotofre.wop.ro
hszx.xwcm.net
scinote.com
twenters.wop.ro
fafsaonline.com
detacheren.it
setka66.ru
www.meeleee.com
clicksperday.com
www.bjjlsw.com
gsfc.wop.ro
rgci.org
prangers.wop.ro
coata.wop.ro
oxycellu.wop.ro
lizacek.flog.pl
haihon.wop.ro
anna-pearson.com
scrag.wop.ro
ni.dk
wallpaperhill.com
www.sw517.com
xixidieyuan.com
www.hiperstore.ro
hotelkristal.bg
hdhardporn.com
www.qtdx.cn
pifaputaojiu.taobao.com
rdnavi.co.jp
uj2s.qiwen5.com
tlacaelelrl.com
wpyn.210000.org
tarif4you.de
rocknroll.ee
statyour.com
jogger.pl
mobile-phone-content.info
www.ktjzq.com
cg59.fr
touxiang8.org
ceepa.cn
turkey-trading.com
jambi-independent.co.id
www.chuankouyang.com
sabaudia.latina.it
sindukade.info
www.clubredlight.nl
jpxo.210000.org
drewniane.com.pl
xlpip.com
ggmmol.info
comincio.puk.ro
printer-spb.ru
supergamer.cz
2010mss.78.cn
www.51dbzf.com
jcjy.jsjyt.edu.cn
kittles.com
dizionariofinanziario.it
replygrid.net
eurowarez.info
puck.blip.pl
rospiggarna.nu
vannonces.fr
stacy.kz
zbigniewholdys.blip.pl
adblade.com
zangao.maiao.cn
5dzp.cn
al-jazirah.com.sa
chinaz.cm
cc799.net
www.zxcpa.net
jianqiege.w7.inets.cn
www.sf719.net
zasqwee.ch.lv
futoo.wop.ro
www.dg12315.com
clipxxx69.info
www.zhixinairen.tk
unclerkl.wop.ro
smsonline.ir
www.76mf.com
flickr.pl
dreig.eu
www.nchybj.com
telkomadsl.co.za
22zw.cn
www.sjz12365.gov.cn
maojuan.info
yiqun.info
arcaplex.hyves.nl
730c3.diandian.com
592336.com
go.to
astro.cz
severouralsk.info
careleasedate.com
www.peperomia.net
jabbermark.com
winalitela.com
thebusinesssuccessfactory.com
websr.ru
trekaboutphotography.com
emibel.digart.pl
linesoft.fr
centurion.bb
amandawakeley.com
camp.nodejs.org
cfnn.org
ndxr.k3y3.net
www.etqmjy.com
tabletowo.pl
desarrimar.wop.ro
gamestube.us
innosystems.net
www.szrl.cn
ywhul.com
harian-aceh.com
hottsex.info
www.uy63.com
zsb.sues.edu.cn
ate.fm
branchcut.com
ehro.210000.org
theodorherzl.prv.pl
www.xnfdh.info
elpost.cl
zjxluxsd.bloguez.com
m-1.fm
just-cavalli.us
www.sss3333.com
sexycriollas.com
eastafricantube.com
www.yyfke.com
afcommanderen.puk.ro
t-gate.tv
digitalappreviews.com
postsackes.wop.ro
linksweb.org
digitalnature.eu
www.365zhuce.com
godful.wop.ro
www.dndhfu.com
caiyuanr.com
nicheblueprintdelivery.com
qk.soup.io
s6.artemisweb.jp
dntoslo.no
blog.114118.org
volait.wop.ro
forums.mapletip.com
eurochance.bg
pornoth.info
ukyaku.com
whatstodo.in
www.567eee.com
alleskroatien.com
wowdps.cn
stormbringer.at
marombapura.com.br
www.bowok.com
www.fzxj.cn
dealfish.co.ug
pornofilmyhd.pl
pmub.210000.org
dodilaura.xfree.hu
alfransi.com.sa
roure.cn
www.yiyi360.net
pesiu.flog.pl
www.zzzyit.net
thedailyblogs.com
danoneactivia.hyves.nl
www.letop.be
www.tuoqing.com
rumli.puk.ro
ts.58.com
bildungspraemie.info
linksea.info
charles-harvey.co.uk
www.vicc.zug.hu
thecoopfam.com
dilmanc.az
porterho.puk.ro
mediasharesuite.com
markiezin.autochthony.euwww.wop.ro
aggettiv.pauperdom.civili.wwwwww.wop.ro
asdoltre.it
myfund.pl
rahmen-manufaktur.de
realsofttech.com
jeffblankenburg.com
jhtj.com
tenda.puk.ro
www.o591.com
tolltariffer.puk.ro
mystarcentral.com
amritvelaradio.com
l5yc.k3y3.net
blog.atopowe.pl
www.google.gr
nf.pl
globallymail.com
spryciarze.pl
www.0371sha.com
autoinsurancelk.info
dusha-loca.co.il
www.95588.net.cn
web-bi.net
sciaticaexercisesirp.info
www.kmyz.com.cn
bedayaa.webs.com
www.22eeebb.com
www.xytv.cn
sibou.puk.ro
fietsten.wop.ro
malou.prv.pl
clnba.info
qktg.210000.org
shenxiandao.3839.com
gwqb.net
48hk.cc
blog.buy.at
www.moccc.cn
zgchen.me
www.qzqnyw.gov.cn
axka.265link.com
123.fad3.net
mysky.ws
zaqk.ro