baicaopingt8f.1168.tv
hostsuar.com
xoic.qiwen5.com
xp-offis.ru
www.huizhijianet.com
multiky.ru
ganadinerocontupagina.com
hatredfun.com
bdsghjg.78.cn
www.vscht.cz
vectigal.wop.ro
www.xxx885.com
airodump.net
xxxmekatube.com
fjuhsd.net
www.bxzs.net
k.8x5x.com
seeknews.info
www.bct321.com
nomeat.com
musky.wop.ro
meranerland.com
ir-tube.net
girokontogratis.org
news.pptv.com
giverculture.com
daszmasz.info
uafortsmith.edu
melon.md
shiyuanweichangling.1168.tv
household-decoration.com
bodyspring.com
znak-jakosci.pl
www.bjdm.com
burningmails.de
www.gazzosa.net
me798.com
www.beixian.com
3529888.com
dragonstars.it
hostplay.com
www.shmtyy.com
bquarto.pt
xj0990.5d6d.net
not-4u.info
cyberstation.ne.jp
relatechurch.ca
www.arundati.net
soki.wop.ro
minerver.com
tajfun349.pl.tl
greenroom.jp
renatestoer.hyves.nl
hdtvtest.co.uk
tvnsiedem.pl
vip.1168.tv
amsinc.co.jp
msinfo.info
www.niyuansheng.com
801102102.pl
www.bjdqqy.com
dulceescort-oaxaca.com
car365.org
matthewbuchanan.name
yupeek.com
www.pizzadiravenna.ro
castellanza.va.it
dzsl.265link.com
mobwiki.in
jambonekennels.com
cxwx365.com
www.tspbx.com
goededoelenkringloop.nl
www.kael.at
ksturow.eu
americatube.com
abasto-shopping.com.ar
glwholesale.com
mikado.pl
smc.vibmro.com
7lqq.qiwen5.com
ammm.digart.pl
olderwomen.tv
rudejm.com
infoinwestor.pl
techblogbiz.blogspot.in
bbs.ipay.com.cn
penchi.jp
healthyweightlossrecipes.org
www.200.com.cn
sale.jinti.com
www.hdqys.in
www.gyzq.com.hk
fhawk.com
al3abm.com
lizardesign.ro
nc12345.com
mug-g.halfmoon.jp
aspbs.com
chaseblueprint.com
scheisstag.de
ggkf.tsnews.cn
swatch.com.cn
www.158ons.com
yo24.pl
rmnbazpyn.skynetblogs.be
www.hzbzfw.com
universal.elra.info
axka.265link.com
www.feigey.cn
tel-web.it
spaziomutui.com
neweuropeanensemble.com
www.mjfhy.com
www.ha58.net
www.scsa.ca
game-up.fr
www.didiao.info
hunter-pp.jp
cags.ac.cn
websitevaluebot.com
www.06ux.com
magepartner.com
mountainbigroad.jp
uu9c.com
tilpah.wop.ro
www.bdhd.cc
boda.wop.ro
iheartchaos.com
zuicixi.com
klimaty.blox.pl
drupalshowcase.com
seks.blog.nl
simmerin.puk.ro
rufaaforall.com
www.haoav123.com
scfpohvag.blog.mongenie.com
www.woodinlife.com
arturopc.com
logsexe69.info
fishsim.net
nanopress.it
kidult.com
www.itdaren.com
www.sxzxyfk.com
www.greenth.cn
www.xkydkw.com
themoth.org
poeoo.cn
coolmath4teachers.com
toyotarav4.lap.hu
forebrac.puk.ro
topechelon.com
dichcongchungso1.com
www.9423.me
menology.wop.ro
www.zhoumoyu.com
annuaire-therapeutes.com
ifttt.com
www.hhaavv.com
myxybb.com
necner.digart.pl
pathsofgloryfullmovie.blogspot.ch
jinhua.qiannan.org
jtpt.qiwen5.com
www.cndanqi.cn
test.gzzk.cn
4service.no
fcm-heideboecke.de
38mu.nfdy.net
surner.wop.ro
patacakebakers.com
iptc.software.informer.com
www.shengjiang888.com
codeflow.org
amorion.pl
feedstuffs.puk.ro
compvter.it
fwde.k3y3.net
greenhostit.com
www.oipa.org
gwfowler.org
crome.digart.pl
widdis.puk.ro
phimsoc.net
e0rf.qiwen5.com
www.zghnjsf.com
www.caotube.com
wreckingballsms.com
www.069f.com
www.tenza.cz
4usleepingbags.com
www.hzdf12.com
www.dg-zk.com
cabula6.com
www.jiuheng.org
www.vietvbb.vn
monika7350.wrzuta.pl
dasheng2.dginfo.com
rtg-mag.hu
jedlickamusic.cz
n-land.co.jp
ljfw.com.cn
less.56dvd.net
goldwave.ca
freeagentdesk1tbreviews.co.za
alomruhatar.gportal.hu
wessexparkhomes.co.uk
www.dvdmv.com
pierremporio.net
gomobilemarketingusa.com
subporph.puk.ro
hostriplex.com
kibrisaraba.com
zc001.cn
www.npopss-cn.gov.cn
www.baiduxc.com
www.gaoxiaogu.com
btmee.com
iwebsite.co.za
www.52leiju.com
s589.com
sprayless.wop.ro
www.yfsjj.com
link.kuwo-cn.com
www.fora.pl
xizanghongy.1168.tv
tupytaj.pl
freewebsitereport.org
sunshine2011.com
goldseodirectory.com
albastpa.wop.ro
9111.ru
old-ru.ru
stoort.puk.ro
dickwu.com
www.btl.nl
enaricles.com
toatplay.com
martial-arts.jp
myphpdevelopers.com
c.gouwuluo.com
www.tao73.cn
unic77.info
www.avbieshu.com
zzjp.nfdy.net
onsengai.puk.ro
www.youbian888.com
web-ferienwohnung.de
free-press-release-center.info
callofroma.com
pacificnet.net
khawaja121.webs.com
knifepro.wop.ro
perfectclaims.co.uk
palmpixiforum.com
agrar.de
saillink.com.cn
printdirect.ru
uu4q.com
miuriel.digart.pl
labouran.puk.ro
arganyagisatis.org
oyajiclub.hamazo.tv
www.runhetianze.com
aflat.com
kawasaki-zephyr.de
my.cn.china.cn
dokk.wop.ro
www.zamosc.tv
provaltech.com
i-favoriten.info
www.67xo.com
cpaflow.com
mada6969.pinger.pl
rawcio422.flog.pl
bracinfo.com
lienendur.fr
www.47v.cn
hackbraten.trash.net
14144.tk
www.cxclub.cz
automobile-catalog.com
autism.org.uk
scheme.wop.ro
sexwo.org
xn--jermeparadis-gib.net
www.32com.net
dirangroup.info
www.svetinformacicz.cz
www.ltd0576.com
www.6ha.info
www.ganjifen.net
mediacorpus.info
sdtconf.com
knowsley.gov.uk
www.dressale.com
www.goshare.cn
4diq.com
atwatershillings.blog.cz
hx168.com.cn
mysitefeed.com
12i.pl
chushi.hnpr.cn
seolux.pl
qisousuo.com
www.88887100.net
denisuca.ro
www.mlsfw.com
veenea.pinger.pl
slowakis.puk.ro
www.mianmo90.com
udall.gov
omantel.om
0z.se
www.ooogm.com
520716.cn
vyckepfq.blog.kazeo.com
www.sxbst.net
tuan001.com
shop.warau.jp
czh.jixi.gov.cn
thewebhostbiz.com
www.neweb2.cn
60.by
webseocheck.com
catholicregister.org
articlekingpro.com
sevendays7.info
unwithdr.wwwwww.wop.ro
free-classified.in
digitaldefence.ca
netafull.jp
clemson.wop.ro
game.3se3.cn
rowerowepyrzyce.pl
www.risaobi.com
seokatalog.pl
phuket101.net
383981.com
www.9kjw.com
www.db3.org.cn
loffciana.pinger.pl
www.ebh2011.com
www.11ddmm.com
icarbons.com
keksal.com
uploadvideos.tv
baike.51cps.net
www.sitem.co.th
www.robe-dress.com
888c-17go200.diandian.com
sxd.plu.cn
shop123.com.tw
ros-med.info
wed.27.cn
www.vuwplp.com
www.ppp70.com
tydzienlubuski.com.pl
www.matureway.com
mail.bift.edu.cn
lo2test.tk
allonym.puk.ro
www.rsdown.cn
cephasministry.com
lshymn.org
appariai.puk.ro
univer.ua
yuertrip.com
jafkl.wop.ro
racecarsdirect.com
gnyk.digart.pl
wb1290869079.goepe.com
www.999vg.com
meleven.net
polymastigida.wop.ro
wytz.78.cn
amazon.it
paseges.gr
thedatahub.org
kport.info
20cc.uqc.cn
scad.edu
cocika.com
360tbw.com
pielgrzym66.digart.pl
fly.pl
dooperelle.pl
unioninternautas.com.ar
kezorm.digart.pl
aandg.shop-pro.jp
azadipress.com
wwww.minpad.net
npm.gov.tw
www.skiworld.cn
rusff.ru
neutrogena-coupons.co
lady.baidu.com
radiobrasilgospel.com
gayandsingleinlondon.co.uk
4617846.5sing.com
walletking.co.uk
amof.info
3tn.ru
sigma.nowyekran.pl
defunctgames.com
polski-katalog.com.pl
mallumasalaonline.blogspot.in
clagnut.com
podajemy.pl
lasthopestudios.webs.com
mecklenburgcountync.gov
segelfreunde-appeldorn.de
11vod.com
postyourgiveawaylinkys.com
www.10011s.info
usclaab.org
jonne.wop.ro
etnie.org
comchoicecu.org
worldpar.com
seotoolsfree.eu
digitalgupshup.com
www.51kjpx.com
nspjzary.com
moscertificationtraining.com
papabao.com
www.rzy666.com
vmly.qiwen5.com
backupdataonline.info
stocks.ch
veddamagyart.info
homeofnews.info
skinpeels.info
seguiret.wop.ro
franciabulldog.net
gouwu.soukeba.net
annonce-cz.net
arturluiz.com
www.ifengfu.com
twoj-se.info
www.xinyue755.com
jakehi.wanye68.com
betijt.wop.ro
cavium.com
68isp.info
kaka21061.pinger.pl
9xhot.info
mobile4less.co.il
www.myjiaan.com
aanvoegi.puk.ro
aged.com.pl
guangy.qianyan.biz
zonicordering.com
nnm-club.info
1stopfreeads.com
schimbdelink.ro
virtual-identity.net
peccator.wop.ro
motokoce.pl
pcgeekblog.com
technogies.com
cece.68mh.com
qpygkypqya.blogtrue.com
danceimpact.nl
qianshoublog.com
1153.price.foodqs.cn
bitart.co.uk
cebuanas.com
aoyingkj.com
celebritystyleandfashion.info
gratis.es
kertkozmetika.hu
www.wngc.icoc.cn
miothermic.puk.ro
mathandmultimedia.com
intergate-immigration.com
www.dohmux.com
www.xiaoshuo53.com
attivati.puk.ro
www.yzxxoo.com
pata-schanze.blog.so-net.ne.jp
frontrowreviews.co.uk
www.kazan.hu
greenbrier.com
az.nl
reps.se
articulosdepromocion.com
www.cpptw.com
verbeuls.wop.ro
wctcsme.org
natelt.puk.ro
babysoft.in
zen.blip.pl
portal-sandomierz.pl
afgeoogs.puk.ro
74ise.com
www.911ee.com
ydzw.78.cn
sojaizdrowie.pl
china0101.com
sysoon.net
www.fastpr.pl
support.microsoft.com
engyssei.wop.ro
www.sdjgj.gov.cn
bricktile.com.cn
felnibolt.hu
apurerai.puk.ro
gorodnet.com
www.01337.info
oasis.leukgevonden.nl
tymoteuss.digart.pl
tribdyweckra.gamerdna.com
dromaeo.com
bsl8.cn.b2b168.com
maschinetutorials.com
www.dmn33.com
www.rucheng.gov.cn
wroc.pl
premiumbusinesspaket.de
thelocal.no
www.poddo.be
www.thun.ch
pc-online.es
4321tv.com
rusav.idv.tw
prodigalmagazine.com
seller.ir
ideabc.info
investmentpropertyseminarsosz.info
forumsi.org
austriajob.info
seo-adda.com
www.pinnacle.dl.pl
www.rightcom.nl
ebggp.com
yami.net.pl
zhangzhou.66law.cn
aggiornamento.puk.ro
eas.asia
outletshirts.com
skatoxyl.wop.ro
juicycoutureuk.biz
onzetaal.nl
polec.soup.io
safadairy.com
bargainweddinggowns.com
ebutao.com
pornohd69.info
brandhk.gov.hk
martiniquetourisme.com
eanuntul.biz
metrolionsfootball.com
ondemandweekly.com
mmmastery.com
www.u15.tv
site-transfer.com
wap.62141.net
aimac.cn
dumgal.gov.uk
ocbloggen.dk
cw.ewsos.com
www.7xbs.com
misuta.puk.ro
untergebene.moosewoo.krenteriger.wwwwww.wop.ro
sign-leasing.com
www.lotos.pl
zaiho.jp
gzngntro.freeblog.hu
jxmgbs.com
f2.99hy.info
bjleader.cn
hh.taofang.com
cohesivemarketing.net
recongra.wop.ro
guisubfaca.multiply.com
baltopedia.com
www.yndhys.com
www.csbz188.com
trade.cpdyj.com
msm.gov.om
gd0551.com
fingolfin5.digart.pl
greenhome.com
humyai29.info
www.sunoptik.cz
sis.waw.pl
acs.pl
krzysztofcaruk.pl
tf2wiki.net
distinctinteriors.net
best-meaningful-gifts.com
merieuxnutrisciences.com
ks.77jx.com
www.114mi.net
xqmt.210000.org
abkehrendes.puk.ro
ch-lawyer.com
seznaika.ru
www.kuail.net
sbready.info
caoliushequ033.pen.io
kingaziele.wrzuta.pl
choosy.wop.ro
www.kk979.com
nyhash.info
documentation.name
jedistocks.com
captivatinglust.tumblr.com
web20.vn
nailclub.ru
www.hengyufrp.com
tbsc.ir
szyingwei8.cn.alibaba.com
www.gzffy.com
www.1510.com.cn
hq0564.com
orem.org
bejahenden.puk.ro
nudesplanet.com
zmoving.com
adon.210000.org
wicks.wop.ro
nainposteur.org
beckerton95.deviantart.com
celebek.info
tuliu.com
hysysh.net
blogcorse.com
seo-beat.com
nb.city8.com
www.dggurki.com
7wondersoftheinternet.com
hostingwebservicez.info
craphound.com
ngauge.co
aagamas.net
netbet.com
palmpre-france.com
www.667686.com
gaysex-porno.com
thewhiteenglishman.deviantart.com
sj2.ru
google.jp
gr-ee.com
royallgrills.com
rosatom.ru
dmk.ir
ucvlima.edu.pe
premiermotocross.com
1337x.net
www.20v.cn
maxpan.pl
ospraciaz.pl
mmzl.digart.pl
lookingo.com
cn-english.cn
www.djl0.com
www.net58.net
btwjc.78.cn
www.gyszx.gov.cn
www.obs.org
www.partnerporno.nl
xeres.wop.ro
dashoes.fr
cxjyxx.me
superangelical.wop.ro
kilroy.se
artbay.pl
best-moviez.ws
seasons52.com
forema.it
inquiry.mingluji.com
lublinstrefa.pl
kammarskrivar.wwwwww.wop.ro
www.professional-unions.com
skateboardinginbc.com
fers.puk.ro
www.f966.com
auto-eyes.ru
my.b2b.hc360.com
xiazailou.com
mensusa.com
trabulsi.com.mx
trampos.co
tamilserialonline.com
www.surfgarden.de
silfid.es
arlw.com
fseecn.com
www.lelv001.com
www.worldapple120.com
names.nnov.ru
xbox-deals.info
ungerfab.com
funchmusic.com
wetfeet.com
explorethailandonline.com
tiogshop.blogdetik.com
listing.free.fr
vkxijbasu.exblog.jp
nzri.210000.org
www.1000paodayuji.com
www.444kk.com
dls.gc73.com
baiseshi.383845.com
bobchapman.blogspot.com
mes-fenetres.com
treffpunkt-konkret.de
turksolu.org
peekedinterest.com
patientimpact.net
dresstv.jp
www.projektowanie-stron.sosnowiec.pl
www.ksoutcall.com
www.digitalray.co.jp
www.bryedu.com
sonnenkraft.com
www.dongyingnews.cn
pufalski.pinger.pl
flavorofseattle.net
sciagnij.pl
slipknot1.com
www.power-cn.cn
114.xiuwu.cc
energielive.ro
www.b21691.cn
air.7kt.info
www.bbs.28tui18.com
microventures.com
pherdark.com.pl
surf15.com
golf-6.com
interz.jp
www.baidu62.com
ultimaaiera.com
rics.org
lwid.nfdy.net
queenvegas.com
odnoklassnikl.co.cc
portal-gizycko.pl
heello.com
xawd.210000.org
www.lt-logistics.com
unm.si
www.ax03.com
dg.hh2244.com
spvts.org
geekdadsweekly.com
ebikeee.com
jefj.hyves.nl
directsoulmusic.com
nzsk.210000.org
chaoyangsuofeite.fdchs.cn
www.vlon.net
racksrv.com
www.hiephoidntg.org.vn
sesexxx.info
workfromhomefactsandmyths.info
fajnelaski.pl
juf112.hyves.nl
wweec3.066p.com