lebkuchen-schmidt.com
netflix.com
em50support.com
modrzew.blip.pl
mojauto.info
friendha.com
aresdirectoryresource.com
kablelink.com
gocoupons.ca
3abber.com
whomex.com
lagodigarda.com
www.zglxw.com
idomain.info
jforz.com
qgqczjmqb.blogger.hu
mochizuki.com
internetbank-hikaku.info
hb.sifanghua.cn
andalucia.org
aforex.ru
mimikro.prv.pl
www.gzktwxw.com
kinggriffeysneaker.com
www088.com
dshab.com
dromaeo.com
www.hzzfb.com
basiura2.digart.pl
nintendo8.com
nbzl.com
www.baoerp.com
maguistudio.com
vincentjordan.com
hcpad.com
colocation.fr
www.ls666.com
yisaka.com
szepulj.hu
www.yr22.com
k.8x5x.com
gzo.com
cakenetworkaffiliates.eu
windingroad.com
skydoor.net
scanurl.net
ask-nathan.deviantart.com
windowsdailynews.com
karmelowy.digart.pl
srs.gs
londoncyclechic.blogspot.com
zupmage.eu
etester.ro
scuky.net
www.74674.com
cekmekoyhaber.com.tr
club.tw
articleaccessory.com
lotterien.at
cfdonline.cc
narf.pl
krause-systems.de
egdir.net
www.tao73.cn
smss.co.za
jcrb.com.cn
www.wjmu.net
josef-aretz.de
rentmen.com
www.lightingenjoy.com
edusanluis.com.ar
mirabab.fr
ixde.pinger.pl
rb38.com
luxtime.pl
www.xxx933.com
kacey.wop.ro
fsnhg.taobao.com
webplus.info
jmsit.jp
blog.atopowe.pl
www.polow.net
ladieseuropeantour.com
shop69400576.taobao.com
neochan.blip.pl
link.5918718.cn
wap.zsrx.info
anend.wop.ro
9duu.cn
www.averia.cz
ibiza-vip-service.hyves.nl
www.22083.info
verticalhands.com
cbi.as
linkajanlo.info
jec.or.jp
www.ganb.in
peru.info
marbo.com.tw
www.daluxyy.com
jungle.puk.ro
6cl.org
www.nizb.com
www.wuwuwj.tk
49yc.us
kyoskitty-grl.deviantart.com
valemaisapena.com.br
www.t963.com
radiometal.com
stitchingcow.com
www.21logistics.com
www.llgdh.us
blog.developers.api.sina.com.cn
uni.out.tuan800.com
pig-up.de
www.nkp.cz
bbs.zc8.cc
mailutilities.com
fpppro.com
unchroni.puk.ro
phation.deviantart.com
investorsinproperty.com
3sms.pl
urday.in
modi-auto.com.cn
www.zj-hzl.com
hesido.com
alnor.com.pl
hostytec.com
home.buduo.cn
www.uuxgrtys.info
net.itcast.cn
www.jiuli8888.com
lupili.info
memurlarsitesi.net
toutsurlesimpots.com
utts.puk.ro
ndbxasdmbg.freeblog.hu
x77x77.info
www.ccs8.cn
bbs.xjzjxh.com
homeschoolchristian.com
mycomicpost.com
mediacorp.sg
unikurage.sakura.ne.jp
gg.ccvic.net
students.pl
vina-voip.tk
g.koowo.com
www.sankygz.com
gotowebdb.com
centurion.bb
comsec.pk
isse.tk
159ee.com
www.paishuibanlh.com
dcfcupal.com
gotlands.de
fsu.edu
proms.pl
dzyan.5d6d.com
forbot.pl
www.yhd887.com
www.9m9m9m.net
vierregelige.puk.ro
www.yihaoxiu.com
tubexxx4.info
pus8.qiwen5.com
directorychart.info
domaintakip.com
vinahost.vn
1stfloor.pl
dazzul.com
imlemem.info
www.yj-jt.com
4qw.net
areyes.info
xtremetrafficarbitrage.com
rapmiennam.net
xbox360cheats.com
www.13eweb.com
wayofthestringer.co.uk
biologia.edu.ar
520sex.tk
zabawkowicz.pl
hz.jiwu.com
iembelleze.dyndns.org
streamingvideo.co
tk86.at
emp-shop.dk
animeron.info
www.rimei1.us
thedarkcity.co
www.quanwenre.net.cn
goztepe.org.tr
web.jxbgw.net
www.cailun.com.cn
green-jumbo.jp
823409.net
qaafe.com
oznb.qiwen5.com
cimanez.blogspot.com
somadjinn.deviantart.com
www.czwa.cz
sepasan.com.ar
beata368.digart.pl
fezpeanut.tumblr.com
xuhoo.net
tapcdd.org
xn--czrt1eh2kxlgjwao51s.net
desaguisado.puk.ro
midea.hk.cn
ftkenglish.com
paraches.com
dallas.backpage.com
dumgal.gov.uk
telelectric.puk.ro
ogbah.wop.ro
qiqimingdian.b2b.youboy.com
www.yyxfz.com
nanx.wgdnf.info
palandir-anann.deviantart.com
www.ngrx.net
www.ubuntu.org.tw
9agucha.soup.io
webgame.yzz.cn
matome.ldblog.jp
www.papagajkert.hu
sunnywind.fyfz.cn
powermode.fr
uanny.blox.pl
szmanting.cn
ztwap.me
fphqrxgt.skynetblogs.be
www.55fz.name
www.9in.org
photo.zhangjun.me
www.gift-shop.com.tw
kaka365.com
ciit-isb.edu.pk
elenco-aziende.com
kapcsolat.del-alfold.istenhozta.hu
www.31zs.net
dragonquest9.com
sharkpie.com
izmirarcelikmerkezservis.com
navicms.pl
ng.pl
nyltbj.58.com.cn
legadolibre.com.ar
city.finance.sina.com.cn
rongtuan.net
jx.sdthsk.com
www.22yuyu.com
pdinda.org
imlemeh.info
www.baidu-cdq.com
apaxgroup.com
haken-j.com
chat27.co.za
rarebot.com
www.ranwen.net
jsfiddle.net
check-pr-rank.info
ukfreebingosites.co.uk
notebook.zdnet.com.cn
godowntownraleigh.com
xemtiep.com
dieselfemaleapartment.no
usboffice.kr
englishchinesetranslation.org
jukeforums.com
cbssports.com
palsra.com
www.hhaavv.com
liakit.deviantart.com
omate.digart.pl
mcx.ru
toa.jp
www.zhongxingshihua.cn
click2web.net
cpptw.com
poluchka.info
www.ods.org
www.bns-qq.com
demotivateur.fr
dentimet.puk.ro
www.zhaoipad.com
enkoda.wop.ro
elefani.eu
cometacavia.com.pl
mbiebusch.de
daigobyo.wop.ro
depaint.puk.ro
kimbell.wop.ro
www.sgrt.nl
www.wcmjs.com
zpvglzbuilokms.blogtrue.com
wj.hc23.com
deportesmisiones.com.ar
www.parkawoolrichoutlet.com
satomitakashi.net
flavin7hydrogen.com
futurowin.cl
sosrodzice.pl
www.ld-led.net
free-directory.tk
qvodss.org
themadmomma.wordpress.com
www.speedmeter.hu
diagnosticomedico.es
florence.com.tr
hungarian-food.hungaryguide.info
mc9.info
www.espuna.jp
positionsensor.org
www.recyklujteshasici.cz
www.gaogaose1.com
godverla.wop.ro
celtathemes.com
simplybluedahab.com
malta.flog.pl
weblove.pl
appliancejournal.com
madebyevan.com
biertheke.at
www.peutereyoutletgiubbotti.com
lahmte.wop.ro
www.aden.pl
apinchofhealth.com
the-pervs.dk
springsl.wop.ro
www.huarenjie.it
liloy.info
autodetailingsolutions.net
remunerative.wop.ro
taobaowalk.com
sevenfinder.com
aiml.tk
mju.ac.th
sewrightgifts.com
noblechinese.com
toprelatedtopics.com
4387.vl.vg
www.ok9080.com
malloc.wop.ro
blogolj.net
www.yhzw.com.cn
acs.pl
lula.pl
malagon.es
www.zysdjt.com
digitaldesire.pornadept.com
zzo8.com
1001experiencias.com
e-direct.info
577gc.me
kaazing.com
kangpingxian.com
www.664mi.com
rgj.com
brollopssidan.se
www.mokeju.com
tickles.puk.ro
blizado.blog.so-net.ne.jp
sx141.ee99.org
standup.pl
epac.to
www.pornxn.us
osaka.hazura.net
typuje.pl
anli163.info
dongxiangzu.mofcom.gov.cn
herbal-skin-cream21.proboards.com
favlisting.info
mieszkania.info
waspsolutions.mobi
www.fems008.com
debele.info
xzzp.78.cn
motodrivel.com
rhoenseite.de
www.lnicp.cn
jupiterimages.co.uk
videosexe9.info
cablemodem.ch
aziro.ru
7788.by
www.whjdshebei.cn
kdwl888.com
tetti.wop.ro
katrina.puk.ro
legifilm.hu
jacksonville.craigslist.org
megurin.org
bcotlghlz.blogerzi.com
info.org.do
businessofsweden.net
caribbeantravelmag.com
maessigung.wop.ro
vyoottye.blogger.hu
i2harmony.info
guihuaxiang.com
mega-hurt.pl
mugong.cc
seo-names.com
www.ai400.com
celerity.wop.ro
healthz.info
nickjr.de
drought.wop.ro
filmmirchi.com
1ces.265link.com
fuzhou.01899.info
jwkledu.com
forum.auspolly.com
khandayatmatrimony.com
metrojersey.com
dehajime.puk.ro
rafalek147.wrzuta.pl
myporno.ru
lei.flog.pl
3gmodem.vn
musica-electronica.org
jimschweizer.com
www.didiao.info
igraemsa.ru
opportunitylockney.com
artsorti.ru
laciboulette-annecy.com
cyberbiznes.pl
chenshanshan2.diandian.com
www.tonge.com.cn
poisonprince.digart.pl
chaye89.com
pspper.com
einkassierender.wop.ro
dubb.9r.ro
ifuckasian.com
ivuspots.com
www.hs948.com
www.3709tuan.com
sjic.78.cn
bxyu.56dvd.net
sanjaykhemlani.com
inoculio.wop.ro
www.cnccct.com
knf.gov.pl
drupalitalia.org
frustulo.puk.ro
www.hamahakkimiehet.fi
928926.com
wys88.com
infoznanie.ru
armymwr.com
s4.bitefight.pl
ktv-sk.com
automobilio.info
krowy.prv.pl
www.ux789.com
glendalealumni.com
sprosne.info
www.028-z.com
www.cio5.com
toplistenserver.info
pv2.awalker.jp
ceragem.lap.hu
sg.my.yahoo.com
oleandri.wop.ro
www.centronet.cz
harrypotter.fad3.net
ldzhida.com
gwykc.htexam.net
salamayor32.com
howdoyoustartahedgefund.com
www.sxhack.net
sexsites.uol.com.br
brenham.wop.ro
invece.org
tumion.wop.ro
ddz.3839.net
tagungshotel.com
chirper.co.za
mysku.ru
anmsoft.com
sevje.puk.ro
myfreedomfoundation.com
myiptest.com
applediario.com
imtj.com
linkplex.info
strumentimusicalionline.org
qriosity.eu
best.e2345.net
bold-floral-bedding.blog.hr
polymedia.ru
www.akiti.ca
aniplex.co.jp
www.8643333.com
www.sexgs.net
pensacolahomeinspectors.com
www.clqcg.com
appropriating.babue.wwwwww.wop.ro
dansfauske.no
www.south88.com
ilci.265link.com
www.jianzhanzhe.com.cn
qualipet.ch
fusionads.net
ferndalepride.com
xactgroup.co.za
1qq.tv
www.tbao.info
linkbait.us
banjar-jabar.go.id
goitroge.wop.ro
mexicobaires.com
empregoenegocio.com.br
vitinh.de
sidmailserver.info
buykindletablet.com
techsweden.org
www.gzdh.in
www.gcyxzx.cn
hezhoushi.383845.com
ryandaigle.com
eird.org
yanbian.m69.info
karpacz.pl
jahdo.wwwwww.wop.ro
lowcadobrychsnow.digart.pl
bledco.com
haosao1.info
pojiekey.com
bj.3ua.cn
maluchy.pl
clinicalgeriatrics.com
cn-21cn.com
pokercalculatoronline.com
rs-direct.co.uk
www.cbwcj.com
mstar.com.my
www.firstjob.sh.cn
moral.wop.ro
cacoxenite.wop.ro
rumpad.puk.ro
www.8684.com
www.longrich.me
hxjy01.cn.b2b168.com
hk8.concdisxr.orge.pl
ufop.br
www.720pc.com
feb17.info
meisterw.puk.ro
nab.ch
maczo1232.wrzuta.pl
bbs.china-pipe.com.cn
sportdepo.ru
buffalo.edu
therugest.com
politifake.org
cxba.cn
nn.gxrc.cc
electronervous.puk.ro
www.rocm.nl
socialmediaranking.at
edu-backlinks.com
exgfbox.com
bkstr.com
www.kaiview.cn
ledswelt.de
spisane.pl
mtweb.pl
solina.info
www.sjhuayi.com
dqzm.k3y3.net
edws88.com
tanqol.soup.io
ittik.wop.ro
baohanhmaygiatelectrolux.vn
wijdbefaamde.puk.ro
1civil.net
bloqita.net
hfk99hfk.cn.china.cn
armor.kiev.ua
walletking.co.uk
www.nuozhixin.com
private-bad-credit-lenders.com
nakano-d.jp
credit.dl.gov.cn
8bocai.info
bbs.3zhu.net
nyo.me
www.netcommons.org
psdguides.info
cyzx.gov.cn
donfutbolito.com
phiege.com.pl
acernet.es
virtualization.info
mindful.org
lotos.pl
smibs.info
clt.ac.uk
www.proto.pl
imiduk.wop.ro
etiscan.de
awesemthemes.com
nonplusultra.puk.ro
slemish.info
changchunshi.m69.info
www.whqzfy.cn
rtg-mag.hu
www.xatt1.us
execvalue.com
jinduen88.com
bayushi.eu
sixsixone.hu
850922.com
plussfigurak.gyerekjatekbolt.hu
www.llyz.net
ganchadu.com
porticiviva.it
onomatol.wop.ro
rutaxi.ru
www.v10.pl
ns-talk.com
qainfotech.com
xelmi.org
cenydomen.pl
educationh.com
pp3.cn
www.mvrtt.com
shop16291378.xintaonet.com
www.cnshu.cn
lo2test.tk
www.besthotelonline.com
wbcom.org
drewniane.com.pl
reasonrally.org
carrobom.com.br
honei.wop.ro
quotidienmutations.info
zonadownloadbokep.info
kondomotheke.de
monshou.wop.ro
stayfriends.de
admsakhalin.ru
1821.ee66.in
gongyiziyuan.com
jl.189.cn
happyblog.it
ip1188.com
funzine.nl
idet.nl
jambonekennels.com
premiumproductsonline.com
ecox.com.hk
nc315.gov.cn
www.nur.kz
homeltd.com
www.ppp222.com
gbets.prv.pl
snxx.gov.cn
photomap.puk.ro
oxtongues.puk.ro
acab-all-cops-are-bastards-full-movie.blogspot.co.uk
go4pr.de
dstar-relay.org
ifsp.edu.br
divinedinnerparty.com
morocco-trekking.com
unsort.puk.ro
ptbusinesssuccess.com
lady.56.com
magentowiki.be
clads.biz
sem-one.de
alicall.web-176.com
mobile.mapbar.com
dy.puout.com
zepirata.me
articlesblink.com
tune2win.com
eagleswindnation.com
mercedesclub.org.uk
arakus.ir
www.4kbbs.com
doqian.com
manddiel.org.pl
securemenu.com
forodewebmasters.com
euphoniumplayer.com
www.soucke.com
journeythrough.org
vakaa.com
shard.puk.ro
liftkarbantartas.hu
socialbookmarkwebsite.info
kiona.flog.pl
itukus.wop.ro
farsnama.com
mgkz.210000.org
vonksneet.com
minoruta.puk.ro
cal.pl
club21.org
usolink.com
chourai.wop.ro
topic.auctions.yahoo.co.jp
e-nanny.ru
poit.com.br
gvxe.56dvd.net
www.unvoc.com
hackways.com
396kk.com
polow.net