cpst.net.cn
sasluts.co.za
detskiysad.ru
www.xahr.net
jaunavedziai.com
www.isp.sh
remontstroyka.ru
azrs.info
49kc.com
mokuainaproperties.com
www.se5300.com
verleer.wop.ro
uwoiconrar.blog.mongenie.com
79abc.com
www.bigstarfilm.com
aktifbir.com
turbotax.ca
purepc.pl
akz1.info
dstfix.cn
gopal.puk.ro
pandecta.com
ammm.digart.pl
opoka.net.pl
comradio.cat
akuyou.wop.ro
womack.wop.ro
189.3gbc.cn
ranking.pl
oponovum.pl
www.toranoana.jp
5af.info
hiernaast.puk.ro
comunica.org
ala.blip.pl
ngamgaixinh.com
uniquewomensclothing.50x.info
vigc.210000.org
cheapbattery.jp
fz.anjuke.com
cjaryuviyh.skynetblogs.be
24h.gr
debiloide.com.br
www.tssanhui.com
imod.pl
www.fengxiang.gov.cn
70dxw.com
evalq.net
pokryjomu.pl
dogfood.hk
birthdaysms.net
1z4.info
terrarisztika.hu
dielytra.wop.ro
dlauerphotography.com
bbs.sem.cm
canada-goose-parka-expedition.aunewsby.com
globalbusinesslist.com
tempauto.ru
zoomy.me
netbutik.dr.dk
unipark.info
arbeitsraum.puk.ro
hp-web.net
www.cqdeshun.com
batteriaepercussioni.it
www.brbao.com
aagniechaaa.wrzuta.pl
www.43pic.com
www.anyangxinwen.info
shinra.wop.ro
curtisyoungblood.com
earnonlineng.com
nmfilm.com
miidi.net
www.bloklist.cz
minnesotademocratsexposed.com
debatainternetowa.pl
asexuality.org
bocapital.com
investingingoldoq5.info
tequilanockpremium.com
dudu.nnm.ru
directorybright.info
wikify.info
www.zhenhuanzhuan.net
bakersfieldbug.com
asobrain.com
lucernefestival.ch
www.53aiai.com
ishigakijima-paradise.net
510.digart.pl
pwspot.com
tubexxx18.info
ben-roethlisberger-jersey-for-sale.ppenk.com
techsweden.org
www.chenhanchao.com
clubheathersummers.com
ig-lebenszyklus.at
fotobase.cn
click.dtiserv2.com
12asaltos.com
zhongkaizhang.cn.alibaba.com
sexdate-dordrecht.info
klusek15.flog.pl
bookmarkingservicezs.com
adoperai.wop.ro
lemondedesphasmes.free.fr
en.xdf.cn
dimepoker.cl
bucknell.edu
notepad.im
dlmr.cc
www.redpower.net
idabrowa.pl
onlinecasinos.de
hsi.org
xzqc110.com
futura.org.br
terapad.com
bielskob.puk.ro
jj.hangz.info
banner.55.la
california.com
solgenomics.wur.nl
sitestat.us
mycymbal.com
etni.org.il
jx5j.cn
buysib.ru
www.ebfle.eu
lnfcw.net
perurooms.com
moto.ifd.pl
www.sxxkl.co
midian69.digart.pl
maratona.it
wydawnictwa.mangowe.pl
gorlice.pl
aip.cz
bbs.wzdsb.net
jollyjack.deviantart.com
easobuy.com
www.98zhibo.com
fccn.pt
bet165.net
collegecures.com
ciudadanuncios.com.ve
blogabond.com
uznt.de
wap.bangtan.us
a-spider.tumblr.com
biyografi.info
xnbh.100hg.com
rush.wop.ro
moveapp.pl
immux.net
qhlpp.78.cn
km-wiki.ru
68liao.info
whois7.ru
estrellagalicia.es
a3267.clihy.com
searchclassifiedads.co.cc
lagrotta.hu
artisteerhelp.fr
www.zamj.cn
drrobertkornfeld.com
wakaya.wop.ro
www.packingba.com
ilona60.flog.pl
normated.wop.ro
officeaccommodation.info
seotoolsfree.org
suamaygiat24h.net
114gc.org
www.ylsw.net
intalking.com
liweifan1.diandian.com
car2take.com
conferee.puk.ro
massimopreviato.it
lifeclip.org
ejha.info
566334.txt.cir.cn
meteocenter.it
chennaiwow.com
herradura-jp.com
biynr0.co.cc
www.655xx.com
plasticcelebritysurgery.com
park-our.pl
rrw.bz
fromrus.org
hefamily.org
dallaschild.com
2kupai.com
tolva.wop.ro
amexweb.com.mx
gmold.info
www.paardneuken.be
nocha.webs.com
quockhuyen.vn
www.axial.cz
bonbon.lap.hu
bzzpxx.78.cn
waspsolutions.mobi
hentaiboss.com
analyzeseostats.com
ogdx.nfdy.net
socialmarketingtribe.com
shandong.tuliu.com
ilikefun.de
www.todosporlacopa.net
easylife.tw
61jjj-0go1.diandian.com
icefaces.org
www.filtre-auto.eu
jhbf.or.jp
192.dk
marketingekspercki.pl
bvmw.de
downloadandsaveyoutubevideos.info
kksebo.com
818tv.com
www.tiany8.com
viewcast.com
easyguide.de
catb.org
igri-2012.ru
estounanet.com
invest.wop.ro
88yx.com
bcbgdresses.zsuit.com
cebuanddavao.com
www.gzlicaiwang.com
www.dt.gov.cn
abovethefoldbook.com
meizosei.puk.ro
lamborghiniclubthailand.com
banban.so
kuploading.info
www.mmyy2.us
www.pszfs.hu
shimadzu.co.jp
ja10086.cn
qnlg.210000.org
boobe.puk.ro
sansbug.com
brikobat.com
www.resident-evil-zone.de
kerryleaf.info
678bc.com
kosmetikkaufhaus.biz
ayawish.digart.pl
demonstr.wop.ro
hrportal.hu
catsuit-met-grote-mazen.istats.nl
infoboard.de
www.bscom.cz
handbagcopyonline.org
stanleybet.ro
maesens.by
wnylc.net
vm4o.k3y3.net
hyyat4host.net
rolloshop24.eu
comofazerartesanato.com.br
www.cwts.ca
pornohd69.info
glade.gnome.org
zamalek.sc
nivelstyle.com
chuix.info
foodieforums.com
vanilla.vc
hot-woman.net
5b6.info
www.wlyoo.com
www.ug7.net
c-n-f.pl
123artikelverzeichnis.com
bbs.cnlxr.com
www.ratemy.co
mtb-projekt.at
designtuts.com.br
knowledgeisinfectious.org
lared.com.ec
www.nubo.nl
professortwist.co.uk
cld17.com
proceso.hn
promodels.be
home.ro
home.eit.cc
upphafssidan.com
sarussia.wrzuta.pl
enisle.wop.ro
nknc.210000.org
olx.dm
tustena.com
privatejetcharter.com
www.argus.nc
overgorge.puk.ro
ducros.info
www.1065sms.com
astringed.puk.ro
adiswora.wrzuta.pl
kueste.wop.ro
www.nxldfy.gov.cn
sbpn.nfdy.net
bputcgpacalculator.in
www.413381185.net
basis.org.bd
rmsport.eu
w.all.gd
auto4surf.info
youcams.com
dmzwarez.info
zhejiang.qyi168.com
www.sunoptik.cz
www.a636.com
thelightbulb.co.uk
moncler-femme.canewsby.com
hawthorn.com
cherry365b.jumpingcrab.com
desi-actress-hot.blogspot.in
www.qgy81.com
ddhzdz.b2b.hc360.com
brioukov.puk.ro
junyitangptws.1168.tv
18mei.com
allentat.wop.ro
mielno.pl
www.bdga.gov.cn
nvren.vancl.com
mo-ragz.com
umbrellainvestment.com
online247.org
cuscovacations.com
palnhumbwest.bloguez.com
12voltracing.com
apinumadyjori.pinger.pl
admission.kau.edu.sa
www.crep.cn
v1.cn
alomuaban.net
cellose.puk.ro
nightfling.com
www.recyklujteshasici.cz
r40.waw.pl
cyberbiznes.pl
360s.vn
grell.pl
onlinedatingtrust.org
articleradiant.com
iortn.puk.ro
aisyuu.puk.ro
www.insurance-value.net
www.keyubuvv.com
www.nj02.4f9.org
sh.haocf.net
satkoosfiesta.tk
daghdaghe90.com
louisvuittonoutletstore8.com
5bodog.com
clothia.com
trekandtravel.dian.taobao.com
golshidth.com
jayashali.tv
lanqiou.info
bontempi.it
imagnificiquattro.com
bondagebeacon.com
chinkan.jp
www2.pr.gov
monadire.ge
newsexbook.com
lajfisbrutal.soup.io
dior.game.tw
tzzkd.78.cn
animeron.info
jgkf.210000.org
addurlsubmit.info
www.tao73.cn
godspantrysc.org
www.rsbt.net
www.235se.com
mqvs.nfdy.net
fh.ningbo.gov.cn
www.wwq.cc
jttx.210000.org
www.medicalinsurancepolicies.org
robincalis.hyves.nl
clock2d.com
www.yuedu.be
myworldlistings.com
abcnewsradioonline.com
parchamdar.com
cuhr.210000.org
wrzmobi.com
bourbonblog.com
aansluip.puk.ro
firstavenue.com
a3mal.org
ondulants.wwwwww.wop.ro
aartssch.puk.ro
ak-warriors.cba.pl
eurnation.info
nisa.es
futbolcup.pl
www.seoose.com
oz.19188.cn
osszeeskuves-elmelet.lap.hu
zeng.wop.ro
gloomboomdoom.com
quehenshofe.jugem.jp
kk44kk-b3.tumblr.com
osprofanos.com
hechizosdeamores.info
tmhobby.tsukuba.ch
mapic.pl
softwareoverzicht.goedbegin.nl
zendblog.pl
segretaria24.it
ketsubut.puk.ro
medianet.at
eshow365.com
skillkindle.com
qazee.org
sexgazetka.pl
antonydumas.blogspot.com
www.taofirst.com
bailer.wop.ro
www.e23321.com
e0914.com
maria-psy.ru
digital-info.net
1shoppinguk.info
trishnafullmovie.blogspot.com.ar
x7.the-ninja.jp
forexmarkettradingz.info
gallonag.wop.ro
cnhuyang.com
2012.forumspb.com
help.ename.cn
mammagalan.se
electroteque.org
4webhelp.net
www.bzyfwy.net
owensound.kijiji.ca
frustulo.puk.ro
fxwzg.com
www.autoaug.com
www.znpc.cn
schnapsmachen.de
aosmith-rsq.com
myuti.com
www.emtest.sk
6hhhh.net
asale.in
u2u.be
www.klafs.de
drupal-translation.com
modelsownit.com
brightmatches.com
www.letv.name
cktluszcz.pl
weare1.info
kukanar.puk.ro
adult-theme.com
crampton.org
officefix.co.uk
dane101.com
dasheng2.dginfo.com
macosz.hu
www.jiuli8888.com
haiton.wop.ro
sdfkh.co.cc
edexcelonline.com
www.septox.hu
www.bojin8888.com
kdmhmpovc.blog.mongenie.com
rodete.wop.ro
officemarket.hu
1lnk.me
gd020fls.com
arago.wop.ro
region.tu-clausthal.de
imballas.puk.ro
nikozen.info
www.motodrive.tv
www.sdsj.tk
www.monss.com
rasra.uponline.in
fullthrottleonfatloss.net
xitop.com
www.jiusedy.com
lucua.jp
mucoid.wop.ro
4kbbs.com
benshan.com
i-netshops.net
riesebergserver.de
himalyan.biz
mp3.pl
hf0036.fyfz.cn
tempestpataki.deviantart.com
ulanmilar.uyghur.tel
catchlink.info
phpxl.de
tacet.de
sidmailserver104.info
www.lizhi123.cn
entam.soup.io
akaikee.de
www.sjfc.org.cn
www.21171069.com
www.inten.pl
videocul69.info
teve.ba
fk.no
filmhousecinema.com
ce-resources.com
anwait.com
www.755w.com
globkurier.pl
mangaryu.blip.pl
tecnologiafacil.com
v.com
www.15898.net
www.riix.cn
pianai.net
herehentai.com
slnb.265link.com
digahole.info
www.basha.com.cn
arismebel.pl
contradapolveriera.it
kiwihabitat.net
shell.ca
mjiq.nfdy.net
bymy.pinger.pl
bbs.bjx.com.cn
s-i.com.cn
mediacorpus.info
achipa.wop.ro
mickel.wop.ro
spremeva.wop.ro
hejnet.pl
0751.job1001.com
hnjinwang.9998.tv
dhanphotos.com
jovenclub.cu
segmentary.wop.ro
publishedscoops.info
www.boen120.com
www.btkxcc.com
eduweb.de
www.yindu66.com
alfa94.wrzuta.pl
newlink-group.com
news.liao1.com
cccan.net
testsize.com
www.cnnl.tv
123123.net
goutsu.puk.ro
openradio.info
avsese.info
p-d-o.com.ar
hoogao.com
www.szps.pl
fei7.k3y3.net
tricia.me
pinner.nl
s3s-viaj.com.br
steuern-buecher.de
www.jobpenet.ro
kuiage.wop.ro
tht.dui.lu
www.yuej.org
www.pascuccicaffe.hu
blog.foreverlove.us
macey.art.pl
sekretystronwww.pl
www.1chu.com.cn
verrecks.wop.ro
agita.puk.ro
lhfr.210000.org
bassar.com.ar
paleomg.com
publicdomaintorrents.net
trackmania-carpark.com
wap.023799.com
puppystar.pl
www.021we.com
prettingfelsi.blogger.hu
programy-afiliacyjne.com.pl
clasificadospanama.org
zweier.puk.ro
provincia.teramo.it
www.yihu.com
www.zgwrp.pl
sednasystem.com
shopfish.pl
visioncritical.com
gcb.com.gh
videoporn7.info
healthinn.me
www.tensmak.pl
buscon.info
www.234nn.info
leembee.com.pl
tudorarms.com
affiliatestuff.co.uk
r2oz.k3y3.net
madlab.org.uk
51szs.cn
www.sprat.pl
49hk.me
ovcentraal.nl
gentlemansemporium.com
is-online.fr
pumpernikiel.flog.pl
44.lt
pornoseti.com
thecapitalgrille.com
barbiepartysupplies.org
murmure.ca
prc.org.uk
estetica-zabrze.pl
ltmtk.lv
www.yfhealth.com
www.aau.org
estimatedwebsite.fr
www.bjtu.edu.cn
188lingd.lingd.net
hopkinsonalert.org
alialiba.org
svar.pl
abgefass.puk.ro
tikihall.com
unsanften.wop.ro
druckereiennet.de
www.dldsh.gov.cn
cpc.to
chasaobi.info
www.xueqianw.com
microboard.com.br
irminam.digart.pl
dei.digart.pl
656bb.info
isc.infor.pl
ekr13.info
ahe.blip.pl
pazera-software.pl
kreissektors.wertete.scorretta.houtyuu.wwwwww.wop.ro
webnode.hu
mary13.pinger.pl
universaldelivery.com
roque.wop.ro
menslife.jp
www.400tao.com
anthonythomas.com
directorylocateuk.info
hungaria.org
www.tuoqing.com
www.126dd.com
epoke.puk.ro
www.netcistirny.cz
multiwiedza.pl
www.bobayingyuan.com
www.wwwdhbc.cn
provacafe.gr
sotovikcity.ru
ciounuzztiwee.zikle.nl
luthieen.wrzuta.pl
balbriggan.info
cardboxes.ru
mmw.78.cn
wealth-4-all-team-israel.com
dpwd.k3y3.net
www.niao.biz
java-technical.com
codeq.info
aopr.info
xpn.org
ipay.nl
bycem.taofang.com
www.rzfc.cn
cebuanas.com
xshell.net
jrcn.qiwen5.com
valpfraelizabeth.pl
sacramentoconventioncenter.com
kaczmars.puk.ro
dzidek75.digart.pl
angelgd.digart.pl
ygbigbang.com
www.nuup.4f9.org
www.88caobi.com
pinouts.wop.ro
weddingrings.net
successdegrees.com
unm.si
www.dangbb.com
www.uniwebset.cz
ptks.nfdy.net
racingevolved.com
zut.edu.pl
shouluz.cn
pzcrtosntw.blogdetik.com
sentio.it
matrik.pl
kodiakvet.com
szabi.flog.pl
freeclassifieds.pro
www.holly.ie
webproxy.pl
wstore.co.uk
activechinese.com
www.da36.com
toshibaplaces.jp
vhfdx.info
mozaiko.ru
tx5.cc
9ub.info
opgegevenen.wop.ro
yeutienlang.com.vn
www.legowu.net
demonpaintball.pl
076088887100.com
bobo.474pp.net
ninaxx.flog.pl
armaniwatches.uk.com
1c-usoft.ru
www.duilian888.cn
bedd56.co.cc
niedostrzegalna.digart.pl
38searchengines.com
kachna81.polki.pl
zdm.waw.pl
shandegruyfilms.com
www.exiaobu.com
lmdmf.net
angel.ac
rupy.eu
www.szqcw.com
zpjm.com
www.iprow.com
dreamsunlimitedtravel.com
heritagepreservation.us
globerunners.de
xwpx.com
tanseged.info
www.xiaoxia.org
miksak.puk.ro
banfield.net
www.ttsqz.co
explain-health.com
www.4008208309.com
www.hongfeng.co
www.carnucopia.com
115.com
www.ccs8.cn
www.aigle.fr
dillweeder.com
www.bi-sexueel.be
news.heute.ch
szahara.lap.hu
gry-online.poszkole.pl
msw.gov.pl
guihuaxiang.com
xxxmgi.wop.ro
hawaiishopaholics.com
gesellt.wop.ro
aliwaigong.com
jestemwkropce.digart.pl
1moretime.a-lsawards.com
mtn.com.sy
yellowassistance.com
biomedical.pl
www.zjygdq.cn
watch-gossipgirl-season2.blogspot.ca
www.xjhg.org
www.haitaobao.net