sina-niko-heiraten.de.ki
456.fad3.net
archcape.puk.ro
devlinlove.com
www.huangse-xiaoshuo.info
omutsu-baby.jp
clubcentrallecheraasturiana.es
stokoe.wop.ro
www.zjyjj.cn
shop.warau.jp
realitytvcalendar.com
www.9191.cn
egpl.info
www.ccfloor.net
www.itservisbrno.cz
www.aiai6.com
mypr1.info
arcual.puk.ro
iritec.es
lamp.linux.gov.cn
91xxx.aa.am
argraph.net
art-nomad.net
art-of-gore.deviantart.com
kjanime.net
zeed5.com
www.85sr.com
suansanruk.blogspot.com
guihuaxiang.com
arriva73.ru
wen84.com
www.bulvy.cz
arpentera.puk.ro
gobaguio.com
centurion.bb
corinavos.hyves.nl
a1szennyviztisztito.hu
red-tie.com
org-chem.org
www.bluemoon.info.pl
master.jesusdavid.es
gongboa.taobao.com
dype.wop.ro
schober.com
forrss.com
pogrywam.pl
meron.wop.ro
bbgaleria.hu
estilorenner.com.br
artcn.cn
evi.by
artesilla.puk.ro
cpaflow.com
art.aalto.fi
articlefriendly.net
owiec311.digart.pl
hk6cw.com
atword.jp
8669225104.phone.searchwww.com
mashreqbank.com.eg
letteth.puk.ro
xn--yck7ccu3lc7455coj5arwgo74a.jp
www.redico.cz
www.nss.cz
moya.digart.pl
sesuda.puk.ro
i-where.info
iskandar.digart.pl
7177.nfdy.net
austintrx.com
ckucknpyz.takeforum.com
likarili.9r.ro
cees-air-compressors.nl
ritu.cn
www-cake.com
nakano-d.jp
thepiratesociety.info
auriol.puk.ro
www.hluboka.cz
www.xiaoshuo.cc
7vvbb.com
61263019.com
siteslike.info
www.twlp.net
hamburg.fad3.net
www.bozhou168.com
qekj.qiwen5.com
sonnenkraft.com
onlinedoctoratedegreesz.info
www.beranek.cz
gokarbon.com
nexusshacks.com
coffeesofhawaii.com
sitrusfr.puk.ro
likemyface.fr
visperad.com
semduvida.net
www.w668.net
politeknik-lp3i-bandung.ac.id
cerber.bydgoszcz.pl
instanttrafficsystems.com
erecta.wop.ro
hdreceiverfiyat.4vw.info
www.letv.com
www.fareno.nl
icam.pl
0898.okok.cc
www.9kjw.com
skytube.jp
mygreatlakes.com
flottera.wop.ro
www.czwa.cz
na-zed-tapety.cz
kaizer-rohan.hyves.nl
2xyi.cn
89.pl
lnb.lv
www.argus.nc
ps2.ro
sportspaper.gr
www.austis.cz
www.btla.nl
autostat.hu
www.7651.com
series.ly
data.ce.cn
iwaaa.blip.pl
tanisalon.pl
n40.waw.pl
mybbchina.net
pannaka.blip.pl
dualscreendvdplayers.26z.info
notebooksleeve.7m0.info
1588pk.com
magyarnemet.hu
ukarticles.info
7-ku.info
x.times.lv
www.50ph.com
101ako.com
behie.puk.ro
www.tmall.cz
rtvasa.ad
devok.info
ygbigbang.com
amt.in
www.dahongpao99.com
gulliver-ogikubo.com
www.gigabyte.cz
dynamiclogic.com
bbs.pecc.cn
irc.lc
www.waran.cz
flinndalacties.nl
eethuisdayang.nl
www.worship.cz
pontcenter.hu
pragaszallas.net
voeux.wop.ro
vxb.com
e-uchina.net
afgedrop.puk.ro
slovakia-travelguide.info
laserselex.nl
029idc.org
byqz.k3y3.net
commoninterviewquestions.org
www.tao73.cn
meravigliosamentepa.it
www.jlmpraha.cz
buylenorrcho.eblog.pl
celestron.cl
cxba.cn
invoice2u.com
tandolin.co.za
www.vemori.cz
acer.nl
hawas.cn
ifiszki.pl
mirtestoff.ru
3sms.pl
cybermonday2012tabletdeals.info
brandsandbrands.ru
com-pac.pl
pandoraexperiencias.com.br
www.iwlk.cn
iamjc.net
myhomehealthandgarden.info
www.ciur.cz
hdnews.hbu.cn
www.ukazvse.cz
obpmgclpqm.blog.mongenie.com
t-stile.info
google.ga
revert.nl
dhl.co.il
theresit.prerebellion.karaoke.hygien.wwwwww.wop.ro
outletplus.info
namson.com.vn
www.admonitoring.cz
pornohd69.info
www.zhaoxi.info
tkmj.net
my-addr.net
alfaquadro.com
prstatus.eu
smartweb.com.ua
online-nyelvtanfolyam.blog.hu
curry.hu
bigmamaspizza.com
www.1010fanli.com
www.226511.com
www.dg234.com
www.gryd.pl
feestwinkel-helmond.istats.nl
nus.edu.sg
bbs.whjm.com
crown.com.tw
www.gwa.cz
autographworld.com
ngmu.ru
mztj.cn
hunan.ha168.net
bbs.e23.cn
d0d0l.com
dmozkatalog.pl
www.canadagoosejakkebutikken.dk
68.cc
sexgazetka.pl
zywy.blip.pl
www.silesiagirls.pl
don.gd
baylorhealth.com
myperfectlinkbuildingfirms.info
dongba.wangjing.cn
www.hahase22.com
lyarczwobl.blog.kazeo.com
dope.puk.ro
scsb.gov.sa
doorliep.puk.ro
michellmacaron.jp
photoshopic.com
doser.puk.ro
santenature.fr
dossil.puk.ro
doshidos.puk.ro
zajfon.pl
lalarara.com
synethnic.wop.ro
ukosaben.puk.ro
lawman.wop.ro
hotpublisher.net
kksebo.com
ameli-sante.fr
daiwozou.com
blauworld.de
findbook.tw
ivoz.nfdy.net
8817.210000.org
www.31262.com
jtwcqsdzam.blog.mongenie.com
enplus.co.jp
imokvjjucej.de.tl
www.paoliang.me
totujyo.boshihok.wwwwww.wop.ro
7766suncity.com
xn--wbsy6niugtwtqjk83ai53cnjt.cn
schubert-internet-marketing.de
hlam.to
mebelport.com.ua
www.cm789.com
cdoa.ca
xs1.cn
gayuba.puk.ro
12mv.info
inferr.wop.ro
eersteco.loofas.phractamphibia.wwwwww.wop.ro
www.cn5000.com.cn
www.isp.sh
medivacature.nl
automotivestoday.info
proefgevaren.wwwwww.wop.ro
boczkoetterem.hu
gretor.eu
ns-support.com
www.gasstorage.cz
58k.2044.cn
6g.org
umk.ac.id
www.dekorace.cz
meteocenter.it
help.163.com
www.oilea.de
fyh.faayoo.com
dlauerphotography.com
auction.jingp.com
www.scio.cz
yum.vn
valeska-esoterik.de
cheekymaidensoap.com
prasa.pinger.pl
begre.puk.ro
imagepic.org
tenagusa.puk.ro
www.233tt.com
9115.na.tl
iamninetythree.digart.pl
science09.github.io
capitoljs.com
www.louisvuittonbags-outlets.info
liancheng.info
yobt.tv
phdqualprep.com
imod.pl
sopp.wop.ro
thesizegenetics.org
balloonjp.a-thera.jp
www.5han.cc
gjysj.com
j860.com
buecher-musik-dvd.de
replygrid.net
boas.digart.pl
casisto.com
www.vscht.cz
cps.qianshou521.net
perfectclaims.co.uk
harsboom.wop.ro
lienendur.fr
moppc.wop.ro
atwatershillings.blog.cz
www.999vg.com
0832idc.com
massage-rooms.ru
cocika.com
gayandsingleinlondon.co.uk
mallumasalaonline.blogspot.in
appartement-dun.istats.nl
www.netcar.cz
pata-schanze.blog.so-net.ne.jp
czzpw.78.cn
www.51baidusao.com
nba.blip.pl
www.xiaoshuo53.com
trancool.fr
zen.blip.pl
auto-eyes.ru
geekdadsweekly.com
nail2.org
amentace.puk.ro
gopal.puk.ro
skribles.com
www.zhuzhu6.com
colidernet.com.br
oopoomoo.com
11vs11.com
www.axial.cz
aufschnuerend.puk.ro
jeansfun.de
katalogstron.com.pl
impitiab.puk.ro
www.yfhealth.com
www.mysteam.tw
dbazuin.nl
pasten.wop.ro
fbhv.nfdy.net
saifhassan.info
freakinthecage.de
www.ylsw.net
xixihuafu.com
kao139.com
bydgoszczcity.pl
nded.it
www.tasmaninstruments.com.au
www.gzyes.com
baby.lnd.com.cn
niziiromedaka.blog.so-net.ne.jp
www.ahyg.org
hcrc.78.cn
biznesmarket.pl
cpa021.blog.sohu.com
seminavamo.wwwwww.wop.ro
www.babykan.com
game4u.com
jmsit.jp
nonkes.puk.ro
orthowiki.pl
personalitypathways.com
cytaty.info
discover-syria.com
leoforos.gr
mimi948.com
powerfulwebsitedirectory.com
www.averia.cz
cbi.as
stillup.ca
flavin7hydrogen.com
harrypotter.fad3.net
tubexxx18.info
brazilsurf.info
www.centronet.cz
electronervous.puk.ro
directoryscape.com
ckpe.prv.pl
euphoniumplayer.com
travelforall.gr
u2u.be
loovle.it
carava.net
pond-spacenight.de
ojciec-chrzestny.pl
eduportal.gr
touchin.puk.ro
folca.wop.ro
pzjl.fyfz.cn
porodnice.cz
www.zofin.cz
wg1e1hda49.b2b.hc360.com
pcworld.al
bussetsu.wop.ro
www.eztolvasdel.hu
m0o.info
ff.99hy.info
www.bloklist.cz
ddhlt.com
mobiads.ru
admin918.com
hengguang58.cn.b2b168.com
www.onlineprace.cz
budo.lap.hu
lntv.cc
xian.961314.com
employmentlawbirmingham.co.uk
berry-girl.ru
www.cccse.com
proste.pl
www.vasecocky.cz
amicidellabiblioteca.info
hsbc.co.mu
swappy.info
freeflashheaders.com
xn--n8jwkyd4a3882djk3c.biz
taylor-madeak.org
interclinic.net
oroninflammation.net
hebinzhicheng.com
kociara123.pinger.pl
www.plasztikaisebeszet.vnet.hu
www.inzer.cz
background4christian.com
syden.wop.ro
aferve.com
porn-newsek.pl
ronaldlee.asia
mjsgduwq.blogdetik.com
debatainternetowa.pl
www.xinminmalu.com
jqvh.qiwen5.com
fandomwank.com
cyxk.b2b.youboy.com
www.jcwork.net
www.zhenhuanzhuan.net
fccn.pt