www.yaoji969.com
imeet.com
www.eukc.org
analizy.pl
radar-ew.org
yandalo.in
griesheimer-zwiebelmarkt.net
366.3199.cn
www.tts10086.com
iie.org
adzi.taobao.com
sorasol.co.jp
www.xiemingpin.com
slemish.info
inthename-stock.deviantart.com
www.fiyung.com
crowdscope.org
serveerster-kostuum-roze.istats.nl
laojiyu.com
barkerandstonehouse.co.uk
chemistrystore.com
www.gxsyu.com
www.mo57.4f9.org
dialadeck.com
zhidao.gxp.cc
www.kkkq.net
sewalkman.pl
suplementy.pl
www.iguru.cz
www.szapk.com
baptistfamily.net
www.qhyccy.com
rs-direct.co.uk
selco.info
www.nta.go.jp
www.9900pao.com
damie.jp
partishop.net
filmporno12.info
uchlhr.com
tl.nagykar.hu
www.hfq.hk
feestwinkel-groet.istats.nl
aangezoeten.wop.ro
emailfilteringz.info
wh.haopoo.com
gueterannahmen.puk.ro
www.520hana.com
bh9s.qiwen5.com
telcor.ro
abreuvoi.puk.ro
grzes901.digart.pl
monstar.fm
raihou.wop.ro
apta.com.au
wardata.cz
henningschuerig.de
dgkyjx188.cn.alibaba.com
chanel.nzw.cn
wilco1988.hyves.nl
nimfomane.com
indianpornvideos.in
justpay.pl
susanstechtips.info
avangarda66.za.pl
as.ua.edu
speakermatch.com
www.dearkay.com
clickintext.net
wisselre.wop.ro
www.mimise2.com
mosti.gov.my
tx49.com
yzwb.net
xxx10.info
maoandpan.blog.so-net.ne.jp
web.213yx.com
video-a.ru
www.zhuanbei.com
isabellasart.com
linkadmit.info
www.nefab.ro
nokia-e52.pl
videotancverseny.hu
qmarket.co.nz
bestpornthumbs.com
sellfire.com
lainesse.puk.ro
puvg.210000.org
kueste.wop.ro
sanndru.wop.ro
agriaffaires.pl
eikenlanen.wop.ro
tudibaike.com
pugile.wop.ro
www.igloo.ro
www.velaro.com
gruppolen.it
cafsti.net
www.sdxyfy.com
rockhal.lu
bizit.cz
www.kanmaopian.org
calfeedesign.com
bjsnjmqnxh.page.tl
www.stzp.cn
docchieu.tk
topmedjournal.com
hidemybody.com
web787.com
unp.edu.pe
www.adminx5.com
5tst.qiwen5.com
tigor.com.ua
ikkatsu.jp
tv-wolfwil.ch
winespectator.com
www.mnrb.net
directorysupport.info
www.adbax.nl
xiaoliaobaike.com
coolavenues.com
fpress.info
21centurytube.com
gamesmeister.com
unsuckle.wop.ro
lunia1285.pinger.pl
sachacosmetics.com
www.dd38.net
nessus.at
cegielski.digart.pl
tehran-musiiic.rozblog.com
www.ho.ua
wisecat.com
sibucao.wop.ro
yupiao.info
www.hhaavv.com
kitzel.puk.ro
porta.com.pl
play.fpt.vn
bestcycling.es
www.88rr.info
php5.cz
www.avbieshu.com
edged.wop.ro
webtoolz.me
sejj8.info
mikeradoor.com
magheraf.puk.ro
www.17cos.com
brighton-hove.gov.uk
tahacd.com
harbourrecords.com
ejha.info
lasthopestudios.webs.com
www.999bjl.com
resursadefun.ro
fctwap.cn
informatiegeletterd.be
doska8.com
technobrain.com
8ix.info
leijuu.com
host.com.vn
fclub.biz
alzava.puk.ro
mp4nation.net
www.255ddaa.com
www.klikk.no
ybca.org
www.vip.wastsons.com.cn
evo-x.de
freesexchatrooms.org
mekke.co
jbreaker.ru
radicalreference.info
games-suki.com
iribsima.com
topapply.com
foxduck.de
www.ywdg5.in
pan-yu.net
www.szhuanong.jnn.cn
08ic.265link.com
wowbox.tw
persfinance.ru
ellik.blip.pl
motke.co.il
malaysiakini.tv
ab87.prv.pl
hipologia.pl
lowellonline.org
articletrend.info
www.ayusajapan.org
atozasia.com
9youxi.com
8373.vgb.no
but.jp
fireclickmedia.com
www.haose100.hase.in
www.ebi.ac.uk
minet.jp
stoboi.ru
www.hkchengcwl.com
nfl-uniforms.com
infinity-universe.com
yanbian.m69.info
5d.cn
awshelderberg.co.za
www.seme.hu
www.femme.re
tenminutesago.info
www.ld96345.gov.cn
mhoz.210000.org
noix.com.br
tw-bathle.tk
petsafari.com
nexusrealms.co.uk
tomekgola.pl
cfo.cio.bg
zonalatina.com
emwd.org
rubylearning.org
omgvideos.in
7-ku.info
freshgays.net
www.ssc60.com
54545tb.com
www.tam.cz
rankingalexa.com
lookey.org
i.333456.info
www.yueshu.org
momekh.com
numbu.wop.ro
centurion.bb
www.xxx558.com
454817409.taobao.com
im-tech.ro
truprint.co.uk
oshogulaab.com
getmeinsure.com
whxhgpys.b2b.hc360.com
rotev.co.il
great-yarmouthdirectory.co.uk
www.cadstudio.hu
xxzx.hbucvc.info
wenzhou.19lou.com
car.8hy.org
dimdima.com
nuoret.org
www.sihrcw.com
www.98see.com
plancake.com
88.ggabc.net
roure.cn
viewdns.info
jesienstudencka.pl
ohlahotel.com
themu.co.uk
www.bssb.cn
seostat.pl
90hou.org
henssler.com
daedalus.es
fenixcomp.ru
chechuang9.sdthsk.com
hxjy.cn.gongchang.com
www.252.com.cn
144984416com.7190.cc
beronco.info
itweetdaily.com
gourdpla.puk.ro
jiagesz.com
csonak.lap.hu
www.tuoqing.com
licoglass.vn
www.jtw8.cn
herrar.wop.ro
schrans.puk.ro
discovering-art.deviantart.com
leather.co
blog.meta.ua
websiteoutlook.com
fotomontajes123.com
bbs.zafu.edu.cn
nakano-d.jp
querido.wop.ro
openxcellindia.info
beweegkracht.wop.ro
asos.com
automagazin.wop.ro
naznet.ir
agahi24.com
www.tx021.com.cn
cymbalar.puk.ro
bankpress.ru
www.ahfc.gov.cn
baseball.hu
xfs.jp
tawassoul.net
itchannel.info
tentingmiper.blogger.hu
internetwerk.de
seazoo-cafe.com
stubbornella.org
bankschutzgemeinschaft.de
customwritinghelp.co.uk
css9.net
sportrabbit.com
mukajebo.prv.pl
886tt.com
www.proto.pl
game.zol.com.cn
www.hsyjcc.com
hihistory.net
phpmoz.org
in.gr
mskooiuf.r.gd
ahe.name
webvigo.com
ppcg.com.pl
nme.blip.pl
mominmanagement.com
moxley.wop.ro
ac-font.com
www.ioem.cn
sajoma.com
rinet.net
sexgazetka.pl
uniderecho.com
carolina.xfree.hu
www.iyingxing.com
merell.puk.ro
latterrainassembly.org
northfieldnews.com
www.xiaoqinhaishen.com
likelike.com
www.inlatplus.lv
mleczny.pl
zalukaj.pl
friendscomplex.com
54luren.com
www.kanal5play.se
whudat.com
openc.info
gluecksspiele.net
oedb.org
mealprograms.com
chrogeek.com
satumasi.puk.ro
www.cebaobao.com
www.ykclean.com
hybrid02.digart.pl
hermes-vs.de
allhorsesource.com
www.ganganzhen.com
an.pcgames.com.cn
www.mushitv.com
www.enter.ru
www.51jingangsha.com
capitalfm.com
mysportsmansguide.com
www.3887.com
minizol.pl
streetball.polskikosz.pl
www.zzgytd.com
5ydh.info
mommyscrazy4coupons.com
ultimaaiera.com
kro8.qiwen5.com
libertykeeper.net.ua
3gtmw.com
la1ere.fr
www.free214.com
zorantomic.net
submitdirect.net
colocation.fr
tour.acr365.cn
www.qcsg88.com
twojelinki.pl
www.2p2p.us
cvm.qc.ca
www.3334dy.com
www.kat-graham.gportal.hu
fuckedbyshemale.com
www.maobuzhai.com
cq.ya-k.com
segurosred.es
wales-pembs-art.com
www.ufoku.com
scottcrumpabfn.ning.com
poweredbypligg.info
satdy.info
mangacenter.pl
www.winespectator.com
hcc.nl
www.dahime.com
023seo.cn
www.d-series.org
www.aircrack-ng.org
www.5han.cc
xamux.com
tevi.de
rr365.com
tigerlee.me
presitmv.osa.pl
www.jrq.cc
www.cvfm.fr
f1-portal.ru
jlsofficial.com
entropiauniverse.pl
aringen.puk.ro
calumetseminars.co.uk
fsn.mobi
maradona.com
dlab.com.ua
www.yatingge.com
tut-online.ucoz.ru
nyhash.info
www.295.cn
www.chinamp.org
ichijoh.co.jp
hospital.fad3.net
thelook4less.net
www.mikulov.cz
xinjiang.383845.com
burningboard.net
kfi.or.kr
bainetspa.fr
www.nashnyclimo.com
upnorte.edu.pe
jiyugaoka.com
becomingafityummymummy.info
krysa.flog.pl
rjtlaaom.typepad.com
gushingn.puk.ro
autoreview.ru
fuckndrive.hugescock.com
newcooltoysshopping.com
shop45473.tbhui.com
tpgstaging.com
bolvert.fr
www.82aaa.com
behelp.puk.ro
railnewzealand.com
trashlab.info
tourismproperties.co.nz
al-shareeef.com
linkdatabase.nl
www.mp3.kg
destassimo.puk.ro
www.rcif.org.cn
gexingqq.net
symbian-developers.net
www.qdhle.com
craps.wop.ro
airstop.sk
kurakush.wop.ro
www.aikc.net
www.fywzsj.com
www.warszawa.dodaj.strone.pl
rancnc.org
isp-news.ch
dmak.mobi
shahblog.net
custompartnet.com
ffa.x0.to
aartssch.puk.ro
www.1129681944qqku.com
6257.com
www.370au.com
bylf.210000.org
khoavanhoc-ngonngu.edu.vn
www.hg3289.com
iso27001standard.com
dcshoes.ybfn.com
pelzmant.puk.ro
u9rb.k3y3.net
djkamsys.wrzuta.pl
iphone.heze.cc
freakinthecage.de
mosy.nfdy.net
www.difficult.com.cn
puffyads.info
angelawebcuki.blogspot.hu
improveyoursenseofhumor.com
o7vk.k3y3.net
www.941yin.info
craigslist.be
agoravox.fr
www.aus1039.com
baodeliangjing.1168.tv
wetteksten.puk.ro
tnpd.info
xxxmus.wop.ro
www.xingcheng168.com
www.whwwsz.com
79.cn
bookmarkaroundtheworld.info
daddle.puk.ro
www.kuaizip.com
www.90xz.net
hvol.net
wsoso3.wangzhuan777.com
301123.com
caoliumsn.tumblr.com
localtradie.co.nz
sfoci.wop.ro
pornoetsexe.info
90xxoo.com
daftariklan.net
rysh.nfdy.net
mintannie.pinger.pl
dzikk.digart.pl
www.parot.fbl.pl
forumprofi.de
trees.soup.io
boda.wop.ro
newbau.blog.so-net.ne.jp
lxseouavot.blog.mongenie.com
compra3.com.br
hudoba.ru
fatcowbusiness.com
zsb.sues.edu.cn
jinanstar.fdcez.cn
hbtstc.goepe.com
www.ayjyrc.com
www.0510fp.com
www.cope.nl
gyerek.lap.hu
leeaky.com
www.bieszczadzkiewzgorze.pl
www.bigmax.ru
www.njzhiyuanwx.cn
0-nix.de
kiwihomepage.co.nz
mojecoupe.prv.pl
rss-easy.de
qwee1.951n.cn
6song.cn
roswell.puk.ro
gundam-forum.com.au
freerapid.org
viorelmocanu.ro
awardspace.info
gzsamsungwx.com
www.grafinet.pl
abluo-uk.co.uk
10dofollowbookmark.info
www.qqwen.cc
auiti.wop.ro
shmessenger.org
www.cxwb.info
carrepointu.com
kclick.info
adultgogo.com
aronet.ro
pivotcon.com
harmonyrestored.com
katerpillar.it
www.0455.gov.cn
cdknusdbkq.blog.mongenie.com
eversinc.com
www.jinhuisj.com
minal.puk.ro
jyunitu.puk.ro
ajaxpro.info
janski.edu.pl
www.dgshisu.com
lady.56.com
salue.puk.ro
entreblogger.net
www.ylsw.net
biyou-seikei.cc
1lacrosse.info
www.mx528.com
08hk.net
gunyahhotel.com.au
bollywoodnews.org.uk
mydubainetwork.com
gwebtools.com.br
778wt.net
momoutnumbered.blogspot.com
magusia30.blip.pl
gxh.dz.vancelle.net
biblia-mp3.pl
home.1k.by
movie.xunlei.com
1z4.info
mhfeipin.b2bvip.com
arquitec.com.br
benq.msn.itcpn.net
fleurop.ch
rssfeed.cc
7755.tk
mlgo.org
biohost.info
carws.net
fc.tainfo.net
vidyotv.net
www.lggg.com
thefundingportal.com
traffic-flows.info
535353.info
afid.fbl.pl
bafut.puk.ro
usdigg.com
www.digilentchina.com.cn
meconviertoengeek.com
panzio.szallas.tisza-to.istenhozta.hu
sbenergy.co.jp
stonebor.puk.ro
54vvv.com
livemanplay.com
hyc.fad3.cn
ddxiezhen.com
betka.pinger.pl
663pp.com
recipebookmarks.com
foundforthehome.com
pesotan.wop.ro
erregten.wop.ro
www.didiao.info
kingofcars.at
9.133hk.com
nirakoottu.com
wfwp.us
www.quye.com
gaoshou.cc
counterstamp.puk.ro
wuhu.tianqi.com
allesunverbindlich.com
myvacation.cn
pinger.jp
earthdrill.net
www.juntinghao.com
realestatemelbournet28p.info
aquincubital.wop.ro
profeto.pl
curdhome.co.uk
www.qrxq.net
carrigalineparish.ie
bangong.biz
apneateam.info
gruebele.puk.ro
www.krwsjc.com
oddest.wop.ro
ewitryna.pl
www.bqun.net
www.nvyou521.com
socialbookmarkingsiteslist.in
news.fznews.com.cn
glomt.wop.ro
digg-tweet.info
infoengine.pl
duckcrypt.info
sonotaka.puk.ro
liloy.info
www.21ky.net
villa-ce-dk.info
www.recyklujteshasici.cz
ishinabe.wop.ro
marketingcamp.dk
hgyjcl2012.cumt.edu.cn
bbdf.hyves.nl
yazikita.com
postcardpowermarketing.info
steachs.com
arct.co.jp
iluminaci.pl
exvoto.wop.ro
dagstuhl.de
4wdl.info
www.zgjiageng.com
hbashop.com.br
the-book-of-life.info
clipxxx69.info
fortunita.info
beate-uhse.tv
www.airenzhe.com
tinyxd.me
www.zjcgw.com
visvim.tv
xn--gksfg-jua.de
renem42.hyves.nl
www.waran.cz
pinspire.fr
www.3tes.com
1000colori.com
pinaccesscode.com
psetta.wop.ro
techtech.net
x8kk.com
webcijfers.nl
thequills.org
polygamia.pl
aeschine.wop.ro
lokuf.com
danmccomb.com
aldi.ie
eldoonya.com
skalice.ru
buguiqiu.com
muslimco.com
ricsporn.com
www.panmie.com
mmee.blip.pl
okj.tlap.hu
poloniasf.org
kingsoftduba.net
innersource.net
nutrametrix.com
nadia.flog.pl
drakerig.wop.ro
mocsi.gov.ye
botian268.cn.alibaba.com
braeman.euwww.wop.ro
freearticles101.info
gitaarwerk.com
bartekft.digart.pl
b6fo.k3y3.net
webidirectory.info
jakpoderwac.pl
melancia.puk.ro
kuoyu.wop.ro
optele.net
blog.120-health.com
www.cbf.cz
acs.pl
prive.com
rentegn.wop.ro
anloetenden.wop.ro
ngmzd.my.gov.cn
miastowkomie.pl
becar.ru
szepulj.hu
rushydro.ru
abfluss-verstopft.info
career-s.mynavi.jp
crogoo.com
stratus.puk.ro
regrip.puk.ro
www.dlh9.com
dreamsforkids.org
darek781.digart.pl
naresyon.puk.ro
tricksnew.info
flirtbox.in
wzt.9998.tv
www.qicheng518.com
giann.net
grubychudy.wrzuta.pl
www.juntucs.com
creativityhurts.net
linkloop.info
lcd.saus.cn
alf-board.de
invulnerable.info
fqdq.210000.org
www.630soft.com
ccifh.hu
picklehe.wop.ro
www.tucoo.net