domainmarkt.de
milice.wop.ro
essentialoils.co.za
f1u3.qiwen5.com
pricesforcomputers.3bk.info
naontenan.freeforums.org
fuenflingen.puk.ro
chsl.webs.com
deutschesee.de
eogi6.com
club.tw
netto-travel.de
www.xohkino.com
vakantiebelgie.be
rfidequipmentleasing.com
pet2video.com
dehong.gov.cn
noweinwestycje.pl
www.taorenxi.com
91porn.aa.am
hifi-im-hinterhof.de
buzztin.com
alvino.puk.ro
higawari.co.jp
vovworld.vn
achras.wop.ro
vip9.755.com
1511.ndw1.us
yc3x.cc
home.1k.by
wasvrouw.wop.ro
knihi.by
vw7c.nfdy.net
daiviet.net.vn
insart.co.il
www.abwerk.de
natalka8888.wrzuta.pl
ai-yellow.biz
wz.17u.com
unicom-demos.info
telovashe.kz
fdc.86516.com
www.ador.hr
piana.puk.ro
www.zgykc.net
chjx.210000.org
72098947.taobao.com
gme.sk
kadoshim.puk.ro
ttdmwbrfp.page.tl
fiss.me
usa.8899.tv
www.jeshotel.com
www.wr.nl
hupan.net
vrc.ck.ua
plotip.com
tinypic.pl
pvcf.k3y3.net
2485.nfdy.net
303.wapbm.me
bcss.210000.org
mp3towav.info
songdl.net
ankangcha.1168.tv
tokobasi.puk.ro
natasza0727.digart.pl
riddle92.tk
www.pic.voc.com.cn
gercraft.1x.net
gowe.nfdy.net
chinaz.com
graphics.beareyes.com.cn
classifiedreal.com
5e2g.265link.com
annualgolf.com
dnis.210000.org
esochaczewski.pl
mulberryhandbags-uk.info
stevebarker.ca
www.ugk888.9v0.cn
www.abhd.nl
stela.flog.pl
stocklink.no
stoff4you.de
studioopinii.pl
studiopodrozy.pl
studylanguages.org
sturmboard.info
stylishfetish.com
superautos.cl
supersaas.de
susu.at
sy1678.cn.gongchang.com
synlighet.no
syw.78.cn
tajalibasirat.ir
tawsl.net
tbanc.cl
teachy.wop.ro
trocmaer.info
tud3.k3y3.net
tut-online.ucoz.ru
txhtptfe.b2b.hc360.com
ubuntued.info
udsving.puk.ro
impersonal.me
uitgeweekten.puk.ro
ultravnc.info
unfemininity.wop.ro
the-directory.us
unikurage.sakura.ne.jp
practicalspreadsheets.com
unister-media.de
thuonghieuquocgia.vn
usinfo.pl
nonwovenbags.blog.163.com
mondadori.fr
dp.968.cc
puisterige.wop.ro
vannetukku.fi
you-must-live.com
velde.wop.ro
www.qqwangminger.com
veritas.flog.pl
www.md-mall.com.tw
veszto.lap.hu
filmy.warszawa.pl
virenschutz.info
virtualcar.it
caobibi.info
wang.okgo.tw
webkatalogus.info
ruxianjiancy1.1168.tv
www.mcsweeneys.net
articledashboard.info
voxx.info
vx78.k3y3.net
wap6ba.us
web.213yx.com
weblimani.net
websitereported.com
atusadora.puk.ro
weronikatweronika.pinger.pl
wodzislaw.pl
fangzhou.2012.blog.163.com
www.456fff.com
hao.b2b.biz
www.5ka.pl
www.7x6.cn
www.8shaoxing.com
www.96296edu.com
wykruszek.digart.pl
momschoose.ru
www.2xxb.com
2882.in
2andtake.aclu.co
kokkelko.puk.ro
2g2g.de