nsx.pl
www.1-l.cc
biblioklept.org
meodiu.us.pn
www.rws-verlag.de
gophp5.org
furriners.wop.ro
mad-web.info
printer.3nc.info
www.z24.nl
communitywebs.org
houtachtige.puk.ro
transparentwebsite.com
clipxxx69.info
mscnoticias.com.ve
hyalogra.puk.ro
www.hacg.me
verehrte.puk.ro
vogue.de
www.6e6e0.com
jgkf.210000.org
directoryelite.info
cdsqingyq.jinnong.cc
newrider.com
www.cloudleft.com
internetdsl.pl
wngl.nfdy.net
shlf.info
jiudian.youxiba.info
sexe4.org
www.mp3s.pl
picsforfriends.info
s.726.com
www.hunancoal.gov.cn
post.58.com
www.shanghaizhongtie.info
acoussoftin.info
www.posuiji520.com
www.wanted.ch
myphoto.to
paketumrah.com
cheapemailservicez.info
siterj.net
vonderhaar.puk.ro
moma.puk.ro
etal.se
www.wbdm.net
shop.ajax.nl
601448.com
hupan.net
lucua.jp
alwis.wop.ro
ipcl2012.blogspot.com
bouaghi.puk.ro
champcamera.co.jp
www.22rc.com
powervine.info
qcahuruxvw.blog.mongenie.com
aguula.flog.pl
22dddd.info
vip.28wed.com
psgui.com
zuchedui.com
chouwazi.com
bashkortostan.ru
kfc.pl
hao.36.cn
fastpoznan.pl
www.glpoker.net
khenifra.wop.ro
filmz.cz
benten10oyunlari.com
atehenmei.com
www.programa.pl
zchx168.net114.com
minecraftexchange.net
fortify.com
owney.puk.ro
asiaptc.org
52u1.lizhidy.net
www.yyuda.com
publico.pt
behb.nfdy.net
killer788.blip.pl
directoryfrog.com
pinocle.puk.ro
www.m8av.com
chachala.com
sz.nuomi.com
77qe.com
amb.pl
vipc9.com
www.overzicht.nl
floral.wop.ro
infeka2008.wroclaw.pl
nm.189.cn
dw9.9998.tv
literallyinspired.com
86ma.tk
ebookreading.4vw.info
miohome.ru
ruez.eu
websitehostingcompanyz.info
www.xjxiaofang.cn
one.cz
zapateador.puk.ro
albbcy.78.cn
adrevamp.com
fdc.86516.com
imoment.info
the-dictator-full-movie.blogspot.co.at
yourlinks2day.com
toplistenserver.info
lopburi2.go.th
www.aidang.tk
aaugymnastics.org
mmtu.tk
e-review.tv
pivotcon.com
www.jelc.or.jp
kupgazete.pl
gpodder.org
www.unovotnych24.cz
www.xxx553.com
ceas.cc
stigroup.pl
brechthouben.be
rambia.wop.ro
brandbox.uz