docizi.mil.pl
nehasjournal.blogspot.in
missionmoldova.org
key.plu.cn
sn0769sn.com
gesteckt.puk.ro
chipi.tv
cluckuchicken.com
bottlegourduk.info
noroeste.tv
shop123.com.tw
www.agen.cz
wahlstim.wop.ro
screamoboy.ru
google.lt
uipoo.org
zhongxing.tk
sila.toplista.pl
epl.org
inongye.net
rbnzsecure.co.nz
www.cheapmichaelkorsoutletcanada.com
parodia.lap.hu
www.wwww.76me.com
mff-dp.startspot.nl
e-markit.info
mensagens.nom.br
www.reftelsz.ro
55mpw.com
potted.wop.ro
sijyouna.wop.ro
blic.rs
infocell.info
123a1.com
zansuu.wop.ro
partsdata.de
5794.sew02.info
www.141cn.com
lavabo.puk.ro
www.aalberstextiel.nl
fixer.com.ua
erntender.wop.ro
homeflow.co.uk
as-garten.de
yongom.puk.ro
prosifier.puk.ro
banaarababul.com
honderdvoudig.wop.ro
mindigtvextra.hu
bingames.info
babyactive.pl
cosmo22.xfree.hu
3dcrystalshop.co.uk
exvoto.wop.ro
mieszkania.info
voorzitten.puk.ro
directron.info
metro.lu
tobosi.wop.ro
fredscloud.info
www.1-l.cc
persiandvb.biz
beechlands.info
www.ry007.net
immenseseodirectory.info
www.220ee.com
100822.com
bbs.766.com
hypermedia.cz
www.seo51go.com
enlive.pl
www.111k.cn
wegbreek.wop.ro
compusoft.co.in
www.931wl.com
www.scmwk.com
www.vatera.hu
balsembomen.puk.ro
anutel.it
bloggle.co
counterstamp.puk.ro
piletilevi.ee
www.zzwol.com
77xi.881mi.net
djarai.wop.ro
makte.wop.ro
naontenan.freeforums.org
osaka-f.net
tsrif.blip.pl
quartzif.puk.ro
www.ftet.de
198.wo88.in
aversely.wop.ro
virginiainteractive.org
seken.blog.so-net.ne.jp
giste.wop.ro
gz.156580.com
chibi-uchiha4.deviantart.com
www.kanlux.pl
shootoku.info
www.ahshengshi.net
adrianofarano.owni.fr
adish.info
cnkuc.114.org
sgrab.ru
bcpl.info
hengguang58.net114.com
vip.999green.net
meaduo.com
rbru.ac.th
trailrunners.org
humyai20.info
articlesurge.com
asiayone.wop.ro
uconn.edu
mbkgoi.de.vu
globalvoicesonline.org
all.gd
51proxy.org
agoda.web.id
youporn5.info
xixihuafu.com
1531429.i.tiexue.net
05020.info
caihua6.info
tuugo.com.ve
e-brylanty.pl
kuuno.info
brummiclub.at
www.dihadi.com
www.ylusb.com
atakirock.pl
webitkft.hu
www.aztv.az
anglia.linkpark.hu
gogo-nihonbashi.com
net110.ms.gov.cn
www.1yang.net
gardendirectory.com.ar
galleria.puk.ro
optima.cz
www.cnhtcpurch.com
8bocai.info
cala-millor.eu
xixichengyuan.com
mjmyw.com
www.xrtkw.com
prcz.info
rovers.co.uk
farrow-line.info
firstteensex.com
www.coe.ro
overwonnene.wop.ro
babuma.wop.ro
pwba.k3y3.net
strefaimperiumgier.pl
www.51-jm.com
mediagaon.or.kr
janequeo.puk.ro
cataloguer.software.informer.com
sunglassus.info
campaniasuweb.it
asknet.de
ntt-kstd.co.jp
baotojoji.blogger.hu
6hcai.co
www.diamag.ro
bionaturally.net
unnative.puk.ro
kutlan.net
nines.wop.ro
mushines.wop.ro
giftboxes.mywapblog.com
gilfondrt.ru
cm6h.com
exper.org
aanroepe.puk.ro
nemoci.doktorka.cz
olavobikers.info
tamatekk.puk.ro
jocuri.rol.ro
cctv.fyfz.cn
archplay.puk.ro
4008844442.com
xjdil.com
phpday.it
bewerbungspartner.de
nhacpro.info
www.zz24.info
uz18.265link.com
wholesalecellphoneac.3vi.info