www.newbye.cn
yanjiangkoucai.net
he.189.cn
www.gooluu.com
www.madrid.org
noga.toplista.pl
www.gzrhby.net
888.ac596.net
vseozarabotke.info
izdubar.puk.ro
www.6846.cn
18061.info
jennifer.islive.info
www.zsq9.com
www.zzwwsc.com
www.pornoraj.pl
u-ryukyu.ac.jp
voucherselector.co.uk
sarah-hoedje.istats.nl
w09ip.com
jk.23shi.com
kathi.flog.pl
gangbaar.puk.ro
qqceo.net
motyar.info
macutopia.es
microspot.ch
tonneliers.puk.ro
podarimo.si
www.bitu.us
wmr.flog.pl
mueblessur.cl
gvzu.nfdy.net
www.xhiz.4f9.org
stream.wop.ro
www.860412.net
maknik.info
aptekaslonik.pl
www.prosud.lu
ciot.nfdy.net
www.uu11.com
iskra1998.pinger.pl
gebondenen.puk.ro
bega.de
i-bbshuang.info
www.qibuz.com
first-responder.co.uk
www.zwpsc.com
www.sunway.es
web-hosting-top10.info
www.xtonge.com
baxi.it
mumoth.wop.ro
sansad.wop.ro
aperfume.info
razavi.tv
osram.it
zpshop.nl
tubeporn.eu
sogaer.it
weverky.tym.cz
bancadoramon.com.br
superbuy.com.sg
diagnosticomedico.es
lirumlarumleg.dk
institut-francais.org.uk
aptea.info
brasilpaginasamarelas.com.br
trivvet.wop.ro
6yt.us
savour.sg
rederecord.com.br
juliabond.adult-star-blogs.com
csail.mit.edu
ykchangweishuj.1168.tv
ktcs.co.kr
www.argus.nc
gouyiyi.info
9158luo.la
www.sho.dk
www.a-good.com.cn
dgdsw.com
westwing.com.tr
kurser.dmjx.dk
keeg.fr
fischgeruechen.zaklanta.wwwwww.wop.ro
tagadvertising.it
eiroseifi.lv
apal.com.vn
rss-halo.pl
cafeetrusca.com.mx
www.czas.cz
i-netshops.net
obvsg.at
thedailyobserver.ca
grupodeesteticadental.co
fdu.com.ve
turism.acasa.ro
cu.to
mps-service.it
radiopolar.cl
swisscard.ch
aplitel.es
sevensamuraifullmovie.blogspot.ca
gaysir.no
rivira.lk
beppeviola-arco.it
masdr.net
iss.co.za
juvenewsradio.it
henne.no
trassat.wop.ro
sbi.dk
urdihuset.no
jp-adult.org
idealhosting.net.tr
china.co
mdm.ca
hardflavah.co.za
lajco.soup.io
sinngedichtes.recondense.wwwwww.wop.ro
ibic.me
fun-blog.pl
stallehr.vol.at
diariodesorocaba.com.br
ujbuda.hu
sportspaper.gr
emps-scape.net
sobstvennik.by
www.ruixiangyuan.cn
dnonline.com.br
burberry-outletonlines.org
emailservidor.com.br
www.salidzini.lv
fudoumya.openging.wwwwww.wop.ro
cbi.eu
br00t.net
meromo.m.2s.tv
businesswaybnl.it
bbvanet.cl
r9h.info
dulichsenvang.vn
ccftn.com
myrebirth.fr
csjt.jus.br
clubcorsavenezuela.net.ve
yescosmetics.com.br
healthpost.co.nz
correiodopovo.com.br
fatcheese.ie
game-up.fr
www.ffdf.fr
cw.com.hk
terapie.doktorka.cz
bajacalifornia.gob.mx
webseoservices.co.za
koderuj.pl
harmoniqa.se
tongdaifpt.vn
internetwebdirectory.us
frr.ro
arcom.com.bd
sirja.wop.ro
sfinance.cz
easel.ly
umh.es
culturelycee.fr
sociohit.co.cc
tzgw.info
thaicuties.net
pulze.dk
www.zzskvk.cz
depobangunan.co.id
panzermc.cz
mammagalan.se
netgeo.biz
chyi.com.tw
s-ter.net
dimox.net
www.wimdu.fr
blizoo.bg
great.dk
daymen.ca
tsunami.com.br
totalrecallfullmovie.blogspot.fi
listaseo.pl
drupaldojo.net
trevian.co.kr
argentodo.com.ar
trasportoeuropa.it
defesacivil.gov.br
infodf.org.mx
www.ctcc.tv
pairies.wop.ro
watchx.com.br
febo.puk.ro
dr.vit.ir
us-in.net
school.net.th
guideguide.me
sapphiretech.it
parlamento-cantabria.es
www.ya.lt
www.moldagro.md
poemes-amour.fr
neo-avenue.fr
avtomoika24.kiev.ua
www.tzpf.so
barkodokuyucu.co
lublana.si
www.fute-china.net
buzzfellowz.jp
comofazerartesanato.com.br
musicaeadoracao.com.br
cgocable.ca
alors.co.uk
nepalwireless.com.np
parfumerie-aph.fr
jonsullenberger.blog.is
anneperfumes.com.br
cactus-art.biz
umb.edu.co
vodkasports.tv
sli.digart.pl
saharun.org
xxb54.kkzz.us
braip.com.br
eztv.it
microscopical.tash.hypersensuous.deliriant.wwwwww.wop.ro
guadagnamosoldionline.it
qdpro.com.ua
tripadvisor.com.tw
gossiplanka.com.co
hula.vn
www.altach.at
susaalandetsskole.dk
www.mususkelbimai.lt
conseil-national.medecin.fr
www.munihualqui.cl
shutup.cz
trituradorapiedra.com.pe
mpumalanga.gov.za
build.kz
www.ffxx.biz
xxxlicks.info
prolighting.co.kr
sereine.wop.ro
lingvozone.com
zwe.r.gd
it-crowd.serial4u.cz
istitutocomprensivogabrielli.it
lesnews.it
sosshop.it
www-there-about.r.gd
citopie.fr
ecodepot.fr
feissbuuk.ee
xxxxxxx7.info
nsc.ca
mobiads.ru
1001lingerie.fr
travian.ws
extratobe.cz
orgaone.co.kr
watch-gossipgirl-season2.blogspot.gr
equity.co.kr
sanlorenzowebsite.com.ar
www.ch312.net
u38.biz
termbridge.net
shahrazade.info
bigmouthmedia.es
guihuaxiang.com
steam-coffee.menu.atlas.sk
utu.edu.uy
amsterdam.info
ether.es
gigabyte.pt
jornalindaiatuba.com.br
solms-delta.co.za
mcdues.cl
rss-clipping.com
agenciadas.com.br
renvoyaient.felicitate.wiedergetane.juteuse.euwww.wop.ro
arteworks.biz
idirectory.info
www.stykkisholmur.is
nanazia.ir
bavant.puk.ro
www.oxatis.es
hostingu.info
szafranowy.eu
ubroad.mn
gomania.co.za
qdkvip.88ka.cn
wlj.me
adoromoveis.com.br
gunpowder.sk
investmentpropertyforsaleopse.info
neverdie.funbbs.me
ilm-tv.info
mundoanuncio.bo
www.mynavi.jp
respiratorium.wop.ro
xxltv.fr
djfm.ca
lrt.tv
www.zhufengslate.com
floy.com.br
lxss.net
stumbleforward.com
clubhipotecario.com.mx
corriere.publisherconnect.ch
go5.100hg.com
ciaopeople.it
autoepoca.eu
www.sh-yongsheng.cn
dintaifung.com.tw
nbp.com.pk
fixeren.skalpell.euwww.wop.ro
buchhaltung-rechnungswesen.ch
billboard.co
arih.210000.org
zombiebook.org
yinsex.us
wmpic.me
www.jez.si
www.tophoer.nl
tincphireno.06fr.com
4404.wapbm.me
www.yinliao.biz
bookmarkyaho.info
journalism.pk
www.ampc.org.cn
hadezprofit.info
wsa.ge
www.138ccc.com
imiduk.wop.ro
fusionads.net
yareads.com
sujian.info
los40toluca.mx
cuvr.nfdy.net
phrasy.wop.ro
leon13th.digart.pl
en.333.la
gzbyq.cn
nawetciszamozebyccyniczna.soup.io
onap.com.vn
2400.nfdy.net
propertyfinder.ae
jfie.210000.org
hot-point.pl
www.renrens.cn
unflag.wop.ro
screwfix.info
wjqy.nfdy.net
ijxg.210000.org
shark-tank.net
smeba.fr
infomedios.com.ve
www.lwccx.com
bethel.wwwwww.wop.ro
vannetukku.fi
airlib.be
www.jehp.jp
mp3.uz
imlemeb.info
mocsystems.com
fk.wgdnf.info
price.2u.com.cn
topaz.pinger.pl
bookmarky.cz
svhl.210000.org
women.gov.ir
cc.wwmmm.net
tartaglini.it
standupforbronzeville.org
fcsalina.ro
xian8.org
www.fondazionebmlucca.it
www.pradziad.pl
standgeldes.wop.ro
www.sq315.gov.cn
www.polimex.cz
sibilate.puk.ro
wmrrm.org
jpdodo.com
x4o7.k3y3.net
tved.210000.org
tagvi.wop.ro
tishreen.info
www.fnp.pl
saabklub.pl
tongliaochepiao.qiannan.org
akosi.puk.ro
pvsf.265link.com
www.arpo.nl
obiavite.info
www.5yb.net
www.pp2pp.com