otonayou.wop.ro
blizoo.bg
singlelodz.pl
qiwei.6188.net
keyword-link.info
stihl.es
www.sqwsb.net
www.hacg.me
skywatcher.ro
besttourism.ro
www.125jia.com
web-creators.info
souris.digart.pl
www.15555.cc
www.bassdrop.ca
shishioh.info
triboo.it
bikeserwis.pl
xixidieyuan.com
departmentofstore.info
sartorit.wop.ro
www.cdysxy.org
itjob.xue.net
e4ff.qiwen5.com
seopasswords.com
guihuaxiang.com
prwv.info
www.sq1024.com
linuxnotes.com.br
navygouge.com
pornbig1.info
www.zjjsxz.com
cheerleader.co
sso.go.th
learningmatters.tv
sendsms.ssl.mts.ru
www.jingzhengli.cn
sv-tuengental.de
www.yintudou.com
www.shxmqy.com
smrenti.com
daily.am
be.cx
whiskylive.ru
livesmart.gr
www.80sewang.com
dehajime.puk.ro
sieuthionline.info
uaua.nfdy.net
pdaexpertos.com
www.qq114la.com
www.free.de
wengerna.com
www.5917me.com
tokyo-kaishun.jp
sanmartin.com.co
kinitu.wop.ro
j.333456.info
f.epe.at
chuyenphatnhanhquocte.net.vn
0571400.com.cn
iverk.puk.ro
www.cdjbqj.com
www.zhixibenn.com
www.ztgy.org
xian8.org
xmm.co
xuruoxuan.6188.net
gmxq.nfdy.net
expocentr.ru
xiangliao.biz
gapines.org
paid-instant.net
unitedmodels.eu
davis.ut.us
mybiosis.info
t55.xxb88.org
inongye.net
promotrcker.info
plus500.be
sviderski.digart.pl
realbbwgirlfriends.com
www.myjiaan.com
aturae.wop.ro
zioale.it
stilizz.wop.ro
hupan.net
skyte.puk.ro
ebqj.nfdy.net
lvkm.hyves.nl
roister.puk.ro
search-marketing.info
sxyouxi.com
chachala.com
www.dpp.go.ug
avi-swf-convert.com
premove.puk.ro
feriavirtualdellibro.es
www.pc028.net
tw6m.com
www.wangjinart.com
ingulfme.wop.ro
roelandmeyer.org
pensil.wop.ro
wmmarket.info
lincang.3he.cc
alone-angel-san.deviantart.com
investorsinproperty.com
hoau88.info
home-made-soup.com
reseo.com
blog.tilos.hu
moualal.wop.ro
citebeur.com
socengine.ru
l3j.info
w84s.love100.us
agard.puk.ro
link.55.la
blogna.tv
wappepsi.cc
argyll-bute.gov.uk
stach1111.flog.pl
harikuyo.puk.ro
itami.lg.jp
fotos.ntr.br
esxx-sy.com
dsa.org.uk
tytim.edu.pl
neimenggu.m69.info
www.ikxs.net
tmkhanoff.digart.pl
www.emoed.net
bbs.7889.cc
bbs.xjzjxh.com
hhmj.info
vurst.wop.ro
president.gov.tw
armor.ag
www.gstaad.ch
www.move.dk
tadalista.net
digg-tweet.info
printermaster.hu
yougedi.org
raving.wop.ro
videocul6.info
xian.baixing.com
clearskin-us.com
seoempresas.com.br
allegrodance.pl
www.bttkh.com
www.riri666.com