aquatech5.x10.mx
muou.info
25983.hos.999120.net
bmarksservices.info
2la0.k3y3.net
nedelya.az
misulzden.freeforums.org
hardflavah.co.za
claudinha.com.br
fabfab.net
asperamente.puk.ro
www.letop.be
freule.wop.ro
jm.taofang.com
bitemyapple.co
zhdf.dz.vancelle.net
mobile.ro
www.wiego.nl
journalism.pk
scsqj.com
it.jobset.cz
kgbdhg3f.1168.tv
pogues.digart.pl
mundoanuncio.bo
msarat-sa.com
abosi.puk.ro
www.xcy8093.com
www.domop.org
abdohoo.com
studiosk.prv.pl
www.94seav.com
fffid.com
greatdouble.com
www.hedu.at
ht-world.org
pendrions.puk.ro
11nk.ru
doggelganger.co.nz
animes.puk.ro
meusacessoriosapple.com.br
zol.ch
abowow.com
avando.cz
pysh.blip.pl
ceginditas.info
youporn7.info
opererer.wop.ro
aboutincest.com
aboutwebsite.com
infirmiers.wop.ro
pujcka99.cz
nongbiyadysh.1168.tv
shadow-net.info
miyosire.wop.ro
1miancanju.taobao.com
e-lib.info
treppenliftinfo.net
k363.18p2p.info
notitiae.info
aussie.fm
7766suncity.com
econciencia.cl
pizn.net
www.logeb.com
ccftn.com
presubst.wop.ro
lerel.wop.ro
danielanonim2.wrzuta.pl
room-ayaka.jp
iona.edu.pl
popular.com.my
snoren.wop.ro
nuernbergmesse.com
www.bjmeishunbao.com
sonyvaiop.7kt.info
dailysale.com
cyberplat.com
www.ggopisy.net.pl
teliserver4.de
sakura047.flog.pl
sosshop.it
slnb.265link.com
koktel.wyw.hu
wapliu.com
gaysex-porno.com
www.t2av.info
www.abgent.com
michelleadams.info
seventh-angel.net
countryscan.com.ng
nolimitimports.com
extraira.wop.ro
bookmarkingmosquito.info
kinitu.wop.ro
ewik.flog.pl
scarlet-internet.nl
www.haose779.com
www.5dy.com.cn
duruy.wop.ro
privatvejen.puk.ro
www.mijue.org
nordbet.ru
xinhaimining.com
www.nacta.edu.cn
ugentlig.puk.ro
www.ltc58.uqc.cn
www.sf999.es
v.shifugao-av.info
it.chd.edu.cn
topfx.pl
chatplace7.nl
ellipse.puk.ro
abren.com.pl
torrentcity.pl
abreisst.puk.ro
www.cwqq.org
abreuvoi.puk.ro
abbracciai.puk.ro
lite.blip.pl
xulibin.com
hanirc.org
hdav.nfdy.net
9agucha.soup.io
mdblackhats.org
tyndale.ca
isoftware.mtxserv.fr
mscnoticias.com.ve
www.anuntpromovat.ro
egynews.org
2click.pl
fournosveneti.gr
mi.99bitgongchang.info
manbw.ru
www.chinaw3c.org
scsmt.9998.tv
trotze.wop.ro
www.239300.org
www.huaguocheng.cc
h6t6.265link.com
wiwrestling.info
altijdgr.puk.ro
au108.info
www.wytyy.us
r.sega.jp
chachala.com
cam4premium.com
directoryoflinks.info
yzox.nfdy.net
txyq.nfdy.net
a.wanxue.cn
prwv.info
3akk.com
extremejobs.ca
ubuntued.info
e-musiclab.org
yuwae.wop.ro
webzi.info
ac-poitiers.fr
abstoppenden.puk.ro
djurs-antik.dk
f9h6.265link.com
kovig4.link.xfree.hu
www.nanrend.tk
facilogains.com
www.hqexam.com
axiez.wop.ro
guangzhou.wshu.info
www.hdycw.net
iaew.nfdy.net
keepmyip.info
jaworznianin.pl
www.33jia.com
give1-get4.ws
webtrunki.pl
ir.lv
longtermcare.gov
www.910138.com
bronchen.wop.ro
fzpu.nfdy.net
iljt.in
a2zcreatorz.net
bridalemporium.biz
xkfi.nfdy.net
bisghana.com.gh
zeepter.de
domenomania.pl
eco-market.pl
guihuaxiang.com
flytogetkvittering.no
marionex.pl
cholerae.puk.ro
scoobyshouse.org
wikidb.info
sportozona.lt
dotal.wop.ro
www.mauz.hu
www.lolajl.net
quinielista.es
home.dyfc.net
metar.gr
sli.digart.pl
kalulka.wrzuta.pl
www.pizzadiravenna.ro
ucf.edu
get-software.info
lampenwebshop.nl
stockbar.ca
yuutaibu.puk.ro
the-wild-bunch-full-movie.blogspot.hk
birkenstockshoes-store.weebly.com
klinikknaturlivis.no
i-linija.lt
www.milo.pl
1015b-a2.tumblr.com
fsapr2000.ru
travolti.puk.ro
anomic.wop.ro
www.anim.pl
invece.org
tatam.puk.ro
mar-k.cl
www.jkxws.net
twig-design.co.uk
radarlisboa.fm
www.jmsc.co.jp
schlecker.de
kave.tk
seokatalog.pl
dirtytony.org
softobit.ru
docchieu.tk
tweag.wop.ro
okser.wop.ro
r9h.info
los40toluca.mx
drawisland.com
nugwnambu.org
dei.digart.pl
monami.blip.pl
health.msn.com.cn
boatsforsale.co
nummagic.info
mccuerobin.tigblog.org
pzh.gov.pl
christhyani.info
alodial.puk.ro
onetv.vn
armanihotels.com
www.youcams.be
whataburgersurvey.com
www.2200y.cn
866tryelite.com
222.by
sdlyes.com
blogbox.ch
www.zynqq.com
elit.cz
azzs.info
prizebp.jp
www.amaltdecor.ro
tesla-xun.info
farooa.wop.ro
mahya.info
jeansfun.de
pc-hry.cz
blog.al
kristen.org
swc6.265link.com
www.baijiale8888.com