www.ndtbbs.com
6mxo.co
failed.wop.ro
xixichengyuan.com
craigrogers.co.uk
tgs-tennis.de
pc-planet.de
hacktutors.info
www.hongchen.tv
nsp.bg
fiss.me
facesavi.wop.ro
c77studios.com
drel.su
chereshka.net
chat.lwtv.net
faiv.com.ve
juancong.com
kanjouus.wop.ro
studyforums.org
jvcitalia.it
climatiu.wop.ro
www.nv.gov
www.02ca.com
therange.com.au
www.dyg.cc
albrainger.ru
jarlen.wop.ro
www.z24.nl
192.dk
bjtdyz.com
usigroup.org
waofm.com
creditcard-now.net
51bzw.net
steandleanne.co.uk
easeorbit.info
mtm.prv.pl
candportalen.dk
cncobweb.com
www.hweb.sk
cora.fr
klient.puk.ro