gutscheincode.org
tgm-capital.info
niagaraadvance.ca
fzjm.78.cn
danhba.vdc.com.vn
www.szprovence.com
chibicco.blog.so-net.ne.jp
sinhvien18.wap.sh
horgolotu.linkekneked.hu
www.radioplay.dk
www.salidzini.lv
www.naoshikou.com
secundarios.cl
surreal-art.info
180724.com
bitriangle.info
www.niubiseo.cn
forumsubiekta.pl
opdc.go.th
toppennystocks387.net
bacari.pl
lmunet.edu
www.wsu.cn
y1pi.210000.org
batesville.com
www.directis.nl
wa1wa.net
www.lanrenshafa99.com
9steps.blog.so-net.ne.jp
jhxvip.com
al-sakr.com
www.0096.info
fwdtestsite.info
clinically.puk.ro
www.dndhfu.com
52apple.66rt.com
99fund.com
premiumwordpress.cc
aseba31.digart.pl
capsol.co.za
citizen.co.jp
castellanza.va.it
dabokush.wop.ro
www.1133.cc
homepro.co.jp
www.hamaba.com
www.qsw.cn
dinolandia.pl
riddle92.tk
cartesfrance.fr
hunter-pp.jp
nonerotic.puk.ro
k2-tec.com
lala-xiaoniu.taobao.com
smpn7bgr.com
www.argus.nc
bpyn.nfdy.net
dunedin.govt.nz
www.tencate.nl
a.pl
peruano.info
baby.nx.e23.cn
nassenheider.com
zvrh.210000.org
wqi2012.machine365.com
bikehotels.it
kab.info
pasamed.hu
twoezdorove.ru
naveen.info
maguer.puk.ro
sloggio.puk.ro
jacek415.blip.pl
www.fx115.com
bfm.ru
obenan.wop.ro
aitos.se
nonstopuzlet.hu
cvc.com.br
yourfreeporn.com
nuevodiarioweb.com.ar
hupan.net
artekw.blip.pl
naukaprzezinternet.pl
mediagadgets.net
gtxxjianceyi.1168.tv
game2.online.cq.cn
5938.com
e.zjky.cn
unmake.wop.ro
dssb.2000y.net
terugstotende.puk.ro
decisionpoint.com
ezinarticle.info
humyai21.info
kiton.wop.ro
take-off.aero
tosdomains.net
pic27.blogspot.in
axmltea.com
kartaly.ru
www.xjxy.net
rlto.210000.org
htmtopdf.55.la
kertigep.hu
poliartcr.com
wordsjournal.com
crcc.qiwen5.com
articledashboard.info
oocl.com
www.2200y.cn
www.ujelly.org
graphically.info
pmcompass.pl
tesorizar.puk.ro
ciuffi.puk.ro
flecken-entfernen.info
directorylinksubmit.info
payne.edu
vah-hans.ru
amazonka.pl
syobun.puk.ro
dramsoyport.bloguez.com
helpfindjeff.org
cityhit.cz
forumsdirectory.info
www.bet.co.za
t3n.de
www.zhanyou365.com
xisaq.digart.pl
www.hzjg.net
hotrotreem.vn
businesswaybnl.it
skodaautomuzyka.pl
www.bpmt.nl
www.linfosys.nl
algorytmy.pl
guoyitong.boligang.cc
bbs.hh.cn
bumlux.net
kettengebirgen.wop.ro
300themovie.info
yhwh.lcxw.cn
alley.wop.ro
postronienatury.pl
4funnytube.com
jarlen.wop.ro
www.wanted.ch
sachem.edu
manga.akihabara.cz
cixicf.com
rockhoppers.naturum.ne.jp
www.aas.cz
parcellaimmo.hu
www.search.hc360.com
przyjaznaszkola.pl
chinaispo.com.cn
sptc.ac.th
lizacek.flog.pl
167eu1.bjbmsd.com
asernet.it
konyv.arukereso.hu
civettat.puk.ro
dianagarces.info
xxxasapxxx.info
www.77777ks.com
nijibox.jp
hrmehrotra.info
kucniposao.ws
www.gaylover.nl
blurbblogdirectory.info
www.mcbxg.com
badanie-sprawozdan.pl
beautyversand.info
www.zbzfcg.gov.cn
losrosales.cl
louciferspeaks.com
pointastic.de
irik.blip.pl
on-design.de
www.jvib.org
newsbusters.org
ftp.is.vim.org
www.size.vn
xdqut.com
the-leatherpants.info
ozibag.33591.com
colocal.jp
m.cc
norskrallyfoto.com
clickbanner.gr
lopinion.ma
fejet.wop.ro
benet.wop.ro
www.taobook.cc
atoi.210000.org
calculadora.org
100mega.cz
51nanmu.com
www.wuwuwj.tk
www.overzicht.nl
divagavi.wop.ro
appartement-lettelbert.istats.nl
www.xhlbg.com
yagihasi.wop.ro
al-nukhba.ly
vinahost.vn
99m.cc
mar504.wrzuta.pl
fnxp.210000.org
www.cupd.nl
herzegovina.wop.ro
henrietta.freeblog.hu
www.443x.com
www.zhifu128.com
evian.fecsegj.hu
cuises.puk.ro
capcom-unity.com
dodilaura.xfree.hu
darhotwire.com
redcrossracing.com
adrien.puk.ro
www.dltd.54086.com
pushcartforum.sg
tubexxx18.info
inhibions.puk.ro
donators.wop.ro
r6ad.lizhidy.net
www.musicmagazin.hu
momo.vn
b4r.info
culture-electro.com
www.sna.nl
1forum.tc
smithsfoodanddrug.com
xn--so-7ia.li
99-bill.com
fast-software.pl
www.macned.nl
antie.info
maltsandmore.de
wmg.com
examcollection.com
sztucce.pl
childrensclothing.sunzheng.info
neetsha.info
ishouldlogoff.com
arisi.wop.ro
jxmgbs.com
up.lublin.pl
foto-pasja.flog.pl
cbimobiliare.ro
www.seo58.net
dhl.com.hk
kmbt.nfdy.net
www.inbook.net
wordpressthemes10.com
www.sky.la
guchangzhixw.1168.tv
doomsman.puk.ro
letmewatchthis.name
cia.org.cn
www.comx.nl
nachgeschicktem.puk.ro
bidify.pixnet.net
visionista.tv
blogalinitiative.ro
wiziwigfootball.com
eckn.lizhidy.net
litos.com.ua
gale-online.org
stockwfj.pixnet.net
lanlacv.osa.pl
vajma.info
a4ph.qiwen5.com
crazyhousereviews.com
www.euroinvestor.no
offeroasis.co.uk
jiqkmgfu.blogger.hu
keyuca.com
www.0373rcw.com
vikax.prv.pl
www.israelpost.co.il
blog4u.pl
avia.tut.by
spooneyn.wop.ro
blog.nguoiaolam.net
fajnamama.pl
owy.com.pl
sslcommerz.com.bd
www.hao1123.cn
weaveman.info
bestpicturesof.com
val33ntyn.info
mangacenter.pl
www.geilewijvencams.nl
perdhanahost.net
wap.tudou.com
sjccantho.vn
www.ly521.org
qqgang.com
www.tecmowave.co.jp
grandevegascasino.com
www.84.la
wapboss.com
qmlandqj.eju.cn
moto110.com
transora.pl
szmanting.cn
love-news.jp
silvey.wop.ro
hearts.wop.ro
tahvel.ee
jugra.ru
efeblog.com
warriors.co.nz
www.imabo.nl
310926.qzone.qq.com
lavan.wop.ro
mymanagedaccount.info
play.info
peeres.blip.pl
extrem.wop.ro
hostingbusinessz.info
versuesstest.wop.ro
crowdfundingbr.com.br
6654.com.cn
dubaievents.ae
ekiscoaching.it
sex-dating.jouwpagina.nl
marcatur.puk.ro
cawaii.in.th
www.gxmz.net
0823.info
gnqoctbfu.blogger.hu
pang.soup.io
guhar.cn