blitzkrieged.wwwwww.wop.ro
www.mx1.us
gothengine.com
www.ijg.dk
sklep.tvp.pl
vah-hans.ru
mennica.com.pl
intertrust.jp
articles-online.biz
bbs.pcbeta.com
lula.pl
labstyle.com
miyagi-kankou.or.jp
enahojyg.blog.cz
footballclassified.co.cc
helldive.org
www.qlxf.gov.cn
haitian.com
draguerunefille.net
cgi.jomon.ne.jp
www.gevma.nl
phrenitis.wop.ro
v.gd
votencmentalhealth.info
nimrodel.wop.ro
innervin.puk.ro
jsesiele.superweb.ws
jsn.co.id
jsnlcowl.blog.mongenie.com
jsyedu.org
landbond.com
langstre.puk.ro
fkzf.56dvd.net
malen.puk.ro
maplecre.puk.ro
cf.135cf.com
masszazs.co.hu
lottomania.ch
masterlineinformatica.com.br
mauro.hu
maxpart.net
mayken.digart.pl
maylon.puk.ro
parand-ntoir.gov.ir
mazestikgroup.com
mbalicka.pl
mblg.tv
mc-hochrhy.de
mcilvain.puk.ro
www.mvv.de
meatwago.puk.ro
meccanica.puk.ro
mediawatch.people.com.cn
meensel-kiezegem.be
mehrfach.puk.ro
meihao.biz
nepalisongs.info
mekaniserte.puk.ro
melitta.puk.ro
melle.puk.ro
melocity.org
menneskelige.puk.ro
mennesker.puk.ro
www.8415030.com
merchantville.puk.ro
mereke.net
meroceri.puk.ro
metaalgi.puk.ro
metallie.puk.ro
metanotu.puk.ro
zerolipy.blip.pl
mexicanfhr.com
mfaa.org.ma
mgc520.taobao.com
mh.lezi.com
michaelfroese.com
michaelsteele.puk.ro
ricetz.com
micrencephaly.puk.ro
microfortnight.puk.ro
microfur.puk.ro
micrographs.puk.ro
anewme.digart.pl
88zz.cc
midea.ln.cn
ksa-mall.net
backlinksbuilder.pro
clipxxx69.info
midgardserpents.webs.com
jiyizhen.bjzhen.net
seoempresas.com.br
midori-anzen.com
mihr.nl
milkov.ru
milus200.flog.pl
mimeras.puk.ro
facelessassassins.com
0731yc.cn
mimizh.info
minarett.puk.ro
funzine.nl
minatan.puk.ro
minchou.puk.ro
miniseosite.com
minwa.puk.ro
djembe-webshop.com
mmjdw.com
mmm789.com
mmroczny.digart.pl
mnc.people.com.cn
mnwk.jgnz.cn
infektstudio.com
shewes.wop.ro
moaspamar.freeforums.org
mobilecells.net
mobilephonejammer.com.au.au
mobilerank.jp
newproductreview.info
mobody.info
modelquestionpapers.com
salamayor32.com
bigsound.org
facilely.puk.ro
mogororo.puk.ro
molal.puk.ro
mollicia.puk.ro
popular.com.my
mollom.com
molthomas.xfree.hu
moneyflower.puk.ro
monkshoo.puk.ro
exxtra.blip.pl
pointastic.de
monolithischer.puk.ro
monstercockz.com
monsterkaa.pinger.pl
jzrc.net
montenegro.kp.ru
moon.bbs.xoyo.com
mooya.digart.pl
morality.puk.ro
mordellid.puk.ro
cpa315.com
diskcomp.puk.ro
moreb.wap.ai
morigerado.puk.ro
morphzone.org
dialogmesse.de
mortalness.puk.ro
moschitta.puk.ro
directoryspecify.info
kanban-navi.com
facelessness.puk.ro
lamd.210000.org
g-net.com.ua
solar.gz.cn
www.fmjgw.com
ecookshop.co.uk
www.ztseals.com
djfm.ca
patrunning.info
www.blimp.nl
fabio.or.ug
scbnet.8m.net
bfow.nfdy.net
teenieparadise.com
dachuan.66law.cn
sobinbank.ru
radhamad.wop.ro
ciford.org
freelistnow.info
ingatlanapro.origo.hu
rotsen.digart.pl
otiz.pl
cdsave.com
thatkhe.info
www.crc-vip.com
dkzk.nfdy.net
www.18680.net
46cao.com
cnc.3745.com.cn
usa.8899.tv
oslek.flog.pl
ajaxpro.info
pctl.210000.org
nerved.wop.ro
hits4adz.info
www.moviedrive.nl
fxcm.fr
diaet-planer.net
donto.wop.ro
pctechmagazine.com
ariannacenter.org
look-s.de
transfermarkt.de
aba.winball.tv
groth.digart.pl
oldstati.puk.ro
daunii.wop.ro
przepisy.pl
0one.net
gcn.gov.hk
jt.szonline.net
qooy.com
santaibenashaari.com
coachingtohappiness.com
6traveler.com
80saobi.com
www.gwktravelex.nl
info.clubzone.pl
bellhops.wop.ro
obqnet.org
www.deru.hu
brawna.org
www.faku.tv
molihua.net
eoldal.hu
www.aviko.nl
80rrr-725c7.diandian.com
utfallit.puk.ro
handelsbladet.no
alobmarlobs.blog.hu
varicoseveins0y2.info
traeufel.wop.ro
wiki.kf2.pl
agatova.sk
www.malsen.dk
byethost14.com
80st.org
www.pp11pp.com
adclick.pt
slepp.ca
www.xa18z.in
lomo.com
slevydnes.cz
81ks.com
mumslikeyou.com
webhely.net
examendeadmision.info
apple-store.dk
zj.189.cn
findnumber.fad3.net
www.jxkfp.vacau.com
www.mallweddingdress.com
www.evvc.nl
miqel.soup.io
81o.info
tewassoul.org
ddbbs.com
manlyyoga.com.au
rooinek.wop.ro
tzxz.net
jongensm.wop.ro
83.io
weghelp.wop.ro
www.cqzhanqi.com
flowerssanfrancisco.7s4.info
www.bilin.co.nz
hacberm.345.pl
metalgods.com.ar
shinkai.puk.ro
84235762.b2b.hc360.com
65w5.nfdy.net
www.ets518.com
ptw.vg
www.dh368.com
betus-kifesto.kifesto1.hu
kiwihabitat.net
forvilla.wop.ro
pari79.digart.pl
www.aussielines.nl
fsjms.net
wynikilotto.net.pl
59ii.info
observatorio.info
impots-loi-scellier.com
giftboxes.mywapblog.com
microgramme.puk.ro
crayonsalon.com
momousa.com
88.h1x.com
zinelibrary.info
crocs.info
www.499vv.com
f.epe.at
itdesign.de
homepro.co.jp
czt.lygbst.cn
elchameleon.digart.pl
www.tjzljt.com
99bii.com
www.nn1a.4f9.org
inversi.wop.ro
rujiakuaijie.13337.info
mixandstirstudio.com
jingcaishijie.1168.tv
astra-club.com.ar
zhangjiakou.kc7.info
www.directis.nl
okostelefon.info
geesgniht.freeblog.hu
poliglotkal.pinger.pl
number1-host.com
88zc.net
realliving.pt
chrisfugiel.pl
socialgreenstaff.info
boardblog.info
www.jh888.net
hledej-inzeraty.cz
echeta.com
agentowned.com
coupondeals.us
www.yqwb.net
ps24.ch
qd.ganji.com
educapanama.edu.pa
igotporn.org
asqwww.ch.gg
911usa.com.cn
hyalosid.wop.ro
stykaa.wrzuta.pl
nevada.ie
sexgazetka.pl
smallmim.wop.ro
comtectranslations.jp
www.ldfs.cn
guihuaxiang.com
www.hywdw.info
wgcshop.com
afkuierd.puk.ro
halses.puk.ro
amoviesz.com
verekedosjatekok.eu
hidecube.info
burroakscamp.com
chachala.com
www.qinzhouqu.gov.cn
kjee.puk.ro
poyner.wop.ro
getpaydayloan.us
regulercorner.info
www.ynf99.com
saigonpavillon.com.vn
kehlao.wop.ro
kiszolgalos.jatek-online.hu
cimanez.blogspot.com
geal.wop.ro
fengsu.net
coffeemakers.de
www.zghnjsf.com
fedexoffice.ca
begemot-tools.net
kislakaseladas.hu
www.yinyingu.com
hucxh.upweb.net
michaeljohnsonline.com
www.hzjg.net
www.45920.asia
img.0316.cc
www.ikm.be
www.hrcc.gr
aps.sn
lodt.210000.org
www.binbinhuahui.com
backupdataonline.info
kok-leipzig.de
liupeng.us
sitelinker.info
informacje.it
www.ekfuke.com
proxymuda.info
wmid.info
kkkla.edu.my
army.cz
electroteque.org
xbm8.qiwen5.com
www.ly521.org
9yc.com
hunter-pp.jp
kiakereskedo.hu
endzeitwiki.de
cegal.es
www.9dy.cc
cubestat.com
newsmaker.bg
blogutils.net
motobloger.pl
massakriertest.wop.ro
getminted.com
gadget.wop.ro
minecraft-seeds.net
kodurat.com
download-whiz-khalifa-ringtones.blogspot.ca
400shencai.com
jaceklange.com
wrasse.wop.ro
successus.dk
mocaz.pl
shoppings.puk.ro
online-24-7.ru
chamsport.net
sluggy.info
christian-father.info
pic-mir.ru
clea.blip.pl
fetishmen.net
www.qq114la.com
knospe.puk.ro
gpnetsoft.com
check.bpn.vn
fazfinance.net
www.purse-valley.asia
blm.gov
www.zhnxyx.com
hutaobao.tk
procycling.no
dicts.info
jewelsnob.com
kuaiapple.com
juzsu.xfree.hu
abaronessa.com
ericulous.com
990209.p.cn
knww.265link.com
auksjoner.puk.ro
ditu.google.cn
activemailv4.com.br
kantonow.com
songchengce.fyfz.cn
listener.co.nz
smileflower.info
phyllida.puk.ro
hoc-tieng-anh-online.info
www.pjotrs.nl
agroportal.pt
iskra1998.pinger.pl
18awgwire.7kt.info