auto.lv
tukiziss.wop.ro
70j.org
www.ppsbaidu.com
kuhao360.com
normated.wop.ro
asyura3.com
kirpluk.digart.pl
b2v.fr
smv.gob.pe
www.pbczyt.pl
www.caipubaike.com
www.yinianhotel.com
google-world.info
enesonora.edu.mx
kuzovnoy.ru
doodle.st
chinaqy.gov.cn
4087.info
danilooneto.org
originalglbtexpo.com
www.liempt.nl
kkkla.edu.my
exhaust.pl
8sn88.com
maessigung.wop.ro
wallpaperpimper.com
gef.asso.st
aaltci.org
vip.755.com
ariena.wop.ro
eroten.doorblog.jp
kirema.wop.ro
lifeinsurancematters.org
nizakana.wop.ro
ogrodtadka.blox.pl
poolepioona.digart.pl
promedis.pl
qudoushuo.com
shuangexing.1168.tv
skoedecentret-bolighandel.info
domainwebsites.net
tyndale.ca
aandraafden.puk.ro
kuai.xunlei.com
bookmarkinguk.info
debtconsolidation.com
b.8x5x.com
bip.rzeszow.uw.gov.pl
jikaiiko.puk.ro
thecornishdirectory.co.uk
studiojg.pl
vlju.210000.org
kulturverein-lebenbrunn.at
obpn.nfdy.net
bebe-au-naturel.com
bookmrk.de
yasagurekaori.blog.so-net.ne.jp
95169.com
tyl.pinger.pl
ehogwart.pl
bolognabasket.it
www.lpev.nl
www.3333cccc.com
tempo.co
kunstmarijn.nl
51youpin.com
bergedorfer-zeitung.de
mochinig.wwwwww.wop.ro
topic.bohelady.com
dulichmongcai.vn
curiosi.wop.ro
katalog-stron.com.pl
icamtech.com
patakawire.info
borussia.de
superpoop.com
sragionavo.puk.ro
wedani.wop.ro
depass.puk.ro
beapol.com.pl
alnsri.net
bkbk.tk
autopalyamatrica.ws
herbalamigo.com
oxy-life.ru
kyschools.us
procarcare.com
www.wiekxx.nl
nctarena.com
www.nunes.nl
www.gzdh.in
nocir.wop.ro
www.hua-zhuang.org
votersdirect.org
sebsa.com.br
t-gone.com
sustenti.puk.ro
lesingenieurs.net
kyo.cc
colsueco.org
acidy.info
baisegratos.com
afsy.org
dannywineworld.com
cqsf.name
l.80008.cn
inm-lex.ro
www.huacheng114.com
atehenmei.com
yyzs.zhuxiane.info
cuckoldsandhotwives.tumblr.com
matome.ldblog.jp
addictedtolipstick.blogspot.com
pogoplayers.com
bus.hankyu.co.jp
quebec.digart.pl
muj-antikvariat.cz
robitshop.com
deepvision.ro
maximumleverageasia.com
neomailbox.com
thegreatfoodguide.com
affairs.puk.ro
sacramentoconventioncenter.com
caihongcheng.soufun.com
969se.com
explorenorth.com
www.docj.tulv.org
mywordpower.com
mautau.com
www.8848wholesale.net
mynewwomb.com
piratestripes.net
kuaiapple.com
visionaustralia.org
zfn8.56dvd.net
www.xiaobaitu.cc
getswot.com
gz.menghuanzuxian.com
hulssier.wop.ro
brays59377.huijucn.com
e-manta.eu
kiszolgalos.jatek-online.hu
chachala.com
futureoflaw.pl
lupiewkregoslupie.pl
lifessentia.com
8d1.info
www.zgbxfzz.cn
hemaservers.com
qixian.elandbnb.tw
czzpw.78.cn
hxjy01.wjw.cn
nesiot.wop.ro
qbshtall.soup.io
caobiba.info
mreporter.ru
unazu.puk.ro
lami24.de
rss2blip.blip.pl
curtaining.wop.ro
66av.org
www.ptjgdj.gov.cn
nvrp.k3y3.net
52wt.cn
fc-severn.org
mystickies.com
cinter.puk.ro
pnky.nfdy.net
gspinc.com
zhouheiya.tmall.com
equalratio.info
anupa.puk.ro
ven2.sakura.ne.jp
www.dubbelepunt.nl
bhsource.net
ccba.info
utu.edu.uy
hair-grow-faster.info
placetoearn.info
dsw.edu.pl
ydgi.210000.org
wngl.nfdy.net
triv.soup.io
kubota.com
dcmf.com
www.666za.com
realexpayments.fr
dy520.cn
care.hnjkw.net
dilicms.com
dia-lo-gue.net
thesixfigures.com
gisborneherald.co.nz
koskow.com
creatingwood.com
bemreview.com
huangtv.com
sdtjsg.com
soundexpressiongreetings.com
okasiro.wop.ro
cichoo.digart.pl
tagteamcreative.com
smartshanghai.com
cassaia.de
fjaert.wop.ro
chilaquil.wop.ro
raumklim.puk.ro
blogrisparmio.it
dowdier.wop.ro
ace-mat.deviantart.com
vislijn.wop.ro
kotow.puk.ro
www.tanda.nl
cloob.us
scholars.com.br
mondediplo.net
biel-bienne.ch
384046.com
garaj.org
xl6hc.net
ivyglobal.ca
italiadallestero.info
koubei.com
expressaway.info
www.241111.com
ulsterbankanytimebanking.ie
juancong.com
gedgetsworld.in
www.argus.nc
leagueofretirees.info
www.babyzbozi.cz
ngbyd.hn7c.cn
japanese-gals.info
www.fertilidade.org
ciaclicks.com
northdakota.jobs
92dj.cn
news.pptv.com
armtoday.info
www.ifihaz.hu
admin.ev123.com
baidutuan.gouwuke.com
gsw.edu
veselaya-kompaniya.ru
webres.info
youpornbuzz.info
tachki.md
yougedi.org
www.55abcd.co
nscc.ca
www.wasmiyaalharbi.com
samash.com
premiumbusinesspaket.de
3dwiki.nl
etrebelle.pl
ikarus.net
schnittchen.com
freesms-senden.net
www.bpmt.nl
hefei.buscx.cn
mediaus.co.kr
fanli.omaiga.cc
businessworld.ws
funattick-textads.info
boatshowchina.com
ntmsg.focus.cn
81ks.com
1stbabyshop.co.uk
bogaticom.com
yplf.nfdy.net
57456345.info
thuisbrachten.wop.ro
natura.2000.hu
cnjp35.com
examendeadmision.info
jutakuga.puk.ro
www.unileverfoodsolutions.com.cn
censasyntyo.blogger.hu
agst.tk
www.kendo.pl
080.8.je
op.gamefy.cn
ewceo.com
collectionagency.info
www.goshopping.nl
lighlyriri.blogger.hu
bourbonblog.com
nimh.wop.ro
is36.com
yuhao.me
www.kzfj.net
westcoastcinevideo.com
pari79.digart.pl
renaultlaguna.pl
www.111k.cn
nitc.cc
frontis.wop.ro
zpvglzbuilokms.blogtrue.com
modellbau-galaxie.de
www.520av.in
tradeplumbing.co.uk
yd.sha7.info
freetv.com.au
88bb.info
bitchmagazine.org
sabaku.puk.ro
dotsub.com
thealankwan.info
yo.tsyouxi.cn
pscl.265link.com
castellanza.va.it
boyi.nzw.cn
skinsmusic.co.uk
jagy.56dvd.net
www.eqvn.net
www.me361.com
knobbel.wop.ro
quickbid.com.tw
91cao.net
9tube.com
seo.025rc.net
tcnjsignal.net
niegowa.net.pl
tw.qiss.mobi
jpsf2011.com
2013fordfusion.info
avtea.com
craigslist.co.za
gwsh.xlx.pl
weddinglds.info
diggit.com
yocast.tv
91boba.com
integra.cl
leijuu.com
mc-computing.com
calumniousness.wop.ro
scriptlessday.com
winepromise.net
cetirizine.info
g-email.pl
infringer.puk.ro
thevalentinelife.com
r8a151.sb100.net
levian.gd
forums.ag
yu.gs
vademogirl.com
vaupes.wop.ro
decenvirato.wop.ro
miia.wop.ro
webnoviny.sk
www.cfzjob.cn
x.co
nc315.gov.cn
www.yxhongqi.com
ai-yellow.biz
daegu.kr
poonak.org
elchameleon.digart.pl
firstdata.com.ar
sofp.org
jokeadayforums.com