brasempje.puk.ro
pc-hameln.de
roumon.puk.ro
ztxu.nfdy.net
armor-making.meetup.com
88985758.com
www.shandsc.cn
wiinintendo.net
www.gzdms88.com
rtmt.net
899dd.com
jordangreen.info
cost.eu
webpark.az
cx3l3.u44777.com
e-nocleg.pl
wycipxfx.blogage.de
801a19.tumblr.com
www.saoxue1.in
cta.br
landbond.com
oneills.com
www.lx021.com
hupan.net
athui.com
senator.spb.ru
www.xajszs.com
bbs49.net
www.nvlt.nl
katuni.info
www.festivalbunnik.nl
tangymusicgroup.com
www.newstartchina.net
www.wwww.76me.com
ficeler.puk.ro
jewelpet.info
801a21.tumblr.com
hhsn.210000.org
niik.com
jisakuti.wop.ro
myszkanorka.pl
liverooted.me
efngif.com
s0gou.com
o.rdy.jp
schulminator.com
oublierais.puk.ro
muku.tv
www.gia.se
www.directis.nl
bookmarkingdiary.info
ukphonebook.com
thietkewebsite.org.vn
rffj.cn
ptctalk.org
informiertet.puk.ro
etutienda.com
vgsclonesa.info
www.alisesame.cn
www.peperomia.net
vietnamwebsite.net
xarchevnya.ru
graftombe.nl
shieldmaker.puk.ro
tudonoticias.blogspot.com
sovende.puk.ro
putrefava.puk.ro
summary.net
pathname.com
satdy.info
shoesone.co.kr
www.3392.cc
porodnice.cz
guihuaxiang.com
601448.com
yisl.k3y3.net
livret-placement.fr
www.ponreed.net
cosmostv.org
chachala.com
bookmarkingbenefits.info
qglh.tttv.tv
kamerbeekjuweliers.nl
recycology.pl
hasshino.wop.ro
virtualactivism.org
moviehauz.com
www.citybd.net
nbbx.210000.org
www.qepb.gov.cn
jikuattu.wop.ro
www.my-pham.info
www.furniture92.com
binaryoptions.ws
ixinh.isvo.in
vsail.info
9422.210000.org
www.metric.ru
animegod.info
clintandrew.info
ao5.com.br
tinytuan.com
www.sm6s.com
www.paracin.us
oa.runerp.net
hivaidstribe.com
ckatalog.com.pl
santopedia.com
se.888ke.com
www.everhost.nl
nuestrogiron.com
televisionesychat.tv
mesotheliomaattorneysz.info
vedaprezivot.sk
dracon-85.hyves.nl
pua108.com
www.rtysst.com
basiakowalska.flog.pl
trocmaer.info
quencher.wop.ro
8liao8.info
britnett-carveradv.co.uk
ons5.info
snajt.wrzuta.pl
last-concept.net
www.lehrbuch.pl
www.szhxtj.com
kentish.wop.ro
here.r.gd
euthenic.puk.ro
wuxi.bitauto.com
hatugen.wop.ro
xamgam.wrzuta.pl
um.edu.mt
interlardation.wop.ro
triple-itech.com
www.chinawz.net
dimmish.puk.ro
entama.info
pinks.wop.ro
garla.9r.ro
outletdepisos.es
www.guixiangjiao.org
reyi.in
hitai.wop.ro
www.ysakfj.com
anastomo.wop.ro
www.ceafa.es
bangkewok.blogspot.com
freelancejob.ru
www.metapart.nl
jmxt.nfdy.net
www.chinesescale.com
teboekst.wop.ro
9jo1.265link.com
t.cc
y8.in.th
bookmarkingframes.info
123xa.org
www.shlvhong.com
kado.im
tiago.wop.ro
www.se978.com
z.wap.ai
sspops.prv.pl
www.publika.md
alturacu.com
abbrunar.puk.ro
changchun.ucar.cn
4rn0.nl
sadreminders.com
fass.net.cn
wroc.pl
scoutingwoezik.nl
www.hullie.nl
adenews.info
hefei.01899.info
kimipe-movie.jp
topv5.com
baby-walz.ch
dualkoza.digart.pl
eurocamp.pl
fotoalquiler.com
rukodel.moy.su
www.meter.hu
3g.48cf.net
ssamp.kg
www.profilkurserna.se
lib.tx.us
stihi-xix-xx-vekov.ru
nuovaelettronica.it
www.tuopiji.com
pbdigg.net
aftersalesmagazine.nl
idealizacja.digart.pl
fxq.sh.gov.cn
www.dubbelepunt.nl
www.meimeib.com
balna.lap.hu
javamexico.org
raviriez.puk.ro
milfs-in-films.com
wap.kxdh.us
gs.mbzl.us
merida.sk
sale.kz
beijin.asia
www.cctvcx.com
isatc.info
purbeck.puk.ro
stepa.ro
www.ccfloor.net
www.mobilo.nl
chopstick.puk.ro
wateredst.puk.ro
chloor.wop.ro
thingpage.cn
snows.ru
clwbrygbi.com
pixelbeat.org
joomlaforum.ru
hitprodaj.ru
www.518name.org
elementcraft.org
www.jp16.com
www.yunfuba.com
pangbo.dz.vancelle.net
watch-the-hunger-games-full-movie.blogspot.cz
drxlr.com
meble.mtp.pl
www.xvod.nl
www.iamlicky.cn
tristate-media.com
luhith.wop.ro
koks.wop.ro
fpppro.com
hotrotreem.vn
cartesfrance.fr
dol.gov
slopewise.wop.ro
zansin.wop.ro
966010.info
www.ahhffp.com
sed2.info
lixlo.wrzuta.pl
thaicozy.com
gory.pev.pl
bluetoothheadsetster.7kt.info
00cg.210000.org
www.ssc60.com
www.dotime.nl
wuyoulife.com
www.7kan.tv
lesingenieurs.net
all-urls.info
blizej.info
www.hkbld.net
franc.wop.ro
wwww.minpad.net
umcc.cu
admin.ev123.com
vagina.of.pl
neirong.funshion.com
photomap.puk.ro
lizza.ru
rubyonrails.com.br
boxityourself.com
www.gazetapolska.pl
99tap.tap.cn
aanaardi.puk.ro
www.ccz.nu
www.szqrkj.com
mengd.wop.ro
betka.pinger.pl