homepro.co.jp
ootukati.puk.ro
randombuzzers.com
3fcy.qiwen5.com
cz.eamn.net
startutazas.hu
serov.info
unifr.ch
ankwe.wop.ro
383968.com
schoof.puk.ro
lte-anbieter.info
cornwallscoolest.co.uk
parksmania.it
suponta.puk.ro
catenary.puk.ro
www.craiglist.org
florence.com.tr
gaili.wop.ro
mov.456gan.com
humuun.info
dirtytony.org
987qq.com
davidos.digart.pl
cbzysbiuj.blogger.hu
thecoolbean.org
99123.meibu.com
kuko.blox.pl
yourworld.pl
elektroauto-gebraucht-kaufen.de
buy.pinger.pl
worldbookmark.info
studiosk.prv.pl
fnxp.210000.org
actebis.fr
canald.com
claranet.de
hateinside.prv.pl
valait.wop.ro
foodclub.ru
neis.go.kr
anluanzuodian.cn.alibaba.com
bitaddict.org
la-provenza.es
bqspa.com.cn
main-filez.info
www.ady69.com
www.marsh.pl
leqingxiaoqu.soufun.com
ebooking.it
luft.wop.ro
allegrodance.pl
www.1-l.cc
pkmn.nfdy.net
dowlinking.info
dbamyoceny.pl
6888.tv
kcf.cz
chorzowianin.pl
kppp.210000.org
eyjan.is
wohlangebracht.wop.ro
sexje.com
acatist.ro
molattack.jp
bbs5.cgiboy.com
photostudio.bg
coffeela.gameclub.tw
dduniverse.net
juancong.com
webpromo.pl
www.emonety.pl
www.overzicht.nl
berghof.dk
impart.art.pl
huaihuaqq.qiannan.org
baotojoji.blogger.hu
www.maxman-2.info
mentoringstore.ca
www.serika.biz
download-young-jeezy-ringtones.blogspot.co.nz
syojyoreipu2.alink.uic.to
hscr.org
tml.digart.pl
tozere.puk.ro
dusia1998.pinger.pl
alufupus.htw.pl
it-fans.tk
384015.com
xixichengyuan.com
assaggi.it
maxvisual.es
brandalive.be
aaron-rodgers-t-shirt-jersey.tpten.com
denltest.hyves.nl
www.shundehk.com
options.hu
51chuntie.com
pah.org.pl
i9ok.56dvd.net
psiaki.prv.pl
bbs.xml.org.cn
tff.org.pl
finanse.se.pl
insuranceforabmwz.info
tigefa.info
svit.ch
1888flowers.com
py.66wz.net
www.clear.hu
www.ytsn99.com
pterygia.wop.ro
www.lxjunshi.com
zdrada.net.pl
disprophar.com
rk-hpd.at
sdoppino.wop.ro
ccdh.info
rukodel.moy.su
berol.digart.pl
velde.wop.ro
paula1609.pinger.pl
reyabrak.edu.pl
aqq-project.info
fantazia-shop.fr
artcraftstudio.info
dtv.gov
administrerions.puk.ro
limingming.66law.cn
club.tw
test.zsy.cn
www.86ssss.com
cd.120job.cn
freelancejob.ru
workatastartup.org
realbiblecodes.com
arago.wop.ro
123feijibei.com
bookmarkingfacts.info
www.16star.com
www.0757seo.cn
tuszeitonery.info
beautyteen.info
room-runner.info
utgr.nfdy.net
99k.org
tmiura.wop.ro
4heures-epinay.com
9999yen.jp
aagnation.com
arh.mk.ru
daddle.puk.ro
linkalmanac.info
caribbeanmecca.com
5503.wapbm.me
bardada.puk.ro
pluche-kattenpakken-kinderen.istats.nl
smibs.info
miloradovic.info
se323.etu999.com
nurum.net
hhradio.lv
tfhdigital.com
nkkt.nfdy.net
pornofilmyhd.pl
9sp.info
vku.de
lebbe.wop.ro
energycheap.info
tolo.ro
2746.9911.biz
tancra.es
duoduo9155.info
gaoav.blinkweb.com
ericprydz.tv
choosy.wop.ro
yume-maru.jp
shimoisa.puk.ro
www.hedu.at
subbrigade.puk.ro
wolnelewo.blip.pl
anuncia.me
49cw.com
dnua.info
asso.fr
joinarticles.info
civ.org.pl
www.deru.hu
tao.okdays.net
aptekaslonik.pl
cartownforums.com
www.webmd.hu
goldenteak.com
shenyang.usconsulate.gov
devastando.wop.ro
beef.co
www.77cc.info
skpraga.cz
696.hk
wam.ae
entomb.wop.ro
woltorfer-landkrug.de
futi.515888.net