nvnet.org
broadcast.ch
kasa.cz
www.lengku360.com
www.lexigram.gr
maxikovy-hracky.cz
olam.uz
prwv.info
2485.nfdy.net
kagetsuk.puk.ro
ejko.puk.ro
handwerkte.wop.ro
desierta.wop.ro
vzedwuzz.blog.mongenie.com
oltursa.pe
walsh.edu
npxyp.net
weathertech.ca
werkmanskaarten.puk.ro
web-springer.ch
www.alexa.fm
fundasaludsucre.gov.ve
lse.co.uk
yhwh.lcxw.cn
114la.ofcard.com
bidian.net
jeep521.com
leblogdecomydz.fr
abwechse.puk.ro
tialink.info
greeksubtitles.gr
agadir24.info
volainrete.it
aeromantic.puk.ro
www.umdnj.edu
roundhousekick.de
sanchise10.info
www.pbczyt.pl
www.3444.cc
www.oradev.net
traumaticlesionsbrachialplexus7qv.info
januario.wop.ro
toneel.wop.ro
deltisza.hu
chemodan.com.ua
fucinita.wop.ro
olkaba.soup.io
mjc-andre.org
traitement.puk.ro
accioba.org
www.co188.com
byjj.baiyin.cn
occasbaby.fr
finlay.puk.ro
lerondoudou.info
nostra.by
anosefe.joj.sk
frankfxg.fyfz.cn
artica.fr
www.bbwgfs.net
bagtale.puk.ro
analytics202.info
cneggwet.skynetblogs.be
eqliborgmm.blogtrue.com
hpc.digart.pl
fotografen-welt.de
krhk.210000.org
lithosol.puk.ro
dq.to
12i.pl
ri.eelv.fr
opiniolandia.com.ar
pariera.puk.ro
bigtopbullies.com
afbudsrejser.dk
rockymountainsusp.com
oceanedgeoutfitters.com
hinrichsen.puk.ro
sed2.info
ganhedinheirocomcafe.info
kirtic.deviantart.com
saletrack.co.uk
www.chocolat.it
mumoth.wop.ro
fpsc.gov.pk
baraje.wop.ro
velde.wop.ro
emer.kz
www.chunvdy.ne
nazghrun.com.pl
ynart.edu.cn
kirinuki.jp
inshining.puk.ro|jiin.wop.ro|hxh.bdwl.cn|ovis.jatek-online.hu|www.int.nf|www.sjzhuakang.com|asqj.nfdy.net|mndy.nfdy.net|spante.wop.ro|soreve.xtgem.com|gz.h2h.cn|www.avzai.com|xpdi.nfdy.net|youxi.com|kaiarei.deviantart.com|www.jzswdc.com|www.huanggua.com|moreb.wap.ai|canada-goose-shop.frnewsby.com|fct.unl.pt|arcade.rakuten.co.jp|qipabuluoge.taobao.com|www.guilin.gov.cn|cfwc.nfdy.net|unyn.nfdy.net|wjub.nfdy.net|www.biantaoti.in|www.zhongguo315.com|ytoh.nfdy.net|www.3111.co|mediakosar.hu|www.03187.com|zpbk.nfdy.net|wfylnwyql.mobie.in|nxkh.nfdy.net|medial.wop.ro|zbfp.nfdy.net|uyxzmjzacgcksn.blogtrue.com|www.1-l.cc|www.ksxjd.com|revctrl.org|ekxx.nfdy.net|masse.wop.ro|www.lmmw365.net|www.abc625.com|www.0351sem.com|www.youy8.com|lionbass2.blog.so-net.ne.jp|lwzy.nfdy.net|www.pixeltuuning.feim4u.ee|www.hecor.cn|nisa.nfdy.net|uggonline.info|vlieguren.wop.ro|icamtech.net|www.aiyunpw.com|www.xshpjy.com|ikng.nfdy.net|www.evenimenteromanesti.com|targanewfoundland.com|www.38767725.com|www.zfeiwang.co.cc|arena-barani.com|dibao.org|zhishangnet.cn|nexustournament.com|radabg.com|www.0539house.com|daogouwang.tk|3490.nfdy.net|tehl.nfdy.net|seostats.asia|www.cpa.hk.cn|modelschool.com.au|www.shszc.com|pocoma.wop.ro|18mei.com|0wnenstein.deviantart.com|nanrenwa.com|flambe.wop.ro|twitpic.com|gimzo.wop.ro|www.yhdnzc.com|tolhuoche.buscx.cn|autobodydynamics.net|www.ctt111.com|www.365shhr.com|iplforum.com|dicks.co|uggforcheap.info|fplt.nfdy.net|bbs.007.mx|www.wdhrb.com
librosdebolsa.es
blog.hellopad.tk
astralangels.ru
acetify.puk.ro
www.gameogre.com
xixihuafu.com
www.80.cx
cryosel.wop.ro
bestemailclientz.info
hostingsupport.it
hesermi.freeblog.hu
xkfi.nfdy.net
puisterige.wop.ro
hwkk.net
foto.delfi.lv
bundeskongress-partizipation.de
otv.com.lb
innato.nl
attorneydirectorydb.org
texnovlog.ru
top-motion.be
jakub80.prv.pl
server01.info
bbs.llk.cn
leontheprofessionalfullmovie.blogspot.fr
bankier.pl
www.websystemy.pl
hobley.wop.ro
wvryddzcth.blog.mongenie.com
cddv.fr
lomejordeviajar.com.es
b1.fi
aclys.wop.ro
submityourselfdaily.com
avantibikes.com
winerman.puk.ro
literallyinspired.com
covadaterra.org
apprendre-bourse.net
gastronomia24.pl
kueste.wop.ro
realkobeestate.jp
qihua.cc
innova.puk.ro
www.ossian.hu
www.fzrcw.cc
hydrotype.wop.ro
17xxpp.info
lecho.wop.ro
sexfile.info
androidapk4u.com
assassinscreed.de
www.hg4444.net
hetnet.nl
zhishangtuan.com
j.gs
nomitalisman.info
bigbluebus.com
teoti.co.uk
dip-net.co.jp
tanqol.soup.io
herogeme.alink7.uic.to
mqhq.210000.org
dstraffic.com
bbs.sinobuy.cn
advert-book.de
www.5ka.pl
tool.med660.com
webkits.com.br
porta-styl.com.pl
bookmarkmysite.info
dailyfit.ru
rogerclarkmotorsport.co.uk
21shiji.net
hipshop2.tk
bridetastic.com.ph
wasvrouw.wop.ro
kmd.dk
viragcenter.hu
zinnig.puk.ro
second-home.org
autoflesz.pl
beukotmamrot.digart.pl
gtamoding.pl
achaz.puk.ro
chachala.com
www.zombiedogs.net
www.jipao.com
aquaforum.pl
philippinesplus.com
bergamas.puk.ro
gyakokt.freewb.hu
haodian8.info
4-3-3.net
dentalbraces.com.au
2end.nfdy.net
www.gstaad.ch
aaxxx.soup.io
chngzc.com
www.5068.com
igmarkets.co.uk
craftboard.pl
kaufwert.wop.ro
nodp.info
punny.org
idoconline.info
epac.to
jobkrise.de
hardstappa.wop.ro
chido.cl
bb.com.do
rehalab.eu
baby-walz.ch
kabana9f.1168.tv
crit.org
estimatedwebsite.fr
ng.org
pqtd.nfdy.net
pne-online.net
top.togra.pl
stickies.puk.ro
darts.lap.hu
4webhelp.net
bikemagazin.sk
perderelpeso.info
silice.wop.ro
0771zhan.com
hked.nfdy.net
debit.com.br
www.kwmap.net
gsmdevleri.net
sansad.wop.ro
iww.ca
cosi.org
g.cn
www.sinosi.org
medlook.net.cy
aangevij.wop.ro
1000by1000.net
www.pbhack.biz
supersfat.co.uk
uniquegoods.biz
www.3dcaitu.com
www.pottia.net
gzcy.gzlm.net
travelinfo.ca
aql.awe.jp
p2mforum.info
lapmangfpt.biz
askkaito-kun.tumblr.com
sultoni-kabir.tj
www.catfood.hk
grannypicture.org
agatova.sk
iodosobe.puk.ro
movingblocks.net
demissly.puk.ro
uforhold.puk.ro
voorafge.puk.ro
reclamar.puk.ro
juancong.com
kuriozitete-enigma.com
www.104house.cc
miyanojy.puk.ro
studyforums.org
yindujb.1168.tv
adbroker.de
adjuvant.co.jp
aqus.kr
migrainesinchildrenfcu1.info
tesou.wop.ro
ankreuzen.puk.ro
elitets.ru