rr4.eu
extraunza.eu
meron.wop.ro
kosmetikkaufhaus.biz
sanbatdongsanhaiphong.vn
shirashi.wop.ro
fronolow.pl
parksmania.it
nazghrun.com.pl
lisiblem.puk.ro
furriners.wop.ro
closefri.wop.ro
zcad.wop.ro
766e.k3y3.net
kvartplata.info
valgamaalane.ee
flashmap.org
jorjette.ro
duran.ca
roerzeef.wop.ro
mrraauu.soup.io
stampelle.wop.ro
nocy93.gportal.hu
www.mn8mn8.com
foreverliving.se
itami.lg.jp
gracemontclair.org
adultdir.org
clubdelgol.com.ar
derangedrecords.com
www.yqgtzy.gov.cn
irne.digart.pl
www.wushi.fscstore.com
rsj.weifang.gov.cn
dm.vio.pl
iyoki.wop.ro
cauthangnghethuattxt.com.vn
creaghan.wop.ro
puralopez.com
kinsente.wop.ro
www.yousudy.com
kem-rabota.ru
crawli.net
gqszjambj.skynetblogs.be
spcollege.edu
cite-sciences.fr
pixeleden.co.uk
einkassierender.wop.ro
mikeradoor.com
yume-maru.jp
www.livetv.az
qght.nfdy.net
weavesocial.info
www.kaiem.pl
filmz.cz
www.rosdev.ro
www.manmankan.com
glutenin.puk.ro
radio.orf.at
alathary.net
palila.puk.ro
rochester.edu
www.sinoef.com
mates.pl
graphics.beareyes.com.cn
bino.pl
the-west.com.pt
basijisu.ir
usigroup.org
kartaedizioni.com
www.revco.ro
progamers.pl
gonweb.co.jp
prwv.info
cim.gov.ly
brainville.pl
9wv.info
novopolotsk.biz
wanche100.com
cepillar.puk.ro
bikaiset.puk.ro
european-journal.org
www.akj.lt
fdw.fr
datamapper.org
blrc.210000.org
itthun.hu
thebeautyclick.eu
www.neonworx.de
www.5syy.com
daisuke.pinger.pl
blog.hellopad.tk
podarimo.si
51codes.net
askhumanapplejack.tumblr.com
bijsmaak.wop.ro
cupidity.wop.ro
porn-mp4.net
isolink.info
www.cjiyou.net
akkord.in.ua
www.xxx899.com
sbl-web.dk
escolainfo.com.br
benfford.com
auburnhs1971.info
kikhalsde.wop.ro
ebscohost.info
darty.it
chloie.xfree.hu
www.sjhfs.com
gonct.info
www.men.gov.pl
www.116.la
vtomske.ru
smokeshop.cz
subsecretary.wop.ro
chachala.com
ser8.info
sansad.wop.ro
mebtech.pl
marketinginstitut.biz
www.789xy.com
spblogger.com
multijet.wop.ro
gazebos.wop.ro
page4.me
unsort.puk.ro
www.yidier.net
palmtop.pl
emusic.md
turkfutbolu.net
linksexpress.info
derevo.info
gites.fr
www.babyzbozi.cz
entermedia.mx
gipnoz-new.ru
talentirosit.ro
wap.116hk.com
venturecraft.jp
imobiliare-contact.portalio.ro
www.fabeton.hu
goten.jp
groceress.puk.ro
onlineflashgames.org
linkavailable.info
www.icn.bg
dare.9r.ro
www.fanyu.org
nbdaili.info
www.bmvb.nl
hrwebdir.org
lillfjonkan.blogg.se
rabszolga.linkekneked.hu
hjbh.org
tylkozyczenia.pl
socialbookmarkingdel.info
www.zglpc.cn
christogenea.org
wagner.edu
pnorbert.xfree.hu
e-affacturage.fr
sursoyio.puk.ro
www.qichedj.net
womd.info
africa.fad3.net
happy-bookmarks.de
www.gyermekruhahaz.hu
www.flashgame.hu
bdu.me
koujiao.in
uac.pt
chuangfu3.blog.163.com
www.lsxs858.com
telovtelo.ru
xplx.flog.pl
anime-manga.jp
cinemagic.dk
naajs.pinger.pl
endura.wop.ro
tfos.info
mpmp.nfdy.net
www.111814.com
j8so.qiwen5.com
keijoumy.puk.ro
versteedsen.puk.ro
logoart.vn
tomaszlacki.pl
www.kijiji.cn
soleyn.puk.ro
dusty.net.pl
whatsmysiteworth.com
linkjeim.info
protectible.puk.ro
nba.blip.pl
km-orzel.pl
yervo.puk.ro
www.48rr.com
midyo.com.tr
cwou.nfdy.net
polezno-2011.org
nogales.wop.ro
makrohandel.pl
dallis.gr
siva.wop.ro
stshimo.com
commoditytips.in
3.cn.nf
rutopia.info
www.howchaba.com
icjob.jp
nickmann.info
siz.co.il
magaruhaz.hu
cp.r.gd
86ma.tk
czytajniepytaj.pl
childrenofamazon.org
met-elearning.org
czone.jp
aqus.kr
icebergbux.ru
relgros.su
bbs.shuxjlb.org
sblz.nfdy.net
sadf.asia
www.zszhuji.com
affifah.info