wtkanwil.com.pl
phimcool.com
idealizacja.digart.pl
www.2resume.cn
water.gov.tw
www.firotour.cz
deyang.66law.cn
designers2-0.org
twittertothemoney.co.uk
44.lt
ixde.pinger.pl
mek.hu
blog-er.cba.pl
moj-milion.cba.pl
elsevier.pl
heimatliche.wop.ro
koopjegadget.nl
www.katechizmus.sk
ddrc.56dvd.net
zhangjiajietianqi.fdchs.cn
sanjac.edu
ie-expo.cn
wap138.org
oscon.it
mispicke.puk.ro
fotobarbara.flog.pl
filehurricane.com
zgred.pl
kelcours.com
ilger.it
atewabiz.33591.com
kolej99.flog.pl
oczki.blip.pl
www.szchong.com
gis.gov.pl
www.jiaodian.in
oetv.at
rentyourspareroom.co.uk
y-aoyama.jp
janosiki.flog.pl
webbookmarking.info
globlotto.pl
skyjp.info
nauticalparcel.info
iverk.puk.ro
666686.info
jmkd.210000.org
tomaszlacki.pl
qbkl.net
yangtzeriver.org
bjrx.nfdy.net
bcomplete.com
zarasu.info
hostingpricesz.info
amikaaaaaaaaa.hyves.nl
topxem.net
5u88.cn
franken-business.de
hupan.net
tydie.wop.ro
ipworkshop.ro
softwaretalk.info
openclasses.info
opusteno.info
best-travel24.com
slim-line.info
pro-poly.ru
jcommerce.pl
ifmsa.pl
www.bramka.pl
www.bbswj.gov.cn
qindongkui.com
www.nemsar.org
5hw.cc
www.qibuz.com
iamtao.info
bielsko.pl
indianidol.info
mankindpharma.info
pherdark.com.pl
albastpa.wop.ro
tigersupraoutlets.com
polyamour.info
nianduhoy.com.ar
existentiel.info
lehrbuch.pl
soccer-news.jp
room-runner.info
831jy.com
aitikens.puk.ro
freeaddlinks.info
511398.com
facahn.wop.ro
tz.188zj.com
669lian.com
marginalisais.puk.ro
egonoc.wop.ro
www.loman.nl
dongbeihuo.com
cherchiez.puk.ro
heg-portal.de
shikakuh.puk.ro
krydres.wop.ro
0759haixian.net
ieb.be
pohjois-karjala.info
hrtorget.se
2io.feranmr.osa.pl
livbelle.com.br
estadodegoias.com.br
qqqqqqqq.wop.ro
hd.jgnz.cn
batnam.blip.pl
88.6h20.com
bastinad.wop.ro
newduggtag.info
deveinin.wwwwww.wop.ro
argentou.wop.ro
zabawkowicz.pl
tentassi.wop.ro
friskposts.info
kreditupasaule.lv
blackpooldirectory.co.uk
sexplay69.info
betbase1.info
xisuifagu.1168.tv
thefabriziagroup.ca
eagleo.com.pl
purrfectholiday.co.uk
masternet.pl
anfangserfolge.puk.ro
inseltalk.de
analizy.pl
cartegriseminute.fr
panahome.com.tw
olkaba.soup.io
pracetanio.pl
watchesfun.co.uk
diprete.com
aynur.us
alshmaly.net
armaggeda.digart.pl
harbourarticles.info
jodenkinderen.puk.ro
galleria.puk.ro
hatgiongtamhon.info
www.xjnengyuan.com.cn
bobo.474pp.net
nevtelen.hu
aluino.puk.ro
emusic.md
hcnn.info
bedienpu.puk.ro
cumez.org
abrdirectory.com
zenio.blip.pl
us.jobs
goplaniusz.blip.pl
575pp.info
spanchbob.info
armor.ag
quachdaica.info
guihuaxiang.com
arka-windykacja.pl
jazzlog.blip.pl
dynazik.biz
bimru.ru
texy.blip.pl
paranormalium.pl
wainepittman.com
songsmap.com
verket.wop.ro
verdi.puk.ro
alomuaban.net
r9h.info
brindis.puk.ro
hebinzhicheng.com
appit.nl
mazdamx5.unas.hu
lastshopping.it
gagaface.pl
misiekpsk.wrzuta.pl
artsboston.org
beelo.digart.pl
mlongines.com
hochvaku.puk.ro
aulikki.wop.ro
wigle.net
motfores.puk.ro
rvlt.info
happyabc.sagafan.jp
www.neonworx.de
mizuma-art.co.jp
www.rave.ca
alplist.com
ddd.co
befsztyk.pl
inspirationalquote.blogspot.com
justiceschoolsz.info
rusimperia.info
rcguilin.cn
www.jtplay.com
6918.info
nexenta.com
fuckmytoons.net
blog.3czhidao.com
marshallsales.info
artikelweetjes.nl
wingofwind.info
tetao.puk.ro
www.zzzyit.net
pisir.edu.pl
anapa.info
zelen.ru
polinox.info
redpages.ph
lehrgaen.puk.ro
m1.517gc.info
impiccaste.wop.ro
zhdsy.78.cn