artikelweetjes.nl
www.jtplay.com
2xnic.flog.pl
www.caoporn.me
landspou.wwwwww.wop.ro
keast.wop.ro
inferia.se
blair233.wrzuta.pl
doodle.st
czk.blip.pl
celebrityring.info
xqfq.nfdy.net
sesmo.wop.ro
obpk.nfdy.net
bltraffic.info
szybkooferty.pl
appit.nl
jayslasvegas.com
www.link.aruhaz.co
0577.job1001.com
adnx.com
milver.hu
ddd.co
happyabc.sagafan.jp
656bb.info
marriagepic.info
gaomi.gov.cn
labolt.wop.ro
www.zzwol.com
czarodziejskieliny.pl
18dy.in
askgfk.de
www.jnhsaf.com
cherryball.info
103.mn
nocowboys.co.nz
mitula.at
www.gironet.nl
ekran.si
kmphotos.ca
88links.info
coolala.info
www.hao229.com
teiketusau.info
noonligh.puk.ro
watervilla.hlbnb.tw
linkplex.info
triodos.de
prwv.info
19u.info
penizenutne.cz
yj.66law.cn
fluxbb.info
www.docar.cz
8.951n.cn
ultrasabers.com
cars-blog.info
ajrally.blog.is
www.efdinvestment.com
superjoc.ro
ben10.fad3.net
alma.wop.ro
toujituk.puk.ro
754.pl
www.gzhsn.com
eof.gr
ajaydevgan.eu
lifeslurp.info
ttzx.com
studyaway.co.uk
6nj.info
anothergirl.blip.pl
moneyzone.info
videolady.ru
beaut.ie
weibo.com
blog-vitalika.ru
mxmkbpoi.blog.mongenie.com
bookmarkin.info
metropolis-koeln.de
www.dit.ie
penkala.blip.pl
4zon.com
haoeh.com
articledirectory.tk
prj.csdn.net
1001facts.info
64news.com
n598.210000.org
puck.blip.pl
actionator.info
pesquisa.gov.pt
elwisek88.flog.pl
underprint.wop.ro
incomingpr.com
jkniu.com
sparka.wop.ro
liftkarbantartas.hu
gdus.net
anasblog.me
yatego.it
chiapas.puk.ro
burnishm.wop.ro
bie.to
shirator.wop.ro
guess.uhoop.tom.com
59igp.com
www.anisp.ro
www.dlv.be
astrocd.pl
kmax.gr
bbs.96baby.com
inleidende.wop.ro
hotmilfz.info
crisq.digart.pl
ruqd.nfdy.net
3-a.net
faf.dz
taartje.puk.ro
19qinglou.com
belmeb.pl
solerohotel.hu
0857.me
ts.nn88.info
fens.pinger.pl
voipphonesystemz.info
tymy.cz
holodilnik.info
babylon5.lap.hu
myricegirl.com
1stbabyshop.co.uk
www.nvwang.tv
www.w163.net
membersforlife.org
fmdos.cl
spnews.gr
blog.kakavip.net
ivel.pinger.pl
hati.info
kodos.puk.ro
ifail.info
oxendales.ie
aike01.com
skimap.jp
grpmail.biz
bookmark-icon.info
web-marketer.eu
886tt.com
palcraft.co.uk
rimskaja-mozaika.ru
www.555me.com
hopobaru.blogeiland.nl
garas.wop.ro
www.wizaz.olsztyn.pl
abm-sac.com
hrtorget.se
antiquatours.com
jta-tennis.or.jp
diyff.com
zjty.nfdy.net
warusyaw.wop.ro
russbo.ru
surfgold.co.in
mephitin.wop.ro
www.sfr1.de
slava-cb.ru
stepstar.gger.jp
av.ipobar.net
achipa.wop.ro
discohighlife.ch
bizmatch.ca
www.edc015.info
www.traimientay.com
jetsetera.net
maxabout.us
joho2.info
namazi.info
ezinego.com
arska.org
seodon.ru
misterfun.gr
bekecsaba.hu
carsv.cn
hiho.jp
glutenfreeliving.co.nz
lolaw.wrzuta.pl
ox.ee
linkdominators.info
doeffligaeng.ch
catie.ca
antbags.fr
7zd.info
www.scldh2.com
brocku.ca
88xk.net
victoriamilan.nl
club-first.jp