tekstove.info
bizmatch.ca
ddea.info
verket.wop.ro
betterlivingwomen.info
good-guys.com
3866.cc
opticnet.ro
kurddrama.info
unsyiah.ac.id
fixya.com
conflittiestrategie.it
liveness.wop.ro
7mux.nfdy.net
majestyyahts.ru
kmzm.cn
solerohotel.hu
goodnet.com.ua
nsare.wop.ro
claassen-kunststoffe.de
capnito.cz
movie-collector.net
tuk.ru
lf1.info
kedestudio.com
chiari.co.uk
odszkodowania-forum.pl
my-lira.ru
www.momert.hu
directorylife.info
slava-cb.ru
agjr.nfdy.net
webseo.blip.pl
122166.com
huidmond.puk.ro
888in.in
bcaa.pl
naebelgeischter.ch
crystaldew.info
ejdsrmffalot.blogtrue.com
enjoint.info
livesmart.gr
katri.wop.ro
komakisi.puk.ro
faktura-xp.de
forumfilm.pl
www.hemelke.nl
barinfo.co.me
maihouse.co.jp
fanlidg.com
vsao.vn
hh.cn
gotoperu.org
certificat-ecommerce.fr
yanghai.info
kormarket.ru
www.dayao.cc
camping-courtille.com
hedytjen.hyves.nl
amoy.210000.org
beendor.puk.ro
barciany.wm.pl
xhypg.com
goettgen.de
lombard-time.ru
7gov.nfdy.net
afleid.puk.ro
listpr.info
bauhof.ee
game.poco.cn
thinkmarket.info
grancacique.com.ve
dcsgttsfwj.freeblog.hu
anus.pinger.pl
miyosire.wop.ro
yolico.de
coscup.org
droidnews.ru
macrobiotic-marche.jp
17ing.net
dailygamecock.net
cbimobiliare.ro
bad-ass-full-movie.blogspot.pt
sexeo.pl
frp6.com
gis.gov.pl
cbepolska.pl
ejms.com
tmp1.info
clever-forex.info
epaule.puk.ro
buzzbuzz.ca
kupitigra.ru
danbooolov.pinger.pl
www.azooma.net
www.0537qb.com
www.001007.cn
sound-load.net
www.lingdai.biz
muckingfugs.co.uk
www.wy80.com
pwvi.nfdy.net
culxxxx.info
ackt.210000.org
icrave.in
kittitas.puk.ro
amill.pl
www.cleanshop.hu
nj96196.jscd.gov.cn
interieurs.goedbegin.nl
verhalle.wop.ro
www.gdynia.pl
337668.com
www.bvop.hu
cfo.cio.bg
epr.pl
foto.htsz.pl
threee.dk
kelter.wop.ro
888gc.info
383980.com
hupress.com
elite2ch.info
puurutrecht.nl
easyguide.de
www.avnyzj.co
1hc.cc
85sfzf.com
bt.gxbs.net
slav.blip.pl
hernes.pl
disharmonies.wop.ro
vervelt.wop.ro
freevidblog.info
zoldvilag.info
dumblink.info
semmechanic.blip.pl
ifilhome.com
artikelweetjes.nl
sasluts.co.za
megai.cc
cnkuc.114.org
chachala.com
astrocd.pl
businesssmallvoipz.info
allebabynamen.nl
kostnixx.de
visitoress.puk.ro
sirbadger.digart.pl
61jjj-725c.tumblr.com
qlk.39.net
tampaxcoupons.co
www.ipbes.net
atria.ro
guihuaxiang.com
etondegroup.com
ewceo.com
a.xx52se.com
startklare.wop.ro
taruga.puk.ro
seoday.de
anadoluhayat.com.tr
www.gooru.pl
bartaz.tvn.hu
akademos.pl
predigender.wop.ro
groteprijsvan.nl
motoclub.pl
thailandoutlook.tv
osum.com.vn
tatikazene.hu
kasia50520.polki.pl
basf.pl
maltatrading.pl
huis-demeele.istats.nl
chaseveritt.co.za
chamm2.info
www.qijiao.net
www.hh5h.com
www.wenzishequ.com
teruggeblikt.wop.ro
kitingan.wop.ro
dokugaku.info
rooms.kiev.ua
foodsupplydepot.com
667966.com
hukt.wop.ro
tacloban.puk.ro
millionairetraccer.info
www.ff00.net
oralgutan.com
vip.333job.com
elektronik-kompendium.de
www.zhua.biz
ljstracking.co.uk
anqing.012job.com
auftauchten.puk.ro
jinjiang.cn.cebn.cn
www.jiuhang.cn
jonathan451.hyves.nl
www.efca.pl
kylos.pl
justbrowse.us
www.tameili.net
ps-motorradservice.de
kaartges.wop.ro
e-singers.info
rasypolskie.pl
haoxd.net
eldotor.blogspot.com
angelnde.puk.ro
kanbei.blog.so-net.ne.jp
doesrubbingalcoholhelpacnesmpm.wordpress.com
incesti.nl