zapruder.nl
amanti.biz
allbarstools.com
clickerdirectory.com
ascon.ru
suntuubi.com
iraneconomist.com
greenlitebites.com
naitreetgrandir.net
jcbiz.in.th
bimcell.com.tr
mkgn.net
focalpointbackoffice.com
articleband.com
theenterprisebulletin.com
mysmelly.com
strubbi.com
mexicobaires.com
itsasickness.com
www.kanmen8.com
vnews.com
gocdidong.com
iniada.info
analog-forum.de
videogameplaza.com
celebcosmeticsurgery.com
paleoparents.com
hereandthere.us
d-milk.jp
djezzygsm.com
mall.pl
orchidspecies.com
guihuaxiang.com
warnerchannel.com
minimalistica.org
taklearn.ir
travelbelize.org
2.gy
znanost.com
mystarcentral.com
ncagr.gov
autism.org.uk
sugarbaby4u.com
prostockmotorsports.blogspot.com
xbox-gamer.net
guitarmatcher.com
kuaiche.com
diy-forum.net
couponcodesmall.com
u3.pl
www.sh-zjs.info
ascology.com
connectria.com
banmarkrentals.com
firstwivesworld.com
therearenosunglasses.wordpress.com
blablacar.es
nnov-gorod.ru
yatara-metara.co.jp
www.fute-china.net
quintanarooaldia.com
nomade-aventure.com
jailbreak-me.info
jif.com
houstondynamo.com
provincia.teramo.it
db60.com
gap98.com
isikkim.com
linkaroo.net
articlebay.co.in
adzly.com
houeiji.wop.ro
alldebrid.org
positiveporn.com
zai.blip.pl
cccb.org
go985.com
myheritage.nl
goodwoodnyc.com
eshop-zdarma.cz
xiphias.in
necaonline.com
canariasanuncia.com
www.lvshuizg.com
viavantagens.com.br
gra.fm
smartcollegevisit.com
flashes.eu
medianet.at
hammarbyfotboll.se
motoclub.pl
bragg.com
tommasoraspo.com
dirde.com
jpcert.or.jp
applegatefarms.com
bioone.org
barefootcontessa.com
motocrossactionmag.com
sp.com.cn
mlmrekryting.ru
bigfishaudio.com
exgfbox.com
savebrite.com
refrapide.com
sexycriollas.com
indigoextra.org
nanzu.jp
tui.ch
animalsex.com
regenthotels.com
indianvanitycase.com
vizisense.com
putanapartners.com
ocxdump.com
tbgdigital.com
ukbanners.com
bilgibirikimi.net
imgnova.com
conncoll.edu
housemanagementsoftwarez.info
welovetennis.fr
dodicesimouomo.net
shopperdiscountsandrewards.com
cqww88.com
bayashi.jp
convertlanguage.com
manufacturingsoftwarez.info
foxreal.com
toesalad.com
139dy.com
sale-2011.co.uk
alekseo.com
petgo.jp
namcogames.com
azbet.com
fileurl.me
justyy.com
exfeletes.soup.io
mypearsonstore.com
youinsure.co.za
cschyy.cn
jeux-mmorpg.fr
bidn.com
ftawa.ws
thetennistimes.com
sacm.org
cordobo.com
slitfotka.pl
juzhan.net
freealbum.mihanblog.com
do-ppass.org
eezeedata.info
byojet.com
arteria.com
histhumbs.com
asiaparttime.com
americanelectricity.com
fitness-online.by
sacbo.it
whiteselectronics.com
homecareagencies.info
lecards.com
papodebola.com.br
malaysianbadgers.org
aboutcg.net
teenbox.org
aerobicscardio.org
learninghouse.com
i-decoracion.com
free-stockphotos.com
vrminfotech.com
din2.info
poontown.net
ryancollins.me
njzt.info
technodorm.com
moj-milion.cba.pl
greenteapress.com
review-script.com
talkmagic.co.uk
guardianlife.com
www.ntit.cc
fissiparous.puk.ro
darkthread.net
simpleprattle.com
majals.com
www.58cfzx.com
swissmomforum.ch
cathletics.com
nikejerseygo.com
s-info.ru
duckhuntingchat.com
pokergratuit.fr
oleodecoco.com
walmart.com.ar
rugstorene.co.uk
www.yhd887.com
gapeland.com
timelady.ru
webtoolkit.info
bienpensado.com
baow.net
toygully.com
proceso.hn
zeedieren.wop.ro
intlmovers.com
nuttynewstoday.com
betshow.com
99desi.com
bussoc.com
yardsalesearch.com
3ddw.com
napiprojekt.pl
dell-laptop-battery.com
autoindiaforum.com
download-kid-cudi-ringtones.blogspot.ca
enyenioyunlar.net
kryptis.lt
koffeefinancial.com
seoblog.es
digiandroid.com
carea.digart.pl
e-rusya.com
microventures.com
askturka.com
jailbreakappletv.com
wotanserver.com
malegroomingkit.com
rosim.ru
webhelps.de
sundaystandard.info
teachlessons.ru
forextradingrobotssoftware.info
jocuridegatit.net
www.ministere-finances.dj
designrulz.com
namadomain.com
iranmovies.org
spravkakirova.ru
tourisme.gouv.fr
r-chintai.jp
partydeko.de
rain-mail.ru
dratio.com
sabre-roads.org.uk
mathusee.com
vermoegende.puk.ro
satory.ru
mhsalumesquires.com
kokosik.com
molon.de
ek.la
www.andriipopa.ro
yesilcin.com
all-books.biz
www.smaki.pl
fuzzyyellowballs.com
44szs.com
internetmarketingconsultantsa.co.za
cursobfgt.com
comune.prato.it
namgclubs.com
pinner.nl
timelesstruths.org
weblinksdir.org
www.cpipee.com.cn
jeka.ro
selfmasterysecrets.com
nybaktmamma.com
atehenmei.com
homejobgroup.com
yourstorewizards.com
exohosting.sk
internetzollanmeldung.de
cn220.com
www.x1s.cn
modele-de-lucrari-de-licenta.portalio.ro
home.365jia.cn
minoritynurse.com
hotjazz.cz
ccftn.com
urzadzamy.pl
digartson.digart.pl
bmigaming.com
aqevol.com
strong.pl
whoisbolaji.com
www.yuanjingchen.com
studiocalico.com
decorreport.com
baidaiap.taobao.com
twipper.tk
smak.ua
freedirectorylisting.info
love146.org
p-store.us
blackfade.org
kpro.cz
thelingerieaddict.com
robinart.com
thelocal.fr
blogdotony.com.br
hiperpop.com
d7vg.com
blankthemes.com
peer2.net
00271.com
summit-tsusho.co.jp
mymusicstore.com.ph
wowcms.com
vb.kg
funnyjokes4me.blogspot.com
raz79.blox.pl
stocksandshares.tv
mediaanalys-newsroom.se
irishmusicforever.com
websitescreenshots.com
koopjegadget.nl
anajet.com
www.3kvcd.net
atisal.com
extremetube.su
midiaville.com.br
arquiteturadeinformacao.com
stacy.kz
alldaynews4you.gr
gzjf.com
anqing.012job.com
whitman.edu
sheldoncomics.com
zprh.nfdy.net
s10forum.com
tapesh2music14.in
on-mag.fr
enae.es
meganlevering.com
xpbstudio.com
justmeans.com
skott.blog.is
mastramkimasti.blogspot.in
www.55ebuy.com
whatareunlockedgsmph.3ji.info
cnhtm.com
fusohorariomundial.com.br
qzhi5.com
valuableandfree.com
quatinhnhan.info
feyalegria.org.ec
hotmial.com
startrek-index.de
sexyvidea.eu
afterarticles.info
bioecolo.info
mrd.hu
www.yupiteru.co.jp
qdxnld.com
bigmouthmedia.es
kuemmern.puk.ro
websupergoo.com
www.wanho.net
kabunkyo.wop.ro
xsoo.nfdy.net
raldy.puk.ro
www.ibest.tw
www.liwudaquan.com
reinou.wop.ro
ijdeler.puk.ro
www.f22.com.cn
poteau.wop.ro
www.qphone3.com
telegraf.in.ua
log.netbib.de
boruch.wop.ro
lulusex.a-liveprivates.com
taobao16311.bjbmsd.com
article-storm.com
insurabi.puk.ro
akert.wop.ro
the-exorcist-full-movie.blogspot.co.at
yvkxctpn.skynetblogs.be
kouzyou.wop.ro
www.xzxgt.com
edu.qq.com
www.cibse.org
ufine.wop.ro
shesha.puk.ro
fling.wop.ro
fav.cc
risaltando.puk.ro
womack.wop.ro
unhandier.puk.ro
charba.wop.ro
ktpg.qiwen5.com
foil.ucsc.edu
vetjes.wop.ro
www.dwcyp.2008red.com
cjs.jhgcw.cn
ritto.wop.ro
melam.wop.ro
www.szylconn.com
finnes.wop.ro
wampur.wop.ro
cssrain.cn
vdbv.qiwen5.com
blogg.idg.se
kreun.puk.ro
anargyro.puk.ro
abcissa.puk.ro
cymene.wop.ro
www.24zxdh.tk
www.bakellite.de
libor.wop.ro
unmolder.wop.ro
snowboard-online.pl
dmaasafety.com
yaxkin.wop.ro
ndzl.nfdy.net
www.hcshuijing.com
sgrab.ru
iitsuu.wop.ro
exhibera.wop.ro
stanzt.puk.ro
u-hits.com
define.ne.jp
wulinix.com
flippingthepyramid.co.uk
www.0668yz.com
www.italmix.pl
www.gkin.net
6htg.cn
erlingfolkvord.no
jgzv.nfdy.net
57.zhalatu.cn
pmkm.nfdy.net
scarti.wop.ro
www.mediacje.lex.pl
outhit.wop.ro
sunpower-ceramics.com
www.ifhk.is
jumanji.art.pl
www.edpnet.nl
www.heyuan8090.com
coda.fm
rimmed.wop.ro
lugar.wop.ro
shop64711843.taobao.com
nenconnect.com
webcalc.com.br
www.lnxb120.com
mahali.wop.ro
www.merida.sk
jldh.net
www.chuanqifuzhu.com
www.xmysy.net
akci.210000.org
sound-load.net
www.azhry.cz
runin.wop.ro
sms.js.vnet.cn
yvzqmbffual.blogtrue.com
xmrcw.cc
wai1010-a24.tumblr.com
ekman.wop.ro
macromel.wop.ro
www.jxsy.org
kypi-deshevo.ru
semya.cn
glenne.wop.ro
ttjb.210000.org
verenaundmarkus.ch
www.fanyu.org
mylocalwholesaler.com
travestiguide.com
www.swingfoto.be
xmlu.hyves.nl
witoldhorwath.pl
reading.ac.uk
bbs.teatea.co
tasia.blip.pl
rafil.soup.io
riyadh.wop.ro
tze33s66va-9bb3.tumblr.com
selmanc.info
myduca.info
dilemi.wop.ro
soex.nfdy.net
www.aisool.com
sinfest.net
gw90.qiwen5.com
3721sn.com
rudee.xfree.hu
www.siiiis.cn
www.daqiaowaiyu.com
joden.wop.ro
enemalta.com
yongli.wop.ro
marinere.wop.ro
ardidosamente.puk.ro
annaz.blox.pl
assurland.com
medhus.wop.ro
a1lakasfelujitas.hu
iwo0.cn
nortonbu.wop.ro
nwesd.org
magali.wop.ro
cpush.com
antje-ruppe.de
treeg.wop.ro
www.gpbase.nl
ableistu.puk.ro
meine-bookmarks.info
calcuttans.com
www.gnlaser.com
bj.13237.com
www.pygjjx.cn
bytter.wop.ro
drupaldojo.net
nekoare.sakura.ne.jp
balesol.com
shakha.wop.ro
www.cpwz.cn
jz.sxgov.cn
zqqw.nfdy.net
dmeiji.com
www.jqtw.net
lomishop.com
stojizazminku.cz
3cgz.qiwen5.com
vertu.puk.ro
www.zxshop8.com
techtree.com
www.yytao.com
vtzv.nfdy.net
www.dller.pl
rzxg.210000.org
topwap.cn
www.zhongguo10.com
xingang.wop.ro
tayato.wop.ro
wfvp.nfdy.net
frontosq.wop.ro
pakten.wop.ro
www.dreambridalshop.com
ntxlzx.w1680.com
cuihomri.bloguez.com
labpc.prv.pl
tht.dui.lu
hoffmannbros.com
commuiez.wop.ro
yehjen.wop.ro
menait.wop.ro
assoda.wop.ro
www.atk369.com
broom.puk.ro
howwe.net
233aaa.com
usunn.wop.ro
fitness-portal.ru
opwind.wop.ro
rian.cn
www.nashnyclimo.com
www.jjybj.wanye68.com
dissentere.puk.ro
www.9yama.com
whose.wop.ro
online.zakon.kz
iytw.nfdy.net
www.51zufang.org
mouht.wop.ro
limitop.com
hokui.wop.ro
kowal.soup.io
celtic.wop.ro
uniquefit1.com
zxcj.nfdy.net
vecino.wop.ro
voeux.wop.ro
www.qtdx.cn
chijim.wop.ro
frqu.210000.org
reveal-thegame.com.cn
koutan.wop.ro
revistasgratis.info
www.8x5x.com
www.yllady.cn
cn0.cn
www.jnfoodgm.com
otosata.wop.ro
abzuloesen.puk.ro
www.shzly.in
alzi.nfdy.net
mypr1.info
straeubender.wop.ro
ohaf.hyves.nl
puzzerete.wop.ro
bz590.com
tiguta.wop.ro
m2ia.qiwen5.com
arfarago.hu
xingaibaike.com
klakt.puk.ro
www.mormoraia.it
riehle.puk.ro
xrkl.nfdy.net
de.mvdrf.ru
www.janko.at
bielsko.pl
outama.puk.ro
swinki.prv.pl
arbitre.info
www.mercedes-benz.dealer.zhaopin.com
www.keeway.si
moeer.wop.ro
www.bfmdy.com
www.e-ghdhairstraighteners.com
pesco.wop.ro
gophp5.org
fordoo.cn
espantablemente.wop.ro
belabo.wop.ro
plaguelike.puk.ro
seo.webjiankong.com
www.v0766.com
icpc.210000.org
raffee.wop.ro
amateurmagazines.com
889934.com
janean.puk.ro
www.zzgamers.com
xknv.210000.org
plasm.wop.ro
forrestledbetter.com
3529888.com
wanya.wop.ro
soft.tainfo.net
memya.com
sptc.ac.th
gotosa.wop.ro
expolitos.com
tyngdekraft.wop.ro
yerivar.ws
rubia.wop.ro
comambiental.com.ar
touchnottingham.com
antz.cn
doupe.zive.cz
podded.wop.ro
www.kaiview.cn
nyste.wop.ro
kvide.wop.ro
dozily.wop.ro
inryou.wop.ro
officefix.co.uk
www.dagskrain.is
tiske.puk.ro
itaka.wop.ro
ikaiku.wop.ro
oratorsecrets.ru
ljore.puk.ro
wine101nc.com
urp.njnu.edu.cn
shinagawa.keizai.biz
www.ladder.hk
imlemeb.info
selic.wop.ro
rlltqctcslp.blogtrue.com
nuks.nfdy.net
111kfcc.tumblr.com
www.chinaztt.cn
vinea.wop.ro
weblearningit.com
wzds.nfdy.net
dangag.dk
diesem.wop.ro
www.sdshiyusujiao.com
www.skebby.it
20lx.com
magrit.xfree.hu
www.pipiseo.com
pfaendes.wop.ro
www.3czhidao.com
eeiihjvaa.hyves.nl
articleliss.info
cypers.wop.ro
salavi.wop.ro
paczto.pl
subheadq.wop.ro
badgerly.wop.ro
schwarzes-rheinmain.net
bizone.wop.ro
ldnte.com
bciw.nfdy.net
jharia.wop.ro
maqc.nfdy.net
chistikov.com
adaris.ru
www.i0v0i.com
dataflow.ws
schoaff.org
rausse.wop.ro
chrono24.nl
www.devapp.it
webjiankong.com
sittes.hu
taylor.puk.ro
cxqtkwqu.tumblr.com
elslawyer.org
hvok.nfdy.net
9.hk567.net
bizmatch.ca
www.bowenguanzhizao.com
www.emalog.hu
jikkemonster.hyves.nl
estelo.wop.ro
www.rokaat.hu
iphoneos.co.kr
602.wapyc.org
gb91.net
avrettet.wop.ro
chls.nfdy.net
www.jpips.org
merlucci.wop.ro
pivot-point.com
edu24ol.com
nakida.wop.ro
rumpad.puk.ro
mbunix.wop.ro
dastandard.at
wap.jkmrp.com
reifem.wop.ro
excellentscrapbooking.com
bu3w.qiwen5.com
nocreditcheckloans247.co.uk
rekel.wop.ro
kitaru.wop.ro
movie-download-portal.com
vienne.wop.ro
youkug.com
listmarker.info
beipil.kg
wedancegame.com
www.gwbearing.com
biseau.wop.ro
kmxr.nfdy.net
dge1023.tumblr.com
www.3plt.com
www.ylxxm.cn
miyaki.wop.ro
kassie.wop.ro
insetu.puk.ro
jfvl.210000.org
ironsky-derfilm.de
michellmacaron.jp
ztia.qiwen5.com
burglaries.puk.ro
concursosweb.info
inrou.wop.ro
www.xmtjwts.com
www.nemsar.org
cwot.nfdy.net
terri.wop.ro
lawman.wop.ro
snxcocn.info
yasuha.wop.ro
www.sw517.com
decyne.wop.ro
eurobase.se
93da.qiwen5.com
www.mianyang.net.cn
stabs.wop.ro
realnavi.net
acolyth.wop.ro
chats.co
glass8866.com
www.epvn.nl
www.bboxkids.com
wetradetogether.com
dehong.wop.ro
eduard.wop.ro
yt4z.k3y3.net
blajo.blip.pl
zhishangnet.cn
as-bau.pl
www.hmedy.com
race.es
mammy.wop.ro
www.7-en.com
jhkim.org
yosegi.wop.ro
fallschirmspringerclub-kaernten.at
www.vuurwerkcrew.nl
animeanime.jp
www.espuna.jp
footballz.org
gribb.wop.ro
sunpeer.cn
grupo.wop.ro
mortyn.puk.ro
solero.wop.ro
schlagi.soup.io
mmuc.nfdy.net
www.zztongyi.cn
www.gibank.ru
www.66rpg.com
vinck.wop.ro
chuclone.com
www.rimyta.com
portal-info-help.com
vernin.wop.ro
www.9anla.com
osnews.pl
www.2ap.pl
pisbak.wop.ro
ceskyblog.info
df2s.qiwen5.com
surconso.wop.ro
yxjy.szol.net
www.playo.hu
ruijou.wop.ro
usasportslink.com
hoping.wop.ro
hobbyrecepty.cz
geeksphone.com
olro.nfdy.net
studio878software.com
mikeusagi.blog.so-net.ne.jp
twentj4.ch
wm92.265link.com
shopirawan.com
flaeta.wop.ro
lazada.wop.ro
www.fengshuipage.com
shelba.wop.ro
mephitin.wop.ro
great-dane-cuisine.meetup.com
kartelvo.puk.ro
aqwo.nfdy.net
trucklocator.co.uk
bunny.web.za
www.ftbxzp.cn
dattou.wop.ro
fatso.wop.ro
krachs.puk.ro
fld2.265link.com
dicton.wop.ro
www.j7h.info
www.malebog.org
kbanda.ru
www.hutier.de
suyog.wop.ro
oryi.56dvd.net
carseat-reviews.net
yxdb.co.cc
tordra.wop.ro
psetta.wop.ro
www.webxuexi.com
www.bodingfloor.cn
jakki.wop.ro
wpyn.210000.org
hcroom.prv.pl
haotelaser.com
supportlinksys.17automobile.com
85nd.com
porx.nfdy.net
www.bdjsy.cn
orzcc.com
link.link.at
kinitu.wop.ro
www.green-garden.com.cn
octroy.wop.ro
ewceo.com
val33ntyn.info
godoku.puk.ro
i8c.info
www.fxxyy.2008red.com
sudloy.wop.ro
googla.org
www.showsx.org
joker-group.net
www.11sdh.com
zurba.wop.ro
proles.wop.ro
violes.wop.ro
www.vvkft.hu
adon.210000.org
fgnm.nfdy.net
www.gcdt.net
www.oponeo.de
gainiantuan.com
kinkyperv.info
www.blogsbyheather.com
javajscafe.com
herbatha.pl
voldy.blip.pl
huahuida.com.cn
www.tysse.no
gestionar.info
road34.com
soweit.wop.ro
bramma.wop.ro
mptnagygyules.hu
schmitt.puk.ro
www.hljkbl.com
wpshower.com
gamgee.wop.ro
www.chineseall.cn
blikoogde.puk.ro
gxtaotao.com
brku.210000.org
kindle3gforkids.com
kaqimaa.tumblr.com
www.fofchina.com
cc.bwxx.net
vokeo.wop.ro
huntz.wop.ro
myomet.com
testar.wop.ro
yvpg.nfdy.net
brune.wop.ro
a.wechseln.de
www.farmeranyag.hu
fpharmacie.com
ptsake.wop.ro
stauen.wop.ro
sjv.se
komlek.com.pl
jorro.wop.ro
cuby.info
www.apbxgbw.com
hmnz.210000.org
topredirect.info
allstarcock.a-lsawards.com
spliff.wop.ro
www.top-6.com
mein-ls.com
www.bd-oa.com
ratsu.puk.ro
www.qphone2.com
forum-aeroreve.com
wnodiy.us.pn
baidai.wop.ro
kiyoka.wop.ro
translating.software.informer.com
www.55sn.net
hojyo.wop.ro
lizrui.tumblr.com
kloot.wop.ro
test-milosci.com.pl
xppr.nfdy.net
www.kzbz18.com
tubbia.wop.ro
www.mczz.net
e-rower.pl
upluslte.co.kr
tedz.nfdy.net
billysbunker.com
stationnerai.wop.ro
aliado.wop.ro
uchome.6ec.cn
qxvx.nfdy.net
inner-circle.info
hyenoid.wop.ro
www.xwdr.4f9.org
www.zeneinapok.hu
visse.wop.ro
wsrising.com
tem.eyilan.tw
kphb.56dvd.net
kindhear.wop.ro
glib.wop.ro
soan.gmu.edu
kayy.soup.io
stangl.wop.ro
maglione.puk.ro
kuugun.wop.ro
266dy.com
koetst.wop.ro
moral.wop.ro
gxil.nfdy.net
stooq.blip.pl
www.essiw.com
www.btmu888.com
toolbase.info
ntzl.qiwen5.com
commonarticles.info
przegladyrogow.pl
edele.wop.ro
linkhappy.info
320kbps.org
blog.edudi.pl
meishi56.5d6d.net
danielanonim2.wrzuta.pl
www.woodskate.ru
nablos.wop.ro
61jjj-725c.tumblr.com
ergefu.bloguez.com
kiiss13.pinger.pl
taijier.diandian.com
www.kole.cc
tecy.nfdy.net
www.kartu.lt
book.cboy.us
kabol.wop.ro
udst.nfdy.net
mont.ru
tvjerry.com
tasty.wop.ro
gog.com.cn
frison.wop.ro
angr.210000.org
gtt5434.com
tatazuma.wop.ro
lottedegroot.eu
imgw.pl
superautos.cl
hebelaw.com
www.51quban.org
sunfate.astro.sina.com.cn
sallah.wop.ro
0wnenstein.deviantart.com
roujaku.puk.ro
glutenin.puk.ro
buhar.wop.ro
pronosticodeltiempo.info
fth.digart.pl
recherchieren.puk.ro
aprilzaa.wop.ro
www.leoit.cn
www.dadiaosi.com
uj2s.qiwen5.com
www.0551ks.com
wingsnwheels.org
empregopraontem.com
mwbn.265link.com
wiz.pl
bombeo.puk.ro
xn.pcauto.com.cn
todolibros.com.ar
ar.krakow.pl
www.babaw.com
ch.taofang.com
gilde-allianzversichert.com
meur.210000.org
glory-wars.net
cutchi.wop.ro
itansi.wop.ro
stopie.komunita.eu
wwww.520dyw.info
www.opendi.us
seocounter.info
zaphon.wop.ro
i4hc.qiwen5.com
nnneversleeps.info
directorygator.com
lappen.wop.ro
140sekunden.de
pozmierzchu.pl
125jahre.ch
www.50jh.com
www.jnsxjj.com
www.autokia.pl
www.ppzhu.cn
mangguo.org
zoethottco.bloguez.com
gconline.de
www.grower.cz
www.shugou.cn
hackerdo.puk.ro
sanghvi.wop.ro
scandinaviantours.ee
dszy.cn
www.goeast.be
animetoplist.org
streampanel.eu
flensclean.de
clague.puk.ro
sebh.265link.com
syakin.puk.ro
offhand.org
80lian.info
www.duzeka.pl
octave.wop.ro
ssjf.zhuxian2zt.com
www.sarsan.biz
ipad.gsp.ro
ak-warriors.cba.pl
difda.wop.ro
flyringtones.org
wuther.puk.ro
tamper.wop.ro
youngminds.org.uk
zhuangyangchun.info
streamfreetv.org
www.fwceo.com
www.020fls.net
vernikke.puk.ro
kamifox.eu
ihi.org
bedienpu.puk.ro
domy.szczecin.pl
huocang.cn
av.ipobar.net
jkbookmarks.com
libozs.net
www.iowa.gov
teirinke.wop.ro
www.33695855.com
zleceniaprojektowe.pl
aaronpeters.nl
pay.91193.net
newcyberian.com
islickmedia.com
dawntoll.net
corel.lap.hu
pocztowy.pl
yangshuku.com
wpsv.se
www.pardon.pl
pnxa.nfdy.net
merciaparanormal.co.uk
style.qooza.hk
www.klops.pl
tbsc.ir
queche.wop.ro
etbj.nfdy.net
gamedoof.com
googleoutlook.com
www.qqwen.cc
salongkblogg.se
bonduran.wop.ro
mwbj.qiwen5.com
fusionarticles.info
dxha.210000.org
www.hlshops.com
russbo.ru
arlingtonpartnershipforyouth.org
catie.ca
miamimovingmoversz.info