www.babyschool.com.cn
1s90.k3y3.net
kzoufdfkol.hexat.com
hupan.net
dung.qiwen5.com
guglio.wop.ro
www.66ncp.cn
as3q.qiwen5.com
www.yenbai.org
027b.nfdy.net
www.qqq1313.com
1directoryam.com
www.chinaynk.com
www.szzmzs.net
se0.info
pztrn.ru
indian-airlines.nic.in
nessin.wop.ro
fz.zhcoo.com
abreeder.com
www.sundewater.cn
www.ehaier.cn
cansadadebesarsapos.com
sms000.com
fuei.wop.ro
wedigg.co.uk
msquill.com
biztwozero.com
6h999.cc
prezia.com
www.henglikkw.com
cfdn.xiaoyudj.com
desert-operations.pl
scoptoph.puk.ro
www.runet.edu
www.82anmo.com
www.jsycyz.cn
svu.edu
www.jszp.org
jinsiyubowanggou.diandian.com
www.e-loveparadise.com
siteratios.com
irista.com
www.translatecom.com
kayrak.cn
jianqiege.w7.inets.cn
protection.software.informer.com
akou.wop.ro
www.dfjs18.com
pps.7k7kddt.info
7lr6.210000.org
docoja.com
tankousy.wop.ro
rimpinzava.wop.ro
fopartikel-kogelgat-sticker.istats.nl
mophiwe.xtgem.com
www.gaylover.be
dailystrength.org
hit.com.vn
yellowware.wop.ro
saintdismas.org
suikerzi.wop.ro
dn16.hyves.nl
ede.soup.io
sperrgut.puk.ro
akinlar.tk
www.gm3169.com
cnph.cn
dams.wop.ro
hiya.wop.ro
www.zscdyy.com
seawife.wop.ro
seoprofiler.com
vnetware.com
xuehuangjin.1168.tv
rrfg.nfdy.net
anis.wop.ro
onbrd.info
aaa38-12go146.diandian.com
kongruan.com
recept.lap.hu
sachinindia.com
querido.wop.ro
mall.sh.soufun.com
socialmediachambers.org
www.028abcd.com
www.ynchuying.org
insubordinationrecords.com
www.warmkft.hu
jwzssyvyx.freeblog.hu
www.qingdao95.com
www.zj-baishi.com
www.dgsn.in
www.zhuangye888.com
sd1m.qiwen5.com
www.kustos.hu
foresteducation.org
67888.bggb.cn
www.ttw.nl
popilius.wop.ro
www.kpmg.com.hk
prehardens.zijzak.vidal.wwwwww.wop.ro
2kupai.com
www.tecai6.com.www.hao123.com.www.baidu.com.www.sina.com.qazwsxedcrfvtgbyhnujmikolp.asia
www.anbj520.com
bukmark.net
gnic.nfdy.net
www.svsd.cn
teacher.eol.cn
www.bai4du.com
promero.pl
autoevenementnijkerk.nl
www.cyds168.com
dasheng1.net114.com
guirguis.net
www.tutuw.com
neks.info
nonprofitforum.org
big-dating.tk
www.feifeiwg.com
www.gdpccc.org
webh.pl
ankaranakliyat.co
gojy.qiwen5.com
y8ja.nfdy.net
thionati.wop.ro
www.96255.com
churchjobs.net
shark-tank.net
matricula-online.eu
www.tyaoying.com
howyouhomebrew.com
syxs.com
www.lm2i.eu
www.665hh.com
www.125jia.com.cn
reta.wop.ro
www.cheapest-beatsbydreheadphones.com
bucknell.edu
salvatini.wop.ro
conflittiestrategie.it
soft90.ir
intasa.wop.ro
kost.digart.pl
scsyfjy.9998.tv
thuantuong.vn
careerjet.be
roowei.com
okazyjni.pl
www.sishizi.in
bmarena.info
signmall.jp
themarketing.tv
52kkk.me
linkadvertising.info
www.hcmr.gr
www.lswater.cn
nmxr.210000.org
sound-load.net
basketarticles.info
bizmatch.ca
juancong.com
bfizffok.blog.mongenie.com
00cg.210000.org
juicycouture.birap.com
bagsok.com
sjlhc.net
gabyou.wop.ro
mephitin.wop.ro
7mux.nfdy.net
bdvl.210000.org
www.igeaweb.org
egyptdirectholidays.com
telsales.org
www.out.ro
bromde.wop.ro
xsn.pl
dante.flog.pl
appuravi.puk.ro
motoclub.pl
mkasprzyk.blip.pl
www.zhenxiangjiaonang.org
fizzbangseo.com
dague.wop.ro
66bobo-723a.tumblr.com
anamariacorral.info
www.hongchaseo.com
articlesprove.info
carpbg.com
mith.umd.edu
freestockimages.org
bea.gov
gs.mbzl.us
astrobook.info
myrraen.wop.ro
ctrl.wop.ro
www.h755.com
parini.wop.ro
www.gintama.pl
aciaa.blip.pl
www.p2p.org.tw
anqing.012job.com
bonduran.wop.ro
oknams.pl
kacey.wop.ro
clip-share.com
www.casaclipper.com.br
sugoihito.org
www.38qingse.com
wernecke.info
obmen-akov.clan.su
frivjuegos.com.co
mytoplist.gen.tr
pwba.k3y3.net
www.bach.de
betonozas.info
xdty.info
nudist-gallery.org
e-xin.com.cn
www.bicishop.ro
sanmartin.edu.co
oid.fr
parche.org
www.sdjxd.com
guihuaxiang.com
6622.cc
llips.soup.io
mangfpt.info
mog.digart.pl
greencloudcs.com
bortenst.puk.ro
www.ruj.ru
www.amateurtits.org
tuk.ru
www.37sao.com
0931.1775.cn
linkborn.info
vinakom.net
alisjaa.digart.pl
www.sdgk.org
fuyanqinggong.1168.tv
squash.wroclaw.pl
humyai35.info
acetenyl.puk.ro
so-chord.pt.vu
dduh.nfdy.net
gdldlaw.com
omosiro.info
kcoe.nfdy.net
www.js-sir.com
wvw.881mi.net
www.gupuw.com
aychelel.puk.ro
dcgl.nfdy.net
nzcn.nfdy.net
www.fosongci.cn
iwtk.nfdy.net
xinyang528.com
frassest.puk.ro
tangjunasd.huijucn.com
dplj.nfdy.net
wrokt.puk.ro
www.suzhongmiye.com
goclenia.puk.ro
our.orf.at
www.ekey.ru
aayb.nfdy.net
www.h3478.cn
sqeb.210000.org
orph.nfdy.net
tiebolt.puk.ro
nprw.nfdy.net
kvtj.210000.org
www.szhxtj.com
www.pcjx.net
www.25game.cn
www.ulsj.com
yesso.puk.ro
ahgdqy.com
zlsi.nfdy.net
t49.cc
trwilsonlaw.com
www.sjzds120.com
www.dustmedia.net
www.look-ic.com
www.cqcxfdc.com
merlspik.puk.ro
heersen.puk.ro
www.linuxmisc.com
www.fruit8.net
www.npxabc.org
ziol.nfdy.net
noosfere.com
babewatch.tv
zdqh.nfdy.net
ftp.jmu.edu.cn
tendevan.puk.ro
damai.in
seniorweb.fr
cyprus10.com
mjiq.nfdy.net
linkbaby.info
www.fwxian.com
putclub.com
qrhq.nfdy.net
shibetor.wop.ro
guqz.nfdy.net
www.animalsexdb.nl
arpq.nfdy.net
www.eyoutour.com
fotobanda.com
emmalyn.puk.ro
lhtt.nfdy.net
easyenglish.info
etkr.nfdy.net
fupd.nfdy.net
rvlt.info
nihonsik.puk.ro
fbhv.nfdy.net
moery1314520.feiclub.net
yaroslavl.mk.ru
phcz.nfdy.net
ogpp.nfdy.net
ecel.210000.org
www.5252sf.net
www.cysz6.com
ajuicycockncum.a-maturescam.com
ccct.nfdy.net
www.heihercw.cn
flxw.nfdy.net
xnrl.nfdy.net
www.ellis.cz
www.gzygy.com
ych.wed114.cn
wilter.puk.ro
www.kanmen8.com
byzq.78.cn
asianantiquestoday.info
litsfdgqs.skynetblogs.be
puosplkyj.skynetblogs.be
linksdigg.com
tnpd.info
imposes.puk.ro
wowcamiguin.ph
8fn.info
startklare.wop.ro
2829301.com
guesmoothin.xtgem.com
rofs.nfdy.net
www.goodyuanma.com
nlpndhjaj.freeblog.hu
tuulanikulainen.net
www.ray-bansunglassess.com
www.edulife.cn
strategies-options.com
uohscwubxulpv.blogtrue.com
woerstfrance.com
www.straz.pl
www.qmkjw.org
onlineinsuranceclasses.webs.com
jqyq.nfdy.net
pililloo.puk.ro
www.beiwei315.com
curriculo.4linux.com.br
the-north-face-sales.chnewsby.com
gvqz.nfdy.net
592jsq.com
www.yeyashengjiangji.net
www.chuigejahu.com
css.com.vn
hizx.net
www.sgu.se
hkgo.info
sabdaspace.org
uncas.wop.ro
www.zhengoushengfanli.com
prensil.wop.ro
www.765aaa.com
olx.ba
stob.puk.ro
saii.puk.ro
firm-katalog.pl
www.360away.com
dhf.org.tw
www.wfsongfeng.com
giryou.puk.ro
esksenthil.com
www.e66.c.pl
acheter-fan-facebook.org
mywallpaperbase.com
linuxcoin.co.uk
hcgdietinsight.com
bianjian.org
mbon.nfdy.net
inevadib.puk.ro
www.newbye.cn
www.perspect.nu
arka-windykacja.pl
tlbbx.tuita.com
organiceyecream.info
jhomen.com
betascape.info
dale-carnegie.fr
iesf.pinger.pl
billebus.es
ttkwap.com
starringwebsites.info
ehogwart.pl
angelnde.puk.ro
hackathonazerbaijan.org
lastshopping.it
sklabina.eu
bbs.lcu.cn
wen.best85.com
www.yszabbs.com
polkowianka.wrzuta.pl
www.028ym.com
pasar.my
44bobo.net
financiarul.ro
universal-group.co.jp
chachala.com
catauro.wop.ro
bardiajunglecottage.com.np
fxrc.78.cn
dajunli119.fyfz.cn
listpr.info
apopyle.wop.ro
ur.krakow.pl
www.netcistirny.cz
848848.com
planetaanimal.ru
quyangdiaokeyishu.com
hufupin.net.cn
plumlife.co.uk
www.divy.pl
sha7.info
dorsay.wop.ro
nonukan.puk.ro
sitepedia.com.br
www.qvod163.com
vissiez.wop.ro
epigraf.su
tibias.info
33qq.net
desnet.pl
www.piaoliang.com
metaphase.co.jp
megafonmoscow.ru
www.jpto.4f9.org
tutorialsbookmarks.com
bmscentral.com
www.168168s.com
worldbookmark.info
ontijdigheid.wop.ro
comyr.com
wpsv.se
wl500g.info
www.rcreal.cz
smartbrain.info
x90x.net
bestemailclientz.info
agoraemais.com.br
www.cpnqt.com.vn
ux.nu
wsti.pl
six-fours.net
omn.ro
www.jaclaw.pl
crushe.info
catie.ca