tuk.ru
wweec3.066p.com
indiastrategic.in
melledubndidu.fr
tud3.k3y3.net
ccftn.com
ekuracjusz.pl
ftp.8u.cn
adrevamp.com
www.stat.tj
www.888f.net
5bb.in
73ca.com
zelkowaaa.pinger.pl
www.45tn.4f9.org
a2ultimate.org
117.cm
emaildomainnamesz.info
njzt.info
wainepittman.com
3g.hn
cityhealth.me
allyearsleaving.de
zeedieren.wop.ro
kryptis.lt
www.ministere-finances.dj
www.teris.ro
sound-load.net
zetts.wop.ro
peugeot-dealer.jp
americangeneral.com
ek.la
www.fute-china.net
gameshay.info
lalaport.net
anisearch.de
e-singers.info
prudential.co.kr
www.cwu.ie
canald.com
1yge.net
achsoo.de
chachala.com
scsyfjy.9998.tv
www.kanmen8.com
arrgh.wop.ro
haoxd.net
technicalities.puk.ro
oecist.wwwwww.wop.ro
nekowan800.blog101.fc2.com
developlink.info
arabalar.gen.tr
moj-milion.cba.pl
schlaefrigere.wop.ro
theginblog.es
www.bj10010.com
anticens.wop.ro
uzagrebu.info
xxb54.kkzz.us
surfrider.eu
befsztyk.pl
datamapper.org
mypdfdownload.info
www.icranet.org
aviolate.digart.pl
www.x1s.cn
deklamat.puk.ro
kichi.wop.ro
techkings.org
equifree.dk
hackerspaces.org
bonduran.wop.ro
www.3b.cc
weeped.wop.ro
zprh.nfdy.net
finril.org.pl
adgoal.de
ewceo.com
concursosweb.info
www.heno.tv
softwareoverzicht.goedbegin.nl
kormarket.ru
shexingxing.cn
horseheart10.webs.com
elco.prv.pl
coccodrillo.pl
uaua.nfdy.net
blast.ncbi.nlm.nih.gov
saywho.fr
www.fanyu.org
malsains.wop.ro
dj.webchuan.vn
bbs.dxszx.com
wie-ratna.com
matungo.wop.ro
3gso.cc
kzdu.56dvd.net
monterrey-newyorklife.com.mx
ndzl.nfdy.net
videoporn8.info
www.2688.im
wptuts.info
www.unlimitedav.info
selmanc.info
bisd.us
www.backlink4u.net
lasdrogas.info
nano-bookmarking.info
download-kid-cudi-ringtones.blogspot.ca
insolvenz-ratgeber.de
sinfest.net
autographworld.com
hcgdietinsight.com
roxylicious.wrzuta.pl
www.vegjd.de
sptc.ac.th
xlr8seo.info
edojyou-isityouba.ppoo.jp
7mux.nfdy.net
zhouheiya.tmall.com
www.hedu.at
mephitin.wop.ro
omarpela.com
photovoltaik.info
trucospc.info
vivee.info
kiiss13.pinger.pl
miraikioku.com
nyllover.com
business.westernunion.nl
blickwinkel-portal.de
www.fajiaowang.com
wwww.66bobo.com
guihuaxiang.com
essen-bestellen.info
ecommerce-pratique.info
zitai.puk.ro
earn-withme.info
helongjian.m69.info
bj.digart.pl
uzenethaza.mlap.hu
www.jrjr.cn
www.888ke.com
skyre.wop.ro
portal-info-help.com
116111.eu
www.anuntpromovat.ro
jingzhumeitu.com
web123.co
incrustment.puk.ro
www.youzhik.com
rst.com.pl
monami.blip.pl
mototok.pl
headup.flog.pl
skate-park.pl
backlinker.fr
custombookmark.info
brazip.com.br
www.chinareform.org.cn
pamietnikdda.blox.pl
takumots.wop.ro
wap.6hc.co
remediosantotvi.net
yulu.info
ezjoy.com.my
notaeal.wop.ro
www.97ssdh.info
brune.wop.ro
wadded.wop.ro
charles-harvey.co.uk
prismotube.cz
careerjet.ru
ezmedinfo.com
dior.game.tw
rvlt.info
sta.gov.ua
vegagerdin.is
tullamore.info
gupiao.5w.com
scaping.puk.ro
cacgreen.com
q-bpm.org
vacey.puk.ro
lichtblick.de
www.i0514.cn
virtualisoktatas.hu
heiheyilong.qiannan.org
eligrey.com
herbatha.pl
dokugaku.info
xichen.wap.ai
glamforall.com.br
6hgf.cc
twoj-se.info
yume-maru.jp
blikoogde.puk.ro
bookmarkaroundtheworld.info
promedis.pl
desmondes.com
www.18vip.net
bloedverwant.puk.ro
tibias.info
wiederhe.puk.ro
www.bilingochina.cn
truskawkowo.soup.io
nawbo.org
niedostrzegalna.digart.pl
my2home.info
nutracheck.co.uk
relax-n.net
heatingcentral.com
veganguide.de
m1.510gc.info
komiksomania.pl
imgw.pl
lovesuite.wrzuta.pl
www.iguru.cz
indiaagainstcorruption.com
news.heute.ch
191av.info
www.rcreal.cz
coolsmileypack.com
metaphase.co.jp
tigerstores.co.uk
thx99.info
przegladyrogow.pl
dsi.gov.tr
leychile.cl
con.hu
www.efdinvestment.com
av.ipobar.net
doublegames.info
wzs1974.home.news.cn
susan189.hyves.nl
wccu.org
paelk.com
portalnaukijazdy.pl
ailv.me
lugansk.info
osvarke.info
admin918.com
greenwindow-rod.com
www.ruta-inka.com.pe
www.ynfn.net
torell.pl
zhoushan.tielu.org
hebirujia.fdchs.cn
www.365back.net
mongolsmc.it
footballz.org
p-tc.info
176904614.com
www.3arm.pl
testberichte.de
gratis-bilder-download.de
13m9.56dvd.net
woerstfrance.com
www.mvv.de
vistawallpaper.org
vernikke.puk.ro
cavalluccimusica.it
bigideaseminars.unl.edu
cnc.fafafa888.net
dcshoes.centp.com
supermailer.jp
magazon.lg.ua
hupan.net
www.gzdh.in
sa8.info
gameclan.pl
jennilee.wop.ro
informatia-zilei.ro
ehogwart.pl
www.hjfq888.zxq.net
psdb.com.pl
www.qu.cc
hazemsakeek.info
www.zhqp5.com
www.xxx57.com
www.iiisexy.com
zyueru.wop.ro
iberia.de
piusanipiubelli.it
kimaron.com
neweconomysolution.com
www.sxhack.net
amoy.210000.org
6chh.net
tatikazene.hu
claaaudiar.digart.pl
www.biglist.it
listpr.info
bestfreewebservices.com
yrho.nfdy.net
dlugi.info
bojanas.info
www.experian.es
bestusbharddrive.3qa.info
hranari.cz
xu5r.265link.com
littlesammy6.pinger.pl