66se.us
www.about-face.org
intergate-immigration.com
vasotrop.wop.ro
5wbjl.info
avrettet.wop.ro
imsec.ac.in
sso.go.th
chachala.com
funpic.de
skolmynd.puk.ro
www.paginasamarelas.co.mz
guihuaxiang.com
astrozone.com.au
hupan.net
aapostro.puk.ro
kado.im
entschlackt.wop.ro
anbringelse.puk.ro
traveledearth.com
xixihuafu.com
hkbuas.edu.hk
knihi.by
canadaereader.ca
juancong.com
clip-like.de
bj.h2h.cn
adaptworks.com.br
114.0751.cc
caikoo.net
dqz8.com
7days.ae
climateroofing.com.au
appu.corrigio.tiratiros.bewegliche.screenwi.wwwwww.wop.ro
abgeboge.puk.ro