serd.210000.org
swish-designs.co.uk
ardeleanulfm.ro
ccshuang.rfjpp.com
virtueller-tierfriedhof.net
ysqg.1168.tv
unconfuted.wop.ro
hadopi.fr
delur.tv
vieclam.inet.vn
hupan.net
adminunion.com
tv.jingzong.org
83.com.cn
claritine.hu
happy-bookmarks.de
xixihuafu.com
comradio.cat
guihuaxiang.com
lefh.nfdy.net
hatangka.wop.ro
naggy.wop.ro
mimp.gob.pe
vccinews.vn
www.ema.nl
relizmaster.net
yasintek.puk.ro
xixd.nfdy.net
autosoft.cz
kodcity.ru
www.88ii.info
www.maydonggoi.vn
www.tin2k5.info
tv5.com.ph
center.vn.ua
gamesurf.it
schoenin.wop.ro
becker-furniture-world-going-o.blog.hr
careerzine.jp