bdfafbrv.freeblog.hu
moth6.blip.pl
khilafah.com
la-fontaine-ch-thierry.net
sd-video.ru
kt72.nfdy.net
eindianhair.com
shop-sh.ru
renault.com.co
ptctalk.org
expocentr.ru
bbs.066p.com
index-usa.ru
www.sjjs.com.cn
www.yingxiao958.com
lampenwebshop.nl
jeetle.in
www.hx-my.com.cn
mgjm.nfdy.net
institutferran.org
pqrp.nfdy.net
syw.78.cn
asakan.gr.jp
dyula.wop.ro
chachala.com
dazadaslietas.lv
www.radio.katolik.pl
music.bagdax.cn
funix.org
axel-eisenhuth.de
soswebmarketing.it
www.zibi.pl
8fair.net
comunicawed.com
drogariaminasbrasil.com.br
viaggiparigiofferte.it
cfdn.xiaoyudj.com
r4-ds-r4carte.fr
lezenaartjes.puk.ro
siegst.wop.ro
moj-milion.cba.pl
nss.com.tw
ploscompbiol.org
sicher-ins-netz.info
mrgooder.com
link-suche.info
gakunaib.puk.ro
iranianlawyer.org
quima.wop.ro
forum.book.sina.com.cn
aufstellend.puk.ro
listpr.info
blog-vitalika.ru
ruka.fi
kukou.puk.ro
zgyy.in
takousei.wop.ro
sewrightgifts.com
www.takeagift.vot.pl
concordiapdx.org
robitshop.com
non-non.info
seigv.wop.ro
www.e2gl.4f9.org
puerto-de-salinacruz.com.mx
suedafrika-reise.net
rhxtz.78.cn
bsi.de
aggiorne.puk.ro
tjzl120.com
www.fwxian.com
0nt.info
marketingman.net
targi.lublin.pl
repararpc.info
pysg.210000.org
chapelsandbox.org
www.sunnulaekjarskoli.is
sjzsfjx.shop.qihuiwang.com
oddech.net.pl
ysxx.gaga16.com
phponlinedatingsoftware.com
grimclan.com
jaloux.wop.ro
190120.com
yume.com.tw
lkgg.210000.org
5aw.info
www.norenco.pl
www.6kerulet.hu
bigsea.tk
kiteforum.it
chemeddl.org
www.hebjpk.com.cn
rup.vn
nrmusic.info
greenchina.3vfree.net
calpetage.wall.fm
arbeidsinspectie.net
www.muabannhadathanoi.vn
sjcdrums.com
www.shikoo.com
chuyenphatnhanhqt.com.vn
cyemen.com
yousri.wop.ro
baffy-scorpion.de
nj180degree.net
azerros.ru
ekran.si
porn.6996.us
gxfb.210000.org
www.xpjxt.com
konzong.co.cc
videomarketingzone.info
schmitt.puk.ro
legacytales.net
theuaelaw.com
collarfactory.com
www.globook.pl
8858.com.nu
www.uszcn.com
onlinerockblues.info
sellerforum.de
villaggipuglia.com
appianer.puk.ro
core-china.com
www.yadianju.com
net-80.pl
lojabysamia.com.br
passapalavra.info
jtb.jp
gym.com.pe
sairoscredit.ru
al-saddclub.com
www.iqilu.cc
ccftn.org
moviesofspanking.info
airspartner.com
ideashop.my
millenniumhotels.co.uk
atehenmei.com
desizntech.com
jailbreakappletv.com
duckemails.com
zvcd.210000.org
travelagencyworld.com.sg
mirgeografii.ru
nopten.wop.ro
51seba.info
bjjt.cn
klakt.puk.ro
traviata.blog.xfree.hu
et8.org
project357.com
buzek.ugu.pl
lustube.com
novoirk.ru
epito-anyag.eu
mallhouse.ru
stulce.info
biwako.gr.jp
kurniasepta.com
exchange-rates.org
www.muhezhizuo.net
poc-2002.hyves.nl
digitalpopcorn.net
www.qidiangouwu.com
eldictamen.mx
isvap.it
celebator.com
maincross.net
ausstattendes.puk.ro
clipxxx69.info
swingertopia.com
mdblackhats.org
sstore.pl
www.simpletelecommute.com
elmoscloset.com
housetun.puk.ro
leres.wop.ro
bcard.com.cn
oepai.net
hondaclub.com.br
rtrti.com.br
investirmobilhome.fr
787878qqq.com
bor00.soup.io
malaghet.wop.ro
boneeater.info
bikeandroll.com
seibulions.jp
cc.wwmmm.net
rich-plastic.com
40gvps.com
engotniny.blogg.se
xseksvideo.com
belagerungen.puk.ro
www.smysj.com
0nlinenewspaper.co.uk
jiamaiyi.com
sexe69.org
nypostlov.net
studentloandataz.info
xxxmisjaxxx.pinger.pl
odnoklassniki-under4.info
yadikar.com
88872.taobao.com
indievault.it
thecomposites.tumblr.com
dirde.com
andeug.com
duglas.travel
social-bookmarkz.info
pastarito.com
mangguo.de
hostwebsolutions.com.br
bajandomelo.com
jashubilehem.puk.ro
anexpertresume.com
www.lf4k.4f9.org
qiuxuesongjiang.com
jobexpress.pl
woerstfrance.com
bookmark-factory.info
gxxinet.com
chassema.wop.ro
bicskusz.link.xfree.hu
phbs.edu.cn
v-kei.net
neurologiczne.pl
valetudo.ru
wealthcreationseminars5ow.info
didle.pinger.pl
allposters.pl
www.zemed.hu
malinowe.digart.pl
wap.1cs.so
moneyandhouse.com
boopee.net
lylia.hu
3721mm.com
ayb0.265link.com
woolywonder.com
lawstudent.blogeiland.nl
paraphan.wop.ro
i-decoracion.com
directoryname.com.ar
dugdig.info
0823.info
www.topwin100.com
carl-walther.de
technapologne.pl
fangs.digart.pl
81cao.com
aoyama.com.br
juancong.com
run-life.net
communico.es
22squared.com
swidnica.pl
woodlief.wop.ro
outlook.pl
randell.ph
zjxluxsd.bloguez.com
likebutton.com
bulex.blip.pl
dchomes.us
reise-inspirationen.de
bbs.007.cq.cn
mitilini.info
9agucha.soup.io
shoko.ru
explicitly.me
ngc0419.info
autentika.pl
www.jkxws.net
gemoneybank.lv
emmybryce.com
bjlot.com
hotdil.pl
hejin123.com
www.bancentral.gov.do
okitatami.com
www.jxsme.gov.cn