henghebooks.com.my
carpaltunnelmaster.com
www.kansandian.com
news.liao1.com
hytcwgyx.blog.mongenie.com
forexpeoples.com
ke-jamon.bloog.pl
clements.com
www.222xu.com
fiat-bravo.info
kinda.blog.so-net.ne.jp
ruidosonm.net
www.laoposao2.com
www.holyshit.pl
rodneydurso.com
starstore.it
ncsjw.78.cn
qebojgmlngov.com
iballz.info
www.etilem.net
6cl.org
t-prod.net
klfh.210000.org
herbinger.cz
www.huangjincha.com.cn
syddev.com
mala-mi86.flog.pl
ubuntued.info
youxia.org
lehrst.puk.ro
kampie.info
diceaaa.com
fitnessrocks.co.uk
anzukurb.puk.ro
top-linkek.info
spar-tarife.de
rebac.net
myjobspace.com.br
lidian.info
csillamtetovalas.lap.hu
loudtechinc.com
gis.gov.pl
toplistenserver.info
carlosbakery.com
revijakapital.com
fluocarb.puk.ro
sexfilmy.com.pl
exhibera.wop.ro
westlakefinancial.com
qyff.210000.org
bljesak.info
brokerloft.com
softwareoverzicht.goedbegin.nl
pesotan.wop.ro
shigotoj.wop.ro
424pp.com
phation.deviantart.com
www.noizgate.nl
bcss.210000.org
starekurowo.com.pl
avllzy.info
www.gybot.com
fotogruppe.at
uniterra.com.pl
maths.flog.pl
amantis.net
farsimarket.net
ruxianjiancy.1168.tv
onlinefoktai.com
bradescard.com.br
www.10228.net
gruntlin.puk.ro
xn--salk-1wa3i.net
filtlangreelsgar.wall.fm
polyamour.info
shizhuci2.tumblr.com
blackwomenshealthimperative.org
eskela.sey.pl
eifelzeitung.de
cqsf.name
omnipanel.pl
travelbelize.org
scfederalonline.org
maingames.co.id
inoglasavanje.com
www.digitalyeah.com
www.mvv.de
strigamia-annotation.org
fera.blip.pl
lz.62741.com
s58.ucoz.net
thepc.ca
relax-n.net
familiebutikken.no
aiejia.com
vinaso.vn
animetoplist.org
www.lxms.icoc.cc
herevelazim.com.tr
partsman.hu
olpt.210000.org
hebinzhicheng.com
www.redigo.pl
linotipia.puk.ro
hotbabes4all.com
hatde.info
anysocialbookmarking.info
gametivi.is
autobagchina.com
composite.net
mrcs.wop.ro
wa5205.allin99.net
opencollege.info
job-interview.ru
dofortune.me
appdynamics.com
kathleen-madden.com
literaturnetz.org
southbaylo.edu
cxzyx.blog.163.com
azeroo.com
wm2z.qiwen5.com
www.jstaisheng.com
mentv.blip.pl
topentry.info
www.xxx400.com
fgy.pl
heathergracestewart.com
bramma.wop.ro
raynor.xfree.hu
fuckmytoons.net
consumer-rankings.com
startbih.info
annaslinens.com
newmaker.cn
auktion-ng.de
rtvutrecht.nl
agrade.com.hk
www.chineseall.cn
hostessbrands.com
seg-social.es
chateauintown.com
www.tempo.com.ph
beckstro.puk.ro
lit-bel.org
blue.blip.pl
071magazine.pl
guoshu666.com
n030.cn
getdate.co.il
hatbuzz.com
1mob.qiwen5.com
kilometrikisa.fi
warensortiment.de
webdeti.net
getaway-villas.com
depvn.info
gjengangeren.no
bconnectedonline.com
gesjokt.puk.ro
ancom-ink.ru
bimbacattiva.com
domtechnika.wjo.pl
befatter.puk.ro
battleship-full-movie-online.blogspot.cz
esda.265link.com
cht.com.ar
fondationdelamodedemontreal.com
chlorozincate.snydersville.beweiskraeften.kaitakuc.wwwwww.wop.ro
enchtex.info
hupan.net
swtorbase.com
pilar.digart.pl
56cs.com.cn
chateau-dax.it
bumpkin.urns.wwwwww.wop.ro
goldenmoney.biz
sitiosweb.com.mx
qmsvhbgm.blog.hu
twinkpornsex.com
www.jrjr.cn
ksei.co.id
basildon.gov.uk
articlebom.co.cc
aptgetupdate.de
pictopia.com
jinai.wop.ro
swoop.name
bulla1.info
r-i-p.info
www.21nm.com
jw0j.265link.com
sanday.jp
dozory.ru
antencia13.wrzuta.pl
legalcorner.com
51fmzg.com
samodelki.com.ua
ae911truth.org
obstetri.wop.ro
antihydr.puk.ro
lsm-lounge.eu
new.j6t.info
namazi.wop.ro
maisturismo.pt
diodati.org
www.mayiol.com
vaclavovic.info
jupiterimages.co.uk
saluda.wop.ro
deploiement-fibre.fr
casalemedia.com
htc-blog.com
gametop.de
ir.lv
biodalom.hu
v-kei.net
skuffelsene.puk.ro
crumpy.wop.ro
www.aaawatchreplica.com
dotyk-zdrowia.pl
rx.ee
fuji-x.com
amazon.it
chezt.gznet.com
nke-instrumentation.fr
annen-nord.de
www.33695855.com
dominika890.digart.pl
artaud.info
monnen.puk.ro
dichvuvanchuyen.com.vn
www.argus.nc
www.hb6.org
healthygreen.co
www.vap9.com
interracialvideos.xxx
cpb.org
jahreswa.wop.ro
jongensm.wop.ro
www.fastpr.pl
inca.gov.br
f-tian.com
fob.blip.pl
mietwhg.de
guihuaxiang.com
hbyixian.678114.com
itsalmostgenius.com
hd-videoconverter.com
artpol.net.ua
7eu.info
cuone.org
teslamotorsconcepts.com
dotnetguru2.org
jj.hangz.info
ewceo.com
hzbc.us
ti-net.com.cn
jauniesusaeima.lv
ahsouche.com
zchx168.blog.tianya.cn
58kk.info
pro.ef43.com.cn
axela-tw.net
yes8.info
mega-bux.in.ua
hurresse.jp
kroopnik.pl
cq.120job.cn
prlb.info
drogariaminasbrasil.com.br
www.xalimite.com
cgi.linkclub.or.jp
wnrr.nfdy.net
dillusio.wop.ro
anaisnin.com
hd.sxxw.net
dcview.com.tw
charles-harvey.co.uk
connexio.wop.ro
partnersmarketing.ru
pyhu.digart.pl
ncehome.com
hirlevelmanager.hu
3g.sina.cn
nqx9.265link.com
www.srmhw.com
flimmerfreunde.de