alkoxy.wop.ro
bio.szu.edu.cn
domtechnika.wjo.pl
44bobo.net
www.yanmoai.net
cosmociudadano.mx
souboube.wop.ro
291.me
silaznanij.blogspot.com
www.020gay.org
bbs.hmz.cn
esmokeronline.com
oakleypolarizedsunglasses.org
bbs.5a.com
fwze.nfdy.net
die-seeigel.de
k-disk.net
edchange.org
mouvront.wop.ro
bookmarkclauses.info
otgovori.info
www.shaofu.in
niches.wop.ro
384049.com
magic.co.uk
babia-gora.pl
lankawebnet.info
www.cn-walks.info
399cn.com
gry-dladzieci.org
ahtzdp.com
expressiole.info
www-web.net
eierrekk.wop.ro
hobley.wop.ro
cn.hapigo.cn
kithara.gr
blogaholicnetwork.com
blog.upla.cn
applicationhostingz.info
doedels.puk.ro
webtogs.co.uk
doskaukr.com.ua
ebiz2u.com.my
winetelligence.co.za
nonwinge.puk.ro
naprijednapocetak.blog.hr
fairtrade-deutschland.de
bernardinai.lt
expressloon.info
boiseriders.net
kunte.digart.pl
contradapolveriera.it
erotorrent.info
perfervi.puk.ro
www.p2p886.info
dressforawedding.org
electrostudio.gr
creditreform.ch
paid4-news.de
bdbs.k3y3.net
bbula.digart.pl
www.szvc.com.cn
cumez.org
bancocredichile.cl
agataaa11.pinger.pl
taoke.21330.com
risqueboutique.com
constitution.ru
2y7.info
oblongue.wop.ro
tcrh.gov.cn
fioreperu.com
archivenic.com
ac.88888m.com
hupan.net
plusboard.de
partylingerie.it
586zw.com
gynge.wop.ro
9vpv.210000.org
atso.org.tr
camping-frankrijk.nl
cofunds.co.uk
gameavatarvn.org
ddlodz.pl
e-lyceum.by
rastergraphix.com.au
efeblog.com
eizirou.puk.ro
garlicwo.wop.ro
herbal-skin-cream21.proboards.com
load-guide.info
puzz.wop.ro
studio-kg.com
subboreal.wwwwww.wop.ro
smumn.edu
www.yc8.cn
www.zhiweibf.com
www.gevma.nl
odszkodowaniadirect.pl
42kan.com
albertne.video.xfree.hu
jedenbod.cz
jyuubyou.wop.ro
www.51plain.com
wowmodels.info
herevelazim.com.tr
rsanchez.info
9kjw.com
chartink.com
traviata.blog.xfree.hu
www.5200tv.com
witoldhorwath.pl
interviewsuccesskit.info
888gc.info
ushpa.aero
oculosnovo.com.br
langeoog-travel.de
galatourist.com
raldy.puk.ro
akhydxv.345.pl
bbs.ylxcc.net
organopet.hu
shegotass.info
shm.com.cn
adpulp.com
68688.taobao.com
4hourrecipes.com
gazetaolsztynska.pl
fipe.com.br
selbysoftfurnishings.co.uk
cgulbenkian.com
www.jiemnengdaquan.org
kaletepe.net
www.115u.net
averting.wop.ro
nosinseguro.es
gumis3000.flog.pl
www.dgi.ga
al-abbasiyya.ps
afreeurl.info
clipxxx69.info
style.qooza.hk
www.zj8886.com
gigeso.cn
cnjpw.net
adelfi.info
ggaba.wrzuta.pl
lankahost.net
bing.co.kr
universityofcalicut.info
cand.com.vn
auto.0916.tv
filmstock.pl
ntck.210000.org
www.memphismonroe.us
artificialgirl.digart.pl
70j.org
bipxinh.com
fgvsp.br
imprenta.gov.co
5hw.cc
360qqdg.com
inforam.pl
organiczne.pl
juancong.com
www.volret.hu
6wzl.net
myoka.soup.io
psvatletiek.nl
prymus-agd.pl
oesterreich-online.info
drasco.wop.ro
dyeleave.wop.ro
bagsok.com
bega.de
whiteroom.info
samia.wop.ro
dtet.210000.org
minibookmarking.info
haopcik.com
minecraftseeds.info
activa.pt
unpam.ac.id
deucs.com
dwsilks.com
www.hsyqjx.net
fantanapoli.it
3gwc.net
access-southwest.co.uk
articlemarketingrobot.com
capanna-cadagno.ch
custombookmarks.info
freshavails.com
hockeymonkey.eu
drugsforum.info
silver.drk.hu
m1.511gc.info
www.meimeichina.com
rytsol.com
ipielle.it
tinylove.ru
av.2kkm.com
alergohouse.com.br
zhycwzpx.78.cn
itgt.qiwen5.com
sklep-notebooki.pl
superstarvinayak.info
jjtok.io
qnpv.265link.com
troyun.tv
linkkick.info
aimc.es
recouverte.puk.ro
373r.265link.com
chachala.com
surf4.info
www.zodr.pl
feardark900.webs.com
123flashchat.com
mihram.wop.ro
gizycko.wm.pl
serd.210000.org
bluefans.pl
boungler.pl
czasplocka.pl
www.chinanijiu.com
www.bjzxwt.net
foreo.pl
www.zhnxyx.com
3g.tianya.cn
www.pinnacle.dl.pl
altermedia.info
proxima.com.ua
osuuma.wop.ro
enjoybydgoszcz.pl
bestforextradingz.info
www.ccqjk.cn
aquafantasy.it
canadagooseoutletstores.com
select-hoken.biz
odit.info
salamanca-city-guide.com
okno-land.ru
ntfs.ru
brzozow.org.pl
macieke.blip.pl
www.hhdy.com
www.wiego.nl
bottendag.se
www.shzhidao.cn
mkropka.blip.pl
www.straz.pl
bronadmin.ru
rulerclick.ru
incarmobilephonechar.3ji.info
agoraemais.com.br
lsbk.lizhidy.net
paradoxum.com.br
jobjungle.info
drizzlebookmarking.info
kichai.wop.ro
boxic.info
adres24.com
groth.digart.pl
thebookmarking.info
yopi-surveys.com
sceltesostenibili.it
pinew.digart.pl
chinsya.puk.ro
attesa.wop.ro
minhaprimeiracasa.com.br
www.nyomtatoklinika.hu
3d.cpdyj.com
legterelo.hu
anselmo1910.com
bestebookreader.7l9.info
knt.digart.pl
webstorm.pl
canadianpardons.info
ishawi.digart.pl
www.mikep.at
pueblocc.edu
discountnetz-hosting.de
rain1.hp.infoseek.co.jp
www.icfrussia.ru
www.derimuzeum.hu
kochana666.digart.pl
plugmania.com.br
casagargiulo.it
skrendu.lt
puralopez.com
acmilan.pl
aluniversity.edu
pqtd.nfdy.net
diagonale.at
bandongbang.org
divide.filmaster.pl
collagedigital.org
avangardo.pl
qdxygyy.hos.999120.net
www.uubabys.com
someoneswebsite.info
web-101.org
webio.be
samiajiklinik.com
kgirls.co.kr
qinfei.info
deqing.hzgz.cc
nickie.puk.ro
dwag.nfdy.net
hi2web.com
www.0574h.net
twtn.nfdy.net
sudanradio.info
open-bio.org
flushblast.info
guihuaxiang.com
3dgfxstuff.info
blogspot.nl
roodvonk.puk.ro
bluraydiscsforsale.20j.info
picads.blip.pl
netmarktools.info
homecenter.co.il
prerecor.wop.ro
news.liao1.com
kave.tk
iwam.wop.ro
e-lokaty.pl
rics.org
abieventi.it
www.liaot8.info
crowdint.com
www.1000m.me
www.liaolm.com
questionnerions.puk.ro
factum.wop.ro
terra-henkel.de
ecogold.info
mtm.prv.pl
www.szqlxyy.com
jelli.com
www.catfood.hk
krosno.pl
eskarock.pl
g-style.dengeki.com
bjbfa.net
hutsepot.wop.ro
aiaigimei.co.cc
zs.efu.com.cn
a8e155.x5x8.net
the-rock.sl
davis.ut.us
marika.flog.pl
w3patrol.com
plurl.biz
ketrzyn.pl
umgepflanzten.wop.ro
travelagencyinsurancez.info
989game.com
siouxfallscontroller.com
cargotycoon.pl
svinki-ekos.ru
trichode.puk.ro
give1get4-israel.com
ksa-mall.net
femjoyangels.com
ballergauds.de
sapiensweb.info
kojyusyo.wop.ro
interiorizing.puk.ro
kmrubber.com
555.wap2288.com
octocore.es
zoyaa.pinger.pl
www.targi.pro
meghair.pl
agilecoachcamp.org
muiryta.prv.pl
hbyixian.678114.com
www.wang-zhuan.com.cn
mankan.ojaru.jp