lanqiou.info
aanga.puk.ro
eic-party.de
eizirou.puk.ro
kqrt.info
www.omga.me
www.bron.nl
ptctalk.org
linkbeetic.info
onzetaal.nl
gsfc.wop.ro
gorakhpu.puk.ro
gimdygxyb.skynetblogs.be
ebookoff.info
www.8090.so
www.awcn.cc
tubes-4u.com
uplbox.info
jpoplyrics.com
ausbdsm.info
alzava.puk.ro
www.vla.cn
52kzh.com
induslog.com
voldy.blip.pl
obchod-detem.cz
mkcl.biz
frauenverstehen.ch
cxjz.info
samodelki.com.ua
mykowi.net
gztv.210000.org
fabrics.ru
fare-search.net
samhaber.gewaltiges.wuertemb.kasoujou.wwwwww.wop.ro
link-mania.info
venging.wop.ro
www.shgay.com
www.dhdlhn.com
180grader.dk
arrivaient.eeoc.tvette.wwwwww.wop.ro
hudhre.info
hhzx.tj.cn
shinbu.wop.ro
xzyo.com
hetich.cz
blackvoices.com
articledashboard.info
warnet.ws
www.a51g.info
www.cn15.so
xboxgamingtalk.info
tatihiro.wop.ro
rauchmelder-experten.de
facebook.co
www.spyb.cn
geithold.no
ititti.info
arabgeographers.net
www.abstynencja.pl
ticketzone.com
shinkoue.wop.ro
rnby.210000.org
knightonline.tv
q.blog.sina.com.cn
www.kimoya.jp
bitcompany.it
www4.3khw.com
www.knet.ro
now.com.hk
skylarkwheel.info
ecomas.info
www.pnn.de
8.951n.cn
www.a2299.com
underbev.puk.ro
epito-anyag.eu
vb6.info
googleadpostingjobs.in
www.freebackgroundweb.com
www5.cathrin-kilian.info
koi-live.de
armymails.ru
picpac.info
www.bodytag.org
iona.edu.pl
mccuerobin.tigblog.org
egogram-f.jp
autho87.fr
0375.1775.cn
863.fjof.com
www.zjj.la
musclebuildvincedelmonte.info
trafique.wop.ro
www.meitong.net
festiwalbiegowy.pl
banksepah.ir
www.bjb021.com
71gh.qiwen5.com
92306499.taobao.com
hjell.wop.ro
circolosanmartino.it
setka66.ru
maxporn.com
munnymadness.com
alfaromeo.com.cy
stumplemark.info
gucciflatsse.99k.org
zento.wop.ro
malinowe.digart.pl
hvkg.qiwen5.com
flugelman.puk.ro
freshspirit.be
fortalezamia.com
wpcn.org
tianqi.178t.net
koph.hu
rscs.cz
blog.rsmdtm.hu
propertymode.com.br
advertisingblackswanrants.tumblr.com
dynazik.biz
bth.78.cn
machogo.wop.ro
layover.com
www.baidu62.com
york.gov.uk
pugni.wop.ro
guuin.puk.ro
www.whbhdz.cn
dsmdtu.org
thepetshopboys.es
alish.digart.pl
fr.tradekey.com
webcake.pl
8614.zhua.biz
hupan.net
31968.223366.info
www.gdjswj.com
joomlaportal.cz
egyptdirectholidays.com
pay.com
alvolante.info
www.icranet.org
www.jiyin190a.info
qbxs.info
hosting.ca
tosiek.pl
tibet-dog-forum.de
maaagdag.digart.pl
wildfishandship.com
www.dxh11.com
www.334s.com
bagtanke.wop.ro
otv.com.lb
thekooples.co.uk
queest.puk.ro
armor-making.meetup.com
meromo.m.2s.tv
hostingexchangez.info
frequencydesign.co.cc
staceysnacksonline.com
www.seed.net.tw
newsonly.org
slavsport.ru
lsf-samp.info
e-optionet.com
bizclassifiedads.com
136hh.info
zerodigital.info
huangshan.dinfang.net
av.8888ye.com
www.zhizhuanji.org
fsny.210000.org
tourismbank.ir
ipl52012wallpapers.info
uli10.info
www.44zy.info
kohan.wop.ro
freshminds.co.uk
solidcoin.info
espaidesalut.org
teamr4d.com
www.zsnews.cn
www.22kkkk.info
phongvehoanggiachau.info
www.meirendu.com
www.rosdev.ro
7766suncity.com
xt365.cc
sy-mignon.nl
www.vicedom.at
mshsaa.org
www.hanam24h.vn
aphdigital.org
www.bjydy.com
thearchiestd.com
chachala.com
streamfreetv.org
www.enom.com
henshuub.puk.ro
beaut.ie
reluxa.lap.hu
clinanthia.puk.ro
kajibou.puk.ro
2009.gnome.asia
odkrywamy-talenty.pl
ngy-blue.net
ina.fr
color-moment.sk
vogtland-anzeiger.de
wortliga.de
elektronika.lap.hu
hi-fi.com.pl
8685.nfdy.net
haoji.la
www.sxjzqc.com
riviervi.wop.ro
poplia.com
nextwebmedia.pl
ventas-privadas.com
www.tvtravel.ro
clipxxx69.info
fuzhou.51chudui.com
porn.sc
fkhk34z.info
qbudkskk.blogger.hu
mn.6766.info
freemahjong.org
porad.cz
gqszjambj.skynetblogs.be
stachyos.puk.ro
www.axa.fr
www.czcma.tk
www.09xin.net
photosynthesis.co.nz
ufjo.nfdy.net
test.it
shahrazade.info
craftymind.com
xx.rqr.cn
suchnase.de
skyseotools.com
free-text-links.co.uk
saugstube.to
ultrafight.pl
www.upstw.com
xemayhonda.com
www.0912j.com
nyxtovioi.info
krcr.nfdy.net
bramptonlistings.info
ljgm.265link.com
www.out.ro
expressaway.info
vimfox.info
ra.hg8871.com
bmw.wapyc.net
watercampresort.com
123.m4.cn
thetravelwriters.net
www.taobaoningxia.net
fujikyu-railway.jp
go1888.com
land-seoplink.net
izakopane.eu
laufmonster.de
mxitxchange.com
xsn.pl
www.zhichang.cn
165.cc
tinysolo.com
zombiebook.org
watch-gossipgirl-season2.blogspot.sk
buyoliveoil.co.uk
angelically.pri.ee
www.mp3.lap.hu
isaar.ir
gjmk.ir
55bt.eu
efox.cz
littleo.wop.ro
roothelp.pl
www.myfriv.net
www.sdpctt.com
xxcsxy.taobao.com
elmarino.info
www.czfi.cz
www.kflxs.com
728.com
6bw1.nfdy.net
www.ftet.de
52-seo.tk
upsb.info
www.kishd.org
paydayloans24-7.co.uk
guangxi.qyi168.com
affaisserions.puk.ro
obuvohun.r.gd
my-lonely-wolf.deviantart.com
social-bookmarkz.info
nanago.info
www.fuckteens.com
uforhold.puk.ro
gftomlinson.co.uk
avilo.pl
msquill.com
2033.pl
bbs.hkvmv.com
100000volts.com
3gso.cc
alertcaralarm.17toysbaby.com
politiek.linktop.be
tripguy.com
wmuk-apache.co.uk
suntv8.com
foryourlegs.com
youngester.com
www.517bocai.com
boomblast.info
sesatschool.org
rikusuke.a-thera.jp
www.jinkouzhoucheng.cc
hemei120.com
webdesignstuff.co
ballreviews.com
abs-pk.cz
begood.vn
kids24.ch
aptea.info
seksitreffit.com
www.biantaoti.in
yahoocarts.com
altpi.net
www.qingrencn.com
abc17news.com
volleygame.it
9mm.digart.pl
weatherarticles.asia
www.tongyisea.info
eyeblinks.ie
lustube.com
udsving.puk.ro
bbs.e0580.net
www.lijoys.com
1m0.info
www.aigle.fr
huizhou.zufang.sina.com.cn
egymillioeuro.hu
kr-eho.info
bqspa.cn
dqh8718.7190.cc
aryabhatt.com
bubblelist.info
backpress.org
club-asteria.ucoz.net
belmeb.pl
gocnhinit.com
cssrain.cn
tylek.pl
chay.info
crystaldew.info
www.rtys10.com
moziverzum.net
5ahr.com
testydopolicji.com.pl
unsou.info
fsllong.e-nissan.com.cn
winora.de
asimmer.wop.ro
chengchi.com
visesikolding.dk
sportpark.com.ve
doctorbd.com
cec-epn.edu.ec
burande.puk.ro
pixice.xfree.hu
candelin.wop.ro
gqs.blip.pl
6h28.net
era36s.eekk.org
xifenglie.info
scalar.puk.ro
dj2012.net
www.art43.pl
wi-tribe.net.pk
hikidemo.wop.ro
fragme.info
jungproyect.es
bumlux.net
proassist.blip.pl
rankdirectory.org
fwmhkgncd.blog.hu
granjear.puk.ro
gamertagpics.com
eravi.org
finishline.jp
xxav.info
hefeiwanmei.com
visant.puk.ro
symulatory.co.pl
shabiba.com
dsq.zgnt.net
gurman.sk
srilankaactress.info
tetti.wop.ro
demissly.puk.ro