bfcec.com.cn
chouwazi.com
christiandengel.de
chsl.webs.com
ciid.com.cn
toert.puk.ro
cn.fmcchina.com.cn
cn10010.ws
cnfxopen.com
cnidcs.net
cnkong.taobao.com
cnsnews.com
cnyw.net
coalharbournhc.com
foreparts.puk.ro
namuya.puk.ro
postudios.com
tribe.net
www.2oh2.4f9.org
bdqz.55.la
beaconwealthmanagement.com
beifangfaxue.fyfz.cn
carmela.us
beihai.bbs.house.sina.com.cn
beihai114.net
beijg.in
beijingmeidi.com
chemnode.com
chinaip.com.cn
chinasigns.cn
chizunoko.blog.so-net.ne.jp
chla.com.cn
ciein.com
cielsasukekamui.a-thera.jp
cigarettes.typepad.com
pelmel.info
www.dvcs.cn
beidake8.com
juancong.com
cenatic.es
bennevis.waw.pl
benxi.liebiao.com
www.igloo.ro
bergisches-land-fotografie.de
berlin-seo.com
berryonline.cn
best-compact-digital-camera-wi.blog.hr
best-lawyer-in-atlanta-for-pro.blog.hr
best-prepaid-cell-phone-plans.com
best-way-to-clean-a-shower.blog.hr
best85.com
bestdealsthatwork.info
bestdong.cn
bestelvis.com
bestmoban.com
bestonlinebuys.net
bestpagerank.info
bestsitevalue.com
bestwebspaces.com
ccaiai.tk
biblioklept.org
bijia123.cn
bilyboxerfady.cz
binger-bao.info
bingoblitzers.webs.com
bingxiang.biz
binhduongbds.com
binhoster.com
bio.szu.edu.cn
bionet.vn
biquyetlamsach.com
biyimeifang.taobao.com
bizmac.net
biztosbefektetes.hu
bizybuilder.com
bj.h2h.cn
bjtdyz.com
bjwy.3456.tv
bjzcy.66law.cn
bk.com.vn
bk.pps.tv
bkevine.net
bkpnk089.blogsport.de
bl-portal.de
bl.pazis.net
black-and-green.de
blackabyss-manga.webs.com
blackglass-coffeetable.co.uk
boulder.me
boulevarddrivein.com
bozhounet.cn
bpmstudios.com
bqfhwzyk.freeblog.hu
bqgh.net
bqspa.cn
bqspa.com.cn
bradleyassociates.info
brainjobs.ro
chopdong.net
chopperclubbern.ch
chothuenhadep.net
christianhmongfellowship.org
886879.com
coastalorganizingsolutions.com
yaal.blip.pl
bbs.thi.im
caikoo.net
kordate.puk.ro
chachala.com
hao.b2b.biz
cctaa-wx.cn
www.znjkw.net
sazla.com
betvan.com
ccftn.com
www.olaszkert.hu
climateroofing.com.au
careers.compass-group.com.au
www.googlr.cn