bramleyblinds.co.uk
chachala.com
captainalbatross.nl
bosch-home.com.vn
bosiyu.com
www.hdsz.hu
bostondurgabari.com
botanika.sk
btmaster.cn
btqueue.sourceforge.net
btwjc.78.cn
bestdealsthatwork.info
buckeyeplanet.net
bud-man9.webs.com
bude-quendorf.de
com.cn
commun-it.com.au
communicatie.blog.nl
compassreviews.org
comptalks.com
compvter.it
comtugua.freeforums.org
juancong.com
anadoluhayat.com.tr
bdb.jiangxuezhi.org
bdfafbrv.freeblog.hu
benhgout.khoemoingay.com
blackmagic10.it
blog.buy.at
bluegulf.7190.cc
climate-trading.ru
clip-share.com
constantinum.hu
www.by1tt.cn
bfizffok.blog.mongenie.com
blog.pacificlegal.org
blog.seopk.net
blog.sina.com.cn
blog.sliderweb.ru
blog.voce.ro
blogdetik.com
blogdeunapyme.com
bloggerviet.com
blogutils.net
bloklists.blog.com
cdsqingyq.jinnong.cc
cdzdyey.cn
cctvxf.com
www.51plain.com
cd.120job.cn
cdemocratics.com
cdmfoto.deviantart.com
clemenceg.typepad.com
www.peopleart.tv
cdgalaxis.hu
climateroofing.com.au
lyngmo.org
abflusses.puk.ro
www.harmata.hu
blog.heiguang.com
xixihuafu.com
ac.88888m.com
bwgnccue.freeblog.hu
dazs.66law.cn
aansluip.puk.ro
hebinzhicheng.com
cudthemovie.com
hupan.net
groth.digart.pl
agoing.puk.ro
crockerfuneralhome.com
broadsha.puk.ro
ccftn.com
r43dscanada.com
kudweb.com
circolosanmartino.it
inet.ua
jak.se
ootukati.puk.ro
www.0531dp.com
supermandrin.com
idealizar.puk.ro
www.muyulou.com
mykitchengarden.com.au
chinaz.com
www.ccav99.com
www.chuguohome.com
xadcdq.com
ycjy.nfdy.net
betting-portal.net
fun.ruonuo.com
dustfreepc.com
www.cnsae.com
berghof.dk
deskawind.com
erriko.it
accede.puk.ro
afschuww.puk.ro
fiss.me
molossergroup.com
myeldirectory.com
jikast.cz
buycigarettes24h.com
importio.puk.ro