chunqiu78.5food.cn
botian268.cn.alibaba.com
atehenmei.com
shads.puk.ro
hebinzhicheng.com
climateroofing.com.au
mqhq.210000.org
kudweb.com
hupan.net
www.chuguohome.com
mykitchengarden.com.au
www.kdy120.com
www.muyulou.com
supermandrin.com
jak.se
dazs.66law.cn
www.28-cc.com
ronjangingerich.com
sanne-appa.hyves.nl
www.gegegan.com
tiratira.puk.ro
sinjukuh.puk.ro
www.xuexiji.net
ac.88888m.com
fscyzg.com
ccftn.com
zeitgere.puk.ro
haizyu.puk.ro
xixichengyuan.com
www.firsthandbuy.com
berghof.dk
einfoerm.puk.ro
www.yijiamai.com
dollarra.wop.ro
evep.nfdy.net
fun.ruonuo.com
saoxue.c.la
afgedane.puk.ro
am.com.mx
blackabyss-manga.webs.com
mangguo.org
agoing.puk.ro
juancong.com
accede.puk.ro
importio.puk.ro
bqgh.net
namuya.puk.ro
pajarero.wop.ro
die-gruppe.info
sanam.cn
achaz.puk.ro
www.freebackgroundweb.com
chachala.com
r43dscanada.com
deskawind.com
stshimo.com
yuimar.org
www.lfr.nl
agonija.eu
prentbri.wop.ro
tezie.puk.ro
cedu.com
www.jpyddy.info
adrede.puk.ro
yaal.blip.pl
bqspa.cn
acetify.puk.ro
bexinh.dantri.com.vn
affaisserions.puk.ro
alzava.puk.ro
cgzj.210000.org
aiml.tk
camlog.com
cbcb8.net
www.0531dp.com
chblt.81666.net
brainjobs.ro
jikast.cz
fiss.me
guihuaxiang.com
mjc-andre.org
bungee.co.cr
overfee.puk.ro
chloie.xfree.hu
manga.akihabara.cz
podm.nfdy.net
myeldirectory.com
bqspa.com.cn
shiathecoolbug.deviantart.com
transparentwebsite.com
r6ad.lizhidy.net
megashare.vn
bullterrponyva.hu
www.3hao.org
www.posuiji520.com
www.5jxsj.com
www.heiloo.nl
www.bb520.tk
tribe.net
www.cnsae.com
demiweb.info
www.wwf.org.au
www.xjtn.cn
aanmonsteringen.puk.ro
xixihuafu.com
ycjy.nfdy.net
www.veryhuo.com
bestwebspaces.com
www.tyrolit.at
afcommanderen.puk.ro
afschuww.puk.ro
chengdu.100che.cn