666hwap.cn
institutferran.org
svu.edu
2gdmm.info
an.moonbasa.com
raccontioltre.it
tivi.gocrieng.vn
flashes.eu
theprops.net
bibiyou.info
secadera.puk.ro
www.xjddzs.cn
inexistentman.net
www.kflxs.com
trucospc.info
mjiq.nfdy.net
www.iiisexy.com
permissioncorp.com
xn--888-lq2e340nu1za.com
winamp.com
tvip.co.id
stomachfully.wop.ro
49k.uyec.cn
wmmarket.info
cookingbunny.com
kunming.twoauto.cn
zareczyny.pl
xxhxalcohol.com
sac.org
sostitut.wop.ro
evoucher.com.pl
sportcreds.info
javeriana.edu.co
tbxuexi.com
zhanzhangjiayuan.cn
xrevmedia.com
www.jspz.cn
www.udancecn.com
khohangre.vn
joke8.com
lots0cash.com
thornlighting.com
thegodfatherpart3fullmovie.blogspot.tw
www.gkin.net
aflijn.puk.ro
webxaydung.vn
roscosofor.blog.cz
hisforeskin.com
61zz.info
www.wlmqradio.com
imsbachpuppy.de
newstar-krissy.info
yamaguchisakiko.jp
bbs.85896.com
hdantennaconverterbo.9see.info
gresbuis.wop.ro
yerivar.ws
web.viho.hu
travisstephenson.com
brio-nantes.org
www.kfxx.org
www.winshu.eu
wikifinance.info
www.99shoushi.com
yuwei.cc
www.lav.it
www.piva.be
www.hs948.com
doggybag.com.tw
www.hlyc.cn
99name.net
wenxinge1.info
obuvarur.r.gd
ck.chutou.net
www.suiyichong.cc
tourisme.gouv.fr
kiemtoanvietnam.net
lovera.wop.ro
sidoric.ro
www.52rt.net
ekispo.net
kukic.wop.ro
oftex.hu
srilankaactress.info
charba.wop.ro
getblown.info
zurcidor.wop.ro
shaaciye.com
merasa.wop.ro
grimgreen.digart.pl
yzol.yzz.cn
alterras.de
iss.gov.co
ngy-blue.net
monkey.org
matthes-seitz-berlin.de
mexico-reisen.info
fhi.se
wtpnetwork.com
www.e2gl.4f9.org
harga-blackberry.web.id
pcday.ir
fylkesmannen.no
universitas-ngurahrai.ac.id
www.pbportal.de
free-tips-and-info.info
pupstargard.pl
frontex.antira.info
2chnews.info
nouslesgeeks.fr
100000volts.com
www.maydonggoi.vn
www.mnfallsprevention.org
www.htcl.co
alcantaravalley.info
mywebsiteranking.com
sz.58.com
fija.wop.ro
dfxz.org
whfn.net
www.46ye.com
web-tuning.fr
www.cq9420.com
fullvn.net
www.njcjs3.com
volonter.info
lingeriessexy.fr
s981.jxee.org
kimowota.net
principiantes.info
yinianhotel.com
unsanften.wop.ro
mytodaytv.com
makelink.info
www.newpoker.biz
wingsnw.com
www.hyfrhy.com
slot777-pro.seesaa.net
markbladet.se
flyergott.de
telunsu.net
journalscan.info
smart-single.co.za
spyware-review.net
puskice.org
estudante10.com
www.italiansdoitbetter.it
yuelu.gov.cn
homologuons.puk.ro
www.xiaoshubiao.net
mylittletown.ca
439pk.com
www.ahztzx.net
www.baimu88.com
pawasuq.com
doktorka.cz
smiesznefotki.eu
123cha.com
foldesba.blog.xfree.hu
xl.yiwang.cn
www.pace.edu
www.yiyimov.com
nerdfon.de
pocs.210000.org
notaeal.wop.ro
modiriran.ir
mxd.cn
www.softex.cz
tambah.info
fatmamas.pl
www.yinse77.com
www.shuimei.us
www.zoznamrealit.sk
www.oswiata-zgd.com.pl
absencethemovie.com
tplus.89.pl
update1.hu
zplanet.in
omskreg.ru
nabe71.xfree.hu
oakleypolarizedsunglasses.org
www.casio100.com
sfile.info
timo-weigert.de
byzq.78.cn
www.flyingcigar.de
dwa.de
www.360away.com
www.ravens-fanatics.com
sistemas-producao.net
web-5.org
tacloban.puk.ro
heg-portal.de
jbw.digart.pl
kyoeikagaku.com
futureclub.us
sellbeautyproductsonlinefws.wordpress.com
www.78mv.info
winnerschapeldallas.org
www.hao43.net
bookmarkin.info
polarforschers.wop.ro
stime.llegou.com
www.angbo.cc
jjrcw.78.cn
www.fp81.com
ckatalog.com.pl
paradoxum.com.br
googla.org
seotoolz.nl
yobt.tv
sheepshow.org
www.61xxoo.com
40gvps.com
dogcentral.info
www.yytao.com
osfx.210000.org
volleygame.it
lunlipian.net
houjin-tmu.ac.jp
superakwarium.pl
hermes-top.info
www.0739vps.com
www.kitty.pl
tx802.com
www.2008qd.com.cn
vevo.ly
j.dk
newdruginfo.com
vigorandalucia.webs.com
zzxzz.info
reef2reef.com
kava.puk.ro
fipe.com.br
www.weiweidy.com
www.bjwqjz.com
concierge.apple.com
www.wjg88.com
www.csrcode.cn
www.qiuziti.com
sdong.net
www.furongqi.com
alittihad.co.ae
foneswoo.dilatoires.portabil.lynyrdsk.rouble.klocek.loquet.wwwwww.wop.ro
www.cdm520.cn
sintcatharinagildeson.nl
tutorialsforgraphicdesign.blogspot.com
yaose.at.ua
zachtheid.wwwwww.wop.ro
uniquegoods.biz
shop.gsp.ro
www.taxx.nl
cursoscrece.com.mx
www.keio.edu
minea.org
outlawsmcworld.com
goto33.blog.so-net.ne.jp
vostok.es
wcoop.ne.jp
zh.minecraftwiki.net
sql-articles.com
zaverti.ru
cet.sky84.cn
www.hongchaseo.com
ccftn.com
proallia.wop.ro
twinkpornsex.com
classifieds-market.net
www.socaso.com
coto.edu
actuvveb.net
mariokooklessen.nl
apocalyptica.de
sitelinker.info
dgseo163.com
damie.jp
svhw.210000.org
frame.pl
theredlist.fr
cuttingedgemuscle.com
activehistory.co.uk
www.22kkkk.info
meditare.it
acrl.org
houseonline.be
complico.puk.ro
72doma.ru
verkkomedia.org
chachala.com
abb.com.vn
www.bjb021.com
sqcvnbhbpk.blogger.hu
eaak.tk
korchinatnc.com.hk
uir.ir
www.lj14.4f9.org
monitor.us
oeko-anbieter.de
bonkaceleb.pornrox.com
dfj.com
merkur-bank.de
www.baibian88.in
fechtend.wop.ro
www.tatyn.com
www.reusch.pl
polwyseplipa.pl
www.hao229.com
sonnenkraft.com
thepetshopboys.es
cyberbiznes.pl
hauw.puk.ro
www.zpasc.gov.cn
www.cfrmania.ro
sunbeach.info
fushun.xinl.net
tp.300301.com
www.okk.ge
hery.digart.pl
portalinformatico.com
www.db007.cn
www.xxx883.com
www.hokkaido-np.co.jp
se7e.in
sendfile.pl
clubwarner.jp
558110.info
adamex.pl
agrarfin.wop.ro
artemes.digart.pl
www.91vpnn.com
completearticles.info
jixiangxinnl.1168.tv
a13.pz81.info
spcollege.edu
kikuu.flog.pl
urcss.com
qes87fa.org
palosonline.com
seoserp.org
topbelly.com
viuisso.com.br
www.modele.oh.pl
www.selaoda8.com
koromoga.puk.ro
www.xzypx.cn
czerwek.blip.pl
abolirais.puk.ro
www.kuoyinji8.com
www.protex.no
oscamtips.info
iaddurl.org
otostrona.pl
plymslayer.com
www.999dyy.com
mumingerlai.1168.tv
www.51paper.com
www.wenxuezuojia.com
zehx.k3y3.net
ich-steh-auf-sex.de
ikati.pinger.pl
academ.info
dedro.info
game2.cn
hr.am
www.gangguanz.com
19602.223344.info
kikifamily.com.tw
oznp.nfdy.net
offertedilavoro.info
rdir.de
okya.info
seifen.wop.ro
sud.org.es
shopfish.pl
umek.si
www.hxkljx.com
www.kuail.net
www.newsvitrine.de
nakedplugin.info
v-kei.net
lgi.com.sa
nextera.cz
medicins.puk.ro
hetich.cz
bookmarklink.info
fz168wd.com
www.yifa78.net
superdryoutlet.org
yugioh-online-fan.de
zeek--reward.me
www.jste.gov.cn
www.thamxj.com
http97.56sqg.com
thisweb.info
lamer.wop.ro
www.0731cnc.com
pixazza.com
inwestycjeodadoz.pl
healthfitnessblog.info
comparecarehomes.com
julia494.hyves.nl
cwordpress.cz
8999.hk
140charactersms.info
uchospitals.edu
arte.tv
seedsource.info
avos.com
gamblersdir.com
vindski.puk.ro
ezlms.com
vivaville.org
personalpr.pl
shinbu.wop.ro
corp.e0580.cn
www.csganxi.wanye68.com
www.llyz.cn
ffct.cc
pairies.wop.ro
menshealthhub.com
ryugaku-mitumori.jp
discover-syria.com
wnl.su
oculosnovo.com.br
yazhouse.drives.it
huangyanseo.com
www.video.lap.hu
www.viewz.cn