morocco-trekking.com
reachaccountant.com
shop70716714.taobao.com
wapxdw.net
cazar.de
bestofferscasino.co.uk
franville.com
songeo.pl
farandulero.cl
beoworld.org
dirtyadultvideos.com
ywbb.k3y3.net
novaschool.es
dogdayskennel.com
www.jxhlp.com
www.xmnn.cn
bxtf.info
www.eh027.com
combinait.wop.ro
jeoe.210000.org
www.voss.de
panzio.szallas.eszak-alfold.istenhozta.hu
epigenome.eu
interviewquestionsanswers.org
bs4.jp
szatka.pl
jgwebdevelopment.com
www.027chem.cn
winx-is-magic.webs.com
gs.tinyin.net
shoki-bai.co.jp
cxvsxdrph.freeblog.hu
www.lishi8.com.cn
plummeti.puk.ro
www.stdgay.com
santelog.com
primus-hub.ws
mmmr.bendiren.cn
thisit.de
interapophyseal.puk.ro
www.k9yy.net
farmeramafansite.com
chh.pl
www.zm26.com
apartliberal.com
natablicy.pl
vipservices.ch
down57.net
www.creatunion.cn
ololong.ru
succodesign.it
download-gucci-mane-ringtones.blogspot.cz
www.yxcw.net
kurtlarvadisiforumu.com
machao8.blog.51cto.com
www.nixiou.com
bronchen.wop.ro
daiji.puk.ro
forumubuntusoftware.info
ag92.flog.pl
vibranthemes.com
6candy.com
www.aiyiwu.net
generalassemb.ly
thuoctridaurang.suckhoevietnam.info
bisbon.ru
ka30.ru
facerollsyndicate.com
borkum.de
www.sdcenter.pl
www.cnda.cn
6h8889.com
josiekittyartist.deviantart.com
www.haixia.edu.cn
hpbbs.zol.com.cn
ajc-access.org
monstar.fm
xhamster.info
www.natibaby.eu
lordporn.net
sosyalguvenliksefleridernegi.org
puisterige.wop.ro
avsky.net
siddall.info
directory-press.info
gagarinlib.ru
fadvhms.com
pro-poly.ru
94luoliao.info
www.daviw.com
people.uncw.edu
vani.com.mx
whipstitchfabrics.com
www.ikxs.net
www.drstudio.pl
rexall.ca
baldrics.wop.ro
ecomas.info
44456129.qzone.qq.com
www.52fx.cn
w3minecraft.com
javasourcecode.org
estribador.puk.ro
epaper.cena.com.cn
shiryoku.wop.ro
megacherche.com
yvi.jouwpagina.be
so-netmedia.jp
southernrailway.gov.in
doukyo.jp
ndfjaxisfire.mnyzh.com
kosanadd.com
jowey.soup.io
skd-doors.ru
adityaschool.com
clipxxx69.info
hao88802.qjwm.com
shadowable.bunmen.unsacredly.euwww.wop.ro
shiamatch.com
wyprawa.info
ydfw.qiwen5.com
paradisecruises.vn
sk.kz
91longzhan.co.cc
bbfun.de
6gsu.265link.com
www.china-hcf.cn
travelinfo.ca
awesomeangela.a-lsawards.com
adufa.puk.ro
cuscoinca.net
klepacka.digart.pl
webplus.info
prudential.co.kr
www.ryoreika.net
www.fp6888.com
mbam.wop.ro
fucq.qiwen5.com
dimerc.cl
givegoodweb.com
www.3m.com.cn
www.66szs.com
mbca.org
www.uxx.cc
www.dglg.net
bevolkingsleer.puk.ro
mscc.edu
directory-ok.com
bagscustom.com
download-gucci-mane-ringtones.blogspot.pt
f-tian.com
pixels.fad3.net
bbs.dbit.cn
ikigo.wop.ro
celava.wop.ro
www.0555880.com
62m.info
www.adrse.ro
galkuri.com
thisiskushdvd.com
bel.com
uom.ac.mu
doggishl.puk.ro
florentiavillage.com
thebusinesssocialnetwork.com
cgsn.210000.org
bash.org
www.2zhx.com
heine.at
zphr.tk
medialo.gy
radiophoenix.jp
zxft.0513.org
www.qichedj.net
horizon-virtuel.com
fujis.puk.ro
yyzs.zhuxiane.info
wpcn.org
download-gucci-mane-ringtones.blogspot.se
kapin.wop.ro
qita.in
lz.zyue.com
superannuationguarantee3wb0.info
lgiwtzqz.blog.mongenie.com
bunkre.wop.ro
www.aqqdy.com
33md.com
www.91003.cn
vdsv.jp
gujarat.gov.in
obvsg.at
bh40.nfdy.net
www.caay.tk
travel.yahoo.com
www.ttlse.com
wollschn.puk.ro
kb.cz
tubeporno.pl
jd37.nfdy.net
ronys.info
s.zjol.com.cn
www.zjdts.cn
pottsbrendan.tigblog.org
www.kaixiny8.com
keiyaku.info
dildo.xxxpornosex.net
fuzhong955.bbs.net
www.taobaoningxia.com
jobmastersnigeria.com
forum-proxy-leecher.software.informer.com
hyipfriend.net
cheltenham-races.com
tlbb3.diandian.com
miamimovingmoversz.info
kk44kk-823a.tumblr.com
dominos.bg
silverfishlongboarding.com
amadorwa.com|chris-ensoll.com|surroundreceiverrevi.9see.info|www.olx.com.sv|www.renticd.com|aleksandra1.flog.pl|www.138fp.com|www.oov.pl|bbnj.nfdy.net|khamta.wop.ro|tortellini.hu|www.wens.com.cn|fmq7.nfdy.net|webgarden.com|janjl.deviantart.com|www.7898989.com|www.04baidu.com|www.xmrsd.cn|menudirect.com|parishcreations.com|ulusahizmet.com|prsorgulama.org|www.jianfei.net|www.rts.fm|huaiyunqiandezhunbei.bb-house.com|fotobanda.com|glaent.wop.ro|anthonyackroyd.com|bioon.net|cpugjbxvci.blog.mongenie.com|www.158mlt.com|aagamas.net|www.luhacovice.cz|www.joojd.com|setools.cn|ieb.be|jphkywgi.skynetblogs.be|www.ldd6899.com|sankygz.com|dreamworld.goedbegin.nl|bbs.hkvmv.com|www.xxx93.com|www.qg-knives.com|aerialarts.deviantart.com|kzaa.nfdy.net|www.714302.com|gs.mbzl.us|vq5o.k3y3.net|www.ttky4.com|www.dcvg.cn|gascaquintero.com|www.hxtao8.com|affordablehealthcare-1.info|churchofchristehr.com|kamban.in|pan-yu.net|www.cntianxin.com|www.lmmw365.net|utorque.com|www.dywtx.com|www.shszc.com|www.dbxigua.com|www.bsyjfc.com|tumen.mk.ru|pagestat.com|www.qiangren.org|www.baimao.com|goodartanimation.com|9yin-vvoniuu.com|www.tsyouxi.cn|www.cnsummit.cn|www.zhenxingo.com|www.djdmy.com|ranking.pk|cigarettes.typepad.com|actresssex.a-maturescam.com|plsearch.com|escaparatevisual.com|adminunion.com|www.hnzyxx.net|htqc168.b2b.hc360.com|qianjin88.gitom.com|www.leica.org.cn|www.asianhugecock.com|dazs.66law.cn|19qq.hk|wap.tudou.com|www.szhq.com|www.twspg.com|valu.cn|szoves.lap.hu|wordpress.com|digital.orf.at|www.4006848085.com|bbs.sqfc.cn|ftpcdn6.r633.cn|www.szaaa.com|www.liswl.com|www.sjhfs.com|24xxoo.com|www.babaw.com|www.kkyxw.com|qdlwt.cn|fotbalstudenka.cz|gytq.nfdy.net
zeedclub.in.th
scambs.gov.uk
www.kdb.hu
yuntongding.1168.tv
667966.com
falsburgers.biz
apecom.ru
opensoftsolution.com
food.es168.cn
suppsucogo.page.tl
stbotanica.co.uk
nod32id.org
www.nicnt.cn
hostpedia.us
gabriella-falci.com
thinkrc.com
7b.cn
ecoresolutions.org
linux-dubai.com
petitlady.a-liveprivates.com
www.zaai.tk
muscleteam.de
linotyper.gemzelee.preutela.wwwwww.wop.ro
www.kreanord.org
kostym.wop.ro
moredigit.com
kw-eng.net
nc.sooker.com
itrevolution.co.in
bloggers.nl
hostasp.net
ts.189dm.com
parlando.com.ar
lordmatt.co.uk
ersh.su
websitemovers.com
i88u88.com
fusi.210000.org
wujinggou.com
gybo.ca
incarnationoldcatholic.com
date-up.com
affordablehealthcare-1.info
shap.wop.ro
cn.bing.com
book.3g.net.cn
zegarki.com.pl
goelijk.wop.ro
seot.in
fogado.etel-ital.nyugat-dunantul.istenhozta.hu
blogbar.de
www.inlatplus.lv
www.3c.cm
www.azxh.cn
www.530dy.info
snovaozarabotke.ru
www.fora.pl
u.miaogu.com
okn7.qiwen5.com
wp-ecommerce.org
nitrome.fad3.net
www.xxhd.org
qssryy.info
mailmta.com
gushingn.puk.ro
3ridethecock.a-livesexasian.com
tuiuk.ltd.uk
abgedrueckte.wop.ro
kruthai.info
guangdiu.com
exc1directory.info
vdare.com
zxqbvlip.blogger.hu
classificadosff.com.br
www.henankt.com
science20.com
universalsoularts.com
muoia.wop.ro
princessraquelnazareth.fashionblog.com.br
suasmensagens.com
askmedicalnews.com
chatandwinprizes.com
6htv.com
bestblogsbrasil.com.br
aldon.digart.pl
spooneyn.wop.ro
jamelia.wrzuta.pl
csvax.puk.ro
gracjana.blip.pl
frasier-paradise.info
linotipia.puk.ro
77ph.210000.org
forzest.biz
haocaizi.com
woqod.com.qa
state-of-mind.co.uk
borpas.info
aidoweb.com
huazhuang8.org
manabalayya.com
juegosdecamiones3d.com
pijnigin.puk.ro
iudex.blip.pl
mgyj.info
lilly.puk.ro
sjelectric.co.uk
directorysupport.info
dapurpunyaku.blogspot.com
www.kreacja.to.xn--wenamineral-u5b.com.pl
linkassist.info
theadultcafe.com
gwykc.htexam.net
cnporter.com
minpromtorg.gov.ru
www.fanxuefei.com
www.32bh.com
thetruthnews.info
buscate.cl
mediatouch-online.de
xuchang.tielu.org
www.imanet.org.cn
eitlerem.wop.ro
ikuaibo.com
intelligence.cn
scansnapcommunity.com
jaagpaarden.puk.ro
ibiomagazine.org
myexit.org
leathernecksma.com
tuzfeszek.hu
bababunm.wop.ro
eegarai.com
qbduqnxb.freeblog.hu
hirokiwakamura.com
mitsubishifm.com.br
amwso.com
worthship.geschwaengert.prosenta.wwwwww.wop.ro
friskposts.info
seonovichok.ru
bic-media.com
orangelab.se
ewarrant.co.jp
www.33ph.com
chang.wop.ro
brilletj.puk.ro
www.01chi.com
anmo121.com
0pjv.nfdy.net
oyo.dnevnik.hr
520566.net
avstaar.wop.ro
nvz.78.cn
useav.com
vipcars.com
design-your-homeschool.com
hawthorn.com
sky-tree.me
www.mengyou.org
cengroup.vn
www.dlcoco.com
akronvax.wop.ro
slawomirambroziak.pl
enjoypoker.us
mmorpg.org.pl
www.ycrenti.info
www.cqjiaoyu.mobi
unfoermiger.fornac.gazelleo.wwwwww.wop.ro
bringinguphopkins.blogspot.com
memenet.jp
optonline.net
xianlan315.com
90ph.com
www.veteranpark.hu
zbshareware.com
multifamilyinsiders.com
kk668.info
estreladosleiloes.com.br
baglett.co.za
phanmemquanlybanhang.info
www.ruixingzhou.com
tvoybloknot.ru
latinamericanstudies.org
gitaradlapoczatkujacych.pl
blog.netplanet.org
descrismar.puk.ro
baselineresearch.com
hrsjaukdh.skynetblogs.be
macvim.org
shemaleprofit.com
nb1500.com
enjoyeasy.com.cn
owlishly.wop.ro
bumbalee.com
blog2.morinaga.co.jp
fitmax.it
aouellim.symboled.geckotian.wwwwww.wop.ro
jobananas.com
dinnerandamurder.com
yoof.info
www.dqrcw.net
c-o.com.cn
residentinteractive.com
poshglam.com
monavocatonline.fr
orama.eu
www.airjordanyeezy.net
pressreleasesuite.com
135tx.com
nissanzone.pl
viuisso.com.br
churchblessings.com
cysjw.78.cn
bizreviews.com
seqingdonghua.tk
tw-battleh.com
halik.puk.ro
ztwoman.org
tengrinews.kz
sportsexperts.ca
kaka365.com
dyskrecja.pl
giadinh24h.com
artandtourism.it
art-med.ru
buddytemple.com
sponplat.opphopin.montesino.wwwwww.wop.ro
itao100.com
remark.de
pushab.wop.ro
graceafterfire.org
ingroup.wop.ro
cartoon.pplive.com
arrowheadhomedelivery.com
ks.edu.tw
cybozu-saas.jp
66pp.com
puremobile.com
www.huining.gov.cn
univ-sba.dz
www.cdasy.com
culinary.net
kyotomm.jp
honung.puk.ro
www.cqxxt.com
drapertools.com
armedforcescarolina.org
cpptw.com
pngkays.com
extlink.blogsys.jp
worksourceprofessional.com
www.41153.com
sitesubmit2.com
www.tddx.net
dromaeo.com
platinumhideip.com
pc-logon.com