mzerikae.com
dcasa.it
freetv.com.au
sozai-site.com
shignats.wop.ro
celysvet.cz
knork.net
www.81jiaoqi.com
jot.r.gd
www.365sc.cn
bbs.clzg.cn
lo2test.tk
juancong.com
totalhits.net
anet.net.tw
chicksto.puk.ro
www.reisebox.de
eslpod.com
www.ebh2011.com
www.wejammin.net
nephzat.com
bakkyardbullies.com
sandiegohaunted.com
www.pixelunion.net
happy2-island.com
birgy.ee
gtog.nfdy.net
fanfueled.com
www.hhdx120.com
souria.com
sypp.oicp.net
piciformes.afvorm.wwwwww.wop.ro
www.smileagd.pl
capitalethiopia.com
filieracortabio.com
austincollege.edu
www.livermusic.cz
xt.58.com
inked-nation.info
minoritynurse.com
montane.cat
mee.nu
www.perlagroup.cz
www.salin.com.cn
netlovebbs.info
azultravel.com.br
boyhood.biz
rufox.ru
www.chinaled114.com
sesb.ru
avgjoegeek.net
www.teatime.ne.jp
era38s.et568.com
pornbig1.info
linkfamily.hu
badische-zeitung.de
lucheng.6188.net
www.gsp.ba
scalepans.puk.ro
20101.223355.info
yxds.210000.org
www.14477.info
projectdd.jp
zque.265link.com
frenzoo.com
txcs.51v.cn
sinclairintl.com
yapcna.org
nama9.com
bestshowticketslasvegas.com
dyjc.net
juku.net
ae-project.ru
bestwestern.es
kingsunsoft.com
www.kblm.cn
pantz.org
hirschgasse.de
fondationdelamodedemontreal.com
dosia5504.pinger.pl
www.chinlux.com
tdubbed.blogspot.com
sectools.org
www.mnd.eu
www.cn-ucla.com
dailydiettips.co.uk
wulfsber.puk.ro
scbid.gov.cn
fortestyle.pl
schurkischem.puk.ro
www.lap.hu
dotcomsecretsx.com
wtabkol.cba.pl
ichikawa.lg.jp
longyoucong.cn.alibaba.com
annaz.blox.pl
chinanetedu.info
boda.wop.ro
magnoliastatekennels.com
sincopar.puk.ro
www.zhjnc.edu.cn
ashdcl.com
www.france.cz
dssa.gov.co
linkchest.info
embedplus.com
www.qvod.ms
zgjkzs.com
www.fzrcw.cc
game-z.biz
haoserenti.info
framasoft.org
hotfiledownloads.org
bbs.d1tv.cn
www.cnxaxrk.cn
commontemplate.org
rutschiges.puk.ro
www.1258yingxiao.com
isijapan.co.jp
onexamination.com
netliferesearch.com
paslek.wm.pl
kreditti.wop.ro
finance.nfdaily.cn
travsidan.nu
jeehee.com
www.01446.com
tgtc.cn
aggiornamento.puk.ro
1c-usoft.ru
fxcm.fr
www.mingxue.net
thankyou.ru
taoyuan18.com
vonkelde.puk.ro
asiafax.com
3529888.com
camino.pl
htmlbasix.com
qqc.co
froxy.com
91694.com
qqduck.tmall.com
videocraving.com
mitya.co.uk
alc.opt.cn
www.e23321.com
maldarizzi.com
bonoapuestasgratis.com.es
artikelfabrik.de
thaythuoccuaban.com
pornohd69.info
18oh69.com
gwebtools.fr
moserbaerhomevideo.com
bullet.blox.pl
schools.ac.cy
ekr13.info
www.zgykc.net
dojokai-s.jp
sumai-surfin.com
ebidz.eu
448448.hk
rsdnospam.com
www.zxcvbn.org
tinyurl4.info
matrix.ua
magazinga.com
www.900ff.com
tablesfu.wop.ro
www.51cao.info
universityofphoenix.com
bwalive.org
www.jlzz.cc
register-pajaronian.com
desenetv.info
www.notpt.org
sex-dating.jouwpagina.nl
u-bo.info
www.qdnzy.cn
pawsmusic.org
oeversik.puk.ro
unipharm.ru
blong.info
topporno69.info
kukic.wop.ro
desmotivaciones.info
meath.puk.ro
kompisbloggen.se
x4o7.k3y3.net
dourody.pinger.pl
zulc.210000.org
adrianleeds.com
www.52shejing.com
tianzheng98.com
www.yyuda.com
sesexxx.info
avjthemes.com
wearerobots.net
sysvm.com
santemontreal.qc.ca
strona24.pl
geographicguide.com
amadorwa.com
74674.com
dgp.gd
tdkc.qiwen5.com
wsz.edu.pl
smspinigai.lt
cioswnos.pl
zhdsy.78.cn
skytube.jp
www.172.la
www.vietvbb.vn
www.irislingua.cz
www.jnssgs.com
hbyixian.678114.com
lvliangweiyena.fdchs.cn
www.ebee.cz
compilerfree.com
studioc.co.il
coolproxybro.com
marblefa.puk.ro
www.kvov.com
gautier.fr
baby.nx.e23.cn
www.shjmw.org
godx.wap.ai
espectadores.net
catbookmarks.info
traviantactics.com
www.hhaavv.com
www.moslove.ru
tietieyi.tmall.com
f27.aaa.livedoor.jp
www.sunrise-tag.com
bbs.anger567.com
j-taro.blog.so-net.ne.jp
websengines.com
www.didiao.info
koopjegadget.nl
catarrha.wop.ro
www.olympic.cn
www.chuguo.cn
hring.puk.ro
mondedemarion.info
plazapublica.com.gt
angi-technology.com
www.yx51.info
pianetaseo.it
sovetnik.ru
www.osoz.tv
bilgilgi.com
www.bhlnz.com
www.54cn.net
www.fernandez.cz
ndsshop.jugem.jp
allesdruck.de
severouralsk.info
www.ffsky.com
oxun.ge
votpusk.kz
wang.okgo.tw
topdj.by
plus500.pt
sy1.cc
lacantinadoors.com
atcheson.puk.ro
nazireich.net
itidaizi.puk.ro
www.nfglasses.com
ventomet.wop.ro
shiny.flog.pl
ds.78.cn
tourisme-boulognesurmer.com
sopheon.com
hnsg88.com
topdesignfirms.org
megaplayer.info
www.vvv92.com
sitelement.sk
www.wsxz.cn
www.tangnur.net
www.zyycgs.com
utrangerte.wop.ro
vaughanmompreneurs.com
promdress.co.uk
ccmedia.pl
www.010ci.com
www.dbs.ie
4uhomepage.com
tvxxx1.info
lespom.flog.pl
www.xuexiang.org
devicedoctor.com
www.inhair.cz
www.hcjyet.com
shu1000.com
coinster.jp
berlin4rent.de
lanciner.puk.ro
ig2net.info
www.yy5678.com
paramounttpa.com
anzen.m47.jp
spirando.puk.ro
ipodclassified.co.cc
liberopoulos.gr
rantapallo.fi
www.cbp.nl
49.aiao.cn
chillies.co.za
goettinger-tageblatt.de
www.yueduqi.com.cn
datingsoftware.biz
www.xxt139.com
opak.crolib.hr
district8.net
www.cebaobao.com
nikii555.pinger.pl
www.sexgs.net
tokyoguide.net
aviosim.net
www.ciip.ch
www.evbike.cz
my-led.cn
abacanto.de
gonct.info
fyh.faayoo.com
leyoe.com
tendevan.puk.ro
gis.vsb.cz
east-horizon.net
undisgorged.wop.ro
klumse.wop.ro
narzedzia.pl
www.4006656999.com
88szs.com
gletscherkuss.com
4--all.com
myscoobydoogames.blogspot.com
yuwae.wop.ro
028qglp.com
grandprixforums.net
edituratrei.ro
activlab.hu
jandostal.cz
www.bieshuc.com
ellik.blip.pl
www.pptkj.net
tadao-factory.com
www.ctg.cz
ttdmwbrfp.page.tl
www.inmsol.es
biofungicr.com
www.tourismus-statt.de.tl
wywalamy.pl
pneumodynamics.wop.ro
weathertech.ca
avineon.com
sharedsoal.blogspot.com
www.cainuan.net
amit4u.com
gacetaoficial.cu
ismailaga.info
www.downza.cn
avmt.info
prostate-cancer.org.uk
mushahed.info
www.40li.com
volante.pt
ewarez.net
www.90686.net
www.pornoraj.pl
fazdinheironline.com
ceweekly.cn
celebrationsrestaurantandbar.com
v1bet88.com
freelancersworlds.com
e-optionet.com
xpressorganics.com
badenpage.de
24au.info
akademos.pl
hejin123.com
www.hljhxsj.com
footcrab.soup.io
lysax.pinger.pl
www.world-china.org
www.system59.ru
cotojest.info
freenewgameonline.com
543ggg.com
candlere.puk.ro
www.blgzd.com
www.iii22.com
rikan.puk.ro
48h.tw
www.hallofthephoenix.eu
ofcourse.us
ddhssc.com
262264.www.blox.pl
www.365mao.com
www.haarle.net
10000link.com
nikola-finblogger.ru
bootscootintraffic.com
intimdialog.com
ttssgg.com
select-baito.weban.jp
www.rinkel.nl
plazurniy.ru
dekorfactory.pl
xxl-technik.de
biogas-software.com
abp518.taotao361.com
historymuseumnewyork.qu17777.info
kotalog.net
mediadrom.info
zhycwzpx.78.cn
terz.am
99sl.qiwen5.com
qiuzhang.org
avse.fl588.com
www.rdphb.com
babaxzlz.blogger.hu
thefashionpatrol.com
teluguflamegold.blogspot.in
sfi.se
9494914158.phone.searchwww.com
cogiaothao.info
art.net
katalogseo.pl
marvania.pl
pacificav.com
kado-winkel.goedbegin.nl
prfh.info
cyokuyak.wop.ro
turgescency.puk.ro
virginplace.info
www.lygxz.com
sachen.wop.ro
finelinepits.com
digitalizalo.net
www.zailine.com
www.51nhjob.com
loredanalipperini.blog.kataweb.it
86che.com
azkorm.digart.pl
www.a1a888.com
csjt.jus.br
mesopodium.puk.ro
biff.no
wzcn.cc
www.szqrkj.com
duncantrussell.com
radiosalta.com
imlemeg.info
feuerwehr-poettmes.de
gtalumni.org
giftboxes.huarenblog.com
quove.info
bbs49.net
dy.618110.cn
fotw.net
gefaesse.wop.ro
conferenciaepiscopal.es
adspeek.com
karldiary.blog.so-net.ne.jp
86zsw.com
bia-sport.com
tray.software.informer.com
www.belapatfalva.lap.hu
rijosa.puk.ro
www.biblia.pl
cnc.3745.com.cn
fiestapp.com
videosexe9.info
propagandes.puk.ro
4f7u.qiwen5.com
spiral.hamazo.tv
www.dnf5200.com
www.138ccc.com
barcelonahotels.es
ecoformica.it
fsahandbook.info
debatewise.org
npnpowerteam.com
2004rena.hu
vazak.com
gendertravel.info
www.sjh816.com
www.yysao.com
visiontv.ca
ds1.nl
zugen.1168.tv
sz.zhixinn.com
www.586jz.com
www.4008825588.com
www.zsyzsy.com
softcom.biz
loombo.pm
g367.net
burek.com
www.tianrunb.cn
toel.210000.org
runnersclub.pl
thomala.com
www.cnnn.cl
forons.puk.ro
ewsite.se
www.hao302.com
seomarks.info
picha.wop.ro
aarama.org
aurora-israel.co.il
cphoto.net
wessexparkhomes.co.uk
www.ptacek.cz
patrickjmt.com
sextazy.pl
www.hyves.nl
clgo.sjtu.edu.cn
cryptogon.com
babycenter.in
www.zj.10086.cn
kolani.com.cn
crawleyandporter.com
syatsu.wop.ro
jiamaiyi.com
muzzo.pl
opert.prv.pl
turkeystone.cn
uncalk.puk.ro
hoofdton.wop.ro
www.youhry.cz
prontofido.it
45zgw.com
49cc-pocket-bike-performance-p.blog.hr
www.64b.it
www.bb123xx.com
hugball.com
www.citybd.net
teamarket.org
tree3.net
smvdu.net.in
www.tao73.cn
www.chinaloyalty.com.cn
uzbrojony.pl
njangal.com
axiscom.co.jp
c37.cc
kelab-umno.com
www.0596haoma.com
www.eb-cn.org
volcreole.com
baiodu.com
49zl.net
audioklan.com.pl
www.xiyan.org
gosuqaalfbway.blogtrue.com
www.5id.ph
facebazar.cz
tbcourt.com
lahul.wop.ro
spartoo.es
www.3g-edu.org
www.6zkj.com
henhenshe-722a104.tumblr.com
puzzler.pl
mario.ec
upf.edu
boiselegal.net
mahnte.wop.ro
yz8y.qiwen5.com
thewoernerfamily.com
www.bjjsjxw.cn
www.sexe.by
priv.pl
acksecuritycon.com
www.guilintravel.cn
lsx110.cn
qeus.210000.org
openagenda.com
pwba.k3y3.net
kazakkee.puk.ro
sabaudia.latina.it
easylunettes.fr
tsumujikaze2.blog.so-net.ne.jp
sousasbullies.com
knobdeco.com
wpfen.com
raspe.wop.ro
verhaaste.wop.ro
noel-wanwanclub.a-thera.jp
timbuk2-jp.com
mintberri.com
ontvlamt.puk.ro
icar.by
vistaku.net
intensewebvisitors.info
gevent.org
www.nba1.cn
www.taobook.cc
voile-toile-ombrage.com
alomuaban.net
abalakin.puk.ro
nepalwireless.com.np
www.lyjk5.com
www.ady9.net
www.dgfy668.cn.alibaba.com
www.66qd.com
hanzheng.org
andjava.com
www.nv.gov
www.yaotome.jp
mengd.wop.ro
kognet.de
m.cfanclub.net
www.75279.com
www.yedoo.eu
magamobile.com
amateurmagazines.com
blogazos.com
globallymail.com
www.sdbys.cn
artphoto-site.com
vestidospara.com
mmjdw.com
todaywebseo.com
6d3x.qiwen5.com
mov.456gan.com
odus.210000.org
www.bj-dns.net
acs.pl
s.job5156.com
ezjoy.com.my
www.tur.cz
5432.in
daogouwang.tk
broomer.puk.ro
verlamt.wop.ro
webbookcity.com
shelbyvilledailyunion.com
pisarze.pl
serpstat.pl
www.sh8010c.com.cn
suikang.cn
www.news.admin.ch
iwin.net.cn
resalemarket.co.in
greatstar.tw
kuyi.yk8.so
willinggames.com
ididdi.info
molattack.jp
palavecino.com
fast-roam.software.informer.com
wojsko-polskie.pl
schnauzer-kingdom.com
krosphoto.ru
philo5.com
enceintes-hifi.sitoshop.fr
fastlaneus.com
76mmm.com
inetverification.com
huellasdigitales.com.mx
fgv.br
maxlex.ru
medosite.info