www.iogoc.com
xlh.1168.tv
houseinsuranceratez.info
tinytree.info
unswille.wop.ro
hexun.com
gankaikai.or.jp
v111.com
gedaante.puk.ro
shua.in
www.chicagomanualofstyle.org
leuchttu.wop.ro
moodle.pl
letra.puk.ro
monstermayhem.org
mincomercio.gov.co
howtoviewprivatefacebookprofiles.com
classifiedquebec.com
singingbone.net
logandaily.com
www.essen-und-trinken.de
tudou-tw.com
seoinfo.lt
www.788wyt.com
mpedia.jp
computer-support.nl
sexgazetka.pl
www.3639.net
www.daocy.com
www.tjtour.net
sauriern.puk.ro
dhost.info
dimerc.cl
worldhouse.vn
metrolionsfootball.com
column.chinabyte.com
worksap.co.jp
atehenmei.com
osa.pl
komenoshizuku.jp
pwc.es
pinwei.cn
robmaguire.com
bbs.7jisu.com
opaie.wop.ro
www.33668.in
www.18833hk.com
season.de
incrustment.puk.ro
czzyx007.blog.sohu.com
netdoktor.dk
trampki.org
ahwi.nfdy.net
etihadguest.com
www.zaad-sexfilms.nl
club.tw
ohnotheydidnt.co
quiktrip.com
lauredal.wop.ro
taisiich.wop.ro
oct282011.com
smmx.210000.org
thaifood.hu
singaporeclassifieds.net
redlouboutinshop.com
couchcritics.info
ozkuy.biz
osakacastle.net
ktyrhs.com
ngene.puk.ro
kksebo.com
storepc.it
isse.tk
wijlimburg.nl
joke.b181.com
war.veve.tv
bearcolorarts.com
netsamen.nl
digitever.com
sea-hotelier.com
jbiyopuz.freeblog.hu
she.tom.com
logicawiki.nl
beggars.com
bbs.wufengr.cn
studentensletten.nl
regionetoscana.info
caspiantelecoms.com
thiscoupons.co
oomama.wop.ro
www.40800.cn
lo2test.tk
gitahost.com
ekfu.net
skarbiecmennicy.pl
articledashboard.info
xinanlou.com
portugues.com.br
eyfa.org
www.8504110.cn
pokerzysta.pl
vyql.210000.org
brookesds.webs.com
projectdd.jp
coglinked.info
hmfz.78.cn
gbidowlu.wop.ro
seabank.com.vn
6ddd.info
sviven.puk.ro
westcoastcinevideo.com
joboshakins.com
www.altoma.cz
tehran-musiiic.rozblog.com
uni-blog.info
kappa.flog.pl
room404.net
sogoseo.com
coloradotimberline.com
medla.wop.ro
frenchkissrecords.com
www.zjygdq.cn
sxsasa.org
busaevo.hamazo.tv
schlagbaellen.puk.ro
ygbigbang.com
shishaku.puk.ro
ccftn.com
lscyqy.78.cn
ondroid.info
reuter-badshop.de
webmastercv.com
hvok.nfdy.net
fz.jxcn.cn
oceangroups.info
www.yhenbxg.cn.alibaba.com
golf-gift-ideas.co
trafficjam.de
shuronbu.puk.ro
neighed.wop.ro
hadezprofit.info
albertina.at
philmitschforamerica.com
jaans.info
588nba.com
scielo.org.mx
offroader.gr
ncagr.gov
seqingdonghua.tk
peoplesguide.com
e-texteditor.com
hackerbox.us
m.ppmix.com
tbessa.net
forumlynx.info
citytoys.ru
www.ddrtys.net
hit.kz
thjodarheidur.blog.is
dogcentral.info
ith2o.com
cdf.lu
fuckinginhell.com
csic.net.cn
zuch.210000.org
personaliza.com
www.xxx733.com
articlesubmitterpro.com
yuejob.com
phl.upr.edu
pregnancymiracle44.com
zgreatdebate.com
oldroad.info
ld91.jd.cn
eschaton2012.ca
guihuaxiang.com
www.gajdar.pl
goldreefcity.co.za
computer-directory.org
depositi.wop.ro
snoga.puk.ro
rogna.puk.ro
natemac.net
bemailer2.info
pavane.blog.so-net.ne.jp
fototagil.ru
freezer.we-seo.net
n2ii.in
horyzonty.org
www.idos.cz
aulikki.wop.ro
beautystat.com
iol.pt
fbandbusiness.com
breadfruits.puk.ro
e-tamaris.pl
www.wkdmd.com
webexploretoday.com
partipressens.puk.ro
nemfinans.dk
mygreenpages.com
ombouw-wii.nl
mnogofilmov.ucoz.ua
carim123.a-lsawards.com
www.kkk54.com
sp.11xxxx.info
r35k.k3y3.net
iljt.in
bkstr.com
dresstv.jp
vart.pt
skenny.info
unmadden.wop.ro
cbfp.210000.org
uni-d.ca
drexplain.com
astan.blog.is
articleinternet.info
lanyan.1168.tv
thuoctridaurang.suckhoevietnam.info
protegelinks.info
handcraftedmodelships.com
www.davidrager.org
www.huamuwang.cn
abkuerze.wop.ro
cdoa.ca
indowebhoster.com
suprahumanity.puk.ro
xiqiao.info
google.co.jp
jbav.info
doodle.st
toetakel.wop.ro
pmlh.nfdy.net
perspectives.org
prlp.info
ladysfitness.net
decorplanet.com
176677.www.blox.pl
charlatans.info
mijueqls.1168.tv
raijoush.puk.ro
beymen.com
lazars.wop.ro
gewe.puk.ro
jianzhi51.com
jobs-bank.com
synovate.nl
machit.de
news.959.cn
odbf168.com.cn
ttes.info
n49w.qiwen5.com
www.didiao.info
jiujiuhongyao.1168.tv
www.azsv.nl
renego.com.sg
bbs.wuxue.cc
zadania.info
goodwin.edu
diagnosedwithmesothelioma.com
www.aolaya.com
slits.wop.ro
colitis-crohns.com
gxybxjm.78.cn
t.wangjianran.com
totalcmd.pl
organiczne.pl
www.edu.com
mrj.blip.pl
natural-cancer-cures.com
guilinshi.383845.com
nusienka.digart.pl
seodelhi.net
rdza.digart.pl
filhadaputa.com
ist.de
astroshop.eu
revorix.de
loaded.wop.ro
earnguru.com
www.weddinggownsprom.com
basicwebsitereview.com
theanimelounge.com
fixity.wop.ro
www.shipsupply.org
www.voatt.cz
tjtz.78.cn
welt-der-werbeartikel.de
angliki.info
pelviano.wop.ro
thegamblinggurus.com
fun-blog.pl
cn.fo
fupukujuj2.prv.pl
changtu.huoche.com.cn
e-shop-bewertungen.de
makevrndavan.org
neilshare.com
neboleem.net
coressl.jp
revtor.com
nesiot.wop.ro
doristori.com
84ai.info
alimm.cn
promagnumcorp.com
tltonline.ru
katz.cd
u7u.pl
miclad.com
www.430304.com
full-dl.com
nfinity.pl
esro.info
gamingallthetime.com
insist.or.id
avrora.spb.ru
html5update.com
ggcup.com
rainbowcity.cn
hide-camera.ru
ksbbs.soufun.com
fontanadistribution.com
wisdom-teeth-removal.us
animeron.info
iltfarmacia.com
slowka.info
viewauckland.co.nz
burlap.puk.ro
b-ul.ro
toppotraviny.cz
its-sport.de
made-at-home.net
people.uncw.edu
spn.dk
chuokai.or.jp
www.taojfl.com
osaka-u.ac.jp
lmbc.265link.com
observatorio.info
iroc-forum.de
splocik.blox.pl
earnmoneyonline2.webs.com
www.xjba.net
melam.wop.ro
bazanowski.pl
webdesigninsydney.com
shadowhunters.org
fayre-square.com
hea.cn
suchy92.digart.pl
my-themes.com
liselottedv.hyves.nl
tur-info.pl
rocco3.blog.so-net.ne.jp
vhsclassof2000.webs.com
miele.com
sqcvnbhbpk.blogger.hu
pornbig1.info
oceanamps.org
agora.pl
1elegantfetish.a-mycams.com
latest-mobile-phones-price-reviews.blogspot.in
michaelsdenhotel.com
magnusdutchbar.nl
e-piotripawel.pl
quipus.wop.ro
www.91hehe.com
housemd.info.pl
asian-eca.org
pizzaportal.pl
hyperlinkcash.com
2dm.flog.pl
travelway.pl
surestimera.puk.ro
inntektsprofil.wop.ro
gotomeeting.fr
nt-24.com
marimedia.net
cyclekikou.net
licornesworld.net
oraprednisolone.com
shoham.wop.ro
virallistgenerator.com
fangchan.news.baidu.com
www.coolhello.com
eic.org.cn
yume.com.tw
www.hnsbzg.cn
solea.wop.ro
service.esf.sina.com.cn
nakano-d.jp
www.ifra.nl
404cn.net
southafrica.com
pixel-online.net
disguised.puk.ro
inseltalk.de
mykongfu.info
analog-forum.de
tongxiehui.net
radioandmusic.com
www.kstxmz.com
lisa18.wrzuta.pl
donottellyourfriends.com
tinysolo.com
info-centro-24.com
wangpan.hk
szqfyx.com
casaecomida.ning.com
loesung.wop.ro
grandecentrepointterminal21.com
thf.gov.tr
cgpartners.hu
baoming.neworiental.org
knomsan.com
licitatiapublica.ro
yes-seo.tw
teachersfirst.com
envio.org.ni
2lw9.qiwen5.com
www.meteotest.ch
wp-studio.org
boyzone.co.za
www.shoubody.com
link8.tk
bobylegros.com
wheelchairbasketball.net
ellik.blip.pl
sh.a963.com
www.tsmyd.com
blog.3czhidao.com
health.news.sina.com.cn
nkbohinj.si
apple-store.dk
eyreland.com
groupewib.com
post.baidu.com
rtvpancevo.rs
er0.sblo.jp
hogs.puk.ro
marketingwww.pl
latestonweb.info
fotoklik.pl
xmhj.56dvd.net
local-hook-up.com
adultspace.co.nz
i-rent.info
uus8.com
soe.me
www.365qiugou.com
lagoen.hyves.nl
thrill.wop.ro
youvidporno.info
botanique.be
tetricit.wop.ro
www.guildwiki.es
qqc.co
daybt.info
cf163.com
tg.scol.com.cn
jfcpphb.org
dxseo.com
nikkibeachmiami.hyves.nl
hzpjmd.dv37.com
reluxa.lap.hu
allforum.com
fox.az
www.scribd.com
softwaretalk.info
hetiantianqi.qiannan.org
97sd.com
melpedia.org
winecellarinnovations.com
fabmall.in
comete.wop.ro
johnmasters.com
www.52flb.com
www.zhaost.com
dollb.com
the-grapes-of-wrath-full-movie.blogspot.no
d-p-h.info
malaysiads.com
strigamia-annotation.org
dailysale.com
hiphopid.com
freaktorrents.info
wap.6hw.cc
allianceswiki.com
donto.wop.ro
wanbuzu.taobao.com
gotosa.wop.ro
shockwave.ee
diplotop.fr
45zgw.com
fuyumi.puk.ro
dexteroid.com
pekny-nabytek.cz
foster2forever.com
blog.feih.name
www.hbe.gov.cn
4-3-3.net
bmwklub.sk
leonardovanni.com
soft21st.com
webitkft.hu
milkov.ru
globlotto.pl
genot.wop.ro
sunhotels.net
sfoci.wop.ro
netfugl.dk
www.uqlkz.com
80halta.com
668h.net
aboutprojectors.com
mysentimentexactlee.com
parcellaimmo.hu
suenoandaluz.pl
reefcube.biz
www.studyfr.net
openphpnuke.ch
ankangcha.1168.tv
huaxiaxs.com
wbrnet.info
imod.pl
sexotube.eu
stadtgarten.de
www.indeed.hu
licitacoes-e.com.br
admin918.com
pivpiv.dk
gbnet.in
omphali.puk.ro
159220706.qzone.qq.com
aaugymnastics.org
oceanspace.tk
enrichyou.info
e-consult.ag
www.557ee.com
zodiaconline.com
gzcy.gzlm.net
sinusita.net
jianzhouji.fdchs.cn
imgwykop.pl
otvetityt.ru
fmxuan.com
marcatur.puk.ro
www.suhuicheng.com
foundmyspot.com
fesp.org
lowagie.com
my-diet-store.com
jiuqitai.9998.tv
davoodgamepc.mihanblog.com
siloamhospitals.com
casertaon.it
swiatkotow.pl
gisyo.puk.ro
53aiai.com
shop.warau.jp
korton.nl
shafts.wop.ro
fischerverein-schwenningen.de
fnxp.210000.org
8jzw.com
neixiang.01ny.cn
fenglintianxia.soufun.com
astralsociety.net
www.6dxh.com
www.nccsum.org
theextopia.com
archiset.eu
tunisia-surf.info
decides.info
dsy.it
macronimous.com
help.163.com
griyoib.com
chaosmode.info
p2b.jp
aristanetworks.com
lamode.info
xunilek.digart.pl
rmv-mosnang.ch
tempotur.com.tr
gutscheinrabatt.eu
peru-travel.info
jiasuqi.commas.cn
folnakora.blogger.hu
www.cndows.com
lago.flog.pl
img.22.cn
batimatec.showguide.cn
gluecksspiele.net
birdseye.ne.jp
www.cresc.eu
szukajauto.pl
pornotube89.com
comsec.pk
lagoslist.com
livingnature.com
614t.nfdy.net
andybaird.webs.com
mpr.co.jp
kldp.net
camerasecuritynow.com
bambiayakkabi.com.tr
xxmmb.com
alicia-hing.co.uk
3gtebu.com
wapzt.hk
www.aikol.org
www.zebi.nl
howardforums.com
tongdaifpt.vn
opiniolandia.com.ar