platinumlist.ae
khoaluan.vn
www.fpbb.pl
www.zw.com.pl
www.16star.com
610cktb.com
fresh.lc
rtg-mag.hu
www.se5300.com
www.sexgs.net
sanne-appa.hyves.nl
www.987aaa.com
hakecun.com
obenan.wop.ro
mrd.hu
www.amabilis.cz
hydatomo.wop.ro
episke.wop.ro
maskinkode.puk.ro
www.feizhuming.net
ralj.nfdy.net
einfoerm.puk.ro
colabug.com
boda.wop.ro
simplefly.nl
www.ddzf.com.cn
www.zmhyw.com
tiozommari.blogeiland.nl
www.dizigui.com.my
bemailer2.info
betweendrinks.com
www.huochai.net
www.sijeme.eu
bianjian.org
todj.ru
lisoc.org
www.zjyuhai.com
www.85sq.com
www.rentigod.net
yokk.nfdy.net
digital-dictators.de
acatist.ro
www.tenza.cz
hockey365.de
trocmaer.info
dailysms.hu
tp.222hh.info
hlbb.nfdy.net
bosque.wop.ro
hagard.blip.pl
tubexxx18.info
tell-it.net
sharkgaming.dk
animeron.info
icv.cc
51736.org
sergiorinaudo.com
sudupower.net
xz.tobosu.com
tuan.5w.com
lespom.flog.pl
www.yhsl.net
www.dengjean.cn
www.weetix.fr
vozniski-izpit.com
www.hnjyxqq.in
grinderpunch.com
yywap.co
ziii.biz
www.mile.cz
www.51taobao.net
www.dufgfrtg.com
ruez.eu
gamei.tld.cc
circolosanmartino.it
ekr13.info
digg-tweet.info
centurion.bb
guihuaxiang.com
idiomax.com
blog.calta.info
pornohd69.info
www.qdcyh.net
dqz8.com
gef.asso.st
auto.xmh.cc
www.ccstock.cn
3529888.com
tehran-musiiic.rozblog.com
uni-blog.info
www.dw0005.com
www.hxjx198.com
home-cost.com
travsidan.nu
amrak.cc
jfba.jus.br
kupi.ba
www.aytys.com
www.hamayou.net
www.31cao.com
www.zhiyingsteel.com
rsarchive.org
soonish.puk.ro
www.ylsw.net
taroo.info
gist.edu.cn
websitedown.info
mycam.hu
songkhoe.info
kom-club.org
csc.kbw.ne.jp
jenalens.de
nakano-d.jp
o-g.cn
56kompania.pl
tetsig.wop.ro
allquietonthewesternfrontfullmovie.blogspot.co.at
hacktutors.info
lady.56.com
irad.fm
www.nick.pt
gadget.wop.ro
jskkw.com
www.didiao.info
warface.web.tr
www.99bbs.org
b6fo.k3y3.net
www.800820.org
konzerv.lap.hu
shop.warau.jp
bbs49.net
regzone.cz
8.ggtt.us
www.tao73.cn
duchess.blog.hr
mensusa.com
carptigers.at
58shops.ru
newbie.ir
jamescook.nu
myphoto.to
eef.md
acs.pl
www.urviho.cz
justamente.net