atompoli.puk.ro
gevent.org
comptalks.com
ohotniki.ru
helium.co
opdc.go.th
gralandia.pl
100922.net
kksebo.com
juancong.com
atap.wop.ro
thisit.de
www.nasit.cz
bbs.t.163.com
f2.99hy.info
felvidekivarak.lap.hu
kdni.265link.com
ll5.eu
skytube.jp
eogi6.com
unet.info
tubexxx18.info
lo2test.tk
showbizhits.net
17dalie.com
101ako.com
1122p.com
123games.dk
123visiteurs.info
www.aihaim.com
avattka.blog.xfree.hu
castellanza.va.it
www.vmmtv.be
www.uu88.tk
tep.cn
earnwithinternet.info
qxf.9998.tv
56le.net
armor.ag
imod.pl
doktorka.cz
www.xxq6.com
simplybe.ie
rockingchairs.com
bedayaa.webs.com
shop.hmz.cn
www.enterdesk.com
katlok.pl
www.anuntpromovat.ro
www.fzzz.ba
www.llbra.com
www.libravc.com
www.zkcx.net
www.49kk7.com
www.jp88990.com
terninrete.it
automobile-catalog.com
ltwshu.com
www.iwjz.cn
aras24.pinger.pl
tbn.org
rossmoor.us
www.tangrenf.com
plain-text.info
na-local.com
dmax.ro
www.ellis.cz
www.zuozw.com
w5ma.265link.com
www.zecin.com
get-hard.ru
period3.to
local-mover.info
deverde.elandbnb.tw
www.tooooi.com
atehenmei.com
dubux.info
icm.sk
evep.nfdy.net
www.aromka.cz
lzplace.com
trinityhold.com
kreditanstalte.puk.ro
s3s-viaj.com.br
vip.7cl.cc
knjs.210000.org
sunsweet.info
punky.wwwwww.wop.ro
probbkrtech.net
lon.to
exper.org
vb6.info
stoppeli.wop.ro
fers.puk.ro
blazewebstudio.co.za
www.eawball.com
eukl.nfdy.net
www.chinaxitang.com
lzk168.com
ecokatalog.pl
cadhisto.fr
stedentrips.nl
admin918.com
oouda.wop.ro
jottings.in
www.abcwsj.com
dj.webchuan.vn
mumbai.craigslist.co.in
globeholidays.net
skutery.net
daigobyo.wop.ro
meteo24.fr
www.biblia.pl
www.fifi.cz
etl-tools.info
yhair.taobao.com
www.ag8.org
nhso.go.th
qingting.org
animeron.info
www.recyklujteshasici.cz
energyonline.gr
www.huayuan.org
www.sj33.cn
unbewaff.wop.ro
bek.me
berea.edu
videosexe9.info
www.nece.eu
guihuaxiang.com
www.hhaavv.com
www.iphonies.de
mikeslife.org
uta6.mirume.net
pornbig1.info
itk.kz
garla.9r.ro
aanmonsteringen.puk.ro
betting-portal.net