0427zsw.com
www.avis.cz
bbw.hu
itthun.hu
city-map.net
77xi.info
www.ets18.net
smk1.waw.pl
www.tencate.nl
toegrijnzen.puk.ro
adticket.de
tomtel.ru
quiltinaday.com
lagrimal.wop.ro
vietnamairlines.com
tancra.es
unisalento.it
www.wdhrb.com
www.7k78.com
ekr13.info
bainternet.info
75la.net
nodex.ru
gb5j.210000.org
www.177811.com
boneeater.info
muc8.info
shop.warau.jp
5ci.lt
prolicid.immortality.attacha.ootemati.wwwwww.wop.ro
www.southcn.com
sowind.net
vecer.com.mk
kausal.puk.ro
mind4you.pl
posejdon.org
ccta.nfdy.net
tahen.wop.ro
yesvpn.info
www.g1intezet.hu
fromidea.com
argentose.puk.ro
autoshow.lap.hu
toekanss.hyves.nl
6hzt.org
www.wqshw.com
tmgi.qiwen5.com
best-ero.ru
jim-block.de
jz.0529.org
place2be.blogsport.de
xclones.me
lo2test.tk
qd.51tie.com
www.maler.ch
abus.puk.ro
www.aser.ro
keperden.puk.ro
au108.info
mstar.com.my
namazvakitleri.gen.tr
rtg-mag.hu
articledashboard.info
imotibg.com
bosque.wop.ro
tenso.puk.ro
nj180degree.net
lady.56.com
guihuaxiang.com
rs-direct.co.uk
acfeu.eu
wufeng.name
boda.wop.ro
dns26.com
all-hd-wallpapers.com
www.dichxx.com
www.taiwan.ahk.de
happyet.org
kinda.blog.so-net.ne.jp
www.nvlt.nl
tetsig.wop.ro
ben10.fad3.net
timeswv.com
nakano-d.jp
www.jinmen.cc
opruimen.wop.ro
torpilleriez.puk.ro
kksebo.com
mahanedu.ir
mlecznepodroze.pl
kwansubo.wop.ro
cuteweblinks.info
mjyh.210000.org
58g1.lizhidy.net
myglobalinfo.com
automobile-catalog.com
dbpia.co.kr
www.didiao.info
51nanmu.com
jgkf.210000.org
skytube.jp
hebinzhicheng.com
uilz.210000.org
tj.gov.cn
www.hstraining.com.cn
videosexe9.info
glory.hr
mydiy.pl
barkerandstonehouse.co.uk
www.qqjgs.com
spacerki.pl
www.ons.mr
www.wy6kt.com
www.corpgo.com
goldblog.pl
www.gzwsasa.com
77me.com
sexed.su
camptarigo.com
www.mxcygs.com
survivalist.se
728a5.tumblr.com
www.u6soft.net
d1zx.com
soundportal.at
u1s8.nfdy.net
desmonding.com
3gcc.us
yk95918.com
www.ylsw.net
pijanitvor.com
4ie.ie
www.brainvest.hu
www.mhaha.com
www.baidu29.com.cn
www.shanghaizhongtie.info
torgland.ru
3529888.com
depdagri.go.id
esecra.wop.ro
88.ggabc.net
adrien.puk.ro
anonine.com