magies.com
lepishariki.ru
hotbabes4all.com
www.athomedrugtests.org
archieven.nl
slxd.net
ifon.pl
solicits.wop.ro
4gm.info
fotoprinter.pl
gemilder.wop.ro
fuelthemind.com
ramir3z.digart.pl
drumdogs.com
aillent.puk.ro
www.9423.me
energiahoje.com
fanarnews.com
blogforarizona.com
thingstodoindelhi.com
feuillue.wop.ro
dirmoz.info
mycastingfile.com
gesellt.wop.ro
preirrig.wop.ro
flamme.de
eizyuu.wop.ro
debbiedoesdesigns.com
da.com
byronic.info
traderteam.pl
7720mm.cn
www.split.hr
digital-dictators.de
hunter-gamers.net
insurancesauto.info
xixihuafu.com
inwestycjeodadoz.pl
giftservice.pl
www.j8j8.info
flikk.wop.ro
ono.es
fewer.wop.ro
gay411.org
gewichtigste.puk.ro
salisburyjournal.co.uk
frinklinspeaks.mu.nu
foodstoq.com
www.64b.it
foreversa.co.za
www.uuuv.cn
monodl.info
52face.net
yalandunyahd.com
gasthaus-poetz.at
uniritter.edu.br
hupan.net
gl6x.265link.com
mdlatino.com
gb-china.cn
joemonster.org
www.adtcn.com
itexty.sk
aanaardi.puk.ro
szilveszter.ca
lzqf.net
web-bi.net
waehlend.puk.ro
www.zmvpn.net
9agucha.soup.io
kitacchi.wop.ro
livesocialbookmarking.info
planet.apache.org
procarcare.com
indomobilbekas.com
bookmarksservice.info
endura.wop.ro
honei.wop.ro
kattintside.hu
cyberhostpro.com
jfzc.210000.org
chunxin8.com
dubaievents.ae
bt.com.bn
orbit.com
maaagdag.digart.pl
www.epyes.com
haodian8.info
www.ityw.net
kollymovie.com
se1zui.info
bandweverij.puk.ro
virtualhomeoffice.com
blogspot.ca
korathealth.com
bbs.889988.net
lwam.qiwen5.com
cleancutmedia.com
interposiez.puk.ro
msn2.me
emailhostingservicesz.info
search-me-now.info
knoopte.puk.ro
bookmarkingvala.info
allarab6.com
mispicke.puk.ro
maldonit.wop.ro
kejpa.wrzuta.pl
multiky.ru
besant.wop.ro
123-plombier.com
nyuujyuu.puk.ro
racingvideos.co
microsez.com
mountainbuggy.co.nz
6g4.info
chemenal.wop.ro
101woonideeen.nl
onlinebusinessclick.info
mazdaspeed.com.au
nhta.nfdy.net
auto.0916.tv
meranerland.com
ukparachuting.co.uk
agard.puk.ro
www.brutalrape.nl
yaviq7040.huijucn.com
penesak.puk.ro
manga.akihabara.cz
lupiewkregoslupie.pl
hy22.com
a-body7.com
perdhanahost.net
vah-hans.ru
noosfere.com
feminiweb.com
served.pinger.pl
techmaisbrasil.blogspot.com
socialbookmarkingreview.info
rambia.wop.ro
blogdohackintosh.com
sanalkaynak.org
salno.com.pl
humyai35.info
realtynews24.ru
abc.cz
renelindner.de
prensa.wop.ro
senuke-x.info
pensionissste.gob.mx
nala.com.cn
futura.org.br
spornews.com
pubbliannunci.it
verrichtetet.puk.ro
krolewskipensjonatpaslek.pl
kamasound.com
linkover.info
peur.digart.pl
gazetadobalao.net
www.bjxyk0.com
gamesandcasino.com
zbanuj.pl
securitymonitoringz.info
rheuma-liga.de
ardeleanulfm.ro
nonpheno.wop.ro
zakko.digart.pl
soku-deco.jp
www.tu4.cn
beweegkracht.wop.ro
mybutik.com
imhcnetwork.com.my
www.ipre.pl
plemiona.pl
seeweges.wop.ro
ueberbietendem.puk.ro
ratujryska.pl
darts.lap.hu
no-ip.org
goldilocks.com.ph
aaugymnastics.org
zeleki.wop.ro
crackpassword.com
sportartikeln.puk.ro
www.houzi.in
goodir.info
speedrewards.com
berlinimpuls.de
ouisrael.org
abczdrowie.pl
xdiablox.com
jungleseeds.co.uk
autoconstruction.info
sa.newsclassifieds.com.au
mushman.co.kr
freshly-picked.com
greenhat.ws
stoppeli.wop.ro
spacsport.nl
skypehelp.com
seksigiyim.com
k-government.com
dooktor.pl
wingsnw.com
sisisky.wop.ro
br.messenger.yahoo.com
bytesocial.info
atwishey.skynetblogs.be
www.666xa.com
traumaticlesionsbrachialplexus7qv.info
suimitsu.puk.ro
transsexuell.es
www.fssqi.com
shua.in
zionlodge.com
tsyx.210000.org
unflank.puk.ro
sokolowsko.pl
sportamore.se
dksloi.de.gg
ttur.com.mx
diable.wop.ro
mid.edu.pl
17044703.5sing.com
weather.1neng.cn
char-aznable.tumblr.com
www.ema.nl
chaosmode.info
scheme.wop.ro
merlin.org.uk
source.ba
sexystreet.it
worldtalk.jp
thesixfigures.com
knightonline.tv
eurodata.com.br
cwi.pl
bebisziget.hu
hot1079philly.com
mojeokoli.cz
narat.wop.ro
www.bjfw.mobi
nesiot.wop.ro
solgenomics.wur.nl
shini.wop.ro
verwerin.puk.ro
benetzende.puk.ro
uspystore.com
tawassoul.net
thakims.info
unigravi.puk.ro
rtlnitro.de
tao.okdays.net
buchgourmet.com
el-paso.tx.us
oander.hu
bestemailservicez.info
www.sooqu.net
dxha.210000.org
sundiscount.eu
rimpianto.puk.ro
kamila69.a-liveprivates.com
umassd.edu
www.rruu.com.cn
atozasia.com
verehrte.puk.ro
sexclub.ru
nekabu.wop.ro
standup.pl
wlcm.info
www.33ldh3.com
teenus.info
www.gynk.netwww.gynk.net
bookmarkspot.info
www.dxbsm.cn
www.a2299.com
thatshowimakeit.com
lavan.wop.ro
uitgeweekten.puk.ro
myglobalinfo.com
njure.puk.ro
www.daohang666.info
www.eommo.com
randkomat.pl
wadded.wop.ro