bikinibeaches.net
bilgisizsiniz.tk
bio-natur-urlaub.de
toursistanbul.com
www.rsstip.com
www.jcow.net
biotreat.info
resinet.pl
bloghome.com.tw
bustyteenstgp.com
guia-londres.com
bni.nu
wapgf.info
www.ceas.cc
alexxoid.com
www.speedmeter.hu
novycinema.ru
travel-link.info
wohnen-in-riesa.com
ktalegal.com
abgesonderterer.puk.ro
guihuaxiang.com
www.hyxzx.net
thebingham.co.uk
mamare.info
borcka.bel.tr
kmc.edu.pk
jpnvren.info
www.mingyuan68.com
drumdogs.com
palsra.in
namena.wop.ro
lernia.se
sz.baixing.com
www.kendo.pl
bussgeldkatalog.ws
www.undg.org
creator24.pl
wanche100.com
gonia4.digart.pl
juancong.com
ari-jigoku.com
japanpornmovies.net
verwerin.puk.ro
geodynamique.info
gpsfortoday.com
cyberbiznes.pl
elementalgame.info
22za.info
axilar.wop.ro
w7-soft.ru
hholidayrentals.co.uk
businessinsuranec.com
fnhd.nfdy.net
www.maiwater.cn
bookmrk.de
qiuknows.com
www.cccxp.com
1o0.info
49tmw.com
lifeasrx.com
eduweb.de
snatchporn.info
www.pxrc.com.cn
clutchtees.com
myfinance2375.info
itthun.hu
mycodingtools.com
www.pignut.net
techtricky.com
omarpela.com
bbs.dxszx.com
sukcesstrony.pl
www.aiyunpw.com
leonidparfenov.ru
inhaal.puk.ro
rp5.nl
mei112.legou888.com
just-us.tk
iberia.de
gamification.org
gefaesse.wop.ro
sattop.info
gesellt.wop.ro
meteociel.com
cbbn.zbinfo.net
audacitythemovie.com
elgo.blip.pl
www.fujinfoods.com
cng1.blip.pl
ebf.org
uhjb.nfdy.net
bandweverij.puk.ro
lusy.78.cn
www.phpyo.com
kdoteje.be
jakaona.flog.pl
wiaderek.digart.pl
zoomacom.org
getclicky.com
archpaper.com
murone.wop.ro
aktorek.pl
jeans.pl
desmondes.com
www.01588.info
myhate.pinger.pl
www.meteotest.ch
abm.org.mx
arizona.edu
google.co.bw
buildyourchannel.com
99k88.com
hpmurah.info
haoeh.com
cehuan.com
ebook88.com
smeg.fr
solo-x-te.it
ilmiomakeup.it
uz.zgora.pl
atozasia.com
myfavlinks.info
die-seeigel.de
fresh.lc
jetbrains.com
unet.info
hitai.wop.ro
besserlaengerleben.at
kaskey.wop.ro
shanxi.tzooo.cn
kurd.me
digitube.info
sauls.wop.ro
sexto.puk.ro
radiowawa.pl
www.chayeo.com
festool.co.uk
florajet-news.com
cuis.org.uk
listaseo.pl
hebinzhicheng.com
superstarwebshop.nl
knightonline.tv
banaarababul.com
louddirectory.com
articledashboard.info
black-and-green.de
2485.nfdy.net
www.psion.hu
onlinebachelordegreeblog.info
molihua.net
forextradinggamez.info
zverushca.ru
pixelbeat.org
ekomusicgroup.com
www.foss.de
zeventie.wop.ro
dan-links.dk
www.qq88km.com
ufomagazine.co.uk
hockey-news.info
www.2ap.pl
bidyutbikashdhar.com
www.zgynk.com
kiteforum.no
forextradingplatformz.info
gbidowlu.wop.ro
yourcouponinbox.com
banereko.wop.ro
synthesis-theme.tumblr.com
elcine.info
www.vuze.cz
toycountry.com
google-scraps.us
diablo3explorers.webs.com
senukeseotraining.com
4xstrategy.net
theresit.prerebellion.karaoke.hygien.wwwwww.wop.ro
virginiainteractive.org
mc-sana.kz
sclf.org
itmaster.tw
esksenthil.com
www.firsthandbuy.com
pzhl.org.pl