alfa94.wrzuta.pl
www.ty-web.net
nscc.ca
www.m50.cn
gl6x.265link.com
gesjokt.puk.ro
avviklet.puk.ro
npainfo.org
mangguo.org
cititrends.com
www.1000igw.com
underprint.wop.ro
xixihuafu.com
workinfonet.ca
greenwichrl.com
groupweb.info
edit.li
bmscentral.com
mroweczka7.wrzuta.pl
howtogetclearskin.co
startupweek2011.com
dred21.flog.pl
s3s-perf.net
beaucaire-baseball.com
hg919.cc
technobeaute.com
www.biathlon.sk
imagepro.gr
gepredig.wop.ro
camlog.com
97wsw.com
sccnursingalumni.org
fmbolivia.tv
hospedagemsemlimites.com
sojag.org
essexmax.co.uk
androidplanet.it
plosc.com
freshly-picked.com
cosmetik.es
futureclub.us
ipad.nl
bangkewok.blogspot.com
admoto.pl
felonyguide.com
game.alnur.cn
vermiste.puk.ro
tabspace.com
shxw.210000.org
portline.com
ccftn.com
foodofcountry.com
supermandrin.com
obikidas.wop.ro
kawarai.puk.ro
makemarketing.es
download-gucci-mane-ringtones.blogspot.no
dibao.org
eticketsupport.com
ritoh.puk.ro
365wos.com
www.barcosta.jp
mcanime-ligero.blogspot.com
petpusk.fecsegj.hu
k-musume.jp
siker.tlap.hu
www.rubo.be
bookmarkingsubmissionss.info
2s-blog.jugem.jp
zeventie.wop.ro
www.cccxp.com
globlotto.pl
al-sakr.com
dusia1998.pinger.pl
palcraft.co.uk
crevasser.puk.ro
abzuloesen.puk.ro
bookmarkingsharing.info
www.fssqi.com
razem.waw.pl
koalanet.ne.jp
dk-allianz.de
www.hljbzw.com
etailcapital.com
bg-sait.eu
chaosmode.info
bauschiger.puk.ro
www.xizi.cc
56cs.com.cn
inforlex.pl
suntv8.com
incrustment.puk.ro
sasrutha.com
7b10.info
fastdesigning.com
japanpornmovies.net
81128.com
4.am
resada.wop.ro
couponfield.com
9sp.info
forex-to-cash.com
abc.cz
viewcms.info
dirslot.info
kicbbgun.com.tw
knep.org
fancl.com.sg
upaithri.puk.ro
mqvx.nfdy.net
schlaefrigere.wop.ro
hititpoker.com
allesuebergoogleplus.de
startuplokal.org
hukt.wop.ro
scalisi.puk.ro
balios.wop.ro
inferieure.puk.ro
assumingness.puk.ro
www.cndldq.cn
hyy178.com
bbs.pnol.net
herfirstpunishment.com
orbit.com
www.sigmans.nl
deverde.elandbnb.tw
behanget.wop.ro
nirai.jp
openpgp.org
bongdafc.com
rfpro.ru
affairs.puk.ro
www.top-6.com
arcluce.it
projectdd.jp
grannydating.co.uk
www.forumcenter.hu
globalwebdirectory.info
beseitig.puk.ro
maane.wop.ro
matipl.pl
yusou.wop.ro
hasai.com
poleko.mtp.pl
blauwbek.puk.ro
www.6895.net
mycallaccount.com
teacuppa.com
brreg.no
largemouthpr.com
bugspraycart.com
mynewsmarker.com
99bill7.com
shime.wop.ro
zaza-j.com
birdsforever.com
afklom.puk.ro
mbolatsara.com
bqxn.210000.org
smerra.fr
mycastingfile.com
bc608.com
www.iowa.gov
se.876ggg.com
24solutions.se
ardeleanulfm.ro
52yinshua.com
bironevica.hupont.hu
kardiolog.pl
tvtipsport.cz
wh81.com
bbs.txtnovel.com
balsembomen.puk.ro
bafang.in
solidifi.puk.ro
makojakopako.net
brianshall.com
jandp.soup.io
skodaautomuzyka.pl
animationnow.pl
eduardogaleano.org
realliving.pt
getemeraldlux.com
21shiji.net
49tmw.com
negociovirtualexitoso.com
thailandbacklink.com
wpiraq.net
dmpros.com
www.cdhf.org
belledecouture.com
gleamingtechnologies.com
pirc.info
2chmm.com
abbye.wop.ro
jiaqinglm.com
hitai.wop.ro
agentur-brandung.de
geosociety.org
010guke.com
reupload.it
97bug.com
meritdemerit.com
byq.nazwa.pl
studiosynergia.pl
thiepdep.24h.com.vn
mylandsgame.info
116600.com.cn
drzubaidi.com
blikoogde.puk.ro
afkode.puk.ro
americanmafia.org
gd1580.com
thewheelerreport.com
101woonideeen.nl
mattixd.digart.pl
tubexxxdesir.info
aflangen.puk.ro
hotbodybuilderporn.com
bestlawn.info
tennisw.com