xzfwzx.dda.gov.cn
yaelglazer.co.il
yalandunyahd.com
yamdas.org
yb-2.com
ybca.org
ycok.nfdy.net
edit.li
yeeyan.com
yhwc.me
yindongcha.1168.tv
yindumogen.1168.tv
yinmeimei.info
yooblog.gr
hnbs.210000.org
yorest.ru
youngminds.org.uk
abc.cz
ys.222ii.info
866tryelite.com
yutoo.info
yyymm.com
zabawkopolis.pl
zalgiris-vilnius.lt
freetv.com.au
sortere.no
qmah.com
kmg.kz
bollyn.com
gologramma.blogspot.com
astroadictos.com
childrensclothing.sunzheng.info
at-etc.com
uta6.mirume.net
e.njnu.edu.cn
cnkuc.114.org
typografie.info
printrestaurantcoupons.net
discovernewturkey.com
akalemosi.com
neotys.com
cwlp.210000.org
www.zy-lawyer.cn
imagepro.gr
acezoso.wop.ro
8f8ball.com
123feijibei.com
www.gramatneusiedl.at
loginhelper.com
bugspraycart.com
bidoom.com
fsi.spline.de
930920.com
m1-centrum.pl
earnwithinternet.info
yanghe.9998.tv
lebensfu.wop.ro
accables.puk.ro
coachonlineoutletsfactory.com
chachala.com
curepsoriasisv.com
sdox.nfdy.net
deco.ci
e-piotripawel.pl
sietufumb.bloguez.com
successus.dk
www.hdsz.hu
bedavaradyodinle.com
mojmanutan.pl
dred21.flog.pl
dushaj.hu
dvdprojectorsforoutd.4vw.info
dysse.puk.ro
dziecka.pl
e-bolt.info
e-vending.ru
www.sharp.at
eaka.wop.ro
edilex.fi
educationh.com
eduweb.de
eiwvbkbgie.bloguez.com
elitetravelconcierge.com
elportal.pl
emacswiki.org
emsdata.net
eset.ro
myskb.ru
etiscan.de
eutekne.info
fennek.no
fightplay.tv
fitness-exercise-tips.info
flikk.wop.ro
asopusitemus.com
foobarbox.info
cs-swat.pl
fruitmedia.de
fuckmytoons.net
gamershelper.com
gcicebreaker.ca
geheimka.wop.ro
geknield.puk.ro
daogouwang.tk
nonpheno.wop.ro
globalvoicesonline.org
femjoyangels.com
goinfre.wop.ro
googlestreetfighter.com
socialindian.info
gossipqueen.nl
baitsi.wop.ro
gotbusinesscards.info
gpacalculatormiddleschoolyxkp.wordpress.com
heatingcentral.com
gree.lap.hu
cleancutmedia.com
essexmax.co.uk
guia-londres.com
hackerfactor.com
datatransmission.co.uk
haidea.wop.ro
hebei.ec.com.cn
hoc-tieng-anh-online.info
homologuons.puk.ro
www.aromka.cz
hospedagemsemlimites.com
humyai35.info
ibad.info
idb.picgo.info
ikamien.pl
intelligente.puk.ro
chunseju.info
it.binhyenquan.com
jaworznianin.pl
katicz.digart.pl
www.lyang.net
kelheim.de
khangan.vn
komp.1k.by
krups.com
kurniasepta.com
lathos.edu.pl
latour-kagurazaka.jp
leosmfg.com
lifecho.org
lovze.com
goldilocks.com.ph
lvdapeng.120.net
mihaiblog.eu
mikeslife.org
miuiandroid.com
transparentwebsite.com
treasuresfromtheark.com
moonlust.org
www.0310.us
mycodingtools.com
bathroomshoppingclub.com
myrss.jp
myweddingfavorsetc.com
orange.pl
myzlo.info
mzdh1.com
narzedzia.pl
naturalbodybuilding.com
nedermetaal.nl
newshere.info
spinacz.pl
kuns.rs2clan.net
ng.org
obyvatele.cz
olx.ba
pantone-france.com
partyxplosion.eu
phetchabun.com
piszacamama.pl
placetoearn.info
playsmssite.com
bambeto.com
poczta-polska.pl
polonezy.prv.pl
primely.wop.ro
procarcare.com
przemyslb.digart.pl
qnpv.265link.com
qv-grabi.ch
reclamar.puk.ro
reduct.wop.ro
resada.wop.ro
rodbuster.info
www.xxx899.com
royalfunds.biz
rozalin.wop.ro
ruagra.biz
rybnik.pl
sejunkie.com
xkate.pinger.pl
www.qlcom.net
seksigiyim.com
clodbrea.puk.ro
servertalk.in
shoppingbenfica.com.br
ismailaga.info
shortlink.info
owregane.puk.ro
siewierz.com.pl
sindbad.pl
sitsudok.puk.ro
sk0x59.blogspot.com
spacsport.nl
sportamore.se
spyware-techie.com
czestochowa.us
stetho.co.uk
stockingsbabes.com
www.dongsen568.com
studiosp.org
suena.eu
sunscapebermuda.com
supokus.wop.ro
sushihouse.cl
sweetsherree.com
synthesis-theme.tumblr.com
tabspace.com
tatam.puk.ro
telefondasexnumaralari.com
terunoyu.co.jp
the-rock.sl
thedestination.co.za
thegrandparentsguide.com
themusicmag.com
tarjetaoh.com.pe
tialoto.bg
tianyou1818.ebdoor.com
tipsofseo.blogspot.in
cyberxteam.info
tokarevs.ru
tp.300301.com
transora.pl
transsexuell.es
trl.lt
tsp.vutbr.cz
yougedi.org
tsukyomi.ldblog.jp
tuang.net
tupytaj.pl
guihuaxiang.com
tylkozyczenia.pl
ua.rian.ru
unatinmogeli.insanejournal.com
uncommunitymanager.es
rvcommunity.net
unfemininity.wop.ro
unsinn.wop.ro
unternehmen-in-der-gesellschaft.net
usrrx.com
utazoce.prv.pl
valleynewsnow.com
verhaltensbiologie.de
verwerin.puk.ro
veterans-uk.info
vickyce.com
vinnitsa.info
visualworks.co.jp
vrrr.nfdy.net
vvki.info
vzb.pl
gentayangan.info
asuspda.net
wanche100.com
webifydirectory.info
webmiles.info
websiterank.in
autodisky.cz
wqdjxx.com
kali-gula.flog.pl
wreckedgames.com
brainyforex.com
wsadirectory.com
wugee.info
ww7w.qiwen5.com
www.0096.info
www.0831jz.com
herts.ac.uk
mielno.pl
nicetitssex.info
www.10086la.com
www.17se.us
interracialromance.com
cimladonland.ru
www.1cc1.info
fuelthemind.com
www.1sss.info
abiogeny.puk.ro
dailysale.com
www.1stekeuze.nl
bai.lu
abkuerze.wop.ro
www.4233.info
www.500hc.com
tiago.wop.ro
vorstoes.wop.ro
www.5160.info
prvp.info
rockymountainsusp.com
mkbs.nfdy.net
trucheck.it
postreply.ru
www.883aa.com
codeproject.com
www.meisedh2.com
www.cwu.ie
howtocookvideos.info
exc-adventures.com
balatongroup.org
168168hz.com
ahoraque.org
annharveyfashion.co.uk
bike.puk.ro
bing.co.kr
dhgate.com
frontrowreviews.co.uk
www.baidu82vv.com
www.hnwz.cn
fnvwznlvrbn.blogtrue.com
www.myface.hu
bcotlghlz.blogerzi.com
cosechadel66.es
www.81jiaoqi.com
www.szcytsxh.com
adrede.puk.ro
verstole.puk.ro
toolbase.info
raumklim.puk.ro
atehenmei.com
zaqhax.pl
alternip.wop.ro
basijisu.ir
maxvisual.es
kellyfamily.pl
milfsandnylon.com
saitama-ic.com
uppic.org
studioalfa.pl
valsabor.com
ville-larochelle.fr
www.33ldh3.com
www.365zhaosheng.com
www.arcub.ro
www.hrc.gov.cn
www.meiyanjie.com
www.menorca.net
www.pnek.org
www.statika.hu
www.stock.vc
zbychaha.prv.pl
www.uxx.cc
allaccer.wop.ro
iona.edu.pl
tenis.pt
gis.ou.edu
www.ftmpc.com
sgyy.cn
bustyteenstgp.com
hotbodybuilderporn.com
unebeurette.info
varicoseveins0y2.info
speckste.puk.ro
japanconsult.com
android.gs
www.lpdyv.com
mikona.sk
bbs.clzg.cn
kalisz.pl
www.shunv.cc
onlinekommunikationspreis.de
www.360ysh.com
filmsex4.info
innerstadsspecialisten.se
www.crioc.be
rwfl.co.za
www.yhyav.com
www.ssjy.cn
thaprachan.com
sfdsa.pl
tabs.wop.ro
80suncity.net
tms.pl
jsimple.info
videomarketingzone.info
dirlinklist.info
non-non.info