radiokrakow.pl
basijmazandaran.ir
reiker.pinger.pl
zento.wop.ro
benet.wop.ro
www.139ee.com
metin2.pl
abc.cz
49tmw.com
thetatteredscroll.com
bookmarksearch.info
szinhaz.hu
linksplash.info
heatingcentral.com
www.kamex.hu
vetrinaonline.net
lisa6688.info
sprzetkom.pl
apie.cl
www.jgyfd.com
bf.yzz.cn
argental.puk.ro
fujifilm.com.hk
ycjy.nfdy.net
just-us.tk
www.ancool.net
pszczolki.info
linak.com
winsupport.nl
snowdoniabreaks.co.uk
webjunk.info
majorhollywood.co.th
bianjian.org
netv.pl
dezkargaz.info
rtcquebec.ca
wysokapozycja.pl
souria.com
velocos.ch
www.mgnm.4f9.org
www.ets18.net
fashionklix.com
justintimberlake.com.pl
sijyouna.wop.ro
elva.tv
sed2.info
alley.wop.ro
aanaardi.puk.ro
987qq.com
etcis.com
www.0534wt.com
333ok.info
starkl.at
fedme.es
gracjana.blip.pl
asiayone.wop.ro
kotta.try.hu
stejka.com
365ktv.info
www.notpt.org
www.gramatneusiedl.at
danzilaw.com
czasnazysk.pl
atehenmei.com
debant.cz
sentix.de
dorania.flog.pl
www.gzffy.com
gemilder.wop.ro
wg1e1hda49.b2b.hc360.com
adamonet.pl
coatingsquare.com
kasie.flog.pl
dq.to
www.aser.ro
prnh.info
aibank.co.il
bumper.wop.ro
99k88.com
filtredepot.com
malenodevelopment.com
www.zd321.com
indeed.wop.ro
www.fz365.net
nl3o.56dvd.net
cs-swat.pl
concertinazeeland.nl
special.ena.travel
www.elmastudio.de
aansluip.puk.ro
zhyuntian.com
hypermediaisobar.pl
rumli.puk.ro
www.enom.com
www.narxoz.az
myweddingfavorsetc.com
juancong.com
www.uxx.cc
fotojablonski.pl
laudativ.puk.ro
6hwap.cc
mammagalan.se
blingset.puk.ro
danwaldschmidt.com
www.esp1.no
armfort.cz
merlin.org.uk
archirek.pl
etbmice.com
freekillers.pl
vegie.pl
aniszyn18.pinger.pl
hitai.wop.ro
dramatvseries.info
sankygz.com
fightplay.tv
ip.wkdl.net
themakeupgallery.info
sauwren.digart.pl
www.aathelema.org
barrenn.flog.pl
chachala.com
nejs.org
armbeweg.wop.ro
www.csdwatch.com
freejoomla.org
tokokainflanel.com
www.xenke.com
seiryuvillas.com
ipinfo.info
1o2.ir
www.drv.nl
gesuste.wop.ro
www.2020dy.net
e-towel.net
ginpun.wop.ro
weitz.de
b88oat.info
pinline.ru
www.rws-verlag.de
innato.nl
bbs.51084.com
lear.hk
chiptalk.net
arielcom.info
www.299pp.com
solidifi.puk.ro
hassex.net
bloklists.blog.com
design-freebies.com
prwom.com
coolmusicagratis.com
mtweb.pl
earneasycash.info
albajob.ro
smart-single.co.za
bebisziget.hu
www.yjmm.net
1hqo.k3y3.net
www.cdhf.org
flexcin.com
futura.org.br
javno.ba
www.igya.pl
herehentai.com
www.265tc.com
investirmobilhome.fr
youlike.ru
poults.puk.ro
katlink.pl
drumdogs.com
www.jenn.nu
texnovlog.ru
trafficvisions.com
besant.wop.ro
tuymilmas.com
radio.cz
xixihuafu.com
chaosmode.info
parkziko.cz
bai.lu
krasnoyarck.ru
psaparts.es
www.czi.cz
www.rikast.cz
www.yiyeqinet.com
salerm.com