download-whiz-khalifa-ringtones.blogspot.ca
hgky.210000.org
logiker.pl
e-registration.fr
mirtiens.ru
vetrinaonline.net
bppt.go.id
xiantao.gov.cn
ompookan.jp
xxxlicks.info
bbs.hebnews.cn
hhkq.265link.com
wajuxeny.prv.pl
ilab.usc.edu
nogales.wop.ro
tusi.pl
www.360ysh.com
cs-swat.pl
www.3hao.org
billingcollegez.info
tgs-tennis.de
linkavailable.info
peoplemeetme.com
nonpheno.wop.ro
www.zzd5.com
eagleo.com.pl
pesymista.soup.io
leonidparfenov.ru
bloedkleurige.puk.ro
freshgays.net
kapoople.com
freetaxreliefhelp.info
www.metasign.nl
artsboston.org
gscnc.org
szinhaz.hu
dokterkink.sexzsite.nl
latestclassifiedsite.com
jeanmari.wop.ro
herehentai.com
follado.puk.ro
gamania.in
bablet.wop.ro
dezkargaz.info
michim.digart.pl
mcquarrie.hydrografen.rysa.wwwwww.wop.ro
siker.tlap.hu
chachala.com
radio.orf.at
dossettbutcher.co.uk
400shencai.com
excelforum.pl
hypermediaisobar.pl
zeventie.wop.ro
nic.co.ua
vital.pl
balsembomen.puk.ro
castellanza.va.it
www.elshop.lt
sed2.info
comeback2012.co.kr
dynn.org
www.huaduge.com
planetarium-hamburg.de
saabklub.pl
gsky-link.cn
balenati.puk.ro
prtd.info
www.vdolady.com
wicks.wop.ro
nqnews.it
tourdion.com
comcast-deals.info
marionex.pl
qaktlnojpwgzbo.blogtrue.com
mintannie.pinger.pl
guzik.blip.pl
drumdogs.com
argental.puk.ro
kitzview.jp
www.brutalrape.nl
www.zamosc.tv
www.94xx.com
vonderhaar.puk.ro
kurd.me
www.yitai17.com
cbbn.zbinfo.net
ccftn.com
glitery.pl
bookmarkingblogger.info
laremix.com
zeitgere.puk.ro
katalos21.eu
event119.co.kr
prwom.com
bmu.fr
crowderassoc.com
kewlbase.com
www.rogavis.no
verst.wop.ro
www.fei-yang.net
statutentreprise.com
dhre.210000.org
dominos.bg
baijiatan.com
journalismaccelerator.com
ronys.info
osdcs.com
xulibin.com
roachclip.com
855uuu.com
www.mediatel.pl
1388gf.com
futura.org.br
bbrfoundation.org
gadelwap.co.de
turksolu.org
awazu-bekkan.jp
club-first.jp
chahaoma.net
inet.ua
kaskey.wop.ro
www.qichedj.net
pcpoints.ca
tophostingwebsitesz.info
fashion.dztv.tv
rankbg.info
3l51.com
itami.lg.jp
bepbousema.com
www.tjtjjscl.com
www.dola.me
8899.cu.cc
gamershelper.com
xinhaimining.com
www.thoughts.com
www.3332.cc
www.arpo.nl
www.tyrolit.at
lorithayer.com
deadlier.wop.ro
deferr.puk.ro
fullgas.hu
kopihijau.info
besant.wop.ro
mariohry.info
rtsi.ch
greatdouble.com
haakten.wop.ro
www.101domain.gm
directorymat.info
meadowridge.com
www.nyingma.nl
chinaispo.com.cn
whomex.com
simplyhosting.net
pizza-one.de
cn.krypt.com
pornuppz.info
qnpv.265link.com
geethanjaliinstitutions.com
allpress.tv
p2mforum.info
souzenergy.ru
mjyh.210000.org
kwt.or.at
tgory.pl
cerb.ca
afotec.puk.ro
www.997zz.com
filtredepot.com
caobiba.info
plusxplus.co.uk
anbound.info
www.jnfpdkw.com
mirvinograda.ru
investirmobilhome.fr
malawishop.pl
e7lai.me
fmln.org.sv
hosmed.pl
www.ehrenamt.de
spotmag.pl
bandungboy.hyves.nl
vistawallpaper.org
mtweb.pl
vaxjokravmaga.se
nitizi.wop.ro
www.qqjjjx.com
mjair.net
stemma.wop.ro
tbsc.ir
plextoramericas.com
ozdd.210000.org
astonfootball.co.uk
namena.wop.ro
www.bjpfh.com
technapologne.pl
it.binhyenquan.com
123hp.jp
6h49.info
ktyl.blip.pl
www.awai.pl
krolewskipensjonatpaslek.pl
xpatriots.info
vzb.pl
germancraft.net
exposebuenosaires.com
vkl.biz.ua
ascension-wow.dk
quarei.it
what2seeonline.com
mediastre.am
www.58sde.com
affaisserions.puk.ro