salerm.com
www.wmzos.pl
cvm.qc.ca
ascension-wow.dk
vkl.biz.ua
zaqhax.pl
mieszkania.info
tallervirtual.com
neftegas.info
terrasolusi.net
lupiewkregoslupie.pl
sed2.info
p2pbt.mad.buttobi.net
toin.nfdy.net
seiryuvillas.com
botas.cz
86gwtt.com
abkehrendes.puk.ro
www.0757seo.cn
mymilestonecard.com
prup.info
couponact.com
precipiti.puk.ro
sieka.pl
visionairlines.com
pcusa.org
getclosure.co.za
www.17828.net
seowiki.info
nakamuramiu.jp
lajiribilla.cu
4.am
verfuehrung.info
kuroki.wop.ro
www.tes.hu
dred21.flog.pl
gogoday.info
outletstore.pl
ywdg.c.la
www.fn-kunlun.tk
atompoli.puk.ro
rukahore.sk
vidaamericana.com
quarei.it
e-oro.gr
seidensticker.de
cla.imcsit.org
www.jhjxt.com
otlr.210000.org
rdir.de
supersaas.de
fr-minecraft.net
bookbuy8.com
kamis.pinger.pl
bankschutzgemeinschaft.de
bensinmo.wop.ro
drumdogs.com
guihuaxiang.com
dopais.wop.ro
returnoninfluence.com
hci.org.pl
piking.wop.ro
fvvgbqhfg.blogger.hu
greatdouble.com
gutkov.wrzuta.pl
denlave.ru
www.6sss.24.gg
maringuiden.se
linkriches.info
efxtrading.info
ecolife.jp
mtweb.pl
dejwid.pl
megaoptions.com
www.xiaoxia.org
cul.sina.com.cn
reit.com
coffeela.gameclub.tw
ccftn.com
mipaja.es
leisuretechgb.co.uk
takahata.info
aurons.puk.ro
partsman.hu
szinhaz.hu
browamator.pl
studylanguages.org
pfruender.info
guzik.blip.pl
rootninja.com
filemap.co.kr
verwonnelingen.wop.ro
aftab.ir
n.cc
cursvalutar.info
tubescript.info
incestmovies.org
kdni.265link.com
biteyw.taobao.com
musicnmovies.info
nemausa.info
www.chengda.com
www.split.hr
subhoriz.puk.ro
battistella.it
bookmarkingjobs.info
relatie.vrouwonline.nl
top.togra.pl
linkauthoring.info
www.xxx332.com
marlisita.hyves.nl
www.alejagowniarzy.pl
bigsound.org
xevoke.info
effician.fr
japanpornmovies.net
macti.puk.ro
uetu.reexperiences.wwwwww.wop.ro
kyqymdwm.blogerzi.com
mushman.co.kr
ispgate.biz
www.lsq888.com
fashionzila.com
www.veb.ru
events-live.ru
bbs.gay366.com
casatoscana.co.za
wpisoteka.pl
clausstahl.nl
dervishh.puk.ro
kwt.or.at
humyai95.info
www.chayeo.com
hypermediaisobar.pl
zeleki.wop.ro
sricool.info
towler.wop.ro
haniwa.wop.ro
anbound.info
jungle.digart.pl
drug.9939.com
juancong.com
bajou.puk.ro
beechlands.info
chachala.com
simulism.org
ribenav.info
humyai4.info
ismailaga.info
compusoft.co.in
tropicaflore.com
curepsoriasisv.com
www.drsprzedaz.pl
maine-coons-from-minstrel-hall.de
bbs.revefrance.com
guarita.wop.ro
wngl.nfdy.net
www.geckofx.biz
brazip.com.br
puregourmandise.com
kamilak007.digart.pl
migrainesinchildrenfcu1.info
motfores.puk.ro
oakton.edu
6candy.com
hcgdiethomeopathic.com
free-hostings.info
polygamia.pl
americanadagencies.com
oczki.blip.pl
byronic.info
www.leiyu88.cn
hotbodybuilderporn.com
csnf.qiwen5.com
dososinh.biz
www.qwtsfm.com
bodystreet.com
vital.pl
yyymm.com
ggg.virvig.net
www.baidu92nimm.com
abczdrowie.pl
first.org
bbs.pnol.net
agoraemais.com.br
www.360ysh.com
www.msqct.com
thinkmarket.info
www.huaduge.com
com-2i.info
monster.com.mx
narat.wop.ro
vistaku.net
avatary.pl
dvery.eu
www.xjdljx.com
www.hnsbzg.cn
myworldlistings.com
mycallaccount.com
klapser.pl
ideb.nfdy.net
bebisziget.hu
cehuan.com
nic.co.ua
www.elmastudio.de
swish-designs.co.uk
www.xoro.nl
alzava.puk.ro
pfiff-reisen.de
sclf.org
www.cccljt.com
esecra.wop.ro
humyai8.info
librosintinta.in
webfeeds.info
berol.digart.pl
www.4mm4mm.com
logiker.pl
goodplanet.info
club21.org
www.chinamv.com.cn
malolandia.pl
lectoren.puk.ro
hagard.blip.pl
diversehiphop.com
clintandrew.info
hupan.net