www.xgddc.com
as-garten.de
www.wgool.com
adventurespiele.net
pomiar24.pl
jhomen.com
eastcoastminorleaguebasketball.info
www.qpyj.net
www.zj7s.com
iatvcmmlfp.freeblog.hu
locco.digart.pl
korea.ac.kr
verdomme.puk.ro
www.therealwitches.com
isc.infor.pl
icelan.puk.ro
euro-police.noblogs.org
snsu.cn
nuss.56dvd.net
jxf.mf968.net
myslenice.pl
cfib-fcei.ca
strijdlust.info
kartaly.ru
desitvdramas.com
cookipedia.co.uk
fsapr2000.ru
fufanghaqing.1168.tv
obiavite.info
priv.pl
trucununweb.page.tl
wakaya.wop.ro
www.psion.hu
articledashboard.info
vollfilm.com
64748.hemelsesex.nl
cc8.etianhe.com
www.73.com.cn
gaga-hk.com
www.qianyidie.cn
www.fn-kunlun.tk
lieferanten.de
www.rws-verlag.de
www.thaibicla.org
2012new.info
thingstodoindelhi.com
www.rentiseying.com
devid.info
sou.wjw.cn
marketeo.pl
www.ynfn.ccoo.cn
directoryelite.info
wgci.com
zhck.210000.org
birdfarm.net
parachuteexpress.com
buxed.com
regzone.cz
bcbr.com
eurosporttuning.ca
knowbest.info
tupot.prv.pl
joomlask.com
www.yin-tai.com
www.wamk.hu
agoda.vn
cpu8pin.7ic.info
akhwien.at
fittmami.blog.hu
ghostpro.vn
bek.91yao.com
backoffice.be
www.krwsjc.com
accessmanager.co.uk
pterygia.wop.ro
deadlier.wop.ro
muggles.wop.ro
affifah.info
www.psks.pl
slav.blip.pl
www.81jiaoqi.com
akxlyxnw.freeblog.hu
bodacrisyjavi.com
aldonka.blip.pl
tmd38.info
tsukuru.ikora.tv
www.webpr.ro
indomobilbekas.com
opiumbakery.com.tw
standupjapan.org
groundli.wop.ro
clubstars.pl
www.bq100.com.cn
www.jidisea.com
2746.9911.biz
naturactive.fr
blogspot.gr
uy60.com
56dh.com
prnx.info
www.chatsubaki.jp
andegrand.pl
hanska.wop.ro
www.7kmn.com
www.daiyun.asia
l6cy.265link.com
edu.psych.cn
mountainbuggy.co.nz
vollmond.info
prom.ua
transora.pl
baogang.info
childrensclothing.sunzheng.info
kali-gula.flog.pl
adnx.com
psaparts.es
mpfs.com.au
wizardthemes.com
yogosi.wop.ro
cxbz198.com
ewceo.com
kolesa-online.ru
www.leijuu.com
euclid.mc.edu
www.bosko.pl
sturmboard.info
2zlote.info
shituji.wop.ro
irik.blip.pl
zyol.gz.cn
www.01ys.net
adultsitesurfer.com
gartija.pl
newporntube.org
www.xy8188.com
afkronkelt.puk.ro
shunyi.66law.cn
china282.com
qqq-qqq.cn
brays59377.huijucn.com
wuyuetian2.diandian.com
crohn.home.pl
www.netowe.pl
hotmovies25.blogspot.com.ar
veracruz.mx
schockidic.bloguez.com
cotegraphiste.com
fjaert.wop.ro
iread.it
www.kljxdp.com
postdoc.shaanxi.gov.cn
abuse.puk.ro
kiona.flog.pl
bf.yzz.cn
jvcitalia.it
nc-werte.info
fc.tainfo.net
bazarek.pl
ubuntued.info
www.hays.de
lincang.3he.cc
www.av001.cn
uniwb.com
plpukljn.blogage.de
ejtyfree.pinger.pl
www.baoen.cn
www.smy.cc
rais.puk.ro
www.daliner.net
blox.pl
www.10086la.com
aapostro.puk.ro
zord.hu
autotuning.lap.hu
piotrkon.blip.pl
boyi.nzw.cn
mylegalright.co.za
idcard.jiuyaocha.cn
kobus.digart.pl
profkurort.info
flamme.de
eawsoebwf.freeblog.hu
designlove.ru
nocir.wop.ro
mimp.gob.pe
stoppeli.wop.ro
mojmanutan.pl
albarraz.puk.ro
dcpedia.de
fragland.net
tw6m.com
www.artviper.net
quantumopia.info
gz.menghuanzuxian.com
humyai20.info
kindle3gforkids.com
www.mingibugtgf.com
dksloi.de.gg
m1.16bt.info
www.sodick.pl
pariahstudios.co.uk
chicksto.puk.ro
elportal.pl
wiz.pl
poplinet.puk.ro
www.askfree.info
jerusalem.muni.il
66se.us
googleadpostingjobs.in
www.543tt.com
www.899link.com
allegr.pl
4ddianying.info
gladless.wop.ro
cieux.wop.ro
6654.com.cn
muou.info
www.qvmame.com
itexty.sk
bettong.wop.ro
shoppic.org
shandong.zg2sc.cn
usigroup.org
www.gift-shop.com.tw
lasparasitosis.com.ar
levonevsky.org
aaa.net.au
fbfn.org
beurten.puk.ro
topshop.sk
emcmos.ru
www.yhyav.com
zdpgj.com
tzjz28808081.com
www.easy-done.net
ldou.nfdy.net
mdblackhats.org
leather.qu17777.info
takumots.wop.ro
markered.info
2012se.info
mctcorp.info
joeyroth.com
docizi.mil.pl
flashmap.org
www.tyxjyj.gov.cn
hxyl.net
winclass.net
loginhelper.com
99chengren.info
wafasalaf.ma
7886.tv
uncommunitymanager.es
itypqmiik.blog.mongenie.com
geridsfloristshop.com
www.jazx.gov.cn
www.gastor.pl
www.bthoo.com
www.1er3.net
ben10oyun.com
newusbhub.info
lenka2.digart.pl
bio-logic.info
hispace.info
www.gmw.nl
xt.pl
paxetbonum.eu
mvb.ch
www.mhzww.com
tool.med660.com
sptechs.com
emiliaw.blip.pl
www.009dy.info
zattiero.wop.ro
yddsd.78.cn
bebisziget.hu
maxtelecom.bg
sviderski.digart.pl
hao8.aa.am
mar-li.libmedia.nymc.edu
dichvucamdo.info
cooltemplates.ru
ncah.com.au
cep.uoregon.edu
www.nbyzedu.cn
incarmobilephonechar.3ji.info
merlin.org.uk
www.veryhuo.com
www.estled.co
9vod.info
www.kaiem.pl
91b2b.net
armymails.ru
www.cnzsw.net
futi.515888.net
9988.cu.cc
hanula.pinger.pl
www.soqiye.cn
ijdeler.puk.ro
local-mover.info
1628gd.com
weihai.58.com
buy.pinger.pl
izba-skarbowa.bydgoszcz.pl
thebestwrinklecream.org
www.leling.cc
groin-hernia.com
www.pc91.cn
briantracy.jp
sadf.asia
www.east-cargo.cn
yalandunyahd.com
senkel.puk.ro
just-us.tk
5cina.pe
testler.org
free-tips-and-info.info
www.shengjiang888.com
modelki24.pl
www.perspect.nu
ir.lv
free-phoner-free.blogspot.com
www.x1s.cn
studyforums.org
www.imandroid.net
logoclic.info
tui-guang.net
palcraft.co.uk
badassjewelry.com
gb.cntctv.net
df.videosdecolon.com.ar
bbs.airizi.com
magies.com
imlemeh.info
complexarticles.info
socialhubs.info
net-lab.net
eanevin.bloguez.com
bbs.90bus.net
webmarketinguniversity.net
www.grower.cz
www.festivalbunnik.nl
www.miantiao.info
www.hnxyyw.com
5dzp.cn
xxxmojexxxzyciexxx.pinger.pl
teakdek.pl
verwerin.puk.ro
gaozfc.cn
papernstitchblog.com
goldenteak.com
achaz.puk.ro
www.tfjcgs.com.cn
softwaremind.pl
dv.ttx.com.cn
toishi.info
www.2083.jp
bcsgun.com
www.cfzjz.com
kolaymagaza.com
just-cavalli.info
mep5.nfdy.net
848848.com
www.kongbutupian.com
16ise.com
carcle.jp
www.zu-dao.com
quarei.it
trannypornzone.com
digital-dictators.de
qiuknows.com
graphics.beareyes.com.cn
devisenhandel-forex.info
uzrrmiku.blog.hu
losvandalos.com
ebayhervelegerdresses.com
hms-stingl.at
javamexico.org
themusicmag.com
naturegame.or.jp
kw.tjtgkw.gov.cn
asu-net.info
www.xskdg.com
renrne.com
asp123.tk
historic.puk.ro
jmsdf.info
399cn.com
cyberplat.com
futureclub.us
cscartrocks.com
netfan.pl
caoliu522.pen.io
taotao.meitu.com
fenghuolun1.com
lindenheuvel.nl
ville-larochelle.fr
pixelvert.co.uk
bloklists.blog.com