houstonpremierleague.com
gorissen.info
iptvcn.info
goodprmen.org
1und1.info
zdronet.pl
5hk.hk
netsprint.pl
www.12375.net
www.mlssf.cn
ladiesbelt.pingguo55.info
haidong.66law.cn
raooo.com
soutien67.free.fr
kidzonwheels.nl
399cn.com
www.xskdg.com
jmsdf.info
100922.net
dona.wop.ro
myappworld.com
aqq-project.info
meinv163.info
pingliang.chinaibi.cn
twentieths.puk.ro
linksea.info
kejpa.wrzuta.pl
prospis.pl
houqiu.com
living-proof.pl
avattka.blog.xfree.hu
iautmu.ac.ir
childrensclothing.sunzheng.info
zgyy.in
www.amcoding.com
cantonade.puk.ro
mep5.nfdy.net
nemausa.info
taobao26.ok8.so
herfirstpunishment.com
comingsoon.net
wesolomi.pl
meoz.210000.org
internetia.pl
www.020rrbw.com
elpost.cl
wmmarket.info
futureclub.us
terryxxy.com
appurasse.puk.ro
assaggi.it
idiota.wop.ro
www.ssxxk.com
vivo.wop.ro
bookmarksubstance.info
pkt.pl
hyperic.pl
www.70sqz.com
cheaprdp.info
shibobo.cn
www.eommo.com
home.pl
sejunkie.com
999sss.info
tures-aurina.com
jtwa.210000.org
www.sevengames.se
rating.se
anunciamas.info
data.owni.fr
naturegame.or.jp
49cw.com
yorest.ru
www.xiaoxia.org
boodschapper.puk.ro
allcoast.com
www.chinareform.org.cn
hynfwxhtg.blog.hu
sklep-pomoc.home.pl
toplistenserver.info
www.leyooaio.co.cc
mipaja.es
0d7f.k3y3.net
boyfleisch.4gays.info
1.9787.com
eroten.doorblog.jp
www.jstaisheng.com
www.345qq.info
yulin.sxrcw.net
www.lindj.tk
rzgw.gov.pl
weble.org
www.proalt.cz
fcrp.nfdy.net
lithosol.puk.ro
party-place.ru
ztwap.info
www.elys.nl
service.com.br
thealankwan.info
freelists.org
2y7.info
sadf.asia
911-17.fr
helium.co
leedd.com
www.ahcz.gov.cn
gotalk.com.au
s22i.210000.org
adminunion.com
vazak.com
chachala.com
down.55.la
www.rsdown.cn
www.szyhnk.cn
uni-sb.de
randombuzzers.com
www.iriver.jp
ttkxgwdau.typepad.com
chotot.info
jianyin.org
gkstychy.info
www.lvons.com
xingshizheng.chasfz.com
jstour.gov.cn
becker-furniture-world-going-o.blog.hr
impiger.pl
01navi.info
lifessentia.com
joker-group.net
aigrie.wop.ro
freesbmblog.info
linkover.info
joshhosler.biz
www.91jc.com
tgtc.cn
shagged.wop.ro
isstey.gob.mx
voffe.wop.ro
ies.jnvc.cn
postdoc.shaanxi.gov.cn
www.sheng0312.cn
www.cre.ru
plasmati.wop.ro
abihud.puk.ro
www.up.gov.pl
www.daxue9.com
cititrends.com
www.100m.hk
www.jcow.net
flashes.eu
alioli.puk.ro
rodbuster.info
jagoda.com.ua
cablemap.info
hyoukayo.puk.ro
tkpai.cn
neefs.wop.ro
nekabu.wop.ro
www.0319job.com.cn
hebinzhicheng.com
flex-comix.jp
trafex.info
www.232100.cn
khoctham.us
lokers.cn
edu-resourse.asia
www.kapnah.nl
cuis.org.uk
abusief.puk.ro
wenku.baidu.com
dobra-drukarnia.pl
5dzp.cn
muniquejoias.com.br
fknews.ldblog.jp
www.jcy120.net
jl.189.cn
shunyi.66law.cn
gec.af
anbound.info
puestera.wop.ro
cyyt.210000.org
onsengai.puk.ro
cepillar.puk.ro
kw.tjtgkw.gov.cn
yingshi.114la.com
melancia.puk.ro
didactylos.bloguje.cz
torrentcity.pl
racconta.wop.ro
www.1000s.cn
huopao.info
mtz.digart.pl
whomex.com
livesocialbookmarking.info
audi-zhj.com
cgnow.info
bdqz.55.la
hachette-diffusion.fr
www.mente.cl
bengou.cc
xl2016.com
analfatecnicos.net
parquons.wop.ro
feriencattolica.info
vasotrop.wop.ro
nickie.puk.ro
muamalat.com.my
evony.com
mojezdravlje.net
aerisdirect.info
www.sznews.zj.cn
vote.cjn.cn
wappstock.com
www.qichedj.net
ootsusin.puk.ro
www.imoart.hr
www.qqwangminger.com
musegraph.com
www.663ss.com
21174916.qqku.com
www.gfans.info
www.64b.it
rb-new-voh.de
www.tfjcgs.com.cn
admin.taofw.cn
5htp.org
www.mobil-copies.ru
barrenn.flog.pl
www.kejianks.com
bza3.265link.com
cenatic.es
www.jamievalentine.net
thechatroulettegirls.info
ycdr.nfdy.net
favoriten4you.de
navicms.pl
11eeee.info
bangladeshimages.com
boyi.nzw.cn
123.maiduo.com
icy.blog.hr
ewceo.com
nietsdoe.puk.ro
aangevij.wop.ro
gonid.wwwwww.wop.ro
colocal.jp
entoptoscope.puk.ro
955uc.info
138l.com
nuratrimonline.co.uk
auto.0916.tv
monolight.pl
codebox.es
kitacchi.wop.ro
ruceni.cz
machotesx.com
coachonlineoutletsfactory.com
3-design.pl
terrasolusi.net
cx987.cn
vaegteeksperten.dk
mybigdirectory.info
webrai.info
bbs.txtnovel.com
daurhopoz.blogger.hu
swtorcreditstore.com
haan.nfdy.net
www.wanqianjiaoyu.com
hotmovies25.blogspot.com.ar
www.666xa.com
www.0096.info
36711.com
satsis.info
aireg.es
nextera.cz
quintes.pinger.pl
slc-europe.com
balios.wop.ro
bagtale.puk.ro
kolosy.pl
automobile-catalog.com
beerven.wop.ro
studentloansearch.info
thaitux.info
gespiese.wop.ro
www.bjpfh.com
jskkw.com
freetv.com.au
graphics.beareyes.com.cn
iwaslaidoff.info
pamefagito.gr
arizona.edu
bio-logic.info
nedermetaal.nl
gaj.xf.cn
www.020baidu.com
cctv.fyfz.cn
bressure.net
myphotocollage.de
eplastics.pl
inlijst.puk.ro
berghof.dk
2i84.k3y3.net
www.aromka.cz
serverdb.info
www-solar.net
www.gzrc.gov.cn
www.73wx.com
bigfishchicks.com
eccritic.wop.ro
changduganji.qiannan.org
brochuresenligne.com
cluefree.org
nypostlov.net
www.mhzx8g.com
www.xincto.com
outofscn.co.cc
kuenstliches-auge.de
imageserve.info
puranpu.com
polonezy.prv.pl
snatchporn.info
mcind.blog.hr
cos.pl
bamayishoutkp.1168.tv
andyzhang.dyndns.org
desiserial.com
coldwind.pl
2400.nfdy.net
asean.gxtv.cn
www.donsun.net
sexdate-dordrecht.info
bigbadcity.com.ar
cma.gfedu.net
www.hongjiu365.com
ghbw.nfdy.net
corvettecentral.com
xinjiang.aiao.cn
accrut.puk.ro
www.apulir.pl
www.pet.hw.ac.uk
pbowuoqyuk.blogger.hu
vip.book.sina.com.cn
bbs.3xyc.net
doab.wop.ro
zanebenefits.com
tubeview.info
hellraiser-clan.de
centurion.bb
cuchudua.puk.ro
hfnxkzmjw.blogger.hu
citec.cc
maratona.it
elecpro.com
key.plu.cn
autotuning.lap.hu
chereshka.net
dmpros.com
digg-tweet.info
bbs.ty7.cn
www.yanshi.com.cn
industrystock.it
sex-pornos.biz
www.zuqw.net
wodzislaw.pl
kouson.wop.ro
www.whqzfy.cn
ua.rian.ru