kouson.wop.ro
fedme.es
gadis.co.id
zx568.cn
achsoo.de
www.mdd.pl
obchod-detem.cz
sodinheiro.info
www.waga8.com
mffaudios.info
www.funshi.org
nazghrun.com.pl
dollighe.wop.ro
hbibewcu.org
esrxxl.com
kmg.kz
coautilities.com
49cw.com
pps.im
www.tyxjyj.gov.cn
chereshka.net
88szs.com
posthum.puk.ro
proconcept.ag
publiceye.org
aperfume.info
gpsfortoday.com
porno-ru.info
zord.hu
www.hly800.com
competet.puk.ro
www.btdonghe.gov.cn
foto.jasiu.pl
webit.ru
haizaolhj.1168.tv
inhagnore.doorblog.jp
linkdyr.info
school.org.il
info.gumtree.pl
analfatecnicos.net
camlog.com
amtbcollege.org
www.cnubo.com
wwww.520dyw.info
berkeleycollege.edu
86gwtt.com
kidle.7s4.info
5388.net
tvbiznes.pl
foobarbox.info
encyklopediakabaretu.pl
agendarecife.com
phdazmoon.net
hackerspaces.org
ipad.nl
2118.com.cn
www.lanqiou.info
adexchangeworld.com
otolista.pl
imgsou.com
www.hntyjq.cn
joomlana.net
henhengan.info
youngminds.org.uk
crohn.home.pl
xnspdy.info
imlemes.info
google-scraps.us
boiseriders.net
theloansavior.com
laremix.com
wwww5c5c5c.com
loombo.pm
e-boekhouder.be
lowiecki.pl
it.ly.ha.cn
tool.med660.com
merrjep.al
allegr.pl
images.google.cn
tianyou1818.ebdoor.com
hispace.info
legitime.wop.ro
www.cnzsw.net
cpu8pin.7ic.info
aduneres.puk.ro
www.ldsb-qyb.cn
shivasljocht.nl
hogs.puk.ro
otrs.com.au
julianrouas.info
the3000club.org
ingyen.wyw.hu
hagard.blip.pl
er.pl
goldenteak.com
gesong.org
blikoogde.puk.ro
sjwpkmbud.freeblog.hu
ttur.com.mx
plkk.pl
www.baxun.net
uz.zgora.pl
birdwhere.com
local-mover.info
meadowridge.com
xkapi.blip.pl
vwz.pl
wysokapozycja.pl
zionlodge.com
e-molp.pl
ozlusoz.net
www.youxiba.info
adriatyk.com.pl
yzol.yzz.cn
online247.org
www.jyhi.net
source.ba
www.lacasadellapasta.net
heefei.com
galamboshintok.hu
nuotiate.wop.ro
o-gon.jp
wtabkol.cba.pl
linkbyme.com.ar
kushwind.puk.ro
mobila75.xfree.hu
chahaoma.net
p2media.pl
www.therealwitches.com
quarei.it
54007sf.com
rnby.210000.org
yangzhu.ncyz.com.cn
x8ll.com
overacut.wop.ro
pages.cs.wisc.edu
www.power-d.co.jp
sexehqfree.info
shen.yiwang.cn
surroundreceiverrevi.9see.info
www.dogfriend-shop.ru
oceangroups.info
bgrstar.com
angac.puk.ro
ronys.info
19qq.co
www.liweiming.cn
rlp.de
web-bi.net
ok.zhuxianll.com
jin521.com
aftale.puk.ro
srichinmoybio.co.uk
myvetsfirstchoice.com
t.xifeng.net
www.as45.com
businesshelping.info
www.drstudio.pl
onlinehotel.com.br
torrentcity.pl
alphimedia.com
coolsmileypack.com
hbyixian.678114.com
freetvflicks.com
micropatron.nagesen.net
sshuai.com
lusy.78.cn
www.taobaoke.cn
allcoast.com
thdsjy.com
triponline.hu
podajemy.pl
karkkainen.com
sosbamako.org
www.lydtb.com
auto.0916.tv
czzpw.78.cn
mediapurveyor.info
goushi.wop.ro
www.starkl.pl
socialbookmarkingdel.info
pathlink.info
langlipp.puk.ro
cgzj.210000.org
sports.sina.com.cn
sectionz.info
cengroup.vn
thepoc.net
ccftn.com
7bwap.com
nsx.pl
digg-tweet.info
dogcentral.info
wordsplay.net
www.qdbdc.com
comp-kazan.ru
tweakers.mobi
clydeeeraq.blog.com
dusia1998.pinger.pl
remarcar.wop.ro
3ndme.digart.pl
migrainesinchildrenfcu1.info
aleksandra1.flog.pl
www.tsyuncai.com
www.caffci.com.cn
jimmyjamesjj.a-mycams.com
sarasotahomebuilders.com
bbrfoundation.org
www.456fff.com
www.mlssf.cn
www.tivi.pl
p2mforum.info
auzlink.net.au
hyundai-i30.it
wirtualny-agent.pl
wap.hk800.net
christianlouboutinuk.ckxn.com
ledieci.net
votem.puk.ro
darbydental.com
www.rsdown.cn
www.eurodad.org
www.wlcbmxw.cn
wassertieren.puk.ro
explorekerala.org
www.xoro.nl
nvburznohz.freeblog.hu
anandamusic.pl
transora.pl
i9yt.k3y3.net
itmaster.tw
6888.tv
www.chinazgjl.com
www.qhcl.org
bh40.nfdy.net
adultsitesurfer.com
www.xjedu.gov.cn
darty.it
www.uxx.cc
isicredit.it
www.spilonline.net
nj180degree.net
brinkmantransholland.nl
articledashboard.info
braziliantouch.com.au
www.44seyu.com
akendewa.net
lianyun.lyg.gov.cn
miril.at.webry.info
www.fifabaidu.com
www.freedomairportservice.co.uk
wix.com
ktozbuduje.pl
tagonsocial.info
auto.ce.cn
hxsteel.cn
www.alexbleau.ro
viborg-esport.dk
jsbczy.com
uplbox.info
www.animonda.de
c3directory.info
chilaquil.wop.ro
qd.digart.pl
codebox.es
www.62042.com
flashes.eu
www.undg.org
wapsg.cn
uwielbiam.pl
eanevin.bloguez.com
autosoft.cz
fknews.ldblog.jp
sn08.info
www.sxws.gov.cn
www.1798w.com
clampe.com
www.shengjiang888.com
sqlazure.jp
macy1000.hyves.nl
articlerush.com
www.365aijia.com
advanceyed.com
www.hicss.net
zaza-j.com
mentalfocus.hu
www.hrc.gov.cn
dojazdowka.pl
tibias.info
bbs.d99net.net
sunsonic.de
www.shenzhenkaihu.com
www.xs111.com
www.brw.cc
www.alejagowniarzy.pl
www.yinsaose.com
ari-jigoku.com
jhltoys.info
rb38.com
www.metastudio.hr
sxd.digart.pl
expireddomainsfinder.com
1819.100hg.com
sportreisen-fitness-und-sport.de
www.ttjqz.com
www.pacio6.digart.pl
wulinix.com
minibulles.info
isport.blesk.cz
krishaweb.info
djye.com
brpg.nfdy.net
tshwana.wop.ro
thomaskropf.at
www.ym-shine.com
seorank.eu.com
motfores.puk.ro
yooman.info
coldwind.pl
kau.edu.sa
53nb.com
chaoshengbo.org
www.ceodh.com
honda-acura.net
www.yq8b.cn
www.stock.vc
hispanictips.com
mdlboys.info
souvenirpernikahan.net
pf5q.265link.com
www.seizor.net
exportli.wop.ro
www.nbxhkj.icoc.cn
econugenics.com
promo.kachayu.cn
semblar.wop.ro
cmr.blox.pl
pmsteel.com.my
angoya.wop.ro
www.fgpblog.cn
hupan.net
peopletweaks.com
fresh.lc
abstiendrais.puk.ro
www.85861.cn
www.jpjj.cn
emoney.cn
mtweb.pl
1x.jglh.net
8cw.be
beerven.wop.ro
smartinsure.info
ctxcryrmlr.blogger.hu
hkbuas.edu.hk
atrodo.freeforums.org
bloklists.blog.com
shiny.flog.pl
javart.com.pl
www.fn-kunlun.tk
ruizinen.wop.ro
autocarsrelease.com
home.pl
club.pchome.net
www.eho.pl
pitylus.wop.ro
ianbrooks.me
wap1888.net
tvfest.info
humyai82.info
chapelhall.info
www.jelc.or.jp
twirate.ru
www.5917dy.com
www.shaczs.com
ubay-bohol.com
benyt.puk.ro
www.huayuan.org
txfd.info