realestateaustralia1ap.com
nyid.blip.pl
s4cloud.com
local-mover.info
g-net.com.ua
jl.189.cn
zzo8.com
tubecao-d85.diandian.com
dongbeihuo.com
passionsspiele.wop.ro
ilab.usc.edu
www.gaac456.com
crohn.home.pl
esecra.wop.ro
z3855.idc141.xinnet.biz
rb-new-voh.de
www.donsun.net
therooms.kz
www.chinazgjl.com
www.blhsm.com
bneq.wop.ro
cipo.lap.hu
eimet.wop.ro
bikinibeaches.net
2ch-news-vip.info
www.ugk8888.eb80.com
ohudbe.sk
www.gaoni.info
obg0.265link.com
www.xxx552.com
www.ifaw.org.cn
cxhp.nfdy.net
gtamoding.pl
ico.55.la
web-bi.net
kyqymdwm.blogerzi.com
henningschuerig.de
riyongtaocicanju.com
phonebank.de
dicavit.info
e-monki.pl
pfi-esp.org
cotn.56dvd.net
www.ls9y.cn
veracruz.mx
pirs-srbija.rs
elektromag.com.pl
typografie.info
uploadplaatjes.nl
www.1idy.com
www.longyang.zp300.cn
3d-savers.com
www.3dcaitu.com
cricketvoice.com
hagard.blip.pl
hlv.blox.pl
gebiechteter.wop.ro
www.seoer.org
cos.pl
www.w899sanxing.com
www.mlssf.cn
cjp1509.qjy168.com
henhao1.info
espoir.digart.pl
zabbix.com
sexe4.org
bygnjy.com
joshhosler.biz
eixin.co.cc
xoops.lap.hu
unqw.com
www.ssmei1111.co.cc
furk.qiwen5.com
www.dsblog.net
guihuaxiang.com
tailoi.puk.ro
unsort.puk.ro
dobradieta.pl
inhaal.puk.ro
archpaper.com
v-ticket.com.ua
www.wamk.hu
hoikucan.jp
xxy2b.com
www.afr.pl
www.i-tv.hu
www.cnc-jc.com
aatouch.com
top-software-reviews.com
visnia.wrzuta.pl
5yee.info
key.plu.cn
maqc.nfdy.net
fyva.265link.com
pczy.265link.com
skli.wop.ro
www.377bbs.co.cc
www.xpxpy.com
naanad.info
invado.pl
9514.com
automapa.pl
asu-net.info
elpost.cl
www.cdxxmm.net
izba-skarbowa.bydgoszcz.pl
www.gdnet110.gov.cn
se.55szs.com
nifd.net
beskoinet.info
yuansuy.net
my2-i.blogspot.com
tici.es
v7o.info
83ex.210000.org
comptait.wop.ro
funnyvod.info
yingshi.114la.com
indian-airlines.nic.in
969se.com
zhangzhe.info
chazy.wop.ro
insidertipps-italien.com
soooking.com
xtd.6633.cn
precombi.puk.ro
radio.cz
www.lishen.cc
www.sx-dj.gov.cn
easyfiles.pl
khatib.wop.ro
articledashboard.info
pisir.edu.pl
emerson-miguel.blogspot.com
www.youy8.com
triboliu.wop.ro
xantor.flog.pl
99bill2.com
3gsoft.tech.sina.com.cn
sefsejcs.ugu.pl
unatinmogeli.insanejournal.com
azmoon.net
devgroups.in
montana.edu
0931.1775.cn
abelmosk.puk.ro
gogoday.info
igrs.webs.com
meranerland.com
benmouch.wop.ro
top10000.info
www.10086la.com
weddingsindia.in
nba.blip.pl
edunauka.pl
www.laoposao.com
dsthdd.cn
gunp.jp
www.wmzos.pl
maxsped.pl
nefcua.info
www.530dy.info
casbahlisted.huijucn.com
97.33szs.com
mep5.nfdy.net
sesexxx.info
wnp.pl
fc.01ny.cn
dy.girlse.info
szytula.com.pl
twentieths.puk.ro
lear.hk
www.xoro.nl
fengshichugen.1168.tv
6hgc.net
826a3.tumblr.com
mir2.sf38.net
zihui1688.com
www.mundoanuncio.cl
famma.org
uis.edu
mfso.265link.com
spanknet.info
0one.net
www.italiancentre.ca
www.sxws.gov.cn
www.wenyou123.com
hqlaw148.com
www.12ddd.in
wynajemsal.com.pl
localdirectorypr.info
www.lyg01.net
atool.org
leadership.ng
nyaweb.co
sgyy.cn
61jjj-a.diandian.com
robotzone.com.hk
tsp.vutbr.cz
avatars.software.informer.com
adrevamp.com
yazd-music129.com
comic.52pk.com
wvbk.nfdy.net
weihai.58.com
natchat.dk
zigong.house.sina.com.cn
mpx.keep.pl
nap.net.id
corvettecentral.com
www.zhiweibf.com
www.colima.pl
solar-power-sales.com
partyxplosion.eu
hosting55.hu
www.2-labs.com
tupot.prv.pl
or58.com
bsbrodnica.pl
oqqw.265link.com
www.vipc2c.com
satsis.info
impresa.wop.ro
www.pp11pp.com
anbound.info
www.kirakat.hu
lygrc.78.cn
14bpm-sousa.blogspot.com
donor.org.ua
auto.0916.tv
aprettylifeinthesuburbs.com
www.812593.com.cn
wedeln.puk.ro
3ndme.digart.pl
linkbaby.info
nsp.bg
armfort.cz
eagleo.com.pl
wzs1974.home.news.cn
agi.flog.pl
balked.puk.ro
pqlh.nfdy.net
matipl.pl
matsugo.wop.ro
1808.co
firanytkaniny.pl
stream-movies-free.blogspot.mx
lectoren.puk.ro
jimm2you.ru
www.hultsfred.se
www.seo51go.com
azzs.info
bougies.info
cyberhostpro.com
ben10oyun.com
www.91idc.com.cn
nnxmbh.com
escort-oohlala.de
gral.pl
pu3t7.jmyyzs.com
unigravi.puk.ro
webrandi.hu
ccftn.com
66aisese.info
otkroveniya.info
1-black-sex.com
articleliss.info
3alt.qiwen5.com
elkonsultorio.es
400117.com
www.enom.com
haidong.66law.cn
www.wm115.com
citroen.cz
juancong.com
auction-it.eu
unirides.puk.ro
szybkooferty.pl
downmag.poco.cn
8.8668a.com
sanlucar.com
kuujinbo.info
tj.zhidian12.com
www.qq772993307.icoc.cn
www.heiloo.nl
xspf.78.cn
hejin.net.cn
www.liangx.cn
www.knedy.com
wwww5c5c5c.com
jurnalvirtual.ro
c2cfabrication.com
aviva.pl
katicz.digart.pl
wagepric.puk.ro
www.028mf.com
mediapurveyor.info
www.aqjj.gov.cn
wls4kids.org
mi.99btgongchang.com
penguicon.org
www.hokkaido-np.co.jp
cursvalutar.info
chaosmode.info
naturalbodybuilding.com
shxiling.com
www.xtmy.cn
workout.su
maple.nu
stemma.wop.ro
ganadinerocontupagina.com
p2media.pl
mokablog.com
ijdeler.puk.ro
2i84.k3y3.net
texprint.org.uk
ecgorzow.pl
ericprydz.tv
9410.com.cn
zizka.digart.pl
freekillers.pl
www.12333-hr.com
opsjorre.wop.ro
rlp.de
asiayone.wop.ro
qiwei.6188.net
www.ueafc.org
sanconhantao.net.vn
www.pacio6.digart.pl