xx.58.com
lohr.wop.ro
www.ka7a.net
5x6p.com
aurea.org.pl
12i.pl
nekoism.blog.so-net.ne.jp
crohn.home.pl
zphr.tk
www.chinareform.org.cn
ehire.51job.com
artisteerhelp.fr
somany.pinger.pl
zdrtm.info
6gsu.265link.com
aperfume.info
guihuaxiang.com
sudanradio.info
mep5.nfdy.net
dosklejania.pl
se.876ggg.com
joshhosler.biz
8.cm
hagard.blip.pl
abgesonderterer.puk.ro
d4ddd.com
groeneweide.info
emarket.gr
place-des-lumieres.fr
www.wytyy.us
klimatyzacja.pl
fandaily.info
yumelink.alink7.uic.to
vip9.755.com
www.35sp.com.cn
he.10000xing.cn
regzone.cz
ji-xiang.com
thelittleworldoffashion.fr
www.mlssf.cn
goldline.pro
meoz.210000.org
ultrafight.pl
njangal.com
heyhar.net
iskra1998.pinger.pl
twentieths.puk.ro
www.zjjd.org
brides-in-bikini.com
xixichengyuan.com
qdkvip.88ka.cn
bjltly.com
asu-net.info
zilp.pl
x1.sha7.info
houqiu.com
clipxxx69.info
er.pl
joemonster.org
keieisha.tw16.jp
crbone.info
7171.7wa.cn
sexe8.info
f-p.com.tw
linuxnews.pl
firanytkaniny.pl
quockhuyen.vn
nedermetaal.nl
h2zone.cl
bel-et-bien.net
sklepzegarki.pl
seomoose.pl
5552288.com
bvlb.nfdy.net
afschuww.puk.ro
chachala.com
xixihuafu.com
flirtfachmann.de
kisoji.org
gahy.nfdy.net
business.wengo.fr
grimp.wop.ro
allegr.pl
bwgnccue.freeblog.hu
qwe1w2.951n.cn
kolesa-online.ru
hjpts.1168.tv
yeb2b.com
allrecipes.co.in
argusian.wop.ro
django-unchained-movie-online.blogspot.no
amazon.cn
facilogains.com
funnyvod.info
herogeme.alink7.uic.to
www.qthxxw.com
herrensi.wop.ro
hyoukayo.puk.ro
www.w899sanxing.com
bellard.free.fr
ikia.ir
gq4t.qiwen5.com
imiduk.wop.ro
mediadrom.info
multidomainsearch.info
noiretoile.flog.pl
mozinezo.hu
peopletweaks.com
it.binhyenquan.com
ranking.pl
shoppingbenfica.com.br
sibucao.wop.ro
www.12ddd.in
www.ifaw.org.cn
domywstylu.pl
www.kanmen8.com
www.pet.hw.ac.uk
www.pres-aix-marseille.fr
8181.com.cn
mabalacat.puk.ro
wap6ba.us
dawandao.com
hebinzhicheng.com
sjpf.78.cn
jubao8.qjwm.com
www.aqjj.gov.cn
www.peopleart.tv
pogues.digart.pl
hao.33105.com
seolux.pl
wg1e1hda49.b2b.hc360.com
ttkxgwdau.typepad.com
cdemocratics.com
klumba.info
aankoppe.wop.ro
myalbums.biz
myfavlinks.info
netpr.pl
onlynzjm.78.cn
ultravnc.info
oxycom.pl
mazda3klub.hu
bsbrodnica.pl
pasiva.puk.ro
923064990.taobao.com
paula1609.pinger.pl
www.8090.so
pc580.info
persil.co.uk
pfruender.info
pg.gda.pl
phimhd.vn
aatouch.com
presitmv.osa.pl
senado.gob.mx
senuolbux.fr
simplesamlphp.org
studylanguages.org
sturmboard.info
tawsl.net
tbanc.cl
tesorizar.puk.ro
textapint.com
imsec.ac.in
top.togra.pl
tff.org.pl
ssamp.kg
theamateurzone.info
wardens.puk.ro
bcz49.com
winsupport.nl
beso.co.uk
wwgroup.in.ua
wwt.it
briantracy.jp
www.alidora.ro
www.artshots.pl
bbs.5w.cc
www.gameflve.com
cylh.taobao.com
www.kkk54.com
jqnk.nfdy.net
www.zj61.net
xxx7890.com
zaqhax.pl
radiobielsko.pl
zzqqq-db74.diandian.com
b2b179.com
2i84.k3y3.net
superhosting.cl
2lex.net
365wos.com
www.valueofweb.net
4dk.ru
dailymobile.se
4hi9.210000.org
www.uwsem.org
60xz.com
6599.210000.org
hotel-travel-service.de
665mi.com
6hcai.co
literallyinspired.com
6tn.info
7t2.info
prizebp.jp
823409.info
tgs-tennis.de
www.zz52py.com
abflusses.puk.ro
866tryelite.com
untuk-lelaki.webs.com
appartement-bovenstreek.istats.nl
appetize.wop.ro
aql.awe.jp
arcanebolt.deviantart.com
asopusitemus.com
assaggi.it
assumingness.puk.ro
asuspda.net
atwishey.skynetblogs.be
babycity.co.za
badbreeders.net
badspot.us
bai.lu
bbflash.net
www.clone.nl
bbgaleria.hu
bbs.szonline.net
behaartefotzen.net
bencetoth.fecsegj.hu
dyspneic.puk.ro
benesseremilano.info
beredt.wop.ro
ncy0.qiwen5.com
bgtorrentz.net
bham.pl
fbbind.wop.ro
rumly.loquet.wwwwww.wop.ro
gamerstation.pl
elf-md.tumblr.com
heatingcentral.com
hsqfs.com
hydepark.ro
ii-ie.info
illyeshop.com
klanowy-ts.cba.pl
www999jjj.tumblr.com
inec.gov.ec
interracialromance.com
jazoka.info
jungle.digart.pl
oreignin.puk.ro
justaddcloth.com
kangata.wop.ro
karolek3.pinger.pl
kepsar.com
linkmin.info
sub4sub.com
ll0.eu
locata.org.uk
loombo.pm
malivot.info
malta.flog.pl
mameo.info
wmid.info
mergeto.pl
cheetah3d.com
sanconhantao.net.vn
microsez.com
mus.prv.pl
mynono.com
myskb.ru
njure.puk.ro
nonpheno.wop.ro
nsm.pl
blogbox.ch
bbqd.nfdy.net
oponovum.pl
junsheng9.9998.tv
rabszolga.linkekneked.hu
recetasdecocina.info
seemoresee.info
sexbabyweb.info
thearchiestd.com
thegrandparentsguide.com
thehh.info
trainershouse.fi
ahe.name
travian.com.eg
treasuresfromtheark.com
tsp.vutbr.cz
uggbootsclearancex.com
uitgeweekten.puk.ro
ukdir.co.uk
ukparachuting.co.uk
unfemininity.wop.ro
unikurage.sakura.ne.jp
unsinn.wop.ro
upwith.wop.ro
vakantiebelgie.be
vannetukku.fi
tubecao-d85.diandian.com
videocraving.com
vikax.prv.pl
virtualcar.it
visualtec.es
vividworks.fi
jhltoys.info
vkgm.210000.org
3g.d.cn
recyclon.wop.ro
volleygame.it
www.44ss.net
dumgal.gov.uk
wasvrouw.wop.ro
wojteknowicki.natemat.pl
ilovehome4ever.info
eogi6.com
www.25b.com.cn
emiliaw.blip.pl
321.gov.cn
respondhq.com
www.ptnd.pl
www.rimei1.us
l1sa.li
3m-cn.net
19qq.co
www.ds114.com.cn
deyang.66law.cn
abc17news.com
8count.ca
8cw.be
8d8r.com
8d8v.com
8liao8.info
9.133hk.com
activeskin.com.au
procarcare.com
babyonline.pl
grahamite.wop.ro
sat2hd1.com
bbs.airacm.com
online777film.ru
88lin.in
mvgk.265link.com
88ree.com
88szs.com
88tmxx.net
88uu.us
88xk.net
greece.org
mbtmedia.pl
941yin.info
9422.210000.org
97aixx.com
97sdd.net
abkuerze.wop.ro
abolirent.wop.ro
allsites.info
aviva.pl
b-m.pl
vn.video.search.yahoo.com
series8-b.blogspot.com
intimdialog.com
ktyl.blip.pl
malsains.wop.ro
opendi.lu
synlighet.no
www.239300.org
www.cloudleft.com
www.cnbeta.com
www.htys.cc
bza3.265link.com
zsm.opx.pl
www.dtqsy.com
www.rws-verlag.de
berachah.co.za
offroader.gr
www.hacg.me
www.jjj123.info
ompyme.com
99bill2.com
katicz.digart.pl
kazantzidis-stelios.com
luxury-delhi-hotels.com
www.smmail.cn
www.lhxf.org
lenka2.digart.pl
tada-doga.com
www.c8m.net
ladeguagua.info
54007sf.com
1r19.qiwen5.com
kdjmdl.78.cn
articledashboard.info
turbanto.wop.ro
baby.edu.vn
55.aiao.cn
www.qq114la.com
ccftn.com
lessons-tva.info
www.hokkaido-np.co.jp
szytula.com.pl
hupan.net
www.lwjj.gov.cn
www.jcy120.net
futi.515888.net
www.qichedj.net
www.cpnqt.com.vn
deskawind.com
eduroute.info
geek-blog.it
www.hepu.sunbo8.net
qonr.k3y3.net
studyforums.org
7722.org
bazarek.pl
cyberplat.com