local-mover.info
uxlabs.pl
b.888sss.info
e-vending.ru
joshhosler.biz
g-style.dengeki.com
baitsi.wop.ro
se.881mi.net
fitness-dvd-shop.com
www.seed.net.tw
jigocity.com.tw
miraclenoodle.com
mep5.nfdy.net
hupan.net
www.ipokoj.pl
uncabled.wop.ro
infn.it
www.ls9y.cn
adriatyk.com.pl
snatchporn.info
supersport.al
hin4.265link.com
technapologne.pl
tubexxxhot.info
www.etal.no
imiona.pinger.pl
northfacecoupon.org
atomic-o-licious.com
dns173.com
8cw.be
blog.ropross.net
planeta-kino.com.ua
narreweng.puk.ro
www.2ya.com.cn
imo.com.pl
www.vfast.com.cn
sodar.blip.pl
chachala.com
374119.txt.cir.cn
shoppingnews.pl
argentose.puk.ro
linkdisplay.info
equifree.dk
953694.co.sonhoo.com
tuvancntt.com
nattoli.net
poczta.lublin.pl
changyou.net.ms
0930168511.magent.com.tw
serco.in
hadopi.fr
zx.99.com.cn
se.876ggg.com
caobiba.info
www.xystjj.gov.cn
protean.cz
bsbrodnica.pl
atehenmei.com
xn--kobarn-9xa.dk
fanpoint.pl
mjc-andre.org
csnf.qiwen5.com
macieke.blip.pl
guihuaxiang.com
culture-canada.ca
yddsd.78.cn
www.afir.fr
daogouwang.tk
innigkeit.wop.ro
txfd.info
7766suncity.com
www.xxx552.com
deco46-l.petitlife.net
9075279.sz.100ye.com
www.hbrp.pl
hnrl.78.cn
pacer.org
alutrada.puk.ro
sacro.com.pl
5577www.seo1122.com
cystoid.puk.ro
firstonline.info
yougedi.net
desiaunties.info
trackurtime.info
quantumopia.info
www.pvp.hk
www.job2nd.cn
pagerankz.info
www.torpesun.atw.hu
sshuai.com
ppnzkpfw.78.cn
sitereports4u.info
masters.com.au
presidencia.gob.pe
www.mlssf.cn
kazantzidis-stelios.com
serverdb.info
ebano.puk.ro
uhjb.nfdy.net
www.62042.com
zarubejestate.tk
www.yq8b.cn
f-p.com.tw
auto.ce.cn
africa.fad3.net
melon.md
koujiao.in
rc.0376.cn
joelbecker.net
69model.info
2012nvzhuang.yixiuzl.com
www.yunvtupian.com
unikey.vn
x.2005.so
www.cuma.ca
onpromos-activ.com
pomoc.o2.pl
www.qthxxw.com
lscyqy.78.cn
ccdh.info
pczy.265link.com
indian-airlines.nic.in
clipxxx69.info
www.leijuu.com
cofunds.co.uk
travelway.pl
maple.nu
99bill2.com
sexe8.info
rohlan.cn
www.mlsfw.com
www.dobimo.se
70475.dealer.it168.com
wwww.777ke.com
www.lwjj.gov.cn
zihui1688.com
logoart.vn
edodatki.pl
jvcitalia.it
ebooknetworking.net
ipad.nl
iran-antik1.tk
4810.blog.so-net.ne.jp
brusszel.utazni.info
www.wawaji.co
mitcmljs.5d.cn
it.binhyenquan.com
hearyourmp.org
www.gift-shop.com.tw
shiny.flog.pl
braklapsiper.blogger.hu
prfh.info
biocity.pl
tadshost.co.uk
cwm.66law.cn
christogenea.org
chonglang.3199.cn
shop63788365.taobao.com
vrbank-fl-sl.de
my360bj.taobao.com
sentimientobohemio.info
xygdcrxx.blog.163.com
auschan.org
importio.puk.ro
thuthuy.wop.ro
sellthisbiz.com
1024.pen.io
rxpills.it
avatary.pl
www.yao3g.com
www.kifv.org
www.xess.4f9.org
eimet.wop.ro
bbs.szonline.net
0jyg.qiwen5.com
kotuen.wop.ro
3lye.265link.com
gadufoto.pl
838838.net
saulijdo.freeforums.org
achehnes.puk.ro
1388gf.com
nyuujyuu.puk.ro
mocotyan.blog.so-net.ne.jp
www.fitsa.cn
xixihuafu.com
www.yhsl.net
cleanish.puk.ro
www.592336.com
cpu8pin.7ic.info
lols.duowan.com
sandrakavital.blogspot.com
gz.menghuanzuxian.com
kino5dextreme.pl
clubstars.pl
1958.cc
ytkd168.com
k9studios.es
swiss-thermographie.ch
liyi.66law.cn
www.xyhyu.com
www.jiyin190a.info
ehuolang.org
upd8me.com
prom.ua
3ndme.digart.pl
rtlnitro.de
abbrunar.puk.ro
issm.210000.org
tarif4you.de
2010zfxm.78.cn
sinemaonline.org
blogzr.us
aprettylifeinthesuburbs.com
www.menorca.net
024anmow.com
h2trade.com
wwww5c5c5c.com
projects-abroad.fr
www.sl-01.com
education.gov.lc
www.enom.com
nazghrun.com.pl
ys.222hh.info
www.lfr.nl
520kx.com
xt.pl
www.sy.e21.edu.cn
www.someta.cn
kaerchercenter.at
www.asp1.com.cn
ts.189dm.com
xiao.zhi.ma
reiker.pinger.pl
cityhall.pl
cosmetik.es
www.lianke.cn
948896363.cn.b2b168.com
wls4kids.org
neilbrophy.co.uk
webcash.pl
www.899link.com
www.8848wholesale.net
repenten.wop.ro
sfdsa.pl
the-franklin-family.com
ghx.cn
myypw.78.cn
historyfliks.com
hispace.info
homesecuritysystem-10.com
top10000.info
unrebuilt.wop.ro
bbs.17hair.com
runcis.info
www.overzicht.nl
artportalen.se
1x.jglh.net
www.lnmm.lv
www.hokkaido-np.co.jp
aasitedesigns.com
www.gdnet110.gov.cn
naszywki.com.pl
zyueru.wop.ro
72pityu.video.xfree.hu
www.cyga.gov.cn
traducta.ch
ssamp.kg
www.haose100.hase.in
kuclick.net
iskra1998.pinger.pl
www.mxrdy.com
chyw.210000.org
isc.infor.pl
tp.59jj.info
7722.org
daysnavi.info
series8-b.blogspot.com
bel-et-bien.net
www.ssmei1111.co.cc
superhosting.cl
dinolandia.pl
friendslike.info
www.pripojsa.sk
mytridir.info
my2-i.blogspot.com
w010w.com.cn
think2loud.com
fistmaster.info
linuxoldal.extra.hu
a--9.com
febea.wop.ro
adult-flash-games.com
ljj.66law.cn
www.taobook.cc