desihome.info
firmenlexikon.de
375798.i.tiexue.net
terugstotende.puk.ro
fredscloud.info
meteo24.fr
enchtex.info
aperfume.info
suikerga.wop.ro
lols.duowan.com
www.bqqj168.com
exc-adventures.com
twentieths.puk.ro
www.motivp.sk
livevideoson.com
m.gyao.yahoo.co.jp
gob.es
kenhcuoi.net
futureclub.us
szuart.info
www.fjau.edu.cn
bebetura.puk.ro
hagard.blip.pl
www.jh-hj.com
zhaorenpeiwo.com
0832idc.com
quantumopia.info
lavani.wop.ro
gz.menghuanzuxian.com
regzone.cz
cscartrocks.com
2012nvzhuang.yixiuzl.com
www.mlssf.cn
eudal.wop.ro
unrebuilt.wop.ro
skunked.ca
hyoukayo.puk.ro
prestatio.pl
anandamusic.pl
askkaito-kun.tumblr.com
veyknvye.freeblog.hu
pnu-m-s.com
fistmaster.info
www.ford-newfocus.com.cn
broadcast.ch
www.caesar.it
www.ssmei1111.co.cc
dubux.info
www.5ya.com.cn
archpaper.com
www.digilentchina.com.cn
stshimo.com
adi1891.digart.pl
024anmow.com
tubexxxhot.info
freshminds.co.uk
www.pvp.hk
pczy.265link.com
myypw.78.cn
kurzurl.net
iiit-bh.ac.in
purelynsfw.com
kazantzidis-stelios.com
www.qthxxw.com
textapint.com
castellanza.va.it
mikelonis.wop.ro
naszywki.com.pl
juicycoutureuk-online.co.uk
mtz.digart.pl
www.7020.com.cn
peixund.com
www.99bill7.com
lessons-tva.info
my1pureluv.com
13022015959.pur5.com
hispace.info
kedin.es
stylek.pl
iphone4home.info
1bub.265link.com
www.mascus.fi
henhao1.info
linuxoldal.extra.hu
99bill2.com
runcis.info
printerreset.net
cimladonland.ru
www.lianke.cn
katicz.digart.pl
www.dvd6.us
elecpro.com
goro196.wrzuta.pl
www.emsdy.com
ani-cole.blogspot.com
www.hbrp.pl
www.dwjy.4f9.org
typografie.info
articledashboard.info
japanlife-net.co.jp
0596.51jz.cn
evertiq.pl
christogenea.org
66h66.cc
bressure.net
seo.ac
linkdisplay.info
zihui1688.com
1024.pen.io
elhora.info
ekomusicgroup.com
foobarbox.info
ltdyxl3g.pen.io
pieters80.hyves.nl
henhengan.info
www.dialo.de
vitabri.com
innigkeit.wop.ro
44456129.qzone.qq.com
yirikuaizhi.1168.tv
pscl.265link.com
www.dapigu.org
www.lwjj.gov.cn
asu-net.info
ytkd168.com
e-field.info
siggisig.wwi.is
doshops.net
tenendol.puk.ro
my2-i.blogspot.com
2el4.56dvd.net
ssamp.kg
senkel.puk.ro
7766suncity.com
oivx.nfdy.net
mall.371.net
sport-fm.com.cy
sashless.puk.ro
offenzul.puk.ro
hearyourmp.org
yanji.tv
0774.1775.cn
price.2u.com.cn
94392.live173.com
enopo.jp
whois.gimoo.net
amichalski.blip.pl
56kompania.pl
iskra1998.pinger.pl
springcreek.com.ar
www.wytyy.us
fc.tainfo.net
vinnitsa.info
lmkt.78.cn
chaps-haiti.org
www.huayuan.org
imlemeh.info
q2l.org
lenka2.digart.pl
xifeng1915.9998.tv
travelguide.com.ph
www.drstudio.pl
2zlote.info
com-perfect.info
chinaz.com
3gsoft.tech.sina.com.cn
darooyab.ir
allegr.pl
hotcoin.info
nx.189.cn
sbutki.newsvine.com
myappworld.com
www.stpaul.gov
yumelink.alink7.uic.to
www.yunvtupian.com
medebroeders.puk.ro
mzdh1.com
sjpf.78.cn
xixihuafu.com
suntfata.info
anbound.info
couponact.com
felvidekivarak.lap.hu
aftersalesmagazine.nl
zmarzlena.digart.pl
top10000.info
www.piva.be
www.0319job.com.cn
txfd.info
siterj.net
www.e-nunta.info
limoluxcar.pl
iran.ir
nattoli.net
dubb.9r.ro
3m-cn.net
zx.99.com.cn
383967.com
youngminds.org.uk
acoussoftin.info
qichezhuan.78.cn
bloklists.blog.com
1808.co
thinkmarket.info
verhaaste.wop.ro
zord.hu
cyberplat.com
juancong.com
izap.in
www.cqycw.com.cn
lakodalom.cgr.hu
114.xiuwu.cc
qqhr.58.com
churchjobs.net
addsitemarketing.info
unikey.vn
mkv0.qiwen5.com
mode-welt-online.de
mpx.keep.pl
partyurlaub.de
sadf.asia
pagerankz.info
domywstylu.pl
isc.infor.pl
www.srpa.com.cn
www.sss6789.com
pinkfacebook.com
www.thaihung.org
www.tiesto.hu
mocnyweb.pl
www.tsgjj.com
www.tylib.org
www.uc444.com
www.uqlkz.com
www.vdolady.com
wxi8.265link.com
www.voe.be
www.wanho.net
laughingwolf.net
www.webmd.hu
www.win2day.at
fitetlazio.org
www.xgrcw.net
www.xrwlz.com
www.y532.com
www.youzhik.com
www.ystjjd.com
www.yyxfz.com
www.zhibo8.cc
www.zhnxyx.com
www.zynxw.com
best-moviez.ws
xdexcylly.typepad.com
christianlouboutinuk.ckxn.com
yh5.cc
yixiangliying.gigi8.com
youropinion.gov.sy
zamotka.pl
compucelonline.com.br
zbudniewek.pl
www.jiese.in
ziyoumen.g.178.com
shxiling.com
zmarsa.pl
10dai.info
2.qise.us
tgory.pl
puppyrzyce.pl
355869.com
newusbhub.info
55bt.eu
alternip.wop.ro
angeljewellery.info
anneclapp.com
jstour.gov.cn
awebdirectory.info
bathroomshoppingclub.com
filthywhore.info
bavant.puk.ro
bbs.5200tv.com
bbs.lcxw.cn
bbs.myboogle.net
bbs.wuhu.cc
zz23.info
bc608.com
bedavaradyodinle.com
beijing.tigercity.net
benyt.puk.ro
bernthaler.eu
betpicksapuestas.com
bg-sait.eu
bilgisizsiniz.tk
tgtc.cn
bloedkleurige.puk.ro
blogforarizona.com
brainyforex.com
brianshall.com
xt.pl
bryantpark.org
cbclansing.org
cccar.com.cn
cebado.wop.ro
centli.com
cestyksobe.cz
chaletmadera.com
chat.parlaq.net
cheetah3d.com
colombiadominios.com
domain.yahoo.co.kr
365ip.info
dreinschlagende.puk.ro
duntz.info
dushaj.hu
dvdprojectorsforoutd.4vw.info
sklep-pomoc.home.pl
source.ba
dysse.puk.ro
dziecka.pl
www.ysl-5a.com
e-bolt.info
homemoney.ua
e-molp.pl
e-musiclab.org
e9aq.nfdy.net
www.899link.com
eaka.wop.ro
yc.58.com
qiuknows.com
educationh.com
eduweb.de
eic-party.de
eisenbah.puk.ro
fiatalokert.hu
elefani.eu
komparing.com
elitetravelconcierge.com
eimet.wop.ro
elportal.pl
321.gov.cn
elweb.cz
emacswiki.org
transora.pl
empiresmarketing.com
d4ddd.com
emsdata.net
emwoufjmj.skynetblogs.be
eomt.210000.org
linkjobs.info
espelhofilmes.com
www.caiyou.cn
cjp1509.qjy168.com
essexmax.co.uk
rucrazy4it.com
etiscan.de
etoro.puk.ro
www.gd-zy.com.cn
eugeneserviceparts.com
eutekne.info
evans.co.uk
familiadillon.com
zh.yipu.com.cn
fandaily.info
noziri.puk.ro
fastwealth.info
femjoyangels.com
fennek.no
lirein.digart.pl
firdos.org
l6d.info
first.org
joelbecker.net
fitness-exercise-tips.info
xonetv.info
dent.rs2clan.net
flackcheck.org
flikk.wop.ro
fnvwznlvrbn.blogtrue.com
foodstoq.com
foreversa.co.za
forextradinggamez.info
fortunita.info
stayfriends.com
forum24.se
jula5539.flog.pl
foxier.wop.ro
foz5.56dvd.net
freemaine.org
camlog.com
freeonlinedir.org
freephotogallery.info
fruitmedia.de
www.3dvr-cn.com
fuelthemind.com
fuqis.info
fwde.k3y3.net
gamesandcasino.com
gentayangan.info
grajteraz.pl
gustaffik.digart.pl
web-bi.net
humyai95.info
icebergbux.ru
www.enom.com
imprint.com
javascriptgarden.info
jiehunzhao.info
jmislandtrading.com
discovr.info
joysee.info
lechpoznan.pl
local-mover.info
lustube.com
mamare.info
nylonsx.com
sexfotka.pl
oander.hu
olka916.flog.pl
eduroute.info
omasex.tv
ombord.wop.ro
chyw.210000.org
onthenet.ro
lezspace.info
ontrip.com.pt
artportalen.se
ootukati.puk.ro
onwersal.com
panbib.com
0316.cc
partio.fi
www.chinaup.info
patapon.info
planeta-kino.com.ua
mangguo.org
peuplade.fr
phonebank.de
exxtra.blip.pl
phys.org
picimg.info
pivote.wop.ro
plzen.idnes.cz
pmplogin.com
poczta.lublin.pl
progames.in
promotive.com.ar
techsmash.in
literallyinspired.com
qsij.nfdy.net
radiobielsko.pl
raving.wop.ro
rd.rakuten.co.jp
resinet.pl
www.bb520.tk
rizo.wop.ro
rjks.nfdy.net
rockymountainsusp.com
deco46-l.petitlife.net
romprest.ro
s5g.cc
samsep.org
sayap.info
www.hultsfred.se
schoolinfo.go.kr
seo.pianfw.com
tuymilmas.com
sgu.ac.jp
o0eg.qiwen5.com
shafts.wop.ro
sharetags.info
shop34389731.taobao.com
saurabhrai.info
siimpii.hyves.nl
suponta.puk.ro
999giochi.it
sjapte.wop.ro
sluzbazdrowia.pl
socialbookmarkingreview.info
somany.pinger.pl
sostitut.wop.ro
sou.wjw.cn
aqq-project.info
stk-hradec.cz
cheapjordans2us.com
ben10oyun.com
stscript.info
studiopodrozy.pl
kuclick.net
superautos.cl
superpassatempos.com
tmmworks.com
supersaas.de
susu.at
teachy.wop.ro
teenporncrew.com
tequila.polki.pl
thaprachan.com
thdsjy.com
thekrisoft.com
top.togra.pl
www.topwin100.com
toptrade.it
toyo.ac.jp
www.sweets.ro
www.qhcl.org
trinityplaces.net
kbne.265link.com
trollblume.net
www.66bc.com.tw
ttzx.com
zyjf.zhuxian2zt.com
www.caadn.com
www.avnyzj.co
www.aygqt.org.cn
weblimani.net
www.baodaolvyou.com
umek.si
www.bbsx5.com
kapuas.info
www.bhf.hu
www.bjjcw.net
www.bors.hu
www.bq100.com.cn
www.cctv3-xgdd.com
linkjeim.info
www.chilla.nl
loginhelper.com
www.coit.pl
jiweicun.net
bza3.265link.com
www.cqxxt.com
www.dbhniu.cn
youjizz-823b.tumblr.com
www.dbzwm.com
www.drsprzedaz.pl
www.epoli.cn
www.erlang.org
www.estled.co
www.fengshou.biz
www.flyingcigar.de
www.hrc.gov.cn
www.huangye99.com
www.jkwz.info
www.jyhi.net
www.k-wit.com
www.kole.cc
www.kongfeilei.com
www.kow.nl
www.kyokushinkai.com.cn
coscj.ro
www.lvons.com
www.yq8b.cn
guidion.nl
www.maichun.me
www.mdc.cz
www.funshi.org
www.meisedh2.com
www.meiyanjie.com
jjeu.56dvd.net
www.menorca.net
www.moliniao.net
www.nantong.biz
www.nj02.4f9.org
www.openwebdesign.org
www.overzicht.nl
mitcmljs.5d.cn
www.pnek.org
www.pornoliefhebber.nl
www.qibuz.com
www.qsg001.com
terrasolusi.net
www.qvmame.com
www.r73.net
www.sftl.be
haan.nfdy.net
ir-ma88.hyves.nl
claranet.de
multum.com.pl
www.woplan.com
www.www.mgscl99.com
0750.1775.cn
yeeyan.com
www.revco.ro
yhwc.me
yindongcha.1168.tv
yindumogen.1168.tv
yinmeimei.info
zalgiris-vilnius.lt
jaslonet.pl
0898.okok.cc
5qq8.cn
601448.com
cuteweblinks.info
6047573409.phone.searchwww.com
74vo.210000.org
allevatoricinofili.it
altinemek.com
www.hanser.de
www.bosko.pl
my.co.ke
angola.lap.hu
antuctimbga.womanblog.org
bandali.ir
auto.ce.cn
barti122.blip.pl
pavlon.wop.ro
beant.puk.ro
v-ticket.com.ua
beasonsatv.com
www.zj7s.com
www.gmw.nl
peru.info
www.2ap.pl
xxb24.ztzt.us
67145.hemelsesex.nl
varicoseveins0y2.info
3ndme.digart.pl
shikoku-gas.co.jp
wasvrouw.wop.ro
frikultur.dk
nask.pl
praseodymium.wop.ro
kognet.de
9lessons.info
indiaprice.net
dei.digart.pl
erinize.wop.ro
cewk.265link.com
eumoirou.puk.ro
preodenotebook.7m0.info
44990.com
northdakota.jobs
whoisjohngalt.info
charlys-midi-studio.de
permission.mx
indykinaparze.pl
donfutbolito.com
beendor.puk.ro
bek.91yao.com
bekwijlt.puk.ro
schee.wop.ro
houstonpremierleague.com
goky9l.co.cc
freetvflicks.com
bima.astro.umd.edu
bisbon.ru
softwaremind.pl
trafex.info
bodegastw.com.ar
bookmarkalphabet.info
www.rpgmaker.pl
bookmarkslight.info
bookmarkwheel.info
noblemarkets.pl
bougies.info
box.com.ph
mdlboys.info
bronksik.blip.pl
canada-goose-trillium-parka.frnewsby.com
www.pinzhihk.net
hybrid-autos.info
cawaii.in.th
ari-jigoku.com
cement.com.ua
firanytkaniny.pl
centrumdrewniane.pl
albiazules.es
ttkxgwdau.typepad.com
cherchiez.puk.ro
chicacatering.com.au
chnav.com
jena.prv.pl
cieux.wop.ro
cinepolis.com.co
williamhill.it
cleancutmedia.com
club21.org
codeco.pl
codelab.ru
cognement.puk.ro
combusto.wop.ro
comyr.com
contribamatrices.com
cos.pl
cotegraphiste.com
cryptoparty.org
shoppingnews.pl
imo.com.pl
www.rws-verlag.de
ompyme.com
googlestreetfighter.com
craphound.com
koncz.wop.ro
z3855.idc141.xinnet.biz
www.brw.cc
gambarkeren.info
binhhoa.info
www.ahhn.net
e-nocleg.pl
slcz.gov.cn
trafficguru.info
fupukujuj2.prv.pl
soft.cf8.com.cn
ledieci.net
r114.co.kr
pajarero.wop.ro
fzf.com
gendertravel.info
m-x.soup.io
icicle.wop.ro
inzl.nfdy.net
xlppfw.78.cn