kettengebirgen.wop.ro
driversdot.ru
knallharte.info
unribbon.wop.ro
ewire.dk
www.hebxg.net
ddlovato.pl
russavam.wop.ro
chblt.81666.net
www.kdy120.com
adventuregaming.co.uk
benq.com.mx
www.fono.fi
bookbuy8.com
1-2-3.tv
smartinternet.co.za
wcoop.ne.jp
sendest.wop.ro
agoniseraient.wop.ro
bionaturally.net
megashare.vn
chalongrat.org
trademarkregistrationindia.com
www.umdnj.edu
pchardware.com.mx
fungame.com.ua
ginfes.com.br
jaans.info
meinmobi.net
look4design.ie
ronjangingerich.com
wasp.blip.pl
mil.gov.ua
sadcc.wop.ro
fanweiya.cn
jxf.mf968.net
b-m.pl
www.p5q.org
gamei.tld.cc
lingvo.ua
weide.wop.ro
zonatop20.org
ifjn.nfdy.net
saveulee.info
4euf.210000.org
nfz-katowice.pl
tool.med660.com
badische-zeitung.de
cncd.tv
www.jiyin88.com
www.ruta-inka.com.pe
uta6.mirume.net
benedigh.wop.ro
www.leiyun.me
thewebferrets.nl
www.hbga.gov.cn
dotone.info
chimie-sup.fr
garmonia-med.ru
bizimalem.com
taikongczppb30mi.1168.tv
bjerremediaservice.dk
eskuvoimeghivo.wyw.hu
joemonster.org
funne.wop.ro
urzadzamy.pl
www.djwq.net
beni92.fecsegj.hu
hita.hr
idealizar.puk.ro
ajada.wop.ro
bierzgo.info
hoc-tieng-anh-online.info
supercias.gov.ec
51momimi.com
canadagooseoutletstores.com
damn.so
pornoetsexe.info
usigroup.org
www.bb520.tk
trackback.blogsys.jp
www.44zy.info
islamic-resource.org
chihair.ca
miyada.or.jp
acrl.org
mymotor.fr
www.xqtc.com
abbracciai.puk.ro
www.koegler.tw
behb.nfdy.net
wmr.flog.pl
www.luo-lu.tk
gupiao.5w.com
neckermann.info
www.cnnn.cl
classroom20.com
fsjms.net
coscienz.wop.ro
shareapp.net
comprire.wop.ro
7t2.info
oxycellu.wop.ro
pushab.wop.ro
1000months.net
cyberboards.biz
alaniemi.net
morish.com.au
huangjinshenwang.1168.tv
2-steps.net
decorativetileshop.net
formazioneconsulenti.it
wwjj.210000.org
noorin.net
pmub.210000.org
ipro-shop.gr
ketquaday.vn
b2c.uz
pollydiversao.com.br
emi.prv.pl
www.56juchang.com
fujifilm.com.hk
stoboi.ru
imiona.pinger.pl
cdeluruguay.gov.ar
die-hard-full-movie.blogspot.dk
thongdiep.org
www.qdnzy.cn
directorytay.info
ebiznesy.pl
bib-alex.net
dzz.cc
kali-gula.flog.pl
hk.damn.so
lechu.flog.pl
antiexpo.puk.ro
commun-it.com.au
brechthouben.be
www.modamp3.com
gduch.digart.pl
www.zhenai.org
devid.info
allianzras.it
helpfindjeff.org
nwt.cz
paratomial.puk.ro
www.www88.us
honei.wop.ro
hyrax.org
tapanta.info
tarenea.cz
ridokain.wop.ro
brilliant-group.ru
shen.yiwang.cn
12count.info
bonussystems.pl
muniquejoias.com.br
www.inbuss.hu
roweryokey.pl
panda.cz
teoti.co.uk
ossiflue.scallawa.overbrightly.dissuasion.wwwwww.wop.ro
atrico.hamazo.tv
thtv.info
postcount.net
www.zuozw.com
perueduca.edu.pe
su-forum.de
qqsong.com|www.shbz.com.cn|foop.tk|nyny.wop.ro|vest.nfdy.net|wwcikvizm.freeblog.hu|www.net-china.net|tlcnevjjt.blog.mongenie.com|ecalelite.com|teishu.wop.ro|edh-ev.de|weitersc.puk.ro|kyanion.puk.ro|suzhou.51chudui.com|malac.linkekneked.hu|www.ok9080.com|pogodba.net|mossig.wop.ro|doctrinaux.puk.ro|zjzkbzjxyxgs.wenju.biz|shoushi001.com|www.shuo5200.com|www.dakeyi.net|zknw.nfdy.net|winemax.org|ypbb.nfdy.net|cyzm.nfdy.net|uvum.nfdy.net|www.essiw.com|883v.k3y3.net|mksn.nfdy.net|www.hnxinke.com.cn|tjfr.nfdy.net|www.ura-akiba.jp|1vagonka.ru|kamila69.a-liveprivates.com|www.808ys.com|boxer-vom-schatzkaestlein.de|luenk.wop.ro|coi0.nfdy.net|gsus.nfdy.net|www.gz-baiyou.com|675t.nfdy.net|news.gpxz.com|www.xunweicn.com|i8ic.lizhidy.net|iwenthungry.org|www.59cn.org|malier.wop.ro|ryuk.265link.com|itaru.wop.ro|cglm.nfdy.net|mkxp.nfdy.net|8923.nfdy.net|argaya.wop.ro|www.hdjiaoyuxinxi.com|www.zgc.gov.cn|www.lanfc.com|fotofrog.net|chrissiecool.deviantart.com|clps.nfdy.net|my-led.cn|www.bizun.net|osyaku.wop.ro|www.07qccg.com|www.rawan.in|nbxhkj.com|www.21shhr.com|qlmrc.net|0pzo.k3y3.net|eizr.nfdy.net|www.zdor.cn|icamtech.net|ilpg.k3y3.net|nvsv.nfdy.net|you.xiaoyoyo.com|rendu.wop.ro|www.dd378.com|aw60sdf.seesaa.net|kj6o.210000.org|6h1122.us|1818kj.com|tsmn.nfdy.net|www.zgjiageng.com|java-admin.iteye.com|octuor.wop.ro|hflz.nfdy.net|ykdljrbnai.blog.mongenie.com|www.iqio.org|kzoufdfkol.hexat.com|spueren.puk.ro|www.yjlfy.com|rffa.org|www.hongfuyuan.com.cn|wvryddzcth.blog.mongenie.com|e379.net|yu2.net.cn|fehg49.deviantart.com|orlate.wop.ro
vivace.puk.ro
www.chmielno.pl
rattled.fuyuzora.karaoke.hygien.wwwwww.wop.ro
buy.chinanb.org
promocaocolgate.com.br
topmountainbike.info
solida.com.pl
consumerdailynews.info
alley.wop.ro
dupcia.pl
www.qq1314521.com
natureforkids.net
az.free.fr
www.amazonka.pl
www.pageup.cz
zeigte.puk.ro
johncarter.pl
cdd.cn
www.lishi99.com
srvmatrixemail.com
bilig.cn
edinstvennaya.ua
chsl.webs.com
wtfbook.in
yidana.wop.ro
duzylotek.net
www.univs.cn
fajka24.pl
patat.wop.ro
aakik.digart.pl
www.wvv.de
66w.com
av123123.info
tietoenator.com
toucht.mesologi.zujyou.wwwwww.wop.ro
airlinetollfree.info
sork.digart.pl
www.serveurs-minecraft.org
nbdaili.info
wwmen.com
www.slw2.us
bookznami.pl
travelwiki.nl
fbl.pl
coloriety.com
hispanictips.com
yorest.ru
msmalinowska.digart.pl
kouryuun.puk.ro
oublierais.puk.ro
brookes.ac.uk
muku.tv
interviewhelper.org
itchannel.info
zelkowaaa.pinger.pl
www.tebim.pl
www.szhuanong.jnn.cn
reading-canoe.org.uk
chengde.h2h.cn
innovativetours.co.za
www.fnforum.net
curiosi.wop.ro
kantiana.ru
dep.no
motiva.fi
www.tohsu.org
unblock-my-space.info
bestwebhostingcompaniesz.info
liuhe.tv
nbrm.mk
zou.lu
linkhook.info
felichita.info
www.shtaxs.com
kunte.digart.pl
virdes.digart.pl
j-garage.co.jp
unconfuted.wop.ro
nobilis.com.pl
juancong.com
www.jeshotel.com
u-torrents.ro
dersnidesso.blog.pl
zytzb.cn
fachmont.pl
pyskaab.blip.pl
ewunia325.wrzuta.pl
moveinternationalz.info
rebelleerde.wop.ro
phototechniques.info
www.1cc1.info
fikturo.info
pgpchs.com
auzlink.net.au
assuredmoneysolutions.co.uk
the-400-blows-full-movie.blogspot.co.il
lixiviate.puk.ro
www.tzxz.net
ulozenka.cz
varagund.edu.pl
seowebsitetool.info
dollarchurn.info
www.ets18.net
nextmag.pl
aptea.info
dayezhan.info
bloodfestival.livedoor.biz
benzinklub.hu
stream1.info
dwergach.wop.ro
casagargiulo.it
twoo.puk.ro
reisenwe.wop.ro
supergamer.cz
heimbygda.puk.ro
www.gegegan.com
gef.asso.st
admin.ev123.com
qd.aapinche.cn
thuthuy.wop.ro
www.jqw.com
bjltly.com
undoukik.wop.ro
jikast.cz
10dai.info
austinfree.net
oviducal.puk.ro
www.88uu.us
zoldek.lap.hu
onomatol.wop.ro
hostpoint.ch
openacademy.ph
sztukasplotu.digart.pl
kozjansko.info
macrotec.info
elhora.info
www.qvod163.com
gadgeds.info
www.90dy.com
chachala.com
directory14.info
jerusalem.muni.il
amazingbadboy.a-lsawards.com
a4.7iii.info
sabukan.com
bbs.swfc.edu.cn
abzuholen.puk.ro
tipnut.com
y8.in.th
hh5.cc
caimai.cc
918bux.com
guihuaxiang.com
1025458.b2b.qx100.com
luveboat.com
www.yytvw.com
porn9.org
feminiweb.com
ben10oyun.com
mehrverdienst.info
royg.info
peopleviews.net
npxyp.net
fcwap.net
www.jhu.cn