vwsundaydrive.ca
blindden.wop.ro
wangubaoguxibaoxfy.1168.tv
municipalidadsaylla.gob.pe
mnonka.polki.pl
platinumvip.com.ve
galleria.puk.ro
promo47.fr
frame.pl
a.34ls.com
xrpjtruawe.skynetblogs.be
xxxavi.wop.ro
feue.wop.ro
ttkxgwdau.typepad.com
kentish.wop.ro
kita.net
stayfriends.de
semanticist.wop.ro
beaconreports.net
spornews.com
websr.ru
flashes.eu
excelwelt.de
hupan.net
plaquiez.wop.ro
nomix.it
palila.puk.ro
bandalargavivo3g.com.br
www.yinyueren.info
startbasen.dk
rieten.wop.ro
dev.joomla.fr
talonnag.wwwwww.wop.ro
abing.hk
trfi.210000.org
tinypic.pl
www.adrianwykrota.pl
derdomain.de
petillion.puk.ro
deviendrez.wop.ro
sztocsi.xfree.hu
ssua.210000.org
katalog-seo.info
qd.aapinche.cn
suchnase.de
bhn.net
npwy.210000.org
celerity.wop.ro
www.extreemfilmpje.nl
notepad.in
v.duba.net
lampenwebshop.nl
jydksruclm.blogtrue.com
protrept.wop.ro
hopkinsmedicine.org
wonwon.info
tvgy.nfdy.net
scottish-holiday-cottages.net
geld-im-internet.de
fntw.nfdy.net
motfores.wop.ro
www.havenaer.nl
iqci.210000.org
pinks.wop.ro
osiuri.wop.ro
verkalke.puk.ro
www.nsun.net
a-k-d.ru
virtuti.info
tkadlubo.soup.io
geoxca.info
sexclub.ru
xtxpasnh.freeblog.hu
pirika.org
shihal.ru
www.youthinfo.biz
brunel.de
ngs.org
hg919.cc
mggepduqpz.blogger.hu
vermoegende.puk.ro
sws.cz
mhs.com
sibilate.puk.ro
sv-shishkin.ru
rackmountpcchassis.7h1.info
mbuunda.puk.ro
wifi-soft.com
dachucheng.net
www.ejonok.ru
cycleurope.com
iclub.be
wesolomi.pl
urasenke.wop.ro
kroge.wop.ro
www.projektowanie-stron.sosnowiec.pl
colorofchange.org
klogs.org
doraggin.wop.ro
kaworu.blip.pl
speldatabase.be
jlrn.210000.org
follero.wop.ro
cala-millor.eu
artuto.net
gypsogra.wop.ro
neuverte.wop.ro
www.taobaoxiaohao520.ne
multidomainsearch.info
growingpower.org
wirres.net
kamtime.ru
hh33.net
pantegjeld.puk.ro
dwzrv.de
wikispam.de
polohatss.sitepedia.jp
tada-doga.com
boca.xfree.hu
stekels.puk.ro
blc.ru
aaadelhi.org
bjornh.hyves.nl
atlantic.fo
magnoliaceous.puk.ro
killroy.puk.ro
gay.waw.pl
www.magnat.de
alialiba.org
gale-online.org
do-follow.info
alphimedia.com
sommelier-wiki.org
vdgarde.nl
muse.wop.ro
www.zhghx.net
gbmteam.prv.pl
zuluk.net
tulocura.net
rheingold-achter.de
haribol.hu
salesforce.it
pwoeiu.fr.gg
agaelettronica.it
rutasjalisco.gob.mx
ibl-japan.co.jp
klod.digart.pl
tel.ru
watchiwantyouonline.blogspot.de
www.amazonka.pl
crypto-class.org
vinden.wop.ro
dabokush.wop.ro
antoinezone.net
jun3519.blog.so-net.ne.jp
leti.nfdy.net
bbbse.hu
underinddele.puk.ro
cookiejar.com.au
srtk.net
govolo.es
ptd.net
kreken.wop.ro
minivps.co.uk
adultlove.us
bechtle.de
oeversik.puk.ro
monoblepsis.wop.ro
dizzyup.co.uk
www.zhizhuanji.org
remediosantotvi.net
marea.flog.pl
yo1j.210000.org
qbdzy.net
bruispoeier.puk.ro
magrit.xfree.hu
beautytalk.com.hk
kozminovici.ro
sibsogoh.net
keirin-derby.com
www.chinarural.org
qgqczjmqb.blogger.hu
librarie.net
barcelona-spain.ru
www.pjm.pl
fabfab.net
taoistmassage.co.za
rasaneh.org
pdry.wop.ro
thedigitalstem.org
donators.wop.ro
kp.md
simpledirectory.com.ar
urlag.mn
rt-tracker.org
aanga.puk.ro
bwgnccue.freeblog.hu
www.suiyichong.cc
sup.r42.eu
skywatcher.ro
uzenethaza.mlap.hu
deck.ly
asparges.wop.ro
braggiot.wop.ro
www.jmsc.co.jp
wozuida.info
www.chmielno.pl
rencontres-idf.fr
i.cal.pl
baby.edu.vn
kunc.org
siteuri-web.ro
indifun.in
findbook.tw
jpds.210000.org
bodyenlightenment.me
zhuyu.info
mkka.hu
opensourceuniverse.org
anastasiadate.co.uk
www.ossian.hu
xinbali13.info
ruxianjiancy1.1168.tv
trendsderzukunft.de
mp3towav.info
furyu-dojo.org
inspiracao.com.br
aristobulus.wop.ro
wtgz.k3y3.net
3gcc.us
i-uranai.net
krause-systems.de
seoline.it
forgetteth.wwwwww.wop.ro
kwgu.k3y3.net
stadtwerke-bonn.de
infoacademy.net
www.humanpheromone.com.tw
rzeczny.eu
gratias.jp
checco.wop.ro
premium4.me
www.woaisheji.net
www.european-athletics.org
plessis.puk.ro
linkast.info
kanonista.eu
www.jpyddy.info
marcey.wop.ro
affiliazioni.me
mugong.cc
gankofood.co.jp
epson.com.tw
vigile.net
6889.nfdy.net
chardin.fr
successus.dk
isoftware.mtxserv.fr
bootjack.wop.ro
gme.sk
jtb.jp
p-117724.hotnews.alibaba.com.cn
numimarket.pl
imaginesubs.co.uk
brpg.nfdy.net
xijm.210000.org
qute.biz
bocarder.wop.ro
spar-tarife.de
zleceniaprojektowe.pl
www.lache.nl
office-taxi.jp
eca.ir
www.yncuc.com
rapidlinks.org
bigexpeditions.net
soku-deco.jp
offcampus4u.co.in
vorhaeute.puk.ro
woodengreenhouses.net
jinkenso.wop.ro
wt-rotator.biz
elpost.cl
bijon.puk.ro
xqfq.nfdy.net
replacegarbagedisposal.net
wmat.k3y3.net
rw.org.ua
www.100sorrisi.it
hide-ip.biz
irrestri.wop.ro
duelled.wop.ro
silvanry.wop.ro
inductiestromen.puk.ro
descambiar.wop.ro
matthies.de
pne-online.net
guad.210000.org
denniskits10.hyves.nl
anflehendem.wwwwww.wop.ro
qiqm.210000.org
owners.mercedes-benz-usa.com
nexen.net
wowcamiguin.ph
life-x.jp
erclans.ru
foau.wop.ro
lomp.qiwen5.com
tastentr.puk.ro
lapresse.it
toponlinebusinessshop.net
r44r.nfdy.net
kksebo.com
fatlossfaststart.com
presse.no
eltiempo.es
multiky.ru
multijet.wop.ro
www.22wenxinge.info
uu.5ay.info
crous-creteil.fr
playocio.net
ratatouilles.puk.ro
watchrustandboneonline.blogspot.ie
luna1905.hyves.nl
nitc.cc
kejf.nfdy.net
hassex.net
www.beeline.vn
aljofaina.geslingerd.bescribble.angefall.wwwwww.wop.ro
www.expediacoupons.info
eyantra.net
curvas.com.ve
hodun.info
source.ba
ridecable.hu
kacey.wop.ro
merasa.wop.ro
baise-anal.fr
forex2.info
herni.cz
yakutisc.wop.ro
mpagencja.pl
rerecords.wop.ro
logiclink.info
testberichte.de
pangmm.org
myfineforum.org
namao.net
fleurop.ch
quadratwurzel.wop.ro
citytalk.cc
www.stanford333.b2b.hc360.com
nabe71.xfree.hu
i11egal.info
avdela.puk.ro
www.networks.pl
mukf.nfdy.net
piusanipiubelli.it
adres24.com
haklay.wop.ro
communication.ca
www.enet.ie
nagareot.wop.ro
jeepcreeps.tv
stroak.wop.ro
tuzmester.hu
feather-supply.info
immobilier-notaire-ncis.fr
me.gr
www.viatoura.de
transparentwebsite.com
hobashir.puk.ro
overeager.puk.ro
www.zxry.4f9.org
mouillettes.puk.ro
hejiajia.com
heavenletters.org
maimw.78.cn
ludie.puk.ro
www.ztkygs.info
wettanbieter.cc
www.ku9.me
www.lzy-blog.cn
qscn.net
web-bi.net
123web.pro
softobit.ru
donationpay.org
sujian.info
anoxias.wop.ro
unpronou.puk.ro
m-x.ca
islamic-resource.org
15jk.net
taihi.wop.ro
merchandisingweb.com.ar
toral.wop.ro
alger.wop.ro
iwedding.vn
claranet.de
shituji.wop.ro
colouringbook.org
edged.wop.ro
spoliate.wop.ro
bulk1.info
3v66.c.la
s3s-perf.net
hfhg.210000.org
fgv.br
siamusic.net
espasserelle.net
young-nubiles.info
blogalinitiative.ro
osmania.ac.in
doj.me
thecheshire.co.uk
agarik.fr
purple.us
mtym.info
biwako.gr.jp
xxxmbb.puk.ro
attosoft.info
svaet.puk.ro
theshiningfullmovie.blogspot.co.nz
teatrocolon.org.ar
ttdmwbrfp.page.tl
namson.com.vn
odnokllassniki.info
buscaaqui.com.br
dsa.org.uk
mahindraxylo.co.in
arobbase.fr
566922.net
seichuus.puk.ro
abadszalokfire.hu
webdevtuts.net
4einstitute.jp
technoboard.pl
remont-akrilovyh-vann.ru
papperige.wwwwww.wop.ro
linkpopularityservice.net
ugentlig.puk.ro
cvc.com.br
daiyoshikensetsu.com
sanbatdongsanhaiphong.vn
rating.se
umwickelnd.wop.ro
kishoku.gr.jp
iroonimarket.ir
www.473132.net
lotterien.at
9692.lizhidy.net
fisiu.digart.pl
streetjoy.sk
www.eurovapers.ro
www.modele.oh.pl
www.chicagomanualofstyle.org
xixichengyuan.com
calderon.puk.ro
www.qzxw.net
vb-stutensee-weingarten.de
mclaughl.wop.ro
alorasilije.de.tl
joynd.puk.ro
legacytales.net
xp-offis.ru
acua.ti-da.net
www.crwstc.org
fres.wop.ro
sigma.nowyekran.pl
kiton.wop.ro
greenparts.ru
ns1.jiasule.net
maaike739.hyves.nl
infn.it
indexq.org
deon.goedbegin.nl
bestcycling.es
worldschool.in
www.chayeo.com
lojarenotech.com.br