biwako.gr.jp
beautytalk.com.hk
fickanzeigen.de
datcher.puk.ro
www.timexz.com
thaigold.info
wandertrophy.ch
phyllida.puk.ro
tinypic.pl
guad.210000.org
www.ku9.me
remediosantotvi.net
bjornh.hyves.nl
hh33.net
neckermann.info
iwedding.vn
cream-boyz.de
barcelona-spain.ru
katalog-seo.info
qiqm.210000.org
softobit.ru
taihi.wop.ro
pressenet.info
khole.wop.ro
tulocura.net
maaike739.hyves.nl
luna1905.hyves.nl
carl-auer.de
glaza.info
gbmteam.prv.pl
icehouse.net
polohatss.sitepedia.jp
alorasilije.de.tl
dabokush.wop.ro
kefallin.puk.ro
life-x.jp
forgetteth.wwwwww.wop.ro
mamo33.ru
remont-akrilovyh-vann.ru
gratias.jp
dwzrv.de
www.amazonka.pl
vwsundaydrive.ca
www.chmielno.pl
hosting.ca
buscaaqui.com.br
replacegarbagedisposal.net
stroak.wop.ro
affiliazioni.me
xijm.210000.org
sibilate.puk.ro
berea.edu
spindoktor.de
foodvideolog.com
www.jogositvanyok.hu
pne-online.net
www.riri666.com
pwoeiu.fr.gg
bodyenlightenment.me
mosa.gov.sa
haribol.hu
digitalburndown.com
bestcycling.es
findbook.tw
mukf.nfdy.net
fabfab.net
gamesproxy.info
folk.wop.ro
joynd.puk.ro
fotolex.com.ua
dam24.de
www.84.la
pdry.wop.ro
espasserelle.net
nitasrandomthoughts.info
opensourceuniverse.org
thefacelift.co
www.gdeep.pl
publishr.info
poczta.lublin.pl
ktyl.blip.pl
urlag.mn
emusic.md
crockerfuneralhome.com
xixidieyuan.com
skpraga.cz
www.daguan365.com
directorysupport.info
atehenmei.com
xx-teen.info
bryanuniversity.edu
infoblog.gr
simpleonlinesolutions.info
mgolc.pl
pubblitec.info
m-x.ca
hansdezwart.info
ritcat.pl
kieunu.info
socialbookmarkingfinder.info
vgsclonesa.info
b88oat.info
ilovephoto.info
bladirectory.info
directorynation.info
odnokllassniki.info
hhmj.info
travick.ne
www.xianbugou.com
kahol.blip.pl
sexfile.info
sabutsagmail.fo.ru
dakowski.pl
nguoimientay.info
adellock.info
norweskawojna.digart.pl
tp.222ii.info
nwt.cz
kvadrati.info
bookmarkingall.info
www.woyaormb.com
www.ftmpc.com
3u7.info
yahxin.dengshi.biz
rolski.wop.ro
worldwidebusinessdirectory.info
nosferat696.digart.pl
humyai70.info
maxham.info
moneymailz.info
1dentity.info
centuria.pl
marcin162.digart.pl
www.tattooschina.com
gruks.info
cenzurka.flog.pl
crossrail.co.uk
bogoubeiyongwangzhi.info
municipalidadsaylla.gob.pe
sg2.ledu.com
articlesbystorm.info
xonetv.info
frenchlines.com
qd.aapinche.cn
langsin.com
paw.blip.pl
stroiservis.info
taiikuka.puk.ro
iforums.pl
www.52lym.com
mlingua.pl
527123.com
pja.digart.pl
www.ohp.pl
sympatia.pl
dutyfreeports.com
seonetwork.pl
mortycjamcgonagall.mylog.pl
linkey1.info
www.759jz.com
www.linode.im
www.jindingnongzi.com
hyperion.pl
czernysze.xlx.pl
ipushing.com
synergian.pl
shqiplive.info
eterra.info
proggie.ug
hostingpricez.info
katalogdmoz.pl
adflybot.info
linkera.info
freepress.info
ongkyrof.freeblog.hu
safadl1.info
squatarchitekci.pl
salmon.wop.ro
www.zzlanshuodz.com
ecocarthailand.info
www.greenmobil.eu
linkszone.info
quatinhnhan.info
beautyproductreviewsandrants.info
kdefamily.pl
ourlove4ever.info
prkb.info
www.fbl.pl
bioclear.hu
sovende.puk.ro
warcraft.tw
x7777777.info
mygucciblog.info
zhizhu18.info
suluam.info
wap.ipart.cn
doball.info
sporttipps.info
miltrucosblogger.info
notatka.pinger.pl
guihuaxiang.com
as.vse.cz
tomch.blip.pl
m.uh.edu
sou.wjw.cn
agarik.fr
da.zfx.info
makeitsocial.info
newsite.by
zurker.co.nz
chelny.info
www.zhihuilc.com
connect.net.pk
tomiya.puk.ro
nyxtovioi.info
www.dg234.com
viralvideotraffic.info
kallan.prv.pl
baochi.info
alciaaa.wrzuta.pl
aldo.flog.pl
qzap.210000.org
www.ema.nl
ikkevdw.hyves.nl
looved.flog.pl
pornplay1.info
megamek.info
www.gbuybag.com
cieha.digart.pl
szoborpark.lap.hu
patricefilio.info
thanhlapdoanhnghiep.info
cheaplinkbuilding.info
gryf.info
21linktay.info
webhostingsolutionsz.info
filmx70.info
marshallsales.info
www.baimeiyuan.com
pmplogin.com
s3s-perf.net
commed.pl
socialbookmarkingbmd.info
mymanagedaccount.info
directorybe.info
intelligence.sh
ldou.nfdy.net
54545tb.com
malopolska.edu.pl
verrohte.wop.ro
energiedirect.nl
myahcccs.com
passdb.info
tifnut.wop.ro
kimipe-movie.jp
mak.flog.pl
magyarweboldalak.info
wikusia1904.pinger.pl
mujereshoy.info
houseinsuranceukz.info
69se.info
yourfiles.to
xoneweb.info
www.hsbc.pl
setia.pl
martaban.wop.ro
anesthetizer.wop.ro
prlg.info
pacmangame.info
9x9x.info
gametrade.pl
tubexsexe.info
028fsk.wanye68.com
ilawatv.pl
catchlinks.info
averagehouseholddebt.info
patoogh.info
extraitcul7.info
irm.pl
pageranky.info
7yl.info
www.danaixo.info
grassroots.labour.org.nz
verifyclick.info
www.pornowebcams.org
on-line24h.pl
servermailbr.info
blogbox.ch
6star.info
www.szc.com
motorama.it
myfreefarm.cz
kannada.wop.ro
collectionagency.info
godwars.info
digdirectory.info
twipik.com
islamic-resource.org
apostazja.info
bigdives.info
www.pornopaarden.nl
caodanai1.info
istv.pl
pertapan.info
videosexe6.info
bookmarkengines.info
srilankaactress.info
52framework.com
2zlote.info
pakos.digart.pl
freemasontube.com
www.intel.pl
urlaube.info
rebill.info
njure.puk.ro
ilovehome4ever.info
pjwstk.edu.pl
heiligere.wop.ro
socialbookmark-analyse.info
webcraze.info
cutegf.info
cheapbluraydvds.955uc.info
bahmanbroker.com
9kl.info
astridestella.info
arr.blip.pl
besplatnifilmovi.biz
pllogic.com
9me.info
www.oh3.pl
ecgorzow.pl
szarik.pl
uprawy.info
meg300.wrzuta.pl
wetterstationen.info
silberschmied.wop.ro
www.100sorrisi.it
addingsites.info
djarai.wop.ro
antonyme.wop.ro
us.xspf.org
9y2.info
dimoqrati.info
sayok.pinger.pl
allfreetemplates.info
pasangiklanlowongan.info
llb6k.info
tybjerg.info
kuzniasrebra.pl
matrix.waw.pl
7wx.info
tulipan.digart.pl
aunojuroky.pinger.pl
propertyinvestmentcalculatormygg.info
besthostingsitesz.info
homewinery.info
isobyglilg.freeblog.hu
cuidardaprofissao.org
bingames.info
dy.iirt.info
www.qp04.com
lluq.info
photostand.info
gettingpaidinstantnow.info
sachem.edu
www.ni0bajy.com
leechers.info
5lm.info
skynetmod.info
vietnamcorner.info
krhk.210000.org
agnesk.flog.pl
stopklapsom.pl
www.jk53.com
hw.ac.uk
julieet.flog.pl
fredtbiz.info
bobrob.info
lespetites.fr
whoaorno.com
iyoki.wop.ro
chinks.info
www.sl5555.com
mushahid.info
www.5jxsj.com
onlove.info
nonwinge.puk.ro
homeloanrefinancingz.info
93kk.info
motyar.info
saxe.info
livemanplay.com
rujialiansuo.01666.info
educationsystems.info
edupedia.pl
clippornhd.info
organono.puk.ro
losportables.info
magdd.digart.pl
www.incontrol.com.cn
jstz.vnet.cn
videoemailmarketingz.info
heterotelic.wop.ro
kamery-internetowe.pl
www.jh0311.com
greenvillehousing.org
ikidooru.info
2012se.info
humyai52.info
bestattractionmarketingtips.info
guangzhou.wshu.info
naturaltherapyforallx1v.info
pferdesportzeitung.de
grono.blip.pl
potpie.wop.ro
coolev.info
meetmenow.info
cegal.es
clipxxx6.info
wercu.info
bookmarkingvessel.info
meteotomar.info
www.kamvbrne.cz
instantapprovalcreditcardz.info
ocenbank.pl
waehntes.wop.ro
bluefans.pl
websitelists.info
ichzeit.info
52pjz.com
qu17777.info
tourviet.info
www.thoitrangaosomi.com
laanga.puk.ro
www.gren.it
connectseo.info
lazienkowe.info
7pl.pl
pullipowaa.pinger.pl
www.mgtv.cc
bookmarksyet.info
sidmailserver102.info
xxxav.info
lehrbuch.pl
desktop-world.info
blitz-kredit.co
mbtgeneve.info
invizibil.info
journeyman.cz
wonderkingfinale.info
firmymuzyczne.pl
studiopodrozy.pl
oneindiabookmarking.info
hhfwpqgpxe.bloguez.com
waluty.wp.pl
54zz.com
useful-information.info
statoutlook.info
pussysquirts.info
modelki.toplista.pl
90nb.info
bookmarkspot.info
artpics.info
ecolodesign.org
dungcuyte.info
bookmarkinglogics.info
www.builder.cz
ukdm.org
botokstudio.pl
bankinnovation.info
genialbookmarkingsite.info
www.weetix.fr
h1z.info
socialbookmarkshare.info
gameloo.info
hotness.se
napinane.pl
clubpenguinphp.info
tapanta.info
www.aliwaigong.com
oloz.info
myfund.pl
bookmarkcommodity.info
kyqxs.com
coji.qiwen5.com
mobilestip.info
dharmanet.org
kvartplata.info
dreamsoftprojects.info
arab4load.info
videoxxx12.info
lascancionesromanticas.info
reuse.blox.pl
www.hhh21.com
skatter.se
prhv.info
fotem.pl
banbkk.org
www.acer.pl
prgh.info
atozdirectory.info
planetquake.pl
natalka8888.wrzuta.pl
linkbuildingservicesuk.info
androidapk4u.com
chsl.webs.com
4dp.info
bbs.ejiayu.com
olka6633.flog.pl
feizhulu.info
pander.wop.ro
emailmarketingaustraliaz.info
iam18.info
kanske.wop.ro
loansettlementz.info
opsla.wop.ro
localdirectorypr.info
obituarieshelp.org
vrc.ck.ua
nianqing.info
horgolotu.linkekneked.hu
sellmytimesharefast.org
www.onccc.com
pkp.ugu.pl
plus500.pt
hgh.info
prettymm.info
paydayloansdirectlenderuu.info
www.wed.sh
socialoneplus.info
coufen.com
academyart.edu
top-online-shoppings.info
nekedvalo.hu
popo520.info
moviesnest.info
centurion.bb
mocneopony.pl
ideo.pl
bootsvonugg.info
bookmarkarticleshop.info
klineconstruction.info
www.apart.pl
clippornhq.info
containerhome.info
www.565331.com
75q.info
mediengestalter.info
mybulgaria.info
traumaticlesionsbraindek.info
kupi.ba
www.xjhg.org
chtootvetit.info
lagartoverde.com
kodcity.ru
mosync.com
artgo.info
equifree.dk
justa1234.wrzuta.pl
5658777.com
grajteraz.pl
hkbuas.edu.hk
glosywmojejglowie.pl
el-oso.net
socialbookmarkservicesseo.info
6t3.info
bjmemc.com.cn
blogsponsor.info
thequeenofextreme.info
calculadora.info
porno16.info
propr.info
webres.info
52jrsh.com
behilft.puk.ro
a-zsite.info
videodeporno.info
adi1891.digart.pl
www.takpatogh.com
loswerden.puk.ro
kittitas.puk.ro
www.anim.pl
knowledgeisinfectious.org
akshaykumar.info
desirelink.info
akibamap.info
directoryflux.info
crozin.digart.pl
sharonherald.com
canadianforextradingz.info
tubeporno.pl
mooya.digart.pl
niepelnosprawni.pl
bebservice.info
rainstrage.info
80suncity.net
law.by
62o.info
basienka71.wrzuta.pl
rosae.digart.pl
soloheaven.info
alciak.digart.pl
bestwebspaces.com
mall.oak.pl
meydane.info