gsbc.or.kr
liuliudou.com
www.0794.in
jouei.wop.ro
www.qmmpc.com
professionalusadirectory.info
katibunk.wop.ro
www.osobnosti.cz
bli0.qiwen5.com
pilpul.net
ast100.foodmate.net
disise8.diandian.com
266dy.com
www.dfxz.org
www.downza.cn
www.jl.jl.cn
degiorgi.me
aquinasandmore.com
rici.blip.pl
doktornarabote.ru
www.pixy.cz
www.fsrcw.net
adang.puk.ro
prlnks.info
thenewsbreaks.com
www.czppk.cz
1000fbfans.info
www.hzzjkc.com
wisers.net
hemp.xxx
www.htpzs.com
522sese.com
hikkabu.wop.ro
tx7.cc
vozniski-izpit.com
www.zcpk.com
cnwebgame.com
www.strv.is
rrsahm.com
www.iowa.gov
wojtekkk.pinger.pl
11haosao.com
admagazine.fr
decess.wop.ro
n1986.com
bbs.luan.cc
qvodss.org
05020.info
work.only.pl
www.godr.org
skywatcher.ro
series8-b.blogspot.com
wolfforth.puk.ro
www.dgshunjia.com
cosi.org
a-a.ir
www.zhangxunbuy.com
listeruptions.net
entermedia.mx
rygtetsiger.dk
panama-real-estate.co
personalblog.in
macfans.com.cn
discoveryanswer.com
www.xszwj.com
www.av.887e.info
www.ccjlwj.com
arhe.com.ua
delphine-desmarets.com
www.zhifuav.com
gamb.opx.pl
023seo.cn
balbriggan.info
www.abc-hoken.co.jp
holidaypark.de
zmarsa.pl
www.lbz.ru
trovaip.it
practisis.com
yesvpn.info
www.52761.cn
lihongcn.com
sz.bwxx.net
mazatlaninteractivo.com.mx
gg.444kx.com
umaryland.edu
worldfarmingforum.com
financeindonesia.org
dangag.dk
www.kelmer.pl
aspireone.it
creadev.info
ac-poitiers.fr
0797l.com
funnypandu.deviantart.com
www.anccnet.com
eduskrypt.pl
www.zsyzsy.com
purrar.wop.ro
outbustl.wop.ro
dmhj.nfdy.net
mbtmedia.pl
clydeeeraq.blog.com
consuladodamoda.com.br
8cy.tv
shlmkfp.com
www.ppp42.co
a1dir.info
sublr.com
gydnwx.cn
happy-bookmarks.de
bomex.ca
www.bbga.cz
www.cflx.net
listing.free.fr
www.rewen8.com
hc.am
www.iqilu.cc
ismole.com
mucoid.wop.ro
www.qsw11.com
9646197746.diandian.com
cinemacity.bg
ocbcnisp.com
shsd.kz
www.g2000nz.com
abowow.com
perca.digart.pl
gesteckt.puk.ro
www.znpc.cn
afxfs.com
www.shi98.com
d11d.265link.com
v590.nfdy.net
truskawa111.digart.pl
rapmusicguide.com
tehnoman.ru
psychologygraduatedegreeprogramsz.info
artsorti.ru
casisto.com
mianmo51.net
www.stjs.com.cn
danbraun.com
ien.pl
vistaku.net
taylor-madeak.org
algoritz.com
astronomi.com
angolnyelv.tlap.hu
www.9dgg.net
www.sinofortune.mobi
ime.voicecloud.cn
81cao.com
bofeng.me
destassimo.puk.ro
coolermaster.it
droh.puk.ro
trugame.ru
vinicius.ro
521mp3.com
sachinindia.com
stope.puk.ro
perfumesencasa.com
alpresor.com
topzrz.com
kaynarca.info
teatrovalleoccupato.it
quanjian120.com
enkaustika.cz
thesurpriser.com
gjilanhost.com
www.52cool.com
bighourly.net.tc
directorymaster.info
hrcoll.hyves.nl
dhcc.com.cn
uetake.wop.ro
contradapolveriera.it
chanhourenshenwen.soukeba.net
www.aqtv.cn
antiugonauto.ru
businessbankingaccountz.info
garunaga.com
www.gsysqb.com
190120.com
astridkapsalon.nl
8u.bionterca.orge.pl
1.lapianyi.sinaapp.com
chelsea.co
hotelcoms.jp
expose.me
websquash.org
mhtk.game2.cn
skol-music.de
www.yiming888.com
www.dstm888.com
www.8586.so
kipa.com.tr
appsforgood.org
onlyrmb.com
eibach.jp
3529888.com
bresjen.puk.ro
estoresms.com
kifle.wop.ro
sparkasse-hochrhein.de
igctech.webs.com
getmorph.org
66ririse.com
www.fenhon.com
dankei.puk.ro
www.happybb.net
fudiculous.com
www.netprostor.cz
forumvakantieparticipatie.be
baichengshi.m69.info
statsseo.com
habous.gov.ma
lojadoprazer.com.br
experten-tricks.de
www.imwarm.com
mx5mania.com
lexiu.org
yaroslavl.mk.ru
veenea.pinger.pl
www.447x.com
netneko.jp
www.fensehui.net
lagzi.info
wolloko.com.br
local-mover.info
www.668txt.com
noithatoto.org
sudantribune.net
algadwa.com
infohelp.org
yorkcookeryschoolz.info
www.mnsdh1.com
fregat.info
bestemailservicez.info
annuaire1deplus.com
haskovo.info
jumbotests.com
jzbaba.com
tacomaroofinggutters.com
hbyee.org.cn
adexchangeworld.com
zoebl.de
a.gree.jp
coatingsquare.com
www.isse.tk
asiansteenfree.com
adwheel.pl
netarteria.info
shipinrunhua.wanye68.com
gerti.wop.ro
dmpros.com
www.zygjg.com
gabriella-falci.com
qqq-qqq.cn
www.seoer7.com
palermoo.it
entoldar.wop.ro
kirimkan.info
widietz.com
ruskcarrick.tigblog.org
www.lelv001.com
tylus.wop.ro
skybluemallorca.com
emailjokez.com
derangedrecords.com
freaktorrents.info
61ef.cn
selmanc.info
porngall.net
www.pcbgjj.com
www.51blj.com
999ib.com
cc-tinho.gicp.net
cospi.ru
0yjl.qiwen5.com
masterworld.org
citynov.ru
www.abfs88.com
www.dgi.ga
ocelpepos.blog.pl
eurosporttuning.ca
www.nvren.cc
hubshop.info
artinet.ru
cdoa.ca
szkelixun.cn
www.dailypress2.com
rpg.fad3.net
capturenx.com
xknz.78.cn
mytitbits.com
susanrhealy.net
ccpc.edu.cn
2click.pl
03619.com
www.adakkt.hu
www.txtxz.com
marypoppins.digart.pl
dootall.com
icar.by
bardon.edu.pl
teddy-schattig.hyves.nl
agendadelacomunicacion.es
rtys.us
all.by
ergonet.com.ar
izmir.gen.tr
aswiftkick.mu.nu
alldatadiy.com
trouwgel.wop.ro
enlive.pl
ylztpsz.tk
chanel.nzw.cn
ajandekozz.hu
57dns.com
hj8.cc
www.newpolicyinstitute.org
67xo.com
linkajanlo.info
arredashop.it
lww888.com
ycyw.210000.org
clickbankcash.info
aimnet.ne.jp
sarsan.biz
51huizhen.com
managed-ppc.co.uk
shinagawa.keizai.biz
1annuaire.com
bc500w.com
garu.digart.pl
kingston-college.ac.uk
jc.0316.cc
spbkoreana.ru
loveloveplz.deviantart.com
flomme.wop.ro
8s8s.info
ipo.pickup.jp
r40.waw.pl
www.runa.pl
dwergach.wop.ro
martyncia22.pinger.pl
gnzlw.com
www.5han.cc
energybase.org.uk
ads.genericlink.com
gzzaqj.cn.alibaba.com
58k.2044.cn
imyxiao.com
sakima-kiwidinok.nl
www.lee365.info
gd-kkeye.com
dyn.hu
thegioibanle.vn
jobcircle.nl
artkids.info
causeries-numeriques.fr
firesafeecigarettes.com
fat-tgp.com
fyygame.com
mahtanews.com
bbs.66zhou.com
archesite.ir
4sonline.org
islam-book.info
driverok.net
herzegovina.wop.ro
0533jjc.info
mwpk.nfdy.net
herocraft.com
vip.1168.tv
getsholidays.pl
www.cjf.cz
www.geo365.no
baidu.wangzhuan808.com
71.ru
banwh.com
putler.com
roidv.com
playcenter.com.br
krilia-lubvi.ucoz.ru
lmru.qiwen5.com
77.gerconsnr.orge.pl
3ndme.digart.pl
danpacplus.hk
www.rongyao2011.com
atarah.wop.ro
www.sssk.ch
4einstitute.jp
dda.org.in
juxtapost.com
gopuggie.com
r.olkis.pl
headhunt.goodjobs.cn
bcz49.com
www.exiaobu.com
bruclass.info
inmoment.ru
sexwo.info
yhbbs.info
jordandesajonia.edu.co
www.blogiq.ro
aprohirdetes.biz
yorkshireterrierpuppy.co.uk
swsm.blip.pl
hosu-gogo.jp
easyfiles.pl
cloudno.de
doseanimal.com.br
www.beatsbydrebillige.com
danielperry.com
asia-tube.com
ahwi.nfdy.net
bhairlines.ba
www.dobrotynova.cz
79abc.com
6043634176.phone.searchwww.com
ct-park.ge
wmhkzscuj.skynetblogs.be
mojekolo.cz
candiganjuran.com
techtree.com
bbs.php.la
beurtelingse.puk.ro
c.shifugao-av.info
www.sonpohogo.or.jp
wakefield.gov.uk
imantraa.com
shandhan.com
kai-teki.info
guihuaxiang.com
cablematic.com
www.c8m.net
jerseyironpitbull.com
umulig.wop.ro
www.1314cf.tk
intelligence.cn
down.yes58.net
centurion.bb
wolfgnards.com
anneperfumes.com.br
vpsinn.pl
officelinkmarketing.co.za
tumazu.wop.ro
uselessgenius.tumblr.com
nonfamil.wop.ro
igeta.wop.ro
automobile-catalog.com
www.wx139.com
indignate.co
gurugazette.com
seo-tools.jp
cggb.qiwen5.com
www.zgprxf.com
deco.mi4.jp
www.bigsem.de
3660.info
yadou.digart.pl
macstoreonline.com.mx
grave.wop.ro
anhui.m69.info
c-sqr.net
tanta2day.com
dveri.bg
hfww.qiwen5.com
www.esnulg.com
3721se.com
dfnkyy.com
hbcsgw.com
fanweiya.cn
hotelcritic.org
themeyers.us
7bo.info
bacterialendocarditis.net
anteas.pinger.pl
kostym.wop.ro
www.osw.lt
hodotoo.wop.ro
uaeevent.ae
triponline.hu
oluu9.digart.pl
www.dghsjc.com
08nm.com
xannunci.net
etservice.info
qiyo.cc
parfuemf.wop.ro
ha0y.265link.com
telsales.org
bdsmartpictures.com
gangshi.biz
mrsmart-neo.tv
www.189.mx
descambiar.wop.ro
videocul69.info
topic.kdsj.sx.cn
jangolak.ir
domainhome.net
59bj.com
wippies.com
hfxyjx.com
traitement.puk.ro
naszywki.com.pl
haisan.org
botmaster.pl
www.aidang.tk
cq.chinahrt.com
cc.wapyc.net
tiavehol.bloguez.com
striepersgatsehofkapel.nl
7vvbb.com
liny.info
www.orientalpartners.co.jp
m.yyynn.net
ekzotika.com
coudal.com
wirt7.ru
53bt.info
gaoqingtupian.info
dabden.wop.ro
www.eloam.cn
kanqiu.cc
stellarassault.fsmods.net
www.jixianglife.com
ky.bizdirlib.com
www.67893.com
qixiu001.com
notlage.wop.ro
geaz.tk
www.cnv168.com
titleist.com
www.platinumfashion.hu
gotoday.com.cn
traveletour.com
www.lei-ju.com
myworldlistings.com
gaz21.ru
photofc.com
6zz.cc
19ja.com
www.huarencao.info
bookmarkone.info
pully.puk.ro
fanpicture.ru
xeenit.com
clipxxx69.info
www.jungyonghwa.cn
allwomen.jp
hzqc.cc
ecoturchaco.com.ar
mailto.no
tweetbe.at
szhuiyuanfeng.com
www.kadinresimleri.net
jagoanstore.com
magentowiki.be
allmealreplacementshakes.com
www.shww88.com
okaeri-ch.com
macizletir.com
fox-id.org
noobenews.com
0urn.56dvd.net
krafer.hu
esbd.nfdy.net
fetishcod.com
www.tianjiaji.biz
www.jzxuc.com
caominghuilawyer.66law.cn
uninorte.edu.py
bidxi.com
awikiwik.puk.ro
sharepointsaturday.org
tmu.ac.jp
www.yizhij.com
alexmansfield.com
aquaboards.com
wwww.qq1069.com
1net2.com
4kbbs.com
kampie.info
barbados.se
smpn7bgr.com
csswizardry.com
mindful.org
news.liao1.com
bunkry-tof.xlx.pl
yourmiddleeast.com
kazino.cc
freelancejobs.org
dbestlists.com
bdc.com.eg
fppro.blip.pl
fatalnes.wop.ro
esprit.fr
es.0792.cc
www.virtualgep.hu
hhttv.com
rzepazpazdzierzem.natemat.pl
southampton.ac.uk
movnat.com
mai-sen.com
ldou.nfdy.net
cnipr.com
megashare.vn
www.258www.com
sqpx.91huayi.com
fabricdepot.com
katuo.wop.ro
cortis.cz
wq315.com
san-stars.ru
blogg.weft.se
4988tm.com
www.szepagynemu.hu
www.wireli.cz
www.cpipee.com.cn
www.ozyandmillie.org
6xaway.com
ess-hp.taobao.com
www.shugou.cn
eat.e0580.cn
bfj8.qiwen5.com
vfrtrhjde.freeblog.hu
p-store.us
levq.nfdy.net
1958.cc
ujbal.com
www.chip.ro
mzfy.mzlaw.org
lerstad.com
werdich.com
crystaldew.info
tw.qiss.mobi
girlyandcurly.blogspot.com
www.sexgs.net
www.smsheji.com
www.nkyy666.com
adminso.com