global-relations.de
www.248s.com
79dni.pl
www.99bsw.com
gzsyddqkgc.wenju.biz
hotelrentals.info
verfuehrung.info
mi.99btgc.com
thegoodones.eu
www.yxb9999.com
www.jb-honshi.co.jp
lopotophuthai.com
b-uchet.ru
hkwdh.com
spaceninja.com
download-whiz-khalifa-ringtones.blogspot.ca
usach.cl
izuru.wop.ro
zh.yzz.cn
www.dreamcup.ro
qingchuntuan.com
videosexe9.info
gjmk.ir
weblinksdir.org
mayuyuma.com
webinpixels.com
www.zjgyide.com
hipby.com
dlasklepow.pl
firstclasswatches.co.uk
strip-baden-wuerttemberg.de
nmhh.hu
www.xwtanbao.com
jzxs.nfdy.net
www.av578.net
www.8-stone.cn
www.mycoolboy.com
squarespace.com
www.lotosquazar.eu
shop-n1.ru
ispaconference.com
135tx.com
watchtower.org.pl
shoppingnews.pl
dweebden.org
www.xtrb.cn
dokarmianie.blip.pl
www.7kan.tv
finnicki.puk.ro
www.tsfm.cz
freelists.org
broadens.puk.ro
calumetseminars.co.uk
rabattie.wop.ro
tiffanyandmoreco.info
monova.be
shu1000.com
optimisation.asia
bjmzj.gov.cn
gentayangan.info
wiara.wm.pl
www.babaw.com
www.aihaizi.net
classora.com
wap.tianyou.cc
lamp.linux.gov.cn
nartorolki.pl
kuoni.fr
www.114wzdh.com.cn
sundaystandard.info
swisspark.com.br
autoflesz.pl
prachatai3.info
ramada.com
knits.wop.ro
nazotoki.com
www.vis100.com
wohuayuanyi.net
hcgamer.pl
8003888.com
ipodspeakerreviews.com
www.cxclub.cz
mp3gan.com
water-storage-tank.com
apc.org
www.bglzz.cn
toyota.lap.hu
www.jcow.net
articlesurge.com
khacgiacong.com
sophiab.de
www.cotojest.info
zfdt.qiwen5.com
www.020banjia.net
www.wx8e.com
menhealthadvisor.com
phpkurs.pl
7-eleven.com.ph
lajfisbrutal.soup.io
hostingtags.info
www.pojistenipsa.cz
wohlangebracht.wop.ro
33666.com.cn
www.lvbanwang.net
medlintc.com
tmny.nfdy.net
christmaslightscompetition.com
www.bxboao.cn
zebedeecreations.com
zhibo8.cc
www.yabosion.com
bathroomstalls.biz
mypearl.cc
freearticlesubmission.org
www.usfcr.cz
gdn63.com
www.apkjs.com
vifilfell.is
konstantinovo.com
tze33-9bb8.tumblr.com
www.52sdh.info
gfj.erogry.pl
eyecity.com.cn
syndebuk.wop.ro
www.zz66.org
www.qx18.com
abbo-shop.ch
bijon.puk.ro
www.udancecn.com
inducks.org
1hc.cc
gevuldheid.wop.ro
facethebass.com
www.sddnmy.com
luckydogthreads.com
www.shandongsuji.com
win.21cbh.co
gleichlautenden.puk.ro
gearmac.tumblr.com
www.llsj158.cn
zhajinhua.316.com
nieperfeekcyjna.pinger.pl
sslwebapps.net
www.kmyzl.cn
ronaldwobbes.hyves.nl
www.cmias.cz
rico86.wrzuta.pl
www.jcnews.com.cn
www.xuanniankm.com
kabulbank.af
vano.vn
addshare.net
lxsdy.com
microoven.info
ifavorites.info
kclick.info
zoobomb.net
downloadplrforfree.com
zpshop.nl
gumpmall.com
whyislam.org
newsismybusiness.com
www.mbabuy.com
artwales.biz
thetexasjobsource.com
frauenverstehen.ch
sil.soup.io
ria-brassie.hyves.nl
sportcomp.ru
emailhostingservicesz.info
safetyfactory.com
tygertalk.com
musiclibre.org
pure-hoodia-acai98.webs.com
paieyffuza.blog.mongenie.com
sinopecgroup.com
netserwer.pl
zhonghuan.sh.cn
adlucent.com
www.geze.cz
rococost.wop.ro
www.xxx227.com
www.charity.gov.cn
cityindex.ru
www.cnshu.cn
uchita.puk.ro
une.edu.ve
sonicxpressmail.com
rnr.mu
lim.by
zarbees.com
wynikilotto.com.pl
www.wsxz.cn
groparu.ro
zfuw.nfdy.net
zadajpytanie.pl
www.guiqiaomen.com
www.fmusic.net.cn
technewscast.org
best-home-rate-refinance.com
gqs.blip.pl
gameguard.co.kr
freebert.com
daily-articles-online.com
wordpressy.pl
www.43qq.cn
marekbilinski.pl
www.756321.com
placeforbloggers.com
analisisdetrabajo.info
polski-nfd.xaa.pl
msjbzbqi.blogage.de
www.brazilbiz.com.br
www.gdniuli.com
nenemu.blog.so-net.ne.jp
www.jmhc56.com
upget.wop.ro
ecdoweb.com
ecokatalog.pl
socialbookmarkingspiders.info
www.cccfanli.com
www.xyc.cz
be-yu.com
acemasters.org
jp-soft.com
yc1.mobi
bphope.com
socialbrite.org
pondaven.com
xeig.nfdy.net
bogiatto.it
evanced.info
mastudentnurses.org
chuuha.wop.ro
retrosheet.org
sexclub.ru
pressportalonline.com
aersia.net
89.pl
lidl.hr
myshinycars.com
thyj.yzz.cn
allonym.puk.ro
www.3158seo.com
53e.info
frotel.com
myjizztube-d84.diandian.com
noordbrabant.vakantieparken.a1boulevard.nl
missionmoldova.org
www.ltc58r.uqc.cn
eurocamps.info
skifer.wop.ro
golden-circle.biz
7-zip.org
www.jackbud.pl
fk.wgdnf.info
xfq94.wh.gd
assicurazioni-auto.quattroruote.it
www.abhr.cn
www.avavxo.com
admin.pro
flashframer.com
maxpan.pl
www.yiren33.com
amt.in
osvarke.info
deadmau5.tumblr.com
www.smrl.cn
bartoverbeek.com
aosmith-rsq.com
chawz.cn
www.autoreport.cn
dumblink.info
cosmociudadano.mx
www.dili888.com
myhomehealthandgarden.info
sizuko.wop.ro
waphtw.com
ipopculture.info
alfred.edu
team-empire.tv
crazyegg.com
freearticles101.info
www.hnbxg.b2b.cn
romeo-must.com
flash.downpk.com
pond-spacenight.de
brpg.nfdy.net
mocneopony.pl
35hl.qiwen5.com
susbusonewsn.insanejournal.com
uppic.org
fabfab.net
ydvkxzbqds.freeblog.hu
www.onfiction.ca
mirtestoff.ru
hxnzjm.78.cn
www.55143.cn
meublesatlas.com
freakinthecage.de
nokiafree.org
www.cpb.pl
nok.co.jp
wap888999.net
zuraka.wop.ro
www.shuake888.cn
bitefight.pl
visada.lt
goodman-usa.cn
sh-goeasy.com
www.nta.go.jp
www.seller.fr
tweepie.jp
torqin.com
www.ynzz.net
improveyoursenseofhumor.com
www.meileg.com
rankingalexa.com
financeworld-daily.net
az.nl
himin.tv
mingleville.com
1138721.i.tiexue.net
www.byhd.com.cn
xxxxl.info
logo-n-stitch.org.uk
www.egatta.cz
jornalindaiatuba.com.br
gondtalansag.hu
inprobmisto.blogger.hu
prymus-agd.pl
thorin.pl
www.taob-web.com
triadadom.pl
www.jy8858.com
www.strc.com.cn
peakpotentials.com
www.hywsdj.com
jk.jxcn.cn
spanglefish.com
kanomi-chan.deviantart.com
cacuocbongda.info
helvetica-t.ru
theory.workercn.cn
practis.wop.ro
tvtv.fr
www.huiquankd.com
pets.3links.org
mixi.io
efficom.fr
slubice24.pl
www.sdzhmy.com
www.mzcr.cz
pliendesign.de
0z.se
service-webmaster.fr
www.zyue.com
pregonando.info
xxxati.wop.ro
zakuroya.com
animationarchive.org
arbeidsinspectie.net
shiki.in
www.fzkb.cn
hercegovina.info
m1.dk
knopp.puk.ro
nextlinemedia.com
rencai.cseac.com
fluid-controls.cn
www.xxx200.com
webdesignplay.com
www.pb-a.info
slwek93.wrzuta.pl
schengendangle.jogspace.net
xarchevnya.ru
7k7k7.com.cn
7910.org
www.qjsf.info
www.cma.cz
pennystockwizard.com
t.games.sina.com.cn
uogra.com
lqzk.nfdy.net
curama.jp
cntd.ru
netbulge.com
www.idick.cn
gary.hu
worterbuch-deutsch.com
jx.upla.cn
unoter.puk.ro
jimmyjamesjj.a-mycams.com
xantiva.de
20bux.net
1directory1.info
arthousecoop.com
starekurowo.com.pl
2teachingmommies.com
zdy.cc
vielbesucher.de
www.qgtpx.cn
filimadami.com
www.vitamins.cz
www.ff35.com
par30ian.com
sudanradio.info
spacefoot.com
www.bu.edu
zuicixi.com
wettfahr.wop.ro
voguestation.com.hk
plusxplus.co.uk
institutocap.org.ar
xetzbc.78.cn
nanopress.it
xqmt.210000.org
valsabor.com
www.zzchina.cn
timmi.puk.ro
lustra.com.br
www.tsv-schwalenberg.de.ki
maryam-amirhosein.blogfa.com
www.vidok.cz
78cw.cn
tns-infratest.com
pbwyflrlcl.blogger.hu
cumbang.com
aresdirectoryresource.com
cerber.bydgoszcz.pl
www.lswb.de
webvigo.com
torrentcafe.com
www.haiyangchen.com
vemma.com
www.3jkk.com
cesa.edu.co
tirunidea.com
martyniarzek.digart.pl
toesalad.com
shop68373113.taobao.com
www.999814.com
ereflect.com
rpme.com.br
s5830.pl
5htp.me
doma.bg
al-jazirah.com.sa
www.hnfzb.gov.cn
www.tourmaps.cz
classic-motorcycle.org
shqawah.com
unicochicago.com
rodacomi.info
konto.blog.pl
aroes.org
www.11121.com.cn
www.jinsujx.com
territoriodd.com
zinkbakk.puk.ro
touhangbbs.cn
humyai86.info
www.yhydh.com
electroniccharts.info
suachuamayphatdien.info
fera.blip.pl
vf-entertainment.com
weccds.wangzhuan666.com
www.equus.hu
xxxmgi.wop.ro
baijiale08.com
mybbstore.com
thinksaas.cn
sabrpedia.org
curvescomplete.com
kaban-love.com
www.macachina.com
uplandish.wop.ro
www.nonsteam.cz
new.com
uastf11.ac.ir
ikamart.com
1gil.k3y3.net
www.ihj1.4f9.org
seoforum.cz
planepictures.net
www.16kxs.com.cn
wapxdw.net
sbarcast.puk.ro
pearsonlongman.com.sg
bt.gxbs.net
ourtransitfuture.com
www.lishi99.com
kukawski.pl
www.vipll88.tk
calley.wop.ro
www.mmyy1.us
www.klmyfy.com
monicastube.com
mintannie.pinger.pl
chotot.info
www.jiyin88.com
www.megahost.vn
www.msoc.cz
barbitos.puk.ro
beate-uhse.tv
iyuki.info
www.zhengniu.cn
hurman.wop.ro
mila96.blip.pl
sankeys.info
www.mainlead.net
hockeycentric.com
membraneous.jusin.switchkeeper.wwwwww.wop.ro
colloquy.info
dku.blip.pl
makelaarsmiddelburg.goedbegin.nl
www.6gfm.com
rozklady.com.pl
coffee-makers-review.com
e-scort.net
gsmchinois.com
www.cheap-celinebagssale.com
yogeshv.info
jingcaishijie.1168.tv
99taobaoke.com
classroom20.com
38searchengines.com
tj.yxlady.com
wildtaeler-waldhexen.de
tunes.hu
rimontgo.es
www.albeka.nl
plummeti.puk.ro
lago.flog.pl
semsentiddo.blogspot.com
51seba.info
klxzz.com
stalkerfx.ru
pizdaa.pinger.pl
grandump.puk.ro
denzuko.net
www.dgshiyu.com
troyanosyvirus.com.ar
ielastic.info
faxmyway.com
daaata.com
lasky.wop.ro
focushaber.com
www.xtewx.info
www.dong456.com
xlazy69.info
jkb.cc
yinmeimei.info
jqueryboilerplate.com
shop58848536.taobao.com
forhirejobs.com