kaskey.wop.ro
www.uuse123.com
addictedtovinyl.com
northwestonline.org
www.vaovan.fr
hylle.puk.ro
www.kxsk.net
tazla.flog.pl
musicnmovies.info
www.xu5858.com
www.caryinxiang.cn
nikkihahn.com
allbrook.com
www.gztenfei.com
www.zgblh.com
axonsystem.edu.pl
www.x92x.com
html-hp.jp
www.haitaowang.net
www.yokv.com
www.0577dy.comwww.txtbook.cn
vooplayer.com
itsmeyourdani.se
submitfreelistings.com
mamantravaille.fr
www.kreativtorta.hu
webapprater.com
www.211vv.com
popfashionstore.net
webconomy.com
animeron.info
www.ikanoo.com
yh5.cc
china0101.com
nbyhdq7190cc.7190.cc
jtob.com
www.bbkw.net
homo.camz.nl
tozere.puk.ro
mt.pl
mockup.wop.ro
astroadictos.com
www.84420.com
zgzzj168.com
www.bojin8888.com
babycenter.in
jugalbandi.info
aspbs.com
motorowy.pl
ewitryna.pl
nvbao1.5d6d.com
magicrentals.com
hypo.cc
verwerin.puk.ro
vingerringen.wop.ro
spirica.jp
unico-invest.org
717.com
carreiradeti.com.br
sweetsherree.com
studiovision.tv
plasm.wop.ro
debtconsolidationcompanies.pro
mbflower.com
tianlinhs.com
119la.cc
pryda.wop.ro
monoxyle.com
coiffured.wop.ro
trebamito.rs
time-clock.biz
www.wm616.cn
d7vg.com
www.itbenet.net
www.ptwk.pl
sperrgut.puk.ro
monstermania.net
evimax.hu
harderbloggerfaster.com
www.mile.cz
tzlnujbqfx.blogtrue.com
automobile-catalog.com
pilica.net.pl
test.msk.ru
miyaki.wop.ro
cricketgames.me.uk
travian.hk
uns.edu.ar
www.01667.com
clicksotrk.com
hentaitoplist.org
postemobile.it
nationalcenter.org
fpsjk.net
www.sony.sk
sitinuovi.it
cng1.blip.pl
whymyfatherran.webs.com
tupot.prv.pl
guihuaxiang.com
noblemarkets.pl
www.zegge.nl
bbs.jjxj.org
www.bd23.com
kksebo.com
52zikao.com
allevamentosparacia.com
nalc.org
www.rc0373.com
www.t55.cc
pliggcms.info
shoptet.cz
siecsplot.pl
travel.gnavi.co.jp
www.700852.com
konan-u.ac.jp
www.asyz.gz.cn
www.559gpp.com
jingulianj.1168.tv
baidu.55.la
ajada.wop.ro
www.windowslive.com
tamu.edu
www.ura-akiba.jp
www.123hi.cn
etatposten.puk.ro
www.cxz.gov.cn
san09.ru
xfilm.com.cn
webhoster.ag
postronienatury.pl
mengbashawanggou.diandian.com
www.simm.80.hk
google.co.bw
dtzdh.com
greenparts.ru
pipippfilm.com
www.qqpen.com
jingpinnanmu.com
camergroupusa.com
westminster-mo.edu
blogbookmark.com
alzi.nfdy.net
rugphotelsick.blogtrue.com
sjefer.wop.ro
www.nvxie.info
zhangzhou.66law.cn
jkclub.info
zoyka.blip.pl
www.yijidaohang.net
bbs.ecjtu.edu.cn
wjjlgb.com
tendevan.puk.ro
eu-go.gov.pl
elcogbe.bloguez.com
www.sdaksoft.com
huislijn.nl
atbellvei.com
www.aler.cn
49wz.net
ecard.com
shop.warau.jp
goanholidays.info
slidester.com
ranxie.com
rhxtz.78.cn
www.mapykiwi.cz
aznv.tv
taobaoc.om
fee1100.com
centruldepresa.ro
bike.se
www.xyssafety.gov.cn
atster.com
adiscountbeauty.com
www.erfuhr.de
zg.58.com
worldsexarchives.com
todayhub.com
www.sexualdesign.com
fmu.ir
www.nfnf11.com
www.printer-spb.ru
linkdirectorypro.com
szhuiyuanfeng.com
malaprensa.com
blueboomerang.com
simpleseostats.com
82255555.com
superbowl-commercials.co
shouji.kuwo.cn
logxxxx.info
creatlive.eu
chinaviai.com
pata-schanze.blog.so-net.ne.jp
tadao-factory.com
christianross.net
www.znovin.cz
tokyo-chintai-jijo.com
tengrinews.kz
www.8999.hk
juliaross.blogdetik.com
ln.dbqc.cn
caoliushequ033.pen.io
adlogiconline.com
localslobby.com
blogs.top.org
yckeji.net
destinationinfinity.org
99banzou.com
big.iform.pl
metrogas.cl
newconnect.info
slackware.pl
frasesnuevas.info
atlantaeng.com
kport.info
claytowne.com
secretcrushdate.com
money-vsem.com
asiagalleriaonline.com
nastek.pl
sprodev.com
yangsak.go.th
virtualbuilders.net
news.liao1.com
www.fenbaihe.com
cabodesignstudio.com
www.4namebrand.com
www.dtpobchod.cz
wucherte.wop.ro
xh520.tk
moviezddl.com
blog.xyn.me
www.szjcwx.com
undergraduatedegreebaz.info
www.fosongci.cn
www.shudongbo.com
hcm34.com
i.333456.info
articlesguru.com
fishing-show.com
www.joowii.com
premiumecigarette.com
ga-teamzero.com
rpgmakervxace.net
seo-quest.de
emsee.pinger.pl
www.anlei.me
urbancity.pl
ke-jamon.bloog.pl
www.tsv-schwalenberg.de.ki
sinema.sg
venus-med.ru
advanceyed.com
in-biz.ru
jurabilis.de
freeezinebookmarking.info
om.org
www.globook.pl
www.gala.cz
phpbb.com
yourmathguru.com
solucionesviainternet.com
savdink.com
ntower.de
technobee.in
userlan.ru
aartssch.puk.ro
ideapaint.com
www.scbbo.com
dtpcraft.info
www.czjyhb.com
lpmxqjemjj.blogger.hu
free-backup.info
ys.222ii.info
www.3392.cc
www.zyt731.cn
tivi.pl
www.linfen.yuewo.com
www.dearkay.com
www.lucy.cz
appendto.com
www.uk-mobile-pages.co.uk
eldre.puk.ro
www.yuhansports.com
link.zzadmin.com
lpdragon.cn.alibaba.com
7vvbb.com
ariot.wop.ro
e-youtube.seesaa.net
www.steelboots.cz
www.disque.de
all.kharkov.ua
www.cio5.com
www.cenwoy.com
7zeed.net
www.37sao.com
buchgourmet.com
513cg.com
www.eloam.cn
longboardism.com
g2000-china.com
piusanipiubelli.it
www.kr888.com
emring.blogspot.se
www.joyoy.org
www.cf163.com
www.rentittt.com
subgit.wop.ro
jiaodidi.1168.tv
www.chuxing.jnn.cn
ddhssc.com
www.softwaredownloads.org
oteu.net
haikou.2882.in
vatan20.com
www.snowstars.gportal.hu
www.shmtyy.com
www.wesela.jastimpex.pl
www.baratok.hu
wap.62141.com
www.aisejie.com
vseo.pl
www.sexgs.net
twcnoordlimburg.nl
www.22eeecom.info
www.isso.cz
hahabei.com
rahaamainoksilla.blogspot.com
www.thybz.com
koelngrund.de
www.meinanshan.com
www.travor.cn
michelleadams.info
starfallgamer.com
wanbuzu.taobao.com
stevenvancauteren.be
inspiracao.com.br
wdchelsinki2012.fi
www.sncleaner.com
cashadvances4u.info
rollingbay.puk.ro
salesaccount.com
erexton.com
jeux-gratuits.fr
www.6lu.cn
friendlinked.com
uffc-campaigncentral.net
rlpsuts.gdj.co.cc
mame.cc
www.yqgtzy.gov.cn
simswiki.info
routinize.puk.ro
henhenshe-722a104.tumblr.com
sesexxx.info
lamedwaw.org
abonwa.puk.ro
alittihad.co.ae
dojindd.com
reverseinternet.com
clemson.wop.ro
blazoom.com
www.94xx.com
cxwx365.com
amcocoatings.com
voicetrading.com
esmf.pt
www.dgxinshi.cn
juriguide.net
sexocomcafe.com.br
bizmax.in
toctoc.it
www.tb-by.com
fanatiker.puk.ro
xue.com
sz.120job.cn
rtp.pt
wotflight.com
svt.se
www.moguzhai.com
pekan.de
unglaube.wop.ro
www.gameogre.com
sintou.wop.ro
aeecenter.org
lady.56.com
r-ticle.co.il
www.qingai.cn
socola.vn
shanxi.qyi168.com
eu-football.info
mytns.com
tools4software.com
batanga.com
www.lvliangxinwen.info
imgh.us
xxltv.fr
hci.org.pl
on-mac-os.com
mywebsiteranking.com
bleach-mx.net
ctalk.forumcongo.com
tv.bendiren.cn
gnmrally.com
lago.flog.pl
miril.at.webry.info
km.86office.com
osu.ppy.sh
www.xpt.no
u3.pl
miljonlotteriet.se
dafeng.ycrcw.js.cn
4wdl.info
www.animalsexdb.nl
ndil.nfdy.net
pornobank.pl
www.zzchina.cn
inked-nation.info
chezt.gznet.com
www.70tao.kilu.de
mo-ragz.com
hbk-concept.de
uhren4you.de
www.htty-design.com
paczto.pl
hhstyle.pl
577gc.info
themeswiki.org
sap.krakow.pl
www.pxrc.com.cn
www.ff35.com
tiske.puk.ro
www.ipbattery.com
515421.com
ebikeee.com
helpharriet.org
neutrogena-coupons.co
machiawase.net
www.tz15.com
smorzass.wop.ro
isesco.org.ma
www.laoposao.com
www.pvp.hk
hostingpricesz.info
www.engpapers.com
clalitblogs.co.il
vmgames.com
bbb.dounixiao.org
purem.digart.pl
www.texpol.info.pl
cjinc.info
ksa-mall.net
iglesia.net
www.etl.pl
conjunctional.wop.ro
xmrcw.cc
ungerfab.com
weibo.com
tradedoubler-de.de
overhaulinforums.com
robincalis.hyves.nl
gabionok.hu
www.cqtaxs.com
trophywebdir.info
d-tt.nl
wycenawww.pl
allisonsmubby.deviantart.com
pigames.net
bodyimagesbvi.com
lavigne-france.fr
www.zgnsw.cn
iamsport.org
advancedprintingsupply.com
shop.hmz.cn
ccmtu.wop.ro
www.gsbaykee.com
yczx.fengxin.gov.cn
zeemaps.com
saierhao.973.com
crete.puk.ro
diamondkittycats.com
alltm.org
51chuntie.com
greencharm.com
hikkabu.wop.ro
www.bocghe.net
bluestormdigitalmedia.co.uk
www.57jyz.com
www.stedu.net
kinoqi.com
3nc.info
mynono.com
nvidia.es
nn.xdf.cn
bgz.xxx
air1.blip.pl
www.21zw.net
www.lvbanwang.net
www.kuaizip.com
euro-kitchen.com
intertrust.jp
capsworld.ru
businessinfo.cz
lizharward.com
iar.com
estudosgospel.com.br
search-indonesia.blogspot.com
www.51qqt.com
etyek.olx.hu
datinghotline.net
dzj.cbs.gov.cn
www.chinababysun.cn
www.dvd6.us
registry.net.za
nicofarre.jp
www.creativeloafing.com
agoraemais.com.br
amodirectory.info
exclusive-seniorita.pl
prolifeservices.info
www.cheerioqz.com
www.dgtl3.net
seocraw.com
bizit.cz
parabeatriz.com
aftakte.puk.ro
poesis.cz
schildkroete.net
brashly.puk.ro
toll-collect.de
blogargajogja.com
www.mechnet.com.cn
setca.net
cladode.puk.ro
pepit.be
budowlane.czasucieka.pl
movienuke.com
emprunte.puk.ro
i-rent.info
www.njhuqing.com
www.76ppp.com
www.shuichan.cc
honomeka.wop.ro
mi.99btgongchang.com
iphonegen.fr
mm5mm5.com
etuier.wop.ro
leuangiua.puk.ro
myreviewplugin.com
betfairpro.com
cheekier.de
www.tc-by.cn
dawandao.com
freeusalinkdir.info
allfirstarticles.com
arabbank.com.qa
cadeiratiffany.info
fefe.de
www.cbcb.umd.edu
seaofshoes.com
jrpversailles.info
fusinnou.puk.ro
pornoh.info
webalta.ru
jogosdopicapau.org
kommentvitez.hu
bestabcd.info
bookmarks24.net
grajteraz.pl
ayous.wop.ro
www.kingfifa.webd.pl
numeravano.puk.ro
arjanbhullar.com
www.kct.cz
rvng.210000.org
ecpxw.com
kochecke.at
italiadonna.it
www.xxx922.com
einpraegsam.net
xnview.de