atv2012.info
piprojekt.pl
sn77.info
muabanchinhchu.info
palgn.com.au
kakuge.info
themelike.info
hpmurah.info
businesssmallvoipz.info
www.gcrtys.com
www1.97down.info
hekla.wrzuta.pl
bbs.e23.cn
aborning.puk.ro
water.gov.tw
www.pbb.lt
onlinecreditcardapprovalz.info
bookmarkingtraffic.info
vegagerdin.is
hellground.pl
wp.apbest.info
www.yy-movies.com
scheibe.rusticoat.likere.owling.paradentium.wwwwww.wop.ro
www.qipaiddz.com
linkauthoring.info
honban.wop.ro
kobylin.prv.pl
przq.info
juancong.com
xixihuafu.com
shockah.pl
toutoi.puk.ro
qgywy.diandian.com
silberschmied.wop.ro
guihuaxiang.com
profitec.cz
tp.piba.cn
cost.eu
titak.ir
indologe.puk.ro
www.tddx.net
669mi.com
foto.delfi.lv
bumper.wop.ro
www.obieg.pl
yousri.wop.ro
jandp.soup.io
bookmarkingsharing.info
casal.wop.ro
www.sss986.com
deltaforce.se
army.cz
audio.com.pl
artide.info
21directorymis.info
riversedgeadexchange.info
shibobo.cn
www.thoitrangaosomi.com
forsapl.info
www.chmielno.pl
kapuas.info
51yuan.net
goatse.info
sanne-appa.hyves.nl
mojeokoli.cz
zhdsy.78.cn
wercu.info
benet.wop.ro
sturgeon.wop.ro
www.u6soft.net
berkeleycollege.edu
ramir3z.digart.pl
expertsender.pl
containerhome.info
pelmel.info
www.ptnd.pl
chachala.com
dm.blog.is
rzxg.210000.org
bedpp.com
mintannie.pinger.pl
compvter.it
milfsandnylon.com
museum.ie
gme.sk
wapgf.info
earneasycash.info
teatrakcje.pl
22beats.info
centuria.pl
classin.info
xn--eckvdwa7536a9ol.la
bbs.chinaz.com
nextwebmedia.pl
seo2008.info
2012k.info