hupan.net
a.34ls.com
rujiakuaijie.03331.info
tullamore.info
freedirectorysubmissionservice.info
businessflow.info
artpal.pl
webifydirectory.info
www.riri666.com
travsidan.nu
jmworld.ru
curvedbridge.info
malaghet.wop.ro
thefaultless.info
www.znjkw.net
52podcast.com
baraje.wop.ro
traipsing.info
enshi.117.cm
www.maxina.cn
bj.h2h.cn
alewoda.pl
tybjerg.info
topxxxamateur.info
www.654vv.com
zeitgere.puk.ro
young-nubiles.info
arti007.flog.pl
eldiariony.com
www.cn1.net
www.zailine.com
siker.tlap.hu
isurvived.org
97bug.com
capolado.wop.ro
dokarmianie.blip.pl
moveinternationalz.info
matii.puk.ro
122166.com
wose.com.ar
365ktv.info
spillene.wop.ro
deliveryhabibs.com.br
www.pszfs.hu
impresa.wop.ro
szkolalichnowy.pl
szsweb.com
www.redigo.pl
paydayloansdirectlenderuu.info
lf1.info
kurniasepta.com
myfinance2375.info
insurancesauto.info
atehenmei.com
justa1234.wrzuta.pl
miamimovingmoversz.info
www.city24.lt
placedesopinions.fr
myfavlinks.info
catalogloader.com
ultrasabers.com
win.21cbh.co
www.natibaby.eu
wacko.digart.pl
trylife.cn
tasoiawa.puk.ro
bllqczle.blog.mongenie.com
civilisa.puk.ro
grovman.blip.pl
cgi-games.com
www.yihu.com
bas.rs
videosexe11.info
shlf.info
yoimise.info
socialindian.info
sweatparkasale.info
cumstains.info
zabawkowicz.pl
mypes.pl
demiweb.info
noclego.pl
fortunehide.info
smashingmagazine.com
www.wqshw.com
hempseeds.pl
allvideotv.info
holebi.info
linklaunch.info
sedansa.be
fscyzg.com
keirin-derby.com
knopp.puk.ro
wvtest.pl
k-msc.info
kibol.info
feedbackforum.info
consciencia.blog.br
glitery.pl
bookmarkingdiary.info
phenomiix4benchmark.7h1.info
cenveo.biz
941yin.info
sebko.flog.pl
www.winbo.cn
estimatearticles.info
www.cg99.net
madzii.blip.pl
radiokrakow.pl
pse.cz
mo-dengxian.com
wiciox.flog.pl
volonter.info
topbrowsergames.info
uicupid.info
qxf.9998.tv
linkover.info
dowlinking.info
dl312.info
lawguide.co.il
aguula.flog.pl
azerenerji.gov.az
www.binglidan.net
dirslot.info
bosque.wop.ro
teensprovokeme.info
www.cljtxsc.com
www.ljlrt.info
bluefire.com.au
c1521.sha7.info
tolkiensarda.se
www.llbt1.com
www.hmzsc.net
www.8848wholesale.net
gnome.com.pl
rozwojowiec.pl
polecambank.pl
kamratowka.pl
emailencryptionsoftwarez.info
typhoontommy.info
webhostingserverz.info
dvorakdesigns.com
6if.info
www.go2html.com
urdrcdh.info
freeseowebdirectory.info
bernthaler.info
www.bqqj168.com
dirscape.info
ofres.cz
worldwidetrip.info
zhuhai.3he.cc
widmo.blip.pl
www.fzrcw.cc
oprc.qiwen5.com
cyberbiznes.pl
toppad.info
ngocha.com.vn
thx99.info
szybkiepisanienaklawiaturze.pl
5cn.info
www.antyspam.pl
korea.ac.kr
hxva.210000.org