hypocrat.wop.ro
www.18680.net
citroen.co.uk
online-marketing-praxis.de
iphonehoesjes.goedbegin.nl
hermanastro.puk.ro
etre-un-homme.fr
8899.me
8899lai.taobao.com
www.dvd5.us
88lin.in
88mq.net
88ree.com
9thien.soha.vn
kusjes.wop.ro
astralangels.ru
operadorsantander.com.br
resh3negmovies.blogspot.com
studiengaengen.wop.ro
latogatottsagnoveles.hupont.hu
www.cupidov.nl
hledej-inzeraty.cz
petiolat.wop.ro
grahamite.wop.ro
inblow.wop.ro
88szs.com
nambo.wop.ro
88tmxx.net
88uu.us
myspechato.cz
88xk.net
hipkingdom.com
aql.awe.jp
88xs.15852.com
axiez.wop.ro
88zz.cc
899dd.com
8b662.com
lzmiss.mm111.net
8bei.cn
download-katy-perry-ringtones.blogspot.cz
8c.contterrz.bee.pl
redbullet.co.uk
8count.ca
8cw.be
8d8r.com
irne.digart.pl
8d8v.com
welgeval.puk.ro
www.hert.nl
8dsv.56dvd.net
www.waspar.pl
somaliforums.net
8du.cc
schoof.puk.ro
young-nubiles.info
independentliving.org
8liao8.info
27ws.net
creadev.info
palmtopy.blip.pl
innovativeseo.net
itidai.wop.ro
www.recalc.nl
pwbr.k3y3.net
menschenzeitung.de
www.airush.cz
97aixx.com
97sdd.net
geplaagden.puk.ro
993998.com
qqssw.net
medications.wop.ro
99dv.net
forlater.puk.ro
honda-acura.net
bookmarkplayer.info
virtualcar.it
99k.org
yagihasi.wop.ro
99k88.com
leadsservice.net
khanen.wop.ro
www.tibia.pl
outbuy.wop.ro
asii.ro
www.whatledtv.org
pisa.it
suckafreetv.net
medicins.puk.ro
www.efmk.hu
toneel.wop.ro
venezvoir.info
www.redeenhond.nl
wycker.com.ar
lionsbromolla.se
ditu.google.cn
cddx.bokee.net
bookmarkmysite.net
healthplus.co.uk
goler.pl
www.seob.nl
www.szhuanong.jnn.cn
www.yindaoyindao.in
www.yysafe.gov.cn
1355hk.com
aeschyle.wop.ro
mazopexy.wop.ro
taenda.puk.ro
blucolor.com.br
forzanuova.org
1hqo.k3y3.net
qbusiness.pl
wrir.org
babycity.co.za
1miancanju.taobao.com
6548.nfdy.net
8tz4.56dvd.net
90hi.net
911lifeline.org
97md.org
klubb6.se
9877.com
987qq.com
nbtm.nfdy.net
9888.hk
dlamamyidziecka.blip.pl
989.com
www.saovangvietnam.com.vn
guymaes.zoom.nl
989.la
989866.cn
szklarygorne.pl
989game.com
98news.net
99-bill.com
niloo.fr
99-jk.com
g0t3.210000.org
acolop.info
acontecebotucatu.com.br
adata.pl
great.wop.ro
advanceyed.com
drawn-hentai.com
affifah.info
esky.wop.ro
bbs.szonline.net
hlifeshop.it
ebay.eu
afntijuana.info
www.salesuk.info
afschraa.puk.ro
agh.edu.pl
logix4u.net
aitu.wop.ro
alatest.pl
mobly.com.br
eurotitan.ru
alderposse.de
helpmedia.org
aldonka.blip.pl
allysonames.info
bilig.cn
bromol.wop.ro
buaa.edu.cn
capri.pl
isbr.in
boraie.wop.ro
domkredytowy.pl
donum-vitae.de
fbfl.us
www.dichvuchuyenphatnhanh.vn
dososinh.biz
vku.de
dyalcom.pl
e-l-l-y-5-4.hyves.nl
destinationtunisie.info
prijsbee.wop.ro
e-pity.pl
eenide.info
xlthappd.freeblog.hu
elbolero.info
eluxury-replica.co
kuthan.info
emonosale.info
emumame.ru
entermedia.mx
www.cc845.com
aspq.210000.org
epic-fail.info
ericulous.com
jepg.blip.pl
bulus.puk.ro
forumtychy.pl
onli.be
fotoplus.pl
foxct.info
huegel.wop.ro
freeflashtemplates.com
maldonwiki.org
freentwk.com
fullinfo.pl
pyme.nfdy.net
uphang.puk.ro
fzjwxlzx.com
holidayasia.info
holosteu.puk.ro
homenspelados.net
yaknge.wop.ro
ilona60.flog.pl
immenseseodirectory.info
indiecaciones.wordpress.com
www.klwww.net
www.fabeton.hu
brazip.com.br
rp5.ph
ftp.is.vim.org
www.cvnl.org
utwdzialdowo.eu
pide.org.pk
birtanem.in
www.dgwzjs.net
247.org.ua
miss.33b.ru
chachala.com
superdryoutlet.org
aftensolens.puk.ro
www.51yichun.com
podcastdepo.ru
brovarek.pl
maszke.pl
is-tools.net
statutenmaessig.puk.ro
resursadefun.ro
suwnice24.pl
olumpezeshki.ir
flous.wop.ro
ozkuy.biz
investortrader.co.uk
www.tv5.fr
dortisimo.cz
pathsofgloryfullmovie.blogspot.ch
convershop.ru
cuisine.com.ar
instantoracle.com
laptopthebest.7m0.info
www.tlumoceni-preklady.cz
silanka.pinger.pl
rococo.fecsegj.hu
www.gabeli.hu
bookcase30.jiuyuewoba.info
knirk.wop.ro
etuier.wop.ro
2lex.net
youth.sg
artevoce.com
meimm.in
941yin.info
gracechurchonthehill.ca
www.xxx332.com
zaiten.wop.ro
jcmanet.or.jp
koans.wop.ro
mstar.com.my
aufe-edu.cn
zwaluwhoeve.nl
main.puk.ro
download-french-montana-ringtones.blogspot.ca
enomi.blog.so-net.ne.jp
parlam.kz
www.kmm-clan.de
fashionlingeriestyle.info
deshechizar.wop.ro
wardens.puk.ro
phimkr.net
vdyf.nfdy.net
www.jxhjfc.com
wonx.net
www.positivi.jp
impiger.pl
kaplans.se
www.xdnm.net
myech.org
garewaite.puk.ro
meteo-tv.am
56tori.com
blin.puk.ro
buccaneers.com
chili-mac.org
vandale.nl
eppunormaali.fi
fundacionctic.org
zainin.wop.ro
gzhimin.com
hmforces.info
laquadrature.net
zonatop20.org
makrohandel.pl
moth6.blip.pl
greplinks.info
www.kingma.nu
troupe.wop.ro
guglio.wop.ro
zdravlux.ru
18porno.pl
5af.info
clook.info
groupweb.info
treadlightly.org
kizigames.net
lecho.wop.ro
legia.com.pl
lukaszknap.digart.pl
www.zombiedogs.net
marketpress.info
betterlivingwomen.info
www.festivalbunnik.nl
bienxanh.info
flickr.pl
gifarchiv.net
wtnpzyag.skynetblogs.be
huopao.info
ihspk.info
jin-co.com
k2-tec.com
kefuw.com
lordia.pl
midnightcourt.com
silice.wop.ro
www.g20.org
www.grassmoon.net
www.ityw.net
www.maydonggoi.vn
interpoleerde.wop.ro
www.slw2.us
protisto.wop.ro
ontijdigheid.wop.ro
www.eru0.4f9.org
bencetoth.fecsegj.hu
movie-collector.net
detectivism.puk.ro
changchuncc.net
dominos.jp
gazetabankowa.pl
i9ok.56dvd.net
lvdapeng.120.net
us.is
kwiatowe.be
roundrockisd.org
dielytra.wop.ro
cocciuti.puk.ro
33qq.net
342w16.n030.cn
anuncia.me
342w21.d5dsoft.com
344r2.951n.cn
4daagsetv.nl
thiepdep.24h.com.vn
4dj.cz
4fans.net
abkuerze.wop.ro
clipx5.info
exposomealliance.org
bbgaleria.hu
pourvoie.wop.ro
campsankanac.org
yifw.210000.org
jikaku.net
cdgalaxis.hu
www.rokusfalvy.hu
511ny.org
juancong.com
disneystore.co.uk
gsb.or.th
esing.puk.ro
cnlxw.info
longterm.wop.ro
omskreg.ru
balios.wop.ro
rondden.puk.ro
www.nso.mn
etutienda.com
dreig.eu
finam.info
gratis-sexseiten.net
www.okk.ge
johnmasters.com
garlicwo.wop.ro
naisen.puk.ro
koszalin.pl
dmfc.cc
nijibox.jp
rundlich.wop.ro
sinusita.net
viragcenter.hu
vectonemobile.se
www.sxszw.com
ancylus.wop.ro
xmediaresearch.com
xpatriots.info
wayneswords.com
zhanjiangjingdong.qiannan.org
mylegalright.co.za
verschni.wop.ro
cimladonland.ru
capellidifata.it
somewheres.wop.ro
jmule.org
blogs.gaixie.org
bikemoto.ru
weisliches.wop.ro
schotbal.wop.ro
eaby.nfdy.net
winerman.puk.ro
realidadscans.org
wap.6138.cc
maiyeuem.net
freeresumehelp.net
unscreen.info
bbflash.net
www.effektive-anzeigen.de
firespray.net
www.ueafc.org
magneetb.wop.ro
pandoon.info
sloganeer.puk.ro
unrowed.wop.ro
appartement-bovenstreek.istats.nl
www.0004.biz
weitlaeufigstes.puk.ro
www.brim.nl
dtfp.nfdy.net
51anjia.ca
av8.tv
axenna.no
www.chinamv.com.cn
galeriasxxxx.xpg.com.br
www.17a0.org
5igw.net
gay.fr
zzu.cc
adcon.wop.ro
maley.wop.ro
mrpizza.jp
zeaie.zjedu.org
markis.wop.ro
yajiebao.1168.tv
shinko-music.co.jp
havliks.net
wykazik.pl
girlracer.co.uk
scoscesi.puk.ro
08nm.com
rekibun.or.jp
tezie.puk.ro
verschuette.literali.wwwwww.wop.ro
pervertvideo.net
onnati.net
johanna-krichling.de
prnews.pl
cadillactight.net
cbcb8.net
youh.wop.ro
prwv.info
sx.wzcn.cc
la-cerchia.it
www.airproducts.com.pl
cloyed.wop.ro
kiribosi.wop.ro
muzikum.pl
ohloh.net
vaciada.wop.ro
freudenhaus-hase.de
exrk.210000.org
dev2server.com
www.apple1314.com
itame.org
juntsu.co.jp
w4.kk111.info
rebellyon.info
sostitut.wop.ro
www.tpstar.net
topfox.tv
tshkeel.com
88yv.210000.org
icetroll.wop.ro
osimatou.puk.ro
whatchado.net
ninja250.org
hesermi.freeblog.hu
lakodalom.cgr.hu
jasonomahony.ie
www.7xo.info
maguer.puk.ro
interhome.de
jbwz.nfdy.net
bechstein.de
jouei.wop.ro
grupoiris.net
www.barmot.pl
skatter.se
kamilam.digart.pl
4hi9.210000.org
diodati.org
kirinuki.jp
vipado.com.br
www.jiesi.net
jubbe.puk.ro
artisten.puk.ro
s4.bitefight.pl
bronzefa.puk.ro
mxp1.lizhidy.net
bgtorrentz.net
debind.puk.ro
www.cnda.cn
www.nbyzedu.cn
kakusita.wop.ro
dflcd.info
ralj.nfdy.net
www.kondor.de
ld6.info
aeek.info
www.ukij.org
diggot.info
nanoteh.md
amazonherb.net
directorymin.info
www.cccxp.com
wegsmeet.wop.ro
directron.info
www.czegenyi-pszichologus.hu
notaeal.wop.ro
pianetafuturo.it
meravigliosamentepa.it
mykere.puk.ro
djuba.wrzuta.pl
medisa.pl
dklogs.net
wi6u.210000.org
dnswatch.info
no-ip.org
almaaref.org
doctrinarismo.puk.ro
decoralis.com
www.procurandovagas.org
cy06060.info
bontempi.it
www.gyermekruhahaz.hu
domeniarstwo.pl
loswerden.puk.ro
gptxqoip.blogger.hu
ieb.be
slechtaf.hyves.nl
domybarlinek.pl
www.fsje.4f9.org
myprintcard.de
maybank2u.com.sg
0563.job234.net
lacrym.wop.ro
www.forumcenter.hu
plusboard.de
doublemedia.net
uksupportgroup.info
polskamanga.pl
toumpano.net
www.better-tv.net
inventi.puk.ro
007gzzt.info
6599.210000.org
fajneprzepisy.pl
fhcwiki.org
sostanti.puk.ro
finenest.ru
dqww.nfdy.net
gazetainwestor.pl
globalrights.info
kanat.wop.ro
hupan.net
coastalorganizingsolutions.com
hzbc.us
ibizanightclub.pl
beredt.wop.ro
ilwebmaster.info
imcb.info
imsec.ac.in
indianspeaks.in
insidesales.blogg.se
www.94xx.com
indiaprice.net
interred.com.ar
2i84.k3y3.net
investmentpropertyseminarsgie.info
poker.pmu.fr
inwestycjeodadoz.pl
mitreise.wop.ro
itojuku.net
phomac.de
www.torst.pl
urbantreemusic.de
ip7.info
japan-onsen.com
jetmp3.com