mckayphotography.com.au
mcmanus.la
mcodiuy.ch.lv
mcquarrie.hydrografen.rysa.wwwwww.wop.ro
mdime.org
mebel-dlya-doma.ru
goyub.net
mebelport.com.ua
www.flyingcigar.de
mecus.es
medebroeders.puk.ro
pubkaktus.prv.pl
mediacorp.sg
medialchrome.it
mediastre.am
nacioorka.pinger.pl
cwlp.210000.org
mediatv.ne.jp
medizin.de
meego-fr.org
megalinksdirectory.com.ar
megashare.vn
megei.jp
sewages.wop.ro
au108.info
mehes.org
meiman.ilanbnb.tw
membraneous.jusin.switchkeeper.wwwwww.wop.ro
mensagens.nom.br
mensas.wop.ro
mentors.ie
meodiu.us.pn
mercedes171.hyves.nl
merchang.puk.ro
merckmanual.jp
ebookfree24.info
mergen.biz
mystatusnet.com
haan.nfdy.net
merglepel.puk.ro
meshiuma.net
mlk8.com
zainawan.page.tl
metanomics.net
metaxylem.senensei.wwwwww.wop.ro
europa.eu
www.pszfs.hu
metoperashop.org
mexicanosprimero.org
mexiko-lexikon.de
pobobcalif.com
mexknyle.exblog.jp
streept.puk.ro
mfacebook.pro
mg-allmendingen.ch
mgjm.nfdy.net
mgkz.210000.org
mhoz.210000.org
cwhaticando.com
spezzass.wop.ro
chachala.com
avsese.info
mi.99bitgc.org
ps116.org
gleamingtechnologies.com
midb.210000.org
midea.he.cn
cadutacapellistop.it
mieszkania.trovit.pl
www.vpspro.hu
mifflint.wop.ro
miftg.1168.tv
miia.wop.ro
milkam13.digart.pl
miltos.wop.ro
domico.info
minaevlive.ru
mindigtvextra.hu
minegawa.wop.ro
minerva.co.id
minix3.org
csnf.qiwen5.com
minoruta.puk.ro
minpromtorg.gov.ru
mipaja.es
lanrenzhoumo.com
chimonan.puk.ro
mipersonalidad.es
misconfident.puk.ro
guide-book.org
unet.info
miserdom.wop.ro
idirectory.info
misute.wop.ro
dach.de
mittelalter.de
bloguje.org
mixible.wop.ro
superjoc.ro
webzi.info
pearlandbmx.com
miyosire.wop.ro
bon-bochi.blog.so-net.ne.jp
mizar.pl
pzhgp-kluczbork.cal.pl
mj.game.jj.cn
www.gabeli.hu
ony3.qiwen5.com
indesite.nl
www.vtnoe.at
swami-krishnananda.org
mjc-andre.org
mjql.210000.org
mkb.uwpagina.nl
www.2000uu.com
aremc.hyves.nl
aucklandscene.co.nz
mkjc.nfdy.net
mllu.nfdy.net
mlxq.nfdy.net
mmfq.210000.org
dailystyle.info
khawar.wop.ro
www.pohly.hu
artisteerhelp.fr
may.digart.pl
mmil.qiwen5.com
mmpk.nfdy.net
mneq.210000.org
mobila75.xfree.hu
angol.info
mobilerank.jp
mobilfunk.ru
max3d.pl
bipont.wop.ro
buyzocor.org
mobiltel.bg
ukjure.wop.ro
www.typjdb.com
bedthrows.info
mockup.wop.ro
mocsi.gov.ye
modaxhair.com.au
moddingway.net
gilfondrt.ru
modernt.wop.ro
loupato.com
1x.jglh.net
modicums.puk.ro
mof.gov.vn
molecularlab.it
bauhof.ee
molliznar.puk.ro
momsbyheart.net
monark.tur.br
mondfluege.puk.ro
monnen.puk.ro
monooji.wop.ro
monulu.puk.ro
magna-themes.com
moon.bbs.xoyo.com
django.pl
moperss.us.pn
moppc.wop.ro
www.centralweb.fr
18rt.info
mortgagestrategy.co.uk
gral.pl
blog.prime.ba
mossless.puk.ro
motiva.fi
motiw.ru
www.rafael.pl
motorgarazs.hu
motorizzazioneroma.it
www.bbstoday.net
motoshir.puk.ro
moviecolors.net
moviemaster.de
mozinezo.hu
mp3store.pl
mpph.nfdy.net
mqhq.210000.org
mri-jma.go.jp
mrji.nfdy.net
mshsaa.org
pokerstarslive.fr
linksef.info
c1521.amlong.info
msiiduy.us.pn
mskt.ah.vnet.cn
www.hnpecc.org
msn2.me
mstar.com.my
k12.oh.us
www.fitsa.cn
msuggett.com
labo.de
mtcu.nfdy.net
www.jhjxt.com
lunapark.co.kr
pakmuzone.info
holidaytours.in.th
mtv.ua
debaj.ca
mucok.fecsegj.hu
s.smhp.jp
iladygaga.info
humyai95.info
muffi.pl
mugearite.puk.ro
muleauction.net
muncha.puk.ro
musictory.de
mustijamirri.fi
tfhdigital.com
mutterty.puk.ro
mya.co.uk
myeveningdress.co.uk
myheritage.hu
mykitchengarden.com.au
bestpr.info
mymdc.net
myphoto.to
mysbi.tk
mysohbet.net
myszkow.net
mytrxsale.info
n-ble.net
n2testing.co.uk
spar-tarife.de
naamtamilar.org
9duu.cn
nacht893.blog.so-net.ne.jp
nacu.210000.org
ndzl.nfdy.net
nadineundmichael.ch
nages.wop.ro
nailzone.com.hk
nairan.wop.ro
najdise.cz
najlacnejsinabytok.sk
nakakanb.wop.ro
namapi.com.ua
namatuba.puk.ro
namazvakitleri.gen.tr
healthfitnessblog.info
namuya.puk.ro
nandos.co.za
nannyakuten.se
nano-reef.pl
funiforum.org
nanoteh.md
narde.wop.ro
nationallottery.co.za
nationalpetregister.org
nauticexpo.fr
nazist.puk.ro
rifuren.wop.ro
nbdb.ca
nbrm.mk
ncah.com.au
neanthro.puk.ro
wiki.jogger.pl
neback.wop.ro
ssve.210000.org
funhunters.pl
bbs.sqfc.cn
wz0891.aonik.com
nebar.wop.ro
mbtantishoeprice.info
nee1.co.uk
neelsieshuttles.co.za
neforex.at.ua
neis.go.kr
nemadi.puk.ro
neonet.co.kr
pczy.265link.com
www.zhifuj.cn
9.atvtm.info
netcoders.net
netdevplus.net
reversemortgagebanks.pro
netdoktor.dk
netfugl.dk
netregistry.com.au
netrpg.org
network.am
networkjob.ru
neumim.tanuki.cz
neustarmedia.biz
www.drumliber.ro
nevtelen.hu
www.rsvp.com.au
play.fpt.vn
new-liberty.net
freestockimages.org
whwd.com
new-skin185.blogbus.com
news.420.cn
xnovinky.cz
news.55.la
glitery.pl
news.bbc.co.uk
roehampton.info
digicliff.com
news.kunming.cn
news.pptv.com
news.southcn.com
newskyenergy.ca
newvake.ge
nextgenerationmarketing.de
6.6hha.com
neystadt.org
monodl.info
ngobrol.us
www.daxue9.com
oshogulaab.com
ngocha.com.vn
nha.eu
nianduhoy.com.ar
iwin.edu.vn
heefei.com
nib.com.au
nickcreations.co.ke
nickie.puk.ro
nige.puk.ro
nigeriajobs.co
nikkeire.wop.ro
blog.gke.cc
chequecadeau.nc
nisland.ryumachi.votes.toumeiyo.vouwinge.neergelegenen.wwwwww.wop.ro
www.abc120.tk
nissan.kz
nisula.wop.ro
niveaux.puk.ro
nivelstyle.com
njh.nxeb.cc
a1directory.be
njzx.210000.org
nkr.am
nlio.nfdy.net
nmit.ac.nz
nn.xdf.cn
otolista.pl
nnfp.210000.org
nnxa.210000.org
no-ip.org
m.zy357.com
noboseag.wop.ro
nomakaed.puk.ro
nonarrai.wop.ro
nongfuit.com
noplay.net
nordwest-zeitung.de
norteenlinea.com.ar
northcountry.org
northerncape.org.za
noticia.es
notiziediprato.it
65.tc
nouhibus.co.jp
bautamsu.com
novoimperioimoveis.com.br
novosetor.com.br
npo-rta.org
ns1.name
conjointboardemmalaysia.webs.com
enchtex.info
nscc.ca
nsdesign.co.uk
nsp.bg
nuanpp.org
brekings.wop.ro
nubilati.puk.ro
vip168138.com
nucept.com.au
nude-celebs-4-free.net
nuevoviernes-nuevolibro.es
numeravano.puk.ro
nurture.puk.ro
nuti.puk.ro
nvisionarts.com
nvnet.org
nvrp.k3y3.net
nvz.78.cn
nyanya00.xfree.hu
nyo.me
strefaelectro.pl
nzcn.nfdy.net
o41.ndw1.us
www.vaude.de
o52.net
o77h.k3y3.net
porevo.info
efri.puk.ro
oa.jxbgw.net
tahvel.ee
oakley.xfree.hu
oat.ro
obenan.wop.ro
obuvohun.r.gd
octoline.ru
oformleniekz.ru
ofsayt.org
ogar.wop.ro
oggi.it
ogled.wop.ro
ohkh.nfdy.net
7-eleven.com.ph
portal.kt.hu
filesonic.jp
1818vod.com
ohl.es
gsmvro.com
ohudbe.sk
ohwe.210000.org
oklara.puk.ro
av999.in
678link.info
oltursa.pe
optivance360.com
enterbio.es
optus.com.au
oublierais.puk.ro
diet4all.info
spwm.lizhidy.net
outofstock.com
overacut.wop.ro
overfee.puk.ro
overlordship.puk.ro
overstoo.puk.ro
ozdikc.hu
helenlambdance.co.uk
www.zh-tg.com
ozgurdurum.net
ozobrome.wop.ro
pacer.gov
packbusiness.com
festiwale.info
pacosentjens.hyves.nl
padovanet.it
xzyd.net
paganunitycampaign.org
silverado.pl
page4.me
elpost.cl
pajarero.wop.ro
pakistanupdates.com.pk
palcraft.co.uk
pales.info
surestimera.puk.ro
palmos-fm.gr
panchira.s1.freexy.net
paned.wop.ro
forumlynx.info
panera.wop.ro
pang.soup.io
panzio.szallas.tisza-to.istenhozta.hu
paplv.org
papus54.fecsegj.hu
paquet.puk.ro
paradisecruises.vn
wislalive.pl
paraphan.wop.ro
1628gd.com
paratomial.puk.ro
parentcoachplan.com
partyshop.si
humyai44.info
free-tips-and-info.info
paseka.prv.pl
gizmodo.com
byjj.baiyin.cn
pasotsuu.wop.ro
patradio.org
pauke.wop.ro
paxmusic.co.kr
payby.me
recetas-cocina.com.es
paymoney.do
paypal-marketing.pl
2i84.k3y3.net
leeson.com
schorf.wop.ro
www.zhaosf123sf.com
pbaa.lizhidy.net
www.bjddgc.net
pc-planet.de
pcjf.210000.org
unblockthis.info
pcpeizhi.com
pctechmagazine.com
ewarez.net
antag.pl
pdlsenat.ro
pegujar.puk.ro
pelais.wop.ro
pelleteu.wop.ro
pelmel.info
yunfu.ganji.com
aldora.se
penedofm.com.br
novelist.jp
www.ci.pasadena.ca.us
alexialive.com
kz.flog.pl
pensamientopenal.org.ar
merrjep.al
pension-bad-fuessing.de
pensjonistpartiet.no
pentruanimale.ro
peopleviews.net
sinogi.puk.ro
periodiko.net
pesqueiromaeda.com.br
pet-services.org
petrolwatch.com.sg
rentacar365.com
3ia.info
petsage.org
pevw.nfdy.net
pf.co.th
pgdiakonie.de
phcc.files.cms-plus.com
phonearena.bg
phonex.de
ideal-h.co.jp
phongkhamnamkhoa.vn
photographer4me.co.uk
uodas.lt
photostudio.ir
photovoltaikanlage.biz
juancong.com
phrasy.wop.ro
sexrura.pl
phrenitis.wop.ro
pics100.net
pierremporio.net
pieters80.hyves.nl
sovende.puk.ro
pig-up.de
pijnigin.puk.ro
pikarock.com
piloti.com.br
pinoytvi.cc
pinpin.me
etravel.ch
pistonbl.wop.ro
pixel.by
bl6.jp
bima.astro.umd.edu
pixmania.se
pkmn.nfdy.net
7bmi.lizhidy.net
planet.dokuwiki.org
troostli.wop.ro
humyai35.info
planete-kiki.net
cs-amazing.pl
sou.wjw.cn
planeterlang.org
planethoster.net
planningalerts.org.au
plasmare.puk.ro
plasticsurgeryforum.com.au
platonization.neergelegenen.wwwwww.wop.ro
cpa-bank.dz
playmax.co
playtv.fr
vw7c.nfdy.net
plazapublica.com.gt
plomarinews.gr
plus500.be
plystre.puk.ro
pmub.210000.org
pocasi.profi.cz
hotelpetrarca.it
tm7.us
pod.tv
podium.wop.ro
poetryarchive.org
polarice.com.au