www.zgykc.net
dbamyoceny.pl
archadia.co.uk
prfh.info
prodigy.net
trlz.210000.org
2-steps.net
1145591376.wz7d.com
finril.org.pl
mathi.ru
bigexpeditions.net
colorieforme.it
chkin.at
eloproject.com
sedo.210000.org
vizzdoom.net
www.loszerszam.hu
grossmog.wop.ro
jery.tk
accessmanager.co.uk
misraadden.wop.ro
lumisfera.pl
3507.fjsnw.cn
xfilmeonline.net
www.mmnini.com
getinthehole.co.za
nusexvideo.nl
tubexxx18.info
intervenieren.puk.ro
articletwirl.com
we-cms.info
django.pl
www.apro.lt
xixidieyuan.com
cellutitis.org
toptrade.it
directorytia.info
www.magdia.pl
imidogen.puk.ro
blft.nfdy.net
ajax.blog.nl
tamvn.info
matrix.waw.pl
eurotext.hu
knobbel.wop.ro
kmzm.cn
arcluce.it
psearch.yahoo.co.jp
deutschesee.de
qieo.nfdy.net
ggjz.nfdy.net
shanghai.tianqi.com
www.wizard101.pl
replacegarbagedisposal.net
salon.com
royalchef.info
18p2p.us
aoc.fm
88.beihk.com
www.dsshow.cn
gk.chsi.com.cn
thehh.info
bloodfestival.livedoor.biz
kueste.wop.ro
musthave.pl
fontje.hyves.nl
www.ld6896.com
hostpark.pl
www.010ci.com
prestatio.pl
www.havenaer.nl
uta6.mirume.net
supergamez.info
songchengce.fyfz.cn
tv.yahoo.co.jp
9outof10.com.br
christogenea.org
on24h.info
celine.digart.pl
www.taobao8899.com
perdhanahost.net
guangzhoutower.cc
smart-single.co.za
xixihuafu.com
jxt-hc.com
t.co
jbc.org
www.ruilizx.com
dataword.info
manson.org
muninsho.wop.ro
earnitalia.com
bewerbung-ebook.de
hkozvxbrkvqj.com
club.isso.com.cn
managed-ppc.co.uk
appu.corrigio.tiratiros.bewegliche.screenwi.wwwwww.wop.ro
3w1.eu
www.8dxh.com
www.bitu.us
gow.by
stock-board.info
gizmos.es
www.weblaptar.hu
healthz.info
newlikes.com
cancan.ro
shop123.com.tw
gamesfree.me
333web.eu
xdty.info
wwef.011r.com
www.baidu.com
www.yakata.lt
ackt.210000.org
www.shuangchaa.info
satsis.info
persistent.info
gsbacd.wop.ro
milfsandnylon.com
kettleandtoaster.org
mobilelinkbuilding.info
yhwh.lcxw.cn
fotolaski.ru
eckerkata.blog.xfree.hu
www.473132.net
agrinatura.pl
utgr.nfdy.net
fitetlazio.org
www.sisterma.com.cn
feriashop.nl
phomac.de
paroxyst.wop.ro
magprojekt.pl
dacixi.com
altervista.org
www.mycoolboy.com
21directoryfinance.info
legalized.us
vedhugge.wop.ro
teliserver4.de
xfmaya.info
donatari.wop.ro
audiobook.pl
alkupone.ru
webgarden.es
aljoudi.blogspot.com
itchmo.com
subaru.jp
www.xiaobaitu.cc
wwf.gr
www.combat.hu
www.digineff.cz
vii.im
bb999.info
www.sou9y.com
www.softex.cz
dvorakdesigns.com
111zy.info
lewanzu.com
greenseal.org
galakleding.info
mc-larsen.dk
lukaszknap.digart.pl
freemediaproductions.info
dr-schulte.ch
rett.wop.ro
www.wkyz.net
emocje.art.pl
rhinolalia.wop.ro
sil.digart.pl
www.yinpin4.com
listastron.pl
gwebtools.fr
chevrony.puk.ro
athui.com
forzanuova.org
alky.puk.ro
www.polykej.cz
softwareassetmanagementz.info
telkes.hu
3g.204.at
ambertonas.lt
ceero.info
articlepool.info
linuxnews.pl
dianagarces.info
relgros.su
e-otomari.jp