nod32id.org
humuun.info
arbustes.net
www.cacocu.es
produra.de
totalworkout.jp
kmbt.nfdy.net
www.hhaavv.com
www.htyly.com
gvkw.nfdy.net
iphone-5.fr
librarie.net
jogaklasyczna.pl
www.znkk.cn
ocesia.edu.pl
www.jxsme.gov.cn
www.j-c.com.cn
vliegerop.nl
sikw.210000.org
5917.info
www.iesl.lk
ellastore.com.br
section8housinglist.info
s-lines.net
yanaidu.wop.ro
qz.zj.gov.cn
gesundheitsprofi.info
myforex.ch
cc.wapyc.net
thiepdep.24h.com.vn
opentfl.co.uk
1024.inc.gs
www.xxx456.com
eduweb.de
www.xy09.info
moviesofspanking.info
despecpazar.com
myeldirectory.com
krazylady.digart.pl
rd.click.ro
founder.wop.ro
sartorit.wop.ro
albertina.at
hungaria.org
mp3towav.info
hosting-prestashop.es
ecgorzow.pl
bulus.puk.ro
draeger.com
surfnz.com
ysu4.210000.org
kinote.info
anglerschat.com
accrut.puk.ro
fc-severn.org
0832idc.com
wii.abchry.sk
dopisane.pl
hosting.ca
designfirst.be
circolosanmartino.it
info-kosova.net
ahe.name
xixihuafu.com
furdoszoba.co
tewassoul.org
malagon.es
91il.265link.com
ultrafight.pl
satara.ch
gankofood.co.jp
alkalife.wop.ro
openinitiative.org
yaknge.wop.ro
freelancejob.ru
iranlinker.ir
01kuaile.com
travsidan.nu
nouslesgeeks.fr
www.radissonblu.no
uditoital.lap.hu
benxishi.m69.info
pooh.cz
av178.net
aquafantasy.it
bukkene.wop.ro
graphics.beareyes.com.cn
gonatural.com.ph
verwoei.puk.ro
rkaf.210000.org
janitos.de
cng1.blip.pl
mmzzdd.info
ceas.cc
group.pepo.cn
chachala.com
m4e.to
www.allindepot.com
thomascook.in
food4mood.co.uk
arthouse.ch
bita.puk.ro
siedp.org
adsl-fpt.org
jennilee.wop.ro
xlh.1168.tv
dspp.78.cn
dinohp.info
gerestit.wop.ro
ciounuzztiwee.zikle.nl
www.ky688.com
etoro.puk.ro
peur.digart.pl
misaki.ch
huangsedianying.info
biodomain.org
8795398.5sing.com
failed.wop.ro
fatmamas.pl
hupan.net
salonesdeeventos.com.ar
diariovictoria.com.ar
municipioautonomodesanjuancopala.wordpress.com
netto-travel.de
room-runner.info
chaochui8.com
monnen.puk.ro
smartrepairpoint.de
mucro.puk.ro
camping-tipps.eu
fotocolombo.it
sunglassus.info
1shoppinguk.info
nenaborrero.cl
eauk.nfdy.net
htm.tw
www.positivi.jp
dealster.com
guiatrimestral.com.ar
mkb.uwpagina.nl
edelnerd.de
webprostor.katedrala.cz
netemx.pl
simplybe.ie
xiaoebook.com
newfiles3.pinger.pl
xf1.derezw.osa.pl
nsf-margins.org
971971.co
opiniolandia.com.ar
mcdis.wkraj.pl
uncommunitymanager.es
www.mp3.lap.hu
infonet1.info
spam-seo.info
boerse.wop.ro
szabadiskola.org
quotes-inspirational.info
brookes.ac.uk
www.vpner.net
platztes.puk.ro
braseamless.1yl.info
jzqi.nfdy.net
www.longyang.zp300.cn
udelukke.wop.ro
lordweb.pl
linkujsie.pl
wassertieren.puk.ro
tc-host.pl
gorakhpu.puk.ro
wikiprint.ru
gxiao.ga
shibetor.wop.ro
implanty-zebow.poznan.pl
ukfreebingosites.co.uk
factored.wop.ro
room-ayaka.jp
www.acclib.com
principiantes.info
wynajemsal.com.pl
www.pripojsa.sk
cs-arena.ru
finanzautile.org
us.xspf.org
riserve.wop.ro
legend-clan.net
3xx.biz
www.jldh.net
wszyscymoi.flog.pl
bt01.taobao.com
entschlackt.wop.ro
sortesokker.dk
estamental.puk.ro
tratto.wop.ro
civili.wop.ro
rampais.puk.ro
www.jswqdcgs.com
bridgestone.co.th
bruclass.info
blackglass-coffeetable.co.uk
gisline.no
microline.ua
mlist.it
a.qsdg1.in
hugon.wop.ro
alante.wop.ro
wyprawa.info
999vod.net
0one.net
tigear.com
77qqq.qvod10.info
fixed.wop.ro
www.easycp.de
feitejiangyb.1168.tv
web-bi.net
www.51qqq.net
www.prodec.co.uk
www.666xa.com
cameramoda.it
homenspelados.net
jennifer.islive.info
scharrelbeent.puk.ro
destock.biz
www.fofowang.com
www.xxx558.com
uiteenstuift.puk.ro
gis.gov.pl
www.gddgky.com
ising.pl
maximmus.pl
paien.wop.ro
vaartuig.wop.ro
www.ln.cyberpolice.cn
divinehost.co
electrozon.ru
4dk.ru
huaihuaqq.qiannan.org
clownerie.puk.ro
music.49189.com
www.jyo.cn
colorear.info
topilehtipuu.com
www.pjm.pl
sencor.net
tk86.at
cqsf.name
sanconhantao.net.vn
nsitf.net
ergo-tel.gr
openmav.org
aigo.jp
www.9art.pl
yrth.puk.ro
kvst.net
www.2005.so
seowho.is
deremate.com.uy
spddm.org
sirb.net
oqueeh.com.br
gaseltek.hu
deckard.fr
elrincondelprofe.es
clevelandgolf.com
smsrenta.ru
joden.9r.ro
tavla.se
remslaes.wop.ro
zzzhu.net
yaose.at.ua
www.netq.nl
wucherte.wop.ro
jjtok.io
avouch.nl
www.crwstc.org
olemiss.edu
m-golf.info
d2s.in
iob.in
gpunkt.pl
gelei.org
vinzv.de
findafreelance.co.il
meleven.net
dz.newssc.org
goodten.org
powerhp.net
bestbuys.ca
ykdp.210000.org
cpsu.puk.ro
zapto.org
avsese.info
www.ezweb.tw
tarmus.it
ooftkeld.wop.ro
dreamart.az
czsj.net
iglesia.net
superski.ru