afripol.org
superski.ru
powerhp.net
openmav.org
fincher.org
5503.wapbm.me
kinezo.jp
www.ems.so
teezkehqpc.blogage.de
elrincondelprofe.es
fptsaigon.info
zzzhu.net
gelei.org
nakano-d.jp
jonaas.me
cakewalk.jp
fab.nl
r-sky.net
kochecke.at
my-hit.ru
chemodan.com.ua
tint.puk.ro
10bt.info
gpunkt.pl
nsitf.net
sencor.net
greenhat.ws
d2s.in
daar.puk.ro
nolaa.org
culinare.tv
filmx4.info
www.9art.pl
ergo-tel.gr
iglesia.net
zapto.org
avouch.nl
iob.in
dreamart.az
jjtok.io
deremate.com.uy
seowho.is
kvst.net
yrth.puk.ro
bestbuys.ca
momoka88.fecsegj.hu
gaseltek.hu
footcrab.soup.io
www.netq.nl
cncgw.org
wuya.info
mospat.ru
newradio.tk
deckard.fr
monia2308.wrzuta.pl
hnf8.net
kurzurl.net
www.2005.so
astropt.org
seer.wop.ro
meleven.net
com.co.uk
amarcord.jp
www.sexfilmsrape.nl
kizi.wop.ro
tavla.se
fbfans.co
dhaka.net
findafreelance.co.il
joden.9r.ro
fontanot.it
spddm.org
5igames.net
vinzv.de
www.sharanis.com
czsj.net
websonic.nl
www.skep.nl
aigo.jp
nup.soburnc.bee.pl
daedalus.es
otlm.nfdy.net
yocast.tv
watchgforcenow.blogspot.de
lithosol.puk.ro
subaru.de
ja-jebie.pl
sirb.net
tk86.at
www.florimed.si
nsx.pl
cpsu.puk.ro
smsrenta.ru
tarmus.it
szfyjiancy.1168.tv
51tbabc.com
chaves.cz
webstrat.fr
hupan.net
talonnag.wwwwww.wop.ro
vespucionorte.cl
www.digitalyeah.com
www.baba.hu
um.edu.mt
www.ezweb.tw
www.antyspam.pl
sihasara.lk
linkbyme.com.ar
vinna.wop.ro
goodten.org
fortknox.se
lad.ck.ua
www.fanhui.cc
www.anlei.me
quikr.pk
justfreebooks.info
arqespqrx.blogger.hu
laprimitiva.info
cascarin.com
www.163.com
www.hvhsa.com
xedi.blip.pl
shibobo.cn
trocmaer.info
olemiss.edu
news.55.la
www.bloomberg.co.jp
www.bate.hu
sopotgroup.pl
www.szslsj.net
gol.ok1.pl
hoking.wop.ro
newsbna.net
mrd.hu
2end.nfdy.net
www.gy233600.cn
africa.fad3.net
cuteweblinks.info
edigital.hu
kita.net
blikoogde.puk.ro
betutais.wop.ro
rueckenn.wop.ro
hardoof.co.il
sjaky1.hyves.nl
11167443.5sing.com
33ldh2.com
y4a.info
cl.orc.st
dlasklepow.pl
rinok.md
www.jiese.in
luomai1.blog.163.com
real.pl
wlj.me
yaose.at.ua
tectrend.de
batcha.wop.ro
hentaitube.info
cheannunci.it
peugeot.co.uk
stroy-technics.ru
spanishp.wop.ro
redmark.de
apartamenty.pl
sharingit.co.uk
ville-geneve.ch
punidora.wop.ro
partilhar.org.pt
tbcbank.ge
novopolotsk.biz
raore24h.com
forum.soha.vn
aftensolens.puk.ro
paien.wop.ro
www.ose.no
midwayfinanceira.com.br
diavgeia.gov.gr
tf2012.egi.eu
zs333.in
hostpapa.ca
www.jdb.nl
nietsdoe.puk.ro
jumpy.pl
55788.diandian.com
beckimon.com
marcellomarchesi.it
kiamil.yz.pl
0712.1775.cn
hirten-der.ch
aynaku.net
oeti.hu
alnsri.net
yashi.cc
monkey-business.biz
botanic.cz
slurve.wop.ro
jiangaole4f.1168.tv
bollyhub.info
evep.nfdy.net
www.pcc.cu
midea.tv
66av.org
zwbk.org
rozbity.pl
bhms.ch
smarttrip.ru
upload.co.id
lib.tx.us
rollito.eu
www.fauna.hu
dkuk.wz.cz
prwv.info
lanyi.us
phpdeveloperz.com
1128.jp
wmurphy.ie
vcpoker.in
8765765765.a-livesexasian.com
enidhi.net
oamk.fi
gdp.gov.sa
ert3.gr
hobbynote.com
cyicer.org
beh3da.tk
directindustry.fr
telefonski-imenik.biz
okgoo.ru
rhinopub.com.br
galatsi.gov.gr
nova.no
host.pe
r0w.org
ppwx.net
toll-collect.de
www.dlwf99.com
9887.cc
jagut.de
belsoepiteszet.lap.hu
cp8.biz
ad4all.net
www.nif.ch
bnkirov.ru
dakini.blog.hr
delaciudadfm.com.ar
www.mcv.pl
streetdeal.my
sissiviaggi.it
mipid.blip.pl
lspace.org
uploadvideos.tv
grammar.cl
website-analyse.pro
cashcats.biz
anvl.nfdy.net
xixihuafu.com
amampond.puk.ro
beihai.bgo.cn
traveledearth.com
cpb.org
cache2.nipc.jp
osziacs.hu
acetify.puk.ro
ilias.de
nawabi.net
saintphilip.info
www.hao123web.com
lingros.pl
www.kdy120.com
nokia.ro
lalang.puk.ro
lotje.ch
bambada.fr
ibs.net
hofi.hu
kontakt.co
corsonemesis.it
wgbei.info
bendi.gpsoo.net
bodzin.net
wap.6141.cc
udop.com.br
carburado.com.br
www.yuehuib.com
sitew.fr
ilovefashionnews.nl
9cgt.lizhidy.net
mygallerie.nl
outertech.com
kotuen.wop.ro
block--buzz.ws
kiribosi.wop.ro
flooyd.digart.pl
neuges.org
op25b.jp
peema.us
adikos.wrzuta.pl
2sports.info
seoempresas.com.br
seowithus.tk
geo-mag.fr
www.jt.ee
visada.lt
linuxnews.pl
cry.org
v-erp.nl
ilze.nfdy.net
inwerp.wop.ro
wajuxeny.prv.pl
mythopoet.wop.ro
e-stogdengiai.lt
zvrh.210000.org
investmentpropertyforsaleopse.info
windbag.puk.ro
rubbertube.info
shinseibank.co.jp
tickets.rs
123.m4.cn
www.tokuma.jp
kcbb.org
a.xx52se.com
thelinkbuilder.info
www.myjiaan.com
impassionately.puk.ro
sms.org.ir
www.dqe.hk
aborning.puk.ro
www.myh.cc
polarluft.wop.ro
ingegooi.wop.ro
5hw.tv
ecodo.nl
hrdf.com.my
www.dekuststrook.nl
tmcombed.pl
waste.ua
iksz.hu
jurel.nl
xgcp.info
snider.puk.ro
pitivi.org
989.la
repoa.or.tz
frame.pl
blog.51.ca
progettoaxia.it
cardenas-grancanaria.com
nuratrimonline.co.uk
jondi.blog.is
www.mvv.de
niedostrzegalna.digart.pl
berechnetes.puk.ro
basiura2.digart.pl
jaq.digart.pl
socialagent.se
hring.puk.ro
www.e8818.com
helldive.org
itelevisor.ru
dgvm.de
eemon.biz
mnkontir.hu
globmail.pl
ksijudo.hu
www.dyg.cc
dzony.soup.io
www.sangha-care.org.tw
softogen.ru
dwangmid.wop.ro
jewellworks.com
zakhas.com
cyyt.210000.org
khacgiacong.com
mietwhg.de
tvptv.com
www.rws-verlag.de
qualityinfo.org
etnies.se
weiboaiq2.diandian.com
springcreek.com.ar
tetrakis.puk.ro
golook.at
www.bioinfo.tsinghua.edu.cn
emwoufjmj.skynetblogs.be
coodir.info
conferee.puk.ro
lerondoudou.info
linkbenefit.info
memestache.com
ojyosama.jp
phalbertov.cz
hnydfc.net
littlesaint.ca
www.sese.com.cn
www.parot.fbl.pl
6599.210000.org
dopasowani.pl
qscn.net
pegujar.puk.ro
rubyonrails.com.br
onlineforexbrokersz.info
www.bet5880.com
searchles.com
quantumpath.info
lamlux.net
hdva.265link.com
podajemy.pl
abluo-uk.co.uk
www.soendag.dk
hs0b.nfdy.net
achras.wop.ro
funbingoonline.co.uk
teenus.info
drvb.nfdy.net
kisio.blip.pl
sewages.wop.ro
skrendu.lt
hopkinsmedicine.org
bbby.hyves.nl
www.ldfs.cn
db2.hu
pariera.puk.ro
wucherte.wop.ro
vaartuig.wop.ro
www.gk.pl
theextrememarketing.com
snxcocn.info
marketingman.net
www.debraak.nl
smzt.baomihua.com
crisq.digart.pl
www.sxszw.com
bip.pwpw.pl
186ai.com
www.reder.pl
tuan001.com
traumaticlesionsbrainhit.info
www.jusedh.net
trendymarks.info
shisu.flog.pl
xny365.com
rpo.mazovia.pl
somany.pinger.pl
itup.co.jp
o2.pl
py.66wz.net
xmediaresearch.com
qxf.9998.tv
iphoneottercover.3ji.info
siodme-niebo.pl
kamihoro.wop.ro
istitutocomprensivopedace.gov.it
starbucksmenu.net
100webs.info
tomgarra.com
sem-one.de
project357.com
www.xqtc.com
hipek.digart.pl
uuurt.info
www.ihj1.4f9.org
fou.emu.dk
waileung.me
estamental.puk.ro
3dvalosag.hu
furatto.info
69filmeporno.info
www.prodec.co.uk
scharrelbeent.puk.ro
mmzzdd.info
hxtj.net
qbkl.net
ausra.pl
www.fbz.nu
website.at
miass.ru
andluk.ch
28bc.in
yuul.de
ed.ac.uk
zhyw.net
my-zeitundraum.ch
askas.se
repararpc.info
dime.jp
ntvc.pl
unscreen.info
haigao.net
hitsong.jp
www.dit.ie
minx.jp
txt3.ru
18-45.cn
appa.pt
15415.sew10.info
nojhan.net
8888.se
ahbb.cc
luov.net
sbrz.pl
bisd.us
test.it
playtv.fr
jforum.net
we-u.nl
e-sav.us
more.ca
mh6h.org
gapines.org
afschuww.puk.ro
dtet.210000.org
hangyu.org
chruker.dk
cstb.eu
www.comx.nl
h200.net
yesdeal.vn
shsd.kz
www.314.pl
l1sa.li
mueblessur.cl
lqs.name
ypick.me
www.pakesake.nl
slub.org
www.blz.nl
xmiss.pl
art.net
enable.hku.hk
zvalue.net
nexths.it
hatha.hu
merrjep.al
ximon.nl
trabant.hu
uema.br
pop64.de
apne.tv
accg.at
www.neonworx.de
odb.org
www.nhp.se
180724.com
www.haitao9.com
fxcm.fr
56tk.net
chaohuxierdun.fdchs.cn
sitoshop.fr
wematis.de
thegreatexhibition2012.co.uk
sou.wjw.cn
kosiba.puk.ro
www.icranet.org
ockc.ru
jc.0316.cc
www.uchwyt.pl
xn--w8j712nk1a649deiqhol.com
locky.jp
mdrl.ro
mm2d.net
vpsadd.com
www.qu.cc
mommypowers.us
olkaba.soup.io
na.se
tom1.ru
www.0731itch.com
e-mecha.jp
caaf.it
adler.info
onuse.pl
startvaekst.dk
knieende.wop.ro
dt64.org
d107.210000.org
kroma.wrzuta.pl
nationalresourcedirectory.gov
skydoor.net
freshgays.net
028fsk.wanye68.com
simpliciousmag.com
skilas.info
ws.md
nambo.wop.ro
bizweb.vn
literallyinspired.com
likevn.net
jhtz.cc
gm64.kz
defenselawyer.cn
www.0574h.net
ankang.biz
judo.eu
www.csnews.net
www.97ss.cc
gl6x.265link.com
mentors.ie
idealizar.puk.ro
pixel.by
pobobcalif.com
truskawkowo.soup.io
atheism.ru
www.cn-c114.net
uagp.net
sojaizdrowie.pl
dofollowmarkzoom.info
nocking.wop.ro
asf.fr
zousen.wop.ro
zinelibrary.info
www.rruu.com.cn
kompressen.wop.ro
tek-9.org
www.gaobiqu.com
thaionlinemarket.net
laredoute.se
war2glory.es
isozial.so
iphones.cx
fatfingers.com
www.ntmb.net
www.shrhr.com
mqhq.210000.org
huppes.puk.ro
hbqiche.buscx.cn
diodati.org
gereedsc.wop.ro
bcdenekamp.nl