ajaxpro.info
www.6168.co
anasblog.me
www.moshuzone.com
tjoomla.com
chemistryclassroom.com
www.168pz.com
daybreak.in
tizerfly.net
tywm.info
dealpeddler.net
mst.pconline.com.cn
frictionnerais.wop.ro
kitgraphique.net
www.xxx59.com
3tre3.it
siewierz.com.pl
leetcode.com
clipxxx69.info
sex-plombir.ru
aqhamembers.org
myzimtube.com
northquincyfootball.com
189.3gbc.cn
ceas.cc
flyff-corner.info
www.bjdlpw.com
ducatimonsterforum.org
hdfreewallpaper.info
wqnqcngsuz.blogtrue.com
pixelnerds.es
audiointerference.com
zijing.org
www.ww0571.com
ancsakeri.xfree.hu
www.4233.info
countdownparty.info
aqchq.com
windowswebhostingz.info
simplee.com
mgm.gov.kz
etlz.nfdy.net
calender.wrzuta.pl
dreamart.az
postafreead.in
fd1.info
www.jianshijx.com
www.cqzhanqi.com
horsewallpapers.in
innate.wop.ro
dojokai-s.jp
400hr.com
bzg2d.com
bigone.info
avtomaslo.info
4444kk-823a.tumblr.com
blogutils.net
klub69.net
universal.elra.info
baidu.jp
aromatherapypoint.com
029tv.net
92k.cc
www.wfxygg.com
betamerica.com
upohar2me.com
yourhomeonlybetter.com
stbotanica.co.uk
beanogas.com
zalige.puk.ro
millionairetraccer.info
doublehelixtwin.net
milpeinados.com
geschrie.puk.ro
samenianrealms.com
cssnature.org
foreverpetite.net
espasa.com.ar
cailinet.syd.com.cn
yam.co
zeusconsult.com.mx
silvey.wop.ro
rl.cz
rumoaoita.com
akribisches.puk.ro
camptarigo.com
london-attractions.info
googlr.20j.info
sqm.ca
www.airjordanyeezy.net
a-x.pl
qq.cc
funiforum.org
adonis.sc
preconsumer.wop.ro
infelis.bloguez.com
114la.ofcard.com
bibipe.bloguez.com
abbalukengbone.com
txt.southcn.com
mytobago.info
all-kin.com
51chuntie.com
dekkan.flog.pl
wxst.nfdy.net
e.yy636.com
text-image.ru
vintagetrends.4zy.info
muskie.wop.ro
soldier.fad3.net
ipl52012wallpapers.info
bloodfestival.livedoor.biz
teionsou.puk.ro
pondomaniak.pl
acetarious.puk.ro
www.ynchuying.org
dona.wop.ro
a.zn178.cn
maxibeats.wordpress.com
dynamitelessonplan.com
0d1.cn
da168.com
famigliacristiana.it
www.64b.it
manifest.eu
b1.fi
haizeiwang.3199.cn
aangevij.wop.ro
hanguocheng.net
kimaster.punt.nl
11dddd.info
hangzhou.15566.info
www.515fa.com
familylawaberdeen.co.uk
studyforums.org
escolainfo.com.br
tsunami.com.br
www.qvod-2.com
www.ai71.cc
cocolomo.jp
mywesttexas.com
oyrkrdeybunkf.blogtrue.com
hecata.dk
blog.css-js.com
itmanagedservicesz.info
08nm.com
flinndalacties.nl
jiaomxy.1168.tv
ckdvd.com
asian-feeling.net
1directoryeyef.com
earneasycash.info
deesa.puk.ro
rkqr.265link.com
magra.net.br
coverville.com
insubordinationrecords.com
www.500ggzz.com
selfmasterysecrets.com
dourody.pinger.pl
masaike.biz
sprachtest.de
azindex.info
tiendastore.net
www.robe-dress.com
abflache.wop.ro
lazienkowe.info
lecantolas40.com.ar
cynergi-services.co.uk
allnews24.de
zapytajkule.pl
ivies.wop.ro
eldespertardelcorazon.com
avrinelectric.com
backfiri.puk.ro
k-cosme.jp
apneateam.info
www.hrsb.eu
kaimenzhima.com
atozasia.com
cokhianphat.com.vn
gloryskygroup.com
gsmnzq.78.cn
csharp.pl
chronicmigraines9rm.info
actualite-trash.info
daludy.info
egxz.nfdy.net
hakoshi.wop.ro
pctechmagazine.com
amtpp.ru
dengruo.info
cartucce.it
ysvh.nfdy.net
24tv.ua
cp.m6h.tv
4799.fad3.net
qaqn.com
gevaarte.wop.ro
notaffiliate.jp
agareso.org
g1-keiba.com
010f8.com
hiervindjealles.nl
hostsuar.com
www.kswuwenqing.com
pekny-nabytek.cz
dresteche.com
zellophan.puk.ro
amikaaaaaaaaa.hyves.nl
fucous.wop.ro
arh665.ru
themeson.tumblr.com
linkalmanac.info
gemak.9r.ro
027b.nfdy.net
electroziq.org
homocere.wop.ro
360tag.net
hahen.wop.ro
bbs.siyang.cc
www.ys3i.com
hbj.jl.gov.cn
qfqv.210000.org
marscdn.com
davidnaylor.co.uk
ishinabe.wop.ro
hotcourses.com.br
fashioncookie.com.tw
dxlbr.info
ignorais.wop.ro
www.zhifuj.cn
linxz.de
raev.wop.ro
kk44kk-823a.tumblr.com
t53.ztzt.us
weltumsegeln.ch
cricketextravaganza2015.blogspot.com
namihui.com
lasu.nfdy.net
room-runner.info
portal-myslowice.pl
jillthorn.com
denwabango.info
rhfv.nfdy.net
excise.go.th
fukurama.wop.ro
inty.com
www.8x5x.com
touristikerauskunft.info
asqwww.ch.gg
faiv.com.ve
x1s.cn
bzzpxx.78.cn
360mag.nl
3vvv.org
minidg.cn
3322.cu.cc
certech.co.za
federationpeche.fr
dowith.ru
franken-pyro.de
esecra.wop.ro
diplotop.fr
zbord.ru
2006.imcsit.org
pics100.net
ilva.dk
guaranteed.wop.ro
sexcam-livecam.info
www.9123.cc
covermebuttons.com
link-commander.com
www.sexav.us
lelo.wop.ro
vseo.ru
2012.jsyks.com
rw.org.ua
wtabkol.cba.pl
broomer.puk.ro
life-soulbody.ru
linkcomplete.info
enterpriseirregulars.com
bookmark-webassist.info
infoznanie.ru
www.apbxgbw.com
alufupus.htw.pl
henryranch.net
amadermodel.com
goryachaya-dostavka.ru
kjt.jl.gov.cn
ck.ckdvd.com
ai0513.com
6hw.us
gazebos.wop.ro
bostonbackpainstore.info
4758352.71ab.com
guihuaxiang.com
www.u6soft.net
dotnetguts.blogspot.com
mingeihi.cruche.balloon.inned.wwwwww.wop.ro
246ys.com
cervicap.wop.ro
icprojects.net
kaylafata.com
echtten.puk.ro
flowerssanfrancisco.7s4.info
czashonoru.nowyekran.pl
yuyanmoshu.com
5d1y.210000.org
cnpottery.com
anh-huy.com
brokenteepee.com
wap.kxdh.us
12voltracing.com
onlineshopping24.us
efind.com
takuu.puk.ro
bloggverden.no
fifplay.com
www.22wenxinge.info
anacapa.biz
383980.com
changingteenlives.com
o-j-n.blogspot.com
feestwinkel-groet.istats.nl
jerah.wop.ro
bookmarkings.info
elbolero.info
backcountrymessenger.com
culsexevid.info
insufridera.puk.ro
ee3.eu
sport.fakt.pl
webinside.pl
www.1314wz.com
faxianhao.com
atwody.com
boxhillvietnam.edu.vn
jqszag.com
dotz-wheels.co.uk
allcity.fr
haqida.uz
davidoyedepoministries.org
www.darpa.mil
banda.linkekneked.hu
ubetoo.com
nemezoo.hu
ezjoy.com.my
azylog.net
aeronoticias.com.pe
rattails.puk.ro
agjr.nfdy.net
pv2.awalker.jp
www.55bbstg.com
azamgarh-uttarpradesh.olx.in
gosheep.gr
criminaliteitswijzer.nl
ni.dk
gahannacommunitytheatre.org
gerenzufang8.com
aanmonsteringen.puk.ro
www.newvision.co.ug
sawal.com
annuaire-bonheur.com
www.veszprem.imami.hu
turnen.puk.ro
a305teyim.com
chomuabanvn.com
hdbyt.com
endogenen.puk.ro
pzjl.fyfz.cn
windows7forum.pl
kepbortv.typepad.com
golfingafter50.com
fabelleer.puk.ro
wernik.wop.ro
boutique-photo.biz
asp.m-live.jp
fashionscene.nl
phl.upr.edu
99chengren.info
51hsz.cn
katyanddave.com
saggiaro.puk.ro
compvter.it
heqhdabf.1168.tv
goaltrainingen.nl
www.pcuk.org
url.sh
gizmodo.com
lygrc.78.cn
opiumbakery.com.tw
listweb.info
incarmobilephonechar.3ji.info
golteras.webs.com
soufflant.puk.ro
bookmarkscript.info
daohang.taobao.com
thornstone.wop.ro
premiumbusinesspaket.de
p30upload.com
c.gouwuluo.com
benetzende.puk.ro
farao.hu
bricktile.com.cn
13022015959.pur5.com
3d9r.com
dt.daqing.net
aquilawebs.info
linkkick.info
ailedda.deviantart.com
cataloniaresearch.info
hegangshi.m69.info
golshidth.com
grantphabao.com
cronian.puk.ro
abgeboge.puk.ro
kebrokan.web.id
tolbertboy.webs.com
chinamobil.com
phlaunt.com
allplanethotels.com
tuenti.co
fuck-off.soup.io
au108.info
ilemaurice-tourisme.info
www.759jz.com
gpagetrade.com
chaoju.csfqw.com
korben.info
christiansepulveda.com
accessidaho.org
aliasauto.fr
pmoblog.kr
966zy.com
linkspear.info
thomas-krenn.de
fzti.210000.org
struxtravel.com