artex.com.vn
nac2012.com
sd.jzrc.net
linksdir.co.uk
boeo.210000.org
coosccr.info
pimpmywordpress.com
4dk.ru
pornohd69.info
ablog.ro
lagrotta.hu
fnev.qiwen5.com
klientki.pl
isou.me
trevisotoday.it
tolltariffer.puk.ro
golden.by
ybask.com
www.rtys10.com
www.geliya.biz
myphotocollage.de
baliconline.in
qoohoo.cn
sighci.org
elitets.ru
cpnotas.info
5wbjl.info
donpepe.hu
studio384.be
schaifers.puk.ro
edyhosting.info
colquitt.puk.ro
sakthidww.com
camlog.com
catalyzi.wop.ro
lolli.com.hk
jomres.de
azplusdesigners.jp
44zl.com
ad.moinhat.info
freeport.cz
lawsuitfundingcash.org
gzsamsungwx.com
wptemaindir.com
samir18.toplista.pl
astral.bloguez.com
asciimw.jp
vone.puk.ro
fieramilano.it
mabuta.wop.ro
rumbo.pt
x1.sha7.info
moore-scarrott.co.uk
gihane.com
626.hk
riwa.taobao.bj.cn
zerostiri.ro
www.fensehui.net
vip.qq.com
millenniumgolf.be
voprosovnet.info
www.m1630.com
relatsencatala.cat
bestonlineadvertisingz.info
ww1.mkf7.com
gpnetsoft.com
clinger.puk.ro
smsmixx.com
atflashgame.com
adotaparser.com
grantphabao.com
newtrafficblueprint.info
raving.wop.ro
amwso.com
splesh.net
gpthanhhoa.org
www.tnova.fr
nansenia.puk.ro
rscs.cz
read.10086.cn
hari.flog.pl
theenz.com
cellsea.com
mujka.ca
w100.wrzuta.pl
bongofury.co.uk
8e6s.qiwen5.com
cpanthersj.blog.ca
easyweb.si
classificadosmil.com.br
gogreenfoundation.com
abofinder.info
rtg-mag.hu
www.bluk.nl
yougedi.org
theoutsourceblog.com
1-800-save-a-pet.com
dga.jp
implanty-zebow.poznan.pl
buddygo.net
guaiwangzu5f.1168.tv
growtallcn.com
guanyun.gov.cn
gzjingui.com.cn
www.869v.com
asvl.hyves.nl
meganest.com
www.jo186.com
filegate.net
dayanwenxue.com
directconnect360.com
www.ok630.com
leibovitch.wop.ro
www.8h688.in
alley.wop.ro
sidoric.ro
bgu.ac.il
prvp.info
kadoshim.puk.ro
hallowsedge.com
hamsgames.webs.com
h-photo.se
anupa.puk.ro
hostingwebdeals.com
aeui.265link.com
edu.cn
seo.ac
bwgnccue.freeblog.hu
relished.wop.ro
cuis.org.uk
www.hsjiptv.com
bonkaceleb.pornrox.com
haokafei.cn
2s-blog.jugem.jp
al-robili.com
hapdosool.ca
avattka.blog.xfree.hu
huafeichashe.taobao.com
pagerankstore.info
infosystems.de
dfsdirect.ca
www.smgay.us
look-at-that.com
bloklists.blog.com
huangjiajian.cn
23qz.nfdy.net
contribamatrices.com
marinepartseurope.com
gpsbao.com
sieuthimayvanphong.com
globe-seo-bookmarks.info
aangescharrelde.puk.ro
hbashop.com.br
2222110.net
pinner.nl
3gck.dtdo.tk
ismailaga.info
ikea.bg
opennet.se
bollywoodtadka.com
motorcraftservice.com
creativityhurts.net
ccjswx.com
atehenmei.com
2010zfxm.78.cn
98fu.tk
ecupl.edu.cn
atlantaeng.com
dusterclub.ru
bf.titan007.com
cy-pr.com
duplicatefile.net
www.papacf.com
amanda.com
juancong.com
infidelsunited.com
korea.ac.kr
fotomaniak.pl
semicriminal.wop.ro
700so.com
imyouare.com
guihuaxiang.com
wsc24.de
junran.wop.ro
teayuan.com
badam.info
fffid.com
htdm.org
www.crux-gd.org
mobdis.co
wtfbook.in
info.ybnews.cn
e-bizo.pl
isabellasart.com
gol.ok1.pl
internetconnectiontest.net
www.libear.com
armor.ag
ivisibility.net
www.sicher-einkaufen.at
jvenus-studio.ca
www.rbscl.com
beautytalk.com.hk
zsebike.freeblog.hu
383967.com
k-teknoloji.com
ocbcnisp.com
bookmarkshare.us
amarixe.com
hbly.210000.org
hydrogrowled.com
www.kankantv.cn
geiliit.net
auditexcel.co.za
www.fctcpa.com
yhbv.nfdy.net
www.xxqs.info
www.bct19.com
linda5026.teasm.cn
juntaextremadura.net
mamore.wop.ro
cardioexercisesathome.com
linefeed.org
lenta.yandex.ru
www.chunse8.com
arcenal.com.ua
niderouqing.fyfz.cn
knight-hall.blog.so-net.ne.jp
avos.com
xtc-modified.org
94s7.nfdy.net
xtend.co.nz
592rj.com
efotolab.net
qingchen.me
powrotroberta.blogspot.com
perchingbeaver.com
bo2forum.com
www.xinfeishop.com
badenpage.de
onxplus.co.cc
2sports.info
clonic.blox.pl
suikerga.wop.ro
www.uchlopa.pl
etkr.nfdy.net
dets.wop.ro
586hk.net
www.tienermovies.be
halver.wop.ro
uprawy.info
linkover.info
gobble.wop.ro
houseandgarden-discount.com
al-saher.net
airtours.co.uk
psa-peugeot-citroen.com
dafeng.ycrcw.js.cn
gearhost.com
raui.org
6zz.cc
59bj.com
clusterattacke.de
www.ttxyx.com
belia.flog.pl
ybqz.qiwen5.com
www.czfa.pl
maatje.wop.ro
comparehotelrates.info
labellum.wop.ro
a00daveskyler.a-lsawards.com
cyberpratic.info
72pines.com
basis-32.org
freereleasepress.com
mkikuchi.wop.ro
flashseats.com
mo6.me
www.zhongbiaotuan.com
dsfawie3.tumblr.com
gurgitation.wop.ro
jlrn.210000.org
tjoomla.com
www.tsqj.info
perfectvisualhost.com
ccglarus.ch
onsgenoegen.tk
bouaghi.puk.ro
montenegro.blog.hu
reyonist.com
bmw-joy.com.cn
tbugtdqodz.freeblog.hu
watsonportal.net
antica-ferien.ch
hgh.info
life.39.net
67xo.com
linkstatistics.org
korben.info
www.ustr.gov
xamor.com.br
www33wq.4dmn.com
www.yangben.org
annuaire-bien-etre.info
planet4one.de
socialbookmarkshare.info
tanhouse.org.uk
cwlp.210000.org
eof.gr
6pog.qiwen5.com
katrinakaif.eu
trockenv.wop.ro
www.wyksp.com
www.wzwwi.com
artofphotograph.de
benmouch.wop.ro
www.shixibuluo.com
www.d4ddd.com
blogs.guardian.co.uk
amfar.org
www.77kav.com
gentlemansgazette.com
dweper.wop.ro
bestjobsau.com
www.yarczp.com
www.cpdy.net
gioite.wop.ro
marinespecies.org
kindra.wop.ro
gsipartners.com
bonifratrzy.pl
www.ssbs.cn
www.cnzhnyu.com
davidadamek.cz
515.cc
yehefuqali2.pev.pl
www.hwedu.cn
www.tuning.pl
informatika.si
swsoft.com
apn.com
gtalbot.org
dornanet.net
congloi.info
kamifox.eu
xsnav.c.la
surgeryloansforbadcredit.info
91baby.mama.cn
xn--perspektive-fr-deutschland-b0c.de
www.go2html.com
proceda.com.br
www.italiansdoitbetter.it
l2thinktank.com
www.gd6154.org
legman.wop.ro
dtd.ru
zaqk.ro
www.mju.edu.cn
uggbootsclearancex.com
radbraakte.rutena.zujyou.wwwwww.wop.ro
theodorherzl.prv.pl
abcool.ru
xxxtube.name
edulandia.pl
thetravelwriters.net
myeveningdress.co.uk
korenat.hr
www.gt0086.com
www.xxzwm.com
gainiantuan.com
ameliste.fr
horoscopnet.ro
rynnakko.fi
uwc-usa.org
www.leyuan100.com
iiiiii.me
tomaszlacki.pl
bitcoinz.com.ar
www.969686.com
www.cettic.gov.cn
hxjl.maijx.com
couponfield.com
www.pbs.hu
houseonline.be
jungtang.com
xronika.az
www.lyjw.gov.cn
361dy.com
beurtelingse.puk.ro
tayato.wop.ro
nonfinis.puk.ro
molden.puk.ro
waterremediationz.info
schlaefrigere.wop.ro
21shiji.net
patrice-breal.com
eric.asia
gailborden.info
uis.vn
hobashir.puk.ro
www.2083.jp
quick2degrees.com
meodiu.us.pn
link.ua
www.yqppw.com
www.mtz999.com
56kompania.pl
www.flower.fj.cn
titirimundi.wop.ro
seduoduo.info
webtrunki.pl
silesiapunkforum.pl
tqhlw.1168.tv
texnovlog.ru
netgj.net
www.animonda.de
15jk.net
miia.wop.ro
www.ydgyxx.com