health4women.org
m.baidu.mobi
5iwuhu.com
seo-kagoshima.info
www.zkdp.pl
grosslercher.com
www.gfans.info
teamccm.com
caoliugame.tumblr.com
www.gaotian168.com
libor.wop.ro
tyhlztgt.1168.tv
jocurigatit.info
ozarow.info
behrie-koi.de
sollicitantes.wop.ro
www.807007.com
tenagusa.puk.ro
mx007.com
samsunggalaxytabbest.7q9.info
soupesaient.wop.ro
brakwolnejnazwy.digart.pl
myip.com.tw
telkomvision.net.id
zhao57521.com
style.qooza.hk
extraitsexe8.info
portalguarani.com
www.yudvd.com
go2.hu
aanspeelden.puk.ro
mojd.qiwen5.com
jostu.com
nyatravinmet.blogtrue.com
property-bank.co.jp
www.xiqituan.net
opxncnlaneew.blogtrue.com
6g4.info
readcom.info
www.zsxy.gov.cn
nj.yunhouse.net
9988.cu.cc
grootpap.wop.ro
loreczek.blip.pl
nudecelebs.ru
akku.net
www.szmsxc.net
minecraftseeds.info
www.zgjl028.com
consegnera.wop.ro
www.ducati.sk
www.zqp168.cn
www.lycbearing.com
visse.wop.ro
slating.puk.ro
gpwmedia.pl
ccrt.com
tattoos-gallery.net
noble-house.tk
ef-englishfirst.ru
jonde.wop.ro
nagyi.bmknet.hu
www.hary.pl
supportbee.com
dragueuses.wop.ro
www.akiti.ca
tnd.pinger.pl
traumaticlesionsjut.info
mymall.bg
gurgitation.wop.ro
www.lhhq.cn
bonkaceleb.pornrox.com
huohai.net
www.eprot.org
businessworld.ch
julli.flog.pl
graphics.beareyes.com.cn
www.zaoxietang.biz
zaoxiesan.com
xdexcylly.typepad.com
www.dyhlw.cc
1dollardomain.info
weltfremde.de
gebiechteter.wop.ro
whatshebuys.com
hdbyt.com
huangang.info
bass-sklep.pl
download-pitbull-ringtones.blogspot.tw
www.meirongyuanjiameng.com
kasikornsecurities.com
theseonewsblog.com
tolkland.com
www.nubo.nl
1.aapig.mobi
nakedwee.puk.ro
beznakazannosti.net
www.linkinger.com
www.kghbjx.com
orbit.com
s-lines.net
go1888.com
www.sw517.com
s-elly.de
www.chinaopple.com
www.haonongzi.com
showless.soup.io
kali-gula.flog.pl
lanphong.net
powerinbox.com
www.zoolux.pl
dd582.com
arena-multimedia.com
bmceo.co.kr
chinezu.eu
homejobhelp.com
affiliateprogramslocator.com
6h49.info
thamesaerials.co.uk
ll5.eu
sieuthimuachung.com
www.sxws.gov.cn
48cf.com
d-boys.com
vdns.vn
anxiety-and-depression-solutions.com
www.sunrise-tag.com
libobeiyong.info
4682.info
fairtyre.eu
teiketusau.info
7177.nfdy.net
makkahedu.gov.sa
michas93.wrzuta.pl
ecpxw.com
haxlash.org
huyuanjiadrmj.1168.tv
retrobaba.xfree.hu
dn.yzz.cn
admin.pro
cochran.puk.ro
redstarbelgrade.info
pornhd69.info
gs.189.cn
taotu8.net
psiaki.prv.pl
62board.com
shoppen-mit-herz.de
bcsj.cc
medicalbookmarking.info
korg.co.jp
karolek3.pinger.pl
bcsp.org
www.iiheal.com
onmam.com
stylishfetish.com
bumper.wop.ro
www.hoba.it
28mlg.com
goetheschule-limburg.de
passwords4you.info
newhomeremodelling.info
realestaterama.com
directemailmarketingz.info
manutouch.com.hk
tvoe.tv
fleurop.ch
anfritz.de
sidoric.ro
pc-outlet.hu
balsamic-mic.info
mpcs.keep.pl
keepindiaonline.com
6hss998.com
diggit.com
bathstexpwork.freeforums.org
basic-paper.com
basoid.puk.ro
www.2mz.org
jgbi.lizhidy.net
www.jaclaw.pl
gdn63.com
bookmarkingnetwork.info
163z.com
baule.puk.ro
distritointerior.com.ar
vannonces.fr
bbppbatu.info
dachser.com
bbs.0931zxw.com
bbktech.net
www.690812919.qqku.com
www.youhuo.la
robinthecoach.com
ptks.nfdy.net
monzacinema.it
aurora-israel.co.il
blowzier.puk.ro
chubbyblonde.net
borea.musicblog.fr
elib.org
www.hudaxiang.com
hallowsedge.com
khawar.wop.ro
hweisk.com
bbs.33bird.com
42studio.eu
groei.wop.ro
65.cm
13mzh.qz97.net
boeldage.puk.ro
bodie.puk.ro
brainville.pl
bodijo.puk.ro
bbs.7747.net
bbs.baofeng.com
apcp.ie
thuantuong.vn
shandong.zg2sc.cn
bbs.fy168.cc
freshlook.asia
bbs.gzuc.net
bbs.cbbn.net
bbs.gandongs.cn
beremennie-foto.ru
pirket.wop.ro
gobble.wop.ro
remusmunteanu.ro
bbs.lft.name
bbs.souxin.cn
official.co.uk
bbs.suizhouwang.org
bbs.stormcodec.com
lahuli.wop.ro
molden.puk.ro
grubasska.pinger.pl
sexbig69.info
www.lkcisen.com
bbs.whjzw.net
socialsection.info
dorsay.wop.ro
bijia123.cn
bbs.xinji.net
7b.cn
bbs.yngsxy.net
www.88ii.info
lindatongkanggp.1168.tv
beyondrainbow.pinger.pl
uvol.digart.pl
mostfuelefficientsuv.info
bc1116.com
bcjc5.com
accountbookmarking.info
eldersrealestatewas.info
ccftn.com
docevidadiabetes.com.br
www.99bill1.com
6g.org
ferrao.com.br
label-park.de
capitaltattoo.info
udmr.nfdy.net
www.gkoo.net
taoke.21330.com
tom000.info
lifeinsurancehub.org
www.gooru.pl
buzzraid.com
bcplci.puk.ro
tjoomla.com
giaoluutip.com
ouo.pl
viajesturismo.info
classifiedslive.com
machie.puk.ro
www.szsdh1.com
cityclub.com.mx
www.mundoanuncio.cl
miraclebookmarking.info
bbs.zzjie.com
dog-names.org.uk
topporno69.info
sinhvien18.wap.sh
hobashir.puk.ro
www.dd.122.com
www.vanegdom.nl
bd8.in
wap.62141.cc
bdw.me
virtualarticles.info
statistics.gov.lk
nike-air-force.info
wyprawa.info
beauftrage.puk.ro
bukmark.net
guihuaxiang.com
getlocalwebtraffic.info
dj.kenhdj.net
berkshireradio.org
beatniks.puk.ro
uniwb.com
xfwk.k3y3.net
marxie.wop.ro
cineclandestino.it
www.ssxxk.com
beauty.xmnn.cn
fordland.puk.ro
mediumphoto.com.pl
2012.csztv.cn
kulturystyka.org.pl
modelki.toplista.pl
amercendearse.puk.ro
maxtelecom.bg
bjccjy.9998.tv
bebop.puk.ro
gimmemydomains.com
vmpa.k3y3.net
cognito.net.au
bec-et-ongles.com
tastemyheart8.digart.pl
hr365.co
roundtheworldtrip.me.uk
ocesia.edu.pl
wallpapers4all.info
384.cc
www.lataupe.cz
bdb.jiangxuezhi.org
wertii.prv.pl
ci.19188.cn
sn77.info
pelwaves.com
socialbookmarkflex.info
hahaxiao.info
haoxd.net
tao.la
ijdeler.puk.ro
bedall.puk.ro
www.nic.tm
sobotel.pl
tanachau.vn
bedash.puk.ro
iphone-meister.info
www.370518.com
bedd.tk