bedd.tk
bedia.puk.ro
multijet.wop.ro
beechy.puk.ro
www.adtcn.com
renchenwen.soukeba.net
mokoulou.puk.ro
rpgwars.pl
hassan.massoudy.pagesperso-orange.fr
hackbraten.trash.net
6hwap.cc
prfh.info
medicalbooksonline.info
beehive-trade.com
polantis.info
wulien88.taobao.com
krs-online.com.pl
ofertyrzeszow.pl
beento.tk
youporn12.info
fizzbangseo.com
zabawkowicz.pl
beepitett-butor.cgr.hu
dzng.nfdy.net
2w.hu
www.apro.lt
befehl.puk.ro
www.yinseuu.com
ninut.wop.ro
sundaystandard.info
ewire.dk
befanden.puk.ro
katalog-seo-max.pl
goctn.wap.sh
buscaaqui.com.br
cdradio.7wx.info
www.waga8.com
beepsanjuan.com.ar
xixichengyuan.com
madeinulyanovsk.ru
miltos.wop.ro
innovaphone.de
971971.co
teiketusau.info
hyrlgh.se
wegoodlinks.com
kalakala.wrzuta.pl
www.gmtanc.hu
nakedwee.puk.ro
www.nemsar.org
adbertigant.blog.pl
realestatecomplaints.in
dominium.ru
fiktivt.puk.ro
www.o591.com
workingnews.blog117.fc2.com
beffroi.puk.ro
gnchurch.org
mpcs.keep.pl
hoteleqbal.com
dagussiaa.polki.pl
lim.by
hao.bbww.cn
roelandmeyer.org
wegviele.wop.ro
t-suki.jp
baby.taobao.39.net
288326.www.blox.pl
bjtdyz.com
rzxg.210000.org
lue85.com
0815deluxe.de
saite.puk.ro
www.wzbaode.com
sudanyiat.net
namako.puk.ro
qilu120.com
4455.cu.cc
osdcs.com
euroteam.info
ramuda.wop.ro
equalarticles.info
vinnica.info
telsales.org
watchufc100.blogspot.jp
a1netdirectory.com
websitereported.com
begood.vn
www.hehe256.com
rednetmedia.pl
auto.0916.tv
selangju.info
getusb.info
vk-anonime.reformal.ru
fregat.info
en.yangling.gov.cn
bazakont.pl
ingo.blog.is
caditec.de
boostseo.info
ergonet.com.ar
wai1010-a13.tumblr.com
fog.ge
brandiva.pl
xixidieyuan.com
www.shrhr.com
telcak.fecsegj.hu
wlnc.co.cc
www.sdjgj.gov.cn
shexingxing.cn
yddj.qiwen5.com
7rang.info
mti.pinger.pl
e-towel.net
tamilkadal.com
omichi.digart.pl
forex.mn
topseocompanies.in
www.dell.cz
www.deru.hu
fuori.puk.ro
skinfood.co.jp
www.xiangyue0769.com
afnews.info
shaseifu.puk.ro
thr.soup.io
twoj-se.info
hostratings.co.uk
bbbgreen.info
windows7forum.pl
www.paining.cn
mptv.56dvd.net
nosmeilleurescourses.fr
4.am
formsofaddress.info
hivaidstribe.com
www.skz.gov.cn
na.se
eonbe.info
uca.edu.ni
uy60.com
parodierais.puk.ro
sepbcs.gob.mx
kerala-malayalam.com
mimietjes.wwwwww.wop.ro
chatplace7.nl
holidayline.pl
directmailingservicesz.info
lipstiq.com
davel.blip.pl
www.jrdkw.com
www.jbxy.net
cctvc.5d6d.net
ipslcd.com
worldblowup.info
youarelistening.to
acwl.nfdy.net
nyuujyuu.puk.ro
www.jzjj8.cn
acbj.com
colosseum.cz
shishirencaiwang.qz97.com
lotuseed.cn
napiprojekt.pl
6070.az
www.nordea.se
ttes.info
abbeygh.co.uk
webbookmarking.info
www.wwwjiayuan.net
xxx12.info
asicscheap.com
1101.wapbm.me
edp.pt
jizou.blog.so-net.ne.jp
piotrekkaktus.digart.pl
verguizingen.walane.betteanne.affettati.hygien.wwwwww.wop.ro
km-orzel.pl
www.139idc.cn
tevi.de
didymous.puk.ro
cnpaf.net
renamedgames.com
craftstoneoz.com.au
presse-net.fr
zionlodge.com
gagucsitan.eblog.pl
mind4you.pl
www.reclicksnetwork.com
experten-tricks.de
abs2491.de
www.zumi.pl
www.drstudio.pl
murderme.puk.ro
han.zyue.com
techkriti.org
actukids.com
yh5.cc
www.linwusoft.com
gkotsikas.gr
candelin.wop.ro
uu.seqovd.info
www.nvfun.cn
purlicue.wop.ro
cubajutia.com
myskype.info
5020suncity.com
shibuheya-shinjuku.jp
slating.puk.ro
rebielcz.pl
freepbx.com.pl
gri.fo
szalona93.pinger.pl
recursul.ro
mom-son.org
lotyzwrocka.pl
royaume-hasgard.com
023nk.com
www.cdjj.net
orangecoastcollege.edu
www.yinrengu.net
greenmama.ua
hao.b2b.biz
sshuai.com
hodinarstvo.sk
zoofiliagratis.com.ar
peopleviews.net
my-edu.net
jgbi.lizhidy.net
miedzianowlosa.wrzuta.pl
www.csna.cn
www.fengshuipage.com
sxoo.nfdy.net
www.newasp.net
www.dustmedia.net
deet.tk
ursynow.waw.pl
besthost.by
uksconcord.pl
innovaos.com
mazda.lap.hu
norskrallyfoto.com
racksrv.com
19qinglou.com
kwiaciarnia-silentium.pl
adata.pl
tsbbb.com
www.zzruanyin.net
95ab.com
eelly30.diandian.com
yase.wop.ro
tyvm.eu
666bukkake.com
www.meimeitang.info
lapetiteactu.fr
www.xcy8093.com
download-rick-ross-ringtones.blogspot.com.es
xnxx.su
pontapair.com
awq4.gn2012.com
unikurage.sakura.ne.jp
cfpchina.com
topic.xcar.com.cn
midaj.digart.pl
tehdot.blip.pl
newusbhub.info
www.strv.is
twig-design.co.uk
www.zsnews.cn
qqq-qqq.cn
www.nysfcy.com
www.258bc.com
sms.org.ir
hebinzhicheng.com
roozu.com.pl
guihuaxiang.com
maimw.78.cn
lolroflmao.com
starlight-koenigsfeld.de
amigarver.pinger.pl
changshachepiao.fdcez.cn
cd.120job.cn
1956.lap.hu
anunciando.es
infogroup.it
bootblackboy.tumblr.com
tilsvaret.wop.ro
chocoomint.deviantart.com
touroman.om
psorous.wop.ro
bbmpins.co.za
passiers.wop.ro
yanyanpi.1168.tv
triboo.it
wildtube.ru
bangaloremetro.in
74sifu.com
afl.com.au
zinshin.puk.ro
naebelgeischter.ch
www.yhsk.cn
eade.nfdy.net
www.0476.org
solidt.puk.ro
lzqf.net
wagner.edu
www.bsx.cc
www.medianet.cz
www.chenzhixue.com
www.usedu.net
avisrefe.puk.ro
lowcostcarinsurancez.info
feestwinkel-abbekerk.istats.nl
33c.cc
formaty.info
seocat.pl
www.53318.com
kekavasnovadam.lv
www.gzg666.info
www.kancai.com
kishoku.gr.jp
guifei.info
archiculture.co.uk
miasta.pl
astroidentification.info
www.xiuzhan.net
www.kaiyun.net
xahaqrbdd.blog.mongenie.com
cnporter.com
www.wgb320330.com
shafts.wop.ro
www.stanieckaminski.pl
68h.org
varicoseveinscausesqqsj.info
escortvip.com.br
prqy.info
2s-blog.jugem.jp
www.jogositvanyok.hu
eogi6.com
boardsite.info
rootsana-shopping.info
www.sosgu.com
pinti.com.tr
yaose.at.ua
www.zzlanshuodz.com
excelforum.pl
albiazules.es
impresa.wop.ro
eenide.info
africa.fad3.net