866tryelite.com
help.163.com
pharmindex.pl
welser-messe.com
amadorwa.com|chris-ensoll.com|surroundreceiverrevi.9see.info|www.olx.com.sv|www.renticd.com|aleksandra1.flog.pl|www.138fp.com|www.oov.pl|bbnj.nfdy.net|khamta.wop.ro|tortellini.hu|www.wens.com.cn|fmq7.nfdy.net|webgarden.com|janjl.deviantart.com|www.7898989.com|www.04baidu.com|www.xmrsd.cn|menudirect.com|parishcreations.com|ulusahizmet.com|prsorgulama.org|www.jianfei.net|www.rts.fm|huaiyunqiandezhunbei.bb-house.com|fotobanda.com|glaent.wop.ro|anthonyackroyd.com|bioon.net|cpugjbxvci.blog.mongenie.com|www.158mlt.com|aagamas.net|www.luhacovice.cz|www.joojd.com|setools.cn|ieb.be|jphkywgi.skynetblogs.be|www.ldd6899.com|sankygz.com|dreamworld.goedbegin.nl|bbs.hkvmv.com|www.xxx93.com|www.qg-knives.com|aerialarts.deviantart.com|kzaa.nfdy.net|www.714302.com|gs.mbzl.us|vq5o.k3y3.net|www.ttky4.com|www.dcvg.cn|gascaquintero.com|www.hxtao8.com|affordablehealthcare-1.info|churchofchristehr.com|kamban.in|pan-yu.net|www.cntianxin.com|www.lmmw365.net|utorque.com|www.dywtx.com|www.shszc.com|www.dbxigua.com|www.bsyjfc.com|tumen.mk.ru|pagestat.com|www.qiangren.org|www.baimao.com|goodartanimation.com|9yin-vvoniuu.com|www.tsyouxi.cn|www.cnsummit.cn|www.zhenxingo.com|www.djdmy.com|ranking.pk|cigarettes.typepad.com|actresssex.a-maturescam.com|plsearch.com|escaparatevisual.com|adminunion.com|www.hnzyxx.net|htqc168.b2b.hc360.com|qianjin88.gitom.com|www.leica.org.cn|www.asianhugecock.com|dazs.66law.cn|19qq.hk|wap.tudou.com|www.szhq.com|www.twspg.com|valu.cn|szoves.lap.hu|wordpress.com|digital.orf.at|www.4006848085.com|bbs.sqfc.cn|ftpcdn6.r633.cn|www.szaaa.com|www.liswl.com|www.sjhfs.com|24xxoo.com|www.babaw.com|www.kkyxw.com|qdlwt.cn|fotbalstudenka.cz|gytq.nfdy.net
olivean.com
livearabictv.org
toscanain.org
notorius.pl
w3c.es
canuckdirectory.com
okisee.com
peta.surfsleutel.info
www.ikal.cz
cieciers.wop.ro
www.y-seo.com
www.0516seo.cn
pubmedcentral.nih.gov
www.wgb320330.com
karenmillen2011.net
91ai.tk
selangor.gov.my
behindreels.com
experimentsintheater.com
stax.net
rpv9.qiwen5.com
www.ress.cz
shoptysons.com
760.sexfilmpie.nl
4yb.info
thuoctridaurang.suckhoevietnam.info
kawase19.net
www.anuntpromovat.ro
wootz-shop.com
stateresults.in
stayfitbuzz.com
test-blog-test-12346.blogspot.in
ateamsupport.com
justwebvalue.com
brein26.hyves.nl
stickyguide.com
lbbook.cn
www.dell.cz
wikinations.org
arztsohn.wop.ro
www.0pd.de
www.jelc.or.jp
p2pool.info
video.cjb.hu
cyberteen-tgp.com
swatchandbeyond.com
hatankala.co.il
zicai8.com
comberstame.blogsalbum.com
ibgen.com.br
www.djwq.net
watbuddhadhamaram.com
gsmforum.su
firstcoach.com.my
sidmailserver101.info
pintuco.com.ec
clarins.fr
cornix.wop.ro
ashui.buyoilpaintingss.com
indas.ca
dawnwing.co.za
jiangxirc.com
wakeworld.com
beglec.com
loteriakronung.pl
webboar.com
lz0123.cn
rockhal.lu
fute.puk.ro
tc-host.pl
watch-marina-abramovic-online.blogspot.pt
bigskyfishing.com
aovestnam.vn
www.zomkj.com
gbr.cc
takrank.com
cabatito.eblog.pl
kifach.info
sovetyem.ru
thirty.name
t-oya.net
alphaoch.com
game-dev.pl
dukat.wop.ro
www.techno.cz
cdschina.org
www.ceafa.es
www.youbian888.com
rankinsider.com
cssheaven.com
zjgjy.org
www.byborak.cz
localnewsnow.org
mestere.puk.ro
n-kasa.pl
crossfitsouthcairns.com
www.018.net.cn
surfervibe.com
www.youzhigo.com
kazuya77x.blog.so-net.ne.jp
strangecargo.com
vterrain.org
instaforex.my
kunming.ucar.cn
swimwithluey.com
kuhnja.su
sadcc.wop.ro
room404.net
tenis.pt
easy-4you.fr
epp2012.eu
www.pannonprodukt.hu
tbrh.qiwen5.com
ecgorzow.pl
www.gangjiaoxian99.com
f.epe.at
tubexxx18.info
en-web-directory.com
gorkori.lap.hu
seibh.wop.ro
www.kctdk.cz
schockidic.bloguez.com
www.pagl.cn
prensaerotica.com
vip.readnovel.com
ratais.puk.ro
2jiy.k3y3.net
www.evona.cz
policy.caixin.cn
shanefilan.info
gak.co.uk
se5151-0ya304.diandian.com
hitlernewz.com
op-5.no
molumaru.puk.ro
nixle.com
radiosago.cl
www.kruikenzeikers.nl
shop34380984.taobao.com
www.029wjj.com
08hk.net
comoment.com
jousetuc.puk.ro
kks.8x5x.co
divorcecoach.co
tetoep.lapunk.hu
arredashop.it
www.feijiehe.org
zord.hu
darkies.wop.ro
rossoneriblog.com
autoelec.puk.ro
journeyman.cz
essayist.info
dzidek75.digart.pl
www.cyfraplus.pl
schnullerschule.de
www.zalabit.hu
251901.net
gaxizagy.net23.net
lektorat.de
thetower.info
northdakota.jobs
rci.rutgers.edu
www.lnxb120.com
race.es
click.uol.com.br
fushun.chinaibi.cn
emparpro.blogspot.com
www.ewspeak.com
mall.h2h.cn
321ip.cn
caci.dz
seo-analiz.org.ua
myswty.com
www.ctrtheme.com
served.pinger.pl
afgesple.puk.ro
teacuppa.com
tahvel.ee
aylt.cn
linkguy.info
www.bbga.cz
web-feeds.com
www.skep.nl
www.xunlei.com
www.nivea.cz
nudevirgingirls.net
listrapid.info
wisterm.pl
efenliao.com
hotel.mezokovesd.szallas.istenhozta.hu
www.squidoo.com
uselessgenius.tumblr.com
kiss-music.jp
addurl-today.com
mediaus.co.kr
fixingcreditscore.info
camfrogmotel.com
www.caiyou.cn
fullthrottleonfatloss.net
www.lnmm.lv
toader.wop.ro
lupiewkregoslupie.pl
umotivateme.com
eventbug.com
duoduohongyaocn.1168.tv
www.mzak.cz
isee.sina.net
www.uniqa.cz
umema.info
kccr.265link.com
york.gov.uk
eleve.puk.ro
jiujiang.tielu.org
www.haojiaju.info
sensationbookmarking.info
www.kinhdoanh365.net
www.paukool.com
www.obon.com.cn
sdrock.com
sasuke.wop.ro
www.eukc.org
rocketmanufacturing.com
www.40800.cn
cnc.3745.com.cn
vikax.prv.pl
www.hrblib.net.cn
tomeofeightsouls.com
fantastyczny.eu
bibliotekr.dk
www.yiyi.cc
www.egoogoo.cn
www.kaixiny8.com
9taileddemonfoxclub.deviantart.com
lamd.210000.org
niazonline.com
kimipe-movie.jp
suburbanps.com
oyo.dnevnik.hr
www.fanlidg.com
magento4u.wordpress.com
www.acert.cz
www.dv07.com
injurylawyerscentre.com
kordate.puk.ro
668dd.com
www.vxk.cz
www.henhencao.com
annaz.blox.pl
datosgratis.net
ewebarea.info
www.ct40010010.com
ingener.info
madeinbrazilblog.com
yowiye.wop.ro
complexarticles.info
www.gtfczx.com
www.ajda.cz
ppgys.com
newriders.com
www.por6.com
nasial.wop.ro
www.rosebud.cz
genocid.net
dtmpower.net
www.360ysh.com
greatarrivals.com
langlipp.puk.ro
www.bfmdy.com
zaza-j.com
silvercopen2.blog.so-net.ne.jp
hornybank.com
sslwebapps.net
amantis.net
goryachaya-dostavka.ru
www.22jin.com
www.mechulka.cz
thegardenerbook.com
monsheri.com.ua
www.126yingyuan.com
uxdrinkinggame.com
wecansex.com
www.wanted.ch
www.paihui.net
zsxx2005.e21.cn
www.cmfs.cz
chrissiecool.deviantart.com
www.bazak.cz
chaptersworld.com
footcrab.soup.io
www.geo-lehti.fi
you.xiaoyoyo.com
www.99234.net
masonezra.tigblog.org
ponoorak.wrzuta.pl
www.q9le.4f9.org
zouei.wop.ro
travel-new-england.com
www.thybz.com
daan.icoc.cn
www.881mi.com
lago.flog.pl
rpg.3199.cn
hallmarkblinds.co.uk
7651.com
eoo8.k3y3.net
www.wutongxiang.cc
thebannerexchange.com
gulasoft.uw.hu
shtrih-m.ru
b.17sese.com
aplaceofhope.com
www.qq1163.com
www.vv5555.com
martaban.wop.ro
dessinemoiunsoulier.com
l9fx.k3y3.net
culture-canada.ca
narf.pl
ideasonboard.org
schwangerschaft-ernaehrung.info
wright.edu
szefpf.cn
xpblogger.com
www.hsgyy.com
www.netty.cz
www.spzcr.cz
corriereimmobiliare.com
vitalbook.com
28daquan.com
www.a0taobao.com
www.multexim.pl
www.sport.cz
butorcsalad.hu
here.r.gd
www.zhiju189.com
www.zjcoo.com
1x-upon.com
www.bjrhby.com
scsk.jp
xixichengyuan.com
www.farina.cn
biotreat.info
pay.009j.com
npomedia.org
moef.nic.in
toolz.im
direttaradio.it
www1.henhengan.com
www.qdnzy.cn
admartinator.de
www.usfcr.cz
lubliniec.info
e-dns.org
dj-nation.pl
cwlp.210000.org
www.ntxd.org
www.qqyun.cc
tjrs.cn
www.kkkbz.com
www.graal.pl
myseospy.com
articleguidedir.com
websitedown.info
51harc.com
blogspot.in
www.16555.info
hoth.wop.ro
breadexperience.com
90.24.gg
skylineowners.com
www.chmu.cz
tekki.de
antreando.com
av.8888ye.com
www.kkpic.com
svenssonsmith.se
xixidieyuan.com
www.yanchu360.com
istpravda.com.ua
hochvaku.puk.ro
rasme.com
nekolen.soup.io
gateway.gov.uk
bookmarkpage.info
zweier.puk.ro
ewarez.net
www.tncms.ro
storm.no
tunelclub.ic.cz
links10.info
www.ghzjlt.cn
anyang.house.sina.com.cn
faststart.ru
naijaflirt.com
schweitzer-online.de
ara.org
adrien.puk.ro
apiculamellifera.fr
www.ee-crm.com
www.unicef.cz
blog.1181.cc
www.aihaim.com
neewa.puk.ro
activlab.hu
www.miedzy.blog.pl
tabu75.link.xfree.hu
diprete.com
seo.cylipin.com
shenghuo88.com
muhasebetr.com
www.szhi-net.com
sortown.com
xj0990.5d6d.net
www.1and1.ro
huamokangtkt.1168.tv
www.deneul.nl
www.wanshentu.com
www.brbao.com
eights.puk.ro
iphonehoesjes.goedbegin.nl
freemenet.com
wedding-index.net
pijanitvor.com
educationaltoysplanet.com
771bb.com
www.sccf.us
babaxzlz.blogger.hu
luxairtours.lu
rohnisch.se
faitesvotreshopping.fr
myweddingfavorsetc.com
www.huolixieye.uqc.cn
abcool.ru
wocool.info
latribune.fr
kommentvitez.hu
exxtra.blip.pl
www.90ho.cc
conectate.com.do
uwcart.ru
www.gemoney.cz
photofc.com
punctogr.wop.ro
badische-zeitung.de
medlook.net.cy
honmaru.pl
www.hs5g.com
qhljm.78.cn
www.2q88.com
57dns.com
countrystreetdancers.ch
begood.vn
sf161.com
beinsure.info
benten10oyunlari.com
bildausd.puk.ro
allateledel.lap.hu
elmarino.info
megane3.fr
bgu.az
adaisychaindream.blogspot.com
netarena.pl
sed2.info
www.600i.com
sedal.cl
seeweges.wop.ro
faiv.com.ve
segta.net
keikenkyo.or.jp
webhostingsharedz.info
123web.pro
dchome.net
125134538.taobao.com
armene.wop.ro
houmayizhong.com
bruclass.info
burnettpainting.com
greenparty.ca
cd.edulife.com.cn
dubaievents.ae
chernyspisok.info
www.76ppp.com
elhuyar.com
elife.ws
arculatepito.hu
fzmfkj.info
fzpu.nfdy.net
helpmedia.org
gouyiyi.info
gruntlin.puk.ro
zadania.info
business-school.uz
vlad.mk.ru
www.hy6588.com
hearya.com
heavyrevy.com
www.blansko.cz
hebinzhicheng.com
guihuaxiang.com
hostwebsolutions.com.br
3plearning.com
gladharige.puk.ro
www.rtn.ch
it8wn.info
seo4.cz
gsclean.com
jamsonchina.com.cn
jandp.soup.io
domkoncept.pl
jasonwjones.com
jbhxiaoercwkt.1168.tv
jbk.39.net
evenko.ca
jbofscfrbi.blog.mongenie.com
jhankinewz.info
boysrainboots.50x.info
megashare.vn
yuimar.org
butuzou.wop.ro
bbs.qshpan.com
nycn.info
97tao.org
katrinundjochen.de
sdegnosi.puk.ro
muzyczka.pl
youporn5.info
vouliez.wop.ro
656bb.info
munkaado.monster.hu
www.809809.com
121e12.d5dsoft.com
daoyou.chutou.net
neonet.co.kr
www.cpipee.com.cn
www.alprom.pl
www.0312kq.cn
www.sxtxj.cn
my-themes.com
sdrzrgh.fyfz.cn
infokop.net
sdtjsg.com
www.efca.pl
www.verzi.si
livingtechnologies.co.za
www.ooron.com
www.yjlxx.cn
satellitedirectsoftware.tk
kcbb.org
alardli.info
2ndasa.com
free-lady.ru
balsembomen.puk.ro
ondroid.info
bikinibeaches.net
ios-blog.co.uk
simpleeasytools.com
astronomi.com
odnogruppnik.ru
www.yancao88.com
gov.cap.ru
unet.info
tayato.wop.ro
sdox.nfdy.net
www.90qianxian.com
search-marketing.info
www.haiyangchen.com
securistul.info
securitymonitoringz.info
wapzt.hk
tradingacademy.net
57rb.nfdy.net
www.geze.cz
57tan.com
5847.210000.org
inspectorbest.de
585ccc.com
5862095813.phone.searchwww.com
wcsaga.com
5888.jjliao.com
www.rewen8.com
kvartplata.info
zxdizhi.diandian.com
scfsez.com
www.sinofortune.mobi
59bj.com
59bj.taobao.com
59ii.info
sqxy.net
aden.org
zgweb.com
meiwen.gmw.cn
ldlines.co.uk
bus.hankyu.co.jp
pasha.org.pk
mediafire.r.gd
www.shwebc.cn
renti.08mm.net
www.533755.com
www.ytysw.com.cn
pil.dk
www.fh1369.com
avt.pl
www.cmias.cz
www.bboxkids.com
se.se
searchinfo.in
hadou.puk.ro
sebw.nfdy.net
www.lbz.ru
securedcheckout.ws
52qwbl.com
igjen.puk.ro
seebaa.pl
uni-blog.info
1yge.net
socialtorrent.net
3--9.info
321.gov.cn
ftp.jmu.edu.cn
3m-cn.net
ara.blip.pl
www.xinwyt3.com
lenriram.bloguez.com
89st.nfdy.net
annualgolf.com
data.but.tw
aprettylifeinthesuburbs.com
belisle.wop.ro
linkoptimiz.info
belkinwirelessgadapt.4yb.info
daybreak.in
mytrafficexchange.com
bonkaceleb.pornrox.com
www.webs.net.cn
bookmarkthistime.info
booksbrothers.it
airlinetravels.info
boostlink.info
boozt.com
naukajavy.pl
bud-man9.webs.com
voile-toile-ombrage.com
imod.pl
www.chambre-dhote.org
english-online.ru
www.81jiaoji.com
businessworld.ws
zeona.wop.ro
bustyteenstgp.com
www.cnyhzg.com
cib.com.ua
comerafuera.mx
ctcbcreditcard.com.tw
stocknews.blog.shinobi.jp
dinstudio.no
dipendra.wop.ro
sanchise10.info
domstroytech.ru
geoponic.wop.ro
dvd2hand.tv
freebuild.pl
www.jjgxwh.com
gemmiparity.puk.ro
goutetnature.fr
goutsu.puk.ro
childcarecameras.com
grahamite.wop.ro
lineage2.es
humyai82.info
wjb.kr
ikia.ir
our-music.blogfa.com
appleb.ru
roweryokey.pl
pow.cx
11sasa-820b.tumblr.com
www.meizi.cc
www.ccu-edu.cn
dev-smartyou.pl
johncabot.edu
coachfactorys-s.com
dlvtc.edu.cn
johndyer.name
nprts.ru
johnmasters.com
kali-gula.flog.pl
joinarticles.info
zandkeve.wop.ro
jordangreen.info
jordisk.puk.ro
uvqi.com
kaznet.info
koestinger.at
kos.net
kometagroup.cz
leniejanssen43.hyves.nl
www.cdbzmy.com
lentejar.puk.ro
252429.5sing.com
netcoders.net
www.51taobao.net
netpeak.ua
netpr.pl
newduggtag.info
news-up.info
pyt-odp.pl
oa.jxbgw.net
gdradio.net
oander.hu
opera.ru
oregedes.eu
sociableconnect.info
peggi.wop.ro
pornfame.info
ihio.or.jp
prvp.info
prwv.info
games.blog.nl
puredata.info
purelynsfw.com
centurion.bb
saon.k3y3.net
sandiegohaunted.com
sanne-appa.hyves.nl
vladimirkepic.com
sobrenatural.net
stillup.ca
griffeyinshoes.com
studio878software.com
szaci.atw.hu
tanjungpinangpos.co.id
tuozhan.info
upped.wop.ro
19ie.k3y3.net
vifilfell.is
putian.dvrnet.cn
vipgrup.info
60s-clickers.info
weisuo.info
wiwrestling.info
scoreme.de
www.dltongyong.com
dlcy.78.cn
www.docj.tulv.org
www.nike168.biz
181.52pk.com
www.thuecau.com
www.zghnjsf.com
al-forno.pl
www02kkk.shunshunfa.com
www84aaacom.diandian.com
hardxtc.com
ygbigbang.com
socalmtb.com
dptpb.s.yxgz.cn
balihaistickers.com.br
healthydietpills.info
poppers-city.com
ccct.nfdy.net
utiliens.com
vistaku.net
savingaddiction.com
www.haoysy.net
www.hebjpk.com.cn
dreamteamro.net
theguitarsuite.com
81cao.com
wykruszek.digart.pl
samweber.biz
xfrcw.78.cn
xizang.ucar.cn
emule-france.com
xoso.wap.sh
xxxone69.info
bhpf.78.cn
pass-wolf.net
ime.voicecloud.cn
s8bb.com
kabusoku.com
dreamtyskyline.gicp.net
flexseal.blinkweb.com
www.av.887e.info
szempilla.info
phys.org
ultimatetrafficblueprint.com
www.tf56.com
www.365zhuce.com
www.ceik.pl
spikelike.organisierenden.prerebellion.karaoke.hygien.wwwwww.wop.ro