iyashieromanga.ldblog.jp
www.mawow.com
almisser.puk.ro
www.sachtrade.cz
emailservidor.com.br
lzyl.210000.org
finenest.ru
6h999.cc
99bill4.com
2twinz.com
procarcare.com
91hd.org
antikris.rincresc.wwwwww.wop.ro
haematacourses.co.nz
accoucho.puk.ro
www.tretiruka.cz
cinesign.wordpress.com
netregistry.com.au
syatsu.wop.ro
ahoraque.org
6cst.net
www.tscr.cz
doomsman.puk.ro
ellipse.puk.ro
gratuitsplus.com
optout-nrpx.net
in-house.ie
chiptalk.net
atheistvoices.org
7899g.co.cc
cleanish.puk.ro
953694.co.sonhoo.com
www.cshv.cz
whir.wop.ro
mashh.hyves.nl
alice.wop.ro
www.zhp.ru
trocavisita.com.br
635805740.qqku.com
www.gahuo.net
ad-serverparc.nl
bio.cc
lemodalogue.fr
old.kairo.at
ciftcioglumobilya.com
bigwebdirectory.net
freakyshow.info
adsniper.eu
mubasher.info
www.nume.cz
doorgrav.puk.ro
labolt.wop.ro
6htg.cn
freesms-senden.net
laudate.pl
fotos-host.ru
gogyy.com
cygoods.com
7io.org
imeicolombia.com.co
koyie.7ta.cn
www.muah.cz
tj.xueche.cn
cellbharat.com
abbellen.wop.ro
facemaam.xiaoqiaoqiao.com
allpctips.org
salgir.info
cyborg-ninja.com
wsodailydeal.com
bestgreenblogs.com
99fund.com
coppercoins.com
widdy.wop.ro
cl8.cc
fatfingers.com
rpj.su
www.stherb.cz
www.sxywh.cn
kingwarrior.info
gesellt.wop.ro
dismist.puk.ro
ashenfold.com
mywebsitepr.com
andluk.ch
batsugun.com
4u2de-seoplink.info
speeltaf.wop.ro
albiazules.es
eroticcityspb.ru
hoerspiele.de
876786.com
domeus.es
gamu-toys.info
www.blog.twchen.de
debbie-harry.ru
9176933215.phone.searchwww.com
ootsusin.puk.ro
sozcu.com.tr
berpidato.info
www.rogavis.no
zhifuw.78.cn
diseurs.wop.ro
668dd.com
solokar.pl
aquilawebs.info
www.mctree.cz
paper.cnsb.cn
firstus.org
tustena.com
sturmderliebe.info
uswebsitecreations.com
netwars.pl
tubesexe4.info
echo-psi.com
nigeriatobaccocontrol.com
dejzy.pl
crevasses.puk.ro
torontojobsinfo.com
auto.anhuinews.com
motoverte.com
bbs.hmz.cn
tusi.pl
furriners.wop.ro
libujinqiujhzc.1168.tv
maxlife.org
malignanthumor.net
aycslm.5d6d.net
blog.pmal.net
fs.fed.us
www.nasevlasim.cz
d.cn
cs72.com
benalto.com
dakotawalleye.com
kauzo.com
motostar.cz
lesacbonmarche.com
1153.price.foodqs.cn
intrapol.pl
www.cizp.cz
dokterkink.sexzsite.nl
7pixel.pl
41583.cn
023733.com
brighton.co.uk
amocrm.ru
kdv.pl
more4kids.info
www.qdnzy.cn
babykerf.com
vanguarddrug.com
avisrefe.puk.ro
www.sch9.com
alliancellc.net
ikidooru.info
carbon14.in
www.zbjnn.com
greatchinaweb.com
ecbbs.cn
blurbblogdirectory.info
3cmoli.com
2033.pl
einkreist.wop.ro
deezee.pl
myjourneytomillions.com
bautamsu.com
pcmusic.pl
cosmeticenhancementsforum.com
197.71zs.com
gamesandcasino.com
chezt.gznet.com
agenziascuola.it
fcbikecoop.org
www.dazhong125.com
www.nazuby.cz
www.911sese.com
86boy.com
alman.puk.ro
edu.kde.org
cyberforum.edu.pl
49zf.com
hot1079philly.com
algan.wop.ro
vip.755.com
doorlopendereisverzekering.net
av123123.info
6666666.mobi
danielperry.com
mywpthemes.net
bumicitrasatria.com
alisher.soup.io
theandersons.net
fateqq.com
www.donsun.net
nowy1980.wrzuta.pl
sysfore.com
5z5.com
osgeo.jp
bbs.wzdsb.net
enjurar.wop.ro
e-wut.com
www.melnik.cz
porteurs.wop.ro
r24.hu
pcpd.pl
aldane.puk.ro
187187.com
bylas.wop.ro
djyellow.eu
www.ee-crm.com
sac.org
healthyweightlossrecipes.org
co-meeting.com
chengducc.net
ahwi.nfdy.net
4yb.info
www.xyc.cz
tampan.wop.ro
yql.cn
ewsite.in
asknet.de
tumazu.wop.ro
ficeler.puk.ro
www.yiliao.biz
kage.p2n.dk
cga-pdnet.org
abc17news.com
shenanigansliverpool.co.uk
digital-camera.gr
nanxigege.blogbus.com
healthproskc.com
tip4mac.com
arethuse.puk.ro
blockbuzz-israel.com
egeszsegbolt.hu
jushangmei.com
jor.pl
uffc-campaigncentral.net
camaleon-peru.com
rushville.puk.ro
the-pheenix.de
ki-ga-moers.de.ki
thebabycorner.com
buycdplayer.17toysbaby.com
esterella.no
hongjingge.soufun.com
kuz.ru
allinks.in
pueblosmexico.com.mx
chongwu.huai.cc
getfreecouponz.blogspot.com
55511.cn
8hk.cc
cme.zjwst.gov.cn
100mtaxi.ru
bennychandra.com
otvetityt.ru
netvigilance.com
www.silvarium.cz
raymondbennet.freeforums.org
dacy.puk.ro
artikel-king.de
12fbs.com
pigproxy.cn
pirket.wop.ro
hypercos.wop.ro
www.amazon.ca
jamescairns.co.uk
joelbecker.net
ygbigbang.com
jugra.ru
betmali.com.pl
ferienunterkunft-bodensee.de
www.sehao8.com
fosser.wop.ro
2011fm.com
chinaqy.gov.cn
interfoodastana.kz
bookmrk.de
hojevouassim.com.br
articlelocker.com
vow.lighmuso.osa.pl
rp5.lt
xiaokejiangta.1168.tv
7nongye.t.sohu.com
www.zzhjf.cc
best-work.com
estacool.com
audiovideowholesaler.com
tabu75.link.xfree.hu
www.aaaui.com
pphkieltyka.pl
basf.net
earthincommon.com
www.amur.ro
jtcdesign.com
www.druk.agora.pl
district196.org
www.58e-shop.com
www.kremlinsex.nl
tarmus.it
kausal.puk.ro
auction-it.eu
edel-rot.de
haoduo.info
leijuu.com
www.kkdou.com
iomoss.dk
www.jywhjc.com
8882566553.phone.searchwww.com
airfrance.se
www.czppk.cz
interlanguages.es
wap6ma.com
myphoto.to
82mcc.com
amsterdam.keune.ru
bbs.96hq.com
www.nubo.nl
www.leonardoeloi.com.br
molden.puk.ro
grupoiris.net
autoshow.lap.hu
automaticon.pl
www.insurance-value.net
aerisdirect.info
www.owww.cz
xisutuopan.com
www.glassweb.org
www.zngay.com
www.penghoo.com
ototohon.jp
papeldeparedegratis.net
9xey.qiwen5.com
artishi.digart.pl
interner-server.de
aanschouwde.puk.ro
compliance-full-movie.blogspot.fr
www.erji.net
adriely.bordeel.nl
nj.gov
autoquickcommissions.com
www.xxx113.com
bakelovenotwar.co.za
lentejar.puk.ro
beloteenligne.com
gefaesse.wop.ro
timesamachar.com
twentieths.puk.ro
laibaby.info
114.bbr.cn
naznet.ir
24wrestling.com
www.e-powerlighting.com
cryoscope.proefpro.wwwwww.wop.ro
bollore.com
ztwoman.org
qualitylinkbuildingservice.com
www.4008825588.com
fen1-96a.tumblr.com
www.vod110.com
ktrr.info
ecohai.co.jp
adrevamp.com
endingen.puk.ro
m.55128.cn
airon.wop.ro
cashondbuzz.info
zielonymail.com
www.911uu.com
www.stone-world.com.cn
rubylearning.org
www.myeke.com
esf.nb.focus.cn
www.renrentv.net
mblog.biz
phrasy.wop.ro
bermingh.puk.ro
magnoto.com
www.rentiseying.com
balinger.puk.ro
fppro.blip.pl
linkdomain.com
footprints-inthe-sand.com
blin.puk.ro
visaforchina.in
wch.blox.pl
afghanislamicpress.com
public.homelinux.net
100mega.cz
hnf8.net
autofurgon52.ru
marcelanderson.com
z.wap.ai
tailoi.puk.ro
alicjawalczak.digart.pl
xxk.3839.net
www.mingxs.com
www.aukrocity.cz
www.bi.cz
composite.net
www.recyklujteshasici.cz
altermedia.info
udmr.nfdy.net
35859.co.cc
www.saodaohang.info
www.dtqsy.com
www.365zhuce.com
glbaike.com
www.uuyse.com
wboy.blogfa.com
www.meshit.kz
www.xxx4567.com
www.keyubuvv.com
www.best-penisenlarger.com
www.kapnah.nl
gamegol.com.br
kicbbgun.com.tw
streetblowjobs.com
4players.de
perkle.wop.ro
www.dvbkc.net
www.uuloo.org
staringl.wop.ro
7880.com
silt.wop.ro
ameublia.com
www.soucke.com
2s-blog.jugem.jp
www.akccs.cz
daily-articles-online.com
bejahenden.puk.ro
playscope.com
nhbw.56dvd.net
alumnijunction.com
shuangexing.1168.tv
laurna.wop.ro
yiliekzt15f.1168.tv
pc-drivers.fr
grave.wop.ro
kamifox.eu
efaw.cn
www.fengrunly.com
openssl.org
89.pl
mqhq.210000.org
ell.im
tuflibyli.r.gd
24sata.info
www.90ho.cc
triadist.puk.ro
edgecanada.ca
tanta2day.com
julli.flog.pl
soutikou.wop.ro
www.luyouren.com
terry.ubc.ca
www.hhaavv.com
geteut.wop.ro
trainwithme.co.uk
directoriesofinfo.co.uk
www.ycyrj.cn
zalgiris-vilnius.lt
wwww.9dxh.com
jifenka.com
blady.puk.ro
www.bazak.cz
kamoshit.wop.ro
yejianlong.com
loslaat.puk.ro
svarfristen.puk.ro
dramsoyport.bloguez.com
www.webs.net.cn
softkenya.com
cloyed.wop.ro
moytrifam.freeforums.org
6hjw.net
www.paracin.us
52xiuyan.com
piotrx81.wrzuta.pl
www.125cpc.info
craved.puk.ro
www.gangjiaoxian99.com
danset.puk.ro
les-web.jp
cycyxm.78.cn
yinci.info
ellik.blip.pl
kado.im
pluriplanet.org
bo.pl
fox.az
shinbo.org
www.ctrmw.com
wuhanseo.cn
logol.info
thetruthnews.info
anuvo.pl
rcav.265link.com
atehenmei.com
motorhomerental.travel
dipascha.puk.ro
widietz.com
agareso.org
www.tootoofood.com
netcoders.net
wm17173.com
bolognas.puk.ro
jeans.pl
www.mgb.pl
bno.vn
www.studio-mario.jp
www.rivda.org
ohlahotel.com
gogoday.info
digiturkwebtv.com
www.shuangjiang.gov.cn
timetrade.com
zju1897.tel
gs.tinyin.net
jk.jxcn.cn
www.bjbihua.net
banggia.ssi.com.vn
sniper.wop.ro
germanynews.net
fjaert.wop.ro
www.etc.ru
cn.krypt.com
iisweb.co.kr
rumly.loquet.wwwwww.wop.ro
www.polykej.cz
movie.xunlei.com
www.hhh47.com
www.fljsw.com
mobilezg.com
www.eloam.cn
alloutdoorsflorida.com
slating.puk.ro
www.chmu.cz
www.yyse.tk
6sm.co.uk
enss.210000.org
pairies.wop.ro
psiaki.prv.pl
ccut.tk
aggiornamento.puk.ro
pwba.k3y3.net
cauthangnghethuattxt.com.vn
vozniski-izpit.com
ahbab-rif.c.la
www.25game.cn
pterygia.wop.ro
www.caososo.com
10000001.cn
qiyo.cc
eshooop.com
ac-font.com
giochieflash.it
topporno69.info
279tt-d89.diandian.com
zagan.pl
xxltv.fr
mundomex.com.mx
freewebdirectory.com.ar
www.xddhk86.com
insightchina.jp
b88rush.info
pbt.co.nz
hbwc.juran.com.cn
fmxmore.ru
deliveringscratch.com
jd.tv519.com
bsg-fortuna.de
11slw.com
jyurin.puk.ro
freetv.com.au
slovakia-travelguide.info
alexbrownracing.com
www.dogdinners.com.au
kyks.11315.cn
cemily.me
www.chinjee.net
www.9x2x.com
010vps.com
www.qukanav66.com
ekr13.info
seedopia.info
rici.blip.pl
linkbyme.com.ar
canadaereader.ca
uni-blog.info
beinsure.info
nxs.prv.pl
tehran-musiiic.rozblog.com
zsm.gog.pl
www.xa16888.com
leonsblog.org
gla.tv
korenat.hr
aphemia.wop.ro
www.zhongyi528.com
yagnob.wop.ro
zned.210000.org
teletechnology.in
geniusfundshourly.info
www.rali.cz
u.cc
xiti.com
www.tqibao.com
dragnet.se
www.bscom.cz
themagicbrush.co.nz
napiprojekt.pl
januario.wop.ro
zbudniewek.pl
sc2clan.tw
angeles-city.ph
dnazsmzj.blogger.hu
anthonyrecommends.com
ibee.vn
fotografen-welt.de
x.cc
skrypta.pl
athensconeyisland.com
beskidy.pl
tqhlw.1168.tv
dexters.co.uk
naporeon.wop.ro
neerliggen.wop.ro
ijdeler.puk.ro
www.tiany8.com
www.lixe.pl
fesza.flog.pl
wiichat.com
henkievanveen.hyves.nl
qmlandqj.b2b.hc360.com
nfinity.pl
machie.puk.ro
altpress.com
zzbxjx.com
amerylisz.deviantart.com