ztxu.nfdy.net
pctl.210000.org
colonic-cleanse.net
jamp.cz
jane.wop.ro
japanarts.co.jp
jatb.tv
javasourcecode.org
jawic.or.jp
laoyaowengxixuecaojz.1168.tv
laptopbits.co.uk
www.1cc1.info
lastarjetasdecredito.com.mx
latagliatella.es
latribune.fr
laurna.wop.ro
www.smeyn.cn
lavan.wop.ro
vwkn.nfdy.net
layert.ru
lbox.me
lokter.pl
lomejordeviajar.com.es
lonet.eu
www.uxx.cc
redevida.com.br
rainichi.wop.ro
scheibe.rusticoat.likere.owling.paradentium.wwwwww.wop.ro
www.wqshw.com
dustfreepc.com
teoti.co.uk
tribe.net
postad.ca
pozerki.pl
pig-up.de
rw.org.ua
ratais.puk.ro
rhinopub.com.br
spddm.org
pix.com.ua
sem.nm.cn
spicysnap.blogspot.in
www.g20.org
successus.dk
purehrq.114.org
sugita.puk.ro
colsueco.org
www.hg4444.net
trinityplaces.net
trainershouse.fi
loveyoga.at
wahl.wop.ro
www.mobio.ro
tvoiugolok.ru
www.cwts.ca
valait.wop.ro
wiinintendo.net
www.chayeo.com
yjgift.net
ucol.mx
theprestigefullmovie.blogspot.hk
juancong.com
uwebdir.info
retento.com
tratto.wop.ro
kliksex.dk
www.j-c.com.cn
www.ainori.de
unlimit.co.il
kali-gula.flog.pl
vbaddict.net
www.opzp.cz
hupan.net
www.0310.us
iphones.cx
www.boop.cz
elektroauto-gebraucht-kaufen.de
www.jiese.in
serialart.net
www.ali.ug
allinfolisted.com
www.zuozw.com
www.xuananh.vn
yogosi.wop.ro
www.zhunmami.net
cool-proxy.net
yuudachi.net
yibdav.info
www.tov.nl
www.sangha-care.org.tw
www.serika.biz
www.lyang.net
falsburgers.biz
berlinimpuls.de
xxxvideo.hu
bedoms.puk.ro
www.psion.hu
nap.net.id
www.pnnl.gov
gamezone.de
skatter.se
xruh.nfdy.net
guihuaxiang.com
pekny-nabytek.cz
hwpmxegq.typepad.com
saida.wop.ro
a.mobantianxia.cn
ybay.co.il
www.deru.hu
56le.net
privatecams.sexybegin.nl
puffback.wop.ro
kamoshit.wop.ro
business-news.ru
udlaspalmas.net
www.wwf.org.au
bhms.ch
jzant.com
czmg.nfdy.net
beely123.com
candymail.se