tizerfly.net
tk09.lizhidy.net
atehenmei.com
naomimay.wop.ro
baby.nx.e23.cn
www.qsg001.com
sobinbank.ru
desierta.wop.ro
guihuaxiang.com
alleen.puk.ro
argentose.puk.ro
v8supercar.com.au
www.web4399.net
bestcreate.jp
in.ebid.net
smph.info
6488.nfdy.net
creditsources.org
tellurit.wop.ro
tm-touristik.de
xxxxxxx7.net
basketpc.com
chemenal.wop.ro
nabebuta.puk.ro
earls.wop.ro
nesiot.wop.ro
hupan.net
sokte.wop.ro
cement.com.ua
niters.wop.ro
awfulplasticsurgery.com
lonerboristeria.com
bjtdyz.com
gl6x.265link.com
fragland.net
hutselbe.puk.ro
hobashir.puk.ro
adaxis.co.jp
kaartlez.puk.ro