t39.us
christianhmongfellowship.org
chrono1.software.informer.com
njok.210000.org
faydali.az
darrein.wop.ro
alterast.wop.ro
megashare.vn
5503.wapbm.me
padishah.puk.ro
rifl.wop.ro
www.xjtn.cn
flashmap.org
www.firsthandbuy.com
abcincome.net
ywrz.nfdy.net
cement.com.ua
www.xiamenair.cn
boardsite.info
www.hdsz.hu
slepp.ca
qun.zix.cc
mycoding.net
nvisionarts.com
mylegalright.co.za
www.pcuk.org
azmoon.net
www.pkyouxi.net
siterj.net
ccftn.com
netto-travel.de
netsolutions.in
fenglinw.net
adminunion.net
vuilnism.puk.ro
immerses.wop.ro
omdeed.wop.ro
yurk.210000.org
mai.la
porno11.info
gkctheatre.org
biquyetlamsach.com