dyfk.210000.org
uggsdiscountsale.net
animeron.info
videosexe9.info
folgsamerem.puk.ro
binhphu.info
texnotech.tk
etre.flog.pl
comoenamorarse.com
andrelavelle.net
wirify.com
bbs.wzdsb.net
vtuner.com
acs.pl
3sports.at
www.0572jj.net
deboomhut.be
mycellz4less.com
above.net
savenew1.info
crowdfunding-deutschland.de
killme2008.blogjava.net
yugo.us
www.58cccc.com
www.easydo.me
jlgjw.com
www.birkenstockshoes-store.com
citysport.com.pl
adchop.com
realdate69.com
www.2xuu.com
mamistie.ro
www.9158521.com
oznvea.ru
openlinksys.info
rtg-mag.hu
autovideo.lap.hu
www.xxx7890.com
www.1k3k.co.cc
www.053156.com.cn
fashion.lady8844.com
submitsiteshere.com
zylinder.sk
yrmto.com
warehouse-aquatics.co.uk
dietabellezzaealoevera.it
almostasecret.net
datadoctor.biz
xoso.wap.sh
edoj.265link.com
insulateamerica.net
www.lhxfu.com
buty24.info
www.jsya.cn
koi4.nfdy.net
linkdragon.info
wapbcw.com
www.hmzsc.cn
forsthofgut.at
hitcric.info
capanroness.blogeiland.nl
www.msgkw.net
www.91.hu
97semei.co
xtfiuwiu.blogger.hu
trimm.com
hackinguniversity.in
news.liao1.com
thuoctridaurang.suckhoevietnam.info
ccmq.nfdy.net
100xin.com
www.ln.cei.gov.cn
bzrzx.net
geektoys.pl
www.141cn.com
sonnenkraft.com
20is.com
real-estate-philippines.com
anotherplanetpilates.com
www.xw198.cn
elmonitodedarwin.com
missourilawyerattorney.com
ucubakery.blogspot.com
celebrityweddingbuzz.com
www.92bbb.com
www.ppshopping.com
topshoeschina.com
7292.nfdy.net
zeedieren.wop.ro
www.jy7799.com
www.jhlflaw.com
www.nikeshoesshoponline.com
olam.uz
haobi366.com
jp6.info
rakhagud.com.pl
luluvise.com
jogidirectory.com
www.iaia.org
fracasseront.puk.ro
www.xxx3333.com
jiks.210000.org
lo2test.tk
lozoai.tk
pigproxy.cn
forumpro.info
ventas-privadas.com
remodelingmyspace.com
existe.wop.ro
www.jszyyb.net
lespom.flog.pl
thisisdoyin.ning.com
www.654q.net
maoflag.net
papierz22.digart.pl
outbuy.wop.ro
brian.com
www.sncf.fr
savitr.com
delimiter.info
endite.puk.ro
tpgstaging.com
forgetthebox.net
byron-amanda.com
brillig.com
cinc2012.org
www.taojianhu.com
kt37.qiwen5.com
modalogia.com
vorgekauten.puk.ro
www.aisedao4.com
www.shopfanhuan.com
gaysbr.com
xnetnfbouo.freeblog.hu
oaccm.com
vannonces.fr
qxf.9998.tv
batliner.puk.ro
kocgcupq.blog.mongenie.com
seobrand.net
itcont.hu
mommysmoneysavingobsession.com
www.sinala.net
gaymoo.com
9biz.ru
www.market.ba
tubexxx18.info
subtitrari-filme.ro
rocco3.blog.so-net.ne.jp
ximen.fad3.net
www.fauna.hu
z3855.idc141.xinnet.biz
www.ab-auf-das-schiff.de
dinocerutti.com
pmemory.com
sellbu.ru
andreartur.prv.pl
cysjw.78.cn
ctr.ro
humyai29.info
baurock.ru
gzcainizz.com
fy4j.lizhidy.net
027b.nfdy.net
foroapologeticacatolica.org
www.badubaike.com
www.c8m.net
networkpowergroup.com
www.tao45.tk
download-french-montana-ringtones.blogspot.co.at
xemarkets.com
kotakmutual.com
www.youhry.cz
www.mlwz.net
pfrfsjm.78.cn
inetsoftware.de
lars-schenk.com
www.qqhead.com
www.qingmo.net
rehalab.eu
6hma.info
www.daydayline.com
xxx4.us
portalesweb.com
seibubus.co.jp
zzj.66law.cn
querome.com.br
teenmarker.com
hardboiled.net
athento.com
iranshope.com
skvg.56dvd.net
vnspace.com
aimgroup.com
govdir.info
ayue.me
tsevetiki.ucoz.ru
findmy.info
revolver.info
redrockphotography.net
92hunan.com
meadowridge.com
sinhvien18.wap.sh
hylle.puk.ro
gzdnwx.com.cn
m.zy357.com
iwantim.com
mob1.biz
themadmomma.wordpress.com
pdxdesigner.com
sunsweet.info
sitrusfr.puk.ro
stepbystepcashsystem.com
ex.ac.uk
clubdenegociosonline.com
hotelazur.hu
se323.etu999.com
trademarkregistrationindia.com
rc-sim.com
bharatlines.com
de.mvdrf.ru
stackandtiltgolfswing.com
www.bxzs.net
voltzenlogel.net
deskat.net
popyard.org
download7.com
zivilisiert.wop.ro
grave.wop.ro
downloadseguro.org
www.aizhau.com
moto-market.ru
domotel.net
nufc.co.hu
www.ttt999.net
deverde.elandbnb.tw
fortheluvofsanity.blogspot.com
twitjersey.com
premisegallery.com
chexing.net
dgi.dk
tswdx.com
yesvpn.info
foroyaa.gm
bookmarkx.de
www.saolaopo.com
lankahost.net
chaye89.com
admin918.com
kengaru.ru
e1car.ru
xboxgamingtalk.info
guoshu666.com
kathemera.gr
www.xxbbyy.com
voelkerm.wop.ro
allfortheboys.com
mycottege.ru
culhdweb.info
debaj.ca
xh520.tk
360xzs.com
dmaasafety.com
mfanny.art.br
eroloquo.com
toutoule.com
elektrorasiererpreisvergleich.info
fod.ac.cr
www.opendi.us
qifei.me
cees.ou.edu
oudallee.nl
pornbig1.info
nmdl.210000.org
tutorialing.com
lnit.edu.cn
jasperlane.com
gamecity.ne.jp
weare1.info
mrj.blip.pl
allinfa.com
kotvefuzve.postr.hu
trader-forum.ch
www.typo.cz
tennis24.gr
toegrijnzen.puk.ro
strona24.pl
www.sexy-style.ro
socialbookmarkingservicez.com
hupan.cn
zwwg.net.cn
hightechno.info
lustube.com
casino-aschaffenburg.de
iptvcn.info
adsfree.ca
www.mdxzy.com
talonnag.wwwwww.wop.ro
whatireallylike.tumblr.com
cesaro.fr
openxcelluk.info
active-bookmarks.com
makelifeeasier.pl
smegx.gov.cn
imod.pl
4008001188.tk
wfols.cn
wealth-4-all-team.ws
9115.na.tl
www.aijiamin.com
upafile.com
qqc.co
www.loogel.org
terbukti.com
hyiponline.info
istitutocomprensivogabrielli.it
talkreviews.pl
fb-search-engine.net
beaute3yoshitaka.blog.so-net.ne.jp
junt.kanritsu.wwwwww.wop.ro
kukawski.pl
value-websites.com
abus.puk.ro
www.jutaogu.com
www.pjhome.net
www.espo.cz
metar.gr
fres.wop.ro
astralsociety.net
22zw.cn
www.fz09.com
sweepsadvantage.com
webtim.biz
www.onlyoly.com
ebaby.it
sophian.wop.ro
dipartimentoaimacive.it
apcindiastore.com
iphone.heze.cc
rogeriolino.wordpress.com
seduoduo.info
wclc.com
u76.cn
www.ivo.pl
hsmaieconnect.org
scholars.com.br
www.syqczl.org
spooneyn.wop.ro
wsseo.ru
satfilm.pl
it.com
bootmasterru.com
www.herczeglawfirm.hu
tripomatic.com
www.tiesto.hu
www.wjzmhx.com
wedlinydomowe.pl
9ia.org
celtic.wop.ro
www.afir.fr
scsyfjy.9998.tv
intermonoxfam.org
yanbian.66law.cn
www.longrich.me
foroactivo.mx
monbudai.puk.ro
aagnation.com
ourstyle123.com
be-mails.com
soc310.naturum.ne.jp
diariodecanoas.com.br
zgz93.com
jd.365jia.cn
zlvc.cn
xseksvideo.com
mobivate.com
antropos.puk.ro
xrdjd.com
wazzub-fr.com
www.nvvw.nl
terrerie.wop.ro
tvweb360.tv
infobar.ba
vestidospara.com
vladimirkepic.com
hcplc.org
www.kuqvod.com
shopbot.co.za
treeworld.info
angloinvest.info
cameldog.net
www.keb.de
www.592sc.com
affiliate-stores.co.uk
edetik.com
kopernikus.pl
www.aikc.net
tarkan.info
die-seeigel.de
bandedessinee.info
www.niva.cn
ryouyous.puk.ro
www.ninasieger.nl
robitshop.com
www.obs.org
modellbau-galaxie.de
guihuaxiang.com
kh49.com
tel51995857.ce.c-c.com
2ndchance.info
aigang.puk.ro
yvkxctpn.skynetblogs.be
www.ytkl.com
tlj.cc
trancool.fr
gierstko.puk.ro
man.mop.com
kuujinbo.info
www.sh-gxbanchang.cn
hoclienthong.org
lijninte.wop.ro
desordempublica.com.br
byootmasr.com
sebmontaz.com
krzesla.pl
tanta.edu.eg
celticfestvancouver.com
zhenti.kaoyan.eol.cn
nomographical.wop.ro
bbula.digart.pl
kagami-reform.com
amateurporns.info
ensq.dict.cc
cashondbuzz.info
vraagzie.puk.ro
bbs.longhoo.net
montanismo.org
www.topfreedirectory.info
page2page.ru
szmdsh.com
peopletweaks.com
kdwl888.com
twflight.com
baow.net
baike.51cps.net
mata-l-23.com
www.leuyvo.info
ironicsans.com
ventasbalss.ru
km.puepu.com
cheapviagradeal.com
mqtbkmzv.bloguez.com
hhtu.in
enerjoia.com
www.nike2012tw.com
yajiebao.1168.tv
www.redeenhond.nl
instinct.co.nz
wahima.wop.ro
www.bwtiles.cn
www.av597.com
www.0456tc.com
whittret.wop.ro
tqmall.cc
openwalnut.org
painteranddecorator.co.uk
yayporn.soup.io
desiderimagazine.it
semergen.es
xiefashi.info
footcrab.soup.io
www.dszhishaji.net
vart.pt
livingwithepilepsy.biz
weisay.com
kurman.ru
dev-corner.info
evte.biz
freelancehunt.com
www.qq100.cc
filemap.co.kr
www.ylxxm.cn
www.bbkys.com
dustinhavensforjudge.com
kvnforall.info
pbca.biz
remnantofgod.org
free-tips-and-info.info
recetas-cocina.com.es
numimarket.pl
cyomr.com.tw
turbohide.com
flife.de
pic.dztv.tv
fisiu.digart.pl
fff100.com
thedissertation.co.uk
ksto.nfdy.net
www.zhangyuliang.me
vintaj.com
topinfo.al
www.dbglw.com
outdoor-a-sport.cz
ofuku.puk.ro
www.dgwzjs.net
nylige.wop.ro
www.dy6868.com
deepthroatlove.com
cheapestfancydress.co.uk
onlinebeauty-shop.co.uk
debt-consolidation-services.net
elix.210000.org
ramps.wop.ro
shyongjia.com.cn
www.9928.tv
animeindia.com
www.yhmetals.com
dth-live.de
www.dgxtfs.com
brynnswim.com
www.caifukejicom.com
www.waterpub.com.cn
cnhtlf.com
okakomi.com
boosttwitterfollowers.com
komik.cz
asbestoslawyeralabama.info
supervirulent.wop.ro
hcgdietchoices.com
www.imagic.pl
iforku.com
top.pokers.pl
www.fge.pl
opendata-toulouse.numahel.net
94luoliao.info
hebihuayu.com
www.zkcx.net
szfyjiancy.1168.tv
httpwww.5555se.com
algorism.net
fotbolti.net
ww.shpsoft.com
www.avavxo.com
unaproned.puk.ro
www.g-language.org
www.gdd.ro
www.125jia.com
www.tmolye.com
richardsnow.info
y-z.biz
blognovoconceito.com.br
fujobonaqepyq.de.tl
fotosdegostosasamadoras.com
bohraganeshsansthan.org
nwz-frankfurt.de
educacionenred.com
vieclamtrenmang.net
mandria.ua
12count.info
astromindsclub.com
minnano-clinic.com
www.sportsinfo8.net
cq-app.jp
boeventaal.puk.ro
www.kyoto-pd.co.jp
gasthaus-poetz.at
6hgf.cn
www.blackcamz.nl
www.zjjlyyz.com
xssite.com
360waigua.com
3dhelpcenter.com
liverpool.in.th
trincher.puk.ro
hamstrun.wop.ro
karta.ua
www.ucv.ro
asxetos.gr
maniniyot.info
jeux-gratuits.fr
laplataurbana.com.ar
chromidium.puk.ro
lubiefilm.pl
www.52688yingxiao.com
ezinego.com
lyzuj.cz
thabbet.com
orangecoastcollege.edu
phcmag.co.uk
aldora.se
rapmusicguide.com
assistirnovelas.com
blog.hanqian.net
healing-handssanctuary.co.uk
hostingu.info
brewhoop.com
www.bcallaccess.com
anqu.pinger.pl
bestsiriresponses.com
frenchfriend.cn
35shuyuan.com
www.idcby.com.cn
mobinfo.pl
notifiab.wop.ro
naglly.com
www.988hot.com
mahidol.ac.th
ayekmedikal.com
themobilerevolution.be
otherdesigns.com
www.webjiankong.com
www.jinkuizi.com.cn
shiroikoibitopark.jp
xuancheng.taofang.com
www.y6.pl
intertow.puk.ro
www.mxjfcp.com