stilizer.ro
vhao.nfdy.net
bronzeville.ning.com
alleks.ro
sherlockmobilehomes.com
androidappsnew.com
plussfigurak.linkekneked.hu
plusxplus.co.uk
onlineglobaltravel.com
gizmos.es
posadadelmaple.com
miamin.puk.ro
www.helipro.ru
linkurldirectory.com
ssoar.info
liangjiang.gov.cn
www.gebr.nl
zt2.1208sf.com
www.koral.pl
letoff.puk.ro
skepsis.no
lcomm.wop.ro
chalkpartners.com
www.langziav.com
itlife.minkei.net
allthingsd.com
zhenjiang.gov.cn
www.110rr.com
www.hybz528.com
lawman.wop.ro
news.dmguo.com
internetboutique.net
jabyr.com
rehalab.eu
pretago.de
www.szgszc.net
sexshopfacil.com.br
bestaa.puk.ro
suncore.co.za
taeve.wop.ro
lcwscgs.com
ems2buy.vn
fywj.78.cn
85nd.com
lepu.wop.ro
ipp.me
vibuonline.de
expendogames.com
vernzfreestuff.com
saxue.com
rv-studio.pl
obstetri.wop.ro
www.222tp.net
tradestime.info
ai880.com
stabs.wop.ro
altheathenord.tumblr.com
crowdconversion.com
tur-info.pl
flinndal.nl
saskatoon.ca
www.pcpeizhi.com
hercle.com
yanbian.66law.cn
www.ttt999.net
freetaxreliefhelp.info
ioffer.net.pl
mixmedianow.com
www.dy980.com
kvkks.org
fukuen.in
panxu.fyfz.cn
114.xiantao.hb.cn
www.buding.biz
slide.edu.sina.com.cn
29sf.net
eroi-game.com
fashionwholesale4u.com
changdao.familydoctor.com.cn
laptopbits.co.uk
www.bonka.es
perfectvisualhost.com
larswegink.hyves.nl
scrhi.com
ns-talk.com
williamlong.info
374119.txt.cir.cn
indobook.org
gera.de
cam4premium.com
braintree.gov.uk
it-fans.tk
bizweb.vn
topexecutivebiographies.com
www.avgirlinfo.com
articleeg.com
minizal.net
game-zh.in
chn-metal.com
sf-sim.de
caperangers.co.za
brstar.ru
izqg.265link.com
govolo.es
mobilemarketingformel.de
www.543tt.com
idealhosting.net.tr
kisvladnik.com
smegx.gov.cn
otiz.pl
phonesgambling.com
network3000.de
bbs.tv2018.com
www.moxistar.com
stellenwerk-darmstadt.de
mollyslife.com
www.zhongzhensen.com
9tv.ru
jtwa.210000.org
webthing.com
buyyo.com
videocardz.com
hoffmann-group.com
hetaere.puk.ro
stilartmoebel.de
d39.us
arruma.puk.ro
davidetrebbi.com
chillies.co.za
sxrlzy.com
nava.wop.ro
stu.hersp.com
purple.us
hotfalabella.cl
65.cm
it.2234.us
buyprovailen.org
conciertosen.com
nl.astel.be
amoregratisperledonne.it
bargi.ru
marenty.digart.pl
huskerpowerhour.com
betfredcheltenhamgoldcup.com
zs.zstu.edu.cn
ankarabarosu.org.tr
garhwali.puk.ro
www.fajue.net
mentecritica.net
heartratemonitor.co.uk
crediloja.com.br
topporno69.info
hylle.puk.ro
www.kdah.com.cn
trafficjam.de
hihistory.net
shmessenger.org
gastrelc.wop.ro
dbox.cn
www.bcc.uz
smswatchdog.com
passion-ceo.net
bnb.fad3.net
www.ocn.com.cn
zmarsa.pl
www.firlc.com
www.youxiba.info
mpadmin.info
www.gzxljd100.com
d1kd.com
emhotep.org
colifichet.wop.ro
acumenvce.in
colonialhousing.com
shinbu.wop.ro
sricool.info
www.77xbmeinv.com
totalblacktv.com
hongkong.usconsulate.gov
chrogeek.com
511sd.com
smuc.ac.uk
xyupload.com
multifamilyinsiders.com
www.gangguanz.com
matrass.kz
www.dymi.cc
nb.kz
baang.ir
amsinc.co.jp
dvd.98zzz.info
mdsarcinc.com
corpuschristifilmsociety.com
cheltenham-races.com
flying-jump-radio.de
jatvgyjz.blogerzi.com
homemate.co.jp
notiver.com.mx
cafe-tatou.com
majafolek.pl
www.gbcs.cn
czyqh.58.com.cn
busshi.311.goo.ne.jp
02v.org
wb.88lb.com
88.xysc.net
zhaleh.deviantart.com
91longzhan.co.cc
5i8.info
91meitu.net
resinet.pl
nvworld.ru
atehenmei.com
betterthanhcg.com
b-ecommerce.fr
www.sexgs.net
91.cn
officedepot.pl
fixtureslighting.net
ruqd.nfdy.net
blogolj.net
db2.hu
www.topet.net
info7.mx
cayambelibre.com
g60seconds.com
mayak.info
grpmail.biz
androfiles.com
thinkpadtoday.com
castlestoryonline.com
filmball.com
miele.com
ggg.qqlove.com.tw
www.sou9y.com
healthylives.nl
detectivism.puk.ro
qingyuancn.com
585qqq-d91.diandian.com
disoluta.puk.ro
www.pp22.com
jomdoc.com
syrc.com.cn
20101.223355.info
manomaman.com
330111.com
gallonag.wop.ro
fctwente.nl
aixiaoyi.qyxca.com
www.premiumclub.pl
manager-to-mom.com
batumiplaza.ge
www.jchzz.cn.vc
oltursa.pe
www.syfz88.com
belindamarshall.eu.pn
db.tt
netmask.hu
hobitutkunlari.com
jshine969.tumblr.com
englishtourdutranslation.com
twrt.me
naimisiin.info
chubbyland.com
mediumphoto.com.pl
sls.wmw.cn
vendita.wop.ro
busaevo.hamazo.tv
moootooo.com
marquerais.wop.ro
direct.hpmarket.cz
kldp.net
lowracadic.blog.petitmallblog.jp
w3c-compliant.com
dred21.flog.pl
emigre.puk.ro
www.yigeyin.com
publaw.fyfz.cn
vocso.com
betterlist.info
home.pl
zoobomb.net
qxf.9998.tv
bm.anyang.gov.cn
acolyth.wop.ro
winimage.com
tinhoc2.net
egitimhane.com
buyvip.info
bloggverden.no
apartliberal.com
newham.gov.uk
www.gxyjkwj.com
aa13.net
hacberm.345.pl
efxtrading.info
ethanolcarsdealer.com
stream-server.nl
gea.de
duniasex.ws
fuellers.wop.ro
thuoctridaurang.suckhoevietnam.info
cees.ou.edu
caution.digart.pl
www.9941.cc
uni.keep.pl
www.hongshengzuche.com
iepd.210000.org
pikolinos.com
94luoliao.info
reseca.puk.ro
gostats.pl
cypnow.co.uk
akwait.com
gesundheitsprofi.info
syouon.wop.ro
suzuki-club.ru
havefun.camz.nl
www.soushenmo.com
www.hi2012.info
abolirait.puk.ro
intensity-radio.fr
fcgy.xwcm.net
0313.dbqc.cn
basscentral.com
w5ma.265link.com
conditer.ru
lobworm.wop.ro
abc-carpet-delray.blog.hr
sexe.blog.lemonde.fr
bsbrodnica.pl
optonline.net
azonwp.info
filmxxx8.info
highlandrealty.com
www.52njl.com
t-ipconnect.de
bbs.szonline.net
cqlwb.com
0745gp.com
ludis-media.ca
margreet555.hyves.nl
546184568.33591.com
rendezvous2012.info
anna-pearson.com
filmeonline.lkteam.ro
arrienvanderlaan.hyves.nl
hbsjcsjy.cedl.cn
www.cpipee.com.cn
920gg.com
caaf.it
big-huge-giant-clits-large-cunts-massive-clitorises.com
informatik-ruhr.de
3g.youy.so
ava8.qiwen5.com
sqaforums.com
www.lianyun.gov.cn
bidders.jp
qysh.me
sv-design.org
digitaldevicesonline.com
gemeinschaftshaus-elm.de
youshie.com
sonkinhmau.com
dianyings.info
locum.ru
0827.1775.cn
www.mdfczx.com
phonezap.com
bloguez.com
www.shepin.cn
1001pneus.fr
china.china-itrade.com
razameadesoare.ro
mogwai.digart.pl
ohiobirds.org
aldes.co.za
nmxc.210000.org
bankinterestratez.info
maaczek.pinger.pl
fzpu.nfdy.net
obsceneflix.com
magazon.lg.ua
viiastudio.pl
fhxn.qiwen5.com
biyou-seikei.cc
bookmarking-spot.info
ajk2.210000.org
newseoprdir.info
aproland.hu
co.blox.pl
drawtheworld.me
csswizardry.com
eyewrinklesahr5.info
bookmarkingnetwork.com
www.66abcd.com
diosyelrey.co.za
dekanghouye.taobao.com
www.cdyunfa.cn
fmxmore.ru
16xx8.com
assaggi.it
www.ixindong.com
quaelenderes.wop.ro
778wt.net
www.af116.com
unswelling.wop.ro
txwclp.org
mediajobs.ru
apzi.210000.org
38jjj-823a.tumblr.com
a-at.jp
lingros.pl
grammy.ru
itclms.ir
shigaplaza.or.jp
blog.albundy.net
www.cn-c114.net
49xz.com
takeabreak.co.uk
ambiente-energia.info
cxsq.cn
onbaatzu.puk.ro
fedotovat.com
binbango.com
ldi.ru
hide-camera.ru
tecnyo.com
dannywineworld.com
cheatersfullepisodesjgl.wordpress.com
biblia-mp3.pl
kouprine.wop.ro
androtransfer.com
www.tom1905.com
avmakten.wop.ro
jychru.com
zs.91.com
ideiasproml.blogspot.com
alfabank.ru
dailyastorian.com
ksu.pl
screentours.com
afghanislamicpress.com
nanrenbangb8f.1168.tv
satprnews.com
narou.dip.jp
freesexclips.eu
baijiale08.com
sxhlhk.cn.china.cn
foroyaa.gm
vertex-web.jp
brothersoft.jp
phoenix-classified.com
citeman.com
recyclag.wop.ro
ezmillionsgpt.com
foreverliving.fr
emea.nl
www.ksjf.net
haizhiyan.us
kcr-karting.com
leapfrog-properties.com
exak.210000.org
aslvideo.tv
brian.com
prqb.info
www.43pic.com
awhitlatch.com
kunisaka.wop.ro
nalc.org
www.qxw.ca
shop.spiesser.de
doctorfinder.pk
1annuaire.com
networkpowergroup.com
gelernter.wop.ro
222262.com
chengxin.ucar.cn
www.honghe56.com
tsuzmckldcenl.blogtrue.com
klubwodny.eu
tvfornonprofits.com
czsttviw.blog.mongenie.com
micklehamweather.com
dinhcao.vn
heshesurprise.com
301123.com
www.fzq686.com
starnews.pl
mhfeipin.b2bvip.com
www.hljdaily.com.cn
romaivakacio.hu
produra.de
gk.ggabc.net
meinvxi.com
socialbookmarkingservicesz.com
infoski.pl
fauquierbank.com
dgtvi.it
bbs.hushihui.com
anekagas.com
faria.wop.ro
designerpolska.pl
eanuntul.biz
www.nyircsatorna.hu
simplify.de
ea-airsoft.com
0902muzapar.33591.com
disani.jp
baraofreeshop.com.br
alilg.com
dmak.mobi
haowz123.info
pawelrosner.natemat.pl
taiken.snapmix.jp
itready.org
boscarol.com
ingersollrandimpactwrench.org
hosting55.hu
djkamsys.wrzuta.pl
yomikuse.wop.ro
hea.52xn.cn
librarie.net
betijt.wop.ro
innovatemyschool.com
namihui.com
a2.cn
aldenteblog.com
centurion.bb
happynis.hyves.nl
absforums.com
553473813.paipai.com
fngzpguu.blog.cz
ciufcia.pl
am0752.cn
narodclub.net
modelsphere.org
gzlinuo.com
engine-trade.com
movieshare.org
huntington.edu
159zz.com
bighitmedia.co.uk
heledhel.org.pl
potabur.wop.ro
e-progres.com.pl
edem-tour.com
tensaiweb.info
114.xiuwu.cc
escortgalery.com
lezoemusings.wordpress.com
klaniny.pl
catgallery.ru
download-anime.web.id
www.5book.com
damenbekleidung.org
family.org
adulavat.puk.ro
airent.co.jp
rokey.wop.ro
hhh258.com
sixgun.org
livepoker.fr
handan.anjuke.com
vdkc.265link.com
belhunter.org
aio.sk
alysha.tumblr.com