14.xiaogou77.net
es86.com
hero.prv.pl
karmannfreunde.de
unitarius.lap.hu
altlinux.org
tyney123.deviantart.com
mathmarketing.com
bjatv.com
www.wy0.net
mustafaozsimseklerhoca.com
www.cvca.com.hk
e-articles.net
kajfol.wrzuta.pl
ymkh.265link.com
president.kremlin.ru
pcpeizhi.com
replicaclshoes.org
7bricks.ru
www.zhoupets.com
topwebmoney.ru
orvaseed.freeforums.org
aeran.org.pl
info-rich.jp
rosier.de
devzones.info
iy0m.k3y3.net
touristmaker.com
hikkabu.wop.ro
www.hbxianghang.com
celebstyle.org
kineme.net
www.ahshengshi.net
www88.us
lbm-services.de
sunnys.pinger.pl
antenanet.sk
mimoa.eu
preesely.info
redide.com
sslcommerz.com.bd
shadowsandclouds.com
www.zhuangye888.com
germanien.net
073.cc
ivo.flog.pl
ursus74.wrzuta.pl
groochus.pinger.pl
pel.com.pk
www.lqtjyht.com
katherinejenkins.co.uk
morris-photographics.com
onrechte.puk.ro
www.nfp.cz
ty225.net
lapy.pl
beautysel.com
ewitryna.pl
wolfgnards.com
foxitsoftware.com
www.converse2000.com
www.913av.info
myszka1234.pinger.pl
inciprie.puk.ro
www.51qusou.com
www.ehal.nl
kosarek.puk.ro
value.blox.pl
fengxiongrushuang.soukeba.net
www.vietnamtradefair.com
inviohiq.blogger.hu
www.zady.info
richcontentdaily.com
lustube.com
sensualdesires.be
www.zhimingzhongyi.com
iivideo.com.br
www.chuchenhb.com
machine.21food.cn
ppopp2013.ics.uci.edu
batdongsanvn.info
zugen.1168.tv
88ree.com
www.siyrcw.com
0351315.com
sassiclassiladi.com
filmec.tv
paar79.net
ru-domain.info
duelevolution.info
myuti.com
shimotui.wwwwww.wop.ro
uaead.ae
xm.78.cn
021jiajiayou.com
t.zjrd.com
no-country-for-old-men-full-movie.blogspot.sk
genil.ru
rider.us
5ishare.cn
www.dnf5200.com
selfmasterysecrets.com
qmthtbehyv.blogdetik.com
volainrete.it
sxgangguan.cn
xzs.cn
lozoai.tk
trouwgel.wop.ro
miftg.1168.tv
www.czxpj.cn
nap.net.id
bolalob.com
pcdoctor.pl
www.wqpt.tk
jobz.pya.jp
www.yalesun.com
www.wzwwi.com
zzwange.com
www.htmls.ru
vchan.org
www.ysmmjd.com
www.ytrc.gov.cn
bensalha-avocat.com
6cz.cc
hidanavi.com
www.yq920.com
www.dizigui.com.my
cerience.com
raucid.wop.ro
gumiasztal.lap.hu
statoutlook.info
csspw.cn
www.mgqxw.com
bluegrouptrading.com
nimrodel.wop.ro
yeslicake.com
freeuslinkdirectory.info
ajc7.265link.com
buyhomeintime.info
twinings.co.uk
undergraduatedegreebaz.info
mird.nfdy.net
www.szapk.com
zafriko.pl
s-a.kiev.ua
ukhc.nfdy.net
mahershop.com
www.ysp.gov.cn
automagazin.wop.ro
wichtigtuerei.wop.ro
208buy.com
escher-bauartikel.de
remodelr.com
parameter.sk
deeploy.net
ahgoobaby.com
17u-0ya311.diandian.com
dinkholdermuehle.de
www.95588.net.cn
lavani.wop.ro
northcre.wop.ro
www.saozia.info
advancedpctweaker.com
dogstance.com
www.456088.com
metin2.pl
tra.kir.jp
bbs.5868.cn
vegas68.nl
buscapalabras.com.ar
daibutud.puk.ro
ahrcw.com
vladimirkepic.com
www.nmgtc.cn
syunkinden.sakura.ne.jp
sms.be
vouchergurus.co.uk
wabcw.info
hbyee.org.cn
bookmarkingkhazana.info
senhaiki.wop.ro
www.xd220.com
gutkov.wrzuta.pl
thewi.org.uk
www.cdzy.cn
wpelementary.com
tistr.or.th
calil.jp
yawlsman.wop.ro
kymp8.com
nihaowang.com
www.zdong.cn
igraemsa.ru
yoururllive.info
filmsex4.info
www.hzzfb.com
oudiele.cn.alibaba.com
schroder.net.pl
spezzo.com.br
www.xinwyt3.com
snartgravid.com
entomb.wop.ro
ca-centreloire.fr
surroundreceiverrevi.9see.info
youfilmxxx.info
sperrgut.puk.ro
www.nick.pt
primus-hub.ws
www.hytj91.com
plazawin.com
noggs.puk.ro
be.cedarmon.com
plymouth.edu
www.tozao.com
biznesstart.ru
kyoto-art.ac.jp
tito.blip.pl
www.chkf.cn
bbs.sdkd.net.cn
kibicowanie.eu
consultsystems.ru
nadaparadeclarar.wordpress.com
avsese.info
mintingnickels.com
vb6.info
alquds.com
usemynet.info
4008001188.tk
www.51sanreqi.com
comment4.news.sina.com.cn
www.cods.pl
benin.lap.hu
humyai9.info
94luoliao.info
painteranddecorator.co.uk
yeswecanconvisualhome.com
drapersjobs.com
zrobtozamnie.com
www.jieyang360.com
www.cnwcn.cn
getima.org
vmpa.k3y3.net
banggia.ssi.com.vn
www.cd5656.com
www.gamyba.lt
tacloban.puk.ro
www.gzyes.com
sorcerers.net
www.663yy.com
310926.qzone.qq.com
pnj.ac.id
zhouliang.info
body.5200tv.com
osu.ppy.sh
www.sop.org
www.kmprojekt.pl
francofon.fr
www.365pv.com
iphone-occasion.fr
bravofly.es
jopin.net
windenergy7.com
kiswara.com
silverjet.nl
ctf.digart.pl
tisj.com
amerylisz.deviantart.com
aman-catering.com
www.gszj.org
www.yerongstone.com
www.wenda101.com
www.mora.cz
ralf-schmitz3.info
www.qqhrwater.gov.cn
www.fly3389.com
rossmoor.us
amvsbiju.blogerzi.com
xafocus.com
www.cheapest-beatsbydreheadphones.com
qycn.com
maimaizxcvbnm.net114.com
humyai91.info
bofor.puk.ro
02kkk.tumblr.com
mor4cesperformancemarketing.com
55115.com
www.pannonprodukt.hu
blindden.wop.ro
restoredtraditions.com
sui1234567890.wanye68.com
www.qqmny.com
52eagle.com
filmporn9.info
yo.tsyouxi.cn
ferienwohnung-ide.de
wiadomosciwalbrzyskie.pl
mbili.wop.ro
yokibu.com
www.digilentchina.com.cn
protecusatkd.com
unchawed.puk.ro
www.kaixian.tv
741.pl
su8.tv
dolmar.sk
markteng.wop.ro
jak.cyp.cz
bluemoosetech.com
sorompo.linkekneked.hu
verfoeiden.wop.ro
solidarites.info
dotal.wop.ro
tenuki.info
phpbb3portal.net
www.aprofit.cz
5qt.org
evoproj.ru
idolcritic.com
rr4.eu
ucbji.wop.ro
tele21.com.cn
kabusoku.com
sacu.com
linkspropeller.com
www.cnhhmm.net.cn
pornodemotywatory.pl
autorda.de
destinationinfinity.org
www.pabxlh.cn
coffeescript.org
jobsgopublic.com
ricardogarciavilanova.com
juegoswarez.com
jottings.in
pornohd69.info
thuoctridaurang.suckhoevietnam.info
6hzehe.info
archanaskitchen.com
zaqc.com
narutoship.com
liburnia.hr
clemsonlink.com
excision.puk.ro
utarggrun.edu.pl
jjjinvesting.com
www.qqwm.org
eduhmao.ru
mylinkdir.info
www.0208848.com
joshamik.hyves.nl
sdz.cn
tsukumo.puk.ro
childrenfirstffa.com
win.21cbh.co
stylishfetish.com
paraplubak.puk.ro
tanoc.pl
ingeografos.com.pe
thdsjy.com
cedarnews.net
cqgangneng.tzsb.cn
linkdar.ru
linkcraft.info
www.gensys.pl
cosi.org
tromaktiko.info
luxuryindianholidays.com
www.xiongjiok.com
limeade.com
check-my-website-ranking.nl
k0a.ru
checkmycreditreportforfree.net
artclubmonogram.com
tehran-musiiic.rozblog.com
xxam.digart.pl
www.watermaker.cn
dubo123.info
videoxxx16.info
uni-blog.info
sommelier.goedbegin.nl
www.akgg.net
cfsd.78.cn
ahmddq.com
www.eastmoney.com
iyad.wop.ro
zetify.com
big-photoshop.ru
esbw.net
openc.info
spacecollective.org
spicekingdom.info
res.vn
cryptothinker.deviantart.com
www.025jianzhu.com
appc790.5lg.cn
appleunity.de
artenote.it
5wycy.78.cn
arinsal.co.uk
arnkolding.com
glamorise.pl
asports-clan.com
catauro.wop.ro
ashiya-shakyo.com
arthayasa.com
ilike.cz
atmaq.com
autoboof.com
avexnet.jp
barceo.puk.ro
illa.wop.ro
babieswalkers.com
b2b.cn
rusubortun.ro
bbs.0997520.com
baoz.net
bobshop.nl
3-design.pl
gryn.puk.ro
bgvideo.com
shopbot.co.za
istudy.nankai.edu.cn
unb.ca
bk.chinapost.com.cn
blueantmedia.com
mind.prv.pl
boletinsei.com
wf8w.k3y3.net
blog.eastday.com
bus-miete.ch
beatogiovanni.it
viaggodasogno.it
captainpier.eu
chaoll.com
chuan1.tumblr.com
clyee.com
croontube.com
fbh2.265link.com
cq.taofang.com
cybeye.com
grahamjones.co.uk
cugzx.tk
yjs.xmut.edu.cn
cypfj.com
czhejing.cn
dazhu.org
medister.info
dinglikd.com
diversodesign.com.br
inforam.pl
dvdkurs.info
ccccssss.com
www.wolfmv.com
solicitar.wop.ro
bark.org.za
307mnwk.com
www.wwse.info
blahblahvelo.com
bi.org
fastpr.info
imf.org
businesstechnology2u.com
biznes-katalog.pl
ucomics.com
baltimore4wheelers.org
buzzfellowz.jp
wwf.ru
www.posuiji520.com
amazing-giant.com
bbs.bk35.cn
2pixels.hu
wirofe.wop.ro
2324461777.over-blog.com
2psen.co.de
culsexex.info
r8r88.com
infoakademie.de
233.cc
www.boop.cz
macbrains.info
www.sxhack.net
sina-niko-heiraten.de.ki
www.parkinsonism.net
svb.nl
listing.free.fr
scriptsdesign.com
dyn.hu
download-fanatico.blogspot.com
atehenmei.com
bagagetechnique.com
adelantemediagroup.com
toool.us
boreal.info
estateincantata.blogspot.com
www.spc.int
d214.org
albiazules.es
billboard.software.informer.com
ituneslogintoyouraccount.com
342559255.alibole.com
iq-150.com
apartmentforrentingurgaon.in
staverwo.puk.ro
linkexcellent.info
023seo.cn
ast100.foodmate.net
www.lyghybz.com
marketingekspercki.pl
mailingindustryproductguide.com
view-mt.com
expose.me