iu45.info
rotta.puk.ro
cloudytags.info
bigboobteens.net
ag53.de
3w1.eu
pampers.gr
haitixchange.com
corsential.com
listal.com
y10.com.br
vpshostingforum.com
extremesilver.eu
omst.me
agentfunny.com
www.511aa.com
www.c8m.net
wizard.com.br
pbaa.lizhidy.net
freegamesonline.eu.com
manabalayya.com
www.jh91.com
zzlm.cn
qxyy.info
thongtincongnghe.com
std-gov.org
t-gone.com
www.430022.com
mijueqls.1168.tv
makelovenotporn.com
rosen.com
www.pradziad.pl
melancia.puk.ro
moimoi.jp
mrkag.info
english-online.ru
joviniam.wop.ro
1our.com
ekspon.com
www.fanlepai.com
changde.13337.info
mi.99bitgongchang.com
itcarlow.ie
web2u.biz
otanews.gr
www.yihaich.com
erzgebirgisch.wop.ro
non-non.info
kima.lt
3jfs.com
livewhoring.com
www.aids-tcm.com
alteo.fr
basiura2.digart.pl
5c5c5c-115a18.diandian.com
www.8898575.com
zoomik.wrzuta.pl
www.kbdywang.com
www.jieyang360.com
kertigep.hu
49hack.net
eduphil.org
pzu.pl
mohsenchavoshi.net
serverqueen.jp
yslb.jp
cabro.wop.ro
maple.nu
futurestep.com
tasis.com
el-periodico.com.mx
thinglabs.com
ironflag.com
betalda.puk.ro
llwoman.com
getpaydayloan.us
motke.co.il
courier.co.il
brui.net
stoppress.co.nz
harleywives.com
www.toiyeugoogle.net
sitedesmarques.com
spring-sky.deviantart.com
kharjawi.net
diocajazeiras.com.br
www.12345mm.com
windows7codecs.com
hotelesglobales.com
altrente.puk.ro
yezzar.com
www.firotour.cz
other98.com
nzpcs.co.nz
economicsandwe.com
thewebhostbiz.com
www.zzyishang.com
shgg.210000.org
enteratecali.net
plantdelights.com
bidwithintegrity.com
www.jdb.nl
voila-le-travail.fr
rew.pl
clipsharedemo.com
p-wholesale.com
jingyoufengxiong.net
aanmonsteringen.puk.ro
thegcloud.com
aiaigaame.com
www.mile.cz
bachekaincontri.com
linkcraft.info
www.xiaofeizhetongmeng.com
cybertron.ca
simplybacklinks.com
52sdh.info
www.ddhssc.com
hecatombaeon.wop.ro
rueckbrodt.de
www.xiaosb.info
www.hwdtqx.com
nba.edu.in
hot-point.pl
otoparcasepeti.com
sonarsaopaulo.com.br
ndmmxgjm.78.cn
finep-capital.com
omihost.com
yinjingbianchang.info
www.kan165.com
afho.lizhidy.net
usaone.us
www.quheitou.org
sxd.cy3.cn
acs.pl
dagoneye.it
sroeco.com
www.9158.com
fondes.wop.ro
energiegut.de
www.diefa88.com
5146235838.phone.searchwww.com
www.sztz.cc
clshoescheap.org
olike.ru
libertydirect.pl
battlecombatro.com
korrosjo.wop.ro
earncash.mk.ua
accountingresources.org
ethiopianmusicvideo.com
inventi.puk.ro
stefano-picco.de
www.guizhourc.com
oggi.it
parspoultry.ir
handshake-app.com
sexvideo-chat.eu
kent3583.blogspot.jp
oje.pt
7cy.me
itn.ir
www.chosowa.pl
lemontech.cl
buddyweb.me
jungproyect.es
vangrind.se
beskidy.pl
share.jinghua.cn
jaycee.or.jp
clickandpay.ru
nigiri-999.deviantart.com
ksrthailand.com
crimsonsteelzeb.deviantart.com
clanteam.com
duck.co
www.ls.cz
bitandbytes.com
patentdenizli.tk
bmv.hu
deutschegrammophon.com
www.zzzhiai.net
zbanuj.pl
victor2012.info
www.18senv.com
k.pcgames.com.cn
datapipe.com
www.114wzdh.com.cn
lisek.blip.pl
morphinepilgrims.com
rsk.it
scheibenwischer-profi.de
99bbbb.info
bigchill.com
trichyads.com
hkhk88.com
eyello.com
0yjl.qiwen5.com
www.bmway-design.hu
lvsac2012.org
theoatmeal.com
ghx.cn
web.jxbgw.net
www.texas.gov
xosotructuyen.vn
www.hbgt17.cn
ara.blip.pl
trailerparknetwork.com
77.gerconsnr.orge.pl
legeny.puk.ro
www.bjdlpw.com
railnewzealand.com
www.lamb.lv
www.bsdy.cc
d-web.co.jp
workathomecoach.com
www.gman.in
disrank.puk.ro
extremeblack.ru
www.guanghua666.com
cranberrycornersgiftbaskets.com
yourmediabox.com
maanziekst.puk.ro
jingo.fr
andplus.net
minnebrief.puk.ro
www.baiduabc.com.cn
669lian.com
xruh.nfdy.net
todesurteils.wop.ro
www.viajar.jp
www.3jkk.com
kliot.net
memoirsofasingledad.com
www.baidu29.com.cn
hobby.or.jp
qqomg.com
bisbon.ru
costacruise.com
fresque.wop.ro
hochgehen.wop.ro
hl.bnet.cn
navneet.com
top-depart.com
ahbtyy.com
hoc-tieng-anh-online.info
twoj-dzien.eu
findlink.info
blondie2610.hyves.nl
azbrajeans.pl
www.babausztato.hu
plantsrights.webs.com
fotobasia.pl
moto-z.com
centrumofert.pl
declinan.wop.ro
www.cntugongbu.com
taiweekly.com
freeseowebdirectory.info
razdrusai.com
my.ust.hk
nava.wop.ro
conseil-national.medecin.fr
www.hr-wz.com
www.nederland-sexcontact.nl
taiola.info
www.radio-world.com.cn
howtosellannuity.org
fotoklik.pl
www.jfsky.com
dwag.nfdy.net
ving.tw
manilalife.info
utouto.wop.ro
www.release.fr
freeonlinesubmitdirectory.com
agataa79.polki.pl
martiniquetourisme.com
bmzones.com
shadowdefender.com
nickcannon.com
www.dbzj.org
www.tunpo.net
saga-s.co.jp
allforum.com
kazamiza.com
www.95572.info
wetteksten.puk.ro
www.6125468.com
maranki.com
pornohd69.info
holidaypromo.info
www.zsol.org
qqcy.mobi
kenteringen.puk.ro
marketing-internet.com
dulich-halong.info
thuoctridaurang.suckhoevietnam.info
huaidan.org
www.21ky.net
rectale.puk.ro
penizenutne.cz
besthomemadevideo.com
fullmoon.info
gigme5.com
potleg.wop.ro
www.paikegangbi8.com
bbs.007.cq.cn
chechef.it
jego4.digart.pl
nigra.blip.pl
livestreetcms.ru
twalloys.com
mega-bux.in.ua
messagesforjapan.com
visitcalgary.com
simslive.prv.pl
unqw.com
jointokyo.org
skmb.de
www.tila.be
amazon.it
sls.wmw.cn
www.maojin.cc
andrewkahlphotography.com
xoso.wap.sh
www.fjtlsz.com
byronic.info
engo.in
www.freeport.cz
promo47.fr
pr-chat.at
w782.wrzuta.pl
diak.fi
myhealthcareview.com
assassinerait.puk.ro
www.texpol.info.pl
tkcom99.com
nrmusic.info
gefrieme.wop.ro
spanking-videos.co.uk
seksyen7.com
www.srvod.cc
smartinternet.co.za
www.51cao.info
fotosguapas.net
yxjy.szol.net
trackurtime.info
www.cn-ywq.com
dubn.210000.org
subotica.info
mdiaoding.com
www.sportsinfo8.net
forolatino.info
www.tccn.nl
tickco.com
dannerebbe.puk.ro
misshomemade.com
bigfishfullmovie.blogspot.co.nz
dualkoza.digart.pl
mengbashawanggou.diandian.com
sulkiness.info
www.ld6896.com
safir.puk.ro
v.yanjiao.cm
suzuki.pl
www.ddd20.com
cashes.wop.ro
bulkhead.puk.ro
smkb.co.il
gear.fad3.net
fireball.de
www.duilian888.cn
knoxeli.tigblog.org
www.cdmyjia.com
www.bidamingmen.com
www.4tech.vn
xlinc.cn
greenparts.ru
www.ezweb.tw
tao88.org
presitmv.osa.pl
www.uk-mobile-pages.co.uk
gyerekfilmek.hu
thelook4less.net
ien2.hyves.nl
pinner.nl
vagina.of.pl
frank-teens.com
pwspot.com
photoshow.it
spisstron.pl
tarlato.puk.ro
qunion.net
emol.com
schuhsen.wop.ro
mcmorranmedia.com
rto.de
antipathieke.wop.ro
knallgrau.at
minibulles.info
nkbr.210000.org
gepluimde.puk.ro
facebookstatus123.com
raving.wop.ro
crohn.home.pl
juegosenlinea.me
corpuschristifilmsociety.com
www.hailangyy.net
tsumujikaze2.blog.so-net.ne.jp
lentejar.puk.ro
gzcy.gzlm.net
zanktet.puk.ro
easywebdir.net
wbcawvzatgjg.com
www.yyqjwz.cn
vb6.info
etong.com
szinonimaszotar.hu
musicontology.com
steinsgate.jp
qualitest-inc.com
primus-hub.ws
creafimo.ch
ioerj.com.br
textplus.com
cboy.us
rcgiannini.com
www.goldjob.cn
saulijdo.freeforums.org
idc.jl.cn
noticiasmedicas.es
ty.haofy.cn
maker.co.il
kv88.cc
uk2000scenery.com
www.21xw.org
www.ebcl.ru
www.ztgy.org
obe4u.com
fellinishop.com
sealants.wop.ro
klmyw.cc
7171.7wa.cn
tuberculeux.puk.ro
auto.ttx.cn
b-rad.cc
cen.to
www.puparazzidogspa.com
voltigeerde.wop.ro
caaitba.org.ar
marcvasseur.info
conditer.ru
1001facts.info
miamin.puk.ro
pt008.com
velo-manager.com
spdrgoldshares.com
insiderblog.hu
onlinefaserver.in
www.bmqv.4f9.org
35z.info
ernr.nfdy.net
bloggbyen.com
www.baodingcd.net
t-home.mk
superkoderi.cz
www.xcg158.com
cuckooclockssite.com
dyeleave.wop.ro
egi0.265link.com
cenzurka.flog.pl
tieftauchen.wop.ro
hhualawyer.com
silverstone.wop.ro
lifecity.tv
manraj.co.uk
mcjoy.org
lyonosteo.fr
dongying.com.cn
www.rzzz.cn
deaio.net
www.5book.com
tians.in
thermale.puk.ro
2144133.i.tiexue.net
zonamedica.com.ar
mmmsait.ru
elit.cz
me.gr
danowski.pl
hnxzfw.com
ipiros.gr
wowwarez.net
www.genercan.es
www.1000ying.net
rsbay.com
stf.edu.my
livrosgratis.com.br
www.wspia.pl
u-hits.com
welldoitservices.com
new-jav.info
triumphb.wop.ro
vegagerdin.is
okinao.puk.ro
itbites.com
pkt.pl
monportailfinancier.com
111ca.com
all-dressupgames.com
anfritz.de
netmarktools.info
jardipartage.fr
lingeriessexy.fr
teenpornohard.info
xluretrabisx.deviantart.com
ramsons.biz
ewisoft.com
jmzi.nfdy.net
www.library.co.nz
iklanhouse.com
www.aimei250.com
playboysbustybabes.com
protrackerplus.com
powstanie.pl
www.jl-ds.com
doctor.kz
onlineclarity.co.uk
rubydoc.info
ztia.qiwen5.com
northcliffemedia.co.uk
pacificvoyagers.org
samplestuff.com
futureads.co.uk
sksg.org
javascriptsearch.com
03886.info
funnypandu.deviantart.com
ayuparadise.c.la
nmjiuxing.com
www.vvgi.nl
fotokasten.de
www.obnadace.cz
gadaixade.ge
dresstv.jp
hellenistai.com
97.88szs.com
kucniposao.ws
cfae.cn
raute-wirtschaft.de
censusgujarat.org
amsilo.com
gb8008.us.ly
www.hblry.com
www.dell.cz
www.es158.cn
wretchle.puk.ro
851101he.fyfz.cn
easyezinearticles.com
sosite.sozza.wwwwww.wop.ro
hr-sd.com
newduggtag.info
bearings.wop.ro
vidaamericana.com
300bar-8chome.com
76mmm.com
recruit-fi.co.jp
destylatory.eu
mysitting.net
www.95522.org
44990.com
www.iowa.gov
www.getuma.com
mangeltjes.wop.ro
sinochao.com
frendzbook.com
lh5.cc
44456129.qzone.qq.com
ahjkzs.com
shop71393352.taobao.com
tsetsoradev.info
seocheckstats.com
rulon.digart.pl
www.etqmjy.com
www.bowien.pl
rtgk.210000.org
aanstuiv.puk.ro
yazikita.com
mijobrands.com
is-sec.org
bilturen.no
hotfiledownloads.org
yingyong.taobao.com
fiat-bravo.info
heatdirectory.com
shopcandelabra.com
hhplace.org
vanity.com