sortirensemble.com
icnb.pt
prnf.info
cqsf.yq920.com
relaxation-ow.jp
dodajlink.com.pl
millionairetraccer.info
pleaters.puk.ro
ykfashion.com
valemaisapena.com.br
www.73wx.com
22zw.cn
preiseklein.de
comuniverso.it
bh54.com
ndfjaxisfire.mnyzh.com
webfail.at
deirmarmusa.org
www.avi.fi
chinohills.org
mccormicky.com
updowner.com
ideate.wop.ro
zuly.k3y3.net
zuan68.com
seoagency.com.sg
eleqtriq.com
gmt-max.org
jiaju.99114.com
doodox.com
giftboxes.getshopped.com
pslc.ws
c.oshiete.goo.ne.jp
justfreebooks.info
kulturystyka-online.pl
skintreatmentguide.com
scran.ac.uk
dive-the-world.com
siodme-niebo.pl
inboxmailmarketing.com
dacy.puk.ro
qwtz.56dvd.net
bezprzyciskow.pl
web7b.cn
tagungshotel.com
cheatad.com
raileurope.ca
imkerei-ahrens.de
chache88.wanye68.com
anaisnin.com
eastarjet.com
www.hugweb.net
searchve.com
48al.qiwen5.com
kauzo.com
directory.awcs.org
dfsports.cz
beckynaylor.co.uk
intargetgroup.net
75409.hemelsesex.nl
colorcoat-online.com
isbm.org.in
www.conceptlabs.com.pl
ddlab.dk
www.zhnews.net
getable.com
4173.info
biondi.puk.ro
hopkinsonalert.org
tropicaflore.com
49sg.com
fisken.puk.ro
www.diybl.com
salvatini.wop.ro
sensationbookmarking.info
6song.cn
boeschung.de
anakeyn.com
directoryname.com.ar
www.aromka.cz
kanzou.puk.ro
maldimix.com
www.thewebferrets.nl
culpornospot.info
shoo-be-doo.deviantart.com
addebitto.puk.ro
leftcoastclassics.com
internetprodavnice.com
0fty.nfdy.net
znxy.org.cn
www.pos188.com
66hh.me
konpan.wop.ro
www.goeshine.com
kikoriya.net
atn.lt
848484.info
www.ttt999.net
sg.9998.tv
dell.wroclaw.pl
authorsguild.org
thefishsite.com
www.cere.ro
www.320322.com
hvdd.k3y3.net
wd.cqnews.net
linksea.info
inesdi.com
wholeapproach.com
kikonline.ru
beingglutenfree.ca
www.chinajnk.com
d-i-r.com
elasmobr.puk.ro
amana-15-seer-heat-pump.blog.hr
www.golfkurs.com
10000gy.com
live.xes.pl
www.eyko.hu
www.shang-nan.com
80halta.com
uvq7.56dvd.net
oneinjesus.info
www.abas.hu
gusta.puk.ro
junhuili.com
8880t.cn
94luoliao.info
www.zsq9.com
selangor.gov.my
jonaas.me
hispace.info
bargi.ru
noiretoile.flog.pl
eigenwaan.wop.ro
sakariba.info
kamifox.eu
www.zhaoxi35.com
moganti.com
snabi.wop.ro
jyxx.fyfz.cn
happy-go-lucky-harvey.blogspot.com
www.10dx.net
mckeealaan18.info
xwcm.net
hahen.wop.ro
metadot.net
dongxiangzu.mofcom.gov.cn
0312.net
konstell.wop.ro
whiteblaze.net
3od.biz
metaboliccookingthebook.info
saritube.info
www.uu11.com
hsmaps.com
hazunkkorul.info
0813fs.com
tellyforum.net
itumo2ch.com
cxqtkwqu.tumblr.com
cjes.ru
her.her.jp
ileon.com
dver-lux.ru
savvyhomemade.com
nhance.pl
gemeley.net
sunhope.co.id
www.sihuangsilk.com
qz.gx.cn
osorubek.wop.ro
igjq.nfdy.net
www.2tansuo.com
ana.blip.pl
easypic.com
meci.wop.ro
sentei.puk.ro
getsholidays.pl
fleurop.ch
directcp.net
szzhudi.com
dukeba.com
tafelnde.wop.ro
ces.edu.co
hoshinshog.net
www.yuqiren.com
www.akulo.info
kzzp.78.cn
icbt.k3y3.net
tombstonetactical.com
www.wd3.com.cn
126.com
3864.210000.org
adultdir.org
just-drinks.com
weisanguo.cn
6hw.me
boyangshipping.com
icy.blog.hr
www.mmhx.net
bonavini.hu
soccerusainc.com
aecid.es
edunet.tn
iannnews.com
fcrl.mae.wvu.edu
wuzigai.1168.tv
paucispirated.puk.ro
rusflat.ru
kurodaha.puk.ro
saperski.dbv.pl
iste.org
www.xjtlqh.com
weluveco.com
23rt8.gn2012.com
www.jinanky.com
www.musu.cc
inpersia.com
www.ezhangkong.cn
tokyo.106.in
clickaderia.com.br
calendarlabs.com
doctorise.com
www.tuopiji.com
douban.com
news.liao1.com
vb6.info
www.lykindyroo.com
syenrong.net
swpark.or.th
www.ddqcw.com
vzedwuzz.blog.mongenie.com
tuzfeszek.hu
tetoraka.wop.ro
www.fti.de
jinjingxiang.iteye.com
piel-l.org
riveraie.wop.ro
www.trjeans.net
tytm.net
www.szraskj.com
cvau.nfdy.net
www.zomkj.com
xiaoke.info
junyitangjcyw.1168.tv
lhcai.com
whitelisted.org
ehome.e-chinalife.com
webdesign.net.cn
balenati.puk.ro
neuelisterott.de
aqdirectory.com
shls.gr
www.wzaw.cn
66rt.info
katerart.com
creativespirits.info
www.sinolining.cn
2ui.ahswgx.com
86ma.tk
zzj.66law.cn
yshd.210000.org
verifieddirectory.net
geographicguide.com
48c9.k3y3.net
onlinebookmarklist.info
zzlm.cc
kasiullek.digart.pl
ciutacu.ro
tebes.digart.pl
saodiat.com
vales1000.es
tv.bild.de
marea.flog.pl
www.hr100.cn
carles68.com
rondetafelvansocialisten.be
swigin.com
pleasetouchmuseum.org
spb.tvoe.tv
mickfun.com
electronicaonlineutrera.com
women-radost.ru
www.moving-truck-rentals.org
tradeurl.com.cn
www.autokia.pl
voortstuwden.puk.ro
www.2008158.com
www.9900pao.com
unlimited-outdoor.de
wbdm.nfdy.net
sd43.bc.ca
coolsmileypack.com
newepicmedia.com
www.bnwdoors.com
voo2do.com
enidhi.net
swedishcharts.com
nanbyou.or.jp
isocialbookmarking.com
www.eppo.org
krampen.puk.ro
cosasdeinternet.com
fyyp.78.cn
wgrane.pl
radio-vollemaan.hyves.nl
cherchiez.puk.ro
cameremegapixel.info
jerpat.com
mytitbits.com
66c.in
www.mnspan.com
yankeeanalysts.com
praktykanci.pl
maizou.wop.ro
polkiri.com
sprzedajemy.pl
incesttoons.info
www.1mag.cn
zj555.com
www.dxct168.com
asvcd.blog.163.com
tiavehol.bloguez.com
apc-overnight.com
web.pe
www.szsjc.gov.cn
blob.wop.ro
iwin-online.org
www.zucheng.icoc.cn
irorio.jp
rhythmplayer.com
kaja19930908.blip.pl
mozg.by
9410.com.cn
onthebike.pl
ethemis.gr
0933848787.magent.com.tw
hamptonluxuryliner.com
raritanval.edu
www.fpiao18.com
www.ccxaw.info
vipc2c.com
www.md-mall.com.tw
rus-plotnik.ru
www.cb5899.net
finishingmachines.com
toekanss.hyves.nl
werdich.com
uidaho.puk.ro
technoculturecamp.org
new.13991.com
put1.265link.com
www.sunshi.name
nigeriaalternativeenergyexpo.org
trace.me
www.temaijie.net
vienthongfptnamdinh.divivu.com
karpfens.wop.ro
chotot.info
www.szjhpp.com
megadeat.puk.ro
cangzhou.hellozx.com
hani.wop.ro
www.zzyishang.com
www.sexcampimps.nl
yokefellowofcaldwellco.org
gsxrfans.hu
www.taof88.com
www.jianfubu.com
www.wwse.info
xifei.5d6d.com
wwwww.2ch.net
www.gift-shop.com.tw
hitta.se
www.ppl.hu
data.gmu.edu
blistar.nu
tipsformommy.com
hermoglyphist.puk.ro
pzhhm.com
www.kclz.org
shopermate.com
roddywoomble.co.uk
skoda.at
tejji.com
www-midea.cn
social-bookmarks-site.com
purduecricketleague.com
www.idoc.vn
supersoloads.com
geetshabda.com
www.vooec.com
nbxhkj.com
tset99.com
sesexxx.info
win.21cbh.co
drafternoon.com
blog-v.com
gizycko.wm.pl
belgi.com.pl
www.bocghe.net
youthpastor.com
ixlidol.com
agenziaseosem.com
tbilaw.com
www.xzsw.net
radiook.co.th
www.itrust.org.cn
lwzb.jsstjj.cn
www.xcwangluo.com
www.eb-cn.org
fratcheo.puk.ro
smartmoda.ru
ikram.org.my
httpsdoc.com
falusi-vendeghaz.feldebro.szallas.istenhozta.hu
rcy.fr
miasto.dsl.pl
joomla-day.pl
qpygkypqya.blogtrue.com
bh.zp365.com
purina.cn
www.greco.lu
www.miedzy.blog.pl
1mw.cc
thegreatfoodguide.com
fiendlin.puk.ro
nacsj.or.jp
drcsc.org
atsiri.info
www.60333.com
oivx.nfdy.net
www.shguanying.com
www.m-18.cn
wolterskluwer.pl
51changfang.net
whg.com
www.oaeach.com
markshangout.com
t56.net
gotbusinesscards.info
js92.com
happyharvestfansite.hyves.nl
labstyle.com
xanario.de
bryenton.puk.ro
jvc.pl
ipshop.sk
www.wernercn.com
chebero.puk.ro
alfor.ru
intense-workout.com
frfb.nfdy.net
smartmobil.sk
www.cqms8.com
bikeandroll.com
ramen-labo.net
eoneo.com
digitalbooksales.info
www.filigrav.de
collegeanduniversity.net
www.315zy.com
www.leku99.com
eukalipta2.hyves.nl
whitewatch.info
www.toto258.com
bressure.net
toprankbookmarkinglist.info
www.uzfushi.com
waga8.com
soxan.cn
sicily.pinger.pl
www.sfs-cn.com
www.tsukuba-fc.net
www.ahswxj.com
jgfk120.com
liuguiwei.120.net
fa95.ta22.us
www.wendan.net
m34s.56dvd.net
www.165xx.com
budo-karate.com
teamhost.org
tgn.tv
cn.bing.com
www.lqtjyht.com
www.44783.com
kidscorner.org
www.jje.cn
www.lpjggw.cn
hsj.jiaju.sina.com.cn
droogje.puk.ro
pagador.com.br
metal-rules.com
www.acfun.cn
pageranktr.com
www.cocotan.co.jp
grocerycouponnetwork.org
www.salt.ch
trasboy.vefblog.net
www.32com.net
depurai.wop.ro
blogger.u21.hk
www.ehzrt.hu
yogyapedia.com
guihuaxiang.com
searchingforstyle.com
webmaintenancepro.com
icms.info
truskape.wop.ro
syil.co.in
www.qianggen190.com
langez.wop.ro
www.zzzlsh.com
zeht.nfdy.net
556779.com
www.chinaspld.com.cn
healthyfiberfoods.com
59dyw.com
www.rpgmaker.pl
teamsoda.nl
00852kk.net
downloadwindows8.info
ghosh.wop.ro
news2.7m.cn
linktele.info
www.kzfj.net
liveinthephilippines.com
glenjean.puk.ro
cnxove.es
gcp.sany.com.cn
samweber.biz
foyu.nfdy.net
aminostar.si
www.jxln.tv
504o.k3y3.net
www.honghe56.com
61jjj-11y1a.diandian.com
galkuri.com
s.xs8.cn
officialkojo.com
wj.hc23.com
www.topimitationwatches.com
wolong.01ny.cn
fanlvshi.66law.cn
www.dzzq.com.cn
www.jiuje.com
www.zxrd.org
xtramasti.com
kunstvaardige.rembucher.doorstekingen.lancinera.wwwwww.wop.ro
pubdesign.com.br
www.tourongdai.com.cn
www.qtrs.gov.cn
gehuiverd.puk.ro
mababy.com.tw
kortsche.puk.ro
sslcommerz.com.bd
event.pchome.net
pekin.wop.ro
ghdhairsalon.com
thonshopping.no
www.cg160.com
kurobika.puk.ro
divadlozavodou.cz
cqlhs.com
norton.mobi
www.shffcl.gov.cn
www.gzzgzx.com
nm.vnet.cn
avi-swf-convert.com
vkb-bank.at
diary.will-corporation.net
twnode1.com
yangsak.go.th
suwnice24.pl
soft.ccw.com.cn
abbalukengbone.com
haywire-full-movie.blogspot.com.br
magpie.wop.ro
nounyuuk.puk.ro
conopodium.puk.ro
seopack.info
zeh.com.br
nashasvadba.net
craigslistmillions.com
www.tangnur.net
linkadmit.info
www.zhenru.com.tw
www.duzhidu.com
assumingness.puk.ro
link.baidudy.org
jiaju.jc001.cn
opentfl.co.uk
techmaisbrasil.blogspot.com
shmq.net.cn
ruhd.nfdy.net
hoboken411.com
airportturk.net
ixwei.co
szfx.210000.org
krak.tv
www.china-hcf.cn
administrator24.info
wapella.puk.ro
www.dnf5200.com
voipsector.com
psd-dreams.de
kajaaninmamselli.fi
www.22eeebb.com
idesmag.com
www.c3618.cn
cyanics.net
31966.v-r.biz
stamane.puk.ro
aquasana.co.uk
jjj88232.tumblr.com
knopp.puk.ro
www.zuoxuanroujian2.com
discountdecorating.com
pornbig1.info
approbatrice.wop.ro
jefx.org
centurion.bb
squidix.com
nycclub.info
vb.kg
news.168xiezi.com
ceramtrade.ru
banggia.ssi.com.vn
w3c-compliant.com
membersonly.com
yiccc.net
grandefratello12.net
aardbron.nl
www.se9.us
urania.ru
webmastertoptools.info
tekz.info
www.xzzyw.cn
public.tw
joyworld.ws
kanduzanders.nl
pour.puk.ro