graphics.beareyes.com.cn
www.oldkids.cn
kaysonseducation.co.in
se66.zw78.com
munnymadness.com
suaraserak.blogspot.com
milfpornblog.info
ssl-einkaufen.de
www.xactry.com
shindler.ru
wap.wapjc.com
top81.cn
genial.wop.ro
kf.or.kr
chiaro.wop.ro
pruffi.ru
lapsa.puk.ro
wujinggou.com
www.c-jia.net
coralreefer420.com
www.yiyacn.cn
www.pripojsa.sk
hyipranks.com
realdesktop.eu
nelly-rey.com
yjszs.hqu.edu.cn
esbg.de
modernizer.wop.ro
szsxshwx.com
marketingcamp.dk
www.ylrhome.cn
profitgamehyip.org
www.lex.md
hopenet.net.ph
eda1.blox.pl
www.jlsjj.gov.cn
6312370027.phone.searchwww.com
www.rfqy.org
tradestime.info
souschef.fr
onexamination.com
baggersmag.com
turkos.se
changjihuizuzizhizhouyibisi.fdchs.cn
212188.com
kzpgmfcfo.blogger.hu
seab.nfdy.net
nearearth.com
www.csxyushi.com
hybridhealth-shinjuku.jp
www.ricoh-japan.co.jp
a-market.pl
www.yyy46.com
chungli.wwwwww.wop.ro
freeporndumpster.com
www.mskbv.nl
udayton.edu
richardlevangie.com
chatterpets.com
lovedd99.com
www.szshihe.com.cn
sr.jiuyaocha.cn
onlinerecnik.com
jackleg.info
ofifuf.fr.gg
qvrh.k3y3.net
cabalrider.net
sauditourism.com.sa
www.kuai66.com
bookmark-clever.de
etkr.nfdy.net
nawartrus.com
incurs.wop.ro
kit-e.ru
www.yknlfd.com
www.wbtkw.com
weare1.info
agoramagazine.it
pomidor.89.pl
whipup.net
choosy.wop.ro
dith.wop.ro
hoerspiele.de
righthand.puk.ro
orion-express.ru
webworldguide.com
mykids.punt.nl
blogdemarketingdigital.com
k6u7.265link.com
sanghparivar.org
atstudio.hu
www.gucci-play.com
bewerkingen.puk.ro
gateuk.com
thesheriff.co.uk
wuyoupc.cc
music.bagdax.cn
www.shz.gov.cn
cheapinsure.org
jrtk.nfdy.net
www.xingfudiantang.com
www.ahnk120.com
frendzbook.com
viunk.com
ipp.cl
xiaoyueyao2011.b2b.youboy.com
vnsn.net
yn.273.cn
sm160.net
16bt.info
plusserver.de
www.0719sng.com
alliance-scotland.org.uk
www.139idc.cn
kasseier.puk.ro
www.533755.com
www.bqun.net
www.quangei.com
51huizhen.com
chnimport.com
val8.deviantart.com
www.lvyougw.com
wq66.net
www.xalhrc.cn
www.shineric.com
yunlonghucbd.fdchs.cn
overjob.wop.ro
www.fhpaimai.com
silicone-rubber-rtv.com
www.iching-goodluck.com
www.clyhr.com
dharmanet.org
hobst.wop.ro
amt.in
seobullshit.com
eae.hu
naturns.it
millionairemate.com
azer.puk.ro
prsindia.org
www.81jiaoji.com
56ps.cn
krijt.wop.ro
tiffanyjewelrysoutlet.com
www.33591.cn
www.tvtravel.ro
conopodium.puk.ro
www.wsria.cn
tracke.net
www.mente.cl
ciford.org
mm.58w.cn
corsetedama.info
www.xingongmin.org.cn
pasarmalem.com
kezirat.hu
sssea.net
mzyp.cc
meminist.org
luna.hu
www.277se.com
charlatans.info
okl12580.cn
onesdog.net
jianhuameida.fdchs.cn
rxmp.nfdy.net
m9s.info
onortao.com.br
www.gugu.la
egsnk.ru
mathmen.com
www.hlgdh.com
www.lxgzs168.com
www.jinkouzhoucheng.cc
www.51xisuiji.cn
biuranet.pl
yuxsc.taobao.com
dyslexie.startmenus.nl
abgesond.wop.ro
taggersite.info
job.hustwb.edu.cn
5ye5.info
io.ua
wedge.org
fixr.hu
bestgefuehrt.puk.ro
estamental.puk.ro
timepost.ru
itetu.wop.ro
meci.wop.ro
water-storage-tank.com
chons.cn
savita-velamma.com
land-seoplink.net
bjzbkj8.com
modernhepburn.tumblr.com
www.zzwol.com
winemax.org
lameducouteau.fr
kpc-diy.web.id
www.bmmr.cn
www.mdchina.org
96ppp.com
videosexe9.info
helloproject.tw
tricae.com.br
leawoodward.com
ansus.de
magazine-durabilis.net
www.menorca.net
btmee.com
news.liao1.com
www.sd-seo.org.cn
j8so.qiwen5.com
rtg-mag.hu
17daodi.com
wfvp.nfdy.net
insidekpop.com
www.zj-baishi.com
www.comcdr.com
met-elearning.org
scam.wop.ro
pszczelipark.pl
www.baidulzg.com
famaforo.com
xiti.com
toegemetene.wop.ro
hotel.mezokovesd.szallas.istenhozta.hu
constipationhelp.org
angelinacastrolive.com
eshow365.com
www.immeta.de
extrapol.puk.ro
www.av.887e.info
hxva.210000.org
www.zbdxq.com
www.cyfphs.com
gouwu.01335.info
pornoelg.com
xiaokejiangta.1168.tv
your-debtmanagement-articles.com
animeron.info
buqu.nfdy.net
lespom.flog.pl
1872.net
www.zsq11.com
wp.apbest.info
qqlj.qiwen5.com
minitokyo.net
www.jobui.com
4njd.k3y3.net
amazingbodynow.com
client.web.id
sonnenkraft.com
tov.com.br
asiamoney.com
felek72.digart.pl
colegiocristianointegral.com
tamilamazing.com
outletplaza.co.jp
api.789zy.us
www.sn99.info
uzjn.nfdy.net
fauzi.web.id
glbaike.com
www.klikshop.bg
ekran.si
jingwuonline.com
se-suganuma.blogspot.com
pv-mall.net
retajadura.puk.ro
ugr.es
www.sfrg.cn
yayuyayu-puella.blog.so-net.ne.jp
rethinkcanada.com
qxf.9998.tv
lago.flog.pl
florhampark.wop.ro
mitgsw.org
www.chinahyweld.com
manshetat.com
2nankai.cn
thuoctridaurang.suckhoevietnam.info
www.magyar.sk
www.52kd.cn
dmzwarez.info
indiatechjob.com
www.ajh868.com
chuuha.wop.ro
www.softwaredownloads.org
www.66ow.com
sistaminuten.dk
sashiko.it
5irc.llflxx.net
global-ads.de
www.punttic.cat
www.x0754.com
mollys-paradise.de
lymphopenial.puk.ro
ljol.wan.360.cn
tehran-musiiic.rozblog.com
uni-blog.info
emsphere.info
szfhmc.info
www.urobsisam.sk
fclinks.info
admin918.com
pronosticodeltiempo.info
sunsweet.info
co-motion.com
www.zt36.com
get-software.info
buy-tramadol.over-blog.com
equityhomeloan.co.uk
kabusoku.com
imod.pl
www.tingk.com
olzj.k3y3.net
cun.jp
kroma.wrzuta.pl
tu.5678.cn
haprogroup.vn
twinkletoestheclown.com
youromail.com
www.bh-pinyuan.com
holidayline.pl
lago-maggiore-urlaub.de
www.puma88888.com
clearvale.com
pornjab.com
www.soduxiaoshuo.org
www.5showla.cn
cheap-linksjewellery.com
gzjn.gzlm.net
trabeae.puk.ro
bowls-cafe.jp
openlinksys.info
santamonicaskin.com
www.yyido.com
1819.100hg.com
cams.startspot.eu
www.100pei.com
imikimi.com
destockage-mania.com
sitharana.com
nachkommt.wop.ro
7171.7wa.cn
iphonebooks.info
hesanp.com
police.be
www.rentisetu.com
wr-script.ru
embassies.gov.il
www.zhongguo315.com
bizmatch.ca
qqc.co
www.dijiaqi.com
www.aizhenhong.com
uys60.com
firstdata.com.ar
www.dafunk.cl
webpals.com
watchusgrow.org
chaoying.org
moneygreenlife.com
tfls.nfdy.net
www.smaki.pl
www.ttt999.net
www.tao45.tk
mustangcorps.com
www.ww0571.com
yourza.com
www.newcoin.info
www.c8m.net
chesterzoo.org
wm-debt.ru
www.24hai.com
www.bobo90.info
akibomba.com.br
chemblink.com
filmxxx2.info
vasques.com
www.ybsfda.gov.cn
wittegids.be
ballparks.com
www.meme7.com
karboo.com
verqualmte.puk.ro
will-perkins.com
www.mklzsh.com
expeditii.info
www.mr5128.com
3erp.net
glazey.info
uuurt.info
www.qqhead.com
anspeien.puk.ro
vannonces.fr
bollywoodspicy.com
portalpez.com
barcelonahotels.es
improvedclinch.com
tovz.nfdy.net
cyberbiznes.pl
directoriez.info
canlaon.wop.ro
leftcoastclassics.com
www.mmkbw.cn
fnpi.org
wazzubzarada.info
tomatoland.org
g5fans.com
budapestfun.hu
bloks.cat
temerariousness.puk.ro
o2ja.info
af21st.com
extremesudoku.info
shopgiay.info
villakejora.blogspot.com
yourwheelhouse.com
fyyp.78.cn
masahiko.info
libreoffice.org
osdcs.com
www.zufangb.com
www.youhry.cz
cees.ou.edu
gladharige.puk.ro
groentewinkels.puk.ro
yshome.jp
survivalmonkey.com
www.zgrniu.com
poc-2002.hyves.nl
xoso.wap.sh
www.tusarok.org
socialcirclessite.com
military.people.com.cn
www.whatdoesvitaminddo.net
qiuyueshuo.kangkang.org
www.diyiseqing.com
gsm.vn
eduhmao.ru
taobaowd.78.cn
www.huoguow.net
postpubis.wop.ro
news.yzz.cn
94luoliao.info
www.getbrowser.net
felido.wop.ro
zord.org.pl
mytilid.puk.ro
jnby.pharmst.cn
azplusdesigners.jp
smsyhzd.78.cn
pt48.nfdy.net
banyan.net.cn
shua.in
aio.sk
podshow411.net
hcf.fyfz.cn
2suchka.name
www.fsxds.com
advertisingtimes.fr
orvaseed.freeforums.org
cheapdomainhostingz.info
www.kennx.net
dpex.com
www.81.cn
gedesco.es
luxe.cc
rs.anxiang.gov.cn
shmessenger.org
www.g603.net
www.shopex.com.cn
malorama.de
www.jiayong.org
www.qncyw.com
yanbian.66law.cn
nbwx.net
business-scene.com
lovecity.cl
wtgz.k3y3.net
indianseoservices.co.in
dlcy.78.cn
eayg.210000.org
qudangdang.com
adamspublication.com
clkt.nfdy.net
cq.zxbo.net
shop35066960.taobao.com
hobbyzone.com
com-web.cn
www.officejobs.hu
jontrinder.com
dynamicbike.it
www.surtv.es
pavelionut.eu
www.1hong.cn
ty.533.com
www.93mw.com
tb.blog.is
www.yusikeji.com
lr.ru
www.eewgo.com
meranerland.com
bbs.hybee.cn
matrix.waw.pl
azpress.az
raziman.com
zoetluidende.puk.ro
pjs-place.com
juhua.me
yinsex.us
blogosferabrasil.com.br
sitetool.org
order.1und1.info
getyournextclient.com
bidyutbikashdhar.com
olah.nl
www.nnjiajiao.com
felesteen.ps
www.xsxs.in
www.lszsw.cn
www.02255.info
gctronic.com
pescaeturismo.com.br
oktmw.cn
undephle.puk.ro
allegrodance.pl
solar-rating.org
154a.lizhidy.net
preteenstop.com
vmline.pl
www.itera.ru
mistymarshall.com
dy.koubb.net
themusicmag.com
sportsante.info
ujob.cn
hotspots.io
www.yezicheng.net
www.careland.com.cn
wahmommies.info
opio.cn
earheadmusic.com
tindleracing.com
read.lnd.com.cn
www.liuxinz.com
gobber.puk.ro
galacticbooking.com
rfgq.nfdy.net
dougiemaclean.com
brainville.pl
nhso.go.th
spaour.cn
xiantao.xinl.net
longchampsingaporeoutlet.com
unprim.wop.ro
www.58sde.com
juancong.com
loquenecesita.com
msjytd.5d6d.net
www.126rt.com
tacos.sourceforge.net
pdj.ru
wh.carschina.com
ringreef.com
www.pangu.us
asapa.puk.ro
sitestatistik.com
camiza10.com
australianwinner.com
urbancity.pl
www.6china.info
ecured.cu
4455.cu.cc
8biz.biz
marios-airbrush.ch
wakeboard-titouan.com
mot.hu
www.itgen.hu
jonnen.wop.ro
www.dl-xinsheng.com
www.666198.com
wqgw.net
brynnswim.com
www.seoleiju8.com
pinoy.md
turbobricks.com
javamexico.org
csduc.jp
pondomaniak.pl
supercloset.com
lorenzetti.com.br
bookmarkgo.info
hatunca.net
www.7-en.com
personalloan365.com
3659898.com
powermode.fr
gzsppf.78.cn
www.tudou88888.com
tw.xmu.edu.cn
futureranking.com
rimmellondon.com
1stymnetworker.com
50y1.lizhidy.net
xlpydmxz.blogdetik.com
lovesoo.org
www.cnpn.com.cn
www.52shuyue.com
r8a27.eakk.net
classic.sina.com.cn
www.jxiaoshuo.com
natefwebstandards.com
ispo-newsblog.com
borderstan.com
pothys.co.in
www.sxpi.com.cn
www.hfuu.edu.cn