oneosaka.jp
seowindows.com
noga.toplista.pl
qqg.78.cn
c7dc.com
tttoddtd.freeblog.hu
zver-soft.ru
hotelpromenade.it
sanseira.de
pof.de
sphoorti.org
chinaup.info
kbwretman.pl
freebookmarking.info
cine.com.do
zonamedica.com.ar
fando.wop.ro
atool.org
www.pinse1.com
cheerleading-shoes.net
3lf3.210000.org
gytjen.wop.ro
tamachik.wop.ro
fipav.tn.it
pricop.info
adthink-media.com
pornoimg.com
originalitaly.it
depositi.wop.ro
slits.wop.ro
cfssj.1168.tv
westjetfestivals.com
bbs.zjghot.com
educationduniya.in
bolsaemprego.net
hebinzhicheng.com
sloggio.puk.ro
njzx.210000.org
marko0998.33591.cn
www.boshan.com.cn
www.cg160.com
www.sf999.es
aaconnection.info
asiamarkt-wing.de
stratus5.com
v.pps.tv
0791mn.com
www.com10010.com
rzxamsdhzk.blog.kazeo.com
vegast.ru
butwehavemusic.com
sostitut.wop.ro
fomass.com
888sunjinping.com.com
osdw.pl
savebrite.com
nansiki.wop.ro
taotao.ssc500w.com
noqueban.com
chauffierst.puk.ro
po.6aq.info
www.1688huo.com
www.buxiaode.in
easy-hide-ip.com
r66.cn
stannane.wop.ro
hlv.blox.pl
martenn.digart.pl
www.kidscbcwonderworld.ca
shls.gr
cookingfornon-cooks.com
www.de2.lt
2012.sina.cn
wazzubcharity.org
guenstig.de
bmzones.com
tybet.ru
icp.adminunion.com
hyouzyun.puk.ro
touwden.puk.ro
www.304dgbxg.com
cdhv.nfdy.net
inmigrar.wwwwww.wop.ro
www.52maomao.info
www.93364.com
rtysf.com
www.exp5.cn
hoopopgeluk.nl
www.nnhsy.com
www.slz.cn
rebuildthedream.com
dealsupto.com
cleiss.fr
linkguy.info
typcollective.com
shopoboom.ru
nakedwee.puk.ro
otofotki.pl
muslimco.com
1.com
impk.net
aodm.cn
julieet.flog.pl
hudyma.wop.ro
installc.net
www.ycxg.net
rentalserver.jp
www.zy.d1zx.com
cisaillo.wop.ro
eflowercanada.com
harmas.pl
tataprojects.com
quejalada.com
trancool.fr
yukiarare.blog.so-net.ne.jp
vooroma.nl
mobile.uwm.edu
kwkm.eu
wa-juku.co.jp
gla.tv
www.88985758.com
mediamix.ne.jp
www.77lydig.com
juguete.puk.ro
funnyvod.info
smsmogul.com
www.maisha8.com
shmydq001.b2b.hc360.com
shenmashenma.com
douga-2ch.net
macstoreonline.com.mx
35td.cn
www.nn6699.com
z0rm.qiwen5.com
iwenal.com
uac.pt
hokuken.com
tieba.us
joejord.co.uk
bigtexan.com
www.sxbxw.com
paris-movie-walks.com
maldarizzi.com
www.10086qb.com
lrxz.nfdy.net
www.cailun.com.cn
www.xingbaojianpin.org.cn
www.93315.cn
www.cntrades.com
zlecenia-budowlane.net
gather-data.info
find-mba.com
shop737.com
www.etet.cc
www.yingmi.info
dahongshou.com
visma.no
rapidweavercentral.net
arcadiaboutique.com
www.cern.net.cn
nm.bnet.cn
thecunts.net
abordant.puk.ro
subcordi.puk.ro
wasteoftalent.org
pinaccesscode.com
qiyejie.net
1tzs.com
qink.net
menstrualbackpainzobt.info
zzwange.com
66.wapbm.me
www.se9898.com
www.maler.ch
plumlife.co.uk
campusdais.com
free-spanking-movies.com
sxdehudzyhde.blogtrue.com
www.bibixiu.com
cleverwein.de
www.socss.cn
info-sanremo.com
www.byggteknik.hbg.lth.se
www.bas.nl
sirok.co.jp
onderhandse.puk.ro
seedforge.com
wvbk.nfdy.net
ahgytv.com
macauhotels.jp
www.65ze.com
geographicguide.com
articulosi.com
nmfilm.com
bokaaboka.com
communitysearch.co.uk
scheidungsforum.de
familyface.net
deeson.co.uk
longdir.info
www.swlc.sh.cn
www.smi.pl
buzzfellowz.jp
qdag.qiwen5.com
grainelevators.ca
uzjn.nfdy.net
cr.jogger.pl
vnews.com
chaussettes-ski.fr
www.zjjta.com
5ok.me
paste21.info
anapa.info
www.jxkdhq.com
tackthis.com
www.n3.com.cn
www.mgjmls.com
wali.wop.ro
ywti.210000.org
austurlandid.is
healthkicker.com
www.yaleglobalfd.fudan.edu.cn
www.881mm.com
www.e24.ee
songchengce.fyfz.cn
360sou.com
cfdonline.cc
zugekleb.puk.ro
nwo777.hyves.nl
bacove.wop.ro
nexxt-change.org
minvakt.no
masterhair.de
friv-play.com
zenithcrusher.com
duanziwang.com
haynesjewelers.com
kroma.wrzuta.pl
likelike.com
wealth-4-all-team-israel.ws
www.cd-tedun.com
fraingroup.com
sorryimissedyourparty.com
adabalik.com
news.xgo.com.cn
acs.pl
toys.of.by
nacsj.or.jp
godkendt.puk.ro
newsyemen.net
www.zhangbuy.com
33221.in
ka-tet-corp.com
ivoclarvivadent.us
atheistvoices.com
jnzxw.net
rambergmedia.com
perspectives.org
www.qukanav66.com
prolighting.co.kr
novofashion.ru
theimasd.com
shrewsbury.ac.uk
www.3612999.com
la-parents.com
household-management-101.com
www.seoleiju8.com
0pjv.nfdy.net
weebe.fr
www.c8m.net
vintaj.com
insignia-bible.info
yyx777.com
evita.tenma.lanthopi.hygien.wwwwww.wop.ro
whoi.edu
goldenbullet.ru
rangide.com
osuuma.wop.ro
ledshow.net
www.xb444.com
alabamaupclose.com
perfumesencasa.com
baeckers.puk.ro
twotwigs.co.za
s10.it
cutchi.wop.ro
doubleclick.net
purem.digart.pl
movingblocks.net
chengyedasha.soufun.com
typen-und-mehr.com
dewhurst.puk.ro
revery.wop.ro
irishdentist.ie
www.bz6699.com
watie.wop.ro
avand.cz
j-p.com.cn
subihi.cn
eaby.com
easybev.com
tweglobal.com
nonprofitfoundry.com
www.moviedrive.nl
careleasedate.com
www.perian.org
gorodfinansov.ru
oakley-sunglasses-uk.co.uk
ihzk.210000.org
cooled.wop.ro
www.tookx.com
adaxis.co.jp
www.tiet.info
stephaniesw.hyves.nl
448448.hk
vitaljuice.com
solicitors.co.uk
aiyauk.com
www.sese7788.com
www.sp.cz
dribblets.puk.ro
swp.de
pl.vg
www.dfuefysf.com
dvlaauction.co.uk
sinope.wop.ro
festivalespejo.com
halvard.wop.ro
acmiyu.com
dresspligg.com
actinoida.puk.ro
www.crep.cn
chefscatalog.com
www.cn-ruishuo.com
mihk.hk
1314fs.net
shop35913157.taobao.com
varshavkamotors.ru
marinere.wop.ro
mendmyknee.com
www.dgshunjia.com
www.8989bo.info
cetaphil.com.cn
ari.es
mcooo.com
huainan.xinl.net
motopissaris.gr
narolkach.pl
quickpaydaybox.co.uk
mebosoft.com
h3wl.lizhidy.net
wallpapersonly.net
pureidols.com
railnewzealand.com
sitestat.us
www.aszx365.com
delishows.com
bbs.foz.cn
bearsearch.info
www.iraye.net
homeschoolchristian.com
hentaineko.com
rootways.com
hairlossexperiences.com
neplueff.ru
weightdietplan.info
70j.org
www.ks116.com
beplakken.puk.ro
psbank.ru
www.dg-zk.com
blackout.org
360cxy.cn
origno.com
dashtsrj.com
alltheflash.com
bszywjdbef.1168.tv
cdb.com.cn
toonporn.com
freebrushes.net
warnermusic.es
tlj.cc
mypowerblock.com
rqya.com
kefalonitikanea.gr
huellasdigitales.com.mx
publicidadewinner.com.br
coleseed.puk.ro
oclu.nfdy.net
rbcinsurance.com
tratto.wop.ro
investmentpropertymortgageratesokch.info
babyliss.co.uk
tplus.89.pl
www.szit1.com
www.138991.cn
www.nast.net.cn
newyorkszallas.net
infantri.puk.ro
jiuhuatjzx.com
ziadproductions.webs.com
queraboo.ca
miniseotool.com
mobilebanter.co.uk
ugaidi.com
carsandcoffee.info
amadorwa.com|chris-ensoll.com|surroundreceiverrevi.9see.info|www.olx.com.sv|www.renticd.com|aleksandra1.flog.pl|www.138fp.com|www.oov.pl|bbnj.nfdy.net|khamta.wop.ro|tortellini.hu|www.wens.com.cn|fmq7.nfdy.net|webgarden.com|janjl.deviantart.com|www.7898989.com|www.04baidu.com|www.xmrsd.cn|menudirect.com|parishcreations.com|ulusahizmet.com|prsorgulama.org|www.jianfei.net|www.rts.fm|huaiyunqiandezhunbei.bb-house.com|fotobanda.com|glaent.wop.ro|anthonyackroyd.com|bioon.net|cpugjbxvci.blog.mongenie.com|www.158mlt.com|aagamas.net|www.luhacovice.cz|www.joojd.com|setools.cn|ieb.be|jphkywgi.skynetblogs.be|www.ldd6899.com|sankygz.com|dreamworld.goedbegin.nl|bbs.hkvmv.com|www.xxx93.com|www.qg-knives.com|aerialarts.deviantart.com|kzaa.nfdy.net|www.714302.com|gs.mbzl.us|vq5o.k3y3.net|www.ttky4.com|www.dcvg.cn|gascaquintero.com|www.hxtao8.com|affordablehealthcare-1.info|churchofchristehr.com|kamban.in|pan-yu.net|www.cntianxin.com|www.lmmw365.net|utorque.com|www.dywtx.com|www.shszc.com|www.dbxigua.com|www.bsyjfc.com|tumen.mk.ru|pagestat.com|www.qiangren.org|www.baimao.com|goodartanimation.com|9yin-vvoniuu.com|www.tsyouxi.cn|www.cnsummit.cn|www.zhenxingo.com|www.djdmy.com|ranking.pk|cigarettes.typepad.com|actresssex.a-maturescam.com|plsearch.com|escaparatevisual.com|adminunion.com|www.hnzyxx.net|htqc168.b2b.hc360.com|qianjin88.gitom.com|www.leica.org.cn|www.asianhugecock.com|dazs.66law.cn|19qq.hk|wap.tudou.com|www.szhq.com|www.twspg.com|valu.cn|szoves.lap.hu|wordpress.com|digital.orf.at|www.4006848085.com|bbs.sqfc.cn|ftpcdn6.r633.cn|www.szaaa.com|www.liswl.com|www.sjhfs.com|24xxoo.com|www.babaw.com|www.kkyxw.com|qdlwt.cn|fotbalstudenka.cz|gytq.nfdy.net
tomus91.wrzuta.pl
qvrh.k3y3.net
jyv1.k3y3.net
www.ndcnc.gov.cn
vinodguptaclasses.com
www.33tv33.com
uyghuracademy.com
www.lakakey.com
www.daja.net.cn
www.sdyt8.com
afgesple.puk.ro
cyzk.cyxw.cc
ambit.gda.pl
www.dzwsj.gov.cn
www.lpsrcw.com
iwantim.com
kresalapesca.com
palupix.blogspot.com
solerider.com
directorylizard.com
rike-vita.jp
lapsa.puk.ro
smartautosavings.com
gayou.puk.ro
z114v.eet88.com
gsdh.k3y3.net
przymusiala.pl
iisweb.co.kr
escort-girl-marie.com
www.carp.de
www.bizun.net
diving-art.com
ilsipontino.net
klusek15.flog.pl
poshuk.com
kannichen.com.pl
michaelchell.co.uk
mailingindustryproductguide.com
reallymadeinusa.info
drague.tv
lucavb99.hyves.nl
hmty.nfdy.net
mosa.gov.sa
austrianwings.info
barnesoldgirls.co.uk
educa.ws
charityfairsassociation.co.uk
qingchunliangli.1168.tv
bistasolutions.com
www.198600.com
glustr.com
bmceo.co.kr
nightwish3.wrzuta.pl
yepcheck.com
linkdou.com
zulc.210000.org
m-city.pl
hokkaido-douro.net
erlyvideo.org
tourisme-aveyron.com
andersonuniversity.edu
knievormigst.puk.ro
tvps.cn
www.96296edu.com
game.3se3.cn
jl.1775.cn
wedding-j.net
ifmsa.pl
990m.com
www.hisense-bj.com
ya-webdesign.com
creativechild.com
www.geliya.biz
mz39.com
yourvirtuallibrary.us
caboolturemicrolights.info
barta.digart.pl
www.sexmetoma.be
www.cnkdzj.cn
www.9xty.com
vcsx.nfdy.net
smsslide.net
hundundjagd.eu
sansuimobile.cn
escortscollection.com
owregane.puk.ro
aia.gr
maxlex.ru
ljuvahem.se
www.165xx.com
www.spxdy.com
studiosp.org
radiantdesire.com
akc.com
verflixtes.puk.ro
www.leiju88.com
dpmyxfrdnb.blog.mongenie.com
tohoku-epco.co.jp
jamm.210000.org
yjnf.k3y3.net
foehnein.wop.ro
www.kadu.cc
richardkmiller.com
citysound.se
seedrocket.com
www.feijiehe.org
seorankplus.co.in
www.parokia.hu
plukka.com
nbc.jp
senecaniagaracasino.com
aaronmcilroy.blogspot.com
hospital-sanbartolo.com
irenelpynn.com
startapp.jp
q.cn
www.manyouhoem.com
solunina.it
frendice.hr
rub5.56dvd.net
senado.gob.mx
www.lixe.pl
www.belmer.nl
www.ac18.cn
bookmarkssocialstone.info
text2image.com
www.ctrtheme.com
chu6.com
socialcooking.fr
drakerig.wop.ro
interier-portal.ru
www.hiwpx.com
755s.cn
towler.wop.ro
megacherche.com
www.raxqw.cn
xxys.info
videoscuriosos.org
ugottalookatthis.com
www.18940040808.com
mmfyi.5d6d.com
3he.cc
www.rentigod.net
fog.ge
mobivate.com
saithzia.blogspot.com
suhagroup.com.my
clevelandwildcats.org
thedaddyblog.net
guangzhou.huangye88.com
rici.blip.pl
hashcrack.blogspot.com
bestgsm.pl
octroy.wop.ro
minsterfm.com
ingyenjatek.lap.hu
vettamarketing.com
www.iqingfeng.com
auduboninstitute.org
pmyx.210000.org
shangpu117.com
www.yiren1.co
2144133.i.tiexue.net