brandiva.pl
rain1.hp.infoseek.co.jp
alarme-protection.info
battlecombatro.com
1k.by
theused.net
applepuree.fw.hu
rettungsring.info
www.ceodh.com
www.nnxsdn.com
58feixun.com
wahima.wop.ro
shiamatch.com
66.ru
cpa021.blog.hexun.com
romanorlovblog.ru
loom-berlin.com
blogspot.cz
chileanski.com
carpis.ru
www.isatis.nl
mailpost.tn
mazda.fi
misssocialnetwork.com
clictopay.com.tn
fjyynj.9998.tv
entreblogger.net
job509.com
icrt.cu
english-vietnamese-translation.com
ania098.pinger.pl
meuten.wop.ro
dtscinema.in
radiomods.co.nz
sites-culture-formation.ch
189.3gbc.cn
clickaderia.com.br
diemin.com
angle520.info
pliendesign.de
irad.fm
archivenic.com
millionairemind.de
www.sexystats.nl
zhangjiajietianqi.fdchs.cn
catalogosonline.cl
24cast.tv
insite.co.jp
wysetc.org
alicelove.pinger.pl
healiki.org
danceplaza.com
bonifratrzy.pl
permanentseo.info
cs0799.com
gggadzeii.freeblog.hu
deafconnexions.org
fredonia.edu
21linkmax.info
diarioderiachao.blogspot.com
kiteforum.no
xixichengyuan.com
b2cfanli.com
metrosavannahguide.com
chadbourne.com
www.pornoliefhebber.nl
heathergracestewart.com
reco.se
dicamatica.com
uae-business-directory.com
healthmango.com
backlinkagent.com
ibcu.org.br
ptsprofit.top-site-list.com
fc2.com
tobiume.com
pinalcountyaz.gov
adr168.com
redlibre.net
spb.su
bentre.edu.vn
nabilamedan-taipmenaip.blogspot.com
teachnet.com
komar.org
louismartel.com
0-1.ru
dotzoo.com
kosciol.pl
www.maturedating.nl
49vip.com
dindax.com
loop.hamazo.tv
dsmagazijn.nl
www.024qingye.com
bodynsoil.com
millisecond.com
forumfotografia.net
4vkusa.ru
oropol.com
sporthaus-marquardt.de
www.cljtxsc.com
google.co.je
tropitone.com
lukaszknap.digart.pl
kport.info
note4.me
equitycycling.com
coffeethek.de
dipter.puk.ro
www.megaveelgratis.nl
hdmk.nfdy.net
zaincards.com
harajbazar.net
speakers.ca
jmzi.nfdy.net
myxybb.com
genealinks.com
jiugouwu.com
potoroze.com
aanlandt.puk.ro
canteradigital.no-ip.org
ditziput.de
ems-baustoffhandel.de
aforizms.ru
kupiklubok.ru
scrapeboxclassroom.com
adddir.info
55study.ru
mcts.cn
gceleb.com
www.wiekxx.nl
icehockey.fad3.net
disegnoedile.it
cricschedule.com
kxsou.com
starcraftturkiye.com
porn.md
discotime.ru
whqyw.com
baoku168.com
91hhsh.info
cmsplanet.ru
bex-blowing.com
consumeconsume.com
6space.net
mastor.pl
zhutou.com
3marble.cn
expansys-kr.com
gamesidestory.com
buildlastingsuccess.com
musicmix.org
moviapps.com
fonfon.soup.io
www.806yx.com
iannnews.com
dotz-wheels.co.uk
flaminglips.com
fang769.com
13allchat.com
kunststoffplatten-kaufen.de
xixidieyuan.com
beauty.panjk.com
saracca.it
kaffeebusiness.de
ipb-ru.net
bjjy.gov.cn
zwwg.net.cn
presagis.com
ambusha.com
www.youxiang1.com
joomla-create.net
armageddon-mc.org
distincter.puk.ro
www.pesthuyspodium.nl
forum.timpuyog.org
hongzhumei88.66law.cn
www.iii23.com
tkassa.ru
howoma.com
atehenmei.com
pressbest.com
www.bq100.com.cn
ea56.com
copymaxsac.com
patentamt.at
c.viavoordeel.nl
swiftowner.com
ac-font.com
cityleaves.com
tombola.hu
kishindo.co.jp
divisiva.puk.ro
apn-dz.org
lwid.nfdy.net
netzens.com
acacia.puk.ro
www.ninasieger.nl
77177.cn
scutum.jp
gamps.it
djtz.net
whitelabelhosting.org
syw.78.cn
op.pn
pikapolonica.com
templatetokoblogger.blogspot.com
active-i.net
aden.org
any-art000.deviantart.com
stabia1907.it
starline.ee
discountvacationsites.com
sanbatdongsanhaiphong.vn
www.xyktt.com
lesbianpornjungle.com
allosponsor.it
risqueboutique.com
subaru-brz.jp
www.geilsexfilmpje.nl
arsip.indipt.org
k50000.com
juancong.com
jomonista.com
86jcw.cn
446.0874.cn
riyadah.com.sa
www.goocar.net
maxfrag.net
android-france.fr
www.swingfoto.be
gioxx.org
023788.com
ursus74.wrzuta.pl
stadtgarten.de
jxmctgy.com
riftwalkthroughguides.com
saintejeannedarc.org
fukkan.puk.ro
eurogamer.se
carritus.com
www.schnierersch.de
www.bkv.nl
www.fsmhm.com
chiceelegante.com.br
mmzl.digart.pl
check24.net
diva-fiva.com
arcticwatch.ca
whfreeman.com
365-invest.com
fantaccaniti.it
mymobilemoneypagesx.info
electronlibre.info
misd.net
scopehosts.com
astonhotels.com
intersatdf.com.br
caribbean360.com
businessloansstartup.info
aliorbank.pl
stevesims.com
nyxtobaths.blogspot.com
videoxxx16.info
register123.com
articlequeue.com
cjiyou.net
bancodechile.cl
extremecoderz.com
linein.org
geizigeres.wop.ro
incisozluk.net
catch-fashion.eu
hnebh.com
revistamds.com
zadarma.com
nwradu.ro
mega-hurt.pl
finnalle.no
bonybony.cz
thewoolhousetoronto.com
91530.in
forexpeoples.com
www.sexfilmsrape.nl
skyclipart.ru
youth.sg
www.janossomorja.hu
cauti.ro
filmec.tv
best-quality-links.com
hea.cn
iwpr.net
articlewagon.com
augsburg.de
marketplacemoney.publicradio.org
wawaw.info
www.police.gov.hk
topica.com
adamhaiqal89.com
planetarium.cz
zhmb.gov.cn
all.kharkov.ua
mango-surf.com
com.md
www.sexfotoalbum.nl
demand.co.jp
desunia.digart.pl
www.xxx221.com
ahacktitude.org
mysqladmin.cinternet.com.cn
fastfood.fad3.net
momousa.com
dobywheytfb.blogtrue.com
kindlebit.com
chats.co
wirelessconnect.eu
1x57.com
myvirtualschool.com
lohas-pet.com.tw
ismar-society.org
99j.name
www.gansaobi.info
wenchangqq.qiannan.org
dustbowlbrewing.com
houstondynamo.com
zhaoxiaoshuai.5law.cn
drugdatabase.us
www.artishockevents.nl
gileslinks.com
elementcraft.org
domestic.travel.yahoo.co.jp
roetkleurigst.wop.ro
squarespace.com
filmz.cz
igyvezetunk.hu
iranian.com
5ye.us
servershop24.de
www.8se.in
annonce-cz.net
plasticcelebritysurgery.com
cprrswber.blogdetik.com
black-book-editions.fr
p.h2h.cn
www.jimi007.com
www.bmkapel.nl
cheapcurtains.co.uk
gemius.pl
m0o.info
www.neukenmetdochter.nl
hyundai-i30.it
mir-it.info
elsu.nfdy.net
yake.net.cn
badiane.info
vzwforum.com
bigpigs.org