esecra.wop.ro
isodirectory.info
www.timeslip.hu
webaff.ch
oster.keep.pl
jobfactory.co.cc
www.xfgj88.com
komputronik.pl
www.1000ng.com
robitshop.com
www.333jianfei.com
orgsteklo-shop.ru
ggtt.co
www.xfl.nl
smacchat.com
zs.job5156.com
thewheelerreport.com
encyklopediaverbena.pl
jobspot.ph
sanofi-synthelabo.com
www.netq.nl
prijsbee.wop.ro
photofc.com
fsf.org
champagne-roederer.com
www.debruijnhaarmode.nl
var-immo.net
vgeo.de
66ebook.com
kanzen-muryou.net
www.manyouhome.com
www.hf8806.com
2cy.tv
www.bjlyjy.com
sulfonal.puk.ro
s.shifugao-av.info
xoso.wap.sh
crearewebsites.co.uk
gouwu.wshu.info
www.goomei.cc
wendypatton.com
shinephp.com
kavirblog.com
www.qolpanlar.com
alsagerchessclub.co.uk
sharemycock.com
27.cn
toader.wop.ro
www.coinnet.cn
drd.digart.pl
setka66.ru
xa-8.cn
www.jom.de
tomipnh.blip.pl
theinfinitys.com
008tm.com
malaprensa.com
diyaralmuharraq.com
tochtgaten.puk.ro
lazzeo.com
signe-astrologique.co
noindex-nofollow.info
www.thinkvm.net
www.lzdkzx.com
www.mcw.nl
36.la
jiaoyu.jiedao.net
iphonemob.net
www.tzredcross.org
www.zbshly.com
stilartmoebel.de
foto.jasiu.pl
universitiesuk.ac.uk
personaltrainertempe.net
cache1.arcgisonline.cn
dsl.pl
yerenwg.com
www.hy528.co.cc
guigushi5.com
www.isso.nl
senkes.wop.ro
subaru-china.cn
zhifukc.78.cn
www.inbank.pl
gaymenblog.info
www.jinfengcs.info
recherchesur.com
gambaroff.puk.ro
www.zheli.me
www.qitvw.com
www.ksxjd.com
guminagyker.hu
arriva.puk.ro
www.987dd.com
inductiestromen.puk.ro
www.14liao.com
moreno.punt.nl
sapidotechsa.com
linkfull.info
cz.anjuke.com
danceplaza.com
bonniershop.dk
zinnaida.ro
online777film.ru
sokskbhk.exblog.jp
myworldseobookmarks.info
51surroundsound.7wx.info
www.hapitu.pl
www.gsmph.com
verwerin.puk.ro
nscodernight.com
www.eeeert.com
jixie.jiancai.com
www.fake-coach-bagsale.com
lodov.com
tannachanddistrict.org
tvporinternet.tv
danielmolano.com
cottoninc.com
indossiamo.puk.ro
lupita.pinger.pl
seven-7eas.tk
poemes-amour.fr
finalarchitecture.com
timponline.ro
ledix.pl
yasoo.ru
www.seatme.nl
www.0731ys.com
polishguide2012.pl
listennj.com
ratondownload.com.br
sexgodmethod.com
tel-web.it
taoistmassage.co.za
unapezi.ro
buzz.vn
ladaonline.ru
voyance-internet.info
uefa-link.weblink.hu
scicube.com
www.ninasieger.nl
www.gps56.com
stopfrequenturination.com
www.nike2012pascher.net
game117.alink.uic.to
zuixinyanzhao.com
faithpopcorn.com
www.accp.tk
mmmproject.ru
uk.ac.ir
sharemyspace.info
redlistradio.com
humyai70.info
yxi.0719hr.net
eichnews-online.com
www.sdjck.net
qcahuruxvw.blog.mongenie.com
www.hg2128.com
www.sexdochter.nl
www.592336.com
garreau.com
ibest.in.th
www.dgsc.cc
iloweit.digart.pl
www.sinokiko.com
funnypandu.deviantart.com
ibs.net
www.botoupump.com
pumix.hu
ys.222ii.info
www.lpdcw.com
bambukompaniet.se
fjseo.com
craigrogers.co.uk
jno.biletin.pl
szwes.wrzuta.pl
trendyurls.info
zgorzelec.info
andanet.com
arcador.puk.ro
mixi.io
www.xiaojing66.com
smbc-consulting.co.jp
wiolczan.blip.pl
www.lovebaidugoogle.cn
grabeuh.com
www.linfen.yuewo.com
x77x77.info
jx.cn
www.chinazzjxw.com
www.yzjzw.cn
www.zhihaonian.com
lobbyservice.cz
www.ebozi.com
kazino.cc
www.osesek.pl
www.zziit.com
yb9l.56dvd.net
aga7176.pinger.pl
limphault.wop.ro
mylinksdirectory.info
itsallgood.de
gd.8899.tv
ingegooi.wop.ro
ywhul.com
caili.cc
honghuo8.com
www.fangdumianju.cn
www.njzhongqing.com
www.sao.la
sosna333.pinger.pl
wizzlol.org
devexpress.com
daili5.net
pelotonnait.wop.ro
kem-rabota.ru
www.shengqian668.com
anzhuo.paojiao.cn
danchewx.net
www.114guihuamiao.com
www.macned.nl
paqs.wop.ro
www.syhl.cn
www.icfrussia.ru
paapst.wop.ro
basildon.gov.uk
als-communication.dk
www.donalynparker.com
structuur.puk.ro
betaler.wop.ro
www.dywtx.com
terni.it
www.xhby.net
gb.cri.cn
www.drrajshere.com
chothuexetai.wap.sh
www.sanfluid.com
antennipalvelu.com
gcdh.cc
taobao.jp
www.szs567.com
iyad.wop.ro
www.koulekou.com
www.icco.nl
www.nanrendh.com
thestreetandtheragball.com
www.gmw.nl
xlazyfree.info
mp3s.pl
xplx.flog.pl
dlamamyidziecka.blip.pl
www.xdjd.cn
www.fssqi.com
huolidian.1168.tv
tragischsten.puk.ro
www-midea.com
isex123.tk
shijixintu.net
365.cc
nask.pl
juancong.com
nuqctrvyq.skynetblogs.be
uneda.wop.ro
zsxx2005.e21.cn
gcxh120.com
otviets-emeil.info
www.qsjf8.com
recensiekoning.nl
www.gmachl.at
wwww.9dxh.com
guihuaxiang.com
www.pixelunion.net
www.fordteamlimburg.nl
waphhg.com
sabukan.com
wohlbehaltenste.puk.ro
resinet.pl
www.gyxyw.net
egressus.digart.pl
www.ppp70.com
www.otowakacje.pl
yxsg.yzz.cn
amens.digart.pl
obratila.ro
tcf.org.sa
gdxmwx.xdf.cn
devisenp.wop.ro
www.feitengboye.com
thuthuat.phacach.biz
weglowa.blip.pl
www.yun123.com
hzf1974.fyfz.cn
www.cnnnk.com
farsnevis.ir
rac.rakuten.co.jp
bilnyheder.com
www.wfpoker.cn
www.orareo.nl
prallen.wop.ro
sou.wjw.cn
www.baratok.hu
gebutterten.puk.ro
3hk.cc
mymemory.flog.pl
www.dhahx.com
alioli.puk.ro
gebootste.puk.ro
ramosopi.wop.ro
inds.pl
www.kkkff.com
praktiskskyting.no
linkz4pr.info
geetshabda.com
bsuir.by
www.festo.hu
edu.psych.cn
cocktaillounge.at
toufuu.puk.ro
qzkxxrnjr.mixxt.pl
fixes.wop.ro
hsiaochi.wop.ro
jjjrrr.com
ex-zurueck-gewinnen.de
www.80sewang.com
totalinjury.com
www.xxx477.com
mos-window.ru
abren.com.pl
ps-server.net
wly.ya247.com