www.geilewijvencams.nl
escondidas.wop.ro
www.tdqhs.com
www.bcc.uz
ex-zurueck-gewinnen.de
d5.sina.com.cn
xlpip.com
przemyslawpaszt.pl
reportshop.com.vn
wmuacfrfu.blog.mongenie.com
chinesefertilitycalendarmtda.wordpress.com
www.xoro.nl
gefaltete.puk.ro
www.yhy2.com
hlhe.210000.org
www.qquurr.com
www.livewebcamsexxxx.nl
www.con-joint.com
tf.htw.pl
youdoze.com
tsetsoradev.info
tkarub.com
metin2united.com
geistligheten.puk.ro
wincomparator.pl
www.funpower.nl
dnty.210000.org
28.vg
sempiternamente.puk.ro
hk.letv.com
yaki.puk.ro
ghasredariush.net
www.shazukang.info
nmr.digart.pl
www.european-toplist.de
www.vgr100.in
vegaoo.de
godx.wap.ai
ooaiwdqokrozez.blogtrue.com
gepeperd.puk.ro
aansluip.puk.ro
www.5qq.info
ua.ac.be
pt.hu
bracafbank.com
www.www.999ddd.com
de.indymedia.org
acasports.co.uk
es.jxyclb.com
ysdvd.cn.vc
cameramoda.it
taiken.snapmix.jp
wp.nu
www.macned.nl
www.jiaoy88.com
www.xiemingpin.com
www.xygmed.co
herkimer.edu
www.txchaju.com
b.av50.info
www.bf1111.com
infohelp.org
travelji.com
www.jhchangkong.com
duanguan.cn
www.buyeur.ee
www.jxrlyw.com
bosiyu.com
www.dag.nl
internews.org
randell.ph
prvsoft.com
institutfrancais-chine.com
gentoo-wiki.com
the9edu.com
bigcbs.com
www.gaylover.nl
www.dsj.de
www.jiangbei.info
baisex.me
www.cheau-liang.com.tw
filmz.cz
tablet4u.co.uk
apple.com
healthpromoting.com
hun99.com
schoof.puk.ro
lamaintenduethereachouthand.org
algerie24.info
worldadultservices.com
www.scan.dk
maylocnuocgiadinh.info
protvino.info
salongkblogg.se
loterias-sorte.blogspot.com
www.goodvod2.net
www.nchybj.com
27.cn
www.tongchuanrc.com
www.huves.nl
mojarijeka.hr
bbs.e666.cn
utro2.ru
tezeusz.pl
sethmondschein.com
wmca.nfdy.net
www.fapiao00.com
leftcoastclassics.com
www.boom.nl
deptan.go.id
travlinkz.info
www.bjxwyyguahao.com
jkbschool.org
www.whbytfs.com
mk5304-watch.info
inteli7processorfeat.7h1.info
yhiu.qiwen5.com
www.sexdochter.nl
romalavoro.info
badezimmer-onlineshop.de
ss8866.com
www.lochness.pl
3g.ddwang.net
55.ht
vs.am
tacloban.puk.ro
photo-toile.net
garas.wop.ro
yourstats.net
wiki.zhulong.com
govox.com
fb-timer.info
busportal.pl
turbobricks.com
xemphimhdonline.info
thread.co
lapenseedujour.net
2el4.56dvd.net
www.levente.nl
rueckenn.wop.ro
371.net
cftx.78.cn
ask.4008162888.com
tvguide.dk
www.aceshop.jp
cn.vc
watchnowonline.info
www.ynfn.net
www.hlraohe.gov.cn
igirl.mojblog.hr
screenrush.co.uk
dailypolitical.com
fitgesundschoen.de
bond520.com
hasehiro.co.jp
thetechrepo.com
www.cnzhenyuan.com
www.uxx.cc
guihuaxiang.com
sakura047.flog.pl
jameswatkins.com
lewistow.wwwwww.wop.ro
cdd.me
www.jjtxx.cn
customersquare.com
www.tssanhui.com
exetools.com
discoveryguilde.com
monkey-business.biz
delongwine.com
firdaposten.no
gxqq.aaidc.tk
www.d7988.cn
abonnent.puk.ro
lodib.wbsg.de
tito.blip.pl
www.101domain.gm
terrychen.info
reservelinks.info
cfte.com.cn
rapprenant.wwwwww.wop.ro
savethedate.it
angle520.info
www.gs123.com
elajty.pl
besturllist.info
www.gdadjs.com
daegu.kr
3marble.cn
impresa.wop.ro
dtbmail.com
www.huangfengkj.com
dandilionseed.deviantart.com
tabletvideos.info
odensya.info
chatmoneywin.blogspot.be
www.zzlbjh.com
blogesinti.com
entendu.wop.ro
cooso.info
sucessonainternet.net
centroesteticopadova.com
kipmooney.com
thoracostracan.skoleung.gracer.essi.euwww.wop.ro
trisinua.wop.ro
www.hualee.com
flocculency.puk.ro
ga.st.gd.cn
aldonka.blip.pl
biblia-mp3.pl
www.4cp.cn
yumi-ssa.blog.so-net.ne.jp
hitelvalaszto.hu
vmisudy.info
ez-ip.info
china-kvm.com
www.sikistir.pro
ingo.blog.is
ns49.265link.com
gim.art.pl
www.cs.urnaweb.cz
web-bookmarking.info
gereagee.puk.ro
look-at-that.com
lyricsmusica.it
anna49.xfree.hu
www.iuusee.net
www.maturedating.nl
googlewebstats.com
pc-nudel.de
www.pyck.be
city-of-hotels.de
superspamilka.ru
www.nstac.go.jp
bewacher.puk.ro
jeleniagora.pl
www.trjeans.net
spalmano.puk.ro
www.jvmee.com
langweil.info
ingulfme.wop.ro
www.coolhello.com
bigsocialplate.info
www.uithuis.nl
styjluel.bloguez.com
nocowboys.co.nz
gerechtf.puk.ro
huis-demeele.istats.nl
www.gnr.nl
laptopsinhvien.info
organiceyecream.info
fptkiengiang.chutin.vn
www.aprofit.cz
theoutsourceblog.com
asese.info
notariusz-cennik.pl
founder.wop.ro
123.777hz.com
petsafari.com
umaket.wop.ro
www.cfzjob.cn
emitel.pl
www.086energy.net
www.c9909.com
bj.pcauto.com.cn
www.911zy.cc
yazd-music129.com
kollegak.hu
kuuno.info
yamamiya.biz
sexystory.info
klse.info
glow.dk
www2.gsu.edu
brekibaba.fecsegj.hu
www.chenhanchao.com
brodit.cz
memesdanet.com.br
etracker.de
tymy.cz
yxsyzx.hbu.cn
papp78.fecsegj.hu
woltcafe.de
aanzitte.puk.ro
emerson-miguel.blogspot.com
www.erocasting.nl
www.ulinix.com
97sd.com
adikus6.wrzuta.pl
aussieloans.info
x77x77.info
www.maersk.com
nanjing98.info
nuevaspeliculas.info
www.tatyn.com
latribuna.hn
ngocphithuy.vn
www.chatpub.nl
zzz13-d70.diandian.com
hksummit.com
www.8504110.cn
xawesaa.webs.com
zqjs.net
victor2012.info
gerangsc.puk.ro
ahiva.info
kamde.puk.ro
agahi24.com