misinstructive.puk.ro
www.liempt.nl
qgpdw.1168.tv
sklabina.eu
uniquegoods.biz
elcorral.com
www.hzkon.com
zpshop.nl
www.dtgm.cn
39saku.info
maglione.puk.ro
961177.com
studentum.de
www.8232.info
jobexpress.pl
www.gddakun.com
the-artist-full-movie.blogspot.gr
www.madeinmelo.com
wan.duba.net
www.babaw.net
mhit.taobao.com
www.t5177.com
hjjcn.cn
jumbo.ch
www.nnxsdn.com
infuzr.com
www.hyfrhy.com
lawyerservice.biz
www.sl.ru
www.bpmt.nl
www.greenmobil.eu
go4pr.de
snfh.k3y3.net
www.ritaora.gportal.hu
inspiraonline.com
akkuschlapp.de
cmsc.edu.bd
jntuhresults.in
truffelw.wop.ro
www.3tqq.cn
nr-7comunicacao.com.br
picwall.info
kazradio.kz
gmw.cn
stoney.cn
qz.taofang.com
starss.jp
curtisjbaileyinc.com
pvsf.265link.com
www.xiangfudz.com
gt-auto.ru
kidzonwheels.nl
www.seopm.com
seyiyi.com
temila.wop.ro
enveloper.com.pl
bfc-ag.com
www.mzwzz.com
www.yingxl.com
www.yybyby.net
sdf.org
dl3gp.us
www.shougej.com
itecodeclaration.org
www.77737.net
tff.org.pl
hostenovations.in
hqmagazin.de
www.infoseek.co.jp
www.zhendongshiyanji.com
www.waga7.com
neusmann-gna.com
farota.wop.ro
biznisliga.info
fotosuli.atw.hu
mongoporn.com
arfarago.hu
kapanga.net
www.mo60.com
seorankingsystem.com
ocean.edu
pavy.wop.ro
lbrhesffdv.typepad.com
www.salesuk.info
xy.58.com
www.djl0.com
chachala.com
ip.webmasterhome.cn
octave.wop.ro
sextantmortgages.com
www.ishotmyself.nl
mande.puk.ro
ecoast.idv.tw
mjgame.com.tw
www.hfzcgs.net
1stclasscpa.net
fox.az
negativland.com
ryukyu.wop.ro
minnebrief.puk.ro
teamr4d.com
hcwang.cn
www.1segou.info
unknownworlds.com
evonia.com
unifi.it
elbaghdadi.com
crackwhoreconfessions.com
matchoffice.dk
opda.net.cn
ustudy.jp
dby.jp
zigonggouwu.fdchs.cn
ufine.wop.ro
wroclaw.tvp.pl
www.blackcamz.nl
www.urytire.mimishop.cz
adgoto.com
joboshakins.com
amadorwa.com
trouwgel.wop.ro
www.tstkw.com
gargantuansearchenginedirectory.info
huangyanseo.com
tidika.wop.ro
all-batteries.es
www.kl2.cz
housetun.puk.ro
945x.k3y3.net
bacove.wop.ro
rrsc.210000.org
tiozommari.blogeiland.nl
bimcell.com.tr
xrumer-5.ru
glycinen.puk.ro
unoglas.unas.hu
bssu.k3y3.net
www.zjiswear.ccoo.cn
janosz.wop.ro
hdtvtest.co.uk
mep5.nfdy.net
bciw.nfdy.net
madeinmedina.com
beckersport.pl
culinare.tv
theresponsecopy.jp
3clans.ru
www.orareo.nl
www.7654.co
www.npw.nu
www.yfhealth.com
www.ccucm.edu.cn
wojsko-polskie.pl
mtt.cl
www.kiala.nl
sdong.net
prlinkkatalogus.info
j6mp.265link.com
9pbs.265link.com
www.leadfar.org
volvooceanracegame.com
victoriacampbellphotography.com
www.280001.com
thepaintstore.com
goroder.ru
colonton.wop.ro
www.gangguanz.com
spritsen.wop.ro
np.xnz.me
www.dfjxwood.com
mssb.lizhidy.net
www.shjt.org.cn
wgyzj.com
prettygirl.pl
www.cyrfr.info
pocketbrain.de
sultoni-kabir.tj
wikipeptide.com
www.syzxw.cn
katalonczyk9.wrzuta.pl
gergely.borgulya.hu
tkfg.lizhidy.net
alsigned.ru
www.ipmch.com.cn
marocweb.nl
www.hhxmc.com
downloadplrforfree.com
blogblume.de
squidlens.com
wap.112233.hk
luckconsul.info
sirioantenne.it
inferia.se
www.sdyt8.com
www.0757seo.cn
www.see500.net
superbmarking.com
www.derlin.net
pdgsoft.com
zcw0.210000.org
newcumbe.wop.ro
naprijednapocetak.blog.hr
war.veve.tv
10604-gas-powered-self-propelled-lawn-mower.info
sbi.dk
kbxy.wandodo.com
on-mac-os.com
www.icco.nl
3qa.info
brand.yoka.com
ifhw.nfdy.net
www.6bar.cn
syccgg.com
theshuttersnap.com
www.pcwt114.com
junran.wop.ro
www.0912j.com
pta.edu.pl
layerlovers.com
wwwaaa13.shunshunfa.com
findroulettecasinos.com
vanbasco.com
lanket.wop.ro
12company.prv.pl
tamebeast.com
rengainons.wop.ro
krost-realty.ru
tanie-pozycjonowanie.pl
dankei.puk.ro
beaner-dude.deviantart.com
kinsei.wop.ro
gzelectrolux.com
www.3650sn.com
yyzblog.com
askmd.com
droja.wop.ro
a3ultimate.com
www.xbbarcode.com
www.xfl.nl
www.av5.cc
www.sfbj888.com
creativevision.pl
onaangedane.wop.ro
voen.nfdy.net
0731.okok.cc
unblockedproxy.net
jj.88gay.com
ajuicycockncum.a-maturescam.com
tafelkleed-dora.istats.nl
buxushof.nl
e-piotripawel.pl
vgwort.de
www.711218.com
slxd.net
frotton.puk.ro
heroeswow.info
xand.es
pulsator.bg
www.idwear.nl
e8ii.265link.com
ostriv.in.ua
gehaeuft.wop.ro
rp-5.de
najezka.cz
sneckdra.wop.ro
caribbean-guide.info
www.3mmm.in
imfw.nfdy.net
deuce-hair.com
inblurbs.com
highpulserakeback.info
zav.digart.pl
ambertonas.lt
lapmangfpt.biz
www.88links.info
ntnu.no
zsze.de
www.seqiao.com
start-pool.ru
seo90s.com
20xs.com
droplr.com
coolstuff.no
136hh.info
festiwalbiegowy.pl
kplc.co.ke
www.lhshijia.com
fastpagerank.com
www.ktvys.com
efollow.co.uk
mondaymorningmemo.com
reimerseeds.com
rheinmetall.puk.ro
okruszek.org.pl
www.theverge.com
uxbite.com
afili.net
mirmod.polki.pl
statistics.gov.lk
aksjebre.wop.ro
constantinum.hu
caribbeantravelmag.com
bounce-away.org.uk
www.153154.com
lawguide.co.il
jonesday.com
pelatihanbisnisinternet.com
www.outlets365.com
interfoodastana.kz
zonartis.com
onlineshopping24.us
daras74.blip.pl
carpis.ru
www.omy.sg
internetanonymous.info
mateur.org
nini-baikyaku.biz
affiliatesrating.com
mariomayhem.com
texadata.com
mundocurioso.blog.br
lotioncrafter.com
badjava.puk.ro
www.kkdyw.info
web-master-links.com
ahusna.com
allofamille.fr
zyjf.zhuxian2zt.com
disreputable.wop.ro
vixen.co.jp
shoushen.bmizg.com
www.777xiaojie.com
dubn.210000.org
www.foss.de
zientang.com
uc35.com
www.chinaw3c.org
www.ledinside.cn
tommyherrmanndesign.com
getsawed.info
rightgadgets.in
www.youxi70.com
redvsblue.us
whoistop99.com
0311.teambuy.com.cn
shelleyberkley.com
kotikovizig.hu
altroco.com
teachingtextbooks.com
tyhlztgt.1168.tv
wap6ba.us
zizotube.com
recants.wop.ro
nymphish.puk.ro
careercollege.edu
gvenglish.com
maureenjohnson.webs.com
3alt.qiwen5.com
theflyfishingforum.com
sonepar.fr
www.mobilo.nl
dari.kz
www.palmex.cz
princeag.kaskaden.wwwwww.wop.ro
twoj-dzien.eu
hhstyle.pl
iil.com
assamese.wop.ro
teensblast.com
dataextra.com
jixieb2b.net
sseksizle18.org
census2011.co.in
macauhotels.jp
11xxxx.dasemao.info
lotostat.com
keth.tk
motorcheck.ie
danino.com.tr
lunguk.org
bebeconcept.com
laviata.de
guerir-eft.com
litinstitut.ru
texnotech.tk
1fsi.nfdy.net
virtualbuilders.net
skyventure.co.kr
saritar.com
abacanto.de
www.sna.nl
www.studioslim.pl
ancha.wop.ro
geek-blog.it
propositi.wop.ro
seocat.com.pl
appartager.be
nyirlugosvaros.hu
conexionblogs.com
creandonegociosonline.com
vestiri.com
egymaroc.com
seans24.pl
okyan.com
numeravano.puk.ro
su-forum.de
myhome.ge
mostviralmedia.com
www.artv.4f9.org
furtgo.at
mommyladyclub.com
en-en.pinger.pl
najszybszy-wygrywa.pl
ahr6.265link.com
signsite.com
dobrapizza.prv.pl
kairossociety.org
fussfreeflavours.com
greedypics.com
srichinmoybio.co.uk
www.siwaav.com
svnlabs.com
zpvglzbuilokms.blogtrue.com
stelian-tanase.ro
www.larp.nl
daredormepisodes.com
iconsportsmedia.com
admission.com
s-pulse.co.jp
gk.52admin.net
oggole.pl
inoekino.ru
zx00123.blog.ifeng.com
edelbrock.com
simonehandbagmuseum.co.kr
cyamoda.com
stacum.a-liveprivates.com
jeux-de-guerre.biz
mybrochuremaker.com
www.syjs120.cn
fb-theme.com
bokone.com
purelynsfw.com
awesometits.tumblr.com
kvadrati.info
dotzoo.com
www.shandongsuji.com
mytixu.com
dfersaase.blog.com
www.xingzhiwenxue.com
www.bkv.nl
faithtroopers.com
laptopsdirect.ie
presse.no
newsmap.jp
ezmatrix.info
www.tuba.pl
elitescripts-demo.info
jzp.cc
zjgwy.org
jaslonet.pl
www.someta.cn
www.allget-jiaju.com
classic-auto.fr
wuaige.com
cover2coverllc.com
etravel.ch
natido.com
hadou.puk.ro
mydistrict.nl
loancash4you.com
456165.net
sportfishingreport.com
www.bhzbyz.com
our-music.blogfa.com
zs.hefls.net
stiri-mondene.portalio.ro
crsantos.info
saboresdonoroeste.com
pizzaexpress-offers.co.uk
zeal-pro.com
article-database.com
tsukumo.puk.ro
kokosik.com
pshoping.com
yxgz.cn
valorealimentare.it
employeesnews.blogspot.in
chxo.com
websta.pl
theindustree.net
channelarab.tv
cnpottery.com
51taomeng.com
bises.co.jp
vfs-thailand.co.in
virology.com.cn
independently.puk.ro
ormus.info
lotbofwontye.com.do
sivase.freeforums.org
mrsmart-neo.tv
ooaoo.com
chinajerseys2011.com