www.stock.vc
mayasolar.mx
www.turkiye.org
kitashirakawa.jp
wordwithfriendscheat.info
recetasdecocina.info
bilturen.no
kariusbakt.us
4ie.ie
wallpanda.blogspot.in
linkdragon.info
komische-frage.de
kindermusik.com.my
articlesworld.ru
010guke.com
coord.info
travelspecs.com
www.ulinix.be
qqxjbbs.com
kalisz.pl
adaderana.lk
room-runner.info
myfitnessmotivator.com
easyprofitlist.com
atrodo.freeforums.org
yaal.blip.pl
zgap.mobi
chachala.com
antiwedge.puk.ro
tutyt.dances.it
isport.blesk.cz
www.buding.cn
km-orzel.pl
geheimka.wop.ro
hupan.net
lotos.pl
yalandunyahd.com
plasaszr.bee.pl
www.0663.net
www.0rbi.com
www.1212se.com
www.169ba.com
www.1717ly.com
www.369eee.com
braseamless.1yl.info
tousokuh.puk.ro
audiorise.com
olgaurchenko.ru
g5-g5.com
vipc9.com
www.aaalab.net
flirtfachmann.de
www.kaluga.ru
www.caea.gov.cn
www.manil.pl
www.mn444.com
santi.com
vip-madame.net
indomobilbekas.com
beijing.qyi168.com
casque-beatsbydresfr.com
www.arkada.cz
www.pipehy.com
www.qvod-2.com
perkle.wop.ro
gpacalculatormiddleschoolyxkp.wordpress.com
babypro.com.ua
www.sochor.cz
www.szdef.com
www.mixiong88.com
hoc-tieng-anh-online.info
aprettylifeinthesuburbs.com
www.yaocai.biz
pozitiff.info
gitverlag.com
tomavery.com
schoolbooksforcheap.info
www.518.com
visok3484.huijucn.com
kemis.pl
internetincomeacademy.org
xdiablox.com
cuckoos.wop.ro
mcanime-ligero.blogspot.com
sli.digart.pl
macy1000.hyves.nl
wmid.info
aperfume.info
sportamore.se
joyoung.com.cn
weihai.58.com
bensinmo.wop.ro
xsg.i3.com.cn
sexfile.info
lernia.se
huppes.puk.ro
www.smrdx.com
kd7h.k3y3.net
pambadeque.puk.ro
bgrstar.com
543aa.com
aitikens.puk.ro
pling.org.uk
risqueraient.puk.ro
frontrowreviews.co.uk
azure-design.com
py.66wz.net
emoda.com
offenzul.puk.ro
toplink-plannet.de
wp.apbest.info
lewdpost.com
saabklub.pl
iofe.pl
rico-s.jp
imhcnetwork.com.my
saywho.fr
nsp.bg
ficeler.puk.ro
crossfitdurham.com
www.moliniao.net
gartija.pl
wohnen-in-riesa.com
www.toyotasportautoklub.hu
wvryddzcth.blog.mongenie.com
www.105tj.com
directorygate.info
usbfever.com
geabonneerde.puk.ro
watch-marina-abramovic-online.blogspot.ca
racconta.wop.ro
itexty.sk
www.7k7khhsh.in
yyzs.zhuxiane.info
treasuresfromtheark.com
bigdaddyrichard-swirlingthoughts.blogspot.com
penedofm.com.br
www.jxbgw.net
maturelesbianvideos.com
goldilocks.com.ph
www.sxmjj.cn.alibaba.com
india-center.org
corvettecentral.com
bhkq.nfdy.net
qrjq.nfdy.net
lessiverons.puk.ro
qusaytoday.com
www.92hd.tk
www.muzarp.poznan.pl
info.shangjia.cn
vistaku.net
www.seo5173.com
varangian.puk.ro
chunxin8.com
01navi.info
hlit.libmedia.nymc.edu
ibazar-cz.cz
robotzone.com.hk
weshareweb.tk
decalskin.com
318igan.com
onlinebookmarkmanager.info
www.alipr.net
outergk.info
mycodingtools.com
quintes.pinger.pl
unsinn.wop.ro
rjabikovoleg.com
oasisdesartistes.com
e-direct.info
gebiesd.puk.ro
directory14.info
consumercreditapp.com
mtmprinting.com
j79.info
yz-air.com
audacitythemovie.com
toyo.ac.jp
rifuren.puk.ro
hanguocheng.net
www.xxcb.com.cn
karenmillendress-sale.com
ftacademy.org
forum.xda-developers.com
banaarababul.com
be1.ru
cs-swat.pl
dred21.flog.pl
www.799.cc
manual-instrucciones.es
www.gtjzjx.com
xnagpa.net
weedhardy.com
therainmakergroupinc.com
enlive.pl
weltbild-news.de
bladaders.puk.ro
arctern.com
koubb.info
furk.qiwen5.com
irwinnaturals.com
jayslasvegas.com
eugeneserviceparts.com
procarcare.com
www.567zzz.com
britishsecurity.co.uk
erikdalton.com
jowey.soup.io
casinosreviewed.net
dasheng3.dginfo.com
www.domotors.hu
goro196.wrzuta.pl
www.xzjgw.com
www.hy-zd.com
aaron-rodgers-t-shirt-jersey.tpten.com
fanarnews.com
hotmark.eu
www.vff.dk
gologramma.blogspot.com
www.te20.ro
hgh.info
surfanonymous-free.com
devisenhandel-forex.info
mffaudios.info
terugstotende.puk.ro
sabre.wop.ro
tennisw.com
jmislandtrading.com
sandrakavital.blogspot.com
django-unchained-movie-online.blogspot.no
wiaderek.digart.pl
sitetiffany.info
eduroute.info
chaosmode.info
getbestrank.com
belledecouture.com
www.longccc.com
toursistanbul.com
kotuen.wop.ro
www.myxt.cn
rp5.co.za
zhiyong063.huijucn.com
999vod.net
forumfilm.pl
astrocd.pl
kamila69.a-liveprivates.com
aap.digart.pl
ktalegal.com
deef.pl
e-vending.ru
thegrandparentsguide.com
opentraintimes.com
follado.puk.ro
houqiu.com
net-mar.pl
now24.gr
pariahstudios.co.uk
periodistashoy.es
website.pl
peru.info
www.xjyllh.cn
020.himin.tv
realaviles.es
saporiericette.blogosfere.it
sentimientobohemio.info
www.youy8.com
simpo.rs
rackmast.wop.ro
www.0574h.net
www.7517tea.com
shoppingbenfica.com.br
qnpv.265link.com
www.daohang666.info
lgm-beschlag.de
www.fareno.nl
www.italiancentre.ca
www.nczd.ru
bf.yzz.cn
zeigte.puk.ro
007gzzt.info
3243.nfdy.net
okn7.qiwen5.com
77xi.info
www.4233.info
tianyou1818.ebdoor.com
adish.info
childsplaypr.com
ilovefashionnews.nl
k12.la.us
klaziena12.hyves.nl
f.epe.at
nansiki.wop.ro
www.flexsys-robotics.com
speeder.fr
thepapershop.info
brays59377.huijucn.com
uncrafty.wop.ro
unprostitute.puk.ro
verstole.puk.ro
tmd38.info
filmy-ke-shlednuti.eu
www.vvgi.nl
xgcp.info
aurea.org.pl
healthfreedom.info
aviva.pl
www.maidele.org
avllzy.info
xn--w8j712nk1a649deiqhol.com
clinique-star-tour.jp
txfd.info
joeyroth.com
egxz.nfdy.net
freestockimages.org
haras.gov.sa
pacificeastaquaculture.com
hqlaw148.com
indigowebinc.com
nsx.pl
mall.mamiai.com.cn
itivarden.se
jakoscobslugi.pl
webmarketinguniversity.net
jalougallery.com
jatko.digart.pl
jpf777.com
nyanya00.xfree.hu
iphone-forums.org
anapa.info
szybkooferty.pl
ixlidol.com
travanto.de
www.sharanis.com
zabawkopolis.pl
www.yijiaqin88.com
world-mmm.com
cuoi.xitrum.net
worldsoft-oasis.info
www.239300.org
www.414784.com
www.517bocai.com
www.53dns.com
dirlinklist.info
www.555787.com
www.baidu3234.com
www.bambooe.com
56cs.com.cn
www.bloomberg.co.jp
www.boxing.nl
www.cloudleft.com
kepgravirozas.5mp.eu
www.cwebgame.com
fsapr2000.ru
bio-natur-urlaub.de
www.dgshunjia.com
www.jm.e21.edu.cn
www.freedomairportservice.co.uk
www.fxsx.com
www.yiyuetian.com
mdlboys.info
www.game1122.com
www.hnsbzg.cn
travellist.us
www.huayuan.org
www.jfdibyibifbf.com
libboyer.com
metallik.net
v-gn.de
cs-arena.ru
www.uxx.cc
lapero-bar.be
ville-geneve.ch
megalinksdirectory.com.ar
solucionesdiez.com
www.qu.cc
r1sk.net
ititti.info
www.kmlg.net
www.ljeda.cn
www.llse3.net
www.pww.cc
www.qdbdc.com
xzfwzx.dda.gov.cn
childrensclothing.sunzheng.info
trainershouse.fi
zhaorenpeiwo.com
finelife.pl
thingstodoindelhi.com
cryptoparty.org
www.qgar.hu
www.qqqqssss.com
rcguilin.cn
promocode.gen.tr
www.taorenxi.com
domain.yahoo.co.kr
www.tbwis.coml.com
www.uetd.nl
unmarriedlady.in
telugujunction.com
06peng.com
solgenomics.wur.nl
10983.5o5o.info
vision-studio.com
www-3m.net
11xxxx.dasemao.info
1314.qyjy.cn
13ii.info
18061.info
1hqo.k3y3.net
www.seokat.tk
kocorner.com
eiwvbkbgie.bloguez.com
1miancanju.taobao.com
2iki.info
4.am
cyokkets.puk.ro
51tbabc.com
52face.net
anbound.info
bbbgreen.info
cruisenews.net
www.meihao-pu.com
hockey365.de
p2pool.info
fclub.biz
hellolucky.info
impresa.wop.ro
petpusk.fecsegj.hu
ingulfme.wop.ro
mcind.blog.hr
www.hljbzw.com
inoculio.wop.ro
investmentpropertyforsaleopse.info
ceramic-tile-floor.info
leadsafe.de
optonline.net
likarili.9r.ro
gcicebreaker.ca
math.co
miftg.1168.tv
mobiltel.bg
natasza0727.digart.pl
progettoaxia.it
refoweb.nl
hfnxkzmjw.blogger.hu
remarcar.wop.ro
salno.com.pl
66289.info
umassd.edu
southbeachcomedyfestival.com
www.eommo.com
moto.zol.com.cn
www.madrid.org
www.qdwuzhou.net
yamagata-u.ac.jp
zwaardvechters.puk.ro
3664.nfdy.net
mucro.puk.ro
telefondasexnumaralari.com
interactivetutors.hk
offlinewithjeremy.com
adral.wop.ro
ogfitness.com
anwalwzbd.skynetblogs.be
blikoogde.puk.ro
bilgisizsiniz.tk
businessphoneservicez.info
dcasa.it
dziecka.pl
edilex.fi
hacademia.com
etiscan.de
the-directory.us
yesgay.net
freshlook.asia
bestdong.cn
notmassproduced.com
iwanalporn.com
www.amss.cas.cn
kanmaku.wop.ro
kiba.wop.ro
diarihati.com
linksprovider.com
missselfridge.fr
www.reestdal.nl
modulesoft.in
necoo.twbbs.org
eagleo.com.pl
autoinsurancelk.info
fs.joobbe.com
www.aaawatchreplica.com
ihi.org
www.sybwp168.com