guia-londres.com
sexfile.info
www.onlinedown.net
freevisa.info
wmagazine.com
pelletheat.com
6hgc.net
solgenomics.wur.nl
kvik.es
66av.cn
linkjeim.info
newsauto.pl
anapa.info
react.com
lessons-tva.info
moto.zol.com.cn
seragamkonveksi.com
liuxue86.com
ndil.nfdy.net
gshc.ch
xonetv.info
gcicebreaker.ca
goro196.wrzuta.pl
4kbbs.com
directorygate.info
tubamesi.puk.ro
www.yaocai.biz
sz.nuomi.com
adaderana.lk
elcartel.info
ipad-labs.ru
frontrowreviews.co.uk
kuujinbo.info
teaching.jyb.cn
travellist.us
www.sebooks.info
tuang.net
kssthlluas.skynetblogs.be
profiwins.com.ua
wvryddzcth.blog.mongenie.com
mundomex.com.mx
ithaa.fr
decor8.pl
caressen.wop.ro
toplink-plannet.de
adrom.blox.pl
www.bioon.com
bidoom.com
tagonsocial.info
hunternuttall.com
magnetictherapyexbx.info
erinnerungsforum.net
1628gd.com
wilsondjdiaz.com
www.gfnet.tw
www.maidaili.com
darty.it
2chmm.com
it-tronic.pl
blanko.prv.pl
www.daxue9.com
cliptank.com
kiddiescloset.com
clutchtees.com
planetarium-hamburg.de
katicz.digart.pl
99100.taobao.com
toutai.wop.ro
lancom-forum.de
ofmusic.ru
soctags4u.com
shaihasramblings.blogspot.com
bilgisizsiniz.tk
chachala.com
www.5ask.cn
flex-comix.jp
tricksnew.info
www.bosko.pl
diplotop.fr
seomoose.pl
kupgazete.pl
surseoirait.puk.ro
animashka.info
51hsz.cn
velde.wop.ro
www.yaao.com.cn
bj.onlinedown.net
www.festivalbunnik.nl
wwff.com.cn
srcs.org.sa
thechatroulettegirls.info
etc.si
veyknvye.freeblog.hu
mzdh1.com
girls-pal.com
freetopdir.info
83888888.net
dred21.flog.pl
handynotes.ru
huppes.puk.ro
zsp2.edu.pl
fancl.com.sg
kakimous.puk.ro
treasuresfromtheark.com
www.kuail.net
senukeseotraining.com
creatupropiaweb.com
www.arkada.cz
maluchy.pl
digdirectory.info
sportamore.se
shop.022s.com
ccftn.com
awebdirectory.info
olgaurchenko.ru
www.lpmn.pl
javart.com.pl
hfnxkzmjw.blogger.hu
rinsho.wop.ro
sc.189.cn
www.bjdqqy.com
jaybob.org
114.dnfire.cn
gasthaus-poetz.at
gral.pl
imaginefotografias.com
jobrab.com
cookipedia.co.uk
blg.com
6takarakuji.com
l4x.org
okvacanze.org
benten10oyunlari.com
quintes.pinger.pl
pornmetro.com
533m.com
bud-man9.webs.com
kingaziele.wrzuta.pl
cedu.com
khairilmazri.blogspot.com
annuaire1deplus.com
photinephoto.com
daredteens.com
fundhaus.com
www.gajdar.pl
crystal32clicks.info
www.xmalaya.cn
www.stu8.cn
omsels.info
gadget-review.org
india-center.org
ibantian.com
daffodiltechnologies.com
www.ulinix.be
flash88.net
directcp.net
zalfansports.com
hertz.pl
partyxplosion.eu
teacuppa.com
braklapsiper.blogger.hu
phdazmoon.net
nikedunks2012.net
sarahbetty.co.uk
fxtec.info
iwaslaidoff.info
jn-photobook.net
bbs.90bus.net
www.115bang.com
www.rogavis.no
crbone.info
crear-paginas-web.blogspot.com
sr-22.info
procarcare.com
hupan.net
yc910.com.cn
knowbest.info
www.lahr.cn
miuiandroid.com
canalpanda.pt
www.dian22.com
stadionmusik.de
hydepark.ro
bgrstar.com
deef.pl
mmocode.com
atkins-diet-advisor.com
ghostpro.vn
gankaikai.or.jp
www.seoau.cn
gogreecewebtv.com
atticlab.pl
kollimited.com
macy1000.hyves.nl
cignasecure.com
sweetsherree.com
mtu.edu
toppremios.es
aiejia.com
wpiraq.net
njangal.com
www.nvxw.4f9.org
recent-records.de
www.92hd.tk
oney.fr
swingingblue.net
www.fn-kunlun.tk
industrystock.it
bedavaradyodinle.com
noweinwestycje.pl
bdfafbrv.freeblog.hu
boaryhopen.blogg.se
web.sba.gov
www.eommo.com
nyaweb.co
dvdprojectorsforoutd.4vw.info
varangian.puk.ro
www.qqemail.net
japancarpages.com
spanknet.info
sdrzrgh.fyfz.cn
nutv.dk
116600.com.cn
www.athomedrugtests.org
blol.net
www.6mind.com
angebot-kfz-versicherung.de
rongzhong.cn
crohn.home.pl
obchod-detem.cz
www.0731ys.com
gebiechteter.wop.ro
opentraintimes.com
herogeme.alink7.uic.to
sitereports4u.info
albarraz.puk.ro
sau.edu
geheimka.wop.ro
miloradovic.info
49cw.com
sn77.info
www.jpjj.cn
www.yzhq.cn
geknield.puk.ro
myypw.78.cn
royal.co.jp
buy-tramadol.over-blog.com
sokolowsko.pl
hp8cn.com
cursvalutar.info
socialsites.co.in
khangan.vn
azap107.33591.com
world-mmm.com
yyabc.2dbc.mobi
web4mail.net
cqy2004.com
comic.52pk.com
xxxmojexxxzyciexxx.pinger.pl
1yl.info
navicoon.info
bigdiscountrv.com
wwrvc.sinaapp.com
www.x92x.com
style.qooza.hk
www.moqie.cc
www.kanal5play.se
americanadagencies.com
di4se2.com
www.alipr.net
riteinfosolution.com
yogaat.com
l6cy.265link.com
seorank.eu.com
itresolvers.info
5af.info