l6cy.265link.com
seorank.eu.com
iskra1998.pinger.pl
sexfile.info
ys.wgdnf.info
sockwizard.com
www.myxt.cn
www.mnxzj.com
dj-alfredo-da-matta.hyves.nl
v-gn.de
moto.zol.com.cn
autoinsurancelk.info
dred21.flog.pl
awebdirectory.info
decor8.pl
escort.com.vn
kuujinbo.info
adaderana.lk
vpsroll.net
directorygate.info
xonetv.info
travellist.us
www.meixun.org
www.bioon.com
adrom.blox.pl
darty.it
dasheng3.dginfo.com
abcincome.net
shaihasramblings.blogspot.com
goro196.wrzuta.pl
anapa.info
www.ainori.de
digdirectory.info
www.kirch.ru
www.qingzhou.gov.cn
fc-mado.com
energiahoje.com
diplotop.fr
myperfectcoffee.com
lemoine.puk.ro
bestguitarparts.info
www.ttldisplay.com
www.105tj.com
exotics24.de
blanko.prv.pl
www.daxue9.com
1628gd.com
magnetictherapyexbx.info
neanthro.puk.ro
99100.taobao.com
www.jfc168.com
codelab.ru
bing.co.kr
bike.puk.ro
fnvwznlvrbn.blogtrue.com
www.teozofija.net
frontrowreviews.co.uk
eliche.wop.ro
www.myface.hu
stachyos.puk.ro
royal.co.jp
network-karriere.com
msuggett.com
optendrenk.com
telefondasexnumaralari.com
kupgazete.pl
gebiesd.puk.ro
smashdown.net
021midea.com
mzdh1.com
www.kow.nl
canalpc.es
hunternuttall.com
abbrunar.puk.ro
karenmillendress-sale.com
newskaz.kz
ladiesbelt.pingguo55.info
etc.si
cnpension.net
thechatroulettegirls.info
girls-pal.com
srcs.org.sa
tagonsocial.info
brilloldies.com
1planet.info
168168hz.com
diagnosticoweb.com
rentfurniture.com
a4.7iii.info
www.hnwz.cn
hachette-diffusion.fr
animashka.info
arcanebolt.deviantart.com
joeyroth.com
dhgate.com
yrcti.edu.cn
freetopdir.info
dongbeihuo.com
costablancawebservices.com
wickedknickers.tumblr.com
www.uuloo.org
www.kuail.net
www.zhuodasoft.com
taijimax.com
www.kanal5play.se
di4se2.com
ciic-jtc.com
web-bi.net
wojteknowicki.natemat.pl
fitnessbrasil.com.br
shop.022s.com
sex-pornos.biz
lolli.com.hk
www.rank.gs
114.dnfire.cn
wso.wroc.pl
www.szzyw.com.cn
footballz.org
kamihoro.wop.ro
jonnen.wop.ro
www.01ys.net
oyebazaar.com
www.90hdy.net
bhkq.nfdy.net
plosc.com
www.tao888.cn
goldilocks.com.ph
pambadeque.puk.ro
srichinmoybio.co.uk
www.gajdar.pl
bud-man9.webs.com
okvacanze.org
l4x.org
gcicebreaker.ca
rackmast.wop.ro
amarjit.info
veteransvirtualcareerfair.com
ghostpro.vn
enable.hku.hk
www.lfren.com
wwrvc.sinaapp.com
huppes.puk.ro
triadadom.pl
mmtu.tk
articledashboard.info
music-30ty.mihanblog.com
www.kan588.net
sac.org
kolaymagaza.com
photinephoto.com
logoclic.info
sietufumb.bloguez.com
katicz.digart.pl
hipbabygear.com
www.nynclb.co.cc
bolo.rbc.cn
sxd.digart.pl
www.68cs.com
fulek.natemat.pl
www.kingdom.ro
www.115bang.com
animoca.com
vnzing.info
www.stu8.cn
www.xmalaya.cn
stadionmusik.de
kicbbgun.com.tw
adults.puk.ro
guihuaxiang.com
hfnxkzmjw.blogger.hu
foroalejandria.com
misiek120.digart.pl
hyrcwzpxx.78.cn
modiyil.com
ithaa.fr
freevisa.info
kvik.es
66av.cn
gitverlag.com
www.aztv.az
hydepark.ro
udayton.edu
crear-paginas-web.blogspot.com
www.renzaoshi.biz
chamook.net
thebattalion.tv
avramovic.info
fuyang.xinl.net
sn77.info
villacorona.com
bbs.90bus.net
hertz.pl
olgaurchenko.ru
tuang.net
zsp2.edu.pl
lovethatcat.com
photography-now.com
www.36711.com
ecorebates.com
maisiliao.com
www.qqwangminger.com
exxtra.blip.pl
crbone.info
iwaslaidoff.info
aifq.nfdy.net
sweetsherree.com
aiejia.com
www.tros.nl
atticlab.pl
mtu.edu
ari-jigoku.com
24porn7.com
laohu.biz
itrade-belgium.com
www.pingquan.gov.cn
sozialeswiki.de
puppyrzyce.pl
iklangratiskusuma.com
anago.2ch.net
qrjq.nfdy.net
mbg-tuned.at
116600.com.cn
directoryspecify.info
www.krek.hu
www.fn-kunlun.tk
52xiezhen.info
topchefuniversity.com
nyaweb.co
industrystock.it
ottimo-n.com
www.infoseek.co.jp
kf.or.kr
daredteens.com
omsels.info
www.j8j8.info
mixingmaryland.com
trackpedia.com
www.6mind.com
crohn.home.pl
www.hacg.me
hg919.cc
e-bach.eu
terry.ubc.ca
philippinesplus.com
noren.com
treasuresfromtheark.com
wisdombusiness.com
jaslonet.pl
355869.com
manelo.puk.ro
zain.net
www.llqvip.net
yyabc.2dbc.mobi
kanpen.wop.ro
www.mp3s.pl
djye.com
world-mmm.com
paketumrah.com
expireddomainsfinder.com
56aiav.com
www.hainafenzm.com
socialsites.co.in
leedd.com
www.klkg.info
caikoo.net
looeo.com
lancom-forum.de
komische-frage.de
navicoon.info
comic.52pk.com
4949.jp
twentieths.puk.ro
khadhormedia.com
www.cfzjz.com
studio878software.com
www.dayday520.com
yogaat.com
www.x92x.com
transport.gov.pl
boi.gov.bd
web4mail.net
quintes.pinger.pl
pay.com
astrasync.com
mindymain.info
www.jldkjg.com
www.iamlicky.cn
www.dratio.com
plattendealer.ch
www.tz-tour.com
www.about-face.org
yori.pinger.pl
piao.gaotie.cn
lereve.in
onefistmc.com
gogreecewebtv.com
extraira.wop.ro
www.ndtbbs.com
chat.lwtv.net
www.goodbag.tw
partyxplosion.eu
peacram.com
taumel.wop.ro
sportamore.se
nubesis.com
spinacz.pl
wg1e1hda49.b2b.hc360.com
www.rws-verlag.de
www.fritzbox.eu
www.gdynia.pl
abcportage.fr
jugra.ru
coinombrab.freeforums.org
suena.eu
skybest.com