nlkx.qiwen5.com
xuzhou.baixing.com
knomobags.com
qqcw.tk
beklagt.puk.ro
blog.cnqfc.com.cn
ingegooi.wop.ro
cqsf.name
oteki.digart.pl
inube.com
nokiapp.com
whichlaptoptobuy.7m0.info
afv-news.com
mangootv.com
radiocpacemusic.ubf.pl
selectholidays.de
kollegin.de
eigent.li
kivajapan.org
strikestation.es
www.yxb9999.com
martial-arts.jp
brainaneurysmrecovery.net
ecpxw.com
praca.gov.pl
bushoward.com
honeymoments.com
imprezysingle.pl
propogodu.ru
www.maleckiart.pl
phcmag.co.uk
www.renticd.com
www.mbank.net.pl
pursestores.uk.com
karadhras.pl
celebrityfanweb.com
grocerybudget101.com
www.ylhw.gov.cn
www.mov2012.org
www.jacketsparka.net
www.ezcall123.net
kdqw.265link.com
2nigeria.com
iomoss.dk
rechecker.com
olejcentrum.sk
nikeairmaxca.com
madesimplegroup.com
yaoshenzhong.com
darkiyu.com
www.gequye.com
tvtv.fr
yiwoduan.com
www.rockting.com
streampedia.tv
justine-abroad.blogspot.com
linkpic.ru
zyhdb.com
iskolataskak-es-iroszerek.gyerekjatekbolt.hu
unit-online.ru
neerkomt.puk.ro
www.ahkiqa.com
www.88msa.com
www.manmankan.com
oghj.265link.com
www.ttt999.net
hohosoft.com
mojeterasa.cz
ww99bill.com
nenuno.co.uk
bettys.com.br
losplaat.puk.ro
angryhugecock.a-lsawards.com
chirayusoft.com
rankingalexa.com
brother.cn
geschrie.puk.ro
zagdiel.blog.xfree.hu
astrobook.info
mydreamsuniversity.info
redee.com
www.888ycs.com
healthcity.be
drop.io
cujipgrvd.freeblog.hu
opticalstorage.no
bizimera.tv
criticker.com
hneq.qiwen5.com
forgifs.com
www.nkpv.4f9.org
www.soendag.dk
marshallsales.info
fbi1.net
www.jp85.pl
www.garnersmotorcycles.com.au
bg-info.info
dajiamazu.org.tw
sheppardsoftware.com
onlinovky.cz
www.5210wg.com
lebbe.wop.ro
www.poloralphlaurenapascher.com
www.amina.hu
mena.org.eg
alazhar.gov.eg
china-clothing-manufacturer.com
mi.99btgongchang.org
beforethebabywakes.com
vendita.wop.ro
mustangmerchantsystems.us
inviohiq.blogger.hu
remyusa.com
www.quit.ie
www.twalender.ch
seotoolsfree.eu
pogo.fotolog.pl
www.1898go.com
harian-aceh.com
forumpraca.pl
virtualcar.it
www.yuanlai.com
656bb.info
cpa021.blogbus.com
www.wmmeinv.com
bookmarkingframes.info
medizin-forum.de
angstweg.nl
videosexe4.info
3dmayer.com
midnightmobility.com
www.580120.com
special.ena.travel
portal-ppoz.pl
www.shidiao5.com
360kmh.com
adword123.net
taninews.freeblog.hu
gale.com
designsekcja.pl
jara.blip.pl
news1ghana.com
ericprogram.com
verybesturl.com
www.99shoushi.com
ask.me
facilitiesseniorassistedliving.com
www.qqsdh.us
costa-ovest.it
93fw.com
faceofnewzealand.com
emeralds-ring.com
48e.info
una.ac.cr
h21.jp
ct-asachi.ro
www.yifuqiankun.com
www.canalmataro.com
miyakojimacity.ti-da.net
www.pifataiyangneng.com
diariocambio.com.mx
www.xxx226.com
scgroup.es
guzolka.wrzuta.pl
langweiledich.net
cmsns.com
bidhaja.co.kr
songwritingbootcamp.com
nsf-margins.org
livingyourmoment.com
www.zhaoxi35.com
renovasibangunan.com
blavagen.com
sfhs.com
soft.cf8.com.cn
mijobrands.net
vegetoca.wop.ro
hawkie.puk.ro
www.jzxx.net
www.cheapjerseysgroupon.com
schroth.puk.ro
linksatall.com
www.ay.by
ohapplemy.com
korenat.hr
www.ygcn.net
denisstritar.com
buzzbuzz.ca
revistamds.com
inecobank.am
www.wlmqcdc.com
naturafilmgroup.com
pguxlfamfvv.blogtrue.com
hquncletube.com
patrioticon.org
kukje-ic.co.kr
qaplsxrm.blog.mongenie.com
autopartshopper.com
gambir.wop.ro
studentwiki.dk
samochod.pl
d3.ru
wangna.278cc.com
madro.blog.cz
5j29.210000.org
animalfarmnyc.com
etyc.org
chzhjd.com
bqn0.56dvd.net
ad.moinhat.info
bg-rose.at
www.7tbo.com
artificialintelligenceseo.info
eitx.265link.com
yiyeq5.com
losmadden.tumblr.com
bedook-1905.info
www.nayifu.com
sweetin.com
thereasonmag.com
homeofnews.info
stjj.qiwen5.com
aeschine.wop.ro
j24k.com
cox.hu
good.cx
www.zenyangfengxiong.net
clixseo.info
musicmusic.pinger.pl
berkatrezeki.com
15soso.com
gtalive.pl
www.topbm.com
vmarty.cntrades.com
lteforum.blogspot.com
qg.sexjk.com
www.yihushixi.com
josepharchibald.com
vhs.cz
www.sunpod.de
bizport.jp
prli.info
taumel.wop.ro
aeonity.com
c2w.com
www.mmzs.net
4s.elarnz.bee.pl
publiz.net
www.badu.edu.tf
www.ptsuyou.com
www.ctrtheme.com
stagegossip.com
tourismusverzeichnis.info
plasmamedia.pl
titansfit.ru
www.artskill.cn
skalice.ru
uitveegs.puk.ro
www.cenyandel.cz
hostrullen.se
yaoi.pl
www.shuang08.com
51812345.com
jusline.at
kaamelott.info
paradies-escort.at
www.wmkbyy.com
www.qua-tang.info
accrodelamode.com
suunto.com
fishki.net
b2v.fr
delimiter.info
www.ccbvlt.com
radiobocconi.it
uchlhr.com
ditadifulmine.com
thenewxmasdolly.blogspot.com
skopje.gov.mk
casino-777-home.blogspot.com
www.unovotnych24.cz
order-safely.com
www.sh-jujiang.cn
adirectory.info
www.eb678.com
ratujkangury.pl
myopenforum.com
tilstrebe.wop.ro
www.hfxdn.com
www.maxifoon.nl
www.greco.lu
www.844mi.com
tvtipsport.cz
pyroclas.puk.ro
carrasco.wop.ro
pelle.blip.pl
litao.me
datenschutz-hamburg.de
farta.wop.ro
marketingtnm.com
jzyx.qiwen5.com
hylle.puk.ro
www.1000qb.com
74qg.nfdy.net
www.stone-world.com.cn
redaktionundalltag.de
kamakotimandali.com
www.net58.net
wosp-ostrow.pl
eurvaoyjle.blogger.hu
bbs.anger567.com
faceinhole.com
nagareoc.puk.ro
webaffiliate.co.uk
icuf.pl
slipknot1.com
www.tzbear.net
yamakage.wop.ro
www.syhongan.com
take-me-to-auction.de
multipressplugin.com
samba-choro.com.br
green-jumbo.jp
c1neon.com
zjjzh.78.cn
sf175.net
dverleech.com
greenbag.pcds.com.cn
tifana.com
virtualurth.com
freeeeworld.info
globalvendinggroup.com
mos-style.com
www.ydzy.com.cn
langley.eu
madang.wop.ro
www.616520.com
omote-sando.com
clemenceg.typepad.com
nedan.puk.ro
www.365pv.com
netborder.cn
extramarks.com
www.01666.info
www.sunny-elevator.com
ecplanet.com
sanma.wop.ro
www.666xu.com
djsequence.com
raiu.wop.ro
www.youthinfo.biz
kaidu8.com
zjg1.qiwen5.com
limparonome.org
scrapeboxunderground.com
deutsches-inkasso-portal.de
sandiegohaunted.com
koukaijo.wop.ro
258524482.qqku.com
gemuz.info
ameli-sante.fr
xx.kksebo.net
boldstrokesbooks.com
arugas.wop.ro
jdl-europe.net
www.seorenwu.com
a2.ee55.info
mingdesigns.ca
ifmsa.pl
jcommerce.pl
www.qq275.com
aptekaslonik.pl
readactor.com
dichtienganhso1.com
ptc-refback.com
stsimb.irc.gr
heinmaas.com
cuadernorayado.com
m-zone.cn
ampliass.puk.ro
copymaxsac.com
first-offshore.com
vernikke.puk.ro
www.boomben.com
best.letv.com
misha-collins.net
www.wjx998.com
fjyw.com
itascan.info
recherche-sites.com
bxtv.cn
haixiachina.com
bestpornmoviebox.com
by-annabelle.nl
cancha.puk.ro
car-carpet-mold.blog.hr
hogget.wop.ro
carava.net
caravancurtains.com.au
cardinalotunga.com
www.jianpin.com
cardinalsystems.com.ar
gtoa.nfdy.net
care.org
career.mcdonalds.com.cn
careerbuilders.com.my
www.113vv.com
careerlifeconnection.com
careerzine.jp
urumotos.com.uy
carnp.com
www.d1069.com
carolmedfordart.com
carpes.puk.ro
carpholite.puk.ro
carrieraircon.co.uk
rolnictwoonline.pl
cartier.rcmfx.com
nbbbs.8miu.com
cartwrightinternational.net
casagargiulo.it
shuushik.wop.ro
casati.puk.ro
casbar.com.pl
strong.pl
jn.sc78.com
dodilaura.xfree.hu
www.wgbwdi.com
bergedorfer-zeitung.de
www.4006000020.net
elmunicipio.com.do
wantu.taobao.com
borderless-travel.com
turismo.travel
cicistudy.com
squirrelmail.org
www.asta.ms
tinyxd.me
animaltracks.com
010lf.com
www.nm.xxt.cn
123.49hz.co
singaporeartmuseum.sg
jpwz.cc
citebite.com
portal-info-help.com
www.nikerequin2013.com
yumelink.alink7.uic.to
parabeatriz.com
duscatolin.com.br
hotelsjaro.com
www.sssyyy.com.cn
www.lookchem.com
blog.mobi
expert.yaolan.com
cssnewbie.com
poyo-china.com
fx43.265link.com
eduportal.gr
acisaonline.com
nuss.sy
launchcapetown.co.za
opvraagd.puk.ro
hsqfs.com
emprendecuador.ec
6bp.info
topoftherocknyc.com
medimix.hu
trains.com
www.gounaer.com
aotenjou.hananoir.wwwwww.wop.ro
shoppool.com
endura.wop.ro
www.fangjia.com
corningcu.org
melitta.co.jp
fuxin.liebiao.com
www.freeway.dk
findanopportunity.net
elnaufragodelared.com
www.yyhair.com
mferma.ru
inway.su
dictionary.goo.ne.jp
demo.yarsoft.net
sao123.info
www.bcctv.pl
topd.ro
onsugar.com
papildus.info
gor-online-rollenspiel.info
partner.digart.pl
prevail.wop.ro
amigoslds.com
j4.com.tw
house.sqfdc.net
enviado.com.mx
tamilcollections.com
1015b-a2.tumblr.com
www.dzjkw.com
www.tbt029.com
asahi-slimup.com
teeneeudon.com
stabletransit.com
ishim.blog.so-net.ne.jp
cics.210000.org
firedeye.info
e-kiosk.pl
justdohits.com
h2o-china.com
extremelyhotsex.com
www.5isf.com
wwm-cc.blogspot.com
sweetdicember.blogspot.com
3sao.56dvd.net
ecoformica.it
eobcards.com
blogonaciy.ru
increasetraffictomyblog.com
560degree.com
ppw-10.com
joy12club.com
wetnwildorlando.com
doctorwatson.info
15302288888.com
beata368.digart.pl
signsoutlet.com
dhl.com.ng
lisek.blip.pl
nkk.no
h2nh.210000.org
chicaspilladas.com.ar
heijinsha.com
necrodoll-art.com
powersmartenergy.com.hk
mysafilo.com
techiestuffs.com
top-schools-online.net
55gp.com.cn
greatchinaweb.com
news.liao1.com
affiliationmoney.com
imkerei-ahrens.de
russmedia.net
yangli.com
www.julipc.com
nova.no
cocktease.info
iconodul.puk.ro
www.fk96728.com
idmoney.ru
ohdeedoh.com
jcoa.nfdy.net
sett.php5.cz
oakhillranch.com
daynight.jp
source47.com
ln1v.k3y3.net
www.hainanmr.com
kncf.265link.com
wlltyhgao.typepad.com
spik.wp.pl
vlp18.com
www.010bjsoft.com
r.org
phpcodevn.com
samildemir.av.tr
dj2012.net
gfy64388.blog.163.com
www.fossilweb.com
xxk.3839.net
mrpyo.com
batamtoday.com
private4.com
funpic.de
www.5252m.com
clickpayz.com
antee.cz
meaningfullife.com
www.xindeyuan.com
sckbamesto.sk
www.diyi11.com
ioffer.net.pl
jackysan.info
praxised.com
tosabendo.com
senses-circuit.com
nikko.co.jp
serd.210000.org
pendurashopping.com
caliberclub.ru
www.jpg168.com
tb010.com
bbs.fznews.com.cn
www.byym.net
lesliewebs.com
car-rentalsingapore.com
kauzo.com
cbtk.210000.org
martialarts.com.my
landashop.com
rfg-patschnass.de
kawaik.wop.ro
www.01focus.com
jmnews2.jmcatv.com.cn
muemling-grumbach.de
www.btzzz.com
www.gaoian168.com
evenest.pl
lasikplus.com
www.wmsqx.com
genius.nc
realsex.jw.lt
study-in-china.org
flasterventure.com
gezand.wop.ro
www.solar-pv.cn
ticketzone.com
cirss.com
ubestclip.com
dodmap.com
pk.vqq.com
jordanrudess.com
cndata.info
clusterheadaches.com
www.cdokit.com
www.lee.gs
toursovet.ru
toetunge.wop.ro
kok-chiwoo-textcube.blogspot.com
shamstraightmaleescort.co.uk
hiremytech.com
adupit.com
www.jsgkjaff.com
57883.net
bancadigital.com.br
sotosol.com
hao.33105.com
www.xinjr.com
dletweak.ru
ssoar.info
dodgerslim.com
antiexpo.puk.ro
s-i.com.cn
www.0318yueqi.com
living-proof.pl
queissobruxao.com
koala-toys.de
body-kit.net
plantes-et-sante.fr
c.mgscl.in
zxscy.com
zhongyi.jiankangzu.com
shua.in
gbcitalia.org
soyuzmash.ru
topsport.lt
volleyball.com.hk
seoforum.cz
taiyosha.co.jp
maxxivoice.com
www.xiangyanpifa.cc
modart.hu
www.menghuanzuxian.com
register-pajaronian.com
crowdsourcing.org
ent8.info
socialgreenstaff.info
gojy.qiwen5.com
holywaterfoundation.com
www.chinababysun.cn
eclickz.com
www.lshlcm.com
6668.hk
directoryinclusion.info
voltigeerde.wop.ro
www.zjkd.cn
drxlr.com
www.9157k.com
carsvarna.com
kaelte-klima-innung.de
bbs.myarowanas.com
www.hays.fr
jouyamanzali.info
escuelaing.edu.co
hanguoditu.51yala.com
xtreeme.com
www.qt35.com
bravejournal.com
allasians.com
www.hdjiaoyuxinxi.com
seoblog.es
bgne.nfdy.net
six-telekurs.fr
jiangtangshu.1168.tv
wisselre.wop.ro
ijye.210000.org
www.iavav.com
lstime.org
dumhed.puk.ro
citygas.co
anpuxy.tk
visguy.com
www.559ee.com
roetkleurigst.wop.ro
markshangout.com
ville-geneve.ch
life.5200tv.com
huili.sczt.net
markis.wop.ro
zigexn.co.jp
cn21.com.cn
nnfp.210000.org
hooven.puk.ro
shbbs.soufun.com
www.seothue.com
www.22178.net
rootsbd.com
entersingapore.info
qmlandqj.co.sonhoo.com
ngova.wop.ro
cris.flog.pl
echte-demokratie.info
ur.krakow.pl
masterbeat.v3phpbb2.hoodhost.com
ikirov.ru
sfantasy.de
www.joybasee.com
www.huajuncnc.com
enmaracaibo.com.ve
jeffersonhighschoolonline.com
www.j5118.com
www.ed114.com
sinbad.travel
nationalnursingreview.com
www.bbb29.com
undersom.wop.ro
ircquotes.fi
b8qq.265link.com
italnews.info
kosmos-x.net.ru
www.17zhuanpay.com
uaika.digart.pl
x10demos.com
wuweiche.com
tibrow.wop.ro
ponyfish.com
www.gouwu592.com
blogi.lu.lv
0718i.cn
slevadne.cz
zknz.78.cn
nonim.pinger.pl
f-avto.by
twittermania.nl
honda-acura.net
www.sitebro.jp
survival2012.narod.ru
stingrayboats.com
99ea.56dvd.net
wk.tk
www.218yc.com
kameraakcja.pl
www.hubeauty.com
reedbusiness.nl
sarasotapersonalinjuryattorney.co
leidesaw.com
xplum.cn
realegs.com
bella-shmella.com
slyness.puk.ro
opvaart.wop.ro
www.dingxiang.org
www.hualianec.com
criaduelo.wop.ro
theim.org
win.21cbh.co
uptrendhosting.com
wptztfowbq.skynetblogs.be
shibetor.wop.ro
mird.nfdy.net
www.ak666.com
rafi.pl
thecompras.mx
ecstacy.wop.ro
www.hentaikid.com
azey.210000.org
988hk.com
omakai.pl
cecore.com
compliance-full-movie.blogspot.fr
swdirekt.de
uahotels.info
cubangle.puk.ro
motorcraftservice.com
ilovethomsoncruises.co.uk
indexiran.ir
ktwx.jxszchina.com
diotima.wop.ro
abcom.al
ewt165.com
rotante.wop.ro
www.yjllw.cn
unlockjailbreaktool.com
guihuaxiang.com
budomaniacy.pl
cxjyxx.me
sekla.com.br
dayu360.com
www.jetzt.de
www.xiaogsd.com
hc.am
fcgy.xwcm.net