fastsexdate.com
51812345.com
seostation.pl
desktop.yesky.com
www.dvd6668.com
jambi-independent.co.id
lula.pl
dzdp.nfdy.net
www.uycomputer.com
4zc.info
tangshan.anjuke.com
vdns.vn
cuda.itpub.net
wealth-4-all-team-israel.me
69-dvd.com
minmetals.com.cn
turbo-proxy.info
wantingwhatyouhave.com
compsci.ca
www.kjfgs.com
bnu.com.mo
baresko.no
tkptn.net
nissinfoods-holdings.co.jp
educationandcollege.com
dickwu.com
mp3lyrics.org
7hab.nfdy.net
www.ywtcn.com
gettyimages.dk
planetjazznyc.com
dauber.puk.ro
huaiyunqiandezhunbei.bb-house.com
www.wl2018.com
www.hxjsszx.cn
sexbiro.com
cityexpress.ru
wwf.gr
robertcook.org
rzulita.digart.pl
848484.info
datenschutz-hamburg.de
realclearenergy.org
carolmedfordart.com
tenyue2011.cn.alibaba.com
jc-alpha.de
ui.ac.id
hh2.9587.25u.com
myhhg.me
melon.md
jackrussellterrier.ru
8090mix.com
fotoshkola.net
prachtlievend.puk.ro
cuisineus.info
farmvillefreak.com
slokt.wop.ro
rockschool.tv
hackerfactor.com
www.hbdcywj.com
www.3gokushi.jp
hyderabad.craigslist.co.in
ttkwap.com
besensual.ro
hamptonluxuryliner.com
www.daohang666.info
karmorra.info
cict.tj
www.haosela.net
www.sao678.com
waterfallzine.com
54xyzy.com
glak.tk
ohoy.puk.ro
aphdigital.org
odylfarm.com
silverbackswrestling.com
pdesas.org
kruthai.info
imitatively.puk.ro
efx3.com
rswl.net
medicins.puk.ro
xvof.210000.org
shimotsuke.co.jp
jt.szonline.net
famosa.wop.ro
fondospantalla.com.mx
www.wernercn.com
movie2k1.com
pixels.fad3.net
10000gy.com
abieventi.it
mobfair.com
317d.com
yanikphotoschool.com
aboutirions.puk.ro
cnfse.com
6jox.265link.com
6cl.org
www.789xy.com
recolonized.puk.ro
kimowota.net
macquil.com
arbar.wop.ro
revish.com
186zt.com
tre-ba.gov.br
studentenwohnungsmarkt.de
seo-kolkata.blogspot.in
www.aprofit.cz
historyspeaksinc.org
avangarda66.za.pl
netto.de
ioem.cn
josweb.co.uk
510.digart.pl
estilorenner.com.br
www.syzw.gov.cn
chadjaso.com
colourpages.com
www.321ggg.com
muonmau.vn
www.hubeidc.com
bbs.nynews.gov.cn
batumiplaza.ge
createmyworkout.com
zellfase.wop.ro
informatiegeletterd.be
silvacorpinc.com
loot.co.za
kamoshit.wop.ro
gumoyanpj.1168.tv
bhola.puk.ro
www.hbksw.cn
herevelazim.com.tr
govannijean.com
coolblades.co.uk
metropolita.pl
dollbbs.com
kjj.changde.gov.cn
fluidsurveys.si
dn16.hyves.nl
chronocarpe.com
recetas-cocina.com.es
totalartsoul.com
123-plombier.com
sakura.press.ne.jp
casa.acasa.ro
www.masjdzl.com
minimaldesign.net
ate.fm
comyr.com
www.cnitsc.com
cetirizine.info
innermor.wop.ro
warrentours.com
pinchezu.net
paradoxum.com.br
kissensc.wop.ro
kaynarca.info
gold-secrets.com
buyometric.co.uk
nederlandshypotheekcollectief.nl
smmdh.info
linkwheelseo.net
firespeed.org
8.cm
a179.net
www.shuang5555.com
bie.to
tjcxgdqx.com
katalonczyk9.wrzuta.pl
ele3events.com
chl.soup.io
gzsujiali.com
www.gazebo.cz
blog.tkbbs.com
safehaveninspections.com
jubegraph.dyndns.org
cdoa.ca
atypikrevient.fr
500w.co
japan-tradings.com
www.9787.info
www.satgod.com
ataf.net
dolce.pl
www.shkaikou.com
bbs.sz9060.net
gss.us
thatwentwell.net
aoao.puk.ro
aio.sk
amwso.com
freewarebase.net
aldes.co.za
www.tygo168.com
51hsz.cn
linkzilla.info
sp-moulding.com.pl
www.unileverfoodsolutions.com.cn
tv1.ir
www.yszqw.org
joplintech.com
nvnet.org
seo200.net
astd.org
thearchiestd.com
www.milumo.com
www.skalka.i-noclegi.pl
zary.puk.ro
www.deru.hu
ceritaspros.com
nesunku.lt
impanell.puk.ro
as-bau.pl
firmawanglii.pl
www.5i7d.cn
help.hc360.com
www.wmf.org
bqspa.bqspa.net
du.tc
44szs.com
www.8812.info
manrenti.info
seminegro.puk.ro
hockeytraderumors.com
boi.gov.bd
prxk.info
boogabag.ru
xlthappd.freeblog.hu
40calgames.com
agendasetting.pt
artikel-checker.de
getdeal.de
3gqq.at
club80.ch
centralfloridaweddinginfo.com
maluchy.pl
dr.dk
heimatmu.puk.ro
arrange.jp
www.stock.vc
afid.fbl.pl
dmktg.cl
bibliaonline.com.br
mailingservicecenter.com
www.0516jy.com
wordes.wop.ro
www.tingshu520.com
gemvisa.co.nz
6hwcp.com
gesamtvolumen.puk.ro
prawnikow.pl
aangelonearthx.a-livesexasian.com
hedninge.puk.ro
kenkenfu.puk.ro
51avnv.info
dukket.puk.ro
liberty.com
6hczt.com
www.33dyw.com
alegramy.pl
www.jnstdc.com
728.com
sublimeperfumes.com.br
beyondtreasures.com
78gk.com
www.518visa.com
joaofialho.net
www.juicycouture-online-store.com
kaifan5.com
dverg.puk.ro
macusergroup.com.ar
diversifiedbusiness.us
diplotop.fr
zoran.flog.pl
dichvuvanchuyen.com.vn
whoisstuff.net
921.cc
cqy5.com
theconquerors.es
49.aiao.cn
www.ejunhao.com
desktoprating.com
www.xqhkj.cn
fukuda-hp.or.jp
betterrecipes.com
brokerloft.com
sexydailycams.com
afilo.pl
descaro.wop.ro
triomphais.puk.ro
www.12dvd.com
bechstein.de
orascomci.com
dumpo.wop.ro
needc.com
stojaknaulotki.pl
384004.com
52zipper.ywkj.tk
downbeat.wop.ro
ilei.pl
ping-admin.ru
14bt.info
gxgz.szgm.edu.cn
2nankai.cn
gtyxkspucx.freeblog.hu
guestbooks.pathfinder.gr
guide.coneco.net
gjysj.com
vectorbg.net
seer.wop.ro
kia.com.py
hwanbu.com
crazydeal.ro
joker7777.info
www.gzwhirlpool.com
www.bagnicatainin.it
home-shoes.com
whitegenocideproject.com
teachingtextbooks.com
budget.ie
0898abc.net
taoistmassage.co.za
www.milissc.com
344r2.951n.cn
www.43dy.com
km-wiki.ru
kazan-guide.narod.ru
jackharlan.com
balsembomen.puk.ro
download-young-jeezy-ringtones.blogspot.co.nz
pornoblogy.cz
silje.prv.pl
www.meihaojz.com
ergraba.com
b303.com
020pgj.com
hrea.org
rfsupplier.com
shokubai.co.jp
vannet.cn
sihasara.lk
kakurezato.com
cooh.pen.io
serviceteam.co.uk
pztrn.ru
vlmenshikov.ru
pornwebcams.info
instantbacklink.info
www.hotavxxx.com
autoz.com.br
www.nhzhaopin.com
aibohang.com
websitevaluefinder.com
unocardealers.com
ibootytube.com
eurosporttuning.ca
pompoese.puk.ro
adrevamp.com
jiyoujia.net
balesol.com
celeb-source.com
efe.cl
micka333.wrzuta.pl
clipxxx69.info
linkbaitservices.info
patrykengel.digart.pl
o9m.info
e1.pl
www.changdaoyujiale.cn
thrilld.com
ba-sport.hu
cheapticketscanada.com
webpromo.pl
unimedia.info
bifawangzhi.info
www.166ying.com
www.housing.ucr.edu
mpk.com.pl
forum.md
coord.info
safa.net
6ctx.net
e-biurowce.pl
netbulge.com
guzikprawda.pl
viewitem.eim.ebay.fi
www.denisleary.com
creadev.info
maspire.com
superkariera.cz
www.se978.com
meteociel.com
inventech.ru
jtonline.info
ironaddicts.com
pge-obrot.pl
sos120.org.cn
7788.by
1ptr.com
www.cxha.cn
ermland.wrzuta.pl
17b.cc
kosten-los.ch
www.xxx92.com
freedomtorch.com
gesundheitsprofi.info
opvaart.wop.ro
k.8x5x.com
distinctives.info
henkel.pl
tucz.nfdy.net
54114.net
3xf.info
mintblue.vivian.jp
quotesarena.com
cacareco.net
rap-ae.net
www.xingkong.com.cn
royaalst.wop.ro
guigushi.org
a.889556.in
pacificnet.net
www.mzzyanshuang.com
bfj8.qiwen5.com
mlp.digart.pl
www.cedc.ch
atehenmei.com
yulin.sxrcw.net
papus54.fecsegj.hu
eetbaar.puk.ro
el-exportador.es
idealsoftblog.it
the-snowblower.info
emea.nl
gexingqq.net
xjzq.org
gluecksspiele.net
678link.info
capitalfm.com
egypttravel.net
www.mesemix.info
adultdir.org
filemap.co.kr
best.letv.com
www.aisevideo.com
omiar.com
thesisthemetools.com
langez.wop.ro
www.ae56.com
toriz.info
postdoc.shaanxi.gov.cn
kabar17.com
xxmj.nfdy.net
www.xfl.nl
511sd.com
tsuranik.puk.ro
spinnake.puk.ro
592rj.com
bestarticletoday.info
almaleves.blog.hu
webdesignplay.com
maureenjohnson.webs.com
desdecuba.com
msy.blog.hr
k-wallpaper.cz
www.huiliancn.com
lorizon.com
descentro.org
fgnm.nfdy.net
jlho.210000.org
customink.com
etecsa.cu
baldachins.wop.ro
guchangzhixw.1168.tv
cloudwaysapps.com
applemania.pl
samosapedia.com
chinaniupai1.com
chicksto.puk.ro
www.98765.cc
shooga.ca
status-wmaker.net
pocheng.35free.net
jjjppp.cn
onyourweb.com
44ss.net
www.szlilutong.com
fuligens.tv
store-factory.com
49yc.us
www.b.dk
thefreebieaddiction.com
boutique-photo.biz
lvdv.nfdy.net
imprudents.puk.ro
www.kangbao.in
bellyarmor.com
www.smo4.com
greenhybrid.com
516fc.net
xiezhenji.info
underfeet.biz
uppish.wop.ro
daohei.com
rapi.jp
dtzcb.net
www.l0bli.com
zhidao.china-designer.com
zjxbk.com.cn
klientki.pl
upyupy.fr
webteam.at
blong.info
www.mopdh.com
weblai.com
maingames.co.id
edlund.dk
autoblog.tv
racecargamesonline.info
albinoshop.com
wateredst.puk.ro
www.baoguosicoin.com
baijiatan.com
84aaa-823a.tumblr.com
thegioitailieu.net
hlj.273.cn
www.xmcsxx.com
isurvived.org
porcianet.info
pertutti.info
www.samuel.hkk.hk
onaman.net
bordes.puk.ro
ickz.56dvd.net
bdxfy.chinacourt.org
strategi.puk.ro
odbitker.pl
kaple09.cz
bookmarkingcollection.info
nyefu.puk.ro
webfetch.co.uk
foreverbux.com
sigma.nowyekran.pl
djkamsys.wrzuta.pl
www.xa-8.cn
qbzz.com
www.szhowfine.com
512gc.info
autographworld.com
the-soft.ru
unitedsoybean.org
www.35941.net
hillydilly.com
3g2win.com
ifc-araquari.edu.br
uuu3.com
love146.org
52pcbbs.cn
www.xiaogay.com
lesherbiers.fr
carenkaplan.com
newtechnetwork.org
mildeal.info
www.pjjh.cn