www.gzsd7.com
ecowas.int
dirtyphonebook.com
www.cheapnorthfaceby.com
px.zbinfo.net
www.eduqc.com
www.nnxjb.com
invadermag.com
xjrc365.com
www.jmsfdy.com
www.lando360.com
royalenfieldofwny.com
domaincrawler.com
fastcashsiphon.com
abidan.wop.ro
morivela.eblog.pl
www.beiwodyw.com
hochzeit.net
malta.flog.pl
yktj.yzz.cn
zemplenudulo.info
huochepiao.com
www.ss113.com
www.ozanmertgokturk.com
fuoco.blox.pl
beautygirlsandy.wordpress.com
wikiworldbook.com
paike.dy365.cn
umg.edu.gt
highereducation.gov.ly
lagevers.wop.ro
www.ahwsdp.com
pawposse.com
plur.210000.org
fmfan.ru
www.pbj010.com
plainstone.com
bcaa.pl
eodpfiu.de.gg
www.f1dy.com
bosch-hausgeraete.de
www.hrbyygl.com
www.sellnotice.com
mpgpl.blox.pl
alittleknickknack.com
www.51sjj.com
rokuu.tv
721588.com
www.qinren8.com
de.indymedia.org
www.iesl.lk
315mro.com
f2pj.265link.com
www.daoyongyuan.com
8554057943.phone.searchwww.com
www.xuyoupong.com
luvisrani.com
www.zjwhlaw.com
rentals.com
x-north.co.uk
www.zeot.4f9.org
persianskin.com
www.xn--vguv6s9a860e.com
muninetguide.com
www.hywlm.com
seriale.beta.v3.tvp.pl
fransitadawul.com.sa
jj.mu
aftale.puk.ro
guiluerxian.1168.tv
www.pitao.com
callcenterworx.com
boyi.nzw.cn
www.zhongxichina.com
infong.info
upse.edu.ec
gdzddq.co.sonhoo.com
horizonleague.org
camptarigo.com
www.kxwnews.com
asbtdcblog.org
www.homeinns.com
marenty.digart.pl
www.fzjiaxue.com
www.jgksw.com
makeupminutes.com
algarve24.pt
intra.tm
allthaicoupons.com
cxhp.nfdy.net
deathmagnetic.pl
hlkjywztbjkzg.1168.tv
helppopikalaina.fi
www.sougeng.com
pornoblogy.cz
foltmester.hu
filesave.me
870405.com
jangada.wop.ro
gallery4friends.de
marmolesgamboa.com
tecnet.com.uy
reportshop.com.vn
www.sungamebet.com
col3visiontv.info
amik.ru
www.szcda110.com
mia.be
androiddownloadz.com
hteronet.ba
pita.st
www.iacs.org.uk
pdsrfc.b2b.youboy.com
www.foxabc.com
republikaslev.cz
www.duolekang.com
netpeak.ua
active24.co.uk
easycall.pl
happywu.in
kau.li
di.pl
karamay.tel
700000.cc
zanetka868.pinger.pl
www.pinnacle.dl.pl
vdns.vn
www.taoaab.com
k0410.com
clickmonster.info
www.yuepoo.com
ether.es
promoimport.cl
themegacycle.com
merell.puk.ro
www.lbqzw.com
www.esseporn.com
v1.cn
tuznajdziesz.pl
www.qiuzi91.com
galsolscornlo.blog4ever.com
xixihuafu.com
coiney.com
carcle.jp
rosejoshi.com.np
www.36524fk.com
www.cctv7yx.com
galsontrust.com
www.5ufx.com
www.176ssf.com
bilprodu.wop.ro
www.boreewave.com
zzfo.qiwen5.com
myjane.ru
sourcecon.com
picsbox.biz
www.popwin7.com
solarfinance.biz
www.shuang5555.com
ani-cole.blogspot.com
el-exportador.es
hunxiaozi.com
www.newbusiness.cn
www.baoguosicoin.com
webfetch.co.uk
tescohelp.com
khonggiansao.com
ifc-araquari.edu.br
fdb.cz
warszawa.studentnews.pl
dragon-rising.hyves.nl
enisle.wop.ro
notaffiliate.jp
noe3.265link.com
www.fz597.com
yy.17k.com
www.9eys.com
imaginopedia.com
www.smlian.net
gloriosochicago.com.ar
www.jamievalentine.net
nevadasunshine.info
ifen.me
kazakkee.puk.ro
prime-art.ru
www.97264.com
zabawkowicz.pl
www.chinaynk.cn
game.com.cn
hbcsgw.com
vanessaduplessie.com
rd9.ru
wcbdt.1168.tv
haowangjiao.com
www.9048.com
www.akurat.pl
morehomegarden.info
vanilla.vc
todseelie.com
tvfreeload.com
solo.vn
jixie.jiancai.com
abzug.puk.ro
virtualserverzs.info
wwww.lzshishicai.com
www.5566ww.co
humyai38.info
rblog.qzone.com
www.sanfwan.com
kokuho.info
netcom6.com
www.qgz188.com
gedramat.wop.ro
ongkyrof.freeblog.hu
grinderpunch.com
tel-web.it
kelab-umno.com
stroit.ru
dy.iirt.info
ladyvip.pl
logado.info
xawesaa.webs.com
nonk.info
adultartlist.com
tv9.mn
www.itoa.cc
quiltinaday.com
anneclapp.com
memory-of.com
breastcancerdeaths.org
savebrite.com
www.maydonggoi.vn
plus613.com
showmeyourlinks.blogspot.in
xlthappd.freeblog.hu
noresj.us.pn
www.dagskrain.is
www.youxilu.com
insuranceforabmwz.info
www.mmyz.net
sweets.puk.ro
lxjh.lizhidy.net
www.dongguang118.cn
equities.com
qk64.qiwen5.com
testmart.cn
allurehairandmakeup.com
scooterforum.no
thaigooglehack.com
cmdd.de
www.xxx667.com
ztm.kielce.pl
animealacarta.com
warnaco.com
paidsurveyslive.com
little-queens.net
djpaulyd.deviantart.com
www.zifandiaosu.com
www.ailego.com
juntehispano.com
fusohorariomundial.com.br
mensas.wop.ro
www.imax365.com
sdesire.com
allianceswiki.com
blog.nhanduyen.vn
www.amigaimpact.fr
rgp-journal.ru
yanan.bgo.cn
sokoldal.hu
zionteam.net
b.360.cn
gainsaver.com
cucardsonline.com
xfjy58.com
baidu-zx.com
www.gongyi.gov.cn
bacchusmodesto.com
ukhc.nfdy.net
www.789bc.com
basiclover.a-liveprivates.com
www.twilightchina.com
surfrider.eu
vhs.cz
oueu.nfdy.net
tc6.cc
sex-dating.jouwpagina.nl
sofcase.net
ebst.dk
www.aukcniweb.cz
megashare.vn
roonix.com.pl
www.fzrcw.cc
ktalegal.com
jhkcrejiee.freeblog.hu
child.fad3.net
shesuckedmypiece.com
gelebt.wop.ro
www.addthis.com
y-tink.net
zauderer.wop.ro
giacaphe.com
webmasterbees.com
susieandpeter.com
vwa-giessen.de
www.salin.com.cn
www.hr100.cn
orsaonline.com
nyasatimes.com
secundarios.cl
turnstunde.puk.ro
www.fhr.ru
rp5.hk
www.hbccs.cn
www.contech.cc
blog.func.tk
www.livedoor.com
www.x0754.com
clipxxx69.info
fukusukegyouza.hamazo.tv
gizmotika.com
x4host.eu
zunonteekatipsoi.com
xy.58.com
www.gry-online.pl
www.31zs.net
msiiduy.us.pn
pocket.co.il
zaqk.ro
www.shuiwushi.net
bude-quendorf.de
seeoo.pl
shirishou.com
lajaula.com.py
79dni.pl
www.ab-hotsex.com
59bj.com
unshackledleadership.com
factsntips.com
cimalpes.com
www.gxyjkwj.com
www.xxx339.com
xingtuantm.com
creed.pl
c.com
ifmr.co.in
88uu.info
difenderlo.wop.ro
cpush.com
thebrocode.co.uk
jcsbikes.com
www.jcce2007-2012.org
pixazza.com
www.51bli.com
beweegkracht.wop.ro
supervirulent.wop.ro
www.1idy.com
www.933364.com
0791.1775.cn
www.welcome-vietnam.info
www.arval.dk
victordmitriev.ru
pisarze.pl
cebuanddavao.com
www.pomelo-bnb.com.tw
www.legowu.net
dancehallcelebrities.com
www.sujiali.com
iwascoding.com
contempli.puk.ro
benalto.com
5206h.tk
socialbookmarkwebsite.info
www.zjnclb.com
www.bet.co.za
ocharleys.com
www.ytkain.com
deadline.hu
adplayer.pl
pps-x.fr
www.mdchina.org
ao8.aiao.cn
yase.wop.ro
www.dianwan115.com
mps-service.it
meriel.flog.pl
csbqxq.com
powiatowa.info
kwgr.nfdy.net
czdzq.com
vietboblog.net
elkonsultorio.es
juvenewsradio.it
headscape.co.uk
www.storescn.net
gpwcatalyst.pl
www.cnmas.com
freewindowsphone7giveaway.com
tvrain.ru
scifihero.net
digp.jp
www.snwdf.org.cn
service.com.br
ykyuen.info
changyij.1168.tv
www.0532office.net
quadral7.flog.pl
www.520cc.cc
topcarindo.com
webmaster-forums.net
arbustes.net
159ee.com
fieldy.mobi
prgm.info
tahacd.com
fdcp.co.jp
www.bdhd.cc
ww-international.com
tasanet.org
topcrazydeals.com
345pp.info
grogansports.com
bxwcmtwsman.blogtrue.com
www.igc.int
1ces.265link.com
wlc.edu
www.yingxl.com
centrisc.wop.ro
383972.com
nocuj.home.pl
www.qqcls.com
shahrazade.info
www.hwds888.com
www.sqsc.gov.cn
megapeliculasgratis.com
printcity.com
www.3g3c168.com.cn
22squared.com
cashboxparty.com
www.39pd.com
follout.com
animeron.info
surfgold.co.in
submitarticles-free.info
digital-camera.gr
58kjd.com
www.2wgh.4f9.org
www.taiwan.ahk.de
nederporn.tv
perfecslogistica.com.br
www.trip8080.com
furdoszoba.co
www.hmedy.com
themefurnace.com
www.wgpcw.com
www.shengyiduo.com
8898575.com
mengba.5food.cn
sexporns.org
www.univs.cn
www.hfxsw.com
chikotuk.wop.ro
www.rsimek.cz
ileanahunter.deviantart.com
dansukker.dk
www.onsbb.tk
920807.com
freshnews99.info
ropoliti.ca
ccaiai.tk
www.a0lf.4f9.org
www.tqgzw.com
7-zip.org
www.qlfsw.net
srinka.digart.pl
8rb.info
junior.org.pl
uodas.lt
39articles.net
asle.nu
ebiz-u.com
warriorevent2012.com
tashia.digart.pl
suche.ch
beauty-seoul.com
acis.org.ua
teatrovalleoccupato.it
sodinheiro.info
shuangcha.info
stillunlimited.org
h344.nfdy.net
cjb.med.stu.edu.cn
7bwap.com
www.ynguzhen.com
young-girl-porn.com
miftg.1168.tv
99lou.com
plumdistrict.com
digicelpanama.com
seo2b.de
www.rakuanka.com
2345.pptv.com
www.zzchiyue.com
noorin.net
www.wikivegan.org
winamp.com
www.ipadtv.cc
usafreelistings.com
1-mt.de
grutes.wop.ro
ciot.nfdy.net
albiazules.es
actors.co
chitose4.org
xinjiang.383845.com
zhanyi.roowei.com
librosxp.com
www.worldapple120.com
doantn.edu.vn
rhcx.9998.tv
www.rajgum.cz
polosa.co.il
www.glrenti.com
guevea.wop.ro
jedenbod.cz
dynamiclogic.com
www.it98.org
sia.go.jp
uu65.com
miramagia.us
airtickets.ro
www.nnjiankang.com
gladiatorgw.com
adjunta.wop.ro
oceana.deviantart.com
winterjacketsformenuk.info
www.hg2448.com
madlab.org.uk
1-resources.com
www.yuandasw.net
fajosz.digart.pl
tfeng.org
delhidutyfree.co.in
clickmagicnetwork.com
uebersetzer-verzeichnis.com
markbladet.se
telugucomedy.info
drastica.puk.ro
gan-jiten.com
boconcept.dk
bqn0.56dvd.net
www.kawerna.pl
adela222.wrzuta.pl
www.kea.cn
www.yidaly.com
enplus.co.jp
www.shoubashou.net
101woonideeen.nl
www.thxbook.com
yuncui.tmall.com
moe.gov.sa
www.exaltor.cz
clubecstacy.com
cn.adways.net
mpoptavka.cz
gta.co.uk
linkbelief.com
13qq2.951n.cn
nfsport.net
subporph.puk.ro
agequal.ru
www.a-free-guestbook.com
www.7se.us
magicrentals.com
www.wzhct.com
ebooking.it
6czl.info
shibobo.cn
www.zzjld.com
updatejo.com
pornoencolombia.co
coto.edu
xieyi.org
genesisthemes.de
all-hd-wallpapers.com
cine.com.do
seoeurohost.pl
www.cnii.com.cn
univ-skikda.dz
arpl.nfdy.net
virtualsexy.net
anonpic.com
cebrero.puk.ro
ecmrecords.com
aaronia.com
hryprodivky.cz
independent.pl
accor.net
ghostriderace.de
www.dpneu.cz
jokeadayforums.com
53697.com
echosnu.flog.pl
myblogguest.ru
odrworkshop.info
yoao.com
www.layooo.com
tunsi.3rab.pro
hundund.de
www.corpgo.com
www.ai4000.com
mlgo.org
babycenter.in
atsiri.info
www.jsdled.com
juegosdeautos.com.ar
njlg888.info
raving.wop.ro
psiara14.digart.pl
poetryguru.com
www.lacme.com.cn
cedu.com
bbs.siyang.cc
alcheme.ca
caaf.it
jh.haociji.com|www.czsgjzx.com|tapit.com|www.dlyfkz.com|yqwzb.com|www.gsws.gov.cn|2cocksucker4u.a-mycams.com|www.jsgkjaff.com|hotxiaoshuo.info|www.fation.com.cn|020.himin.tv|www.it0531.net.cn|www.0618.tv|123flashchat.com|oukgwxetqdm.blogtrue.com|dsxx.jnedu.net.cn|3k.wwyahoo.org|longtail.com|ningxia.aiao.cn|www.991573.com|www.jrn6u.com|qszg.nfdy.net|hvorav.puk.ro|paodongdexiaoren.anlianwo.com|aankun.wop.ro|www.cnc-jc.com|voorgeschotene.puk.ro|secy.lizhidy.net|jnxd.nfdy.net|0wnenstein.deviantart.com|72dpi.cn|tiwa.wop.ro|tttoddtd.freeblog.hu|www.xshpjy.com|www.vod110.com|www.easyapps.nl|www.harting.de|alunno.wop.ro|www.zjdtu.com|regnmqwpqp.blog.mongenie.com|suniland.hu|buzztin.com|www.gaylover.be|shop.tex-nt.cn|www.ncin.cn|najem-avtodoma.info|wh.315ts.org.cn|quicksy.de|4v0o.nfdy.net|www.4999.org|infelis.bloguez.com|8181.k3y3.net|loach.net.cn|www.leddizajn.sk|www.qqxs520.com|243242.951n.cn|6hczt.com|www.fengqing8.com|www.hotsunwell.com|www.motodrive.tv|uitstekendheid.wop.ro|www.naoshikou.com|zcl.66law.cn|ryce.nfdy.net|www.jordanshoeseoutlet.com|rzje.nfdy.net|www.shbz.com.cn|zhot.210000.org|phpproxy.ro|787878qqq.com|www.cnic.cn|www.iqilu.cc|rodrigo.utopia.org.br|facecurve.com|icamtech.net|84888.net|www.hotelpraha.sk|www.zyhuicheng.com|www.anmo89.com|xinjianggongyegaodengzhuankexuexiao.fdchs.cn|www.ehaiwan.com|gavl.wop.ro|22bbbb.info|8inchcock4rent.a-livesexasian.com|www.pfoc.cn|eatao8.com|www.taowoxihuan.com|www.suiquntech.com|mangosta.wop.ro|rtlklub.hu|yn108.net|zljj.nfdy.net|p5ab.nfdy.net|fnvwznlvrbn.blogtrue.com|haozhaotou.net|shtion.com|adminunion.com|jonkessels.hyves.nl|szdzwj.com|longcat.blog.so-net.ne.jp|persianbax.ir|amelin.ru|clothesonlineshop.com|365aiao.com|keezmovies.com|wfylnwyql.mobie.in|xyx.2g.cn|www.travor.cn|hanfengtangyun.cn|www.sothink.cn|www.designerhandbagsreviews.com|d2et.nfdy.net|919a.net|www.163116.com|bbs.dt818.com|www.163116.com|www.wujiangbanjia.com|rlltqctcslp.blogtrue.com|83.com.cn|www.90qq.org|uddeles.wop.ro|www.ksoutcall.com|aiqingchuangjinmen.anlianwo.com|shipinrunhua.wanye68.com|bbs.revefrance.com|www.zdshaiji.com|sedb.nfdy.net|vvv14.com|qu0b.k3y3.net|santhu.co.in|letztlich.puk.ro|achtem.wop.ro|mmfg.k3y3.net|lai222.com|sprp.nfdy.net|untao.taobao.com|effectballen.puk.ro|nyelvhatar.hu|unmixedn.puk.ro|xinhaimining.com|www.qg-knives.com|dentelli.wop.ro|lxhome.com.cn|imwsr.com|5ksf.k3y3.net|www.dsb.gd.gov.cn|572f.k3y3.net|armor-making.meetup.com|www.552dd.com|www.ythuiyuan.com|maakbaar.wop.ro|basenji-maro.blog.so-net.ne.jp|www.jhy0531.com|bdgf.k3y3.net|cherry365e.jumpingcrab.com|7n41.56dvd.net|www.soojar.com|detail.china.alibaba.com|www.aw06.com|llfs.k3y3.net|www.buybaobao.cn
1023.co.za
www.3unijob.com
guihuaxiang.com
www.wudi.net
baichengshi.m69.info
www.bolongdianzi.com
utilitarisme.puk.ro
douglasallen.co.uk
coastal.edu
cherrytree.at
temerariousness.puk.ro
xdexcylly.typepad.com
v2j.net
dragueuses.wop.ro
3xx.biz
www.jiningjiajiao.com
fmu.ir
heuveliger.puk.ro
e.sggw.pl
www.yibaibei.net
dy.fanli31.com
www.hnxp1999.cn
ag3.royal1688.com
filmicafe.com
muslimmillionaire.com
eatingforenergyreviews.info
job.veryeast.cn
adi.jo
www.jxlyzc.com
350721.fjsnw.cn
maaczek.pinger.pl
qvoddd.org
wap.jkmrp.com
capecoralblogger.com
tuhipoteca.com.ar