gensuikin.org
www.lyhjob.com
www.ms99888.com
easydew.co.kr
www.se978.com
v9pk.qiwen5.com
www.usgenweb-search.us
www.bihuify.net
www.shiernvzi.com
popfun.co.uk
www.ssc60.com
ameromedia.com
ylc.net.cn
openaprs.net
thobareisen.de
www.91bobo.info
uni-wuerzburg.de
www.gzsouth.cn
www.niwaw.com
www.nenggao.com
hrb.kuche.com|www.cool-movie.co.cc|tinasc.com|jf.le5588.com|www.zqp168.cn|114.org|walkinginengland.org|www.bjbihua.com|www.szitwh.com|www.nuozhixin.com|lapianyi.sinaapp.com|www.gupuw.com|hz-cronicas.com|www.qg-knives.com|51tolive.com|loach.net.cn|b2b.in-en.com|www.130ee.com|www.xunweicn.com|gqweb.net|www.cndu.cn|jrpg.jp|www.hsdbg.com|www.fpiao18.com|www.dengjean.cn|a.mobantianxia.cn|www.topimitationwatches.com|www.www.mgscl99.com|www.serun.net|www.njzz.cn|www.sjhfs.com|www.huachengjiaju.com|www.aisangna.net|www.nj.gov.cn|bookcase30.jiuyuewoba.info|compose.com|gbpu.265link.com|omuma.com|iwphoto.ru|6h1122.us|lugojcultural.3x.ro|138dh.net|www.xdibanjia.com|wordpress.com|www.xshpjy.com|wapcfzf.com|linkologia.pl|zp6868.b2b.hc360.com|hgiaksiwnyxo.blogtrue.com|gefortomus.womanblogs.net|www.186hh.com|www.bjmeishunbao.com|sgyz.net|www.ylzuche.com|www.hunu.edu.cn|tsitaty.ru|www.ztseals.com|actresssex.a-maturescam.com|6442.nfdy.net|www.semm11.info|appspot.com|weinheim-web.info|capitoljs.com|bzw.tw|www.sunwaybag.com|cwkgfwlxzq.blogdetik.com|ungerfab.com|365aiao.com|www.4wt.cn|www.fjqsl.com|www.csapa.org|www.nttdata.co.jp|plusblog.pl|juliahanzl.com|balanciez.puk.ro|gameofworld.net|gs24.pl|www.zhongguo315.com|www.gameflve.net|www.dgsc.cc|www.chunyan.org|www.027jpw.com|lieche.tee5.com|www.shszc.com|qaplsxrm.blog.mongenie.com|shdb.org|www.zxint.cn|servador.puk.ro|www.173yh.com|www.tsjsr.com|qa9n.qiwen5.com|www.sc2bn.com|www.qiangzi.cc|mpenziwangu.net|you.xiaoyoyo.com|www.ehaiwan.com|webulog.de|www.hyytsteel.com|thesocialnetwork.org|www.chinaztt.cn|lqqxqeoh.blog.mongenie.com|virtua-footie.com|webgarden.com|adol.nfdy.net|www.qdsyjx.com|www.autosiskolamiskolc.hu|www.jinanyingda.com|xyun.com.cn|mediakosar.hu|news.gpxz.com|www.ap-gangbanwang.com|www.yihuei.com|www.sothink.cn|feiyiban.cn|offeso.wop.ro
hkwj.us
automobile-catalog.com
www.incontrol.com.cn
xyn.me
widgetlike.com
zirve.edu.tr
lamthenao.info
dempning.wop.ro
jeffsutherland.com
pwbr.k3y3.net
cotebebe.fr
lextimes.fr
www.nelkabloxerka.blox.pl
petlittle.com
www.klmyfy.com
www.ahztzx.net
3gqq.hsqzone.cn
zoink.it
www.jiyimm.com
www.zjfs.net
ziol.nfdy.net
www.csll.ro
phimcapba.info
tafelkleed-bumba.istats.nl
niveaux.puk.ro
ogled.wop.ro
gw.875.cn
fezzan.puk.ro
rancnc.org
www.slzc.cn
famma.org
www.suzukikupa.hu
ym300.com
arabcartoon.net
sakhalin.info
siteglimpse.com
www.nn-huazhijie.com
www.asmeibai.com
modifiedcarclub.me.uk
fabasoft.com
kriz.nfdy.net
www.paukool.com
adityaschool.com
rainmakerlawyer.com
pakfashion.info
zoonomic.puk.ro
animalfarmnyc.com
www.gzhsn.com
spoedcursussen.puk.ro
www.sdgyz.com
current.com
www.gamejoy.com.tw
www.lelv001.com
tribestan.biz
cc310.com
ipworkshop.ro
egocentr.wop.ro
fuckin.puk.ro
fcbrusselsforum.be
www.gaochao22.com
burrum.wop.ro
www.canalmataro.com
hizkiareload.com
bowerlik.puk.ro
socialbookmarkinglist.info
www.taijiaoyiqi.com
www.ipadtv9.com
vihilu.com
rtlp.org
www.yilidayeya.com
www.smv.se
chaoll.com
www.scu.edu.au
zoupingxue.fyfz.cn
la-cerchia.it
uzvuvsdn.mixxt.eu
xhbbs.njit.edu.cn
www.cardsteam.com
suuyou.wop.ro
univ-blida.dz
www.tobacco-hangzhou.com
outgard.net
6h4s.qiwen5.com
liuxue.gaofen.com
www.333za.com
www.sqhrwl.com
killnailfungus.info
www.88msa.com
www.xinshiyy.com
shimoisa.puk.ro
google.com.co
jakkert.wop.ro
www.ebi.ac.uk
lsaclookup.lsac.org
stroy-technics.ru
www.ywtcn.com
www.yyy78.com
turbotax.ca
www.dggurki.com
wapbf.cc
sealonline.com.cn
fc-virginja.de
4325.net
www.sohu668.com
fc-koerle69.de
speedysledder.com
staafvor.wop.ro
nashville.com
instootten.puk.ro
www.pubmed.cn
pbzcard.biz
winsder.de
342559255.alibole.com
www.wurft.nl
www.huanbohaiwl.com
www.cncnyedu.cn
gamond.digart.pl
worldometers.info
mathon.fr
benden.puk.ro
domstolen.puk.ro
zombietshirts.pl
forinternet.info
www.2oh2.4f9.org
aadl.com.dz
leket.wop.ro
net84.net
www.ppp70.com
newchen.net
nashirnet.net
www.chenjun168.cn
zakmuis.puk.ro
sacmemorial.org
katibunk.wop.ro
hippferris.posterous.com
new.r.gd
scotiabank.com.pe
vektige.puk.ro
www.szjyyq.net
www.91ttkan.com
varsity845.com
sunomusic.com
tappi.org
p.org
ventdesdunes.com
qualitywallpapers.eu
skindinavia.com
ccgp.gov.cn
www.oudeomaseks.nl
www.snwh.gov.cn
cs-skillzone.cba.pl
realidi.freeblog.hu
athleblog.com
www.misegu.com
ukparachuting.co.uk
themisstisdale.net
schickte.puk.ro
osvarke.info
www.sangnawu.com
generazionevincente.it
schwarzenstein.com
techcommunity.gr
www.readxiaoshuo.com
jwkd.nfdy.net
tj.gov.cn
mediashop.lt
xq57.cn.vc
www.399988.com
www.1065sms.com
sbarriam.wop.ro
www.sorosy.com
jiriurban.cz
www.motivp.sk
vital.pl
mostviralmedia.com
www.xenke.com
realitymorava.cz
thenewsbox.info
gmlat.com
panurlcore.com
www.xxx0123.com
xlfbljho.lefora.com
lamer.wop.ro
mikro.rs
zooattack.com
rexall.ca
www.yiku.ws
www.hqrdw.com
gazzettadasti.it
fkzz.265link.com
parcbagatelle.com
eggrolls.wop.ro
club-first.jp
sidthemanager.co.uk
tylergarns.com
patarak.blog.sme.sk
shouji.kuwo.cn
www.hw19.com
cmdd.de
fairarticles.info
pvvvv.com
salzgitter.de
www.haoxiao8.com
poeper.wop.ro
www.waya.net.cn
pinka.pl
parttime.com.tw
www.9999zz.com
freeusasocial.info
www.belmer.nl
asiansteenfree.com
catur.web.id
zhuzhouqq.qiannan.org
strengthgroup.info
scheme.wop.ro
www.96356.in
www.eyko.hu
service.mypm.net
www.robe-dress.com
www.shanghaikp.com
colocation.fr
cluckuchicken.com
zvyg.k3y3.net
rawtournaments.com
officelist.com
endurome.com
kzplay.fr
www.janor.se
sinemaizle.org
extraordinary.pinger.pl
3315.taobao.com
cityprotocol.org
www.gyhc123.com
spabellatampa.com
emuleday.com
dsdweb.co.uk
greatarticleresignation.info
recommendedstuff.com
sherlockclient.info
severouralsk.info
furk.qiwen5.com
rap-wallpapers.com
moolamails.info
851101he.fyfz.cn
lzca.nfdy.net
hpod.org
trailerparkboys411.com
saida.wop.ro
kidsbikeshop.org
jatekbolt.lap.hu
aota.net
w100.wrzuta.pl
hbuster.com.br
www.goldendoc.org
www.cyqhd.com
mhren.com
ivanmadrazo.com
jimitunnell.com
macswomenonline.com
lidiy.com
goodline.info
maximumpop.co.uk
pridajclanok.info
www.cps8.org
liveactionnews.org
smileycat.com
schantz.wop.ro
wirt7.ru
kenreimer.com
gamblingnet.info
www.453529883.com
sachhay.org
dleshka.org
www.12315.cn.cn
bbs.rxjhbb.net
news.liao1.com
www.cqu.edu.cn
www.ivarcs.cz
admitedl.puk.ro
hades.wop.ro
stamrecht-info.nl
kinofestivalis.lt
thaisex.ca
mil.gov.ua
6psp.cn
miejscezabaw.pl
www.vipyishu.com
slide.edu.sina.com.cn
nm-aist.ac.tz
tapety.ekologia.pl
kelmetnamag.com
seks-onlain.com
kampen.sp.nl
gmxq.nfdy.net
www.pa.msu.edu
chubbyblonde.net
sc32.net
www.chanpinkuaijian.com
idiota.wop.ro
flashes.eu
retombera.wop.ro
zhenjiang.bgo.cn
hktv.cc
www.sjszt.com
ossala.salon24.pl
www.5aktv.com
newgamess.com
pansitenederland.nl
desingfolio.blogspot.com
www.pzhls.com
www.jznj.com
www.gdzmnqy.com
bdfugue.com
lz.meituan.com
seoulforeign.org
www.4933.cn
goingglobaleastmeetswest.blogspot.com
588nba.com
thursday-afternoon.com
fengshui-taiwan.com
www.moshuqiqiu.com
www.dola.me
www.5star-mall.net
iauctb.ac.ir
dl7awh.de
mmzielonagora.pl
culinarya.ru
tttccc.net
dvdrip-french.com
ripleys.com
flipip.info
p6free.com
marusan-sec.co.jp
showsiteinfo.net
gamers.org.ua
panggungopera.blogspot.com
zimahost.com
keihards.wop.ro
www.bojin8888.com
healthyweightlossrecipes.org
warszawa.studentnews.pl
mochilasescolares.org
www.ricric.org
jzlf.foodmate.net
clickersjoint.info
indykinaparze.pl
cxjyxx.me
vesele-veci.sk
dejy.9998.tv
office.soufun.com
youarejoke.pinger.pl
gvgo.co
showno1.com
qiys.265link.com
rightscripts.com
foreverbeauty.biz
asandownload.ir
toxicoid.wop.ro
annuaire-facile.net
mobile4less.co.il
kaseguzo.info
magasins.bouyguestelecom.fr
www.njkaixin.com
www.cndo.org
camchat.org
pocketlife.ch
bts-bmw.pl
c-n-c.cz
symulatory.co.pl
as.c.yxgz.cn
bac.org.uk
tugging.puk.ro
threestoogesdvd.info
www.zs93.gov.cn
no-ip.org
elbase.ru
pant.su
oudallee.nl
www.waspar.pl
zut.edu.pl
pinoybrokers.com
hd.jxwmw.cn
www.174j.com
psgvgzcdex.freeblog.hu
corsincitta.it
daejonilbo.com
news.swu.edu.cn
mof.gov.qa
www.mnd.cz
www.jhyzxsh.com
temusholdings.com
qudev.me
www.6cse.com
www.22270.com
www.999wan.com
acbhcs.org
kennenzulernen.wwwwww.wop.ro
wacko.digart.pl
1rediq.ru
links2.me
ijfe.nfdy.net
jeffreyhorn.com
www.z4f.net
randzonen.puk.ro
oodweynenews.com
www.tiao.jiuse333.com
fshg.cn
batampos.co.id
webatou.info
www.linkidea.cn
pmkl.nfdy.net
mentalfocus.hu
www.yourmindyourbody.org
sitedesmarques.com
www.rrqab.com
enplus.co.jp
kerber.fecsegj.hu
centelia.net
openseamap.org
njfishing.com
xeko.vn
lucoo.digart.pl
8685.nfdy.net
bellhops.wop.ro
www.bskv.cz
www.114fa.com
www.xxx133.com
pond-spacenight.de
vicone.digart.pl
self-titledmag.com
www.landuninfo.com
khda.gov.ae
drumcorpswiki.com
nambo.wop.ro
avai.com.br
ukcutter.co.uk
highschoolsports.net
nnuc.56dvd.net
dhosting.pl
rupornophoto.com
adpietalambda.com
www.mrp88.cn
zwaardvechters.puk.ro
freeclippo.info
www.hary.pl
www.hh.cn
c-rewards.com
x6.xx747.com
www.pvbuy.cn
yozawa.info
hypopodi.wop.ro
www.169ba.com
fashion.lnd.com.cn
8810.com
www.sz-jyy.com
www.hnmrzxw.com
xiaoba.net
www.6zhaosf.com
xtxpasnh.freeblog.hu
zsy.ca
designag.ru
port.wen.la
drugdatabase.biz
www.zelex.de
www.gogo.mn
altoclick.es
www.dmu.ac.uk
special.fad3.net
bazarinzercia.sk
dell.it
www.dong456.com
naur.wop.ro
iwebnet.org
www.tts10086.com
news.wxzsw.com
www.xncoal.com
professortwist.co.uk
www.taobian.net
zurb.net
interlinks.info
xwpx.com
www.shffcl.gov.cn
www.qqout.com
ceedclub.ru
humor.li
www.xhskin.com.tw
myedhardyshop.com
www.aaatrezory.cz
www.sxtxj.cn
gruabarock.de
www.cchrint.org
www.chunse8.com
faber-schilders.nl
jovo.210000.org
www.fensehui.net
sosing.com
mambasana.ru
mipaja.es
ecohai.co.jp
lifestyle-forum.net
osutivremeni.ru
lepropane.com
davincisurgery.com
www.yangmeionline.com
www-kurs.de
www.extreemincest.neuk-sex.nl
murza.wop.ro
verqualmte.puk.ro
j3sk.265link.com
sky-tree.me
watchonlinelost.blogspot.com
4zai.net
227.hk
www.esp1.no
www.kuaizip.com
ollo.cz
otwthemes.com
team-fps.de
dersofis.com
www.lxms.icoc.cc
umpqua.wop.ro
fabrizio-branca.de
2io.feranmr.osa.pl
www.yxsco.cn
estribador.puk.ro
phplondon.org
www.zjts.net
www.alive-net.net
bravejournal.com
zytsyx.tmall.com
www.kblm.cn
dqxdh.com
www.zs5999.com
rss-feeds-submission.com
atozbookmarks.com
articleband.com
www.neukenmetdochter.nl
zishu.cn
excortication.puk.ro
www.tztxkj.cn
pijanitvor.com
bbzzdd.com
www.ncupyh.cn
suffixment.puk.ro
makeyourownbeats.us
breechcl.puk.ro
kimseelingsmith.com
trenace.com
decorlicious.com
quepandulces.com.ar
www.zhuib.com
stratus.puk.ro
stbotanica.co.uk
zhejiang.qyi168.com
news.yuanyi.biz
www.5vn.info
greenerideal.com
turante.digart.pl
web-tan.forum.impressrd.jp
demographia.ru
www.jmhc56.com
otkur.cn
www.dyfcw.com
silahoyunlari.org
uom.ac.mu
fertighaus.de
accountbookmarking.info
seminegro.puk.ro
stomachfully.wop.ro
www.zgso.so