trocader.wop.ro
generationhireandsale.co.uk
fotki.by
www.livewebcams-livesex.nl
hosting-prestashop.es
planasia.com
komar.org
herni.cz
www.gongnuw.com
foxradioeuropa.eu
sokken-simpsons.istats.nl
feetup.org
borussia.de
bimot.co.il
lyradelight.blog.shinobi.jp
www.jsrc5.com
pksbeltim.org
www.pfzyc.com
madagascargames.org
boonthavorn.com
www.lagune.nl
www.shankejingling.com
ppfwd.prv.pl
a2.cn
invitationsbydawn.com
chemnet.com
miindfuuck.flog.pl
szsolar.org
akoni.info
sojasun.pl
avmakten.wop.ro
bazagmin.pl
cg59.fr
www.natibaby.eu
www.klafs.de
kddcup2012.org
thelocal.fr
jwest.pl
zhidao.huarenblog.com
fotoshumor.com
dv.pconline.com.cn
valemaisapena.com.br
qwagwa.wop.ro
www.niuruba.com
www.fc3d.net
groparu.ro
goztepe.org.tr
ck.ckdvd.com
clicktube.me
uutxt.com
licef.ca
godowntownraleigh.com
www.monclerstore-uk.com
390999.com
9223.com
taobaomai.ok8.so
primework.info
www.dfjc.net
bvmw.de
hotmial.com
godganse.puk.ro
815gz.net
safemart.com
thehomebasedpro.info
guidingforces.org
www.jiemengdaquan.org
runben.taobao.com
likemyface.fr
travestiguide.com
die-titanen.com
www.zhaoke.name
videochatbarato.com
w3d2.nl
mini-itx.com
mzh2615.fyfz.cn
www.neta.pl
trimtex.ee
ybrantmarketing.com
www.ceevip.com
onlytrustedptcs.info
isctravel.com
www.ezcall123.net
levada.ru
www.honglaba.com
svensklinje.se
taska.eu
delor.pl
www.xpq61632.casedu.org.cn
blog.calta.info
farlandsorbust.com
ffa.x0.to
olay.ru
molefonkne.wop.ro
celaru.ro
text-automat.de
www.profilkurserna.se
fusedblog.com
6kkkkk.com
red.aiao.cn
besserlaengerleben.at
monastiriaka.gr
mediacorp.sg
www.88ii.info
visitnj.org
otvetityt.ru
www.cibse.org
kamat.com
www.all.ro
weixiaotuan.com
www.ly.gov.cn
www.tatlik.net
gamekapocs.hu
ilsa.nfdy.net
ws.yb.gov.cn
domin5.net
febea.wop.ro
community.luf.cc
79dni.pl
excroissances.puk.ro
groeneweide.info
nicestat.com
baylakecommunications.com
www.juntucs.com
purelife.pl
shop71986967.taobao.com
aoc.gov
ruchalabym.pl
tv2010.net
www.255nn.com
akpar140.33591.com
www.21hros.com
www.98zzz.info
www.nrfwz.com
www.typjdb.com
shell.ca
www.warszawa.dodaj.strone.pl
bm.4444tk.com
bauernschubert.de
formichi.puk.ro
bizzy.wop.ro
uscglobal.com
blogam.info
sexus.cz
www.it24.se
www.meiguoshicila.in
www.yiming888.com
55255.net
tf2in.ru
kimob.de
wanlego.com
tanpakur.puk.ro
kannadalyrics.info
www.newstartmba.com
postamerkezi.com
whatdoesthismeanseries.info
www.198600.com
worldtopdesigners.com
xe.ee
usa-traffic-signs.com
www.label77.com
gemini5designs.com
jeuxonlinegratuits.net
www.ssl.be
vincentjordan.com
e-materace.pl
haizyu.wop.ro
popupmailers.co.uk
aanstamping.puk.ro
webrandi.hu
auctionnationonline.net
qjtw.210000.org
blackseek.info
hallofsports.info
rndnext.blogspot.com
www.tool7001.com
remino.net
travelandvacations.org
cascaraamarga.es
acwl.nfdy.net
www.topdj.pl
maryke.co.za
clcache.info
massagemanual.com.ua
sekelski.wop.ro
www.fougu.com
biible.info
www.yueshou.net
perekop.info
jcqceesee.blogdetik.com
marcosalzotto.com
www.cqycw.com.cn
stopverzen.wop.ro
uschovna.cz
intensity-radio.fr
3559.gosoo.cn
linkscr.info
mobinfo.pl
www.rumid.dk
logd.k3y3.net
megatrade.co.jp
frazesy.pl
webanalytic.co
cxjyxx.me
seo2b.de
hope.edu
uploadstore.net
mobile4less.co.il
36kf.wq029.com
mturkishdelight.blogspot.com
01mistresslady.a-liveprivates.com
www.mger2020.ru
unitel.ao
sunlounge.hyves.nl
moshells.com
mdlboys.info
barretlee.com
equalizer.wop.ro
culsexex.info
unscathe.puk.ro
itchmo.com
y7.net
newphplinks.com
cntr.lt
vifilfell.is
discret-sexshop.com
cablematic.es
office.soufun.com
demetrisloizou.com
goodlocal.ru
nk-piar.hu
chinovalleyenews.com
jsp-system.com
www.gypm.net
spaltend.wop.ro
www.cpnqt.com.vn
dvd.jiuse.us
gdzy.guet.edu.cn
czj.dl.gov.cn
neowing.co.jp
www.961314.com
forthemommas.com
neyo.prv.pl
paratudomany.extra.hu
www.htc.com
www.3done.cn
guihuaxiang.com
www.235se.com
nyizige.freeblog.hu
constancezahn.com
360-panoramabilder.de
www.eukc.org
pond-spacenight.de
stallehr.vol.at
parara.com
93mx.nfdy.net
bookmarkalerts.info
loffciana.pinger.pl
iphoneos.co.kr
blooming.com.my
nesiot.wop.ro
salitpa.wop.ro
www.gmgz.cn
www.9anla.com
instytutksiazki.pl
ylfwzzel.blog.mongenie.com|idranktheseawater.webs.com|icamtech.net|www.toboai.com|baratonta.com|www.baiyuezu.com|miyv.nfdy.net|flaircafe.co.za|lenrwiki.eu|www.rams.jp|jehv.nfdy.net|eaak.tk|www.babaw.com|phation.deviantart.com|wwcikvizm.freeblog.hu|wskijphjdl.skynetblogs.be|www.lanud-adisutjipto.mil.id|6h1122.us|ayyh.nfdy.net|xhmn.nfdy.net|admin5.asia|www.lmmw365.net|www.gupuw.com|adminunion.com|yusa.puk.ro|ljlhyh2006.fyfz.cn|www.njzmjx.com|gdzddq.co.sonhoo.com|urag.nfdy.net|bbs.chengdu.cn|rpbb.nfdy.net|www.cnic.cn|www.design521.com|rangri.wop.ro|onwist.wop.ro|lh.19188.cn|www.wlqq2012.com|china.soqi.cn|offshore24.hu|chidian.esaygo.com.tw|3gso.cc|1flirtycockcum.a-livesexasian.com|eyyu.nfdy.net|www.16lou.com|htm.cn|yz21.net|www.3tqq.cn|www.best-hunters.com|freesocial.org|9taileddemonfoxclub.deviantart.com|gruks.org|www.9668.net|dibao.org|oroka.wop.ro|baidu-zx.com|jbpfbnbzj.blog.mongenie.com|www.okbuy.com|desktopelevator.com|demetervin.hu|busuk.org|www.solarpvsources.cn|www.jiemengdaquan.org|bloggermouths.com|kf.zhixinn.com|ftoq.nfdy.net|www.pal-system.co.jp|rjcaedgetx.blog.mongenie.com|himin.gz.cn|www.ralphlaurenitalias.org|fpry.nfdy.net|www.fyjzgs.com|www.ganyingshuilongtou.com|collectnike.com|jiancai9.com|e379.net|net-langues.com|www.bjdihour.com.cn|haokafei.cn|maam.nfdy.net|alicehot4u.a-liveprivates.com|m.365jia.cn|udgang.wop.ro|pengxiyuan.diandian.com|www.07qccg.com|www.hzlhmm.com|www.tw-zfw.co.cc|www.114333.com|691.chlorovwc.orge.pl|www.1011jz.cn|www.xshpjy.com|yscv.nfdy.net|gamespace24.net|znvu.nfdy.net|xfhn.nfdy.net|gybu.nfdy.net|bjjq.78.cn|xda-developers.com|www.ham.hu|stjnofehom.blog.mongenie.com|kwwg.nfdy.net|www.shuo5200.com|apfelpage.de|lwalu.wop.ro|sgrani.wop.ro|braggingit.com|xcrcw.78.cn|www.shszc.com|htrp.nfdy.net|edu24ol.com|www.ahfzjy.com|www.m3.com|ruezno.wop.ro|1whv.nfdy.net|teabrewfilter.com|hxkr.nfdy.net|cchh.nfdy.net|afiw.nfdy.net|advo.nfdy.net|www.sosgu.com|www.kk193.com|www.promarket.ru|wjrd.nfdy.net|szm.hu|zcainfo.miitbeian.gov.cn|www.nxjob.cn|sivase.freeforums.org|www.qq03.net|52zipper.ywkj.tk|xf114la.com|qmml.nfdy.net|dyda81.deviantart.com|99ady.info|hbgd.net|www.12520.cc|soreve.xtgem.com|www.yct8.info|jrja.nfdy.net|rutcentral.com|winfoptc.co.cc|matr3o.ro|fikvhrja.blog.mongenie.com|gaedewcno.bloguez.com|aladd.net|eeds.focus.cn
elva.tv
zyly114.com
www.hmzsc.net|rata.wop.ro|www.ulsj.com|kitakanto-carsensor.net|xda-developers.com|baidu-zx.com|pubu.nfdy.net|liefersc.puk.ro|jyxx.fyfz.cn|www.tsyouxi.cn|www.xiyan.org|www.mycargps.cn|taikongczppbc.1168.tv|tfwfjdaxzv.freeblog.hu|veuw.k3y3.net|nanrenwa.com|detail.china.alibaba.com|oxgood.com|www.csganxi.wanye68.com|www.heihei167.com|0x9q.k3y3.net|www.xxxwebcambabes.nl|www.60ask.com|lsx110.cn|www.thebelstaffstore.co.uk|www.jrn6u.com|paratus.in|www.qg-knives.com|www.fjjkyy.com|wmti.nfdy.net|www.quanbs.com|xinhaimining.com|xfx.com.cn|mamerui.wop.ro|dinmoney.deviantart.com|www.mh9527.com|restoredinc.com|www.lls4444.com|zcainfo.miitbeian.gov.cn|jbpfbnbzj.blog.mongenie.com|deelt.wop.ro|www.flash8.net|cyclomoteur.puk.ro|bszx.jxszchina.com|nk577.com|gevlocht.wop.ro|www.syseo.org|ciastkaladolcevita.pinger.pl|sa43.nfdy.net|1wvy.nfdy.net|psgm.265link.com|plisseme.puk.ro|www.hnfms.com.cn|gz2011.ef43.com.cn|bikom.wop.ro|plg.uwaterloo.ca|pibm.nfdy.net|www.07qccg.com|riposavate.wop.ro|www.dnbinger.nl|guanina.puk.ro|www.heilianmi.com|linksubmitdirectory.org|www.e-ghdhairstraighteners.com|dujiala.com|home.qdn.cn|sellbeautyproductsonlinefws.wordpress.com|www.mg150.com|otbn.k3y3.net|www.dy234.net|duopixel.ca|jvsr.nfdy.net|www.tungtai.com.cn|bbs.freegames.com.cn|abstrus.wop.ro|www.aquadonna.nl|1p06.56dvd.net|www.fs0810.com|www.chinatoys.cn|landingvip.b2b.hc360.com|aljw.k3y3.net|nuestrogiron.com|www.sou9y.com|www.fsbit.edu.cn|ntfi.56dvd.net|arttsuchizawa.com|sinkizi.puk.ro|www.zhoucheng5.com|yewrkzpj.blog.mongenie.com|www.lzwin.com|zgnb.210000.org|sjs.to8to.com|turbotrains.puk.ro|glycyrrh.puk.ro|0fv4.k3y3.net|eyesocket.blog.hr|fhta.k3y3.net|www.9yin-woiniu.com|kaart-lochuizen.istats.nl|www.yeyashengjiangpingtai.com|icar.by|www.q520.cc|amigos1.com|www.dianzidibang168.com|www.uccshop.net|nanpinghanting.fdchs.cn|www.oudlondon.nl|www.umgwu.com|www.szwscc.com|eiri789.deviantart.com|kzoufdfkol.hexat.com|moreb.wap.ai|www.guilin.gov.cn|1apv.k3y3.net|www.gpxz.com|yxj.cc|13022015959.pur5.com|www.lmmw365.net|fashion.joy.cn|longtail.com|www.diatechsistemas.com.br|guntersv.wop.ro|www.wlui.cn|www.yiyuangu.com|www.soojar.com|rtlklub.hu|bestiary.ca|succesvolle.wop.ro|www.hxwg8888.com|minoshi90036.wrzuta.pl|miiwxmky.blogage.de
zcw1.k3y3.net
openaprs.net
www.52rd.com
apeocorp.com
magija.org
magena13.pinger.pl
weble.org
ombouw-wii.nl
divorcelawyerswinnipeg.com
9imai.com
campus.eol.cn
lmunet.edu
fritz-berger.de
tblc.org
praamden.wop.ro
delovestory.com
myperfectlinkbuildingfirms.info
atriumhosting.com
xbwe.k3y3.net
ikky.wop.ro
www.qdxiaoshuo.com
pecs.kerak.hu
dysgeoge.wop.ro
constructionstyles.net
nandamurifans.com
percy.ru
teaze.wop.ro
deutscher-index.info
carreiradeti.com.br
ukcampsitefinder.co.uk
massxxx.info
maimaizxcvbnm.net114.com
ruosoft.com
0925.tw
hbiebonline.com
onlineclarity.co.uk
imagechan.com
seriale.beta.v3.tvp.pl
www.canwatch.org
pat-tillman-jersey-white.addbu.com
luckart.pl
occosplaygroup.deviantart.com
myirena.com
rawfoodcoach.com
aseba31.digart.pl
hsport.ps
xfmy.org
sitecube.pl
www.honghua.net
tepare.wop.ro
garyu.it
wap.hiao.com
piedpumkin.com
warez.top-100.pl
afranselden.puk.ro
vilapinguin.com
filena.puk.ro
alice-wiki.de
km-w.net
1968.lap.hu
productcampstlouis.org
hongyuncx.9998.tv
bbs.clzg.cn
jasritiautomation.com
o.wxyingxiao.com
tramadolakgkm.blog.fc2.com
rediscoveringdomesticity.com
zbkkempo.blog.xfree.hu
hiphopjoes.com
marshaglaziere.com
holzprofi-schweiz.ch
solintermedia.com
guangdiu.com
fellowci.puk.ro
abdus.se
www.alitxt.com
datamapper.org
yn0870.com
www.robedecocktails.com
kransje.wop.ro
maxina.cn
osyaku.puk.ro
lotusart.de
happy-sex.at
powerdieselgenerators.com
ru.ac.za
beararmsbrevard.com
www.osrn.nl
matsukiya-shop.net
rxjhcdcxjdise.com
www.blimp.nl
www.fanlizhongguo.com
konyvjelzo.info
kpfa.org
votesocial.info
zt.3456.tv
9yin-wonlu.co.cc
lineage2.es
tenchi.puk.ro
trekkerslep.com
thefreeagencybalt.com
s.eduu.com
toolsxl.nl
womack.wop.ro
www.wwwlrc.com
e-monki.pl
socialbookmarkingdeal.info
globalriskjobs.com
maringo.pl
www.gogojf.com
recoifferaient.attainture.loquet.wwwwww.wop.ro
dpmmo.wan.360.cn
756321.taobao.com
stilizer.ro
rrqj.210000.org
3zitie.cn
mobbydeal.com
www.ipokoj.pl
www.ficetea.com
igen6.com
enchtex.info
www.ethernetworld.com.cn
nokia-allworld.ucoz.ru
one-viewnewz.info
www.52wx.net
mahindradeals.co.za
deknwu.hyves.nl
dd.com.do
facadeglobal.com
tomgeller.com
newhorizon.org
kave.tk
gladless.wop.ro
ssrc.cc
sex-toplist.de
www.fyltv.tk
probiu.ro
kruszeniegruzu.info.pl
www.77titi.com
scacchi.ch
stupidhumans.org
flatorb.com
driverdownload.at
skydak.be
www.zjfs.net
www.bbr.cas.cn
welove.hu
tel-web.it
x77x77.com
www.hscwlgs.com
w3spy.org
ticketzone.com
www.43pic.com
rodekors.no
designdecollection.fr
gdeposylka.ru
knpc.com
winscrabble.com
www.44ddd.in
trovix.com
bluedream-photogallery.de
clbmedia.com.vn
postnomi.puk.ro
ktokogo.pl
tupytaj.pl
yunchengshi.kc7.info
1qvi.210000.org
athomewithstylewichita.com
keraj.net
cuello.wop.ro
linkswheel.info
lankatv.info
trueandreasonable.com
talkingnewspaper.org
www.olx.com.sv
smiech.com
emaildiscussions.com
nintendoenthusiast.com
bmtorrents.net
w3b.it
vegas68.nl
www.carsv.cn
www.3ms.it
realtek.cz
vhaa.210000.org
hsbc.co.mu
ootukati.puk.ro
vinahost.vn
www.789xy.com
sorcerers.net
gorodfinansov.ru
cartoon.chinadaily.com.cn
unilyzer.com
cwkgfwlxzq.blogdetik.com
shiny.flog.pl
kulturdirekt.nu
pcrx.com
aguapasion.es
worldlargestsafelist.com
lvdv.nfdy.net
www.wzads.com.cn
tramontinadesigncollection.com
white-tiger-tkd.com
lady.56.com
mafiarecords.cz
ifif.ir
www.60kv.com
www.goldenest.com.cn
gekleumden.puk.ro
all-natural-dog-foods.com
sieuthimuachung.com
pomme.puk.ro
digitalspinner.com
boatsforsale.co
cepingshow.com
homepay.pl
www.gzcs11.com
rmi-finance.cz
ediva.info
www.logoing.net
mblog.biz
nick.com.pl
www.wy80.com
durandar.puk.ro
www4.3khw.com
cddx.bokee.net
www.91gudebao.com
fuwo.com
gryczko.pl
pass.pl
likebuy.com
pauke.wop.ro
rzezbie.prv.pl
51hsz.cn
lbhf.gov.uk
webhely.net
cw12.com
hx-car.com
affordablehealthcare-1.info
v.bjradio.com.cn
izakopane.eu
bennett.gi
gengu.org
w792.wrzuta.pl
www.szxbyq.com
88uu.info
entkommend.puk.ro
ladaonline.ru
www.amada.com
doorstiet.wop.ro
taeshino.wop.ro
hercity.com
zhoukouchengshibianjie.fdchs.cn
topnews.com.sg
cysjw.78.cn
labkultur.tv
loro.ch
josecarilloforum.com
toekanss.hyves.nl
marketingwithjt.com
allvirtual.com.br
articlehere.com
fotokasten.de
mail.1j.pl
www.ensjel.blogg.no
www.hzscp.com
sadreminders.com
psctelecom.com.vn
seiken.vn
www.dunhua.biz
xizanghongy.1168.tv
sgjgh.78.cn
ijye.210000.org
hh.yaowan.com
pgc-play.pl
sunivo.com
saaj.210000.org
inoprosport.ru
www.78554.com
diypig.com
bodog.net
sketchpad.net
footballkitcheap.com
pcpoints.ca
www.filtre-auto.eu
gygs.fjsy.net
osszeeskuves-elmelet.lap.hu
vanderbilt.edu
2011.focus.cn
bbs.425500.cn
krishaweb.info
porntechnique.com
baycrazy.com
blogdetecnologia.com
picserver.info
swc6.265link.com
ohko.210000.org
www.water120.com
www.yingwuyu.org
xn--czrt1eh2kxlgjwao51s.net
wapzcw.net
gyerek.lap.hu
new-columbia-jackets.fbnewsby.com
xiaotianxin.info
videogameszone.de
ventus.ru
www.seyiyi.com
malawang.com
mulberryhandbags-uk.com
ltd-cars.com
www.hs948.com
www.453529883.com
www.dfc8.com
optilase.com
goodfigh.puk.ro
fujigakuin.jp
www.fzjj.net
fsmlabs.com
amandawakeley.com
slsv.org
schinnerer.com
oxmedia.com
minizal.net
artnspire.com
seonovichok.ru
ziyoumen.g.178.com
uploadlibrary.com
myuk.travel
gioogle.com
elbolero.info
interculturaldialog.com
usamag.net
vicove.com
libreoffice.org
www.qsqk.net
www.n4zg.4f9.org
underbev.puk.ro
xcodeitalia.com
666.299wap.com
www.noho.ro
homotoys.de
lmdy.in
raccontati.wop.ro
www.yiyese.net
dig.ua
onlyfloor.pl
malaria40.com
www.yanzihome.com
eb2a.com
fuckcams.com
www.cfg89.com
latinovideoblog.com
festool.co.uk
carseatblog.com
gsmpakistan.com
filmogren.com
sms-price.ru
www.brandhome.cn
sashiko.it
slowbos.com
bondagebeacon.com
www.oaits.com
noendpress.com
jnjmed.co.kr
confirmiez.puk.ro
ricettevegan.it
cs.008.net
bieszczadzkietabernus.pl