rootdiesomec.com
sf175.net
doctorslounge.com
sitonline.it
pivotcon.com
idecideur.info
skywatcher.ro
bzzpxx.78.cn
x5.josin.cn
www.qimengzj.com
eerlijke.puk.ro
cel.gr
wedxy.com
aeinrst.info
gayscout.com
www.epvn.nl
deesa.puk.ro
navi-facebook.com
www.sddcdq.com
occasbaby.fr
aijada.puk.ro
simone.it
return222.com
weblogs.us
antikenterior.hu
magentowiki.be
telefonica.com.ar
www.syf99.com
gftomlinson.co.uk
yc4006.taobao.com
strapper.wop.ro
neek.ir
refill.it
sf114.net
cooled.pl
toyotarav4.lap.hu
po.st
ombouw-wii.nl
tool.114la.com
slipstreamradio.com
www.67893.com
www.6gmf.com
mianmo51.net
www.yrhq.com
lazada.wop.ro
urlfind.org
waehlend.puk.ro
maddawgjav.net
happyrainumbrella.qiji55.info
spongebob.de
redart.digart.pl
limebooth.com
ridgemontoutdoors.com
www.mmyy1.us
servicesport.it
yyzs.zhuxiane.info
marko0998.33591.cn
he.189.cn
xnxx.osc.pl
33md.com
ahe.name
aug.me
ime.voicecloud.cn
oddech.net.pl
vuur.wop.ro
kibisu.puk.ro
sudantribune.net
www.jiahuafang.com
www.cdxc.org.uk
www.cbcb.umd.edu
cegep-rimouski.qc.ca
tastev.com
arcillademetal.com
26uuu-727.tumblr.com
schantz.wop.ro
jaskolka.digart.pl
giter.pl
muyduwmxxk.blog.mongenie.com
eve-isk.com
www.llolik.com
urlblast.info
selangor.gov.my
www.smmqsw.com
byby.jgnz.cn
ezmatrix.info
lady.56.com
kotopo.info
nded.it
dooktor.pl
myhome.ge
faerbemi.puk.ro
mahj.org
cssflavor.com
www.dgkyjx.com
shippingonline.cn
www.19jiji.com
erandio.info
revfnbykjs.typepad.com
parabeatriz.com
cofiroute.fr
shuckle.p8x.de
www.smileagd.pl
steffi-pichler.at
www.mianfeia.com
kmsnkaipu.blog.bokee.net
tinyurl.com
securesoft.info
threadless.com
confabulate.wop.ro
www.nuexu.com
bringbutler.de
www.aisejie.com
aaberkut42.ucoz.ru
miljonlotteriet.se
jiamaiyi.com
agenciafe.com
paralegal.net
game-wiki3.net
witwa.org.au
xakepok.su
www.c.la
zhick.de
kc.qzwzqh.com
wikicompany.org
www.pjk168.co
www.98zhibo.com
inoltro.wop.ro
planet.apache.org
hcgultradiet.com
www.844mi.com
vtap.info
spirit.hodito.hu
twoj-dzien.eu
webidirectory.com
durhamtownship.com
purrar.wop.ro
fu.jo-ho.jp
latestonweb.info
sugartin.info
gerti.wop.ro
www.syshmd.com
philhancox.co.uk
ngamgaixinh.com
rupa.pl
www.tuvankhoedep.com
blogam.info
wiki.apache.org
www.xrlj.4f9.org
mazovia.pl
ft.e23.cn
freelyporn.com
realwifestories.com
kdc3.k3y3.net
fashioncookie.com.tw
dakotawalleye.com
ilamed.org
invitationsbydawn.com
webstatsdomain.com
sebsauvage.net
resorts360secrets.com
www.3cmoli.com
www.40du.com
bogan.ca
aapbs.org
kulturaktion.de
kamis.pinger.pl
www.cqwgdg.net
magena13.pinger.pl
cx987.cn
www.cheu.cn
peekedinterest.com
pinoybrokers.com
budapest-travel-guide.info
ip.nfl.asia
6.6hha.com
incorona.wop.ro
louisianaconservative.com
maslahat.uz
kredytopedia.pl
woshoulu.com
academyft.com
www.inmes.cn
fecomercio-pb.com.br
www.qingons.com
flipside.me.uk
szovicc.blog.hu
www.432qqq.com
shop45473.tbhui.com
www777ke.dami321.com
se.55szs.com
moatsz.hu
tibicinist.puk.ro
ybtcard.com
serveerster-kostuum-roze.istats.nl
polohatss.sitepedia.jp
pocketrubbish.com
www.029jr.com
ucss.qiwen5.com
bioto.hu
arisa.puk.ro
hometheaterprojector.4vw.info
mates.pl
dmm66.com
xs.sexhuzy.org
www.52cool.com
www.ningmenggf.com
imod.pl
fishjava.com
rockbeer.org
kiporiwoods.com
znanylekarz.pl
jzrb.com
ahorrativo.wop.ro
yl.1039.cn
feedbooks.com
ain.pinger.pl
sekuhara-g.com
www.tpimagecc.co.cc
casefying.puk.ro
series8-b.blogspot.com
stadbewoners.puk.ro
yaoq.net
mobile-master.com
tix4tonight.com
oferia.pl
yorku.ca
infocyt.info
jandstransport.co.uk
www.ibest.tw
uss-victorious.net
www.bianxieniaohu.com
victoriamls.ca
bucko.info
sexwo.info
xiangfan.house.sina.com.cn
lovesuite.wrzuta.pl
www.mccmedia.net
getmorph.org
kaimenzhima.com
modavetrendy.com
www.chenbawuchenju.com
www.jzqy.cn
notebookreview.ro
fsn.mobi
www.sinofortune.mobi
amnesty-aalborg.dk
fleen.com
www.mwed.jp
www.32hn.com
job.cnlz.cc
comete.wop.ro
holzwolke.de
rpme.com.br
jameshughes.info
houseinterior.info
nyflower.58.com.cn
www.29268.net
shlmkfp.com
41xx.com
rocan.ru
2pcw.cn
www.zhuangxiutuan.net
knowledgeisinfectious.org
sqeb.210000.org
www.suzukikupa.hu
instylemode.com
www.gzlvnuo.com
qekx.k3y3.net
bloggerhowtotips.blogspot.in
56tk.net
mynono.com
7755.tk
shop2market.nl
somgospel.com.br
zulla.puk.ro
www.plan-lab.cn
laibaby.info
estevanmercury.ca
krabi.go.th
www.400-0431-908.cn
bobidc.com
kouei.puk.ro
outbustl.wop.ro
theglitterguide.com
www.511aa.com
lionsbromolla.se
apind.gov.in
www.sanjiaojia.cn
sud-de-france.com
www.gzhsn.com
smssmile.it
alma.wop.ro
22papa-723a.diandian.com
ichijoh.co.jp
rasra.uponline.in
sajoma.com
xxxwag.wop.ro
thefreelibrary.info
vannet.cn
extraordinaryprofit.info
sahafi.jo
twojlunchbox.pl
www.99lee.com
daftariklan.net
vegweb.com
www.95ooo.com
www.yidier.net
bridal-souken.net
erinize.wop.ro
ryandaigle.com
muriloq.com
ben-roethlisberger-jersey-for-sale.ppenk.com
halalmedia.my
noteplus.ru
tubeporno.pl
softwareoverzicht.goedbegin.nl
lafzb.home.news.cn
vollhart.de
www.517bocai.com
www.wys.net
www.756321.com
burofriesen.nl
derik.flog.pl
destination-munich.com
itsmeyourdani.se
codeflow.org
www.wohenmang.com
fotomontajes123.com
tec.zmdsti.net
forrss.com
www.lxlsosi.tk
stockbee.biz
loopyapp.com
shangrao.17wgp.cn
mbaconsult.ru
soundspeakers.3ia.info
michellmacaron.jp
lonelyplanetitalia.it
storedbooks.com
dobredomy.pl
quicket.co.za
www.kaakaki.com.ng
www.sexhuzy.com
sz23.net
jungleseeds.co.uk
cancuncenter.com
citynov.ru
fatbacks.puk.ro
bbs.zzjie.com
www.cpa139.com
lungless.puk.ro
psoriasisemedicine.org
insuringindia.com
13qq2.951n.cn
ath.pl
thf.gov.tr
5qt.org
loovse.com
diotima.wop.ro
saii.puk.ro
www.gdminbo.com
www.adtaily.pl
realtysellers.com
nawbo.org
ahcxmy.com
jqnk.nfdy.net
centrumsportu.pl
mbkoebrugge.hyves.nl
wq315.com
gicpic.cn
www.bjlchsz.com
www.axoo.hu
www.emp.hk
udoosh.com
decocre.com
www.00zy.info
xvediox.com
clickintext.net
k4947.co.cc
citytalk.cc
www.bolero.net.pl
www.cctv3-xgdd.com
metadot.net
getpaidtomoney.altervista.org
directorymaster.info
chats.co
renpy.org
2pelotas.com
mihilaradio.com
aboutwebhostings.info
985a.k3y3.net
www.sxcdc.com
hania.wop.ro
newpagerank.com
noorteportaal.ee
kaszuby.pl
cqjkjy.com
afxfs.com
sandstein.serments.stuyvesant.wwwwww.wop.ro
www.lyhjob.com
hkwj.us
tagungshotel.com
statsseo.com
nttls.co.jp
creedero.puk.ro
host-sv.net
yamdas.org
zamou.cz
io.org.br
656565.info
zahlreich.puk.ro
fansub.tv
www.ustar-ultrasonic.com
snap.at
estrippers.com
hangzhou.qeecn.com
www.10mcc.com
estribador.puk.ro
businessplan-profi.org
futbolclubcantabria.blogspot.com
www.edc002.info
citasescorts.com
www.fensehui.net
poyner.wop.ro
smpn7bgr.com
www.52cpa.net
92golf.com
augsburg.de
kamezo.cc
malsains.wop.ro
fregat.info
race-cars.com
y-l.com.cn
free4web.pl
cqc.la
bambinodiapers.com
idpagerank.com
eaton-family.info
deviant-album.deviantart.com
nebula.fi
twentynine.us
theautocruisers.com
faveup.com
1588pk.com
sanandreas-fr.net
clickz.asia
searchforhappiness.pinger.pl
bunny.web.za
dred21.flog.pl
plodopitomnik.com.ua
tourtuan.com
strazwg.pl
otemae.ac.jp
healthtipslive.com
www.cpase.org.cn
feifanblog.com
apaxgroup.com
cndanzaperu.org
linkuk.info
db-db.com
enoughrope.net
twitjersey.com
annuaire1deplus.com
diskfesta.com.br
sherykdesigns-blog.com
eol.yzu.edu.cn
818tv.com
566922.net
klamm-mailer.de
presentationhelpdesk.com
webspell.org
mydatir4.in
saasbook.info
filare.puk.ro
seo-kolkata.blogspot.in
push2check.pl
mclv.nfdy.net
www.gdianzu.com
www.ynford.cn
channelkaa.pinger.pl
meczenazywo.eu
monastiriaka.gr
tel400123.com
www.guanghua666.com
gexiao.e2345.net
www.netowe.pl
mypearl.cc
rekko.com
cdcz.net
bip-e.pl
gzszj.cccpan.com
stron-katalog.net.pl
luntu.wop.ro
lexiu.org
kljb-koeln.de
foresthi.wop.ro
3abber.com
hk6cw.com
www.redigo.pl
teayuan.com
star-quality.de
mamantravaille.fr
sweepsadvantage.com
www.yllady.cn
www.haitao9.com
www.sskke.com
www.tatyn.com
misa.org
2pugglesathome.com
plastikcerrahi.net
mmorpg.org.pl
www.qphone2.com
www.kotarski.co.uk
blogers.ir
tobbe.puk.ro
383968.com
www.aoy-4006.com
smoy.nfdy.net
www.apbxgbw.com
kinobomba.net
hundreddollarcars.com
skoom.de
lipsum.ir
nettresults.com
lzmiss.mm111.net
palgrave-journals.com
gd-kkeye.com
www.tecai6.com.www.hao123.com.www.baidu.com.www.sina.com.qazwsxedcrfvtgbyhnujmikolp.asia
www.ka70.com
dach.de
ghzh.210000.org
chatsex.xxx
buttermouth.com
hb.sifanghua.cn
ghx.net
domingo-savio.edu.pe
www.animalsexdb.nl
artuto.net
www.as6780.com
www.abcwsj.com
wngl.nfdy.net
oproei.wop.ro
awu.polki.pl
uerech.wop.ro
610cktb.com
js.273.cn
www.recyklujteshasici.cz
galerkiwnetrz.pl
diariodecuba.com
www.weiyiqinhang.com
jinkenso.wop.ro
gzip.org
fu.osu.cz
100mega.cz
123123.net
motylek98.pinger.pl
vistawallpaper.org
cnpottery.com
rohlan.cn
vip.wap.ai
bebetura.puk.ro
www.xhlbg.com
www.mimi948.com
ladyvip.pl
polinik.pl
www.520518.com
1club.fm
news.tom.com
offshorepursuits.com
slounik.pl
applehungary.com
www.sfs-cn.com
dancejia.com
vzwforum.com
hansal.cz
stormcn.cn
keihards.wop.ro
ntvsports.jp
www.webx.dk
www.coloring.hu
bli0.qiwen5.com
ld-t.ru
rentakun.net
www.nangen190.com
soonish.puk.ro
emiliaw.blip.pl
exchangemoneyforum.com
0yjl.qiwen5.com
www.iphonies.de
ilma.210000.org
www.baoshaitang.com
altlinux.org
benoitolivo.fr
www.rslqq.com
coster.wop.ro
estafasmlm.com
baiduwangmeng.com
grossiste-homme.com
vorp.blip.pl
tomaszb.flog.pl
www.52leiju.com
www.dyz.cc
www.taobao123.me
pulawy.pl
exp-blog.com
katalogika.pl
josephcaceres.net
buy-gold-online.info
www.dyxzyy.com
coatingsquare.com
www.kuanhua.com.cn
belhunter.org
www.duzhidu.com
divadeluxe69.a-liveprivates.com
www.0374.co
info-rich.jp
unitn.it
spca.org.sg
163mn.com
www.livenation.cz
tanta2day.com
ai18.eekk.org
bxyu.56dvd.net
ulunix.cn
brioso.puk.ro
cc-tinho.gicp.net
chileanski.com
fps.kdm.pl
crews.prv.pl
midea.tw.cn
rrlgou.com
fuhuaqi.net.cn
chicksto.puk.ro
blagovision.org
hipby.com
bookmarkingwasp.info
3dwh.net
bbs.sohuko.com
www.57ge.com
kbta.ky.gov
www.1234wg.com
automaticon.pl
banpou.puk.ro
fogorvosi-ugyelet.hu
plusboard.de
affilinet-inside.com
peimg.fr
beweegkracht.wop.ro
mantikora.pl
bookmarkone.info
moool.net
8614.zhua.biz
es-heillecourt.net
vvx.cc
xrequiemgaming.com
mifitness.com
celutronic.com
pandemic.puk.ro
j-power.blog.so-net.ne.jp
ecoformica.it
www.sexgs.net
trackid.info
cmbl.biz
6178406.5sing.com
humyai29.info
tataindicombroadband.in
www.sosoyy.org
renego.pl
www.ovear.info
tamu.edu
virusinfo.info
feue.wop.ro
www.qqq88.net
www.rensoo.com
ehow.com
njuta.wwwwww.wop.ro
aagamas.net
www.okcccc.com
bambeto.com
keyinfo2u.net
karenp.dk
merida.sk
www.zq95555.com
stateofkerala.in
fightfun.pl
tuningzone.lu
www.zz66.org
bruclass.info
mirabab.fr
cai-led.taobao.com
squirrelmail.org
flaveur.net
www.ha666.com.cn
keke24.com
jvenus-studio.ca
pkejlklag.blogdetik.com
meilleure-mutuelle.info
mama-net.info