moth6.blip.pl
shopbot.co.za
colarte.com
stakelen.wop.ro
ebookoff.info
pourvoie.wop.ro
nikedunks2012.net
9999sr.info
www.sm6s.com
www.xess.4f9.org
fxguild.info
hz.zgzx114.com
wapw.org
crazy-crow.de
44.lt
569q.com
www.77ree.co
noindex-nofollow.info
gazetabankowa.pl
ksto.nfdy.net
anguilles.puk.ro
auto.0916.tv
www.169ba.com
szsweb.com
mikelim.info
10dofollowbookmark.info
xawesaa.webs.com
lessin.puk.ro
www.azleg.gov
talk1.info
yume-maru.jp
diet4all.info
freeartinvest.com
www.ekszerkozpont.hu
bel.ptt.br
www.kucom.net
ciachar.edu.pl
pocketlife.ch
intenso.pl
incesttoons.info
derdomain.de
zx568.cn
linkjobs.info
prwv.info
greatlinklist.info
aq.ipark.cn
mankindpharma.info
rbnzsecure.co.nz
www.3gokushi.jp
homeopathicmedicines.biz
3243.nfdy.net
lamer.wop.ro
www.gdkendo.net
gzsyddqkgc.wenju.biz
controlbit.de
zellfase.wop.ro
www.nizb.com
koyuusei.wop.ro
rcom.co.in
childrenofthesun.org
asii.ro
www.animonda.de
dagussiaa.polki.pl
bagtjuh.zoom.nl
www.gs1sk.org
www.lyjk6.com
lindin.is
house.mshw.net
logika.wz.cz
backlinker.fr
starbucksmenu.net
ligne.wop.ro
lurdanis.wop.ro
estevanmercury.ca
racinguk.com
fug5.com
rebell.info
linfenshi.kc7.info
bsqjc.78.cn
grupodeesteticadental.co
passionsspiele.wop.ro
greenhat.ws
webatou.info
nkca.210000.org
www.yinxing.name
taicang.info
www.qiaoniu.info
bfkq.nfdy.net
okonet.com.pl
iris.lereve.in
gauhe.puk.ro
www.gdhyweld.com
www.145689.com
www.8090.so
boligfif.dk
www.vla.cn
bbs.4yang.com
aanga.puk.ro
victorygardenvegetables.ca
www.nbo.hu
www.deru.hu
www.awcn.cc
hqkp.nfdy.net
kooien.wop.ro
avi-swf-convert.com
non-non.info
potted.wop.ro
zswf.k3y3.net
yxi.0719hr.net
bingames.info
5ydy.info
healthy-joy.msk.ru
find-it.jp
guihuaxiang.com
nsm.pl
dohc.ie
looeo.com
www.001union.com
www.qb998.com
andrewtai.top-site-list.com
bahamayellow.pl
dorais.wop.ro
icc-picturebank.dk
anquye.in
roxylicious.wrzuta.pl
www.shffcl.gov.cn
brays59377.huijucn.com
flowersforaghost.pinger.pl
www.zxcpa.net
angelo.puk.ro
www.p57b.in
yis.ac.jp
www.cbdaward.cn
huu.cz
www.waeco.no
tundaowata.info
gjuetari.webs.com
meshsocial.info
techkriti.org
omosiro.info
7722.org
88.ggabc.net
www.znk9.4f9.org
argosy.puk.ro
civilisa.puk.ro
888ss.info
scos.co.jp
skedge.me
f1tippjatek.hu
umaguska.info
tenisbet.pl
pitportal.ru
bathroomshoppingclub.com
bopor.com
sokolowsko.info.pl
financelife.prv.pl
zioale.it
itriathlon.dk
www.kaiyun.net
72pityu.video.xfree.hu
www.38qingse4.com
hxkr.info
qlweb.info
www.ugk888.9v0.cn
www.ljlrt.info
brechthouben.be
aanstuwd.wop.ro
slounik.pl
fatpaint.com
blog.51.ca
dedicatedhosting.mx
getminecraftfree.info
tymesoft.com
facebooker.pl
evropskaspolecnostaab.cz
fedupwithfoodadditives.info
lovepc.org
www.icfrussia.ru
twipper.tk
kasia1988.pinger.pl
lvkm.hyves.nl
urbian.biz
drewee.info
scarcerata.puk.ro
expiracionlarambla.es
juancong.com
wirt7.ru
fabiolahanna.com
mfso.265link.com
ziptuning.nl
directoryeive.info
vsail.info
www.lian520.com
caymanians.puk.ro
kejpa.wrzuta.pl
freemakemoneyonlinecom.info
recyclon.wop.ro
ecodepot.fr
www.hushuo.cn
1cc1.info
seabreezecorfu.com
stalemating.puk.ro
zizitsu.puk.ro
sabaki.jp
tradedoubler-de.de
wildmatureporn.com
kinote.info
sistarbanc.com.uy
x-top.info
gasloeg.puk.ro
hotel-villasanmichele.it
orangearmenia.am
librosdebolsa.es
www.redoks.pl
news.msn.co.jp
tubeporn.eu
kruidhof.us
liwepu.bloguez.com
laurelship.wop.ro
creatiblogs.es
diskcomp.puk.ro
indianidol.info
wazzubzarada.info
siti.es
derangedrecords.com
www.laibisong.com
etcwap.info
ospraciaz.pl
www.qdsgnk.cn
filmhousecinema.com
kitchenaid.it
quote.fm
theworldbyweb.com
itchmo.com
shop45473.tbhui.com
pkjq.nfdy.net