xygdcrxx.blog.163.com
reckin.prv.pl
prothono.puk.ro
mamorenihon.wordpress.com
solarisnet.pl
itidai.wop.ro
matr3o.ro
shanxi.qyi168.com
64news.com
jubfond.dk
bcnesbona.cat
www.lzxx.info
gazetapolska.pl
cassini.ro
lemontech.cl
bqspa.bqgl.net
numimarket.pl
www.hnsj365.com
dragonstars.it
www.ffmov.net
ifmsa.pl
mebel-olimp.com.ua
xixihuafu.com
cuttingedgemuscle.com
seyiyi.com
acroni.si
nextporn.mobi
prwv.info
adnx.com
bedaagds.puk.ro
aiyaiy.info
clarksons.net
theory.org
beeplog.de
erufa.com
viraladhub.info
bestabcd.info
moecity.jp
ebookonline.7s4.info
massxxx.info
ducts.puk.ro
bj.chnt.cn
amhosted.com
alomuaban.net
cambridge800.es
cbie.ca
grodno.by
abclive.tv
www.dvode.com
haseundco.de
jiaju.chinadaily.com.cn
grpmail.biz
www.mgb.pl
pzy.be
qqqbbb.info
barows.co.jp
trainershouse.fi
argenpress.info
88lin.in
520renti39sss.info
antikwiteit.puk.ro
din2.info
bookmarks4seo.info
ir8.info
buymodafinil.info
cz.zxbo.net
hupan.net
hd.hr020.cn
49cw.com
hotstroy.info
rss-clipping.com
rr6e.265link.com
5maya.com
nickie.puk.ro
garyu.it
cb6.cc
cajuns.puk.ro
epeeists.wop.ro
bjxdqlddcyxgs.diandongche.biz
lambdin.puk.ro
www.xkydkw.com
cinepolis.com.co
feyv.nfdy.net
sitetiffany.info
fbbind.wop.ro
holdfruit.info
sewenxue.us
hugon.wop.ro
coloradodot.info
decorando.co
6599.210000.org
sale-price-store-cyber-monday-black-friday.info
www.saodh.com
adirectory.info
fujyo.wop.ro
www.town.chippubetsu.hokkaido.jp
club21.org
expresspackageplus.com
umh.es
dinleyelim.org
cssn.cn
mazda3klub.hu
mia.be
ash-laminate-flooring.blog.hr
php-help.ro
meadjohnson.com
99100.taobao.com
yougedi.org
nystagmi.puk.ro
horuinwa.wop.ro
premove.puk.ro
choigameonline.org
bilgisizsiniz.tk
www.91idc.com.cn
hungmok.wop.ro
6hcp.info
beihai.bgo.cn
gayfree.pl
berry-girl.ru
absolvent.pl
doujiang.biz
grahamjones.co.uk
miao11yong.fyfz.cn
nsitf.net
bf.yzz.cn
harsboom.wop.ro
cedarnews.net
mpumalanga.gov.za
www.cxsyo.com
esposas.wop.ro
shaggytail.dk
palcraft.co.uk
sinhvien18.wap.sh
sperrgut.puk.ro
ebrio.puk.ro
adrom.blox.pl
asii.ro
nmbbank.net
eemon.biz
www.tarzania.pl
devzones.info
easg.56dvd.net
uncrafty.wop.ro
99bii.com
tellytube.in
enable.hku.hk
azrurmia.blogfa.com
feitejiangyb.1168.tv
odpm.gov.uk
culkiss1.info
1001lingerie.fr
bega.de
bartnik.digart.pl
www.power.ee
kifle.wop.ro
itkontrakt.pl
buxhyip.info
gpro.cz
mckeealaan18.info
interlinks.com.vn
hipshop2.tk
serie3.info
eldotor.blogspot.com
bidsson-bidify.ws
fedme.es
bankier.pl
sol.brainaid.de
panfi.ro
buy.shanhuojiaoyi.com
juancong.com
silvey.wop.ro
gpsfun.org
bimago.pt
lhmf.nfdy.net
5b6.info
vipado.com.br
concursosweb.info
ben10.fad3.net
saps.moe.gov.my
bianconera.eu
neoitv.pl
5967.eduol.cn
www.carlofranco.ca
izgledaivideo.eu
yangsh.com
www.3659898.com
dd5.cc
nagareot.wop.ro
getaendelten.wop.ro
u4qu.210000.org
www.aaa.lu
bernthaler.eu