bakay.com.ua
www.hangzhoshikaifapiao.com
cylex.ie
betterlink.info
a305teyim.com
fuzzy3d.pl
0zts.k3y3.net
se.876ggg.com
catgallery.ru
i-lateral.com
imlemeg.info
balsar.puk.ro
hjsn.info
trendstore.dk
appartement-elshof.istats.nl
link2party.nl
ballack69.link.xfree.hu
wikitemas.org
klipped.org
ginger05.digart.pl
luxurioeseren.wop.ro
zefg.210000.org
tourismbank.ir
golds.flog.pl
the-wild-bunch-full-movie.blogspot.hk
lordweb.pl
nedelya.az
1xsuccessteam.info
1020big.info
alternativa-mc.ru
verstole.puk.ro
www.bytee.org
ultimateoutdoors.co.uk
g1w.info
kemari.puk.ro
www.psugau.org
ajauctionpro.com
chachala.com
denaq.com
www.treq.nl
blogspot.nl
brussels.info
www.hary.digart.pl
konaviews.com
cjja.210000.org
kellari.ws
512bxfc.com
creeps.puk.ro
1crm.info
sistaminuten.dk
buaa.edu.cn
www.xixi22.com
reals.lt
bio-clinic.pl
citeam.pl
sport1tv.cz
ssszmzh.org
anklagee.puk.ro
tecoloco.com
www.wsjp.pl
convention.aia.org
romprest.ro
lactante.wop.ro
fiix.it
olay.ru
clubmalenamorgan.com
gouwu.youdao.com
jonglant.dines.wwwwww.wop.ro
karinbeekdamen.hyves.nl
dinohp.info
www.chasaobi.com
goers.puk.ro
www.lauber.pl
smink.nu
designers.mx
888in.in
www.7-en.com
siliconsouthwest.co.uk
sylwiszons.digart.pl
burokku.puk.ro
okvacanze.org
gyxinyupian10f.1168.tv
jeffgardner.ca
saurel.wop.ro
livesmart.gr
free4web.pl
livebookmark.info
canald.com
imm.io
gyerekcipo.info
lankatv.info
asiunia92.digart.pl
areyoureserved.soup.io
e-vending.ru
epigraf.su
ortramns.bij.pl
020pgj.com
www.igeaweb.org
zokus.wop.ro
kitchen-hotel.info
ingersollrandimpactwrench.org
vsao.vn
housemd.info.pl
feelgoodtime.net
xzgww.info
nac2012.com
dhakabazarbd.com
tasiemce24.pl
ff-ampass.at
goztepe.org.tr
8889888.in
bartoverbeek.com
levevis.dk
curvescomplete.com
lagatka.pl
internetsatelitarny.com.pl
www.welnis.nl
northwichguardian.co.uk
thtv.info
akt-online.nl
philito.info
begood.vn
veilleinfotourisme.fr
qilu120.com
guihuaxiang.com
inmedias.de
lusting.puk.ro
stepstone.at
kukic.wop.ro
drakerig.wop.ro
www.cietac.org
gorissen.info
freelists.org
wirres.net
hupan.net
gnto.gr
kravfitnow.com
logo.55.la
greatsocialbookmarkingsite.info
scalpfolliculitis.org
kidzonwheels.nl
kentsu.co.jp
nivea.pl
www.71u.co.nz
384047.com
www.guizupet.com
www.gaogaose1.com
dumpo.wop.ro
exposeyourwife.net
esf.soufun.com
bookmarkaroundtheworld.info
holden80.digart.pl
70475.dealer.it168.com
academ.info
kantoortje.puk.ro
www.tuotuo.cc
pornoredtube.es
scigacz.pl
www.sports.pl
torneret.wop.ro
lunia1285.pinger.pl
worriedness.puk.ro
zigong.house.sina.com.cn
zuverschenken.info
decathlon.com.pl
ageofpeder.dk
kibbysales.info
mycastingfile.com
betaetig.wop.ro
perdido.flog.pl
www.9787.info
bubblelist.info
58.efw.cn
planshetnik.com
sexdate-dordrecht.info
filmsex4.info
ajc-access.org
century21.cz
aangravi.puk.ro
idaikkadu.info
infosapiens.com
africatwin.com.pl
dokaan.net
explorekerala.org
ilm-tv.info
adral.wop.ro
linuxmall.com.br
interlanguages.es
www.buymbj.info
918bux.com
hocmot.wap.sh
ukjure.wop.ro
www.njn.net
t2ho.k3y3.net
al-forno.pl
tranniesonline.ws
darmowy-katalog.com.pl
efei.56dvd.net
e-vent.info
cartea.info
cy06060.info
fgmm.nfdy.net
aliwaigong.com
domdevelopment.com.pl
www.krwsjc.com
dth-live.de
marek.blip.pl
t1.sha7.info
520188.com
www.u6soft.net
viaggibirrico.com
spargeld.puk.ro
eastcoastminorleaguebasketball.info
linkcomplete.info
antenanet.sk
changewin.blogbus.com
wallet.yahoo.co.jp
diariovictoria.com.ar
travelguide.com.ph
www.sncf.fr
rattlenu.puk.ro
licoglass.vn
460l.nfdy.net
shtion.info