www.zgdyb.com
wkv0.265link.com
kysuce.cz
aaneenpaste.puk.ro
hureca.fr
benmouch.wop.ro
charita.cz
torreon.org
ibest.in.th
www.11tp.net
avogrados.com
www.6k.com
qsij.nfdy.net
kellari.ws
soccerrumors.mobi
paiwanic.puk.ro
octocore.es
ruschmei.puk.ro
www.elshop.lt
mp3towav.info
hanayome.com.vn
pianai.net
www.xibc.com.cn
informatika.si
www.9999uuuu.com
hzkn.nfdy.net
cite-sciences.fr
takousei.wop.ro
3d.cpdyj.com
mhsalumesquires.com
pcw.it
www.reestdal.nl
ilovethomsoncruises.co.uk
prwv.info
luig-portal.de
forsesongen.puk.ro
museum.ie
mujglock.com
news.k618.cn
www.hs.cm
namuk.ch
etiscan.de
baidu.cn
kentz.com
volts.wop.ro
www.payncticket.org
a2.ee55.info
www.aody.net
www.8r8.net
stscript.info
xxl-affiliates.net
potenciatwitter.info
www.665cc.com
sextopliste.ch
swzl.cqnews.net
www.srgd.ch
liroly.hu
xixidieyuan.com
luxuo.it
unifymail.de
klubb6.se
homol.fmix.pl
nila.210000.org
www.szxbyq.com
thomase.net
yakutisc.wop.ro
www.x789.com
www.rtqy.cn
pling.org.uk
afmatten.puk.ro
onefistmc.com
40752.hemelsesex.nl
ousocom.com
fis-judge.tv
brilloldies.com
5htp.org
www.shumemol.com
www.bloggpix.no
zoyka.blip.pl
godmother.fecsegj.hu
zuopin.4399.com
ttes.info
lewpgfjwc.freeblog.hu
chachala.com
bbs.ehomes.cn
catequisar.com.br
sabapayamak.info
www.fanyu.org
dyuc.210000.org
bartnik.digart.pl
sabaki.jp
zywy.blip.pl
radiodreamwolf.de
mpgpl.blox.pl
tokyotosho.info
buy.shanhuojiaoyi.com
sklabina.eu
savetheastrosname.com
dulichsenvang.vn
saugstube.to
klmj.nfdy.net
sldo.nfdy.net
seo.pe
yosn.nfdy.net
helldive.org
www.xiaojie581.com
www.sc10000.net.cn
hooven.puk.ro
b5vz.210000.org
freesextube.info
dtv.gov
trends-on.info
mabuta.wop.ro
scandal.vn
www.bttkh.com
tkereset.info
laudert.de
donodamina.com.br
www.waeco.pl
menology.wop.ro
pferdesportzeitung.de
artemisweb.jp
jago85.pinger.pl
certus-glogow.pl
tui-guang.net
luov.net
p.org
kabana9f.1168.tv
skoedecentret-bolighandel.info
roumon.puk.ro
vjz.pl
slajner.wrzuta.pl
7z0.info
yxi.0719hr.net
www.580011.com
shturman.info
oncode.info
weather.1neng.cn
www.femeii.ro
www.date.ch
www.youhuo.la
eurofashion.com.pl
www.myspace.com
grosssta.wop.ro
webhostingproviderz.info
nptp.56dvd.net
www.jit.cm
dofollowbookmarkingsites.info
zerschos.puk.ro
www.cetele.info
bloggernest.de
site.lu
yescosmetics.com.br
jti3.210000.org
trafficjam.de
thingpage.cn
matus-leather-highbak-chairs.do
verlangt.wop.ro
inteleca.org
fittmami.blog.hu
sex8.cc
zinshin.puk.ro
iris-design.info
dreinschlagende.puk.ro
stealth.to
hitai.wop.ro
tcz.ir
prny.info
qgxk.k3y3.net
www.hhaavv.com
rmip.nfdy.net
megaroll.info
femaledom.com
660.a-thera.jp
www.bs120.net
thegodfatherpart3fullmovie.blogspot.co.uk
384012.com
shj-airport.gov.ae
perterra.org
skywatcher.ro
gezi.ncyz.com.cn
cleanglobe.com.tr
castellanza.va.it
grannydating.co.uk
prdv.info
hktaojin.com
www.qdpaiji.com
tutorial-enlace.net
sihasara.lk
quantumopia.info
www.hncq.cn
meiapps.com
www.8-stones.net
a11.pz81.info
tawsal.net
encuestasremuneradasblog.info
sindema.info
htcshop.3ji.info
osael.blip.pl
squx.nfdy.net
chocolatetcaetera.fr
www.xxnn.com.cn
www.b.dk
changchuncc.net
fitdance.info
innovacion.org.gt
www.windows7keysp.com
www.cyprusspa.com.cy
caseminiitx.7h1.info
beimiyigou.com
manad.puk.ro
www.tophospitality.ro
tuttostranieri.it
basf.pl
bestdomainhostingz.info
www.wimdu.pl
www.maturedating.nl
donlopez.digart.pl
www.diendancokhi.vietflower.info
up.warszawa.pl
bukkit.org
lvye.info
mmm-kazakhstan.info
x77x77.info
zozolek13.wrzuta.pl
spbkoreana.ru
www.va-hosting.info
tvpuls.pl
forum.com.pl
justyna9944.wrzuta.pl
22420.com
tisj.com
urex.co.il
kepa.flog.pl
cheaponlinecigarettes.info
blurrypixel.com
collides.wop.ro
krawattenknoten.info
myfreedir.info
kublucyan.digart.pl
komikon.hu
bielsko.pl
3stepads.com
emargo.pl
www.fy.cn
kspsp.info
ehogwart.pl
www.docar.cz
www.stajnia-korona.pl
webpozycja.com.pl
blackassfest.info
www.bsma.lt
namelessnow.info
yogadublin.org
nfyyl.com
zaliczaj.pl
dallasmoversz.info
fotomaniak.pl
camera.itmedia.co.jp
woaisinammo.info
w882.wrzuta.pl
starringwebsites.info
37c.info
myforextoday.info
fespa.com
kitchenbathroomaccessories.info
at.edu.pl
zenoo.blog.so-net.ne.jp
vsto.info
webmer.tk
dbowen.info
www.syqczl.org
inford.pl
manualbookmarking.info
aoa.dk
ux.nu
ddfdj.info
search-blast.info
98-custom.com
kaoha.pinger.pl
inslaap.wop.ro
bestsecurityforhome.info
absolwenci2lo.pl
mulatki.info
insteadofawebsite.info
www.mss.am
966p.com
miasto-szczawnica.pl
www.longyan.gov.cn
zozoleq202.pinger.pl
aprender-gratis.tk
nowyadres.pl
mw.mil.pl
enveloper.com.pl
hitelvalaszto.hu
iyuki.info
nonk.info
megafonmoscow.ru
kannichen.com.pl
bencetoth.fecsegj.hu
prolingvo.info
gmt-max.org
mihanserver.ir
chat-rulet.tr.gg
moszu.digart.pl
1hc.cc
hotbusinessesonline.info
shockpoint.it
hourtinholidays.co.uk
all.anyany.net
unlimit.co.il
498.pl
michalwoz15.pinger.pl
as-bau.pl
laziska.pl
craigslist.be
1blueguy.deviantart.com
35bt.info
chatastudenta.pl
professionalmoverz.info
bdsmarketing.com
clickersjoint.info
felnottoktatas.info
wycipxfx.blogage.de
tubecul7.info
201158.net
www.world2012end.info
elormf.pl
topmediaplayersforwi.9see.info
lissa.blip.pl
www.yyse.tk
megashare.info
ys-a.info
magazynt3.pl
xjk.pl
gan588.info
www.urytire.mimishop.cz
eldespertardelcorazon.com
bestrecommendedbooks.com
4wh.pl
pucp.edu.pe
jmjrealty.info
noborders.pl
xiangxi.qiannan.org
marketinghub.info
kisim.com
mysteriouschina.com
mootylek.digart.pl
yh6m.qiwen5.com
nurizad.info
earnhardt3rd.info
socialbookmarksubmissionservices.info
sbed.info
daria2707.flog.pl
swingersoaza.pl
bookmarksshoppingonline.info
psiaki.prv.pl
www.118tt.net
proseostats.com
raks.pl
rcreducation.com
www.sh-zjs.info
stingumedia.pl
flashahead.info
norweskawojna.digart.pl
buy-to-let.me.uk
bangzhu.info
bacari.pl
tecknoquest.com
biura-magazyny.pl
www.kashimo.net
bmagazine.info
xsn.pl
ebuilder.pl
lowicz.pl
articlesbook.info
damrade123.pinger.pl
humyai37.info
www.zhqp5.com
mctraffics.com
qpiter.ru
listmarker.info
yqcb.info
www.ministere-finances.dj
c-date.it
guihuaxiang.com
hdbyt.com
www.munihualqui.cl
tommarlow.digart.pl
freeaddlinks.info
teoriachaosu.com.pl
blumenkohl.wop.ro
feriencattolica.info
zwierzakowo.pl
noelswf.info
zzu.cc
16bt.info
uwebdir.info
6178406.5sing.com
txbb.hk
ms5188.info
miximuesli.de
nadineundmichael.ch
norris.flog.pl
www.demofastbanking.ro
6589.info
journalisten.dk
yxjy.szol.net
cn.last.fm
o.stanacvx.orge.pl
ottawa-airport.ca
vdv.dri.edu
bigsocialplate.info
texnovlog.ru
www.babady.net
gustykite.com
olamis.blip.pl
www.neta.pl
honda-srbija.rs
laurelship.wop.ro
somaliforums.net
diverticulitisblog.info
0554.in
wjss.info
techtricky.com
agora.pl
oddsmaster.info
nanonet.pl
www.3dycw.net
portalmorski.pl
error-code.org.uk
organizebookmarking.info
faststart.ru
cubus.blip.pl
wiri.info
www.fjjt.gov.cn
kbxy.wandodo.com
myfdd.a1.cn
shiweikzs.1168.tv
bmh.digart.pl
bannerdesign.co
www.a-e.com.cn
agland.pl
snatchporn.info
gdansk.pl
undetrac.wop.ro
hydroparastatae.wop.ro
uksz.digart.pl
pilica.net.pl
lukey.wop.ro
lindakays.com
whatareunlockedgsmph.3ji.info
samurai-startupisland.asia
ubf.pl
www.m1gu3l.pl
mawej.blip.pl
unbewaff.wop.ro
eureeeka.net
kasiula200593.digart.pl
e-meteor.pl
axzx.pl
tremer.wwwwww.wop.ro
niepal.pl
chasaobi.info
savour.sg
www.yijob.net
webstorm.pl
clinically.puk.ro
4744.info
ooo0.info
spezzerai.kersenti.caneyville.wwwwww.wop.ro
priceinindia.info
xxltv.fr
nicehost.pl
www.hlfp.net
dawidwozniak.flog.pl
shoham.wop.ro
tvtipsport.cz
www.njcqy.com
gmnet.info
abgaberaten.puk.ro
magnolia146.digart.pl
1rediq.ru
qcatering.pl
cre.fm
ideal-h.co.jp
luckyhunter.info
zbanuj.pl
tz7b.qiwen5.com
terrasolusi.net
ck.39.net
coupons4indy.com
www.llxxcs.com
batesville.com
freestuffs.info
espoir.digart.pl
strong.pl
www.anovi.pl
pussyshine.info
pneumat.com.pl
udregnet.wop.ro
oggole.pl
macti.puk.ro
allergia.wyw.hu
unsecrec.wop.ro
knx.biz.pl
schoolcounselingprogramz.info
vdh.blip.pl
maritima.info
koelngrund.de
phu-gral.pl
viajeajapon.com
mipagerank.com
medfirms.ru
the-great-escape-full-movie.blogspot.hk
19u.info
dsl.cz
arlinked.info
nonrenun.wop.ro
www.greatthinkingspace.com
www.rcreal.cz
newsbna.net
ojciec-chrzestny.pl
www.dgkyjx.icoc.com
odnoklassniki-under3.info
www.quotationspage.com
vmisudy.info
red2black.pl
dirstamp.info
idealnauroda.pl
gigandirectory.info
wdchelsinki2012.fi
randomquotenopr.info
vasilenko.info
beautyxbauty.pinger.pl
mb210sp-enclosure-amp-combo.info
telodono.com
wohnwagen-forum.info
heterotelic.wop.ro
kzkgop.com.pl
kenkou-life.info
quaelead.com
christhyani.info
www.undp.kg
kissmyproxie.info
subotica.info
batcountry.pl
torneand.puk.ro
rd21.info
bozydar.blip.pl
celebrity-onlinetv.blogspot.com
the-expendables-full-movie.blogspot.in
b2trade.info
gemmy.com
wikidordrecht.nl
amedar.pl
www.oxatis.es
www.rt22.net
e-poniatowa.pl
m1.517gc.info
530wiki.sba.uwm.edu
narew.info
www.1888i.com
bum1.info
debile.pl
funatic.digart.pl
livemusicmeadville.com
adiasz.pl
5luv.qiwen5.com
alaskanbux.com
n0.flowermn.osa.pl
holidaypromo.info
pronostics-turf.info
sbp.pl
goldmax.pl
kvwl.de
dodocat.com
con.hu
yoof.info
gamecorner.pl
frsklep.pl
teenspornstars.com
opraapse.puk.ro
headup.flog.pl
www.mgb.pl
humyai78.info
www.rinkel.nl
michu124.soup.io
www.07kkk.com3085.661578.info
voba.info
pit-gazeta.pl
oddisee.tv
usboffice.kr
a.sesese.in
www.gintama.pl
alefaceci.pl
www.duyn.nl
typi.be
war2glory.es
sy2011j.match.chinago.cn
dollypop.pinger.pl
veldwerk.puk.ro
ruben-vila.dk
vwgolf.pl
hrnews.pl
myapple.pl
ishigakijima-paradise.net
infomedios.com.ve
dir123.info
canalmails.info
bloodi.digart.pl
odkrywamy-talenty.pl
nrwb.nfdy.net
free-paid-surveys.info
chulo.wop.ro
camers.info
kubens.pl
sbiadite.puk.ro
oj.gob.gt
elsu.nfdy.net
moja-pensja.pl
fida.info
5maya.com
hobisti.ro
verstuemmelter.loquet.wwwwww.wop.ro
lejour.info
videoemailmarketingz.info
etransporter.info
www.byjj.net
www.qthxxw.com
meybodtile.com
trs8.info
backlink-promoter.info
cdict.info
obpn.nfdy.net
atlanticroadracing.com
oknams.pl
vip3ma.info
ivoclarvivadent.de
olx.pl
dimoqrati.info
pep9109ssnssj.1168.tv
desenecopii.info
autobusowyrozkladjazdy.pl
fii.pl
wenda.fx120.net
beta.evosem.pl
forumgwiazd.com.pl
filesonic.pl
www.aiyuke.com
skate-park.pl
maripe.wop.ro
cctv-blog.info
aijunjiatingfuwu.dv37.com
thebestmountainbikebrands.com
p-tc.info
3sec.info
adamieva.info
www.beautyline.ne.kr
bilder-hochladen.net
xyqcbg163com-bgb.com
stun-gun-information.com
www.divy.pl
uczciwek.pl
tiol.info
230.pl
merciaparanormal.co.uk
dhome.pl
humboldt.org.co
ireland.co
communication.ca
irpmazowsze.pl
hsh.com
milfpornblog.info
digital-favorites.info
han-han.info
ukrbiz.info
cantalupa.pl
vstavay.info
revistasgratis.info
mojecoupe.prv.pl
spicynodes.org
assurance-mutuelle.fr
domainmaster.cz
moinholounge.com.br
www.ird.sn
wap.tm188.info
djt4t.1168.tv
seoplink-host56.info
iww.ca
bravosdemargarita.com
cheerful-japan-global.ecq.sc
cartoonsl.info
neo.pl
achigan.net
shgresources.com
culturecommunication.gouv.fr
uksteam.info
akhe.info
njzt.info
eskok.pl
digitoy.info
dnf.qq.com.haolds.com
www.zjjlyyz.com
miyim.com
free-directory.tk
schoolforcodingz.info
swistek.pl
reiseversicherung-vergleich.info
seonet.pl
isocheimic.wop.ro
lapy.pl
e-justice.tn
teamarket.org
saidairi.wop.ro
nieogarniamzycia.pinger.pl
kajfol.wrzuta.pl
www.karakter.pl
linkassist.info
www.158jixie.com
52ri.info
7-se.c.la
1gbusbflashdrive.3ji.info
sowlpul.info
x6.gfzl.info
linkjoin.info
chatplace7.nl
computerleasing.7gt.info
maths.flog.pl
woaj.qiwen5.com
michael-mannheimer.info
cqf.pl
riathychel.com.pl
97sese.in
migglechat.com
baguzajja.info
www.taorenxi.com
bigaboom.ru
onlineaccreditedz.info
cabrioler.geschaedigtes.gewalttaetig.gazel.wwwwww.wop.ro
xiaoxiao.90loveu.com
w3.com.pl
doh.pl
wpen.ybx8.info
clearblue.com
www.99aacc.com
cybermondaytabletdeals2012.info
udupisrikrishnabhavan.in
vlbook.com
sexbomba.info
www.livermusic.cz
mahali.pl
star-motoring.com
directree.info
afterarticles.info
soodo.pl
getunia.blip.pl
www.monaco-parkings.mc
2-a.net
rootninja.com
news.money.pl
seoranks.ru
deepikapadukone.eu
markposts.info
sm.91.com
couponfield.com
www.771aa.com
www.godr.org
gmbq.210000.org
yougedi.net
new.656565.info
ingulfme.wop.ro
wegschie.puk.ro
osmoz.com
teleconferencecompanies.info
boungler.pl
zp.pl
www.szmdy.com
www.gaben.ro
www.whatledtv.org
www.y6.pl
spargeld.puk.ro
italnews.info
tuning.opole.pl
marts.us
w203.pl
strikeback.info
jiankang.laopo.cn
osassi.wop.ro
andziulita.pinger.pl
gameclan.pl
taaze.tw
sha7.info
www.666xa.com
futilidades.net
kazik.pl
andanet.com
www.pavo.pl
team29er.pl
neo-avenue.fr
gkotsikas.gr
xinqushi.78.cn
stingit.info
www.vision.pl
justi.pev.pl
thechristianalert.org
vektige.puk.ro
www.wlyoumin.com
discostars.pl
ftacademy.org
www.omddc.com
www.huaduge.com
noticiasdeinformatica.info
www.xiaogsd.com
nikozen.info
martialarts808.com
wiolczan.blip.pl
mozy.de
charento.puk.ro
macbet.pl
www.dhl.la
facebooklikeswebsites.com
osaka-izumi.lg.jp
www.shzly.in
privat24.ua
www.zgmmjy.cn
targetaudienceonline.biz
wj.qjy168.com
ayawish.digart.pl
abp518.taotao361.com
wisniowski.pl
0000ac.net
fpt-hcm.co.cc
rinvino.wop.ro
0571400.com.cn
bergisches-land-fotografie.de
cddx.co.bokee.net
k49.us
realyestate.info
www.169ba.com
ohiodems.org
hdtvnopc.info
poursuivrons.puk.ro
59gg.cc
at-internship.com
www.webas.pl
roowei.com
gz.menghuanzuxian.com
kwiatek.edu.pl
nawidelcu.pl
superphysique.org
usrrx.com
push2check.info
hechl.info
www.rxjhcdcrxjh.co.cc
512gc.info
radiopodlasie.pl
zprp.pl
designsvalley.info
www.dh1616.com
baa.com
blog.adelie.dk
langsin.com
xining.zx123.cn
investortrader.co.uk
ponziana.info
olgaurchenko.ru
kormarket.ru
www.obieg.pl
webstatisticsreport.info
techworks.pl
ewciag90.digart.pl
mysmtp.eu
socizial.info
www.stargu.com
www.22270.com