www.misja.org.pl
dhf.org.tw
cilawgroup.com
shareyourtaste.com
telesiscu.com
chensd.com
bolpornoizle.com
kqkd.210000.org
bronzeville.ning.com
fourseven.net
pixheaven.net
take-a-job.info
amrik.wop.ro
voip-thailand.com
www.xjhg.org
timite.wop.ro
facemrecords.ro
cunxinh.soz.vn
hz.zx123.cn
bqnbhjsqa.blog.mongenie.com
finep-capital.com
photographers.co.uk
booktrade.info
mondriansoho.com
keralaindiatour.com
akibaos.com
www.22yuyu.com
tuoferta.com.pe
tcm.com.br
cymbalar.puk.ro
corona-club.ru
simdepdalat.com
www.weishengzhi81.com
radicalreference.info
vecer.com.mk
glustr.com
bavent.puk.ro
sogaer.it
druckereiennet.de
dkt-buve.com
ipcjser.tk
saxony.de
cinemaonline.jp
www.fhldy.com
wvv34.nl
lrcshow.cn
quizfest.com
www.burberrybagsoutle-online.com
belzec.org.pl
gsfc.wop.ro
fourwaysconsultant.com
orionjobs.com
gkillcity.com
oferte-akrotiri.viaromania.eu
zhanzhang.com
jyxm.com.cn
domaineur.com
www.yancao88.com
inwestycjewinnowacje.pl
www.lexigram.gr
whauve.wop.ro
nn.haopoo.com
buddabar.flog.pl
www.yeuvayeu.com
geposteerd.puk.ro
zerschos.puk.ro
www.abb321.com
shrekfullmovie.blogspot.ie
www.lowrider.at
www.678.com.cn
hg338.com
anauma.meblog.biz
yrbp.qiwen5.com
forum.minecraftplayers.pl
adyimsolutions.com
das-drupal-magazin.de
chin.puk.ro
newskaz.ru
www.in87.info
www.yatingge.com
opwind.wop.ro
bloemenv.wop.ro
onlinecasinobonus533.org
www.sinhvienhaiphong.info
courierworld.com
riddle92.tk
lushouanshenkeli.1168.tv
plusqlink.com
jxf.mf968.net
plkk.pl
freebe.ru
silverstone.wop.ro
myvideobucket.com
lovinghosting.com
nasquasha.pl
dir-search.info
shop69889296.taobao.com
www.cgmh.org.cn
aventuramall.com
bijblad.wop.ro
avogel.ch
665mi.com
bolanghua.com
socialbookmarkingnews.info
www.le6.net
www.chcedo.com
pasto-kodai.lt
hotteengalleryes.info
www.xundiks.com
charlize-mystery.blogspot.com
webnagyi.gportal.hu
physiolexikon.de
iona.edu.pl
deconcat.wop.ro
www.hyaut.com
bbs.5200tv.com
ahuo.210000.org
1wc.tv
www.meiru1.com
chatcontact.fr
www.tjdayagl.net
marmon.com.pl
malwka.flog.pl
www.webjiankong.com|iwantsee.net|dkcqqtozw.freeblog.hu|www.hvacr.cn|www.ntkd-hk.com|doctor.dp.ua|corenos.nl|oolf.nfdy.net|virginiabeach.com|internetconnection.net|www.truereligionoutletj.com|www.hahase22.com|www.90ysw.com|blogcatalog.com|www.allias.ro|www.aien.net.cn|olx.ee|www.uestcsoft.com|style.de|probiu.ro|www.zhongguo315.com|animetube.net|johnjoseco.deviantart.com|www.wuseee.com|monthly.ascii.jp|www.kkyxw.com|www.1dxh.com|www.szaaa.com|sietufumb.bloguez.com|np.by|www.wuyoujz.com|www.wzlwgg.com|www.mdaq.cn|jxeh.nfdy.net|www.school.sh.cn|www.lmmw365.net|www.21shhr.com|cctld.ru|www.0539house.com|radabg.com|www.baimao.com|www.zifandiaosu.com|0769himin.com|www.sss5678.com|replica-pradabags.com|www.juniu88.com|websitevalue.co.uk|tpsz.78.cn|eblcom.ch|www.twspg.com|resellerwebhostingindia.org|www.qg-knives.com|www.xshpjy.com|www.hybdfyy.com|barbaragreenministries.org|bh44444.huijucn.com
last-concept.net
www.qimingxing100.com
staylocal.co.nz
freefromyourpaycheck.com
www.networksolutions.com
warnlaser.com
hm.nl
zinzin.com
dourok.info
mary13.pinger.pl
juanantonioavila.com
nairabrains.com
sanqin.com
karamete.puk.ro
mn.am
www.kankan.in
smskeen.com
fpvhobby.com
rawfoodcoach.com
tripadvisor.jp
tinyurl4.info
wbaw.nfdy.net
www.178pj.com
www.hanjuji.com
pliggseo.com
flightsfortravels.com
g.656864ss.com
coachemprendedores.com
bronzefa.puk.ro
outaiki.wop.ro
scol.com.cn
flying-jump-radio.de
sumainu.jp
alfransi.com.sa
koshinok.wop.ro
rieya.me
from-ireland.net
freelens.de
mein-profi.de
portables4gamers.com
laberpla.net
wk78.com
megaupgame.com
mjrpmbi.olo-finance.ru
ipph.210000.org
mundoanuncio.bo
destery.info
aseba31.digart.pl
wisrmark.me
you-fm.de
reversib.puk.ro
radix.ru
cheapcalls.jp
www.goomei.cc
gatsukou.wop.ro
sieuthinoithat.vn
sz.bwxx.net
curvyliciousbbws.info
www.moshuzone.com
hingeways.puk.ro
a3webtech.com
pearlandbmx.com
operachic.typepad.com
anaye.puk.ro
www.westchinago.com
www.chinarui.cn
imagensmexidas.com
hk81pj.com
pegc.210000.org
builder.com.cn
abo.fi
tstars.ir
famkroon.nl
ngk.nl
jennamarblesblog.com
treptajvasione.blog.hr
internetinfonow.info
aduc.it
desaguisado.puk.ro
zsze.de
hot-point.pl
wpmobilepro.com
coreyobrien.ca
netsystech.in
wsdjz.78.cn
www.happyzy.com
www.355.cc
ww7w.qiwen5.com
www.wheretobuywholesale.org
rumbabingo.com
m1086.com
celaru.ro
www.longrich.me
lt.qykm.net
oxidedesignco.com
krevi.dk
cotes.wop.ro
beboet.wop.ro
samiajiklinik.com
www.quweijiaoyu.com
iryojinzai.net
dreams-come-true-matrix.info
www.ctsho.com
hercportal.info
riesebergserver.de
www.876ggg.com
freepdfandsoftwarereview.com
www.lvkangkeji.com
ocgv.nfdy.net
www.b2blm.com
vitale.pl
www.solum.hu
www.jakj.com
www.0512xm.com
disguised.puk.ro
annuncilavori.it
kendallharmon.net
helpcenterlive.com
dmozkatalog.pl
www.lx021.com
carnet.hr
kb.go2u.cn
polisz-kicz.pl
engineseeker.com
kurniasepta.com
ghettohoes.org
forteaco.com.br
www.fuweiweb.com
tvoybloknot.ru
kumarendra.com
xixichengyuan.com
pacquiaovsmayweatherlivefight.info
massify.com
sahafi.jo
enobin.bloguez.com
sds.4000391005.com
hupan.net
henkel.pl
sq.kaye.cn
www.dodomush.com
marketus.ru
cocacola.pl
topdomainstats.com
jp6.info
topkolkata.com
sakalaga.wop.ro
www.tavad.net
advise-web.com
open-chess.org
sachnoivn.info
www.sosgu.com
dj-nation.pl
fun.ruonuo.com
zona-videos.com
travelpackagevietnam.com
kotuen.wop.ro
janavijayam.com
lisoc.org
alphamb.net
webpagemistakes.ca
beautifulgirlspictures.net
p-store.rakuten.co.jp
sjdhz.tk
games.blog.nl
skol-music.de
cdig.info
sepaktakraw.kr
visualapex.com
ariamovie14.in
petekoyun.com
czashonoru.nowyekran.pl
dpwd.k3y3.net
wanrong.ycrcw.sx.cn
brooks.edu
z128.net
zhaoqingsu8.fdchs.cn
mgjsmy.com
unrealgames.hu
www.sz213.com
vm4o.k3y3.net
boca.xfree.hu
fs.xdf.cn
salon168.com
jepg.blip.pl
livrariaonline.bnportugal.pt
www.pmj001.com
midea.sn.cn
autoviacao1001.com.br
www.xxx224.com
rujiakuaijie.13337.info
tssz.ru
foroactivo.mx
xiaogan.2882.in
tomorrow-festival.at
omsktut.ru
cnebay.com
mgscl2.com
ericlu.me
futondani.tanoshimu10.info
unoglas.unas.hu
allthetexas.com
losplaat.puk.ro
yaf3press.net
wisers.net
aljyyosh.info
nonvestu.puk.ro
cocal.cn
tomcats.com.br
loreczek.blip.pl
imiona.pinger.pl
lasky.wop.ro
tvboxarabia.com
www.aveee.com
alphainventions.com
wydawnictwowam.pl
bestofloys.com
pnet.pl
zsm.opx.pl
kueste.wop.ro
froc.puk.ro
www.dlyjxl.com
jn.sapo.pt
medicalbooksonline.info
laoger.com
www.findagrave.com
hayleypallett.co.uk
mobilewebsitetutorials.com
povisa.wop.ro
krabiimaging.com
surfanonymous-free.com
naturallifedogfood.info
bbs.dnspod.cn
www.fjqz110.gov.cn
biblica.com
blogceria.com
bizinformacja.pl
lifeclip.org
zwee.com
m.rokettube.tk
cfsj.cc
kakimous.puk.ro
partner.digart.pl
inblogs.com.br
chinear.puk.ro
007115.com
kokauvin-bergenopzoom.nl
peer2.net
dutta.wop.ro
a7ey.265link.com
sport365.it
spacecollective.org
www.xs222.com
rainbowbiser.ru
samplescanada.ca
guizuse.com
fschanhong.com
centrumsportu.pl
srilankaactress.info
szm.com
froxh.com
indoirc.org
aid.0086.ie
pretago.de
ifs.org.uk
parliamo.it
photohall.be
www.wwdd.org.cn
myworldseobookmarks.info
sasa11-d90.diandian.com
sale-2011.co.uk
mysite.im
rpmsn.com
eri.blip.pl
www.y7.ro
clickandpay.ru
kontorsmagasinet.se
grammiweb.de
thefirebarn.co.uk
ashleyrenee.com
rhetolo.jp
pnbnet.net.in
zxw64897.68480.net
www.nvshu.net
notepad.in
unipark.info
angelgd.digart.pl
trockenv.wop.ro
hispanictips.com
analangelxx69.a-maturescam.com
vinkelboda.se
atomonaga.tumblr.com
www.79wo.com
www.fapiaoli.com
fsccjg.com
syden.wop.ro
dailytimes.com.ng
www.xzhu.net
3zba.com
opleep.com
schwarzenstein.com
kannada.wop.ro
lvmai.com
ockhamist.com
rics.org
commpro.biz
gyosei.jp
guihuaxiang.com
xue6.cn
splendidgucci.com
mulberryhandbags-uk.info
www.avszs.com
kfc.co.th
healthygossip.com
hodun.info
lifeasatech.com
www.g2000nz.com
erolabo.com
directoryneon.info
haokan123.com
baidulink.net
3gyy.net.cn
www.sujiali.com
personal-development.info
www.taobaotianjin.net
www.avrtw.com
lappgroup.com
xxl-affiliates.net
istota.prv.pl
couponfield.com
fscofppt.net
dazer.soup.io
fobiasocial.net
bvcoe.info
poky.ro
clydeeeraq.blog.com
911sese.info
basijmazandaran.ir
www.uzfushi.com
hokuyobank.co.jp
bookmarksdemon.info
vimfox.info
hojevouassim.com.br
dnbiz.com
votorantim.com.br
krmdeepapnabazar.in
ristorantibologna.info
freeplayclub.org
nkik.265link.com
betaetig.wop.ro
spiceracksforkitchen.com
www.dvdmp.com
natomission.ru
alfabank.ru
www.viewbaltimore.org
yoku.com
w3techs.com
view.catr.cn
wiki.7color.org
meetme-tonight.info
trivago.pl
nicorette.com
seoparty.net
www.xuegeya.com
biodiversity.ru
prawybory.edu.pl
uncabulldogs.com
http.my
darislav.com
www.dairyqueen.com.cn
hondaelementclub.ru