tvoisex.ru
www.timeslip.hu
program-clip.pl
www.freeport.cz
qsij.nfdy.net
bj.lanfw.com
ani-cole.blogspot.com
coupontom.com
remmonmethoar.puk.ro
giaitriso1.net
37go.net
testodirect.co.uk
fashionphotography.biz
auto.kunming.cn
nordkysten.nu
www.countrycreate.cn
farstemp.com
sonera.fi
alittler.soup.io
54114.net
130aaa.com
www.zbpw.com
adalatgazaee.com
destrozador.puk.ro
bankswiftcode.info
21174916.qqku.com
bzkzs.cqmu.edu.cn
recetassimples.com
comm100.com
liberaementis.com
www.ifeng.it
gnrlive.com
www.500hc.com
boger.digart.pl
www.cupe-econom.ru
haemolager.ch
rabil.puk.ro
fass.net.cn
indianmedicinalplants.info
toys.of.by
cz.zxbo.net
home.jxhyw.cn
castellanza.va.it
idream.fi
macandidature.fr
crosstalknet.com
www.narxoz.az
wikio.es
1001.org
dblock.org
cl.orc.st
socialbookmarkingflow.info
susanmazermusic.com
auto.ttx.cn
jonnen.wop.ro
ejdsrmffalot.blogtrue.com
eoo8.k3y3.net
hbashop.com.br
go.com
wdqh.net
aitirlab.com
franken-pyro.de
iphonezh.com
www.szraskj.com
addurlsubmit.info
socialbrite.org
katogle.wop.ro
bestofphotos.co.uk
iperceramica.it
jcjy.jsjyt.edu.cn
breadfruits.puk.ro
fititnt.org
planet4one.de
www.880827.com
gratis.es
cng1.blip.pl
wu.88888m.com
softonic.pl
lepszypoznan.pl
nirmana.info
dotacommentaries.com
bnjw.com
innovationtrip.com
gsm.pl
jizhe.cc
puziba.com
fotochat.com
vizadociny.cz
alisandor.flog.pl
ping-admin.ru
ghol.blox.pl
www.totoone.jp
www.tkjixie.com
hean.pl
gsmpakistan.com
sublimetext.info
o2r1.qiwen5.com
free.tuanidc.net
iwi997.wrzuta.pl
filedesc.com
blogargajogja.com
whose.wop.ro
webasyst.net
surart.com
ipadtv.cc
gamemobai.info
8tpw.56dvd.net
www.libsdl.org
peruvianairlines.pe
indexseo.pl
www.nubo.nl
5fjg.k3y3.net
knyt.se
accioba.org
cntech.com.cn
www.icute.com.tw
overcolo.puk.ro
51ava.tk
sql-articles.com
www.tianzhicaojiaonang.org
www.cs8812580.com
alexa.tool.la
megajogos.com.br
webground.com
mbolatsara.com
dom.ru
ccn-ecp.or.ke
www.peperomia.net
jzar.210000.org
fushun.chinaibi.cn
wrrr.soup.io
albajob.ro
kgt500.blip.pl
fonacier.net
9v24.k3y3.net
www.destinationhardbody.com
qianglingzhuzhang3f.1168.tv
aloyeu.info
howtogetridofpimples-fast.info
cugj.com
bookmrkstories.info
ayacms.com
614t.nfdy.net
skynet.pl
royaltyfreemusic.com
jurawelt.com
lifecyclewa.com
a-danceclub.at
albahadly.com
ady3.info
fadhli.web.id
kjenneli.puk.ro
com-property.com
sextv1.pl
bithub.r.gd
bankthailand.info
polaris.com.tw
podroze-forum.pl
makingmoney.co.uk
tologratis.com
dotstore.com.br
dasheng7.dginfo.com
trk4.com
openstream.ch
hamstrun.wop.ro
herbchambers.com
3plusplus.net
aanstuwd.wop.ro
mhxp.net
qurantube.tv
confignet.de
www.jinpingmeidh.com
119la.cc
3h.ca
supergirls.jp
ourfeeling.com
gzngntro.freeblog.hu
worldwidewounds.com
www.ab123456789.com
cxqp58.com
farsnama.com
linecoaching.com
joy.de
capri-technology.com
coant.com.cn
ewasteguide.info
www.lixingjx.cn
alexa.sn.cn
ropademodahombres.com
encuestasavantel.com
lanxess.sg
acarballeira.es
mmtuku.info
webdoober.com
audiorecording.me
jdwxs.com
kx.nom.vc
makjuzer.blip.pl
7soft.info
lc100.net
68912.com
cdpf.org.cn
peliculasmas.com
jinbx.com
desiderimagazine.it
net-80.pl
bbs.hebnews.cn
tax-assistance.info
complexarticles.info
342w6.gn2012.com
5519.tv
presidente.digart.pl
3rdeye.jp
texasdnb.com
aq.sinohydro.com
melted.puk.ro
bigexpeditions.net
florae.fr
bukmarkit.com
5e5e5e-722a112.tumblr.com
ceap.br
hinichi.puk.ro
defineri.puk.ro
yixiangliying.gigi8.com
aritclemobilize.com
www.laponsko.cz
re8r.265link.com
interstellaires.puk.ro
inkortingen.puk.ro
tahacd.com
adjunta.wop.ro
diegorepetto.com
diariodesolteiro.com.br
bandiagara.info
czes.wop.ro
domstroytech.ru
inborn.wop.ro
asia.lk
dallaschild.com
miscuentas.com
verwoei.puk.ro
homompegs.com
blogotop.info
myvideo.at
fzznyqndcedn.blogtrue.com
mintberri.com
sale-price-store-cyber-monday-black-friday.info
lagatka.pl
hrazh.ch
maganszallas.wyw.hu
convertlanguage.com
www.binbinhuahui.com
www.xiaoyaoyuan.com
obchod-detem.cz
getunia.blip.pl
foundthis.info
gabriella-falci.com
gks.gs
liaochengyibisi.fdcez.cn
photovirgins.info
xafocus.com
lugar.wop.ro
www.tyt999.com
www.66668059.com
ausl.re.it
g7v5.k3y3.net
60.by
caci.dz
sb.ge
danpacplus.hk
mobile4less.co.il
www.egov.kz
autoblogsdemo.info
karlskrona.se
hnsg88.com
www.lengku360.com
www.lhhq.cn
hero.wan.360.cn
www.511sao.com
alut.digart.pl
rapporteerden.wop.ro
currentaffairsworld.com
amato.me
inick.me
jsypj.com
inobir.freeblog.hu
installationwiki.org
instoreadvantage.com
all.kharkov.ua
internetbookreader.4vw.info
345uu.info
jaccsballoons.co.uk
beastsofthesouthernwildfullmovie.blogspot.in
radiotriton.nl
radioupalala.net
ralphfiennes.net
iranmet.blogfa.com
rands.me
rankworth.com
rdiff-backup.org
ps-motorradservice.de
realestate-academy.com
rearwindowfullmovie.blogspot.fi
rebornwow.com
iyc.in
region.tu-clausthal.de
reiteswhi.xtgem.com
revctrl.org
revfnbykjs.typepad.com
revolucaoangolana.webs.com
reymont.at
rezstudio.com
curewelhospital.com
curry.hu
rochester.edu
941dm.com
curtisjbaileyinc.com
rongtuan.net
customizedfatlosseasy.info
rubeo.eu
cut-up.net
ruhekuaisufengxiong.soukeba.net
cwebgame.com
cwsurf.de
sakamura.puk.ro
calineczka.pl
cx.shouji.360.cn
salamayor32.com
cxw.com
sandiskcruzer.3nc.info
cy.78.cn
sanfwan.cn.alibaba.com
cy.9518.cn
www.cfsuper.com
cy345.com
sanya.anjuke.com
cyberbiznes.pl
sapo.pt
cybeye.com
saps.moe.gov.my
cycy.78.cn
sauer4u.nl
cye.com.cn
soyuzmash.ru
sauerland-music.de
cying89.com
sddfzj.com
cylm007.blog.163.com
cytz.78.cn
se.48sao.com
cyw.hk
clickmyarticle.com
cyzsm.78.cn
cz.taofang.com
czdzq.com
czg.chinaspirit.net.cn
www.czta.cz
czjpw.com
www.osemka.pl
czlei.com
czsttviw.blog.mongenie.com
czzygy.com
d-tunes.net
kltybs20f.1168.tv
d1zx.com
d55.mobi
d66.in
d9zw.net
dacu.cc
coach-ulm.com
daedalusautomotive.com
dafeng.3he.cc
dahuawujin.com
daigakusei.daa.jp
beatlemasterkingkong.deviantart.com
serverlar.gen.tr
daihehaigongyuan.soufun.com
daikin.laishism.cn
dailyquotes.me
dainfo.com
beatogiovanni.it
daisypritchard.co.uk
moneyfactoring.ru
dalegas.com.uy
daliner.net
dalishi.biz
bielsko.pl
danauberphotography.com
danbetcon.com.pl
bz1ma.com
dancehallcelebrities.com
cognement.puk.ro
bigbo8.com
danga.com
dao.taodat.com
daogou1.tk
teeksforgeeks.com
dapurpunyaku.blogspot.com
biglobe.ne.jp
bj.wenkang.cn
largumentoire.free.fr
bjclock.diytrade.com
fashionistka.pinger.pl
ammoseek.com
bjjzh.net
fatsc.com
www.homiki.pl
faulinanovianty.com
fc-leki.ru
feedbooks.com
bjtxyg.cn
eftbanca.cl
feedburner.it
feeds.gawker.com
bjwdz.com
fengshihjzhsq117f.1168.tv
fengxiongchanpinhao.soukeba.net
blazblue.jp
ferienhaus-kirchplatzl.info
sdjck.com
ferienhaus-kylleifel.de
glj.9998.tv
bleu-ciel.first.mepage.jp
goals4nyeri.de
getdeal.de
blog.jiazu5157.com
gocpro.com
aggruppi.puk.ro
godspantrysc.org
gokarbon.com
blog.ppcode.com
goldenboyseafood.com
gomaomi.com
blog.tut.by
centurynationalbank.com
gonamai.com
gongzhuling.gqsj.cc
goodfellasfullmovie.blogspot.it
blogs.ejb.cc
gorogorszag-utazas.lap.hu
goupengyou.net
mejoresfrases1.com.ar
gourmet.goo.ne.jp
blogs.upv.es
govd.com
gp-bikes.com
blogsome.com
gqt.org.cn
esmsworld.net
gravatar.com
blogspot.de
grazia.com.cn
greencarpetsystems.com
greennet.net
blue-revo.info
91530.co
griesheimer-zwiebelmarkt.net
grimrockwiki.net
groffo.com
groomdirect.com
blueionic.com
groundjava.co.uk
tekki.de
grupmet.com
bluendo.com
habbotstudios.com
hahahay.com
blzq.chifeng.gov.cn
hamptoncourtkennel.com.br
ratemeute.free.fr
hanzhong.bgo.cn
hanzu.me
hao.81vvv.com
bmas.de
hao.94pian.com
esdcf.cn
hao.kuaibo.com
haobi365.com
haofuwuqi.com
haoxifu.net
happydentalusa.com
bunengshasheng.diandian.com
harbourrecords.com
bo11.com
hardrockhideout.com
harleyradio.com
bobo.3434hh.net
harmonyrestored.com
m.zy.357.com
harrysbodyandfender.com
www.szyoga.com
harusuki.net
bock.hu
hasandarzi.com
hasel.ch
haunted-kitchen.blog.so-net.ne.jp
colorcoat-online.com
hausamwald.se
bogdanalexpopescu.com
haveall.net
hb.sifanghua.cn
darkiyu.com
hbbf.com.cn
gapeland.com
bogs-studio.com
darujem.sk
hbczxyd.com
datang.zzxx.in
hbgt17.cn
hbzgw.hebei.com.cn
bolbachchanfullmovie.blogspot.gr
datosdelsitio.es
hc08.cn
datura.jp
www.cnshicai.net
hc433.com
davelv.com
book.juu.cn
hcbbt.net
daveslist.com
hcoop.net
davidkinsella.com
hcpad.com
davidnaylor.co.uk
bookmarks24.net
hd134.com
stykaa.wrzuta.pl
davidyap.com
hd212.com
daxiao.me
dayi100.com
hdcity.com
bookmarkspligg.com
dazadaslietas.lv
hdreceiverfiyat.4vw.info
dblp.uni-trier.de
dormck.info
dbm.78.cn
bored.com
he.189.cn
dbmmo.com
dbvis.com
hea.chinabyte.com
dbxtreme.com
healingfeather.com
dc495.com
english20star.cn
hengststation-bodethal.de
bornsteinforer.r.gd
dc5b.com
henv.cn
dcgl.nfdy.net
botswana.co
hepu.zj.com
dcjinxing.b2b.youboy.com
bouquet-anniversaire.blog.hr
herbalwiki.org
dd14.cn
hercity.com
dorakishi.digi2.jp
dd369.web.17jzw.com
bqspa.wqjz.net
heritagepreservation.us
dd5.cc
hermeticuniversityonline.com
ddt.439.w1.gs
herrinzachariah.tigblog.org
brainoff.com
deadline.hu
hertimeline.com
dealdo.com.au
www.0796gw.com
hesperides.nl
brand.pconline.com.cn
dealosaure.fr
dearpapa.org
hetada.com
deathnburn.se
hetian.66law.cn
brandcrowd.com
debrariffe.com
hex2.soup.io
7om7.qiwen5.com
deco0-c.pokecafe.net
hexie.me
brandonanne.hyves.nl
deepzing.com
hexiexb.com.cn
deet.tk
hexun.com
dejiabg.com.cn
brasted.co.uk
heyunlaiaa.b2b.hc360.com
dejzy.pl
andymoore.info
hf-10086.com
delanemti.ro
delftsman.mu.nu
qui.blip.pl
hf.edai.com
bravo.clan-tlb.com
dell-forum.de
hfbaykee.com
deluxecar.fr
hfbj88.cn
brdickinson.tumblr.com
deluxemenu.de
gbidowlu.wop.ro
hfhtzs.com
demardeals.com
hfk99hfk.cn.china.cn
democracycampaign.org.uk
brett-rigby.com
hfkunpeng.com
demurrage.wop.ro
denaro.it
www.cncyedu.cn
denhaag.hyves.nl
bloggerjobs.de
www.eglifix.com
denisboudreau.org
www.hamaba.com
bretzer.net
dental-w.co.jp
4193.210000.org
www.xxq6.com
denumar.de
www.zzmjjx.com
deoria-uttarpradesh.olx.in
apple.766.com
odexa.net
depdagri.go.id
archcape.puk.ro
dermitdemwelstanzt.de
archinfa.puk.ro
brilliant.gd
describewebae.net
archosfans.com
designsbymegs.com
arcual.puk.ro
desmoinesplumber.org
brisbane.craigslist.com.au
goinertia.info
area254.com
destylatory.eu
area51-news.com
detail.cn.china.cn
areapura.be
devil-racers.de
brothergreen.com.au
dg.454.cn
areyoufuckingcoding.me
handyman.co.nz
dgjiaji.com
argesjob.ro
dh.47890.com
arickman.gportal.hu
dhanphotos.com
bs.zzfc.com
arielcom.info
diabolique-full-movie.blogspot.in
arinin.freeforums.org
ariocarp.puk.ro
uncfsu.edu
armaggeda.digart.pl
armava.puk.ro
bsfw.sxga.gov.cn
armband.puk.ro
armlinuxpro.com
homepagebd.com
armonie.puk.ro
bsqjcy.78.cn
armor-making.meetup.com
arod.puk.ro
bt.dance520.cn
arpentera.puk.ro
news.tom.com
artiad.puk.ro
article.wn.com
bt.yes515.com
articlefriendly.net
jump.bg
articlekatalog.com
articlemania.net
2fou.com
btconnect.com
articletracer.info
artina.bloguez.com
artistsofanarchy.com
btv.com.cn
artlebedev.ru
8899.me
artliszka.digart.pl
buai.cc
artmarie.ro
artoo.de
artrack.com.au
buhlers.de
dianyingxiazai.org
linkkatalogus.neobase.hu
artyrous.posterous.com
bulainc.org
aruite5.blog.shinobi.jp
bulksmsindia.mobi
arusha.puk.ro
aruzza.puk.ro
arver.puk.ro
protatry.sk
bumicitrasatria.com
aryanlink.com
as.chnt.cn
asatyan-net.seesaa.net
asbestou.puk.ro
alkmaar.nl
ascon.puk.ro
kaczmars.puk.ro
burninginfo.com
asdaysgoby.com
asdf890.suliao.biz
burroakscamp.com
asdfg789663.gameclub.tw
euro-police.noblogs.org
asece.org
bus-miete.ch
ashford.edu
ashole.hu
buu.ac.th
ashy.de
asia-expatsforum.com
jorjette.ro
asiafan.hu
buy-mutual-funds.com
asianflower69.a-maturescam.com
asianladybugs.webs.com
buymobilephones.net
asianluvscock.a-livesexasian.com
duerk.info
bvdjlwqi.uintu.com
asiansteenfree.com
asierrios.com
by-rino.de
asilid.puk.ro
asimst.ro
km-orzel.pl
ask-nathan.deviantart.com
bygal.com
ask.aiao.cn
asset.pingan.com.hk
atdmt.com
byron-amanda.com
ahomeemployment1.info
atehenmei.net
atelier-12hoven.nl
byth.78.cn
atomen.puk.ro
chris-pearce.net
bytow.pl
atridf.net
bzfr.taoba.com
att.sze.hu
0692.in.ua
aust.edu.ng
bzrzx.net
cpaf.nfdy.net
depic.me
m-powder.com
deptan.go.id
desierta.wop.ro
designinnovationsf.com
c-o.com.cn
dibisis.net
despearse.wop.ro
diglog.com
c.bn.cx
diigo.com
deutsche-riesen-vom-giernbachhof.de
dechema.de
diigseo.com
developer.yahoo.co.jp
diitsy.co.uk
developers.slashdot.jp
dinocrat.com
c.shifugao-av.info
dg.pxto.com.cn
dir168.com
dgjx.dg.gov.cn
directorybritish.com
www.nxj.cc
dh.7q77.com
discount-news.info
dh1616.com
discrepando.com
dhzs.cc
divani.uz
c1520.sha7.info
diablowiki.net
diversodesign.com.br
apostazja.pl
diandche.78.cn
diyidaohang.org
c2cprocurement.com.au
dj.iciba.com
dianemerlin.com
dj66.net
dianying.meituan.com
djtomee.de
dichtienganhso1.com
caaa.cn
djyy.net
diddlclub.nl
www.m-18.cn
dl.ln2car.com
dietasuplementy.warszawa.pl
dlematik.com
dinstudio.no
dlrpwiki.org
diopsidae.puk.ro
dlysled.com
diplocksolutions.co.uk
dlzx.cc
motoshir.puk.ro
dirdns.com
dmwoordenboek.nl
cafe.pl
dnshost.hu
ditan.yesnew.com
dnslookup.fr
dnszl.org
ditu.baidu.com
dobroda.hu
cafepiepke.com
dj-alfredo-da-matta.hyves.nl
docler.de
djt.qq.com
docs.yahoo.co.jp
djzbw.com
cai8.cc
doctorapple.it
djzmeu.ro
ng.pl
doesrubbingalcoholhelpacnesmpm.wordpress.com
hentaibam.com
dkvblog.sulekha.com
caidao.net
dl.ln.cn
dl6v.qiwen5.com
caihongcheng.soufun.com
dlfkjs.ch.lv
dlw.78.cn
victorstanciu.ro
dm.56.com
caimai.cc
dmaasafety.com
dmitrynovik.com
cairo.ag
bluedolphinhotel.eu
dnf.qt263.cn
doddo.net
caiyuan.tv
domestic.tour.travel.yahoo.co.jp
domingo-savio.edu.pe
455.cc
dominiosaws.com
domkoncept.pl
californiaconversations.com
don1969.blog.so-net.ne.jp
donanza.com
mail.huixingd.cn
donghua.2243.com
donovalybike.sk
camelsounds.com
doorspalace.nl
doriborg.blog.is
dorimolly.pblogs.gr
googabox.com
camfoot.tv
dossettbutcher.co.uk
dosto.nl
campuslinkx.com
dota.tgbus.com
dotrack.info
cangzhou.66law.cn
v2.adm24.de
dotwu.net
caodi.us
doubatnac.com
doufengwang.com
caoliushequ.blog.cd
douglastravelct.com
focus.ua
download-pusha-t-ringtones.blogspot.be
dozzi.cn
dp-cocktails.de
dp.bjfyedu.com
caoliuyaoqingma.tk
dptpb.s.yxgz.cn
ekzl.nfdy.net
dq7.org
dragondreamer.net
dreamteamro.net
dresscamp.jp
brays59377.huijucn.com
drh.dz.vancelle.net
drigg-code.com
droscarmitchelljr.com
caooliu.pen.io
drunkdubs.com
dubb.9r.ro
duanhousheng.fyfz.cn
caososo.com
dubcomusic.com
dubpark.acg.hk
duluthmn.gov
www.50ph.com
dunnu.nzw.cn
duo-cem.de
dutchyoutubegathering.nl
capraz.net
dvcs.w3.org
www.kfbjb100.com
dworekjulia.pl
dy.hnedu.cn
capri.lt
dy3.cn
dy9.net
memburu.info
dychugui.cn
car.269.net
dynn.org
dyqun.net
dyw.admin8.us
carear.wop.ro
traviscreatesstudios.com
dzambas.ch
cargift.cn
dzcity.cn
dzwncd.78.cn
dzxwg.com
caribbean-venezuela.com
www.3s8u.4f9.org
e-junkie.com
e-phrase.com.au
e9sj.com
eaby.com
carnival.efesco.com
domainsigma.com
eagleswindnation.com
goutetnature.fr
domof.com
eanevin.bloguez.com
domuy4384.huijucn.com
eansafe.com
dongbai.com
carpetworx.net
east-westpizza.com
donhuijsen.nl
ebook.taobao.com
malulani.info
cars.nambuccaguardian.com.au
dota.qyu.cn
ecdlweb.hu
dotamir.ru
eclub.lv
casa.gov.au
doulai.mobi
ecn360.cn
down.qqbanlv.cn
eco.ria.ru
down.xingtai.net
colonialhills.us
ecolodesign.org
download-ace-hood-ringtones.blogspot.hk
ecug.org
ed.ac.uk
casinogaming.org.uk
edhelnald.com.pl
edopassarella.com
mendemagsalt.insanejournal.com
edu-resourse.asia
castello.es
edu.people.com.cn
edxonline.org
eeban.cn
556779.com
catalin.vinul.ro
eed.com.au
efate.puk.ro
sufi.com.co
eforum.com
catalog.tut.by
eromitai.2chblog.jp
sopraant.puk.ro
fusohorariomundial.com.br
game.zy169.net
catb.org
icrt.cu
intericad.pl
catfan.me
yakfaceforums.com
cb-itconsulting.com
asian-feeling.net
cb.abler.cn
donfutbolito.com
cc.96com.cn
ccec.org.ar
cdqt.265link.com
cctld.dk
ccw.dbb5px.com
enyenioyunlar.net
cd.auto.sina.com.cn
werbung-regional.info
cdtzycm.com
360430.com
cdyy.cn
ceed.hu
wsjhqd.78.cn
ceeghlgfzv.freeblog.hu
skytube.jp
www.fda.gov
celeb.blog.nl
www.cre.ru
celebrityfansitesnetwork.com
centurionfoodmarket.com
iowners.net
ceronegativo.net
cevi-zuchwil.ch
mysixpacksecret.com
windesheim.nl
download-waka-flocka-flame-ringtones.blogspot.be
albonico.ch
cezi.net.cn
download-yelawolf-ringtones.blogspot.com.es
cfp.cn
animeron.info
cgcookie.com
numoo.co.uk
cgi.sfu.ca
kisatomii.wordpress.com
www.qncyw.com
chacheng.cn
chahat.nl
chaikaapi.com
cpaoffers.com
changde.house.sina.com.cn
changeghana.com
noticiasdeinformatica.info
draprmtsztqvmw.blogtrue.com
changjihuizuzizhizhouyibisi.fdchs.cn
romney.wop.ro
channels6.com
fd1.info
www.51119111.com
chapelstreet.com.au
trophoneurotic.puk.ro
charge.quote.yahoo.co.jp
dziecka.pl
chat.avbo8.com
hariet.com.pl
chblt.81666.net
chc2004.cn
bamdad-esmaili.de
cheapplussizehalloweencostumes.net
gonirwana.info
dreamsinstatic.deviantart.com
dreamtyskyline.gicp.net
cheapviagradeal.com
dress.pclady.com.cn
checksitetraffic.com
enkaustika.cz
chel.mk.ru
socialmediaranking.at
chuclone.com
chelle-ebrations.co.uk
centrum-si.pl
driftlegends.co.uk
chelushkin.ru
driscollgrogg.tigblog.org
chennai.usconsulate.gov
drmitra.com
drumcorpswiki.com
ads.genericlink.com
dspx.org
dsspawnpoint.webs.com
chera.ro
dsthorne.com
cherrytree.at
ducningpibench.blogger.hu
4heures-epinay.com
duduwen.com
dumai-oke.us
duowan.fad3.net
chezfrance.com.br
duoyidu.com
ecgorzow.pl
dupola.com
chicitysports.com
autojini.com
chickcomedy.com
poesis.cz
childrenofstarclan.com
wapcw.cc
childrensclothing.sunzheng.info
chillbracelets.com
www.521wang.net
china70s.com
chinachs.org.cn
888aaa.in
chinahr.com
www.cheap-timberlandshoes.com
chinatravelguide.com
chinaviai.com
alliancecommunity.org
chinawestnews.net
chinawg.tk
3600safe.com
dy.puout.com
chinese.catchen.biz
chinezu.eu
daegu.kr
chisinau.mae.ro
chloepardoe.com
osteriadelgalloazzurro.it
candyandcandy.com
chnfeipin.cn.99114.com
ijfe.nfdy.net
moreshop.net
www.tangrenf.com
dynamic.qzone.qq.com
valpetre.wop.ro
dyndns.org
chol.com
dyqun.info
dzrb.dzwww.com
e-vestnik.bg
chongqing.qyi168.com
e-you.ch
paxononline.com
rtvg.nfdy.net
e23.cn
eaglecave.net
eaglechamps.com.au
eaglesofdeathmetal.com
fratmusic.com
eastaurorakiwanis.com
eastereggrun.com
easyaccesstravel.com
easymoney2012fullmovie.blogspot.co.nz
jinmmd.info
spillespill.no
bobonaza.wop.ro
eatglutenfreelikeme.com
888ss.info
bbs.avyy.cn
beyondtechnologies.info
denkspiele-online.de
topdvdplayers.20j.info
citycenter-rosario.com.ar
unotice.cn
militaria.pl
chosek.jp
ebmark.com
htcshop.3ji.info
changhong.com.cn
chrissyx.com
chtrain.com
mastermagazine.info
chuan1.diandian.com
evsdesign.cn
ebook8.org
chuan1.tumblr.com
ebwaydev.com
chuan2.tumblr.com
edai.cn
erssdsd.webs.com
edirectoria.com
edu-sud.org
chuan5.tumblr.com
edu.78.cn
edu.cn
chuan6.tumblr.com
edu.ihep.ac.cn
backlinkbrain.com
educatedbyerrors.de
eduhi.at
chud.com
edus.si
edv-service-erlangen.de
chunmian.taobao.com
edunet.tn
eepurl.com
eethuisdayang.nl
cia.org.cn
effectivetaxratecalculatoruvio.wordpress.com
cialisrxbuy.net
carlosxuma.com
cidinola.org
frecuencialatina.com.pe
wapcf.org
ciein.com
www.sexgs.net
43gan.com
jesuitenmission.at
cimmeria.ru
mrak.at
cincinnati.com
www.youzhigang.com
girlysavings.com
bie.to
cineist.com
cipkr.ru
casinoaction.com
circumtags.com
cirelin.deviantart.com
www.a51.pl
www.njbaoyu.com
80st.org
cirrus.com
city-tv.kiev.ua
www.shaofu.in
holenderskiskun.pl
city.sz.net.cn
rsj.weifang.gov.cn
ejee.com
ejielx.com
citybargoon.com
ejuku.net
eku.cc
search-bee.com
elakiri.lk
elitecastingnetwork.com
elshowdedoncheto.com
citylightsfullmovie.blogspot.com
elydis-gestioncatalogue.fr
emergencymedicalparamedic.com
www.sp-agni.ru
emilyannebailey.com
emotion.ylnxw.cn
empflix.org.uk
en.crtvu.edu.cn
liuyi.co.cc
en.valueofweb.net
enen.me
english-nz.info
pysiaaa1.pinger.pl
www.deru.hu
aminka.digart.pl
enrichmedium.com
www.qguowang.com
ent.zsy.cn
entirework.com
entre.gr
epfans.ch
epicphotos.org
www.0631hjf.com
eravi.org
ergastirikinisis.gr
ericstips.com
esa.org
europaplus.ru
eskuvo.viragcenter.hu
esstao.taobao.com
ethosthemovie.com
ethrong.com
memenet.jp
ethylometre-ethylotest.net
etracker.de
etwinner.com
euddc-siegerschau.de
fulbright.state.gov
euraka.taobao.com
europeanhedgehog.webs.com
eventosgenerales.com
evloft.com
evolutionaryeconomy.eu
guitarmatcher.com
ewdrs.net
ex-ro.net
excellentpost.com
expertsarticles.com
expiracionlarambla.es
barabara.digart.pl
extrastyle.hu
extremevision-thai.com
ezipixphotography.com.au
f.game.tom.com
f1.97hy.info
31968.223366.info
f32.aaa.livedoor.jp
f38.cc
f5.hk
facaishiye.com
einarsdottir.com
facebookforum.co.uk
facialtreatmentsforacnescarsoha.com
fad8.com
family-download-games.com
familycreamvideos.com
tv.gazeta.pl
fancyfantasy.deviantart.com
cj.0752rc.cn
fancyfeathersandfur.com.au
cjaryuviyh.skynetblogs.be
fandomwank.com
entoptoscope.puk.ro
fangzhou.2012.blog.163.com
fanli.omaiga.cc
fanli0838.com
fantagero.it
fanyi.5w.com
affinitygarden.com
fara.sk
fasadstroy-m.ru
latinovideoblog.com
cjg.gazeta.pl
ckworks.sakura.ne.jp
462.elernc.osa.pl
www.zbdxbyy.com
dancefinesse.com
cl-lindner.de
hmcys.com
cl.ufree.org
justteenbabes.com
www.cbfm3toques.com.br
clanassassin.com
otolista.pl
ilei.pl
classicbus.ru
ra000.com
awbank.net
claudiagadea.ro
bsbrodnica.pl
availhosting.com
clavashka.com
www.020dfs.net
clementco.com
iaoq.k3y3.net
clfer.org
dubaiwoodshow.com
clll.com.cn
neanthro.puk.ro
closed.com
competitorscompanion.com
clsmln.com
club-xm.com
eptakyklos.gr
club.it.sohu.com
club.kdnet.net
clyee.com
bratstvo.info
cmcrcw.com
cn-3.cn
cib.com.ua
cn.51suke.com
justiceschoolsz.info
cn.bing.com
ir.lv
cn.colorpro.cn
cn.last.fm
999ib.com
cn.overview.mail.yahoo.com
sjv.se
jabo.wop.ro
cn0597.net
algaida.wop.ro
cn0668.com
laketheposts.com
nonsystematic.wop.ro
cn1.in
cncv.cn
m-1.fm
x6as.qiwen5.com
cndong.cn
530wiki.sba.uwm.edu
cnjpedu.com
harbin.gov.cn
cnlaw.net
oublierais.puk.ro
cnshu.cn
percer.pl
monstermediaworks.ca
everywheresagym.com
coachusamall.blog.cd
katalog-next.pl
yjsjl.org
cobrateam.org
cocoadiner.com
6zz.cc
cocobeankids.com
bbula.digart.pl
cocoyg.com
coderz.pro
www.sdjxxinxi.com
picasaweb.google.co.in
codesector.com
nurturemybody.com
codesky.net
coffeescript.org
shayla.puk.ro
myface.com.nu
cokig.com
collectiveautonomy.net
5ishare.cn
collisionyouth.com
colorcon.shop-pro.jp
es.jxyclb.com
colors-night.ch
sztk.ru
columbiadailyherald.com
job.cqla.cn
commentsfromleftfield.com
commontemplate.org
795.la
compagnie-fontenotte.fr
114.xiantao.hb.cn
completelynovel.com
computerpower.webs.com
exportimportforum.com
consiglionotarilelatina.it
contest.i21st.cn
www.cctv017.com
context.ua
cookbooktree.us
flvnhroqxj.bloguez.com
cool-been.com
umusic.ie
coolvibe.com
kidsworldfun.com
coombs.anu.edu.au
copila.ro
windowshostingz.info
corbilinkgar.soclog.se
cordilleratraveller.com
biomassenergycentre.co.uk
cornellcollege.edu
corp.163.com
laseczkowo.pl
www.debruijnhaarmode.nl
bbs.zhu.net
corporatepotential.com
drxlr.com
coscj.ro
firma.interia.pl
tianya200.com
councilofelrond.org
debangsg.com
coventriansrfc.com
cpalock.com
kiyoka.wop.ro
cpptw.com