chuetsu-h.ed.jp
undefeat.wop.ro
22za.info
darmoweseo.pl
points24.com
crushitoncraigslist.com
gcn.gov.hk
babelea.org
whiteboard-flipchart.de
www.jiemawang.com
bbs.mengnan.biz
pychotka.pl
m3com.com.sa
zekp.265link.com
www.22178.net
webdaili.info
3d-hentai.biz
mskj.net
www.see8.net
gna.org
l2o2v2e1s1e1x.jimdo.com
discantu.wwwwww.wop.ro
maximarketing.biz
360s.vn
rongpencil.tk
fitbull.pl
ly.amt520.com
luuu.qiwen5.com
rc-sim.com
dues.com.mx
trophycentral.com
fridhem.blogg.se
prka.info
orlinos.blip.pl
cp5p.net
help.163.com
porcianet.info
51myit.com
blindsparts.com
edouga.net
auto.ks.js.cn
fabriekswaar.wop.ro
msfu.ru
opplati.ru
jcbiz.in.th
ovqzexqz.blogger.hu
angel.ac
6hjw.net
www.ygc.xm.gov.cn
jzek.210000.org
doittour.com
uuu3.com
iasworld.com
lotbest.ru
galber.puk.ro
gardaexperience.com
56.96520.com
carenet.com
ciemnanocka.blip.pl
turkstudent.net
52xj.info
amin.mihanblog.com
cpa021.blog.sohu.com
0594188.com
toppest.ru
liikennevirasto.fi
unslot.wop.ro
shoppingetsensations.com
flanconade.wop.ro
wetradetogether.com
agong.info
garden-fountains.com
www.jianzhuyingcai.com
www.355w.com
5b6.info
11st.co.kr
3000it.net
www.kckj.tk
anatuprak.com
ilovemorning.com
triplite.wop.ro
www.akwait.com
gayavatar.info
netv.pl
newbalanceoutlet.zsuit.com
www.phsun.com
hundsun.co.jp
adslen.co.za
kerber.fecsegj.hu
chaoying.org
imperish.puk.ro
355869.com
eromangabbs.com
cache2.nipc.jp
806z.com
bansko.net
a397.hyves.nl
www.hb6.org
i4u2.biz
www.wernercn.com
bielsystems.com.br
animeron.info
cephasministry.com
broadens.puk.ro
bfinternet.co.uk
planethoster.net
golfspain.com
kabtech.co.za
westyle.in
111kfc.com
eleqtriq.com
win.21cbh.co
ekart.ir
www.xfuedu.org
2349v.com
trebwypea.freeforums.org
advenediza.puk.ro
0374it.com
www.u69cn.com
solar-partners.jp
cbg-meb.nl
1club.fm
18p2p.us
gierkionline.pl
acnedirectory.info
pussy-club24.de
leyar.me
avallone.com.br
alcorzada.puk.ro
www.kblm.cn
z.hangzhou.com.cn
bedroom.co.jp
23.gd
4325.net
devcamp.pl
vsmedia.info
macrumors.com
www.yinyingu.com
163gg.com
koph.hu
ceoofmeincdesigns.com
www.ivo.pl
babyonline.pl
batteris.puk.ro
discountstockbrokerage.org
amsnow.com
a-ko.org
adamapharmacy.com
kvbnet.co.in
ourstate.com
www.daniuse.in
copadmundo2014.xpg.com.br
029hifi.com
cgi.jomon.ne.jp
banditobrothers.com
wo.cm
500w.ca
suttlest.wop.ro
nickthemac.com
www.sony.sk
flipplanet.com
99centarticles.com
drapersjobs.com
cancan.ro
bilnur.com
www.ltc58r.uqc.cn
027b.nfdy.net
cimlap.info
www.recyklujteshasici.cz
desims.hyves.nl
wciu.edu
azulychocolate.es
goinfre.wop.ro
nh07.com
ernr.nfdy.net
jaceklange.com
8site.pl
seonovichok.ru
computrabajo.es
panduanpercuma.info
www.htyh6yju7j.com
gaikou.wop.ro
affiatammo.wwwwww.wop.ro
www.hishoushen.com
0717.100hg.com
dodaj.info
bulunge.puk.ro
adsearching.info
mszxrzscxqzit.blogtrue.com
broeze.eu
dy.33aaaa.info
tiptonphotography.co.uk
ogusigou.puk.ro
getdeal.de
yinzerpedia.org
521338.info
chomuabanvn.com
eppkabqth.blog.mongenie.com
anzen.m47.jp
chichester.co.uk
rechecker.com
it.gg
canon-ci.co.kr
acerenza.info
www.mxcygs.com
hurryup.nl
elmorlaco.com.ec
ewuska497.wrzuta.pl
keymas.wop.ro
www.hoba.it
freefallin.us
www.mogujiafanli.com
mlp.digart.pl
dijazzradio.com
fnev.qiwen5.com
www.ecedu.vn
ocelpepos.blog.pl
fichez.wop.ro
heatherly.soup.io
999.cc
1kmm.qiwen5.com
vanhecke.info
58119.com
vorhaeute.puk.ro
new-hope-opera.com
instantpaydaycanada.com
webcamcaptures.net
www.omnium.cat
www.gddgky168.com
focus.cn
www.grofield.jp
fuinga.puk.ro
arr.blip.pl
allplanethotels.com
olympia.nl
intuos5.wacom.pl
digimaga.net
771.3199.cn
seoend.com
4zai.net
www.shimen.gov.cn
hokanhou.wop.ro
www.aracis.ro
wmscripti.com
hundeiker.de
inuredne.puk.ro
babyfirsttv.com
lgvc.nfdy.net
dictionary.goo.ne.jp
cs-arena.ru
webdesignplay.com
www.ygs11.com
anyang.house.sina.com.cn
einet.net
mollymelissa.blogg.no
ahwi.nfdy.net
bosch-pt.co.uk
649168.in
chanthachhim.com
markasemnonia.de
mocotyan.blog.so-net.ne.jp
uniritter.edu.br
psgvgzcdex.freeblog.hu
senkel.puk.ro
g682.com.cn
minaevlive.ru
85ggg-726.tumblr.com
phertri.edu.pl
2chmm.net
www.fmnaha.jp
awardspace.info
51bbo.com
softservice.com.pl
49ic.nfdy.net
firebook.de
amnb.com
roguehangar.com
m1.515gc.info
taiken.snapmix.jp
secretstorylejeu.fr
dailysale.com
onlinertjes.be
cxhp.nfdy.net
alternate-energy-sources.com
klistoffers.info
rasons.wop.ro
jrcn.qiwen5.com
www.cninf.com
yiren1.info
cha.dn0.cn
doskaukr.com.ua
bcrcw.net
foodinsight.org
lithify.me
ieb.be
barby.co.il
9850sm.com
geld-intern24.de
danielperry.com
aia.com.hk
yokoro.fr
romlit.ro
industryrockstar.com
bodacrisyjavi.com
opencapitalist.org
thecreationofwealth44w2.info
mus.prv.pl
www.younaowang.org
almacg.fr
www.maglod.hu
www.netnr.com
bidyutbikashdhar.com
365dnislonca.pl
zahradnictvikrulichovi.cz
opererer.wop.ro
sirs.com
toughweld.com
alexfeinman.com
bijubeyou.pinger.pl
eroticxvideos.com
www.entnet.org.cn
home7-11.com.tw
xfzg.net
www.merida.cz
fyre.nfdy.net
www.zgxxbbs.cn
www.didiao.info
17pochu.com
ilovemotor.jp
ruangsoftware.com
kus99.com
nimfomane.com
polosa.co.il
missdomain.se
hospita.puk.ro
android-talk.de
khk.be
kavezo.sopron.etel-ital.nyugat-dunantul.istenhozta.hu
kollymovie.com
cos.pl
zhwz.info
hea.chinabyte.com
hengguang58.cn.gongchang.com
yes-cool.info
adeem.me
placenames.com
upsfreight.com
www.btex.dk
9lgd.265link.com
www.sz-cmm.com
granturismo6.se
teamccm.com
keouc.com
1tzs.com
monstar.fm
www.timesbook.cn
bodaclick.com.do
binguan.youxiba.info
3almostqbl.com
swo.1bjp0h.com
yazikita.com
szderun.com
36nf.com
jy06.k3y3.net
ania01234.flog.pl
wanyo.wop.ro
daomubiji8.sinaapp.com
raya.com
www.uccw.4f9.org
unparted.wop.ro
httpsdoc.com
airjordans-for-sale.net
sentio.it
nemovitosti.cz
copywritingboard.com
bijverdienden.wop.ro
3u7.info
www.zngay.com
sex-toplist.de
www.youthpsy.com.cn
aprender-gratis.tk
hyiponline.info
www.seacha.com
www.whskyyk.com
slcdailydeal.com
onetv.vn
kamoshit.wop.ro
arpista.puk.ro
www.ittop.ir
hero.prv.pl
viiip.com
macandidature.fr
xzyo.com
topaz.pinger.pl
iberes.wop.ro
sfilavo.puk.ro
arcaplex.hyves.nl
cxba.cn
cash4members.com
zc.jxmmw.org.cn
soft.hack86.com
shoujizu.net
yjxnjy.com
enix.pl
4bb.cc
www.cfdcc.com.cn
jf-castelo.pt
www.hfclean.cn
www.dpac.gov.cn
mars5337.iteye.com
www.attackers.net
sns.zsr.cc
www.at188.net
blogoree.ro
samamai.wop.ro
cloud-ips.com
www.tyerp.com
astakov.ru
kvizit.hu
sopot.pl
84aaa.niwota.com
www.365wnfw.cn
life-of-brian-full-movie.blogspot.cz
b799279.xici.net
www.rfidease.com
createmyworkout.com
q8zhibo.com
artikelfabrik.de
www.guan400.com
projects-abroad.de
discdog.pl
akn.pl
kumo.digart.pl
wap2.tzt.cn
gzsppf.78.cn
xj.189.cn
www.yct8.info
zhangzhiping.com
180724.com
ne51.com
www.hkfanyi.com.cn
apsche.org
onlinehome.us
sexbig1.info
www.veryhman.com
top-sam.com
zeleki.wop.ro
joker7777.info
cosmicpay.com
hengshuisu8.fdcez.cn
travolti.puk.ro
spwm.lizhidy.net
www.fpiao18.com
www.nhzhaopin.com
bookmarkstar.net
ktozvonit.com.ua
zhishangnet.cn
gofre.info
nikpk.digart.pl
www.xsiii.com
life-of-brian-full-movie.blogspot.com.ar
vidaamericana.com
celvik.ba
www.jbteens.net
blindden.wop.ro
www.cndanqi.cn
linkscr.info
arih.210000.org
www.industrialcenter.ro
www.babausztato.hu
gxiao.ga
www.yyguu.info
zerrenden.puk.ro
rufaaforall.com
lubriciouskin.net
myc.com.tw
jama.ama-assn.org
toronto-lime.com
p.cc
www.qbxs.net
www.dz-tv.com.cn
buchi.puk.ro
calcos.com.br
userlan.ru
www.fengruchanpin.org
www.protex.no
shrm.org
tatbank.ir
www.weifen.net
tonheimar.is
51piaobo.com
www.07mn.com
www.tfjcgs.com.cn
aaron-rodgers-super-bowl-jersey.ppepu.com
cheaprdp.info
vautrais.wop.ro
lesbianpornjungle.com
nexusrealms.co.uk
unebensten.wop.ro
touchofdeathforums.com
comune.udine.it
www.nonsteam.cz
tearz.prv.pl
romanorlovblog.ru
www.ztseals.com
txhn.56dvd.net
www.sprat.pl
brays59377.huijucn.com
mintberri.com
www.kdy120.com
seisekih.wop.ro
4-h.org
www.st181.com
herzegovina.wop.ro
klagegrundes.puk.ro
www.bevyshare.com
bozenkowo.pl
www.444hu.com
logik93.wrzuta.pl
kawabeok.wwwwww.wop.ro
missa.flog.pl
0urn.56dvd.net
edow.k3y3.net
www.agrofama.pl
024anmow.com
www.opowiesciwpr.bloog.pl
ermland.wrzuta.pl
machogo.wop.ro
hun99.com
www.npyssz.com
healthcity.be
fashionmeta.com
menology.wop.ro
bronzefa.puk.ro
getnotices.com
pairies.wop.ro