elis.me
heavenlyglow.net
begowk.wop.ro
942942.net
key103.co.uk
www.gzlzqy.com
adamprzemyk.pl
gecrb.com
fonfon.soup.io
www.killdog.net
windirstat.info
tigerstudios.net
alter21.es
www.gsma.gov.cn
safety-first.mn
klikki.com
asopusitemus.com
www.heypc.cn
gigg.56dvd.net
nexths.it
mileysweetz.pinger.pl
creditdevice.info
urp.njnu.edu.cn
concent.wop.ro
josepharchibald.com
infodaymedia.com
sobrasileiras.xpg.com.br
mpkolsztyn.pl
nothnagle.com
fast-roam.software.informer.com
innigkeit.wop.ro
www.apbxgbw.com
hkslazar.pl
codeforamerica.org
www.daofaziran.com
amosproject.org
www.zjygdq.cn
vinylbreaker.net
saniexpert.nl
tecnologiafacil.com
gorenje.de
softcon.at
caracascluster.com
clearblue.com
artishi.digart.pl
www.pbhot.com
rectale.puk.ro
tnpride.com
jukku.info
americanframe.com
www.female11.com
us.is
pdaexpertos.com
bbs.actoys.net
leadertask.com
thaiwave.com
sambuk.wop.ro
txtbuff.com
scarcerata.puk.ro
tvptv.com
dajuren.com
www.stay2rock.de
rhxo.210000.org
ecoki.com
www.dijiaqi.com
canadianpardons.info
juzhan.net
www.xmfv.com
kunden-sog-system.eu
rtsi.ch
iras.digart.pl
globalmapperforum.com
f1.11hy.info
foris.cn
www.sfd.pl
africaconamor.net
digilistbuilder.com
waverunner.nl
goteo.org
propagluti.blogg.se
www.bd23.com
mycelebrityfashion.co.uk
bbs.xglcq.com
biynr0.co.cc
apal.com.vn
www.yadin.cn
ravu.soup.io
postkontoret.se
www.028abcd.com
us-coin-values-advisor.com
seo.ac
pressportalonline.com
www.didiao.info
www.9yin-woiniu.com
merciaparanormal.co.uk
lanzhou.edeng.cn
hansoku-express.com
yesdeal.vn
practiceone.co.uk
19rus.info
retrogressing.puk.ro
dating-world.net
sylwii.blip.pl
59ii.info
chrometabcloud.appspot.com
hdly.net
kentei-uketsuke.com
o-s-o.nl
escher-bauartikel.de
bookmarks.ga7.pl
sentier.us.com
s.zpxc.net
1bpw.k3y3.net
cavett.puk.ro
linkspropeller.com
sports262.com
shuangexing.1168.tv
lakwatseradeprimera.com
sakkara.pinger.pl
scriptarchive.com
podjok.com
yn0870.com
tjkunwei.com
www.kdyhao123.com
doyeah.com
www.easydot.com.cn
strengthgroup.info
pthh.210000.org
phallici.puk.ro
mmet.cn
www.dlwmw.net
www.gdminbo.com
grillslilacs.huijucn.com
haoyule.info
evansmith.org
mcsd.game2.asia
vamp.soup.io
laelite.net
xiuwufang.com
www.xfumi.com
city32.com
lugar.wop.ro
www.5573.cn
idroid.mk
pligg-link.com
www.pism.pl
play-pokemon.net
b88ucket.info
www.mlqd.info
www.noisefm.pl
superjoc.ro
pressbest.com
modne-suknie.pl
atwody.com
yixl.lizhidy.net
mac-tv.de
bonapu.com
katsumok.wop.ro
6hpm.net
www.co9co.com
irejection.com
vorp.blip.pl
magicalmomentsboutique.com
hailvb.com
nipponbudokan.or.jp
www.aoi.so
ca.19188.cn
ormus.info
spartacuscombatives.com
etgb.210000.org
jxc91cc.co.cc
www.hongboxin.com
tvundercover.com
wdav1.com
www.222tp.net
www.stonedk.cn
nederpoker.com
riadsamsli.com
thescop.com
skodaautomuzyka.pl
filmeonlinehd.biz
koktel.wyw.hu
96xoo.com
www.lkrc.cn
irsst.qc.ca
alpinist.kz
geallite.puk.ro
esensa.pl
cem.org.mx
lmunet.edu
34ppp.in
udonthani3.go.th
pearl-guide.com
255wap.com
front-porch-ideas-and-more.com
fisco.jp
gatewright.puk.ro
shop71930374.taobao.com
grupo.wop.ro
shinsaku.me.land.to
teensexdream.com
kraamkind.puk.ro
swedishcharts.com
www.saleburberry-store.com
casinobonusforums.net
home-based-business-ideas.info
nawetciszamozebyccyniczna.soup.io
trmotorsport.de
tischdeko-shop.de
sale.jinti.com
discover-syria.com
viedefrance.co.jp
monstermediaworks.ca
sweetfountains.com
wygrajmecz.pl
nmtr.org.my
www.dlhxmz.com
picklehe.wop.ro
ficeler.puk.ro
radio.cz
moviemaster.de
pianetamamma.it
geoutill.puk.ro
9sounds.deviantart.com
www.gycwjx.com
allgirlsalley.com
www.hy528.co.cc
wwkitchens.com
directorybranch.com
xeko.vn
boobe.puk.ro
fyrfad.puk.ro
33lian.dvdlinks.at
tiiveni.webs.com
xxoo.75hi.com
min.us
psychophaze.digart.pl
langtham.com.vn
krzeszowice.org.pl
utfpage.webs.com
13113866893.com
xu.pl
efe.cl
nomadicme.com
chemeddl.org
clalitblogs.co.il
statyour.com
ontariocourtforms.on.ca
yeslab.org
htafc.com
meczenazywo.eu
customersquare.com
ctu.edu.vn
nakita.us
zwen.org
uxmyths.com
323y.com
wolti.wrzuta.pl
www.czk.pl
kapibara.org
criticker.com
lennar.com
culbooktv.info
maryalic.zurueckeilen.folioing.wwwwww.wop.ro
dubai4cars.com
www.cdsp.ch
www.wuyimama.com
zabawkopolis.pl
poderjudicial.gob.ni
www.pokerzg.net
hdzoo.com
ttg.com.pl
taobazhe.com
eurokinissi.gr
projects-abroad.fr
efood.be
forumotion.in
zt2.1208sf.com
www.srvod.cc
www.shaofu.in
www.sjzhuakang.com
pds122.com
sillasderueda.com.mx
mobilebannerintel.com
www.auto-changchun.com
www.x2005.net
matruu.flog.pl
prezia.com
clubstats.co.uk
porteurs.wop.ro
angelbrocante.nl
metris-community.com
7seuu.com
myartmap.de
unpartiz.puk.ro
juliethebolt.net
nastygirlies.com
www.sufte.com
grafichechiodi.it
vipspaces.com
1r19.qiwen5.com
54.hk
dtpua.com
dokaan.net
inzoutten.wop.ro
beaconlifechristianstore.com
starcashplus.com
www.byborak.cz
www.oj6r.4f9.org
debao126.com
www.yinseng.net
3gapk.stuwap.com
unxao.com
kobietekswiat.pl
best-cart.com
uksupportgroup.info
adwheel.pl
hercle.com
www.21fax.net
ej158.com
www.aaawj.com
wins.puk.ro
die-staemme.de
xoso.wap.sh
1200-calorie-vegetarian-diet-p.blog.hr
www.amina.hu
nowy.prv.pl
xg8h.nfdy.net
draeger.com
snsfleet.com
dverg.puk.ro
uacg.net
989.com
thelightbulb.co.uk
dudu.nnm.ru
2ma.cc
fwde.k3y3.net
bigcontentsearch.com
119la.cc
nyuujaku.puk.ro
stoelt.puk.ro
cuteweblinks.info
fangchan.news.baidu.com
kvizit.hu
somitsu.wop.ro
nobledrugstore.com
www.hdradio.com
royalsunalliance.cl
longshumi.com.pl
butyoureagirl.com
yatego.it
sehat.wop.ro
se.48sao.com
nagygusztav.hu
www.zalabit.hu
allnight.gr
www.wangzhanjianshe.org
china-photo-model.com
silentblocbush.com
socialsceneevents.com
asia.net.my
kariho.wop.ro
www.smlian.net
www.74sifu.com
www.szyoo.com
ukashadresi.com
cameramoda.it
www.catfood.hk
fwmhkgncd.blog.hu
mskj.net
rockaspig.com
lakodalom.cgr.hu
blog-sadomaso.com
www.ubuntu.org.tw
aveeno.com
sauvageries.wop.ro
ad-bookmark.co.cc
mailtech.cn
www.gzffy.com
boutst.wop.ro
fukh.210000.org
www.lygzgh.org
aclals.org
checkondavid.com
uos.edu.pk
wonwon.info
vour.gr
www.92ggw.com
www.82xs.com
mawej.blip.pl
toegrijnzen.puk.ro
www.38pv.com
asyadizi.tv
www.588005.com
freewb.hu
moto.zol.com.cn
machronique.com
www.uunj.cn
weizmann.ac.il
ibiubi.com.br
couponhouse.info
good-exercises-for-losing-belly-fat53.webs.com
videocultop.info
bham.pl
baycrazy.com
dejneks.digart.pl
bungase.wwwwww.wop.ro
xscape.info
americanseniors.org
xpertpk.info
deenersheshey.com
tongchuanjinjiang.fdchs.cn
www.smmav1.com
www.snfmgs.com
birlt.com
assinesky.tv
fakes.pinger.pl
www.yjytg.com|apholxfkhn.blogdetik.com|www.havehome.com|www.kotarski.co.uk|www.11lg.com|www.zhongguo315.com|mbsmiley70.org|www.12333-hr.com|setools.cn|www.kanmaopian.org|www.xo52.com|www.dgqinyue.com|fcsalzburgwiki.at|bookmarkdiamond.com|www.uekeji.com|wmlz.78.cn|codeflow.org|www.988058.com|baidujpw.cn|www.szjhjc.com|www.caverta.in|a8t7.lizhidy.net|askhumanapplejack.tumblr.com|www.aikb.in|ylc.net.cn|www.owlmall.com|hcai.cc|28.vg|twclocaledition.com|socialshoppingnetwork.org|fibnjvqpyz.skynetblogs.be|www.365woyou.com|camorris.wop.ro|leeiio.me|rachelhammond.net|www.cpa139.com|huica.tk|www.airjordanyeezy.net|www.srszsm.com|cxxcsd.playz.it|www.kkyxw.com|www.taoess.com|gsebfchurch.webs.com|www.55sqz.com|r8r88.com|bytes.co|wiralodra.heck.in|bedpp.com|www.0399.net|www.qiaoqiao.net|www.shszc.com|newlcn.com|www.shszc.com|www.xshpjy.com|openhandhelds.net|fasmr.ssmb.ro|www.91sxo.com|neuebookmarks.com|t.zhzyw.org|barcelonarem.com|effectivetaxratecalculatoruvio.wordpress.com|www.zj558.com|cnph.cn|www.nbjiashan.com|hoodestate.ning.com|www.us-christianlouboutinonline.com|cn.maaao.com|chushi.hnpr.cn|qiuxian.com|blog.xuming.net|www.94dp.com|www.babaw.com|spb.renavigator.ru|realitatea.mobi|www.chuju010.com|hilts.wop.ro|cqrm.cn|www.szaaa.com|stacum.a-liveprivates.com|orlate.wop.ro|hempsygoq.blog.hu|3kse.com|jrtyn.com|www.op-woo.com|daaata.com|www.712q.com|go2left.com|w.beijingyiyuanguahao.org|mlemchukwu.com|9yin-vvoniuu.com|www.yunaimm.com|wetab-community.de|www.jzkeji.com.cn|www.dcyishu.com|hklny.taobao.com|rz-sd.cninfo.net|www.xiaoyoyo.com|www.gve.cn|downsrs.com|blogsome.com|claremanson.deviantart.com
fotoden.info
www.kuaiboluntan.com
newmediahost.com.br
fahrschule-rosental.at
goldchest.ru
jrpjacksonperfume.net
xjoz.k3y3.net
parajsa.com
yxgz.cn