www.shenyuan5.com
econugenics.com
www.huayuan.org
tekstove.info
hqlaw148.com
www.v10.pl
heller.com
m.55128.cn
cantara.pl
byy55.com
ispgate.biz
almacg.fr
clausengine.com
fulloftags.info
pointastic.de
brom.nfdy.net
zt008.cn
onebookmarkstep.info
uci.edu
ccdh.info
nfinity.pl
ouo.pl
hebinzhicheng.com
www.58sde.com
nirai.jp
xb444.com
58xx.info
jaans.info
bloklists.blog.com
nit.net.cn
guihuaxiang.com
irad.fm
vivyxprinting.com
news.k618.cn
alud.wop.ro
gbmteam.prv.pl
52face.net
www.a2299.com
glassgiant.com
hpe.blog.is
jardipartage.fr
explorekerala.org
uaika.digart.pl
glfjsb.com
sostitut.wop.ro
joelbecker.net
panbib.com
ggaba.wrzuta.pl
katrinalomidze.com
yesize.com
sevensamuraifullmovie.blogspot.ca
wildguns.org
xanga.com
www.uutxt.in
www.koolearn.com
affairs.puk.ro
mmaforums.com
offshoretanacs.hu
listn.to
www.xiguayy.net
hotrealgirl.pinger.pl
google.co.bw
nscc.ca
nkbr.210000.org
tsukuru.info
cost.eu
radiodjs.net
chsou.com
bestlinkforever.com
solunina.it
www.bach.de
peur.digart.pl
luxeyfashion.jp
makingmemorieswithyourkids.blogspot.com
vvschool.cn
toprankbookmarkinglist.info
rb-new-voh.de
dj-nation.pl
www.qdnzy.cn
coatingsquare.com
etoro.puk.ro
jiweicun.net
06peng.com
armvol.wop.ro
nvjvaxzghp.blogage.de
autonewsupdate.info
revolusyn.com
www.bcc.uz
sanborondon.info
av.24kdy.info
bainari.info
himypc.com
bitefight.pl
braain.pl
bukmarksocial.info
bustyteenstgp.com
buwal.wop.ro
jinanshikaifp.com
castellanza.va.it
csnf.qiwen5.com
dbamyoceny.pl
drakerig.wop.ro
gamed.info
drel.su
cepillar.puk.ro
pfsl.poznan.pl
enable.hku.hk
enwisen.com
foreclosurephilippines.com
gagugo.pl
gekuu.wop.ro
hacidsolution.com
hfdafu.com
abzuloesen.puk.ro
homeflow.co.uk
demo2.cz
incubaweb.com
kamihoro.wop.ro
brummiclub.at
katalogin.pl
kmg.kz
vogueknitting.com
lqcs.org
ltc-asaph.com
ltdyxl3g.pen.io
www.0798xc.com
milimao.com
miscelanea.info
newgamess.com
oscon.it
pasamed.hu
ridenights.info
yiqun.info
boca.xfree.hu
rjchessfed.com
sem-one.de
weitz.de
wojtek1.flog.pl
wowsomegames.com
www.boyaceo.com
gonid.wwwwww.wop.ro
www.cloudleft.com
ruizinen.wop.ro
www.game1122.com
www.oradev.net
www.pipehy.com
dinocro.info
www.yxb99120.com
www.llse3.net
whatsmysiteworth.com
yaelglazer.co.il
fishchoice.com
pijarki.pl
pintuco.com.ec
balises.info
bresjen.puk.ro
clubdereservaciones.com
www.dgshunjia.com
bebisziget.hu
gcn.gov.hk
77xi.info
heppenheim-web.info
itgt.qiwen5.com
yindumogen.1168.tv
mahj.org
mahobin.info
mifan8.net
skott.blog.is
tsyx.210000.org
www.statika.hu
yougedi.net
boozt.com
myriadgroup.com
www.chiefwolf.com
funnylols.com
jica-alumni-china.com
trainershouse.fi
gkotsikas.gr
meron.wop.ro
geprovoceerde.puk.ro
www.gamyba.lt
www.gk.pl
32lux.ru
sobotel.pl
www.longccc.com
alphimedia.com
gahy.nfdy.net
ficusel.com
www.reestdal.nl
listingfrog.com
ilqut.com
istitutocomprensivopedace.gov.it
itelevisor.ru
www.baijunmuye.com
sz.58.com
ittousi.wop.ro
biteyw.taobao.com
metaxylem.senensei.wwwwww.wop.ro
ktozbuduje.pl
www.menorca.net
metoperashop.org
moto.zol.com.cn
abwischt.puk.ro
www.567zzz.com
migratoria.it
www.bjxyk0.com
drumdogs.com
miia.wop.ro
iks.blip.pl
carped1em.com
www.boxing.nl
www.cwebgame.com
miniaw.polki.pl
www.eewgo.com
criaenvio.com
www.yzcyfm.com
woshao.com
autotuning.lap.hu
numero-tva.info
eaisland.com
zbychaha.prv.pl
66w.com
lazienkowe.info
awesomeapps.in
566922.net
quiz.msn.de
noganet.com
chargers-express.co.uk
dubaievents.ae
uklbs.info