dailynewsactivist.com
bconnectedonline.com
youxia.org
www.ivt.se
mail.build.so
alfa94.wrzuta.pl
baruch.pl
unapi.info
www.ttv.vn
bikehotels.it
levelpad.cn
yyxqz.info
tistr.or.th
aha.de
mankan.ojaru.jp
easytolinks.com
tabulorasa.info
s-f.com
simterra.ru
antaris-project.de
www.larp.nl
arab-zone.net
5d1y.210000.org
tagungshotel.com
www.ehaiwan.com
chilipoker.com
idc0839.com
thelittleappfactory.com
flyer-miles.com
magic.co.uk
4s.elarnz.bee.pl
fifencja.soup.io
chachala.com
aanroepe.puk.ro
shopliker.com
medivacature.nl
proxyforce.info
auto.0916.tv
apfeltech.net
veselaya-kompaniya.ru
medla.wop.ro
754.pl
75er.ch
myfreefarm.cz
www.hao57.net
orchidspecies.com
szexport.hu
bikemagazin.sk
free-porno.cz
www.diamag.ro
www.diboguoji.com
www.ditsmedia.nl
www.ikuaibo.be
dogteam4you.de
decorreport.com
johannburkard.de
72avreceiver.7wx.info
i-decoracion.com
tk.0316.cc
poontown.net
bioone.org
daqiao.org.cn
www.xueji.sh.cn
analog-forum.de
blindsexpress.com
xbox-gamer.net
dondisfraz.com
connectria.com
bryja.net
digitalfototreff.de
papodebola.com.br
www.cxsww.net
aglimpseinsideblog.com
morzebaltyckie.com.pl
radioszczecin.pl
tcb-bank.com.tw
www.tencate.nl
websitescreenshots.com
ixxi.nu
askturka.com
cdmama.cn
snm.edu.pl
free-stockphotos.com
anzhuo.paojiao.cn
gig-news.pl
danstonpixel.fr
poolepioona.digart.pl
feather-supply.info
divinedinnerparty.com
bbs.ty7.cn
eurasia.nu
cstc.ac.th
kino5dextreme.pl
guepardoinvest.com.br
bienpensado.com
alle.pev.pl
tiratira.puk.ro
yu.gs
www.snowvillage.nl
www.557ff.com
florigen.puk.ro
hiperpop.com
kuznak.com
readingprograms.org
qitaihejingdong.qiannan.org
kerrydalestreet.co.uk
ki-oon.com
arbeitszeugnis-forum.de
hlbb.nfdy.net
www.3k3k.us
utdra.puk.ro
www.xqing.net
fukushima-toyota.info
9jatube.tv
phdonlineprogramsz.info
360-bo.com
google.com
sexycriollas.com
exgfbox.com
hk39.info
michaelfroese.com
thetennistimes.com
nearbyvenue.com
www.pjotrs.nl
izabel.in.wonderland.pinger.pl
unet.info
travelbelize.org
jmleisure.com
richlong.com.cn
51tot.com
blogolj.net
taianh.info
auctioninsights.info
radicalreference.info
sserbanro.info
edu24ol.com
microventures.com
blablacar.es
childfund.org
telecomcreations.com
mennica.com.pl
americanelectricity.com
www.rfholding.com
glgbpx.com
bibiwang.net
nsgb.com.eg
juzhan.net
koffeefinancial.com
navi-club.jp
bgnekretnine.net
tommasoraspo.com
punggol.sg
bimcell.com.tr
sosblog.forumotion.com
collectionagency.info
mathusee.com
7ctxlt.com
greenlitebites.com
blc4u.com
cn220.com
2.gy
51youpin.com
kuaiapple.com
thelingerieaddict.com
snapmedia.com
kantonow.com
17ise.com
aujardindewillemse.fr
247.org.ua
www.landg.nl
baby.cqnews.net
www.veb.ru
flowersmadeeasy.net
fabio.or.ug
paradoxmusic.cz
wasserli.wop.ro
bratel.prv.pl
asocialnetwork.co
goro196.wrzuta.pl
mbunix.wop.ro
www.shef.ac.uk
czxlyzj.blog.163.com
0wnenstein.deviantart.com
pfaendes.wop.ro
www.118tt.net
anewme.digart.pl
x360-club.org
gulasoft.uw.hu
banoosh.com
senwang.info
chabeee.xfree.hu
beknit.wop.ro
ec.cnki.net
jmxt.nfdy.net
groparu.ro
kali-gula.flog.pl
pobelle.com
chemnet.com
horner.wop.ro
wetradetogether.com
www.cpwz.cn
peugeot.by
kmrdpklpnj.freeblog.hu
interkon.puk.ro
idoconline.info
club.topsage.com
jimbou.info
www.yishow.net
directree.info
99j.name
loreczek.blip.pl
koubei.com
www.shugou.cn
200words-a-day.com
belabo.wop.ro
57.zhalatu.cn
arart.info
ableistu.puk.ro
www.directis.nl
www.9anla.com
020.himin.hk
kok-leipzig.de
allfilmss.info
a.wechseln.de
www.lvliangxinwen.info
tze33s66va-9bb3.tumblr.com
wedancegame.com
hoping.wop.ro
youvidporno.info
connect.discuz.qq.com
www.leyooaio.co.cc
psetta.wop.ro
jkbookmarks.com
nobelclub.kz
leagueofretirees.info
aangedur.puk.ro
0375.1775.cn
dt00.net
avrettet.wop.ro
uniquefit1.com
gog.com.cn
www.51metal.com
jakki.wop.ro
admin918.com
bjsyjb.com
stats.intensecash.com
celtic.wop.ro
hugesky.com
www.four-seas.cn
widdis.puk.ro
gribb.wop.ro
enchilame.com
nortonbu.wop.ro
aaxxx.soup.io
889934.com
dombosco.net
fishjava.com
www.531w.com
gamgee.wop.ro
textapint.com
controlscan.com
antz.cn
j-club.co.jp
xmrcw.cc
lappen.wop.ro
bullguard.com
www.51bigu.com
www.lanova.nl
fld2.265link.com
xxb04.gxb100.co
federmoto.it
uwielbiam.pl
www.www.mgscl99.com
thrilla-pitbulls.com
parerais.wop.ro
gangoos.com
mojeciuchy.pl
pornoth.info
meijia.3199.cn
mh.lezi.com
tiago.wop.ro
suyog.wop.ro
fastspeeddate.info
travelandtourworld.blogspot.in
momo.vn
12345xxx.a-livesexasian.com
www.fengnvren.com
www.hdw7.4f9.org
book.hmz.cn
spinna.wop.ro
mg-allmendingen.ch
biodigital.com
xoso.wap.sh
transfermarkt.de
brazip.com.br
wuther.puk.ro
tjana-pengar.nu
ameublia.com
www.0668yz.com
www.tp234.com
iulm.it
hopbush.wop.ro
samash.com
www.l4cj.4f9.org
sadf.asia
sari.net.pl
socialtag.info
extraessential.wop.ro
i365.pl
garethalexander.co.uk
shiyuechuanqinvzhuang.info
assoda.wop.ro
stelladoteng.com
www.fengshuipage.com
atheistvoices.org
kuhao360.com
sebh.265link.com
esecra.wop.ro
bbs.teatea.co