www.96900.com.cn
epodatnik.pl
imperspi.puk.ro
live-pr.net
chatzemuisig.ch
zenio.blip.pl
envelops.wop.ro
www.ladder.hk
liefde.co
www.heyuan8090.com
opac.rism.info
jamp.cz
cynosura.org
joooj.ir
www.ynf99.com
sptc.ac.th
jinjiang.cn.cebn.cn
www.33ldh6.com
poortsel.verruca.wwwwww.wop.ro
daar.puk.ro
iranjib.ir
irruan.wop.ro
lavocedilucca.it
pbca.biz
mashhadnews.org
atehenmei.com
petreanu.ro
etorebka.pl
catharos.com
3104.210000.org
profnet.ch
my-hit.ru
tnttorrent.info
hblry.com
cn-english.com
anr.or.id
soho98.net
telugudictionary.org
newone.org
chameleonsonline.com
europolit.pl
riteinfosolution.com
nuos.210000.org
8bab.k3y3.net
kiem-the.tk
rulon.digart.pl
seocounter.info
reformafacil.com.br
hxjy01.co.sonhoo.com
8rb.info
fanblogs.jp
www.iaxtalk.com
www.dgwzjs.net
atterrat.wop.ro
podlasie.pl
www.gifucity-tower43.jp
deportesnecochea.com.ar
alltm.org
wed.27.cn
charento.puk.ro
mkasprzyk.blip.pl
www.sikejishu.com
geldsparmeister.info
www.88uu.us
stockingsbabes.com
vostok.es
www.tatyn.com
cjr.lu
societetraduction.fr
alveolol.puk.ro
kosradio.gr
nardynazakaz.info
burlinga.puk.ro
fptdanangpro.tk
zamotka.pl
hecatombaeon.wop.ro
pomorskie.eu
fuzhong955.bbs.net
aliorbank.pl
z802.sb100.net
down4all.org
1821.ee66.in
link-get.info
rosca-bogdan.info
fuzitjiyinkangai28f.1168.tv
radioporusski.pl
ent.fecn.net
carburado.com.br
thjodarheidur.blog.is
7mux.nfdy.net
alfaromeo.com.cy
cordobo.com
bookrack.in
tenco.info
metal-tickets.info
cb14.info
ccftn.com
synapse.jp
improvecreditscorequickly.info
cfs.it
ratsu.puk.ro
b4lo.k3y3.net
pteixeira.com.br
laurelship.wop.ro
ruizinen.wop.ro
ccp-algerie-dz.blogspot.com
www.ccz.nu
wfs.co.uk
xn--b9j9b7c.net
www.vuze.cz
aem.mx
hupan.com.cn
donnaflora.ru
xelos.blog.xfree.hu
hit-counter.info
aeschyle.wop.ro
efeblog.com
forumm.tym.sk
sztucce.pl
www.citywenda.com
peperonity.info
www.51totaozhai.com
glory-wars.net
softwareforextradingz.info
easter-eggs.org.uk
daneprairie.com
bbs.ty7.cn
ravaruka.puk.ro
postbox.msn.com
www.buyweddingdresses.net
pulsar.bg
www.xzqts.gov.cn
www.dragon-guide.net
nsearch.yahoo.co.jp
hot-spot.rs
www.0534wt.com
mascus.pl
chicksto.puk.ro
assoe.it
pagefault.info
bucconid.wop.ro
provincia.teramo.it
pps.im
myvipcams.com
ngy-blue.net
www.v9dy.com
icehouse.net
silwana.pl
truue.flog.pl
furyu-dojo.org
jntuhresults.in
srtk.net
sodbuste.wop.ro
shesha.puk.ro
jaunira.puk.ro
belairdirect.com
service.com.br
netemx.pl
5wrf.qiwen5.com
3gpp2.software.informer.com
diskcomp.puk.ro
firm-katalog.pl
teerhart.puk.ro
ysxx.gaga16.com
premioartelaguna.it
www.04510.jp
wvw.881mi.net
6888809.5sing.com
kasugade.wop.ro
beres.com.pl
quantuum.pl
fangzhou.2012.blog.163.com
www.yes280.com
izbinsky.wop.ro
logica.co.uk
ahgz.de
fundacjasynergia.pl
alatiqgroup.com
attesa.wop.ro
metalgods.com.ar
kasis-jewelry.eu
www.fgtv.org
hereandthere.us
intlmovers.com
9598721.5sing.com
888.net
secupay.ag
88xs.15852.com
tublogdecine.es
simplydata.de
glass8866.com
chachala.com
help.h2h.cn
neonbrazil.com.br
reciti.wop.ro
www.waowa.net
directo.r.gd
gaymenblog.info
taiclobervir.blogger.hu
adrianosse.digart.pl
bengkuluselatankab.go.id
www.dichaan.com
highnoonholsters.com
www.kct.cz
sindjudpe.org.br
guihuaxiang.com
dblp.uni-trier.de
fiat.fr
adosa.es
ghzh.210000.org
myeq.nfdy.net
fog.ge
fatso.wop.ro
vidio-video.ru
hunter-pp.jp
goclenia.puk.ro
bzw.tw
qitaihejingdong.qiannan.org
fatmamas.pl
tpsz.78.cn
antiexpo.puk.ro
atlanticcityelectric.com
adeniyi.info
66hk.us
grenus.wop.ro
mirvinograda.ru
culsexex.info
www.4676.cn