prijsbee.wop.ro
coffsharbour.yourguide.com.au
chachala.com
carlbrandon.org
www.go2html.com
www.by1tt.cn
cf.135cf.com
wap1888.net
chengxin528.com
atehenmei.com
guihuaxiang.com
bebisziget.hu
www.321heji.com
www.bjjtjd.cn
chat.lwtv.net
induced.info
korathealth.com
allianz24.ch
malaya.com.ph
riseoftheguardiansfullmovie.blogspot.com.br
dsk3.ru
4njd.k3y3.net
stoedda.puk.ro
dirabc.es
www.usajobs.gov
utix.co.jp
www.u6soft.net
makegood.ru
jrpg.jp
www.yunxx.net
xsoft.org
ooat.puk.ro
aarama.org
milcaos.cl
fsvfn.ru
postduiven.leukgevonden.nl
fotspore.puk.ro
preiskri.loquet.wwwwww.wop.ro
4story.web.tr
nixp.ru
www5.51avnv.info
electricite.net
lz27206657.zj8.53e.info
pressdispensary.co.uk
www.hmcars.nl
www.nanrend.tk
navardeneg.ru
seaside.st
mn940.net
trafficprisma.de
scantnes.puk.ro
parisere.wop.ro
daled.puk.ro
distritointerior.com.ar
hairlossnyc.org
af.china-embassy.org
beendor.puk.ro
www.3483.com
linkclick.org
alentado.wop.ro
meteogorod.ru
plasticsurgeryforum.com.au
aorist.wop.ro
yatumi.wop.ro
vulaga.puk.ro
xingxing.tv
bleedcrimson.net
www.tyrolit.at
slavers.wop.ro
www.harmata.hu
waterslang.wop.ro
udis.tk
spargeld.puk.ro
erenwu.com
atrocite.puk.ro
wsidevelopment.com.mx
megabusiness.it
rvng.210000.org
126s1.126slagle.co
arenge.net
www.sp-agni.ru
bidify.pixnet.net
rolloshop24.eu
mjc-andre.org
biznesstart.ru
htby.nfdy.net
ringer.wop.ro
www.dongyimenye.com|www.lmmw365.net|beone.wop.ro|www.biantaoyan.in|unterzeichne.wop.ro|www.xshpjy.com|www.10228.net|www.hkfphsgs.com|www.xjzcw.com|www.qg-knives.com|www.uuagw.com|www.zhongguo315.com|www.tsdygt.com|www.zhongguo315.com|www.fglvhua.com|zhidao.huarenblog.com|angreifender.wop.ro|www.yanzihome.com|www.webjiankong.com|googlesiteworth.com|www.sy-tihan.com|bushi.aq.pl|www.oaits.com|www.gzrf007.com|mxkoid.us.pn|afzwoegde.wop.ro|3lang.wz.xyzx.cn|www.dglvt.com|www.kwqbrand.com|www.22eeebb.com|www.boermeigw.com|www.szitwh.com|powerhousegym.co.nz|www.wuyuetv.com|zchx168.blog.tianya.cn|www.fjzays.com|www.babaw.com|www.damimi.info|www.33dyw.com|x10demos.com|www.massteroids.tumblr.com|webjiankong.com|www.chuigejahu.com|www.shonengahosha.jp|www.xianqwer.co.cc|xyzreviews.net|www.18940040808.com|www.zldpcb.net|www.bjjpys.cn|www.tjhdid.com|www.vipmsc.com|findfaster.org|11sasa-823b.tumblr.com|pellerinbuck.tigblog.org|www.ccladder.com|5020suncity.com|012magazine.pl|6hwap.cc|www.jiaokou.gov.cn|hagzhosting.com|www.bpiz.cn|www.10086s.info|www.340512.com|www.7898989.com|www.aixin99.org|mougen.wop.ro|www.887a.info|taotaome.com|www.aidang.tk|www.butterflycouture.fr|www.blm168.net|bbs.007.mx|detail.china.alibaba.com|guitarpractice.caihong55.info|perpigno.puk.ro|91dlb.co.cc|www.gzxmf.cn|www.gupuw.com|news.gpxz.com|www.pts80.com|nqar.nfdy.net
socialbookmarking-liberty.info
bhtt1.cc
forfallen.puk.ro
football-media.net
fiscal.wop.ro
wormold.puk.ro
www.igloo.ro
bra-seo.se
mega-hurt.pl
afslankendieet.net
www.depdag.go.id
burinist.wop.ro
devenir-trader.fr
datingscripts.org
evep.nfdy.net
alefaceci.pl
talentumhr.se
ign.de
www.chytka.net
casalsemvergonha.com.br
turania.puk.ro
petngo.com.mx
sac.org
juliet-knight.pinger.pl
rhue.puk.ro
noithat365.net
six-fours.net
91design.org
www.xiuqq.net
971971.co
phalbertov.cz
prtd.info
alienasj.wop.ro
defendapack.co.uk
algunstrocados.com.br
www.rsvp.com.au
hsbc.am
fwb7.k3y3.net
irreprochable.puk.ro
node13.vvvv.org
troyun.tv
cairncro.wop.ro
chatgaygratis.net
greenvillehousing.org
medaille.edu
hemhoeri.wop.ro
dzieci.eu
lewing.wop.ro
taobao911.ru
kordate.puk.ro
lzuu.lt
zg66.ru
boardstation.de
726.0so.so
siterj.net
stemtechbiz.ca
ghdhairuk.net
lifenews.ru
theilest.puk.ro
italiaans.puk.ro