gkle.210000.org
knalkurken.puk.ro
lodz.pl
captcha.biz
62qu.k3y3.net
prokladka.net
prosifier.puk.ro
mc-sana.kz
club-malibu.ru
www.lovecloud.jp
nlc.hu
0925.tw
olx.jp
pdfcast.org
kerstins-landhausmode.de
camera.nl
akcie.cz
alteo.fr
dimacs.wop.ro
appere.wop.ro
datongshi.kc7.info
t55.xxb88.org
zujubelnde.puk.ro
portalappm.com.br
syukyuu.puk.ro
corymbs.puk.ro
drugsforum.info
rythmere.puk.ro
wikiton.net
richestmaninbabylon.se
handballs.puk.ro
ohiosmartschools.org
thuisbrachten.wop.ro
www.gainare.net
cafemba.ir
cruisenorway.in
gaoxueya.in
beijyu.puk.ro
sesajap.puk.ro
geld.square7.ch
qkph.210000.org
guik.nfdy.net
namauta.nicovideo.jp
engirded.wop.ro
semiopaque.bedraege.vijgenmatten.touhaku.wwwwww.wop.ro
netpeak.ua
www.kimoya.jp
lubricadora.wop.ro
tdfjtqdt.1168.tv
zhick.de
mixablen.wop.ro
sven-lehnert.de
getfiles.in
sojiji.jp
nosw.nfdy.net
chasa.co.za
jobsaustria.at
mearai.co
www.xescort.net
www.saryan.am
htcbbs.net
topseos.ae
www.militarybbs.org
seabank.com.vn
www.jouwvermogen.nl
www.66602.net
russate.puk.ro
stat.si
matresscover.net
dingzhou.puk.ro
emoticons.vindjeviahier.nl
aouellim.symboled.geckotian.wwwwww.wop.ro
eyjan.is
kaluweb.fr
usawg.net
photo-document.ru
sustainablesurveyors.org
www.gkoo.net
tiande-tiande.ru
gamezone.de
www.0513bj.net
knowings.wop.ro
depoimentosprontos.xpg.com.br
stavbaeu.sk
salescon.hu
www.centaurus.org.pl
business.gov.sg
depkes.go.id
gurullada.puk.ro
nyuujyuu.puk.ro
youh.wop.ro
blondie.ru
venaja.ru
www.xyyk.net
adticket.de
vservers.es
www.09pf.net
thiepdep.24h.com.vn
arrgh.wop.ro
eyrir.wop.ro
wose.com.ar
gezwollen.puk.ro
lolwiki.net
amida.wop.ro
casella.wop.ro
1megamarket.ru
www.wurft.nl
inskranka.moxahala.taetscheltest.wwwwww.wop.ro
omgpu.ru
bloggorena.de
jn.sapo.pt
pixelimage.jp
tonheimar.is
unfoermiger.fornac.gazelleo.wwwwww.wop.ro
cp-ty.ru
shmu.210000.org
wam.ae
vivo.wop.ro
megavolt.cba.pl
sibdc.ru
hothotblogs.info
thetanklesswaterheater.info
mariinsk-trade.ru
www.anrt.ma
troste.wop.ro
powerirc.org
shelfmate.puk.ro
tierwelt.ebay.de
notebookinfo.de
pinchjos.co.uk
errante.wop.ro
florarie.ro
abcincome.net
www.btz.lt
www.188188.org
wilt.wop.ro
cenveo.biz
appuierait.puk.ro
autodilna.net
blog.edulich.co.cc
kompetenz-agentur.de
strongerlinks.de
collectivus.ru
perujipi.wwwwww.wop.ro
sunfcuhb.org
np.xlx.pl
xaxatyxa.ru
gekerbt.puk.ro
adminerelle.de
ama.com.au
www.segoogle.in
animaeducacao.com.br
copipe.info
geziemend.puk.ro
subverted.wop.ro
buera.puk.ro
www.hs114.net
tc-bw-horn.de
kingrpg.net
sitsuren.wop.ro
aon.com.au
fuckedgay.blogbugs.org.au
www.opmax.nl
www.ozzy.ro
www.theadagency.nl
shenyunperformingarts.org
cf.wwyahoo.org
tagl.wop.ro
sinoptik.ua
selfrance.org
kagblog.ru
www.513mh.net
rp-online.de
anschaff.puk.ro
groenachtig.wop.ro
traviata.blog.xfree.hu
tins.vn
gkh.ru
mu.nu
podophthalmitic.candide.wwwwww.wop.ro
smm.lt
bpyn.nfdy.net
tltonline.ru
mapa.co.il
6hz.cc
zumaonline.zxq.net
v888.35free.net
campings.uwpagina.nl
narutoreturn.net
mcmann.wop.ro
game-foundation.de
kidslovegames.net
detiendasporelmundo.es
fussmatten-welt.de
yhjr.net
statistikportal.de
guihuaxiang.com
sz.nuomi.com
tm58.info
entradarecital.com.ar
kotoshid.wop.ro
ritze.puk.ro
fyyu.nfdy.net
hupan.net
curl.in
tehonlapod.hu
relax-ptc.info
endu.puk.ro
www.tyrolit.at
vicinity.nl
maceta.wop.ro
unavem.puk.ro
zirusi.wop.ro
corar.wop.ro
web-5.org
lux.cngold.org
triv.soup.io
sanktoberholz.de
www.ceas.cc
aiiri.gov.ir
www.stuo.net
devill38.hyves.nl
sv.twitch.tv
www.jynews.net
dejacht500.be
ateamnetwork.it
greenbytes.de
www.cupidov.nl
vfzrarelug.skynetblogs.be
siekuku.digart.pl
rovers.co.uk
blogalap.com
www.yxdvb.cm
mcwd.nfdy.net
chachala.com
ccftn.com
piccolipassi.info
myalbums.biz
hipnotikrecords.net
jago85.pinger.pl
nenahodu.ru
www.fvib.be
workingdraft.de
yodled.puk.ro
kccd.org
waltersbar.co.uk
suttonpoyntz.co.uk
erme.wop.ro
franchise.org.tw
oenocyti.puk.ro
www.gokart.lap.hu
afvagen.wop.ro
giladrgd.r.gd
pnk-nasos.ru
fallowne.puk.ro
zseton.eu
senshuke.wop.ro
www.alumec.it
jiujutsu.wop.ro
esportemaistv.com.br
kuracyan.net
mannoket.puk.ro
webtrump.ru
cjs.ne.jp
atropellador.puk.ro
stockoptionsguide.net
www.metastudio.hr
shinseibank.co.jp
tasteful.wop.ro
rugby-kansai.or.jp
obpn.nfdy.net
udu.net
nedivekt-slanking.info
trishnafullmovie.blogspot.com.ar
l2j.lt
www.hweb.sk
www.185bisha.co.cc
ezy.hr
thedarkcity.co
empire-riverside.de
images.blog.nl
molybdous.puk.ro
mostmost.net
namson.com.vn
okazyjni.pl
itep.ru
na24blogg.no
gxds.210000.org
neckermann.info
glavbuh-info.ru
sw.io
hosaszerszam.hu
lnb.lv
jazzdladzieci.blip.pl
kutlan.net
www.6k7k.co.cc
ht-world.org
unnative.puk.ro
region-dv.ru
www.chatan.jp
glidewel.puk.ro
geschell.wop.ro
labschool.eu
emailstou.info
www.sweetpicsx.hyves.nl
dringende.puk.ro
www.hdav.nl
seara.com.br
arinko.wop.ro
aibiki.wop.ro
ratatouille-full-movie.blogspot.ie
www.majestically.nl
menosplanearymasvolar.es
gdjy.210000.org
finlay.puk.ro
sistemascommesse.net
exhibitionnews.co.uk
comitive.wop.ro
mundolinden.net
darmowe24h.eu
www.lmc.eu
kai-aso.jp
lawdegreesonlinez.info
planetskyrim.de
matra115.hu
appropriating.babue.wwwwww.wop.ro
yhrf.nfdy.net
binhphu.info
betoptek.cz
ikariam.net
abigauss.de
www.moralim.net
rauchfrei-in-duisburg.de
cn.adways.net
feste-franz.de
zqyw.210000.org
carnet.hr
cartera.wop.ro
mitsubishifm.com.br
epol.cac.at
healthpost.co.nz
ezqd.nfdy.net
subboreal.wwwwww.wop.ro
jingcaishijie.1168.tv
heimei.wop.ro