www.w668.net
play.fpt.vn
pwcats.info
ser8.info
achanos.flog.pl
elkosmos.gr
showbizhits.net
romacavalli.it
theogspot.com
6hdx.com
foxcarolina.com
www.1234pp.com
peripatetic.puk.ro
its-sport.de
5d1y.210000.org
contrapt.puk.ro
sitoserio.it
dealerinventoryonline.com
www.16star.com
435.pl
emn.fr
www.ouyhan.com
www.sjiew.com
quarei.it
fzxwx.com
jianqiege.w7.inets.cn
io.com.gt
campings-belgie.startbewijs.nl
xrumer-5.ru
careerzine.jp
sebmontaz.com
svvr.ru
webgarden.cz
avviasse.puk.ro
bokkiger.wop.ro
quencher.wop.ro
tvfest.info
only4gays.eu
1abc.org
powiatowa.info
78cw.cn
tanieporownanie.pl
favoriten4you.de
www.alltommac.se
seoformoney.com
machronique.com
bargaindesk.com.au
www.gby.cc
hillsdalefurniture.com
www.zamosc.tv
toobusiness.com
racedayweather.com
triplite.wop.ro
blogsport.ro
bauportal-deutschland.de
danielelena.it
xfqc168.cn
www.mypagerank.net
www.pixmania.be
freedomreport.org
pzth.nfdy.net
reflaction.info
ancestors.lu
supernova.com
ni.dk
tadalis.name
www.tjgyhzs.cn
investbank24.pl
goroskop-sonniksni.ru
xstylebeauties.com
fala.pl
profitbuildersystem.com
deyang.66law.cn
aptitus.pe
sheikhabdulbasit.com
paganfest.eu
phones4u.co.uk
dsr.com.pl
buty24.info
marblefa.puk.ro
ficusel.com
gonzog.flog.pl
maclaim.de
styl.pl
panchira.s1.freexy.net
lacerano.wop.ro
hdhardporn.com
www.ppbk.net
koutsui.wop.ro
watch-gossipgirl-season2.blogspot.sk
s1000rr.de
the-cats-trapeze.myshopify.com
changzhijiuan.1168.tv
iphone-occasion.fr
www.557cc.com
dofollowblogdirectory.info
www.ygs22.com
727a2.diandian.com
abasto-shopping.com.ar
therrien.puk.ro
dni-afryki.olsztyn.prv.pl
sabukan.com
lider-it.ru
wentwort.wop.ro
depositbookmark.info
ethicalapparel.org
podun.com
www.hkrfn.com
kilosex.com
lucidleads.com
tuija.wop.ro
gowll.com
markus-schall.de
31dc.com
moel.go.kr
gupiao.5w.com
podarimo.si
www.dianxin-bearing.com
jurel.nl
vcvehanp.1168.tv
www.lxjunshi.com
ihlim.biz
ishigatu.wop.ro
dovevate.siegmann.wwwwww.wop.ro
omgdraw.com
webrank.in
extermineront.puk.ro
bj.h2h.cn
orloo.info
teilar.net
ftblog.info
el3l.nfdy.net
kamil488.wrzuta.pl
comforta.co.id
kikuu.flog.pl
amway.ca
joiningthedots.org
synonyma-online.cz
we.bs
jansonzhao.diytrade.com
www.paipaishou.net
viralvidaddiction.info
pds122.com
xlcg.taobao.com
blogsbyfans.com
verticalhands.com
jiumuwang.com
cf163.com
4doma.info
adonai.puk.ro
gbob.tv
fiddypedia.se
onlinebookmarklist.info
27.cn
www.tangrense.com
solai.cn
nhlazhu.cn
merieuxnutrisciences.com
onlyfloor.pl
dir.jinnong.cn
garotasnerds.com
dragonclaw.org
xxx665.com
www.eduig.net
theaustonian.com
enopo.jp
shiweidkw.1168.tv
www.caspm.com
apaxgroup.com
m.133hk.com
juntehispano.com
lg.com
gotalk.com.au
shinmai.int
gruppodilettura.wordpress.com
s-event.cn
sexygirls.frauenchatten.com
www.antaidz.com
geheisse.puk.ro
crosstra.wop.ro
retrogressing.puk.ro
melissasaywhat.com
gudangragam.com
executiveyp.com
chloie.xfree.hu
new.leta.lv
ipad.nl
66bb.com
sugarloaf.com
ridwancrystal.info
choluteca.net
denshind.wop.ro
www.fangwei.org
xnhr.info
pifaputaojiu.taobao.com
humyai20.info
asdoltre.it
creativecardesign.com
now.ru
cjssy.com
qq.gjwz.net
6te.cc
byroemers.de
bartors.ru
onyxgfx.com
theroadtoanywhere.com
verehrte.puk.ro
thenewparentsguide.com
gsgw64.com
whlxly.com
nuca-merc.com
jxk8.com
filipinoes.net
bupe.edu.cn
www.189.mx
thongdiep.org
raceline.com
www.97779.net
ana.naturum.ne.jp
stockmarketwire.com
www.5917dy.com
jumpmobi.com
iwrm.blog.so-net.ne.jp
y4d.info
www.zhaoxi35.com
riese.cba.pl
daysnavi.info
stylishfetish.com
www.gdhr158.com
hqbuy.com
onlinehost.ir
qanungoh.info
sauta.wop.ro
telecomsquare.co.jp
www.police.uk
hd.sxxw.net
remusmunteanu.ro
www.abaliget.hu
www.nczd.ru
hardstappa.wop.ro
1seodirectory.info
hnkjonline.net
geizigeres.wop.ro
dpan.taobao.com
lokumdeweloper.pl
technode.com
nemoci.doktorka.cz
lol.81813.com
policybee.co.uk
bhstring.net
waterscolumns.info
socialnot.com
thesneeze.com
hopbush.wop.ro
nauticed.org
www.ahwst.gov.cn
jhomen.com
www.y568.net
shendu123.com
wam.ae
piaoyun.net
wohufu.com
aspdeveloper.net
www.guosk.com
iroonimarket.ir
lqzk.nfdy.net
rocknroll.ee
shop59728978.taobao.com
remedyspot.com
rolandovera.com
hpnetservices.com
kino5dextreme.pl
psaparts.it
joelbecker.net
wzshunwei.com
buysolar.com.cn
860860.net
jinkenso.wop.ro
mayuyuma.com
mylifethinking.com
kaikkienilona.fi
guadagni-online-ebay-affiliazioni.blogspot.com
ccaiai.tk
india-center.org
www.hydtzq.com
iaemhbxnu.blog.hu
totaldesk.co.cc
kruittor.puk.ro
www.bjbfjxw.cn
bbs.jx.fccs.com
yslb.net
aeonic.wop.ro
www.yh-tech.com
iwedding.vn
wz.yq920.com
review-script.com
der-poker-trainer.com
isranews.com
iphone-1.info
xtreme-sports.org
street-rats.at
bodystore.com
premisegallery.com
applefansite.com
nicaw.net
bzskapu.hu
postyourbeaver.com
buscaaqui.com.br
tejo.pl
soldierdoctor.mobi
assouplissant.wop.ro
thomaskropf.at
shoutflow.com
stalker-portal.info
hitportal.org
syberworks.com
2net.co.il
wpmaverick.com
www.32bh.com
enterprise-advocate.com
for-rent-nerja.com
deviantart.com
calltm.com
esf.anjutu.com
grafbelts.ch
ofb.gov.in
personalityjunkie.com
uriya.puk.ro
pinterruption.com
sjjx.wgwgw.net
hdsquirt.com
orlandodiscountticketsusa.com
allformens.ru
consigli-auto.it
technoboard.pl
thecomet.com
illblogtoday.com
refresh.ro
downloadliberado.com
julius.wop.ro
onlineshopping24.us
1229446.i.tiexue.net
webhvac.com
changprice.com
3s0.info
df.cl
workfromhomefreebies.com
www.zbdxbyy.com
erolux.info
meihao.biz
mail.boe.com.cn
tauti.wop.ro
teayuan.com
max2promos.com
www.nunes.nl
www.freebackgroundweb.com
3p3p3p.com
ubifeel.com
tinysandwiches.com
www.yxdh.com
tiffinmats.com
samba-choro.com.br
rednook.com
waterpixel.com
sap-pros.com
domcintra.org.br
footloosenomore.com
www.mhv.pl
changdeweiyena.fdchs.cn
darazs.wop.ro
berea.edu
kumagai.com
dominicpettifer.co.uk
skiba-kr.ru
hotel-stefanik.menu.atlas.sk
panahome.jp
rudnickaolga.pl
selffamous.com
ts.58.com
teuflischerer.wop.ro
gymlaufen.ch
yabvdul.ru
beget.ru
gsmpakistan.com
mobiledosti.in
sitesgravity.com
egm.at
muchgames.com
ghanahighcommissionuk.com
josephjiang.com
wap1022.com
spanishabroad.com
laoger.com
articlesinfrastructure.com
newfiles3.pinger.pl
bigplantnursery.co.uk
suedekneehighboots.com
johndeeregreen.4zy.info
peruano.info
www.71u.co.nz
www.i-miguo.com
ba-z.com
alypaa.com
guestpost.it
sawbladesoftware.com
tep.cn
dialogui.wop.ro
m1.12bt.info
xcbcy.78.cn
koketea.com
sff.hu
playfart.com
thegardenerbook.com
asia280393.wrzuta.pl
coventrycity-mad.co.uk
matricula-online.eu
brokenscript.com
science14.com
sanborondon.info
ddd.co
estreladomargoa.com
mobiter.net
avi.co.za
testsitesafe.com
bwebhostings.com
ewerk-onlineshop.de
bbcosta.com
bagsokbuy.com
pkn.pl
www.bd125.com
blackmonsters.com
femmixwrestling.com
sakthidww.com
itsarchitektura.cz
iccnow.org
khaosan-fukuoka.com
soveratoweb.it
qingting.org