www.kostenlose-urteile.de
download-young-jeezy-ringtones.blogspot.co.il
nokiaforum.com.pl
xxx21.info
dennisevins.com
wikki.flog.pl
winp.cn
www.oxupfj.com
osbridge.com
jjjinvesting.com
yehefuqali2.pev.pl
bni.nu
book.mycom.co.jp
niyang5740.pixnet.net
pars-e.com
tuan.0579.cn
buycheapelectronics.org
www.360bye.net
indas.ca
elreinomagico.net
dimdima.com
frag-den-heimwerker.com
whizkraft.com
stepbystepcashsystem.com
jobs24.co.uk
mega-maya.com
afrobeautyshop.de
ist.utl.pt
areologi.puk.ro
moviecollection.jp
jece.wop.ro
amazingts.info
1and1.pl
www.jjgz.cn
blackmonsters.com
domaincrunchers.com
detskieigry.ru
haowangjiao.com
muchoscursos.com
gamagio.com
simplus.in
shoptysons.com
recenze-firmy.cz
mediterraneanbook.com
symbianfan.com
netv.pl
daiwaroyalgolf.jp
petvacationhomes.com
myworldlistings.com
ckidki.ru
fashion-week-berlin.com
ogrzewnictwo.pl
estoryahe.co.uk
ekaterinagabzevich.ru
agcacademy.com
lars-schenk.com
cta.net.cn
sunwebr.com
fastfoodcoupons101.net
pcbackupreview.com
myopenforum.com
fwmtrack.info
favoraffair.com
hypersilcolumns.info
linktour.it
thecoopfam.com
searchinspider.com
www.peperomia.net
gomixmodel.pl
fibo.de
xixidieyuan.com
gzlinuo.com
konakonakonatsu.blog.so-net.ne.jp
alrekab.com
wpteach.com
globalreise-billig.info
filipinoes.net
guihuaxiang.com
acahoops.com
makedo.ru
basvandenbroek.com
estreladomargoa.com
sickdaysurf.com
directoryslang.info
actual-concept-ent.com
muszyna.pl
www.firewarrior.de
ipnews.com.br
polkowianka.wrzuta.pl
slnb.265link.com
www.ucv.ro
korba08.digart.pl
versandhandelsrecht.de
caliberclub.ru
www.fotos365.de
rqnj.nfdy.net
web.reedexpo.co.jp
die-geschenkidee.de
completeoffice.hu
www.zwgay.com
ghanatrack.com
olivetelecom.in
dgoca.cn
e-garakuta.net
www.jiuxianwang.cc
6cfu.net
www.52pojie.cn
scanitscoreit.com
zalozfirmu.cz
rd.am
sunzumar.puk.ro
psychonomy.info
pyhu.digart.pl
avogrados.com
itl.pl
btqueue.sourceforge.net
www.taogou998.com
garmenttech.com.vn
bykjpx.58.com.cn
lyzia.digart.pl
legadolibre.com.ar
wdfriday.com
www.geilewijvencams.nl
pgegiek.pl
qmq.78.cn
forgood.com.cn
fungo.tw
mobileposse.com
bmu033143.chinaw3.com
mycrib.ru
greeksubtitles.gr
forumbrzeg.pl
www.ataose.com
www.95522.org
kapiwiki.info
collides.wop.ro
lytot.com
hubtags.info
livesport.ru
www.tysse.no
studioopinii.pl
etrend.info
xrumker.prv.pl
spicygadgets.com
urgrove.info
gsfc.wop.ro
almont.wop.ro
www.seksdateservice.nl
absentia.digart.pl
eosrebelt3ibestdeals.com
phototechniques.info
cherrygrrl.com
arlw.com
std-gov.org
worldschool.in
w.all.gd
errigalfish.com
kio.hu
clipxxx69.info
soupesaient.wop.ro
dienen.puk.ro
racecargamesonline.info
golimpopo.com
fdc.86516.com
profilelinkservices.com
studiokaren.co.jp
jscsdkj.cn
megahitsdisco.co.uk
wopingit.com
xiaoyueyao2010.b2b.youboy.com
dobroda.hu
rapmiennam.net
smallbearelec.com
agahi24.com
jcrb.com.cn
otviets-emeil.info
char-aznable.tumblr.com
micklehamweather.com
betterlivingwomen.info
weble.org
tako.net.pl
a1dir.info
obsessedposts.info
sadreminders.com
redlightpromotions.com
tmyafcvnp.blog.kazeo.com
www.21daixiao.com
k.9x2x.com
dsw.edu.pl
manguo.org
aliwaigong.com
ff-online.com
tczmgjm.78.cn
www.sexav.us
extraitxxxhd.info
kaikei-zimusyo.info
socialbookmarkingservicesz.com
articlefall.com
jquery.org
zlrubber.com
hitchfifty.com
meteo-tv.am
rtpserver05.info
ykchangweishuj.1168.tv
unicentro.br
ww.shpsoft.com
chestoppen.de
desichat.com
www.chinaimport.com.cn
chinik.wop.ro
banquetdesgeneraux.com
spojoy.com
merchant-navy.net
doriangrey.net
www.aougu.net
www.freespace.pl
auslaender.at
animezo.com
abe-paint.com
fotbolti.net
sport-hour.com
occasiounsmaart.lu
uetake.wop.ro
rewardgateway.co.uk
kuns.rs2clan.net
sz.zol.com.cn
pangmm.org
mytodaytv.com
cbc.gov.tw
muzyka.57.pl
manjyuu.puk.ro
hitradio-ohr.de
mianfeijiaocheng.cn
negativ-film.de
k8n5.qiwen5.com
mobilewebsitedirectory.net
www.0396jx.com
cegal.es
chemistanddruggist.co.uk
smilecom-usa.info
tapajo.wop.ro
seed-consultants.ro
odnoclascniki.info
www.hnhhmm.com
686c.com
olestimofeev.com
gekuu.wop.ro
opticnet.ro
clinanthia.puk.ro
ilva.dk
ganxy.com
podfeed.net
avrafamily.web.id
www.k9k8.cn
fridi.ch
complex.com
moeer.wop.ro
cheatad.com
quwyte.ftpserver.biz
www.ruixingzhou.com
cassino.com
chensd.com
whjjls.match.chinago.cn
84n.info
pizzariaalandelon.com.br
tahvel.ee
beseitig.puk.ro
zeezout.puk.ro
www.3mp4.net
cebyp.1168.tv
198.wo88.in
kikkake.jp
id-service.jp
kinkship.com
showbizhits.net
bbs.zhxww.net
firstclass.com.br
2cy.me
opgegevenen.wop.ro
www.h-soft.com.cn
mantv.co.za
irvmzncsn.blog.mongenie.com
calfeutrerait.puk.ro
tp.piba.cn
www.daliuliang.info
vitada.org.ua
huskened.wop.ro
www.fakeoakleybuy.com
zionadventures.com
www.hy528.co.cc
visitnj.org
siteguide.jp
bct188.com
bcyb.cl
ilovemotor.jp
mastomtho.com.pl
aagnation.com
taosoftware.co.jp
r8a26.et8w.com
juepinxigu.taobao.com
kinhdoanhforex.net
www.xjsyf.com
xlpip.com
joyn.265link.com
androidwallpaper.me
fribiz.com
piedpumkin.com
tlpz.k3y3.net
sekkyout.wop.ro
liderfilm.com
archaeological.org
karim2000.info
ibc.pl
searchedu.info
cjp1509.qjy168.com
www.chinesescale.com
exb.co.nz
www.hdqys.in
przepisy.pl
8181.com.cn
affetta.wop.ro
ambuy.net
flytickets.com.cn
help.163.com
crystaldew.info
tahacd.com
www.654vv.com
verebbte.broodwinningen.honcho.toushima.goodwate.wwwwww.wop.ro
bollywoodnews.org.uk
digitalquarters.net
kashi.66law.cn
dongfangkuaijiejiudian.fdchs.cn
zyw520.3.24c.cn
x.co
sina.hd.cn
photos-celebrites-nues.com
hollenberg.wop.ro
www.cysz6.com
cinemark.com.ec
skrobak.pl
womendress-uk.biz
bravo-company.info
ridemygirls.com
pcherstellen.nl
blogsexy.com.br
hideme.mobi
www.bosw.pl
www.bosigame.com
bartaz.tvn.hu
myphamohui.net.vn
xmchen.com
generalarticledirectory.info