juegoslibres.net
crcci.org
d89.cc
crocodil.puk.ro
crow.punt.nl
cul.sina.com.cn
jan-jak.com
ghanahighcommissionuk.com
cultedad.wop.ro
mipaja.es
outsourcetaxreturn.com
dagedar.com
dahar.eu
beaconlifechristianstore.com
daijo.info
dammi.pinger.pl
barcelona-spain.ru
daogouwang.tk
darcoran.net
advocatefordogs.org
datahostingz.info
sokolowsko.info.pl
datamapper.org
profitbuildersystem.com
www.pannonszoftver.hu
brechthouben.be
baegypt.org
derevo.info
marcbowles.com
www.yiyiying.com
dioxid.ro
xphoz.com
droidnews.ru
druckinjektor.de
drupal-translation.com
stayfitbuzz.com
dubaievents.ae
dublerte.puk.ro
dulich.haiphongthongtin.com
kotaperwira.com
eat-alian.it
changprice.com
soveratoweb.it
trouwgel.wop.ro
mtn.com.sy
gproxy.com
ebooking.it
svzell.de
efxunudp.mixxt.eu
egeszsegugy.lap.hu
betoppatches.com
eindianhair.com
ejms.com
elektronika.lap.hu
shexy.nl
entersoft.vn
entoptoscope.puk.ro
epodatnik.pl
www.wugese.info
eppunormaali.fi
wtfbook.in
todo-anime-gratis.blogspot.com
etoday.ru
etre-un-homme.fr
eutededico.tumblr.com
ewelcia166666.digart.pl
capriceerotic.com
fare-search.net
chemenal.wop.ro
paisanuncios.com
christiantoday.co.jp
franken-pyro.de
freshspirit.be
fs.zx123.cn
fujikyu-railway.jp
gangbaar.puk.ro
gaoav.blinkweb.com
upperstclair.com
gazetainwestor.pl
gb-china.cn
gdn63.com
shop62854108.taobao.com
gerry.ws
gladystrincado.com.ar
seolux.pl
global.mynavi.jp
globalbookmarkonline.info
globalrights.info
worldofdtcmarketing.com
globalstats.com
hugg.info
ezcouponshop.com
goutonline.net
www.tuning.pl
grynet.puk.ro
sultoni-kabir.tj
guahao.beijingyiyuanguahao.org
guenterflatschacher-photography.eu
viralvidaddiction.info
guglio.wop.ro
juancong.com
hostmerchantservices.com
gulbaharshukurlu.com
gwebtools.com.br
theironladymovie.co.uk
erotickyprivat.cz
basvandenbroek.com
bexinh.dantri.com.vn
rjks.nfdy.net
zhrt-alrbe3.com
dj-alfredo-da-matta.hyves.nl
focoeconomico.org
gwede.wop.ro
www.lishi99.com
happyet.org
healthnet.com
thesaltypineapple.com
hipgnosis.us
watchsale4u.com
dayprogu.ru
hukam.net
zettelte.wop.ro
svenbader.de
humyai75.info
hzbc.us
sandzhang.com
iay.nic.in
pic.ddjiankang.com
streettalklive.com
imsec.ac.in
bryle-4m.cz
intasamm.puk.ro
interpark.co.kr
wkok.info
irishinfertilitysupportforums.ie
shoutflow.com
irkflowers.ru
jeffkit.info
gettaxi.co.uk
tiffinmats.com
jingnei.net
jiori.wop.ro
kakusita.wop.ro
peotv.com
kaleazy.com
kirpluk.digart.pl
kousien.info
fordland.puk.ro
linksspot.info
linkzilla.info
lintasinternet.com
qazvin.ir
pop-u-lar.com
cugj.com
muzyka.57.pl
industrial-enclosures.com
seclaw.com
zonatop20.org
emoviesdownload.com
hudeem-vmeste.ru
tatilacentesi.com
2013fordfusion.info
whizkraft.com
afrobeautyshop.de
www.oafind.com
shop66576820.taobao.com
tutorialman.com
thegardenerbook.com
aneczka.blip.pl
puregaming.pl
blogsponsor.info
fairport3.dk
www.vla.cn
onsuu.info
apple188.com
www.overclock.pl
www.d4se.info
spozywka.pl
isuppress.net
soshu8.info
jgkf.210000.org
www.syphu.edu.cn
panska.cz
toeic-now.com
ztdy.tk
www.gojxly.com
irvine.ca.us
bhqb.net
zchx168.net114.com
lue85.com
seken.blog.so-net.ne.jp
wxu.tuan592.com
ytj3.265link.com
brianshall.com
parksmania.it
www.seksdateservice.nl
fcovers.net
rubadub.co.uk
lamam.wop.ro
queening.info
www.chnthu.com
simplybe.ie
female-figure.deviantart.com
mam-aid.jp
www.qichedj.net
thetruckstop.us
tozsdeplus.hu
viessmann.pl
belmusic.info
thakims.info
jobs1malaysia.info
asbestoslawyeralabama.info
www.ddd90.com
glendalealumni.com
talkingnewspaper.org
www.gxbblc.com
16nf.info
nudesplanet.com
spvrn.ru
yymd.nfdy.net
uasu.nfdy.net
xa-8.cn
99bii.com
rmvboard.pl
yu.gs
sou.wjw.cn
sh.58w.cn
diana-secret.com
www.988hot.com
www.ylsw.net
www.nixiou.com
carrentalbusiness.info
anadoluhayat.com.tr
www.zzwwsc.com
naturalherbalweight.com
www.etqmjy.com
zijlen.puk.ro
www.51xisuiji.cn
4hourrecipes.com
carcle.jp
silhouettesolos.info
www.iqs.edu
sokken-simpsons.istats.nl
worldbusinessseobookmarks.info
pgc-play.pl
gototurkey.co.uk
lavinyam.com
aapno1.com
465.cc
lamperonline.dk
euroteam.info
tartareandesire.com
88xs.15852.com
www.10lunwen.com
usj.edu.lb
professionalwriting.info
gxiao.ga
kaska242.pinger.pl
www.33jia.com
tmiura.wop.ro
www.jaii.de
astral.bloguez.com
e-vending.ru
lyarczwobl.blog.kazeo.com
lysscs.cn.zhongsou.net
kvst.net
glamorise.pl
ntaw.qiwen5.com
www.czi.cz
www.zdbbs.net
7hab.nfdy.net
www.2resume.cn
beni92.fecsegj.hu
78gk.com
guepardoinvest.com.br
6traveler.com
home.dyfc.net
iphoneottercover.3ji.info
se-suganuma.blogspot.com
interschool.net.ua
zte.phorum.pl
51szs.cn
advancedprintingsupply.com
gplusviet.com
boyi.nzw.cn
thuocgiambeo.info
www.nqtuan.com
www.euroinvestor.no
gardenplanet.pl
www.zz97.com
www.shjfy.com.cn
www.xxx733.com
piqs.de
www.link.aruhaz.co
www.herczeglawfirm.hu
videonuizle.info
mi.99bitgc.org
chongsoft.com
centrumwspolpracy.org.pl
batteris.puk.ro
www.8h688.in
www.3g-edu.org
tonno.flog.pl
obiavite.info
www.yqgtzy.gov.cn
www.jzjj8.cn
articledashboard.info
szigatech.hu
garconne.digart.pl
yuki.tk
www.miqi.tk
zacla.edu.pl
dirlinklist.info
charpentemenuiserie22.fr
maxmoritz.de
jakehi.wanye68.com
www.rebecalinares.net
www.1069800.com
tablica.pl
livingtechnologies.co.za
56le.net
www.zasj.cn
ryor.ibyznys.cz
www.majestically.nl
www.melody333.com
coib.nfdy.net
voipphoneservicezs.info
feather-supply.info
apbwiki.pl
www.9423.me
www.sesaorao.com
cognisab.wop.ro
tizerfly.net
aeschyle.wop.ro
www.fsnandu.com
vru.ac.ir
www.bet365ty.com
ipcl2012.blogspot.com
www.redvi.com
1o2.ir
johndyer.name
yaaree.com
www.nuvid.com
wikibis.com
lacrym.wop.ro
www.west800.com
iisadmin.co.uk
mlgao.com
abenyu.puk.ro
hrajeme-divadlo.cz
www.zhangfeiyijue.org
atehenmei.com
pearlsindiatour.com
alexmazilu.ro
megustaecuador.com
www.ptbg.nl
netlinks24.de
schlaefrigere.wop.ro
www.fge.pl
scsqj.com
yanyanpi.1168.tv
www.houzi.in
www.haichuntools.com.cn
yutoo.info
simswiki.info
www.mqyww.com
bjdl.jianzhanzhe.ws
khole.wop.ro
shoptimate.fr
bedworld.net
emzet.blip.pl
risbt.ac.in
free-classified.in
winemax.org
enable.hku.hk
www.ynnk.4f9.org
labkultur.tv
ben10.fad3.net
lax5678.com
www.cimbu.cz
sopan.info
sinemaizle.org
www.jnssgs.com
islamhome.info
bbs.sohuko.com
kf.xwg.cc
tces.co.in
www.leijuu.com
cc.wwmmm.net
www.jxsyfc.com
dienacht-ontour.de
sweden.wop.ro
demus-zegarki.pl
wpapps.me
tvprogram.rs
www.dduu.org
viettel-distribution.vn
questbridge.org
dip-net.co.jp
ximiqi.com
guad.210000.org
sowwwa.pl
adeniyi.info
helenka.flog.pl
dbo.131.com
hbtvguyana.com
shoujizu.net
hukken.wop.ro
atlanticmedia.info
www.seoer.org
zaqk.ro
hassex.net
3243.nfdy.net
www.squidoo.com
qeri.210000.org
zlgmcu.com
remarshal.wop.ro
mrozny.prv.pl
pagerankcheck.info
www.chasaobi.info
www.news365.com.cn
jerusalem.muni.il
i8c.info
www.sqdcw.com
mondedemarion.info
lt.cx
watch.impress.co.jp
foto-pasja.flog.pl
www.hanser.de
alamisskennels.com
sas.unl.pt
v.chinadance.cn
hokkienkonghuay.org
alyssanation.com
mm811.com
zinshin.puk.ro
mymilestonecard.com
latigueo.puk.ro
ldou.nfdy.net
atelier-21.ch
profesionalni.info
www.cmacme.org
www.73kx.com
wwwaaa252.shunshunfa.com
zhulu.35free.net
sshuai.com
www.bestp8.com
bblog.pl
zdy.cc
ezdravlje.info