sublr.com
ch-review.net
blog.114118.org
geheisse.puk.ro
www.zbksy.cn
punkt44.pl
sklepbukowiec.pl
lekvar.lap.hu
www.sjzsmw.com
autosberkassa.ru
www.66ssss.com
djdarren.co.uk
unjourunephoto.org
polasek1700.pinger.pl
sklepdlh.pl
skyfamily.ru
hntv5.com
sleutelstad.nl
slgj99.com
slhz.hdol.cn
liuxue.gaofen.com
slideme.info
slotastic.com
sman3lamongan.sch.id
v.yesky.com
smarriti.wop.ro
smg.media.mit.edu
smhardpic.com
smilereminder.com
www.3c.cm
smxs.gov.cn
sneekbeesten.nl
snovaozarabotke.ru
startupnorth.ca
socalledgurus.com
soccerrumors.mobi
socialbookmark4u.info
socialbookmarkoffice.info
www.lcju.cn
socialbrite.org
socw.us
sodding.wop.ro
lindakartika.com
somxy.com
soomal.com
sorularlarisale.com
sosa.xfree.hu
fs.yes515.com
souhaits.wop.ro
sovfc.com
sownar.com
www.jjgz.cn
spacsport.nl
spartacuscombatives.com
spelautomater.info
clalitblogs.co.il
spell.pinger.pl
spicesonline.info
spikelike.organisierenden.prerebellion.karaoke.hygien.wwwwww.wop.ro
spkzuotapj.blogger.hu
sq.kaye.cn
squarespace.com
srvmatrixemail.com
chengdu.pchome.net
wwww.76me.com
ss8866.com
ssdpedia.org
statistikus.ru
517anbo.com
statoutlook.info
statu.co.cc
steandleanne.co.uk
stefano-picco.de
schoolseo.ru
sternregister.de
steviescommuterblog.wordpress.com
longtermcare.gov
logo-design-india.com
www.929av.com
preattun.wop.ro
foodstoq.com
nudesplanet.com
scriptz-team.info
oe-design.com
lztd.9998.tv
www.iotxx.com
paypal-marketing.pl
is.uva.nl
www.238000.com.cn
www.cninfoyu.cn
kk55kk2.tumblr.com
www.2013dy.tk
www.zgetfl.org
mskt.ah.vnet.cn
pet.yiwang.cn
kindlefireleathercover.com
icast.awo.cn
rbrq.265link.com
storyful.com
str8training.com
strefaimperiumgier.pl
zgzks.jxedt.com
studiosynergia.pl
stynka1.pinger.pl
ahtcgg.com
suantang.go.th
subduedst.wop.ro
subway.sunbala.cn
cartoon-gal.deviantart.com
sujian.info
sunwaybag2000.cn.alibaba.com
supplants.wop.ro
www.66j4.com
suryadewa.com
svetofor.kg
sprzetkom.pl
swatch.com.cn
sweetlicious.net
haras.gov.sa
swiatswiatla.pl
switchbowling.fr
swpark.or.th
www.960km.com
sy1678.cn.gongchang.com
sye-hk.com
szaci.atw.hu
aaa38-12go146.diandian.com
szyingwei8.cn.alibaba.com
t.e0575.cn
handoff.puk.ro
tabasco-slots18.lefora.com
28.vg
iafc.210000.org
darkness.soup.io
www.mlkys.cn
stien.euforia.wwwwww.wop.ro
xerxes.wop.ro
www.tyqcbx.cn
vs-uk.co.uk
dz210.com
fh-trier.de
www.unlimitedav.info
www.hfq.hk
asada.wop.ro
undisputedfightnation.com
www.sjname.com
pascoa.info
www.eck.com.cn
pjp.blip.pl
wap00852888.com
sspig.com
raisesmartbaby.com
313digital.taobao.com
talee.mihanblog.com
tamakuja.de
odnoklassniki-under4.info
tamilenn.net
tampaxcoupons.co
tanzen-die-party.de
songsmap.com
taodoudou.net
tapanta.info
micon-design.com
tariffab.puk.ro
taruga.puk.ro
taylormademusic.org
vagasriorj.com.br
tbcbank.ge
tdvz.210000.org
aieo.nfdy.net
team-xpc.com
techsmash.in
teionsou.puk.ro
xahaqrbdd.blog.mongenie.com
telovashe.kz
tengrinews.kz
alplist.com
terdodgters.bloguez.com
tg.0668.sh
resolutehearts.com
tgory.pl
eryk9.digart.pl
thaiseovdo.info
thaisex.ca
the-cheap.net
www.baoru.info
theater.ir
thebajaponyexpress.com
fly.pl
thebulls.co.za
theenterprisebulletin.com
theflyfishingforum.com
sabre.wop.ro
thehealthyeatingsite.com
thepowerwithin.ca
ploscompbiol.org
thespoof.com
thexxxx.com
thinkerstar.com
hinduwisdom.info
thinkwareinc.com
thylacynus.puk.ro
www.zjnclb.com
tialink.info
tianjin.qyi168.com
www.saiger.cn
win345.cn
www.shdk163.com
www.pc811.com
www.denisleary.com
www.postdx.com
graza.pinger.pl
tifmztuk.blogger.hu
qebojgmlngov.com
foto.htsz.pl
tbessa.net
renticc.com.cn
unkink.taobao.com
globerunners.de
www.xiyou3.com
www.lwfangzheng.com
www.tupianwu.com
4fastfile.com
www.hynews.org
mollyrustas.se
www.formarry.cn
www.sdsfjx.net
thefreeagencybalt.com
mondinge.puk.ro
tiptonphotography.co.uk
tiptopkitchens.co.za
hengyreng.com
tiratira.puk.ro
tj.10086.cn
forrss.com
tk.xntz.net
todseelie.com
tokafer.info
gzszj.cccpan.com
tokyoguide.net
tollywood.info
tongdaifpt.vn
holodilnik.info
topic.bohelady.com
toplista.i-rpg.pl
www.jialeistone.com
topnews.su
golf-gift-ideas.co
topsolutions.pl
toquebella.com.br
guidinglighths.com
toshicenter.co.jp
toshikkbnj.blog.so-net.ne.jp
www.rentiwang.info
tpc.edu.tw
tra.kir.jp
iuzja.digart.pl
allmetalforums.com
v.cctv.com
iscj.210000.org
all.vic.sina.com.cn
chn-metal.com
click-explorer.de
blogarena.hu
b2b.jianzhanzhe.com.cn
www.izhufu.com
trouwgel.wop.ro
meimei8888.info
lucene.apache.org
eag.ly
prnx.info
ladiesgaga.com
carjam.co.nz
themeloom.com
allaguida.it
karhuize.puk.ro
ilactr.com
inteliscorp.com
green4cash.com
afr.pl
travelway.pl
enjoyz.com
tremendarumba.com
trockenv.wop.ro
revenuecurve.com
tsiyon.puk.ro
ttjqz2.com
0wnenstein.deviantart.com
tuoferta.com.pe
turfnsport.com
mediatravel.ru
turkey-trading.com
tv.osp.ru
tv.yahoo.co.jp
coinauctionshelp.com
tvnopchd.net
tvspain.tv
txs.115kan.com
www.estinity.pl
tygertalk.com
typo3.pl
tysis.cn
tytm.net
tyvj.cn
okene.wop.ro
tywm.info
ubman.mn
ragus.jp
ubytovani-hotely.info
ucf.edu
udirectsale.com
coastalbusiness.com
ukfindit.com
ukphotos.exblog.jp
yuforum.net
umechando.com
umh.es
umtcn.com
organikhit.net
unchroni.puk.ro
uncomfortablemomentswithputin.tumblr.com
underprint.wop.ro
cabal.com
undog.wop.ro
unex.es
www.martinewester.com.cn
uniqueness.it
webboar.com
webdesign.net.cn
hisroom.com
hebirujia.fdchs.cn
webdex.ro
webenglishteacher.com
sbbt.com
weblinksdir.org
webmator.com
websd.ru
best-strigki.ru
websiteoutook.com
webtalentshow.it
webuiltit.biz
rightware.com
wedeln.puk.ro
welinkyou.net
730a7.tumblr.com
wessexparkhomes.co.uk
westcoastcustoms.co.jp
wh56.net.cn
simplehomeschool.net
whatsmywebsiteworth.net
whitetapes.de
afgetekend.puk.ro
whocanseo.com
whoisdomain.net
wikify.info
articlegold.com
wikispam.de
wildkakwaoutfit.com
jls.tuan592.com
wilzonex.pl
www.llqws.com
winduru.soup.io
winestar.at
powerlinksdirectory.com
wingsofswing.com
yamamiya.biz
premier-capital.com
reformnavi55.com
www.tiptop.cn
techtrickz.com
sa-pol2010.narod2.ru
natationpourtous.com
xboxstation.net
zblpx.info
sufficed.com
touz365.com
intea.ru
xskill.com
beaconreports.net
aishop.com.my
e21cn.com
zangmichongcaoshuangshen.com
movieticket.jp
cdchivasusa.com
veryol.com
imtj.com
shopbootsusa.com
wodge.jp
rmhx.nfdy.net
bookmarkingmeerkat.com
zunonteekatipsoi.com
kvitka.ua
www.hushihui.com
aoc.gov
podberi-notebook.ru
simpleheaters.com
laboutiquedelsa.fr
amorfo.wop.ro
review-script.com
supercocktails.com
newinspire.ru
dehiwala.net
ekb-dveri.ru
ijlsite.com
momreviews.net
cuisine-pied-noir.com
bb.51yyzc.com
karta.ua
xfzd.net
www.xxx42.com
www.officiel-jordan.com
www.njztq.com
arkana.pl
hn2002.com
www.waha123.net
my.lsu.edu
minicreateurs.com
www.sgu.se
naayers.org
www.szssj.gov.cn
gs189.cn
www.bml.haifanliwang.com
tianlaiys.com
it.binhyenquan.com
defyingexpectations.ca
www.chinaqiqiang007.com
xuijs.com
jsgfexumyb.blogger.hu
shengben.eol.cn
www-himin.com.cn
www.gdcoc.cn
www.020xt.com
sohu90.d5dsoft.com
www.baijiajiangtan.org
www.jdgjzp.com
sportsko-kladjenje.info
xgtlsy168.com
2012new.info
www.haocaimy.com
www.yzjy.org
gt1world.com
www.fuqiao.cn
squeeze-box.ca
soebar.nl
nn-may.com
canalsolidario.org
andersonbocao.com
so-very.me
webmasterfriday.de
angelinacastrolive.com
jodenkinderen.puk.ro
carpooling.fr
haojue.com
vdolg.ru
lions-mansion.jp
symphar.info
www.kan250.com
uzpa.210000.org
sandiegohaunted.com
tx379.com
onlinerockblues.info
cr-nielsen.com
robinson.com
svar.pl
csiberkeley.com
ophtalmo.puk.ro
ruletaonline.biz
callam.wop.ro
nvnet.org
konnektivity.de
2hot4airwavesviews.com
www.hs49.com
rainbow-photography.net
waterpixel.com
za-isakly.ru
vraagzie.puk.ro
kotofey66.ru
www.ac18.cn
the-games-blog.com
marblefa.puk.ro
limofans.com
zirkuspr.wop.ro
aturae.wop.ro
trollzeweb.com
juancong.com
www.babymysite.com
prositeseo.com
whatshebuys.com
sunvalley.com
algunstrocados.com.br
multipressplugin.com
homenetpro.com
rpcxt.1168.tv
d3webdesigns.com
qualitest-inc.com
eurogsm.ro
tech-blog.net
oralgutan.com
www.yanjiao.cm
yipip.com
www.sdjgj.gov.cn
www.hbsh1018.cn
www.norenco.pl
tomcruise.mneniya.ru
dinkes-ttu.web.id
jets1986.blog.so-net.ne.jp
www.66602.net
www.13ling.net
bookmarkingservicezs.com
wholesalenutrition.com
51lawyer.66law.cn
eosfit.ru
firecpu.com
gloucesterpoint.biz
myexa.net
br.com.ua
greenmountain.com
periodicos.com.ar
photowhoa.com
esoterikforum.de
ucbtrainingcenter.com
intimdialog.com
duitsland-reisgids.nl
master.jesusdavid.es
ekmpowershop11.com
www.chinlux.com
trmex.ru
photo104.blog.so-net.ne.jp
bonifratrzy.pl
www.xuanniankm.com
www.hziliao.com
www.sloveb.net
wabei.com
www.countrycreate.cn
chiggerweed.puk.ro
www.iyeslogo.com
pik.ba
fac.org.ar
www.profilkurserna.se
nba.edu.in
wsousou.cn
cita.islive.nl
rubybingo.com
www.sxcaideng.com
snossk.blog.so-net.ne.jp
www.yijidaohang.net
ozarow.info
ekotemplet.se
sanyparts.com
birke.de
nipponpower.com.mx
sharedweddings.com
chef.se
sikhiwiki.org
jeopardy.com
sedayemelat.com
ybay.co.il
www.shaofu.in
sos.se
heirholdfast.info
esboss.com
www.mpmrecruitment.com.au
mcdonalds.co.uk
supermarkethq.com
digitaldevicesonline.com
bridalnet.co.jp
arnocorps.com
addison-florist-chicago.blog.hr
foto.delfi.lv
www.kkdyw.info
www.371pc.cn
aromaderosa.shop-pro.jp
www.51bli.com
www.gequye.com
ipphlaw.fyfz.cn
forvirringen.puk.ro
drijfstenen.wop.ro
www.bi.cz
macandidature.fr
users.atw.hu
bainianguanri.b2b.youboy.com
diary.software.informer.com
www.clk.lu
www.jeshotel.com
fr.apeh.hu
www.5dxs.com
ham-radio.start.be
droop.wop.ro
itusersmagazine.com
deliveryhero.com
www.52hunan.com
reyah23.blogspot.com
thespread.com
el3b.com
peindrons.puk.ro
digutsoft.com
ftp.jmu.edu.cn
gci.org
groupalia.com.mx
haptotro.wop.ro
groupbuyingcanada.com
przg.info
entradasprado.com
thecoolbean.org
saint-gobain.com
sateliteservicez.info
badang.wop.ro
legalmail.it
selogerpro.com
verfilmes.net
nmb48.com
730a17.tumblr.com
collegewicca.com
tusnovelas.com
etile.jp
pressrelease-zero.jp
yantai.gov.cn
bransontourismcenter.com
cashboxparty.com
mbrd.ru
sean.co.uk
1september.ru
hzhb.sc.ct10000.com
livepositively.com
tech2wonder.com
android-update.org
uitnodigingen-verjaardag.istats.nl
rapporteerden.wop.ro
www.xingyefrp.org
www.bjfsjy.com
werbung-regional.info
cari.com.my
kemari.puk.ro
granduncle.puk.ro
tumion.wop.ro
www.105tj.com
saldierend.puk.ro
isothermobathic.wop.ro
www.kunto.fi
www.010byby.com
facebuk.pl
vip88.zqqpb.com
www.ijinshan.com
cpa3y.net
hasch.puk.ro
www.diyi11.com
brocards.puk.ro
hot-deals.org
www.tx.cqstar.cn
intertow.puk.ro
zippyshare.me
fukugour.wop.ro
padrta.puk.ro
www.legowu.net
coulailai.puk.ro
homeweblist.info
3xiao8.com
07ksa.org
frontis.wop.ro
yantv.vn
chicagowebdesignzs.info
2000seguidoresentwitter.com
rental-car.jp
sangotunhien.info
wealthcounsel.com
gebeuzeld.wop.ro
opregadorfiel.com.br
equestrian.org.au
mitcmljs.5d.cn
www.resiay.com
nummagic.info
hyrbil.se
www.xenke.com
www.neukpaarden.nl
pambadeque.puk.ro
pactisa.puk.ro
sakura.press.ne.jp
andziulita.pinger.pl
eroticmagic.com.br
sprit.org
robothumb.com
ac-clermont.fr
www.ainori.de
gewgaw.wop.ro
suddenne.wop.ro
atnm.56dvd.net
bringbutler.de
ruanjian5.com
sekterisk.wop.ro
bruchstellen.wop.ro
yllove99.taobao.com
biel-bienne.ch
compreepaguefacil.com.br
plchic.com
lscgm-star.info
xposeprint.de
www.94baidu.com
pajaczek.pl
www.dd378.com
www.pokertong.com
zxft.0513.org
12609.h-x.cn
etn.se
www.vitanu.nl
xteenparty.com
www.bjsjsx.com
wasvrouw.wop.ro
sonhodemorarbem.com.br
www.aixinxi.cn
overgekregenen.puk.ro
dylanbrody.com
dr-rider.name
cassaia.de
funflashgames.com
fonegallery.narod.ru
dustfreepc.com
5uk.info
gouyiyi.info
10000072879.8.sunbo.net
landprofitgenerator.com
grajewo.pl
remisivo.wop.ro
workinfonet.ca
veracruzanos.info
rachaelraystore.com
bluesguitarunleashed.com
toddwillsauctioneering.com
biip.no
xiaop.info
shayla.puk.ro
www.cicn.com.cn
bikebooking.dk
maldonit.wop.ro
help.live.com
jippon.wop.ro
shop69104700.taobao.com
www.alivv.com
1.vg
www.tudou123.com
www.dagskrain.is
www.pdsfx.com
blowen.wop.ro
oceangroups.info
www.mfa.gov.bn
onthebike.pl
www65jjjcom-65jjj.tumblr.com
littlestar.fr
nelly-rey.com
9darts.net
wdfr.info
monsterhigh.su
sjzsfjx.shop.qihuiwang.com
www.881b.com
chaussuresniketn.wikispaces.com
heroes-networks.com
prduktiv.wop.ro
videosguarros.net
kneppesexedepiger.com
www.bjdcwy.com
kyhappyask.info
loan.k8.cn
mobile.dbw.cn
keio.edu
overabou.puk.ro
pollusjon.puk.ro
bama.hu
eintopf.natemat.pl
wptip.net
toastete.puk.ro
bbs.saltyweb.net
nesiot.wop.ro
haeuslebauern.puk.ro
whhbzs.com
demokass.puk.ro
clublasencinas.com
usemynet.info
kitashirakawa.jp
buyfacebook-fans.net
inryou.wop.ro
opswat.com
schober.com
pvmq.nfdy.net
gudv.nfdy.net
absentin.wop.ro
manosegunda.info
www.munihualqui.cl
trendmicro.com.tw
watcharab.com
221xx.com
itfc.co.uk
ftsldrs.com
iplaymtg.com
bdb.jiangxuezhi.org
mozzaquinn.com
hacberm.345.pl
zoum.com.br
bt01.taobao.com
rootdiesomec.com
inspireyourgroup.com
nao2nao1.com.br
remembertobreathe.com
utili.wop.ro
yourcaitlynn.a-liveprivates.com|cdpheritage.org|heretici.puk.ro|fx.xlpolo.com|naucmdkovj.freeblog.hu|safesell.cn|www.55ebuy.com|cherry365e.jumpingcrab.com|www.shszc.com|www.top-swiss-replica.com|wordpress.com|dcjxdwka.skynetblogs.be|www.zhongguo315.com|www.38dv.com|ous.edu|www.ld-led.net|rmbbpoml.typepad.com|www.fsdzbj.cn|www.ammof.com|tbaoqu.com|www.linuxmisc.com|www.qqjiemei.com|chouwazi.com|www.zjhuada.com|www.hongdadianti.com|www.131.tw|www.bashaspa.com|www.semm11.info|www.yingwuyu.org|www.jc-cnc.com|hfjj.nfdy.net|www.qusoo.com|www.culcn.cn|www.opv.se|www.chinaw3c.org|8168666.com|www.se8.com.cn|kimkirchen.lu|isobyglilg.freeblog.hu|qrsljgbbx.blog.mongenie.com|shoushi001.com|www.haosao1.info|www.milangou.com|2sebo.com|bbs.php.net.cn|hnzlw.com|www.webjiankong.com|www.apyunhao.com|phcc.files.cms-plus.com|www.xinshou8.com|all-gay-video.com|horseheart10.webs.com|www.hac-ker.tk|nateriggs.com|70475.dealer.it168.com|www.52taose.com|www.8415030.com|cracksites.com|taomeisz.taobao.com|www.139ppp.us|www.bjbihua.com|www.edgeautomotive.net|myxybb.com|respage.com|wmb.hebei.com.cn|www.hmz.cn|www.qg-knives.com|wwwaaa252.shunshunfa.com|btconnect.com|recept.lap.hu|niemuzycznapieciolinia.pl|shop33466885.taobao.com|solaris.software.informer.com|0902muzapar.33591.com|wetter.vol.at|wmuacfrfu.blog.mongenie.com|www.972sf.com|ccshuang.rfjpp.com|iofl.nfdy.net|www.baiduxc.com|www.hongqingxin.com|www.9iqh.com|www.daqiaowaiyu.com|www.hz38.cn|twhy.nfdy.net|zhejiang.ha168.net|www.xianqwer.co.cc|www.wgb320330.com|www.gupuw.com|www.nlsfc.com|yangquantianqi.qiannan.org|www.imwarm.com|www.fc0.cn|www.djyjob.com|gz.58.com|www.astraltrip.net|vip.1168.tv|www.60ask.com
newsntvonline.com
sunbeltpartners.co.jp
helium.co
xinmapiju.com
canuckdirectory.com
sicherwiejold.ch
www.cctv3-xgdd.com
webguys.in
5i8.info
sendtheinfo.com
waplele.net
tarng.com
amatorszex.tlap.hu
yurist-online.com
o95r.265link.com
amart.wop.ro
aiwo.puk.ro
voxshadowhex.webs.com
xw3r.qiwen5.com
bbs.mscbsc.com
pkmn.nfdy.net
splenolo.wop.ro
ychg.210000.org
opendata.ie
erectopa.wop.ro
refererende.wop.ro
cnpj.nfdy.net
www.backlink4u.net
flashes.eu
nutritionquest.com
opiumbakery.com.tw
eksklusi.wop.ro
mypaycheckcalculator.net
yearnful.puk.ro
hyalosid.wop.ro
1.9787.com
trinityplaces.net
ukyaku.com
chinahomefurniture.com
campostonline.com
www.gxwzzj.com.cn
www.jint.cn
mall.wtorg.com
www.179kf.com
cursusharsen.nl
sporto.lv
passertj.puk.ro
www.sqfx.cn
www.kukoo.net
onderwerpelijk.puk.ro
der-pc-anwender.de
rabilarga.puk.ro
www.exiaobu.com
orthowiki.pl
plf1.bnx.pl
cemexangling.co.uk
udst.nfdy.net
muskulat.puk.ro
tooyamaa.tommies.stesse.wwwwww.wop.ro
midtskip.uwent.wwwwww.wop.ro
w3xb.265link.com
autogumivilag.hu
naglly.com
colonton.wop.ro
www.sochor.cz
turbodatabase.com
justteenbabes.com
jardipartage.fr
spk.la
trackforum.com
rockfordriders.com
ikeastampa.it
proceda.com.br
tribunolahraga.info
zomm.com
us-lotteries.com
mhoz.210000.org
fnbf.265link.com
taern.pl
extramarks.com
hkbuas.edu.hk
freeseo24x7.info
miniatur-wunderland.de
herlinggoldsmith.r.gd
badguys.hyves.nl
fastwebserver.de
gobollywood.com
www.gwktravelex.nl
38mama.ru
omely.info
link.zzadmin.com