www.nywd.net
www.szsdh1.com
videox69.info
bcsj.cc
vigoda.uz
www.jiese.in
heleworu.wop.ro
carbonconstructors.com
tw6m.com
emailfilteringz.info
www.tom365.cc
www.51kt.net
paraceph.wop.ro
zy.sdzk.gov.cn
ziii.biz
fjzuhikel.blogger.hu
www.zhenbushao.com
esf.hz.soufun.com
pubbliannunci.it
touchdown-music.com
seigv.wop.ro
megafonmoscow.ru
artgolfacademy.org
www.mx1.us
www.lqedu.com.cn
www.92bbb.com
mahali.pl
faf.dz
banhtrungthucaocap.info
aucvv.net
spoedcursussen.puk.ro
www.ku30.com
w3og.info
innovativetours.co.za
xboxgamingtalk.info
linkazia.co.jp
inwerp.wop.ro
tyo.jp
www.chaochui8.com
picworld.ir
sonnenkraft.com
blog.mobi
www.gtu.edu
dudds.digart.pl
hahaa.puk.ro
www.sindahk.com
thailandbacklink.com
roehampton.info
aangevij.wop.ro
download-kid-cudi-ringtones.blogspot.gr
miraclebookmarking.info
staskrasnikov.com
moydom-dv.ru
onlyfloor.pl
vfsp.nfdy.net
evergreen.pl
lzmiss.mm111.net
cubestage.pl
klaszczgdygowidzisz.pinger.pl
campusanuncios.com.co
yukiti.wop.ro
www.ttt999.net
t-suki.jp
islamophobiatoday.com
actebis.fr
saritaavila.com.br
forumlynx.info
cjssy.com
perth.usconsulate.gov
linkover.info
cvc.com.br
govdir.info
blog.firetree.net
nb.city8.com
www.zaphotel.net
darkiyu.com
mcdonaldsmenu.info
onxplus.co.cc
getpaidtomoney.altervista.org
artyii.com
softwareall.info
interlanguages.es
lobworm.wop.ro
hpe.blog.is
glyt.210000.org
unkyuu.wop.ro
zoomik.wrzuta.pl
photo-toile.net
20lx.com
bbs.zzjie.com
inspiredbylight.co.uk
getgoodlinks.com
bbs.0663.net
penchi.jp
natasha-starlife.blogspot.com
attacksuite.com
jiweicun.net
mirpk.com.ua
bruckner.kostganger.wwwwww.wop.ro
speelweekdriel.nl
infoliga.com.ar
gaoyuanhongjn5f.1168.tv
1crm.info
musterbriefe.ch
hrcoll.hyves.nl
s22i.210000.org
www.crshop.net
www.xyqcbg163com-gcd.com
yared.flog.pl
norichika.net
anais-apparel.pl
2mm.ru
aqkp.265link.com
wne7.k3y3.net
elife.ws
oostingh.nl
lazienkowe.info
mypublictransport.com
www.zhaocv.com
hh.xgo.com.cn
careerlifeconnection.com
jtwa.210000.org
medicalbookmarking.info
baby.msn.com.cn
revesa.wop.ro
dog-names.org.uk
latex.blip.pl
youropinion.gov.sy
www.tyrolit.at
sexfile.info
tvdirekt.de
topporno69.info
search-me-now.info
cloudstory.in
pwbr.k3y3.net
funpic.de
ingewijd.wop.ro
aslteramo.it
tuk.ru
www.xdy100.com
www.chunroufen.com
sblz.nfdy.net
nutv.dk
yourfiles.to
unkink.taobao.com
nurizad.info
xulibin.com
www.qpyxgame.com
epam.ru
uforhold.puk.ro
anydwg.com
dieutridaurang.suckhoevietnam.info
94luoliao.info
www.theblundersofeinstein.org
shstl.78.cn
joanandriahs.com
jny.fidisk.fi
www.y3366.com
herni.cz
pond-spacenight.de
dpnr.k3y3.net
www.chinamoad.com
pinsundmehr.de
100p.nl
catch-fashion.eu
articledashboard.info
www.2013dy.tk
gspinc.com
hookclients.com
gsni.qiwen5.com
fitness-portal.ru
mikeslife.org
puitis.com
cadutacapellistop.it
www.jp666.net
jjgyp.78.cn
intiba.com
horner.wop.ro
shobo--n.info
yantai.myjob.com
sta.gov.ua
www.vanegdom.nl
www.dd.122.com
mediajobs.it
www.dyxzyy.com
jorf.co.jp
www.szylconn.com
avisen.dk
tafelnde.wop.ro
design-remont.info
wkcda.hk
doershow.com
www.yate.ro
hocmarketing.vn
princess.cc
vyql.210000.org
www.13366.info
mokiemotor.hyves.nl
hamptoncourtkennel.com.br
sinclairintl.com
simplybacklinks.com
www.hs49.com
inkom.puk.ro
peaonyflower.com
99477.com
www.4551.cc
ankreuzen.puk.ro
liuyan.cnzz.com
192990.www.blox.pl
zhangmingbk.blog.163.com
ecpxw.com
familjesmycken.se
kasoku.wop.ro
21ic.com
www.42ye.com
webs.com
bd8.in
tateobi.wop.ro
mata.com.mx
acolyth.wop.ro
luchuang.com
freeurlsubmit.org
wikki.flog.pl
tongluren.com
lhcai.com
foxbizz.com
agst.tk
dinolandia.pl
www.3plt.com
laptopsdirect.ie
avwschool.org
momcorps.com
saw.tw
www.hchjhd.org
www.magdia.blog.pl
evqy.265link.com
isabellanilsson.se
7x.cz
banmarkrentals.com
biomedicsproducts.com
www.biantaoti.in
www.yicailed.com
cbs.pku.edu.cn
isecure.hu
artboom.info
salonika.puk.ro
idichvuseo.com
cats.nfdy.net
the-north-face-sales.chnewsby.com
cloob.me
fen1-97a.tumblr.com
www.cmgl3.com
cg.gzcz.gov.cn
unicentro.br
piratebrands.com
merblooaxis.blogspot.jp
republiekallochtonie.nl
superjuegosdecarros.com
8.cn
www.gzweimeijia.net
jowey.soup.io
www.bjp110.com
ingrandivi.puk.ro
www.zjrze.cn
www.sjzjh.com.cn
wulstigeren.puk.ro
0427zsw.com
moud.wop.ro
regzone.cz
health-heaven.tumblr.com
cam4free.cc
unhabitat.org
undisputedfightnation.com
www.666813.com
b-deli.co.jp
allosponsor.it
thegreatmusic.info
bcsp.org
avatary.pl
tinyurl.com
ahhlgs.com
www.tttgg.com
megajogos.com.br
kanitel.com.ua
mf1.info
affinitygarden.com
bendigobank.com.au
econugenics.com
misreput.wop.ro
untergrabende.puk.ro
www.pinzhihk.net
kalabat.wop.ro
pt.ncepubd.edu.cn
www.gzlvnuo.com
emuss.wrzuta.pl
sakawa.wop.ro
krankenversicherung.net
industryreview.org
www.huluzhai.com
www.hy6588.com
vpsville.ru
squash.wroclaw.pl
kse.com.kw
mangerite.wop.ro
www.11sdh.com
bdw.me
4euf.210000.org
avattka.blog.xfree.hu
grafikerorg.de
comorecuperaratuex.info
jiajuol.com
zaiten.wop.ro
yasoo.ru
3g.hs8.us
gbyguess.com
shibetor.wop.ro
www.13eweb.com
paylane.pl
wojtekkk.digart.pl
modecom.pl
www.3g-edu.org
mah.lu
zoopriut.ru
89st.nfdy.net
ycqxl.b2b.hc360.com
mouthtoears.com
cn.krypt.com
bookmarkingcollection.info
fuuzoku.info
aaron-rodgers-t-shirt-jersey.tpten.com
mwbj.qiwen5.com
joden.9r.ro
fleurdecafe.nl
barfing.wop.ro
www.66602.net
www.anfangwang.com
statistics.gov.lk
octave.wop.ro
nemnd.9r.ro
tudorarms.com
kva-kva.ru
lianliankan.me
latestclassifiedsite.com
www.xgfjt.com
edu-resourse.asia
greenpeace.org.uk
www.62idc.com
centerlight.org
henery.puk.ro
losnegositios.com
youse.wop.ro
www.thegalleryapart.it
softcoreerotic.com
civ.org.pl
tw.qiss.mobi
maturesuperb.com
xiaoba.net
njbc.com
www.wzwwi.com
zbychaha.prv.pl
joseph0718.a-lsawards.com
bestdomainhostingz.info
itworlds.org
unregali.puk.ro
mid.edu.pl
dipascha.puk.ro
soutendi.puk.ro
www.81238.info
xa.digart.pl
tjana-pengar.nu
intensys.pl
www.jcow.net
autoepoca.eu
www.golfkurs.com
directorynk.info
holisticshop.co.uk
annas-ice-cream.software.informer.com
www.nenggao.com
lawnmowerforum.com
arcadia.co.cr
download-akon-ringtones.blogspot.ca
txtbuff.com
inesem.es
wbcawvzatgjg.com
www.idc8.cc
www.xieqoo.com
gahy.nfdy.net
www.xqq521.com
nowicjusz.flog.pl
shockpoint.it
biina.com
tk.99.com.cn
www.xazhner.com
servershop24.de
www.5meibai.com
lonelyplanet.fr
dyox.210000.org
www.huangshantea.cn
xvx.cc
kasboeke.wop.ro
www.jt.ee
in.ebid.net
shelba.wop.ro
xhost.ro
auta-hry.info
www.taobben.com
conference-board.org
virtualarticles.info
chengde.h2h.cn
einfoerm.puk.ro