socialsceneevents.com
newwarranty.info
fenghuolun1.com
articledashboard.info
fnxp.210000.org
juancong.com
www.iiiys.com
politwitter.ca
3mmw.net
bibliaonline.net
mosaike.wop.ro
jackson-singers.ch
maybelline.ca
bookmarkalphabet.info
www.wqg.nev.cn
casadei.com
phones4u.co.uk
www.chinareform.org.cn
28gl.com
cylh.taobao.com
img.hmz.cn
cmr.blox.pl
isport.blesk.cz
v.lhjy.net
shuhada.pk
absolvent.pl
boyfleisch.4gays.info
atehenmei.com
hebei.ec.com.cn
www.sceea.cn
blogrundschau.ch
linknationwide.info
www.6789588.com
shop36152898.taobao.com
qes87fa.org
ovrerofo.blog.pl
pogues.digart.pl
likarili.9r.ro
wose.com.ar
nisula.wop.ro
jzkm.210000.org
southbeachcomedyfestival.com
www.385.cc
jikaku.net
kvinnene.puk.ro
laomao.info
it-cp.net
dhgate.com
mamacafe.pl
igiinana.a-thera.jp
avled.puk.ro
www.nf111.com
babycard.pl
oa.yywr.net
www.lala56.net
www.x92x.com
youthtech.info
www.uc444.com
wangstudio.com
goodginger.info
juzt.flog.pl
theresit.prerebellion.karaoke.hygien.wwwwww.wop.ro
felichita.info
www.xxdy.info
psgui.com
bbs.ty7.cn
bookmarkingvala.info
elajty.pl
www.40li.com
dmdmoda.pl
aduwkat.com
e1.pl
www.hh7hh.com
www.qvmame.com
msy.blog.hr
hitachin.com
gast.at
www.81vvv.com
tailoi.puk.ro
ekoneko.pinger.pl
nic.co.ua
siedler-fanpage.de
se.77qsw.com
praseodymium.wop.ro
corvettecentral.com
0736.job234.net
www.mn444.com
www.ahhn.net
www.gaac456.com
joshhosler.biz
2400.nfdy.net
tropiland.it
spiffysocialbookmarks.com
www.961314.com
3gtebu.com
mdblackhats.org
iamsport.org
myiphonevideo.com
contentrich.info
afid.fbl.pl
pornomax.pl
jgpblt.1168.tv
brpg.nfdy.net
bbs.90bus.net
rpgwars.pl
anna-karenina-full-movie.blogspot.de
www.meileg.com
maratonkierat.pl
ameba.jp
www.wencha.net
jobexpress.pl
nap.net.id
chunvnb.com
sabin.ro
ntu.edu.tw
kolumbijsko.com
www.6175.com
textapint.com
b.17sese.com
dushaj.hu
brays59377.huijucn.com
eduardogaleano.org
adoption.org
okay.wop.ro
vitaminless.jp
feed4u.de
chicksto.puk.ro
plg.uwaterloo.ca
gagaag.at
www.wg6.cc
plattendealer.ch
kzpii.cz
www.fujinfoods.com
bigasslover22.tumblr.com
utili.wop.ro
www.yinbaidu.com
99bbbb.info
nathalie-arthaud.info
www.zzhcsm.com
gebondenen.puk.ro
keyanifans.com
undersec.info
augustasportswear.com
memsc.xmu.edu.cn
xmm.co
www.maskr.in
imiduk.wop.ro
www.naimanqi.gov.cn
vuilnism.puk.ro
atso.org.tr
indamail.hu
qv-grabi.ch
hmforces.info
hihistory.net
fr.planet.wikimedia.org
0312hf.com
www.sis3.info
www.lelebo.com
b2c.958shop.com
prmz.info
adjuvant.co.jp
xwxian.cn
communicatie.blog.nl
www.webpr.ro
deniru.wop.ro
thedarkcity.co
www.9813.com
podajemy.pl
bestlawn.info
0898.okok.cc
601448.com
kody-pkd.pl
6047573409.phone.searchwww.com
tylkomarkowe.pl
insurancesauto.info
www.school.sh.cn
www.sxkuoda.com
www.pet.hw.ac.uk
ad70.net
ru.film.fm
dosklejania.pl
eizyuu.wop.ro
antitepari.ro
loku4.digart.pl
jikast.cz
katvond.net
dgyinmao.com
nthgh.com
axispay.co.in
reseller.com.tw
m.gyao.yahoo.co.jp
i.mouto.org
1x-upon.com
www.ttldisplay.com
readdle.com
www.myface.hu
skidrow-scene.net
losvandalos.com
merell.puk.ro
fluocarb.puk.ro
versalt.puk.ro
www.fz365.net
www.2008qd.com.cn
studiosp.org
filthywhore.info
ipva.nfdy.net
oga.digart.pl
rzeczny.eu
alphasis.info
pintuco.com.ec
nissan.kz
edu-resourse.asia
kerwaboum-leerstetten.de
privatecams.sexybegin.nl
twinkpornsex.com
hupan.net
www.gtjzjx.com
www.seopk.net
e-field.info
uy60.com
bbs.xml.org.cn
www.chasaobi.info
zoney.net
zhdf.dz.vancelle.net
kasoku.wop.ro
utrangerte.wop.ro
seo.qisuweb.com
nanar.info
ddt.439.w1.gs
www.0374.co
456bookmarks.com
8880t.cn
kingwarrior.info