nc5z.sqedu.net
careerjet.be
facefactory.info
ipva.nfdy.net
www.xiaiyin.com
www.wego.pk
nanar.info
bigbadcity.com.ar
coollifeshop.com
www.6650776.com
www.xce123.com
www.zblog.ws
k2downloads.info
1024.pen.io
enable.hku.hk
sauls.wop.ro
3gtebu.com
www.k-wit.com
hupan.net
nissan.kz
themusicmag.com
pekingduck.org
www.97kb.info
zsze.de
www.sinamsnqq.com
boyi.nzw.cn
leedd.com
dnsu.info
veyknvye.freeblog.hu
pumppricer.info
www.eveas.nl
lanphong.net
bakelovenotwar.co.za
adamcote.ca
talcott.wop.ro
imvideotutorial.net
www.03187.com
einfoerm.puk.ro
www.shkongling.cn
chongsoft.com
www.kosodateouendan.jp
bpbjeloes.de.tl
se.66szs.com
xixihuafu.com
afloramiento.puk.ro
www.0553gx.com
csc.kbw.ne.jp
www.yahooi.com
www.dawenxue.org
houshu.wop.ro
humyai20.info
mcgill.ca
telenor.ru
meusacessoriosapple.com.br
omwibyeors.yn.lt
guidion.nl
seo90s.com
rd.rakuten.co.jp
udec.cl
wildo.ru
fluocarb.puk.ro
gendanbjn.1168.tv
taiwaner.de
www.sxjzqc.com
www.jyytsl.net
281688.zw007.com
gkstychy.info
badmintonclubtornado.be
www.flll.net
compassreviews.org
tarpato.wop.ro
www.hugwww.com
sikw.210000.org
primely.wop.ro
nooddwan.wop.ro
merell.puk.ro
polaca.wop.ro
123.maiduo.com
alfabank.ru
playbutton.pl
glocap.com
www.385.cc
www.hrc.gov.cn
bcz49.com
loku4.digart.pl
www.szzyw.com.cn
guihuaxiang.com
ccaiai.tk
iixmy9l.co.cc
bestsitevalue.com
soft.hmz.cn
www.4ebook.cn
cipfa.org.uk
apuliastation.puk.ro
studentloansearch.info
sunbeach.info
www.shousu-fod.com
www.veryhuo.com
www.amonline.net.au
www.8as.info
wap.6141.cc
abacanto.de
www.momojj.com
www.pornopaarden.nl
crearforo.com
vbkh.nfdy.net
www.9999uuuu2.com
webfeeds.info
www.xgddc.com
ingyen.wyw.hu
brpg.nfdy.net
theresit.prerebellion.karaoke.hygien.wwwwww.wop.ro
unthrash.puk.ro
elefani.eu
omspoelt.wop.ro
fotoklok.se
www.sftl.be
www.gyrc.com.cn
multirama.gr
boozt.com
fuyang.xinl.net
myrss.jp
ttur.com.mx
se.48sao.com
www.520707.com
adrede.puk.ro
www.fyws.org
taobao.jp
flensclean.de
zhaorenpeiwo.com
revijakapital.com
1bu.info
www.xxx661.com
tadalista.net
avviasse.puk.ro
cosmo.kz
www.dynb.net
dhanphotos.com
mostradores.org
vomira.wop.ro
ataras.puk.ro
battleship-full-movie-online.blogspot.se
news.jinghua.cn
dossettbutcher.co.uk
activedancer.com
acfeu.eu
skypehelp.com
e-boekhouder.be
share-blog.com
annawolfers.com
elpost.cl
foreversa.co.za
ameba.jp
cq-dx.pl
depdagri.go.id
cx987.cn
138dh.us
basijisu.ir
www.srpa.com.cn
eternityinc-official.com
buggernaugt.webs.com
futura.org.br
eaeb.cn
gizycko.pl
mtu.edu
go2bookmarks.com
esselunga.it
4444kk-823a.tumblr.com
www.3m.com.cn
gsmvro.com
penguicon.org
imtiaz.wop.ro
bbs.airizi.com
incarmobilephonechar.3ji.info
illmixtapes.info
zy405.fyfz.cn
webidirectory.info
diotima.wop.ro
umontreal.ca
88.xysc.net
sorgenia.it
www.bcctv.pl
tfos.info
humyai75.info
eastcoastminorleaguebasketball.info
www.tsalysinclair.com
q9o8.qiwen5.com
www.yzhq.cn
sc.weather.com.cn
mk-portal.org
myfinance2375.info
sfileran.puk.ro
heroal.de
help.3g.163.com
aduwkat.com
bfizffok.blog.mongenie.com
cos.pl
isstey.gob.mx
maldonit.wop.ro
arthousecoop.com
publico.pt
bigshotsbc.ca
bezegele.wop.ro
second-home.org
rw.org.ua
91694.com
aquaticcommunity.org
wikiutil.info
mendotahearth.com
itexty.sk
shop71723624.taobao.com
7k7k7.fad3.net
ficeler.puk.ro
yb-2.com
10000072879.8.sunbo.net
www.chled.com.cn
laptopbits.co.uk
zhidao1.wdwd.com
www.lookgz.com
wtabkol.cba.pl
vjz.pl
sportamore.se
joyent.jp
www.gts.ro
tsyx.210000.org
www.zzjdzs.com
optus.com.au
www.0735tuan.com
lishi.in
www.ploks.nl
www.gratisneukfotos.nl
www.fitinnsport.nl
yh5.cc
www.nbit.gov.cn
www.haixiashuguo.com
www.longcode.org
www.jinhuide.com
agahi22.com
supercias.gov.ec
www.vipc2c.com
prerecor.wop.ro
526h.net
mindprod.com
cyberprogs.ru
webim.9158.com
kfrlimyyws.de.tl
shahblog.net
jutakuga.puk.ro
nuotiate.wop.ro
www.8003888.com
dhakabazarbd.com
absolvent.pl
young-nubiles.info
www.gtss.com.cn
vitaminless.jp
7720mm.cn
www.by1tt.cn
xsg.i3.com.cn
paydayloansadvisor.co.uk
detop.mobi
www.0831jz.com
nbc.org.kh
10010baidu.com
avvg.nfdy.net
www.post.japanpost.jp
mjlife.com.tw
www.62vvv.com
sandspit.biz
www.90hav.com
www.zaizhijiaoyu.com.cn
directorynk.info
aclys.wop.ro
www.tlgs.gov.cn
advicegraphics.com
beijing.qyi168.com
www.tiptop.cn
afschraa.puk.ro
www.npx.de
benutzen.puk.ro
alliance-francaise.or.th
www.99484.com
phonebank.de
bbs.jdyou.com
bollyn.com
bfcec.com.cn
foobarbox.info
ens-lyon.eu
nanjing.jhu.edu
blox.pl
omm.blox.pl
bisbon.ru
kiep24.pl
bookmarkshub.org
bafang.in
rbedemi.ru
akxlyxnw.freeblog.hu
centurion.bb
opsla.wop.ro
club.tw
aftale.puk.ro
mukigens.puk.ro
depkes.go.id
dvsese.com
wiederse.puk.ro
cannapedia.me
mgrbjs.114.org