nerdmonk.com
mushines.wop.ro
agro-stiri.info
kounan.com
guangzhoushewaijingjizhiyejishuxueyuan.fdchs.cn
wwff.com.cn
nic.co.ua
www.jldh.net
ww.bcxuexiao.com
hupan.net
singaporeartmuseum.sg
mergeto.pl
lightspeed.ch
w406.wrzuta.pl
fotem.pl
kaninu.co.il
chachala.com
eurostyle.pl
picimg.info
verdomme.puk.ro
www.636600.com
www.szjt.hu
tactical.puk.ro
starkl.at
ampdirectory.info
mindprod.com
beaner-dude.deviantart.com
facefactory.info
linux.yaroslavl.ru
anunciamas.info
3371.nfdy.net
wnp.pl
webtrunki.pl
isurvived.org
myypw.78.cn
alfabank.ru
www.brutalrape.nl
bbs.96hq.com
passionsspiele.wop.ro
zakhas.com
www.cljtxsc.com
www.6789.com
dubb.9r.ro
bartoverbeek.com
shop.ecidu.net
asiawebmarketing.asia
appurasse.puk.ro
www.666xa.com
mobiarmy.info
porta-croatia.de
cottoninc.com
tubexxxhot.info
meaduo.com
grannarium.com
liyi.66law.cn
biocity.pl
jinhuacha.1168.tv
gesellt.wop.ro
exposebuenosaires.com
bielecki.info.pl
builtny.jp
cadastrar.net
cla.imcsit.org
destuff.puk.ro
discdog.pl
eonet.jp
firstteensex.com
guarita.wop.ro
genesee.edu
audiorise.com
herehentai.com
linkdyr.info
bbs.jyb.cn
resada.wop.ro
ronys.info
martelaoutlet.fi
rootninja.com
www.pet.hw.ac.uk
ryouhour.wop.ro
jtwa.210000.org
saitama-ic.com
salisburyjournal.co.uk
sdox.nfdy.net
ser8.info
live-radio.blogspot.com
thedarkcity.co
ukparachuting.co.uk
vertlain.digart.pl
www.abwerk.de
www.9369.org
siteminder.co.uk
www.xyhyu.com
unikurage.sakura.ne.jp
www.gaac456.com
www.kkk54.com
web-bi.net
basijisu.ir
www.rimei1.us
www.gameflve.com
theadultcafe.com
aduwkat.com
motorsport24.pl
penguicon.org
marribo.com
sarahbetty.co.uk
jubao8.qjwm.com
maqc.nfdy.net
server01.info
tousokuh.puk.ro
www.jswqdcgs.com
vannetukku.fi
tvsexehd.info
tvspielfilm.de
jiuye.xawl.org
www.szdef.com
www.daohang666.info
anais-apparel.pl
e-field.info
narf.pl
darty.it
rd.rakuten.co.jp
www.99healthy8.com
m.haooke.com
mcgill.ca
arcanebolt.deviantart.com
www.lpszy.cn
exper.org
bagtale.puk.ro
bazarpraca.pl
depcl.3x.ro
lauraducu.ro
ontrip.com.pt
www.xw198.cn
dhanphotos.com
smartinsure.info
wagepric.puk.ro
haoeh.com
desiserial.com
recetasdecocina.info
jazoka.info
023kq.com
shoppingnews.pl
raving.wop.ro
unkink.taobao.com
99123.meibu.com
incarmobilephonechar.3ji.info
srichinmoybio.co.uk
glocap.com
polinox.info
sips.puk.ro
ttzx.com
www.66scweb.com
dgdsw.com
kasynointernetowe.biz.pl
zaruski.pl
59ii.info
webfeeds.info
motorist.si
phonebank.de
klaps.it
dan-links.dk
imiduk.wop.ro
barb.cathayan.org
besant.wop.ro
bbs.shuxjlb.org
emrconsultant.com
casinosreviewed.net
radiobielsko.pl
filka.info
www.002770.com
qsij.nfdy.net
botas.cz
knoopte.puk.ro
mynono.com
hashikami.info
asknet.de
bankgesc.wop.ro
lirik-lagu.info
wai1010-a20.tumblr.com
rockymountainsusp.com
www.82526.com
www.ifps.org
mamebune.ro
www.skef.pl
www.tiantiane.com
www.uetd.nl
cos.pl
zzqqq-db74.diandian.com
agahi22.com
puraha.wop.ro
12i.pl
1314.qyjy.cn
zaqhax.pl
babyonline.pl
muzzo.pl
www.bhf.hu
joelbecker.net
sesexxx.info
13ii.info
tribe.net
www.cuma.ca
christianhmongfellowship.org
pgx.com.my
18061.info
driftig.no
dgko.dk
wojteknowicki.natemat.pl
1hqo.k3y3.net
1planet.info
2click.pl
2ei5.56dvd.net
www.artviper.net
eurodata.com.br
nonpheno.wop.ro
2iki.info
bbs.masrx.net
tt155.com
3243.nfdy.net
51tbabc.com
mdblackhats.org
www.qdbdc.com
kamiina.puk.ro
crystal32clicks.info
66289.info
75q.info
www.8090kk.co
8bab.k3y3.net
8d1.info
91b2b.net
privat24.ua
www.bcctv.pl
anastomo.wop.ro
anauma.meblog.biz
disn.210000.org
elmarino.info
artica.fr
geographicguide.com
twojenoclegijantar.pl
281688.zw007.com
fcsurplus.ca
www.hao123web.com
tylkomarkowe.pl
thebabyshowerfavors.info
gekwispe.wop.ro
gijlde.puk.ro
ukhhf.co.uk
90dz.com
s-event.cn
www.erlang.org
www.aml520.com
coollifeshop.com
ehajj.com
kasie.flog.pl
citroen.cz
xjdli.com
www.grily.cz
pornoclipz.nl
ceskyblog.info
fleurs-plantes-artificielles.fr
lankajustin.info
laremix.com
latebreaks.com
modelki24.pl
lathos.edu.pl
www.jcow.net
leetcode.com
lemontech.cl
emer.kz
leosmfg.com
lgm-beschlag.de
esecra.wop.ro
liehai.com
lifecho.org
lifehacks.web.id
linkriches.info
www.sftl.be
listaseo.pl
loswerden.puk.ro
lovze.com
sr-22.info
macy1000.hyves.nl
milkthemarkets.com
www.jvc.ch
thearchiestd.com
terryxxy.com
sc.weather.com.cn
zhidao1.wdwd.com
realbbwgirlfriends.com
ameba.jp
mezentsev.net
buyzocor.org
socialbookmarkingreview.info
www.webbeteg.hu
8b662.com
slcz.gov.cn
aliasauto.fr
ebooknetworking.net
andegrand.pl
luzhou.xinl.net
www.szslsj.net
www.a636.com
www.961314.com
1024.pen.io
www.70sqz.com
vinloireselection.com
stemma.wop.ro
prfh.info
asu-net.info
alphimedia.com