juancong.com
gourmetads.com
www.detair.cn
www.abcd99.com
circinus.wop.ro
www.yl2sc.cn
6hcbw.com
donbas.net
zbiorartykulow.pl
social-bookmark.org
netizens.pl
hcgdietinsight.com
www.pzjiajiao.com
forum.soha.vn
techramps.com
www.hazong.com
rays.wop.ro
guihuaxiang.com
izgledaivideo.eu
nqsnzaybrt.blog.mongenie.com
toozoo.wop.ro
heart.clevel.cn
facebook.com.bd
pgonyraeea.blog.mongenie.com
www.sunwaybag.com
www.ahshengshi.net
jmck.info
zoecarter.com
searchlab.pl
www.yk110.cn
www.31262.com
planningburialz.info
www.xxx992.com
gosperism.wop.ro
burliar.wop.ro
musicmuzic.info
watazai.co.jp
wivj.nfdy.net
www.stenik.biz
zhengfu.hdol.cn
www.aidai.en.cm
www.bziqa.com
handelsh.wop.ro
www.goodyuanma.com
netsex.of.pl
www.qcode.org
tempotur.com.tr
desnet.pl
tuerait.puk.ro
www.zqjhq.com
zanimzamieszkasz.pl
priyankavictor.blogspot.in
92mei.net
renvoyaient.felicitate.wiedergetane.juteuse.euwww.wop.ro
clcu.nfdy.net
www.domwina.pl
los-foros.com
xdrh.265link.com
grammar.cl
www.szylconn.com
bit-torrent.kiev.ua
portailsandco.com
www.uxx.cc
www.499vv.com
wdful.com.tw
ii-ie2.net
postudios.com
wfvp.nfdy.net
www.yinse66.com
www.pannonszoftver.hu
offenzul.puk.ro
969se.com
webinspections.com
www.anrt.ma
ychat.cc
www.wotu.co
suzhou.baixing.com
www.sdshbsh.cn
2345.pptv.com
www.foode.cn
vigoda.uz
20o.info
diadiktion.com
www.fjsylc.com
trabulsi.com.mx
olawu.blip.pl
theinvestingsite.com
www.fx1314.cn
www.lyyys.cn
edition.fm
sunpeer.cn
sprogowa.pl
wisamall.com
gonct.info
red5.org
mates.pl
yhjr.net
zqqw.nfdy.net
watercampresort.com
guangxi.qyi168.com
sanbatdongsanduan.info
komputronik.pl
pterygia.wop.ro
xoso.wap.sh
torworld.com
www.wowamat.de
lesbisecrets.com
pozycjonowanieszkolenie.pl
hksoqol.org
wemastermind.com
www.klkjn.com
confignet.de
ryor.ibyznys.cz
uodas.lt
vnews.com
webartsense.com
jiori.wop.ro
www.pbhot.com
kulesa.wop.ro
kommentvitez.hu
he.klaki.net
6h918.cm
astralangels.ru
qz.loupan.com
trassat.wop.ro
hoau88.info
productfeedtool.nl
r8a64.jx001.org
lotuseed.cn
caution.digart.pl
pos-bj.com
www.cbcz.net
tecnyo.com
sizuk.wop.ro
xinyang528.com
8fn.info
www.sdxwgg.com
ventus.ru
tpy888.com
5lyx.cn
www.xgdqw.com
www.diamec.cz
www.xiaoranlt.com
cwa-union.org
gplusviet.com
www.sxtxj.cn
mttaborfarmerville.com
w307.wrzuta.pl
naosp.r.gd
ssaa888.info
www.prijzengala.nl
chilanti.com
www.awih.de
qantum.pl
ahba.com.ar
angekopp.puk.ro
poisktura.com
camelotdestraideale.it
kennelling.wop.ro
klfh.210000.org
dailytechnology.us
www.kennarar.is
taxi-muenchen.de
www.5iav.cn
athlonsports.com
www.zhaoytw.com
download-young-jeezy-ringtones.blogspot.co.nz
openxmldeveloper.org
www.megauploadpremium.org
pujckaonline.info
grole.wop.ro
ukoakley-sunglasses.com
www.zgbaobei.com
postbox.msn.com
www.hmsj.gov.cn
autocar-reviews.info
ingersollrandimpactwrench.org
shakha.wop.ro
vnfriends360.com
tevi.de
www.sejie.co
8614.zhua.biz
une.edu.ve
szum.digart.pl
abiogeny.puk.ro
www.chuanqifuzhu.com
www.400tao.com
theweatherchannelkids.com
testergebnis.wop.ro
maximumtraffic.info
rivierasun.net
narakotsu.co.jp
www.care2.com
www.szhuiyuanfeng.com
www.sooqu.net
www.rtnews.net
hostings.pl
ananskikh.ru
freelance-journalist.goedbegin.nl
ssrc.cc
oblongue.wop.ro
se.77szs.com
minsheng365.net
www.xyiz.gov.cn
syougais.puk.ro
mimala.com
avrilsmusic.net
www.caopron.net
bookmarkingapps.info
tubeview.info
www.jiujiuss.com
yechang888.com
www.goudvishal.nl
donnaflora.ru
lovesoo.org
xemphimcap3.info
abi1991.org
andola.wop.ro
jamp.cz
www.18xoo.com
www.111zy.info
www.sjhg999.com
artma.digart.pl
www.ca1998.com
braderons.wop.ro
easyfm.lv
ibaw-ev.de
zmxy.wandodo.com
exmoor.ahern.wwwwww.wop.ro
modetrends.info
www.fsnandu.com
vrc.ck.ua
lloydslistintelligence.com
inzwolgen.geflimmerten.harmproof.wwwwww.wop.ro
balatonfelvidek.info
zgred.pl
chachala.com
parliament.bg
www.xh578.com
kbprod.com
voxbh.com.br
www.yinfan.net
wkv0.265link.com
www.llqws.com
lighthouseseries.com
pun.pl
ntzl.qiwen5.com
vkusnoe.info
tuukan.wop.ro
lubik.info
www.soendag.dk
openagenda.com
orange.pl
spoliate.wop.ro
yaroslavl.mk.ru
ofilmie.blip.pl
lepszykurier.pl
guitargodclub.com
uahh.210000.org
andriy.info
www.azhry.cz
q3ed.265link.com
www.xfvogue.com
mauripedia.mr
aznv.tv
maquecitos.com
bc500w.net
yourdigitalzone.com
utts.puk.ro
a5klub.pl
www.cnfixs.com
www.hnrjz.cm
malsains.wop.ro
mini-friends.fr
092.jpn.com
manki.digart.pl
rococo.fecsegj.hu
techtree.com
www.uu11.com
www.xiguayy.net
videoporn8.info
sclf.org
www.tysse.no
free-logodesign.com
antonbergov.ru
uiraqi.com
xunbao173-com-xmhzx.info
quartzif.puk.ro
ysgod.net
jakpoderwac.pl
48zh.net
htcshop.3ji.info
designerpolska.pl
www.xxx661.com
www.573sf.com
www.bmvk.hu
www.glxx.com
vb6.info
webitext.com
quickcashloanz.info
uuks.210000.org
spielverlagerung.de
taiyoush.puk.ro
tanoth.us
qyff.210000.org
www.972sf.com
www.kaixinxx.com
imos.net
scarborough.org.za
sostitut.wop.ro
jingcha.tiexue.net
plugindefanpages.info
celebs.vn
domainmarket.pl
shopalike.pl
www.minis.at
www.ouyhan.com
kiev.ua
xingang.wop.ro
www.717mmw.com
blog.chinataiwan.org
bubblelist.info
www.seselian.info
ww.au240.com
bacbaphi.com.vn
www.93364.com
ecodelo.org
www.ahkbaby.com
www.zhiju189.com
www.dxeva.com
www.zzfcxx.cn
faber.co.uk
www.abcwsj.com
sierrafan.pl
luobin.cn
worms2d.info
llinkprobe.info
opiekuninwestora.pl
add-partner.jp
jobbankguide.info
www.ssl.be
www.saodaohang.info
www.ttw.nl
www.derlin.cn
ztzy.info
ak-ufa.ru
extratobe.cz
lrhand.com
lovezlinkz.info
www.app111.org
www.zeyi.net
mymall.bg
ruka.fi
pixel.gd
vamp.soup.io
tswdx.com
zozolek13.wrzuta.pl
lifeinlofi.com
zoopriut.ru
www.nnxsdn.com
www.shenbb.com
www.top-6.com
forex-knowhow.cz
zzyxxiw.78.cn
xingguang00.b2b.huangye88.com
deliveryhabibs.com.br
geroutin.wop.ro
hoskrindeakning.leenvors.perehout.wwwwww.wop.ro
www.jinanjj.org
turtletary.com
stemdichtbij.nl
wmeuro.eu
hotel-villasanmichele.it
socialbookmarksubmissionservices.info
www.xatt1.us
yplf.nfdy.net
www.xp3.cc
zaphon.wop.ro