cnxytmjz.blog.163.com
web-ferienwohnung.de
www.tiankai.cc
trashchicvirtual.com.br
guihuaxiang.com
gastrodreams.de
melchiorre.info
gyakulife.blog.shinobi.jp
meishusheng.net
kq36.com
www.hmsjsw.cn
hzwz.net
reds-realm.net
sarisarisounds.com
ornithologie.net
flloko.wop.ro
www.iwoman.pl
new17s.com
elpost.cl
175.aiao.cn
0771.teambuy.cc
ziembor.pl
investbank24.pl
reengo.me
love-site.net
y88.in
rae.gr
superscripte.de
fixskyrim.com
sannga34.tk
ideashop.my
synovate.nl
linda.com.pt
sumeidaovilla.com
eduquiz.info
www.tede.pl
diarionegocio.es
www.95598.fj.sgcc.com.cn
ditu.google.cn
broadcasting.ru
www.cqcb.net
netsolutions.in
socialmediawoman.com
free-psd.co
sujw.nfdy.net
www.sxywh.cn
kanzen-muryou.net
claror.cat
dzidziusiowo.pl
dogate.wop.ro
activobank7.pt
grandesq.puk.ro
3gbtest.com
yangsiwei.com
cheltenham-goldcup.net
sandoftime-mv.ucoz.ru
chevauchiez.puk.ro
amateurfilm-forum.de
myvideobucket.com
libertykeeper.net.ua
cerago.wop.ro
joliefan.ru
sh-ry.com
fyldepennen.dk
solarwirtschaft.de
agentefarejador.com.br
abuis.wop.ro
treppen-discount.eu
okeyoyna.tk
vestidospara.com
sanp.info
feizhouvl.1168.tv
www.a-study.co.jp
www.perevozkilux.ru
beber-comer.es
scandal.rs
xxjc.265link.com
shen.yiwang.cn
frier.puk.ro
117.cm
cuckold-place.net
monster.com.br
issyoubi.wop.ro
sfdafwe.fyfz.cn
ikati.pinger.pl
aranor.bloguez.com
tangjunasd.huijucn.com
yancheng.yipu.com.cn
icars.com.tw
vwa-giessen.de
ozarow.info
sniper.wop.ro
rta.mg
adtp.nfdy.net
www.lorealparis.com.cn
elearning.edu.sa
pointit.info
rfnc.ro
www.zhaolong.co
www.anmoweb.info
www.145689.com
louismartel.com
bc500w.net
tonys.a1.cn
friendsinnet.com
jjjthree.com.tw
maine-coons-from-minstrel-hall.de
snatchporn.info
pro-inwest.com.pl
na.se
hejiajia.com
www.158suncity.com
mocsystems.com
monety-inwestycyjne.pl
sparkasse-soest.de
travelaid.se
senigalliasport.it
www.qq.com
christianmp3.ucoz.ru
careerjet.jp
kathleen-madden.com
tokusatsu.eu
www.northeast-expressway.cn
strato-alojamiento.es
69t9.k3y3.net
techmatrix.co.jp
pigai.org
chachala.com
aa9q.k3y3.net
altalista.net
pkeg.k3y3.net
eucerin-entoutetransparence.fr
musicasfacebook.info
mangguo.de
ak-ufa.ru
androidzline.info
www.hao0597.cn
www.wkdmd.com
gs-media.de
nasle-farda.ir
host-sv.net
animaeducacao.com.br
www.kymc66.com
huoding.com
psychologized.puk.ro
poetryarchive.org
ankiss.flog.pl
uhkl.210000.org
mardigrasmusic.com
48wap.net
rwabhagidari.blogspot.in
team-empire.tv
tt27.cn
fazes.wop.ro
www.lylongxiang.com
icelan.puk.ro
ingatlankorzo.hu
pliggseo.biz
www.wtxgs.com
clemenceg.typepad.com
ychat.cc
obsesja.flog.pl
santacruzvirtual.com
spanring.eu
kidle.7s4.info
kuchniajaponii.pl
disc-jockey.de
dmdigital.com.br
www.yc116.com
www.myjiaan.com
news.liao1.com
stafaband.info
yis.ac.jp
spliff.wop.ro
vegaoo.de
bbs.jiuquan.cc
hvok.nfdy.net
sgcservices.com
btscg.utmall.com
nemesia.puk.ro
ultra-xxx.net
tkpai.cn
allesfinden.net
spamhits.info
mondedemarion.info
r-g.ro
amphisty.wop.ro
kelownadailycourier.ca
blogforarizona.com
apodia-diary.a-thera.jp
bicycle-thieves-full-movie.blogspot.pt
chatulfetelor.ro
cy-e.com
xcsb.78.cn
fantanapoli.it
football72.ru
freshavails.com
gwsh.xlx.pl
hrstandard.pl
index-city.com
www.supremecourt.gov
kkolacz.digart.pl
kryptis.lt
lithify.me
minted.puk.ro
rytsol.com
scritte-glitterate.it
rainbow-shows.de
shadow-net.info
tinylove.ru
officedepot.co.il
toplike.eu
tuanbaidu.com
whqyw.com
www.qdpaiji.com
11s.vn
artediez.es
chruker.dk
dylianmeng.info
ayupan.blog.so-net.ne.jp
egocentr.wop.ro
encode.pl
4zon.com
euforia.com
www.dtqsy.com
babulaweb.com
faito.wop.ro
forum.auspolly.com
syrosagenda.gr
nitizi.wop.ro
orca.210000.org
outhit.wop.ro
psychologydoctoratedegreez.info
rsanchez.info
sf114.net
thforum.org
wmagazine.com
www.avdage.com
www.polow.net
downloadstube.org
tecnicaindustrial.es
techxperts.co.uk
kajibou.wop.ro
nurzu.digart.pl
surestimera.puk.ro
legend-clan.net
4m.net
schangha.wop.ro
123.xtata.com
xo80963089.cn.alibaba.com
jeez.jp
baitq.1168.tv
press-service.info
www.andyfeld.com
freebets4all.com
www.3a666.com
business.com.my
rococo.fecsegj.hu
rzjr.210000.org
facebook-emoticons-symbols.blogspot.in
nassaraw.puk.ro
radiostudent.si
mameo.info
ymccolumns.info
mihonbai.wop.ro
hongyuh.wop.ro
supersaas.de
juanglujan.wordpress.com
k-tai.infoseek.co.jp
meteoseism.gov.iq
turktechnet.org
www.369jj.com
www.xuu.pl
localnewsnow.org
www.bbsx5.com
dsfsere.r.gd
salicyluric.wop.ro
rasaneh.org
www.nfnf11.com
chinaxdqx.mobi
knoowblog.in
greenwindow-rod.com
khohangre.vn
zwoelfto.wop.ro
shlf.info
magazijn.wop.ro
48c9.k3y3.net
www.wenzishequ.com
sfantasy.de
hupan.net
jazz.lap.hu
artes-marciales.info
ss.ququhe.com
ych.wed114.cn
cafeleak.net
brandalive.be
valueofweb.net
lmpw.210000.org
www.fs528.com
dtet.210000.org
ipielle.it
obmawiamy.pl
synchro01.com
www.vdolady.com
yz21.net
proza.kz
hot-point.pl
larswegink.hyves.nl
sexyxxx.org
stylistka.pl
ghs-alfter.de
cordyline.wop.ro
tf2012.egi.eu
6hcbw.com
vb6.info
articles.al.lv
mendonca.puk.ro
kimipe-movie.jp
kouyoufu.puk.ro
virtualisoktatas.hu
momstaped.com
www.dz-tv.com.cn
geniusfundshourly.info
0921572897.magent.com.tw
classiceliteyarns.com
www.fog.ngo.cn
enengi.com.br
www.searsoutlet.net
pherdark.com.pl
www.xingguangdad.com
zhenhaoxiao.com