reuter-badshop.de
business.com.my
aldora.se
seeed.wrzuta.pl
wordsplay.net
androidapk4u.com
gecementeerde.puk.ro
thenewsbox.info
ylztpsz.tk
trashchicvirtual.com.br
cnxytmjz.blog.163.com
web-ferienwohnung.de
vixo.pl
bestvaluebookmarking.info
mrjogos.uol.com.br
www.seoxoo.com
liftkarbantartas.hu
bdbs.k3y3.net
steinderrevuu.nl
commissionempire.com
motorreviews.info
www.yinse77.com
osaka-u.ac.jp
949pp.com
www.artes.hu
hariki.wop.ro
leembee.com.pl
27144.com
narreweng.puk.ro
ideasforhouses.com
gsky-link.cn
5ahr.com
jjgyp.78.cn
komuta.com.br
med.ly
dz.newssc.org
currencytradingforexz.info
longtermcare.gov
radiorcn.com.br
aptekajakmarzenie.pl
manna.wop.ro
7hab.nfdy.net
najszybszy-wygrywa.pl
smava-blog.de
www.5555dh.com
www.mitu123.com
odi.ch
technotopos.gr
sagda.wop.ro
www.hotavxxx.com
yidanda.net
ruthinking.co.uk
inkanime.com
xkate.pinger.pl
love-site.net
www.9979.com
m1-centrum.pl
rocco3.blog.so-net.ne.jp
alysha.tumblr.com
dohodizruneta.ru
damitv.pl
cityofthornton.net
ppc.org
abwasche.puk.ro
baolongpowertransmissions.com
simplestorage.pl
ipad.nl
3382784.5sing.com
www.2011lang.com
mypcsolutions.biz
joyclub-fanshop.de
cheltenham-goldcup.net
sandoftime-mv.ucoz.ru
phongvehoanggiachau.info
shuangbibowenguan.org
volleygame.it
ghs-alfter.de
xixidieyuan.com
sunshineandsmile.com
sk8erboy.eu
www.sdqx.net
hebrewbible.co.il
exotic-king.com
prlq.info
technografy.blogspot.com
etorrent.hu
profilethai.com
matii.puk.ro
kindra.wop.ro
jijiwiwi.info
crearforo.com
xisaq.digart.pl
www.cqjingxing.com
back2style.ch
sensodyne.hu
persistent.info
midea.tv
zfa.la8.so
nasle-farda.ir
host-sv.net
monster.com.br
strato-alojamiento.es
www.waga8.com
gs-media.de
eureka.wwwwww.wop.ro
wsidevelopment.com.mx
www.essiw.com
healthygreen.co
wuhaishi.m69.info
amateurfilm-forum.de
www.jianzhanzhe.net
adult.lovecityclub.com
fanali.puk.ro
www.345333.com
budapest-travel-guide.info
wizua.pl
sebw.nfdy.net
svarfristen.puk.ro
jjjthree.com.tw
kt.com.kw
godwars.info
rowerowepyrzyce.pl
unblock.me
ies.jnvc.cn
aprettylifeinthesuburbs.com
www.stenik.biz
www.388ii.com
www.myip.cn
genuflect.wop.ro
www.3mp4.net
6hcbw.com
beijing.7kjia.com
tabletshop.ir
nephralg.wop.ro
www.hnmrzxw.com
chachala.com
testydopolicji.com.pl
dmdigital.com.br
lattlast.se
kanzen-muryou.net
finance.most.gov.cn
mardigrasmusic.com
ireallytrade.com
niik.com
aea.pl
agentefarejador.com.br
treppen-discount.eu
www.a-study.co.jp
linotipia.puk.ro
www.tvarnsberg.org
www.sd0634.info
yijiadh.com
caymanians.puk.ro
69t9.k3y3.net
norton.mobi
sxtz.com
cardenas-grancanaria.com
jprenti.com
fh.0937.net
heimatmu.puk.ro
valgamaalane.ee
syncbookmark.info
corset-brass.alink.uic.to
vpn123.com
dz-tv.com.cn
stoort.puk.ro
www.kr888.com
wpia.blip.pl
pawelzalewski.natemat.pl
www.xxx227.com
zoophilia-story.info
138dh.cc
www.qqpifu.net
besan.hyves.nl
si-servers.com
ukc-cws.webs.com
freearticles101.info
ohne.biz
www.typo.cz
www.weblist.az
choked.puk.ro
unchallengeable.puk.ro
performancemedia.pl
urbian.biz
www.bowok.com
pomimi.com
subaru.se
www.8586.so
gryczko.pl
www.xqseo.com
redirai.wop.ro
webinfonow.info
news.net
musicscene.org
ninokawa.puk.ro
slc.engr.wisc.edu
fuzhou.01588.info
maneetti.net
msr-dc.com
m2fjob.com
aktivtraening.dk
haaf.wop.ro
xn--szivattyk-d9a.hu
klarinette.puk.ro
news.hzau.edu.cn
socizial.info
verdomme.puk.ro
imeaburro.es
hyipportal.info
spaltend.wop.ro
indybay.org
mgll.flog.pl
www.dgkyjx.com
www.nyomtatoklinika.hu
watchsinisterfullmovieonline.blogspot.ca
menshealth.com.tr
chilanti.com
sgujar.com
oamk.fi
www.cwts.ca
nike-nike-shoes.info
tokusatsu.eu
fnbf.265link.com
rrr82-d66.diandian.com
iris-soft.jp
bbs.jiuquan.cc
ultra-xxx.net
outtolunchracing.com
gourmetads.com
ncb.ly
disc-jockey.de
reyi.in
y-tink.net
bhseo.biz
radio.cz
island-vis.info
adam4adam.tv
obsesja.flog.pl
pdlsenat.ro
www.dichvuvisa.name.vn
zakonrf.info
rsanchez.info
viaggibirrico.com
ibah.210000.org
www.o-mei.com.cn
saugstube.to
vwa-giessen.de
widdis.puk.ro
imidogen.puk.ro
chatvui.biz
rentalserver.jp
terryannemary.com
www.playo.hu
pkbl.k3y3.net
bukkene.wop.ro
www.cftyj.cn
fgmm.nfdy.net
ycp.edu
sgcservices.com
ck100.info
coat.co.jp
kuploading.info
amphisty.wop.ro
www.gs123.com
58huida.com
mimoso.puk.ro
fertility-world.co.uk
thetechlegion.com
www.qsc.gov.cn
wdjc88.com
minhaprimeiracasa.com.br
notorious-full-movie.blogspot.com.br
www.honda.hr
atehenmei.com
ammm.digart.pl
www.tiao.jiuse333.com
strategic-living.net
www.zdbbs.net
levian.gd
0921572897.magent.com.tw
www.520yan.us
smkim4-smd.sch.id
interposiez.puk.ro
gulfsip.com
strezhevoy.ru
cooled.pl
www.postausmeinerkueche.de