www.ksyajie.wanye68.com
madvolt.pl
obg0.265link.com
ysm.78.cn
mpx.keep.pl
bonifratrzy.pl
susanne-und-bernd.de
www.cuma.ca
olx.lv
www.donsun.net
7bmi.lizhidy.net
crackle.com.br
wnp.pl
www.xt12312.gov.cn
51youpin.com
literallyinspired.com
www.i3yx.com
cam4free.cc
www.yiren1.co
turbanto.wop.ro
2012.sina.cn
znaj0ma.digart.pl
www.a9dj.com
qiys.265link.com
www.qugaobi.com
sb-2b.info
kolesa-online.ru
456fang-d77.diandian.com
p5tt.265link.com
bensinmo.wop.ro
5577www.seo1122.com
jinsoku.info
odds.789530.com
yisl.k3y3.net
www.nacta.edu.cn
mocneopony.pl
uni-duisburg-essen.de
www.5dy.com.cn
www.piva.be
max-site.pl
jobsinnyc4u.info
ukhhf.co.uk
organono.puk.ro
trocmaer.info
badam.info
helium-music-manager.com
3dcrystalshop.co.uk
free80sarcade.com
www.iqsys.hu
www.mnxzj.com
eixin.co.cc
comambiental.com.ar
the-kennel-club.org.uk
3gsoft.tech.sina.com.cn
3034.cn
tourskidki.ru
ijdeler.puk.ro
tc.8miu.com
hotangel011.a-livesexasian.com
scoobyshouse.org
9900wap.net
sendaphotocard.ca
zhidao1.3adisk.com
ccrt.com
tpsz.78.cn
sperrgut.puk.ro
70475.dealer.it168.com
game2.online.cq.cn
hxjy01.cn.b2b168.com
postcount.net
bookmarkone.info
www.wwww.76me.com
www.downza.cn
in.ebid.net
142.blog.hr
www.hfyl.net
365ygwl.com
krilia-lubvi.ucoz.ru
hizkiareload.com
pt6hw.cn
kalisz.pl
atap.wop.ro
attosoft.info
www.w3schools.com
cao87-d86.diandian.com
oxycom.pl
www.bhf.hu
lhc-888.com
sexrura.pl
lanyan.1168.tv
25983.hos.999120.net
rrr82-d66.diandian.com
swin999.net
www.cqycw.com.cn
diplotop.fr
zhaoqingyun.66law.cn
homesecuritysystem-10.com
roweryokey.pl
2012.forumspb.com
www.001union.com
nsp.bg
1531429.i.tiexue.net
smpp.software.informer.com
rigips.de
www.ntxlzx.w1680.com
c37r.265link.com
lupiewkregoslupie.pl
htl-bregenz.ac.at
o7vk.k3y3.net
gigacenter.it
94392.live173.com
finanse.se.pl
web.213yx.com
www.11szs.com
t6a.de
2187.yoyuan.net
www.a-e.com.cn
ajc7.265link.com
www.r-agent.co.jp
blogsponsor.info
www.db3.org.cn
hcrc.78.cn
lm1j.nfdy.net
slnb.265link.com
beinsure.info
mh-20tc.com
www.vegjd.de
ogyx.265link.com
www.13149921.com
19611092.5sing.com
qq6688.qzone.qq.com
www.tjba.net.tjba.net
york4sale.com
www.jncyjj.9998.tv
game4u.com
www.gegegan.com
www.taclsc.org
travelway.pl
97.iii90.com
yykkse3.info
lirein.digart.pl
sricool.info
gupiaodadan.com
qysx.k3y3.net
wikkii.net
xycbcw.360zan.cn
www.leijuu.com
suntfata.info
pifaw.78.cn
k.8x5x.com
www.xxx553.com
cmtjm.78.cn
bbs.tech.163.com
explorekerala.org
topdj.by
jsimple.info
goers.puk.ro
bzzpxx.78.cn
earnitalia.com
www.windows7keysp.com
stykaa.wrzuta.pl
www.networks.pl
lt9d.k3y3.net
net.91cy.cn
ankangcha.1168.tv
cn-21cn.com
dansmagrotte.net
xn--tlqp91cyfo58p.com
www.baobaojie.net
www.hz61cn.com
bbs.17hair.com
chicksto.puk.ro
hupan.net
herlinggoldsmith.r.gd
se.881mi.net
motivation-erfolg-reich.de
qbv4.210000.org
mariathorlund.se
articledashboard.info
tomopop.com
corker.puk.ro
hainan.1775.cn
roo7iraq.com
pvcf.k3y3.net
8e6s.qiwen5.com
www.mandurah.embroidme.com.au
tahvel.ee
themusicmag.com
99plus.co.jp
erclans.ru
socialwebborder.info
hb1tour.com
futureclub.us
www.rws-verlag.de
www.meiguo10cila.com
abaas.co.uk
narreweng.puk.ro
wojteknowicki.natemat.pl
ocubezpieczenie.pl
newporntube.org
gps-data-team.com
pqvl.265link.com
papillon.gr
sou.wjw.cn
52apple.66rt.com
dvdandrecorder.20j.info
696.hk
doctoradvice.org
www.mwawa.24.gg
mymdc.net
d5.sina.com.cn
dbmo.vgh.pl
www.zhongyi528.com
clearlytoomuch.info
app2mobile.co.uk
www.dvd6.us
http97.56sqg.com
www.fake-coach-bagsale.com
p53net.com
www.qiaoli.cc
a9.7iii.info
strg.k3y3.net
mwg.blip.pl
x-leasing.de
verhaaste.wop.ro
www.g1intezet.hu
nanchang.961314.com
seragamkonveksi.com
surestimera.puk.ro
gastronomia24.pl
4kbbs.com
meddowes.wop.ro
www.tt533.ucoz.com
stratus5.com
yirikuaizhi.1168.tv
www.sftl.be
immerses.wop.ro
dichvutangle.com.vn
india143.org
www.sxw366.casedu.org.cn
dgzgz.78.cn
www.nsmc.cma.gov.cn
phonebank.de
mamare.info
atelier-21.ch
shiryoku.wop.ro
trom.265link.com
xetzbc.78.cn