canalpanda.pt
lirein.digart.pl
syrc.com.cn
zizol.wrzuta.pl
www.bhf.hu
xxxlazy1.info
kolesa-online.ru
dansmagrotte.net
www.zhaosf123sf.com
organono.puk.ro
ismailaga.info
nap.net.id
mh-20tc.com
shemaleporner.com
nx.189.cn
mipid.blip.pl
jsimple.info
esecra.wop.ro
brujulea.info
uudh.265link.com
lao-zi-hao.com
tetubo.blog.so-net.ne.jp
marketing1to1.com
cypis.flog.pl
gz3m.com
kweet.puk.ro
www.hk-xin2w.com
tahvel.ee
himler.digart.pl
www.sc10000.net.cn
znaj0ma.digart.pl
www.i3yx.com
roybusard.be
www.y3366.com
trocmaer.info
www.yiren1.co
mazda3klub.hu
flamme.de
t6a.de
3d.cpdyj.com
566nx.com
apartments.com.ua
tannie.wop.ro
vbkh.nfdy.net
myrock.it
savekredit.ru
xxb04.gxb100.co
aaugymnastics.org
arbustes.net
www.jcow.net
www.bugyola.hu
triv.soup.io
news.net
cuises.puk.ro
acis-bg.org
clubgold.com.au
hitmidia.com.br
merkur-bank.de
wiwrestling.info
chengducc.net
sportdepo.ru
apendicitis.info
agoda.vn
efri.puk.ro
ukjure.wop.ro
hupan.net
cyberbiznes.pl
vpsadd.com
www.rnews.be
kemari.puk.ro
jianghuaidujia.taobao.com
feestwinkel-delfzijl.istats.nl
sem.nm.cn
www.cccfanli.com
iziraovat.com
tommys-city.info
radio.cz
fastwealth.info
azap107.33591.com
www.stpaul.gov
sdjie.3839.net
socialwebborder.info
mwg.blip.pl
topdj.by
verhaaste.wop.ro
www.163.com
8du.info
5917.info
radiobielsko.pl
wz.17u.com
bonifratrzy.pl
therooms.kz
zettelte.wop.ro
made-in-kent.co.uk
021.uni86.net
fengxian.66law.cn
www.onlinebloot.nl
www.4ddy.cc
rc.0376.cn
wu.88888m.com
sunfate.astro.sina.com.cn
peixund.com
jjeu.56dvd.net
xspf.78.cn
tjgxgt.cn.china.cn
www.kifv.org
wojteknowicki.natemat.pl
atelier-21.ch
fitness-dvd-shop.com
bhwallpapers.info
sans-sucre-sans-sel.com
www.rdkc.4f9.org
www.polo2012tw.com
77qqq.qvod10.info
www.ynnk.4f9.org
stylishfetish.com
lmunet.edu
wunderli.st
csnf.qiwen5.com
www.n4zg.4f9.org
ywrz.nfdy.net
www.somfygarancia.hu
wiederse.puk.ro
www.quanzhoumv.com
sanconhantao.net.vn
alternip.wop.ro
extraira.wop.ro
5wbjl.info
jerah.wop.ro
buysolar.com.cn
1-floor-house-plan.blog.hr
ijdeler.puk.ro
joinrp.info
123a1.com
guihuaxiang.com
www.wm115.com
h.99999m.com
zchx168.net114.com
0790.1775.cn
1jz.com.cn
impinged.wop.ro
d4nnyk1992.hyves.nl
12i.pl
poczta.lublin.pl
dejoie.puk.ro
mbc6.qiwen5.com
weegclub.nl
www.1400.com.cn
dracon-85.hyves.nl
jinsoku.info
mojradom.pl
mojblog.hr
otolista.pl
doctoradvice.org
route49rally.com
www.sngjzx.com
techytalk.info
oouda.wop.ro
alpenwahnsinn.de
chachala.com
infmetry.com
thisit.de
tizergun.net
nonwovenbags.blog.163.com
savutoweb.it
news.southcn.com
99477.com
snfge.asso.fr
sms-zdarma.as
x1.sha7.info
depdagri.go.id
wap.2007cp.com
ln.189.cn
wikkii.net
www.teozofija.net
ccftn.com
tmd38.info
ja1nuh.blog.so-net.ne.jp
nitasrandomthoughts.info
idollash247.info
gsmnzq.78.cn
trollblume.net
suzhou.3jia8.com
pro.ef43.com.cn
www.docj.tulv.org
nba.blip.pl
cnvj.210000.org
attosoft.info
wap.111hz.net
etww.56dvd.net
89st.nfdy.net
mimp.gob.pe