www.dbhniu.cn
muk.ac.th
mulberryhandbags-uk.info
privatecams.sexybegin.nl
www.dbzwm.com
www.drbody.hu
bz.newssc.org
shieling.wop.ro
www.drstudio.pl
shomoo5.com
tvsexehd.info
www.ds114.com.cn
85sfzf.com
www.epoli.cn
www.mm399.com
uni-d.ca
www.mwawa.24.gg
ukjure.wop.ro
www.nacta.edu.cn
vacarro.puk.ro
www.nantong.biz
www.nike2012.com.tw
www.nike2012tw.com
fupukujuj2.prv.pl
www.nj02.4f9.org
waofm.com
www.openwebdesign.org
anngel.lka.hu
www.piaoliang.com
merrjep.al
totalementfemme.com
wh.haopoo.com
chachala.com
maureenjohnson.webs.com
www.come0513.com
fontje.hyves.nl
smallbusinesscan.com
www.gy233600.cn
www.ichman.de
www.liaolm.com
www.ralphlaurenitalias.org
attosoft.info
cablemodem.ch
xixihuafu.com
celeb.blog.nl
chlizaceh.info
claranet.de
dating4now.info
www.gevma.nl
asl.com.cn
gebiechteter.wop.ro
www.estled.co
www.fjkeda.com
shadowscapetruth.blogspot.com
dinatos.info
docetonox.us
esochaczewski.pl
impearli.wop.ro
freelistnow.info
irvine.ca.us
palgn.com.au
shandong.zg2sc.cn
bookmarkingfacts.info
lordag.wop.ro
man.gzra.cn
www.piva.be
www.piyan999.org
www.chasaobi.info
www.jamievalentine.net
56cs.com.cn
www.pkuef.org
mett.tk
www.pyteli.com
www.qixuegu.com
mrey.ilovei.cn
www.qlfsw.net
www.qthxxw.com
www.search.hc360.com
panegyricum.puk.ro
www.split.hr
qieo.nfdy.net
www.soqiye.cn
shazukang.info
sstm.hk
androidplanet.it
stevebarker.ca
shuhada.pk
www.sicai.net
www.shexiangshu.cn
www.shopthaodiep.com
torontobotanicalgarden.ca
tosdomains.net
tvgy.nfdy.net
www.13770766650.com
www.67163.com
www.6uuu.us
uconn.edu
k-cosme.jp
www.f2cn.net
www.scqvod.com
www.maxhis.info
www.wymyslimy.pl
thewikies.com
www.yahoomv.com
zeek--rewards.biz
zento.wop.ro
zungas.cl
8181168.info
annualgolf.com
berkeleycollege.edu
beef.co
xcsb.78.cn
unangemeldetem.puk.ro
xfrcw.78.cn
marika.flog.pl
yulawyer.66law.cn
5ds.com
bezoplat.ru
freeonlinedir.org
narf.pl
pornhdfree.info
www.meirongzhengxing.org
testergebnis.wop.ro
gy.91.cn
bb.com.do
www.mzdh.com
peopletweaks.com
wallpaperhub.net
litos.com.ua
vrc.ck.ua
www.gz6sense.com
www.bandy-ferrari.atw.hu
www.ishuse.com
cnc.3745.com.cn
www.rimi.no
www.tjtongdai.com
seogeek.co.uk
www.tokuma.jp
www.welpen.de
qd.51tie.com
www.xfqvod.com
5e2g.265link.com
imageshost.ru
www84aaacom.diandian.com
idc.768.net
e-stogdengiai.lt
localcabby.ie
www.che.de
22.6aq.info
bikehotels.it
biz.10010.com
84aaaa.diandian.com
bjltly.com
blackvoices.com
blank-esports.de
blenke.wop.ro
blouin.puk.ro
bobo.353hh.net
bopor.com
brides-in-bikini.com
63iw.265link.com
broma.fr
brpg.nfdy.net
budget.co.za
kccr.265link.com
buehl.de
ytj3.265link.com
bulla1.info
bz.52pk.com
c06.tpgj.biz
calracing.com
cam4premium.com
cappellishop.it
uprive.wop.ro
carea.digart.pl
www.tjtjjscl.com
casal.wop.ro
castigabanionline.info
ccac.gov
cegal.es
cegvarazslo.hu
celine.digart.pl
cerkezkoyhaber.com.tr
cesa.edu.co
changchuncc.net
cheapjordans2us.com
cheaplink.info
chelsea.co
chicagobreakingnews.com
chiptalk.net
www.369jj.com
cholerae.puk.ro
chongqing.5ilou.com
chuyenbinhnonglanh.com.vn
cienciasemfronteiras.gov.br
cirriped.wop.ro
city-map.net
claysnguyen.info
clifnasa.info
guihuaxiang.com
cnvj.210000.org
onlinegame.i-love.cc
codeforces.ru
complico.puk.ro
computerworld.pl
cpa3y.net
cpnotas.info
cq.008.net
cqsf.name
craftboard.pl
cscartrocks.com
ctav.nfdy.net
directcp.net
discovr.info
erogu.sexysexy.info
dj.kenhdj.net
dlematik.com
dljx.78.cn
dnbp.nfdy.net
domeus.es
sap.krakow.pl
domingo-savio.edu.pe
doornkop-jackrussells.co.za
eisele.puk.ro
ek33.eekk.org
f2.98hy.info
elcuartopoder.com.mx
eltiempo.es
vdok.265link.com
ergonet.com.ar
nsf-margins.org
eserve.com.sa
f.epe.at
fangzhou.2012.blog.163.com
fazes.wop.ro
h2ms.265link.com
fedme.es
feuillue.wop.ro
wiwrestling.info
splesh.net
fh-trier.de
irorio.jp
florist.od.ua
foreverliving.se
forzest.biz
5y173.com
freelists.org
fxjunior.info
laushushi.com.pl
lentejar.puk.ro
www.opax.pl
liberar-movil-por-imei.com
liderandes.info
linuxnews.pl
livechat.fi
made-in-kent.co.uk
magiczne-strony.pl
medvehaz.ro
meijiri.info
memestache.com
misnegocios-online.info
miuu.soup.io
ankangcha.1168.tv
mogote.wop.ro
money-finanse.pl
mp3towav.info
pisarze.pl
portal-sandomierz.pl
powervine.info
www.x5byh.tap.cn
press-release.ru
przedszkole17.pl
kuns.rs2clan.net
puer.yunnan.cn
pxbf.210000.org
f6hs.56dvd.net
quadratmeter.de
r8a157.eakk.net
radioram.pl
raskauskeiju.fi
realyestate.info
recherche-sites.com
rtprel.puk.ro
rustamov.info
safeweb.com.br
schorf.wop.ro
seoempresas.com.br
seoer.1987214.cn
sesefa-d73.diandian.com
sewages.wop.ro
sex-dating.jouwpagina.nl
www.987aaa.com
shoppingbags.blog.163.com
siene66.de
sitagae.puk.ro
sitti.co.id
kowalskijanusa.digart.pl
skeuds.blogspirit.com
skoczow.pl
so.1dache.com
sof.si
soft.cf8.com.cn
udsving.puk.ro
victoria.lviv.ua
videox69.info
voo2do.com
widener.edu
www.1ye10.com
mielno.pl
www.feifeiwg.com
blurayprices.4yb.info
bazakont.pl
www.2xxb.com
www.3hao.org
www.anim.pl
www.barmot.pl
travel-and-tourism.org
www.csxdj.gov.cn
www.diancifa.biz
www.mmll.com.cn
srtb.pl
ab80963089.cn.alibaba.com
www.mucdo.com.vn
www.myffi.biz
www.n4zg.4f9.org
www.omn.ro
www.paowo.net
www.pmno.pl
dataworld.hu
wow.178.com
www.qqq32.com
www.6e6e0.com
www.rugbyforums.com
chaohuxierdun.fdchs.cn
www.shengjiang888.com
www.sztzzx.com
www.tltk.ru
www.tzsm.hr
www.uyue.tk
www.w899sanxing.com
www.wxsfp.com
www.xingping.ccoo.cn
www.xmball.net
www.yahooi.com
www.yuansubuy.com
wxrf.265link.com
www.geerben.net
wykruszek.digart.pl
szexisrac22.xfree.hu
xizang.ucar.cn
xoso.wap.sh
xsj.021.com
york4sale.com
youporn5.info
ysm.78.cn
yueyang.2882.in
yunshideng.uni86.net
s-v-g.de
ywrz.nfdy.net
zdroweprzepisy.pl
yisl.k3y3.net
zord.hu
0774.1775.cn
080.av99.us
allegrodance.pl
0x7ffa4512.cn
10dai.info
135.org
1616.net
1701.210000.org
1jz.com.cn
2g2g.de
3223.nfdy.net
365ip.info
konwerternapisow.pl
hyrc.78.cn
3gfu.net
cableopticaldigitala.9see.info
3gfu.tk
3gp.net
4doma.info
4qw.net
covadaterra.org
51cihai.com
5d1y.210000.org
726a16.tumblr.com
91694.com
9agucha.soup.io
acjsystem.eu
ns1.jiasule.net
acrl.org
useaboston.com
www.cozmic.ro
ahasai.puk.ro
alliedweb.net
dgzgz.78.cn
alteya.net
alusshop.com.mx
aqq-project.info
adbucks.brandreachsys.com
asia.net.my
aspire.qa
away.travel
ayedas.gov.tr
backworth.co.za
emktagc.info
baotao.com
basiura2.digart.pl
bbs.huaihai.tv
bluethner.de
ai-yellow.biz
be.cx
ben10oyun.com
best-moviez.ws
bestmalwareprotectionx.com
betasky.net
bfcxggmcky.blogdetik.com
bfhn.nfdy.net
bgc-celle.de
bhjc.nfdy.net
bidsson-bidify.ws
bizw.k3y3.net
bloggle.co
bodenversuche.puk.ro
bonniershop.dk
bookmarkingcollection.info
naebelgeischter.ch
boursa.info
browseverse.com.pl
byqz.k3y3.net
cam4free.cc
carlosxuma.com
chambre-bebe-lit.fr
chasinglilly.net
christianlouboutinuk.ckxn.com
www.54com.cn
www.uuloo.org
comptait.wop.ro
compucelonline.com.br
cp.m6h.tv
creditcard-now.net
crews.prv.pl
cs.52pk.com
betbase1.info
cuchot.net
www.iaxtalk.com
cvc.com.br
directseek.info
gabbr.info
dosia5504.pinger.pl
drvb.nfdy.net
dtzl.wan.360.cn
empiresmarketing.com
emwoufjmj.skynetblogs.be
en.dnstools.ch
eogi6.com
eomt.210000.org
espelhofilmes.com
etoro.puk.ro
evans.co.uk
evertiq.pl
www.cpdy.net
blogacg.info
couponsc.puk.ro
experpento.es
f1challenge.lap.hu
tukinaka.wop.ro
familiadillon.com
fandaily.info
www.22rc.com
faststart.ru
firdos.org
first.org
fitetlazio.org
flamme.de
foroalejandria.com
www.foruic.com
fp7r.265link.com
fzjm.78.cn
www.0096.info
home.1k.by
honami.info
hoppe.blog.so-net.ne.jp
hostyous.info
houshu.wop.ro
hs0b.nfdy.net
humyai95.info
i7tf.k3y3.net
i999i.com
i9yt.k3y3.net
ibest.in.th
ibgen.com.br
icebergbux.ru
ilci.265link.com
imgchili.com
imlemeb.info
imprint.com
lurdanis.wop.ro
prwv.info
dinstudio.no
coursemonster.com
zhycwzpx.78.cn
www.8090.so
ccftn.com
chaletmadera.com
www.0731ys.com
boligfif.dk
kitashirakawa.jp
qingting.org