midweste.puk.ro
1bpw.k3y3.net
latindanceband.dk
www.v10.pl
www.cdon.eu
tk09.lizhidy.net
186ai.com
new-liberty.net
can-check-keno-online526.bravesites.com
hipgnosis.us
111zy.info
funpic.de
qysx.k3y3.net
6hcai.net
easg.56dvd.net
kcbb.org
bressure.net
crohn.home.pl
winepromise.net
toymaker.info
harbourarticles.info
ddche.78.cn
www.huaxiongzhao.com
anbound.info
www.j8j8.info
www.fawell.eu
dansukker.dk
access-southwest.co.uk
www.trade.lt
discantu.wwwwww.wop.ro
uncfsu.edu
brandalive.be
www.sochor.cz
www.tell.ch
chachala.com
dotz-wheels.co.uk
bibleblackepisodesbqe.wordpress.com
opsla.wop.ro
matthies.de
usa.8899.tv
kanani.wop.ro
porn88.net
taikentai.info
luxury-delhi-hotels.com
seamanfan.com
www.census.de
6869.hk
iskra1998.pinger.pl
linuxmall.com.br
838838.net
mmw.78.cn
n4e1.com
keyborsa.com
lonerboristeria.com
plakatxxl.pl
3kua.k3y3.net
mp3towav.info
felicito.wop.ro
mov.456gan.com
anova.tv
gsywguepje.blogger.hu
bookbuy8.com
vzb.pl
azillink.info
ansiedel.puk.ro
jteph.info
grupoclarin.com.ar
indexiran.ir
reyi.in
bookmarky.cz
99plus.co.jp
3gc0.k3y3.net
fotoschule-spree.de
cnvj.210000.org
kh.edu.tw
xxxavi.wop.ro
yulawyer.66law.cn
casino-nodepositbonus.com
bzzpxx.78.cn
thorny.wop.ro
siterj.net
www.302s.com
korkep.sk
xoops.lap.hu
hupan.net
koujiao.in
fdc.86516.com
buxed.com
gaa1.k3y3.net
mytridir.info
k-cosme.jp
guihuaxiang.com
jagoda.com.ua
partilhar.org.pt
z3855.idc141.xinnet.biz
985a.k3y3.net
3507.fjsnw.cn
www.shousu-fod.com
www.md-mall.com.tw
www.digilentchina.com.cn
www.postnet.pl
haopcik.com
ruffybiazon.ph
6candy.com