www02kkk.shunshunfa.com
www.metasign.nl
fengxian.66law.cn
realwebworth.com
xalbn.taobao.com
defineri.puk.ro
cx3l3.u44777.com
shxiling.com
wegoodlinks.com
erfuellu.wop.ro
www.downza.cn
homebank.kz
gtamoding.pl
wagner.edu
hnf8.net
fizzbangseo.com
search-me-now.info
binuq.blip.pl
www.html5rocks.com
eiwvbkbgie.bloguez.com
vru.ac.ir
www.revco.ro
3ghk98.com
triponline.hu
furdoszoba.co
www.9u8u.com
hupan.net
evergreen.pl
rk-hpd.at
mariusc.info
amichalski.blip.pl
jilm.cz
pc580.info
678link.info
awedding.com.cn
jhankinewz.info
bizzy.wop.ro
jodenkinderen.puk.ro
practicalspreadsheets.com
demivamb.puk.ro
clements.com
zieba.wroclaw.pl
ai880.com
atehenmei.com
pizn.net
chachala.com
sof.si
free-lady.ru
sexhd1.info
mercatinoannunci.it
szybkooferty.pl
audiorise.com
ony3.qiwen5.com
blu.fm
bardon.edu.pl
guihuaxiang.com
www.emkefoto.hu
nd7.ru
abu.edu.ng
poliuria.wop.ro
bigideaseminars.unl.edu
foxxsocial.com
55mpw.com
compucelonline.com.br
sjvmr.net
www.maqiong.com
www.414784.com
www.tivi.pl
memory-alpha.org
saoxue.c.la
vixo.pl
affordablett.com.au
pvsf.265link.com
tjgxgt.cn.china.cn
iks.blip.pl
scassino.puk.ro
radio1.pf
diatomaceae.puk.ro
epac.to
www.rws-verlag.de
sou.wjw.cn
simplestorage.pl
21directoryast.info
www.aui.es
bedpp.com
rujiajiudian.11766.info
ciblexo.fr
cubeent.co.kr
skarnews.pl
rolski.wop.ro
meron.wop.ro
bhsg.210000.org
aperfume.info
zord.hu
mountainbuggy.co.nz
www.klops.pl
www.reny.nl
autosusadoscostarica.info
zhdy.ru
0800666221.com.tw
bvzj.210000.org
sylwiaaa.blip.pl
blanko.prv.pl
bookmarkstudio.com
ksvr.org
lww666.com
bernthaler.info
pornobabytv.info
bloggerviet.com
savehportal.ir
soundportal.at
ccftn.com
az.wap.vn
www.mp3s.pl
gstaad.ch
dksloi.de.gg
pogo.fotolog.pl
working-with-cowboy.com
028luya.com
2-steps.net
astrocd.pl
www.zhenai.org
sjz90h.com
w3c.es
internationalpromo.it
cambridge800.es
au108.info
m.55128.cn
knobbel.wop.ro
www.38qingse2.com
babycity.co.za
b6fo.k3y3.net
xixidieyuan.com
searchlinks.de
oaza.pl
articledashboard.info
achehnes.puk.ro
www.monkey.be
bbs.wwtx.cn
businessworld.ws
playarena.pl