x8hh.com
techytalk.info
wasp.blip.pl
seektime.info
jgkf.210000.org
tp.222ff.info
www.meihaojz.com
ps116.org
www.szs1122.com
knirk.wop.ro
mediachoice.com.br
tudibaike.com
angars.com.ua
www.dobimo.se
blogg.se
abu.edu.ng
naicha.51cyt.com
cqsf.name
3ghk98.com
elecpro.com
cablemodem.ch
dkle.in
codou.com
www.5ya.com.cn
21directoryast.info
www.fawell.eu
big-y.blog.so-net.ne.jp
hupan.net
literallyinspired.com
etalab.gouv.fr
www.orientalknots.com.pk
www.jwgl.hbnu.edu.cn
gtsb20f.1168.tv
auto.ce.cn
fanblogs.jp
aniszyn18.pinger.pl
vaegteeksperten.dk
bdhg.210000.org
release24.pl
pohjois-karjala.info
121e4.gn2012.com
realbbwgirlfriends.com
erfolg-reich.org
thuoctridaurang.suckhoevietnam.info
573h.nfdy.net
frnz.k3y3.net
gambir.wop.ro
tecni.com
alisher.soup.io
syw.78.cn
newskomp.pl
images.google.cn
watch-gossipgirl-season2.blogspot.sk
vrc.ck.ua
0x7ffa4512.cn
smallmgc.org
www.52-gou.com
t3n.de
tk09.lizhidy.net
s22i.210000.org
www.qipaiddz.com
amazonka.pl
www.uxx.cc
7171.7wa.cn
q1vy.56dvd.net
lapdatadslfpt.net
kikonline.ru
isport.blesk.cz
minoruta.puk.ro
www.frame.net
7bwap.com
www.geerben.net
svwm.ca
zktimes.com
januario.wop.ro
middleeastevents.com
www.zhifujixie.com
bdvl.210000.org
ssnq.nfdy.net
cannapedia.me
cupidity.wop.ro
p2media.pl
littlesammy6.pinger.pl
blogspot.nl
fers.puk.ro
www.coe.ro
xian.baixing.com
www.jf7d.com
auspreiser.de
www.bj8090.net
www.datait.pl
illinoispibetaphi.com
startuplokal.org
hebinzhicheng.com
xsj.021.com
syubou.puk.ro
www.400-0431-908.cn
xxxav.info
lue85.com
www.514ys.com
szybkooferty.pl
allsochi.info
vm4g.210000.org
5up3rph15h.deviantart.com
fc-mado.com
pvcf.k3y3.net
a.xsgdh.com
qiuknows.com
www.juanzhishaiwang.org
waae.nfdy.net
lekterme.puk.ro
kaka365.com
sanborondon.info
brom.nfdy.net
www.laohulijing.com
abalakin.puk.ro
zus-studenka.cz
ringforu.com
tifnut.wop.ro
nanjing98.info
inselvoe.wop.ro
www.wordessay.com
0316.cc
it-tronic.pl
springcreek.com.ar
singer.yiqilai.com
toplistenserver.info
stejka.com
www.zyqh.net
raving.wop.ro