protectible.puk.ro
www.aizi.biz
cq.008.net
1bpw.k3y3.net
webidirectory.info
calineczka.pl
onaman.net
cumez.org
marcdgz.wrzuta.pl
taobao09.5fa.so
mcquarrie.hydrografen.rysa.wwwwww.wop.ro
ivo.flog.pl
01.ma
bookmarkslight.info
bookmarkwheel.info
teachy.wop.ro
gn-cherevil.co.kr
guihuaxiang.com
weronikatweronika.pinger.pl
www.about-face.org
www.anim.pl
www.barmot.pl
www.ci.pasadena.ca.us
www.cnsmo.net
www.come0513.com
www.cqxxt.com
www.crbook.cn
www.cs2c.com.cn
www.csxdj.gov.cn
www.cxwb.info
www.d4se.info
www.dbzwm.com
www.diancifa.biz
amazingp.wrzuta.pl
www.drbody.hu
www.drstudio.pl
www.ds114.com.cn
www.epoli.cn
www.f2cn.net
www.feifeiwg.com
www.bj8090.net
www.gy233600.cn
www.ichman.de
zhaoqingyun.66law.cn
www.mm399.com
ghostpro.vn
www.yanxiw.net
chachala.com
snaha.cz
cooso.info
placetoearn.info
1ywo.k3y3.net
rbedemi.ru
jetmp3.com
www.168pz.com
armfort.cz
www.iesl.lk
jin-co.com
caoliuyaoqingma.tk
w3c.es
68web.net
av.24kdy.info
sitetiffany.info
naticka.blip.pl
route28ny.com
2la0.k3y3.net
8hw.cc
www.jldyks.com
poults.puk.ro
sexendirect.biz
digit-8.com
soleyn.puk.ro
okonet.com.pl
www.autosiskolamiskolc.hu
przq.info
energielive.ro
www.165.org.cn
88745.diandian.com
prijsbee.wop.ro
vjd.pl
binger-bao.info
www.sxxhq.com
bielecki.info.pl
gme.sk
www.amdg.icoc.cc
www.fawell.eu
auta-hry.info
djaya.wop.ro
zcw1.k3y3.net
isport.blesk.cz
www.china-jh.com.cn
cmtjm.78.cn
ifma.cz
dol.gov
448448.hk
passivemassiveprofits.info
ayob.nfdy.net
www.5ka.pl
thesolitaires.com
dwlmusic.info
bilgievi.gen.tr
www.alexbleau.ro
linktake.info
animaltracks.com
www.mycoolboy.com
sextubeporn.info
niyang5740.pixnet.net
tahvel.ee
zzz13-d70.diandian.com
ricardo92.wrzuta.pl
senado.gob.mx
bookmarkalphabet.info
thorny.wop.ro
cqjkjy.com
forex-to-cash.com
bedpp.com
xxxavi.wop.ro
stadbewoners.puk.ro
basicwebsitereview.com
bookmarkingfacts.info
pzqqzx.info
bus.hankyu.co.jp
calley.wop.ro
icebergbux.ru
bbgaleria.hu
ingekost.wop.ro
flooyd.digart.pl
rp5.nl
www.zj7s.com
begowk.wop.ro
shop63788365.taobao.com
glavred.info
1000do.info
bbs.543210.org
www.idomi.pl
dextery.pl
okno-land.ru
julieet.flog.pl
webmemos.info
ytbcgm.com
levik.info
allfilmss.info
23055000.ir
bildausd.puk.ro
sinners.be
fuinga.puk.ro
www.3333cccc.com
equifree.dk
jeanmari.wop.ro
fossil.co.jp