kakujitu.puk.ro
web4mail.net
www.emsdy.com
danen.wop.ro
xianbj.com
straponfuckers.in
52843.5c5c.info
www.0838jz.com
shinin.digart.pl
ericprogram.com
saats.jp
www.wuyoo.net
www.rws-verlag.de
smaker.pl
hupan.net
fjaert.wop.ro
sou.wjw.cn
55av.info
yibin.5law.cn
www.mdc.cz
84aaa.com
www.nike2012.com.tw
www.artviper.net
rhoenseite.de
codou.com
www.axx.hu
ttv.vn
search.travel
accessmanager.co.uk
www.66scweb.com
www.50088888.com
pmsteel.com.my
rysa.wop.ro
www.6b123.com
vedaprezivot.sk
365ip.info
chat-sanctuary.co.uk
www.hubaijun.com
ecdir.info
51hsz.cn
diplotop.fr
jayslasvegas.com
crackedsky.com
htcflyertablet.7m0.info
uniqueness.it
www.pbhack.biz
xxfamkexx.hyves.nl
konrei.wop.ro
filemap.co.kr
17youdao.com
jouei.wop.ro
cleanglobe.com.tr
ventrilo.puk.ro
fsapr2000.ru
kordate.puk.ro
www.ch312.net
0736.job234.net
www.copycon.pl
www.0718.cc
www.ykclean.com
4opz.nfdy.net
cipriang.ro
www.666xa.com
jiweicun.net
linhchi.mang.vn
www.gabeli.hu
www.moof.pl
www.fonds.org
snieznica.pl
fksa.org
neijiangchepiao.qiannan.org
tatu.by
ceas.cc
parasfera.pl
m.baidu.mobi
www.789zy.us
educamia.org
xantor.flog.pl
1616.net
top-ro.ro
lazygirls.info
www.firsthandbuy.com
relja.puk.ro
watch-gossipgirl-season2.blogspot.sk
www.wfxygg.com
jarx.pinger.pl
yuudachi.net
bunte.de
u3d.as
elit.cz
www.azdac.org
kitashirakawa.jp
www.shaczs.com
youthoutlook.org
www.myxt.cn
cslaurentides.qc.ca
oreignin.puk.ro
www.kankan.in
a9badut.1168.tv
xixihuafu.com
qgan.210000.org
prospis.pl
audio.com.pl
metin2.ae
verbaco.de
somany.pinger.pl
unsort.puk.ro
6wnu.k3y3.net
aldora.se
ingulfme.wop.ro
bromde.wop.ro
www.jhjxt.com
radio.bialystok.pl
886879.com
www.iphonies.de
manathure.fr
xn--tlqp91cyfo58p.com
www.qhu0.4f9.org
seara.com.br
weronikatweronika.pinger.pl
wg1e1hda49.b2b.hc360.com
comofazerorigami.info
www.hf.e21.cn
k-cosme.jp
filmcul7.info
csnf.qiwen5.com
alvino.puk.ro
gotowe-projekty-domow.pl
www.edb.gov.sg
hallofsports.info
wowsolos.info
uncfsu.edu
heiyh.net
horacy.blip.pl
www.97xxyy.com
www.gxwm168.com
aanga.puk.ro
dlcy.78.cn
bhairlines.ba
91porn.aa.am
qktg.210000.org
meth.tk
hockey365.de
badam.info
lolaw.wrzuta.pl
lennar.com
genuineapps.info
hb.newsccn.com
rmip.nfdy.net
zhidao.8008cn.net
dinocro.info
meddowes.wop.ro
behatsdaa.org.il
www.top99.ro
cellphonelookup.info
toel.210000.org
kierancales.com
www.geras.at
doingbusinessjapan.com
eurofriend.de
fctcp.com
gow.by
gibbsgardens.com
kslegislature.org
prestigewashrooms.co.uk
manad.puk.ro
www.3339.cn
liuhe.tv
nines.wop.ro
gb5j.210000.org
www.lfd.uci.edu
shinko-music.co.jp
pic.nx7.org
theamateurzone.info
acatist.ro
fundacionctic.org
anupa.puk.ro
lomejordeviajar.com.es
treillage.wop.ro
hoikucan.jp
exvoto.wop.ro
zooplus.ie
cdmfoto.deviantart.com
uafortsmith.edu
blognaz.com
it.kf.cn
www.v10.pl
poweroffor.org
fon.ucoz.ua
castellanza.va.it
spine.pl
choubats.puk.ro
blogrobtrue.info
alfinasplaceinc.com
cvr.pl
velo.flog.pl
johncabot.edu
ggmmol.info
www.com.tv
www.euroinvestor.no
emoticonosgratis.org
link.blogmura.com
event119.co.kr
moviev.net
cunard.co.uk
impresa.wop.ro
prosumidor.info
tsuranik.puk.ro
afknakten.puk.ro
braklapsiper.blogger.hu
88uw.k3y3.net
web.213yx.com
www.artshots.pl
mispicke.puk.ro
sesefa-d73.diandian.com
sturgeon.wop.ro
online247.org
rockchat.mobi
agamichal.prv.pl
gameavatarvn.org
furk.qiwen5.com
wagepric.puk.ro
weekendromanticotoscana.it
mathi.ru
5y173.com
mvgk.265link.com
lphp.ru
poleko.mtp.pl
wystartowali.pl
voip.ms
best-moviez.ws
mochinig.wwwwww.wop.ro
realaviles.es
non-non.info
entersoft.vn
kisio.blip.pl