maler-maling.dk
av.aaooxx.com
gdanskmiasto.pl
tool.yanjiao.cm
www.motivp.sk
buehnent.puk.ro
www.whabl.net
www.gwar.pl
www.ykp.pl
www.g-blue.info
rtlnitro.de
www.ldhyzs.net
overgekregenen.puk.ro
lsatwin.net
www.qdbdc.com
webdesignerslondon.co
ivies.wop.ro
www.szps.pl
pottsbrendan.tigblog.org
kubar.ammontammo.takedown.violines.teazelli.wwwwww.wop.ro
webfail.at
honvedelem.hu
lucua.jp
www.bilik.biz
chi.blip.pl
nongbiyadysh.1168.tv
megai.cc
quotidienmutations.info
www.cgl.org.cn
graphics.beareyes.com.cn
feestwinkel-purmerend.istats.nl
wh.haopoo.com
mebelport.com.ua
www.78844.com
emusar.org
hao.b2b.biz
nurum.net
www.czi.cz
www.buonissimo.ro
ysvh.nfdy.net
www.bcctv.pl
gwebtools.com.br
offeroasis.co.uk
www.bjpfh.com
www.22ons.com
upl8.tv
www.freebackgroundweb.com
www.49idc.com
ppc-coach.info
xinwyt.com
2-steps.net
prtq.info
www.kaakaki.com.ng
grootpap.wop.ro
boardsite.info
suihua.h2h.cn
skatoxyl.wop.ro
t-oya.net
txcs.51v.cn
corker.puk.ro
dukascopy.com
www.hiephoidntg.org.vn
signsexpress.co.uk
iqdo.info
www.hbsoft.net
derik.flog.pl
fywap.net
ourdogs.co.uk
chapelhall.info
prodesign.pl
descubre-tu-futuro-bebe.info
www.yqys168.com
directdownload.tv
fotograccion.org
non-non.info
enopo.jp
wap.hk228.in
lifeasrx.com
walbrzych.pl
wogibtes.info
happyet.org
adoptivb.wop.ro
filmhousecinema.com
statman.info
imidogen.puk.ro
dawes.wop.ro
beurten.puk.ro
kuujinbo.info
www.crystaledu.hk
btsearch.pl
historic.puk.ro
pinoyau.info
ybay.co.il
wsoso3.wangzhuan777.com
selachia.puk.ro
nyllover.com
pwcats.info
artsboston.org
advancedhits.co.uk
oii.xfree.hu
leprojetpetiteecole.ca
wsdjz.78.cn
hadopi.fr
socialtv.gr
ragnhild.bloghog.no
fightcup.pl
gurugazette.com
starconflict.com
nowoso.ru
matr3o.ro
56uuu.com
spierer.info
www.jcow.net
freebuild.pl
citec.cc
opruimen.wop.ro
directorymaster.info
25983.hos.999120.net
bfjk.cn
lyset.wop.ro
xxxbolivianas.info
www.bjfdc.com.cn
www.yulezp.com
www.cods.pl
nines.wop.ro
studioopinii.pl
adultlove.us
squat.gr
www.kavitsdisplay.de
ambit.gda.pl
www.poznaj.sk
av999.in
webdirectorys.info
sexrura.pl
suikerga.wop.ro
trylife.cn
www.fulilai.net
56259.com
tonno.flog.pl
www.sprat.pl
pictureupload.de
aperfume.info
wq315.com
granjear.puk.ro
layert.ru
sturgeon.wop.ro
badassallstars.de
fisketorvet.dk
suntfata.info
pygotham.org
cellutitis.org
5af.info
sccnursingalumni.org
www.qswch.com
fajowe-gry.pl
prionseneglise.fr
vipc9.com
xycbcw.360zan.cn
www.zhongxuew.com
stokedseo.co.uk
katogle.wop.ro
dreamgreenhousedesigns.com
fzpu.nfdy.net
codeclub.org.uk
cdemocratics.com
yoyob.net
www.hl.lss.gov.cn
serd.210000.org
www.emsdy.com
polskamanga.pl
webmarketinguniversity.net
atehenmei.com
pobu.210000.org
coiffero.puk.ro
bytom.blox.pl
laie.es
www.miyagigpn.net
rimsskii.ru
www.10086la.com
www.amur.ro
www.mypress.de
siimpii.hyves.nl
acis-bg.org
www.bigfoot178.cc
idoktor.info
www.daliuliang.info
100mega.cz
www.7x8x.net
www.jetzt.de
chat.parlaq.net
imgchili.com
j.gs
beseitig.puk.ro
lghost.ru
mcdis.wkraj.pl
smosia.digart.pl
upped.wop.ro
www.jasengd.com
dylanskloset.com
face-chat.net
xj7.info
xz.yes515.com
snightelf.flog.pl
freebooks.vn
waphk.hk
tekstile.puk.ro
jor.pl
incrustment.puk.ro
nanjing98.info
xalexadnrax.digart.pl
lomp.qiwen5.com
www.xxx59.com
sfgame.com.pt
capitaltire.net
shooga.ca
suginamiku-tennis.jp
joyworld.ws
ttif.210000.org
coloniseriez.puk.ro
lavaina.net
lehrst.puk.ro
convention.aia.org
bozhouweather.qiannan.org
vijfvoetig.puk.ro
ricollab.jp
abs2491.de
tamprusi.uneducatedness.vexil.spunti.wwwwww.wop.ro
banners--broker.info
mweb.net
uxpe.nfdy.net
www.6t4.net
fulbrightonline.org
ir.lv
pepit.be
runi.eu
scientificlinux.org
tibet-dog-forum.de
ababy.es
dp-pics62.net
managerdefotbal.ro
gambla.puk.ro
perekool.ee
erdbeerlounge.de
maskerman.nl
inconsolately.puk.ro
musstest.puk.ro
yachtworld.de
inexistentman.net
25jy.56dvd.net
aquarienfreunde-forum.de
wwf.or.jp
aimonesoft.com
wirtschaft.tschechien-online.org
meath.puk.ro
mesi.soup.io
terrywh.net
neti89.digart.pl
linotipia.puk.ro
kipten.wop.ro
article-directory-free-submission-free-content.info
snieznica.pl
www.tzglyy.net
cmip.nfdy.net
tsv-herrsching.de
dogass.blog.xfree.hu
pansitenederland.nl
www.pba3.4f9.org
losknope.wop.ro
gov.ro
zhtanganjn3f.1168.tv
zanktet.puk.ro
manhawebs.info
bacaro.info
snuifneu.wop.ro
destilliert.wop.ro
onlinehome.us
uphang.puk.ro
naaket.puk.ro
www.365pv.com
stringman.wop.ro
shopping.excite.co.jp
sac.epfl.ch
searchouse.net
hatanabe.blog.so-net.ne.jp
daneurope.org
umb.edu
ofae.210000.org
tabetai.coop
www.qianxun.me
cliento.mx
librosdebolsa.es
wap49.net
humeurigst.wwwwww.wop.ro
adiantum.wop.ro
efotolab.net
enass.info
engelfriet.net
areir.xfree.hu
marseille.aeroport.fr
slyness.puk.ro
rokey.wop.ro
dsfc.net
filmpreise.info
ferraday.wop.ro
bogenfoermig.wop.ro
modificador.wop.ro
uom.ac.mu
rn-wissen.de
www.xiaoshuo.cc
ftacademy.org
onlinehdmovie.blogspot.in
attijarinet.com.tn
www.stronglinks.net
askmoxie.org
lenovae.it
juano.puk.ro
crosslinkamerica.org
ultimate-power-profits.net
bloggerhq.net
palmademallorca.es
bluedream-photogallery.de
www.netlab.dk
fresia.puk.ro
server-met.de
aanga.puk.ro
www.6188.net
fresh.lc
village-center.fr
y54v.210000.org
www.zglowawgorach.pl
genuinepartsearch.co.uk
dalliard.net
99bbbb.info
pata.com.tw
www.pirazol.hu
boordschutters.puk.ro
4m87.210000.org
kweet.puk.ro
cheerleader.co
qeus.210000.org
beijing.anjuke.com
fefe.de
xxxwag.wop.ro
www.schramms.de
makatiescorts.net
ohl.es
kaletepe.net
videobomb.it
nylonextreme.net
sunglassus.info
arcadegames.gr
gutt.wop.ro
sanaad.ir
ugtk.nfdy.net