flyfisher.eu
aurea.org.pl
7gt.info
cl.orc.st
myeldirectory.com
mitgekri.puk.ro
www.qingqinggan.com
diet4all.info
dnfa.info
bbs.thi.im
beurtelingse.puk.ro
sunsonic.de
rumli.puk.ro
www.hmcars.nl
www.eost.cz
www.vcg.pl
businessworld.ws
offersclick.pl
zone-sharing.info
consorcioluiza.com.br
sou.wjw.cn
selserv.pl
www.jcow.net
news.liao1.com
traipsing.info
elektroauto-gebraucht-kaufen.de
qlk.39.net
www.36058.net
www.jbxy.net
fak.ru
www.euref.eu
sobinbank.ru
instantlink.info
sakata.lg.jp
b2blocal.net
ct1.shinobi.jp
tokyo.106.in
tarrianc.wop.ro
wl500g.info
matsumus.wop.ro
www.8090.so
merenre.blip.pl
krenn.wop.ro
www.chinareform.org.cn
hj8.cc
dailymobile.se
www.11tp.net
midaj.digart.pl
mediacorpus.info
quarei.it
www.hhh47.com
swimshop.pl
mocnyweb.pl
iplaws.co.kr
oww.oaidc.tk
metalpodcast.net
naebelgeischter.ch
www.pbportal.de
hojevouassim.com.br
linnea.puk.ro
plemiona.pl
blog.meta.ua
ciai.umbria.it
www.134dizhi.com
skoedecentret-digital-tinglysning.info
serco.in
kzpgmfcfo.blogger.hu
nanoteh.md
vskv.k3y3.net
chat.lwtv.net
gohome.cz
notealmargine.com
www.flyup.cz
neustarmedia.biz
www.syf99.com
bowju.com.tw
euroticket.pl
wogibtes.info
www.0731ys.com
huecity.com.vn
beautynet.co.kr
panduanpercuma.info
cuvant.wop.ro
tmyafcvnp.blog.kazeo.com
soku-deco.jp
hytc.info
gold-nm.ru
azerenerji.gov.az
www.qiuywy.net
gattle.puk.ro
worldservice.org
www.jibingweb.net
clydeeeraq.blog.com
4.am
online-tvs.info
dinolandia.pl
deannahavas.com
trafficdynamite.com
witek.toplista.pl
professionearchitetto.it
www.ueafc.org
mp34u.fm
logoart.vn
use-less.ca
tukude.puk.ro
njure.puk.ro
casagargiulo.it
relate.org.uk
355869.com
www.yz456.com
fanland.ru
gespiese.wop.ro
chihair.ca
www.tbwis.coml.com
myninjaproxy.info
www.pszfs.hu
subsecretary.wop.ro
cf.135cf.com
inhaal.puk.ro
sihei.wop.ro
wiederse.puk.ro
awk4.k3y3.net
www.gezhong.cc
gbob.tv
www.jschj.gov.cn
advise-web.com
www.arhis.ba
genglou.zj.com
zztianci.com
urlag.mn
ampdirectory.info
nottv-monitor.jp
matipl.pl
fibromyalgiasymptomslist.info
pinnacle.co.za
lgwy.net
intelligence.sh
forumbola.org
citroen.gr
ccftn.com
www.xxx93.com
piana.puk.ro
kugroup.info
mydirplus.info
paolobossiniblog.it
drukon.pl
city.ee
itmaster.tw
f1u3.qiwen5.com
ngobrol.us
shanghai.tianqi.com
zdolny.eu
webprojektant.pl
lane.no
design-freebies.com
go5.ch
iamsport.org
hsport.ps
fatfingers.com
rimsskii.ru
journalismaccelerator.com
www.tmz168.com
soudansy.puk.ro
9outof10.com.br
eaby.nfdy.net
fanzin.clubsf.ro
servicedofficespacez.info
dgzgz.78.cn
socialar.com
www.qimengzj.com
www.sinf.se
vertexglobal.ru
chinese.ruvr.ru
utili.wop.ro
lww666.com
iplan.com.ar
lo-mejor.es
kajibou.puk.ro
wordes.wop.ro
www.qq1163.com
cybermonday2012tabletdeals.info
mobwiki.in
thetranny.info
webmojo.co.uk
cbclansing.org
silaest.com.ua
excortication.puk.ro
alobmarlobs.blog.hu
alterast.wop.ro
aiyaiy.info
healthybodydaily.com
artnet.pl
bbs.xml.org.cn
fujicars.jp
mulan.5law.cn
3g.tkss.co
kyhappyask.info
www.iogoc.com
pelais.wop.ro
e-pasaz.pl
desierta.wop.ro
farsahang10.in
maureenjohnson.webs.com
poga.210000.org
fix-css.com
notebookinfo.de
fischerverein-schwenningen.de
vpsserversz.info
livrosgratis.com.br
mypetducks.com
sjzsfjx.shop.qihuiwang.com
massagemanual.com.ua