www.coolhello.com
natasza.flog.pl
177265.www.blox.pl
natasza93.pinger.pl
muyduwmxxk.blog.mongenie.com
zjxbk.com.cn
natelefon.pl
212.ru
www.sjyyol.com
apholxfkhn.blogdetik.com
amusicoteca.com.br
guihuaxiang.com
natkaw.digart.pl
z231v.eet88.com
build.kz
saper.soup.io
illblogtoday.com
hubshop.info
www.55gogo.com
navy.pinger.pl
www.travelro.ro
www.gggt5.com
nazawszerazemkk.pinger.pl
hdaz.cn
www.fitband.de
betabuzz.de
nazelieee.wrzuta.pl
leeaky.com
gegen-bilderklau.net
serverdedicati.it
nazguuul.digart.pl
jz.xnzc.cn
zakka.minkei.net
nazwa.pl
oregu.wop.ro
nb.cfw.cn
twowar.com
amelie-style.ru
ableistu.puk.ro
nebel.digart.pl
tecnohackers.net
sunlight-bingo.co.uk
neetkaa.flog.pl
cbsd.com
deco.mi4.jp
nega.digart.pl
thecomet.com
distalnet.com
www.qc5qc.com
neilan.digart.pl
abrebrecha.com
ritemail.blogspot.in
mashupdeals.com
nejka.digart.pl
bookmarkingkhazana.info
fipe.com.br
nemesis.flog.pl
vinos.com
iogou.com
ns.cn
www.bjsyouth.cn
neniadt.digart.pl
flugelman.puk.ro
champoyradoo.com
hostelhandbook.com
neon.flog.pl
lemiwo.com
belindamarshall.eu.pn
net-80.pl
gnu-magazine.doorblog.jp
livevideoson.com
netcoresoftware.pl
juzhan.net
zhwz.info
neva-poznan.pl
grupobo.com
videomarketingzone.info
darken.pl
news.gpxz.com|www.ctcc.tv|websitegespot.nl|sergifuss.com|www.gddgky168.com|www.xinhaimining.com|www.llady.cc|www.sinala.net|www.0530job.net|hobbylobby.me.uk|www.jordanshoeseoutlet.com|qq.zgxsp.com|www.zg550.com|90ph.com|doemaar1.hyves.nl|lqentzjgn.blog.mongenie.com|ji-xiang.com|chaptersworld.com|hr.t.sina.com.cn|www.aaimi.com|moon.bbs.xoyo.com|jdnorunnmy.freeblog.hu|www.hhh97.com|www.dujiaclub.com|www.12kredit.ch|ciulea.ro|eincyjuys.blog.mongenie.com|www.qg-knives.com|przeploty.pl|www.cboy.us|www.hiperfauna.com|www.xshpjy.com|www.ahmf.net|blogspot.gr|52ccw.com|thepenzancehorse.com|www.keepl.com|www.shszc.com|www.haoyinwang.com|www.gupuw.com|etaow.cc|nzfs.78.cn|www.bjbihua.com|centcojunma.manblog.us|www.wzdy.net|u76.cn|www.moobao.com|infocube.com.au|hebtv.com.cn|ndximaging.com|www.4006848085.com|easytreid.webs.com|vip.1168.tv|wordpress.com|hoodvibe.com|www.seiii.com|go.mrp.name|114.org|www.lmmw365.net|facbook.com|www.ew52.cn|njwhcnc.com|www.gpxz.com|ddbbs.com|www.qqjiemei.com|www.shaobingouwu.com|uu9c.com|www.17kdy.com|www.huilixie.org|www.huilixie.org|www.actic.be|www.kaisuogongju.com|tg.hhcsw.net|listz.org|uwmrhwjk.freeblog.hu|www.discountchristianlouboutinboot.com|www.kkyxw.com|just-catch-themoment.deviantart.com|soundsystemsandmore.qliao.info|www.xinshaobbs.net|www.51screw.com|www.dsl-chem.com|jbwx.nfdy.net|www.zhongguo315.com|blogmare.ro|oceanfree.net|jookmarks.com|www.revealed.3d9ymj.com|www.tao5030.com|qcmntp.com|www.448000jm.com|www.milixiu.com|www.ld-led.net|www.daijia.bj.cn|www.xiangfudz.com|www.zjahe.net|www.szsxmc.com|erodis.de|www.sifangsebo.com|www.rrk3d.com|programaformacionintegral.cl|dqz8.com|moorank.com|barro.wop.ro|www.zgrcxx.com|daohang888.info|wqspa.net|2hotsexplosion.a-livesexasian.com|bfigjmqcsf.blog.mongenie.com|bigasslover22.tumblr.com|ecoline.hu|nfshost.com
spierer.info
automakett.lap.hu
newskomp.pl
yz.chsi.com.cn
ip.nfl.asia
tianjin.zxxk.com
nextwebmedia.pl
usak.tv
aquilasoldiers.cba.pl
ngorska.digart.pl
arcillademetal.com
www.rejseliv.dk
traf.spb.ru
nicesport.blip.pl
007gzzt.info
wroc.pl
www.ctw.cn
lared.com.ec
niea.pinger.pl
copilas.ro
makeitbetter.co
niedostrzegalna.digart.pl
adamtglass.com
vodafonebuyback.co.uk
catallaxyfiles.com
niepal.pl
www.parkooair.org
sitiodeletras.com
katyanddave.com
abhielt.wop.ro
nieznaana.pinger.pl
sofitek.it
bluedialds.com
nightwish3.wrzuta.pl
distinctives.info
direct-shoes.pl
parizeurovikend.cz
nigra.blip.pl
conferencecallproviderz.info
fairmedia.se
imbeauty.info
niikii.wrzuta.pl
blistar.nu
0769tyn.com
cs0799.com
nika290794.wrzuta.pl
e-review.tv
www.xd220.com
adasto.digart.pl
nikeoutletonline.plxk.com
nimbusbooks-verlag.com
helperek.hu
appu.corrigio.tiratiros.bewegliche.screenwi.wwwwww.wop.ro
www.yyjnw.com
nikii555.pinger.pl
android.gs
noblessetopsecretaries.nl
nikpk.digart.pl
www.fj114.org
2065.com.cn
ninaxx.flog.pl
bidn.com
webses.info
6gc.net
nino.pl
softwareall.info
placenames.com
nipmukasu.eblog.pl
astuces-jeux.net
help.voc.com.cn
www.atoato.pl
niszerynkowe.pl
adden.com.pl
ibarra.gob.ec
nkfn.pinger.pl
kungsbacka.se
nordwest-zeitung.de
nkp.digart.pl
asparmakina.net
aanstuwd.wop.ro
www.caay.tk
psicologia.pt
nme.blip.pl
yilu.co
christwire.org
nneeoo.digart.pl
xslngy.cn
brickweb.co.uk
101.bnn.nl
nobotak.pinger.pl
lyonpratique.com
scos.co.jp
dhome.pl
noches.pl
royalcaribbeancruceros.mx
photo-libre-gratuite.fr
aisim.digart.pl
scottishequitable.co.uk
noclegi.pwi.pl
voicebuy.com
benkona.com
global-shoping.ru
www.sweets.ro
lexl.nfdy.net
nocnahrabina.digart.pl
elle.com.tr
mopays.com
www.xfdh3.com
racemotorvirtual.com
baixandofilmes.info
nooise.digart.pl
bourbonblog.com
cc.bwxx.net
chelsea.co
slupsk.pl
incubatorreview.com
vergletsjerd.soranhof.fudoumya.openging.wwwwww.wop.ro
jssgallery.org
noolka.digart.pl
gutkov.wrzuta.pl
12dian.info
accioba.org
norbnet.pl
fungistatic.puk.ro
noril.pl
abaadboom.com
norux.blip.pl
cassaia.de
beautyteen.info
www.cf88.tk
www.aygqt.org.cn
rackmast.wop.ro
nospor.pl
jauniesusaeima.lv
clubmujersinlimites.info
rapgodfathers.info
noteworthy.flog.pl
shopniagara.ca
www.vatera.hu
freeseotipsandtricks.blogspot.in
notfunny.blip.pl
katalogues.com
darmowe-statystyki.com
cleec.com
searchinspider.com
ddt.439.w1.gs
music-day.info
asanti.wop.ro
thalliou.puk.ro
notowania.wieszjak.pl
akolada.pinger.pl
endestykket.wop.ro
fleurdecafe.nl
nowarepublika.pl
www.messame.com
planet.dokuwiki.org
nowaruda.pl
www.zhougongjiemeng.org
dedadadigital.ws
tendevan.puk.ro
nowisia.digart.pl
androidpolska.pl
lfeng.org
avrora.spb.ru
jcaisc.78.cn
nowysacz.com.pl
mobile4less.co.il
chanel.nzw.cn
www.hs114.net
supercanais.com
nozkaswintuszka.digart.pl
marketus.ru
newwarranty.info
tomaszb.flog.pl
amie.blip.pl
nozo.pl
wcptube.com
jldh.net
finansis.com.br
np.xlx.pl
reportsnreportsblog.com
nsfz.osa.pl
vse-avtoservisy.ru
ddhzdz.b2b.hc360.com
joyworld.ws
chc2004.cn
tequilanockpremium.com
acebook.com
qwickup.com
onlanka.com
verwendbare.wwwwww.wop.ro
leadershipcompetencies.org
nuance.digart.pl
mytoysmart.com
goodreader.net
1511.ndw1.us
nuniek.az.pl
juurou.wop.ro
www.mlsfw.com
tweaks.pl
amrad.digart.pl
85zl.net
nup.soburnc.bee.pl
ovrerofo.blog.pl
webpagebackground.com
nurzu.digart.pl
goblin.net.pl
sosyal-imleme.in
31epe.com
nyscerion.blip.pl
castlemere.org
jirox.net
tourismnewzealand.com
o.comnuecs.orge.pl
d5cool.com
cucinare-online.it
oazaski.pl
10518.h-x.cn
juac.265link.com
356c.us
bugaga.ru
huzhougouwu.qiannan.org
obczyk.digart.pl
nexusvp.com
felicitasetamor.wordpress.com
angeleene.digart.pl
obrazy.er.pl
www.lovegaochao.com
clipblast.com
doandroid.info
obserwatorka.digart.pl
samoe-samaya.ru
stilartmoebel.de
ocelpepos.blog.pl
freeelink.ru
mbrteam.pl
oczek11.pinger.pl
yk95918.com
netvillage.ca
oddany.digart.pl
edlund.dk
placeadnet.com
skylarkdigitalmarketing.co.uk
odszkodowania-forum.pl
epicc.com.cn
disneybitchesnude.blogspot.com
tltonline.ru
oget.pl
sl.qincai.net
community.btbuckets.com
snowdreamanimations.com
oggole.pl
www.netmero.hu
ania6464.pinger.pl
ogrodzieniec.net.pl
aquinasandmore.com
www.4namebrand.com
isaac.soup.io
oiosaila.digart.pl
668sq.in
zhanyi.roowei.com
oip.digart.pl
blowen.wop.ro
yamamay.com
dpwd.k3y3.net
okamgnienie.pl
dcm.ru
omashal.freeforums.org
40379.hemelsesex.nl
ventasbalss.ru
olace.digart.pl
bh44444.huijucn.com
kasia2000xd.pinger.pl
olalolo.digart.pl
sioux-sound.org
carcle.jp
president.kremlin.ru
xixihuafu.com
olawa.pl
costaricafancytours.com
rujiajiudian.11766.info
18boybeauty.com
malaysiaearnmoneyonline.com
olecko.pl
www.sdaibo.cn
butterve.wop.ro
juxix.com
olejaaaa.pinger.pl
usproxyserver.info
squashsaver.pl
oliver.flog.pl
fondospantalla.com.mx
pomimi.com
welkin.wop.ro
oliwkowa.digart.pl
xdkq.210000.org
www.bedrijfsuitjesin.nl
www.android-x86.org
anandasy.com
olka6633.flog.pl
spaintravelguide.com
anninhhoanggia.vn
kyrostabletbr.blogspot.com
olkaa.blip.pl
cancervideo.dk
anieq1.pinger.pl
olkapazurki.pinger.pl
hydrogrowled.com
paperthin.de
jojoufu.wwwwww.wop.ro
replygrid.net
olkuski.pl
lambin.fr
6tn.info
gestioneweb.org
olkusz.pl
www.086energy.net
saltlakecityutah.org
aktm.digart.pl
ols.blox.pl
smileycat.com
jkeve.com
olszak.net.pl
bookmark-webassist.info
nagareoc.puk.ro
indiachat.co.in
olszi.digart.pl
look-s.de
nslizhi.com
e-penghu.com.tw
aniali.digart.pl
charmfanclub.com
olsztyn.pl
stihl.es
bloggersnetwork.net
bsqy.nfdy.net
oluss14.wrzuta.pl
www.ashld.com
thespasticcentre.org.au
shoshin.pl
oluu9.digart.pl
bryansk.co
loro.ch
hktkw.net
waplh8.com
omakai.pl
dhlbeijing.net
wholeapproach.com
menhealthadvisor.com
ominous.digart.pl
mop.ir
ivoz.nfdy.net
on-line24h.pl
apinumadyjori.pinger.pl
educationviews.org
oneiroi.digart.pl
ifail.info
anfangserfolge.puk.ro
cs-swat.pl
snapfish.fr
onet.pl
koltseg.linkekneked.hu
memurlarsitesi.net
eyjan.is
onetime.blox.pl
msc.ir
eppunormaali.fi
ip.jzp.cc
048.pl
onlines.wrzuta.pl
klimatologisch.puk.ro
closeouts.puk.ro
rantapallo.fi
nwesd.org
adufa.puk.ro
onuse.pl
leeson.com
g.656864ss.com
coda.org
oolek.flog.pl
aoi.mangowe.pl
bwin.sk
oolka.flog.pl
www.mp3.kg
calcos.com.br
opcode.pl
chequecadeau.nc
iscj.210000.org
hi0574.com
opisyxdd.pinger.pl
blog-imfdirect.imf.org
mobile-phone-content.info
opoka.net.pl
baseball-freak.com
www.lancns.com
sopapeldeparede.com.br
alliwantisforyoutoloveme.tumblr.com
centurion.bb
orma.digart.pl
www.jinccn.com
getblogcommentsclub.com
www.info0.info
orthowiki.pl
www.tubuz.com
www.ch.gongchang.com
abit.com.tw
ortramns.bij.pl
antarex.it
tirunidea.com
aplet.pl
oscgold.pl
amberlaine.com
www.laodingfeng.net
78cw.cn
chubs.puk.ro
osp.org.pl
patrick.bloggles.info
pctipps.info
ospa.digart.pl
camping-courtille.com
www.pism.pl
fivergigs.co.uk
ospketypodlesie.pl
boungler.pl
osplipsko.vel.pl
art.xtu.edu.cn
newsboard.gr
ospraciaz.pl
flagask.sk
www.600i.com
yingshi.114la.com
ostroleka.pl
animisms.wop.ro
aa111.info
thebobs.com
ostrowiec.pl
directorybright.info
qq163.tk
carreleurs.puk.ro
ostrowwlkp.pl
ophtalmo.puk.ro
antik-group.com
aforrecho.wwwwww.wop.ro
kingcase.ru
osx86.pl
pulseuniform.com
bravosdemargarita.com
acting-media.de
www-stone.net
oteki.digart.pl
be1st.pl
www.eeuss.com
lamba.wop.ro
zakuroya.com
0533jjc.info
7lr6.210000.org
buyalittledinar.com
cs-hltw.ru
siddall.info
ej-technologies.com
gebralapok.hu
web-directory-australia.info
4dk.ru
ousio.digart.pl
dihalt.ru
beimiyigou.com
apphex.digart.pl
bernardwatch.com
51cihai.com
overclock.pl
analxxx.fr
amegi.puk.ro
starberita.com
ovtipokhmorr.blog.pl
8minutedating.com
www.dfuefysf.com
ll5.eu
aptp.nfdy.net
pravosudje.hr
magyarnemet.hu
afmatten.puk.ro
p2pro.pl
chons.cn
p6.comppalzx.orge.pl
70j.org
bankschutzgemeinschaft.de
p98.blip.pl
exchange8.cz
paaulaxxx.pinger.pl
gitarpedal.net
future.com.lb
painbearer.digart.pl
bbs5.cgiboy.com
white.software.informer.com
psncenergy.com
sexowni.pl
paju.digart.pl
dticash.com
btjunkie.org
palalanka.digart.pl
expresstravelworld.com
neumeka.ru
spanjobs.com
se1zui.info
replicawatchesok.com
www.xy08.info
palmers.pl
estevanmercury.ca
pandoracharmsuk.plxk.com
pannasia.digart.pl
www.lyjk2.com
54545tb.com
doll-fin-chick.deviantart.com
aldes.co.za
levada.ru
papaja.pl
apt-get.org
wo.cm
gadudodatki.pl
papec.digart.pl
3.cn.nf
www.32hn.com
axiom.blox.pl
v393.265link.com
adjuvant.co.jp
parafiakrajenka.cba.pl
dzieciowo.pl
chinese.bestmagento.com
guianet.com.br
pari.blip.pl
discovr.info
foretime.wop.ro
parodia.digart.pl
saintama.wop.ro
claaaudiar.digart.pl
partiapiratow.org.pl
bbs.xintiao.net
myprosper202.com
partner.digart.pl
comicbookjunkyblog.com
lakodalom.cgr.hu
cz-110.taobao.com
paski.org.pl
indomobilbekas.com
cartegriseminute.fr
tskk.qiwen5.com
gscz.com.br
cicloleiriense.com.br
pass.pl
chushi.hnpr.cn
kreativ-workshops.net
www.guolv.net
paszteciq.digart.pl
wjunkies.com
motodrivel.com
patty.wrzuta.pl
bookmark-factory.info
shcsx.com
bewinter.puk.ro
pattydede.wrzuta.pl
freeseo24x7.info
beirobot.com
imaniaci.blogspot.com
patyska.pinger.pl
www.zz66.org
productostv.es
www.clubtroppo.com.au
paulowy.blip.pl
www.shuijunjidi.lingd.net
33d9.cn
pauullina97.flog.pl
www.7x6.cn
b2bcfo.com
roodvonk.puk.ro
321.gov.cn
pavlitto.digart.pl
qingshu.hostyd.com
cutegalleries.info
improvement.ru
ck.ggabc.net
paw99.digart.pl
aqa.kz
20xs.com
printit.com.gt
extramoneyblog.com
pawelwl.blip.pl
otilio.eu
all.kharkov.ua
pclab.pl
hb666.com
onlineeducationcollegez.info
ae-project.ru
sinhvien18.wap.sh
pcspace.pl
mybbstore.com
tattooartists.org
pdasite.pl
lifewatch.com
1000months.net
cett.org.cn
pds.blip.pl
asn.groups.tianya.cn
computations.puk.ro
marginalisais.puk.ro
pees.flog.pl
pornberry.mobi
myz.info
bbs.xuanyi.com
download-kid-cudi-ringtones.blogspot.gr
pelle.blip.pl
fuhenpat.puk.ro
skillsetter.de
dabas.apro.ws
kousien.info
simplyhealth.co.uk
flasterventure.com
penny.digart.pl
betoogsc.wop.ro
b-site.pl
pensjonat-poniatowski.pl
patrunning.info
telewiki.cn
teionsou.puk.ro
gyosei.jp
penspinning.pl
myerpsuite.com
biotracer.org
peorthine.digart.pl
dienlanhtheviet.com.vn
shenanigansliverpool.co.uk
bandiagara.info
muc8.info
percus.wrzuta.pl
bookmarkball.info
loovle.it
ecgorzow.pl
bield.puk.ro
perfectlyhappy.pinger.pl
6mablog.com
mobilelement.ru
perhoset.digart.pl
twooceans.com.pa
ilikefun.de
perihelion.pl
aagayhorsecock.a-lsawards.com
fdr.org.nz
personalpr.pl
limitedexclusivedeals.info
azrael.digart.pl
perszi.digart.pl
emumame.ru
1stbabyshop.co.uk
52168.in
petanka.vot.pl
www.qojob.com
7ijj.210000.org
pgiannuaire.com|gy.xiancheng.cn|airwatt.hu|cneggwet.skynetblogs.be|tolbertboy.webs.com|amaban.com|icamtech.net|9514.com|wymer.puk.ro|www.biologi.lu.se|icamtech.com|myjane.ru|www.besthotelonline.com|www.xuechew.net|www.tszly315.com|jjc-training.co.uk|deathrock.org|www.xshpjy.com|admin.com|2013.taiguali.net|fcfb89.cn.alibaba.com|mmodelisi.com|dianpujia.com|adminunion.net|eeafterdark.com|www.zhongbiaotuan.com|277819310.xiaodoutao.com|marketgid.com|51du.cn|wh.99wed.com|www.gowoniu.com|multiply.com|www.sdlwjyd.com|midea.gx.cn|www.0371apple.com|revtor.com|www.zxzuowen.com|organicmommytoday.com|deko11.senngoku.net|www.toybu.net|versino.wop.ro|www.11sdh.com|www.chinshiro.com|top-reiseseiten.de|aiqingpeidui.com|www.xiaojiadian3.info|www.zhongguo315.com|seofreeanalysis.com|klizr.com|www.gupuw.com|kingmalte.bloguez.com|www.lriml.com|www.gpxz.com|www.top-6.com|www.m3.com|altervista.org|toycarscollection.ru|on508.10050online.com|sewz.info|hx.awo.cn|snacktech.it|www.showweb.cn|9217tuan.com|duntensqe.ablog.ro|sg.zhsw.org|www.stonetech.org.cn|www.xaxyx.com|poptech.org|www.aegon.ro|hrkatalogus.hu|www.label77.com|mdhj.taobao.com|byde.wop.ro|www.hw99.com|www.tsyouxi.cn|www.xiaoshou.cn|helpingstudent.com|websiten.net|www.lmmw365.net|zolhc.cn|www.hg4s.cn|www.twspg.com|webetong.com|zx.wenkang.cn|marocsolution.com|laadeedaa.com|admud.com|cligotso.freeblog.hu|www.maidaili.com|hmkiymxeorcgs.blogtrue.com|www.xxx57.com|ljzxzxl.com|weightdietplan.info|wecansex.com|hsckcszf.typepad.com|puplinks.com|aqchq.com|www.dyjhdl.com|lh.zhongyuan.com|www.flash8.net|www.cdmfzg.info|www.fjycjx.cn|yput.nfdy.net|www.qg-knives.com|cup8848.com|www.33seyu.com|chons.cn|vsgl.net|www.138fp.com|www.9158.com|www.tllfan.com|wap313.net|eilunh.de|slim-ondernemen.nl|wyhyidrt.blog.mongenie.com|mcelfresh.ws|xrdbxzsghrx.blogtrue.com|73uc.com|www.sf999cqsf.com|clove.blox.pl
idax.265link.com
pgp.infor.pl
miia.wop.ro
m.55128.cn
tdasset.co.jp
phertri.edu.pl
overspri.wop.ro
aboutreversemortgages.com
phiege.com.pl
5diary.com
plemiona.pl
compilerfree.com
phpwebmaster.pl
bioviterga.eblog.pl
lukaimoveis.com.br
xiongwenyueqi.com
airberlin-binoli.com
piatal.digart.pl
starbux.com.br
wsu.edu
alakazam.co.uk
pielgrzym66.digart.pl
cnshu.cn
menschenzeitung.de
www.sgu.se
zykz.nfdy.net
pierwszapozycja.com.pl
qsrs.nfdy.net
wxst.nfdy.net
piib.org.pl
mats.software.informer.com
izami.info
gz.pclady.com.cn
11tui.com
sobretelenovelas.com
pikasso.digart.pl
dqoltkixb.typepad.com
pila.pl
realaviles.es
designers.mx
pimmp.digart.pl
use-less.ca
www.jjshuang.com
ping.pinger.pl
kelleyryan.com
www.crhsi.cn
nufc.co.hu
dntoslo.no
5ty.org
pink-drink.pinger.pl
bip.gov.pl
vannonces.fr
111kfcc.tumblr.com
pinkaaa.pinger.pl
4eh.info
288zt.com
pinol.digart.pl
drumlessons.com
lool.blip.pl
qqsong.com|www.shbz.com.cn|foop.tk|nyny.wop.ro|vest.nfdy.net|wwcikvizm.freeblog.hu|www.net-china.net|tlcnevjjt.blog.mongenie.com|ecalelite.com|teishu.wop.ro|edh-ev.de|weitersc.puk.ro|kyanion.puk.ro|suzhou.51chudui.com|malac.linkekneked.hu|www.ok9080.com|pogodba.net|mossig.wop.ro|doctrinaux.puk.ro|zjzkbzjxyxgs.wenju.biz|shoushi001.com|www.shuo5200.com|www.dakeyi.net|zknw.nfdy.net|winemax.org|ypbb.nfdy.net|cyzm.nfdy.net|uvum.nfdy.net|www.essiw.com|883v.k3y3.net|mksn.nfdy.net|www.hnxinke.com.cn|tjfr.nfdy.net|www.ura-akiba.jp|1vagonka.ru|kamila69.a-liveprivates.com|www.808ys.com|boxer-vom-schatzkaestlein.de|luenk.wop.ro|coi0.nfdy.net|gsus.nfdy.net|www.gz-baiyou.com|675t.nfdy.net|news.gpxz.com|www.xunweicn.com|i8ic.lizhidy.net|iwenthungry.org|www.59cn.org|malier.wop.ro|ryuk.265link.com|itaru.wop.ro|cglm.nfdy.net|mkxp.nfdy.net|8923.nfdy.net|argaya.wop.ro|www.hdjiaoyuxinxi.com|www.zgc.gov.cn|www.lanfc.com|fotofrog.net|chrissiecool.deviantart.com|clps.nfdy.net|my-led.cn|www.bizun.net|osyaku.wop.ro|www.07qccg.com|www.rawan.in|nbxhkj.com|www.21shhr.com|qlmrc.net|0pzo.k3y3.net|eizr.nfdy.net|www.zdor.cn|icamtech.net|ilpg.k3y3.net|nvsv.nfdy.net|you.xiaoyoyo.com|rendu.wop.ro|www.dd378.com|aw60sdf.seesaa.net|kj6o.210000.org|6h1122.us|1818kj.com|tsmn.nfdy.net|www.zgjiageng.com|java-admin.iteye.com|octuor.wop.ro|hflz.nfdy.net|ykdljrbnai.blog.mongenie.com|www.iqio.org|kzoufdfkol.hexat.com|spueren.puk.ro|www.yjlfy.com|rffa.org|www.hongfuyuan.com.cn|wvryddzcth.blog.mongenie.com|e379.net|yu2.net.cn|fehg49.deviantart.com|orlate.wop.ro
buyinvite.co.nz
destinationinfinity.org
piomalek.digart.pl
www.131580.com
ocfair.com
piotr87.wrzuta.pl
singularinsanity.com
dshab.com
negativland.com
piotrekkaktus.digart.pl
blacksky.digart.pl
cienciaviva.pt
6hgf.me
piotrkon.blip.pl
cs.easou.com
so.xizi.com
revfnbykjs.typepad.com
piotrrymer.digart.pl
chuangjia16.cn
maluchy.pl
www.28bisheng.co.cc
piowiec.blip.pl
bizmax.in
stshimo.com
comcast-deals.info
gaenserndorfcard.at
www.33aaaa.info
globalpublishers.info
pisaki.digart.pl
facebook.ru
www.airvek.nl
slating.puk.ro
scghun.com
dealsupto.com
pisu.digart.pl
maoflag.net
pity.tmxp.pl
scs.illinois.edu
hxjy01.cn.b2b168.com
ivystar.jp
pixelart.com.pl
49wz.com
iudex.blip.pl
chinpo.me
amirnawawi.com
pixozu.com.pl
seamframework.org
audiointerference.com
stadtreisen.org
pollogen.com
pizdaa.pinger.pl
9988.cu.cc
wfcity.de
bookmarkedby.us
downloadphanmem.com
atwody.com
pjm.cba.pl
www.xpotian.com
bjlot.com
fakes.pinger.pl
pl.smmash.avx.pl
emttrainingx.net
worstsportsinjuriesy78s.info
planetarnia.pl
intelligencecareers.com
ja10086.cn
www.sssk.ch
2nankai.cn
plas.lt.pl
gobood.net
platine.pl
kitzel.puk.ro
www.222abcd.com
www.szadg.com
playarena.pl
compass.at
bexsex.com
beendor.puk.ro
plej.gazeta.pl
eegmusic.com
networksasia.net
yousmi.by
pmb.net.pl
manhattanfullmovie.blogspot.sk
beanogas.com
gamesfor3.com
pniz.solideo.pl
blooomer.digart.pl
po.infor.pl
fou.emu.dk
umweltberatung.at
17dalie.com
huecity.com.vn
diemthi.24h.com.vn
qexh.210000.org
akpar140.33591.com
www.52wx.net
unsort.puk.ro
aws.typepad.com
podhale.pl
gothique.wop.ro
fh-niederrhein.de
fxfeeds.mozilla.org
epixeirisi.gr
lhc-888.com
podkarpackapilka.toplista.pl
bluephotos.digart.pl
fivefreeapps.com
megahugebacklinksdirectory.info
podlasie.pl
avengeful.wop.ro
mrozny.prv.pl
essentialhommemag.com
pogrywam.pl
fanandmore.info
poisonprince.digart.pl
cfsem.org
kytephone.com
www.nike2012.com.tw
affiliatetoolstips.info
pokexgames.pl
gci.org
agt.1168.tv
www.fengxiang.gov.cn
polactwo.pl
pcsoft-windev-webdev.com
ali9.net
polel.digart.pl
neomenii.puk.ro
poliman.pl
georgemichael.com
webnoviny.sk
cadoese.wrzuta.pl
polityka.pl
3akk.com
prazercemporcento.com.br
polm.blip.pl
adultfriendfinder.com
kosmetik.org
upjk.210000.org
polskagrupapgb.cba.pl
13-e.ru
sexus.cz
lucas.wop.ro
blc4u.com
polski-nfd.xaa.pl
experpento.es
www.0839yy.com
www.br666.com|zhidao.huarenblog.com|help.uni86.net|igoex.com|daijia.bj.cn|www.shszc.com|e9sj.com|www.dzdq.org.cn|www.kkgzzw.com|qq772993307.huashanforum.com|tshivenda.puk.ro|washta.puk.ro|www.saturnfans.com|scene.wop.ro|dolmar.sk|www.zmxys.com|www.qg-knives.com|www.zhongguo315.com|lax5678.com|www.0757-85956163.com|mystudentrewards.ning.com|aronjef.gamerdna.com|zzzwjzeob.blog.mongenie.com|www.school.sh.cn|runsky.com|superdoc.com|xia.ncyz.com.cn|www.ntkd-hk.com|www.suizhouwang.net|ablazewithlight.com|vestorn.com|mystressreleasenow.com|geaz.tk|3g.i139.cn|www.tongrentangkj.com|www.tangrenf.com|xcdzzvoj.blogage.de|www.xshpjy.com|cps114.com|www.yy21.net|www.dltongdao.com|zisu.org|massteroids.tumblr.com|www.89223885.com|www.airjordan-spizike.com|aijunjiatingfuwu.dv37.com|yournaturalimage.com|vostok.wop.ro|tzgs007.com|848848.com|0766idc.com|365chizhou.com|xmnm.nfdy.net|www.babaw.com|tuan.babaw.com|dn798.com|c.lexun.com|www.baimao.com|hsybs.com.cn|mija.wop.ro|123e4.d5dsoft.com|burrum.wop.ro|adminunion.com|1.s5g.net|www.598wl.net|www.jxygcy001.cn|meetingdialer.com|tabacalaruba.com|news.gpxz.com|domainwebsites.net|xucs.nfdy.net|www.2000uu.com|www.wgyy.cn|adamspublication.com|www.czzyb.com|sloggi.wop.ro|websiten.net|googlestreetfighter.com|dictionary.www.infoseek.co.jp|www.shkunyi.com|pxwaimao.cn|www.tshop360.com|heltewig.de|sxdehudzyhde.blogtrue.com|www.z0310.com|bbs.007.mx|www.taoyiww.com|flyingmouth.com|www.11ddmm.com|careandsupport.com.au
polskieforumpokerowe.pl
tubicolo.wop.ro
strumpets.puk.ro
articledepth.co.uk
collavol.com
www.renti444.com
ado2012.hyves.nl
jewishjournal.com
designsonyourbusiness.com.au
baselineresearch.com
polsl.pl
shishangqiyi.gz.cn
www.bullsofcrown.nl
4hai.me
pomorze.pl
casbar.com.pl
poolepioona.digart.pl
thaifastads.com
tojsiab.com
x.rentipic.org
ukashadresi.com
poreba.net.pl
hypemarks.com
14liao.com
maxorelus.com
pornoamator.pl
iswinoujscie.pl
sdsol.com
domingo-savio.edu.pe
amritvelaradio.com