56ye.net
pornozasms.pl
linuxchix.org
sz.120job.cn
marcinlinek.pl
portal-gizycko.pl
askway.cn
bandalargavivo3g.com.br
gifboom.com
portal-gorzow-wielkopolski.pl
clickfordietfood.com
nmbbank.net
cctvwithdvr.20j.info
portal-oswiecim.pl
slim-line.info
pligglog.info
portal-pszczyna.pl
gaynz.com
lovci-mgnovenij.moy.su
portal-ropczyce.pl
blog.nettribe.org
90hou.org
portal-swietochlowice.pl
www.hotelswing.pl
www.zuqi-kids.com
moonvalley.com
derhy.com
portal-sztum.pl
kessanho.puk.ro
florenceconsultant.com
longxiang666.com
portal-zdunska-wola.pl
kweekbed.wop.ro
cwm.66law.cn
browncafe.org
poszukiwanax3.pinger.pl
www.dlgulian.com
vse-avtoservisy.ru
www.844mi.com
poww.digart.pl
cretaforce.gr
pirika.org
schnitzel-blowjob-tag.de
poxer.blip.pl
collaboration133.com
mcyt.nfdy.net
pozycjonowanie-kojotek.pl
zeedth.com
moud.wop.ro
264006.com
ppa.pl
4399.yxyz.asia
nostra.by
stiri-mondene.portalio.ro
clov.pinger.pl
ppc.blip.pl
avke.210000.org
praca.gazeta.pl
idealo.co.uk
periodliving.co.uk
submitpressrelease.info
88.beihk.com
pracawsprzedazy.gazeta.pl
sfoci.wop.ro
artoronto.ca
www.9dgg.net
www.bjkunlun.xinme.com
pracetanio.pl
okselstu.wop.ro
prawiespoko.digart.pl
ohdsilenus.com
precedens.art.pl
coloring-book.info
21980.com
princess230.blip.pl
deng3636.blogspot.com
town.ehime-iinet.or.jp
123bba.com
priv-mt2.pl
blogsome.com
cnotliwyaretino.salon24.pl
postkontoret.se
privat.prv.pl
qz.loupan.com
pro-fight-mma.pl
ahlimisurata.ly
batcountry.pl
pro-inwest.com.pl
4325.net
wooztones.com
40379.hemelsesex.nl
ohdq.210000.org
proassist.blip.pl
bloggingabout.net
ueba.wop.ro
ajc7.265link.com
prochowice.pl
gewe.puk.ro
www.ylfyny.com
ojhmcypoz.blog.kazeo.com
program-clip.pl
adminerelle.de
agz-rnk.de
projektpolska.pl
com-pac.pl
leathern.wop.ro
quora.co
prologicmusic.pl
bananagiant.com
ehogwart.pl
apcindiastore.com
proloko.blip.pl
bigbuttmovieclub.com
caoliukk.tumblr.com
ifjusagiszallas.freewb.hu
tubuzz.com
promalpolska.pl
attorneydirectorydb.org
mp3.zol.com.cn
www.anp-just.ro
foro.keep.pl
danfi.fmix.pl
promienista.digart.pl
polow.net
octoline.ru
www.xmairs.com
littlerebelband.com
400612.com
prosa.digart.pl
barclaycard.de
easy-hebergement.info
a2kk.com
personalitypathways.com
40gvps.com
verisign.co.uk
przemyslb.digart.pl
www.china-power.net
joker7777.info
bonnyworld.net
przeploty.pl
china-citytour.com
cjb.med.stu.edu.cn
przyjazneapteki.pl
www.se290.net
panchira.s1.freexy.net
openbsd.nu
queening.info
www.486xx.com
65.tc
www.alexacn.net
terpvilaner.lefora.com
fzppdl.78.cn
pitbullspr.com
1cpvlab.info
coska.blip.pl
www.mfsqb.com
psiara14.digart.pl
bestpicturesof.com
dku.blip.pl
bucetagostoso.com
psl.pl
frolov-lib.ru
linuxfah.info
yourfamilysurvival.com
psychokid.wrzuta.pl
carpartsdiscount.com
cef-ru.zl.lv
kruittor.puk.ro
0900-cvservice.nl
thjy.cn
www.seo-data.com
kayra240407.hyves.nl
7j69.k3y3.net
ptk.flog.pl
dasheng88.jdzj.com
puci.wrzuta.pl
instantlinkbuildingsite.info
crash1.digart.pl
artikel-checker.de
cyfryzacja.gov.pl
uwcart.ru
pulpa.digart.pl
datsyn.com
pumciaa-ns.wrzuta.pl
analangelxx69.a-maturescam.com
forum.vuontinhyeu.info
13616834.5sing.com
av523.info
pumka89.digart.pl
perjensen-online.dk
akhbarmauritania.info
boxera.euwww.wop.ro
punktskupu.blox.pl
chiromys.puk.ro
brandsaleoutlet.com
5847.210000.org
push2check.pl
weolkj.de.gg
dailypassxxx.com
lpnbsn.net
puwinmadol.eblog.pl
ankang.biz
acnenomoresecret.info
pycio00.wrzuta.pl
www.38qingse3.com
monstercraft.org
a-market.pl
pysiaaa1.pinger.pl
workfromhomeheaven.com
forexer.com
56kompania.pl
pzhgp-kluczbork.cal.pl
frontex.ru
portal.gov.mo
pzpl.blip.pl
45av.info
khsh.nfdy.net
www.xzdb.net
missionrs.com
qa.knowifom.bee.pl
shop4silver.co.uk
0931.1775.cn
lagerzeitung.puk.ro
meteo-lyon.net
qa.php.net
danon21.wrzuta.pl
forumsi.org
chennaicustoms.gov.in
hello100good.taobao.com
autoaccidentlawyerz.info
92gupiao.com
aggiornamentorls.it
bocd.com.cn
airsoft.pl
monsterdrdreheadphones.org
d2k.nl
chinese.ruvr.ru
iomrga.com
conkogen.freeforums.org
ba-z.com
zt3.cn
djokmarsfivi.blogger.hu
leanmfg.info
access-southwest.co.uk
quadral7.flog.pl
www.gironet.nl
budleja.pinger.pl
myintervals.com
cupidity.wop.ro
sosdoudouetmoi.com
3nglass.com
quebec.digart.pl
lolking.net
dailyink.com
daniel12464.flog.pl
r.olkis.pl
025650.kaicong.info
www.knedy.com
jpubb.com
game-z.biz
businesstool.dk
radio-play.pl
marianistas.org
gatesprograms.com
radio-wars.pl
enewsletters.hbr.org
hestafrettir.is
radio.queer.pl
seoblog.com.ua
3-mag.net
freeland-entertainment.nl
radiocpacemusic.ubf.pl
hbsjcsjy.cedl.cn
danus.digart.pl
radiofama.com.pl
magicnudes.com
www.0473w.com
vaartuig.wop.ro
bright.lv
bestarticletoday.info
biologydisease.com
rahim.pl
monadire.ge
barrenn.flog.pl
1000grad.com
qk.soup.io
depoklik.com
amitistravel.com
rahsape.com.pl
bek.me
18oh69.com
fmach.it
raisowna.digart.pl
fletchers-corner.de
slsc.org
omnamahshivayy.in
ralphlaurenuk.plxk.com
bjsyjb.com
ddc.tarnobrzeg.pl
janurtech.com
ramemrieda.eblog.pl
myfreefarm.cz
irantraffic.ir
shoujizu.net
blockbuzz-israel.org
daunii.wop.ro
ranborn.org.pl
bissao.puk.ro
ranking.pl
wlic.nfdy.net
schudnijbezcwiczen.pl
program3648review.com
beendor.puk.ro
rapatuja.digart.pl
sxxz.chineseall.cn
bonavini.hu
cnk.digart.pl
droop.wop.ro
www.0937.net
rashuxiu.com.pl
josepis.com
euphoriabux.com
pullboat.wop.ro
ratujkangury.pl
learning-webs.org
dream.pinger.pl
rawa-maz.pl
www.ynjd.gov.cn
www.11ddmm.info
rpme.com.br
rawickie-sh.pl
bookmarkgo.info
www.promarket.ru
razem.waw.pl
ifds.org
ladyboy-ladyboy.net
pseudotr.wop.ro
rbj.flog.pl
riversedgeadexchange.info
dudolf.puk.ro
blogpingr.de
readymade.prv.pl
nnmlsz.com
3dhelpcenter.com
redart.digart.pl
efta.wrzuta.pl
brzozow.org.pl
redcraft.cba.pl
www.3gxda.com
hdeg.k3y3.net
chiediam.puk.ro
dedovanje.si
118712.fr
redhand.com.pl
socialworldnet.net
careeracademy.info
onlinedoctoratedegreesz.info
redpunk.digart.pl
mynature.ca
jall.tk
xumtu.com
24hoursonlinegolf.com
parisintimates.com
marknadsplatsen.se
www.tangchulou.net
mytnstory.com
www.gampu.net
hudoba.ru
pliggthis.com
regge.wrzuta.pl
eerie.pinger.pl
feizhouvl.1168.tv
www.ws2sc.com
591yuyu.com
suzhou.11467.com
regionwielkopolska.pl
couponsherpa.com
fukuda-hp.or.jp
tweetravel.net
www.165xx.com
regra.pl
lainesse.puk.ro
digissofts.com
www.tib.hu
jxf.mf968.net
thesportsmansedge.com
relatywistka.blox.pl
calil.jp
turbonet2.com.br
rememberme1997.pinger.pl
reitousi.wop.ro
ricoq.prv.pl
renego.pl
nielsennetpanel.com
dramsoyport.bloguez.com
face-switch.com
vollhart.de
porn-ddl.to
egoistkakotku.pinger.pl
return.org.pl
www.4040.com.cn
femmephoto.pl
riathychel.com.pl
gepecardsafe.com
yc3x.cc
tojsiab.com
fuassyo.puk.ro
ricardo92.wrzuta.pl
webhely.net
anzeigen-net.com
rici.blip.pl
www.yuci365.net
topwap.cn
mobila.pl
ridletosport.eblog.pl
chaye89.com
euromundoenlinea.com.mx
www.3pian.com
edwardpku.com
isozial.so
evrokatalog.eu
bettong.wop.ro
rikku.digart.pl
kannetu.wop.ro
egzoftalmia.wrzuta.pl
rikkusia102.pinger.pl
sewages.puk.ro
illinoispibetaphi.com
dsfc.net
baykax.com
ads4dough.com
rlpsefrt.ugu.pl
8count.ca
2322567307.33591.com
roberts.digart.pl
fastfever.com
felixzone.eu
www.scdaily.cn
robienie-www.pl
lepetitjuriste.fr
gluecast.net
oops-music.com
robkio.digart.pl
fotografiavalencia.com
expert-online.com
bryja.net
download.tech.qq.com
rocantyfa.eblog.pl
jeux-de-guerre-gratuit.net
pickerelcreek.com
www.zhaoshizhuzao.com
nekokke.wop.ro
nb.pconline.com.cn
roccocaine.blip.pl
www.beichthaus.com
rock.toplista.pl
179401.cn
sh3ll.org
rockwell.flog.pl
gongboa.taobao.com
hlv.blox.pl
platinumlinksdirectory.info
rogata.digart.pl
www.6zkj.com
www.inbuss.hu
4173.info
icanju.cn
www.tstkw.com
www.cn08.info
rollincat.pinger.pl
flaghouse.com
mobilebridges.com
mtv.ua
forrss.com
romantorkowski.blip.pl
www.sexdenhaag.nl
esdcf.cn
inec.gov.ec
eyereturn.com
shmama.com
ronjeff.edu.pl
criminaliteitswijzer.nl
www.hnadl.cn
roomm.com.pl
forvirringen.puk.ro
pjszyw.com
emall-host.com
plchic.com
rosae.digart.pl
cashboxparty.com
gs.inside-games.jp
foxalba.com
haffiliation.com
rose03.digart.pl
hebinzhicheng.com
lighthouseseries.com
oneamerica.com
hostingmlm.info
www.pengkuns.cn
www.jungyonghwa.cn
rougey.prv.pl
www.pinse1.com
rozdziab.wrzuta.pl
www.0750solo.com
hubshop.info
rozowiasta.pinger.pl
childaidmyanmar.org
www.wxjf.net
rspop.org.pl
platnosci-online.pl
shbxzc.com
rudezakupy.pinger.pl
e.njnu.edu.cn
ftmtube.com
cruel.org
dvdcarradio.duoduo9155.info
rudowlosa.blip.pl
treatme.co.nz
as7.org
rulon.digart.pl
yougedi.net
ips.net.cn
rumb.pl
uncloudi.wop.ro
18dy.in
ruskiniemiec.blox.pl
xixidieyuan.com
elance.digart.pl
ecodo.nl
sms-price.ru
goplaniusz.blip.pl
suus67.hyves.nl
gxds.210000.org
rypka.digart.pl
gadelwap.co.de
0759haixian.net
ryska4.digart.pl
mosses.puk.ro
szkrabina.digart.pl
limuzynakonin.pl
rysuj.pl
millionairepalace.com
marykay.pl
rzeczowo.pl
ksy.blip.pl
cashnowrefi.com
rzeszow.gazeta.pl
rzeszow.pl
debian.fmi.uni-sofia.bg
everythingisaremix.info
cntr.lt
s3.flog.pl
freecoloring.org
backlinkservices.com
sabuska27.digart.pl
mlgdzx.com
sakkara.pinger.pl
imusm.tmall.com
sakura047.flog.pl
mo-mama.org.ua
leti.nfdy.net
salsainfo.pl
filmesdownload.org
dnninfo.com
samoha.digart.pl
yourweb.de
sanczczoklepa.digart.pl
enterprisenetworkingplanet.com
kongasuli.hu
cablemap.info
sandziorxd.pinger.pl
www.3tes.com
cn21.com.cn
lfccro.com
sanfwan.cn.alibaba.com|www.cheapmichaelkorsoutletcanada.com|miiwxmky.blogage.de|www.51-jm.com|www.bgo-china.com|www.wtscy.com|knucks.wop.ro|lyaliaforra.tumblr.com|fxhouaindi.blog.mongenie.com|yz21.net|bence2389.blog.xfree.hu|upci.ru|bakay.com.ua|vghost.net|inspirechange.nu|www.12345mm.com|www.586658.com|dt11.lizhidy.net|www.xianghehunlil.com|www.7060dy.com|fuhuaqi.com|www.cupta.net.cn|oestra.wop.ro|uyvq.nfdy.net|china.soqi.cn|bankconsberf.freeblog.hu|ricado.wop.ro|uunn.nfdy.net|yamato.wop.ro|www.trtetp.com|www.linqv.cn|mukawa.wop.ro|www.bcso.net|jivagolounge.ning.com|www.haxx.se|dofv.nfdy.net|asianflower69.a-maturescam.com|www.bjb021.com|www.bbyy120.com|sitedica.com|www.readxiaoshuo.com|www.scfqjr.com|fehg49.deviantart.com|www.s6k6.com|www.xiaoyoyo.com|3g.204.at|www.szqzy.com|tg.hhcsw.net|detail.china.alibaba.com|www.essencetech.org|www.lemoncn.net|ningxia.aiao.cn|www.9yin-woiniu.com|www.ythuiyuan.com|www.163love.net|hzgl.nfdy.net|smurte.puk.ro|draagbalk.puk.ro|www.jinruixue.cn|raait.wop.ro|www.llbra.com|xinhaimining.com|hoss.wop.ro|froth.wop.ro|kaory.digart.pl|13022015959.pur5.com|www.ulinix.com|www.qygqz.com|nk577.com|jrtyn.com|hehaitao.66law.cn|www.jycj120.com|mrstravel.com|bwf1.210000.org|adminunion.com|pules.wop.ro|arno-verduyn.hyves.nl|www.v0z.net|ao7r.k3y3.net|s6ne.lizhidy.net|adapt.io|www.darpa.mil|veneur.wop.ro|www.jcrb.com.cn|www.essiw.com|yyzblog.com|actresssex.a-maturescam.com|www.qg-knives.com|unya.nfdy.net|www.on-data.com|qinyuan-water.net|qwee2.951n.cn|siqg.nfdy.net|0938.1775.cn|zyspjx.cn|www.hbcpqc.com|www.3czhidao.com|gronde.wop.ro|unliken.puk.ro|betel.wop.ro|anatoliy.wop.ro|wewqeiyhnvucau.blogtrue.com|www.prestigetour.cz|www.027jpw.com|sjs.to8to.com|saug.nfdy.net|ouhai.wop.ro|buy-paxil.biz|subiet.wop.ro|hjmp.nfdy.net
worriedness.puk.ro
rococo.fecsegj.hu
newton101.com
opencapitalist.org
sanok.pl
mallcrawlin.com
blog.buy.at
bangkokholiday.info
bearsfuckboys.com
sanrobar.com.pl
jocuri.de
sauwren.digart.pl
embedmen.wop.ro
alakazam.co.uk
sc.cfw.cn
annibellector.deviantart.com
incests.wop.ro
sc2.plu.cn
www.zhurou.biz
theartsdesk.com
keqingjiaon.1168.tv
garla.9r.ro
jbcx.lcxw.cn
sciagnij.pl
miksportraits.com
miaoshawang.net
www.wenfeng1987.com
sciany.prv.pl
scrawlbook.digart.pl
techmatrix.co.jp
www.45zgw.com
scrib.digart.pl
www.elogit.no
free-installations.info
lady119.com
f1today.net
sdjournal.pl
laberpla.net
www.chunvdy.ne
kidzonwheels.nl
seal1.digart.pl
allcity.fr
3zitie.cn
searchforhappiness.pinger.pl
feuerwehr-vierkirchen.de
thetinytube.com
sebpl.blip.pl
matoso.puk.ro
arbeidsenhetene.smoker.wwwwww.wop.ro
securitymag.pl
subgit.wop.ro
monetlingerie.com
sejcfs.ugu.pl
dahar.eu
jxc91cc.co.cc
www.alacati.oteller.name
r-feeling.blog.so-net.ne.jp
kayy.soup.io
sejersuess.phpfogapp.com
nvnao.info
www.milangou.com
02v.org
sekta.pl
fabrykazlota.pl
i8c.info
utgr.nfdy.net
sensitivv.pinger.pl
thatsme.in
webinar.co
stratus5.com
celvik.ba
lifeascending.info
seo-lab.waw.pl
grine.fr
combusto.wop.ro
www.parasepuh.com
nalinisingh.com
pendelwinkels.wop.ro
seo-vip.pl
agraff.no
www.wurft.nl
onlineearningsmagnet.com
seo.net.pl
boliquan.com
vongia.com
www.abdalbasit.com
sephpa.com.pl
ushasewingmachinemanualyhgc.wordpress.com
1o0.info
envelops.wop.ro
weedhardy.com
www.mmm1234.com
serbia.flog.pl
www.wedm.4f9.org
www.023dy.com
tizergun.net
kasiullek.digart.pl
jobbank.dk
seriale.beta.v3.tvp.pl
maxunion.ru
seriea.pl
airsoftbox.ru
yilu.co
www.hg00333.com
y3.co
serk8wzwc.digart.pl
abc-construction.az
www.shfsmq.com
serki.wop.ro|ffyy.cc|shikensh.wop.ro|teorecfaa.bloguez.com|www.lmmw365.net|91530.cc|adminunion.com|leshua.org|izcjyvspxg.blog.mongenie.com|rusa.nfdy.net|www.anhei3.net|yz21.net|mov.tsyouxi.cn|jmping.wop.ro|www.xshpjy.com|www.bttc.cn|www.taobaowangzhang.icoc.cn|www.jznj.com|cdbc.nfdy.net|www.sense.info|auis.nfdy.net|ppwant.cn|mkmg.nfdy.net|cschangrun.com|gesang.wop.ro|textschubla.de|ofjob.wop.ro|seion.wop.ro|e7lai.me|yhma.nfdy.net|www.hzzp.cc|www.gzmengli.com|www.southcn.com|beauedge.com|almude.wop.ro|amazingbadboy.a-lsawards.com|cvsphoto.com|05dx.seesaa.net|www.bnuzy.com|osore.wop.ro|najj.nfdy.net|vgzs.nfdy.net|heitan.wop.ro|oforstae.puk.ro|ztxz.cn|www.tiaozhanshouru.com|www.tbwis.com|dshs.nfdy.net|enhg.nfdy.net|jcmb.nfdy.net|fibel.wop.ro|www.youyikj.com|lvyou.meinv.cn|concretemuzikbeatz.com|mnlq.nfdy.net|izusi.puk.ro|wlqo.nfdy.net|2628.nfdy.net|zokq.nfdy.net|www.babaw.com|reeves.wop.ro|mlwy.nfdy.net|www.99healthy8.com|muent.wop.ro|www.planetahuevo.es|ovticrachar.blog.free.fr|naizyo.wop.ro|huahuida.com.cn|xyib.nfdy.net|www.sdabt.com|www.qqhead.com|qbtq.k3y3.net|phils.wop.ro|6hczt.com|www.zhongguo315.com|basos.wop.ro|ylfvmqfg.skynetblogs.be|synkronisaties.wop.ro|www.imwarm.com|clovetwo.com|jwmis.zlvc.edu.cn|www.wubizi.com|ngova.wop.ro|gtrs.nfdy.net|muana.wop.ro|shop36129334.taobao.com|peuren.wop.ro|tmsm.nfdy.net|www.akulo.info|www.zyxdmotor.com|www.41153.com|shop36129334.taobao.com|zgzg.nfdy.net|www.ahpay.com|rzft.nfdy.net|tfxe.nfdy.net|qiji55.info|bazaru.wop.ro|ungear.wop.ro|s.zjol.com.cn|geep.nfdy.net|www.baimao.com|ljzy.enicp.net|peace0707.blog.so-net.ne.jp|mituji.wop.ro|nzch.nfdy.net|www.huchengbj.com|vorarlblog.at|jiuyw.tk|ecorants.com|rios.pro|dqqg.nfdy.net|xuvw.nfdy.net|gsnc.nfdy.net|dmdi.nfdy.net|www.qdswkj.com|grjp.nfdy.net|betso.puk.ro|cqrm.cn|qudian.com|www.qitvw.com|saggar.wop.ro|www.shszc.com|www.napniu.pl|bbs.tzi.cn|www.xingfu1997.com|bckl.nfdy.net|ldwj.nfdy.net|rzhk.nfdy.net|rjxs.net|www.myjiaan.com|www.facaishiye.com|proppuncentcorn.page.tl|china.eb80.com|kansi.wop.ro|kaqa.nf
nicesport.pl
wroc.pl
serpstat.pl
www.ulsj.com
www.coachoutletonlinef.net
odbijaj.pl
serwisy.pev.pl
www.hbnews.net
rnvr.nfdy.net
www.typjdb.com
setka1.digart.pl
slappyto.net
praeco-medii-aevi.de
directorymis.info
sett.php5.cz
5560.56dvd.net
sevenstring.pl
7oranges.pl
aychelel.puk.ro
deef.pl
sewalkman.pl
lordporn.net
mobilemarketingcompletekit.info
eplehuset.no
www.qphone3.com
sex-info.pl
ptt.rs
lrt.tv
sfd.pl
diy-forum.net
mykitchen.bg
min.us
oasa.cr
sec.gov.ph
shaem.digart.pl
www.hrcsgc.net
whoiscaller.org
shagrath.digart.pl
misskhue.com
siprep.org
radioporusski.pl
linglong.inhe.net
shaiel.pinger.pl
oudallee.nl
www.intgovforum.org
pokergratuit.fr
shajoan.com.pl
testar.wop.ro
www.librehat.info
estampado.puk.ro
5htp.me
shaled.wop.ro|squg.nfdy.net|hsybs.com.cn|9850sm.com|ccsy.nfdy.net|yhju.nfdy.net|www.ai0355.com|jgubotick.skynetblogs.be|ukens.wop.ro|www.5151idc.net|udab.qiwen5.com|foiq.nfdy.net|wapsj.info|philia.ro|panderetero.wop.ro|hebrewscripturesandmore.com|lkcq.nfdy.net|70dxw.com|jansou.wop.ro|lpzbjdkfn.skynetblogs.be|lnwz.nfdy.net|www.51ngrc.com|kumadigital.livedoor.biz|eisaku.wop.ro|hbgd.net|tuan.babaw.com|skjede.wop.ro|www.xc555.com|www.qdswkj.com|lx.0571edu.com|vxii.nfdy.net|www.lfzw.gov.cn|asheng.org|vijai.wop.ro|dsph.nfdy.net|www.qg-knives.com|durare.wop.ro|www.myip.cn|www.zanghonhua.com|bigcyco1.deviantart.com|bpru.nfdy.net|xrcj.nfdy.net|ngabe.puk.ro|www.37008.com|emmataylortheactress.webs.com|www.creativeloafing.com|kaleazy.com|christkorner.com|kouhei.wop.ro|avto-ug.ru|nxfo.nfdy.net|bhbu.nfdy.net|www.bakertillyklitou.ro|skida.wop.ro|www.seo-fashion-tek.com|adminunion.com|787878qqq.com|ninamachback.menblog.us|noshio.wop.ro|mirapu.wop.ro|dalvik.googlecode.com|www.niuruba.com|www.whsmz.gov.cn|edtoolsdirectory.com|jbl4.nfdy.net|www.2012ds.com|taodian.tk|equitycivilityrespect.jhu.edu|enseat.wop.ro|www.21yiren.com|www.mh68.cn|stupsnas.puk.ro|atos.nfdy.net|pstf.nfdy.net|ouhai.wop.ro|www.s6k6.com|www.sinala.net|shawa.wop.ro|84coco.com|qhtc.nfdy.net|www.paishuibanlh.com|ezwu.nfdy.net|cmvj.nfdy.net|hezrai.wop.ro|azvs.nfdy.net|lizbon.org|kxxv.nfdy.net|cfom.nfdy.net|www.mmppk.com|sqpe.nfdy.net|codelesbian.tumblr.com|xblx.nfdy.net|shop36129334.taobao.com|doudu.wop.ro|www.191suncity.com|www.lmmw365.net|tigai.wop.ro|www.wo.gov.cn|club.lnd.com.cn|kayrak.cn|zlov.nfdy.net|jcy100.cn|shtiuca.ro|junero.wop.ro|upuq.nfdy.net|www.wordessay.com|dedo.nfdy.net|bbs.huaihai.tv|amazingbadboy.a-lsawards.com|newweb.org.uk|www.haixia.edu.cn|nctxyyspl.skynetblogs.be|bllqczle.blog.mongenie.com|www.cn3.in|gordie.wop.ro|www.akulo.info|www.smi.pl|ktbe.nfdy.net|www.wangluojiasuqi.com|www.xyqcbg163com-gcd.com|yevw.nfdy.net|69wildfantasy.a-maturescam.com|iicx.nfdy.net|www.2858wx.net|feszti.hu|migv.k3y3.net|likam.puk.ro|www.shehla.bi
jiaju.chinadaily.com.cn
www.coenen.nl
byhand.wop.ro
shareon.com.au|www.ante.cc|www.haifanliwang.com|www.smi.pl|zeed5.com|sappy.wop.ro|aw60sdf.seesaa.net|thoitranghanquoc.info|www.aikc.net|bikiyar.net|qhufdvdr.blog.mongenie.com|10youhui.com|lxsdy.com|1cy.net|www.nitteleplus.com|028fsk.wanye68.com|gamespace24.net|www.150ok.com|www.sitco.com.cn|www.allindepot.com|wz.amgktv.com|tnoj.nfdy.net|zhezhe.info|www.pzfang.com|cjl.cn|www.showweb.cn|uykw.210000.org|www.hxdl.com|lqlc.nfdy.net|locojedi.webs.com|www.wangluojiasuqi.com|aiyauk.com|rydefurniturefreighters.com.au|dvcd888.com|bqat.nfdy.net|cdns.nfdy.net|flyingmouth.com|giaitriso1.net|mustia.wop.ro|www.0769htk.com|blog.najdi.si|www.gxl123.com|yfno.nfdy.net|nike2012shop.com|ommuur.wop.ro|hutogepek.hu|www.chnbook.org|mskj.nfdy.net|80288.hemelsesex.nl|aqvptzthvc.typepad.com|365aiao.com|donal.wop.ro|zpta.nfdy.net|rupfen.wop.ro|tiscali.it|www.yclunwen.com|qwmz.nfdy.net|easterli.puk.ro|xingchenlx.com|pqfk.nfdy.net|qgme.nfdy.net|intoro.wop.ro|sgzr.nfdy.net|saxish.puk.ro|teapotwarmercandle.juxing55.info|sepsis.wop.ro|oakleyusa.com|fko0.nfdy.net|www.xshpjy.com|www.jnsxj.com|tahsin.wop.ro|www.xyy6.com|fotoscinawa.pl|hlffhpfv.blog.mongenie.com|in.reuters.com|smilelidin.freeblog.bz|meib.nfdy.net|emmataylortheactress.webs.com|kfas.nfdy.net|bjjq.78.cn|ymq2.56dvd.net|bsfk.nfdy.net|emegami.com|baxt.ucoz.com|www.jnbcgs.com|www.zbrock.com.cn|lesduke.com|ib.gd|ucrs.nfdy.net|ftxq.nfdy.net|whlxly.com|www.gupuw.com|emwq.nfdy.net|www.22lxw.com|nctxyyspl.skynetblogs.be|sudaky.com|yadikar.com|ehxu.nfdy.net|tbvn.nfdy.net|phpfox.com|aidinera.deviantart.com|ljzy.enicp.net|www.babaw.com|tubxiu.com|loemsk.wop.ro|www.milixiu.com|hzqkzj.cn|bayern.wop.ro|retasa.wop.ro|www.8sgs.com|91530.cc|00q3.nfdy.net|juvite.wop.ro|freediettips.info|zuklappe.wop.ro|testa.wop.ro|hyenen.wop.ro|www.kkkkkbobo.com|www.aegleear.com.cn|help.instagram.com|www.caicai20.com|bayal.wop.ro|yzxjd.com|zrl.name|livejournal.com|e3.96pk.com|jckq.nfdy.net|www.baimao.com|kk18.info|www.37008.com|eas9.nfdy.net|se.sao82.com|nwas.eu|nessei.wop.ro|lyric.kget.jp|jcrb.co
poemes-amour.fr
mondolowcost.net
granado.com.br
lose-extra-weight-guide.info
aoyama.com.br
glossybox.co.za
blogaid.net
combatace.com
www.cnppump.cn
shesambuka.digart.pl
bushoward.com
gocdidong.com
digua123.com
bartoszkrajewski.natemat.pl
belte.wop.ro
genealogi.no
51yiqi.net
www.tianbocn.com
ployer.wop.ro
shahab-moradi.ir
shnagkrim.com.pl
biharonline.gov.in
overlordship.puk.ro
www.iti.pl
www.metasign.nl
shop.plaza.rakuten.co.jp
www.91taoke.net
siekuku.digart.pl
redirion.com
kolaczyce.itl.pl
www.lhw.so
adticket.de
siemianowice.zhp.pl
www.stanictrade.ba
ehime-np.co.jp
dozily.wop.ro
sigma.nowyekran.pl
newrose.digart.pl
www.hmzwg.com
putian.buscx.cn
simpleme.digart.pl
chrisfugiel.pl
sonnenkraft.com
www.rfnc.ro
simplestorage.pl
savetheastrosname.com
sonyvaiocouponcodes.20j.info
sexy-suchen.com
br.de
nsrc.org
worldometers.info
siplex.pl
videnie-kz.info
niagarafallslive.com
sistema.pl
fjpkw.com
kiss.com.tw
sitecube.pl
www.xgnphoto.com
testmart.cn
molecularlab.it
siveo.pl
salminen.wop.ro
host24.lt
discountterracotta.info
swissparks.ch
skazzza.pl
wap.jkmrp.com
stoutens.puk.ro
australianfashion.org
sachen.wop.ro
hoiquantre.info
slupsk.pl
skeze.blip.pl
www.yiyiysw.com
qhubo.com
catie.ca
jtxjg.78.cn
skitka.digart.pl
www.arcub.ro
overshoo.wop.ro
allenashley.com
skk.pl
goettinger-tageblatt.de
carmines.pl
sklep.kamelot.pl
polaris-systems.de
bobolab.info
www.duyn.nl
skleppolityki.pl
pinner.nl
www.iventownia.pl
skoczow.pl
ssrc.cc
xsoo.nfdy.net
ling.pl
net-bg.info
www.drsprzedaz.pl
sledzimykonkursy.blip.pl
kouka.info
promoview.com.br
insurabi.puk.ro
www.ccs.ucsb.edu
slipawel.blip.pl
misterfun.gr
twinco.dk
s-f.com
slonkowa.pinger.pl
senmurv.puk.ro
azimutyachts.com
slotex.pl
eol.yzu.edu.cn
smakosh.flog.pl
www.overclock.pl
opmy.9998.tv
www.hxxf.net
smakowity.cba.pl
yixl.lizhidy.net
wapzc.cc
seduoduo.info
cmnw.com
filmjezjerzy.info
union.ku.edu
chunqiu78.5food.cn
smosia.digart.pl
challa.wop.ro
icamtech.com
520ymm.com
snap2.digart.pl
redham.ru
opensourceuniverse.org
seosearchranking.info
homeownerinsurancehomez.info
starringwebsites.info
sniezka.digart.pl
ivel.pinger.pl
tubewinner.info
snightelf.flog.pl
cyrine.wop.ro
www.wnw.cn
snowconfrecla.blog.pl
tskk.qiwen5.com
sealonline.com.cn
filmesavi.info
thetexasjobsource.com
snowkite.pl
beaverbrooks.co.uk
sultoni-kabir.tj
timbaek.com
sns.cn|minhui.net|www.shuang5555.com|680829.com|www.21shhr.com|funpic.de|aangelonearthx.a-livesexasian.com|aringret.bloguez.com|skydivertour.ru|zudeq6624.huijucn.com|mangootv.com|starscell.com|www.detair.cn|www.pumch.cn|rknzxeskmb.blog.mongenie.com|thinkstr.com|mtcheng.info|www.tvjy.com|www.aaawatchreplica.com|www.sjkshop.com|elretaule.com|bct8888.com|www.jyjoy.com|bundcasul.bloguez.com|www.88yule8.com|wangqing11099.web-180.com|www.yljgxx.com|list.mail.ru|www.baimao.com|mudion.net|wjueehsh.blog.mongenie.com|zepteo.info|greyhounds.gr|gamescheatdirectory.com|www.yousogo.com|www.tushuo.me|www.shszc.com|www.023dy.com|mfgjlvgs.blog.mongenie.com|www.cqsldk.com|www.714302.com|hf0036.fyfz.cn|athomewithstylewichita.com|www.se123456.net|legadolibre.com.ar|www.tianwing.com|butzlaff.eu|www.zhongguo315.com|litmexico.com|downey.com|cdlzhg.cn|adminunion.com|www.hbzkw.com|tv.yahoo.co.jp|www.lmmw365.net|quarkbase.com|najem-avtodoma.info|bacanosinc.com|ep4.org|0311.dbqc.cn|jifawap.net|misacor.net|www.szraskj.com|brueckenschlaeger.de|www.ajh868.com|www.lue85.com|uxrun.com|www.beely123.com|www.longchampbilligtaschen.com|cegoazis.hu|www.qg-knives.com|calisafe.org|download-young-jeezy-ringtones.blogspot.co.nz|cansys.com|ozkuy.biz|tutix.net|www.jycj120.com|wikitemas.org|www.111814.com|offersbookmarks.com|yo.tsyouxi.cn|gamespace24.net|supercheapstores.com|www.qsys.cz|adult.21me.me|addjahlife.com|www.xshpjy.com|www.webjiankong.com|www.hp-dry.com|www.sfgg.in|www.hangxingxd.com|blog.pl|theprdirectory.info
www.bjmeishunbao.com
www.174j.com
sobie.digart.pl
www.xixi789.info
ve2cyh.org
tadanohito.net
socatots.pl
psisigmaphi.org
kjake.wop.ro
socialimpact.blip.pl
shipsmag.jp
blazingzone.com
click.uol.com.br
fido.ca
sofijas.digart.pl
usporn.tv
mandatet.wop.ro
lease-advice.org
sojaizdrowie.pl
xinjiang.tel
the330.com
sojkalukasz.blip.pl
tokujuke.wop.ro
norgai.com
solarisgate.blip.pl
longterm.pl
thuoctridaurang.suckhoevietnam.info
farestart.org
stoort.puk.ro
mysqladmin.cinternet.com.cn
songe.digart.pl
myersbriggs.org
1megamarket.ru
sonylens.digart.pl
timmea.xfree.hu
soophie.digart.pl
www.124aj.cn
zgyy.in
thematuretube.com
ssszmzh.org
sorano.pinger.pl
clippornovip.info
bestadsensealternatives.info
virus-protect.org
sosnowiec.pl
supersfat.co.uk
tiempodevictoria.com.ar
soulofdevil.flog.pl
itsbetter.de
soumayoshino.wrzuta.pl
katanore.puk.ro
souris.digart.pl
nokturnis.net
sowam.flog.pl
bibisfashion.com
wikify.info
spa-prestige.pl
howie.puk.ro
gattle.puk.ro
kirka.wop.ro
todonatacion.com
spawnm.blip.pl
www.whfuwu.com
spbiskupice.h2.pl
www.foqu.cc
www.8586.so
www.2345.com
spec.blip.pl
justamente.net
www.gkin.net
ssl-id.de
vaolvginta.blog.mongenie.com
www.fscm400.com
speedwayblog.pl
jellar.soup.io
52rugby.com
webmer.tk
rackmountpcchassis.7h1.info
jsgfexumyb.blogger.hu
wegstop.puk.ro
speros.pl
typepad.com
lamentie.wop.ro
digital-dictators.de
linktransfer.info
spik.wp.pl