www.googi.pl
www.wjmu.net
mbkoebrugge.hyves.nl
www.gooru.pl
hi668.net
viaembrateltvporassinatura.tv.br
gotowe-projekty-domow.pl
www.gordon.com.pl
rocan.ru
gemmiparity.puk.ro
haskovo.info
www.gpch.pl
jtb.jp
www.grpg.pl
theultimatealexjeffreysinterview.com
orgasmarts.com
chinananxun.com
www.cartoons.pl
lookinart.net
scbb.ch
www.sesecr.in
jmanandmillerbug.com
teenbox.org
eurotitan.ru
htzh.net
bloggerforum.ru
pivot-point.com
medicalbooksonline.info
difda.wop.ro
www.hajpa.pl
snaaksheid.wop.ro
cinemaeviaggi.com
news.8hy.org
www.hays.pl
beidu.org
www.cfad.cn
www.moshuzone.com
www.hitmanasylum.pl
funpic.de
bookmarkmix.info
scoobyprojects.co.uk
www.bjrfbj.com
www.homesales.pl
forumotion.info
strefaelectro.pl
www.homiki.pl
versenyzes.hu
teshufuhao.com.cn
www.cfash.com
x58.peps.jp
www.jiesi.net
www.hrnews.pl
myip.net
emusic.md
www.html-js.com
www.21nm.com
xehoi.edu.vn
wotanserver.com
www.htmlresource.com
fngyb163.16789.net
castleville-forum.de
tanjungpinangpos.co.id
www.hxjixie.com|www.138fp.com|www.zbrock.com.cn|eweisa.com|wamsutta.com|kaohsiung.wop.ro|piknclik.com.au|qjfp.nfdy.net|snzfj.net|ualberth.com|1377.cc|embedtrain.org|webjiankong.com|kioupedir.com|www.laganxiangbao.com|9incfreakdoll.a-maturescam.com|www.q8dy.com|www.gesangweb.com|www.chuigejahu.com|www.shopbila.com|elcogbe.bloguez.com|bbs.dycars.net|www.zixuegolf.com|www.txyjhs8.com|qmlandqj.co.sonhoo.com|www.xiangyangba.com|headstart.org|www.smm18.com|www.0710-zy.com|www.wuyuetv.com|www.shszc.com|400banjia.org|marketing1to1.com|www.ifen8.com|www.babaw.com|www.shangri-la.cn|cekrank.com|www.gaobeigao.org|www.2tse.com|7898989.com|usidolonline.com|www.sajiye.org|www.hhscpf.com|kielhalen.puk.ro|bytow.pl|13866888.com|mocaestudio.com|www.987dd.com|www.qg-knives.com|www.qitvw.com|www.sungening.com|www.btv.cz|www.ddd27.com|www.mbtbazaar.com|www.7898989.com|www.milangou.com|schumannsflyfishkitco.com|www.zhongguo315.com|limobuzz.com|bempoltesa.com|uksexclub.co.uk|www.zhongkangyaoye315.com|www.yjlfy.com|qdjimo.com|mysistersplaceny.org|www.kmboo.com|news.gpxz.com|www.xiyan.org|88848085.cn|qmif.nfdy.net|deannasfamily.com|www.baimao.com|www.tszly315.com|bbs.1861.com.cn|encombreras.puk.ro|www.happysky.org|www.dxct168.com|dookmarks.com|altervista.org|www.4006848085.com|orangecta.org|zg38.nfdy.net|www.268ys.com|www.cntianxin.com|inec.gov.ec|scgov.org|globalogiq.com|csyllh.28mmw.com|hocico.wop.ro|blinky.co.nz
ofertadelmes.info
zt.hk
www.wang-zhuan.com.cn
faktu.de
www.hztopseo.com|eweisa.com|ubuntips.com.ar|my9u.com|noticia.es|ukc-cws.webs.com|www.saofuav.com|nqsnzaybrt.blog.mongenie.com|7sale.taobao.com|www.51ngrc.com|ihih.nfdy.net|www.5220.net|easytreid.webs.com|pavans.wop.ro|paris-beach-volley.com|own3d.tv|myuoo.com|www.shszc.com|www.xuanniankm.com|ha.gmw.cn|hvnn.nfdy.net|osxl.nfdy.net|pdxk.nfdy.net|www.22eeebb.com|athleblog.com|www.cailloum.gen.tr|hpgy.nfdy.net|oxht.nfdy.net|uomb.nfdy.net|dvcd888.com|fallam.wop.ro|www.baidu53.com|www.akulo.info|sutilev.com|eviden.info|www.xxx885.com|xifu888.com|tomatodiet.info|lunliba.info|blog.sina.com.cn|www.gdjzfj.com|www.xianghehunlil.com|vagl.nfdy.net|gboe.nfdy.net|www.59cn.org|lfgc.nfdy.net|corso.wop.ro|itnq.nfdy.net|klod.nfdy.net|usv-hitzendorf.at|tukuda.wop.ro|jouri.wop.ro|butu.nfdy.net|atomonaga.tumblr.com|animeanime.jp|malpaharia.wop.ro|unspin.wop.ro|wnfs.nfdy.net|blog.com|www.lmweb.ch|www.youy8.com|ljzxzxl.com|www.sony.co.uk|www.bmi.net|jbpfbnbzj.blog.mongenie.com|www.sexdenhaag.nl|afzonk.wop.ro|mllfciryg.blog.mongenie.com|www.lmmw365.net|www.lmmw365.net|www.7898989.com|www.it168.cn|pvqu.nfdy.net|refresh.ro|www.636600.com|montenegro.kp.ru|www.0710-zy.com|023kq.com|www.guye.cn|www.sh12333.net|bjjq.78.cn|uoig.nfdy.net|www.lichunbo.cn|wz.17u.com|canada-goose-femme-prix.aunewsby.com|www.mycarhouse.cn|www.antaidz.com|mirno.wop.ro|www.pjk168.com|jj.88gay.com|www.promarket.ru|shoushi001.com|kanko.wop.ro|ogcj.nfdy.net|kdzz.nfdy.net|691.chlorovwc.orge.pl|asheng.org|chabuk.wop.ro|dutc.nfdy.net|cup8848.com|nanrenwa.com|tailenba.freeforums.org|tnrb.net|dhtl.nfdy.net|grafts.wop.ro|bloom.wop.ro|ykzj.nfdy.net|gijpen.wop.ro|citero.wop.ro|www.sspfw.cn|cneggwet.skynetblogs.be|hrb.kuche.com|www.yc116.com|www.5252sf.net|www.ralphlaurenitalias.org|cegar.wop.ro|a00slurpingboy.a-lsawards.com|laterco.bloguez.com|kulden.wop.ro|vojin.wop.ro|www.cnsuishiji.com|felv.nfdy.net|gadzikowski.com|ubojbngj.lefora.com|www.essiw.com|todaywebseo.com|g.msn.com|htm.cn|dndx.nfdy.net|zifm.nfdy.net
colarte.com
scenalinkow.pl
www.icd-polska.pl
www.cf163.com
go.saus.cn
warszawa.studentnews.pl
vernietigend.puk.ro
www.icipki.pl
www.fwol.biz
www.ien.pl
ivel.pinger.pl
www.godr.org
www.iker.com.pl
rosenthal.pl
gzelectrolux.com
www.inten.pl
stz.s.yxgz.cn
andreabolder.com
aristobulus.wop.ro
www.intracom.pl
prijszoeken.nl
tueursenserie.org
www.intramex.pl
0lovebite0.flog.pl
macstoreonline.com.mx
twonline.cc
www.opendi.us
www.ipre.pl
trendybookmarks.info
www.tumei.cc
www.navtex.nl
outdoor-gas-fireplace.info
www.cfcy88.com
krugozor.org
www.iskry.com.pl
mlenka.blox.pl
blondesmakemoney.blogspot.com
www.hbzx.org
www.szeb.edu.cn
rizi.in
openinitiative.org
atsqrcode.com
www.cfdfe.cn
www.cfits.cn
www.wealthcity.com
www.cfkqrj.com
www.cflac.org.cn
nflschedule.tv
www.jsports.co.jp
www.ahm1.4f9.org
www.cflx.net
ccum.nfdy.net
www.cfpta.cn
www.cfreeporn.info
fen2-96a.tumblr.com
ittefaq.com.bd
dialadeliverykenya.co.ke
play.fpt.vn
www.justynahelena.digartfolio.pl
www.cfsdc.org
www.cft.ru
www.jutka.pl
www.cfxy1.com
5dy.181.net
www.kas.pl
www.cfxy3.com
listajuara.com.br
forebrac.puk.ro
www.cfxy5.com
www.kat.atlantic-domki.pl
www.cfxy6.com
www.cfxy8.com
www.kokoma.pl
foropolicia.es
www.kolorowankowo.pl
www.cfxywg.com
www.cfxy9.com
www.kolporter.com.pl
whocallme.info
www.cfyanyu.com
www.krs-online.com.pl
kosiba.puk.ro
thitsiol.puk.ro
www.cgigc.com.cn
www.cgin.cn
youh.wop.ro
www.laka.mocneinfo.szczytno.pl
altoclick.es
www.domkultury.com.pl
confinvest.it
www.dwz.pl
reptarium.cz
www.lehrbuch.pl
www.ea.pl
www.esemikow.com.pl
www.lemar.pl
saqo.210000.org
bestcars.com.ua
www.ema.eska.pl
zzhymh.com
www.facet.v10.pl
shez.ganyu.org
knoepfel-webdesign.info
www.eurotach.pl
pps-x.fr
www.limonkastudio.pl
www.zenmeyangjianfei.net
www.fortuna.net.pl
www.liteon.pl
www.loreto.pl
www.fpfs.pl
themeyers.us
www.noizgate.nl
www.freemo.pl
openlinksys.info
www.lotos.pl
www.fsr.pl
daniel-und-julia-heiraten.de
www.luxveritatis.pl
sangiing.puk.ro
www.gamesy.pl
losmedieros.com
www.magdia.blog.pl
www.gdanskdzisiaj.pl
www.goldsite.pl
www.magdia.pl
mediajobs.it
www.godealla.pl
www.maleckiart.pl
nefertariline.it
www.mbank.net.pl
www.mieszko.pl
www.misianka.pl
infomedios.com.ve
www.gea.de
www.misja.org.pl
www.mmac.pl
www.pkmyxxy.com
www.modele.oh.pl
worldscinet.com
trinn.com.br
look.co.il
www.mosso.pl
www.motifani.pl
www.mtti.pl
truetravellers.org
www.nadal.pl
www.natpol.pl
mov.456gan.com
ekses.digart.pl
www.nederlands.pl
elwf.digart.pl
ekrany.org.pl
shangshanggongguan.soufun.com
emerge.digart.pl
www.nf.pl
36992.com
straponporn.info
emila.blip.pl
www.niagarach.katowice.pl
teleperformancepolska.pl
emerytury.wieszjak.pl
www.nokaut.pl
emi77.blip.pl
ermland.wrzuta.pl
www.nova-tax.pl
www.yndhys.com
etylomorfina.flog.pl
unfemininity.wop.ro
eymy.flog.pl
www.nowomodne.waw.pl
ewelajn.flog.pl
personalinjurylawsuitsz.info
www.nto.pl
ghu.hit.gemius.pl
gotbusinesscards.info
www.ogrody-oswiecim.pl
genius.blip.pl
www.okbuy.com|shopnc.aliyun.com|www.jiaoshubi.com|dancer.wop.ro|kpla.nfdy.net|taizhou.ydqxw.com|iuxk.210000.org|www.cdlzhg.cn|www.vaillant24.zarow.pl|yaohongke.fyfz.cn|zrl.name|www.kentlaw.iit.edu|qhufdvdr.blog.mongenie.com|ghfr.nfdy.net|ktpb.nfdy.net|www.geo-lehti.fi|torkle.wop.ro|www.zhongbiaotuan.com|lu.xiaoyoyo.com|uzet.nfdy.net|mail.lzu.edu.cn|aoqw.nfdy.net|www.stat.tj|oater.wop.ro|1blogporno.fr|dssb.2000y.net|si5u.nfdy.net|fctcp.com|duypham.info|www.zhaoipad.com|www.dufgfrtg.com|www.kkkkkbobo.com|www.tqdkw.com|jbcourse.com|www.cr169.com|sitedossier.com|yvni.210000.org|skadelig.wop.ro|meinvyy.net|xavq.nfdy.net|www.jshuacheng.com|028fsk.wanye68.com|moon.bbs.xoyo.com|einarmig.puk.ro|www.virtus.ro|cedarlug.org|www.shszc.com|www.szrl.cn|cad999.net|ecchuuji.puk.ro|www.mijij.com|msuggett.com|safesell.cn|jssg.nfdy.net|www.sufte.com|www.ncin.cn|www.qg-knives.com|dvcd888.com|jdnews.com.cn|huahuida.com.cn|bdhy.nfdy.net|8ixa.nfdy.net|www.zhongguo315.com|www.gooyi.cn|ghanzi.wop.ro|timewe.net|zandplaa.puk.ro|lrgz.nfdy.net|www.infoseek.co.jp|news.southcn.com|inornate.wop.ro|www.longfeihz.com|kozpont.ro|refresh.ro|thecashmeregoatknit.com|tzlnujbqfx.blogtrue.com|saila.wop.ro|granite1.cn|kdxs.k3y3.net|canterel.wop.ro|eqnaiti.bloguez.com|jiuyw.tk|www.soqiye.cn|www.xshpjy.com|001job.com|www.tjkcq.com|laoshiren.net|www.dnfqqmp.com|rogue.blogsport.de|zhangzhengfan.com|idc.jlczwl.com|chintyak.wop.ro|www.xunweicn.com|dfev.nfdy.net|www.kuaibo.in|p317.k3y3.net|www.bb9t.com|www.smi.pl|gobber.wop.ro|www.ahmf.cn|wapsj.info|suuon.wop.ro|www.henannu.edu.cn|ac.pconline.com.cn|70dxw.com|mmjdw.com|1k1w.com|biafra.wop.ro|kk253.lingd.net|www.xxys.com.cn|www.renjian99.com|www.96900.com.cn|www.diamondfoxxxblog.net|wuyuetv.com|www.idg.co.jp|gangchang.sxhmyy.com|www.xiaoyoyo.com|nescmmse.blog.mongenie.com|2kmm.com|lynea.wop.ro|www.666198.com|litao.me|catglompplz.deviantart.com|www.zb1658.com|www.bjyaozhang.com|www.wssdy.com|bsvzezpw.blog.mongenie.com|hongaar.wop.ro|www.gm8668.com|www.qimiyingshi.net|riatje3.hyves.nl|098.com
online-income-business.com
gminahalinow.com.pl
locanto.ca
www.oke.krakow.pl
vlugnet.org
www.okruszek.org.pl
cc799.net
grecja.digart.pl
greenpea.digart.pl
www.olpol.com.pl
dontbesofashion.blogspot.com
gt.digart.pl
www.onet.5q.pl
autocinemacoyote.com
gtfo.blip.pl
www.opowiesciwpr.bloog.pl
gsia.infor.pl
forum.auspolly.com
www.orionplus.pl
h.lefoso.osa.pl
www.outlet.drirenaeris.pl
zizka.digart.pl
www.ovdown.com|treefm.com|www.xiongchu.com|swtor-rp.de|www.shszc.com|pianetamamma.it|www.sjhfs.com|centrum-si.pl|7898989.com|pucp.edu.pe|tswdx.com|adminunion.com|llug.net|czzygy.com|myseoresources.com|adminunion.net|www.lmmw365.net|www.66mp.com|panahome.com.tw|proxgdko.blogger.hu|www.sdsfjx.net|www.m3.com|www.hmz.cn|cpa.esnai.net|www.0371apple.com|www.0371apple.com|www.gzrf007.com|commoninterview.com|www.90tu.com|www.qg-knives.com|keenok.wop.ro|www.dyqq.gov.cn|kmall.com.ua|partel.ee|www.haoporn.com|so-b.com|www.kuqidao.com|www.guo8.com|www.yktairui.com|nocostconference.com|www.redtubes.tv|www.tanulovezeto.hu|www.seotj.net|pik.ba|038g.nfdy.net|jdog666.webs.com|snuffler.wop.ro|29sf.net|www.gupuw.com|pettreats4youth.com|www.0311.com.cn|www.dsjys.com|bbs.bbs0635.com|www.jkk8.com|www.uekeji.com|hantoverbakery.com|cornwallchinese.co.uk|www.zhongguo315.com|pewdiepie.net|opel-opc.cba.pl|93zz.com|syokuryo.jp|csustbbs.net|www.16star.com|www.sijiatu.com|nazerman.wop.ro|nazerman.wop.ro|www.xqjjw.com|www.sh-bulang.com|oyzfznqxg.mw.lt|fuers.wop.ro|bjltly.com|failbloopers.com|animal-bead.com|gamigo.com|cs0799.com|www.aikb.in|www.88887100.net|bd4u.de|9yin-vvoniuu.com|www.guji.cn|popubase.com|doggie.com|shanghai.tianqi.com|fe.aiao.cn|bowlchat.com|sanagi.wop.ro|shop69889296.taobao.com|www.051661.com|www.4006848085.com|www.hainanweb.net|www.bjcimic.com|cloudstack.org|www.0769lipin.com|q345b16mn.com|amigos123.net|www.51usavisa.com|www.rucinvren.com|you.xiaoyoyo.com|ooyata.wop.ro|www.unifycall.com|www.jefun.cn|www.yjlfy.com|www.5200701.com|9onu.k3y3.net|rpup.k3y3.net|bbs.mzpy.gov.cn|rokas.wop.ro|wccawebsite.com
webmasterforums.ie
www.owlaguna.pl
halloween.wrzuta.pl
www.paczekdlaciebie.pl
sattop.info
hacker.salon24.pl
vjarmy.com
hagall.digart.pl
fajdalomnelkul.hu
www.paintball-x.naklo.pl
fgw.xjalt.gov.cn
tasteofbrittany.com
hunted.com.pl
www.pap.pl
jasnowidz-santi.pl.tl
www.pardon.pl
wizua.pl
outdoorzyads.com
www.parot.fbl.pl
www.lkdfrp.cn
www.pavo.pl
jatyon.blox.pl
www.php.gr.jp
ilze.nfdy.net
jec.digart.pl
www.xx90.info
jen.digart.pl
downloadpaper.ir
aikes.net
www.php.la
toildepices.com
gopal.puk.ro
jozef-krasnik.pl
liturg.wop.ro
www.php.net
jh.cfw.cn
www.scarpehoganshoes.net
artex.com.vn
jonesean.com.pl
www.phpcms.cn
davids.flog.pl
upload20.ir
juleczkablip.blip.pl
www.phpidc.cn
jura.org.pl
kadr.pila.pl
www.phplian.com
kamas123.pinger.pl
katalog-tvp.pl
www.phpmagazin.de
living-proof.pl
vseya.ru
kathleen1785.wrzuta.pl
kdg.cba.pl
www.phpscripte24.de
kunstinzicht.nl
kempiu.wrzuta.pl
www.phpvod.com
kempi18.blip.pl
kokinelle.digart.pl
www.phpwind.com
gankofood.co.jp
www.phpyo.com
perugia.it
szexpartner24.info
www.pkis.pl
marginalisais.puk.ro
www.pladashop.com
hannover-fussballfotos.de
www.planes.cz
koktajlowamini.flog.pl
www.planetahuevo.es
kosa.blip.pl
kramper.digart.pl
ruskix.digart.pl
www.planetark.com.au
krysiam.digart.pl
kryfka.blip.pl
www.planetfriends.ru
netzaehler.de
www.cebaobao.com
carpetbuyershandbook.com
stiffnec.wop.ro
www.planetgreenrecycling.net.au
apinfo.com
www.plar.cn
kuba24.flog.pl
kw25.digart.pl
www.plasztikaisebeszet.vnet.hu
kya.blip.pl
kwasik.blip.pl
agencjagazeta.pl
www.plataformaurbana.cl
lab.xms.pl
laczu.blip.pl
www.platinumfashion.hu
la2.blox.pl
www.platinumtint.com.au
webhostingratingsz.info
ladykejti.digart.pl
lalutek.blox.pl
www.platonica.com.au
lhotse.blip.pl
www.janko.at
www.play.az
lg.of.pl
liam-hemsworth.pl
www.playcardsfree.net
5101.se
jarnvag.puk.ro
liamingnogno.blog.pl
www.plays.jp
lufka.flog.pl
www.yjr123.com
www.playtech.ro
lukaszbartyzel.digart.pl
luthieen.wrzuta.pl
luzak485.wrzuta.pl
www.playxz.org
magusia30.blip.pl
gumbass.digart.pl
www.plcff9.com
gomobilemarketingusa.com
magnumium.digart.pl
www.plcqww.com
magnet4063.digart.pl
www.googlemachine.net
petite-annonce-campingcar.com
marusan-sec.co.jp
artnet.pl
www.pldown.com
jixieb2b.net
maikowa.digart.pl
domainhost.hu
majafilip.flog.pl
www.plge.com.cn
margot161.digart.pl
martoo.digart.pl
www.plimsoll.nl
www.zgtuango.com
narkotyk98765.pinger.pl
www.plinkit.org
martinello.digart.pl
ns1.jiasule.net
univ-sba.dz
marypoppins.digart.pl
www.ploa.org
kaktuss.pinger.pl
listofimages.com
marychacz.digart.pl
www.plogger.org
www.swaiai.com
matim64.wrzuta.pl
mawojtek.digart.pl
kasena.flog.pl
www.plooy.cn
megg1.flog.pl
apsc.com.vn
avto-ug.ru
www.plos.org
tiao.600ai.com
www.plrenti.com
allisonsmubby.deviantart.com
mesdeb.com.pl
niggagonecrazy.com
www.eduig.net
mestiso.blip.pl
www.plsjsj.cn
midian69.digart.pl
micocross.pinger.pl
www.plsub.com
mikilove.flog.pl
comambiental.com.ar
sao123.info
www.plxmm.net
rainbowbiser.ru
happy-healthy-successful.com
youradsl.co.za
milus200.flog.pl
www.plyy.org
dfsb.kr
kickrisab.freeforums.org
d-i-r.com
mila96.blip.pl
mjack.blip.pl
850922.com
miturex.digart.pl
www.poldaun.pl
mla.digart.pl
moherka.wrzuta.pl
www.poradnik-praca.pl
666686.info
mojawiarakatolicka.blox.pl
www.prezenty-i-zyczenia.pl
modrzew.blip.pl
feuerwehr-borken-hessen.de
www.pro-programming.pl
diploma.gportal.hu
www.profeo.pl
lolking.net
monka1.wrzuta.pl
www.proto.pl
neniadt.digart.pl
norux.blip.pl
www.prywatnekontakty.pl
noolka.digart.pl
katakiut.wop.ro
www.ptu.pl
notfunny.blip.pl
www.pundit.pl
yoshino-gypsum.com
nuniek.az.pl
oolek.flog.pl
www.pzm.pl
superdirectory.biz
ospa.digart.pl
osp.org.pl
piomalek.digart.pl
filtlangreelsgar.wall.fm
www.q7.pl
www.qg-knives.com|singapore.emin.cc|kroopim.com|yakootah.info|www.boermeigw.com|www.baimao.com|edws88.com|www.kkyxw.com|www.pzfang.com|dnevnik.bg|www.81sasa.com|dunkle-seiten.de|www.e8818.com|surcentro.com|www.qubanye.net|www.zhongguo315.com|marzeporgohar.org|treedecalforwall.qliao.info|viettribe.com|t66y.com|123545.org|qdjimo.com|www.kr888.com|www.huilixie.org|360bookmarks.com|0564zp.com|www.shszc.com|5144427213.phone.searchwww.com|www.twsese.com|www.xshpjy.com|www.chinshiro.com|www.gpxz.com|www.coo56.com|jansparts.com|websiten.net|www.sss5678.com|ivwb.nfdy.net|www.caols.info|www.nydfp.com|www.xiaoyoyo.com|map-it-3q11.com|seotyro.com|hepsosyal.com|docket1.software.informer.com|www.babaw.com|phimtamlysex.com|piratesforums.com|gloriaresort.com.tw|savl.nfdy.net|www.ccshao.com|www.gupuw.com|jordymol.nl|bbs.php.net.cn|www.detair.cn|www.mrpej.com|www.gzrf007.com|www.qinglvzhuang8.com|www.cpa.hk.cn|sheilascorner.com|skybookmarks.com|www.96900.com.cn|www.szwxdn.com|www.xx0123.com|www.nuvidcams.com
43cao.info
www.588698.com
b-deli.co.jp
mdyetmetaphor.com
prochowice.pl
www.alexacn.net
suspenseur.wop.ro
azygobra.wop.ro
from-china.biz
pulpa.digart.pl
jzqi.nfdy.net
lternet.edu
isse.org.uk
instantlinkbuildingsite.info
macowiec.blip.pl
designxsdirectory.com
www.realnanadzieja.pl
deineschultasche.de
egoistkakotku.pinger.pl
rogata.digart.pl
felichita.info
rockwell.flog.pl
yesvpn.info
www.xfd888.com
rollincat.pinger.pl
romantorkowski.blip.pl
fertility-world.co.uk
rspop.org.pl
ruskiniemiec.blox.pl
www.rondelek.pl
elance.digart.pl
www.ryms.pl
rzeczowo.pl
ryska4.digart.pl
www.sare.pl
rysuj.pl
s3.flog.pl
rzeszow.gazeta.pl
www.saturion.pl
torpedo.com.pl
sakkara.pinger.pl
www.sdw.pl
kawatakokinsei.net
sc2.plu.cn
www.se.pl
scrib.digart.pl
gruebele.puk.ro
oprah.kbjkq.com
inteli7processorfeat.7h1.info
free-installations.info
securitymag.pl
sejersuess.phpfogapp.com
sejcfs.ugu.pl
sekta.pl
dezt.265link.com
17xxpp.info
www.shamboo.strefa.pl
mlmrekryting.ru
seo-vip.pl
seo.net.pl
mazda.fi
verlangt.wop.ro
seriea.pl
400banjia.org
sec.gov.ph
shaem.digart.pl
a2.cn
shaiel.pinger.pl
www.twjjj.com
lose-extra-weight-guide.info
shajoan.com.pl
queche.wop.ro
www.skatingshop.polkowice.pl
www.pacio6.digart.pl
shop.plaza.rakuten.co.jp
www.skibek.pl
woodbywy.com
simpleme.digart.pl
sitecube.pl
skazzza.pl
uino.gov.ba
www.smi.pl
www.cet6-cet4.com
skitka.digart.pl
skeze.blip.pl
www.spdesign.pl
photocop.wop.ro
sklep.kamelot.pl
www.specops.pl
slipawel.blip.pl
07136.com
centurion.bb
www.sports.pl
horgolotu.linkekneked.hu
smakosh.flog.pl
www.staben.pl
www.hotsales.net
slonkowa.pinger.pl
smakowity.cba.pl
www.stat.uz|zhoukoutianqi.fdcez.cn|www.shszc.com|haolal.huashanlunjian.net|potatohelp.com|www.rrk3d.com|www.xiongchu.com|www.58328.cn|www.youquqq.com|mikrotik.net.pl|bakzeilgehaalde.wop.ro|www.babaw.com|xfire.com|1tou.com|www.gupuw.com|www.71ch.com.cn|www.yktairui.com|www.showweb.cn|www.hmzsc.cn|www.jkxl.cn|19ise.com|www.567qsw.com|www.1300.tv|www.cqfylt.com|doujin.chii.in|www.jsykq.org|dickwu.com|holdenexiles.com|www.yanzihome.com|muzzle.wop.ro|www.xxooaa.com|zyqn.nfdy.net|www.prskj.com|www.cps.com.cn|ilearncommunity.com|johnkalnin.com|www.semm33.info|ddatuuitlw.blogtrue.com|www.qg-knives.com|half-time.tv|dysv.nfdy.net|london.ac.uk|scottphotographics.com|adminunion.com|www.disneyly.com|www.av977.com|www.80dong.com|www.detair.cn|www.szpbx.com|www.0573xuechenet.com|grogg.ca|www.llbzx.com|gaai.puk.ro|mississippiweddingvideography.info|ycrcw.js.cn|mov.tsyouxi.cn|youxi.hao123.cn|qdjimo.com|7898989.com|www.xshpjy.com|vweb.cycnet.com|www.35zufang.com|orangecta.org|thrw.210000.org|www.gzyumo.com|www.4006848085.com|game-searcher.com|www.seoose.com|www.wtscy.com|huaiyunqiandezhunbei.bb-house.com|villak.org|fotografiavalencia.com|www.qitvw.com|cableopticaldigitala.9see.info|023733.com|www.nitteleplus.com|www.q8dy.com|scqtswad.skynetblogs.be|9taileddemonfoxclub.deviantart.com|photosketcher.com|www.p555.com|www.cntianxin.com|www.beita.gov.cn|www.hyfrhy.com|koszi.net|aotfz.com|www.kmango.cn|kanchigai.blog.shinobi.jp|tuan.babaw.com|proboards.com|www.75la.net|tumlbr.com
muitaoferta.info
snap2.digart.pl
snowconfrecla.blog.pl
myfund.pl
www.strangko.pl
www.flickr.com
snowkite.pl
braseamless.1yl.info
www.strefatukan.pl
socialimpact.blip.pl
solarisgate.blip.pl
www.studioogrodzen.pl
sofijas.digart.pl
sojkalukasz.blip.pl
www.argus.nc
www.superkomorki.lowicz.pl
acceptin.puk.ro
streept.puk.ro
soumayoshino.wrzuta.pl
vaartuig.wop.ro
mn.6766.info
sowam.flog.pl
www.sw4.pl
soulofdevil.flog.pl
preciosas.com.mx
spa-prestige.pl
spbiskupice.h2.pl
speedwayblog.pl
spoensjer.phpfogapp.com
nobilis.com.pl
342w17.n030.cn
www.szhuazhuang.com|www.peon.ru|ep4.org|www.gupuw.com|www.shszc.com|www.robinspatchwork.eu|www.xindai800.com|uggonline.info|lmyq.com|iamsport.org|caspi.az|www.sinala.net|skip.hu|www.haifanliwang.com|www.qg-knives.com|www.zhongguo315.com|www.zd5188.com|bunbin8700.huijucn.com|www.glstao.com|www.mycargps.cn|www.chinshiro.com|www.yanzihome.com|www.xsjyi.com|bootsvonugg.info|offersbookmarks.com|afsatravel.com|www.toyo-ky.com|cp73.com|www.xshpjy.com|ruijin.678114.com|www.n658.com|www.yxpjlj.com|monstercablede.info|drugid.com|bowesit.com|www.kkyxw.com|yo.tsyouxi.cn|detail.detail.china.alibaba.com|help-cetl.ac.uk|www.ccladder.com|monmom.tk|www.0710-zy.com|psmk2.net|www.hljxdzs.com|sbucci.wop.ro|wikipilipinas.org|yyx777.com|www.158ji.com|monravaro.phpmyblog.net|stop21.info|qfdc.1168.tv|www.ebaotao.com|www.teyjx.com|www.mfu8.com|www.hfxqt.com|d5.sina.com.cn|www.anmo65.com|www.xxooaa.com|157sp.com|hcdyw.com|adminunion.com|cnab.nfdy.net|vn.images.search.yahoo.com|moussaandthelatinreggaeband.com|www.babaw.com|www.baimao.com|v-ticket.at|www.qisoubao.com|www.fakemichaelkorssale.com|138dh.cc|deeuniqueinternationalschools.com|weblap-keszites-tanfolyam.hupont.hu|cactusteachers.com|www.cnshineast.com|mtv-cn.com|marramodding.webs.com|tagzbook.com|autolearn.com|detail.china.alibaba.com|www.7jjj.net|www.luxshanghaiescort.com|ourtxt.net|3gqq.com|tiancik.com|dingyunbi.tuike.banzhu.net|seismiclive.com|83.com.cn|www.zjts.net
tysiacediamentow.cba.pl
spontanicznaaa.digart.pl
www.szukamnaboku.pl
refurbishedyamaharec.7wx.info
premiumvoucher.co.uk
birleyhighschool.com
www.sexchatnl.nl
spowiedz.pl
squerx.digart.pl
46nt.com
stammender.puk.ro
www.tebim.pl
genetics.ac.cn
www.tejbrant.pl
story.gala.pl
consistently-efficient.co.za
www.tensmak.pl
summerlight.pinger.pl
sungannerah.com.pl
www.texpol.info.pl
xp-offis.ru
pang.soup.io
superocena.pl
www.thenox.digart.pl
cuwleplaatjesz.hyves.nl
cen.to
www.tlenek.pl
xxcsxy.taobao.com
sobie.digart.pl
fyldepennen.dk
surfomania.pl
www.tokfm.pl
cursvalutar.info
surowa.digart.pl
xiezhenji.info
sv.cfi.net.cn
www.topdj.pl
e-shop.gr
swajner.digart.pl
sweet-treasure.pinger.pl
www.touax.pl
valuableandfree.com
swsm.blip.pl
jiandanwan.com
syrenki.pinger.pl
kf.sk
www.tui.pl
szasza31.wrzuta.pl
www.tybet.pl
szczecin.pl
www.uavto.pl.ua
rozrywka.beta.v3.tvp.pl
www.guilin.gov.cn
www.uj.edu.pl
szczypior.digart.pl
sia.go.jp
szeptana.digart.pl
szymek.setia.pl
9x173.net
www.uranik.pl
www.139talk.com
giganticlinkdirectory.info
www.urumuna.pl
sugar-crm.org.pl
www.vgroup.pl
bragg.com
tahandbabti.eblog.pl
hindusta.wop.ro
www.wacki.pl
talecha.digart.pl
talent.ostryanal.pl
www.wadek.pl
talia.pinger.pl
tamiii.digart.pl
victoza.com
www.wagrafteam.pl
tamizo.pl
faithbaby.com
taobao.plu.cn
www.walim.pl
www.rebecalinares.net
technolog.w8w.pl
tashia.digart.pl
dog-training-online.info
tekire.prv.pl
nousanbu.wop.ro
designgraf.pl
teena.digart.pl
cityhealth.me
brisbane.craigslist.com.au
tekon.wrzuta.pl
cs-elaxy.pl
lenobera.blogia.com
www.websystemy.pl
nauticexpo.fr
tensio.pl
disgavel.wop.ro