www.weicty.neto|www.glook.cn|sasiwata.wop.ro|cntzn.com|www.moslove.ru|www.babaw.com|yiche.taoche.com|datart.sk|www.ueafc.org|xxys.info|jssuliao.net|xstv.nfdy.net|adminunion.com|www.uggaustralia.ca|www.wangleizx.com|www.19pai.cn|www.essencetech.org|tastaturet.wop.ro|fzah.k3y3.net|www.my-led.cn|tevlet.wop.ro|spieringen.wop.ro|gytq.nfdy.net|zx.wenkang.cn|laterco.bloguez.com|ycyh.nfdy.net|stadda.wop.ro|www.xinhaochanpin.com|www.liyue166.com|www.fangwei.org|www.xshpjy.com|lunliba.info|www.fred.ro|absid.wop.ro|mwakhdai.wap.sh|www.dongbinseo.com|www.shszc.com|hyah.nfdy.net|moicnicas.bloguez.com|www.quliangwen.org.cn|alti.k3y3.net|oxb2b.com|voodoo-labs.org|121e13.d5dsoft.com|teencamgirl.net|www.yfxinf.com|qdbs.k3y3.net|www.cncspj.com|www.devtek.pl|tyof.nfdy.net|www.aia.gr|cn.in.th|duopixel.ca|kinoqi.com|savi4s-twitter.com|bbs.aitime.net|wap88888.cn|www.186hh.com|www.lmmw365.net|www.cdlzhg.cn|www.lmmw365.net|szming83.cn.alibaba.com|efxj.nfdy.net|www.yuanmei.cc|www.xinxiziyuan.nev.cn|mcpi.com|abzueglichen.puk.ro|perellandra.deviantart.com|meisin.wop.ro|naouri.wop.ro|fuwu.chemayi.com|www.i027ktv.com|goupward.org|ohlj.nfdy.net|jie.taobao.com|anwalwzbd.skynetblogs.be|vrfm.nfdy.net|kurkenzakken.puk.ro|xuvw.nfdy.net|ha.gmw.cn|www.bjbihua.com|tjvd.nfdy.net|eflt.nfdy.net|www.666su.com|www.shrose.cn|www.srzhw.com|2002-hyundai-santa-fe-repair-m.blog.hr|kanoon.wop.ro|www.cpa139.com|www.hxwg8888.com|www.dozon.cn|www.huashen365.com|www.uggpascherfrbottes.com|stqybqtwp.typepad.com|www.unifycall.com|fxqf.nfdy.net|www.ycego.cn|vjwf.nfdy.net|fuke120.com|cenl.nfdy.net|www.kyotata.hu|www.jalep.com|wdaaktjip.jw.lt|xxzg.nfdy.net|you.xiaoyoyo.com|vtou.nfdy.net|www.mijue.org|wattis.org|mediakosar.hu|disporra.wop.ro|fwgd.nfdy.net|eayn.nfdy.net|belaga.puk.ro|rugs.wop.ro|bohn.nfdy.net|persianbax.ir|www.wzgay.com|1jbq.k3y3.net|qwee1.951n.cn|osiedle.net.pl|cgmy.nfdy.net|www.yct8.info|zt.qutao.com|www.88links.info|corpulentes.wop.ro|www.zccs.cn|sinuous.wop.ro|vakhshoori.puk.ro|www.yuqun.net|clix.com.au|maribol.ro|whoisstuff.net
teologia.pl
sweet-treasure.pinger.pl
duckemails.com
terrarium.org.pl
terve.blip.pl
www.unvoc.com
cs72.com
lewy91.fecsegj.hu
www.wesave.pl
aphe.nfdy.net
www.wiadomoscibiznesowe.waw.pl
tg.net.pl
meenakundan.com
thased.com.pl
www.wirtualnypowiat.siemiatycze.pl
velo-manager.com
thadeus.digart.pl
theboss.pinger.pl
www.witpo.pl
www.99478.com
themrscreamer.digart.pl
www.jinankc.com
pwba.k3y3.net
www.angkringan.in
www.wmm.bedzin.pl
theonmak.edu.pl
topmedjournal.com
teppichoase.de
www.skz.gov.cn
www.wnp.pl
thorne123.pinger.pl
thx.digart.pl
tjt.blip.pl
www.wywrota.pl
tizo.blip.pl
tls.blip.pl
hozehonari.com
topaz.pinger.pl
123deal.fr
888dyw.net
tokz.wrzuta.pl
ipo.pickup.jp
www.xshpjy.com|www.ntkd-hk.com|kent-engineers.com|bwf-firmenverzeichnis.de|www.chinshiro.com|swiatplytek.pl|radabg.com|opium.se|www.nczfgjj.com|www.vprol.com|www.haogongju.net|stfusion.com|www.365shhr.com|www.lmmw365.net|www.tuyuetong.com|www.sjhfs.com|fastinfodomain.com|www.chuigejahu.com|www.showweb.cn|trailerparknetwork.com|www.babaw.com|www.17755.info|www.zhongguo315.com|www.szaaa.com|www.qg-knives.com|shfa.org|saveonconference.com|ciamariamalibran.com|nzep.nfdy.net|www.tianwing.com|zhidao.huarenblog.com|teensy.wop.ro|www.essiw.com|www.softku.net|dynaprint.be|accettare.puk.ro|ghost-hunting-center.com|copdregionalnetwork.org|www.jinhuisj.com|earkansaswebdesign.com|www.baimao.com|coupehyundai.co.uk|royalbluekennel.com|attorneys-for-traffic-tickets.blog.hr|wvryddzcth.blog.mongenie.com|www.qudadu.com|www.gpxz.com|www.zzcxw.com|www.gupuw.com|tekiralabalik.com|www.yct8.info|burlesquercise.ca|www.nxcsj.com|mahawks.com|simplybeautifulreflections.com|tidend.wop.ro|carglimpse.com|www.8898575.com|adminunion.com|www.paobu123.com|helong.wop.ro|toddmead.com|www.shszc.com
uas.mx
tolla.flog.pl
tomas9.flog.pl
www.xtrack.pl
tomaszlab.digart.pl
www.xuu.pl
www.82anmo.com
metadot.net
www.xznane.pl
tomekgola.pl
tomkers.blip.pl
mapmachinerysa.co.za
tomofafik.digart.pl
ahhlgs.com
vannet.cn
toncla.com.pl
www.yjytg.com|apholxfkhn.blogdetik.com|www.havehome.com|www.kotarski.co.uk|www.11lg.com|www.zhongguo315.com|mbsmiley70.org|www.12333-hr.com|setools.cn|www.kanmaopian.org|www.xo52.com|www.dgqinyue.com|fcsalzburgwiki.at|bookmarkdiamond.com|www.uekeji.com|wmlz.78.cn|codeflow.org|www.988058.com|baidujpw.cn|www.szjhjc.com|www.caverta.in|a8t7.lizhidy.net|askhumanapplejack.tumblr.com|www.aikb.in|ylc.net.cn|www.owlmall.com|hcai.cc|28.vg|twclocaledition.com|socialshoppingnetwork.org|fibnjvqpyz.skynetblogs.be|www.365woyou.com|camorris.wop.ro|leeiio.me|rachelhammond.net|www.cpa139.com|huica.tk|www.airjordanyeezy.net|www.srszsm.com|cxxcsd.playz.it|www.kkyxw.com|www.taoess.com|gsebfchurch.webs.com|www.55sqz.com|r8r88.com|bytes.co|wiralodra.heck.in|bedpp.com|www.0399.net|www.qiaoqiao.net|www.shszc.com|newlcn.com|www.shszc.com|www.xshpjy.com|openhandhelds.net|fasmr.ssmb.ro|www.91sxo.com|neuebookmarks.com|t.zhzyw.org|barcelonarem.com|effectivetaxratecalculatoruvio.wordpress.com|www.zj558.com|cnph.cn|www.nbjiashan.com|hoodestate.ning.com|www.us-christianlouboutinonline.com|cn.maaao.com|chushi.hnpr.cn|qiuxian.com|blog.xuming.net|www.94dp.com|www.babaw.com|spb.renavigator.ru|realitatea.mobi|www.chuju010.com|hilts.wop.ro|cqrm.cn|www.szaaa.com|stacum.a-liveprivates.com|orlate.wop.ro|hempsygoq.blog.hu|3kse.com|jrtyn.com|www.op-woo.com|daaata.com|www.712q.com|go2left.com|w.beijingyiyuanguahao.org|mlemchukwu.com|9yin-vvoniuu.com|www.yunaimm.com|wetab-community.de|www.jzkeji.com.cn|www.dcyishu.com|hklny.taobao.com|rz-sd.cninfo.net|www.xiaoyoyo.com|www.gve.cn|downsrs.com|blogsome.com|claremanson.deviantart.com
torrentsite.pl
touhou.pl
yutie.info
baijiatan.com
packagedesignawards.com
wchoorekb.blog.mongenie.com
www.ymca.pl
eaglebrand.com
www.zamba.pl
trike.edu.pl
www.landg.nl
cercoincontri.com
tristanna.digart.pl
www.zawory-valves.pl
polkadots.co.nz
pornberry.mobi
pornbig1.info
postanadonline.com
truskawa111.digart.pl
globalart.pl
postloop.com
postolia.com
pozitiff.info
pozycjonowanie-stron-seo.pl
www.zczuba.pl
trywialna.digart.pl
praca.gov.pl
praxis.fr
prcheckingtool.com
presstrends.io
tube.digart.pl
prestosoft.com
primely.wop.ro
primewritings.com
lublana.si
prinzregententheater.de
prisons.gov.sg
prizesoffersdeals.com
profilaktykadolice.pl
tuning.klimacik.pl
promotioncentral.info
proverall.com.ar
prstatus.eu
ps2.zol.com.cn
tum.blip.pl
psu.edu
o2yy.qiwen5.com
pt.hu
xaad.com
punbb-hosting.com
parttime.com.tw
punkopedia.com
purple.us
puwathlanka.com
pyhu.digart.pl
www.abpaudio.net
q8tu.cm
qb1188.com
qbgj.b2b.hc360.com
turbopit.pl
qbris.com
qdkvip.88ka.cn
qinyuan-water.com
qipabuluoge.taobao.com
hochzeit-ck.de
qiuq.net
qnvi.cn
tuskax.flog.pl
qq269.in
qqjiayun.sinaapp.com
qsdxt.com
quanlytaisancodinh.com
question.co
qvodcc.org
qvodvv.org
www.zibi.pl
tommy.blip.pl
luveboat.com
tv.wp.pl
www.wyqqyx.com
tvgry.pl
twojaprodukcja.kei.pl
twydra.blip.pl
tygrysiwek.digart.pl
wwwstrony.pl
2938.ir
qymmrs.com
scifinet.org
datanucleus.org
tymoteuss.digart.pl
wycenawww.pl
xedi.blip.pl
tynka89.digart.pl
u20.waw.pl
forlater.puk.ro
ltmuseum.co.uk
r8r88.com
rackmountpcchassis.7h1.info
ukpl.blip.pl
radabg.com
radiko.jp
radiotriton.nl
wydawnictwa.mangowe.pl
radioupalala.net
rahim.pl
rainux.org
ralphfiennes.net
ralphscheidler.de
underek.blip.pl
rambia.wop.ro
rammwiki.com
randell.ph
uniapielgrzymka.pl
rands.me
rankworth.com
wydlit.blip.pl
rapatuja.digart.pl
unsatisfiedxpp.pinger.pl
rasaneh.org
ratelsla.wop.ro
p.org
rdiff-backup.org
rdza.digart.pl
readersupportednews.org
wygodnyrower.blip.pl
realescort.eu
realestate-academy.com
rearwindowfullmovie.blogspot.fi
unity3d.cba.pl
rebelhorn.pl
erfden.wop.ro
redbrickart.com
redirect.simba.taobao.com
regina.im
region.tu-clausthal.de
mahaina.co.jp
reiteswhi.xtgem.com
wyrafinowana92.digart.pl
rejuela.puk.ro
elitegroup.pro
relatsencatala.cat
upierdliwa.digart.pl
relieriez.wop.ro
rentfurniture.com
reporteconfidencial.com
upita.nadzieja.pinger.pl
restaurantcrissier.com
retrade.no
wysurfuj.pl
return222.com
revctrl.org
ni.dk
revfnbykjs.typepad.com
revolucaoangolana.webs.com
rewadee.net
reymont.at
rezstudio.com
picandocodigo.net
rgj.com
use.digart.pl
rgwk.nfdy.net
rhythm-zoo.com
ricardotayar.com
wyzelwegierski.pl
uw.edu.pl
richardcreative.com
rih.co
rili.tee5.com
rkdms.com
rmcreative.ru
rnby.210000.org
road-hogs-hdc.ch
roberttroy.ie
scsn.cn
robimax.de
rochester.edu
rockfordriders.com
rockstarpix.tv
valpfraelizabeth.pl
rockwellrottweilers.com
roliga-katter.se
roma.pm.org
vacancy.digart.pl
rongtuan.net
rotev.co.il
roundtheworldexperts.co.uk
weider-24.de
royalforestofdeancottage.co.uk
xar.blip.pl
roylo.com
clubheathersummers.com
rp5.ro
gwmicro.com
rpgdl.com
rpo.mazovia.pl
rqnj.nfdy.net
vasylot.wrzuta.pl
rssintelligence.com
rtpserver05.info
rubeo.eu
ruhekuaisufengxiong.soukeba.net
rulerclick.ru
rumblemaster.com
video.planet.fr
xfiyah.digart.pl
vicone.digart.pl
rusubortun.ro
rx.ee
rxjhcdcgmin.com
viestevacanze.it
rymktlkie.blogger.hu
s-max.jp
s-pulse.co.jp
s-stone.cn
s-t-x.com
s.de
videocms.pl
s3s-viaj.com.br
s58.ucoz.net
s8aa.com
mathfinance.cn
sachinindia.com
sagezza.puk.ro
saint-gobain.com
vip.cfi.cn
sairokis.puk.ro
sakamura.puk.ro
salamayor32.com
vito.blip.pl
www.toet.nl
samara.5d6d.net
samarkandsworld.com
megarembertow.pl
carea.digart.pl
sammy691.hyves.nl
sandiskcruzer.3nc.info
11incock4daddy.a-lsawards.com
sanfwan.cn.alibaba.com
sankeys.info
sanlucas.wop.ro
w916.wrzuta.pl
sanremigio.gov.ph
sanriku.keizai.biz
sanya.anjuke.com
wampirns.digart.pl
sapo.pt
saps.moe.gov.my
satelite.com.mx
sauer4u.nl
warmia.pl
sauerland-music.de
schofields.ltd.uk
searchignite.com
sebmontaz.com
secretkiss.org
seguroautofacil.com.br
www.oajs.org
sejunkie.com
sektion-wien.at
sellfire.com
warrior.pl
sem-one.de
xisaq.digart.pl
semnantelecom.ir
semrush.com
semsix.com
sencillomartinez.com
senyujnkj.1168.tv
hartmann.info
seo-stats.nl
wasil.digart.pl
webanalytiker.dk
seo.025rc.net
seobugz.com
seocompetitionreport.org
tv.cntv.cn
xkiniax.digart.pl
seoinformationblog.net
seopasswords.com
seoprofiler.com
seoprogramforyou.info
service.mypm.net
sesehu-a.diandian.com
xn--ospmakw-q0a.pl
sesehu-a.tumblr.com
sesukaku.tk
seyuge.com
sgqcqzx.vobao.com
nyste.wop.ro
sgyz.net
sh-huigang.com
sh.58.com
xnxx.osc.pl
shanealfreds.me
shanghai.tianqi.com
quiz.msn.de
shanghaiqiangci.cn.alibaba.com
shannonkiernan.com
shengfa.taobao.com
shootoku.info
greatlakesloanz.info
shop.mja.com.au
shop.sg0898.com
filex.mobi
shop16291378.xintaonet.com
shop33237782.taobao.com
shop35774262.taobao.com
shop45473.tbhui.com
shop57490376.taobao.com
shop66819353.taobao.com
shop71898616.taobao.com
shop71986967.taobao.com
shoushen.bmizg.com
showsiteinfo.org
xothersidex.digart.pl
shqawah.com
shubaihui.com
shuxia.me
web20.pl
sichuan.jingjia.org
sidmailserver101.info
siison.ee
webhosting.platon.sk
sinfonietta.cz
xperience.digart.pl
singin-in-the-rain-full-movie.blogspot.co.il
schimbdelink.ro
siriusit.net
softnwords.com
techdox.info
tedy.tk
jmdian.78.cn
teen-angels.org
tefftho.de
xsnowdropx.pinger.pl
kentish.wop.ro
teleskopy.net
tennis-am-see.de
territoriodd.com
terterstric.freeforums.org
werra.flog.pl
test.zsy.cn
textosenlinea.com.ar
teysir.com
whitedress7.pinger.pl
tf2wiki.net
toert.puk.ro
thamxj.com
x6.gfzl.info
thanhly24.com
xtaluuutekx.blip.pl
wiadomosci.wp.pl
thatfilmguy.co.uk
wiara.pl
thb.info
the-princess-bride-full-movie.blogspot.cz
hoshinogen.com
thebridestree.com.au
thebrothersoffermata.org
thecars.ws
wieczorkowa.pinger.pl
theconservativemonster.mobi
thedarkknightfullmovie.blogspot.ch
thedarkknightrisesfullmovie.blogspot.de
wideclosedeyes.digart.pl
thedivingbellandthebutterflyfullmovie.blogspot.sk
theenvironmentsite.org
theezweb.com
thehelper.net
wiesium.wrzuta.pl
theimposterfullmovie.blogspot.be
theinvisiblewarfullmovie.blogspot.co.nz
mylog.pl
ilemaurice-tourisme.info
ts.chnt.cn
sxrj.210000.org
tsuttarou.com
tj.bbs.jiaju.sina.com.cn
ttuu.com
tunamagisterio.com
tunisietravail.net
hip-home.com
turksecurityteam.com
utp.blip.pl
tusur.info
tvfool.com
twit.tv
wikiarcher.za.pl
twitnonukes.blogspot.jp
wineki.blip.pl
wgasowski.blip.pl
xwu.samudzu.orge.pl
hormoz.wop.ro
xxelaxx.wrzuta.pl
hil.no
xxx.er5.pl
dryrun.puk.ro
willa-gran.pl
garapon.tv
xxxzuzolxxx.digart.pl
tx-sports.de
thematrix2fullmovie.blogspot.com.es
yaal.blip.pl
themeswiki.org
ccarb.org
theminecraftportal.net
thenailworld.com.hk
knowledgeisinfectious.org
theory.org
theperksofbeingawallflowerfullmovie.blogspot.de
thepetshopboys.es
wodniacypruszkow.pl
thepipsoldier.com
yadou.digart.pl
theprestigefullmovie.blogspot.hk
my-sv.net
wok-poznan.idl.pl
yagodas.digart.pl
wojtekkk.pinger.pl
tyhen.com
tyj.lishui.gov.cn
wolomin.pl
tymood.com
tzgzc.com
yallah.digart.pl
u5r.net
wolanski.pl
ubigest.webs.com
uc-cbs.ru
ueuo.com
ugk888.alibole.com
www.unifycall.com
ugyvedtanacs.hu
uitgelek.puk.ro
uk.ac.ir
ultimoparadiso.com
yam.pl
umbrellamania.org
une.edu.au
universalpoliticalparty.net
universitas-ngurahrai.ac.id
unsyiah.ac.id
barkodetiket.tk
unvorein.wop.ro
unyx.eu
up-your.com
worldahead.digart.pl
upfree.pl
yama.digart.pl
uplg.puk.ro
upswww.gsbaykee.com
urlfusion.com
usabaduhgt10f.1168.tv
user.qzone.qq.com
uu.seqovd.info
jl.haozu.com
uu15.ucoz.com
uysoda.com
v-kei.net
worldgsm.pl
v2.fi
valeska-esoterik.de
yaoi.pl
valeuf.org
wp.flog.pl
valuethe.net
vanilla.com.my
vecchiocastagna.it
vegweb.com
veigadealmeida.com.br
www.daliuliang.info
wpk.pinger.pl
yaq.blip.pl
ksftea.qq.com
www.spdesign.pl
barselseng.puk.ro
yarho.digart.pl
vfoxv.blog.so-net.ne.jp
video.soso.com
hobley.wop.ro
videos-caseiros.net
vierregelige.puk.ro
thewebsitez.com
viewcool.info
ahandyman4this.com
vigc.210000.org
thirdayvideoproductions.com
villapetrino.gr
thirstydudes.com
vilnius-tourism.lt
thomms.de
vinos.com
thoskbellapais.com
vintage-board.org
tianjishanmingshengfengjingqu.fdchs.cn
vintagetrends.4zy.info
tianqi.5w.com
yaruwu.com.pl
vip.kkaac.com
tiao.500dd.com
vip1.a168888.com
virtualbuilders.net
visionhousing.co
wrzuta.pl
viunk.com
vsv.com.au
vvv14.com
sugarforum.jp
vw7c.nfdy.net
bjzcy.66law.cn
w.159.net
w.ai92.cn
yatq93.wrzuta.pl
wa.edu.au
wadecousa.com
waggytail-walkers.co.uk
www.abimobiliare.pl
walmart.com.ar
wap.0595dqz.com
wap.2007cp.com
www.abc-medi.pl
wap.6hw.me
wap.j520.net
yelen.digart.pl
wap.t7zl.us
lotostat.com
wap.wap6h.cn
wap555.net
wap6h.cn
www.abc.com.pl
wapgf.info
wappstock.com
wardens.puk.ro
warofthebuttons2012fullmovie.blogspot.de
www.amsik.pl
snapbackzoo.myshopify.com
www.asa.tv
www.asahi.com
yetico.polki.pl
kongruan.com
yeungbakma.com.pl
www.0571-85151578.com
www.asahisoft.net
yikaow.com|phitter.com|idwhois.info|edxyzxxj.blog.mongenie.com|www.yktairui.com|www.sldy.info|www.pts80.com|7898989.com|www.av977.com|www.dclinks.cn|prchecktool.com|paperpost.com|www.zbhuida.com|www.huliye.org|www.autoday.com.cn|blogmall.net|xnzk.nfdy.net|fb.ru|www.suhuicheng.com|www.rucinvren.com|www.cwebgame.com|xinse.net|www.qqlaoda.net|www.1216.cc|aprohirdetes.biz|xaryrcamev.blog.mongenie.com|carpettiles4u.co.uk|www.88f.com|edws88.com|www.gzf66.com|sktg.nfdy.net|www.shszc.com|weblearningit.com|shop203003.b203.shopex.cn|cn.le5588.com|www.355vv.com|chinataoci.taobao.com|geo.newworldwiki.org|www.diyixiaotuan.com|149zz.com|icar.by|offersbookmarks.com|occupyburlington.org|www.lmmw365.net|adminunion.com|www.rrk3d.com|style-huis.nl|www.ay303.com|punlun4436.huijucn.com|jiancai9.com|dianying.1913.cc|www.dfxz.org|www.22lxw.com|www.vu99.com|www.hmzsc.net|www.soqiye.cn|thraexsoftware.com|www.sss2222.com|www.shopfanhuan.com|www.spxdy.com|aiguowang.atwebpages.com|www.4006848085.com|www.lamtzs.com|utall.wop.ro|www.xshpjy.com|6ku.cc|www.yyhun.cn|oktelugu.org|tramecpolska.com.pl|wmlz.78.cn
www.asana.cn
jiasuqi.commas.cn
kazik.pl
guidance-research.org
filz.puk.ro
www.asp99.cn
timezonedistance.com
timkiemphanmem.com
tingled.puk.ro
tipg.net
tjrs.cn
tl.uuu9.com
tlbbx.bokee.com
tm7.us
tmenmarketing.com
tmj-cure.org
tmmmm.net
tngrid.tn
tolltariffer.puk.ro
tonran.taobao.com
67888.bggb.cn
tool.im286.cn
topalternate.com
torinofc.it
www.asar.kz
toryburch.zusl.com
totikum.puk.ro
toubaokw.1168.tv
trainpro.com.au
www.aspajz.hu
traversemountain.org
watcheternalsunshineofthespotlessmind.blogspot.com
trendency.hu
trikconvia.freeforums.org
triodos.de
iveri.com
tripod.com
trophoneurotic.puk.ro
truckdrive.info
open-source-related.info
youtube.pl
lesliehindman.com
yoyo.pl
enagsterar.gamerdna.com
www.aspidc.cn
mytvandmovies.com
www.aspetos.at
z.bulguayxs.orge.pl
7b.cn
www.bajzel.pl
www.bgmbozek.pl
z9.singdeadvs.osa.pl
news.msn.co.jp
zabianka.gda.pl
www.bialykamien.pl
www.bluemoon.info.pl
the-artist-full-movie.blogspot.gr
watchtony10online.blogspot.com.br
zacandvanessa.pinger.pl
www.born.cdx.pl
rtyirhevf.freeblog.hu
zaiks.org.pl
www.ceneo.pl
www.cdx.pl
workwithjessemeyers.com
zajac1986kiler.digart.pl
www.cartoons.pl
www.xc555.com
monsterdrdreheadphones.org
zalukaj.pl
www.cf027.com
www.cf163.com
zamarek.digart.pl
www.gsmpager.hu
www.cf193.com
www.cfbawang.com
zaneta11.digart.pl
6hwa.com
www.cfad.cn
www.cfash.com
fitundgesund.at
zarabianiezaklikanie.pl
www.cfcy88.com
www.cfcp.cn
discover-syria.com
zarazwracam.digart.pl
www.cfdyj.com.cn
mtcu.nfdy.net
inficone.com
wazifa.webs.com
wbcom.org
www.cfen.com.cn
dragon-chelmno.phorum.pl
wdjc88.com
wearesource.co.uk
web-radio-powerplay.de
remontruk.ru
webgoro.com
webkataloge.pl
webnettgingve.eblog.pl
zarkiletnisko.pl
www.jizzhut.pro
webpall.com
webprostor.katedrala.cz
www.cffc.cn
zary.pl
www.cfeh.cn
www.cffww.com
www.cfi.gov.cn
www.cfhuli.com
businesshealthinsurancez.info
zawau.digart.pl
www.cflx.net
byleco.info
www.cfpta.cn
zbyszek.flog.pl
www.cflac.org.cn
1000months.net
36.la
www.adtob.md
zdobywcyolimpu.pl
www.sxszw.com
nokturnis.net
noclose.info
forums.mapletip.com
kbprod.com
zefirrr.digart.pl
modern-girls.com
www.cbp.nl
developmentscout.info
partnersmarketing.ru
drbaranyaibt.hu
webshaper.com.my
websiterankingtool.net
www.xiaoyezi.com
webstatschecker.com
webtoolz.me
93da.qiwen5.com
wehrfritz.de
hotel.mezokovesd.szallas.istenhozta.hu
wejp.k.vu
wellingtonflyfishers.org.nz
wettintv.de
wfsgjg.78.cn
www.10010.cn
wg.ai92.cn
wgbei.info
zespolsweet.pl
wh.58.com
health.gdcct.gov.cn
whatcausesvaricoseveins8hd.info
wherecanigetaquickloan.com
wheresmycoffey.com
mw.mil.pl
whfreeman.com
whissky.puk.ro
whitedominated.puk.ro
gyerekcipo.info
ziel.blox.pl
wholesaler-design.com
whynterwinecoolers.5aj.info
whzch.com
trendymarks.info
applezein.net
wichtigtuerei.wop.ro
wiire.org
wiki.x.org
www.cfkqrj.com
wikidordrecht.nl
zielonagora.gazeta.pl
wikipopulus.com
wildtaeler-waldhexen.de
themedust.com
www.cqyxzz.com
kphb.56dvd.net
zivinicka-raja.com
www.hisense-bj.com
zmarzlena.digart.pl
mykindofcountry.wordpress.com
girwali.puk.ro
nanzu.jp
zmigm.org.pl
spalonytost.flog.pl
yuxp.210000.org
worldsharkfishingrecords.info
inway.su
znaj0ma.digart.pl
land.mv
znak.org.pl
www.codepub.com
yaskawa.com.cn
stylebook.pinger.pl
inwestycjeodadoz.pl
znzs.digart.pl
kyrion.in
ipcomms.net
zoochy.wrzuta.pl
citebeur.com
ces.edu.co
zoodo.com.pl
www.hr100.cn
leukstedispuut.nl
5dzp.cn
yxt3.nje.cn
sjjx.wgwgw.net
zschie.iq.pl
thai-toku.com
moip.gov.ck
xswlpx.com
www.haemul.info
zsk-galeria.cba.pl
vpxl.name
odrkndmcwu.blogger.hu
casefying.puk.ro
aftandt.puk.ro
zslacko.pl
milenka03.pinger.pl
sexi-sns.net
creativityhurts.net
putaozirjn.1168.tv
zuggor.edu.pl
lerelaisinternet.com
www.czt98.com
vtew.265link.com
coachingcomercial.com
zut.edu.pl
backpackermedan.org
extravertis.wop.ro
zuziaa4444.digart.pl
k49.cc
armstroff.com
epool.ru
kitcheninstallation.org
parklabrea.com
zwierzki3.pinger.pl
stiho-bum.ru
lascronicasdethot.blogspot.com
skomachi.sitemix.jp
theflyingfugu.com
manor.puk.ro
asparmakina.net
www.9191w.com
kouloudra.puk.ro
spn.dk
71.ru
musilog.net
zychu.flog.pl
ezoomgps.com
www.tarac.nl
me.gr
fjyw.com
zycierzeczy.pl
komonsen.wop.ro
www.news365.com.cn
deviendrez.wop.ro
www.hi2012.info
zyczu.pl
stellen-zuerich.ch
zyta.digart.pl
fashionforclothing.com
zywy.pl
preshunt.com
woltorfer-landkrug.de
0.plu.cn
fnev.qiwen5.com
carolinaherrera.com
www.bjzhanpeng.com
012magazine.pl
debile.pl
viebrock.de
hildaharris.com
www.yancong365.com
agh.wkraj.pl
chaptersworld.com
071magazine.pl
mctooling.com
honghuo8.com
www.jijianyan5.com
www.bloomberg.co.jp
rulespub.com
37gogo.com
1.plu.cn
www.runhetianze.com
cedarlug.org
100sport.pl
goldlanka.com
iverk.puk.ro
marcey.wop.ro
11xo.playz.it
designisphilosophy.com
cartridgediscount.co.uk
anaphylaxis.wop.ro
hugestraponlesbians.com
dvdhometheatersystem.4yb.info
boogabag.ru
yakutisc.wop.ro
177265.www.blox.pl
www.cljtxsc.com
artwales.biz
www.223443.com
2020.home.pl
178177.blox.pl
uzvuvsdn.mixxt.eu
www.zgbengfa.com
192990.www.blox.pl
dhl.com.ng
mebtech.pl
s.jl2.cn
7cait.net
jakki.wop.ro
bishonen.org
1stfloor.pl
kirihara.co.jp
traviantactics.com
2.cabrise.orge.pl
zeroland.co.nz
wapa.cc
rebuildthedream.com
ottawa-airport.ca
dopolnilnozavarovanje.info
plasmare.puk.ro
develway.pl
passionateness.wop.ro
indians-mc.com
250042.www.blox.pl
dogusgrubu.com.tr
wangwenxuan.10.100new.net
lagoslist.com
recht-in.de
2be.pl
edged.wop.ro
www.zhuzhou.gov.cn
www.icmt.nl
www.vlon.net
freeoa.org
rvonthego.com
chiangmai.go.th
47tg.lizhidy.net
310ink.digart.pl
www.ynbog.com
icecream-sandwich-android.blogspot.com
365aiao.cometalibaba.com|detail.china.alibaba.com|www.fengshi.cn|71la.210000.org|guesmoothin.xtgem.com|imhome.org|www.longfeihz.com|shuxuebao.org|www.iqio.org|www.aikc.net|detail.detail.china.alibaba.com|hmhb.nfdy.net|unzg.k3y3.net|www.tu4.cn|www.weblist.az|www.szrl.cn|fs.wukuo.com|dssb.2000y.net|tubxiu.com|fp72.nfdy.net|jphw.nfdy.net|lorant.wop.ro|www.123qp.cn|www.594first.com|mbln.nfdy.net|www.hmlbbs.net|whlxly.com|www.hlrs.de|jcgf.nfdy.net|www.sebaoyu.com|ptpr.k3y3.net|sakunend.puk.ro|p0p0.nfdy.net|www.haoxh.com|xinxiang.wed114.cn|news.959.cn|southerngospeltube.com|bcphtnnxai.blogtrue.com|0hzo.lizhidy.net|a51h.nfdy.net|nyj.zunyi.gov.cn|spinzpenz.com|nvtredcross.org|nihonsyu.wop.ro|peruviaanse.puk.ro|www.fxfcyy.com|escollo.puk.ro|www.881112.com|www.aan5.com|asheng.org|weissagen.puk.ro|cupeler.puk.ro|www.ehs.cn|mqwo.nfdy.net|gaver.org|www.itguccioutletforsale.com|kunbetu.wop.ro|welcome.deviantart.com|www.aiyunpw.com|jdnews.com.cn|sz.bwxx.net|www.jhyzxsh.com|www.diaokejichina.com|www.ejiagouwu.com|zyukuren.puk.ro|hrb.kuche.com|underove.puk.ro|north-face-diez-jacket.chnewsby.com|rhyy.nfdy.net|seo.webjiankong.com|apnagujrat.com|www.showweb.cn|www.qymjj.org|myfeng.cn|animal-sex-movies.startstek.nl|tochtgenoten.wop.ro|maytapchay.com|www.qdswkj.com|www.lirui.cn|klasse.wop.ro|www.0758sport.com|staerkun.wop.ro|zhangzhengfan.com|www.bjqqg.com|www.qg-knives.com|your-business-articles.com|domuy4384.huijucn.com|www.jaga.gov.cn|www.wordessay.com|shdb.org|0pxx.nfdy.net|forums.playcomet.com|uvyc.nfdy.net|weiguanla.com|www.zyyzk-happy.com|1314fs.net|ledebur.wop.ro|7216.210000.org|89to.210000.org|mutuum.wop.ro|c0al.k3y3.net|bligg.co.cc|www.37008.com|krodde.wop.ro|www.luckboy35.com|www.45639.com|tyrannize.wop.ro|m-pe.tv|www.jnfoodgm.com|zgot.210000.org|www.931wl.com|roukou.wop.ro|www.zj7s.com|skraeddarsytt.wop.ro|deskawind.com|neodarwi.wop.ro|xdexcylly.typepad.com|85jf.k3y3.net|mediakosar.hu|celstraf.wop.ro|www.96009100.cn|zhiyong063.huijucn.com|uuelmbla.blogdetik.com|www.tnxc.gov.cn|2kmm.com|bled.nfdy.ne
zuerich.puk.ro
www.sdjgj.gov.cn
lapommedeterrepompadour.com
allmusic.md
www.0755krd.com
www.oo8.org
rlp.de
bookmarksocialpligg.info
affaticato.puk.ro
4x4.net.pl
listingsangle.com
www.youbaixiu.com
biyou-seikei.cc
acceso.transextremo.com
510.digart.pl
xuzhou.66law.cn
joliefan.ru
www.baiyizj.com
creasphere.info
funnybasket.com
53x.pl
www.ribse.info
springproject.eu
58transport.pl
alfabank.ru
misshi.wop.ro
www.fscm400.com
yt4z.k3y3.net
www.itedu.org.cn
myworldlistings.com
ezjoy.com.my
creatingwood.com
unfeudal.wop.ro
repley.net
bestwebtemplates.com
www.ssb8.com
ybnews.cn
monstermayhem.org
crispytimes.com
691.chlorovwc.orge.pl
bidn.com
6h.deoscarrx.bee.pl
upload20.ir
verycity.com
passionofsweden.se
mindst.wop.ro
gumacz.blip.pl
www.xwadh.com
qzkn.com
apek.cz
kamrat.com
mfanny.art.br
g-wks.co.jp
www.yytao.com
imagepic.org
socialbookmarkingreviews.info
77.gerconsnr.orge.pl
epps.pl
cutucatucano.com.br
lermont.ru
jdlyw.com
arabgeographers.net
www.jianfei.net
www.exigenservices.by
mainstreetiowa.org
dattou.wop.ro
elistingz.com
79dni.pl
sailwx.info
wk.tk
rsskataloget.dk
7pl.pl
blogdohackintosh.com
cypseloi.puk.ro
mimi948.com
8.951n.cn|www.5zrc.com|ikms.nfdy.net|freesql.org|lewr.nfdy.net|www.win-soft.info|www.lezhi.cc|www.qiangzi.cc|www.f1399.com|canphp.com|yjhd.nfdy.net|eicel.wop.ro|www.cnwqq.com|amazon.cn|zfuo.nfdy.net|prettymay.net|www.babaw.com|ningxia.aiao.cn|nong123.com|www.jzswdc.com|d4syy.com|www.zmads.com|www.gwbearing.com|shop203003.b203.shopex.cn|pressa2.ru|wvri.nfdy.net|drier06504.huijucn.com|northcountrymusic.net|www.shszc.com|admin5.asia|www.moslove.ru|dssdztar.blog.mongenie.com|www.cb365.info|dmeiji.com|tipsfromtonyla.com|www.gpxz.com|dvd-to-psp-video-rip-convert-factory.software.informer.com|6hgc.net|xzqc110.com|encatarr.wop.ro|www.sososao.com|www.51bigu.com|daune.wop.ro|q7zu.lizhidy.net|83.com.cn|2qjx.k3y3.net|zogs.nfdy.net|mac.lap.hu|mskh.am|routeur-netgear.fr|leshua.org|www.zxshop8.com|www.jordanshoeseoutlet.com|crrr.nfdy.net|hot-replicahandbags.com|www.lanedy.com|whizzle.puk.ro|zekb.nfdy.net|hxj0830.eju.cn|scenequeen.com|www.szraskj.com|www.mudants.com|slons.wop.ro|avoi.nfdy.net|php-forum.info|renigs.wop.ro|www.ueafc.org|lakshmimuk.sulekha.com|www.17755.info|jzoe.nfdy.net|www.taobao8899.com|xkfi.nfdy.net|www.ttxyx.com|jhe.cn|www.ttxyx.com|1-aluminum-blinds.blog.hr|17dcg.com|hannal.net|zglt.k3y3.net|danny-spijk.hyves.nl|chwk.nfdy.net|4duu.210000.org|sao123.info|www.lomishop.com|morrisjfwong.com|90ya.com|nodpad.com|singlebd.com|gpacalculatormiddleschoolyxkp.wordpress.com|57lv.k3y3.net|oxgood.com|jiancai9.com|minxiao.eol.cn|3jfs.com|www.bjyspj.com|wkm.inf.prv.pl|www.gooyi.cn|zitat.wop.ro|anime7lovers.webs.com|alic.wop.ro|hehaitao.66law.cn|ndamm.wop.ro|zetadierre.com|www.classicgardencreations.com|www.chinacache.com|gerengre.hyves.nl|icar.by|golven.puk.ro|stahlisoft-board.de|bathybiu.wop.ro|nantsuu.wop.ro|fotobanda.com|51bty4.jumpingcrab.com|nk577.com|luchuang.com|www.wcmjs.com|bbs.sohuko.com|mov.tsyouxi.cn|www.gwyks.cn|24prestiti.com|lghz.nfdy.net|www.tbzhuanhi.com|www.cpa365.cn|lvtaobao.net|www.ycego.cn|aboutreversemortgages.com|reflet.wop.ro|kjhc.nfdy.net|szmat.hu|einzelkabine.puk.ro|rwpr.nf
recatch.tv
ridera.puk.ro
baps.org
nankinhobby.com
www.hnmrzxw.com
fiveeightforums.com
coffee-makers-review.com
windowsdailynews.com
www.xianroyal.com
89.pl
pdrcihaber.com
trendingbike.nl
www.hbmthy.com
8c.contterrz.bee.pl
kzdu.56dvd.net
casadasararas.com.br
tashu.wop.ro
click.j-a-net.jp
bbs.macd.cn
www.365chem.com
i.netqin.com
silencefactory.com
www.yus360.com
livemusicmeadville.com
fis-judge.tv
wikispot.org
xiaoyazx.com
xoso.wap.sh
astroidentification.info
corpening.wop.ro
www.51zufang.org
9j.funcsmolzn.orge.pl
casecrown.com
stupidgifs.com
aagniechaaa.wrzuta.pl
www.lingdai.biz
eroticanime.com
flirtpup.de
aam.blox.pl
betmixers.gr
ponziana.info
aandreas.digart.pl
neusch.eu
zhaowo.cc
aanetka158.wrzuta.pl
trivisvodnany.cz
xxxmuy.wop.ro
aaooxx.bee.pl
parafarmaciamasbarata.es
abajt.pl
kawatakokinsei.net
www.lixingjx.cn
abren.com.pl
arw.ro
bastir.puk.ro
absolwenci2lo.pl
rusticae.es
government.gov.gr
esdeer.com
ac.com.pl
radioporusski.pl
rian.cn
achanos.flog.pl
memory-alpha.org
www.resortsindooars.com
guihuaxiang.com
acii.digart.pl
mikeallmond.co.uk
calendario-lunar.net
acior.digart.pl
hk.88db.co
wa5166.allin99.net
adamprzemyk.pl
zhanjiang.city8.com
bhairlines.ba
456165.net
adascu.wrzuta.pl
www.itdashboard.gov
webpixelpage.de
anthonyparsons.com
adasto.digart.pl
300mpg.org
worldforge.org
inryou.wop.ro
lr.ru
zoomsud.it
adbertigant.blog.pl
gosiaxd.flog.pl
adden.com.pl
kazumial.blip.pl
www.ybwsxx.cn
rrsahm.com
ade-bug.com|huamokangtkt.1168.tv|turbo-vr6.de|fengerpiaoguo.blog.edu.cn|www.t35.com|yjsy.sdkd.net.cn|vip0416.com|bcgrvuqd.blog.cz|www.xxx441.com|qujiaoq.com|www.tianya.com|www.wipm.ac.cn|www.wmwhw.com|iresearch.cn|www.xunweicn.com|www.szwen.gov.cn|www.suizhouwang.net|www.liansuoxiaoshouw.com|plantsksa.com|www.aphebang.com|baard.wop.ro|dfztgqgs.skynetblogs.be|www.66668059.com|shusong.biz|tutidasa.puk.ro|junhuili.com|www.cnsuishiji.com|kong.net|phillyuniteson911.org|www.syseo.org|www.qqvipc9.com|www.babaw.com|tabmenin.bloguez.com|www.zhongguo315.com|maryke.co.za|www.ab0c.com|adminunion.com|v7sky.com|999cp.net|www.shszc.com|www.qg-knives.com|k4919.co.cc|acymca.net|radabg.com|phpboke.com|blogspot.co.uk|www.mike114.com|www.hbqxtc.com|www.ljsnxl.info|cooc8.com|www.t-65.com|www.dongbai.com|xi.xiaoyoyo.com|www.chinshiro.com|www.lmmw365.net|iepart.com|www.shuliao.net|antanix.net|azurworld-england.co.uk|www.szaaa.com|www.xshpjy.com|www.gpxz.com|www.iaxtalk.com|www.ueafc.org|richardsonpestsolutions.com|www.666813.com|nlowsffv.blog.kazeo.com|news.gpxz.com|31epe.com|www.0371apple.com|hzzcsy.vip.wed114.cn|www.bo9666.com|biks.dk|xhlee.com|www.rc9000.com|av.988hhh.com|www.lx-ep.com|www.spdqw.com|www.bibi.com|ambrosepeacock.deviantart.com|h3414.cn|04fy.com|ross-und-reiter.de|bbs.revefrance.com|rrigpmau.skynetblogs.be|www.fyseoer.com|www.fuqihouse.com|www.365shhr.com|www.aditw2012.com|huishoumingjiu.com|gatewaygrizzlies.com|vitalpilze.de|christechtv.com|thailand.com|pdxzclenxphvqa.blogtrue.com|ubtj.nfdy.net|www.detaier.com.cn|bbs.cc369.cn|www.lotharmatthaeus.de|casaguajar.es|sitetrail.com|ogyq.265link.com|wildbane.wop.ro|voxshadowhex.webs.com|shoushi001.com|www.kmys.cn|www.qiqiianga121.com|top1314.com|daijia.bj.cn|www.baimao.com|omnipo.cn|blog.gmw.cn|podhale.pl|nkdw.nfdy.net|gs.biaogeer.cn|gkud.nfdy.net|admin5.asia|www.dd378.com|23rt9.gn2012.com|4e88.lizhidy.net|tg93.265link.com
gzlr.nfdy.net
inkplant.com
rusff.ru
adiarts.digart.pl
tctc.org
www.iite.ru
www.maya-nail.com
www.weige.in
adikus6.wrzuta.pl
xpressvids.info
bartonreading.com
rzeq.210000.org
www.keb.jp
blackbirdhotel.com
citytalk.cc
cccb.org
adomas.blip.pl
aanhecht.puk.ro
www.yuanlin.name
www.lcd365.com
adrianosse.digart.pl
tltonline.ru
levian.gd
www.klmyq.gov.cn
advokatka.digart.pl
mcdues.cl
ag92.flog.pl
boromarket.com
limiteerden.puk.ro
aga089.digart.pl
extraessential.wop.ro
www.yangguangedu.net
salzburg.at
gypsymag.com
agalignar.digart.pl
aldona16.blip.pl
sannga34.tk
vlc4.qiwen5.com
agent.biszkoptoweszczescie.prv.pl
bestsewingmachinesreviews.org
batboy.wop.ro
deck.ly
nivea.digart.pl
agh.edu.pl
phagocyt.puk.ro
sddfzj.com
www.jsshr.cn
agi.flog.pl
enlachamba.pe
obtelefone.ru
lichtwac.wop.ro
se.543ggg.com
agrinatura.pl
bouwstof.wop.ro
www.kbyy.in
agsha.digart.pl
se.iii90.com
www.chinaztt.cn
wealth-4-all-team.biz
ain.pinger.pl
searchfa.ir
educapanama.edu.pa
seaside.st
cz.zxbo.net
aion.plaync.com.tw
monasteryicons.com
www.aveee.com
air1.blip.pl
turkey-trading.com
benten10oyunlari.com
lojamais.com.br
www.cldh2.com
aira.pinger.pl
unchallengeable.puk.ro
www.cmepc.com
sztc.jse.edu.cn
aisim.digart.pl
www.xajyw168.com
aiyauk.com|www.suhuicheng.com|www.baimao.com|www.shangoo.cn|yter.nfdy.net|camekan.org|www.flexsys-robotics.com|www.gpxz.com|thedatahub.org|werf.nfdy.net|hazmereir.net|punbb-hosting.com|www.1dxh.com|kwqq.nfdy.net|www.dfue.at|www.twspg.com|jbpfbnbzj.blog.mongenie.com|coalitionagainstillegalimmigration.org|www.zj-baishi.com|www.shihuishi.org.cn|www.babaw.com|devhell.ro|metacpan.org|www.kkkkkbobo.com|switygirl.a-liveprivates.com|vsgl.net|www.aiyunpw.com|evef.nfdy.net|okya.biz|www.oudianjiaju.com|se.sao82.com|gupiao.5w.com|www.abc625.com|0772.273.cn|aeolia.wop.ro|www.ytkjc.com|roleo.wop.ro|touten.wop.ro|www.host.fr|nqsnzaybrt.blog.mongenie.com|yvfo.nfdy.net|es.0792.cc|floralize.puk.ro|adminunion.com|fiwdnpefyx.blog.mongenie.com|pajote.wop.ro|fredra.wop.ro|www.jingtairi.com|feds.nfdy.net|home.qdn.cn|bbs.cy-e.com|www.0714.com.cn|tfxl.nfdy.net|xfzd.net|dssdztar.blog.mongenie.com|zjzkbzjxyxgs.wenju.biz|www.kswuwenqing.com|gwhy.nfdy.net|www.xshpjy.com|huahuida.com.cn|5486.nfdy.net|uxzf.nfdy.net|mnuu.nfdy.net|vjgf.nfdy.net|32rc.com|www.shszc.com|www.msqct.com|kurangroup.com|www.533fk.com|wapjc.tk|www.5252sf.net|sao123.info|tscu.k3y3.net|wegenkaart-sint-annen.istats.nl|020.himin.tv|kasisi.wop.ro|mcxv.nfdy.net|e379.net|kaka110.cn.gongchang.com|eubb.nfdy.net|www.gdmzgxq.gov.cn|www.sswwxx.com|www.brucezhang.com|hot-cams.us|delego.wop.ro|monstercablede.info|nerax.org|oukgwxetqdm.blogtrue.com|www.weishengzhi81.com|cneggwet.skynetblogs.be|midea-water.net|33mcc.info|schudnijbezcwiczen.pl|www.pgsl.cn|qingting.org|qask.me|ltsa.nfdy.net|lo8s.com|webgarden.es|whlxly.com|recept.lap.hu|zmxx.78.cn|hotcam.ro|jfke.nfdy.net|fx-touryumon.jp|tranco.wop.ro|myxo.css.msu.edu|changson.net|hair.nfdy.net|www.milangou.com|www.zhongguo315.com|wabcw.info|canada-goose-butikker.frnewsby.com|www.zs-hospital.sh.cn|www.zgnypfw.com|www.zgnypfw.com|9taileddemonfoxclub.deviantart.com|www.0791-88489283.com|bruist.wop.ro|a1hugecocktits.a-livesexasian.com|sz.bwxx.net|www.webcns.com|coverlandia.net|fpxq.nfdy.net|gccz.nfdy.net
thatshowimakeit.com
nxk.91.cn
aiyayaya.infort.pl
egesjavito.hu