baidu31.net
cnbtmovie.com
fashionjp.net
daddle.puk.ro
techit.info
calix.wop.ro
www.nnuh.nhs.uk
www.4j.com.pl
www.b2blm.com
entomb.wop.ro
tiago.wop.ro
seo2rank.net
jpvm.210000.org
to-cino.com
it-notebook.org
pivote.wop.ro
a.mobantianxia.cn
hirgon.puk.ro
ahbszj.com
www.kelmer.pl
razved.info
soundportal.at
studylanguages.org
vurst.wop.ro
csshover.pl
av99cn.info
breket.info
moviev.net
gigapedia.org
a4ph.qiwen5.com
smarttrip.ru
limogea.puk.ro
teirinke.wop.ro
psgui.com
soumis.wop.ro
qq6688.qzone.qq.com
hasshino.wop.ro
tybjerg.info
pctl.210000.org
hawas.cn
1070thefan.com
mail.1j.pl
ven2.sakura.ne.jp
jesperlinden.se
mrboffo.com
declareer.puk.ro
p2media.pl
z077v.ki99.org
saabklub.pl
publicmutualonline.com.my
cam4free.cc
jkbjam.info
bligg.co.cc
tsyx.210000.org
snakeholes.com
riddle92.tk
music-day.info
quasi-mundo.net
bwst.nfdy.net
slw2.us
climateroofing.com.au
e-oro.gr
castigabanionline.info
casa.it
xindns6.info
aftervis.wop.ro
rpj.su
www.cfszy.com
jeanmari.wop.ro
dungri.wop.ro
o.vj23.info
zepteo.info
hupan.net
vmchat.prv.pl
cyousyou.wop.ro
guihuaxiang.com
coloriety.com
mokiemotor.hyves.nl
www.009dy.info
arrgh.wop.ro
inzema.info
www.biathlon.sk