seo.pe
www.seoer.org
gz.menghuanzuxian.com
wahl.wop.ro
chazy.wop.ro
www.welnis.nl
kongbu.3199.cn
hainan.1775.cn
tvn.blip.pl
moud.wop.ro
www.protsoft.pl
geheimka.wop.ro
yidana.wop.ro
bqspa.bqspa.net
pondomaniak.pl
dushaj.hu
kali-gula.flog.pl
katalog-automobilu.cz
kavkaz.mk.ru
kouson.wop.ro
ledswelt.de
linksrank.com
mynono.com
thedarkcity.co
sannou.wop.ro
voortdurend.puk.ro
www.abwerk.de
www.flll.net
historic.puk.ro
www.ikuaibo.be
wap1888.net
linuxmall.com.br
www.jbt.pl
xh520.tk
xn--zeltemizlik-qfb.com
xonetv.info
zefg.210000.org
2g2g.de
365wos.com
4dk.ru
52168.in
6hcai.co
7t2.info
a.126129.cn
ausliefernde.puk.ro
australianpdfmanuals.com
bjbk.co.de
carlosxuma.com
cp.m6h.tv
creditcard-now.net
cs.52pk.com
cuchot.net
dtzl.wan.360.cn
flamme.de
fnhd.nfdy.net
fzjm.78.cn
grajteraz.pl
greece.org
pczy.265link.com
grupoclarin.com.ar
verhaltensbiologie.de
guarita.wop.ro
gushi003.5ku.so
hearts.wop.ro
helium-music-manager.com
home.1k.by
humyai95.info
i7tf.k3y3.net
ibest.in.th
icebergbux.ru
imlemeb.info
innigkeit.wop.ro
javascriptgarden.info
jiehunzhao.info
joepen.wop.ro
joysee.info
k8be.210000.org
keyoministries.com
kh.edu.tw
km-orzel.pl
knww.265link.com
kolesa-online.ru
kopernikus.pl
kubus.taty.pl
l1sa.li
lamer.wop.ro
www.3dcaitu.com
landaustore.co.uk
lathos.edu.pl
lechpoznan.pl
leerverven.nl
lhc-888.com
lovze.com
lscyqy.78.cn
lustube.com
e-rewards.co.uk
maboss.info
madbrahmin.cz
magnetictherapyexbx.info
mamare.info
mayaxxxx.deviantart.com
omasex.tv
ombord.wop.ro
onthenet.ro
ontrip.com.pt
otvetvam.net
plzen.idnes.cz
pmplogin.com
poczta.lublin.pl
polsat.com.pl
practisis.com
promotive.com.ar
psi-za-neznalice.com
qd.51tie.com
renulec.blip.pl
rievoc.wop.ro
www.cietac.org
sayap.info
www.uu11.com
stela.flog.pl
stocklink.no
stoff4you.de
studioopinii.pl
stylishfetish.com
syw.78.cn
telegraf.by
thinkfirstwa.info
tincphireno.06fr.com
topbloemen.nl
bcfm.ca
transmediadesign.org
trocmaer.info
tut-online.ucoz.ru
ultravnc.info
verhaaste.wop.ro
veszto.lap.hu
virenschutz.info
vn.video.search.yahoo.com
voxx.info
vx78.k3y3.net
webcash.pl
webpond.pl
websitereported.com
wiederse.puk.ro
wodzislaw.pl
wqi2012.machine365.com
www.001union.com
www.029pop.com
www.04510.jp
www.1-l.cc
www.100922.com
www.13149921.com
www.52shejing.com
www.5ka.pl
www.747474.net
www.77cc.info
www.799.la
www.7x6.cn
www.8003888.com
www.8886.info
www.91se52.com
www.96296edu.com
www.969686.com
www.988mu.com
www.99abcd.com
fotolaski.ru
manhattanfullmovie.blogspot.sk
www.99bill1.com
utwdzialdowo.eu
yhbv.nfdy.net
www.99healthy8.com
www.a67com.com
www.aaawatchreplica.com
www.about-face.org
www.aml520.com
www.autosiskolamiskolc.hu
www.avnyzj.co
www.aygqt.org.cn
www.bbs.28tui18.com
www.bet5880.com
www.bhf.hu
www.biohurt.pl
www.bjjcw.net
www.bors.hu
www.cctv3-xgdd.com
www.ci.pasadena.ca.us
www.crbook.cn
www.d4se.info
snakeholes.com
www.drbody.hu
www.drstudio.pl
www.ds114.com.cn
www.fujinfoods.com
www.furniture92.com
www.fxjshgw.com
igirl.mojblog.hr
www.gazx.gov.cn
www.geckofx.biz
www.grily.cz
www.haixiashuguo.com
www.hazp.com.cn
www.hdew.nl
www.hdsz.hu
www.henhencao.com
www.hepu.sunbo8.net
www.hiphop007.com
www.hornsen.com
www.huluobo.7778.tv
www.jjj123.info
www.jkwz.info
www.mm399.com
www.nacta.edu.cn
www.nike2012tw.com
www.openwebdesign.org
www.piyan999.org
www.pkuef.org
www.pyteli.com
www.search.hc360.com
www.xfqvod.com
125134538.taobao.com
14144.tk
2882.in
2andtake.aclu.co
303.wapbm.me
3507.fjsnw.cn
3ndme.digart.pl
400shencai.com
7171.7wa.cn
7ahn.265link.com
91longzhan.co.cc
93se.info
9410.com.cn
968.cc
a4ph.qiwen5.com
a9.7iii.info
acfeu.eu
acii.digart.pl
acoussoftin.info
iqlwkwiu.blog.hu
adult-flash-games.com
biz.10010.com
vcp-oploo.nl
blackvoices.com
blank-esports.de
blogam.info
bobo.353hh.net
ydsxs.info
brides-in-bikini.com
broma.fr
bulla1.info
buy.pinger.pl
bz.52pk.com
canalpanda.pt
casal.wop.ro
castigabanionline.info
ccac.gov
chicagobreakingnews.com
kappedes.wop.ro
chongqing.5ilou.com
claysnguyen.info
cnvj.210000.org
codeforces.ru
computerworld.pl
cq.008.net
dailydiettips.co.uk
www.aromka.cz
www.blhsm.com
www.bs120.net
www.buding.cn
www.cdw.cc
www.cdxxmm.net
hackerfactor.com
www.seokat.tk
www.jcow.net
xj7.info
www.yihu.com
adelanta.info
affiliate-stores.co.uk
bogdanauto.com.ua
castsoftware.com
chsou.com
ciftcioglumobilya.com
er.cz
farmec.ro
floral.wop.ro
www.zxooo.org
freesbmblog.info
xgcp.info
xtendtracker.info
zuopin.4399.com
mameo.info
mybigdirectory.info
myhate.pinger.pl
mzintna.com
nairan.wop.ro
nau.edu
pluche-kattenpakken-kinderen.istats.nl
purelynsfw.com
reisenwe.wop.ro
revesa.wop.ro
roque.wop.ro
salmon.wop.ro
ttkt.nfdy.net
vsluh.ru
wapdam.us
wuyuetian2.diandian.com
wwjj.210000.org
www.a-pk.pl
www.gfnet.tw
www.hzjg.net
www.jktxt.com
www.jxedt.cc
www.jy8858.com
www.linyixian.gov.cn
www.neuron.pl
e-review.tv
www.shjfy.com.cn
www.zjjsxz.com
tambah.info
opruimen.wop.ro
sunlive.co.nz
chauth.wop.ro
miraikioku.com
jogogames.nl
www.sexgs.net
www.mascus.fi
v7o.info
chezemi.com
horner.wop.ro
www.whszzl.com
www.ahxf.gov.cn
hupan.net
io.com.gt
graphics.beareyes.com.cn
www.8848wholesale.net
biblioklept.org
inews.de
cherrybabe.co.jp
openpgp.org
cestec.it
followmenow.info
nnxmbh.com
114vip.com.cn
intertrust.jp
nonwovenbags.blog.163.com
1a-ads.si
cornix.wop.ro
rainbowcity.cn
www.ymysc.org
clarksons.net
poutian.com
chachala.com
www.ulus.lt
www.stimon.nl
www.mm17u.com
www.bonavini.hu
zew.ca
www.brightconnection.org
midweste.puk.ro
dhipaya.co.th
trucheck.it
2ndchance.info
afmatten.puk.ro
dorsz.digart.pl
karolina.wop.ro
www.opax.pl
news.liao1.com
yw.0577bj.com
eu1l.qiwen5.com
10dai.info
bestfreeadds.net
www.zhongxuew.com
szuart.info
fkn-famous.com
wgno.265link.com
sacred-economics.com
en.yangling.gov.cn
obuvoled.r.gd
www.sq1024.com
menyasszony.info
yadikar.com
web-bi.net
grenus.wop.ro
linkadjust.info
asbestoslawyeralabama.info
inthepress.ru
vgwiki.net
kratce.info
autosurftraffic.info
sakidat.wop.ro
loskut.info
uvm.dk
muzafa.com
unbossed.wop.ro
zzqqq-d74.diandian.com
eldov.info
www.www.999ddd.com
newgb.com
staatszo.wop.ro
www.aody.net
www.siwadr.com
aisewangzhi.info
gutkov.wrzuta.pl
bmw-joy.com.cn
volainrete.it
df.videosdecolon.com.ar
godoza.ru
tibias.info
www.cd7.com.cn
scasserai.puk.ro
www.8090.so
www.10228.net
winona-heart.deviantart.com
yendi.wop.ro
www.t35.com
tokujuke.wop.ro
designers.mx
slrn.210000.org
bield.puk.ro
fuggeremail.fecsegj.hu
www.china-hardware.net
wa5080.x111.org
katz.cd
europcar.de
08nm.com
coxcombe.puk.ro
noplay.net
socialpluss.info
freshtodays.info
www.aoi.sc
www.9423.me