yendi.wop.ro
skyte.puk.ro
katz.cd
slrn.210000.org
www.p6uc.com
noplay.net
fuggeremail.fecsegj.hu
kinoagentura.cz
www.inzerujes.cz
patentamt.at
91530.co
blog.1181.cc
lucas24.blip.pl
selenicereus.puk.ro
tsine.wop.ro
saludnavarra.es
download-templates-themes.blogspot.in
multiedition.fi
www.zjeco.com.cn
kvadrat.dk
kokyuute.puk.ro
budowlane.czasucieka.pl
feine.wop.ro
whiskylive.ru
k9un.210000.org
chulo.wop.ro
oublierais.puk.ro
go9go8.cn
manpower.gov.om
sibilants.puk.ro
foodtec.ir
biblebaptistportorange.com
telegraf.in.ua
sinosima.puk.ro
www.pnnl.gov
www.ngrx.net
poker500.net
szappanfalva.hu
osflash.org
hukt.wop.ro
www.nnuh.nhs.uk
flog.cat
gamegol.com.br
molihua.net
zoo3.com
landde.puk.ro
skypehelp.com
lsbr.210000.org
www.wuyishan.gov.cn
6t3.info
www.securite-sante.lu
color-moment.sk
ebrio.puk.ro
i999i.com
onedropmusic.se
pmub.210000.org
www.c1th.4f9.org
ucdavis.edu
sou.wjw.cn
clarks.pl
ama.com.au
llb8k.info
siriusit.net
clearskin-us.com
qeus.210000.org
codelab.ru
assaggi.it
cdhv.nfdy.net
i7tf.k3y3.net
thebigu.info
www.9u8u.com
cao87-d86.diandian.com
www.f5um.4f9.org
www.xsllzp.com
somany.pinger.pl
motive.smf4u.com
jcu.edu
xclones.me
downmag.poco.cn
uda.edu.ar
lply.net
tetser.wop.ro
ddt.439.w1.gs
www.vfast.com.cn
c.viavoordeel.nl
dbwtowush.mnyzh.com
www.yinlaodi.com
zoxr.nfdy.net
iranvl.ir
jj.gdga.gov.cn
www.tattooschina.com
hlvisions.com
ao5.com.br
www.cloudleft.com
www.18fish.com
www.uu88.tk
psaparts.es
lmpw.210000.org
kino.kz
download-yo-gotti-ringtones.blogspot.gr
twojlunchbox.pl
horikiz.com
ekk.de
wetterstationen.info
uy60.com
jrpe.net
www.ymzz.net
www.10228.net
scasserai.puk.ro
www.risingbc.com
zmarzlena.digart.pl
inzuppi.wop.ro
www.yiyimov.com
www.bkjy.sdnu.edu.cn
bbs.airacm.com
fpsc.gov.pk
euservice24.info
free-psd.co
makojakopako.net
overgekregenen.puk.ro
ndrproject.pl
www.bjdcwy.com
chemgio.bigphim.net
eldiariony.com
www.rws-verlag.de
www.6h.com
revistabuenasalud.cl
888.ac596.net
www.winshu.eu
32zolltv.info
housebbs.info
zeefde.wop.ro
sebooks.info
foz5.56dvd.net
860860.net
dilfolicious.com
ezlms.com
024anmow.com
bbs.myboogle.net
gbidowlu.wop.ro
socialpluss.info
airsoft-71.tk
dhipaya.co.th
ratais.puk.ro
www.spphb.cn
euro-trade.pl
essentialoils.co.za
guifei.info
www.jxedt.cc
episke.wop.ro
namikogahier.com
baranyhimlo.hu
anzen.m47.jp
ips-infor.com.pl
ateamcentral.info
cdcinternacional.com
boquidura.wop.ro
www-paloma.com
www.zdjsyy.com
mobiplay.vn
embo.org
www.zgbxfzz.cn
www.chinajob.com.cn
magne.wop.ro
www.kunbanga.info
linke-photos.de
www.bttc.cn
www.194a.com
yzsc.3g.cn
ducktv.net
scsecreditunion.org
esasperavo.wop.ro
bonthain.inadequate.wwwwww.wop.ro
castellanza.va.it
blog.worldhelp.net
lelela.info
vietaste.puk.ro
wmlz.78.cn
dansmagrotte.net
flips.wop.ro
unsub2-1.info
suchmaxx.de
lwwi.net
sieki.wop.ro
www.163116.com
danfi.fmix.pl
shimizus.wop.ro
baitq.1168.tv
wap.2532777.com
www.zhuhaiyouhua.com
goooai.cn
veganguide.de
linkcommunity.info
questionnerions.puk.ro
wvbk.nfdy.net
occupe.wop.ro
wholesaleunderwear.co
ostpolit.puk.ro
forexdemoaccountsz.info
www.hubeitour.gov.cn
lxss.net
zun-yao.com
raspe.wop.ro
appartement-spekt.istats.nl
lystra.wop.ro
mooist.wop.ro
jilumaoyi.com
www.51usavisa.com
kidal.info
www.twspg.com
www.shazukang.info
immit.wop.ro
www.vihr.info
homeofficepro.net
verhaltensbiologie.de
baishins.smoker.wwwwww.wop.ro
iogonline.net
www.22lxw.com
clook.info
gaisya.wop.ro
www.tatyn.com
www.fitsa.cn
mammen.wop.ro
parcdz.net
fapping-n-cookies.tumblr.com
malagon.es
livebookmark.info
stull.wop.ro
teeterbo.wop.ro
wow.178.com
youro.puk.ro
glovey.wop.ro
www.polo2012tw.com
chitropas.com
earthstar.wop.ro
galopade.wop.ro
fuyanqinggong.1168.tv
alutrada.puk.ro
jcluforever.com
shi02.com
amik.ru
sklep.elamed.pl
7d3w.nfdy.net
hsyzkblnknsyfxbi.shop.shangjia.cn
wz.120job.cn
www.shbz.com.cn
tourboucry.com
np.95598.fj.sgcc.com.cn
zzyfz.78.cn
markered.info
jn.sapo.pt
www.wbe0.4f9.org
gaben.wop.ro
propartner.pl
piciformes.afvorm.wwwwww.wop.ro
gazzettadasti.it
www.cifnews.com
pvfans.com
kasbia.wop.ro
iplog.xoom.it
jinai.wop.ro
swerve.wop.ro
www.eyebbc.com
hubro.wop.ro
zmxy.wandodo.com
vlju.210000.org
sortesokker.dk
yobt.tv
www.liying5249.cn.china.cn
www.cioff.pl
xxxmei.wop.ro
songnho.xtgem.us
muqawama2.org
unwto.org
www.undg.org
acerbas.wop.ro
hjell.wop.ro
linknow.co.nz
apecom.ru
pirates.fad3.net
www.peppiniello.it
dampftest.puk.ro
foxyy.flog.pl
teaberri.puk.ro
topseovideo.com
tinytree.info
silentshot.soup.io
forum.aweb.com.cn
bg2u.ru
carago.puk.ro
gafoto.pl
www.dglvt.com
turbiner.wop.ro
xdexcylly.typepad.com
news.liao1.com
maryke.co.za
black.hk
sparka.wop.ro
solveren.puk.ro
bereitun.mastopar.henreki.wwwwww.wop.ro
iran.ir
friedkin.wwwwww.wop.ro
bilgisizsiniz.tk
www.3199.cn
jinjiang.cn.cebn.cn
psychob.blip.pl
lambertgroupproductions.com
www.vcg.pl
www.xy123.cc
migishit.puk.ro
www.robio.org
cityhall.pl
stylebook.pinger.pl
thisit.de
guser.wop.ro
shop.668jzw.com
www.qq.com
zj.189.cn
alioli.puk.ro
samoha.digart.pl
pruski.digart.pl
jiangsu20101397.117.cm
www.dvdfab.biz
www.bmt7.vn
www.baidu92nimm.com
www.logeb.com
akkervru.wop.ro
prettygirl.pl
www.chiyan.yiyao.tv
exhaust.pl
www.xunwu.org
iziraovat.com
32lux.ru
therooms.kz
beschimpfung.wop.ro
routeplanner-maaidijk.istats.nl
www.reny.nl
yi.si
eselei.wop.ro
watch-gossipgirl-season2.blogspot.sk
10604-gas-powered-self-propelled-lawn-mower.info
microchip.com.tw
www.peon.ru
beholdni.puk.ro
yezjrgubnn.freeblog.hu
dokidoki.ne.jp
www.leijuu.com
waphk.hk
why100.blip.pl
peopletweaks.com
baby-walz.ch
tafelkleed-bumba.istats.nl
gzsjmg.net
efewfef34e.com
click-house.info
www.dj897.com
frnz.k3y3.net
sitoshop.fr
www.mmy.cc
makutu.info
postpubis.wop.ro
hupan.net
domain-stats.info
e-nocleg.pl
fotojablonski.pl
socialindian.info
mal1989.blip.pl
tabspace.com
adbroker.de
snowriver.org
ideaexpert.co.th
livetests.info
suikerga.wop.ro
meego-fr.org
sparklik.wop.ro
www.sqqcw.net
royalfunds.biz
politiek.linktop.be
vfwo.210000.org
marcia.edu.pl
bizclassifiedads.com
sogo26.uml.tw
sephpa.com.pl
c1521.amlong.info
www.75by.com
sikw.210000.org
asiula90.flog.pl
nyid.blip.pl
kissensc.wop.ro
www.fuci.cc
kw.tjtgkw.gov.cn
crackingsecretformula.info
foxier.wop.ro
adjuvant.co.jp
jaworznianin.pl
vetuk.co.uk
ybca.org
quencher.wop.ro
chirurg.pl
www.industridesign.lth.se
t6a.de
reedsrains.co.uk
carlsbadestateplanning.info
kurczabredlich.natemat.pl
mengd.wop.ro
guihuaxiang.com
www.88uu.info
meddowes.wop.ro
slamander.wop.ro
c37r.265link.com
awfulplasticsurgery.com
hispanictips.com
a.mobantianxia.cn
mld.1168.tv
jhltoys.info
avrettet.wop.ro
www.xshpjy.com
www.ihome007.com
sjwvopkj.blogdetik.com
www.001007.cn
lonnyjoan.nl
anoiadiari.cat
www.a67com.com
www.waya.net.cn
kizetu.puk.ro
bestelvis.com
joker-group.net
literallyinspired.com
www.jilin.cei.gov.cn
wilwheaton.net
sellthisbiz.com
www.findwith.me
fdcp.co.jp
vinegary.puk.ro
www.kapnah.nl
knjs.210000.org
www.daliner.net
www.xiaoyao.tv
www.avww.net
gaj.xf.cn
www.jiaodian.in
lgvc.nfdy.net
skrobak.pl
rhzhifu.78.cn
www.9214.cn
phagocyt.puk.ro
sz.58.com
babyonline.pl
rnby.210000.org
polderko.wop.ro
www.longyang.zp300.cn
zoran.flog.pl
www.88848085.net
www.hxbdf120.com
adgangen.wop.ro
tsiyon.puk.ro
cp-ty.ru
rebell.info
prd.go.th
xn--hu1ba146aba.info
jh.01lm.com
tad.digart.pl
www.as45.com
www.inlatplus.lv
oguzodch.blog.cz
www.wears.jp
worldseobookmarktoday.info