17s.cm
aurasma.com
linuxvpnrouter.com
o2switch.info
jjdbb.info
dylanchords.info
scharrelbeent.puk.ro
osoekt.wop.ro
www.jaksw.com
juiceuplinks.info
sosyalbilgiler.info
micklehamweather.com
czechyra.pl
blizej.info
olyhbvznf.blogdetik.com
antik-group.com
minibookmarking.info
guihuaxiang.com
calculadora.info
nh.gov
sed2.info
dy.33aaaa.info
paolobarnard.info
articles-21.info
oic.lublin.pl
submit-link.info
owebmoney.info
www.07686623470.com
dawnlink.info
tbrmdh.com
my-lonely-wolf.deviantart.com
raving.wop.ro
o53.info
bestsocialbookmarkingsitesx.info
codigo-postal.info
webplus.info
bioecolo.info
billdorman.me
portalplock.pl
elgeek.info
www.mingibugtgf.com
tornadosolos.info
mega-streaming.info
twinkpornsex.com
jixie.jiancai.com
sohisam.info
script4masters.com
omonon.info
vaclavovic.info
azoh.info
www.169ba.com
fera.blip.pl
pumix.hu
zchx168.blog.tianya.cn
pinti.com.tr
www.wort.lu
technicalities.puk.ro
www.fy.gov.cn
teamon.blip.pl
xinlan18.com
www.rws-verlag.de
arusz.digart.pl
4088.me
internetsitez.info
culsexehd.info
accedo.tv
glasses-spectacles.info
investmentpropertymortgageratesokch.info
greentraveller.co.uk
mispicke.puk.ro
bookmarklogs.info
chavoshi-dl.blogfa.com
www.cosmomed.com.cn
cshtrack.com
kogel030.hyves.nl
bozenkowo.pl
michu12355.wrzuta.pl
elkarteak.info
sakurcia122.wrzuta.pl
656bb.info
www.tivi.pl
assecoresovia.pl
cyteaction.info
pbxphonesystemz.info
www.haoword.com
eurobank.pl
sewingmachinesforsale.info
sanbatdongsanhaiphong.vn
hoiquantre.info
aa111.info
overacut.wop.ro
davidos.digart.pl
8090years.info
ooat.puk.ro
www.gazetapolska.pl
magazin-ddl.info
6mbb.co
educationalsoftwarereviews.info
cms4all.info
slotregel.wop.ro
speros.pl
mesxxx.info
milestoneinternet.info
cloudmirror.info
nala.com.cn
bggg.nfdy.net
cayennepepper.info
lankatv.info
lolitacams.info
hghhelp.info
11x.pl
www.meizhou.net
qqza.cn
unconventionalnet.com
hostukz.info
richardcreative.com
www.pinnacle.dl.pl
minal.puk.ro
aichuse.info
www.carol-f.co.jp
5i8.info
planetseobookmark.info
ttes.info
thb.info
www.solarpvsources.cn
bloeken.puk.ro
21cr.info
scigacz.pl
bizzy.wop.ro
52xing.info
e-secretary.info
www.rmlsc.com
cuntbox.info
gile.wop.ro
hewo.210000.org
dressforawedding.org
nk577.com
dice.se
nekowan800.blog101.fc2.com
familjesmycken.se
alexialive.com
dui-nh.info
klikasz-wygrywasz.pl
woshoulu.com
articledashboard.info
link.wancai.info
98mcc.info
lenka2.digart.pl
divshare.info
rcplock.pl
onlinebusinessprofits.info
6av.info
www.ebay.com.sg
wheelsetc.ca
acharyainduprakash.com
krytka.cz
segretidei7euro.com
godx.wap.ai
boomblast.info
articles.ba
aato.jp
prepy.info
myfineforum.org
r8a26.et8w.com
mxvpn1.info
liunian.info
hdantennaconverterbo.9see.info
dofollowwebdirectories.info
sou.wjw.cn
fishlinkcentral.com
alqi-satqi.info
zarb.info
hksai.info
hxjy01.co.sonhoo.com
v-system.pl
utsnyc.edu
ch.taofang.com
eftbanca.cl
xiyugame.cn
webstyles-swedish.info
itschool-bg.info
555xu.com
google.mw
sejj8.info
www.hnsbzg.cn
elgolfo.info
emailadvertisingz.info
rootsana-shopping.info
www.qjdla.com
fairwhale.zqjd.info
chuggington.com
indiaagainstcorruption.com
ip.5w.com
fupukujuj2.prv.pl
lanei.soup.io
gayfree.pl
radzionkow.pl
choicesocial.info
nardynazakaz.info
placewterminie.pl
movirutcamb.blogg.se
varejaonet.com.br
ixda.org
www.netpas.cc
zgweb.com
unhaggle.puk.ro
narzedziowy.pl
www.ayusajapan.org
taroo.info
www.jumin.com
pansitenederland.nl
pozmierzchu.pl
www.accv.es
e-mo.com.pl
samoha.digart.pl
pet.rbc.cn
clubmujersinlimites.info
listbuilders.me
partydepot.com.mx
computerworld.pl
odnokllassnki.info
dubulu.wop.ro
stylebible.ph
obyvatele.cz
btgate.info
muzykant.flog.pl
dungsoma.dmon.com
socialbuzz.info
skyjp.info
domo-to.info
sabre.wop.ro
idm.picgo.info
dregslist.net
investingf0zo.info
ozarow.info
puffyads.info
dehajime.puk.ro
vpsmanagedhostingz.info
tupraca24.pl
mesotheliomaattorneysz.info
spelstal.nl
anzen.m47.jp
com--prize.info
renti520.info
fc-severn.org
asesp.com.uy
ifsp.edu.br
the5mountain.com
adam-sites-for-clients.info
subnetmask.info
ld6.info
lumisfera.pl
belajarblogger.info
cadutacapellistop.it
fqlove.info
catalogr.ru
www.eguilin.org
oldstory.info
www.moguzhai.com
publicdomainmovies.info
dungri.wop.ro
rx.ee
biod.info
zespoljack.pl
indeecairo.info
pkusz.edu.cn
hh33.net
lasky.wop.ro
byarticles.info
utazasiiroda.lap.hu
pdfscissors.info
www.pycx.4f9.org
www.bassdrop.ca
padexplorer.info
shibobo.cn
pharmacytechnicianhq.org
mdu.edu.tw
seo2rank.net
ilyas.info
jarx.pinger.pl
www.denka.nl
socialbookmarkinglibraries.info
server-list.info
sportarena.sk
xxcca.prv.pl
www.jipao.com
casehall.info
socialbookmarkingreview.info
f835.cc
wie-ratna.com
sweetrevengefl.soup.io
www.hgzhen.com
asko.fi
aaugymnastics.org
healthcity.be
juzt.flog.pl
freetoysforall.info
universityofcalicut.info
www.urra.cn
b.nrlm.info
forum.vuontinhyeu.info
sevilla.org
diggit.com
mydirectoryonline.info
bedroom.co.jp
air.7kt.info
daili5.net
www.ss256.com
purrfectholiday.co.uk
350922.fjsnw.cn
zhdy.ru
www.mallweddingdress.com
knobbel.wop.ro
adamolly.com
www.uchwyt.pl
misute.wop.ro
fnbf.265link.com
pw.rptop.net
topaz.timelog.jp
www.wesbud.pl
disclaims.wop.ro
fortlauderdalelawyerz.info
tut-online.ucoz.ru
27324.info
migrainesngn.info
gbkk.info
dinleyelim.org
sunna.info
dealseo.info
fantasiesinglass1.info
www.daohang666.info
paoxun.tk
utilitarisme.puk.ro
mensajitos.info
collected.info
sikaruni.wop.ro
126s2.126slagle.com
activator.com
www.mente.cl
pandorabraceletsuk.yhfo.com
lvcorsetti.pl
deco1-1a.secry.net
sunnydaysinsecondgrade.blogspot.com
www.100sorrisi.it
gejuffer.wop.ro
bookmakarmy.info
bainternet.info
ogyx.265link.com
www.yaotome.jp
easylife.tw
al-moasher.net
freeby.puk.ro
jacter.wop.ro
bozhounet.cn
mobipay.ge
auren.pl
kaneduka.wop.ro
yanan.jzsx.org
pruj.info
tubexxxhd.info
regzone.cz
flodeau.com
erikshosting.com
942942.cc
stampya.jp
nodong.org
andriy.info
kemis.pl
elweb.info
dormilosa.wop.ro
rl-tech.info
dolce.pl
atayr.org
skedge.me
ir-tube.net
www.xxnn.com.cn
dulichtet.info
www.xhiz.4f9.org
myhate.pinger.pl
kimipe-movie.jp
swe.pl
m1.10bt.info
51fanpiao.com
dysgeoge.wop.ro
coffeeshopdirect.info
tecnicaindustrial.es
www.gycom.se
agnieszkam.digart.pl
docbook.org
newmarketdirectory.info
aike01.com
earnprofitsguide.com
max4live.info
gamesproxy.info
bauer.com
www.1dxh.com
mozilla.jp
varagund.edu.pl
craigslist.be
flushblast.info
ing.pl
herrensi.wop.ro
hk.biaogeer.cn
seikakushindan.info
rumli.puk.ro
telegraf.by
lohr.wop.ro
222262.com
fl-studio.pl
kollymovie.com
onwaweb.com
yadikar.com
automobilklub.org
mbtantishoeuk.info
csr.lap.hu
isodirectory.info
ai59.ndw1.us
samiajiklinik.com
en.wikibooks.org
www.abtechmed.pl
nocy93.gportal.hu
zeleki.wop.ro
quotediary.me
torrent-polska.info
bestsitevalue.com
magpieseauto.ro
capitalinvestmententrantscheme.info
organiczne.pl
affligeons.puk.ro
baise-anal.fr
as-garten.de
layert.ru
banereko.wop.ro
w7ph.ru
bbog.nfdy.net
ictwiki.org
hupan.net
znajdzkuriera.pl
eloproject.com
021dlwl.com
taria.blip.pl
redpages.ph
adelanta.info
affiliate-stores.co.uk
centroesteticopadova.com
artportalen.se
intellipoker.pl
barrenn.flog.pl
blog.nguoiaolam.net
bogdanauto.com.ua
bookmarkshub.org
bqspa.bqspa.net
briantracy.jp
tradingacademy.net
bud-man9.webs.com
castsoftware.com
cetis.ac.uk
chsou.com
ciftcioglumobilya.com
cx987.cn
doedels.puk.ro
er.cz
farmec.ro
floral.wop.ro
folle.puk.ro
footballteam.pl
forum.od.ua
freesbmblog.info
gb9.9998.tv
aleph-dach.ch
geheimka.wop.ro
gotbusinesscards.info
gruppobm.it
haidea.wop.ro
hainan.1775.cn
cheannunci.it
happyet.org
homologuons.puk.ro
hospedagemsemlimites.com
hotbbs.us
hzkn.nfdy.net
ifwiki.org
ikarus.net
income2.jp
interlanguages.es
investirmobilhome.fr
kongbu.3199.cn
iida.jp
ksppolonia.pl
mameo.info
moud.wop.ro
e-pal.me
msmb.prv.pl
mybigdirectory.info
mzintna.com
nairan.wop.ro
vilolaeg.wop.ro
nau.edu
pluche-kattenpakken-kinderen.istats.nl
pondomaniak.pl
purelynsfw.com
reisenwe.wop.ro
www.ceodh.com
efewfef34e.com
roque.wop.ro
salmon.wop.ro
sannou.wop.ro
ttkt.nfdy.net
tvn.blip.pl
nefcua.info
xj7.info
vsluh.ru
wapdam.us
wuyuetian2.diandian.com
www.a-pk.pl
www.gfnet.tw
xoops.ir
www.hzjg.net
www.jktxt.com
auschan.org
www.jxedt.cc
www.linyixian.gov.cn
www.neuron.pl
linearlawenforcement.com
www.gyxww.cn
appartement-calfven.istats.nl
summary.net
voipphoneservicezs.info
www.taobao-6.com
cuis.org.uk
6dsd.nfdy.net
www.welnis.nl
www.yy5678.com
picturesindia.com
yidana.wop.ro
balked.puk.ro
www.ktel.pl
discouri.wop.ro
groteoorlog.be
parhikuni.com.mx
horikiz.com
ne35.210000.org
www.vvgi.nl
www.modele.oh.pl
foudemusique.free.fr
onaman.net
datket.net.vn
nyu-subs.de
groth.digart.pl
cassini.ro
wwjj.210000.org
www.coenen.nl
netarena.pl
meeslepe.wop.ro
xpmc.56dvd.net
mensherbalpro.info
xisaq.digart.pl
www.500hc.com
xkfi.nfdy.net
gorakhpu.puk.ro
banjin1.com
rfpmart.com
mesto.zp.ua
www.t-z.com.cn
fobomade.org.bo
paraplubak.puk.ro
chachala.com
keyhangers.dk
eltiempo.es
rankchecker.gr
ooftkeld.wop.ro
www.klwww.net
episke.wop.ro
afschuww.puk.ro
puzz.wop.ro
primary.tongzhuo100.com
mdyyj.taobao.com
sihatu.wop.ro
www.jy8858.com
cbclansing.org
getty.wop.ro
www.cvdm.nl
cherianews.info
ofres.cz
literallyinspired.com
free.vipiu.net
e-shuushuu.net
javatpoint.com
chimonan.puk.ro
multichannel-publishing.info
56dh.com
revesa.wop.ro
www.gan90.com
nurcellmovies.info
5888.jjliao.com
www.xenxc.com
mail.bift.edu.cn
rainux.org
scassino.puk.ro
xbeta.info
dourody.pinger.pl
nkkk.fw.hu
myvetsfirstchoice.com
olx.ba
xliekeduenk.hyves.nl
bonbon.lap.hu
www.czi.cz
ompyme.com
recordcollectorsguild.org
ukirast.hyves.nl
toutporno.com
www.yunvtupian.com
www.nv.gov
www.netjunkie.ro
nsp.bg
mocnyweb.pl
www.skysq.info