bienxanh.info
vipc9.com
youngvoices.nl
purem.digart.pl
mvgk.265link.com
estampado.puk.ro
cad999.net
8e6s.qiwen5.com
nokiapp.com
www.pravopis.cz
www.westra.cz
tms.pl
pelapton.pl
qambo.de
tutticap.it
www.520crdy.com
wennigsen-deister.de
dby.jp
www.avgirlinfo.com
www.runker.net
www.devep.net
walletking.co.uk
www.jcdecaux.cz
marimari.info
www.tbao8.com
dension.com
rukahore.sk
benfford.com
cleanglobe.com.tr
www.mm798.net
ukasky.com
www.jphsw.com
lady.56.com
wookz.com
taiyosha.co.jp
iroquois.fr
sslcommerz.com.bd
kafunsyo.wop.ro
www.5yy.cc
brummiclub.at
www.x-fy.cn
filu89.digart.pl
www.didiao.info
bbs.zm7.cn
epaule.puk.ro
www.drv.nl
www.chasaobi.info
riddle92.tk
iasworld.com
www.ahhn.net
animeron.info
ohl.es
kumo.digart.pl
talentjobs.in
northantset.co.uk
vertex4.com
sajlent.soup.io
kobus.digart.pl
dansukker.dk
lo2test.tk
my-jewels.net
swildens.fr
www.666za.com
a.mobantianxia.cn
coglinked.info
premiumcovers.net
okpo.ru
huangjiamifang.1168.tv
oouda.wop.ro
alc.ca
entam.soup.io
www.jxsme.gov.cn
www.bb520.tk
army.cz
iroonimarket.ir
adonai.puk.ro
fanlidg.com
www.youhry.cz
mk-portal.org
videosexe9.info
cl.orc.st
prentbri.wop.ro
192.dk
splesh.net
www.zzmjjx.com
fers.puk.ro
fabgifts4u.co.uk
stream-movies-free.blogspot.mx
dipascha.puk.ro
meteo.si
icebergbux.ru
cs-frukt.ru
sz.58.com
instantssl.com
edu.78.cn
open.zing.vn