www.cisnet.pl
videosexe9.info
yougedi.com
www.xirang.asia
dicts.info
zhuan.cc
www.csll.ro
mail.hbu.cn
ama.com.au
perueduca.edu.pe
qwickup.com
pornohd69.info
egitimhane.com
brstar.ru
www.creativeloafing.com
www.awai.pl
mrd.hu
guihuaxiang.com
oreignin.puk.ro
cxjyxx.me
imageserve.info
exxtra.blip.pl
schiwi.de
ccftn.com
chachala.com
nsx.pl
shop.warau.jp
hc.am
www.yunvtupian.com
kunstvaardige.rembucher.doorstekingen.lancinera.wwwwww.wop.ro
ekr13.info
nsexpert.com
www.kreanord.org
rupostel.sk
www.xfedu.cn
libertas.pl
se.kxjqz.com6755.312408.info
skytube.jp
best-home-rate-refinance.com
administrerions.puk.ro
prwv.info
www.xxx400.com
simplify.de
fers.puk.ro
abgaberaten.puk.ro
www.tqibao.com
tmdesign.cz
paganfest.eu
xixichengyuan.com
imod.pl
vs.am
www.msn-stuff.startbewijs.nl
i-x.com.cn
shrednations.com
hostingreviewz.info
harford.edu
www.tao73.cn
mgc.blip.pl
bmw7.prv.pl
www.nebiba.cz
gevent.org
xvideozlive.es
cai.it
www.corus.nl
www.cekol.pl
vhao.nfdy.net
shinkoue.wop.ro
darklord6666.blogspot.com
www.depvt.nl
team-fps.de
xixidieyuan.com
chinatpm.net
cmr.blox.pl
www.arhis.ba
bewaste.puk.ro
www.henaiwan.com
linkspropeller.com
anisiade.wrzuta.pl
wap888999.net
efri.puk.ro
consumer-rankings.com
www.sdw.pl
tanie-pozycjonowanie.pl
lunatic.elk.pl
am.com.mx
rpme.com.br
byqz.k3y3.net
324324.name
blox.pl
zen.blip.pl
www.0455.gov.cn
ks.77jx.com
candportalen.dk
epac.to
downloadpaper.ir
www.cccljt.com
biteyw.taobao.com
ccn-ecp.or.ke
jfcpphb.org
tetoraka.wop.ro
www.cnysji.com
www.yytao.com
www.oradev.net
jpberlin.de
na-zed-tapety.cz
topporno69.info
tweag.wop.ro
quockhuyen.vn
kohasport.net
admin918.com
cydcb.78.cn
dkle.in
hkjga.hk
tubexxx18.info
e-review.tv