www.13366.info
upcastsocial.com
annelipie.moonfruit.com
scooped.info
jiapei.cc
finansosfera.pl
www.sexinn.cn
sportbalans.ru
gsf.66law.cn
interviewhelper.org
sjz.zg2sc.cn
ppwx.net
medosite.info
sh.meituan.com
www.yteduy.gov.cn
worldmobile.jp
qipai.360.cn
warface.web.tr
ideelok.com
iverk.puk.ro
brekings.wop.ro
pbahuazhuangpinzenmeyang.tuita.com
actmyself.com
arcansas.com
subgurim.net
www.polimex.cz
se463.wooee.net
shanx.aiao.cn
cubaupdate.blogspot.com
ipscannerportable.3jx.info
dailygamecock.com
bidoom.com
nuvisionfederal.org
www.91bobo.info
rac.rakuten.co.jp
clalitblogs.co.il
xosotructiep.vn
sphoorti.org
skoda.at
university-college.com
surefiremarketing.com
www.meirelse.com
leetcode.com
justbabesandteens.com
news.net
pzdbg.t.chinago.cn
www.hhaavv.com
a1510.oadz.com
wianna.hyves.nl
188w.210000.org
kinhtevadubao.vn
www.mitu123.com
albastpa.wop.ro
easypooltutor.com
geausculteerde.puk.ro
www.asdev.cn
twoezdorove.ru
51hsz.cn
refresh.jogger.pl
www.kphbyx.com
nextwebmedia.pl
mymotor.fr
35td.cn
www.sf37.com
www.htxlrz.com
localnewsnow.org
tulane.edu
chapelhall.info
aust.com
droitdivorce.com
sexoztry.bloguez.com
0wnenstein.deviantart.com
chembj.com
jibika.wop.ro
webcsr.info
www.illi.ru
www.126egou.com
pebkacerror.com
getbb.ru
eazoru.puk.ro
noticiasdamoda.com
u.xunzai.com
www.shaczs.com
ekobiznesy.pl
www.lrcwww.com
clipxxx69.info
nettenestea.com
psicopedagogia.com
freetv.com.au
rsu.ru
designerwhey.com
bqspa.wqjygl.com
rics.org
sylwiszons.digart.pl
www.screw-news.com
bookmarkone.info
coolbb.net
makeovr.com
hadd.puk.ro
www.zztongyi.cn
premorir.puk.ro
themestore.info
www.bgs.by
chichi-rimayansy.com
olafl.de
toniu.digart.pl
gzip.org
concursosweb.info
qianwancaifujiaocheng.info
sanyo-i.jp
odorata.wop.ro
areyes.info
xkw.me
groei.wop.ro
graphicdesignforum.com
govannijean.com
repubblicadeglistagisti.it
fiwaga.wop.ro
komeyama.puk.ro
chelywright-wishmeaway-fullmovie.blogspot.co.nz
jahonnamo.tj
myinternetdirspot.info
infoga.puk.ro
aopn.zxq.net
thejewellery.info
prairiet.puk.ro
horrormovie.it
coseyes.com
autho87.fr
solaratacama.cl
mondfluege.puk.ro
lcc.com.vn
ecoartenterprises.org
plymslayer.com
autotimes.com.cn
cu17.eg258.com
cyberbiznes.pl
alldebrid.org
qink.net
www.ehrenamt.de
ooj.pl
forums.co.nr
12playgames.nl
www.badu.edu.tf
myklamath.com
assamese.wop.ro
rippedbodybuilding.com
chongchuang9.sdthsk.com
www.zhenru.com.tw
beauty.mz16.cn
www.cfi.net.cn
porntubepromo.com
f1.97hy.info
bloggernow.net
mrpizza.jp
024anmow.com
ogfitness.com
qsr.mlit.go.jp
encourez.wop.ro
radiolamp.ru
createmyworkout.com
scandinaviantours.ee
17fav.com
www.paipai971.com
8th-anniversary.blog.so-net.ne.jp
miniseotool.com
www.db3.org.cn
ns.cn
dzukijosbaidare.lt
www.39ik.com
e-51.jp
main.puk.ro
mossyhearth.com
ozdd.210000.org
whomex.com
www.cjhj.org
intradis.puk.ro
nuotiate.wop.ro
e-cyfrowe.pl
e-mba.ru
overspri.wop.ro
eyjan.is
fondationdelamodedemontreal.com
sumitk.net
hhkk66.huijucn.com
19qq.co
higawari.co.jp
is-sec.org
sro-mosk.ru
tourisme-aveyron.com
poloniaonline.eu
derentwe.wwwwww.wop.ro
sweethome3d.com
cylm007.blog.163.com
ecoassist.org
676867.com
fb-timer.info
www.bubble.nu
meida.wop.ro
4730177.blog.51cto.com
fleen.com
bintig.wop.ro
osbichodomina.com.br
efate.puk.ro
fai.org
fug5.com
www.361fz.com
topics.a-thera.jp
0hb8.qiwen5.com
www.360xingai.com
paned.wop.ro
rubberwa.wop.ro
sie.xidian.edu.cn
hsbaobao.taobao.com
cavy.wop.ro
www.xyzkbw.com
klubzixo.blip.pl
soaz.artblog.fr
hz.58.com
officeaccommodation.info
tmdesign.cz
gh.beijingyiyuanguahao.net
merlspik.puk.ro
dancehallcelebrities.com
xn--brsensim-n4a.de
spoofi.ru
enrique-iglesias5.hyves.nl
chsou.com
yctbw.com
cricketfansforum.net
xipe.wop.ro
mm.567kx.com
radne.se
hella.com
www.sexio.nl
ons5.info
sanbatdongsanhaiphong.vn
www.xindumall.com
www.gts.hu
muitomaisurbano.com.br
sublimedirectory.com
66bobo-723a.tumblr.com
otolista.pl
evotrade.ru
phonecardchoice.com
wweec3.066p.com
ecomagazin.ro
xirrus.com
pk.58.com
over-blog.com
jushangmei.com
xxxasapxxx.info
www.56.com
crear-paginas-web.blogspot.com
junhuili.com
amiravids.com
www.blog.cz
tracara.com
narzedzia.com.pl
shiyuanweichangling.1168.tv
kaizer-rohan.hyves.nl
48h.tw
jteph.info
etescoma.cz
www.shlytj.gov.cn
lettersandscience.net
bbs.com
kudel.ru
www.syly114.com
yyx777.com
www.98abcd.com
inerciaonline.com
www.labweb.cn
urdrcdh.info
opendata.ie
latemodelrestoration.com
www.6kerulet.hu
housebbs.info
www.bzi.ro
makemoney.com.pl
www.85cafe.asia
ozgurdunyam.com
maritime-executive.com
magyarosizek.hu
zx.wenkang.cn
www.alidora.ro
nonwovenbags.blog.163.com
bbs.longrich.me
aamirkhan.eu
www.9637.com
brother.cn
ethiopianmusicvideo.com
megan-summers.com
kt37.qiwen5.com
strefa-hostess.pl
eduresource.info
agoraemais.com.br
jelisaueta.wop.ro
realestatelicensefc25.info
lisacapm.com
www.scanpack.pl
4bb.ru
noitamina-brs.jp
xn--slgerlistk-t4ah.hu
haoco.net
pengadilanagamabangkalan.com
in.relation.to
www.jrgo.net
w.all.gd
www.zhaoxian.zj.com
top.togra.pl
juliet-knight.pinger.pl
www.homemade-porno.net
www.sypt.cn
florere.wop.ro
www.dobrand.com
python.org.br
hostmaster.ua
swissreplicaswatches.org
mtn.com.sy
www.fritzbox.eu
skaberakket.puk.ro
nairai.wop.ro
ttlrs.com
www.fiyung.com
tordent.wop.ro
tulanefml.com
subjekts.wop.ro
ent8.info
sharmyman.org
kontaktkalender.de
statscity.com
nbww.265link.com
bookmarkingtrack.info
www.kaixin0454.com
www.sclyx.com
laetitia.ch
xn--mbtx10a8v6a.com
win8help.ru
www.gxtv.com.cn
www.y568.net
santiago-compostela.net
www.6bar.cn
www.furong8989.com
d4q.info
trisquel.info
www.ylusb.com
magnesite.wop.ro
amhg.210000.org
feestwinkel-groet.istats.nl
www.bard.pl
eerstkom.puk.ro
yu198919.asiapump.cn
www.xiaomakeji.com
imidogen.puk.ro
thesalsas.com
webs4soft.co.uk
www.bjzaoju.cn
freesexe1.info
zlqsyofj.freeblog.hu
outfool.me
allplanethotels.com
www.cem5117.com
4einstitute.jp
szepulj.hu
www.waguankuaican.com
toekachels.puk.ro
iceage2fullmovie.blogspot.ie
mutq.net
www.jpyddy.info
jnfeichi.com
www.17wyx.net
black-white.achtung-hot.net
liveblockauctions.com
cardboxes.ru
shads.puk.ro
renault-bg.com
xxxlicks.info
fbyu.nfdy.net
www.wanqianjiaoyu.com
houxiyang.com
ahlibeyt.az
www.bmvb.nl
www.idealchat.nl
gitapack1.com
678bc.com
mediaanalys-newsroom.se
www.xiangpaoshu.com
midiaville.com.br
foxchasebank.com
www.hhh21.com
www.buylsw.com
www.8fa.org
designtist.org
bookmarking2site.info
jackmoneymatters.com
sejutablog.com
travian.cl
anobis.ir
ikirov.ru
19yxw.com
swarovskioutlet.zipea.com
justlittlethings.net
praktiskskyting.no
mayasolar.mx
eeria.soup.io
bianxingjingang.3199.cn
www.houzi.in
www.21831.com
hgxh.5d6d.com
lovekino.tv
hclaney.flog.pl
openappmkt.com
monshinh.puk.ro
klaszczgdygowidzisz.pinger.pl
churchclipart.net
download.it168.com
velvetsun.jp
www.edu-yj.com
edulandia.pl
brugner.greenchannel.ro
yxnr.210000.org
quiltvertiser.com
www.tddx.net
www.shisu.edu.cn
electricquilt.com
ampliass.puk.ro
www.gzsht.com
groffo.com
eetcafedeoptimist.nl
3cwl.qiwen5.com
youcha.net
tvv-battlen.com
www.styazhulv.com
eegarai.com
www.168w168.com
www.vejaisso.com
online.ge
www.taojitang.com
princesscruises.de
fishki.net
rightnow.io
feerie.com.ua
sekretystronwww.pl
www.gjdly.com
ojyosama.jp
www.wedding6688.cn
osandroid.cz
causesofmigrainesej4e.info
www.77xbmeinv.com
pornescape.info
bth.eu
lazanzara.info
szsxshwx.com
www.hao1234.org
580zx.net
ledbox.es
superdiosas.com
classicsexyvids.com
www.i-tour.com.tw
phyllida.puk.ro
www.jinyin001.com
eekhorens.puk.ro
hzsyw.cn
animaeducacao.com.br
roechels.wop.ro
cherish-due.com
baya.tn
iandeth.dyndns.org
49yc.us
futloos.wop.ro
www.filtre-auto.eu
dermoosseous.puk.ro
www.uuu25.com
haubaner.sunlight.lontana.barverka.wwwwww.wop.ro
moonloh.com
airo.web.id
binaryoptions.ws
wallpaperwholesaler.com
doode.digart.pl
dicavit.info
hureca.fr
sdmesa.edu
ind-x.co.il
escapetheratrace.info
theitpgroupir.com
www.ingdirect.es
midlandsradio.fm
cucardsonline.com
nmb48.com
www.azdh.net
matase.puk.ro
fysiotherapiedetriangel.nl
audiorise.com
mybbq.net
hsmaps.com
3ntq.56dvd.net
lsf-samp.info
www.anlianba.com
www.7788zy.com
webprofiters.ru
hodade.com
polow.net
shootinggamesfree.org
tetoraka.wop.ro
inmsk.ru
ykcp.265link.com
g.lava.cn
nnfp.210000.org
piroth-kommunikation.com
svenkubiak.de
sopan.info
www.wxzysj.com
balconyshirts.co.uk
psearch.yahoo.co.jp
diltoo.com
sunomusic.com
ongameshop.com.br
eerduosihuameida.fdchs.cn
www.5151idc.net
custamo.com
penspinning.pl
splove.tk
www.diveadventures.gr
audiclub-kreis-bergstrasse.de
mmrt-jp.net
www.judo.ee
onlineadvertisingfree.info
hostaz.in
syuen.wop.ro
funportal.ir
smokeshop.cz
o.stanacvx.orge.pl
www.nvjdfiddis.com
franklincountyohio.gov
sluzbazdrowia.pl
myunlimited.us
awayaway.com
chizys-spyware.blogspot.com
kurse.maz.ch
carolepope.com
genealinks.com
dumbbell-exercises.com
meadowridge.com
luoma.biz
5centcasino.com
d-navi.net
www.bjyuanlai.com
www.wabei.com
www.511dh.com
23qz.nfdy.net
www.tantasalute.it
pearlsforteengirls.com
www.bobo90.info
www.avs.xxx
anti-cream-wrinkle.info
ciftlikoyunlari.org
www.lzshishicai.com
destripacuentos.wop.ro
xyun.com.cn
rubberdoll.net
skiresort.de
starringwebsites.info
www.ninbobaibu.com
drupalfrance.com
dcrw.265link.com
8fn.info
sad-heart-break.com
gxka.qiwen5.com
mv-muehlhausen.com
zoo.jwda.net
www.ttt999.net
www.ccjy.cn
seo51go.com
www.multimed.hu
198wap.com
www.blogsvin.dk
recherche.epfl.ch
effectua.puk.ro
prfolks.info
www.aisex.com
abalardi.puk.ro
blairauction.com
feiseyouhuo.com
w668.info
kgt500.blip.pl
netbutik.dr.dk
www.sogou.com
erozrywka.pl
wap.bbs.chunai.us
silja.wop.ro