www.7723.com
impresa.wop.ro
tietoenator.com
seo2b.de
dunsmuir.puk.ro
duplican.puk.ro
eviden.info
duplexs.puk.ro
news.8hy.org
dupuy.puk.ro
duplan.puk.ro
durchfliegenden.puk.ro
duskines.puk.ro
kugou.baiduddt.info
gamecash.fr
cctv1.cntv.cn
yearner.puk.ro
toildepices.com
bbs.zm7.cn
www.d0yf.4f9.org
www.iventownia.pl
www.xbaax.com
dusken.puk.ro
realdeodorense.com.br
seonovichok.ru
www.jhl.fi
jobanova.it
miona.wrzuta.pl
dancebox.biz
besttheplace.com
chesscircle.net
kefallin.puk.ro
www.njlyhj.com
landde.puk.ro
raimundos.com.br
miyada.or.jp
revistasiquiero.com
durstigeres.puk.ro
nyste.wop.ro
zx.dl.wanmei.com
basser.puk.ro
awa-net.net
newton101.com
canada-goose-parka-expedition.aunewsby.com
waybackmachine.de
bgtechnology.pl
www.bjzhanpeng.com
cimaco.com.mx
www.chamm2.info
jak.cyp.cz
dv888.info
hubmilan.com
naziverl.wop.ro
leszczynka05.wrzuta.pl
www.jimi007.com
dussin.puk.ro
imcbasket.ir
cb.ac.th
achtenswaardig.puk.ro
udmr.nfdy.net
www.277tv.com
sports.sbobet.com
buscaticket.com
www.rsrc.net
duurden.puk.ro
dvd.jiusepian.com
dvcd520.com
senderwilinkpdbr.com.br
40gvps.com
snap.at
xiphiura.wop.ro
diesem.wop.ro
promod.co.uk
lidl.si
dvbsat.nl
itbites.com
ropeg-kemenkes.or.id
sprachla.wop.ro
pornbig1.info
stihl.es
yukiti.wop.ro
vlc4.qiwen5.com
sidura.wop.ro
soundraum-radio.com
drumde.puk.ro
icecream-sandwich-android.blogspot.com
yousmi.by
www.70kk.tk
123123.net
onlinecurrencytradingz.info
bekutoru.wop.ro
drotyjyo.blog.com
drugbuyersforum.org
gulnur.cn
newsdemon.com
now.com.hk
drozfans.com
www.xsbaxx.net
xhtmlforum.de
www.12520.cc
mon-portail.com
wowa.cn.ms
drosja.puk.ro
drumm.puk.ro
e-rewards.co.uk
coumarin.wop.ro
toalla.wop.ro
malezi.ir
welgeval.puk.ro
impassionately.puk.ro
madameshi.org
discover-syria.com
fuzhou.bgo.cn
wealth-4-all-team.biz
agarik.fr
science360.gov
bvpa.org
ferienhausvermietung-buschbaum.de
dvd.start.be
dvd.se.gp
dvp.gportal.hu
zabzaa.com
scegli.puk.ro
dy16.cn
dynasty.puk.ro
mclv.nfdy.net
fioreperu.com
www.4567.com.cn
www.dy120.tk
poker.pmu.fr
tilburyriverside.co.uk
pqcf.nfdy.net
millersb.wop.ro
mx2.php.net
miumiushops.info
ek-se.net
dwaalpad.puk.ro
dypsindighet.puk.ro
dyr4ik.ru
aaheroe.info
editoraculturacrista.com.br
www.kmbao.cn
arenaria.puk.ro
www.dc.gov
rian.cn
rockmetal.pl
ecodepot.fr
sql-articles.com
enagsterar.gamerdna.com
ipscannerportable.3jx.info
ping-ping.cn
www.eshop15.cn
diyff.com
www.hwfanli.com
absatzer.puk.ro
dzjg.78.cn
demo.yarsoft.net
www.lf4k.4f9.org
www.hdycw.net
jingtianqr.1168.tv
blackwell.com
e.6186.com
eagarville.puk.ro
bloggerviet.com
unchallengeable.puk.ro
earlybra.puk.ro
xit.me.uk
4305.cn
eakon.puk.ro
tyhplvhh.b2b.hc360.com
guanaja.wop.ro
easternfront.org
duwu.nfdy.net
www.cyrfr.info
rn06.cn
bwaps.cn
heves.wop.ro
kmxr.nfdy.net
namuya.puk.ro
dajuren.com
bagtjuh.zoom.nl
cramponnes.puk.ro
mfht.1168.tv
schnaken.wop.ro
coolcare520.co.gp
www.xxoo.be
oez6.k3y3.net
me.gr
www.bacausport.ro
mcu.edu.tw
ipnotizz.wop.ro
blog.sliderweb.ru
relevatestreaming.net
free-sites.gr
startutazas.hu
turktechnet.org
www.16v.net
www.stjs.com.cn
e-brainers.jp
bonspneus.fr
rationalwiki.org
dempa.wop.ro
susan189.hyves.nl
cadd.puk.ro
boogabag.ru
www.aikb.in
ariesinnovations.com
teshufuhao.com.cn
earncashwithbusinessebook.info
eastkb.com
easyukulele.org
fr.tralandia.si
www.xxx71.com
eber.puk.ro
www.jcde.net
correct.nl
information.de
umreisst.wop.ro
eazoru.puk.ro
petliferadio.com
www.skilledgaming.info
mc-com.de
ebbinghaus.cn
fabiolahanna.com
ebitomo.jp
toa.jp
okwc.nfdy.net
the-artist-full-movie.blogspot.gr
www.ckm69.pl
ebony-pantyhose.com
misshi.wop.ro
exposeyourwife.net
germanamateur.info
eblog99.com
eburg.mk.ru
eborna.puk.ro
hispace.info
www.nvbao9.com
www.azbus.net
www.jlzz.cc
www.cnwu.net
sbh.org.br
tonke.cn
eccs2012.eu
www.mmy.cc
rexelonline.it
degenerierende.puk.ro
xkfi.nfdy.net
journeyman.cz
echigona.puk.ro
qovddy.info
fivefreeapps.com
whois.ipcn.org
asahi-slimup.com
hongyuh.wop.ro
follow.rengang.org
allmalaysia.info
dzz.cc
lapommedeterrepompadour.com
permainan.co.id
www.9art.pl
ecogreenglobe.com
ecomagazin.ro
ecoassist.org
ecoartenterprises.org
econ.st
ecorants.com
econocasualties.com
iklanbaris.co.id
swofford.wop.ro
clubestrelladelsur.com.ar
tlyr.nfdy.net
mkb.uwpagina.nl
gumis3000.flog.pl
liflaft.wop.ro
kiezeres.puk.ro
54aaaa.com
kotalog.net
r8a82.zx566.net
ite-sy.net
fixeren.skalpell.euwww.wop.ro
www.cosmate.net
qk.soup.io
loveit.pl
dsmweb.org
www.cdm520.cn
www.idkids.nl
www.gkin.net
usalinkdir.info
dentcentrum.hu
font.cc
verekedosjatekok.eu
muratorplus.pl
gries-deco-company.com
hipnotikrecords.net
gainingweight.info
futbolpasion.mx
wdis.co.uk
ectoenta.puk.ro
ectingu.puk.ro
kowaza.net
www.slipstop.hu
massivebookmark.info
www.nasm.us
homeopatia.info.hu
eddies.puk.ro
www.levente.nl
aimangz.es
eda.com.vn
usa-monsterofficialweb.com
edemic.puk.ro
edhawken.de
sjms.me
feigd.puk.ro
sekla.com.br
kindlers.affronts.wwwwww.wop.ro
gothique.wop.ro
editorn.puk.ro
edgeperspectives.typepad.com
editpc.puk.ro
educatedbyerrors.de
clubhipotecario.com.mx
jinghuank.com
crop.wrzuta.pl
www.mtv.ru
9999.3199.cn
banjerma.wop.ro
www.o2.cz
camers.info
programy-afiliacyjne.com.pl
setai.wop.ro
zoot.nfdy.net
1800sailaway.com
voyeur.wop.ro
imageglobe.be
hellwaches.wop.ro
uploadvideos.tv
kino-online.name
tachki.md
battlefield.info.pl
ilovemountains.org
ignoreerden.puk.ro
urban-fighter-full-movie.blogspot.nl
www.jijianyan5.com
symbian-developers.net
19ie.k3y3.net
yoremguncel.com
www.alacati.oteller.name
educar.puk.ro
bawabali.com
achigan.net
www.moweishan.net
tool.babaw.com
dcourier.com
bunno.wop.ro
yijiadh.com
trammelh.puk.ro
www.xgnzl.net
saillink.com.cn
junanmiaomu.com
nanamizuki.info
www.morpheous.nl
scooterreviews.co.uk
www.xs222.com
marquerais.wop.ro
edlene.puk.ro
enemalta.com
zzdfpj.com
loungebar.li
j-tajiri.or.jp
tubexxx18.info
vriespun.picene.zinba.senensei.wwwwww.wop.ro
dvdcovers.online.fr
shahab-moradi.ir
event.ru
foxcarolina.com
pucminas.br
www.qxto.net
mediajobs.it
www.123dbc.com
betapark.co.uk
anzay.soup.io
jxsk.net
aten.com
excitecabal.com
zhqq763.5lg.cn
www.ist-tkn.de
socialsubmissions.info
truetravellers.org
www.ejdz.cn
bowenengineering.com
fullacera.com
tiantianse.info
www.766222.com
norgai.com
schwarzes-rheinmain.net
nsdesign.co.uk
positionsensor.org
aiaigime.nl.ae
vf.is
eduresource.info
bezoom.puk.ro
carnivaldoll.deviantart.com
pc3106001333mhz.7ic.info
eekhorens.puk.ro
joden.wop.ro
effectua.puk.ro
www.semjl.com
theomani.wop.ro
sewu-cat.com
consumerdailynews.info
www.fn7.cn
araiaa.jp
www.bmt7.vn
globeslist.pk
utro2.ru
khothietbi.com.vn
www.vegjd.de
bbs.huyunlei.cn
nini-baikyaku.biz
eerstkom.puk.ro
stargateuniverse.fr
effarouchiez.puk.ro
ingresso.com.br
domovest.ru
kozlovasandra.ru
emusar.org
xeig.nfdy.net
eerduosihuameida.fdchs.cn
peterchen.digart.pl
forumotion.info
hotelpuntanord.it
eeria.soup.io
efestival.hu
wormsway.com
dip-net.co.jp
effilons.puk.ro
www.boxing.nl
homesteadcompany.com
ukdirectory.com.ar
sjzsfjx.shop.qihuiwang.com
www.hx-my.com.cn
lg123.info
my96669.com
gmc.uzhgorod.ua
my.com
neuentdeckten.puk.ro
cast.org.cn
www.0714.com.cn
sheepshow.org
uetu.reexperiences.wwwwww.wop.ro
komonsen.wop.ro
www.xxbaobei.com
rincorrere.puk.ro
trener.pl
www.28bisheng.co.cc
av.pl
effluvium.puk.ro
free-credit-report-government.net
efterforske.puk.ro
effrita.puk.ro
moip.gov.ck
roumon.puk.ro
zalgiris-vilnius.lt
egiptoviaje.es
www.cuteseo.cn
aym.100hg.com
kogeatletik.dk
www.postausmeinerkueche.de
vdio.265link.com
onelifekennels.net
www.aisedao.com
chaffcut.wop.ro
tsevetiki.ucoz.ru
downloadindex.info
www.012san.com
xrush.cn
norwexcs.com
modernhippiemag.com
www.modele.oh.pl
mpg.in.ua
gregorian76.digart.pl
shads.puk.ro
www.52letv.com
artikelweetjes.nl
xtec.cat
mxyl.nfdy.net
estar.cc
www.konyari.hu
hays.com.sg
ahrtos.de
www.fxxyy.2008red.com
spiegelburg-augsburg.de
www.tarac.nl
www.florimed.si
emudigital.net
kasugade.wop.ro
protectiondegreez.info
luveboat.com
bidn.com
www.eveline.hu
mdoff.blip.pl
www.olx.no
www.andyfeld.com
mapofemergence.com
www.sexjk.com
voursa.com
agoda.cz
pps.7k7kddt.info
www.runhetianze.com
edhelnald.com.pl
screweb.com
56.96520.com
rg0.info
a.chip.jp
avt.pl
santeh-mir.com.ua
www.usma.edu
inca.gov.br
sur.digart.pl
smartoption.jp
quizzing.in
italas.ru
webs.com
www.siusi.it
jinta.678114.com
multimedia.com.pl
yahtzeeonline.org
newconnect.pl
werkmanskaarten.puk.ro
www.phimtamly.phimxyz.info
dqbk.210000.org
chaptersworld.com
eagleo.com.pl
zdm.waw.pl
photomag.wop.ro
telkomvision.net.id
www.dg-zk.com
kuchniaziutka.bloog.pl
bbs.pojiela.net
jzek.210000.org
press-service.info
gipnoz-new.ru
angi-technology.com
jymd.210000.org
dublerte.puk.ro
www.ofeminin.pl
dbvh.hyves.nl
vinden.wop.ro
seniorweb.fr
roca.pl
www.lotosquazar.eu
www.cqwx120.com
carsandinsurance.info
haubaner.sunlight.lontana.barverka.wwwwww.wop.ro
jokee.net
zehx.k3y3.net
lhcom.cn
nsvp.210000.org
baggallini.com
logoreviews.org
dqmt.net
feelpowermusic.cba.pl
xinjiang.tel
www.chanxiaochi.com
dda.org.in
bhpf.78.cn
fuji-x.com
soflacompanions.com
sricool.info
onzetaal.nl
ogowe.puk.ro
bakera.jp
unternehmensfitness.at
creasphere.info
bh-interactif.com.tn
jasonflower.co.uk
jose-rivera.com
euroticket.pl
jixiangxinnl.1168.tv
hemp.xxx
bbs.xml.org.cn
cheap-iphone4.org
localsexpartners.info
www.zycj.9998.tv
www.hxz007.com
www.bjrfbj.com
syokuryo.jp
ceepa.cn
www.13kav.com
asp-medien.de
www.i0514.cn
gosiaczek14.digart.pl
dripbuzz.info
rockling.puk.ro
3ndme.digart.pl
virtualarticles.info
kanduzanders.nl
latribune.fr
dachuanwang.tianya.cn
fbemoticons.com
sourcefabric.org
infomedios.com.ve
www.thkmg.kz
jud1th.rajce.idnes.cz
nihal.flog.pl
citebeur.com
tu.ro
hondaclub.com.br
inglobe.puk.ro
6dofollowbookmark.info
dongxingzhan.fdchs.cn
tito.blip.pl
www.nao315.com
gjemt.puk.ro
naturkosmetik-harz.de
stepstar.gger.jp
www.cet6-cet4.com
hacktutors.info
zielonezacisze.waw.pl
mthx.210000.org
hosting-service.com.ua
bouwstof.wop.ro
erech.wop.ro
politr.ch
affsc.ca
8tpw.56dvd.net
ya.h2h.cn
baldachins.wop.ro
gyerekcipo.info