aduneres.puk.ro
www.7xxkk.com
lfaexqjfz.freeblog.hu
drapersjobs.com
www.gelegao.net
yacp.in
mlecznepodroze.pl
www.superdyskoteka.pl
www.fusionanomaly.net
frequentflyerbonuses.com
true-stats.com
sdream22.hyves.nl
cheapolosn.co.nf
agita.puk.ro
hec.fr
nusports.com
tcw.de
www.33695855.com
adiscountbeauty.com
gitarre-plus.de
konaviews.com
funnybasket.com
computerkiosk.7q9.info
www.990av.com
7mux.nfdy.net
acuvue.ru
www.smetjbc.gov.cn
www.biotan.com.cn
aanstamping.puk.ro
watchsex.net
www.yj5.cn
aroma.blip.pl
howlingdogthemes.com
gamespace24.net
socinet.go.kr
www.yx007.com.game.ht
codeine-shop.net
2020.home.pl
goroder.ru
jta-tennis.or.jp
www.bjjlsw.com
globeslist.pk
aconsultora.com.br
exmoor.ahern.wwwwww.wop.ro
www.qreate.se
www.58cfzx.com
roughriver.org
www.fsbit.edu.cn
www.78mv.info
kentish.wop.ro
webbookcity.com
ciclismo.it
qualmelhor.com
bobear.wop.ro
akert.wop.ro
pf.pl
batmanjs.org
club-asteria.ucoz.net
r2oz.k3y3.net
www.price118.com
asbestosattorneyz.info
submit-golf-links-dir.info
straponfuckers.in
animexis.org
www.yahoo.co.kr
xs.fi
ask.me
turngau-odenwald.de
www.moshuzone.com
nakedwee.puk.ro
examens.puk.ro
bewoning.wop.ro
www.aipuki.com
zjty.nfdy.net
www.shmydq.com
cgocable.ca
mathfinance.cn
mahnte.wop.ro
edged.wop.ro
competently.wop.ro
266dy.com
tellabs.com
anti-retrotown.org
foropolicia.es
louisgray.com
imaa.ca
sexyxxx.org
mojezdravlje.net
livetvsport.org
outaiki.wop.ro
poedertjes.puk.ro
qambo.de
www.septox.hu
bajoran.puk.ro
www.bordeaux.fr
angr.210000.org
www.kvk.cz
198.wo88.in
03545.com
gagafan.org
shutoshi.wop.ro
duddy.wop.ro
sweetrevengefl.soup.io
nonsystematic.wop.ro
crochet-loisirs.com
ckir.aalto.fi
articleblotter.com
debeers.co.uk
www.world-toy.com
bemreview.com
fedcsis.eu
disneymovieswatch.blogspot.com
carvings.wop.ro
nuti.puk.ro
4399.net
pub-db.com
eyot.wop.ro
www.0513bj.net
www.3ldy.com
emusic.md
jif.com
seo.huai.cc
www.opendi.us
www.rizhao.cn
empaquet.wop.ro
dgzgz.78.cn
lotbofwontye.com.do
click.j-a-net.jp
tze33s66va-9bb3.tumblr.com
ahxh.cn
tivi.pl
zahodinudoduchodu.cz
tubara.puk.ro
kljb-koeln.de
lapdieuhoa.info
mozaiktours.hu
zaojiatong.com
chinajsp.com
xi.xiaoyoyo.com
enxovaismundomagico.com.br
appari.wop.ro
etudiant-lorraine.info
sultoni-kabir.tj
toddlergirlclothes.eu
lastminutetraveldeall.info
purina.co.uk
douban.com
appraisalport.com
sandrulkaaa.wrzuta.pl
fotballsiden.no
wbaw.nfdy.net
mntp.info
improvememory.org
www.3dijaszportal.hu
edutech.elte.hu
imagepic.org
xtri.com
terkel.jp
restreindriez.puk.ro
megaonlinegratis.info
miseffec.wop.ro
mytub.co.uk
kezn.nfdy.net
uploadvideo.us
creativityhurts.net
www.666813.com
oferte-akrotiri.viaromania.eu
psc.ac.uk
dhl.com.tw
www.trs.is
aigle.wop.ro
tadanohito.net
www.changdaoyujiale.cn
chimneym.puk.ro
www.2012.dy32.info
qipabuluoge.taobao.com
jx.cn
nanjing.jzcn.net
bobo.434pp.net
zh.120job.cn
webmastertoptools.info
tapgaten.puk.ro
aland.fi
proassist.blip.pl
unpam.ac.id
fringefiles.com
acs.com.hk
otaku-irc.fr
arab-board.org
charmed.lap.hu
tirmagazin.ro
aitc.nfdy.net
www.173xs.net
dtet.210000.org
herevelazim.com.tr
wereldmuziek.pagina.nl
rockchat.mobi
arlw.com
evisos.com.sv
www.wangluo.in
y.365hk.net
dienthoaihanquoc.com.vn
go5.100hg.com
winora.de
legniczanin.pl
zozoleq202.pinger.pl
fangchenggang.mofcom.gov.cn
outdoorgiveaway.com
k12.in.us
bhatri.wop.ro
nalicje.blog.hr
jyudaku.wop.ro
naikokuk.puk.ro
internetizarabianie.pl
foto.delfi.lv
morotomo.wop.ro
mneq.210000.org
www.dller.pl
rebuildthedream.com
kouloudra.puk.ro
byelove.net
yihu.com
meisterw.puk.ro
asp.net.tr
gvenglish.com
chatastudenta.pl
opry.com
www.wjzmhx.com
asu.freepimphost.com
dozily.wop.ro
www.amateurfilmsinhd.nl
tritura.wop.ro
chubbyblonde.net
homeaudioshop.7wx.info
d4q.info
sgraziata.puk.ro
e-global.es
alexanderrussell.co.uk
sn.nl
zoomsud.it
drawspri.wop.ro
maxunion.ru
bingsale.com
caobiba.info
huluoboyinyue.co.bokee.net
schimbdelink.ro
cvw.cc
7ba.ru
dylanskloset.com
tenpuita.wop.ro
notepad.in
airport-parking.org.uk
gydnwx.cn
blogesinti.com
ozone.wop.ro
ado1.net
www.toptaobao.org
stelling.nl
www.chinee.com
www.graefe-kiez-online.de
burofriesen.nl
ads.genericlink.com
jfid.nfdy.net
cssrocket.com
advertise-me.fr
lgi.com.sa
gamedb.info
aeroclub-saar.de
aeui.org
afailure.tk
all-star-hockey-players.blog.hr
ajandektargyak.com
passport.cngold.org
aj.4d4c.com
download-whiz-khalifa-ringtones.blogspot.ca
jerah.wop.ro
pondicherry.gov.in
9dpe.k3y3.net
www.sjhfs.com
zytsyx.tmall.com
www.pdsfx.com
kvartiradom.by
vestibulate.wwwwww.wop.ro
ticketzone.com
traders-union.ru
reporterdiario.com.br
sferakon.org
fitness-exercise-guide.info
s.de
www.janor.se
ckneckermann.cz
decocre.com
28277.223355.info
us.php.net
ddyy.210000.org
www.fgtv.org
gogaku-ryugaku.net
molefonkne.wop.ro
sauvegarde-donnees.com
www.90xsm.us
kegyelet.linkpark.hu
jumpfrompaper.us
ovcd.nfdy.net
insideaffiliate.net
www.globook.pl
3vjr.k3y3.net
ucbji.wop.ro
unex.es
foto-podcast.de
3gso.cc
www.71xj.com
www.sss4444.com
worksheetworks.com
potabur.wop.ro
allabouteden.net
allatpark.hu
almmlkh.com
alma-com.ru
beklop.puk.ro
koans.wop.ro
www.1-l.cc
alsoids.de.lv
aman-catering.com
celerity.wop.ro
ambrina.com
glutenfreeliving.co.nz
thptlevantamsoctrang.edu.vn
www.btla.nl
amcvjwqpxd.exblog.jp
angio.net
underfeet.biz
renrne.com
videogames-blog.info
minaco.wop.ro
www.ygqnjy.com
web-bi.net
wotanserver.com
aa.is
iss.gov.co
hellground.pl
stv.com.tr
soreve.xtgem.com
foliaceous.wop.ro
nfze.210000.org
purecash.co.il
www.0571-85151578.com
fedoraonline.it
radioamanecer.com.ar
www.cheu.cn
spinacz.pl
nonslipp.wop.ro
snowboard-online.pl
weinelt.de
www.clear.hu
institutocap.org.ar
matrix.co.il
www.iesl.lk
paid4-news.de
palestina.ro
conversebank.am
almeza.wop.ro
coffee-makers-review.com
iubescbrasovul.ro
verlangt.wop.ro
vidio-video.ru
www.textilshop.hu
www.nrfwz.com
4goh.qiwen5.com
majki22radom.wrzuta.pl
ineendraai.wop.ro
www.buyswtorcredit.net
lowery.puk.ro
zs.hefls.net
www.e2gl.4f9.org
www.sexchatnl.nl
upjk.210000.org
moe.org
colsueco.org
onerobotstudio.com
jusline.de
cfpchina.com
anglers-net.com
dng.com
itk.fi
mibae.wop.ro
www.wuyetu.com
ap-pro.ru
www.gerben.me
kirihara.co.jp
wasvrouw.wop.ro
ai-yellow.biz
www.siusi.it
23.48hz.tv
ilcorsaro.info
awalar.su
fhi.se
72cms.net
anschlaege.de
antennak.hu
ant.com
orbyt.es
www.findagrave.com
belsoepiteszet.lap.hu
anti.damai.cn
rencontre-hot.biz
xn--15qx1lv0ef4g7li.tw
perfumesencasa.com
affaticato.puk.ro
www.jrshx.com
web-designing.name
malecelebrities.com
carburante.cl
yinlaotou.com
ingresso.com.br
allopsm.fr
ksei.co.id
reimerseeds.com
estreladosleiloes.com.br
celebsilove.com
mijnmeningtelt.punt.nl
reise-inspirationen.de
bidmc.org
bresciacalcio.it
vakantiepanel.nl
www.wuwer.de
hilaryshepherd.com
osszeeskuves-elmelet.lap.hu
cyantific.co.uk
stepstar.gger.jp
www.caomeimei.us
hardcoresweethearts.biz
prideindia.org
opvfrxux.skynetblogs.be
insights-for-acupuncturists.com
www.npbbs.net
mohe.gov.sa
nobilis.com.pl
go108.com.cn
www.1380w.com
textcafe.ru
vkjr.210000.org
rizi.in
bookmarkingsubmissions.info
antiquesandespresso.com
www.dcpaimai05.com
www.nerta.hu
www.umdnj.edu
bzskapu.hu
bucle.puk.ro
www.520crdy.com
arhipelago.ro
chatwithgirls.7t2.info
mommypowers.us
bblistup.jp
h888.net
dduniverse.net
www.lingdai.biz
greenteapress.com
glowinc.com
anxiang.gov.cn
rosenthal.pl
palcodeportivo.com
anzbach.com
aofrost.com
aol.com
www.moviedrive.nl
lelivrescolaire.fr
tongdaiso.vn
pbzcard.biz
elib.org
aomen.3he.cc
cib.com.ua
apcalis.us
www.waspar.pl
aplateia.com.br
apimmo.at
apartmenttherapy.com
uscgnews.com
app.hao123.com
www.ttt999.net
app.hongxiu.com
syuudan.wop.ro
approvedschool.info
metalargentum.com
www.ymxzx.com
yinsex.us
yamaguchisakiko.jp
hostingaustraliaz.info
abolirais.puk.ro
www.chinaviagra.info
classicpetreview.com
sandraholmgren.se
overstuu.wop.ro
www.rimei.us
kmmsk.ru
uvip.265link.com
philadelphiazoo.org
dajuren.com
nocive.wop.ro
www.stedu.net
podajdalej.pl
koopjegadget.nl
cayahomes.ca
science.co.il
ikia.ir
hehe3.blip.pl
naosp.r.gd
policy.caixin.cn
petillion.puk.ro
successus.dk
spisok-literaturi.ru
traveler.com.br
www.seostatus.ru
spk-stanok.ru
shop-schuco.com
mytixu.com
macstoreonline.com.mx
hhplace.org
www.bonka.es
physiatrical.puk.ro
dhosting.pl
appsforaac.net
apparitioncity.com
apple.766.com
apsc.com.vn
sharecashdownload.info
aqq334.com
pide.org.pk
avsz.ro
grasplac.wwwwww.wop.ro
odensya.info
wcxs.net
zanke.wop.ro
www.71056.com
ynpt.nfdy.net
blavo.ru
discountterracotta.info
pigames.net
guihuaxiang.com
21360.cn
db.tt
highprdofollowsocialbookmarkingsites.info
www.xcmytc.com
massagechair-reviews.org
www.0816seo.com
kwoxer.de
gabionok.hu
www.wuyuetian.com
mediajobs.it
66321.hemelsesex.nl
aqua2ch.net
laemeq.com
www.tzjy.in
aqvnrauwn.freeblog.hu
rwe.cz
tmpj.nfdy.net
www.027-edu.com
wallcity.lv
verycity.com
www.bama.hu
dreamcricket.com
playartepictures.com.br
aquaponicsuniverse.com
enewsletters.hbr.org
artlib.net.tw
www.athomedrugtests.org
juecesdemocracia.es
zgsm.nfdy.net
ilovecircle.com
skyseotools.com
film.ylx88.cn
unrealgames.hu
greenfemme.info
marionex.pl
mindst.wop.ro
directoryname.com.ar
specialolympics.org
www.uuu25.info
ardicligolevleri.com
lihongcn.com
xincheng.us
schnaken.wop.ro
www.taobaoxizang.net
retd.puk.ro
17xxpp.info
kzdu.56dvd.net
shesha.puk.ro
liwuyou.com
certissimo.it
svnlabs.com
xepcoh.info
arenabetting.com
www.5hdj.com
area51reborn.com
fsllong.e-nissan.com.cn
kyuusin.wop.ro
hcysa.org
admin5.asia
angelinaballerina.com
dzd.168cai.com
arioslinux.org
kiezfunk.net
kingsman.wop.ro
arillas-bliss.com
pocasi.profi.cz
stellen-zuerich.ch
restoredtraditions.com
lublana.si
griffigstem.wop.ro
armchairxplorer.com
x6.gfzl.info
aroma-vita.com.ua
nihal.flog.pl
www.elca.org
www.buonissimo.ro
sanjac.edu
ariatemp.ir
ikkan.puk.ro
porngall.net