unebeauty.com
mastercomercio.com
abs-pk.cz
landspou.wwwwww.wop.ro
www.htyly.com
sds.r.gd
wiispin.com
marianacasas.com
32700.pl
strefa-hostess.pl
shop123.com.tw
sklepneww.my
moto-market.ru
phimhd.vn
rippedbodybuilding.com
ishibori.puk.ro
sourcevibrations.com
talkingnewspaper.org
sigillammo.puk.ro
centrovolantini.it
feestwinkel-gelderswoude.istats.nl
tightwetteen.com
fbl.pl
inalberare.puk.ro
monicka09.digart.pl
jamster.co.uk
whatzlove.info
www.bmt7.vn
megahugebacklinksdirectory.info
wai1010-a13.tumblr.com
laptopbits.co.uk
centraldeimoveisrs.com.br
6h518.net
agencyrevolution.com
www.fywzsj.com
zdia.k3y3.net
charger.puk.ro
caominghuilawyer.66law.cn
weibo.com
vegaloman.com
www.topclanky.cz
www.55kxw.info
jot.r.gd
iwonad.digart.pl
www.diancifa.biz
198j.nfdy.net
mkmm.sakura.ne.jp
rasons.wop.ro
www.3900000.cn
www.chtc.net
www.haitaowang.net
defragmenter.software.informer.com
hbtstc.goepe.com
www.vibmro.com
www.suning.net
xoso.wap.sh
sunhope.co.id
namecheaphosting.com
directoryweb-usa.info
www.gegese.info
videnie-kz.info
videoscope.cc
pazzoperilmare.com
r.baidu.com
fucinita.wop.ro
toutsurlesimpots.com
petiolat.wop.ro
uxtx.210000.org
www.herodk.com
iklanmas.com
syue.info
juancong.com
www.57s.com
ucuztatil.biz
kraniet.wop.ro
automotivedigitalmedia.com
foxysales.com
dutchdailynews.com
caber.info
048.pl
foodvideolog.com
internetbusinessmart.info
www.argus.nc
oouda.wop.ro
forgetteth.wwwwww.wop.ro
52kshu.com
3kyx.qiwen5.com
corsair.puk.ro
www.ivarcs.cz
vojs.cn
nostra.by
mojecoupe.prv.pl
parkschuetzer.de
smxjfzz.com
accioba.org
guijarral.puk.ro
vindicators.wop.ro
www.96356.in
twinkpornsex.com
bbs.xidian.edu.cn
pokryjomu.pl
shilehui.com
makeyourblog.ru
suspenseur.wop.ro
songfor.com
chaxun.zsbm.cn
reuintra.com
unicornoffire.dip.jp
www.caay.tk
thewaymakers.net
acciontrabajo.com.sv
chroniknet.de
tempteren.puk.ro
sdjck.com
tagula.puk.ro
www.258www.com
myflock2.com
efei.56dvd.net
www.3dijaszportal.hu
muhammad-wilkerson-jersey.xtgx.com
kyuukei.wop.ro
tao88.org
cpcwiki.eu
iwi997.wrzuta.pl
a-ya.5d.cn
www.ybu.cn
fx-biginer.jp
www.1065sms.com
ispo-newsblog.com
aalankrita.com
www.lxsfh.net
110mb.com
hfxyjx.com
haozhai.com
9979.com
massagechair-reviews.org
www.bd-oa.com
www.shanmohuoso.com
stiuunloc.ro
www.gdd.ro
josephcaceres.net
philhancox.co.uk
crvownersclub.com
scs.co.jp
bsbrodnica.pl
stream.wop.ro
www.tocnoto.si
universalservice.org
ebay1.software.informer.com
cyberlaw.pl
elektrorasiererpreisvergleich.info
www.x6180.cn
dx2.digart.pl
advicegraphics.com
www.linqinanyx.com
printemps-ginza.co.jp
krazyworks.com
jeuxenligne.net
liangjiang.gov.cn
lopburi2.go.th
xymirstiro.page.tl
suzhou.baixing.com
gccitcom.iq
sulafat.wop.ro
adilahmet.com
4399ddt.info
twoj-dzien.eu
uuu3.com
5938.com
aboundlessworld.com
www.ke555.com
increaseyourtraffic.co.uk
taojiajia.com
wilga.net.pl
wandsworth.gov.uk
zeefde.wop.ro
jvncf.9r.ro
www.feifeipet.cn
xiezuo8.net
www.mingshiqipai.name
xiaodiao-d80.diandian.com
sakusan.com
tutoiements.gekanali.wwwwww.wop.ro
videorama.gr
wapboss.com
rpswtor.com
loterias-sorte.blogspot.com
utk.edu
webvigo.com
94luoliao.info
xjis.org.cn
www.eglifix.com
22aaaa.info
darkness.soup.io
cdig.info
proxygate.pl
www.badania-kierowcy.pl
www.hsycinfo.com
zh.yipu.com.cn
www.huarenjie.it
www.hy1158.com
www.igya.pl
www.pzm.pl
lens.ph
www.resortsindooars.com
www.sotocom.nl
latribune.fr
www.sw517.com
www.toet.nl
www.wuyimama.com
xosotructiep.vn
www.xfl.nl
www.ycnet.cn
wyprawa.info
080.8.je
xc8.etianhe.com
xedi.blip.pl
xn.hr1000.com
ykdfsy.com
tux.biz.pl
alpha-one.de
altisource.com
altoclick.es
chopin-freak.info
ambientebrasil.com.br
autojavito.lap.hu
billing.goo.ne.jp
bstdqsde.blog.mongenie.com
www.zzwwsc.com
bux-land.in
bxmy.com
bylas.wop.ro
bz.52pk.com
de-toplist.de
pspfreak.de
decyne.wop.ro
dedicatedservergeek.com
dekobaza.pl
der-feuerwehr-shop.com
dbuenmla.blog.mongenie.com
derberater.de
desdelinux.net
dienlanhtheviet.com.vn
directorylocateuk.info
haszysz.com
diregiovani.it
dis6.com
diypig.com
xiaotianxin.info
djgaucho.com.br
dobroda.hu
dogleveedish.com
domashny.ru
dominika890.digart.pl
lindenheuvel.nl
domweselny.2ap.pl
donlinkage.pl
donnersc.puk.ro
donsephton.com.pl
recurtrack.com
donsteel.com.pl
doomos.com.ar
doon.digart.pl
wegstop.puk.ro
doorgrav.puk.ro
dorota92.digart.pl
dorsz.digart.pl
doskaukr.com.ua
yaransk-deti.org
dotcomweavers.com
dotykbolu.blox.pl
download-fat-joe-ringtones.blogspot.co.nz
pinoyps.com
3683.com
dr3.waw.pl
dreamtreemobile.com
dremasilesia.pl
charleslloydfitness.com
drobniak.pl
dromaeo.com
dtallos.com.pe
dtbmail.com
dtrace.org
www.130hh.com
du.tc
dubn.210000.org
dughi.digart.pl
duivex.pl
wi-fi4free.it
dulichcampuchia.edu.vn
duszekx.wrzuta.pl
dynax272.digart.pl
commercialpaymentinternational.net
dysiaa12.pinger.pl
mabalacat.puk.ro
dyycw.cn
www.sexgs.net
dzalma.pl
dzejkob.digart.pl
dzidek75.digart.pl
hermes-top.info
dzikowy.blip.pl
dzizasyo.digart.pl
e-heaven.pl
e-monki.pl
e-vending.ru
mytile.net
e4.digart.pl
eabc.pl
eagleo.com.pl
easyshop.pl
topnews.su
ebdr.fr
ebuilder.pl
econciencia.cl
eda1.blox.pl
recepto.info
efta.wrzuta.pl
egazety.pl
egeszsegstar.hu
egoistkakotku.pinger.pl
osinerg.gob.pe
egzoftalmia.wrzuta.pl
ehecatl.digart.pl
amateurmagazines.com
homophyl.puk.ro
linkcommunity.info
bioone.org
ehuolang.org
eium.nfdy.net
legadolibre.com.ar
ejsz.digart.pl
ekocentrycy.pl
skylar.pinger.pl
ekrany.org.pl
ekses.digart.pl
el3l.nfdy.net
dasheng5.dginfo.com
elance.digart.pl
elebork.blip.pl
elec03.wrzuta.pl
wendyadema.sexdumpert.nl
electromoudy.wrzuta.pl
elegi.wop.ro
elektor.pev.pl
elektroda.pl
poboczem.pl
elektronik.edu.pl
elfik.blip.pl
elicarnald.com.pl
phai.nfdy.net
elioelestorietese.it
eliphie.com.pl
elizabethb.digart.pl
elpatrone.blip.pl
semiaxis.com
elwiki.pl
emblematology.wop.ro
kukic.wop.ro
emerge.digart.pl
emerytury.wieszjak.pl
emi77.blip.pl
emila.blip.pl
nissan.kz
emiliaw.blip.pl
emisiowa.pinger.pl
emisja.nazwa.pl
emmalyn.puk.ro
tecnohackers.net
emmxd.wrzuta.pl
emotos.flog.pl
emprospect.digart.pl
enekas.info
www.80890.net
englishrepublic.ru
enigma.digart.pl
enix.pl
enpi-info.eu
ergraba.com
www.023114.net
eric.asia
erostar.info
erozrywka.pl
eruris.pl
done.is
ervinstyle.hu
es.planet.wikimedia.org
eshoptech.net
chelectronics.info
eskela.sey.pl
estetica-zabrze.pl
nongfudaohang.kickme.to
etransport.pl
etylomorfina.flog.pl
eu07.xt.pl
euroclinix.com.pt
flyaow.com
eutededico.tumblr.com
evelinaa.pinger.pl
www.seed.net.tw
evemeryczna.digart.pl
evenko.ca
atheistsunited.org
everlastinginanger.flog.pl
everything7.blogbus.com
ewabrzoza.digart.pl
ewaslonce.digart.pl
kamers.puk.ro
ewelajn.flog.pl
ewelcia166666.digart.pl
ewie1.blox.pl
exclusivites.info
samoha.digart.pl
excretar.puk.ro
ezoter.pl
factoedizioni.it
fagidioter.wwwwww.wop.ro
stopthethyroidmadness.com
i-hope.info
iasworld.com
impulsee.at
seikazoku-wasure.blog.so-net.ne.jp
io.ua
be-mails.com
ipolisa.pl
iraqidinarchat.com
iris.lereve.in
jblove.net
www.olsports.cn
kasia1988.pinger.pl
kengaru.ru
kisbuszos-minibuszos-utazas-link.weblink.hu
kordziu.blip.pl
www.2090.cc
korea.ac.kr
kostenloser.info
kouaa-blog.com
paypal-shopping.co.uk
kretzler.hu
ktcs.co.kr
ktokogo.pl
subere.wop.ro
kubus.taty.pl
kulturystyka-online.pl
kurnik.pl
laemeq.com
rvonthego.com
landesfo.wop.ro
laopu.jinnong.cc
laralovato.hyves.nl
lasbar.puk.ro
wzdl.yzz.cn
laszkiewicz.pl
lbhf.gov.uk
lcts.pl
leadmanagementz.info
alpenwahnsinn.de
leeswammes.wordpress.com
saltbeach.jp
legguk.com
legis.ru
legpic.net
gscnc.org
lentejar.puk.ro
lerentassenkraam.nl
lessons-tva.info
lf.meijing.net
sepfi.com
lg123.info
lian.taomaa.com
liaoyang.3he.cc
ototo.puk.ro
linkadjust.info
linkcomplete.info
linkdesk.info
linkdwarf.info
www.idojaras.lap.hu
linksection.info
linkswarm.info
linuxnarede.com.br
lioa-nhatlinh.vn
replicat.me
liuxuehr.com
lmunet.edu
logsexe69.info
lomo.com
hzhb.sc.ct10000.com
london-se1.co.uk
long.29ww.com
los-foros.com
loslaureles.edu.py
www.eco606.com
losverdes.info
loudi.bbs.house.sina.com.cn
love-is.ru
lqcs.org
luckart.pl
yume-light.com
m-ce.pl
m9s.info
magheraf.puk.ro
magies.com
imo.org.ir
mahindraxylo.co.in
manualbookmarking.info
marianblog.info
markered.info
gal.baribari-dow.com
matii.puk.ro
mazdaspeed.com.au
mcdelivery.com.ph
mcyt.nfdy.net
mdc.1168.tv
hampshire-hotels.com
mdd.com.pl
mdime.org
meimei8888.info
www.lov999.com
meinte.wop.ro
melbournefreevendingmachines.com.au
memearchive.net
www.br666.com|zhidao.huarenblog.com|help.uni86.net|igoex.com|daijia.bj.cn|www.shszc.com|e9sj.com|www.dzdq.org.cn|www.kkgzzw.com|qq772993307.huashanforum.com|tshivenda.puk.ro|washta.puk.ro|www.saturnfans.com|scene.wop.ro|dolmar.sk|www.zmxys.com|www.qg-knives.com|www.zhongguo315.com|lax5678.com|www.0757-85956163.com|mystudentrewards.ning.com|aronjef.gamerdna.com|zzzwjzeob.blog.mongenie.com|www.school.sh.cn|runsky.com|superdoc.com|xia.ncyz.com.cn|www.ntkd-hk.com|www.suizhouwang.net|ablazewithlight.com|vestorn.com|mystressreleasenow.com|geaz.tk|3g.i139.cn|www.tongrentangkj.com|www.tangrenf.com|xcdzzvoj.blogage.de|www.xshpjy.com|cps114.com|www.yy21.net|www.dltongdao.com|zisu.org|massteroids.tumblr.com|www.89223885.com|www.airjordan-spizike.com|aijunjiatingfuwu.dv37.com|yournaturalimage.com|vostok.wop.ro|tzgs007.com|848848.com|0766idc.com|365chizhou.com|xmnm.nfdy.net|www.babaw.com|tuan.babaw.com|dn798.com|c.lexun.com|www.baimao.com|hsybs.com.cn|mija.wop.ro|123e4.d5dsoft.com|burrum.wop.ro|adminunion.com|1.s5g.net|www.598wl.net|www.jxygcy001.cn|meetingdialer.com|tabacalaruba.com|news.gpxz.com|domainwebsites.net|xucs.nfdy.net|www.2000uu.com|www.wgyy.cn|adamspublication.com|www.czzyb.com|sloggi.wop.ro|websiten.net|googlestreetfighter.com|dictionary.www.infoseek.co.jp|www.shkunyi.com|pxwaimao.cn|www.tshop360.com|heltewig.de|sxdehudzyhde.blogtrue.com|www.z0310.com|bbs.007.mx|www.taoyiww.com|flyingmouth.com|www.11ddmm.com|careandsupport.com.au
mentoringstore.ca
jp6.info
mercatinoannunci.it
mercedes171.hyves.nl
merchang.puk.ro
merkur-bank.de
atesvesu3.org
meteo.si
miasto.dsl.pl
militaria.pl
millioneurohomepage.pl
hzhxdys.com
miltos.wop.ro
miniatory.com
mnementh.digart.pl
sitelement.sk
mocotyan.blog.so-net.ne.jp
modifien.wop.ro
momstaped.com
mosomami.hu
www.mmuxs.com
motoresx.com
motorreviews.info
novomilenio.inf.br
mp3towav.info
bodigroup.mn
mpk.czest.pl
muk.ac.th
mukigens.puk.ro
www.nefab.at
munmun.wop.ro
muzafa.com
mymob.in
mysbi.tk
camchat.org
nano-bookmarking.info
naturalchelationtherapydkb.info
nau.edu
nawabi.net
www.abgent.com
aouellim.symboled.geckotian.wwwwww.wop.ro
networkalimentare.it
newbie.ir
newcyberian.com
magic-girl.com.tw
news.southcn.com
www.345qqq.com
newsonly.org
nickel.com.pl
nk.wgdnf.info
vidaamericana.com
nk88725.btblog.jp
nonfinis.puk.ro
noornews.ir
noqueban.com
www.zegge.nl
nr-7comunicacao.com.br
nsx.pl
nsyewgfvz.bloguez.com
twoje-miasto.pl
seotoolz.nl
www.magyar.sk
55556.com
bookmarkingonipad.info
hoge-heksenhoed-voor-kinderen.warenhuis-shop.nl
www.snn.co.jp
kk2288.net
bekannterer.wop.ro
www.zygzly.com
siggisig.wwi.is
csi.com.mx
straeubender.wop.ro
uqc.pl
xy.0937.net
trapienta.deveinin.wwwwww.wop.ro
www.sfdyy.com
www.kmlg.net
sexwo.info
embosser.puk.ro
changshachepiao.fdcez.cn
girlsandvids.com
eppkabqth.blog.mongenie.com
ohiobirds.org
jewelpet.info
wangna.278cc.com
www.10568.net
mantengono.puk.ro
hasidume.colicuar.foermlich.wwwwww.wop.ro
fii.pl
bodyheat-muenster.de
hockey30.com
tikka.wop.ro
westmdforward.org
streetji.puk.ro
epay.bg
brandrepublicinsight.com
spoordeelwinkel.nl
achillezanzucchi.com
smss.co.za
jw-webdev.info
www.hi871.com
www.tripeasy.cn
tpybank.com
seigv.wop.ro
083934.jp
yp.mo
paupie18.hyves.nl
esecra.wop.ro
cfylive.com
brennvidde.no
remino.net
achamel.info
www.tao9518.com
icg6.com
dukang.com
lasvegassands.com
www.tsk-basel.ch
frank.startbewijs.nl
anna-karenina-full-movie.blogspot.de
warsenal.com
xlazy69.info
oscon.it
sina-niko-heiraten.de.ki
cubeberlin.de
5ye8.com
zdrowystartwprzyszlosc.pl
decorationforwedding.com
www.010ci.com
unabhaengish.de
www.lerros.cz
thong.co
med.ly
cn.fo
autoregis.ru
job.hustwb.edu.cn
inger.ee
www.mitaoav.com
www.dfxz.info
noblepen.com
www.shaheboli.net
grafbelts.ch
ochirly.com
chuix.info
preadjun.wop.ro
eyny.210000.org
xuepinw.com
thailandinvestorclub.com
bucher-walt.ch
wynajem.pl
vensterramen.supinated.wwwwww.wop.ro
over-blog.com
aluss.digart.pl
www.99bii.com
www.dalianjsd.icoc.cc
ramdattaguru.org
directcosmetics.com
www.3jaa.com
www.chinawz.net
www.ramo.net.cn
nyti.56dvd.net
zahradnictvikrulichovi.cz
party-station90.at.gg
kw.tjtgkw.gov.cn
offshorepursuits.com
cursoagoraeupasso.com.br
solsticesunglasses.com
www.42ye.com
4seo.eu
sex88.cn.vc
al-saher.net
regents.ac.uk
www.929av.com
housebbs.info
kellydivine.com
gestion.pe
ms-buchhalter.de
ziziwin.net
nbcorner.com
dho56.com
firstavenue.com
www.1wangluoyouhua.com
www.okmaidan.cn
hotedra.eu
www.npbbs.net
www.jxsi.gov.cn
asmartcap.org
messstelle.wop.ro
www.186s.cn
r-domain.com
shujutsu.wop.ro
cross.bg
m1.511gc.info
blog-er.cba.pl
www.xianboli.com
online-source.net
gethandy.de
nissei.puk.ro
p2pbt.mad.buttobi.net
uplus.co.kr
ubplanet.pl
ioffer.net.pl
www.jpyy.in
hugd.puk.ro
0797l.com
pumppricer.info
linkzapper.de
avx.hu
szinonimaszotar.hu
www.9sex.tv
world-war-z-full-movie-online.blogspot.mx
insidenova.com
abing.hk
v-net.tv
pensjonistpartiet.no
nabazare.sk
www.9939.com
themes4you.net
sprachreisen.info
dollfish.puk.ro
guahao.39.net
accountancyage.com
louisiana.gov
kouryuun.puk.ro
walrod.wop.ro
nourishinternational.org
misiek120.digart.pl
www.fdjz88.com
allion.com.tw
www.tuoqing.com
www.farmeranyag.hu
annihilators.puk.ro
salperei.puk.ro
www.220ai.com
malinowe.digart.pl
kuseri.wop.ro
www.caigang.biz
e-mitsutomo.com
ladybrillenigeria.com
nullisom.puk.ro
isithackday.com
whzch.com
ausrichtung.wop.ro
www.zh196.com
fkmm.net
smilevideo.jp
ekman.wop.ro
zkf.info.pl
pornbig1.info
boxhaus.de
cisf.nic.in
amway.co.za
www.gd6154.org
omodeostudenti.org
lyxint.com
martin-klimas.de
www.teledata.mz
centreforaviation.com
www.wfhyfrp.com
webdeti.net
guerramutante.es
culionerosporn.sexusblog.com
thetechrepo.com
test-blog-test-12346.blogspot.com
thehobshop.com
goinfre.wop.ro
zuicixi.com
se117.info
www.fosd.net
www.gnjlx.cn
sln-toimintakeskus.fi
pofixim.ru
overgrootmoeder.puk.ro
bushido24.pl
download-soulja-boy-ringtones.blogspot.cz
ymmf.hu
sarebber.puk.ro
www.dlzfgjj.com
candlere.puk.ro
www.789jianfei.com
55788.diandian.com