cz.anjuke.com
dg.zx123.cn
ajkeroffer.com
imarishi.wop.ro
therooms.kz
mi.99bitgongchang.com
www.dhdlhn.com
kang-jaya.blogspot.com
komsa.en.cx
fect.tk
disneybitchesnude.blogspot.com
sonti.digart.pl
fxxsw.com
monikak97.pinger.pl
redmassgroup.com
iaw.hyves.nl
lodrata.wop.ro
887d.com
mastersite.info
assurera.wop.ro
armanihotels.com
redmark.de
makant-europe.de
thailand.com
hystricomorphic.puk.ro
hcgdietchoices.com
kowenru.com.pl
observertoday.com
katalog-polskiego-internetu.pl
unbars.angeschwollenen.opbakt.euwww.wop.ro
mangirkart.com
my-space.info
datawherever.com
hbb.78.cn
70kilo.com
www.977tuo.com
tercan.net
www.der-schweighofer.at
guangzhui.org
dorkbot.be
mijnsexprofiel.nl
tvoisex.ru
wai1010-a19.tumblr.com
www.zinn.nl
ixev.nfdy.net
elitesuite.info
agoda.cz
pus8.qiwen5.com
dizic.in
healthoma.com
upperdog.se
olinas.digart.pl
festabox.com.br
14331960.5sing.com
malawang.com
conclurai.wop.ro
xtol.cn
tyem.nfdy.net
tvaudienciadeblogs.in
sobmark.info
shalo49.hyves.nl
75ad.qiwen5.com
blackfridayundisputedcybermonday.info
czterdziestu.pl
waves.soup.io
imemc.org
thecae.wop.ro
askellogg.com
www.foodan.com
seed-consultants.ro
bogartier.com
szepulj.hu
qq772993307.vip.icoc.cn
tomgarra.com
dauerstress.de
www.lt2011.com
zznj.org
tv9.mn
www.yiyeqinet.com
jubfond.dk
weiming.info
www.77ilove.com
griesed.hyves.nl
fanlibus.com
kidprintables.com
www.wdzj.net
natboard.edu.in
manga.blog.hu
datingforparents.com
idealsoftblog.it
forthegoodofmasonry.com
philropost.blogspot.com
fitarco-italia.org
synology.com
www.kaixin0454.com
eminem-relapse-2009-album.blogspot.nl
ok113.cn
abcknit.ru
lxszgz.78.cn
rkbridal.com
marine-gpsshop.info
pornokrot.biz
ocfair.com
www.cm218.info
www.ssxl163.cn
lareleve.ma
www.saozia.info
www.qz175.com
www.shousu-fod.com
www.pzhnews.org
previmedical.it
phpday.it
researchmethodsinpsychology.com
www.uxx.cc
richardashcroft.co.uk
canonical.com
www.kayimage.cn
www.kan.or.kr
www.system59.ru
unionpacific.jobs
www.epai.hk
xlinc.cn
vinnitsa.info
pmchamp.net
www.hhscpf.com
webdescontos.com.br
bitsandbobs.eu
www.dqnational.cn
wenera.eu
shopbootsusa.com
hdwallpaperbackgrounds.info
sefindia.org
marbella.to
uno.edu
ascensus.com
mydia.de
www.22yuyu.com
ok-shanghai.com
filmporn9.info
bbs.khcp.net
www.history.ca
92337.resurl.com
www.jayuanba.co.cc
aworkingyoutubeproxy.info
surestimera.puk.ro
sosdoudouetmoi.com
hdzone.org
socle.wop.ro
www.lmj123.com
www.aqnn.cn
thesearchagency.net
jackiechan.fad3.net
lulove.net
www.yz3g.net
www.js0523.cn
www.wbiao.cn
pilates.fad3.cn
fdjfmy9l.co.cc
suikang.cn
server24.it
heatkeys.com
www.wmmeinv.com
tausendgroove.com
www.zswater.gov.cn
www.hhaavv.com
mygoldenlife2.a-thera.jp
ipcblog.es
tolerancy.wop.ro
mmatycoon.info
www.6zyy.com
www.277mm.com
www.jsenews.cn
jikkoumi.puk.ro
www.szjhdp.cn
www.chambre-dhote.org
lasidra.as
www.hnguoyin.com
pspper.com
kaffa-mastertony.hyves.nl
facebookstatus123.com
fujisawanorimasa.net
mortgagerefinanceloansz.info
wmca.nfdy.net
madeeasy.in
mathmen.com
piana.puk.ro
yancheng.yipu.com.cn
1trk.net
www.zuidaowei.com
nptvgroup.com
342559255.edutt.com
0jyg.qiwen5.com
hyebro.com
strefabiznesu.pl
f1.com.tw
dingmei.net
intelpage.info
www.taobaohenan.com
electronicaonlineutrera.com
arnys.freeweb.hu
apexcampaigns.com
www.tw57.com
www.jma.go.jp
communitygarden.org
speelweekdriel.nl
exist.wop.ro
baitsi.wop.ro
faspnet.com.br
zarasu.info
www.bhsv.nl
daedal.de
phonesgambling.com
geleitzuegen.puk.ro
gaomi.gov.cn
attend.puk.ro
www.abercrombiemagasin.eu
poyner.wop.ro
moddirectory.info
www.yuedu.be
rokettubee.ws
apotekhjem.no
quieroserblogger.com
www.8uc.name
knowledge.ca
wheretobuygift.com
nichol.as
www.362100.net
blogalm.de
www.nrfwz.com
www.hdw7.4f9.org
www.lyairport.net
feuillue.wop.ro
k-tecracing.com
europolit.pl
thecaravanshop.co.uk
batt.jp
gurkcity.de
topinfo.al
chartwellsupport.com
keystonebankng.com
zthfit.com
gunpowder.sk
superbibi.net
mendonca.puk.ro
sozai-site.com
pancakes.puk.ro
fzzsjmw.78.cn
breakthroughstrategycoaching.com
99s.name
hotelpetrarca.it
basicblogger.de
torrentkereso.hu
casinoweb.org
onlinegreenstreams.com
www.ea.cn
fctcp.name
www.3dk3d.com
a-path.info
badenpage.de
youl.puk.ro
eksohr.puk.ro
usaco.skr.jp
i-shevtsov.com
www.cbcz.net
dwingi.puk.ro
sg50.com
e-inlife.com
www.fjtd196.com
bitcompany.it
tw.qiss.mobi
uitdagin.puk.ro
leka.soup.io
royaldesign.se
teavana.com
s-event.cn
politicsandmarkets.com
hc08.cn
gewinnspiele-forum.com
bdgbf.61.21d3d3lj.info
apendicitis.info
frisait.wop.ro
praktika.de
firmycentrum.pl
fagorbolt.xfree.hu
inmaduro.wop.ro
gbidowlu.wop.ro
www.cntugongbu.com
feodosia-motel.com
pneuhage.de
cweb.com
spar-tarife.de
www.aimei.1x.net
downloadfreesinhalamp3.blogspot.com
jianzhi51.com
ttuu.com
pornbig1.info
www.sl-seahog.com
boxingmedianetwork.com
www.sicai.net
whbytfs-1.tumblr.com
wuti.me
mymiri.my
wenbiquanzenmeyang.diandian.com
amking.com
sjerpen.puk.ro
girlfriendgalleries.net
easylunettes.fr
www.xinlefz.com
la-bancarella.it
totohost.hr
jielu.org
this.is-my.real-life.pinger.pl
www.wzaw.cn
www.qiangliba.com
www.haomeimei.info
mutian.info
mdevonline.fr
gsclean.com
nabilamedan-taipmenaip.blogspot.com
ro.bab.la
yesvpn.info
www.dg12315.com
souslik.puk.ro
worriedness.puk.ro
jamis.jp
moreleads4mlm.com
www.yiming888.com
scandal.vn
yywztp1848.227916.info
pcsky.cn
www.sorosy.com
dance-x-perience.de
tjfaw.com
lahmte.wop.ro
nvod.cn
harukaze.puk.ro
kzcaqudva.skynetblogs.be
mxdv.hyves.nl
ttjqz2.com
www.baiwanda.com
arknet.puk.ro
tg.hhcsw.net
teachersfirst.com
www.lhjtwz.com
www.2014lang.com
www.argus.nc
iballz.info
gargantuansearchenginedirectory.info
tatuava.ooooooh.tessano.wwwwww.wop.ro
intel.com.br
galamboshintok.hu
smxs.gov.cn
chornacht.de
guestbooks.pathfinder.gr
serfmybrowsercash.blogspot.com
lisas.puk.ro
osteopaedion.puk.ro
3g.hj.cn
kvcp.nfdy.net
siever.wop.ro
searchmanager.com
pharma-mkting.com
mygolf.de
invite.my
s948.kkzz.us
huamokangtkt.1168.tv
www.carsv.cn
thinkingdistance.org
sulak.wop.ro
www.610115.com
thedarkcity.co
hebinzhicheng.com
azolo.hu
www.hxuc.com
netzwordpress.com
thaiepay.com
www.mvrtt.com
pilmedia.no
www.847313aaa.com
mp3bibletalks.co.uk
spokeswomen.setzers.coccygot.wwwwww.wop.ro
sparco.it
www.aztv.az
jungly.puk.ro
www.novibel.com
snowmore.ru
wcnj.265link.com
cygoods.com
www.pcxys.net
compareseguros.com.br
danielledecosmo.com
www.mrrscn.info
modshaman.com
cfnm.xxxtop.biz
spcai.org
mlhn.56dvd.net
www.mycarhouse.cn
instasearch.info
osu.ppy.sh
www.68uua.com
imoment.info
zeytinburnu.nakliyat.biz.tr
reinegger.net
als-communication.dk
guihuaxiang.com
przemyslb.digart.pl
sallylegacy.com
www.pta-surabaya.go.id
socw.cc
zaliczenie2.prv.pl
maizou.wop.ro
www.xd521.cn
kotalog.net
sponsor.sexpartnerkontaktanzeigen.net
www.cardsteam.com
rcreducation.com
aasitedesigns.com
severouralsk.info
dr.vit.ir
buzane.wop.ro
japanskates.com
liveadsonline.net
bartonremedies.com
semenov.net.ru
www.caay.tk
tom365.name
forseti-fashion.cz
roudouan.wop.ro
medfuehrer.de
wordsinfoplace.com
swisseye.sk
publicanomie.com
sinaisafaris1984.com
www.syfz88.com
zchx168.blog.tianya.cn
annakem.flog.pl
lovedol.net
www.anodize.cn
albert.cz
suspendiere.puk.ro
soci.nfdy.net
dermomycosis.wop.ro
iklangratiz.com
www.qjyqjy.com
syncapp.com
drexplain.com
wdmz.265link.com
warezkeeper.com
www.basketnike2013.com
tadanohito.net
novostji-leta.zl.lv
plus500.pt
penjingluntan.com
e-stogdengiai.lt
qkzz.net
lasson.wop.ro
savehportal.ir
shop71930374.taobao.com
quirozinvestigations.com
haose100.hase.in
phpbb.com
animaloja.com.br
www.shixibuluo.com
www.0351sem.com
site-transfer.com
jser.info
rockcreek.com
wlnc.co.cc
www.277se.com
woodtools.nov.ru
uaeevent.ae
ibdn.210000.org
sopan.info
www.ykxspa.com
zt.3456.tv
campus.reblo.net
brou.wop.ro
www.xjzyx.com.cn
opvordering.grassy.xang.wwwwww.wop.ro
www.zjyjj.cn
nixp.ru
funatiq.com
shop.hmz.cn
www.d-series.org
tv7.md
kennethkerckhofs.be
brokenrules.pl
ganchadu.com
rueddingshausen.de
ukseolink.com
qzin.jp
ideate.wop.ro
www.uda.lk
mof.gov.qa
yotaplay.ru
ly.amt520.com
monetgroup.com
refog.es
9jamovies.com
varsku.wop.ro
www.mnrb.net
directorymis.info
www.zhkjw.net.cn
jerseybrewers.com
featherwebdesigns.com
proxisurf.info
shop.czt263.com