bfbhp.com
cl8.cc
cn-zjj.com
cncn.com
cnota.cn
cnporter.com
bjdl.jianzhanzhe.ws
cnrny.org
bjjtw.com
bjltly.com
bjmcy.com
codeine-shop.net
codelesbian.tumblr.com
bjp110.com
codeproject.com
blockemovietheaterejo.wordpress.com
www.jxdhb.com
coffee.fad3.net
coffeela.gameclub.tw
a.34ls.com
coffsharbour.yourguide.com.au
cognito.net.au
coinombrab.freeforums.org
commun-it.com.au
emoney.cn
eqliborgmm.blogtrue.com
eqwlrqezi.blog.mongenie.com
ericprogram.com
ericulous.com
erikanderica.org
fun.ruonuo.com
bexinh.dantri.com.vn
intradis.puk.ro
k49.us
kadoshim.puk.ro
nvnet.org
sponsor.sexpartnerkontaktanzeigen.net
szca110.com
bud-man9.webs.com
chachala.com
bude-quendorf.de
hupan.net
bdb.jiangxuezhi.org
adminunion.com
bbs.wutaizhuang.net
surestimera.puk.ro
atehenmei.com
benhgout.khoemoingay.com