guihuaxiang.com
aandraafden.puk.ro
vbkh.nfdy.net
www.0531dp.com
a.xx52se.com
www.leijuu.com
fullseo.org
bnjw.com
bbs.xml.org.cn
atehenmei.com
beimiyigou.com
smashingmagazine.com
eravi.org
juancong.com
xixichengyuan.com
t-suki.jp
nsk-network.co.jp
verwelk.puk.ro
xixihuafu.com
bilder.onlyfun.to
www.bocaiv.com
oreignin.puk.ro
rancagua.cl
megainet.info
opgegevenen.wop.ro
ccmn.nfdy.net
toukyouo.wop.ro
projectdd.jp
zlhq.nfdy.net
boerenke.wop.ro
blog.check24.de
cf.135cf.com
rublogs.org
vcfz.nfdy.net
cjs.ne.jp
www.vfm.no
www.newpolicyinstitute.org
yearner.wop.ro
alfons.wop.ro
babystore.com.vn
www.meteotest.ch
hollman.wop.ro
www.tarom.ro
911lifeline.org
wuchtete.puk.ro
whois.com.au
gatsukou.wop.ro
6ku.cc
nije.puk.ro
szedmakintarzia.hupont.hu
obeyed.puk.ro
chevrolet.co.il
bbs.moonteam.org
seafoodocean.co.kr
www.5210wg.com
silvercopen2.blog.so-net.ne.jp
sentei.puk.ro
www.igloo.ro
imiona.pinger.pl
dolfijntje1957.hyves.nl
salmon.wop.ro
noshes.wop.ro
bzfr.taoba.com
tsplabs.net
download-will-i-am-ringtones.blogspot.com.au
lleco.wop.ro
blog.vipiu.net
starwarsepisode4fullmovie.blogspot.de
brpg.nfdy.net
handoff.puk.ro
www.goldentulipsibiu.ro
membersforlife.org
randewoo.ru
appartement-kwaalburg.istats.nl
baconismagic.ca
www.removalistsmelbourne.com.au
darkness.soup.io
ohak.210000.org
ohdq.210000.org
ffrandonnee.fr
pensar.wop.ro
directoryofeducation.org
salkert.se
commercialpaymentinternational.net
yagruma.org
adenion.de
yazu.in
checkgooglepagerank.net
siuw.nfdy.net
fedexoffice.ca
obuvoled.r.gd
vonderha.wop.ro
skl.as
kau.edu.sa
www.diaosujia.net
linksdir.co.uk
www.incestrape.be
www.osmo.be
tgs-tennis.de
87ij.nfdy.net
kickingthehabit.nl
fragen.net
wadegiles.wop.ro
rasaee.ir
dverg.puk.ro
www.quanza.net
sibt.nfdy.net
grauener.wop.ro
yy3.org
gynge.wop.ro
www.konyari.hu
gx6t.lizhidy.net
www.halens.se
erotic-models.net
africanrenaissance.co.za
iafc.210000.org
www.peab.fi
szene93.de
unwig.wop.ro
cczy.210000.org
easywebscripts.net
jtufkzgn.skynetblogs.be
juliesilver.co.uk
yivo.210000.org
partnersuche.de
kanani.wop.ro
syenrong.net
pinery.wop.ro
spreda.wop.ro
moto-occasion.be
icewraps.net