gaarf.info
a-at.jp
acii.digart.pl
fullwarez.net
zpotrzebypiekna.pl
zdronet.pl
77xi.info
ja-jebie.pl
cuchudua.puk.ro
a.mobantianxia.cn
numero-tva.info
onebookmarkstep.info
www.cyzffz.gov.cn
rcmart.com
armar.wop.ro
vvschool.cn
saplace.info
acky.info
yonelle.pl
ccftn.com
edyhosting.info
topfirm.pl
yuimar.org
wngl.nfdy.net
indymedia.org
mscnoticias.com.ve
listingfrog.com
www.fulilai.net
nicesport.pl
careerzine.jp
bdfafbrv.freeblog.hu
aneexpress.info
finance.wengo.fr
dasezhan1.com
www.menorca.net
www.hbtldl.cn
www.0798xc.com
betw.flog.pl
bonenger.com
bastinad.wop.ro
www.landfun.net
stream1.info
cd.h2h.cn
liuzh668.com
enass.info
work.de
www.meisedh2.com
texsite.info
rskomusic.pl
eiwvbkbgie.bloguez.com
alley.wop.ro
annegate.wop.ro
chrono1.software.informer.com
innersource.net
lasmejoresescuelas.org
www.longfeihz.com
xq.hcvt.net
veelhoof.puk.ro
linkrock.info
aaa.net.au
itis.gov
hacademia.com
hypopsel.wop.ro
daduzichahk.1168.tv
zsinor.lap.hu
internettrash.com
moni.blip.pl
ynart.edu.cn
paslemamich.blogeiland.nl
castsoftware.com
caiyuanr.com
www.zykjyg.com
ayoooh.com
viewcms.info
weixingmini.com
www.hugwww.com
www.518.com
web-bi.net
playarena.pl
oceangroups.info
xxln.net
money-finanse.pl
www.dv678.com
sf66.com
www.chenhuiqin1983.com
cablemodem.ch
kolibriepayroll.nl
brightliver.com
hanko21.info
motocykl-lech.pl
860860.net
naturalhelp4.org
fjaert.wop.ro
australianwomenonline.com
northvirginiahomes.com
triponline.hu
cdgalaxis.hu
folle.puk.ro
svog-wollmatingen.de
www.ifaw.org.cn
atehenmei.com
ihsa.org
aol.cl
brujulea.info
hupan.net
tsyx.210000.org
xnspdy.info
thyjgq.com
zgjiguang.com
patapon.info
www.webbeteg.hu
sanbobo.com
www.90chunv.com
wst.com.ua
klimatyzacja.pl
100pulse.com
cpnqt.name.vn
releasesoon.ru
gamification.org
www.forma1joe.tvn.hu
nextscripts.com
3s0.info
coker.com
onomatol.wop.ro
krishaweb.info
www.aitushow.com
kruthai.info
ogone.be
sjzsfjx.shop.qihuiwang.com
maisiliao.com
sloger.net
www.biblia.pl
pic-mir.ru
lifeclip.org
ccbue.com.ar
enmuo.com
www.reestdal.nl
www5.cathrin-kilian.info
korea.ac.kr
aphemia.wop.ro
archpaper.com
m.55128.cn
ouo.pl
tarjetaoh.com.pe
toodamnglam.co.uk
mountainbuggy.co.nz
teensexehd.info
ahqicai.cn
intigi.com
netcoresoftware.pl
www.maydonggoi.vn
isurvived.org
56kompania.pl
www.baidu92nimm.com
avocat.puk.ro
101sx.com
www.blogger.com
tsqj.info
qbebe.ro
verehrte.puk.ro
servipag.cl
www.cloudleft.com
webpouya.com
da.com
gsni.qiwen5.com
www.villfox.com
baiduddt.info
empar.info
opiumbakery.com.tw
masters.com.au
impresa.wop.ro
freshminds.co.uk
chouwazi.com
salesuk.info
rossvillealumni.com
wordpresssqueezepage.info
cyberbiznes.pl
luxeyfashion.jp
www.cciczhejiang.com
ficusel.com
www.cuotuo.com
top.togra.pl
www.bbstoday.net
hanguocheng.net
binturlu.com
goldenbbw.com
kmglsayuw.blogger.hu
aomenbocai.info
firanytkaniny.pl
awazu-bekkan.jp
ayanga.de