nee.178.cm
cn.krypt.com
websiteaccountant.com
christianhmongfellowship.org
tinhyeuit.info
parss.info
www.wellgz.com
nemnd.9r.ro
sexnr.info
www.lfr.nl
indigowebinc.com
ruthinking.co.uk
proconcept.ag
hostingreviewz.info
oa.colourlife.com
felicito.wop.ro
jhankinewz.info
keirin-derby.com
cornix.wop.ro
www.meiyanjie.com
wap.56wz.net
www.899266.com
hdwally.com
sztukasplotu.digart.pl
app.120.net
bizzy.wop.ro
chachala.com
complexarticles.info
unchi.co.uk
podm.nfdy.net
arabsbook.com
nicekicks.com
www.boen020.com
codicesparso.com
yanan.jzsx.org
www.qqjjjx.com
kellyskids.com
rcmart.com
muc8.info
brightsapphire.com
xumbia.com
sutw.pl
prostitutki.com
bexinh.dantri.com.vn
espnmediazone3.com
chisum.puk.ro
www.52yix.com
happy-bookmarks.de
678link.info
2012new.info
nasial.wop.ro
portalnaruto.com
watch-gossipgirl-season2.blogspot.sk
islamic-resource.org
blog.buy.at
glfjsb.com
mama12.ru
marunouchi.adire.jp
tigro.info
www.hazb.cn
www.sexystats.nl
salmangolriz.com
hqlaw148.com
agendarecife.com
tupot.prv.pl
www.chinamp.org
fan590.com
favoriten4you.de
elfii.digart.pl
www.guannan.tk
tbanc.cl
polinik.pl
xruh.nfdy.net
www.0905.com.cn
japanconsult.com
casadei.com
haoxd.net
e-jewels.gr
fishchoice.com
mbtpascher.info
clausstahl.nl
tifoshop.com
noornews.ir
hispanictips.com
tropiland.it
servertalk.in
spoedcursussen.puk.ro
www.wwtf.at
topfirm.pl
www.vegjd.de
comprire.wop.ro
drel.su
www.codes5.net
roehampton.info
nesiot.wop.ro
basicwebsitereview.com
alphasis.info
faro.hamazo.tv
rl-tech.info
arfolyamgat.hu
smugmug.com
famigliacristiana.it
www.dglolen.com
chrispipelineinsurance.com
graftombe.nl
gotreportviewer.com
www.yangben.org
adispune.ro
a197071754.mynet.cn
smbnation.tv
www.106.in
awedding.com.cn