eindianhair.com
senlac.wop.ro
www.bayangol.pl
qqc.co
liderandes.info
www.yangben.org
grc.blip.pl
thepapershop.info
www.cnfan.net
a197071754.mynet.cn
graftombe.nl
axutopia.com
st2222.com
www.178eegssc.com
floppingout.com
ww32wwe.688wt.com
limpiezasrubiosl.com
pan-portal.info
guihuaxiang.com
gadgetfever.org
bookmarkwink.com
funnylols.com
dokteronline.com
acceptin.puk.ro
worldit.info
www.hndayz.cn
actupc.info
www.xmxlzx001.com
jardipartage.fr
52face.net
www.xsbingdian.com
famousanduncensored.com
socialancient.info
vitalia.pl
xixidieyuan.com
py.66wz.net
qg.27.cn
zztianci.com
cyberplat.kz
b2b139.com
10424513.zz.100ye.com
kostengu.wop.ro
isolink.info
www.baidudduu.com
chemodan.com.ua
chunchunsq1.com
www.lfr.nl
geziri.ir
tectal.wop.ro
backcountrymessenger.com
bullpix.us
www.pignut.net
healthfitnessblog.info
www.ctr.ro
www.16138.com
best-prepaid-cell-phone-plans.com
tin.info
www.koolearn.com
auctionzipauctions.com
unmeet.wop.ro
powernightradio.de
www.chnthu.com
www.jejsukces.pl
unsort.puk.ro
fanblogs.jp
incomingpr.com
indexmarks.com
gamerstation.pl
toprankbookmarkinglist.info
wqdjxx.com
trigem.co.kr
xixihuafu.com
eqliborgmm.blogtrue.com
isc.infor.pl
moytrifam.freeforums.org
shewes.wop.ro
vipc9.com
latribune.fr
hebinzhicheng.com
appworks.tw
jcsbikes.com
codelab.ru
kimdahee.com
lauyan.com
wwef.011r.com
iwanalporn.com
91design.org
www.atoato.pl
91ggg.aa.am
mojaolesnica.pl
prankplace.com
fc-hansa.de
www.bbstoday.net
bundit.puk.ro
ty0i.qiwen5.com
hdwally.com
anadoluhayat.com.tr
lovey.co
www.zuchejinan.com
ledieci.net
sz.58.com
www.518.com
lodz.studia.net
wleoifu.de.lv
www.cpdy.net
happybookmarking.info
cost.eu
magic-cube.jp
silaest.com.ua
sexe8.info
www.71727.com
grajteraz.pl
australiansuper.com
salmangolriz.com
erufa.com
www.mw880.com
varagund.edu.pl
www.webbeteg.hu
phind-corp.de
68ee.info
eplindex.com
merckmanual.jp
www.rbscl.com
mqhq.210000.org