nee.178.cm
www.mlssf.cn
www.hoa.it
forum-cz.net
sricool.info
www.rzay.net
warnerbroscareers.com
ektywni.pl
www.cityhouse.tw
www.lbfx.net
www.thart.com.cn
www.84.la
rpcxt.1168.tv
sixtydegreesnorth.com
ageofexalted.net
cunxinh.soz.vn
diquwang.com
destockjeans.fr
cjwxcudbgx.takeforum.com
www.llbt1.com
biocompare.com
www.koolearn.com
www.xbsnzx.net
www.taiqian.cc
com.cn
dzieciom.pl
limpiezasrubiosl.com
kevinmaher.info
v10.com.br
spicygear.com
help.3g.163.com
betpicksapuestas.com
www.cccljt.com
8877.cu.cc
metaxylem.senensei.wwwwww.wop.ro
zakko.digart.pl
realpagerankchecker.com
teenporncrew.com
www.blogger.com
linkward.com
ashlink.com
sunghajung.com
ycok.nfdy.net
vvki.info
www.100sorrisi.it
91ggg.aa.am
namehunt.com
misterfisco.it
municipalidadsaylla.gob.pe
kierancales.com
albrainger.ru
wuhanlinji.nzw.cn
www.gwiazdor.pl
katanore.puk.ro
kmrdpklpnj.freeblog.hu
getclicky.com
7j9v.k3y3.net
birdwhere.com
www.fnforum.net
goggles4u.info
alltraf.com
comiclink.com
erenwu.com
xixihuafu.com
dekersonline.nl
restaurantweek.sg
www.15iiiii.com
rb-new-voh.de
www.zf.ro
jimyaghi.com
chunchunsq1.com
businessworld.ws
toodamnglam.co.uk
adverts.pl
mirvinograda.ru
www.mw880.com
bielecki.info.pl
www.ttax.cn
omvangrijkheid.euwww.wop.ro
ezmarks.co.cc
afl.com.au
www.antipodi.pl
zonezeed.com
mozilla.jp
aaronw.me
chachala.com
rekord.com.pl
342559255.edutt.com
fqsm.nfdy.net
fxev.210000.org
adispune.ro
adorenok.puk.ro
juancong.com
forex2.info
einfuhrantraege.wop.ro
easylife.tw
feja.xfree.hu
bookmarkalphabet.info
cursosparacoaching.com
elnuevodia.com.co
backcountrymessenger.com
hquq.nfdy.net
hao.181.net
events.pedaily.cn
gb-china.cn
graphics.beareyes.com.cn
e9.hk
aelchheb.free.fr
asiancemagazine.com
gocnhinit.com
cometobuy.com
heavenletters.org
brilloldies.com
www.nvren.cc
roysanpa.com.pl
infracta.de
midguard.de
guuin.puk.ro
iaew.nfdy.net
gankaikai.or.jp
hypopsel.wop.ro
basijisu.ir
mp3.zgfj.cn
guihuaxiang.com
kitacchi.wop.ro
kasa.cz
kaukaz.pl
huohong.uni86.net
herlinggoldsmith.r.gd
kzpii.cz
ganadolares.net
ijye.210000.org
shanxi.tzooo.cn
armbeweg.wop.ro
jaagde.puk.ro
honei.wop.ro
wen84.com
hotjotaftelecom.com.br
www.0755xyy.com
athoic.wop.ro
www.meteotest.ch
itypqmiik.blog.mongenie.com
lz.62741.com
linksprovider.com
lsatwin.net
isoftware.mtxserv.fr
lixiaolai.com
tigaku.wop.ro
6888.tv
lecielblanc.petit.cc
liflaft.wop.ro
lmp15.hu
lovewholelife.info
vinnica.info
2s-blog.jugem.jp
www.overzicht.nl
idcard.jiuyaocha.cn
gesong.org
osiuri.wop.ro
kilian.wop.ro
a00daveskyler.a-lsawards.com
nuppet.wop.ro
bookmarkhover.com
www.mhzx8g.com
eixin.co.cc
ol6x.k3y3.net
www.fitliving.dk
pirr.puk.ro
bookmarkpointer.com
alphasis.info
nonporph.puk.ro
nkjunak.com
mobilesegg.info
orgasmfun.net
nachtwandlerin.de
6star.info
thefashionbookstore.com