www.wanantouzi.com
sextubefilms.com
pzh.gov.pl
www.1798w.com
brilliant-group.ru
compact-guide.jp
anluanzuodian.cn.alibaba.com
www.883aa.com
eixin.co.cc
meilianchen.net
24seventalent.com
51chuntie.com
www.jmnews.com.cn
moenchengladbach.de
occupyatlanta.org
cqy2004.com
a197071754.mynet.cn
chsou.com
nycclub.info
hupan.net
grupoazul.nl
buxed.com
prostitutki.com
www.dofob.cn
www.chengda.com
digitalfototreff.de
pelmel.info
minibulles.info
jpf777.com
stansted-airport-taxi.info
laptopbits.co.uk
articledashboard.info
clook.info
juancong.com
direct.co
my2home.info
smugmug.com
fenglintianxia.soufun.com
www.xcfan.com
www.furniture92.com
richsoil.com
linkbandit.info
disprophar.com
maishabiao.com
redlinekw.com
chloie.xfree.hu
chachala.com
6mxo.co
bonenger.com
orloo.info
www.chinazgjl.com
www.rws-verlag.de
nuss.56dvd.net
wap.6141.cc
www.txszcx.com.cn
teakdek.pl
www.you-ko.com
www.iqio.org
www.71me.com
4beta.nl
www.dgshunjia.com
qilu120.com
wmat.k3y3.net
logoart.vn
imballas.puk.ro
isport.blesk.cz
wcyz.org
adrien.puk.ro
www.tiangou128.com
fairtyre.eu
sabre.wop.ro
fclinks.info
weedhardy.com
girlflirt.de
www.hert.nl
takumots.wop.ro
crews.prv.pl
taktanio.pl
liyi99.com
s3s-perf.net
linksby.info
97wsw.com
aaronw.me
gumtree.co.uk
nilab.info
dokteronline.com
cf.135cf.com
ccdntech.com
dobra-drukarnia.pl
guihuaxiang.com
trinityplaces.net
gagugo.pl
ataras.puk.ro
licensecube.com
a.chip.jp
kyqymdwm.blogerzi.com
econugenics.com
itz.zhdk.ch
kama017.flog.pl
wqdjxx.com
waterpoweredcar.com
best-prepaid-cell-phone-plans.com
www.bjyemen.com
jak.se