hhkq.265link.com
ehomori.info
basketball-goals.com
passivemassiveprofits.info
jz.0529.org
novamed.pl
netsprint.pl
3121777.info
www.2ap.pl
toppad.info
tokobasi.puk.ro
innato.nl
bwabwanet.fr
multiforum.pl
ihio.or.jp
usernet.info
crmpilot.info
seo-engineer.info
mostfuelefficientsuv.info
dthav.info
uzhil.puk.ro
niveaux.puk.ro
freekillers.pl
forumlynx.info
fracht-promy.pl
bqspa.cn
iltt.info
www.baidudduu.com
com.cn
jandp.soup.io
wexpay.com
hao.b2b.biz
99k88.com
wesmir-inc.net
bautamsu.com
www.bb9t.com
668h.net
aroma.blip.pl
flyingto.info
fendou.info
www.pbb.lt
swiezak.blip.pl
filegate.net
lolaw.wrzuta.pl
splesh.net
jmworld.ru
talentirosit.ro
www.seob.nl
andy407.flog.pl
recepto.info
omarpluto.info
buyhomeintime.info
fukusukegyouza.hamazo.tv
msherry.wrzuta.pl
www.17186.cn
fightplay.tv
90nb.info
dobra-drukarnia.pl
5dzp.cn
kissyui.com
muzyka.57.pl
taobaomai05.ok8.so
mosync.com
mlongines.com
gotowa-na-cos-wiecej.pinger.pl
biznesoferty.pl
77xi.info
adish.info
bainternet.info
bebisziget.hu
shewes.wop.ro
bleib-gesund-service.info
bundit.puk.ro
clinique-star-tour.jp
grandamerica.com
houqiu.com
hqlaw148.com
livego.com
mehes.org
oylinki.info
playarena.pl
prolix.nu
simpo.rs
szybkooferty.pl
tzjcxm.78.cn
wiinintendo.net
tarifet.info
www.joybasee.com
brochuresenligne.com
www.rbscl.com
www.xjdljx.com
railways.kz
logoart.vn
aldo.flog.pl
vilnius-tourism.lt
katlink.pl
hiroshimatours.info
ssamp.kg
ismailaga.info
www.simplesites4u.co.uk
heelvlee.puk.ro
smartmania.cz
natchat.dk
www.ntjxt.com
schulddelging.puk.ro
6hcai.co
deeploy.net
hupan.net
espelhofilmes.com
xttjx.wrzuta.pl
hyperic.pl
cwlp.210000.org
vivyxprinting.com
91porn.me
zvoner.ro
santiagodecompostela.org
www.hh5h.com
www.cn-zjj.cm
bilig.cn
www.2ktxt.com
jpf777.com
new-jav.info
webspellcms.pl
beni92.fecsegj.hu
duchess.blog.hr
www.speedmeter.hu
lerentassenkraam.nl
eddiel.org.pl
steampunk.pinger.pl
www.haodown360.com
www.caadn.com
tinypic.pl
hejnet.pl
analizy.pl
www.uoouoo.cn
leasingnews.org
socialbookmarkingdel.info
njure.puk.ro
taagz.info
minerver.com
byui.edu
wuhanlinji.nzw.cn
inhaal.puk.ro
www.ppsbaidu.com
businessesforsale.ie
www.nopgs.cn
www.market.ba
ktrr.info
www.zhaolong.co
o.rdy.jp
cyfrowaszkola.pl
jacekpysz.pl
themewp.com
onsengai.puk.ro
giaydepdep.info
www.xyktt.com
www.blueren.net
www.dog88.com
xjszgz.78.cn
cicloleiriense.com.br
ros-med.info
hotfilme.net
aktorek.pl
www.seojz.cn
unkink.taobao.com
browamator.pl
av999.in
jimusits.puk.ro
www.tbwis.coml.com
dfs.is
xixidieyuan.com
koller.puk.ro
ndbxasdmbg.freeblog.hu
recatnap.info
rames.com.pl
www.mpeisa.com
autokert.109.hu
www.kredyty-z-doplata.pieniadz.pl
tetraforum.pl
cvr.pl
kittles.com
acutely.info
pixelpr.blip.pl
www.tspbx.com
hsj.prv.pl
greenfingers.com
downloadindex.info
123feijibei.com
jisko.ru
iguanaloco.ch