woman.xsjk.net
partyxplosion.eu
reichweiten.info
gamespedia.de
www.copycon.pl
adrienlieve.be
www.semihk.com
katogle.wop.ro
exthair.lv
yyjfjn.1168.tv
ifma.cz
szzhudi.com
bacaro.info
itcgroup.vn
twojlunchbox.pl
tadlers.wop.ro
zsinor.lap.hu
ilsamaritano.org
prqg.info
tvnturbo.pl
ompookan.jp
anyap.info
tvsport24.info
prsl.info
bookmarkaroundtheworld.info
tiamat.blip.pl
zhangzhou.66law.cn
x-leasing.de
vzb.pl
bestabcd.info
boi.gov.bd
prpz.info
savefavorites.info
grandheritage.pl
debele.info
www.cnbeta.com
www.softib.pl
twipik.com
srichinmoybio.co.uk
socialdelicious.info
brandingarc.com
spicesonline.info
animationnow.pl
ftacademy.org
www.pornowebcams.org
mytobago.info
onlinefatburnerreviews.info
motokoce.pl
kclick.info
39saku.info
bgallz.org
stockingsbabes.com
www.wymyslimy.pl
www.drsprzedaz.pl
mibae.wop.ro
sociableconnect.info
teakdek.pl
studiorasch.pl
spicekingdom.info
hostingpricesz.info
www.statika.hu
www.pornopaarden.nl
szarik.pl
xseksvideo.com
articlesvalley.info
alexa.cn
www.stacha.pl
cheapestwebhostingz.info
psychophaze.digart.pl
sriclips.info
innovaos.com
theworldbyweb.com
digg-tweet.info
1planet.info
topshop.sk
polkadot.pl
soki.wop.ro
eyvazian.ir
wisniowski.pl
ebook88.com
delfinariy.info
tunnelswebproxy.info
eduskrypt.pl
watsons.com.tw
neutralism.wop.ro
thebayisback.com
openradio.info
www.jk53.com
gizmodo.pl
free-lady.ru
i.333456.info
www.overclock.pl
trotze.wop.ro
558110.info
sexotube.eu
elongati.wop.ro
frasesnuevas.info
tsoomoo.com
uniwb.com
www.veeo.pl
sidmailserver104.info
diggpluger.info
www.zp763.com
robertmartin.info
finanse.se.pl
www.mp3s.pl
www.coe.ro
minerver.com
justeasy.cn
info.shangjia.cn
literallyinspired.com
publishedscoops.info
veteransvirtualcareerfair.com
bookmarkluckyman.info
illltfarmacia.com
nmwn.210000.org
yishu222.info
bookmarksyet.info
dlpark.com.tw
hasshino.wop.ro
www.eveas.nl
alarmincompany.info
phpbms.org
gototurkey.co.uk
pfruender.info
govtslaves.info
accede.puk.ro
mtz.digart.pl
nowilaymedowntosleep.org
myblogzone.info
mariusc.info
www.fonik.pl
cfib-fcei.ca
humyai40.info
pjrw.210000.org
rupa.pl
valucrafts.com
www.n5x8.4f9.org
www.neonworx.de
01navi.info
luvable.info
miumiushops.info
gracjana.blip.pl
zvoner.ro
linkcommunity.info
www.comfi.com
ilger.it
www.700852.com
humyai21.info
lei.flog.pl
checkcreditscoreonline.info
so.gov.pl
ewuska497.wrzuta.pl
photovoltaik.info
askkaito-kun.tumblr.com
krishaweb.info
uratie.fi
bironevica.hupont.hu
yskkb.com
sandrakavital.blogspot.com
nksh.210000.org
ospraciaz.pl
rhoenseite.de
thenakliye.com
www.3g345.com
dgxihu.com
www.xjxiaofang.cn
www.fanli0838.com
jobkrise.de
nettigo.pl
videoporn7.info
clements.com
lieferanten.de
analyzeseostats.com
thebajaponyexpress.com
mi.99btgongchang.com
wgrxxx.wrzuta.pl
graphics.beareyes.com.cn
www.kaluga.ru
imgchili.com
mkbs.nfdy.net
lukasin.blip.pl
liuyix.com
imlemeb.info
www.stu8.cn
www.swingfoto.be
rfidequipmentleasing.com
clickz.asia
rufaaforall.com
webzi.info
pornhdfree.info
plaskutjes.nl
magv.info
bookmarkcommodity.info
ministrona.pl
www.bocaiv.com
portglai.puk.ro
anaisnin.com
freaktorrents.info
pornofidz.info
cvalutar.ro
www.qipaiddz.com
excelforum.pl
blogs.top.org
marcdgz.wrzuta.pl
dan-links.dk
wz.yq920.com
tvnsiedem.pl
cheapestwebhostz.info
songe.digart.pl
chat123.info
skvg.56dvd.net
sshuai.com
ecgorzow.pl
onlineszex.info
spitshon.wop.ro
ebooknetworking.net
www.jcow.net
www.weso.es
digahole.info
www.undg.org
multum.com.pl
zhiyong063.huijucn.com
beneqs.digart.pl
shegotass.info
www.zhongff.com
dauber.puk.ro
goaltv.com.pl
klimaty.blox.pl
www.dvd580.info
hypermediaisobar.pl
qaktlnojpwgzbo.blogtrue.com
umb.edu
guzik.blip.pl
driversfreedownload.info