bc608.com
losavo.htw.pl
berachah.co.za
nozakiay.wop.ro
uuzn.com
zkdiaoyou.5d6d.net
ccbn.cn
porn9.org
33223322.info
boomarkszilla.info
vladars.net
aankeft.wwwwww.wop.ro
19qinglou.com
5252mai.com
twasul.info
www.edc015.info
wwgroup.in.ua
cube3d.pl
diemdaihoc.com
www.petks.com
rebellyon.info
www.0571plan.com
3g.ddwang.net
lelivrescolaire.fr
lepers.wop.ro
zeek--reward.info
camk.edu.pl
51taomeng.com
www.weetix.fr
mzintna.com
hh.yaowan.com
allesuebergoogleplus.de
yinrengu.com
www.45tn.4f9.org
utrangerte.wop.ro
homepro.co.jp
e-molp.pl
www.dnf7z.com
sugoude.puk.ro
ag3.royal1688.com
defeasible.org
hsqfs.com
bon-bochi.blog.so-net.ne.jp
decodesign.cl
nigra.blip.pl
directorylife.info
gaspi.net
matyldii.digart.pl
kjol.3839.net
slownikkomputerowy.pl
drukon.pl
www.apple1314.com
bonpoint-boutique.com
unlime.wop.ro
uitdoof.puk.ro
www.kcfa.co
hscr.org
igctech.webs.com
www.redok.cn
safecheckout.info
5ucom.com
0554.in
pro-bousai.jp
blurayprices.4yb.info
www.shionc.com
10011s.info
picklehe.wop.ro
hania.blog.pl
adnx.com
emanando.puk.ro
monolight.pl
chachala.com
brainville.pl
lepukka.pl
gretelies.blogspot.de
startingahomebusiness.ws
amn.digart.pl
xxgou.taobao.com
www.sennik.nl
520my.tuita.com
sollicitantes.wop.ro
host24.lt
drinque.soup.io
texprint.org.uk
weselinka.pl
33lian.owns.it
kokieteria.pl
2455.hu
cnbd.nfdy.net
e4.digart.pl
izqg.265link.com
bablet.wop.ro
bullterrponyva.hu
460l.nfdy.net
myworldlistings.com
crackpassword.com
lszx.info
adless.wop.ro
tamatekk.puk.ro
carea.digart.pl
trisquel.info
carramarro.regalista.canthi.wwwwww.wop.ro
handy-news.at
linkazia.co.jp
www.erlang.org
rabota.yandex.ru
nacioorka.pinger.pl
ganchadu.com
dreamlead.fr
playville.org
bazanowski.pl
difaepakistan.com
cctvc.5d6d.net
bbs.zhu.net
www.musicmagazin.hu
achiyala.puk.ro
koller.puk.ro
10dai.info
chinateaw.net
www.waga8.com
sporthaverok.hu
arti.home.pl
bdvl.210000.org
info1.pinger.pl
maxbuild.info
guaiwangch.1168.tv
svtb.info
satoca.puk.ro
locknclimb.net
atehenmei.com
www.darbin.ru
www.tfceo.com
yvi.jouwpagina.be
weblogy.cz
diatomaceae.puk.ro
coinombrab.freeforums.org
dailybookmarking.com
kibsd.org
cantara.pl
futloos.wop.ro
ahouzhong.com
protisto.wop.ro
finanse.se.pl
k2-tec.com
thelittleworldoffashion.fr
kadaro.wop.ro
districtmontreal.com
www.keeway.ee
mautau.com
polinik.pl
wpcn.org
brightish.puk.ro
www.80lian.info
cazisoft.com
www.joybasee.com