als.35free.net
app-india.org
cpa-bank.dz
iranserial.tk
acnedirectory.info
dagloner.wop.ro
bahnte.wop.ro
b6fo.k3y3.net
dpiphoto.eu
itsolutionssa.co.za
lotos.pl
astronavepegasus.it
fnvt.k3y3.net
dimepoker.cl
szopka215.flog.pl
prwv.info
citebeur.com
www.51hy.org
rugby-kansai.or.jp
cztorrent.net
webfail.at
chinaz.cm
nbtm.nfdy.net
www.renrenkan.cc
kyhappyask.info
cla.imcsit.org
www.sasgps.pl
nnm-club.info
99k.org
shikoku-gas.co.jp
www.seopoz.pl
leenapk.nl
www.umas.hr
w7ph.ru
outdoornews.co.kr
012magazine.pl
ekomputer.pl
sli.digart.pl
casadiscografica.tv
djld.nfdy.net
blackmagic10.it
myeldirectory.com
oetv.at
afterarticles.info
digitalpopcorn.net
radio.bialystok.pl
florae.fr
annali.us
messe-bremen.de
baranmovie42.in
starton.biz
fedora-fr.org
mir2.sf38.net
linkadvertising.info
devok.info
songnho.xtgem.us
www.173line.com
merckmanual.jp
ppzgzeze.skynetblogs.be
asdeguia.info
enkoda.wop.ro
reutel.puk.ro
sarcolyte.puk.ro
linkavailable.info
otos.wop.ro
rgci.org
vecer.com.mk
digifolio.org
sila.toplista.pl
floral.wop.ro
leipzig-city.net
artishi.digart.pl
juu.digart.pl
herzinfarkten.wop.ro
tdsho.5d6d.net
www.pengxiyuan.lingd.net
look4design.ie
5d6d.in
liturg.wop.ro
bonussystems.pl
forten.info
cosmicpay.com
wping.me
kittles.com
4617846.5sing.com
av.1111xx.com
articledomination.info
archis.org
bibj.nfdy.net
mv.coc131.com
445688.com
bongofury.co.uk
allenbailey.org
sirius-review.net
www.bookmk.com
shiyuanweichangling.1168.tv
basaksehirdh.gov.tr
senuke-x.info
wap.49tz.net
115iii.info
audioblock.ru
123smileok.com
newdirlist.info
tetsig.wop.ro
babycity.co.za
www.mp3convert.net
www.zhexia22.com
feestwinkel-purmerend.istats.nl
qwagwa.wop.ro
www.a67com.com
tuoferta.com.pe
annka90.digart.pl
angusti.wop.ro
www.17krt.com
katowiczak.pl
torpilleriez.puk.ro
qfwn.nfdy.net
mot.go.th
usync.us
verne.djp.hu
vs.rs
8880t.cn
kikuu.flog.pl
ros-med.info
news.hynews.cc
malenodevelopment.com
avanzast.wop.ro
trackmania-carpark.com
ben10oyun.com
pavelm.ru
511ny.org
falusi-vendeghaz.pereszteg.szallas.nyugat-dunantul.istenhozta.hu
jdd99.tao.bao.com
optika.lap.hu
digitaldefence.ca
steuern-buecher.de
btscg.utmall.com
gapl.it
hakkindagroup.info
speros.pl
fashion.dztv.tv
formula1news.info
ukhomegarden.co.uk
s0gou.com
adwheel.pl
news.liao1.com
horuinwa.wop.ro
0374.co
fajdalomnelkul.hu
openwork.info
dreamlead.fr
butik.net.pl
www.qipaiddz.com
sizumi.wop.ro
domazlice.info
gfgm.56dvd.net
puposa.wop.ro
freshgays.net
www.unie.cz
adsl-fpt.org
hagab.wop.ro
www.yigese2.com
e-bach.eu
aamna-shariff.com
5560.56dvd.net
knowzon.com
sesejjj.info
www.kreszt.hu
pangbo.dz.vancelle.net
www.investors.com
alfiogarozzo.it
bimru.ru
phenomiix4benchmark.7h1.info
buscaaqui.com.br
suttonpoyntz.co.uk
bebe-magia.ro
ftblog.info
backworth.co.za
www.fyfl.cn