xj3g.me
abax.cz
evita.fmix.pl
heatherly.soup.io
latra.wop.ro
defenselawyer.cn
fandaily.info
8f8ball.com
e-katalog.com.ua
www.jccc.edu
play-pokemon.net
hanguocheng.net
schuylkill.pa.us
geizigeres.wop.ro
www.ftw.cc
starcraft.md
bestabcd.info
xa-8.cn
gyerekfilmek.hu
4numchurch.org
allentat.wop.ro
chachala.com
112.xy88.us
ggice.tk
pe-ta-nge.com
tolltariffer.puk.ro
sephpa.com.pl
felesteen.ps
arcadia.co.cr
tanpotek.puk.ro
gamzzz.info
mymilestonecard.com
566nx.com
prcz.info
91ggg.aa.am
l2thinktank.com
eistnaflug.is
futoo.wop.ro
114la.ofcard.com
lindybrown.com
armfort.cz
aimangz.es
www.rmtsougou.jp
mahu.cc
www.czyqgy.cn
www.90xz.net
calix.wop.ro
fecn.net
federn-forum.de
www.mm17u.com
fee1100.com
feel-u.info
feest-spandoek.nl
fehlanzeigen.puk.ro
felixwoo.com
fencepicket.info
fengdingcn.org
unagas.wop.ro
fenghuolun1.com
fenlei.yihubaiying.com
ferndalepride.com
ferrao.com.br
fesamics.com
feuerwehr-borken-hessen.de
feuerwehr-stadtsteinach.de
fezpeanut.tumblr.com
fffid.com
fflian.com
fgw.xjalt.gov.cn
fgxiaolanpppp30m.1168.tv
fi33.com
fiat-bravo.info
graphics.beareyes.com.cn
fiblo.de
fikvhrja.blog.mongenie.com
filipetto.com
filtraie.puk.ro
filz.puk.ro
finance.dllp.cn
bike.puk.ro
finance.most.gov.cn
findbestcollegeinusa.info
vla.so
findfaster.org
xdsc.k3y3.net
findwebstats.com
firanytkaniny.pl
firedog.puk.ro
oez6.k3y3.net
firmlandia.pl
fishingjunkiebanchan.naturum.ne.jp
fitnessplatinium.pl
fius-kifestok.kifesto1.hu
fix-a-tile.com
www.555bo.net
gospel.nl
fixes.wop.ro
www.gddgky.com
gonid.wwwwww.wop.ro
fixya.com
fj.189.cn
fj.house.sina.com.cn
fjyel.com
florigen.puk.ro
florinpainting.com
flugelman.puk.ro
fluid-controls.cn
fluidsurveys.si
fm.tuba.pl
food998.com-yzm520.qzone.qq.com
foudemusique.free.fr
fr-chanel.com
alisher.soup.io
fragland.net
frambringer.wop.ro
franklinquakers.org
free.fr
freeadobephotoshopdownload.blogspot.com.au
www.76e.info
lasson.wop.ro
www.krokdoprzyszlosci.pl
cdhv.nfdy.net
mirprom.ru
areca-backup.org
bnb.flog.pl
bronsde.wop.ro
clinique-star-tour.jp
clipsexe3.info
clnba.info
clouderen.tigblog.org
icepail.wop.ro
clown-und-roemer.de
club.hmz.cn
clague.puk.ro
cmbc.joycp.net
cmccwlan.spgw.cn
cms.co188.com
cmu.ac.th
cn-english.cn
cn-english.com
cn.adways.net
cn.fmcchina.com.cn
cncook.info
cndjxvgcf.blog.mongenie.com
cnet.com
cnph.cn
cnporter.com
cnupup.com
18158.net
coalharbournhc.com
1a-ads.si
coastertour.nl
1digital.ru
51taomeng.com
code-snippet.co.uk
codeflow.org
coffee.fad3.net
coffsharbour.yourguide.com.au
cofyvitu.prv.pl
cokedale.puk.ro
justynka.blip.pl
colarte.com
burofriesen.nl
saurel.wop.ro
cold10.com
collectnike.com
comment4.news.sina.com.cn
communitycaucus.com
compassreviews.org
computersupport360.com
comunidadskate.com.mx
con6.cn
concent.puk.ro
assemblages.puk.ro
condor7188.blog.so-net.ne.jp
connecting.software.informer.com
contra.fad3.net
coolhandle-customer.com
verdelen.wop.ro
coquishoes.com
coresign.puk.ro
coreydp.com
costellofamily.org
costruisco.puk.ro
couplescompany.com
cozaile.pl
www.narxoz.az
cp5p.net
cpdlzs.78.cn
cpq.yb.gov.cn
dibao.org
witek.toplista.pl
dortisimo.cz
igmarkets.co.uk
information.de
janneke475.hyves.nl
cq.oldcar.com.cn
lovas-kifestok.kifesto1.hu
cqebbwtq.blog.kazeo.com
cqhxdj.com.cn
cqjkjy.com
cqsf.name
mamare.info
www.66602.net
debond.wanye68.com
movie-torrentz.tv
neodaq.info
deeploy.net
defeasible.org
my.co.ke
net-mar.pl
net110.ms.gov.cn
optonline.net
prnf.info
del.999.cc
qindex.info
deniscadet.com
mo-mama.org.ua
depositfiles.com
sanbatdongsanhaiphong.vn
deraxtmudda.soup.io
dermaya.pl
design.vnzet.com
shopniagara.ca
sobotel.pl
desmonding.com
solegro.pl
stiffnec.wop.ro
studiojg.pl
desmotivaciones.info
despotiet.puk.ro
wahines.puk.ro
destinysbartenerife.com
walletking.co.uk
detail.china.alibaba.com
analangelxx69.a-maturescam.com
detdom-vitebsk.of.by
detroit.lap.hu
deuce-hair.com
devinfo.info
dfpcb.com
dfw-jsu.org
www.filigrav.de
dg.zx123.cn
ek33.eekk.org
dgcq.b2b.hc360.com
krilia-lubvi.ucoz.ru
dgfukang.com
bestonlinecasino-uk.info
dhlfc.co.uk
kizigames.net
dhre.210000.org
honomeka.wop.ro
diabetes.mz16.cn
diablowiki.net
diaet-planer.net
diary.software.informer.com
jbtalks.com
dinocrat.com
andressa.ro
dinstudio.no
credit-maritime.fr
boeo.210000.org
caobiba.info
dintye.com
dirangroup.info
9292.us
direct.co
directcp.net
directorymaster.info
directorymis.info
dirisse.puk.ro
disabled-airport-parking.co.uk
disciplinaient.puk.ro
discuz.net
diszhal.info
ditu.google.cn
ditu.youdao.com
diverdirectcorals.com
bzcai.com
diyidaohang.org
diyiye.info
dizionariofinanziario.it
dj-alfredo-da-matta.hyves.nl
dj-nevada.org
dj2012.net
django-unchained-movie-online.blogspot.com.au
aboutads.info
fakes.pinger.pl
djgaucho.com.br
djkenny.taobao.com
lcc.com.vn
vr.fi
djtanxiao.com
dl.ravok.ir
dlibrary.tjl.tj.cn
66se.us
dlmcdkkidk.blog.mongenie.com
dlmr.cc
dmm.com
dmsmyogija.skynetblogs.be
dndci.com
dne.sakura.ne.jp
dng.com
dol.gov
dollarchurn.info
domainmarket.pl
domashny.ru
domof.com
domywstylu.pl
dona.wop.ro
w2eu.info
donbest.com
donshost.x10.mx
dopisane.pl
dora-chi.blog.so-net.ne.jp
doris-henzler.de
gutkov.wrzuta.pl
douban.com
doulanetwork.org
douyy.com
dovolenkaside.info
down.axhu.cn
download-ace-hood-ringtones.blogspot.hk
validi.puk.ro
qmrg.org.uk
abofinder.info
download-fat-joe-ringtones.blogspot.co.uk
beca18.gob.pe
whereporn.info
in2p3.fr
downloadzones.info
www.0936zp.com
gzbyq.cn
www.95522.org
bip.buknet.pl
cynosura.org
guihuaxiang.com
jnkjj.gov.cn
armacad.info
watch-the-hunger-games-full-movie.blogspot.cz
hellinacell2012livestream.info
tzjcxm.78.cn
www.233tt.com
mpedia.jp
fatatortina.it
planetjazznyc.com
outpost.pl
aquilawebs.info
crumbs.org
61.tlt.cn
www.zuozw.com
prtd.info
kaduno.wop.ro
10x12-rug.blog.hr
dosia5504.pinger.pl
north-volbs.info
amampond.puk.ro
24ddd.12397.info
123flashchat.com
ariu.210000.org
outertech.com
busportal.pl
medications.wop.ro
bousen.puk.ro
bozydar.blip.pl
1122meinv.com
montools.com