ssua.210000.org
southampton.ac.uk
www.qrxq.net
saniexpert.nl
bestexhib.com
facebook.co
pianai.net
efshop.com.tw
rutasjalisco.gob.mx
www.sigi.lu
dtvt.org
fiat-bravo.info
kitakanto-carsensor.net
hauker.wop.ro
professionallinkbuilding.com
www.nndzw.cn
bstolarska.pl
stelladoteng.com
opraapse.puk.ro
www.68mcc.info
bullionvault.fr
tradingacademy.net
normated.wop.ro
e-rewards.co.uk
intelligence.sh
fikvhrja.blog.mongenie.com
fiblo.de
fgxiaolanpppp30m.1168.tv
fi33.com
voipsector.com
kaylan.wop.ro
www.dvd5.us
zerknuel.wop.ro
the-bourne-ultimatum-full-movie.blogspot.ca
the-pervs.dk
zapateador.puk.ro
readdle.com
ruzzolando.puk.ro
souvenir.olsztyn.pl
comerafuera.mx
orthowiki.pl
www.nuozhan.com
wtuz.nfdy.net
alodial.puk.ro
techsmash.in
diendanso.vn
prosuco.nl
v.duba.net
www.hslive.nl
hlfx.ru
guihuaxiang.com
odynn.flog.pl
satellitedirectsoftware.tk
www.koral.pl
paypal-marketing.pl
ovnnafjefd.blog.mongenie.com
annoiati.wop.ro
hedrofarms.pl
sungan.edu.pl
bookmarkingdemondiscount.net
www.lcwan.net
www.saturion.pl
www.gaonenbi.com
gandhist.wop.ro
xphoz.com
93.iresor.osa.pl
icm-osijek.info
anzen.m47.jp
beate-uhse.tv
precedens.art.pl
zxiu.com
baltconn.info
renaultclub.lt
www.gege.pl
unaproned.puk.ro
hecmsaver.pro
517518.xiaodoutao.com
shinonome-lab.org
guangy.qianyan.biz
hzuz.nfdy.net
cs-swat.pl
2004rena.hu
kyuusin.wop.ro
vjz.pl
nextlinks.info
softservice.com.pl
5252mai.com
oddech.net.pl
agahi22.com
psdguides.info
xggx.zsxx.e21.edu.cn
114la.ofcard.com
www.tajf.gov.cn
loreczek.blip.pl
esy.digart.pl
happyet.org
www.muabannhadathanoi.vn
annasel.ru
appretur.puk.ro
slepp.ca
usfitness.com
www.qykm.net
socialoneplus.info
www.reporter.no
www.388ff.com
www.aaalab.net
motiw.ru
przegladyrogow.pl
uplink.pyroscribe.com
unesmobilya.com.tr
respiratorium.wop.ro
diadiktion.com
qj2i.265link.com
arqd.210000.org
olgaurchenko.ru
xinhaimining.com
yskkb.com
shop61817503.taobao.com
subhumid.puk.ro
peopletweaks.com
whqa.nfdy.net
qqhr.58.com
www.cxwb.info
kaskey.wop.ro
oedogoniaceae.barrieren.syokutak.wwwwww.wop.ro
www.xtonge.com
xmj1.265link.com
bankfull.puk.ro
auto.0916.tv
linkavid.info
mh.49you.com
hrunion.ru
grupoclarin.com.ar
piroforum.info
thuisbrachten.wop.ro
ulq.pl
pornoclipz.nl
whatsmysiteworth.com
hquq.nfdy.net
zhucka.lt
ranckinc.com
polizei-bwl.de
nousakub.wop.ro
mpcreation.pl
logxxxjizz.info
sv-shishkin.ru
webbler.de
bautamsu.com
www.xxx37.com
www.58xinzhou.com
zaiten.wop.ro
orgchm.bas.bg
uu9c.com
www.iii37.info
cite-sciences.fr
claudinha.com.br
www.7689.cc
www.com3721.com
x3.sha7.info
www.efewfef34e.com
www.euroinvestor.no
humyai20.info
www.bankdress.net
www.meinvxueyuan.com
shlf.info
bor00.soup.io
tieccuoi.info
hopkinsmedicine.org
freshlook.asia
fabrykazlota.pl
hubive.com
fueinto.puk.ro
paktak.hk
bumlux.net
68283.com
cartridge.co
www.pornoraj.pl
chachala.com
kate093.wrzuta.pl
africavan.com
sousurut.wop.ro
www.75by.com
www.361tu.com
wakaya.wop.ro
www.zxry.4f9.org
www.aie.it
lepszypoznan.pl
favlisting.info
hemiachr.puk.ro
xixihuafu.com
stillup.ca
minoruta.puk.ro
dhanphotos.com
khole.wop.ro
socialancient.info
www.dada114.com
www.argus.nc
tenuki.info
www.dangbb.com
czasnazysk.pl
farmerama.pl
piotr00.digart.pl
www.reftelsz.ro
1-sites.info
cps.qianshou521.net
y4a.info
petillion.puk.ro
gcwap.net
www.xyy69.com
kage.p2n.dk
dejoie.puk.ro
redlog.pl
krydres.wop.ro
kuntengm.com
jonnen.wop.ro
fusionhq.info
kita.net
www.520gz.cn
www.robopcb.com
auiti.wop.ro
katallo.pl
imblogs.info
www.gry-online.pl
psaico.info
pelo.jp
www.fmnaha.jp
forumtychy.pl
za88888.wyy.cn
www.0004.biz
www.zkhospital.com
www.sdjck.net
bikechatforums.com
ccyl.org.cn
doenges-rs.de
fast-hits.info
jogaklasyczna.pl
orar.info
stscript.info
vaupe.wop.ro
www.neasiafoods.org
www.rodv.ru
www.ndz120.org
romantunnel.info
practisis.com
www.sweets.ro
uebergoss.puk.ro
trundlin.wop.ro
aqke.210000.org
xerxes.wop.ro
tomeloost.wop.ro
www.345qsw.com
maguti.wop.ro
sartorit.wop.ro
www.china-jh.com.cn
stevebarker.ca