ffffound.com
sshuai.com
inandaround.ie
snyggt.wop.ro
scratch.digart.pl
www.hrssx.com
www.xiaogay.com
www.dy978.com
shop64973486.taobao.com
bestpicturesof.com
makazu.puk.ro
www.168-net.com
abczdrowie.pl
cncd.tv
obama-de-english.blog.so-net.ne.jp
fb0kapps.info
ohlahotel.com
oilonwhyte.com
omkopingen.puk.ro
onlinetarot.pl
openroadfest.hu
orexnyvi.blogg.se
otoku-juku.info
palcraft.co.uk
zhongyi.jiankangzu.com
dealercrm.com
paprica.org
metsel.wop.ro
parizshotel.org
pengadilanagamabangkalan.com
phpcj.org
belajarpc.info
pixelvert.co.uk
meusacessoriosapple.com.br
pmpbootcamp.co
pngkays.com
pointsofsail.ca
polymorpha.wop.ro
pornoclipz.nl
ppp46.com
www.7020.com.cn
pqlh.nfdy.net
profigazszerelo.blog.hu
enrichyou.info
programaformacionintegral.cl
propagluti.blogg.se
free80sarcade.com
mariohry.info
pssr.qiwen5.com
push2check.pl
q.quanriai.net
makevrndavan.org
qiys.265link.com
qjlvfcojy.freeblog.hu
qqdnf.tuita.com
stubbornella.org
qqza.cn
www.ctfcw.cn
szlumpf.pinger.pl
r43dscanada.com
v.shifugao-av.info
raumklim.puk.ro
rec.su
sarvmail.info
remp1995.hyves.nl
renaiman.com
repararpc.info
www.forma1joe.tvn.hu
rjxs.net
rollins.edu
tmgj.210000.org
rondden.puk.ro
rp-5.de
ryugaku-mitumori.jp
sac.org
salpaste.puk.ro
sand-tower.net
seqingdonghua.tk
sewages.wop.ro
sexehq69.info
sfileran.puk.ro
share.jinghua.cn
shop.b2b.cn
shop58371848.taobao.com
shopgo.info
shrewsbury.ac.uk
www.gzb2c.com
shuangexing.1168.tv
simpleseo.cn
sinhvien18.wap.sh
skoedecentret-digital-tinglysning.info
slapne.puk.ro
smdl.zol.com.cn
socialtag.info
soho98.net
soleyn.puk.ro
solicitar.wop.ro
songzhixiao.6188.net
soup.io
soutikou.wop.ro
spartanville.com
fightsport.pl
sugoude.puk.ro
spyline.de
scassino.puk.ro
sriclips.info
mendotahearth.com
stakelen.wop.ro
stilizer.ro
sunweb.nl
sxoo.nfdy.net
sygeuyozpq.skynetblogs.be
lonelyplanetitalia.it
teamrahola.fi
stormweb.ie
teenus.info
thomas-krenn.de
toumpano.net
tracke.net
trinca.name
trophywebdir.info
tstong.huanbohainews.com.cn
tuan.duba.net
turnto23.com
tusabeklk.net
tykkes.puk.ro
ubwvocjdt.blogdetik.com
udjj.nfdy.net
ugteuskadi.net
unfei.puk.ro
unwell.puk.ro
uplink.pyroscribe.com
oprichte.verweichlichte.pfieffer.eekhoorns.wwwwww.wop.ro
vbdesigns.de
veelt.puk.ro
vegaoo.de
verroeren.puk.ro
www.wap3c.com
www.zuidaowei.com
trieudo.com
www.zuozw.com
www.zzzrjx.com
xn--fet810g.com
xtxpasnh.freeblog.hu
verwoei.puk.ro
xwx.cn
vihar.linkpark.hu
xxy2b.com
ynchuying.org
deniru.wop.ro
youth.sg
laufmonster.de
yqjm.78.cn
yuzhong.mca.gov.cn
vlz.ru
yyzs.zhuxiane.info
votem.puk.ro
zav.digart.pl
vpsadd.com
zhick.de
vpxl.name
dylamagazine.com
waofm.com
wap.62141.cc
zionlodge.com
zjfzpf.78.cn
wariest.puk.ro
zombies.fad3.net
web-stihi.ru
wfrp.co.uk
mfht.1168.tv
zuicixi.com
03122.com
whitetapes.de
0395.1775.cn
33583.vgb.no
335hh.com
3366.com.cn
34ls.com
woodsbatterychargers.com
wvbk.nfdy.net
34mn.com
ww132.com
350721.fjsnw.cn
www-cake.com
3556825.i.tiexue.net
www.0574fh.net
356c.us
metreshi.wop.ro
www.1234pp.com
www.173line.com
35sao.com
www.191av.com
35ys.net
www.19977.info
360.sqxlh.com
3600safe.com
www.1er3.net
www.370518.com
www.38qingse.com
360buyc.om
www.3zrr.com
www.566c.com
360hqb.com
www.5han.cc
360joyo.com
www.61x.net
www.78wuye.com
www.910xf.net
360qqdg.com
www.925.org
detectivism.puk.ro
360s.vn
www.95ooo.com
52yinshua.com
360sou.com
www.997bb.com
360waigua.com
www.lcwan.net
www.athomedrugtests.org
361du.net
www.bbswj.gov.cn
365.cc
www.bjbihua.com
3659898.com
www.bloggpix.no
365a8.com
365aiao.com
www.brw.cc
www.bsdh2.com
365hk.net
www.cbe8.com
365jia.cn
365winner.biz
www.cd5117.com
www.ceas.cc
366paydayloans.co.uk
3683.com
36988.in
369ka.com
www.cqjx.org.cn
369trip.cn
www.cqms.cn
36kf.wq029.com
www.crazyflasher7.tk
36nf.com
www.diaosujia.net
36pi.210000.org
371.net
37eu.com
37go.net
3833833.cn
www.dingkefang.net
383955.com
383960.com
383961.com
383968.com
383972.com
383980.com
383981.com
www.diskynaauto.sk
www.dj897.com
383987.com
www.dnf885.com
383991.com
384002.com
www.dragon-guide.net
384003.com
www.dvd4.info
384004.com
www.edws88.com
384015.com
www.erc.ndhu.edu.tw
384049.com
www.es5.org
388488.com
www.ets18.net
38jjj-823a.tumblr.com
38jjj-823b.tumblr.com
www.eurocino.com
38jjj-823c.tumblr.com
ok49wap.com
38nc.com
38post.com
aamna-shariff.com
thuonghieuquocgia.vn
3929.cn
392963326.taobao.com
393800564.cn.nowec.com
398.cn
399u.com
39articles.net
39za.nfdy.net
3akis.lt
3amw.com
3assncock4play.a-lsawards.com
www.evida.es
juko.link.xfree.hu
3azv.com
3bb.ru
3bbiptvhd.4yb.info
3cgadget.com
3clines.com
3cmoli.com
www.fanzhanqun.com
3g.zol.com.cn
www.festivalbunnik.nl
3g6h.cc
3gqq.com
www.fjchuanglian.com
3twilightcocks.a-lsawards.com
www.zhizhuanji.org
40777.cn
4907.nfdy.net
512bxfc.com
569q.com
5847.210000.org
5862095813.phone.searchwww.com
58g1.lizhidy.net
6h666.cc
72098947.taobao.com
www.flashuser.net
www.fxxz.com
77qe2.diandian.com
www.guanli13.com
77qqq.qvod10.info
www.havenaer.nl
83888888.net
www.hbxwm.com
mielno.pl
www.hmzwg.com
www.hrcsgc.net
88.ggtt.cc
www.hukoubenyb.com
8bef.k3y3.net
www.huntop.hu
www.i8i8.com
www.industridesign.lth.se
www.institutovilladecortes.edu.mx
www.jdmzd.com
www.jint.cn
93.iresor.osa.pl
99abcd.com
99pf.78.cn
www.jit.cm
99szs.co
a-thera.com
www.jlgh.net
a-zlinkbuilding.info
www.jlkeda.cn
www.jsggy.net
www.jssgtzyj.gov.cn
a.34ls.com
www.jxdhb.com
ayuparadise.c.la
b1aa.qiwen5.com
babyonline.pl
baidu.com
bardon.edu.pl
www.k886.cn
barretlee.com
www.kongjun.net
www.leiju88.com
barrette.puk.ro
www.leijupm.com
bastir.puk.ro
batcafe.com
bbft.nfdy.net
bbs.007.mx
scfy49.com
www.lengku360.com
bbs.85896.com
www.librehat.info
cabaretberlin.es
marykay.com.br
bbs.llk.cn
bbs.sohuko.com
bcconsul.ru
bellhops.wop.ro
belly-dance.fad3.cn
belmo.us
berkshireradio.org
beuche.info
www.lse.ro
www.megabyte.net
biala.sds.pl
www.mingshiqipai.name
bicyclelaw.net
blog.tianya.cn
bonniershop.dk
bricktile.com.cn
britishcouncil.pl
bsoauy.at.lv
bursa.ro
bzxwoqsffg.typepad.com
campanul.wop.ro
chukki.com
www.minube.pt
clickfordietfood.com
cofunds.co.uk
luke.or.jp
community.btbuckets.com
controlchaostech.com
counterstamp.puk.ro
fabiolahanna.com
www.mm.sspig.com
www.mmguozi.com
cqjkjy.com
www.eho.pl
www.moahu.com
daigou.eachnet.com
daijia.bj.cn
www.momaps1.org
dali.87bz.com
www.nabaigkj.com
dcshoes.centp.com
dell-forum.de
depositfiles.com
devastando.wop.ro
deyang.66law.cn
dj.khodj.com
doggieblogs.com
dq12333.gov.cn
www.naxienian.org
www.nen.cn
www.newvision.co.ug
www.nycslb.co.cc
www.gomega.jp
www.old027.com
dukascopy.com
duplexers.puk.ro
dyndns.biz
easylikethat.com
edfagan.com
ediponatan.com.br
eimet.wop.ro
www.ospa.es
enthusin.puk.ro
www.photor.cn
erecta.wop.ro
www.platan.pl
ervinstyle.hu
escort.com.vn
www.promovision.ro
etuier.wop.ro
www.qty10.com
falter.at
88985758.com
felnibolt.hu
fgxne.78.cn
ficeler.puk.ro
finlay.puk.ro
www.rentibt.com
fjpkw.com
k.8x5x.com
forthegoodofmasonry.com
freshgays.net
from-china.biz
www.rizn.bg
fusagasuga-cundinamarca.gov.co
fuzhou.bgo.cn
www.seacha.com
fz168wd.com
amigoautos.es
gaarf.info
www.soow.tk
gainlinks.info
gcflearnfree.org
gcggames.webs.com
gepekt.wop.ro
ggaa.com.cn
gjess.wop.ro
glsz.2000y.net
gnuw.210000.org
www.sss986.com
goutsu.puk.ro
www.strefaksiazki.net
gpodder.org
www.jinsujx.com
green-community.it
www.szwufangzhai.com
guizgx.520edu.com
gyaloglo.hu
gyjyj.30edu.com
halestalowe24.pl
hao22.net
haus-garten-news.de
unifr.ch
hd.hr020.cn
healthyweightlossrecipes.org
hedninge.puk.ro
ricardo92.wrzuta.pl
helldive.org
hispace.info
www.toto258.com
homing.wop.ro
hopet.de
www.txbike.net
houseonline.be
hsju.net
www.usm.edu
bdhg.210000.org
www.uuu25.com
ht-world.org
www.vdsei.com
imtiaz.wop.ro
www.veryhuo.com
incesttoons.info
inslaap.wop.ro
www.wlddd.com
interviewquestionsanswers.org
www.wuzhouzhenzhi.com
intymnemiasto.pl
vocalmanian.com
ipad.zdnet.com.cn
irishdentist.ie
www.xjdli.com
isabellanilsson.se
www.xjyc.gov.cn
isubassteam.webs.com
www.xxshl.com
itatis.pl
www.xxwqly.com
bounce-away.org.uk
jandan.net
javart.com.pl
jblove.net
www.yclynk.gov.cn
jdnorunnmy.freeblog.hu
jiwi.nfdy.net
jnby.pharmst.cn
kapiwiki.info
kartenlegen-wiki.de
floralandhardy.co.uk
kassandrassmiles.com
kekavasnovadam.lv
khapk.com
kimdahee.com
enluminures.puk.ro
kiztube.info
kool-heads.com
korba08.digart.pl
kozminovici.ro
mexicorojo.mx
ktalegal.com
kutyas.jatekod.hu
kvigrpbp.blog.mongenie.com
lafst.puk.ro
leile.flog.pl
letsconvo.com
letsmakegames.org
lhlixumei.cn.alibaba.com
atlantic.fo
liaoning.ucar.cn
like-water-full-movie.blogspot.ro
www.yhyav.com
limpiezasrubiosl.com
linktransfer.info
filmowy.info
literia.pl
liuxuehr.com
lkb-autoszerviz.hu
loveme58021.5iforum.tw
lvs.shp.hu
www.yilukaihua.net
m.56ye.net
unthrash.puk.ro
mackozer.pl
magyarosizek.hu
manganews.jp
www.yunxiaoyan.icoc.cn
fm.tuba.pl
mata-l-23.com
maxcdn.com
mazdaspeed.com.au
mbsky.com
mclaughl.wop.ro
medialoot.com
meili08.com
www.zcgd.net
skylanders.com
meravigliosamentepa.it
www.zhaoxi35.com
meshiuma.net
messenger.yahoo.co.jp
meth.tk
sojaizdrowie.pl
mia-kirshner.com
midea.he.cn
mikelonis.wop.ro
minecraftworldexchange.com
abhielt.wop.ro
mipid.blip.pl
www.zjj.hh.gov.cn
missxc.com
mistergeek.info
mkka.hu
moesoyo.com
mofnet.gov.pl
molodi.in.ua
moto110.com
www.znk9.4f9.org
mrsjw.cn
www.zsq9.com
mybirdfeeder.net
naturallifedogfood.info
www.dtsjfs.com
netmatch.nl
www.zumi.pl
new-skin185.blogbus.com
newhumanbeing.net
ngy-blue.net
novycinema.ru
o-k2.com
wz0891.aonik.com
www.t2av.info
xinhaimining.com
wwww.76me.com
prwv.info
hubive.com
www.hncq.cn
licnioglasi.org
xn--muratyklmaz-4zbb.com.tr
ycqxl.b2b.hc360.com
tectal.wop.ro
sarkis-webdesign.com
zaped.info
zdto.nfdy.net
tokorose.wop.ro
0760rc.com
www.wzads.com.cn
1-sites.info
1.aapig.mobi
10424513.zz.100ye.com
1122.com
123.fad3.net
147zzzzz.com
150wt.com
1gil.k3y3.net
2004rena.hu
pornobigtv.info
3n316.com
3xiao8.com
404cn.net
rpet.org
4387.vl.vg
4399.net
473000.org
4nb.co.kr
58k.2044.cn
6hcp.info
71gh.qiwen5.com
7b10.info
81yy.org
920807.com
9duu.cn
a00uniqueboy.a-liveprivates.com
a0331.9wad.com
m.dokina.cz
a1directory.be
a8e155.x5x8.net
aanaardi.puk.ro
aaneenpaste.puk.ro
aangaf.puk.ro
domaintrakker.com
www.jiuhuashan.cc
aangedur.puk.ro
aangejaa.puk.ro
2ch-news-vip.info
aangeplakte.puk.ro
aangescharrelde.puk.ro
aanhecht.puk.ro
aankante.puk.ro
aankweek.puk.ro
aanlandt.puk.ro
vhsl.org
imaa.ca
aanmonsteringen.puk.ro
aanplak.puk.ro
aanroepe.puk.ro
aaooxx.bee.pl
abalakin.puk.ro
www.4j.com.pl
sg9w.k3y3.net
abbyy4.software.informer.com
esky.pl
abcpreachers.ning.com
abdiqueront.puk.ro
abdirectory.org
czxlyzj.blog.163.com
s907.ztzt.us
pingle.wop.ro
sexbig1.info
egph.210000.org
www.90qj.us
xixihuafu.com
hursthardwoods.com
xxxmuy.wop.ro
enchantmenot.org
radiozakaz.pl
aapr.icg.tugraz.at
faststart.ru
fun2fun.ir
fjolet.digart.pl
universalplaceholder.info
njyd.520edu.com
www.seotest.cz
curran.wop.ro
adiariobajio.mx
tssm.265link.com
rommendo.wop.ro
sgjgh.78.cn
derik.flog.pl
legend-clan.net
www.seopoz.pl
www.qile520.net
ixev.nfdy.net
hotbodybuilderporn.com
ungnarred.puk.ro
www.hnxp1999.cn
bridgestone.co.th
refoweb.nl
www.anny520.com
tgs-tennis.de
vetau.mang.vn
fsapr2000.ru
limitedexclusivedeals.info
www.fanel.ro
www.997zz.com
himalayahealth.com
firstdata.com.ar
hupan.net
59tl.265link.com
yoneyamaui.jp
www.ta0baad.com
icisleri.gov.tr
foodsupplydepot.com
euro-police.noblogs.org
www.thos.cz
meiman.ilanbnb.tw
polkadot.pl
inzl.nfdy.net
socialmedia.pl
reutel.puk.ro