alqun.cn
www.szleadway.com
10010baidu.com
outlawsmcworld.com
baijia.info
miyosire.wop.ro
elmershamshack.com
intensity-radio.fr
earnwithinternet.info
752288.com
naziri.wop.ro
www.adbax.nl
digitalpopcorn.net
g.34ls.com
lamchina.org
gdn.edu
arih.210000.org
mton.210000.org
klapser.pl
www.mokeju.com
pennymarket229.net
esdata.info
serd.210000.org
izusskia.pinger.pl
97.84474.com
sweetopia.net
aiiri.gov.ir
www.dworld.pl
www.softk.kz
paipan.china95.net
dirlinklist.info
newcyberian.com
dinbaghave.dk
rixsta.co.uk
solarisnet.pl
biod.info
poradapodatkowa.pl
bbs.ehomes.cn
tommysbookmarks.com
17syy.com
directo.r.gd
hacknews.org
aoio.cn
www.soow.tk
buddyforum.de
seeed.wrzuta.pl
3686.cc
szming83.cn.alibaba.com
mushahid.info
laura.ca
s907.ztzt.us
176gz.com
irishdentist.ie
xixichengyuan.com
oqueeh.com.br
www.hhzpw.net
kataweb.it
pdaexpertos.com
frank-teens.com
prwv.info
onebookmarkstep.info
19bt.info
qindongkui.com
olkis.blip.pl
filles-facile.info
v393.265link.com
raileurope.ca
pzerfbqed.mixxt.mobi
hupan.net
wielded.puk.ro
hiarticles.com
dedicatedhosting.mx
www.tzredcross.org
trevian.co.kr
phototrans.hu
mazdamx5.unas.hu
thinksaas.cn
socialtag.info
tialoto.bg
feedemsoup.org
massbio.org
www.altach.at
www.qlcom.net
althair.blip.pl
21directoryiso.info
xlazy1.info
katlok.pl
68xc.265link.com
guihuaxiang.com
cadutacapellistop.it
grafmag.pl
shafts.wop.ro
evangelisch.de
videox69.info
aflujo.puk.ro
dealercrm.com
cs-amazing.pl
kopij.wop.ro
chemenal.wop.ro
dr-rath.de
mankotategal.sch.id
upsb.info
asdf91.wrzuta.pl
64news.com
gemeley.net
bzskapu.hu
mi.99bitgongchang.info
ilgrandebluff.info
wandelkaart-oosterwijtwerd.istats.nl
ndsv.bg
wzdh.us
hotelbaiadelsole.com
intergoles.info
gourmetitalian.com
5793.vgb.no
legpic.net
szema454.wrzuta.pl
alky.puk.ro
goutetnature.fr
xxgou.taobao.com
473000.org
brxt.k3y3.net
twiglet.wop.ro
svvr.ru
aato.jp
semuaproduk.blogspot.com
biteyw.taobao.com
funattick-textads.info
doggybag.com.tw
mariohry.info
brock.wop.ro
juancong.com
lcl.fr
juve.by
piazza.wop.ro
www.gegegan.com
classof87.info
motoemi.pl
directorylemon.com
zhaobailing.com
cloudirectory.info
dacu.cc
surfrider.eu
vgsclonesa.info
192990.www.blox.pl
www.feifeiwg.com
kjfz.210000.org
ewceo.com
www.job.cqu.edu.cn
traffic-flows.info
karmazsin.xfree.hu
pakservice.com
blogsome.com
cvchina.info
blog.tianya.cn
ebedmele.wop.ro
chachala.com
dekkan.flog.pl
freedirectorylisting.info
shonv.info
stockwatch.pl
m.365jia.cn
muzzo.pl
rushydro.ru
lesherbiers.fr
infosapiens.com
www.xxx558.com
bmwx3.lap.hu
citizenoutcomes.org
suzannadanna.net
massxxx.info
membersforlife.org
odv1.k3y3.net
clasificadospanama.org
radiostations.co.uk
sintoworld.jp
degiorgi.me
1xizi.co.cc