lainesse.puk.ro
brreg.no
beezup.es
itechplus.info
swiatkotow.pl
navicms.pl
richteampro.ru
el-oso.net
toiowo.pinger.pl
saluteme.it
new-jav.info
sjlf.nfdy.net
dom-dacha.info
dinkes-ttu.web.id
celebrityring.info
www.efdinvestment.com
kantoortje.puk.ro
allemeble.pl
existe.wop.ro
realestateaustralia1ap.com
sss13-d69.diandian.com
rozwod.konin.pl
www.saryan.am
esmalagha.ir
suggar.com.br
xixidieyuan.com
icamtech.net
jackliuxue.com
tazhao.co
www.97semei.com
rommendo.wop.ro
taas.or.tz
cia.org.cn
blogjardineria.com
lennar.com
dfw-jsu.org
dgfukang.com
dhlfc.co.uk
dg.zx123.cn
dfpcb.com
deuce-hair.com
chaosu.tv
machie.puk.ro
rithelp.ru
visada.lt
tulocura.net
www.jianseqiyi.info
6vl.info
zapodida.wop.ro
vmchat.prv.pl
91ggg.aa.am
comunidadskate.com.mx
communitycaucus.com
con6.cn
xixihuafu.com
edisonbusiness.it
toborek.info
addressarticles.info
suendigt.wop.ro
d152.dyy03.info
tuningzone.lu
jellar.soup.io
gdynia.pl
hk88bc.com
triada.pl
guihuaxiang.com
corollik.puk.ro
diggaof.co.cc
gouwu.youdao.com
doulanetwork.org
detroit.lap.hu
bip.warszawa.pl
fahg.info
omate.digart.pl
steamwhistle.ca
kdjmdl.78.cn
mrozny.prv.pl
dsjyj.com
dsq.zgnt.net
dszy.cn
porodnice.cz
nyinax.prv.pl
37.pl
maprotectionjuridique.ch
houseonline.be
ptsr.nl
www.xyiz.gov.cn
pressnet.or.jp
destinysbartenerife.com
deraxtmudda.soup.io
design.vnzet.com
despotiet.puk.ro
desmotivaciones.info
dermaya.pl
gjuetari.webs.com
dzd.168cai.com
dy01.fyfz.cn
dynamicdiscord.com
dzhuiou.suliao.biz
dynazik.biz
www.17a0.org
laplink.puk.ro
jobmeeting.it
maniniyot.info
bzzpxx.78.cn
nanjing.jzcn.net
aarresaari.net
addsitemarketing.info
exedeinternetservice.org
evmypiwxdy.freeblog.hu
exodyus.org
eutfhpredp.blog.mongenie.com
hippostudios.co.uk
chachala.com
www.dongsen568.com
aljamaa.info
nirmana.info
mobo.ir
gerryweber.de
svhl.210000.org
peerage.puk.ro
mmblog.tw
yervo.puk.ro
www.cpitax.cn
mstyczow.prv.pl
sirisara.info
jenalens.de
wohl-bekomms.info
afsop.geograaf.smoker.wwwwww.wop.ro
expressbookmarks.com
elitemodscene.com
export.gov
eyebeam.spgw.cn
emergentkiwi.org.nz
elite-games.net
prwv.info
elektronik.co
elitepowerandfitness.com
elegischer.puk.ro
www.kitty.pl
ducts.org
superakwarium.pl
cn-english.com
eajtsxgr.bloguez.com
eatsmartlivehealthy.com
ebook.pconline.com.cn
eatglutenfreelikeme.com
e913.cn
eb20.com
eaak.tk
gbkk.info
member.fpt.vn
metalinfo.ru
looeo.com
ahestan.ir
fishingjunkiebanchan.naturum.ne.jp
fius-kifestok.kifesto1.hu
blanko.prv.pl
00t7.56dvd.net
5izm.cn
arismebel.pl
countryman.co.za
xgpz.nfdy.net
facemaam.xiaoqiaoqiao.com
fantastic-host.net
fadedillusions.com
fe.aiao.cn
findwebstats.com
cheapjordans2us.com
buro.ru
balises.info
www.livenation.cz
fecn.net
ai666.info
www.024piaoliu.net
witnessthis.co.za
www.athomedrugtests.org
esfri.hyves.nl
nekowan800.blog101.fc2.com
www.ishotmyself.nl
kjenning.wop.ro
trauerfeier.puk.ro
minix3.org
g0t3.210000.org
www.666za.com
basalactionnetwork.4zy.info
phrenoty.puk.ro
asiula90.flog.pl
axispay.co.in
clip-like.de
alaska.edu
poisk-cards.ru
xj.taofang.com
grodno.by
www.geckofx.biz
kasiaaa99.pinger.pl
lbzb.nfdy.net
auto.ce.cn
actebis.fr
brandproducts.tk
opiniarka.pl
monhomeserver.fr
www.jun.pl
darazs.wop.ro
southlondoncollege.co.uk
acphs.edu
emrconsultant.com
667966.com
1bpk.qiwen5.com
jarlen.wop.ro
annusass.puk.ro
www.3661.com
vip-madame.net
cel.gr
www.helpvote.net
ria-brassie.hyves.nl
notasdefutbol.com
moselbook.de
cityclub.com.mx
miuriel.digart.pl
elecpro.com
fog.ge
voicedir.info
seaside.st
jeepstercommandoclub.com
hlfx.ru
africavan.com
porn88.net
babylonpuzzles.com
rocketleech.us
asklinks.info
spiddet.wop.ro
alleycode.com
sooperbookmarking.info
zooexpress.pl
triponline.hu
acer.de
jojoufu.wwwwww.wop.ro
siggisig.wwi.is
joswide.blip.pl
convecto.puk.ro
www.911uu.com
404cn.net
djbagado.wrzuta.pl
toneel.wop.ro
florentiavillage.com
misute.wop.ro
v-texting.com
lvvv.k3y3.net
eshopping-me.com
www.aliwaxinnata.org
6e.sterinna.osa.pl
jbwz.nfdy.net
ghx.cn
80vcd.com
www.111zy.info
zachtheid.wwwwww.wop.ro
costacruise.com
7kav.org
ek-se.net
psychonomy.info
www.2018book.com
datonggouwu.fdchs.cn