www.news365.com.cn
controlling.lap.hu
ushpa.aero
website.pl
borekpdg.wrzuta.pl
prwv.info
onzijdiger.puk.ro
linxz.de
hania.blip.pl
xitaw.com
gaymenblog.info
floppingout.com
8384.com
naweb.sk
hanko21.info
siegst.wop.ro
www.letop.be
pseudotr.wop.ro
limpiezasrubiosl.com
salitpa.wop.ro
www.977cao.co
www.lixingzidonghua.com
sbpn.nfdy.net
senkes.wop.ro
rr6e.265link.com
76.procjoueaw.osa.pl
www.goldentulipsibiu.ro
hkaluk.wop.ro
beaut.ie
krazylady.digart.pl
sangonera.puk.ro
bi.go.kr
cerne.puk.ro
www.vff.dk
ruletaonline.biz
g15o.qiwen5.com
www.010ci.com
filler.wop.ro
www.anfangwang.com
sodrofa.co.hu
estreladoesporte.com.br
puredata.info
www.1133.cc
ruizinen.wop.ro
clickmeeting.pl
candymail.se
www.rugbyforums.com
lighthead.net
healthy-joy.msk.ru
webkatalog-2007.de
ehrgeiz.wop.ro
www.sharanis.com
www.egenz.com
topredirect.info
goplaniusz.blip.pl
www.paper-plane.tk
utili.wop.ro
filmx4.info
necoo.twbbs.org
prixmbt.info
guihuaxiang.com
zeepter.de
minnanodate.com
traffic911stats.info
strategikon.info
acii.digart.pl
updatestatus.info
laresdj.com
ogrodtadka.blox.pl
dildoparties.dk
valucrafts.com
kroma.wrzuta.pl
www.comx.nl
ruatha.wop.ro
pointrouge.de
hqmagazin.de
www.csxyzx.org
volvo-occasion.fr
www.mcb.tw
www.sajko.se
52cznet.com
lessin.puk.ro
tk6.pl
gjuetari.webs.com
kdv.pl
lenitiva.puk.ro
www.3366.org
udesignstudios.net
w3c.es
deef.pl
blogbox.ch
mp3mp4players.3qa.info
semduvida.net
neuron.pl
symphar.info
trainspotting-full-movie.blogspot.ca
wohl-bekomms.info
www.ylusb.com
nask.pl
vurq.210000.org
kellari.ws
0832idc.com
qingguokeji.com
yingjing.sczt.net
ogirwhpt.blogger.hu
imtech.de
jekyll.wop.ro
cleankult.eu
sgjgh.78.cn
www.rinkel.nl
www.5dy.com.cn
slowfood.de
bagtjuh.zoom.nl
448448.hk
vpsserversz.info
retento.com
prom.ua
lubtur.wkraj.pl
infektstudio.com
kellan-lutz.net
wol.digart.pl
rapuxeci.prv.pl
biedronkowo.info
senuke-x.info
sulfonal.puk.ro
odnoklassniki2.info
mar-li.libmedia.nymc.edu
easyelectronics.ru
weiinn.com
hatsumi.wop.ro
place2be.blogsport.de
haw.digart.pl
barkodetiket.tk
citec.cc
kuthan.info
moneyzone.info
win.21cbh.co
expologo.info
dailymotion.r.gd
xvastunov.net
freemaine.org
velo.flog.pl
www.domiporta.pl
bestsitevalue.com
svezakucu.rs
4ddianying.info
nexxt-change.org
mydepression.org
cq-dx.pl
kubung.puk.ro
fotos-host.ru
hpe.blog.is
spacsport.nl
ttuu.com
artkids.info
wrinklesb8w.info
fsjms.net
tensormedical.com.br
5206h.tk
tampaxcoupons.co
kody-pkd.pl
oqqw.265link.com
jurnal.md
schleppenden.wop.ro
a2.ee55.info
aem.mx
wap.jtmw.info
udop.com.br
www.qunaer.org
aphthita.puk.ro
xadcdq.com
www.sicai.net
planetpoodle.eu
angelically.pri.ee
doskipartner.ru
qu17777.info
klaudiaw24.pinger.pl
www.liudu.org
www.qqwen.cc
www.tybet.pl
www.yoolego.com
hrstandard.pl
filmhoer.nl
tymy.cz
profeto.pl
argentose.puk.ro
charlero.puk.ro
www.gxwm168.com
forums.mapletip.com
dsq.zgnt.net
dsjyj.com
dszy.cn
loftwork.info
www.muftyat.kz
land-seoplink.net
00t7.56dvd.net
topcoating.wop.ro
bookmarkthistime.info
www.530o.com
annapalluch.digart.pl
marutisuzukikizashi.in
bdgbf.61.21d3d3lj.info
6degrees.com.my
jrpversailles.info
mimakos.com
radioporusski.pl
dolosa.puk.ro
1001pneus.fr
ensor.puk.ro
investirmobilhome.fr
esmalagha.ir
src-support.ru
the-expendables-full-movie.blogspot.it
jzwtjnsq.1168.tv
rankbg.info
unkyuu.wop.ro
maybelline.ca
utsubyou.puk.ro
jn-photobook.net
www.chunvdy.ne
www.3kvcd.net
eletele.pl
competet.puk.ro
hotstroy.info
webindeks.pl
webstyles-swedish.info
25983.hos.999120.net