prwv.info
purduelug.org
shopbot.co.za
dnazsmzj.blogger.hu
5ydy.info
chambo.wop.ro
rmvboard.pl
crowderassoc.com
portal-elblag.pl
dreamart.az
ubdt.210000.org
6av.info
sgrab.ru
epidemic.pinger.pl
ldfc.nfdy.net
analizy.pl
themlmwarehouse.info
interbytchim.ru
dgxn.info
www.020baidu.com
okonet.com.pl
hzlf.info
zmxy.wandodo.com
tamarahunter.newsvine.com
paquet.puk.ro
2jobweb.co.kr
goalieguru.tv
kombuispraat.com
softwareoverzicht.goedbegin.nl
acs.com.hk
www.35sp.com.cn
knightfeg.info
sklepy.pl
www.caoya.info
ksto.nfdy.net
enago.jp
housepainting.gr
c1521.sha7.info
der-messershop.ch
recherchieren.puk.ro
johnbauer.nu
takyuuda.puk.ro
8880t.cn
swiatswiatla.pl
ecdir.info
greatlinklist.info
www.nubo.nl
mankindpharma.info
danchuyentoan.info
jefj.hyves.nl
virtualisoktatas.hu
mkcl.biz
piptid.ru
sklep.spirulina.pl
swe.pl
kefang.13366.info
chachala.com
wet-shaved-teen-pussy.com
laushushi.com.pl
preesely.info
sgozzass.puk.ro
iisadmin.co.uk
taxeu.ro
8614.zhua.biz
wordweb.info
lihaoning.com
gdziejestdziecko.pl
ithinkgreen.co.za
rockfashion.sk
news.liao1.com
dialognauka.ru
donnadowney.typepad.com
www.bubanuisi.com
www.010ugo.com
mariasz.salon24.pl
gjuetari.webs.com
blogdeldia.org
www.gsstc.gov.cn
www.snowvillage.nl
futureclub.us
kupbilet.pl
guihuaxiang.com
bgil.hyves.nl
zjjzh.78.cn
b-channel.info
www.hy1158.com
servicepoint.hu
newcolorado-club.com
travelandtourworld.blogspot.in
fbyu.nfdy.net
soup.hd0.eu
douyy.com
aukin.puk.ro
meterpodu.in
dagussiaa.polki.pl
access-southwest.co.uk
block--buzz.ws
btoj.210000.org
royal-pigerne.dk
serverlar.gen.tr
kio.hu
www.3zrr.com
designfirst.be
uncabled.wop.ro
unrepair.wwwwww.wop.ro
ivepesp.org
2400.nfdy.net
www.rbxjj.com
netenergy.net
www.360away.com
www.haifa-wehbe.com.nu
terzinen.puk.ro
hiddengate.info
kyoushia.wop.ro
hetnet.nl
wreckedgames.com
www.105tj.com
lolcats.soup.io
lvsz.210000.org
bisetose.wop.ro
gs.educm.cn
solidati.puk.ro
uncrowning.puk.ro
miia.wop.ro
looeo.com
www.iskme.org
kolibri-kindergarten.at
www.colima.pl
vilcor.it
planetseobookmark.info
www.gaobiqu.com
harsboom.wop.ro
myae.fr
bsqjc.78.cn
www.reisebox.de
hxjy01.blog.bokee.net
healthy-joy.msk.ru
pthh.210000.org
linkjeim.info
snuper.pl
medicaltesting.0uu.net
www.ashshop.de
fvn.com.vn
hupan.net
alky.puk.ro
machie.puk.ro
alobmarlobs.blog.hu
gainingweight.info
westherr.info
gekleumden.puk.ro
f8q.info
www.51999.tv
yrth.puk.ro
osservato.wop.ro
www.3339.cn
yase.wop.ro
sandstein.serments.stuyvesant.wwwwww.wop.ro
tivi.pl
ysoe.nfdy.net
www.cdsp.ch
deco46-l.petitlife.net
x-store.cz
fastspeeddate.info
phones-g.info
rays.wop.ro
articlefind.info
www.dayiliao.com
www.zzhcsm.com
karelias.digart.pl
gulasoft.uw.hu
myinfolink.ca
mengch.com
tsuranik.puk.ro
tkptn.net
ric.spb.ru
www.wwwjiayuan.net
sfzj.net
thegoodlife.fr
fantagero.it
fbfn.org
shop63788365.taobao.com
ruserial.com.ua
obvysocina.cz
www.1868.tv
mutterty.puk.ro
k-system.net
www.winshu.eu
healthybodydaily.com
govtslaves.info
bedandbreakfastwiki.com
catchthetrade.info
vandalizmo.blip.pl
numimarket.pl
sokolowsko.info.pl
www.jiesi.net
v-texting.com
3gapk.stuwap.com
suendigt.wop.ro
www.syeduinfo.cn
esolut.de
bioinformatics.or.kr
yunjing.net
juancong.com