jipc.jp
rp5.be
tiempodevictoria.com.ar
crs.lombardia.it
www.tripadvisor.com.tr
usabaduhgt10f.1168.tv
pill-counters.net
ur.krakow.pl
weedhardy.com
adberatii.ro
trundlin.wop.ro
workbux.info
thetechguide.info
www.qianzhi-bag.info
www.frix.it
nfinity.pl
za-isakly.ru
lavan.wop.ro
thenagain.info
dafawang.info
humyai91.info
redbull.pl
linkborn.info
webworth.pl
jahreswa.wop.ro
www.laoposao.com
kretoss.wrzuta.pl
web-bi.net
konatatoyama.flog.pl
adrevamp.com
sqlazure.jp
greatwebhostingz.info
studentloansearch.info
www.vff.dk
seobookmarks.info
xixidieyuan.com
xdsc.k3y3.net
sourcedirectory.info
canadianpardons.info
linkmin.info
juancong.com
delatv.info
adclic-hosting.info
wap.116hk.com
yvi.jouwpagina.be
linkdirect.info
enopo.jp
kaluweb.fr
www.222abcd.com
www.sh1188.com
penedofm.com.br
www5.cathrin-kilian.info
8jg.info
brandart.pl
freerolling.info
prvj.info
linuxxx.info
homesecuritysystemdez.info
52kshu.com
1stclasslinks.info
freesexpornvideo.info
tzseo.info
orangenotes.jp
calracing.com
www.6dh.com
articlelive.info
fc-severn.org
linkrus.info
www.ndtbbs.com
antenam.info
www.ksxjd.com
www.cr8.cz
bb.com.do
remserv.com.au
cloob.us
bellafacil.com.br
www.platora.pl
www.h-u.com.cn
anti-scam-forum.net
unrealgames.hu
resnichka.ru
www.chaoo.info
imprimante.biz
avtomaslo.info
untz.ca
classifiedreal.com
gyfzgbdsfb.1168.tv
mywalltattoos.com
oltursa.pe
pussylick.info
zoofiliagratis.com.ar
eads.pk
meninblack.es
sm.com.br
synovate.nl
sba.vn
cawaii-hs.net
www.fcv2008.dk
ryor.ibyznys.cz
sucuri.net
berge.wop.ro
securistul.info
www.ixex.it
casademipadrefullmovie.blogspot.gr
pmu.edu.sa
ikarus.net
quasi-mundo.net
www.dvd580.info
city.ee
dailytimes.com.ng
first-responder.co.uk
neumim.tanuki.cz
the-income-revolution.net
ultras-tifo.net
www.sa8000.hk
femh.org.tw
m1365.com
bcs.tt.lt
saugstube.to
yifuqiankun.com
bieg-piastow.pl
chachala.com
swisabeauty.de
j2.hk
socibus.es
colsueco.org
bikemag.hu
aba.winball.tv
baglett.co.za
zerodoi.ro
www.hnpecc.org
x6.xclicks.net
nt.com.tr
aufhob.puk.ro
gs.tinyin.net
www.gay163.org
stapletonkearns.blogspot.com
mm.pgy.cc
a.qsdg1.in
www.huangjincha.com.cn
alunatpro.de
escolainfo.com.br
epoke.puk.ro
autokert.109.hu
artesanasya.es
rattled.fuyuzora.karaoke.hygien.wwwwww.wop.ro
lelekahobby.ru
elgin.wop.ro
american-chopper-christmas-bik.blog.hr
c37.cc
www.hbnews.net
thaingo.org
telcor.ro
tvbola.net.br
dvorakdesigns.com
speckste.puk.ro
www.dnyywl.com
soaiymobile.com
broglie.wop.ro
knallgrau.at
pucminas.br
www.xtmpw.cn
bidify123.weebly.com
fangensk.wwwwww.wop.ro
jira.me
www.diskynaauto.sk
wolfing.wop.ro
gsm.vn
sdfkh.co.cc
pprn.blip.pl
www.arhis.ba
manathure.fr
hyrlgh.se
salonlepote.info
falmouth.ac.uk
aftensolens.puk.ro
std-gov.org
vpsville.ru
fcsalina.ro
saludtotal.com.co
davvero.org
the-one.hk
blognaz.com
sys100m.org
nishadalar.com.tr
omvegen.puk.ro
rehabili.pl
qk.soup.io
pw.rptop.net
tatam.puk.ro
ios-blog.co.uk
mkmp.su
88.6h20.com
chimie-sup.fr
customizedfatlossreviews.info
czfa.pl
dailyfreeware.net
dammi.pinger.pl
t78a.qiwen5.com
decoralis.com
desollar.com
tongdaiso.vn
dev2server.com
www.qingmo.net
dicavit.info
gaydemon.biz
dichvutangle.com.vn
dielytra.wop.ro
digicliff.com
480p.me
5503.wapbm.me
renego.com.sg
dimax.biz
diodati.org
the-fan.net
nmjn.net
this-is-40-full-movie.blogspot.se
disneystore.co.uk
ditu.google.cn
shinkai.puk.ro
jedlik.eu
www.iite.ru
dominos.jp
ulagos.cl
brilloldies.com
yodan.wop.ro
domkredytowy.pl
assc.ir
donum-vitae.de
download-french-montana-ringtones.blogspot.ca
24h.gr
ngocha.com.vn
www.icmt.nl
agareso.org
dagedar.com
msiiduy.us.pn
vomira.wop.ro
trinitysem.edu
melledubndidu.fr
dqww.nfdy.net
e-rev.net
stevia.no
localzilla.net
cateringoslo.no
droidnews.ru
4nb.co.kr
www.wamk.hu
druckinjektor.de
oweb.mobi
dazaifu.wop.ro
cg59.fr
gonid.wwwwww.wop.ro
jyunitu.puk.ro
dinheironainternet.net.br
ldou.nfdy.net
mneq.210000.org
pfandl-pitztal.at
xn--888-n25e927wd9b.tw
hotrealgirl.pinger.pl
www.pexa.de
historia.org.pl
www.olx.lk
travian.com.eg
camguys.net
www.djzj.org
ekiscoaching.it
ds.dnfa.info
esferabr.com.br
flauet.wop.ro
udl.cat
zhuwu.info
skolko.in.ua
www.yedoo.eu
trocavisita.com.br
advert-book.de
wiegje.nl
digitalslrphotographytips.org
toprural.de
index.go.kr
overjob.wop.ro
ladiesbelt.pingguo55.info
radioelmundo.com.ar
pricer.kz
bkxqvlnx.blog.cz
julekw.digart.pl
www.xnfdh.info
cellcom.co.il
wikidb.info
hr-pedia.ru
k12.oh.us
hades.wop.ro
yanghe.9998.tv
shijiazhuangyiyeqing.6rj.info
gubanghuangyaot.1168.tv
hentai-flix.net
okser.wop.ro
lipto.info
jrpg.jp
www.jxbgw.net
riaenvia.net
0554.in
informatica.goldendistribuidora.com.br
ilich.in.ua
caoliu522.pen.io
zonanerd.com.br
www.softk.kz
boostlink.info
sms2.org.uk
namuk.ch
erta.gov.et
www.boyz.pl
crcci.org
6gy.info
dokk.wop.ro
jmp1.digart.pl
drupal-translation.com
iritec.es
palps.puk.ro
classicmustang.sk
dtet.210000.org
dtfp.nfdy.net
dweper.wop.ro
e-l-l-y-5-4.hyves.nl
fatuleu.wop.ro
e-pity.pl
xulibin.com
eaby.nfdy.net
ecstacy.wop.ro
seibh.wop.ro
fontje.hyves.nl
webspell.org
eifert.wop.ro
web-stihi.ru
eindianhair.com
padelspain.net
elbolero.info
24tv.ua
elpost.cl
enigmatic.az
i.mouto.org
entropyholds.pl
dynamo.kiev.ua
epic-fail.info
diarioimoveis.com.br
eqnaiti.bloguez.com
erpy.nfdy.net
ershousou.com
noroeste.tv
esing.puk.ro
icy.blog.hr
esky.wop.ro
www.sharp.at
essen-bestellen.info
cndesign.pl
etre-un-homme.fr
mx2.php.net
pondait.wop.ro
eurotitan.ru
geek-blog.it
exmil.flog.pl
avatars.a42.ru
explorekerala.org
art-of-dance.co.uk
vrachirf.ru
exrk.210000.org
amiroh.web.id
fashionlingeriestyle.info
dictuc.cl
literarnyklub.sk
fieldy.mobi
yy.dnfa.info
fightnews.pl
finansosfera.pl
zync.es
hypftier.de
firmlandia.pl
kprw.qiwen5.com
www.sigmans.nl
forestho.wop.ro
quebarato.com.co
vcta.dk
forinternet.info
lionsbistrita.ro
forumtychy.pl
defeasible.org
forsapl.info
forzanuova.org
fotoplus.pl
kolyma.ru
foxct.info
izdubar.puk.ro
thebulls.co.za
freeflashtemplates.com
freentwk.com
anageimoveis.com.br
freeresumehelp.net
freudenhaus-hase.de
ftp.is.vim.org
mensen.at
nsf-margins.org
galeriasxxxx.xpg.com.br
yyop.nfdy.net
garewaite.puk.ro
listings.sg
gatormade.com
www.baidu.com
dey.ch
locations-06.fr
gazetabankowa.pl
yamek.soup.io
neoviatelecom.com.br
netafull.jp
funsky.fr
topics.wwwwww.wop.ro
saifalikhan.eu
girlracer.co.uk
cosmos.mx
teh-song8.in
glas-srba.info
sz.58.com
goler.pl
verwoei.puk.ro
gonweb.co.jp
gpsites.net
fortunaweb.com.ar
grahamite.wop.ro
mimp.gob.pe
greplinks.info
www.vegjd.de
mostfuelefficientsuv.info
grynet.puk.ro
gsb.or.th
gsw.edu
kkm.su
guglio.wop.ro
sdm.scj.pl
guymaes.zoom.nl
estudiantesdesociales.cl
gwebtools.com.br
handwashing.jp
www.cuny.edu
healthnet.com
sjor.wop.ro
healthplus.co.uk
qualitech.info