thelalgi.puk.ro
articlebase.info
www.cd7up.com
attesa.wop.ro
www.metapart.nl
hupan.net
roque.wop.ro
www.vvmt.nl
kompstar.com
szshengfa.taobao.com
www.jpsf2011.com
swisscard.ch
www.centreceramique.nl
www.photor.cn
www.isq.pl
krios.info
sakura.ne.jp
spvgg-unterhaching.de
www.liempt.nl
ototo.puk.ro
www.freespace.pl
aangename.wop.ro
cx3l3.u44777.com
cardif.fr
www.linfosys.nl
kalisz.pl
qilu120.com
www.sennik.nl
www.karuna.nl
www.xxpp.info
fengshiguba.1168.tv
www.tongqin.com
chongcaoshengjingjn.1168.tv
awesometees.fr
www.uwex.edu
www.she88.com
www.autocentrum.pl
nyrodev.info
www.dsjys.com
www.csido.cn
www.texamen.nl
www.jb100.com
mealer.wop.ro
citasescorts.com
cuba4diving.com
carolina.xfree.hu
crayz.org
hzsyw.cn
www.sexfotoalbum.nl
imgbed.com
chuetsu-h.ed.jp
smjfjn.1168.tv
bth.78.cn
www.ctkxkw.cn
jonne.wop.ro
www.skalet.nl
liseliporno.org
www.haagsestudent.nl
www.fundacjapauza.pl
werevertumorro.mx
www.gtopala.net
reserveit.sg
wgk.cal.pl
charlatans.info
viagema.com
w3og.info
kelliesconsignments.com
nonrenun.wop.ro
uafortsmith.edu
8cw.be
shen119.info
guihuaxiang.com
magnolia146.digart.pl
myworldseobookmarks.info
pogp2013.pl
www.aviko.nl
www.geileblogs.nl
www.cupd.nl
www.riia.nl
www.158x.com
www.destinychurch.nl
meimei8888.info
www.bkv.nl
pubkaktus.prv.pl
automapa.pl
nxeon.com
rbcinsurance.com
motor-x.pl
dedecms.cn
aljumhor.net
www.yijiawang.net
838838.net
gaoshou.cc
abbye.wop.ro
rexun.cn
acfeu.eu
sxhlhk.cn.china.cn
planetarium.cz
www.epvn.nl
rabbel.wop.ro
youngminds.org.uk
fanlore.org
bidify.pixnet.net
www.evbike.cz
e-mecha.jp
shicila.c.la
wallpaperhub.net
przg.info
0771zhan.com
diestandard.at
6h001.com
centurion.bb
ger1.co.cc
www.11anmo.com
anleihes.puk.ro
careers.compass-group.com.au
atkpussies.com
gsbc.or.kr
hunter-pp.jp
uastf11.ac.ir
metallik.net
kloss.pl
altavaltrebbia.net
www.dvdfab.biz
travel-overland.de
lilifan.com
jxmctgy.com
startupmilano.com
www.dongyimenye.com|www.lmmw365.net|beone.wop.ro|www.biantaoyan.in|unterzeichne.wop.ro|www.xshpjy.com|www.10228.net|www.hkfphsgs.com|www.xjzcw.com|www.qg-knives.com|www.uuagw.com|www.zhongguo315.com|www.tsdygt.com|www.zhongguo315.com|www.fglvhua.com|zhidao.huarenblog.com|angreifender.wop.ro|www.yanzihome.com|www.webjiankong.com|googlesiteworth.com|www.sy-tihan.com|bushi.aq.pl|www.oaits.com|www.gzrf007.com|mxkoid.us.pn|afzwoegde.wop.ro|3lang.wz.xyzx.cn|www.dglvt.com|www.kwqbrand.com|www.22eeebb.com|www.boermeigw.com|www.szitwh.com|powerhousegym.co.nz|www.wuyuetv.com|zchx168.blog.tianya.cn|www.fjzays.com|www.babaw.com|www.damimi.info|www.33dyw.com|x10demos.com|www.massteroids.tumblr.com|webjiankong.com|www.chuigejahu.com|www.shonengahosha.jp|www.xianqwer.co.cc|xyzreviews.net|www.18940040808.com|www.zldpcb.net|www.bjjpys.cn|www.tjhdid.com|www.vipmsc.com|findfaster.org|11sasa-823b.tumblr.com|pellerinbuck.tigblog.org|www.ccladder.com|5020suncity.com|012magazine.pl|6hwap.cc|www.jiaokou.gov.cn|hagzhosting.com|www.bpiz.cn|www.10086s.info|www.340512.com|www.7898989.com|www.aixin99.org|mougen.wop.ro|www.887a.info|taotaome.com|www.aidang.tk|www.butterflycouture.fr|www.blm168.net|bbs.007.mx|detail.china.alibaba.com|guitarpractice.caihong55.info|perpigno.puk.ro|91dlb.co.cc|www.gzxmf.cn|www.gupuw.com|news.gpxz.com|www.pts80.com|nqar.nfdy.net
www.wedding6688.cn
solidlineproducts.com
siriuscanada.ca
service-webmaster.fr
imedia-ventures.com
langnese-business.de
iphonezh.com
progpars.com
beckisback.it
www.chmk.nl
wowsolos.info
calaborfed.org
foxel.wrzuta.pl
www.undg.org
priv.pl
iortn.puk.ro
boraie.wop.ro
davel.blip.pl
toral.wop.ro
www.timeos.nl
biglobe.ne.jp
radioera.com.ua
sanma.wop.ro
www.bosup.info
dcnc.nfdy.net
lawyers-miami.info
www.wiekxx.nl
ladysfitness.net
khangan.vn
journalistgruppenidr.dk
99m.cc
filmx4.info
hogs.puk.ro
articlecity.in
hainan.1775.cn
www.franksnijmegen.nl
www.yixdk8.com
www.sg.fjqz.gov.cn
www.hrcc.gr
www.ikmail.nl
www.sexdochter.nl
peliculasmas.com
optina.ru
www.biofacts.nl
www.maykie.nl
hirten-der.ch
overstuu.wop.ro
www.wr.nl
souschef.fr
kt.ydqxw.com
fbandbusiness.com
ziaporca.com
ebiznesy.pl
canadiancoupons.net
learn-through-video.com
merille.wop.ro
smilebooth.com
fantasybaseballcafe.com
nyuujyuu.puk.ro
www.miaogu.com
ioffer.net.pl
consumer-rankings.com
mascus.pl
www.dorguska.maxmodels.pl
download-pitbull-ringtones.blogspot.tw
iysl.265link.com
atehenmei.com
3gwc.net
caja18.cl
www.hoba.it
cookietwoshoes.com
tx5.cc
b273.com
jackieblus.com
www.ameland.nl
www.lpev.nl
www.mai22.com
myalbums.biz
smosia.digart.pl
gmodelo.mx
makeup.com
juancong.com
afgedane.puk.ro
skolmynd.puk.ro
forum24.se
resurs.az
www.qdlock.com
www.tophoer.nl
www.lngdchxy.cn
91yao.com
easybill.de
talcott.wop.ro
pega.com
sm-ex.com7.info
www.geilsexfilmpje.nl
jbw.digart.pl
3g.gssky.net
www.bpoc.nl
www.loman.nl
politi.dk
wwef.011r.com
cornucopia.org
www.verbon.nl
seo4net.pl
www.enom.com
tsandekidis.gr
www.moviedrive.nl
hunter-gamers.net
www.weso.es
www.osrn.nl
e-vending.ru
mayudama.wop.ro
combom.co.uk
moffelde.puk.ro
coastalorganizingsolutions.com
haus-dexel.de
abituamm.puk.ro
balancedplatter.com
www.wandy.nl
pos-bj.com
www.gdfz.org
bestpralinepecans.com
uerech.wop.ro
www.job.nl
www.galleryboys.nl
medialoot.com
pornstarstart.com
culpornohd.info
www.cha438.com
wa5205.allin99.net
www.edbit.nl
nrj.fi
dvlaauction.co.uk
jheel.wop.ro
www.vrijkonijn.nl
dom.ru
indiagames.com
xdqut.com
cbimobiliare.ro
www.larp.nl
thenextweb.com
community.btbuckets.com
www.idwear.nl
www.520969.com
sexuria.org
goelijke.puk.ro
palestina.ro
whatutalkingboutwillis.info
www.kcna.kp
www.chatpub.nl
shelbyobgyn.com
555-timer-circuits.com
henshuub.puk.ro
www.bpmt.nl
neerleg.puk.ro
gf1ma.net
lioba-usa.de
himoslomat.fi
www.ivt.se
induced.info
www.goshopping.nl
irat.k3y3.net
staylocal.co.nz
5o5o.info
invitationsbydawn.com
www.frtr4r.com
www.humanpheromone.com.tw
porno-mixxx.com
efxunudp.mixxt.eu
gtxxjianceyi.1168.tv
www.twinkids.nl
kobayashi.co.th
www.imants.nl
expansys-kr.com
www.dotime.nl
ilovegraffiti.de
10690755.com
www.hert.nl
filamvets.com
zzqqq-d74.diandian.com
gadgetwe.com
craveamerica.com
www.sotocom.nl
www.debraak.nl
dvd.98zzz.info
annapalluch.digart.pl
20bux.net
www.rank.gs
zhaowo.cc
ivepesp.org
tobosi.wop.ro
ssscc.net
cdd.cn
tacktoit.com
incrociai.puk.ro
destery.info
garitto.com
geoffhurley.com
anexpertresume.com
samsungd8000led.info
orangetrips.com
article.valu.cn
kingstaff-server.net
midmich.edu
gale-online.org
jnmh.net
hitches.puk.ro
66w.com
newskyenergy.ca
www.cn1718.net
www.xfl.nl
ganhedinheirocomcafe.info
www.hk-event.jp
dugdig.info
mabuta.wop.ro
namuya.puk.ro
www.tropicalshow.nl
football-media.net
r8a151.sb100.net
zuengelnde.puk.ro
www.0731ys.com
cornwallchinese.co.uk
enlatelevision.com
www.pvbg.nl
lianliankan.me
fucinita.wop.ro
kumull.com
nuss.56dvd.net
qkowje.info
kbprod.com
www.cyko.nl
jdnorunnmy.freeblog.hu
kennethkerckhofs.be
edie.nfdy.net
mixi.io
loswerden.puk.ro
rivira.lk
www.baimu88.com
www.amateurtaboo.nl
camchat.org
www.bvpa.nl
zord.hu
bqspa.cn
evangelisch.de
pajarero.wop.ro
autonovita.info
gminyrp.pl
www.pjotrs.nl
medialchrome.it
www.onskenia.nl
fleabags.wop.ro
judgemysite.info
1314q.info
sendest.wop.ro
www.sz747.com
carbonneutral.com
haifanliwang.com
www.jn9.net
www.box.nl
fieldy.mobi
bbs.szonline.net
riddle92.tk
www.loppen.dk
eldov.info
morrisjfwong.com
www.bava.nl
skrendu.lt
seoer.1987214.cn
www.gaylover.nl
asfpiemonte.org
trout.pl
greatmodels.com
www.revco.ro
bitis.digart.pl
insuringindia.com
www.neukeenjongen.nl
www.icco.nl
baijia.info
yogaat.com
jwconstruction.pl
newsyemen.net
insightchina.jp
nantes-actu.info
tradewithoutborders.org
uwi.edu
maktkoll.se
mijobrands.com
alliance-global-investments.blog.hr
ustrustcanada.info
umstuerzler.wop.ro
usuariocompulsivo.com
fhf-online.de
pharmapoint.at
www.megaveelgratis.nl
www.directis.nl
ylxk121.com
b2p.jp
www.asianseksfilms.nl
www.pesthuyspodium.nl
mostviralmedia.com
francobiz.com
www.xxx442.com
epiki.com
zol.ch
whois.gimoo.net
www.chip.nl
shopwiki.co.uk
www.crwstc.org
cio.cxo.pl
www.toet.nl
bfizffok.blog.mongenie.com
www.cctv.cn
lerentassenkraam.nl
illuminati.li
www.ninasieger.nl
www.288sao.com
westvirginia.usa.tigweb.org
tongliaogongjiao.fdcez.cn
hsiaochi.wop.ro
www.nubo.nl
italystone.us
www.artishockevents.nl
www.bhf.hu
imantraa.com
inforam.pl
dasgehirn.info
longterm.wop.ro