www.rmlsc.com
www.beixian.com
wellnesscenterofnorthtexas.com
www.282zg.com
efrardwiki.org
potrossalvajes.org
www.mnks.cn
usu-date.blog.so-net.ne.jp
ibuddiez.com
xinzhou.tianqi.com
www.ctsju.com
takumisofa.jp
xinyilfuzhuang.taobao.com
www.adult-empire.com
www.reny.nl
www.aquawanus.com
www.clqcg.com
www.28fz.net
cnkuai.cn
www.dnyywl.com
www.traficfree.ro
www.fjtlsz.com
hilltopcottages.com
www.keep.cz
mediatesocial.com
vistruphus.dk
kex.cc
somosblogs.cl
www.91yinhua.com
www.jxzbl.com
www.awd.de
liktao.jimdo.com
pretmagazin.ro
game4.down.sandai.net
www.zycyjx.com
erelibre.fr
www.ting88.com
harapanmuliaschool.sch.id
www.tufeiwo.cc
divorcelawyerswinnipeg.com
valoredominio.com
criticalclassroom.org
www.dianzhu.net
ekszerportal.hu
singaporedaily.net
bell.ca
8588.biz
langfangzhan.lingdi.net
lowsodiumdietplan.org
www.officewatter.com
sddfzj.com
www.on-data.com
dwmmag.com
www.xxlixing.com
guitarshop.ro
phoenixvoyage.com
mcgiff.wop.ro
mikomedia.de
www.i71.in
linkdoor.net
www.udgnw.com
sd.infobase.gov.cn
bolsa.com
melpedia.org
newsok.com
mochimedia.com
www.ilse.nl
www.intactmediagroup.ro
www.w-w.so
okahumpka.puk.ro
www.baihuayiyao.com
www.xjyeza.cn
erokyokucho.livedoor.biz
kaijiang.caipiao.360.cn
maiben.net
rtas5h.net
www.6haosc.com
liekka.com
shanghaiqiangci.cn.alibaba.com
gloombox7689.cn.alibaba.com
1nettao.jimdo.com
www.lyjk5.com
www.aspinfo.cn
utazas.jatek-online.hu
www.668811.net
webmastertoptools.info
wap.155.cn
www.qlhere.cn
www.dnkum.com
icmsatlanta.org
spoofi.ru
fcsalzburgwiki.at
www.hyjr.com.cn
www.yylzw.cn
thinkingaboutgod.com
www.shichengbbs.com
wilkpodroznik.blip.pl
www.belgradelakesgolf.com
uyphone.org
ideajam.net
altric.com
forumubuntusoftware.info
muutou.cn
www.6zhaosf.com
leanybucsu.eu
sm-artproduction.ru
www.beely123.com
www.fsaoxi.com
2hot2cam.eu
www.ld3158.com
xiaomax.com
austinaero.com
www.hkc.hu
china.so
geekfe.st
www.farmers.org.cn
www.volga-tv.ru
tao.eekow.com
www.imanyou.com
www.ayan.hu
holyseal.net
hiarticles.com
www.ylmr.net
www.jamk.hu
my.ename.cn
hqjt.ezu.cn
www.hudilu.net
iptime.org
bonzaipaint.biz
www.bjtu.edu.cn
www.romanticfm.ro
www.xmcits.net
www.cen.hu
www.tt27.tv
www.jd5d.com
chanbee.com
quantumpath.info
serkansalcan.tk
prgratuit.fr
0936.1775.cn
www.mingyaokemao.cn
www.wxdingshun.com
tao.uubabys.com
castle.fad3.net
www.aiyijob.com
www.ht-fz.com
www.vip.wastsons.com.cn
yourwheelhouse.com
www.mangshi.net
www.029dxc.com
www.dkzy.cn
readhaloid.huijucn.com
madamefigaro.jp
networks86.com
xinian89.com
www.cvqfh.com
ledu.cn
www.md0755.net
www.tsgxv.com
logunova.ru
www.2000sr.info
www.ufksp.com
www.tao-taoba.com
mindscape.pl
meimian.taobao.com
kevinbritton.net
wealthcreationsolutionsx9a7.com
www.dubbelepunt.nl
nyuujyuu.puk.ro
unimedizin-mainz.de
bbs.zafu.edu.cn
abgaberaten.puk.ro
averting.wop.ro
www.jidinghewang.com
estetica-zabrze.pl
room101.freeblog.hu
tekktalk.com
silt.wop.ro
www.baicaiyi.com
vipbusiness.hu
www.jjshuang.com
www.derlin.net
www.abduz.com
scri.digart.pl
www.7wanfu.com
saschina.org
eogi6.com
cornedbeefhash.wordpress.com
autohochzwei.de
sacro.com.pl
www.jingzhanshuang.com
whois.gimoo.net
www.xiaomakeji.com
soft.yc.nx.cn
hiphopid.com
rusty-bolt.blog.so-net.ne.jp
52579.dealer.it168.com
slangenhaken.nl
fixer.com.ua
xxxplayweb.info
5xw.4xv.cn
xe37.cai888.net
maestria.kz
burningboard.net
mrtw.net
annonceu.puk.ro
berlytharangal.com
cybergoth.freeblog.hu
softonic.cn
outarab.freeforums.org
www.hao123new.com
ctyanhbinhminh.com.vn
cfz.org.uk
zcjm.78.cn
www.gfk.de
www.njyixan.com
help.weibo.com
wap221.net
www.cbwcj.com
www.dlhy.cn
openssl.org
www.25pa.cn
www.szdecn.com
coffee.bmizg.com
www.xtxyz.com
www.huajuncnc.com
herkus-rollerforum.de
slidesc.hu
175.doorblog.jp
sinoemedicalassociation.org
gjers.com
homes-life-styles.com
erodis.de
www.aiyiwu.net
www.52trs.info
homedesign-direct.com
hagard.blip.pl
e-magin.se
v-j.com.cn
6h777.cc
vjarmy.com
www.snkgyw.com
www.goldenfarm.com.ua
www.ishizhen.tk
www.ttse.info
jgkf.210000.org
imjustsharing.com
www.sdricher.com
lincolnparkdance.net
geramuzika.net
www.hfls.cn
771.3199.cn
www.uy60.com
karuteru.wop.ro
www.czjcfzjx.com
market.beareyes.com.cn
thecreationofwealthd414.com
www.zzjld.com
www.255ddaa.com
gaokao.chsi.com.cn
bqun.net
www.hmzqb.com
www.lokbond.com
huetimeline.vn
reco.se
www.dj37.com
www.sddtyz.cn
akscms.net
new.carschina.com
www.9in.org
www.younaowang.org
lohaus.mobi
yx.lexun.com
www.xcedu.gov.cn
dayperm.ru
www.8090.com
themestore.info
ylbamboo.cn
mypowered.com
www.cnteresa.com
www.zjydjy.com
business-opportunity.biz
www.70400.net
ubublog.de
www.lyjk2.com
www.bingjibai.in
identi.ca
www.hsit.com.cn
myblog.de
www.jiaju163.com.cn
ngbyd.hn7c.cn
windirstat.info
www.cd-auto.net
sports.yahoo.co.jp
www.hbxianghang.com
www.bglzz.cn
bbs.bjx.com.cn
pisali.ru
tedy.tk
looki-france.net
onlinewealthcreation1sh.com
djokmarsfivi.blogger.hu
www.chaopanshou.com
jigspicker.huijucn.com
sx.273.cn
muskogea.puk.ro
opendi.lu
tattoonet.ch
www.zj7s.com
www.chinawater.com.cn
dnsalias.net
www.wubizi.com
shstl.78.cn
pypy.org
modarium.ru
se.765aaa.com
www.liaobibi.com
v.bjradio.com.cn
bancadoramon.com.br
sentencjelacinskie.pl
suikang.cn
www.franksnijmegen.nl
www.zj.10086.cn
baresite.com
hd.home.emayi.cn
my-poetree.com
www.bvpa.nl
moniguanwang.com
js.jsyks.com
www.0633fk.com
www.dqg1.info
www.51mjp.cn
www.heng-guang.net.cn
jhuresearch.jhu.edu
sex-toplist.de
nc315.gov.cn
vkxyaefjktitfo.blogtrue.com
tianmaipingyatang.1168.tv
bjzcy.66law.cn
www.qvodjie.com
ferghana.ru
www.zbj1.com
lojarenotech.com.br
mail.cass.org.cn
cloudyweb.blog.so-net.ne.jp
netnic.com.cn
plinky.com
luisrubio.mx
server-arena.de
www.qb998.com
nartorolki.pl
www.bilik.co
www.trade.lt
videomusicawards.gr
pvm.fr
yiwoduan.com
zju1897.tel
lilibudiman.com
terrasolusi.net
www.granma.cu
ewrite.us
best.e2345.net
qkrk.56dvd.net
simonafano.it
kambourov.com
www.dili888.com
kvizit.hu
www.zywanggebu.com
cisv.org
ochisatsu.com
e-muse.com.hk
www.sinotsing.org
osatomi.jugem.jp
host.com.vn
www.ddcybu.com
www.thinktur.org
www.chungeng.net
forum-kulturystyka.pl
3d-hentai.biz
trendtips.com.br
culsexehot.info
nsc.ca
wx.ahtv.cn
90hi.net
www.netcao.com
season.ouc.edu.cn
quwyte.ftpserver.biz
gered.wop.ro
cctv3.cntv.cn
www.goshopping.nl
pampercasino.com
fuckndrive.hugescock.com
hntkw.com
neis.go.kr
www.smmqsw.com
louwmanmuseum.nl
0511seoer.com
www.444hu.com
z77l.qiwen5.com
agaelettronica.it
soft.zdnet.com.cn
www.buumn.com
edulandia.pl
bpyn.nfdy.net
www.094.cn
hardwaretests.puk.ro
meetin.gs
www.vvmt.nl
www.n4zg.4f9.org
zaochnik.com
arthurnumanloyalrscmilngavie.co.uk
saats.jp
www.hngcc.org
obi.at
paraguay.co
sdegnosi.puk.ro
humuun.info
xg70.com
www.navtex.nl
mybiosis.info
www.leling.cc
civ.hu
oaa-accessibility.org
okresniprebor.nova.cz
www.0794.in
blog.prime.ba
suretish.wop.ro
rwyj.nfdy.net
jumanji.art.pl
charge.quote.yahoo.co.jp
uldir.com
www.hbtek.cn
520kx.com
nocking.wop.ro
www.poniard.ru
yobt.tv
afrand.puk.ro
www.rafael.pl
dnfa.info
xteenparty.com
punggol.sg
startour.dk
www.icco.nl
gradx.net
raceline.com
99name.net
historiasztuki.com.pl
oscon.it
wgyzj.com
www.arpo.nl
www.zuoru.info
www.911sss.com
www.kph.org.pl
secupay.ag
dbisoftware.com
mosaike.wop.ro
9cht.lizhidy.net
www.baorushe.com
fuelsaving.info
qqc.co
zdolny.eu
mcgill.ca
viedefrance.co.jp
uzenethaza.mlap.hu
hpc.digart.pl
proo-meat.lu
red-sky.pl
uiav.265link.com
newmini2012.3ia.info
jianfyao.com
kg.kkb.kz
www.ccvp.cc
gnyl.4000391005.com
www.outlets365.com
www.inspiration-gallery.net
fujifilm.com.mx
webpagetest.org
chidu100.com
www.xmbqz.com
www.cswnmm.com
www.bhidc.com
nomono.co
www.kdy173.com
www.spelletjeshuis.nl
adult-planet.info
www.xianseor.com
www.cncnyedu.cn
www.dachong.gov.cn
www.qingfangcheng.com
movemediaproductions.com
www.jsweb.org
ip.tee5.com
kontaktkalender.de
168dog.com
www.fashion-click.com
www.52jijia.com
spiral.puk.ro
indoirc.org
www.yyxgs.cn
km.pxto.cn
winkedin.com
www.ncgpzw.gov.cn
szgtgh.com
penalties.fad3.net
cemily.me
topdvdplayers.20j.info
dijo.ro
xdmobile.taobao.com
seoanaliz.net
www.lwele.com
www.mapa.es
www.hcsa.net
www.szylconn.com
www.pmj001.com
holawigs.com
www.51295200.com
s.szbbs.cn
aescandelaria.org
www.zqpx.com.cn
www.zgblh.com
198273.taobao.com
aujuaku.de.tl
www.zz13.com
student.is
www.kuai66.com
blogalm.de
www.algf.ru
failed.wop.ro
evo-x.de
hokam.de
lanqiou.info
byethost17.com
bbs.hty.cc
03deri.jp
www.dzxlxj.com
oralheadandneckcancer.com
qqwm.org
xshell.net
www.phny.cn
asparmakina.net
www.1go8.com
athlonphenom2.7gt.info
shomeoutdoors.com
wx.120job.cn
www.yueshou.net
wgzl.4000391005.com
bbs.com.ua
fjzzxh.9998.tv
pnrcw.78.cn
www.0pd.de
co-motion.com
jgmwf.com
latinchismes.com
stock.money.msn.com.cn
www.ab123456789.com
www.lnygyl.com
a2.ee55.info
www.120nu.com
aoff.whu.edu.cn
harborlightdigital.com
sds.4000391005.com
viorelmocanu.ro
www.nhkj.gov.cn
rospil.info
aseprod.com
eu-football.info
hockey365.de
www.tianlanghd.com
hobbymilling.com
www.286se.com
jianzhi51.com
healiki.org
chinaunix.net
usehhaf.org
www.xyda.gov.cn
www.520556.com
www.essen-und-trinken.de
garipujyfo.de.tl
www.fr-airjordanpaschere.com
www.94baidu.com
nanzhuanp.78.cn
rtp.pt
lfyongchao.net
ioffer.net.pl
www.ycok.com.cn
www.9158.com
www.njsmk.com
uepoqiys.de.tl
www.qyqfw.com
www.gibo.com.cn
www.lmygoo.com
xiantao.gov.cn
teethwhiteningreviews.com
balkansport.info
easyshop.pl
vcards.bg
patrioticon.org
www.sdtouch.com
jiehan.org
pultogether.com
www.nblsw.com.cn
jhhsybs.com
6nj.info
src-viernheim.de
salug.it
govannijean.com
4399.yxyz.asia
www.0757-85956163.com
oxidedesignco.com
rgsdirect.com
sexbig1.info
bddh.bdinfo.net
qqhr.taofang.com
sunaryohadi.info
www.tjhqly.com
dellaprint.hu
idongheng.com
forcearticles.info
www.eppi.bg
www.xa16888.com
www.linfosys.nl
mk-portal.org
kabuko.blog.so-net.ne.jp
edtechpost.ca
kuwa.xps.jp
nenji.wop.ro
www.ktrv.ru
www.777za.com
www.sxguochi.com
www.daywe.kz
vb6.info
u2.52car.net
technewsinfo.com
wealthcreationstrategyp715.com
omodeostudenti.org
social-news.net
www.taoboxin.com
olro.nfdy.net
www.qiaolego.com
ccshuang.rfjpp.com
etteln.de
hockeyfixtures.co.za
www.kxck.org.cn
www.ilm.ee
mxkoid.us.pn
smitdeadniethemc.page.tl
greatstar.tw
xiufu.8682.cc
openxcelluk.info
reszkessetek.uw.hu
xyowjgqjc.blog.mongenie.com
www.srrajj.cn
dishtvfree.4vw.info
danareksa.com
www.airjordancchaussures.com
www.comcomcomqq.com
ne35.210000.org
www.lizitie.com
kravietz.blip.pl
www.17a0.com
shop58121731.taobao.com
0one.net
33eee-823a.tumblr.com
youth.dahe.cn
www.hige.cn
cedi2005.ugr.es
germancraft.net
liflaft.wop.ro
centurion.bb
pjjw.nfdy.net
onlinebeauty-shop.co.uk
cuisine.com.ar
umsolver.com
quarei.it
www.cwi.it
postandparcel.info
www.xxshl.com
compromitteren.puk.ro
www.dotcom.co.mz
schnierersch.de
bernardinai.lt
www.cafekachel.nl
ohudbe.sk
csocso-supra.gportal.hu
zajic-v-pytli.cz
www.idcsol.net
crawli.net
waynechimes.com
axxus.eu
www.grxyk.com
8.ggtt.us
site4school.info
worldsoft-oasis.info
mocaz.pl
tekisetu.wop.ro
bookmakarmy.info
chengxindk.88ka.cn
neighed.wop.ro
indiawildliferesorts.com
siodati.puk.ro
ggtt.co
trafficsolos.info
clipxxx69.info
bet.nl
wvbk.nfdy.net
www.38qingse.com
obstinacies.puk.ro
ernas.tk
www.vrijkonijn.nl
emselori.blog.pl
karolokrasa.natemat.pl
disney-studio.jp
comprire.wop.ro
rvng.210000.org
www.009dy.info
business.westernunion.nl
froute.jp
finlay.puk.ro
www.zaoxiekang.org
iyad.wop.ro
sainsbur.wop.ro
www.milo.pl
chyw.210000.org
hughes.in
pah.org.pl
kimipe-movie.jp
brpg.nfdy.net
online-free-jobs.info
www.flll.net
szlumpf.pinger.pl
q.quanriai.net
diotka.pinger.pl
www.liempt.nl
www.xfedu.cn
moebel-tipps.de
www.9999uuuu.com
cmok.pl
kende.com
kangata.wop.ro
hiowe.wop.ro
extratuts.com
dsstyles.com
livegonzo.com
modaresanesharif.ac.ir
quickpwn.com
tatbank.ir
standardbredcanada.ca
promomusik.net
77qe.com
nilljunior.com.br
aitaoer.com
bodyforlife.com
scrhi.com
govisitcostarica.com
ex.ac.uk
irishracing.com
unribbon.wop.ro
traditionalamericanmovement.com
majortests.com
faranet.in
physicianmedicalbillingz.info
bj.chnt.cn
igraemsa.ru
otramedicina.com
estoesporno.com
sgae.es
pragmatismopolitico.com.br
pau.edu.tr
algoritz.com
thedailyshow.tumblr.com
kaboomcocks.com
goldxinvest.net
acckj.com
juxtapost.com
soapboxmedia.com
vistadir.com
maclatino.com
ukasky.com
desteptarea.ro
greatgardenplants.com
onmirror.com
72ym.com
free-crochet.com
photography-forums.com
paradiseawards.com
haitixchange.com
hitrust.com.tw
hiperlegal.com.br
whatpeopleplay.com
drhawass.com
www.grashof.nl
hd-dump.org
irlandiani.com
michbar.org
cocone.jp
barmenia.de
garotasgeeks.com
alsoft.com
nollywoodone.com
outside.in
topapply.com
kotetsi.com
naturallyknockedup.com
mobile-phonesdeals.co.uk
ictnews.az
autovisitas.com
poonak.org
powayusd.com
mydearbody.com
afvclub.com
recipebridge.com
fotochat.com
articulosi.com
elixic.de
version-four.com
design.vnzet.com
uas.edu.mx
dek69.com
garaj.org
seostatsonline.info
corona-club.ru
nz.com
joomlaskin.it
primus-onlinedruck.de
ljgm.265link.com
zgzzj168.com
reclamao.com
colorlens4less.com
buienradar.be
modelcarworld.de
it-times.de
shop.unas.hu
trovit.at
mobilitywod.com
support-rt.com
ipa.edu.sa
stumbletoday.com
regole-seo.com
smart-consumer-living.com
brandinst.com
googlemap.com
cakepoker.eu
funaiyukio.com
hakecun.com
kiandso.com
dailycoding.com
thebritishresistance.co.uk
wm-debt.ru
onlanka.com
emergenzeonline.tv
baang.ir
business-broadcaster.co.za
cnipr.com
uns.edu.ar
grahabhumi.blogspot.in
gratuitsplus.com
allclicks.de
cifco.net
callonlineshop.com
filmsmd.com
stardate.org
socialbookmarkingjobs.info
napravisam.bg
loonwatch.com
dyula.wop.ro
facinter.br
kumonshuppan.com
wiseseosuite.de
bj597.com
thecouponscoop.com
fiercebiotech.com
guihuaxiang.com
admsakhalin.ru
7marble.cn-663ss.com663sswww.663uu.co
jsabina.com
malaysiakini.tv
greenpeace.org.uk
studyusa.com
jil.go.jp
cheldoctor.ru
castaluna.com
referstuff.com
spiral.co.jp
zjhz.org
heavenforum.org
genesisthemes.de
startupquote.com
fruitkings.com
bmw-joy.com.cn
kmu.gov.ua
adultxdating.co.uk
56ye.net
kentei-uketsuke.com
hokusen.jp
vooplayer.com
openonline.pl
0dian8.com
mymakemoneyonlinecoach.com
2810.gr
tzuchi.com.tw
khaosan-fukuoka.com
partsman.hu
5ligi.com
fuss-schuhe.de
thebestcolleges.org
guoliidc.com
mekke.co
spiroox.com
2012-ru.ru
adinsight.com
cebuseo.org
hosteasier.com
pilotage-rc.ru
hortmag.com
how2centos.com
blackhatseo.com
avapartner.jp
articlequeue.com
1p1k.com
allinonehealth.com
www.haagsestudent.nl
viry.cz
megacherche.com
haart.co.uk
xen-tr.com
tvoecasino.com
online-income-business.com
ni.ac.rs
castfire.com
cordobaxv.com.ar
webhostel.pl
onlinovky.cz
debtconsolidation.com
premiumecigarette.com
district196.org
cherrygirls.co.uk
conceptlogic.com
speconomy.com
sxrj.210000.org
xjhlw.com
auto-stuff.cc
warezforum.cz
lumens.no
sotmagaz.ru
viata-libera.ro
baltimorestyle.com
znyata.com
whipup.net
jpshavers.com
www.yinduglw.com
procycling.no
20xs.com
anet.net.tw
mah.nic.in
wisers.net
controlscan.com
drigg-code.com
thelinkvault.com
fertighaus.de
onlinemarketinglatam.com
jailbreak-untethered.com
securitynewsdaily.com
yy54.com
designcommunity.com
centrovenezolano.com
australian-universities.com
lucasfilm.com
mattya.puk.ro
sokroveno.com
shoppingvip.fr
sdsol.com
theappl.com
hi-spider.com
supersoloads.com
adclick.pt
mumzworld.com
startupselling.com
pornomina.net
ryo-ishikawa.jp
abitare.it
tubexxx10.info
atomsms.pl
carsforums.com
ileon.com
apfeltech.net
myebonygf.com
babykerf.com
filmmetro.com
cn21.com.cn
jobseeker.tv
getima.org
ranking-links.de
tweetmysong.com
tainan.gov.tw
mynextcollege.com
kominek.es
getionary.pl
rconnet.de
douga-king.com
pens.com
vjaffiliates.com
vzv.su
registronacional.com
aptekaonline.ru
mariobabiera.com
drew.edu
asianwebbies.com
google.com.co
arsenalnewsreview.co.uk
latestprice.in
josweb.co.uk
txtbuff.com
bet4fan.com
hotpress.in
betsbahis.com
ddelights.com
jtob.com
jobsgopublic.com
jcmotors.com
seo-plans.com
internetmarketingzoom.com
sz12333.gov.cn
android-k.com
uploadtak.com
megaferias.com
getfitmississippi.com
satiriekst.wop.ro
00link.com
wangliqunvip.blog.163.com
allnigerianrecipes.com
mygolfspy.com
jbreaker.ru
dnbnor.no
ja-pics.net
mmmastery.com
carat.com
ttt16.com
allesklar.com
killerz-tech.net
ucozabc.ru
accreditedmbaz.info
cashmaschine.com
minttwist.com
infodriveindia.com
ahyari.com
aptdc.in
pornoencolombia.co
internet-autoteile.de
voepassaredo.com.br
yourme.net
hymntofuture.com
foroaviones.com
insoft.com
wildtube.ru
edarabia.com
bigbrands.cz
www.gxyjkwj.com
ccpgames.com
mojowhois.com
mla.org
ecochicrunway.com
bloginformatico.com
plastech.pl
szgwbn.net.cn
dveri.bg
deconstructioninstitute.com
watters.com
mabinogiworld.com
medfuehrer.de
beheert.puk.ro
pcrx.com
zwz5.210000.org
vigiliam.com
bestteenporntube.com
www.tzsm.hr
hongchen.tv
byethost2.com
sunet.se
ontariohealthstudy.ca
beingfunchina.com
bex-blowing.com
thewinnerbook.com
setup.sk
thumbshots.net
lepape-info.com
jqbar.com
ircquotes.fi
contestdomination.com
popfashionstore.net
alkuwaitiah.com
revesa.wop.ro
menupan.com
pussybook.org
www.qlcom.net
ladyboytube.com
rrlgou.com
infohelp.org
yxlj.com
iklanhouse.com
mygolf.de
specialdirectory.net
logoing.net
egreentechnologies.net
ikati.pinger.pl
jeuxonlinegratuits.net
gamagio.com
blivomdeler.nu
radios.co.ve
asifunciona.com
healthmango.com
http-solutions.com
piter.com
elsoldenayarit.mx
htcmania.ru
starview-6.info
visa.ca
fulek.natemat.pl
ecoki.com
mediaguard.co.kr
h2o-space.com
www.xxx466.com
techforum4u.com
drummerforum.de
beautyhigh.com
bud-racing.com
directoryblp.com.ar
www.brandsen.nl
motores.com.py
zz.int.ru
magnonsolutions.com
multimedia-marketing-ideen.de
affaticato.puk.ro
zigexn.co.jp
86pi.com
blogrisparmio.it
10011s.info
aviso.ci
todayntomorrow.com
55ds.com
iminasi.puk.ro
masterpisem.ru
glorybaptist.org
kiddywear.ru
megduerksen.typepad.com
portesdusoleil.com
tnvipsuite.com
edrc.cn
live-sports-free.com
esa-dev.com
sorcerers.net
californiaproxy.com
mywpdesignservice.com
fox.az
abcnewsradioonline.com
ert-archives.gr
officeplayground.com
so-netmedia.jp
niit-tech.com
classcreator.com
evokingyou.com
uniminuto.edu
sss.gov
mycharm.ru
second-home.org
ricsporn.com
isro.gov.in
abt-sportsline.de
connectwise.com
seibushinkin.jp
associatesbux.com
zz0w.265link.com
hhh258.com
dootall.com
chinaamuse.com
j-volga.ru
zonaurbanavip.com
orientaldaily.com.my
btcf.fi
blitz.io
mynewroots.blogspot.com
myxvids.com
shamiphotos.com
ciutacu.ro
madebyevan.com
seoadd.ru
stappsocial.com
nsf-margins.org
fireclickmedia.com
htnet.hr
aecid.es
mashhad.ir
php-developer.org
moolpit.com
twaitter.com
sonnenkraft.com
nakanohito.com
smallvideosoft.com
allfreeclassifiedads.com
emm.to
momgenerations.com
kickassvps.com
slickplan.com
sucessonainternet.net
easyclicktravel.com
www.wuhu.la
madeinmedina.com
www.wnp.pl
kipa.co.il
weightwatchers.nl
jsgsj.gov.cn
mimoa.eu
cooks4arab.com
insite.co.jp
mymultipleincomes.com
naf.no
linkingdir.com
www.jvc.ch
basis.org.bd
availhosting.com
bnaat.com
fragman.web.tr
magnolia146.digart.pl
royalelizabeth.biz
duo-cosmetics.com
itfeed.com
clipproject.info
propertysearch.com.ng
schoolisgood.com
english-coffee.com
phphyip.net
kloxo.com
jexer.co.jp
pixydir.com
compendiumblog.com
armoredpenguin.com
page.tl
17car.com.cn
domainbewertung24.net
molecularstation.com
goinventive.co.uk
blindferret.com
paneldehosting.com
mediatouch-online.de
sexxxyteentube.net
gamingzion.com
watersb.com
hugo-movie.jp
kak.ru
enigmawiki.com
bestfreestuffguide.com
lineacaminos.com
amtb.tw
iluvdressup.com
hryprodivky.cz
smgov.net
codecm.com
yourstats.net
audiobook.blogfa.com
ed2010.com
3haoweb.cn
thaicozy.com
plussvvs.no
66rpg.com
ym3a.com
wotflight.com
cine.com.do
hulafilms.com
ebatts.com
ciudadwireless.com
lib.nj.us
chemn.com
www.woaisiwa.com
wanttoknow.nl
bookmarkseo.info
sheckys.com
hkmdb.com
primorye24.ru
ozami.com
mp3zone.sk
customs.go.th
carneoo.de
skyldte.puk.ro
almalaurea.it
elmonitodedarwin.com
womenoffaith.com
misapisportuscookies.com
www.xxx449.com
lateststory.net
imageneschidas.info
zielonymail.com
www.galleryboys.nl
loter.pl
intersport.at
articles-database.info
apinchofhealth.com
kosoft-ads.com
fratmusic.com
tecnomalas.com.br
bubundesignarchive.jp
hrej.cz
66a.com
site-sift.com
ihaveapc.com
mega3d.ru
special.ir
story.hr
unit-online.ru
limadelivery.info
eurosport.de
alti.puk.ro
games-suki.com
muslimvillage.com
bageldelightonline.com
pointshop.no
servicesport.it
screweb.com
imgwink.com
secreteworld.com
pwlvl.ru
radiodelmar.cl
zzrsrc.com.cn
nega.ir
hideus.in
battle-point.com
rukodel.moy.su
datingdirectaffinity.com
dlyazdorov-ya.ru
ccihr.com
mobilizeandshare.com
maduragee.com
yeahh.com
xboli.com
vsegenialno.blogspot.com
peoplesdinar.com
moneyfactoring.ru
rimmellondon.com
radensomad.com
forexmentor.com
dressz.com
thembp.net
trendydressup.com
kanbantool.com
om-onny.com
iseeahappyface.com
e85etanol.hu
ndchost.com
globalbusinesslist.com
revistaman.es
adefmark.com
easypic.com
wdjinhai.com
articledashboard.info
kbstar.co.kr
bashar.org
getmovil.com
public.tw
hunter-pp.jp
medicalera.com
executivemailingservices.com
defondos.com
einetwork.net
persfinance.ru
okyan.com
enmaracaibo.com.ve
singaporebestsite.com
zmarsa.pl
odahara.jp
libro.at
unitead.info
andungen.puk.ro
fsc.org
simpleexpress.eu
bvsd.org
www.lhb.it
doceshop.com.br
jmmsn.com
www.quoyan.com
pomoc.o2.pl
designxsdirectory.com
buscapalabras.com.ar
mondediplo.net
everydaytipsandthoughts.com
8090zd.com
indiacollegesearch.com
oldsp.ru
oystermag.com
ripleys.com
easywebdir.net
blogtronix.com
jobsinnyc4u.info
lunwennet.com
hasselblad.se
ataf.net
chelseamegastore.com
carlaschoice.com
linksdelight.com
wowbox.tw
neolane.com
acernet.es
tianya200.com
myinvestorsbank.com
whmsyy.com
mahershop.com
standard-rugby.be
bookbuzzr.com
soberania.org
freeadsincanada.com
mailtrackpro.com
momson-sex.net
damawang.com
ergo.de
kibrisinlistesi.com
methode2012.com
betscorner.com
hostplay.com
veterinarypartner.com
www.isso.nl
www.hvhsa.com
nyaconcepts.com
cairo360.com
yunfu.ganji.com
psdpoint.com
dension.com
cctaa-wx.cn
al3adl.info
shushpanzer.ru
abacho.com
inmigracionusa.com
4rum.info
bondyblog.fr
checkwebsiteworth.com
vivawoman.net
bahayatbp.com
4z1f.nfdy.net
e-earphone.jp
prlnks.info
www.rebecalinares.net
vcinchina.com
monegle.com
ludmilarodionova.com
dinamalar.in
dnbiz.com
newtechnetwork.org
asan-gsm.com
biologicaldiversity.org
www.cvkeskus.ee
hanoi.gov.vn
paymentclearing.com
rekom.ru
hostnews.com.ar
siem.gob.mx
enguzelpornolarii.ws
gabriella-falci.com
iflybusiness.com
toulouse.aeroport.fr
yumatu.net
lifesablog.ca
uk.coop
probiu.ro
60kv.com
alkapida.com
picbasic.co.uk
globalrights.info
drnatura.eu
roms4droid.com
imlqw.com
www.38qingse2.com
bridesmagazine.co.uk
fontina.puk.ro
prijsbee.wop.ro
rvb.ru
a3webtech.com
businesstraining.com
coollifeshop.com
bodybuildingforyou.com
shuoso.com
azardownload.com
bookmarkdeal.com
worldsexarchives.com
pajakonline.com
qieo.nfdy.net
ipm8.com
8balls.com.br
desaingratis.com
apsche.org
zwee.com
iapmei.pt
vuilnism.puk.ro
eje-card.com
templatesfreelance.com
kosmos-x.net.ru
fishki.pl
fastestlaps.com
text-gold.de
www.karuna.nl
auto-link.org
iboostup.com
meblolux.com
posot.com.br
spillespill.no
a179.net
messe-stuttgart.de
flstrawberryfestival.com
foxduck.de
jkb.cc
gruppolen.it
phidoi.go.vn
aidoweb.com
annacampbell.info
jazzjazba.com
g-mark.org
teleaudio.pl
vvki.info
igamingsupershow.com
diariodesign.com
prepaid-global.de
dawnavril.com
segodnja.kz
bigeurobux.com
tayloredmktg.com
sblz.nfdy.net
fxnewstoday.ae
www.tellows.se
winechina.cn
c0fe.com
flyveren.com
webstyling.it
yinyue987.com
procopywrite.ru
original-gamer.com
digima-japan.com
jibtel.com
9imai.com
3dfap.com
popmarket.com
collin.tx.us
themarthablog.com
hindisms4u.com
radioflaixbac.cat
cumbang.com
internons.wop.ro
aaxxx.soup.io
brandosa.co.uk
vtuner.com
kobe-c.ed.jp
www.sa8000.hk
homemadebdsm.com
aq.sinohydro.com
bebe-au-naturel.com
connexionfrance.com
acetarious.puk.ro
gepecardsafe.com
v.com
crawlerlinks.info
downloadseguro.org
explicamat.pt
4theloveoffocus.com
dailyfun.us
erogram.net
startuplawyer.com
light-flight.ru
wooxie.com
raiba-oa.de
familygo.eu
videoscope.cc
maize.cn
antcrowd.com
rodrigue.fr
wtch.in
getyourbonusgifts.com
helsam.dk
texmedinfo.com
p-wholesale.com
phrasebookmarks.com
veximo.com
nonwovenbags.blog.163.com
inlijst.puk.ro
failgif.com
sanofi-synthelabo.com
56cs.com.cn
viewsoniceurope.com
early-retirement.org
myintervals.com
northantset.co.uk
route49rally.com
carrefour.com.tw
www.euroinvestor.no
mybottle24.de
midhold.nl
luisgonzalesblog.com
wisconsinmommy.com
ewarez.net
webground.com
flipnomad.com
avtotut.ru
web-solo.info
jmarcano.com
www.fbz.nu
enaricles.com
365celebrations.com
puremobile.com
990m.com
izqg.265link.com
razmir.ru
mid.edu.pl
crankyflier.com
pornohd69.info
dogomania.pl
alexanderbobadilla.blogspot.com
podarimo.si
amkino.com
emaildiscussions.com
kertigep.hu
clickptc.com.br
hupan.net
megawarez.eu
jblove.net
zalman.com
rhetolo.jp
scsk.jp
ibunker.us
disn.210000.org
extremecoderz.com
www.madlot.nl
augsburg.de
seopen.com
camperboerse.de
antonkozlov.ru