alteregoapp.com
weightwatchers.nl
adinsight.com
narty.pl
jibtel.com
rodrigue.fr
tianya200.com
hotpress.in
atproperties.com
algoritz.com
elsoldenayarit.mx
ripleys.com
ipa.edu.sa
viactt.pt
vigiliam.com
tweetmysong.com
seibushinkin.jp
17car.com.cn
forexmentor.com
estoesporno.com
freelancehunt.com
yourstats.net
donothingptc.com
lib.nj.us
lucasfilm.com
everydaytipsandthoughts.com
trading-directory.net
bj597.com
honey18girls.com
asianwebbies.com
bomm.tv
naturallyknockedup.com
nyaconcepts.com
conceptlogic.com
nfl-uniforms.com
bookmarks.edu.pl
iboostup.com
theeuropean.de
kmu.gov.ua
armoredpenguin.com
bigeurobux.com
thumbshots.net
6mxo.co
mahershop.com
how2centos.com
scielo.org.mx
picmovie.net
tvoecasino.com
appmax.jp
catequisar.com.br
allfreeclassifiedads.com
doremond.com
2810.gr
watersb.com
nationalpositionsoc.com
deconstructioninstitute.com
bestteenporntube.com
dootall.com
fxnewstoday.ae
iklanhouse.com
mini-itx.com
vjaffiliates.com
kicks.se
nauticalparcel.info
googlemap.com
betsbahis.com
ozami.com
picbasic.co.uk
business-broadcaster.co.za
posot.com.br
connexionfrance.com
twaitter.com
ccpgames.com
corona-club.ru
egreentechnologies.net
ufcundisputed.com
j-volga.ru
methode2012.com
drnatura.eu
sokroveno.com
hostplay.com
mobile-phonesdeals.co.uk
spiral.co.jp
omeganen.nl
amtb.tw
story.hr
blogrisparmio.it
easypic.com
vikingdirect.ie
helsam.dk
emm.to
cnipr.com
5ligi.com
kosoft-ads.com
infodriveindia.com
iconsweets2.com
zielonymail.com
mp3zone.sk
momson-sex.net
lineacaminos.com
clipproject.info
waterkant.net
yxlj.com
sheckys.com
mabinogiworld.com
hzp8.cn
52xfwan.info
orientaldaily.com.my
megacherche.com
megduerksen.typepad.com
blackhatseo.com
erogram.net
jexer.co.jp
pragmatismopolitico.com.br
twoj-se.info
ahyari.com
insite.co.jp
hd-dump.org
orkugifs.com
classificadosff.com.br
winggirlmethod.com
angelically.pri.ee
shushpanzer.ru
pwlvl.ru
supersoloads.com
uploadtak.com
freeadsincanada.com
70475.dealer.it168.com
vodkasports.tv
imageneschidas.info
special.ir
articlequeue.com
mobilis.dz
easyclicktravel.com
bigyellow.co.uk
articles-21.info
viata-libera.ro
cosmeticenhancementsforum.com
bebe-au-naturel.com
downloadseguro.org
atomsms.pl
udop.com.br
maize.cn
facinter.br
wowbox.tw
stappsocial.com
iapmei.pt
bex-blowing.com
brandinst.com
monegle.com
gamingzion.com
blindferret.com
madeinmedina.com
viewsoniceurope.com
hideus.in
vcinchina.com
cooks4arab.com
p-wholesale.com
wrigley.com
specialdirectory.net
lepape-info.com
managerewardsonline.com
66a.com
enaricles.com
sss.gov
free-crochet.com
persfinance.ru
jtob.com
scrhi.com
ludmilarodionova.com
jammuuniversity.in
whmsyy.com
shamiphotos.com
vermiip.es
marocdeal.com
tzuchi.com.tw
dailycoding.com
c0fe.com
jailbreak-untethered.com
anet.net.tw
madebyevan.com
mynewroots.blogspot.com
winechina.cn
articles-database.info
conseil-constitutionnel.fr
atmosferaitaliana.it
2012-ru.ru
extratuts.com
getfitmississippi.com
bestfreestuffguide.com
radioflaixbac.cat
mauxa.com
securitynewsdaily.com
imgwink.com
evokingyou.com
napravisam.bg
adefmark.com
killerz-tech.net
boeschung.de
lunwennet.com
ym3a.com
erate.com
classcreator.com
igraemsa.ru
internetmarketingzoom.com
castaluna.com
blivomdeler.nu
manor.puk.ro
articledashboard.info
dek69.com
bodybuildingforyou.com
support-rt.com
baang.ir
pens.com
ideaexpert.co.th
iluvdressup.com
bet4fan.com
directoryblp.com.ar
icicipruamc.com
www.xysfxy.cn
stateresults.in
newtechtips.org
www.evvc.nl
mmnon.com
kraloyunu.net
guoliidc.com
bondyblog.fr
templatesfreelance.com
jkb.cc
haart.co.uk
stihi-xix-xx-vekov.ru
charlesleifer.com
northantset.co.uk
plastech.pl
3haoweb.cn
mymakemoneyonlinecoach.com
kosmos-x.net.ru
mekke.co
badgesagogo.fr
alkapida.com
unitead.info
tecnomalas.com.br
bubundesignarchive.jp
sklep.blueorb.pl
levian.gd
cashmaschine.com
promomusik.net
chinaamuse.com
abc-english-grammar.com
bridesmagazine.co.uk
themarthablog.com
okyan.com
getyourbonusgifts.com
paulchens-kleine-welt.de
dticash.com
pcrx.com
vooplayer.com
95169.com
schoolisgood.com
om-onny.com
drigg-code.com
mmmastery.com
ladysavings.com
sparkasse-ulm.de
hasselblad.se
010so.com
auto-stuff.cc
ukasky.com
bloginformatico.com
seoadd.ru
moneygreenlife.com
allesklar.com
pajakonline.com
mymultipleincomes.com
connectwise.com
isro.gov.in
page-view.jp
www.losco.no
baidaiap.taobao.com
jbreaker.ru
speconomy.com
codecm.com
segodnja.kz
iseeahappyface.com
goo2o.com
pornglory.com
motores.com.py
banese.com.br
indiatechjob.com
rconnet.de
it-times.de
otisak.ba
biologicaldiversity.org
barmenia.de
vivawoman.net
prgl.info
wooxie.com
mywpdesignservice.com
crawlerlinks.info
garaj.org
namepara.com
standard-rugby.be
respecterais.puk.ro
ictnews.az
jcmotors.com
pr-chat.at
howdoyoustartahedgefund.com
ranking-links.de
ert-archives.gr
prepsrugby.us
traditionalamericanmovement.com
yiichina.org
cajacantabria.com
fragman.web.tr
sdsol.com
jiwi.nfdy.net
odnokllassnki.info
linecoaching.com
warezforum.cz
webgarden.com
holyclothing.com
0851gt.com
spiroox.com
wallstreetpit.com
cronon.net
kotetsi.com
childfund.org
whatpeopleplay.com
colorlens4less.com
michbar.org
heavenforum.org
prlnks.info
juxtapost.com
zalman.com
koreanturk.com
psdpoint.com
alt-healthsearch.com
slickplan.com
nitizi.wop.ro
ucubakery.blogspot.com
funaiyukio.com
bloger.com
fuss-schuhe.de
cherrygirls.co.uk
theguymagnet.com
theappl.com
nz.com
uszcn.com
yinyue987.com
kipa.co.il
ddelights.com
360fdc.com
blogspot.gr
hanoi.gov.vn
mobilitywod.com
jpshavers.com
vtuner.com
setup.sk
journalistgruppenidr.dk
magnonsolutions.com
autovisitas.com
freedomscientific.com
xjhlw.com
scsk.jp
konan-u.ac.jp
hongchen.tv
kiddywear.ru
aptdc.in
clickptc.com.br
babykerf.com
digyourowngrave.com
mobilizeandshare.com
vistadir.com
myintervals.com
argovia.ch
mazatlaninteractivo.com.mx
momgenerations.com
neo-arcadia.com
grogansports.com
aviso.ci
flstrawberryfestival.com
hennaforhair.com
igamingsupershow.com
zonaurbanavip.com
fertighaus.de
naf.no
apinchofhealth.com
hkmdb.com
rekom.ru
startuplawyer.com
unit-online.ru
jil.go.jp
8090zd.com
kentei-uketsuke.com
arenagroup.ru
cairo360.com
smartpress.cz
wiseseosuite.de
digima-japan.com
skycig.co.uk
indianterminal.com
ataf.net
kjake.wop.ro
thefishsite.com
chemn.com
essen-bestellen.info
9imai.com
isc-gmbh.info
dianxin.so
todayntomorrow.com
aecid.es
regulercorner.info
compendiumblog.com
aidoweb.com
www.madlot.nl
www.rizn.bg
jmmsn.com
malemodel.us
bageldelightonline.com
alsoft.com
rimmellondon.com
fsc.org
filmsmd.com
menupan.com
wisers.net
yy54.com
docsity.com
wck.cc
ebatts.com
sgae.es
asan-gsm.com
zhiheong.blog.163.com
squishycash.com
amkino.com
minttwist.com
ladyboytube.com
afsatravel.com
wanttoknow.nl
jsabina.com
veterinarypartner.com
patentservice.info
viser.edu.rs
2-20.ru
kreativtheme.com
tayloredmktg.com
odahara.jp
g-mark.org
www.daofaziran.com
kbstar.co.kr
site-sift.com
servicesport.it
xen-tr.com
texmedinfo.com
bookmarkdeal.com
carrefour.com.tw
rvb.ru
registronacional.com
excellentarticlesubmission.info
dinamalar.in
muslimvillage.com
kaboomcocks.com
logoing.net
mediatouch-online.de
designcommunity.com
www.sezhu.us
ceeger.com
www.baidu.com
hitrust.com.tw
megawarez.eu
kasia1988.pinger.pl
kolli.wop.ro
susiestoddart.eu
apfeltech.net
pussybook.org
alkuwaitiah.com
thedaytradingacademy.com
lowellonline.org
nexworld.tv
linkingdir.com
8balls.com.br
3dfap.com
fruitkings.com
4theloveoffocus.com
1c-pro.ru
onlinemarketinglatam.com
songsforteaching.com
roms4droid.com
ed2010.com
thebritishresistance.co.uk
avapartner.jp
mojowhois.com
scrollsawer.com
flipnomad.com
onmirror.com
marketingcamp.dk
wdjinhai.com
netorginfo.com
cfcgs.gov.cn
douga-king.com
homemadebdsm.com
ndchost.com
voepassaredo.com.br
nederporn.tv
elixic.de
alt-codes.net
usability.de
rhetolo.jp
pensamientos.cc
muzzo.pl
1001games.fr
aogewh.com
digitalpodcast.com
ucozabc.ru
hryprodivky.cz
globalbusinesslist.com
www.youthinfo.biz
4rum.info
trovit.at
thewinnerbook.com
pornoencolombia.co
toulouse.aeroport.fr
hokusen.jp
sz12333.gov.cn
schlijper.nl
techforum4u.com
guangy.qianyan.biz
stilistaboston.com
tatbank.ir
www.chinatianbo.com
articulosi.com
edarabia.com
toshop.ru
rrlgou.com
hillsboroughcounty.org
ecochicrunway.com
www.rd-spraying.co.uk
cakepoker.eu
viry.cz
vertalerbouw.puk.ro
fuzzy3d.pl
lestontonsdusport.fr
aku.edu.tr
controlscan.com
grandma-tube.com
amenext.com
invitefashion.com
maeda-atsuko.cn
admsakhalin.ru
dogomania.pl
windingroad.com
yeahh.com
original-gamer.com
seo-plans.com
aralbalkan.com
quirks.com
webground.com
mexboy.ru
executivemailingservices.com
defondos.com
mintdesignblog.com
hyperallergic.com
piter.com
callonlineshop.com
www.iite.ru
crystone.net
peoplesdinar.com
spianai.wop.ro
getima.org
jazzjazba.com
healthmango.com
traffic2web.com
e-earphone.jp
ombouw-wii.nl
thegremlin.co.za
masterpisem.ru
nollywoodone.com
augsburg.de
www.xoro.nl
sheff.wop.ro
agraff.no
inzl.nfdy.net
availhosting.com
aptekaonline.ru
jeuxonlinegratuits.net
20xs.com
crankyflier.com
ciutacu.ro
wali.wop.ro
womenoffaith.com
cifco.net
ihaveapc.com
pakmed.net
www.nkk.pl
kak.ru
bashar.org
nakanohito.com
www.epjob.cc
essaseoutras.com.br
bjsrestaurants.com
newoes.com
federalregister.gov
fastestlaps.com
kickassvps.com
juancong.com
primorye24.ru
ivankristianto.com
online-income-business.com
myfbfans.com
designxsdirectory.com
haitixchange.com
stumbletoday.com
linksdelight.com
ircquotes.fi
wkcda.hk
mimoa.eu
frponline.com.cn
carsforums.com
9youxi.com
v.com
modaresanesharif.ac.ir
aitaoer.com
hi-spider.com
latestprice.in
paseka.prv.pl
recipebridge.com
smnyl-clientes.com.mx
popmarket.com
cinepolis.com.br
ricsporn.com
emlakdream.com
khaosan-fukuoka.com
0dian8.com
procycling.no
hupan.net
getionary.pl
www.shanghaidx.cn
jesuis.cm
otramedicina.com
studyusa.com
cocone.jp
english-coffee.com
wtch.in
talentumhr.se
smallirons.net
auto-link.org
wangqu.org
k12.la.us
56ye.net
dmma.co.za
alpine.co.jp
contestdomination.com
mpgcafe.com
constructionjobforce.com
redecastorphoto.blogspot.com
livegonzo.com
cumbang.com
mydearbody.com
whipup.net
thecouponscoop.com
myanmardir.com
ipm8.com
www.uxx.cc
friseur.com
arisek12.com
train2game.com
esoterikshopping.de
ttt16.com
zgzzj168.com
desaingratis.com
itfeed.com
acckj.com
nilljunior.com.br
adclick.pt
abt-sportsline.de
soapboxmedia.com
3721se.com
irishracing.com
cebuseo.org
bud-racing.com
phrasebookmarks.com
sunet.se
dnbiz.com
gmodelo.mx
es.buzzear.net
associatesbux.com
www.whsysy.net
worldsexarchives.com
sparklecat.com
beingfunchina.com
rc.cc
antcrowd.com
wm-debt.ru
cn21.com.cn
sanofi-synthelabo.com
insoft.com
premiumecigarette.com
screweb.com
pilotage-rc.ru
jobseeker.tv
www.3hao.org
pointshop.no
mojaolesnica.pl
poonak.org
91porn.aa.am
grahabhumi.blogspot.in
addthesite.com
htnet.hr
light-flight.ru
www.663ss.com
games-suki.com
zjhz.org
jianglikun.com
businesstraining.com
versyp.wop.ro
365celebrations.com
memestache.com
dlyazdorov-ya.ru
www.qiteyy.com
gaza-hacker.com
kitaabghar.net
healthystock.net
5ddmm.com
www.nubo.nl
rsu.ru
libro.at
hakecun.com
loonwatch.com
sazzy.co.uk
sexxxyteentube.net
battle-point.com
twin-set.it
kominek.es
ecoki.com
esa-dev.com
hrej.cz
popfashionstore.net
newtechnetwork.org
yumatu.net
garotasgeeks.com
www.cg5688.com
www.zuozw.com
almina.net
www.ixex.it
hiteshagrawal.com
smallvideosoft.com
sucessonainternet.net
mla.org
josweb.co.uk
jobsgopublic.com
www.newjixi.com
youpicktube.com
razmir.ru
buscapalabras.com.ar
thembp.net
ccarb.org
nitani.net
fireclickmedia.com
kiandso.com
szgwbn.net.cn
standardbredcanada.ca
datingdirectaffinity.com
shuoso.com
diariodesign.com
tubexxx18.info
socialbookmarkingjobs.info
hindisms4u.com
outside.in
android-k.com
bigcontentsearch.com
kgb.pl
spillespill.no
topapply.com
inmigracionusa.com
usahockey.com
centrovenezolano.com
ontariohealthstudy.ca
poigraem.net
mega3d.ru
domainbewertung24.net
carneoo.de
world-mmm.com
filmmetro.com
seasons52.com
maclatino.com
shop.unas.hu
www.linode.im
bbs.com
gamagio.com
hiperlegal.com.br
checkwebsiteworth.com
algeria-isp.com
ips-infor.com.pl
rgu.ac.uk
singaporebestsite.com
freeindiaclassifiedwebsite.com
uniminuto.edu
early-retirement.org
bigbrands.cz
puremobile.com
vzv.su
www.tarac.nl
mumzworld.com
php-developer.org
sharpdevelop.net
mrexclusiveuploads.blogspot.com
fratmusic.com
greeff.co.za
brickarticles.info
hy-partners.com
molecularstation.com
ibunker.us
porta.de
kitschhairties.com
byethost2.com
txtbuff.com
http-solutions.com
public.tw
drhawass.com
alfor.ru
blitz.io
hugo-movie.jp
uns.edu.ar
66rpg.com
powayusd.com
wangliqunvip.blog.163.com
shaundachambers.com
mah.nic.in
1p1k.com
creped.wop.ro
zzrsrc.com.cn
pau.edu.tr
libandla.puk.ro
secreteworld.com
beautyhigh.com
e7lai.me
uacg.net
photography-forums.com
misapisportuscookies.com
michaelbuble.com
litka.wop.ro
a3webtech.com
eje-card.com
myxvids.com
customs.go.th
bahayatbp.com
china0101.com
jornalindaiatuba.com.br
live-sports-free.com
debtconsolidation.com
castfire.com
www.rruu.com.cn
kinoqi.com
joomlaskin.it
smgov.net
www.shwxsakura.com
videoscope.cc
doceshop.com.br
sitti.co.id
mybottle24.de
bodyforlife.com
luisgonzalesblog.com
but.jp
bestblogsbrasil.com.br
migratoria.it
goldfeverprospecting.com
jqbar.com
scatboi.com
www.hao123web.com
slownikkomputerowy.pl
btcf.fi
pixydir.com
katalogi.pro
www.wuzhouzhenzhi.com
bvsd.org
www.2xingren.com
minfo.pt
tainan.gov.tw
medicalera.com
affaisserions.puk.ro
govisitcostarica.com
limadelivery.info
cheldoctor.ru
xyzdirectory.info
servinox.com.mx
www.pornoliefhebber.nl
algadwa.com
district196.org
cawaii.in.th
xn--sckye9cc7698cguh.com
ojointernet.com
procopywrite.ru
paradiseawards.com
australian-universities.com
babycenter.in
zwee.com
extremecoderz.com
topcashback.com
basis.org.bd
myebonygf.com
getmovil.com
kobe-c.ed.jp
dsstyles.com
abstractsonline.com
wildguns.org
collin.tx.us
dotpoch.com
www.nike2012pascher.net
candc.blog.hu
faranet.in
smart-consumer-living.com
www.839dy.co
desert-operations.us
abc4web.net
htcmania.ru
fiercebiotech.com
malaysiakini.tv
seopen.com
brillig.com
bnaat.com
medizin-forum.de
keilab-dos.com.ar
majortests.com
indiacollegesearch.com
www.huolisu.cn
ps-take1.com
ciudadwireless.com
antonkozlov.ru
carlaschoice.com
www.creatunion.cn
officeplayground.com
patlechef.com
fox.az
midhold.nl
cji.co.za
paneldehosting.com
successus.dk
myweb.sg
royalelizabeth.biz
x8ll.com
regole-seo.com
toycamera.com.br
dailyfun.us
www.idkids.nl
mondediplo.net
jwfu.com
freshapps.com
gabriella-falci.com
movingblocks.net
ergo.de
www.directis.nl
hostnews.com.ar
yinlaotou.com
ozoo.cn
maduragee.com
einetwork.net
r7rr.56dvd.net
web56.s1.joserv.de
cswed.cn
bookmarkstudio.com
hotmasalaboard.com
drummerforum.de
foroaviones.com
hulafilms.com
oystermag.com
lalaport.jp
www.ztco.cn
mycharm.ru
portesdusoleil.com
niit-tech.com
ustwrap.info
moolpit.com
mygolfspy.com
so-netmedia.jp
www.gyxhjs.com
multimedia-marketing-ideen.de
yorkshire-cottages.info
plussvvs.no
easywebdir.net
goldxinvest.net
imlqw.com
thelinkvault.com
w7ph.ru
buienradar.be
vsegenialno.blogspot.com
audiobook.blogfa.com
almalaurea.it
www.juegosdefutbolonline.org
abitare.it
afvclub.com
logicommerce8.net
laptopfan.ca
60kv.com
globalbookmarksnow.info
newskaz.kz
modelcarworld.de
reclamao.com
kompiko.info
wotflight.com
ufop.br
pslc.ws
arsenalnewsreview.co.uk
myinvestorsbank.com
ganxi1314.wanye68.com
titanquest.org.ua
www.tsyuncai.com
salutbucuresti.ro
9duu.cn
ileon.com
tnvipsuite.com
86pi.com
enmaracaibo.com.ve
990m.com
piert.wop.ro
arab-torrents.net
00link.com
spicebox.jp
blogtronix.com
organizersdb.org
www.gamingcorner.nl
naviextras.com
apsche.org
emaildiscussions.com
kloxo.com
www.bkv.nl
desteptarea.ro
osram.info
mysinema.org
abcconsultants.in
mediaguard.co.kr
arindamchakraborty.com
oldsp.ru
gogoph.net
domainpunch.com
traveledearth.com
careers.compass-group.com.au
abcnewsradioonline.com
dension.com
innato.nl
enigen.eu
priv.pl
tabele-kalorii.pl
www.sbc.hu
ipp.me
tvclub.cn
qav.cc
dnbnor.no
irc.org.tr
manobite.lt
adultxdating.co.uk
www.qwtsfm.com
abacho.com
vipcars.com
quietlightbrokerage.com
sorcerers.net
dressz.com
ssc.pl
gratuitsplus.com
vitaherb.no
seizor.net
medfuehrer.de
ni.ac.rs
qbudkskk.blogger.hu
55ds.com
edrc.cn
batclips.com
cordobaxv.com.ar
hymntofuture.com
bond520.com
zigexn.co.jp
capg.com
damawang.com
greenpeace.org.uk
mynextcollege.com
typografie.info
znyata.com
getsholidays.com
startupquote.com
www.5qq.info
www.weblaptar.hu
loter.pl
accreditedmbaz.info
hortmag.com
www.tropicalshow.nl
fanweiya.cn
moneyfactoring.ru
mal21.digart.pl
visa.ca
publisher.im
propertysearch.com.ng
version-four.com
rightscripts.com
0838.com
uas.edu.mx
baltimorestyle.com
nega.ir
primus-onlinedruck.de
refog.es
onlinovky.cz
yourme.net
stardate.org
prepaid-global.de
ja-pics.net
stronyjak.pl
adultwebmasternet.com
kumonshuppan.com
yw.0577bj.com
genesisthemes.de
articlebar.com
greatgardenplants.com
brandosa.co.uk
shj-airport.gov.ae
inakanet.jp
allinonehealth.com
abbrunar.puk.ro
333ok.info
enguzelpornolarii.ws
neolane.com
trendydressup.com
cids.de
goinventive.co.uk
asifunciona.com
ziaporca.com
nn.xdf.cn
bruna.puk.ro
72ym.com
epiphones.org
bielecki.info.pl
witlio.info
euroguitar.com
jsgsj.gov.cn
shandegruyfilms.com
oje.pt
drew.edu
enigmawiki.com
ranksaz.com
avtotut.ru
h2o-space.com
www.ok9080.com
chelseamegastore.com
symbian-developers.net
paymentclearing.com
yddj.qiwen5.com
www.bava.nl
mac-reviews.net
thaicozy.com
jpubb.com
physicianmedicalbillingz.info
onlanka.com
rambia.wop.ro
www.jcow.net
jmarcano.com
dflcd.info
fuvest.br
eiwvbkbgie.bloguez.com
thedailyshow.tumblr.com
kandysongs.net
xn--n8jzuh06edsc.com
bookbuzzr.com
www.0578zd.com
onlineprinters.at
filmyhd.net
fotochat.com
infohelp.org
duo-cosmetics.com
sslcommerz.com.bd
www.33dyw.com
quomodo.com
zdob-si-zdub.com
hkbuas.edu.hk
lifesablog.ca
trendystyle.net
ltvvltter.com
ypajwgzm.blog.cz
intymnemiasto.pl
radensomad.com
thebestcolleges.org
messe-stuttgart.de
poeppel-media.info
siem.gob.mx
pornomina.net
voxfree.narod.ru
oceniacz.pl
xboli.com
hltnjm.78.cn
laysy.blog.so-net.ne.jp
intersport.at
soberania.org
www.grashof.nl
j6we.265link.com
skimap.jp
hezhoushi.383845.com
xseksvideo.com
alexanderbobadilla.blogspot.com
www.baoge.ihost.tw
xl.yiwang.cn
iflybusiness.com
mailtrackpro.com
quickpwn.com
christhyani.info
49k.uyec.cn
toniu.digart.pl
ryo-ishikawa.jp
xxcsxy.taobao.com
sanconhantao.net.vn
viversum.pl
elmonitodedarwin.com
divxclasico.com
ryoumezawa.com
ex.ac.uk
lanphong.net
gunchis.puk.ro
www.yippie.nl
seijis.net
blog.yzwb.net
etravel.ch
wikiprint.ru
familygo.eu
odnoklassniki-under4.info
agap.blip.pl
carat.com
www.av55.org
zvoner.ro
genot.wop.ro
op25b.jp
www.albeka.nl
wateredst.puk.ro
onsquan.info
freebacklinksite.info
pixoboard.com
hityczykity.pl
eutekne.info
sosnowiec.pl
hhh258.com
decennio.wop.ro
delinking.info
buttonfans.com
serverdedicati.it
transins.wop.ro
a00firebangers.a-livesexasian.com
minted.puk.ro
stephane-colle.com
wisconsinmommy.com
optincrusher.com
emergenzeonline.tv
southeastwater.co.uk
www.137yw.com
chocolatepoker.hu
dawnavril.com
californiaproxy.com
knits.wop.ro
www.allincluded.nl
pornofilmyhd.pl
partnerka2.ru
nisa.es
yanan.jzsx.org
zaruski.pl
westvirginia.usa.tigweb.org
cine.com.do
www.luo-lu.tk
s8aa.com
dqname.jp
dealer.webcars.com.cn
erodvd.nl
rizzuanshah.com
xnet.pl
secretstorylejeu.fr
buaa.edu.cn
fortunehide.info
kepgravirozas.5mp.eu
eurosport.de
pofixim.ru
qqc.co
arbitri.puk.ro
www.334s.com
www.boxing.nl
nakakanb.wop.ro
www.yinliao.biz
www.dekuststrook.nl
chachala.com
pdfscissors.info
8999.hk
onap.com.vn
openw.ru
www.techz.vn
fripe.biz
m-wp.jp
nanaonline.in
pijnigin.puk.ro
orponury.blip.pl
web-manual.co.uk
cbcb8.net
cs-fragwar.pl
australianpdfmanuals.com
dree.pinger.pl
kjmagnetics.com
chavoshi-dl.blogfa.com
kathiravantube.com
www.tophoer.nl
turbiner.wop.ro
allnigerianrecipes.com
www.wheretobuywholesale.org
jkclub.info
v63.info
cityexpress.ru
www.zuso114.com
acroni.si
ogled.wop.ro
tokobasi.puk.ro
spicypr.com
www.lxsfh.net
www.fanyu.org
bbs.96hq.com
bibliaonline.net
summerwood.com
www.0905.com.cn
sentimientobohemio.info
megaferias.com
hcma.hu
hosteasier.com
www.tweer.nl
carcinos.puk.ro
blogspot.ch
loofamily.info
shoki-bai.co.jp
www.zglhgs.com
bigthink.com
streamingsexehot.info
tallevast.puk.ro
fredscloud.info