frynds.com
ioio.name
katri.wop.ro
savvybizbuilder.com
gygjl.com
stillup.ca
artikel-nachrichten.de
losed.tk
articleblotter.com
huanyou56.com
www.hv51.com
activemind.co.cc
ibetherthol.page.tl
fqsm.nfdy.net
se.se
www.cc9l.com
v4mk.210000.org
ospedaleuniverona.it
www.hbqxtc.com
revctrl.org
vectrix.hu
logxxxjizz.info
zapposinsights.com
smayadika4.sch.id
hj1121.com
www.votees.de
www.sajko.se
munnymadness.com
chicosabetudo.com.br
ashevillechamber.org
www.caohm.com
usehhaf.org
uvrp.qiwen5.com
mimi948.com
fastpr.pl
xboxstation.net
alkupone.ru
buy.2345.com
wesolomi.pl
cbimobiliare.ro
xcw.78.cn
oldgamesclub.com
fishjava.com
hokuken.com
tophipno.hu
www.plusacademia.sk
www.liuxucon.com
raziiiii.wrzuta.pl
eisenach-folientechnik.de
qzhi5.com
neste.fi
jxmgbs.com
tuanyue.com
bestweightlossdiettips.com
quintalosazufres.mx
jvrm.210000.org
openlinksys.info
uudc.cn
kokotori.net
se.234qsw.com
rimmed.wop.ro
al-moasher.net
newclient.us
i1qw.265link.com
22420.com
wsicorporate.com
bejade.puk.ro
tvrain.ru
mamaison-immobilier.com
wiamond.com
www.159pp.com
toprural.de
yorku.ca
dsw.edu.pl
lustcontacts.com
www.shopbila.com
travsidan.nu
granice.pl
www.mpvb.net
ericulous.com
www.027wsw.com
kuhnshop.de
videos.vc
www.scanpack.pl
www.49kk7.com
seo.huai.cc
mpspain.es
musikverein.at
www.stonedk.cn
zeken.wop.ro
aladd.net
pjcmotorservices.co.uk
vtew.265link.com
wegzaubernden.puk.ro
mephitin.wop.ro
strandz.org
www.tushuo.me
jagdschulen-ewering.de
www.98see.com
soloseries.tv
talkaboutsleep.com
www.avszs.com
zeepter.de
hatbuzz.com
etransporter.info
www.cmfu.com
daystarproducts.com
0554.in
paulsmemories.com
website2value.com
numaranitasi.gov.tr
clubyss.com
mattressratings.info
ual.es
inventforum.com
whose.wop.ro
kreativ.hu
silagratoday.net
bookingdom.com
www.ceshiyuanfen.com
mideagz.net
tempelden.wop.ro
nbww.265link.com
nobele.wop.ro
axi1.7ta.cn
honghoutian.shgj.cn
ikky.wop.ro
www.icranet.org
nsfwgif.com
blackbirdhotel.com
brighton.co.uk
www.unifycall.com
inwestycjeodadoz.pl
www.ksjjybj.com
nankinhobby.com
eelly10.diandian.com
rapturewatch.net
latestbookmarking.com
www.278tt.com
theses.fr
avalongrup.ru
rantapallo.fi
jinkenso.wop.ro
www.nn-huazhijie.com
hotmazia.com
www.hp444.com
nozebra.dk
zf0.hyves.nl
mecanisma.com
thecomet.com
coffee-makers-review.com
sitesbookmarking.com
parafiakrajenka.cba.pl
yyas.nfdy.net
www.kzbz18.com
onlineprinters.at
www.kuaibo.li
financeindonesia.org
www.edlund.dk
jnfeichi.com
pdrcihaber.com
s981.jxee.org
ayoobbbb.blogfa.com
hupan.net
cheappartygowns.co.uk
gnublin.org
arh665.ru
nj.bwxx.net
www.thos.cz
xerame.us
sigillammo.puk.ro
baoku168.com
rockcreek.com
greatvac.com
pastukhov.com
hirschs.co.za
clubwv.ru
www.autosiskolamiskolc.hu
moneysavingparent.com
collavol.com
katsumok.wop.ro
theswimmerscircle.com
e-justice.tn
brazip.com.br
pugong.cfw.cn
dix.blip.pl
misshi.wop.ro
twitar.co
clip-share.com
parksmania.it
bu1850-watch.info
skutery-info.pl
ojdv.nfdy.net
8113888.com
gekopplaatjes.hyves.nl
revistaartesanato.com.br
subsim.com
cn.krypt.com
noctrl.edu
tiefstst.puk.ro
zeroland.co.nz
gedgetsworld.in
newdev.ro
events.pedaily.cn
irista.com
www.novibel.com
koetst.wop.ro
somtajms.digart.pl
joviniam.wop.ro
midweste.puk.ro
027.118114.cn
okaina.wop.ro
abrebrecha.com
latexpicturez.com
verker.wop.ro
duanziwang.com
mkvi.info
aifangke.com
houxiyang.com
vray.info
theroseandcrown.info
dubli-onlainmagazin.blogspot.com
otviets-emeil.info
sowlpul.info
www.18xxmm.info
www.chaoren168.com
domesticquest.info
codingfish.com
www.xs222.com
www.cn-hunan.cn
www.965999.com
abgefass.puk.ro
varikoz.kiev.ua
keytabook.com
jyudaku.wop.ro
pocketdownloadcenter.com
pide.org.pk
anbound.info
comtugua.freeforums.org
chardaisukikarimero.blog.so-net.ne.jp
4466.cc
filoosy.com
unvizard.puk.ro
literallyinspired.com
lxkk.210000.org
board.joshgroban.com
kimoji.info
zfa.la8.so
fqfz.com
refund.taobao.com
molefonkne.wop.ro
dailyrush.dk
turnen.puk.ro
shop66819353.taobao.com
articlesmaze.com
onezero.pl
tasty.wop.ro
hbb.78.cn
gameoke.info
smartdatacollective.com
mhsalumesquires.com
keralaindiatour.com
myersbriggs.org
carolinkie.digart.pl
www.qdbdc.com
presubst.wop.ro
ksy.blip.pl
thaiepay.com
extravertis.wop.ro
www.73nnn.com
perspectives.org
chinajerseys2011.com
autoevenementnijkerk.nl
tteee.net
lindakartika.com
mohammedbinzayed.com
www.77beian.com
huoydq.78.cn
akhe.info
bankgesc.wop.ro
mp3-downloads.net
hd00.com
optipess.com
1stclasscpa.net
www.66caobi.com
www.zz24.info
inryou.wop.ro
wa5199.x111.org
digiguide.tv
joomlaviet.info
ikirov.ru
ficeler.puk.ro
django-cms.org
www.94dp.com
skyte.puk.ro
sportspaper.gr
vaciada.wop.ro
vats.wop.ro
hotel.mezokovesd.szallas.istenhozta.hu
grauener.wop.ro
iab-austria.at
smartautosavings.com
amida.wop.ro
ajilon.com
kelleyryan.com
www.citydance.org
hiowe.wop.ro
tpcc.ca
feriencattolica.info
kp.md
suggestbookmark.info
lesensiegut.de
triumphantevents.co.uk
adiaphan.wop.ro
www.seedsinfo.cn
helpmart.ru
armstroff.com
godoku.puk.ro
punky.wwwwww.wop.ro
taninews.freeblog.hu
hjemmesideskolen.dk
justlittlethings.net
optai.wop.ro
imeet.com
haenawag.wop.ro
99sq.info
www.hg4444.net
rekkoku.puk.ro
www.31cao.com
yervo.puk.ro
vetoet.wop.ro
homecare-vertrieb.de
yinzerpedia.org
www.xiangwenwl.com
sermonettino.drejeskive.wwwwww.wop.ro
www.anny520.com
www.phny.cn
paulirish.com
desdelasvegas.com
www.66ncp.cn
zhulu.35free.net
dtqp.210000.org
feestdagen-nederland.nl
fujikyu-railway.jp
www.qhdqhwz.com
advert-book.de
24hourfashiondeal.nl
max21.be
mirai.puk.ro
www.epic-design.info
www.coinnet.cn
otonayou.wop.ro
www.igc.int
0759haixian.net
iogou.com
www.tv2.dk
pic.tw.cn
o-s.cn
www.wuyuanyou.cn
mp4nation.net
cmbl.biz
itmian.com
www.njdy.cc
www.ustr.gov
wallstreetprep.com
getable.com
iupuebla.com
buzheng.net
arfarago.hu
moviedunk.com
7mux.nfdy.net
taotao.meitu.com
0555.1775.cn
optina.ru
krishna.org
bnamic.com
xmrcw.cc
greatlakesforall.com
bianjian.org
www.goomv.info
icisleri.gov.tr
vaj2.210000.org
www.fu35.com
camera.itmedia.co.jp
hb.newsccn.com
cicplus.com
www.94baidu.com
3ddw.com
www.dunhua.biz
www.df114.net
jaroslawkaczynski.pl
glamforall.com.br
internalhealthdaily.com
iiduka.puk.ro
linux.org.hk
www.517866.com
static.uol.com.br
what-el.se
www.cnchiyue.com
onesdog.net
computer-support.nl
www.dhahx.com
2days.org
germonline.org
avisa-valdres.no
zure.puk.ro
zatumanom.ru
affiliate-promoter.com
www.cj3.cn
afvagen.wop.ro
elalquimista.org
eranzi.com
gamedl.ir
genglou.zj.com
iihnordic.dk
keeg.fr
mhstatic.de
ctweathergeeks.com
wjxh.com
monitechonline.com
completeocarro.com.br
www.quang-cao.net
deoase-zalk.nl
byle.pl
www.langongjc.com
supersurf.pl
com.cn
quotidianopiemontese.it
thetower.info
jiangxi.eol.cn
www.cd20.net
carinsurancecompanies.com
www.youai99.com
mz.zhangye.gov.cn
edesign.xn.pl
book.hmz.cn
renancalheiros.com.br
hundewelt.at
tbxuexi.com
roechels.wop.ro
yourhull.co.uk
mygirl.com.tw
byelove.net
w.uuunn.com
www.release.fr
dyndns.biz
sec4ever.com
hcf.or.jp
zonanerd.com.br
www.ijiazhe.com
myfox.fr
der-pc-anwender.de
tml.digart.pl
mrsjw.cn
gentepasionyfutbol.com.co
v.rbc.cn
porer.wop.ro
jxjsj.com
institutogalene.com
startbasen.dk
thaness.wop.ro
gdynia.pl
ii.net
54007sf.com
betterinnovations.com
nexusnet.co.tz
www.filtre-auto.eu
dooperelle.pl
podsluchane.pl
nabe71.xfree.hu
lithiumstudios.org
pwvi.nfdy.net
kontaktkalender.de
creative-chemistry.org.uk
siyoujik.wop.ro
hospital.fad3.net
anniesisk.com
farsaran.ir
luxuo.it
glark.wop.ro
www.on-data.com
keywordcompeting.com
www.51njtj.com
seyed.wop.ro
thai-toku.com
gift-iran.com
renrne.com
www.755s.cn
bc.by
arstelle.ru
qlife-kampo.jp
download-katy-perry-ringtones.blogspot.fi
anyladyboy.com
astro.ca
www.19jiji.com
norton.mobi
hnyytj.com
jidujiao.com
reklam.zoldrozsa.hu
vigsys.net
vb6.info
mx2.php.net
www.roca.pl
websondemand.net
kike.pl
voloscontato.it
www.hbcod.com
arturia.com
59igp.com
www.reftelsz.ro
4rn0.nl
escortslisted.com
mhwf.210000.org
guglio.wop.ro
www.tarac.nl
edukacjawbibliotekach.pl
0tao.net
burberry-outletonlines.org
creativespirits.info
funxone.com
3esi.nfdy.net
wtfz.lizhidy.net
ifsja.org
siteimle.in
dietbb.net
yokohama-cruising.jp
beautynet.ru
moonloh.com
naturallifedogfood.info
crdp-montpellier.fr
jangsara.deviantart.com
matuba.wop.ro
www.gongnuw.com
dr2o.eu
chinananxun.com
amarillascolombia.net
www.ch-lawyer.com
isrnasuha.nl
sportomotoring.com
www.sennik.nl
jubbe.puk.ro
wallpaperwholesaler.com
batmanjs.org
www.czie.net
badam.info
jyxwz.com
terkel.jp
www.vsfs.is
viceroyhotelgroup.com
cineyoo.info
www.anzhuo.me
dosia5504.pinger.pl
www.68uuu.com
darkiyu.com
beasthub.net
www.bbstoday.net
navarrets.com
hsport.ps
bbs.cjn.cn
ditu.alibaba.com
bartnik.digart.pl
sinya.wop.ro
istock-lagerverwaltung.de
cantalupa.pl
www.qvod-2.com
e3.96pk.com
hotelmediterraneocattolica.it
anpad.org.br
www.22wenxinge.info
revistasolar.org
a.d.cn
liketelevision.com
delaware.pa.us
ricoh-support.com
sonderfaellen.puk.ro
miniv.v1.cn
contave.com.br
hari.flog.pl
www.gzxfy.com
mbtf.210000.org
www.869v.com
www.hzhxdys.com
taobaomai05.ok8.so
repell.puk.ro
semitrut.puk.ro
aaugymnastics.org
tpshop.ru
scdsb.on.ca
misha46.hyves.nl
www.hbmthy.com
www.ybwsxx.cn
jcks.265link.com
institutocap.org.ar
yaxkin.wop.ro
movieslol.com
mc-com.de
subaru.se
ppjar.com
divasbydesign.co.za
ssl-id.de
www.chinahti.com
rasaneh.org
africanholidaypackages.org
kilometrikisa.fi
dieticiandegreeonline.org
paleofau.wop.ro
bushoward.com
xn--mbtx10a8v6a.com
digdes.ru
www.modamp3.com
lapdatadslfpt.net
y3k.cl
knettishall.org
suihua.h2h.cn
umload.wop.ro
hot.aiao.cn
hollaatwoody.com
www.q0745.com
afili.net
yepcheck.com
stiho-bum.ru
kendal.wop.ro
www.ppp70.com
zoaria.puk.ro
unprobated.puk.ro
firm-katalog.pl
www.gamet.eu
tourisme-aveyron.com
kzdu.56dvd.net
ccct.nfdy.net
www.nfhkair.com
www.adjol.com
pollydiversao.com.br
jantyworld.com
nurluk.biz
loungebar.li
reflink.fr
tomnieboli.pl
hbogo.nl
www.nsac.nl
naptarak.com
www.jjjmmm.com
www.173xs.net
www.odfgw.com
macrolepidoptera.hu
avzcf.info
www.chinatricom.com
shilf.wop.ro
www.hehe256.com
telugudictionary.org
kilroy.se
cardplayeritalia.com
www.kjshidai.com
loopow.com
www.25781.com
www.usb.ve
zampar.wop.ro
node13.vvvv.org
sovmusic.ru
virtapayexchanger.co.cc
burs.puk.ro
beni92.fecsegj.hu
e-spa.fr
kuaile800.com
jovo.210000.org
adiariobajio.mx
www.haihebian.com
sbgjwl.com
www.mapenggang.com
otcrx4u.com
bzrzx.net
hakkindagroup.info
www.ema.nl
www.tishengjixie.com
stime.llegou.com
hestafrettir.is
magicdesignlabs.in
illiscg.com
miothermic.puk.ro
www.milo.pl