beijingjk.net
zwwg.net.cn
wallashops.co.il
zachowaj.blox.pl
tenerifeman.com
shkb.ch
unipd.it
ihaledergisi.com
esdata.info
prixrikiki.com
octanum.info
0.arorxs.bee.pl
www.iowi.4f9.org
www.rozkoszniaczek.pl
monark.tur.br
ikati.pinger.pl
olegarxiya.com
patioart.ge
technologyatplay.com
foxrivergrove.org
articledashboard.info
xg8h.nfdy.net
securitegooddeal.com
mooretheatres.com
w-necie.com
wuaige.com
leihou.com
34ls.com
fagidioter.wwwwww.wop.ro
mensagens-para-celular.net
dotbay.info
prolingvo.info
educacionplus.com
preacidn.wop.ro
snoepjesman.hyves.nl
sparklik.wop.ro
ligapadelmadrid.com
marchewkowy.eu
atehenmei.com
www.suza.hr
conectate.com.do
zzmm88.com
bigtorrent.eu
hzpvc.com
elnuevodia.com.co
yulin.sxrcw.net
kater.nl
www.hzyg.gov.cn
pga.jp
www.35eco.com
prestosoft.com
whiteselectronics.com
laadeedaa.com
rtvpancevo.rs
athensclarkecounty.com
www.love7y.com
posobii.ru
realescort.eu
nominet.co.uk
www.english-word.cn
radio-hitshaker.co.de
awesometees.fr
www.hlfp.net
ebook8.org
becar.ru
hengguang58.cn.b2b168.com
www.17kdy.com
hlifeshop.it
0739xx.com
www.wgbwdi.com
link-directory.com.au
www.qigou333.com
hora.es
beunhaas.wop.ro
enlachamba.pe
lexandterry.com
xxxmuy.wop.ro
ys-a.info
saludnavarra.es
seobullshit.com
posdat.wop.ro
brennst.puk.ro
infogroup.it
ejoox.com
pamlico.net
www.456088.com
www.135cf.com
news.liao1.com
www.kkm77.ru
tvsulz.ch
motorizzazioneroma.it
hematuric.wop.ro
beatofhawaii.com
www.cheapmichaelkorsoutletcanada.com
www.sea158.com
flytickets.com.cn
www.36963.com
trackbookmark.com
horsesmania.it
arctal.com
ajihle.com
chrisfay.net
porcelain365.com
gabionok.hu
justyy.com
www.enbon.cn
souz01.com
organizedwisdom.com
chinpo.me
mma.fr
hostingserversz.info
streamcity.eu
classicsexyvids.com
ebellking.com
lingvo.ua
se.ke555.com
www.gyxrh.com
fashionprojecttamarac.com
dncd.mil.do
www.lixingjx.cn
shufengdingtongw.1168.tv
hashef.co.il
hinkend.puk.ro
www.omjncou.com
joete.wop.ro
tapanta.info
ibluepiscine.it
lomakka.wop.ro
milos-djacic.info
scooped.info
vinea.wop.ro
philhancox.co.uk
groupdeal.co.il
ybay.co.il
uforskyl.wop.ro
forgetteth.wwwwww.wop.ro
lewitzfoto.de
www.xq57.cn.vc
jcw029.com
giocaqui.it
fscity.de
butuzou.wop.ro
dfpcb.com
utahtrikes.com
jaans.info
otis.com
teflengland.co.uk
2dep.net
chong.pro
donr.nfdy.net
futbolwo.pl
grynet.puk.ro
www.cprt.com.cn
microbrandmethod.com
www.51hyks.com
idealwine.net
afm-telethon.fr
dealpeddler.net
mpcclub.com
skinnyms.com
jenkle.com
shuxuebao.org
andreabolder.com
kerx.nfdy.net
zyw520.3.24c.cn
lindakays.com
next51.net
txtbuff.com
casmiami.com
estampado.puk.ro
yinianhotel.com
s-web.info
rslin.com
auinca.com
ezjoy.com.my
lattlast.se
angelsdemonsdownload.blogspot.dk
ra.hg8871.com
my.jamespot.com
bastir.puk.ro
kpants.deviantart.com
askmen.com
shutoshi.wop.ro
superficialgallery.com
lawebschool.com
elgin.wop.ro
azalp.nl
faktura-xp.de
quep.265link.com
www.fjhonghui.com
rogershelp.com
hrej.cz
www.dvdmv.com
www.umas.hr
www.aizi.biz
vietnamgottalent.info
travian.ws
athoic.wop.ro
westhamonline.net
urlfind.org
dormousedesign.co.uk
benjiweber.co.uk
seoer.1987214.cn
itpqs.com
fu-pepper.jp
hssdh.info
harajbazar.net
sxhuatai.com.cn
shu.im
bestcluster.info
downloadmediafiremoviez.blogspot.com
demarini.com
www.ruif.com.cn
bike.se
fksa.org
dane101.com
thecinemaniacs.com
456165.net
www.enbon.co
polyglotworld.com
linux-dubai.com
positionsensor.org
indiaclass.com
farriers.wop.ro
www.hq52.com
gurullada.puk.ro
cnpentax.com
stm.fi
bishop-hill.net
medtrade.com
bbs0.poco.cn
headscape.co.uk
vietnamtre.info
dyndns.org
naturallifedogfood.info
urbandead.com
ilike.cz
adult.cz
nlobooks.ru
ilcode.com
szalona93.pinger.pl
gite-guadeloupe.gp
internetmarketingconsultantsa.co.za
rambut.my
www.mesi.com.pl
lapdatadslfpt.net
clipxxx69.info
www.kflxs.com
serwisatmos.pl
alittlewhitechapel.com
233aaa.com
begw.265link.com
www.prem.hu
illustriere.puk.ro
karmelowy.digart.pl
stepstar.gger.jp
www.2013lang.com
unrowed.wop.ro
cctv334.tk
aimnet.ne.jp
www.zimhxu.com
www.bjfsba.com
kkcoo.com
dyuc.210000.org
lzqf.net
myface.com.nu
schmitt.puk.ro
xy2.yzz.cn
aquarium-recifal.fr
aunus.wop.ro
seseyou.fl588.com
deepcapture.com
pornoh.info
katyanddave.com
face-switch.com
1kk.cn
xtrb.cn
www.lateinboard.de
webpozycja.com.pl
politich.puk.ro
mm.xsdxw.com
iphone-occasion.fr
camaleon-peru.com
quadratwurzel.wop.ro
hoatamkorea.info
it-profity.ru
urbanoutfitters.fr
articolipubblicitari.info
helpharriet.org
kibisu.puk.ro
vinden.wop.ro
jkeve.com
libros.blox.pl
michal697.digart.pl
tulane.edu
vitesse.nl
peridial.puk.ro
heartland.org
campusperks.ca
sgrab.ru
radiokoksu.pl
richdir.com
pfsl.poznan.pl
bdxfy.chinacourt.org
icanju.cn
2829301.com
rusticae.es
gisline.no
freewpthemes.co
homepro.co.jp
najlacnejsinabytok.sk
clipart.co
classiads.biz
cosmedictravel.pl
fix-itandforget-it.com
stob.puk.ro
kove.puk.ro
51bty2.jumpingcrab.com
www.laoshuge.com
chromeball.com
www.geyeai.com
frw.co.uk
meka.it
lekvar.lap.hu
okinawahai.com
google1checker.com
sarinas.se
www.elmes.ru
docizi.mil.pl
office67.ru
zxq.net
www.taobao.om
pasten.wop.ro
riemon.de
hirameki2012.bufsiz.jp
fyeahnostalgia.tumblr.com
www.kk3927.com
3wseo.ru
aftermas.puk.ro
txbuy.cn
vihilu.com
mikeallmond.co.uk
speakers.ca
jhjmrnmb.skipword.com
uridea.net
millsadvisorypanel.com
spireinme.com
getdeal.de
cosmo22.xfree.hu
www.she88.com
magheraf.puk.ro
jlrn.210000.org
sdsodif.at.lv
infolancer.net
socialoneplus.info
pmnn.210000.org
dealmotion.fr
cosmos.gr
vssvalzbety.sk
www.velu.pl
forema.it
wqsp.com
krasnogorsk.info
protecusatkd.com
www.pcwt114.com
kswchina.com
www.iriver.jp
teldomains.pl
www.82337.com
pamunkey.info
lascosasderobin.com
amichalski.blip.pl
edouga.net
getfreedomain.us
www.lijihua86.com
spermswap.com
jama.ama-assn.org
surfcentertarifa.com
ghgseaaqq.blogger.hu
mygalileo.de
stop-acta.lt
ie.alipay.com
barselseng.puk.ro
somewheres.wop.ro
www.shapc.org
i4.net
where.in.th
bloggsmchinois.com
adultspace.co.nz
uas.mx
torrnet.com
vegagerdin.is
www.jinyouwei.com
insidesalford.com
rostrata.wop.ro
satiq.net
wdchelsinki2012.fi
www.dlwf9.com
piking.wop.ro
fenglinw.net
cncd.tv
eastlabs.co
cr-flash.com
shopperdiscountsandrewards.com
submityourselfdaily.com
ghariv.ir
jtcdesign.com
mrsbw.digart.pl
www.cnxinmao.com
hefeishi.m69.info
birkenstockshoes-store.weebly.com
www.itdashboard.gov
fh-brandenburg.de
timelesstruths.org
tw.qiss.mobi
abc.777hz.com
nur.cn
budoxperten.dk
4387.vl.vg
tukude.puk.ro
www.zzfcxx.cn
freiburg.de
radosnyy75.digart.pl
www.noho.ro
elcine.info
www.myrice.com
inficone.com
cunxinh.soz.vn
lonelyplanetitalia.it
insteadofawebsite.info
hosaka-yuko.com
dehong.wop.ro
gluecast.net
www.manufactor.at
educatencare.com
sodding.wop.ro
salon.com
suena.eu
www.fuwang58.com
newstrust.net
fromidea.com
harddisky.cz
www.kdy120.com
zregeneruj-akumulator.pl
www.jsqw.net
bestcycling.es
www.foxsexy.com
gsme.co.kr
markteng.wop.ro
editoraculturacrista.com.br
toekachels.puk.ro
malhealth.com
seascanner.com
zmxx.78.cn
rooteducation.com
modifien.wop.ro
gameshay.info
cpucqdeonx.blogger.hu
gutscheinfreak.com
ubdt.210000.org
hipnotikrecords.net
happy-halloween.biz
wiederhe.puk.ro
euroticket.pl
www.jsya.cn
www.eho.pl
gobuck.com
ompookan.jp
625vgs.org.uk
bd-local.com
quima.wop.ro
lloydstsbsharedealing.com
www.aopengzuoye.com
www.mnrpcv.org
banjar-jabar.go.id
ja-jebie.pl
bysmktg.com
www.xurong.cn
altijdgr.puk.ro
chicasconmorbo.com
carsforums.com
catgallery.ru
whiqend.nl
sidoric.ro
mebtech.pl
politifake.org
yyydy.info
durchgezogen.wop.ro
www.cqms.cn
numeravano.puk.ro
www.jdzj.com
hongwenedu.cn
vitalen.puk.ro
wap.tm188.info
fotonoc.pl
dcimprov.com
phallici.puk.ro
www.zhqp5.com
arcaplex.hyves.nl
gardencity.ru
coneine.wop.ro
haginoma.wop.ro
churchwedfilmsociety.co.uk
lernen-mit-spass.ch
gardengrass.fr
anthonyparsons.com
my.r.gd
chestershoes.ru
nieogarniamzycia.pinger.pl
riadag.ru
nslizhi.com
takumots.wop.ro
youth.com.tw
oil.fi
ciaoblog.net
creative-concepts.co
affiliazioni.me
ilwebmaster.info
netwalkapps.com
ido-netshopping.com
ichikawa.lg.jp
szsese.cn
aviatnet.com
videogames-blog.info
dandoporculo.com
newbeginningsfornewhorizons.com
janoah.wwwwww.wop.ro
bukmark.net
noroeste.tv
abrhrj.org.br
thebreastformstore.com
400117.com
linkcool.cn
annugoo.com
causers.puk.ro
pscard.com
freshes.wop.ro
mmtuku.info
thecqi.org
arknet.puk.ro
foro.keep.pl
linz.at
arabelove.com
anticopy.de
lovescristian.a-liveprivates.com
33qq.net
mi.99bitgc.net
www.enet.ie
300mpg.org
www.fuka.com.cn
www.xxwqly.com
eydg.nfdy.net
antchpld.org
10000001.cn
johnsonoutdoors.com
escuelaing.edu.co
antiracism-info.org
architosh.com
a2zsocialbookmarking.info
ahgdqy.com
tbxzs.com
bartnik.digart.pl
mymajorcompanybd.com
kejf.nfdy.net
osszeeskuves-elmelet.lap.hu
daiks.digart.pl
payway.com.np
dabang.pk
pornoencolombia.co
my-mazda-3.ru
hzcnb.com
www.97.56sqg.com
otp-credit.ro
gcwap.net
www.nptx.net
xiansky.com
dicton.wop.ro
persian-star.info
www.ht160.com
superbude.de
strilets52.narod2.ru
graphies.puk.ro
shops-365.de
susanstechtips.info
sdok.k3y3.net
sbarre.boshihok.wwwwww.wop.ro
www.cnna.cz
bsoauy.at.lv
dxtcn.com
xixichengyuan.com
indianidol.info
ikworks.jp
qiguanyan.org
49ss.net
realwifestories.com
montgomery.co.uk
www.njwsjz.com
megamarket.pl
webassist.com
lanxess.sg
www.0096.info
ukma.kiev.ua
imsacup.free.fr
www.cyds168.com
dreamsseller.flog.pl
humanfactors.com
www.zuim.net
educom.ru
ilovewebgame.co.kr
0755sjmg.com
synchro01.com
andeug.com
baeckers.puk.ro
web-tuning.fr
270u.nfdy.net
erklaere.puk.ro
bebeconcept.com
mwdd.com.ar
p1u6.k3y3.net
www.anlianba.com
g.lava.cn
hanirc.org
jieshiqing.1168.tv
himejishirasagi-lc.jp
nokiafree.org
lookey.org
www.tzbear.net
gzlr.nfdy.net
rico-s.jp
vinkelboda.se
signmeup.com
disciplinons.puk.ro
www.sweets.ro
www.ydjd.net
www.uszcn.com
www.yx51.info
www.ooxxnow.com
jutaowang.com
shk.szkwj.com
www.007ar.com
bhsg.210000.org
nsw.co.jp
swbank.az
www.cqdajian.com
weaveman.info
www.elys.nl
socialbookmarkingsubmissionsiteslist.info
onlyfighting.ru
pornberry.mobi
henshuub.puk.ro
atservers.net
www.dzzzs.cn
efox.cz
futoo.wop.ro
mahu.cc
chenghwang.puk.ro
newport.gov.uk
amimodo.it
anvietson.org
detail.detail.china.alibaba.com
lrt.tv
forwarderz.com
nikeairmaxca.com
meida.wop.ro
www.city.matsue.shimane.jp
bccpaceco.it
fringefiles.com
somarmeteorologia.com.br
vastars.info
erotisch-feest.jouwpagina.nl
catacombae.org
radiodjs.net
ethanolcarsdealer.com
www.weige.in
lacrym.wop.ro
gaokao789.com
shizizuo.info
xpressvids.info
padmak.de
www.jj.jx.cn
hpnokia.info
kormarket.ru
www.njjieli.com
xzgww.info
www.changlin.net
www.netcao.com
kakabai.wop.ro
noopnet.com
reinou.wop.ro
www.hntz.org
yihaoquan.com
www.ghosthound.tv
shenzhenkefang.14477.info
sifoot.com
cyxk.b2b.youboy.com
youkug.com
dhlbeijing.net
vdk.de
img.0316.cc
taobaowalk.com
trollhattan.se
tilstrebe.wop.ro
mockbox.net
27.com
cinberlin.com
kangbaiwan.com
xz4.2000y.net
edu54.ru
www.30ie.com
d2ch.com
adultlove.us
free-zodiac-horoscope.com