wam.ae
www.procurandovagas.org
webetsolutions.com
www.aic666.com
www.graphiscn.com
tweetbe.at
www.anzhuo.me
rumbar.eu
fenglintianxia.soufun.com
scoobyprojects.co.uk
hunhir.info
siti.es
inspire-foundation.org.uk
ck.39.net
www.shenyang-cable.com
www.xurong.cn
tj.xueche.cn
goler.pl
cezar92.wrzuta.pl
www.27admin.com
caressen.wop.ro
motivacional.com.ar
wwf.gr
i2ilabs.com
liberty.com
howyouhomebrew.com
joobbe.com
mzintna.com
cubestat.com
carseat-reviews.net
yourhull.co.uk
scarffe.wop.ro
macs.com.ar
swdecorating.com
praktikumsanzeigen.info
simpletop.net
m.b2b168.com
rentakun.net
balancingthescales.net
huwangqicengxiugu.1168.tv
americangeneral.com
www.panyuqu.org
catchthetrade.info
iglesiadesancarlos.cl
sgjgh.78.cn
alumni.umc.edu
cqhxdj.com.cn
makeupmania.com
www.njcjs3.com
idtechproducts.com
bianjian.org
ahandyman4this.com
prvsoft.com
www.merida.sk
julia494.hyves.nl
tech-shop.ru
atehenmei.com
www.hnpecc.org
memoryonhand.com
farmurlaub-paraguay.de
www.yangguangedu.net
tabao.com
canadiandesignresource.ca
keywordcompeting.com
cherish-due.com
vs.rs
freesamplefrenzy.com
olpt.210000.org
spieg.wop.ro
pornokrot.biz
www.belmer.nl
marcia.edu.pl
ottica.it
moneyzone.info
www.18680.net
hokuken.com
maltsandmore.de
spuiing.wop.ro
meinunterricht.de
male-mode.com
toridase.puk.ro
whatscripts.com
preambul.wop.ro
www.lsmdb.ro
appie.pinger.pl
lbi0.56dvd.net
russkoekino.ru
vuitton-collection.com
www.hzjzl120.com
anho.net
met-free.com
pikapolonica.com
drink.viavoordeel.nl
oneoman.com
internetinfonow.info
mu-fang.net
shopstarter.nl
aga11.blip.pl
gruppocoin.it
pisa.it
honda-acura.net
exgfbox.com
gbmteam.prv.pl
vipte.net
www.beautyline.ne.kr
www.028fc.net
mei.fm
amoy.210000.org
342w10.951n.cn
samia.us
www.nnn62.com
rematchi.puk.ro
labkultur.tv
ekiscoaching.it
dge1023.tumblr.com
infokop.net
yakuza.ca
fabiola.soup.io
holidaycottagesmanali.com
quickbid.com.tw
www.kamenjewelry.com
cz.eamn.net
hllytransmitter.com
www.chuigejahu.com
goodreads.com
qjx.weebly.com
nordseemuehle.com
webfrases.com
insure-systems.co.uk
profkeithdevlin.org
xdoe.nfdy.net
paradisoinn.sr
huesvtech.webs.com
saps.moe.gov.my
sartorit.wop.ro
honda-srbija.rs
selbstverwaltung-deutschland.de
kathleen-madden.com
cc.wwmmm.net
news.dsqq.cn
fclinks.info
zzaiqc.taobao.com
deco.ci
descambiar.wop.ro
ultimatepunisher.net
perspolistour.com
www.1007.in
mia-kirshner.com
ebay.eu
iscs.cz
msgpapa.com
freeappfans.com
auto.liao1.com
caikoo.net
8309.com
k-tv.org
tonys.a1.cn
gerretere.webs.com
t53.ztzt.us
www.iqsys.hu
traderselite.com
gokarbon.com
nerax.org
www.hdqys.in
gitampramana2k12.com
obchodni-dum.cz
1394bbs.com
mata-l-23.com
phl.upr.edu
bc.by
biwm.210000.org
pricer.kz
yattsu.puk.ro
kyo.cc
fechtend.wop.ro
karin0965.hyves.nl
com-web.cn
nadorite.wop.ro
planet.hellug.gr
schutkol.wop.ro
w1d1.265link.com
washoe.nv.us
gresbuis.wop.ro
sumba.wop.ro
grupoclarin.com.ar
nomade-aventure.com
vorsintf.wop.ro
jayanello.com
kzaa.nfdy.net
www.valeo-motors.com
clickbuy.in
www.feifeipet.cn
ctds.info
familylawaberdeen.co.uk
strategyguidereviews.com
appelsie.wop.ro
votetags.com
yanbal.com
radiodreamwolf.de
college-junk.com
funnypandu.deviantart.com
bm.fcyl6.com
talkreviews.es
www.xlxx.cn
bangedmoms.net
jxf.mf968.net
volgograd-trv.ru
oii.xfree.hu
canefields.puk.ro
www.clwto.com
www.aizhigu.cn
fredonia.edu
www.votees.de
easyuspayday.com
bestguitarparts.info
dung.qiwen5.com
kaplans.se
cxkj.nfdy.net
addurl.me
gtrcanada.com
sinavbilgi.net
wbrschools.net
uhealthtips.com
sacbo.it
symcell.de
www.mmlunli.info
pentonmarketingservices.com
3243.nfdy.net
www.chinatricom.com
irista.com
travelingtolisbon.com
inwestornastartup.pl
www.ppp97.com
gulpin.wop.ro
nac2012.com
www.135cf.com
mustangmerchantsystems.us
theenvironmentsite.org
www.91tousu.org
piug.org
true-stats.com
earnmoneyonline2.webs.com
meishusheng.net
elektrischvervoer.nl
mentaurus.de
www.kdly.gov.cn
advert-book.de
51speakerssystem.7wx.info
tu.xiuna.com
www.iwin8.org
foliating.puk.ro
www.shxiaoleng.com
brgsurvey.com
bloodmoon.dk
blackmagic10.it
www.laos-airtickets.com
taobao.530328.com
rekibun.or.jp
lady.baidu.com
palcodeportivo.com
presidente.digart.pl
stillup.ca
newskyenergy.ca
fjzztt.com
rhuo.210000.org
link-protector.com
guihuaxiang.com
oriho.asia
madbrahmin.cz
www.61307.com
colarte.com
chiediam.puk.ro
blch.210000.org
www.sdjck.net
yealing.net
perak.gov.my
www.shenbao.org
sso.go.th
sownar.com
anpad.org.br
bps.hu
abercrombieuksale.org.uk
massbio.org
radiopolar.cl
www.tpynf2.com
mahindradeals.co.za
jheel.wop.ro
jogosdopicapau.org
sem-one.de
osaka-f.net
torontoeveningdresses.com
wnl.su
gikan.wop.ro
oceanspace.tk
icux.k3y3.net
gespiese.wop.ro
www.360away.com
rsgjtqfsht.1168.tv
donators.wop.ro
charita.cz
z077v.ki99.org
www.zhongguo10.com
r43dscanada.com
hybrid-auto-moto.com
tamil-bible.com
datavis.ca
pw.rptop.net
fallows.wop.ro
downloadmusicguide.info
96xoo.com
masrelgadeda.com
zeeman.com
www.jhreal.com
mcd.gob.gt
www.17b.cc
ch0.digart.pl
www.tianrongkj.com
cashperpost.asia
stimenchina.page.tl
shrimpis.folgten.wwwwww.wop.ro
rnme.210000.org
comerafuera.mx
nagyfatal.hu
citizenoutcomes.org
revfnbykjs.typepad.com
www.scooter-point.de
zepteo.info
tepare.wop.ro
mhm96.pinger.pl
miniv.v1.cn
iverk.puk.ro
carka.digart.pl
lifemagesa.com
www.19977.info
slamander.wop.ro
huntermvptraining.org
www.aocan.org
bzrzx.net
lapresse.it
sadj.digart.pl
gzsyddqkgc.wenju.biz
estimatedwebsite.co.uk
www.crwstc.org
smutjunkies.com
juntsu.co.jp
lite.blip.pl
hubmilan.com
lorinquer.com
www.jldkjg.com
dnevnikobecanja.info
dietz.soup.io
www.gevma.nl
trustedhomeservices.com
kphb.56dvd.net
www.dbs.ie
inetsoftware.de
decorationforwedding.com
expecial.wop.ro
8se.us
smfl.210000.org
13cruisers.no
haowang.cc
hi.com
platoscloset.com
www.nxj.cc
seifen.wop.ro
www.sesecr.in
www.daguan365.com
mepsergipe.com.br
www.tsknatek.ru
uned.es
bettbezu.wop.ro
zs.gdupt.edu.cn
psychorada.pl
fukkou.wop.ro
ute.edu.ec
dibbs.puk.ro
forum.timpuyog.org
cashin60seconds.info
aqdirectory.com
www.zzgamers.com
openpanel.com
bcsscn.com
www.okbike.cn
bbs.96hq.com
streetjoy.sk
kagneylinnkarter.com
ciit-isb.edu.pk
cloyed.wop.ro
pixelogic.net
zeal-pro.com
soromap.com
adjudant.ru
l-mamba.ru
versteedsen.puk.ro
jrxr.qiwen5.com
www.11ddmm.com
huangshan.dinfang.net
network-q.co.uk
newry.wop.ro
imagenesconamor.com
dom.ru
enviers.wop.ro
1693953.i.tiexue.net
sinaisafaris1984.com
fqsm.nfdy.net
qqdnf.tuita.com
srilankaactress.info
ideefesta.it
daybydaycartoon.com
yaan.xinl.net
hambi.blip.pl
dipalermo.it
gmanews.tv
sunhope.co.id
budleja.pinger.pl
www.ltc58.uqc.cn
dcjv.210000.org
hq.jiaodong.net
agencjagazeta.pl
comcast-deals.info
gicpic.cn
guide.coneco.net
www.pinki.hk
vaciada.wop.ro
ixev.nfdy.net
escaria.com
gwebtools.fr
aim.ag.org
7788.net.tw
vbulletin.com
worldoftanksguide.com
p1u6.k3y3.net
momschoose.ru
rumus.web.id
filtragg.puk.ro
www.5169888.com
zuantechnology.com
www.kdy120.com
konfuzianisch.wop.ro
plus.org
belairdirect.com
sobmark.info
qingfo.com
www.jinpinyuan.net
xvx.cc
logxxxx.info
shilixiaoked.1168.tv
literallyinspired.com