globushosting.com
dabang.pk
expt.qiwen5.com
web.ultrats.pl
butuzou.wop.ro
www.xxx558.com
4000100006.net
photosdujapon.com
barand.lap.hu
newhavenchurch.org
stillup.ca
na6o.k3y3.net
petrosider.com
norran.se
clip-share.com
kublucyan.digart.pl
www.jatin.co.tv
sweetcheaptoronto.ca
georgiasalpa.ie
mall.pl
moutouro.wop.ro
fix-itandforget-it.com
miamiinktattoodesigns.com
freehosting.md
sventate.puk.ro
parkcityinvestor.com
video.hmz.cn
florigen.puk.ro
zhwz.info
ilovegraffiti.de
libor.wop.ro
xoom.it
nee.178.cm
umbcbartleby.org
nomakaed.puk.ro
radarlisboa.fm
brachych.puk.ro
18vip.net
mobile-phone-cases.net
blackassfest.info
ottimismo.info
ticketshow.com.ec
kumpara.com
lvnjjvocv.de.tl
gxil.nfdy.net
19u.info
nenekini.wop.ro
pijarki.pl
kloot.wop.ro
pankadj-944.hyves.nl
furiafilm.com
jogidirectory.com
sheens.wop.ro
vinculacionsinaloa.gob.mx
dubaiwoodshow.com
stealth.to
bulainc.org
www.zzlian.info
filmstreamingonline.net
rofs.nfdy.net
www.czglsx.com
yingshi.bbs.1966.me
thecunts.net
baopen.net
msdonline.com.br
ngamgaixinh.com
toronto-lime.com
www.kotsu.city.sendai.jp
acou.210000.org
novarider.com
www.ccfloor.net
businessdirectorylist.com
gratyzchaty.pl
skyvision.in
makko.biz
bencetoth.fecsegj.hu
sued-afrika.de
loveyoga.at
yahoocarts.com
www.jtljx.cn
222ooo.com
webkataloge.pl
kmindex.ru
fcthun.ch
gameoke.info
travellernotes.info
askmen.com
lrdi.nfdy.net
www.plusacademia.sk
rokettubee.ws
www.thos.cz
tvinfor.com
iphonetw.net
cement.cnsb.cn
deep-shin2.blog.so-net.ne.jp
www.ydjd.net
propertyfeast.com
www.xkydkw.com
talibon-bohol.gov.ph
renatestoer.hyves.nl
guihuaxiang.com
aldona16.blip.pl
www.hugweb.net
cn.last.fm
jp-lt.com.cn
dy365.me
cos.pl
flirt2.net
www.huhuxiang.com
hcgdietinsight.com
hdro-wiki.de
sayip.info
healthservicewiki.org
heyprestomagic.com.au
hikakuru.net
hind.puk.ro
hltnjm.78.cn
private-bad-credit-lenders.com
hodinkyx.cz
hokugan.wop.ro
hostingexchangez.info
behesht.info
hostingwebservicez.info
hostmonster.com
psgui.com
hot-spot.rs
hotellessinia.it
unprobated.puk.ro
hotness.se
hqlaw148.com
hrcoll.hyves.nl
ltis.210000.org
hs-heilbronn.de
hungbfs.com
huopao.info
ck.39.net
huoydq.78.cn
0149.cn
05020.info
0577ebh.cn
autofilter24.de
0798.ws
0o6p.265link.com
1001experiencias.com
1024.inc.gs
www.sancity88.com
114.dl.cn
shoki-bai.co.jp
123a1.com
13113866893.com
sk8space.com
1314q.info
14liao.com
1b2g.com
bandweverij.puk.ro
1w3u.210000.org
classicsexyvids.com
200words-a-day.com
22eee.yy35.info
spn.dk
sycamore.puk.ro
movfilm.net
hcgdiethomeopathic.com
eewx.210000.org
gb91.net
omgspace.org
incom.vn
2bicycles1world.ch
tiempodevictoria.com.ar
life-mp3.ru
badgirl123.pinger.pl
bjxfpp.com
dueysdrawings.com
2gjh.qiwen5.com
feissbuuk.ee
33lian.owns.it
36nf.com
3dcrystalshop.co.uk
3dvalosag.hu
3gtmw.com
tolerancy.wop.ro
51surroundsound.7wx.info
52cznet.com
55ys.com
56hehe.com
56kompania.pl
newport.gov.uk
56ps.cn
56yc.com
ylgc.co.in
5800win.com
580zx.net
592mf.cn
5c2c4k.njlss.gov.cn
5qq8.cn
jif.com
6622.cc
676867.com
68fa.net
etrade.co.kr
6hc.biz
6hchk.net
6hcom.net
6hczt.com
linyi.sd-n-tax.gov.cn
6hdh.cc
6hdh.net
6hdx.com
porer.wop.ro
6hgb.com
6htv.com
6jox.265link.com
pc-online.es
6nj.info
6t3.info
6tc.cc
6tr.org
www.bneiyi.com
728a24.tumblr.com
728a3.tumblr.com
77163.hemelsesex.nl
772dy.com
goingtotop.com
7744kk.com
7766suncity.com
batboy.wop.ro
77xs8.com
8113888.com
benjiweber.co.uk
wmdn.ru
www.hzjzl120.com
genecards.org
nibblings.com
huwangqicengxiugu.1168.tv
szming83.cn.alibaba.com
enthusin.puk.ro
cuge.org
itm.hu
txd.me
xinhaimining.com
busticate.wop.ro
elitemodscene.com
www.itluggage.com.au
sinema.sg
marbella.to
www.sjfc.org.cn
koetst.wop.ro
chennaibeats.in
namadomain.com
www.topauto.hu
verblendenden.puk.ro
3243.nfdy.net
archiv.hkw.de
indignato.it
portal.gov.mo
nk577.com
thebusinesssuccessfactory.com
proceso.hn
gisse.wop.ro
www.longyugroup.com
www.80.cx
swine-flu-vaccine.info
bollywoodfanatikleri.com
mail.boe.com.cn
hgzhen.com
videoshentai.tv
victoriacampbellphotography.com
sadj.digart.pl
cepillar.puk.ro
shtrih-m.ru
centrumpapieru.pl
knits.wop.ro
furtgo.at
scbid.gov.cn
www.tlzt.4f9.org
klangmassage-adam.de
rfidequipmentleasing.com
justyna9944.wrzuta.pl
tiguta.wop.ro
www.nuup.4f9.org
annoiati.wop.ro
cylex.co.nz
practi-comfort.be
www.quba8.com
tongling.bwxx.net
5216u.com
mazda.lap.hu
renancalheiros.com.br
netzens.com
ijoe.hu
workao.org
richardcastera.com
tengsu.com
www.moxue.cc
superbude.de
cauti.ro
www.cyds168.com
acii.digart.pl
liyulong.net
spl-messages.net
paleofau.wop.ro
furk.qiwen5.com
nonudemen.tumblr.com
supplementsolutions.co.uk
opmarcheren.wop.ro
puug.210000.org
mgweib.1168.tv
10-sec-to-draw-a-gun.deviantart.com
aaigs.xinxianba.com
astonhotels.com
www.stoneq.net
picachu.thegioigame.org
diagram.com.ua
socialwebposts.info
guadagnamosoldionline.it
baoyubi.com
chiari.co.uk
hotrealgirl.pinger.pl
yktj.yzz.cn
59igp.com
hobble.wop.ro
www.lxjunshi.com
www.jiuse1.com
jingzhumeitu.com
www.cmacme.org
krishna.org
naturecastproducts.com
fitbazeny.cz
paktak.hk
ting.com.tw
turkiyesaglikrehberi.info
www.vsfs.is
mondane.wop.ro
unwarp.wop.ro
uvrp.qiwen5.com
cieciers.wop.ro
www.innotiv.nl
frugalgals.net
treebu.eu
www.hdav.nl
coiffured.wop.ro
s3s-perf.net
afm-telethon.fr
mekk.waw.pl
hvkg.qiwen5.com
niik.com
edus.si
plotte.wop.ro
f64.ro
mis.ge
www.jun.pl
sporto.lv
vetoet.wop.ro
lorinix.net
www.hfbj88.cn
foxtv.it
qjtw.210000.org
barcsak.uw.hu
windows7vistahub.com
gmarket.co.jp
meimu.wop.ro
onlinerockblues.info
gunchis.puk.ro
heraldinteractive.com
flyingmuellerbrothers.com
promod.co.uk
ogame.tw
happy-bookmarks.de
allxxxvideos.com
shilf.wop.ro
dataart.ru
baylorhealth.edu
4anything.com
australianfashion.org
www.t5177.com
sitemiracle.com
vinylemusique.fr
kima.lt
mihata.puk.ro
stoney.cn
www.xytv.cn
ccftn.com
www.maxina.cn
lobworm.wop.ro
bbs.xiaoshou.cn
datahip.com
articledashboard.info
jiten.name
flat-deals.com
easyjob.net
netdoktor.dk
paulirish.com
www.storedisplaysfixture.com
poskok.info
mrsjw.cn
www.dzkaixuan.com
por.tw
www.debruijnhaarmode.nl
www.zsq11.com
yousan.puk.ro
ejoox.com
tckk.210000.org
www.gzyd120.com
www.jsshr.cn
venyoo.de
oregonmusicnews.com
duffy.wop.ro
swiss-registers.net
hokuyobank.co.jp
hupan.net
annuaire-de-referencement.com
ycjy.nfdy.net
modifiedcarclub.me.uk
onanistov.net
rossjoyner.com
officeholdings.co.uk
seopackage.jp
qinyuan-water.com
businesstaxsoftwarez.info
www.33221.in
livredimages.fr
www.fanhui.cc
mbtf.210000.org
po.ma
game2.cn
do.ru
detskiysad.ru
freshminds.co.uk
jordanscott.ca
rock.dp.ua
loomji.fr
sitebuilder-fx.com
idmoney.ru
www.wgbwdi.com
afschuww.puk.ro
titsaholic.com
robogo.lap.hu
huanyou56.com
aca-m.org
howmarks.com
bcbgdresses.zsuit.com
xyan168.com
playme.it
wirofe.wop.ro
carenkaplan.com
www.babacao.net
patrolingafrica.com
omvegen.puk.ro
b88oat.info
loginserver.ch
euroclix.fr
1stclasscpa.net
www.israelpost.co.il
ll5.eu
www.tweer.nl
verstuemmelter.loquet.wwwwww.wop.ro
www.egeeg.net
www.elakhbar.org
cbi.eu
paginelucirosse.it
huahuida.com.cn
ergotaient.wop.ro
www.fondazionebmlucca.it
ticketsbar.es
it-cp.net
oleole.it
hyperlink.xrea.jp
www.boyz.pl
httv.210000.org
alpinist.kz
design911.co.uk
www.yifa78.net
xzsmhy.78.cn
illuminex.co
2chmm.net
nike2012shop.com
www.tvp.info
dosto.nl
www.35sp.com.cn
4lawschool.com
cityductcleaning.com
tensormedical.com.br
geinou-weight.biz
iamsport.org
securite.jp
www.htyly.com
hyenoid.wop.ro
bizspace.co.uk
silagratoday.net
stylebook.pinger.pl
www.hxdl.com
hotel.mezokovesd.szallas.istenhozta.hu
ol6x.k3y3.net
hora.es
proficredit.pl
communitycaucus.com
zdrada.net.pl
changeov.puk.ro
xn--yet833f0if7c.com
mastor.pl
gayjewishprofessionals.com
kentfishing.webs.com
travelguide.com.ph
jerah.wop.ro
yinuo8.com
eafit.edu.co
www.musu.cc
wolfman-88.deviantart.com
gabyou.wop.ro
egpal.com
ppbbfs.tmall.com
signmeup.com
zgcfw.78.cn
oops-music.com
vaseduva.wop.ro
www.9wbb.com
sweatband.com
poontown.net
fnu.ac.fj
photos-celebrites-nues.com
smartautosavings.com
mylittlejules.com
www.xbxbxb.in
deoase-zalk.nl
climateaudit.org
www.neodom.pl
adver4web.com
completeocarro.com.br
openroomz.com
ctrutah.net
gt86.com.au
www.azbus.net
gainiantuan.com
tx9.cc
souz01.com
gpsgolfsystems.org
brechthouben.be
pgsj.lizhidy.net
vitalya-mag.narod.ru
avt.pl
vidian.puk.ro
kjake.wop.ro
pop.xdf.cn
tui.ch
nogreatissue.com