rdir.de
bussgeldkatalog.ws
bebetura.puk.ro
www.lvzhiyuan.cc
disdroid.co.uk
allhostone.co.uk
bbs.zhu.net
io.com.gt
bbs.sqfc.cn
greece.org
lekterme.puk.ro
4dk.ru
borcka.bel.tr
bizclassifiedads.com
pinka.pl
www.dgkh.ru
e-otomari.jp
jixishi.m69.info
letapartment.com
cepillar.puk.ro
jpnvren.info
scandinaviantours.ee
extraunza.eu
labo.de
mc9.info
alcar.pl
spinacz.pl
dubux.info
astonfootball.co.uk
goldwave.ca
rss2blip.blip.pl
sklabina.eu
herbal-skin-cream21.proboards.com
hume.ufm.edu
mojaolesnica.pl
sinemaonline.org
bookmarkingnetworkingsite.info
www.thebigbubble.com
22za.info
w406.wrzuta.pl
svog-wollmatingen.de
www.dlwf9.com
www.qdzsw.net
local-mover.info
rb-new-voh.de
jungle.digart.pl
pisir.edu.pl
oralgutan.com
montenegro.blog.hu
nowilaymedowntosleep.org
addsitemarketing.info
5388.net
www.digilentchina.com.cn
fabpro.pl
www.nudejapanesegirls.org
koelngrund.de
ltdyxl3g.pen.io
generationmedia.org
chauth.wop.ro
vinothek.info
katlink.pl
lepszypoznan.pl
cla.imcsit.org
aoc.fm
armymails.ru
ibest.in.th
rzgw.gov.pl
www.cciczhejiang.com
1und1.info
1234wu.com
esolut.de
linksplash.info
afincadamente.puk.ro
www.xhscli.com
gcn.gov.hk
66se.us
ershou.xtfw.cn
baisex.me
www.efca.pl
e-lib.info
agoravox.fr
www.wamk.hu
kamilak007.digart.pl
beidake8.com
futuremedng.com
wetterleuchten.at
ciftcioglumobilya.com
cometobuy.com
orgonite.info
busticate.wop.ro
effician.fr
sacro.com.pl
haywire-full-movie.blogspot.com.br
orascomci.com
bja.gov
taiikuka.puk.ro
polinik.pl
mendotahearth.com
clip.vn
filmparadiset.se
globalvoicesonline.org
noclego.pl
cosechadel66.es
www.baba.hu
linksrank.com
listaseo.pl
lactante.wop.ro
johann.puk.ro
www.whabl.net
marika.flog.pl
getclicky.com
dictindustry.de
kmd.dk
bbs.shuxjlb.org
kotuen.wop.ro
zaiks.org.pl
gunp.jp
e-molp.pl
padh.de
freesbmblog.info
onsengai.puk.ro
opxo.210000.org
vaegteeksperten.dk
fannywang.com
lekraken.com
freemaine.org
ros-med.info
aankoppe.wop.ro
koncz.wop.ro
2400.nfdy.net
muou.info
pujcka99.cz
mep5.nfdy.net
0tao.net
aprettylifeinthesuburbs.com
154a.lizhidy.net
www.shunv.cc
sextubefilms.com
carcareconsultant.info
bagtale.puk.ro
wap88888.cn
moselbook.de
assumingness.puk.ro
inventech.ru
declinan.wop.ro
scheibe.rusticoat.likere.owling.paradentium.wwwwww.wop.ro
ser8.info
chantal.puk.ro
petrobest.pl
www.cioff.pl
olay.ru
www.ustr.gov
sturmboard.info
dfs.is
sihatu.wop.ro
everytrail.com
tradusads.in
www.009dy.info
uodas.lt
tupot.prv.pl
prokapitalizm.pl
incurs.wop.ro
google-scraps.us
enpurse.net
ki.ki
bookmarkingblogger.info
wqdjxx.com
www.okashino-shiro.jp
firanytkaniny.pl
cardenas-grancanaria.com
muamalat.com.my
prorapid.pl
ouo.pl
www.meinvyy.net
tmmworks.com
www.wuzhimei.info
nuratrimonline.co.uk
pet321.com
gamexplain.com
fotoprinter.pl
www.aif.ru
stillup.ca
www.purse-valley.net
yourfiles.to
renulec.blip.pl
yearner.puk.ro
www.7898989.com
www.taobook.cc
oyunskor.tv
vollfilm.com
toyo.ac.jp
www.dian22.com
mehes.org
gogoday.info
advise-web.com
8f8ball.com
33lian.dvdlinks.at
explorekerala.org
er.pl
szabi.flog.pl
greatdouble.com
www.maiwater.cn
www.dola.me
derails.wop.ro
mojdroid.pl
www.gegegan.com
gbidowlu.wop.ro
ciit-isb.edu.pk
hellground.pl
drvb.nfdy.net
www.slu.edu.cn
eugridpma.org
znanium.ru
and-you.de
nextmag.pl
quiz.msn.de
chiptalk.net
ihsa.org
merckmanual.jp
bithub.r.gd
biedronkowo.info
22squared.com
zaqk.ro
diclehaber.com
ue.wroc.pl
gizycko.pl
www.move2rent.com
dictionary.pl
demivamb.puk.ro
99bill6.com
pakrishta.com
pelais.wop.ro
nairan.wop.ro
3kobak.hu
buchgourmet.com
chevrolet.pl
kindle3gforkids.com
nbc.org.kh
crackpassword.com
vzb.pl
ringer.wop.ro
bandungboy.hyves.nl
plextoramericas.com
bookmarkshub.org
outbalanced.puk.ro
datawherever.com
odpowiedz.pl
www.rws-verlag.de
www.mdc.cz