malaitalia.pl
arbeidslageret.wop.ro
www.codes5.net
anqing.012job.com
www.52pojie.cn
gieldamamy.pl
zmeitong.com
javno.ba
ymxz.cxnews.cn
dagdiefde.9r.ro
99bill5.com
nuevotuparada.com
kazantzidis-stelios.com
malsains.wop.ro
yxxn.210000.org
innovaos.com
sxoo.nfdy.net
miiwxmky.blogage.de
charlevillegolf.com
9a0r.com
nbz.co.kr
cylh.taobao.com
fantastyczny.eu
juriguide.net
www.alumec.it
www.hg1622.com
android-htc.it
ccftn.com
creatupropiaweb.com
www.bb9t.com
d-vice.info
luk63.flog.pl
2033.pl
www.zhuhaiyouhua.com
ostmetal.info
www.klkg.info
ervinstyle.hu
iplaws.co.kr
bookwm.tk
ebooknetworking.net
www.xyjj.gov.cn
satti.fecsegj.hu
meron.wop.ro
edit.li
omm.blox.pl
bizclassifiedads.com
lcf-led.com
clook.info
mumu4959.xfree.hu
lotix.ru
www.xxpp.info
www.vlm.hr
jindalsteelpower.com
www.canalmataro.com
azurimmo17.com
cs-swat.pl
perterra.org
teamarket.org
odpowiedz.pl
bestged.info
pacanow.pl
monai.info
directorywe.info
aba.winball.tv
www.59136a.com
e-registration.fr
felichita.info
cxsq.cn
www.gdaiqinghai.com
www.chinareform.org.cn
masdar.ae
knep.org
atehenmei.net
www.anunturifull.ro
myschikdesign.de
www.guoyun88.com
www.sh-haoku.com
gast.at
addurl8.com
mbttransmenu.info
cwings.org
prow.slaskie.pl
www.92kdy.com
served.pinger.pl
cheating.wop.ro
www.bagnicatainin.it
umbrella.co.rs
hoboed.wop.ro
oopsclips.com
horoscopodehoy.info
jzkm.210000.org
diggit.in
globkurier.pl
nyti.56dvd.net
mdblackhats.org
faktypilskie.pl
shop35162474.taobao.com
dubaiwoodshow.com
www.postnet.pl
cq.pcauto.com.cn
www.hntkw.com
reduct.wop.ro
www.jinhuide.com
cai.902007.com
referstuff.com
veszto.lap.hu
aeek.info
eisenbah.puk.ro
zirusi.wop.ro
nap.net.id
ji-xiang.com
www.fujinfoods.com
5802.nfdy.net
ribenav.info
hoofdton.wop.ro
fjseo.com
schutterijspaubeek.nl
tntyp.com
zeventie.wop.ro
vistawallpaper.org
www.avril.pl
www.wissen.nl
technoboard.pl
hardoof.co.il
austinfree.net
0one.net
ipadlife.info
kcfishclub.org
indues.wop.ro
zmq.pl
a-mm.tv
megaoptions.com
trucununweb.page.tl
tasiemce24.pl
www.17817.net
shachihata.info
www.5201dy.com
blogdohackintosh.com
artportalen.se
1388gf.com
joysee.info
gz.888ao.com
metoperashop.org
recordminas.com
sariel.soup.io
mctcorp.info
www.alitbk.com
b2c.958shop.com
jurnalvirtual.ro
tahiratakeaway.co.uk
nyllover.com
168168hz.com
radiokrakow.pl
kontury.info
www.grily.cz
thinkmarket.info
directdigital.pl
haakten.wop.ro
zarubejestate.tk
pczy.265link.com
www.13560061768.com
pcpd.pl
nationalresourcedirectory.gov
youporncul.info
sarasotahomebuilders.com
articledashboard.info
voicedir.info
interlanguages.es
22za.info
bigecko.com
maturelesbianvideos.com
purelynsfw.com
juancong.com
cctvc.5d6d.net
yaikqcdb.blogger.hu
vsemayki.info
alzava.puk.ro
www.233tt.com
recyclon.wop.ro
nic.co.ua
gdvjaycees.com
mastramkimasti.blogspot.in
jimyaghi.com
healthybodydaily.com
fullgas.hu
linas.org
img.hmz.cn
wmmarket.info
noziri.puk.ro
kounan.com