gdvjaycees.com
img.hmz.cn
qj2i.265link.com
chargers-express.co.uk
www.hiphop007.com
heavycrew.do.am
pascalhens.de
coollifeshop.com
qaktlnojpwgzbo.blogtrue.com
diggit.in
hungmok.wop.ro
theresit.prerebellion.karaoke.hygien.wwwwww.wop.ro
www.goocar.net
zs.bctt6.com
dksloi.de.gg
veszto.lap.hu
ampdirectory.info
buguiqiu.com
www.58cfzx.com
cai.902007.com
iplaws.co.kr
linux.yaroslavl.ru
fjseo.com
tntyp.com
webfail.at
joannart.pl
www.szdef.com
cq.pcauto.com.cn
bakelovenotwar.co.za
mc9.info
www.31yin.com
seo.ac
articlerush.com
effeff.de
www.iaba.us
www.cljtxsc.com
t66y.crsky.in
steptogether.org
www.coface.hu
noxi.fecsegj.hu
cs-swat.pl
keihards.wop.ro
incubaweb.com
ribenav.info
villacorona.com
kupiklubok.ru
tagcentral.info
chahaoma.net
santi.com
sandiegotown.com
bookwm.tk
www.yyxfz.com
www.rosdev.ro
kjzahheg.blogger.hu
afid.fbl.pl
directdigital.pl
jurnalvirtual.ro
indues.wop.ro
tasiemce24.pl
www.17817.net
a-mm.tv
savar.puk.ro
www.soubo.cc
www.flll.net
meteorolde.info
ekr13.info
sikw.210000.org
glocap.com
www.mdc.cz
monstrual.cba.pl
2345.pptv.com
www.civilaviation.cc
gz.888ao.com
bmu.fr
bustyteenstgp.com
joysee.info
floridatraveler.com
googlemarketingsite.com
linkdyr.info
www.xilinzi.com.cn
artportalen.se
yooxgroup.com
aclys.wop.ro
tahiratakeaway.co.uk
rufusroo.com
malsains.wop.ro
njeng.wop.ro
tvptv.com
www.pinzhihk.net
maxzu.com
webfeeds.info
kro8.qiwen5.com
juancong.com
www.cxmfj.com.cn
hoorprofs.nl
www.qvmame.com
unet.info
binhhoa.info
pornohd69.info
www.muouc.cn
ujsag.lap.hu
www.jejsukces.pl
nimiba.digart.pl
weerreezz.ru
xoops.lap.hu
anapa.info
www.alitbk.com
3gtebu.com
rogerclarkmotorsport.co.uk
toprankbookmarkinglist.info
shoppingnews.pl
bainternet.info
jl.189.cn
www.13560061768.com
overthink.puk.ro
czyqh.58.com.cn
xxxlicks.info
fandaily.info
linkavailable.info
polinox.info
www.bcctv.pl
travelspecs.com
acastillada.puk.ro
www.fawell.eu
indiaprice.net
reyi.in
triponline.hu
weitz.de
zennippo.wop.ro
shope.info
bulioner.pl
badspot.us
yaikqcdb.blogger.hu
sarasotahomebuilders.com
iagro.pl
osdcs.com
13113866893.com
sanlucar.com
webpower.nl
muzzo.pl
www.cntbk.net
www.yin-tai.com
androidapk4u.com
www.233tt.com
shibobo.cn
sacdivino.org
fupukujuj2.prv.pl
youporncul.info
u-torrents.ro
tofola.sup.fr
bbrfoundation.org
chinateaw.net
frontrowreviews.co.uk
www.imanse.nl
didactylos.bloguje.cz
mendotahearth.com
www.longcode.org
bbs.masrx.net
www.zpkpkp.pl
benten10oyunlari.com
comptait.wop.ro
babycard.pl
comment4.news.sina.com.cn
szuart.info
bumbutz.com
undisturbable.puk.ro
www.znjkw.net
www.houzi.in
ccftn.com
www.gogyy.com
argusian.wop.ro
a.34ls.com
blenke.wop.ro
www.666za.com
blog.1181.cc
yidana.wop.ro
chachala.com
guihuaxiang.com
fjsygh.com
zoneindustry.com
pajarero.wop.ro
psearch.yahoo.co.jp
tw-battlec.net
www.qnyz.net
fashion.dztv.tv
noiretoile.flog.pl
kedah.edu.my
gamania.in
www.zgqt.zj.cn
www.xxx882.com
shisonji.wop.ro
www.se114a.net
cscartrocks.com
www.57m.net
www.48rr.com
beaner-dude.deviantart.com
briantracy.jp
abkehrendes.puk.ro
tangrenshe.xiaosehai.net
tahminler.com
hukt.wop.ro
3ndme.digart.pl
ua.rian.ru
qike.info
japanika.net
fotkapro.pl
wwww.81zzz.com
beechlands.info
www.jcow.net
a-sian.jp
bazarek.pl
www.qhcl.org
hyoukayo.puk.ro
liuzijun.com
telkes.hu
99bill2.com
gameschool.idv.tw
ccaiai.tk
www.veeo.pl
spornews.com
kiep24.pl
enpurse.net
besant.wop.ro
betso.wop.ro
hupan.net
zogazlike.com
privatecon.net
affordablecoverage.com
bebetura.puk.ro
lonerboristeria.com
amichalski.blip.pl
andegrand.pl
gagugo.pl
awfulplasticsurgery.com
www.yc18z.com
filmxxx8.info
narreweng.puk.ro
neijiangchepiao.qiannan.org
stemma.wop.ro
cipo.lap.hu
henningschuerig.de
balatongroup.org
the-pervs.dk