www.scnbx.net
alzava.puk.ro
shope.info
fotos.ntr.br
www.921tv.com
www.zpkpkp.pl
dssb.2000y.net
bg-rose.at
xixidieyuan.com
wklzdwzmsa.skynetblogs.be
radio.cz
seolist.info
dhosting.pl
alterpismo.pl
zdrtm.info
www.fujinfoods.com
zzxzz.info
400shencai.com
x5qv.lizhidy.net
chargers-express.co.uk
www.sishui.1414.cn
eticketsupport.com
prow.slaskie.pl
jumanji.art.pl
tenso.puk.ro
agita.digart.pl
www.m9191.com
futureclub.us
d-vice.info
www.someta.cn
oqqw.265link.com
fotkapro.pl
europcar.de
surveysampling.com
soku-deco.jp
www.huayuan888.com
www.duomi.com
liehai.com
malsains.wop.ro
www.crc-vip.com
puregaming.pl
www.kaztrk.kz
www.szdef.com
www.safor.ru
eigenwaan.wop.ro
www.xunyi.net.cn
www.xyjj.gov.cn
588628.com
netsprint.pl
www.1b2k.net
nogre.blip.pl
xinhaimining.com
revitaklaster.pl
tagcentral.info
wklejto.pl
7fgame.yxsoo.com
geethanjaliinstitutions.com
www.jnhsc.com
ciss.wop.ro
makingmemorieswithyourkids.blogspot.com
aeek.info
motorsport24.pl
www.66668059.com
domainstracking.com
uppic.org
as.ki77.info
etpi.com.ph
www.f5.cn
sportozona.lt
www.zgqt.zj.cn
3mmw.net
innovaos.com
cmr.blox.pl
www.sdsms.ccoo.cn
com.cn
therooms.kz
hitachin.com
boger.digart.pl
www.veeo.pl
hockeyreview.ru
discovr.info
guihuaxiang.com
www.yinxing.name
birdwhere.com
www.google.diyad.cn
alphafox.pl
ecogreens-gr.org
hyperic.pl
www.ldl120.com
avantibikes.com
rongzhong.cn
linkauthoring.info
fotograccion.org
noiretoile.flog.pl
sanlucar.com
newnooze.info
www.mijue.org
www.7m22.com
1wurld.com
www.qisuweb.com
bikezone.pt
2033.pl
crenel.wop.ro
ek33.eekk.org
winepromise.net
fredscloud.info
www.apcug.org
123-plombier.com
osdcs.com
www.torpesun.atw.hu
vrach.uz
www.kidsdna.org
legman.wop.ro
facebooker.pl
www.cm789.com
1planet.info
iplaws.co.kr
cqsf.name
beetgepakte.puk.ro
www.se114a.net
healthybodydaily.com
ipucu.tv
bousen.puk.ro
www.machi.to
climatiu.wop.ro
blumio.net
mird.nfdy.net
www.xgddc.com
khoctham.us
contractorsmasonry.net
mypdfdownload.info
haopor.com
herehentai.com
ericprydz.tv
agonija.eu
lucua.jp
vipc9.com
www.gxcznews.com.cn
tj.zhidian12.com
motocentrum.pl
zs.bctt6.com
izap.in
www.nf111.com
chachala.com
kcbbf.jp
ranking.pl
c2c-online.co.uk
oa.colourlife.com
www.caadn.com
iceage3fullmovie.blogspot.com.ar
alltraf.com
griesser.ch
afreeurl.info
feja.xfree.hu
gewichtigste.puk.ro
beijing.qyi168.com
hackme.pl
pogo.fotolog.pl
wongyai.puk.ro
wiederse.puk.ro
suffil.com
www.zgmmjy.cn
spryciarze.pl
maldonit.wop.ro
www.xxx882.com
eplastics.pl
new-jav.net
muve.pl
towler.wop.ro
www.x92x.com
patentamt.at
szuart.info
linkloop.info
www.voe.be
tarots.jp
upl8.tv
googlestreetfighter.com
pkt.pl
jx3hz.tuita.com
www.tjzydkfp1.com
multiky.ru
rilspace.org
justbeautydeals.com
ztwap.info
rudnickaolga.pl
monai.info
skypehelp.com
ciachar.edu.pl
studio384.be
baiduddt.info
nl3o.56dvd.net
sklep.tvp.pl
haftstre.puk.ro
toegemetene.wop.ro
sklepzegarki.pl
shop35326147.tabao.com
salno.com.pl
addsitemarketing.info
enomi.blog.so-net.ne.jp
pfiff-reisen.de
the-dictator-full-movie.blogspot.co.at
bookmarksservice.info
peoplish.puk.ro
sacro.com.pl
www.ema.nl
dpc.ph
skarpatravel.pl
dubb.9r.ro
saoxue.c.la
www.home365.cn
rutopia.info
itexty.sk
e-secretary.info
www.yin-tai.com
whataburgersurvey.com
sonesnation.com
ute.edu.ec
www.k-china.net
rolover.com
www.postnet.pl
www.planetfriends.ru
www.canalmataro.com
www.bb520.tk
unsort.puk.ro
moonlust.org
islamicthinking.info
shop72109054.taobao.com
masdar.ae
syrc.com.cn
verwendbare.wwwwww.wop.ro
mythopoet.wop.ro
hostyous.info
seiken.vn
resinet.pl
itascan.info
www.hugwww.com
blog.aiao.cn
www.grand.is
camlog.com
zasobnik.eu
lereve.in
4opz.nfdy.net
uncabled.wop.ro
www.18fish.com
aangravi.puk.ro
uwielbiam.pl
stshimo.com
ugonakaz.wop.ro
www.thebelstaffstore.co.uk
seolux.pl
aranawa.puk.ro
massappeal.co.za
neweuropetours.eu
maratona.it
camptarigo.com
anlong123.com
mc9.info
paimi.com
xadcdq.com
contrahecho.cavelet.wwwwww.wop.ro
charterauthorizedoffers.com
bayridgevolvo.com
quietuderom.free.fr
epac.to
mobiltel.bg
deskawind.com
66se.us
www.uyue.tk
elmarino.info
lottedegroot.eu
milsorteos.com
dotnetwebservices.phpchinaz.cn
larswegink.hyves.nl
www.rws-verlag.de
superangelical.wop.ro
foreversa.co.za
webmini.pl
sleeknes.wop.ro