www.fgtv.org
www.iso.gl
www.ohdeer.dk
www.hotwired.co.jp
www.neodom.pl
www.poslovice.net
www.php.co.jp
www.polpoz.pl
markered.info
aplweb.co.uk
www.nangua.tv
www.kuchenberg.de
www.npw.nu
www.lys666.tk
www.promarket.ru
polyad.net
www.lp.org
tenkaizy.wop.ro
www.istool.org
www.keyida.eu
www.prem.hu
www.qd-bbs.net
www.maylockhongkhi.net
www.jqdvd.com
www.maruzza.org
www.jocuri-degatit.info
www.jinancd.net
tottalmulher.com.br
ipad3.ru
ghzh.210000.org
www.hec.fr
www.ipf.jp
www.nopapers.nl
www.joomla.gr
thexxxx.com
www.plusacademia.sk
www.xlmr.com
www.lsmdb.ro
www.mtpolska.com.pl
brainz.org
www.mediamac.dk
www.jjqq.biz
kehlao.wop.ro
www.kiala.nl
prpz.info
www.qdzz.org
waimaoshoukuan.com
xtb.fr
www.ica.gov.sg
farsnevis.ir
www.pytlikfamily.eu
www.lub.sk
www.xdytt.com
www.ixiwen.net
anindes.bloguez.com
www.qinglai.net
www.logoplaszt.hu
www.ourv.4f9.org
pregate.it
www.parini-merello.it
www.kxsk.net
www.joe.org
www.mediagraphics.biz
www.le-tickets.de
numbu.wop.ro
witx.210000.org
www.meitong.net
www.esemes.cz
softarchive.ru
blackfeather.com.au
7zero-fa.blogspot.in
walltapestry.name
alpineskishop.info
www.ssxxk.com
xx45.info
journalisten.dk
chachala.com
kicoqupusijyju.blogtrue.com
amacademy.webs.com
bai19.com
opiniolandia.com.ar
qhhf.265link.com
fishbowls.puk.ro
j8y8.210000.org
cholophein.wop.ro
penfieldrecovery.com
popdistrict.com
victoriacampbellphotography.com
goplaniusz.blip.pl
www.dyxzyy.com
harrah.wop.ro
www.xddhk86.com
aeschine.wop.ro
acteur.neuropodium.schuifdeur.wwwwww.wop.ro
eseochecker.com
w3pagemarks.com
joete.wop.ro
alaskanbux.com
spikes.wop.ro
w3patrol.com
dictations.wop.ro
remino.net
existentiel.info
wai1010-a17.tumblr.com
tonoscope.wwwwww.wop.ro
www.126vi.com
bathsaltsite.com
021idc.net
jordanscott.ca
191.0874.cn
riraclub.ie
www.gouchezi.com
suckafreetv.net
misa.org
swingertopia.com
www.ggy0604.com
goro.wop.ro
globalfriendsnet.com
adiasz.pl
www.jm-sanxuan.com
starvingchildrenptc.info
ptmm.fecsegj.hu
www.tdzhaokao.com
karnoffelt.wop.ro
bjbookmarks.com
inzwolgen.geflimmerten.harmproof.wwwwww.wop.ro
verkkonummi.fi
www.almadiploma.it
snoepjesman.hyves.nl
maddhossjackson.com
tswdx.com
spreuk.wop.ro
verschiebend.wop.ro
www.itmag.org
zdpgj.com
www.fsjzph.com
www.sunsys.pl
www.leadfar.org
innovative.com
what-el.se
www.chequer-board.net
nizakana.wop.ro
www.onex.dk
honingzoete.puk.ro
seofreeanalysis.com
anyaoga-1av63.tumblr.com
zdc.zol.com.cn
jrtyn.com
gosearchcity.biz
peky.56dvd.net
xaf6.nfdy.net
netizens.pl
gumruk.gov.tr
wzdf.nfdy.net
www.whszzl.com
www.wumingxing.com
www.0455.gov.cn
www.parasepuh.com
meida.wop.ro
sn.dfzz.org
fsv.cvut.cz
www.500.nu
wbrschools.net
bakegreek.com
www.hnmrzxw.com
www.illi.ru
www.jinmiao.cn
rakuba.wop.ro
gouff.wop.ro
beirobot.com
www.12la.cn
dfsports.cz
stscript.info
sdong.net
shizhuci2.tumblr.com
6qquu-1av21.tumblr.com
www.lhdry.com
dftw.265link.com
fbi1.net
blog2.de
www.cmfs.cz
triomphais.puk.ro
cntr.lt
nifx.210000.org
historyspeaksinc.org
communio.ch
element98.com
laciboulette-annecy.com
jf.juxincm.com
hypopodi.wop.ro
quan.zhidego.com
52ttkb.com
jta-tennis.or.jp
transmuted.vellige.wwwwww.wop.ro
mokume.wop.ro
succesfilms.wwwwww.wop.ro
lylc.net
bc500w.net
www.11anmo.com
blogna.tv
webseostats.in
lagrimal.wop.ro
slle.k3y3.net
carear.wop.ro
pkd.com.pl
bravebombi.com
www.sovd.de
qyi168.com
www.chjj68.com
herrar.wop.ro
newcamd.info
tonys.a1.cn
maisou.wop.ro
exequaturenvenezuela.com
www.280001.com
glk3.56dvd.net
claudiafallah.co.uk
www.andinaforlag.se
cuno.wop.ro
1fsi.nfdy.net
setools.cn
ryland.wop.ro
instrumentally.puk.ro
tviv.org
mrba.nfdy.net
anywayspray.ning.com
9japedia.com
lirellous.splinterigst.wwwwww.wop.ro
tupmovies.com
jdprice.sinaapp.com
www.bscom.cz
www.ncin.cn
www.wohtml.com
www.nchybj.com
tool.babaw.com
paulsmemories.com
terlton.wop.ro
todomyjnia.pev.pl
zhanyi.roowei.com
autobodydynamics.net
clean-aqua.com.ua
qchsw.cn
hetiantianqi.qiannan.org
imagedisk.com
m2ts.qiwen5.com
fedcsis.eu
keysbarbabe.com
www.ahdcxc.com
preboste.wop.ro
1891889.com
mc-bit.si
networkcities.net
vongia.com
elretaule.com
ac-poitiers.fr
traveledearth.com
www.tnova.fr
erwinabc.hyves.nl
www.smysj.com
nusienka.digart.pl
3gwzl.com
www.coasttocoastwildlife.com
cdcb.k3y3.net
panserbi.puk.ro
algamester.com
mathmarketing.com
friends-hood.com
www.rrk3d.com
shawen.wop.ro
grole.wop.ro
caiyun.nzzsks.com
unevenag.puk.ro
fuoco.wop.ro
www.haixia.edu.cn
9pbs.265link.com
press-network.com
www.83xxx.com
www.zhizhi5.com
slavophi.puk.ro
paginagratis.org
www.71ch.com.cn
bbs.huaihai.tv
p30gap.ir
www.xueqianw.com
shuushik.wop.ro
vitanova.eu.sk
hentaitube.info
j6mp.265link.com
eweisa.com
thompsondockside.com
allinks.in
3lqv.210000.org
socialbookmarkingpligg.com
www.71ch.cn
pijati.video.xfree.hu
luve.wop.ro
se117.info
szaaa.com
yellowcard.mhra.gov.uk
kx.nom.vc
www.cope.nl
tfqh.nfdy.net
aflagt.puk.ro
iverk.puk.ro
www.ruqiulp.com
www.haizhu.gov.cn
campaniasuweb.it
kalkarm.puk.ro
casaleggio.it
mazennet.com
moxley.wop.ro
www.kfxx.org
penisvergroters.net
inwestornastartup.pl
felnottoktatas.info
www.176jianfeizhan.com
domaintakip.com
tek-russia.ru
shop.spiesser.de
a-en-j.hyves.nl
blogzr.us
wildfishandship.com
www.lvyou365.net
art-plast.info
www.300512.com
damasceert.wop.ro
www.99tongfeng.net
www.zerobarvy.cz
www.jujudui.com
www.tvrnet.tk
kmutnb.ac.th
tq0h.lizhidy.net
minestar.de
zyw520.3.24c.cn
www.ujiarmy.net
websitevaluebot.com
ohey.pl
niche-blog.com
hochvaku.puk.ro
redditenhancementsuite.com
njeklik.tv
lordweb.pl
gagnon.wop.ro
volvooceanracegame.com
62ar.210000.org
achaia.wop.ro
cwac.k3y3.net
codelab.ru
linkspropeller.com
theindustree.net
bre-nn.hyves.nl
stokeylocal.org.uk
creativesoftsolutions.com
www.zhizhuanji.org
veiligbeter.nl
exclusivetasteworld.com
web.viho.hu
www.zcjx.org
martonokohazak.hu
plainsman.wop.ro
49k.us
azteken.wop.ro
colonton.wop.ro
pirr.puk.ro
www.tuan800.co
www.88ree.com
mediachina.info
bazin.wop.ro
swimming.org
nmwn.210000.org
magazin-ddl.info
myvipcams.com
utan.puk.ro
ekfz.56dvd.net
cyberotic.mobi
dongbeihuo.com
90ya.com
8zrx.qiwen5.com
246kk.com
watch-katy-perry-full-movie-online.blogspot.mx
l3j.info
k550i.blip.pl
provident.pl
itexty.sk
cuchareando.cl
whereporn.info
gygs.fjsy.net
stuartslondon.com
faf.dz
desenetv.info
kunnat.net
canzhuowang.cn
hizx.net
kcpp.qiwen5.com
apuliastation.puk.ro
techworks.pl
smaker.pl
community.myfreebb.net
lithuania.co
www.weige.in
bluntgang.info
wz.120job.cn
musicmeter.nl
www.cnbeta.com
e-sennik.pl
www.dgi.ga
kaazing.com
domainmaster.cz
jgkf.210000.org
10000juegos.net
directorycore.com
misreput.wop.ro
itzelpixel.com
ultimi.wop.ro
dososinh.biz
territoriodd.com
sh.tuku27.com
bbs.tv2018.com
samildemir.av.tr
baknilo.freeforums.org
60769310.taobao.com
pozegnaj.pl
www.3mp4.net
coronaforums.org
www.mpvb.net
google-scraps.com
replicawatchesok.com
mmleg.cc
www.holidayhalters.com
www.shfsmq.com
www.0x50sec.org
posthoorn-haps.nl
tm114.biz
livetop.mobi
forsthof-hammerstein.de
ffafarm.com
digital-architect.net
11haosao.com
parker.hk
penize24.info
sabrpedia.org
bollywoodmovies4u.com
1186.cc
www.dmdc.co.uk
krayenburg.com
www.region20.com.ar
www.xichang.tv
mehrbeautycare.nl
thegadi.co.uk
www.newpb.com
goztepe.org.tr
tunamagisterio.com
www.jyjoy.com
jforz.com
bengou.cc
www.shjt.org.cn
www.adboo.net
pannek.de
www.pingminfff.com
quickbr.cn
jangsara.deviantart.com
haobi366.com
onlinemastertrading.com
alan-chen.idv.tw
beloshenko.org.ua
www.zqp168.cn
radio-blue-monster.de
wiki18.ru
www.jcrb.com.cn
qqlinux.com
loopow.com
www.xingba88.com
freezads.com
orbis-shina.ru
www.sesecr.in
costinesticazare.eu
shop61211287.taobao.com
o5wj.qiwen5.com
www.365wgzj.com
ascomsac.com
www.storedisplaysfixture.com
shop34283080.taobao.com
0d8b.56dvd.net
fwd.com.ar
mtnranks.com
yourdepuyhiprecall.net
vwlewhiixu.blog.mongenie.com
naftalie.net
www.ahxx.org
germcinerney.com
technewscast.org
drbaranyaibt.hu
www.11rrrr.info
szderun.com
www.sihuangsilk.com
2006.imcsit.org
oferte-akrotiri.viaromania.eu
churu.wop.ro
kgv-hainholz.de
stoort.puk.ro
thequalpedlife.com
www.067.cc
www.shopbila.com
stlhops.com
www.hbqxtc.com
www.price118.com
coffee-makers-review.com
dannywineworld.com
comuf.com
www.xb163.com
lesfillesdes.com
nryi.k3y3.net
geigerexpo.com
www.handuyishegw.com
hotellaurentius.com
arctichawk.com
z8oy.qiwen5.com
www.jq12.in
batmitzvahs.info
tkfg.lizhidy.net
yyzblog.com
www.zwemheld.nl
zgl3635840.fyfz.cn
kameng.com
newthink.blog.51cto.com
www.daguan365.com
markus9465.hyves.nl
drfrankrwallace.com
ideaz.com
t3ridersgroup.org
chiari.co.uk
3256075.i.tiexue.net
cripardrov.bloguez.com
verticalhands.com
www.sh3000.com
metalparaelmundo.com
www.huayuanstar.com
korhaz.linkekneked.hu
birijia.wop.ro
koolaganpost.com
www.gongnuw.com
urbanbreaks.com
anquyecom.tumblr.com
scd-lunjina.org
www.lifeilong.net
www.gnf.org
stacum.a-liveprivates.com
auspreiser.de
www.sclllj.com
krost-realty.ru
www.szwxdn.com
klettersteig.org
www.zshimian.com
t-online.de
deedeejays.ca
bgc-oberhausen.de
john1350.hyves.nl
ashininkagirl1984.hyves.nl
sztucer.pl
erlibacher-volksbuehne.ch
www.ymly.info
www.10000072879.8.sunbo.net
www.stjs.com.cn
www.430022.com
cptetuan.org
doh.pl
freevns.net
askmd.com
shbxzc.com
zh.xingshi.name
www.nongjiayuan.in
www.shguanying.com
squidlens.com
www.panyuqu.org
senigalliasport.it
hrylz.com
pemper.pinger.pl
motare.wop.ro
marketingbodz.com
lysk891.com
www.jsq51.com
www.metalfest.eu
royaalst.wop.ro
shunguan.com.cn
cuopbienhth.wordpress.com
loungebar.li
idancing.cn
dazadaslietas.lv
niky0106.video.xfree.hu
www.16kxs.com.cn
www.whsmz.gov.cn
opxncnlaneew.blogtrue.com
bullet.blox.pl
www.114can.com
lokmm.com
adult.cz
virgie.wop.ro
rambut.my
5s9e.210000.org
e-joyworld.net
mafors.ru
gxdksx.net
gitarre-plus.de
cosyhats.com
www.yi1yy.com
4goh.qiwen5.com
mesothelioma-symptomsa.com
3138104.meerderheid-voor-coalitie-schotte.berichten.klup.nl
viltje.puk.ro
kfjm.78.cn
belgranolapelicula.com
buildwebhost.com
www.tsw.it
tomus91.wrzuta.pl
nortehanon.com
jiazhanghui.com.cn
www.dwws.cn
mldtc.com
www.av5.cc
www.365qiugou.com
bbs.hnmazaigu.com
www.jxlw.net
suihuananyuanejia.fdcez.cn
www.cbec.go.jp
hi3.us
www.sdrxzj.com
www.lancns.com
idpagerank.com
www.elhousenyelviskola.hu
whbyfts.tumblr.com
sanday.jp
315hyw.com
www.6125468.com
nyabis-r1200rt.blog.so-net.ne.jp
amimodo.it
deanlee.cn
manguo.org
plusix.net
www.kelebule.com
www.hhxmc.com
deadmanzpitbullz.com
www.lashoucar.com
sadj.digart.pl
www.qcrl.cn
www.sss0123.com
twitterbuttonfactory.com
www.ggrc.cn
www.tiaozhiji.org
www.sdedu.net
www.jiuse333.com
horea.org.vn
www.dlyfkz.com
mssb.lizhidy.net
www.protex.no
12company.prv.pl
gekopplaatjes.hyves.nl
13cruisers.no
thole.wop.ro
www.cnshu.cn
imprudents.puk.ro
tese.me
mepsergipe.com.br
bbs0.poco.cn
www.djaygear.nl
www.szkuaidabw.com
www.colourbox.dk
tskk.qiwen5.com
tanie-pozycjonowanie.pl
wikipeptide.com
www.jsonline.pl
ieb.be
llt.msu.edu
ambientebrasil.com.br
liuxue.gaofen.com
hmknyc.com
b69.soup.io
www.qianduzw.com
theshuttersnap.com
marocweb.nl
music.bagdax.cn
zakaria344.hyves.nl
tiaozhan.3199.cn
www.hebsande.com
l0renz0o.hyves.nl
intexonline.org
cnpottery.com
qcc3.56dvd.net
www.lyg.js.cn
ulozenka.cz
reiterhof-pferdestaerken.de
www.88848085.com
timespent7.info
www.pcv.cn
www.sgtf.eu
tafelkleed-dora.istats.nl
vdio.265link.com
lifetree.com
profitability-goal.com
www.511vi.com
valhallatreestopeople.org
t66y.com
ww3231w.2pcn.com
katzporn.in
myricegirl.com
www.jumppub.com
informa-azione.info
gele-wip-walvis.istats.nl
cd.jianzhi8.com
www.citydance.org
kymp8.com
cr.jogger.pl
pixelpace.com
www.bvbaobao.com
xixidieyuan.com
kkclub.ru
gelift.reservat.burgundern.discos.wwwwww.wop.ro
desktop.yesky.com
www.polow.net
rengainons.wop.ro
www.paowanjijn.com
feine.wop.ro
www.today51.com
amerd.deviantart.com
www.chinahollands.com
thestevewebershow.com
arcadememories.net
gascolumns.info
order.1und1.info
gmna.56dvd.net
www.ntjzq.com
www.gzf66.com
xlif.qiwen5.com
supcourt.kz
www.webcns.com
alphakey.info
www.mk1.cn
www.0912j.com
www.cnfixs.com
qingyuan.3477.com
batboy.wop.ro
shaoguan.tianqi.com
www.iks.cn
ruthfurr.com
thongtinmuaban.net
amsterdampanthers.nl
www.yytao.com
www.hzsjjx.net
chickenmonkey.webs.com
www.anzile.de
bj9k.k3y3.net
www.xfree.hu
dnchecker.org
euzw.265link.com
www.viagraonlineph.com
vertuien.wop.ro
wdav1.com
euratex.eu
l9fx.k3y3.net
www.emiljensen.se
o2yy.qiwen5.com
vnspace.com
corpening.wop.ro
dhtml-menu-builder.com
pompo.wop.ro
www.eastwestkarate.org
mjksz.hu
www.jnlongli.com
bxov.k3y3.net
www.ppp86.com
appelsie.wop.ro
synnegoria.com
amdbelikamen.si
articledashboard.info
aphrah.puk.ro
www.cnzhnyu.com
myitiltemplates.com
apopyle.wop.ro
indn.nfdy.net
fujitsu-shop.pl
dankei.puk.ro
fungistatic.puk.ro
atlantasfinestbigbodykennels.com
app.120.net
www.baiduabc.com.cn
arthritisresearchuk.org
www.sunwaybag.com
niggagonecrazy.com
atehenmei.net
www.jiujiuss.com
ausfaces.com.au
blogblume.de
test-grossesse.info
bride.nina.com.tw
bungee.co.cr
bk.3456.tv
caimai.cc
gioap.com
charteris.com
chblt.81666.net
lagoen.hyves.nl
check.xiafeibaby.cn
subtlerantings.com
china-buildingmaterials.com
sepaidui.com
yejihua.taobao.com
chinasigns.cn
minaevlive.ru
26uuu-727.tumblr.com
jnfm.famens.com
www.aszmt.com
chukki.com
sxd.plu.cn
paulirish.com
treebu.eu
moderni.puk.ro
attoko.wop.ro
tupytaj.pl
cjol.com
0paf.210000.org
daronet.tv
cl.10.gov.cn
makeitinamericanow.com
www.muziek-nieuws.nl
clgx.35free.net
planetpoodle.eu
cofidis.pt
ru-admin.net
www.678banjia.com
www.yxmm.com
yelken-mandalinci.jouwpagina.nl
bbs.mengnan.biz
webstatschecker.com
vsud.de
www.olimpiaszalon.hu
gatematic.com
www.se125.com
automobil-blog.de
dq12333.gov.cn
cortis.cz
dukascopy.com
cnxianhua.net
duplexers.puk.ro
prolingvo.info
www.288p.com
www.graniteslabs.biz
weissmanreport.com
www.tx021.com.cn
yxt3.nje.cn
techslash.de
www.bfnn.net
kurzlebige.rochers.gracer.essi.euwww.wop.ro
enthusin.puk.ro
my-friends.info
fashionprojecttamarac.com
d8oj.k3y3.net
fbyu.nfdy.net
fenglintianxia.soufun.com
africansspeak.com
fjpkw.com
forthegoodofmasonry.com
findroulettecasinos.com
forumi.dervina.com
freetv.com.au
fzpu.nfdy.net
aangezoeten.wop.ro
imagra.ru
gannan.66law.cn
gdeposylka.ru
www.jyxxy.com
getfreebl.com
www.premiifb.ro
ghostriderace.de
globalbookmarksstore.info
mittravel.com.tw
linkcyber.info
techung.com
globalinnovationcommons.org
gloucesterpoint.biz
gohome.cz
anthonychase.org
golari.wop.ro
goldentouchrecharge.com
goniopholidae.puk.ro
yulu.info
goookk4.diandian.com
kids24.ch
stepstar.gger.jp
hetmanate.wop.ro
governance-platform.eu
pc-zero.co.kr
retombera.wop.ro
govolo.es
www.yuanlin.name
gsp.rs
www.dayulight.cc
workfromhomefactsandmyths.info
gsx-r.it
hacina.wop.ro
hexakiso.puk.ro
heyprestomagic.com.au
club80.ch
hi5.tv
www.334s.com
hlbb.nfdy.net
superbmarking.com
hunter-gamers.net
couponact.com
ibcim.org
meron.wop.ro
ihqo.nfdy.net
incesttoons.info
just4usa.info
instantoracle.com
isabellanilsson.se
7177.nfdy.net
jane.wop.ro
jawic.or.jp
dts24.pl
jeansfun.de
www.sjzpxr.com
jeetle.in
lww666.com
jheel.wop.ro
jhep.jp
www.6uuu.us
kapiwiki.info
lahul.wop.ro
www.5iav.cn
www.xyc.cz
kartenlegen-wiki.de
analizy.pl
kedges.wop.ro
kekq.210000.org
unimovie.it
kennethkerckhofs.be
kettlebells.com.au
keukenfo.unionstar.wwwwww.wop.ro
kinhtevadubao.vn
kino.kz
griffigstem.wop.ro
kinopobeda.ru
tezq.210000.org
kiteforum.it
oostingh.nl
www.cyrfr.info
kordate.puk.ro
kuhbaner.de
kukic.wop.ro
nokia-asia.com
lahuli.wop.ro
learnopenoffice.org
icecast.fr
cubuk.polter.pl
lease-advice.org
evelin37.blog.xfree.hu
hrnews.pl
lhlixumei.cn.alibaba.com
penpalglobal.com
liaoning.ucar.cn
yeswecanconvisualhome.com
litsfdgqs.skynetblogs.be
liuxuehr.com
qs.aqzpw.com
london-se1.co.uk
lonet.eu
longjd.1168.tv
teens.i21st.cn
lowracadic.blog.petitmallblog.jp
kodos.puk.ro
dree.pinger.pl
www.kkyxw.com
lyric.wop.ro
5u88.cn
fudiculous.com
lyricskeeper.fr
die-3beiden.de
fsvfn.ru
lzmiss.mm111.net
bhqa.265link.com
m.bum.vn
xcb.duowan.com
mail.bg
gzjy.gzlm.net
www.syqczl.org
mail.camc.biz
mailto.no
www.18xxo.com
manequinsalmighty.com.br
www.moli28.com
board.joshgroban.com
nomi.pl
mercatinoannunci.it
merchang.puk.ro
moron.gov.ar
oblivionincorporated.com
gannanqq.qiannan.org
mosa.gov.sa
nandos.co.za
nevada.ie
newskyenergy.ca
newvake.ge
gerretere.webs.com
overacut.wop.ro
palcraft.co.uk
www.smgbb.cn
polyer.cn
remmonmethoar.puk.ro
www.moli28.tk
rokk.puk.ro
romprest.ro
sanne-appa.hyves.nl
0818school.com
sanpedro.gob.mx
myomalac.puk.ro
shusong.biz
socialmediafactory.net
ccftn.com
spacsport.nl
onwings.hyves.nl
studentenwerk-halle.de
studyforums.org
tahen.wop.ro
taisiich.wop.ro
taniedlugopisy.pl
techxplore.net
cleaning2010.cn.alibaba.com
tee24.de