dl.pcgames.com.cn
statcounter.com
shlop.com
www.g.hb.cn
wwwcms.pref.fukushima.jp
www.120sese.com
mrbookmarking.com
www.bjhuazhi.com
accessnewmedia.com
www.wejammin.net
www.shengkangyiyao.com
webstatu.com
wisewidow.com
www.xxx922.com
paintball-rasnov.ro
maharashtramandalkw.org
oyunumcs.smf4u.com
www.2090.cc
51cihai.com
bangedmoms.net
www.zomkj.com
pedlexikon.hu
bedugged.puk.ro
roguehangar.com
sanofoods.net
www.rrfff.com
www.shidaigo.com
sosnowiec.pl
engineseeker.com
g2000-china.com
www.89zy.com
ahl-ry.com
eastcoaststarz.com
xelmi.org
saleworld.eu
hyperlinkarticles.com
trjettyfuneralhomeinc.com
www.lt-logistics.com
eventsession.com
klick-ok.de
objectivistyellowpages.com
we2gather.com
ff-server.de
mydiarybook.co.uk
www.guochan1.in
www.204rgsj.com
simpleseostats.com
www.ipbattery.com
hat-tf2.com
seotools.it
rainbowdash.net
mith.umd.edu
kvalitne.cz
sansreason.com
www.05161.cn
pet-look.de
atomically.puk.ro
www.tlhthg.com
thedatahub.org
burdanara.com
www.skypeuser.com
www.hbsdh.com
huthor.edu.pl
sitelogic.biz
b.qq.com
familylawlondon.co.uk
baidu63.com
www.chathh.com
www.openty.com
kiefit.com
askyaz.com
world.edu
webstyling.it
astralsociety.net
radio-nideggen.eu
asatlas.org
028.teambuy.com.cn
escolainfo.com.br
www.kan165.com
site-info.be
dawntoll.net
alizayour.com
allfirstarticles.com
kalemaro.com
servidorcant.com
qiyo.cc
directoryfirms.com
yeutienlang.com.vn
www.22yyyy.com
www.9ctrl.com
thatis.me
jorrian.com
www.niyuansheng.com
www.04msc.com
www.mantoubi.com
seonat.info
kunstcafe-silvia.at
cridesigns.com
www.hrylz.info
wapao.com
spanherres.nl
forgottenjokes.com
sumberforum.com
wilsonandfish.co.uk
payments1.software.informer.com
yz.sssc.cn
ezinarticle.info
asb.or.jp
alternity.puk.ro
ktwx.jxszchina.com
4yb.info
m-muriel.jp
smslisto.com
www.akibaos.com
p2wp.wordpress.com
pc-spektrum.ch
midea.he.cn
dangbb.com
ezinearticlesworld.com
www.66mp.com
yerta.puk.ro
www.taobao2012.org
ducklinggreencc.org.uk
aogewh.com
www.fshyxg.com
michaelgoodin.com
babycenter.com
poliartcr.com
www.yhydh.com
www.eco666.com
sv-urban.com
usafreelistings.com
complaindrain.com
worldforgedev.org
www.9girl.com.tw
www.bjrish.com
www5.888ao.com
xurixuefuhy.soufun.com
anshuntv.com
hami.383845.com
game.soo.vn
bdbuddy.com
verwoei.puk.ro
www.yifutong88.com
likelarticles.com
izonebook.com
www.0539.in
purpose.edelman.com
www.qzbz.cn
www.525kx.com
www.616dy.net
lugansk.info
schuchmacher.com
glogow.pl
jqtsyxbtjpb20m.1168.tv
www.kezt.com
3g.2h3h.cn
t-wan-dj.de
www.53jkbb.com
narou.dip.jp
www4.888ao.com
www.qicheng518.com
www.86gaso.com
ciwtt.org
www.yinse88.com
tramadolrsfiv.blog.fc2.com
www.677779.com
www.ytbxyj.com
buffalostate.edu
www.dududaogou.com
www.zhxtw.net
www.alienc.com
jisu.ceo10.com
momaroo.com
www.haoysy.net
www.besthotelservice.hu
www.cha10000.com
trendybookmarks.info
www.hvod.cn
avtechworld.com
mochkil.com
nycchic.com
tvv-battlel.com
www.dongdongxie.net
ldzhida.com
www.204gjsj.com
meisterw.puk.ro
www.lfmxd.com
denpasarfurniture.com
www.mvsexy.com
klippic.com
www.hzy7.com
jqszag.com
perevodslov.ru
kaniawakan.com.nu
ausgerut.puk.ro
happinessquotesforyou.com
www.mr5128.com
www.97kks.com
datingish.com
shangmorning.com.pl
comtectranslations.jp
www.7qia.com
best-home-rate-refinance.com
www.huuhuu.com
ulozto.net
mitan.com.pl
xinjiang.383845.com
kylebox.com
www.jnshw.com
www.taizhoujiaju.com
www.love126.cn
loadgame.co.uk
www.diboguoji.com
godessofvalhalla.deviantart.com
vbuhanov.ru
www.wuhenquba.com
rio-bg.com
www3.888ao.com
festivalespejo.com
www.xiaoshengqi.com.cn
bbs.menhuye.com
find-mba.com
www.qqcls.com
stellamaris.eu.com
askcouncelor.com
www.112vv.com
www.xixise.com
chichi-rimayansy.com
www.xwtanbao.com
mustardseedatl.com
giacongcokhi.com
shop320850593.xintaonet.com
wishentertainment.com
vision-board.de
www.tlrsrc.com.cn
chinatravelguide.com
www.mycg.name
touseihi.puk.ro
mmatycoon.info
www.jfwz8.com
www.dewatered.com
hupan.net
sz.zhixinn.com
www.ataose.com
www.unreally.com
www2.888ao.com
www.hbgw.org
www.38qingse3.com
www.tsbbb.com
www.wg955.com
changji.383845.com
www.nvyoo.net
www.mntv.us
webalta.ru
bravica.net
www.qjyqjy.com
mpop99.com
sanina.org
www.91530kq.com
www.yt-kd.com
www.kmsoudao.com
sanook.com
blogcharts.net
www.vvv92.com
wetpaint.com
sesehu-820b.tumblr.com
sustainableprosperity.ca
on24h.info
southernleytetimes.com
frameworkdesign.ie
www.tsyy8.com
qtr.com
www.3fkc9.com
www.sylsw.com
diariored.com
teachshare.org
bhpf.78.cn
www.car2008.com
hecticbookmarking.com
www.997cc.com
blackjackhound.com
y7zf.k3y3.net
karakutu.tv
www.dg-jh.com
biz.uz
osocio.org
www.huidameishi.com
www.nayifu.com
peykebasij.ir
msjytd.5d6d.net
www.rmuttso.co.cc
gf2.2u.com.cn
foxycart.com
photostudio.ir
nora.org.pl
www1.888ao.com
www.28aa.info
sf175.net
www.in87.info
34840.site.booen.com
tuan.babaw.com
catford.co.uk
www.168bangong.com
www.xxx3456.org
oppie.in
taoyin.xiaodoutao.com
www.worldapple120.com
6hbm.net
bungase.wwwwww.wop.ro
6l1j4n.njlss.gov.cn
8dph.nfdy.net
8fjj.nfdy.net
www.mccav.net
8gaf.nfdy.net
wikivarium.nl
a8e165.x5x8.net
a8e236.x5x8.net
topscore-qm.com
aarama.org
www.90ysw.com
www.hao259.com
abgattorneys.com
abgelesen.puk.ro
abur.wop.ro
49hk.me
aburguesamiento.puk.ro
abus.puk.ro
afriquejet.com
afromen.puk.ro
www.33591.cn
afschraa.puk.ro
aite.cn
aixiaoyi.qyxca.com
aiyy.nfdy.net
aj03.sinaapp.com
china-boating.com
barnesoldgirls.co.uk
bettingsafe.info
pw.rptop.net
bigsound.org
pinoydetailing.com
bilyboxerfady.cz
www.315xinyu.com
bistro-set-outdoor-furniture.blog.hr
biztosbefektetes.hu
bizybuilder.com
daszmasz.info
blog.voce.ro
blog.zhulong.com
bqspa.cn
bqspa.wqghsj.com
brandalive.be
bullesdecannes.franceinter.fr
cdcinternacional.com
buy.ok92.com
buycigarettes24h.com
buyersguide.macrumors.com
bxq.78.cn
cadtechnologycenter.com
cafe438.daum.net
caobiba.info
cd.fangjia.com
cedi2005.ugr.es
ceesvanberkel.com
cefhost.com
celavo.puk.ro
celesteeventplanners.com
centos.org
41273.com
centravi.org
centrojuvenilancora.com
cerchiodellaperfezioneblog.it
cfdian.com
notibol.com
chardaisukikarimero.blog.so-net.ne.jp
charlero.puk.ro
oeiizk.edu.pl
www.58cad.com
moery1314520.elaborate-host.net
charlie.puk.ro
charmzsprite.deviantart.com
www.cs.urnaweb.cz
charterm.puk.ro
chaseresults.com
chat.uzai.com
chat63.com
chatoku.net
sbln.nfdy.net
chaussures-north-face-homme.chnewsby.com
chayegg.com
chdieta.hu
cheapcigarettes.posterous.com
cheapford.com
www.sss2222.com
cheapmarijuanaseedsforsale.com
cheaptvhd.20j.info
check-my-website-ranking.nl
check-your-website-ranking.nl
checkmycreditreportforfree.net
cheekymaidensoap.com
www.chinamarketnews.com
chelingo.puk.ro
chemnode.com
chengde.h2h.cn
chenyi.jmw.com.cn
genecards.org
chesenterp.com
chiapas.puk.ro
www.kukoo.net
chicosmarked4life.com
children.vancl.com
childrenfirstffa.com
childrensclothingsit.7s4.info
chimayou.puk.ro
chimneyparkresort.com
realgoodfood.org
china-glove.cn
china-kvm.com
china.nowec.com
china.soqi.cn
china.usembassy.gov
chinese.ruvr.ru
chipmunk.puk.ro
chips.jp
chodof.info
cippic.ca
circolosanmartino.it
circondare.puk.ro
onap.com.vn
sufficed.com
citizenkanefullmovie.blogspot.com.ar
maplefamilia.cswiki.jp
fqhs.nfdy.net
360430.com
citroenl.puk.ro
portbookmarks.com
cityhit.cz
citynewsonline.org
cityonthesea.ru
ciuffi.puk.ro
civettat.puk.ro
cixicf.com
cizgi.net.tr
cjdesigns.com.au
cjx.qznc.cn
90dar100.com
ckdvd.com
clag.puk.ro
firemnibloky.cz
clairvoyantly.puk.ro
clalitblogs.co.il
clarag.net
clarissexxx.a-lsawards.com
classdrive.net
web-creators.info
classfreedom.com
classicalgardencenter.com
classicbookmarking.info
clubgold.com.au
cn.sports.yahoo.com
cn10010.ws
cn15.net
cn1688.org
cnbd.nfdy.net
cncarl.cn
cncgw.org
cncms.com.cn
cncobweb.com
cncworld.org
cnfdn.com
cnhtlf.com
cniyv.taobao.com
active24.pl
contratti-svizzeri.ch
cnllt.cn
fou.emu.dk
cnmbh.net
cnnl.tv
gandhist.wop.ro
geek-blog.it
cnsm.cn
co2gerechtigkeit.de
gentleman.hu
mdc.1168.tv
coach.ja-bags.com
hispanictips.com
cocause.puk.ro
cochonna.puk.ro
hotangel011.a-livesexasian.com
cocolog-nifty.com
iol.co.za
cognates.puk.ro
jarlen.wop.ro
company.420.cn
jyoga.com.tw
competet.puk.ro
kasie.flog.pl
complexarticles.info
www.muping.gov.cn
kennethkerckhofs.be
compotat.puk.ro
compromitteren.puk.ro
kryptis.lt
condortrekkers.org
lenkam.blip.pl
continual.puk.ro
lioba-usa.de
contitech.b2b168.com
litos.com.ua
contractbridge.net
littleaudrey.com.au
contractor.ecm88.com
conu.ro
littlebit.soup.io
conurops.puk.ro
liupeng.us
conus.com.au
live120.in
cool.az
wealthcreationseminars5ow.info
coolearthday.jp
logo-city.org
coom.com.nu
copiar.puk.ro
malinowe.digart.pl
lwrd.nfdy.net
copotule.publishmyblog.com
nekolen.soup.io
cordilleratraveller.com
corega.puk.ro
opql.210000.org
corlador.puk.ro
pinka.pl
coronaforums.org
ranged.wop.ro
corong.com
rentyourspareroom.co.uk
cortland.edu
paid4buy.com
cosbeta.com
renwumatou.net
coska.blip.pl
repoa.or.tz
cosmeratory.com
coss.fi
repota.puk.ro
costaricafancytours.com
repubblica.it
newera.com
cosyhats.com
rpj.su
nasquasha.pl
coudal.com
sangonera.puk.ro
couponcodesforamazon.7kt.info
couponmom.com
szoborpark.lap.hu
coupons.kamal.im
jubejuss.ee
tezie.puk.ro
weight-portal.com
couponsc.puk.ro
qinzhoushi.383845.com
www.aidingge.com
vmsq.nfdy.net
www.tb-by.com
armageddon-mc.org
monclotube.net
coursedeschtis.com
www.rtmyjt.com
www.2552.la
www.asbjw.com
xywb.hj.cn
cp5p.com
walatwist.digart.pl
wzlc8.net
guigangshi.383845.com
cpa021.blog.ifeng.com
hannesgans.com
www.2235679.com
www.macapf.com
cpa021.blog.sohu.com
www.ssccf.com
humi.li
www.cqtimken.com
workingclassindustry.com
appianer.puk.ro
cpa021.blogbus.com
bulr.com
www.eurocino.com
www.oneidc.net
cpa3y.net
project-reloaded.com
cpaf.nfdy.net
www.grassmoon.net
gladifoundout.com
doomish.net
cpaflow.com
www.jhjj8.com
www.hrcsgc.net
how2s.org
cpap4s.com
www.stockonline.cc
www.ii8.me
cph.org
mediaonpoint.com
foshan.aifang.com
www.ptbg.nl
cptz.nfdy.net
www.renren.com
cq.fdc.com.cn
www.yr22.com
eduweb.com.tw
cq.zxbo.net
b4yadie.com
cq6.com
banoosh.com
hpa-unite.org
kebek2point0.org
cqbl.b2b.youboy.com
fen1-96a.tumblr.com
cqboya.b2b.youboy.com
www84aaa.dami321.com
www.justhost.com
cqla.cn
imedia-ventures.com
dancefinesse.com
www.51bdt.com
crcci.org
jnbbs.soufun.com
mjrpmbi.olo-finance.ru
saveincreasearticle.com
www.geli315.com
yulinshi.383845.com
creepers.ch
bbs.huaibei163.com
oksf.net
crenic.puk.ro
investorsinside.de
creqkibnmy.blog.hu
www.yhx28.com
crisis.hrbeu.edu.cn
ritchiewiki.com
guangxi.383845.com
cristoevida.com
borderstan.com
its.ac.id
webanism.com
crm.263.net
www.zsdbmjj.com
www.conghung.com
hezhoushi.383845.com
croatia.puk.ro
www.qikuwz.com
www.komandanmalaikat.info
chuxiadian.taobao.com
crosscutchurch.org
liuzhoushi.383845.com
www.3709tuan.com
csloxinfo.com
www.qsw888.com
heiguteng.1168.tv
ctxhtth.vicongdong.vn
www.bjclo2.cn
blogi.lu.lv
cuachongmuoi.info
emselori.blog.pl
tutitippek-most.hupont.hu
cuiqinw.info
fahrschule-greven.de
dahi.puk.ro
phazebook.de
19nage.com
deyang.66law.cn
www.xxxx66.com
christineglynne.com
izmirarcelikmerkezservis.com
www.zn888.com
enjoyrahulnisarg.com
ossipedia.com
esing.puk.ro
www.bchome8.com
etoday.ru
kuszholy.kz
asiangirlhot.com
fostyle.net
youthalternatives.com
www.096f.com
ghgseaaqq.blogger.hu
fz-ab.taobao.com
slf.lk
gt-travel.ru
majesticseo.com
channelweb.it
www.sogou.com
la-bancarella.it
gt86.com.au
djuergen.com
www.7g2.net
www.pjk168.com
songwritingbootcamp.com
helge.im
hahabei.com
saman-m.com
www.cb365.info
huoydq.78.cn
hupress.com
elchelako.com
www.nba1.cn
hevosurheilu.fi
husveti-kifestok.kifesto1.hu
www.shsw580.com
qy.focus.cn
hutek.info
hohosoft.com
loopyapp.com
huxinjiaonang1.1168.tv
huynhgiapro.com
blogtiptopshops.com
putra-marahalim.com
www.tc167.com
hvbqywxb.blogger.hu
www.alirobot.net.cn
ianbudgen.com
www.changshengdianzi020.com
vanity.com
iansomerhalder.pl
www.vsese.com
www.52njl.com
jamp.cz
www.ehsbk.com
leplanc.com
jandp.soup.io
sermetra.it
wuzhoushi.383845.com
jc.0316.cc
thelinuxsource.com
tremonti.ch
www.531w.com
syr.edu
jdd.org.pl
job.renren-inc.com
agz-rnk.de
tvv-battles.com
guilinshi.383845.com
ostroleka.pl
www.wzhis.com
mario-schenker.ch
jqrulqtbm.freeblog.hu
kloschuesselundspirale.de
hiphopblog.ro
przewlocki.puk.ro
jqueryscripts.ru
free-psd.co
js2002.hyves.nl
www.2tansuo.com
js3.net
www.yyguu.info
blogspot.fr
jsh-frankfurt.de
juicycoutureonline.dinstudio.co.uk
kidney.tk
www.alirank.net
www.xxuu.org
gartenfreunde-schoenaich.de
kidp.or.kr
www.256378.com
kloa.wop.ro
funservers.nl
blackoro.com
kumadigital.livedoor.biz
ecombase.de
leathern.wop.ro
hechishi.383845.com
yanan.haofy.cn
mediagadgets.net
leaverou.me
leblogdecomydz.fr
gofoodies.com
laibinshi.383845.com
zagan.pl
leckercheck.de
urbankid.ro
lopinion.ma
www.xinleshan.com
www.9hunqing.com
lzqf.net
www.b23z0.com
mac2sell.net
macalester.edu
trishock.net
machinemonger.puk.ro
machioku-r.net
macrobiotic-marche.jp
fen2-97a.tumblr.com
maipa.pl
majestyship.wop.ro
uldir.com
blinky.co.nz
squirrelmail.org
av523.info
makant-europe.de
makeitbetter.co
lisa6688.info
makemeco.me
nanjaku.puk.ro
tautness.puk.ro
makeyourblog.ru
1941776578.qzone.qq.com
long.29ww.com
fen2-96a.tumblr.com
makkahedu.gov.sa
www.chinamidas.com
makuragi.puk.ro
kravmaga-warszawa.waw.pl
mazatlan.gob.mx
kosamui.de
merida.sk
kowenru.com.pl
mittelalter.de
hollman.wop.ro
mixible.wop.ro
beihaishi.383845.com
timreidtattoo.com
miyosire.wop.ro
txyunxin.taobao.com
szxgo.com
mizar.pl
eastsidevibe.com
www.70tao.kilu.de
mjql.210000.org
ketoantruong.sgo.vn
mk-portal.org
www.m2012.info
mkjc.nfdy.net
mllu.nfdy.net
www.81cao.com
powerhousegym.co.nz
monnen.puk.ro
fantafirmo.it
neanthro.puk.ro
neback.wop.ro
kimseelingsmith.com
nee1.co.uk
baiseshi.383845.com
nucept.com.au
nude-celebs-4-free.net
www.yaoji969.com
ohwe.210000.org
www.dailypress2.com
skateboardinginbc.com
okene.wop.ro
test.swift-y.com
olgh.net
operesyo.puk.ro
opiumbakery.com.tw
chongzuoshi.383845.com
optus.com.au
hzbc.78.cn
psychologygraduatedegreeprogramsz.info
espol.edu.ec
putts.puk.ro
pyronomi.wop.ro
rdfaf.deviantart.com
www.yz8899.com
rhodochr.puk.ro
rieb.puk.ro
rsex.ru
kevin-kolb-red-jersey.addbu.com
salts.wop.ro
saoxue.c.la
seilpo.biz
webdetail.org
smartapp.tw
citrusports.com
www.cctv017.com
www.tj1355.com
articleaccessory.com
www.medejob.com
meijia.3199.cn
se.46kan.com
gogo.tku.edu.tw
12asaltos.com
www.jnrav.in
www.1168.tv
www.amnestied.com
firebook.de
jewishtimes.com
fangchenggangshi.383845.com
www.52761.cn
stock7000.deviantart.com
studentsoftheworld.info
demilega.puk.ro
diendandulich.net.vn
asiapan.cn
www.wmkbyy.com
incompany.com
wolloko.com.br
powerirc.org
offergeld-oberstdorf.com
myexa.net
starren.puk.ro
creativecollectibleconcepts.com
www.7nains.com
www.ds997.net
spilruum.ch
020mideazl.com
ria-brassie.hyves.nl
ed.ac.uk
lamthenao.info
erostar.info
www.zcost.cn
aftikken.wop.ro
wykladziny24.com
atalja.punt.nl
www.1234wg.com
www.665hh.com
dpex.com
woerstfrance.com
agoda.cz
satdy.info
lauraa.de
www.shimen.gov.cn
pyrula.puk.ro
feanor.digart.pl
letnik.pl
www.csbxx.com
78170.net
fei7.k3y3.net
duckwall.com
iamsport.org
myslenice.pl
lida.info
www.faishi.com
cinemasteresina.com.br
market-bazar.net
www.conceptlabs.com.pl
bnb.fad3.net
www.bandy-ferrari.atw.hu
diet4all.info
webasketball.com.ar
czzygy.com
zero-emissions.at
mercuryweb.pl
merece1tirinha.com.br
tigaku.wop.ro
takyuuda.puk.ro
ipad-3-actu.com
capitaloneventure.com
zhugao.cn
theticker.tc
miyanojy.puk.ro
otosata.wop.ro
6m7s.k3y3.net
www.jinligan.com
www.hrztq.com.cn
www.ymy988.com
www.phsun.com
www.lzjyi.com
www.jsgkjaff.com
chengdushikaifp.com
www.wgflj.com
www.hhceo11.icoc.cn
videocluboliver.com.ar
hetartiek.nl
keku.cc
setuyaku-days.boo.jp
kibrisinlistesi.com
www.swjixie.com
www.keyubuvv.com
worldweb.cn
www.tuoshudao.com
www.haigoubbs.com
hostasp.net
gjkd021.blog.ifeng.com
www.buyonglani.com
www.668bag.com
wdtvhdmediaplayerhac.20j.info
rodeoattitude.com
bjwsyy.com
www.quoyan.com
kksebo-722a.diandian.com
moonshadowgaming.net
www.brutalraper.nl
www.duolekang.com
www.eukc.org
jopin.net
www.lyjk8.com
thetravelwriterslife.com
www.0435.me
www.xincto.com
valaszt.hu
mm.qp110.com
www.ctsho.com
www.mg150.com
www.iheji.com
apasport.az
www.xjbtnss.gov.cn
kksebo-722b.diandian.com
www.yaf.org
www.taotaoremai.com
www.zs56.cn
www.jxeea.cc
www.bjkbljf.com
www.pickyournike.com
1civil.net
www.fngd.cn
boaoportunidade.net
www.gutuonien.com
www.se5200.com
www.geilidaogou.com
trattoriadelforno.it
csulb.edu
www.9al.net
realfunz.com
adultanonymous.deviantart.com
ingrid-bakker.de
cs.dg163.cn
henhenshe-722a.tumblr.com
www.fmc.hu
garbo.uwasa.fi
www.nmgcb.com.cn
groundjava.co.uk
www.667ee.com
www.beliykamen.ru
gelecekcocuk.com
1popov.ru
www.886zz.com
1-resources.com
celestron.cl
www.1k8k.co.cc
aangeboorden.wop.ro
www.lianzhanji.com
klmnxtsw.blogdetik.com
oglplus.org
skoda.ro
birlt.com
ww.jianzhanzhe.ws
tw68.net
kingwarrior.info
iugolf.com
dromaeo.com
jhxvip.com
daoyou.chutou.net
www.deruixiang.com
www.wzsrc.com
www.ri.sch.edu.sg
pobu.210000.org
greenbabyclothes.4zy.info
brookesds.webs.com
shgjkd.blog.hexun.com
moderndayscribe.com
www.521logo.com
www.jxkdhq.com
www.xing-xing.com.cn
www.ifengfu.com
www.315gift.com
5u588.com
cps.qianshou521.net
clubnet.pl
chocolatan.a-thera.jp
bomachina.org
www.xunm2.com
posadadelmaple.com
www.51chongdian.net
www.bthl.com.cn
juyuege.com
kickitright.com
010vps.com
staupe.net
www.98zuoai.info
ptcreview.net
qingdaoxha.com
techsweden.org
voip-4-free.net
www.ywdfx.com
sextraces.com
www.xianni.cc
gwx8.xiaoyudj.com
www.banjiasz.cn
sgyz.net
clyz.cn
uis.edu
wh.bbs.house.sina.com.cn
china-hrm.com
chcem.info
5idev.com
www.5star-mall.com
snowtirechains.org
webservices.amazon.co.jp
bstdqsde.blog.mongenie.com
evloft.com
playup.com
021gjkd.blogbus.com
longsheng.lkjt.cn
28jmls.com
gjkd021.blog.sohu.com
multimania.co.uk
sex.3809.cn
www.luolai.cn
nfe.go.th
sol4win.org
616161.tk
blaupanther.de
www.500ggzz.com
www.fengjihaha.com
www.gougeili.net
www.zaoxiekang.org
0990.jobidc.com
boscarol.com
www.beijing-xiaojie.com
rgu.ac.uk
cjr-alo.org
stylescoop.co.za
cognement.puk.ro
www.kxck.org.cn
www.sye.com.cn
patch.ali213.net
www.lianfun.cn
www.hxqu.com
cogniview.com
heights.com.pk
colasit.ch
spiritconversationalist.com
improvesearchranking.net
bises.co.jp
colicky.puk.ro
www.csbz666.com
www.yengygy334.com
colsueco.org
blog.tao.ma
www.ltwshu.com
www.kkbzw.com
cs-fragwar.pl
x-y.net
cs.eduu.com
memriaddr34gb.7q9.info
lenovae.it
cs.lth.se
www.knnn.com.cn
www.0735lanxi.com
dadeloli.puk.ro
dadg.nfdy.net
2kupai.com
dagover.wop.ro
countryradio.cz
www.wnrc.net
www.erpku.com
www.e-kr.hu
dagschoo.puk.ro
dsk-wine.com
www.lizitie.com
dagslyse.puk.ro
bbs2.mowo.cn
daiaru.puk.ro
3w.nv44.com
danilosanfilippo.com
zzmzjy.9998.tv
www.xianji5.net
cssheaven.com
www.dggz88.net
www.soft945.com
www.83.com.cn
iamvegan.net
do20.com
vebe.nfdy.net
unwived.wop.ro
jemm.xfree.hu
xjw66.net
www.eshulou.com
anteversion.puk.ro
seilasene.wop.ro
826a2.tumblr.com
www.megafon.ru
www.shanhuozhuang.com
www.mmitcore.com
mikona.sk
killroy.puk.ro
hxjy01.blog.bokee.net
chachala.com
fatsc.com
bfit.jp
redbulling.com
evetcn.com
medfirms.ru
sexplay69.info
baijia.info
dshab.com
gdristrutturazione.it
www.loszerszam.hu
dollighe.wop.ro
www.67163.com
foodvideolog.com
hxva.210000.org
2days.org
dnua.info
homemoney.ua
mam-depresje.pl
www.all.ro
www.lqshi.com
qqjiaocheng.sinaapp.com
kuznak.com
debrariffe.com
www.kluniv.cn
www.funz.eu
baidu24h.com
www.eeuss.cn
www.airjordanyeezy.net
www.tingk.com
mortgagefinance3txv.info
marimedia.net
w2.cntjzs.cn
0-calorie-diet.blog.hr
www.jc360.com
www.glook.cn
www.anruo.com.cn
fastbazaar.co.uk
www.cpzs.net
app.92wy.com
www.mp066.cn
www.mytiantian.com
www.97sese.in
z128.net
www.glrenti.com
bwws.de
olofson.net
cityonlineclassifieds.com
breast.4738.com
zhonghuaernv.diandian.com
pilpul.net
ipad.tov.vn
bumicitrasatria.com
kces.in
juepinxigu.taobao.com
hxetc.com
www.responseffekt.dk
kiporiwoods.com
paco-web.jp
www-himin.cn
1canju.taobao.com
cybh.org
www.67xo.com
sq.my54.cn
kingston.ac.uk
mybox.4399.com
chitarrasubito.it
www.255nn.co
www.gongwuyuan.com.cn
ptsj.net
piecrustband.com
www.5318.cn
www.jcyey.com
www.ddqcw.com
pijnigin.puk.ro
ferieliv.dk
www.cch-foundation.org
bo.666nv.com
www.7kzhw.com
www.158so.com
www.tavad.net
interpublic.hr
pollasxl.hugescock.com
coninpymeconsultores.org
huhehaote.twoauto.cn
qyxztz.cn
developerbase.net
www.sctv.cn
www.220aa.com
sheyang.cn
www.51tongcheng.info
xs.41lan.com
h-bahn.info
meiduoke.9998.tv
www.zzgytd.com
www.jasst.jp
www.mmdd11.com
tiaoshui.3199.cn
fanben.cn
www.dairyqueen.com.cn
foodforfriends.jp