fpsc.gov.pk
kolayolay.com
www.semm11.info
snider.puk.ro
hiyama-n.blog.so-net.ne.jp
kendinigelistir.com
www.sq1024.com
935.yanji.tv
seakeepi.wop.ro
jeparafurniture.com
11ququ.blog.163.com
seonat.info
76me30.diandian.com
gamedb.info
burnettpainting.com
www.tiaozhanshouru.com
zwdao.com
hk.biaogeer.cn
bullka.ru
carcle.jp
bdwb.nfdy.net
goinfre.wop.ro
www.84442277.com
florist.od.ua
turkuamk.fi
pn38.com
6hcc.tv
casalemedia.com
financeindonesia.org
vdh.pl
spongebobgames.me
www.0374.co
s3s-perf.net
craftdepot.jp
bl-e.net
yifw.210000.org
selfseo.info
hotxiaoshuo.info
www.yemense.com
beyondtreasures.com
precinct.wop.ro
craigslist.be
www.azhanggui.com
www.wumiwang.net
mirprom.ru
www.805222.com
www.nf111.com
stekels.puk.ro
eumoirou.puk.ro
www.ajtogyar.hu
cropping.software.informer.com
adarshexport.com
idoktor.info
admin.usa.unsen.us
bbs.dxszx.com
www.51paper.com
www.insa.de
dupez.wop.ro
www.profilkurserna.se
dynamiclogic.com
odwjorbvij.blogdetik.com
toujituk.puk.ro
trom.265link.com
d4ddd.com
tennis-heufeld.de
coffeebean.com
jiaju.99114.com
vomira.wop.ro
www.rimei.us
kiona.flog.pl
randkomat.pl
lugansk.info
proo-meat.lu
sxjs.chineseall.cn
selco.info
gekinavi.net
gofrt.33591.cn
tmn.pt
fr-chanel.com
beget.ru
solowebmasters.es
v42r.k3y3.net
britoweb.info
kirstenkors.hyves.nl
pb.pl
bironevica.hupont.hu
www.diyxiangce.com
zwyrol.digart.pl
1w3u.210000.org
bobo.434pp.net
furyogc.webs.com
www.quotefx.com
bookmarkingkhazana.info
www.jetzt.de
laatst.puk.ro
k4919.co.cc
wallpaperhub.net
carl-auer.de
shanghai.fangtoo.com
e85etanol.hu
www.96900.com.cn
www.jianpin.com.cn
reifer.puk.ro
uplbox.info
www.wuliangge.net
ahwi.nfdy.net
chushi.hnpr.cn
rejuela.puk.ro
www.126dd.com
dewa.flog.pl
heatherly.soup.io
thefootballnetwork.net
honeyflower.puk.ro
wyzelwegierski.pl
rjxs.net
offshore-services.biz
czarne.com.pl
www.ulyart.com
atster.com
vinea.wop.ro
www.csna.cn
faayoo.com
azlansyah1991.com
1bf.info
getsholidays.pl
dui-nh.info
top-motion.be
smdl.zol.com.cn
yangzhongshicbd.fdchs.cn
sepermuta.es
alvaropinto.org
happytest.com.ua
affiliatewebprograms.com
w3accessibility.com
iyowake.puk.ro
mpoptavka.cz
polexp.com
maure.wop.ro
zxcj.nfdy.net
nartorolki.pl
dbafan.com
gvko.edu.mk
www.ybbb.tk
s4cloud.com
www.szeb.edu.cn
www.xwtattoo.net
www.subiectiv.ro
coocha.co.kr
www.rising.cn
projectdd.jp
landrover-orbea.org
www.990av.com
xitti.com
zeriouz.com
www.newjixi.com
www.vipll88.tk
indiadvertiser.com
noclegieuro2012.pl
yumesoso.jp
suhw.210000.org
zary.puk.ro
localbizseo.info
www.xa58.cn
juancong.com
www.xnybcn.com
canadiancoupons.net
barrowskatepark.co.uk
www.pp500.com
xx.58.com
turnen.puk.ro
istpravda.com.ua
www.foshananmo.info
g562.com.cn
808866.co.de
www.xiatan.cn
18hxbbs.info
uploads.software.informer.com
www.jste.gov.cn
turgranada.es
www.bjtime.cn
chinaz.cm
bbercn.com
020pgj.com
jingzhumeitu.com
teaminfobase.wordpress.com
brasted.co.uk
tolltariffer.puk.ro
news.pptv.com
radioamerica.org
www.nra.pl
www.longbao.org
881903.com
www.wgoabc.com
photovoltaikanlage.biz
www.9ctrl.com
ebiten.jp
www.wpqpl.com
aibugu.info
digitalphoto.pl
grimm-digital.com
www.sms.cr
hgiaksiwnyxo.blogtrue.com
porterly.puk.ro
taggi.wop.ro
erikshosting.com
www.73wx.com
dornig.wop.ro
jizou.blog.so-net.ne.jp
www.arval.dk
yusou.wop.ro
vnfriends360.com
www.51duobi.com
www.598.be
funedu.org.ar
thaibubbles.com
songyan.com.tw
kuenstliches-auge.de
zhailin.net
www.ccgp-gansu.gov.cn
markisenwiki.de
childrenofamazon.org
teentopanga.com
www.aiyaiy.info
www.sdsfjx.net
lotuseed.cn
umbcbartleby.org
webrank.in
bangladeshimages.com
oldmontys.com
yuzhong.mca.gov.cn
telegazeta.tvp.pl
www.fypxw.net
025650.kaicong.info
punbb.org
prorapid.pl
gymeasure.info
www.sdjntckj.cn
violeriez.puk.ro
bases-hacking.org
desizntech.com
edme.org.pl
1128.jp
www.tcgg.net.cn
northrupkingbuilding.com
finnicki.puk.ro
www.4ddy.cc
declinan.wop.ro
mondadori.fr
letswrite.info
ssnq.nfdy.net
wikigenetics.org
add-partner.jp
ro.bab.la
acclinal.puk.ro
ady8844.com
senzoku.puk.ro
lymesdisease.info
bestdress.com.ua
noggs.puk.ro
accepts.puk.ro
xxxwag.wop.ro
823409.net
www.szprovence.com
swc6.265link.com
sikhiwiki.org
www.taijiaoyiqi.com
go5.ch
www.kaztrk.kz
bkns.com.vn
87952974138.qy.tianya.cn
www.99xingaiw.com
www.88gongnu.com
www.qingkeke.com
bestfora.toplista.pl
beautyandbaking.com
did.pinger.pl
blog.ninja.co.jp
gjlq.210000.org
magheraf.puk.ro
ikidooru.info
gardenworld.in
www.lszxc.cn
angolane.wop.ro
downloadindex.info
breeg.digart.pl
ofertymieszkan.pl
www.tudou123.com
laurers.de
jzqryajq.blogdetik.com
sccnursingalumni.org
frotel.com
kreatur.wrzuta.pl
m-next.jp
www.hmswsj.gov.cn
najdom.pl
joker-6.ru
wolf-maier.com
locknut.puk.ro
www.idojaras.lap.hu
www.ftet.de
www.gavny.co
zkwp.pl
www.nbamic.com
mcsesolution.com
miniklubovoda.hu
arhipelago.ro
suffige.puk.ro
in-tendhost.co.uk
infobar.ba
www.yzmr.net
yuyanmoshu.com
map.uoregon.edu
www.nta.go.jp
k4h.info
www.9999nn.com
fj.swok.cn
cand.com.vn
www.x1s.cn
hkihmhxdri.skynetblogs.be
ynart.edu.cn
sortesokker.dk
freedirectorylisting.info
eksporter.gov.pl
so.foyuan.net
stalence.com
mt4.acm.org
pureidols.com
town.pri.ee
sitemapxml.jp
www.zhongxuew.com
sanomamedia.hu
ukchat.com
heroturko.pinger.pl
www.mtrtys.com
svaet.puk.ro
centrumprzecen.pl
www.52flb.com
www1.pidown.info
vannonces.fr
www.j8k8.com
lzshishicai.com
cateel.puk.ro
zaiks.org.pl
maytman.digart.pl
variart.pl
yxgz.cn
unitn.it
hotjazz.cz
sylwiaaa.blip.pl
www.umas.hr
jiangsu20101397.117.cm
solsonaturisme.com
www.zhichang.cn
www.im286.cn
www.lxjunshi.com
partylingerie.it
www.iale.de
jelisaueta.wop.ro
turkfirmarehberi.tv.tr
hommell.wop.ro
nakupovat.sk
av3.5555av.com
yk95918.com
pornmagaz.in
europuls.eu
www.xxx335.com
artoronto.ca
photocop.wop.ro
uitwasem.puk.ro
34ls.com
www.ssmei1111.co.cc
www.njnkask.com
cxbz198.com
ycsacon.com
www.sexio.nl
mortgagebug.co.uk
www.zzfcw.net
9am.cc
neckermann.pl
fat-clan.net
guarnieri.com
sricool.info
left-click.us
www.kljxdp.com
www.wute.tulv.org
nutrifitmeals.net
www.094.cn
58119.com
lueya.com
phiejack.com.pl
pkpkaa.cc
dverg.puk.ro
mlmtoppers.info
recordere.dk
www.jingcai7.com
mofnet.gov.pl
guangzhou.aifang.com
pcmatic.com
wannabdir.info
www.18zhw.com
7744kk.com
www.recyklujteshasici.cz
resil.com
iiiiii.me
stil.de
rapszodi.puk.ro
perfectsociallist.info
airtofly.com
www.osw.lt
tomeful.puk.ro
onlinetarot.pl
76333.net
www.nikeshoesshoponline.com
birkenstockshoes-store.weebly.com
placewterminie.pl
www.tuzhisheji.com
www.fsnandu.com
riyongtaocicanju.com
shop5678.com
itezo.org
sexfilmy.com.pl
sitenetkereso.info
wroclaw.tvp.pl
filegate.net
news.kunming.cn
ypsort.com
nowoso.ru
forumprofi.de
courtiership.wop.ro
www.veryhman.com
opticas.info
tabletshop.ir
politicalscrapbook.net
www.nkpv.4f9.org
tvporinternet.tv
studiengaengen.wop.ro
cuda.itpub.net
www.2083.jp
taiclobervir.blogger.hu
cia.org.cn
www.eawball.com
hasshino.wop.ro
vwrsp.com
atlanticselfstorage.com
www.china-power.net
sudanyiat.net
mywesttexas.com
stratus5.com
yutoo.info
escapedates.info
www.bjfsba.com
www.stuart-bennett.co.uk
moto110.com
guihuaxiang.com
www.jiqingyongjiu.com
www.xapxup.tk
6jingying.com
www.zp763.com
www.animonda.de
pluggio.com
www.huzlscx.cn
miothermic.puk.ro
reliablesite.net
topa.pl
yongom.puk.ro
gemius.pl
playup.com
23rt8.gn2012.com
www.hntz.org
onlytrustedptcs.info
uprive.wop.ro
www.yaqifushi.com
niaobushi.soukeba.net
chachala.com
luo.bo
www.bjp110.com
www.ihome007.com
penesak.puk.ro
whitepage.com
sexbig1.info
xtremedirectory.net
kreativavilag.hu
bookmarkplayer.info
www.e9e7.com
achemina.wop.ro
blackseek.info
www.rqstyle.com
zettinge.puk.ro
newdirlist.info
vyql.210000.org
adfreeclassifieds.com
modifien.wop.ro
obrazky.pl
www.100m.hk
atlasemarket.com
data.itc.cn
umaguska.info
www.wwmp.ro
magaruhaz.hu
mcad-tx.org
agi.flog.pl
www.yiliao.biz
diariocambio.com.mx
hupan.net
anend.wop.ro
www.fanyu.org
quizzing.in
yourvirtuallibrary.us
www.612580.cn
www.qibuz.com
onetomarket.es
relevons.puk.ro
www.hzhxdys.com
www.pce.pl
hdsexteen.com
nugwnambu.org
perepel.com