mczsz.pl
pmplogin.com
gibytuke.prv.pl
ynxu.qiwen5.com
qbusiness.pl
braso.wop.ro
gwx8.xiaoyudj.com
ryoo.hamazo.tv
guitar.vn
shipin.huangye88.com
qadamo.blip.pl
dwmy.wms.mofcom.gov.cn
obsudim.ru
indianpioneers.com
91hhsh.info
3twilightcocks.a-lsawards.com
www.yx51.info
www.henankt.com
amarcord.jp
lb.66law.cn
duerk.info
syozyo.wop.ro
fellowci.puk.ro
fhmj.net
zonakz.net
worldhealth.net
make-up.ru
m2ts.qiwen5.com
dorania.flog.pl
elitatvhq.pl
elchamoliveawards.com
arispix.ir
codelesbian.tumblr.com
www.buymbj.info
www.aie.it
direct.hpmarket.cz
smpp.software.informer.com
zenken.wop.ro
snaha.cz
cssheaven.com
sonicbbs.cn
splesh.net
45th.co.kr
vaupes.wop.ro
sqgl.nfdy.net
seakeepi.wop.ro
theaustralianleadershipblog.com.au
tjock.wop.ro
tm892.net
udlaspalmas.net
ohhsofamous.com
usf.edu
taikongczppb30mi.1168.tv
ventatotal7.cl
www.9220.cc
www.afir.fr
www.bd125.com
www.kuadu.net
humyai91.info
www.beefeater-restaurants.co.uk
www.beregeil.info
361du.net
modelki.toplista.pl
gayscout.com
klmj.nfdy.net
bravat.jp
www.ceas.cc
www.chdjx.com
www.jaclaw.pl
www.czi.cz
www.hjjj.net
www.hntel.net
www.jsqw.net
www.leiyu88.cn
www.lizin.hu
www.ph70.com
www.pripojsa.sk
www.semmdh.info
www.suaiqi.com
www.xtmy.cn
51bzw.net
520517.eju.cn
520ymm.com
525252.net
tistr.or.th
abgebraustem.puk.ro
administrerions.puk.ro
agequal.ru
arcticwatch.ca
bestushotels.info
www.jbteens.net
bet.com
betabuzz.de
bfjk.cn
federmanager.it
4rn.cn
bidian.net
bigpondtickets.showbiz.com.au
blog.voce.ro
orages.puk.ro
business-news.ru
caob.5sai.net
captainalbatross.nl
cascaraamarga.es
consciencia.blog.br
diplotop.fr
eca.ir
gandhist.wop.ro
garapon.tv
gentleman.hu
divinehost.co
haizyu.puk.ro
handimpresa.it
huhx.nfdy.net
iy0m.k3y3.net
jawic.or.jp
jdd.org.pl
jeansfun.de
jeetle.in
danbooolov.pinger.pl
jemmie.wop.ro
jiujiuhongyao.1168.tv
jqrulqtbm.freeblog.hu
myjobgh.com
jqueryscripts.ru
kogan.com.au
only-apartments.fr
kohasport.net
kojyusyo.wop.ro
kokkelko.puk.ro
xiaomi.hk
leckercheck.de
directoriesall.com
letscc.net
litos.com.ua
littlebit.soup.io
lopinion.ma
lvdv.nfdy.net
maxik.me
mbili.wop.ro
monstersteakhouse.com.au
mosa.gov.sa
fotodi.pl
mountainbuggy.co.nz
natchat.dk
nevada.ie
newdev.ro
operesyo.puk.ro
psychologygraduatedegreeprogramsz.info
repoa.or.tz
repota.puk.ro
rhodochr.puk.ro
riccartonflorist.co.nz
studiocalico.com
tagvi.wop.ro
wallashops.co.il
www.docj.tulv.org
www.hardcoreincest.net
www.harpersbazaar.com.au
www.lessa.so
www.ptbg.nl
1a-gebrauchte-drucker.de
517wap.net
51812345.com
cnwenger.com
51anjia.ca
britishcouncil.pl
www.yunyu123.com
51anjia.com
7setang.net
blogalinitiative.ro
bqmy.210000.org
brookes.ac.uk
bumlux.net
fivergigs.co.uk
kiteforum.it
cryptoparty.org
unknownworlds.com
al-jazirah.com.sa
lamthenao.info
lancia.es
landa70.hyves.nl
lane.no
nansenia.puk.ro
langeoog-travel.de
langlipp.puk.ro
languidecer.wop.ro
freshgays.net
ciot.nfdy.net
fyre.nfdy.net
tked.210000.org
learnopenoffice.org
lease-advice.org
leathern.wop.ro
leaverou.me
leblogdecomydz.fr
lecho.wop.ro
zarobkowy.info
legvar.lap.hu
lespetites.fr
levneknihy.cz
linuxnarede.com.br
linuxnotes.com.br
llhc.hyves.nl
www.yzwhc.com
mequedouno.com.mx
oldcompany.info
mhoz.210000.org
mieszkania.trovit.pl
mifflint.wop.ro
minerva.co.id
minoruta.puk.ro
minpromtorg.gov.ru
mintdesignblog.com
cligotso.freeblog.hu
moduswort.puk.ro
mojezdravlje.net
mybodyflex.ru
neanthro.puk.ro
neback.wop.ro
33221.in
neostrada.pl
network.am
hairtrend.hu
networkjob.ru
news.net
nige.puk.ro
northdakota.jobs
oaza.pl
ohudbe.sk
olgh.net
pianotio.puk.ro
pojistovnacs.cz
qorj.210000.org
reshuttle.dilatoires.portabil.lynyrdsk.rouble.klocek.loquet.wwwwww.wop.ro
s-event.cn
s-lines.net
slowpoke.de
billipig.com.br
tritanium.be
www.5271314.net
www.toyotasportautoklub.hu
www.vff.dk
www.vgz.nl
yougedi.org
3683.com
3g.d.cn
3g.jaja.cc
3gck.dtdo.tk
3gcm.net
aaxxx.soup.io
amirmusic1.in
bcfm.ca
bcomplete.com
caid.wop.ro
falciata.wop.ro
freebooks.vn
gunnuts.net
smssex.lt
jobbank.dk
www.vovotao.com
marionex.pl
mbtang.net
mediclin.de
mercatinoannunci.it
mercedes171.hyves.nl
merchang.puk.ro
merckmanual.jp
mk-portal.org
n2clic.biz
n2testing.co.uk
naamtamilar.org
nack5.co.jp
nacu.210000.org
webdesignpackages.com
nadachu78.ru
www.szivf.org
nadineundmichael.ch
omzwierf.puk.ro
remunerative.wop.ro
cortis.cz
sxrj.210000.org
matematyka.wroc.pl
winepromise.net
www.anaalsexfilms.nl
cbbn.zbinfo.net
www.tbwis.coml.com
www.telma.pl
affairs.puk.ro
bettingsafe.info
bradan.org
citizen.wop.ro
clubgold.com.au
cntower.ca
dgzone.net
hopesolutions.in
jandp.soup.io
jane.wop.ro
lolli.com.hk
miyosire.wop.ro
mizar.pl
mjql.210000.org
mkjc.nfdy.net
mof.gov.vn
getpayperclickadzfree.com
nee1.co.uk
newskyenergy.ca
salts.wop.ro
szoborpark.lap.hu
weide.wop.ro
avbnet.free.fr
moonfashions.blogspot.in
www.palapa.pl
lugansk.info
fullnetwork.info
informationlibrary.info
appsoweek.ru
yibin.5law.cn
eventy.nf.pl
overpro.ru
sundd-web.info
stephane-colle.com
plaskutjes.nl
pinew.digart.pl
www.d0yf.4f9.org
www.karwan.cn
miasto-info.pl
datong.wop.ro
misiakowo.pl
samhande.wop.ro
www.yw11.com
drannepower.com
itweetdaily.com
www.33dh2.com
bima.astro.umd.edu
anunciosred.com.mx
www.74sifu.com
wch.blip.pl
intrapromote.com
touchoxford.com
www.tstk88.com
dielytra.wop.ro
www.85sq.com
www.zhizhi5.com
colocal.jp
fotobasia.pl
southmay.puk.ro
riyongtaocicanju.com
niedostrzegalna.digart.pl
earnitalia.com
bbs.hmz.cn
speakerdeck.com
tl.nagykar.hu
baseball-freak.com
escapetheratrace.info
makeyourtrip.info
sc.189.cn
mundogest.com
sbch.cl
www.2322.cc
dny.1380139.cn
pog.ir
acoustika.info
www.solarpvsources.cn
hk.biaogeer.cn
punt.blog.so-net.ne.jp
slmame.com
sikatsu.wwwwww.wop.ro
tuspark.cn
geigerexpo.com
marginalisais.puk.ro
minioperanew.in
uluci.info
zyux.info
gekosale.pl
www.qujialing.gov.cn
omgvideos.in
www.dianzilai.com
nubilesbox.com
www.binhphuoc.edu.vn
jga.pl
www.ff62.de
6cotok.net
fineteaandcoffee.info
weboshelp.net
se.345qsw.com
www.automagic.cn
affinage.wop.ro
exposomealliance.org
3ndme.digart.pl
www.deltawent.pl
playset.ru
beder.edu.al
4vop.lizhidy.net
baza-dziecka.pl
charlatans.info
ncagr.gov
nexport.com
styleheroine.com
www.essiw.com
www.jinanjintai.com
lapmangfpt.biz
www.xxx558.com
isiga.wop.ro
d2ch.com
fenghuolun1.com
puisterige.wop.ro
xzaccp.cn
zamou.cz
submitfreelistings.com
changeov.puk.ro
fecomercio.com.br
hotel-stefanik.menu.atlas.sk
razem.waw.pl
ailv.me
celebek.info
www.jsf.co.jp
mbuunda.puk.ro
88.xysc.net
mygreendirectory.info
orama.eu
ezlms.com
relax.ir
www.xafdc.net
www.3dvr-cn.com
aprettylifeinthesuburbs.com
lilaccitymomma.com
thinktank.coop
5centcasino.com
kavise.info
smiggle.mobi
www.ferien-mit-hund.de
stockwatch.pl
rfgq.nfdy.net
vital.pl
8090qb.tk
tbrmdh.com
www.as45.com
caobiba.info
www.xzjmm.com
vfacebook.net
prominere.com