playup.com
deguire.puk.ro
yswycjd.taobao.com
smartus.ru
bises.co.jp
5ih.info
attijarinet.com.tn
m-golf.info
www.forum.sprzedaj-auto.eu
78av.8bbs.cn
xywb.hj.cn
www.ejo.cc
marimedia.net
www.dangbb.com
shangpu117.vip.icoc.cn
nama9.com
www.dqg1.info
www.ducati.sk
myjobspace.com.br
iudex.blip.pl
webb-tv.nu
bharatpatal.org
wattis.org
rici.blip.pl
www.xxx885.com
pebkacerror.com
forumsdirectory.info
sklep.spirulina.pl
sdox.nfdy.net
www.rc0373.com
www.gzxghl.com
hyundai-part.ru
www.pzu.pl
dailyfit.ru
pak.blog.pl
hupan.net
citatepedia.ro
www.tool7001.com
gvt.com.br
syriansites.net
saptepietre.ro
thomas-it.pl
dagoneye.it
immondic.wop.ro
www.metaprojekt.pl
www.77qe.com
www.14499.info
www.eftimie.ro
wap.taobao.com
ripa.me
crcci.org
n4e1.com
dnn-online.de
sugei.info
lighthouseflorist.com
xonetv.info
www.t-z.com.cn
www.ymgu.com
bonpoint-boutique.com
www.ku9.me
thamudene.puk.ro
pqvl.265link.com
www.nast.net.cn
yuxi.tielu.org
tutiendasmol.es
aibiki.wop.ro
zdrowiezjoga.pl
infomag.jp
wholesalejersey.org
www.llyz.cn
www.tattooscorpion.pl
www.bitu.us
tubamesi.puk.ro
glovey.wop.ro
selenicereus.puk.ro
cntv720p.com
it.it
ytzx.net
freelanguage.org
luna.it
aanlache.wop.ro
air1.blip.pl
guihuaxiang.com
startplaygames.com
mypoco.net
insidesports.gr
sc365.org
alternity.puk.ro
mi.99btgongchang.info
gueterannahmen.puk.ro
www.756321.com
streetjournal.org
www.giwp.org.cn
hyuugaclan1.deviantart.com
remarcar.wop.ro
namazi.info
davibejamaica.com
icp.fr
yummy.digart.pl
mee.nu
www.cnda.cn
lagrimal.wop.ro
www.9423.me
www.ksiegowa.sosnowiec.pl
metros.wop.ro
appelais.puk.ro
35ys.net
tunisia-sports.com
www.xcshidiao.com
www.zhibeipifa.com
efox.cz
czasnazysk.pl
tielingkuaijiejiudian.fdchs.cn
bas.ucsc.edu
jquerytable.info
bookmarkingmeerkat.com
190120.com
plaanck.com
www.snowperformance.hu
www.yzjsks.cn
scilogs.eu
www.fanli0838.com
actionbarsherlock.com
umgepflanzten.wop.ro
siciliano.it
sunnyfly.com
www.fibanc.es
qtr.com
prionseneglise.fr
paginaoficial.org
oopop.info
xwfz.56dvd.net
oligosit.puk.ro
yuxuanwl.qianyan.biz
paoxun.tk
ravu.soup.io
dbestlists.com
kissant.uw.hu
atlanticalink.info
rutd.nfdy.net
virtualemployee.co.in
www.gyxxw.net
couponia.jp
unocardealers.com
dawntoll.net
gonweb.co.jp
facebul.net
astorgano.wop.ro
guayanil.puk.ro
lamasmaslahistoria.blogspot.com
american-films.ru
indexspider.net
gwzr.265link.com
blog-vitalika.ru
castyou.tv
nsx.pl
sahara-libre.es
uddohhilq.blog.mongenie.com
akku.net
lokter.pl
littlesammy6.pinger.pl
papillonna.puk.ro
robotzone.com.hk
ilsitodelfaidate.it
diggyourlink.info
www.88cb.com
afgordden.puk.ro
gekiyasusenka.info
garethwalters.com
www.97xxyy.com
airtickets.ro
xxx.pipnalip.ru
kxfzg.wh.cn
koromoga.puk.ro
socialbookmarkfriend.info
ertrael.pinger.pl
apalon.com
ershou.xtfw.cn
www.ably.eu
blogs.top.org
www.shuo5200.com
madamejanette.info
kontaktyfirm.pl
estudiantesdesociales.cl
wapnha.info
cmtjm.78.cn
bianlan.net