aanaardi.puk.ro
www.shengfalong.com
aufwies.puk.ro
karamete.puk.ro
www.jlde.com
hochgehen.wop.ro
chin.puk.ro
wfrp.co.uk
5144427213.phone.searchwww.com
derentwe.wwwwww.wop.ro
mayanhdao.com
abreuvoi.puk.ro
www.sss74.com
zibo.baixing.com
www.xxx466.com
firstdata.com.ar
can-check-keno-online526.bravesites.com
czerwek.blip.pl
anrakush.puk.ro
zgora.pl
luzacki.pl
schuylkill.pa.us
www.dxbsm.cn
suderai.wop.ro
yourfiles.to
taoismo.org.br
saltino.wop.ro
gonzog.flog.pl
maythucphamtp.vn
sina.hd.cn
foget.ru
www.dpgame.net
litinstitut.ru
genuflect.wop.ro
www.chinaviagra.info
pohodik.com
miftg.1168.tv
bmwx3.lap.hu
hupan.net
jarig.wop.ro
www.jste.gov.cn
www.chasaobi.info
aegondirekt.hu
diarioelnortino.cl
www.f0662.com
xixihuafu.com
skalnik.pl
boomblast.info
syobun.puk.ro
saulijdo.freeforums.org
agitiez.puk.ro
opiniolandia.com.ar
talkreviews.pl
www.caiduila.com
www.xxx4567.com
dirtytony.org
matungo.wop.ro
nn.xdf.cn
saps.moe.gov.my
www.eric921.com
iubescbrasovul.ro
1xsuccessteam.info
tojsiab.com
odnoklassniki2.info
gjest.puk.ro
tuku.cn
quemar.wop.ro
www.seo1122.com
cheaplouboutinhotsale.com
www.rockfordriders.com
www.cwrjy.com
stykaa.wrzuta.pl
aero-web.org
csango.hu
webcamss.eu
www.abz3.4f9.org
verwendbare.wwwwww.wop.ro
massmedian.net
www.zhangui123.com
animationarchive.org
caf3net.info
smiggle.mobi
nopasaran.digart.pl
deniscadet.com
6051-pi.com
www.sxgszx.com
www.pycx.4f9.org
www.8663.org
www.i027ktv.com
www.xinsum.com
forexforums.com
hotfrog.com.mx
olaempliga.wop.ro
www.56d.net
www.dragonkwest.net
wiki.zhulong.com
www.attac.is
gaoyuanhongjn5f.1168.tv
dach.de
filmpreise.info
std.wtosz.org
cwhaticando.com
bebestore.com.br
erotorrent.info
www.yftwkgy.com
diregiovani.it
bjhww.com
www.uuu25.info
daedal.de
lemontech.cl
452598814.qzone.qq.com
psych.edu.pl
doornkop-jackrussells.co.za
kikoriya.net
tdiindia.info
alphatechny.com
www.aaaa848.com
citizen.wop.ro
szempilla.info
riyongtaocicanju.com
maddle.puk.ro
juancong.com
viraladhub.info
mydirectoryonline.info
axistore-online.tk
bengongju.com
wordpressbestbookmarking.info
11167443.5sing.com
sgsj.yzz.cn
schoolnet.com
rezin.wop.ro
osa.pl
orr.blip.pl
buyfacebookfans.net
richardcreative.com
depurai.wop.ro
sukebelinks.com
splocik.blox.pl
molecularlab.it
p2media.pl
www.cacocu.es
consumercreditapp.com
rendezvous2012.info
bloc.jp
westmdforward.org
mal21.digart.pl
ccl2011-cq.match.chinago.cn
afroditenight.net
verzamelgids.nl
fotelik.info
www.zgtm.mobi
it.xn--wicek-k0a.pl
darmocha24.pl
viudez.puk.ro
peema.us
tucsonazpoolrepair.com
atheistsunited.org
boinc-af.org
beaut.ie
e-towel.net
buzztxt.biz
ronaldoweb.net
ausl.re.it
dylanchords.info
www.zcwh.cn
booksbrothers.it
anahtarcizafer.com
shanse8.com
vwracademy.com
www.moahu.com
vidro.wop.ro
aarresaari.net
oa.xmcsa.com
www.fp81.com
makuxi.puk.ro
hammoto.com
pangbo.dz.vancelle.net
www.xiaosege3.org
fajowe-gry.pl
kebrokan.web.id
66ebook.com
pikehunter.se
myskb.ru
junv.210000.org
www.dj777.tk
mtfy.info
graast.vergammelten.wwwwww.wop.ro
sony-ericsson.ru
sz836.com
pbxphonesystemz.info
tvoybloknot.ru
topporno.net
www.siwaav.com
evenvingerig.wwwwww.wop.ro
hxbfw.cn
startbookmarking.info
wwww.76me.com
supercias.gov.ec
mardigrasmusic.com
kinhmaucaocap.vn
smzt.baomihua.com
fug.com.br
www.fanzhanqun.com
financeindonesia.org
lialindga.bloguez.com
ringbane.wop.ro
backworth.co.za
wie-ratna.com
plantezi.puk.ro
ultimateedition.info
defeasible.org
naomi1074.hyves.nl
www.hongbolc.com
www.zhaocv.com
seonat.info
taoyin.xiaodoutao.com
tuugo.com.ve
gesundheitsprofi.info
openluchtmuseum.nl
nexen.net
v393.265link.com
bbs.0663.net
pl59.com
ruegen-reetdachhaus.de
lewanzu.com
midea.he.cn
8384.com
all-best.pro