magazine-durabilis.net
lifezona.com
maguti.wop.ro
jerf.nfdy.net
thedarkcity.co
coupons.kamal.im
ios-blog.co.uk
radio-utopie.de
countryradio.cz
www.kskd.pl
sonesnation.com
prominere.com
dealfish.co.ug
ikarus.net
kamifox.eu
www.crbook.cn
mmaniak.pl
gzchinachant.com
alfabet.com
www.fx0731.com
yogeshv.info
18-45.cn
guihuaxiang.com
xx.58.com
www.kkqp.net
soaiymobile.com
goodental.com
xiuli.biz
vastars.info
ififa.pl
hubtags.info
generasibanjarsari.org
www.huntop.hu
beamnote.com
www.hao265.info
baidu24h.com
misterprice.it
steandleanne.co.uk
xuepinw.com
jdb.txbb.hk
www.malebog.org
cloudydesign.net
vdcx.k3y3.net
haifanliwang.com
inandaround.ie
www.tscprint.cn
special-joho.net
ingroup.wop.ro
profnet.ch
x55k88ycc.tumblr.com
yusou.wop.ro
gamehiroba.seesaa.net
yupiao.info
dieta-odchudzanie.pl
time.com.my
uneda.wop.ro
webstandardsgroup.org
shop.0668.sh
www.fu35.com
www2m.biglobe.ne.jp
fletchers-corner.de
www.lkrongdi.com
contactenoscolombiaaprende.info
zeina.wop.ro
pagenstecher.de
zvbf.210000.org
linkescape.info
www.xz65.com
cits010.com
univ-chlef.dz
www.carmenmoldovan.ro
saludnavarra.es
www.3188.net
www.blmoto.com
kaspersky-shop.ru
www.20xs.com
fwdtestsite.info
www.55ebuy.com
sprayless.wop.ro
bestportabletvdvd.7wx.info
astro.cz
lanyi.us
danatu.wop.ro
itros.blip.pl
arkusb.prv.pl
ai880.com
www.qejd.com
xrumker.prv.pl
exsoft.org
www.yemense.com
ru-moto.ru
dreamgreenhousedesigns.com
matsugo.wop.ro
regioneumbria.eu
goalieguru.tv
bayannaoer.ganji.com
mnhs.org
chorused.puk.ro
gamemobai.info
webconomy.com
bisd.us
huaidan.org
ohlahotel.com
miyada.or.jp
xn--zeltemizlik-qfb.com
backlink.it4t.info
www.hbzyxy.com
turkos.se
gripping.digart.pl
antenam.info
anielsko.net
www.jiajiang8.com
mytrxsale.info
utili.wop.ro
www.djaygear.nl
sextraces.com
berpidato.info
drochtv2012aa.com
birdwhere.com
perfumesco.pl
veracruz.mx
blogdeldia.org
icp.fr
neofacts.org
olbout.com
wordpressindia.in
www.mayhoctienganh.net
arcadia.co.cr
papillon.gr
tomorn.wop.ro
www.rxlmdh.us
www.094.cn
hostplex.net
sjdhz.tk
557998.com
www.bjvolunteer.cn
www.hits.ch
www.6sss.24.gg
www.zynqq.com
celcat.net
www.biotan.com.cn
kdjmdl.78.cn
kux-til.blogbus.com
hangzhou.qeecn.com
bestdonsphynx.com
ozverler.com
discount-news.info
amill.pl
submit.org.in
girls-pal.com
phatzradio.com
knopfusa.info
yuyaindou.blogspot.com
jiguangsiji.co.cc
iwphoto.ru
designsnack.com
paquet.puk.ro
chachala.com
gsmlocks.com
zhangjiajietianqi.fdchs.cn
acideurique.info
www.3993.net
www.jurongjc.moe.edu.sg
fonbet.info
myiphonevideo.com
www.gszj.org
ofae.210000.org
fotogruppe.at
bbs.7jisu.com
www.nice.pl
canadaptc.info
bachlongmobile.com.vn
greenhostit.com
www.christianfoto.hu
olam.uz
farbgrap.wop.ro
ac-web.org
utfallit.puk.ro
stereo-records.com
financeindonesia.org
saige.org
sptc.ac.th
www.perennial-plant.com.cn
www.xiaoxuew.com
fusohorariomundial.com.br
www.szraskj.com
suquamish.wop.ro
webtrh.cz
chibicco.blog.so-net.ne.jp
hpsoft.vn
forth.gr
aym.100hg.com
epica.nl
www.cq9420.com
www.bsdh2.com
sailingandtravel.it
cardif.fr
www.czt98.com
ywrz.nfdy.net
www.huachangjixie.com
mihram.wop.ro
www.taojin5.com
wwwaaa444.com
appartement-calfven.istats.nl
seoranks.info
cross-pens.eu
dcjc.nfdy.net
petmania.pl
gleamingtechnologies.com
niik.com
mypds.co.kr
971971.co
yzrcw.78.cn
lavaina.net
www.xiaosegou.com
beata368.digart.pl
d152.dyy03.info
lanus.com.ar
koala.nu
dracik.sk
logicawiki.nl
arbeitsb.puk.ro
www.kondor.de
implant.ru
www.dziedome.pl
sokken-simpsons.istats.nl
suchy92.digart.pl
jlmmbb.com
frontl.wop.ro