www.596kk.com
dl00.k3y3.net
giaitriso1.net
www.dxbsm.cn
youfilmxxx.info
childrenofthesun.org
lostatborder.antira.info
www.fj.189.cn
skli.wop.ro
ac-web.org
www.513yczp.com
lodt.210000.org
se.se
luxurioeseren.wop.ro
forth.gr
corbina.tv
strobree.wop.ro
piauler.wop.ro
yourinspiration.pinger.pl
wakombe.wop.ro
www.bzv.nl
thebayisback.com
ngo-monitor.org
linkcommunity.info
121e12.d5dsoft.com
seonat.info
www.aougu.net
www.toufahuili.com
pmtutor.org
watchufc99live.blogspot.pt
ialex.name
hk.biaogeer.cn
perevodslov.ru
dlcentral.info
commercialappeal.com
www.arcned.nl
vr.org
thecssgallerylist.com
yourenetworks.com
www.f-3.net
saturnoutlookforum.net
nrrd.210000.org
555-timer-circuits.com
www.9999049.com
vwforum.ru
pharmapoint.at
mj021.com
sklepy.pl
perils.wop.ro
www.582hr.com
www.yushangjia.com
fj.xckj.com
renewablemedium.org
writersblock.ca
bfhn.nfdy.net
ur.krakow.pl
systena.co.jp
meiman.ilanbnb.tw
bfkq.nfdy.net
custamo.com
www.kjcyzgks.com
www.xxx255.com
woodlief.wop.ro
riyongtaocicanju.com
aleksandra1.flog.pl
bastinad.wop.ro
www.onlinecity.cn
hekk.210000.org
kuszholy.kz
microspot.ch
luna.it
www.hywsdj.com
loterias-sorte.blogspot.com
www.bttc.cn
overpro.ru
cjp1509.atobo.com.cn
vaszati.lap.hu
ssdpedia.org
chachala.com
now.ru
blogaid.net
stagard.cz
www.ppn.sk
papcomputer.pl
easy-coding.de
hupan.net
florist.od.ua
agito.puk.ro
suquamish.wop.ro
love2share.eu
trendus.com
www.boyslove.co.jp
olofson.net
seabank.com.vn
alternity.puk.ro
www.gddianxian.com
mptv.56dvd.net
tavolartegusto.it
cdml.nfdy.net
rt-tracker.org
www.shaonvav.com
jiangaole4f.1168.tv
www.yemense.com
iraq.ir
olam.uz
www.rucinvren.com
www.kneq.sjzhtyy.cn
effectmedia.pl
willyer.puk.ro
pholas.wop.ro
www.geerben.net
khodroweb.ir
suchlexikon.de
digitalbookindex.org
affinonline.com
lazanzara.info
stereo-records.com
pirika.org
k.8x5x.com
brtnik.info
socia.at
www.se8se.in
etal.se
888sunjinping.com.com
atehenmei.com
zineryt.com
danbraun.com
tacklemantra.com
pszczelipark.pl
lugansk.info
www.5210.cn
bangedmoms.net
maddhossjackson.com
www.consense.be
piazza.wop.ro
hvol.net
kosamui.de
www.hepu.sunbo8.net
klqv.210000.org
emsisoft.ru
newsauto.pl
gcwap.net
printer.3nc.info
xfj.ningbo.gov.cn
lusen.cn
ainaro.puk.ro
www.ikxs.net
blog-admin.br-online.de
webfordesignvn.com
bettong.wop.ro
guihuaxiang.com
www.taobao118114.cn
planujemywesele.pl
bielizna-codzienna.pl
gardening-advice.net
www.muabandat.org
frugalplus.com
itkk.lizhidy.net
i.netqin.com
tinysex.org
filmogren.com
0316.cc
tur.caucuzn.bee.pl
diaocvang.com.vn
eflu.265link.com
prallen.wop.ro
gtalumni.org
www.zzwgy.cn
themu.co.uk
vdv.crimea.ua
bootjack.wop.ro
mistersoft.org
fattela.wop.ro
asbestosattorneyz.info
www.ine.es
analizasite.ro
www.cnitsc.com
www.024jiaren.com
lemondedesreligions.fr
themagicbrush.co.nz
veas.210000.org
vdgarde.nl
upcomingnewssite.info
webdesign-angebote.com
ruceni.cz
soygik.com
wanghao.me
cnzhanzhang.com
spisane.pl
www.kermi.pl
jianyin.org
kafiri.puk.ro
onepcs.7gt.info
gnischina.com
babylon5.lap.hu
www.9999uuuu.com
dalmatas.info
szosz.hu
www.10zxiu.net
drupaldojo.net
realtyse.net
mieszkania.trovit.pl
pantherspringspark.org
5centcasino.com
fucaceae.wop.ro
estimurl.in.th
esselunga.it
believeinlove.lv
uskleo.com
my-mazda-3.ru
4moms4me.com
ekapi.org
www.czary.pl
www.artes.hu
521tibet.com