afkronkelt.puk.ro
canalplus-caraibes.com
giftideasholiday.com
eastmtairytt.wordpress.com
hoheikyo.co.jp
k12.sc.us
gevent.org
gizmodo.com
hyundai-part.ru
newport.gov.uk
laserarticles.info
www.720ai.com
rgzi.nfdy.net
cataloniaresearch.info
w84s.love100.us
jsw.tczx.cc
www.t55.cc
realdeodorense.com.br
fabathome.org
www.22kkkk.info
ygbigbang.com
ompyme.com
gamcare.org.uk
cadeiratiffany.info
liudehuatong.sinaapp.com
fj.sina.com.cn
kameraakcja.pl
knightsbridgeinsolvency.co.uk
missouriwhitetails.com
xhans.co.uk
kuhnja.su
hhkq.265link.com
sjoerdenunite.hyves.nl
zarobkowy.info
amicale.puk.ro
www.silkweb.ro
merell.puk.ro
pricerite.com.hk
wowgaid.ru
www.caiduila.com
mastercraft.com
www.aolaya.com
nv-elena.ru
constructionequipmentguide.com
qstv.info
pinkdolphinonline.com
phart.soup.io
ihi.org
historia.org.pl
3529888.com
jpcert.or.jp
np.xlx.pl
boger.digart.pl
chocolate-ptc.info
outletplus.info
hometheater.com
xxxmojexxxzyciexxx.pinger.pl
legalturkey.ru
campanul.wop.ro
www.010byby.com
hxh.bdwl.cn
www.succway.com.cn
mitula.co.uk
www.qphone3.com
mad-web.info
www.ya-k.com
kitagawa-hanga.com
greenearthscooters.com
www.xess.4f9.org
culxxx.info
4399dy.net
mei.fm
itidai.wop.ro
guilinok.com
use-less.ca
freshnews.no
52qwbl.com
humax-cinema.co.jp
wolloko.com.br
chardaisukikarimero.blog.so-net.ne.jp
diplotop.fr
plotte.wop.ro
hirstart.hu
e-conomic.se
dent.rs2clan.net
bezpapiru.cz
nexths.it
sweetteen.naganoblog.jp
www.chocolat.it
www.500007.com
ai-dev.fr
bankthemoney.com
jkniu.com
petairways.com
www.cqdhw.cn
www.345qsw.com
bettybarclay.com
synovate.nl
goalscape.jp
www.sss6666.com
programfiles.pl
bbs.xidian.edu.cn
socialwebposts.info
caymanians.puk.ro
vctools.net
obbnqspoq.lefora.com
fgmm.nfdy.net
homeopatia.info.hu
03deri.jp
123ch.net
linksstart.nl
www.skbbs.info
www.hhaavv.com
www.68uuu.com
virk.dk
www.nzo.nl
tickets.hostgator.com
passport.wmw.cn
www.nage.com.cn
dina.ee
szextube.info
www.livesmart.cn
paranturkeytravel.com
littletechgirl.com
kpf-guaranty.cn
panahome.com.tw
www.e22.cn
sambolala.hyves.nl
politwitter.ca
globalcleaningassociation.com
008tm.com
gree.gz.cn
www.bosko.pl
kaartges.wop.ro
soulofacousticguitar.com
www.uums.cn
kevinmaher.info
ltdalarna.se
lz.fcjjr.com
aruhaz.lap.hu
vitalbook.com
tuzfeszek.hu
aflat.com
link-tool.de
yixiangliying.gigi8.com
donghuawu.com
vermoegende.puk.ro
fers.puk.ro
netbooknews.it
www.ywhs.net
imseotrack.com
bdbuddy.com
asyura3.com
www.jianfeiwang.org
fzdai.cn
www.foodan.com
raskauskeiju.fi
www.alfatv.pl
yuki.1996.pinger.pl
mylittletown.ca
ylfwzzel.blog.mongenie.com
udel.edu
kalasgott.com
22papa-723a.diandian.com
155883.com
duzhe.com
xingkong98.com
sgyz.net
funyo.com
freemoneywisdom.com
www.1234wg.com
loyporn.com
www.yljj.gov.cn
webstorm.pl
zgt.de
dragonbookmarks.info
funonline.cn
ucgm.265link.com
www.zyhdb.com
techwr-l.com
p2003.com
dance-life-tour-2008.tvcom.cz
www.9369.org
www.xu2828.com
www.01666.info
swithen.puk.ro
biura.pl
k-teknoloji.com
taeswaripde.blog4ever.com
uocy.cn
www.lttianxing.com
www.strc.com.cn
nombresconsignificado.com
haedu.cn
viwawa.com
hmb.kiev.ua
ck.chutou.net
dietetik.ro
voteable.info
boombang.tv
51jinshi.org
all-urls.info
ngc7000.co.kr
bucker.wop.ro
www.quang-cao.net
www.geyese1.com
escapestudios.co.uk
planetaanimal.ru
ldmountaincentre.com
mocneopony.pl
textapint.com
warnaco.com
klshew.com
www.55szs.com
sexgazetka.pl
qlookblog.net
greig.wop.ro
sexwo.info
aboutdomain.org
hemispasm.puk.ro
myeurop.info
www.tz-expo.com
crackingarab.com
twipik.com
lovera.wop.ro
tolhuoche.buscx.cn
dumlupinar.edu.tr
kibisu.puk.ro
huntermwr.com
sgp.uz
farexpo.ru
iqracollege.com
www.jaii.de
mach5.com
proassist.nl
www.dgxinshi.cn
magazine.terre.it
mahathir.org
bj9k.k3y3.net
vsluh.ru
eyv.5ck7wy.com
winepromise.net
libreoffice.org
caoliugame.tumblr.com
carmanz.com
girlsblogspot.com
se.46kan.com
www.power-in-china.com
www.ywdg5.in
imod.pl
www.51tongcheng.info
www.i71.in
www.szchanghe.com
acmilan.net
sexe.blog.lemonde.fr
minimaldesign.net
www.time2008.com
inews.cjn.cn
bitcompany.it
athenaplatform.com
uretimpark.com
marinabaysands.com
www.bjcnoil.com
leithseo.weebly.com
wdrv.com
purpose.edelman.com
55bt.eu
www.bslcn.com
mundoanuncio.com.sv
gyrc.com.cn
mirgeografii.ru
www.zs93.gov.cn
online-tutorials.gr
dansukker.dk
asparmakina.net
www.ard9.com
wajuxeny.prv.pl
cantr.org
xxxmbb.puk.ro
whocanseo.com
www.2021166.com
wirt7.ru
k-syoujo.com
masterit.ru
tubexxx18.info
pbnation.com
agusta27.info
coke.blip.pl
abgehauene.wop.ro
ps2.ro
www.obudainyar.hu
ffupdate.org
www.gazetapolska.pl
worldcasa.it
palsra.info
musicnmovies.info
formuladomina.ru
dawes.wop.ro
efqm.org
www.dalianla.com
021zyfh.com
383961.com
disciplinatory.wop.ro
surfer.rankking.pl
www.sxgszx.com
0930168511.magent.com.tw
supereleman.net
kikkake.jp
sjbasf.com
wordoid.com
www.51mlw.com
anjo.to
bahamayellow.pl
android.958shop.com
www.meizhou.net
mc78.info
www.sda.gov.cn
www.21xw.org
admission.kau.edu.sa
uhaubywdc.bloguez.com
acs.pl
sg-djk-neustadt-fernthal.de
android-update.org
dcjinxing.b2b.youboy.com
jiapei.cc
birleyhighschool.com
ngoisaonhi.com
www.waitturn.com
www.druknaszkle.pl
www.jxhpcb.com
uwoiconrar.blog.mongenie.com
nenkin.wop.ro
chl-live.at
ugk888.alibole.com
sub-add.eu
www.jiangbei.info
hqindex.org
unthrash.puk.ro
www.qcxy.net
sightseekermedien.de
prospectuschezmoi.com
meinv.7755.com
apnitally.com
reklamz.com
nijmegen.web.nl
alicjawalczak.digart.pl
santiago-compostela.net
boi.gov.bd
e-bielizna.pl
spiffysocialbookmarks.com
wpigulce.pl
myitiltemplates.com
kimberleymikki.pblogs.gr
mytobago.info
yy54.com
boda.wop.ro
campusrecruitments.com
www.xxx255.com
www.wn114.net
cylex-france.fr
obiavite.info
sapphicdorm.com
backend.com.mx
pushab.wop.ro
iembelleze.dyndns.org
kuro-cat.jp
3929.cn
simswiki.info
www.one.cu
hr.cc
sfileran.puk.ro
gefrieme.wop.ro
qxvx.nfdy.net
5967.eduol.cn
adjustbook.com
www.cnig.cn
bieszczadzkietabernus.pl
topliste-abc.de
douzu.puk.ro
caam.org.cn
www.pynet.net
hpstudents.org
clearwire.com
margsworld.info
www.jtw8.cn
dj66.net
plancardlen.blog.com
www.tantasalute.it
www.asmeibai.com
ellik.blip.pl
incestporn.nl
creditreform.ch
ketnap.edu.vn
distalnet.com
radioblindpower.ch
bloguje.org
incrustment.puk.ro
telemetry.com
www.futabasha.co.jp
kinmania.blog.shinobi.jp
www.1000ying.net
parksmania.it
yourdesigirls.com
www.268txt.com
rbj.flog.pl
tempteren.puk.ro
www.yurongfuwang.net
www.dfpaintball.nl
juancong.com
www.nrfwz.com
suendigt.wop.ro
www.anny520.com
pannek.de
asiafan.hu
investortrader.co.uk
abaut-niuyork.comunita.unita.it
ewka777.pinger.pl
ismole.com
www.suvche.cn
legalized.us
boogaers.net
grootpap.wop.ro
santarosasucks.org
cqy5.com
ent.3g.cn
echte-demokratie.info
www.didiao.info
ok.by
makemarketing.es
comozooconservatory.org
rakels.puk.ro
nbu.bg
plrstoreplus.com
twinsistersporn.com
wrir.org
www.renhe123.com
51gan.info
generation-gpu.fr
laqo2691.mnyzh.com
yodakinbo.com
www.433234.cn
hwk-stuttgart.de
juvenewsradio.it
eptondela.net
iimanager.dk
tariffab.puk.ro
www.ylrhome.cn
prostitueren.puk.ro
jdwxs.com
9999sr.info
www.wsf99.com
ds.joymain.com
simpleframework.net
www.alvel.eu
doggallery.hamazo.tv
yl.zlcw.com
indiauncovered.com
virtualemployee.co.in
blog.1181.cc
youaretracked.com
zoran.flog.pl
jordisk.puk.ro
minal.puk.ro
www.cyt800.com
gzsppf.78.cn
q-store.vn
hljhg.qp110.com
chunxin8.com
www.hdradio.com
www.link.aruhaz.co
jntuhresults.in
086yipin.com
hostrightnow.in
re-prc.cn
sofitek.it
gondtalansag.hu
wodzislaw.pl
mercateo.fr
magnoliastatekennels.com
inkcartridge.com
www.huoyuanz.com
www.666su.com
lvguan.youxiba.info
aba.winball.tv
taobao.cha10000.com
hdtvnopc.info
www.longshen.cc
gaseleel.blogdetik.com
nonclinical.wwwwww.wop.ro
arhipelago.ro
weldbham.com
www.parot.fbl.pl
pageglimpse.com
zufangquan.com
binamitrabarokah4.com
www.omga.me
www.aukrocity.cz
lyricsworld.mihanblog.com
shuang18.info
koursaros.net
www.llgdh.us
www.3fpay.com
henery.puk.ro
grahamite.wop.ro
vsharing.com
horeb.wop.ro
hassei.puk.ro
cheaps.wop.ro
bjp110.com
1122.com
travelingtolisbon.com
www.foss.de
webconomy.com
frenssen.wop.ro
m.prohardver.hu
mustafaozsimseklerhoca.com
altlinux.org
www-84aaa-com-84aaa.tumblr.com
pandimus.com
discusfishdirect.com
azadipress.com
networkingsocial.info
malacai.blog.is
girovagando.info
gnrlive.com
ukmilf.org
aorange.com
www.old027.com
folderscout.com
www.acc-elearning.net
quanzhou.tel
www.wpkniha.cz
www.yin-tai.com
www.aikmar.pl
juhuacao.com
todowoxter.com
www.slak.nl
553473813.paipai.com
puroartejoyas.com.ar
checksiterank.com
eflowercanada.com
katz.cd
stockmarketindian.com
skinnygirls.biz
maxxivoice.com
www.bjhongtaiyang.com
ltc-asaph.com
lomishop.com
www.eyko.hu
11ys.cc
big-y.blog.so-net.ne.jp
bengbu.ganji.com
www.kld188.com
club.isso.com.cn
www.gpxz.com
www.paoup.com
seducedbyacougarpage.com
lixiviate.puk.ro
www.le-tickets.de
pet-services.org
dmeiji.com
www.ag8.org
sesexxx.info
abcmag.ru
aq.xafc.com
9zeci.ro
najlacnejsinabytok.sk
www.kvados.cz
ksi-45.ru
boheju.com
dybdahl.dk
capriceerotic.com
37go.net
www.256se.com
kde.org
mitao123.spaces.live.com
wlppwnkrfc.freeblog.hu
careercc.com
whvb.nfdy.net
www.szkuaidabw.com
11incock4daddy.a-lsawards.com
directorybay.net
covarono.wop.ro
a-c.2-d.jp
redlibre.net
hobst.wop.ro
www.nfcpgx.cn
sprout.wop.ro
www.llqbbs.net
jobinweb.ru
www.acme-cn.com
news.pchome.com.tw
avcesar.com
gamerside.pl
zcool.com
www.melnik.cz
seocheckstats.com
torchbea.wop.ro
unconfuted.wop.ro
rdiff-backup.org
mgscl2.com
jjdbb.info
jqtsyxbtjpb20m.1168.tv
katibunk.wop.ro
xdsn.nfdy.net
vb6.info
theinvisiblewarfullmovie.blogspot.dk
trmex.ru
xecy.78.cn
bookmarkinglink.com
themindmuseum.org
schneids.puk.ro
bld166.com
mm.444kx.com
www.pixy.cz
igamingsupershow.com
ww.51mlw.com
lfzart.com
www.czppk.cz
www.wsfenghe.com
www.gzyaoyao.com
kenhcuoi.net
artbyfeng.com
famosa.wop.ro
www.szzkfk.com
guihuaxiang.com
numero-tva.info
oks.ro
caominghuilawyer.66law.cn
tran.cnsb.cn