conformo.wop.ro
www.nn-huazhijie.com
nanoriff.info
enlive.pl
wap.62141.net
premiumapparel.co.nz
wap.yytou.com
medlibrary.com
quickbr.cn
thibaud.be
www.exjob.cn
www.cntaoxin.com
neijiangganji.qiannan.org
amdocs.com
www.998rr.com
fers.puk.ro
tajemniceebiznesu.pl
conard-pyle.com
speedtoservice.de
www.klmyfy.com
klmnxtsw.blogdetik.com
lr58.com
lowagie.com
ruletaonline.biz
www.130kkk.com
djdiablo19.wrzuta.pl
radiobosanka.de
guihuaxiang.com
indexsignal.com
se.234qsw.com
madamefigaro.jp
stovesareus.co.uk
hydrogode.euwww.wop.ro
web.software.informer.com
suchetadalal.com
iol.co.za
topnewsongslist.com
www.qjsf.info
onefrugalchick.com
lazzero.info
transora.pl
icdiary.com
med.ly
nashe-kino-online.ru
3designer.in
ringer.wop.ro
iwantthatwedding.co.za
www.apxinchao.com
sz.454.cn
mbkgoi.de.vu
bbbgreen.info
jurel.nl
jwfu.com
wazzeg.hu
evimax.hu
standingwithhope.com
mountsouthington.com
webgarden.cz
www.eu.cz
ndrproject.pl
golteras.webs.com
rtg-mag.hu
www.jia789.cn
www.qss.org
growtallcn.com
europeanhedgehog.webs.com
a-pay.net
aslteramo.it
ville-larochelle.fr
www.dsiys.com
kinoagentura.cz
yabvdul.ru
www.jun.pl
989.la
oneblackberry.net
crushforyou.taobao.com
801102102.pl
thecut.com
www.itdsy.cn
professortwist.co.uk
www.su8.tv
viaway.com
somosblogs.cl
meblog.biz
alkos.info
www.dnf7z.com
hapi.5d6d.com
euraka.taobao.com
jundao.78.cn
adultpic.info
futureoflaw.pl
chesenterp.com
gruntek.digart.pl
mjmgyfbq.uintu.com
koevbqzvuz.freeblog.hu
6548.nfdy.net
apc.org
www.d-ku.dk
irishmusicforever.com
tentingmiper.blogger.hu
yvpg.nfdy.net
vivlajeunesse.fr
centurion.bb
izuit.be
globalgenealogy.com
yaponist.com
androidvzla.com
srovnavac.cz
12mv.info
www.cpa96.com
yourupload.com
atticlab.pl
hippostudios.co.uk
99taobaoke.com
megavideomovies.net
docbase.us
www.xrks99.com
www.886tt.com
deng3636.blogspot.com
mar.gy
fona.dk
ry.3kb.cc
ludis-media.ca
c.gouwuluo.com
www.tibetol.cn
www.277tv.com
feniks5.ru
survivalcenter.us
www.sddnmy.com
xnrszx.com
666666hc.com
www.avbieshu.com
oetv.at
mylandsgame.info
dni-afryki.olsztyn.prv.pl
lim.by
www.itek.be
madridadas.com
gzjs.gov.cn
hq.emoney.cn
padanianet.com
lo2test.tk
www.kmyzl.cn
www.laishanedu.cn
kosoft-ads.com
illuminex.co
kaminoyu-onsen.com
nda.blog.hu
affiliatesoftware.net
nj.newssc.org
commissario-paganini.com
bz.net
stopfrequenturination.com
k154.sew08.info
hychess.com
soloadblaster.net
www.ccvic.com
southerndrycleaners.com
www.jcnews.com.cn
www.phpbb.cz
unbossed.wop.ro
trance.nu
ceciliestaude.no
cosmetik.es
pewdiepie.net
g682.com.cn
cpaflow.com
seat-farum.dk
milkov.ru
yuelu.gov.cn
workinjuriesz.info
seostatschecker.com
saunmusic.ru
clubepe.fm
www.mianmo90.com
royaldesignstudio.com
blazomania.com
x7777777.info
ournewfutures.com|pageglimpse.com|www.lylxw.cn|www.lmmw365.net|chinataoci.taobao.com|www.xyboke.com|www.holidayhalters.com|www.aegle.com.cn|nj.abiechina.com|xocm.265link.com|www.zhongguo315.com|www.time2008.com|www.yinyin.in|www.retardipedia.com|www.tsyxyj.net|www.sss5678.com|wz.17u.com|www.chinshiro.com|www.shszc.com|buddyhankband.webs.com|www.cdipit.com|libear.com|stix7.com|bbs.007.mx|adultscriptpro.com|hanadai.puk.ro|mba.la|aswagna.net|axhk.nfdy.net|laterco.bloguez.com|emergency1.software.informer.com|www.wztd168.com|oarsmanship.wop.ro|gobysoft.com|www.hubeitour.gov.cn|www.dozon.cn|www.xshpjy.com|icamtech.com|icamtech.net|www.pcpeizhi.com|clearwirelesscomplaints.com|www.77737.net|www.zhangui5.com|52zipper.ywkj.tk|zange.wop.ro|www.gpxz.com|gdus.net|www.3kkx.com|www.qipill.com|www.qg-knives.com|freelancejobs.org|firk.puk.ro|www.dv789.com|www.udiyi.com|heb.xdf.cn|www.chinajchy.com|www.baimao.com|elsword.es|scellaie.wop.ro|sndy.nfdy.net|webgarden.com|zhidao.huarenblog.com|543449.com|www.taolegou888.com|www.shsw888.com|www.68vvv.net
euphoriabux.com
www.fjit.gov.cn
8.lhc49.info
networkingcity.com
pornotri.ru
www.majestically.nl
191av.info
acemasters.org
wpfen.com
btf-steyrermuehl.at
livrariart.com.br
centrum-si.pl
dnn-online.de
www.tydcp.com
deperditely.wop.ro
accommodationknowhow.co.uk
www.worldtravelbook.info
srjx.cn
www.bct321.com
www.qqsdh.us
suueden.puk.ro
www.recyklujteshasici.cz
gdristrutturazione.it
gvn.co.jp
xz.gov.cn
securitysystemshomez.info
www.pangu.us
www.zccs.cn
www.qashuma.com
claypoolseth.tigblog.org
dirdisk.info
uir.ir
calmix.com.ve
animeron.info
umzug.info
dgamgia.ru
www.59zz.info
www-gree.net
inrussia.us
anitan.tv
watchoutnow.info
optumcoding.com
greenfrontiernc.com
phoinikas.com
higueria.blogspot.com
himaidou.com
36588.com.cn
livepages.es
sp-gg1000e-generator.info
www.0520baidu.com
429674020.qqku.com
yandalo.com
mp34u.fm
alturacu.com
internet-intelligenz.de
shop.021021.net
rivierasun.net
luohe.com.cn
spoliate.wop.ro
linkz4pr.info
www.5ask.cn
meleee.com
khacgiacong.com
www.11tp.net
shini-pitstop.ru
56kompania.pl
ernas.tk
sesexxx.info
www.world-china.org
beararmsbrevard.com
www.melnik.cz
www.yatingge.com
amdbelikamen.si
z77v.com
madebyevan.com
ppj.gov.my
www.nikeshoesid.com
progression-asia.com
profiredefense.com
jerah.wop.ro
f0ur-stroke.tumblr.com
sdhcclass10card.3ia.info
jiajiayou021.wanye68.com
www.pttsw.com
elfii.digart.pl
start2000.net
legoindianajones.se
metrodesk.com.bd
nikkei.me
parcoforestecasentinesi.it
www.xunbao173.com-mhzx2.info
financiarul.ro
7899g.co.cc
www.123dbc.com
tanachau.vn
dailymakeover.com
gourmet.goo.ne.jp
wallpaperhub.net
www.aqylsy.com
versatel.nl
online-24-7.ru
rotarycorp.com
www.mawow.com
politecnicojic.edu.co
aboutus.org
massagemanual.com.ua
itzelpixel.com
seguroautofacil.com.br
aplweb.co.uk
xtremetrafficarbitrage.com
perepel.com
neirong.funshion.com
reservesocial.info
qmrg.org.uk
www.556.com.tw
freeverticaljumptraining.com
ania098.pinger.pl
bentre.edu.vn
thingsengraved.ca
nfl-uniforms.com
acetenyl.puk.ro
descambiar.wop.ro
www.ypsdy.com
getsawed.info
tfwc.nfdy.net
mastermagazine.info
uhaubywdc.bloguez.com
3erat.com
jlonline.com
www.app17.com
jlsina.com
cyclonist.puk.ro
ujpibubu.fecsegj.hu
linkkick.info
ericprogram.com
chinahouse.info
prostrahovanie.ru
ohlahotel.com
top-40.startpagina.nl
tswelopelechemicals.co.za
sda-designs.com
prochowice.pl
allonym.puk.ro
vqzs.lizhidy.net
sdust.edu.cn
membraneous.jusin.switchkeeper.wwwwww.wop.ro
www.jxeea.cc
www.himypc.com
www.inrr.net
qbduqnxb.freeblog.hu
houstonpremierleague.com
ctv.com.tw
novostji-leta.zl.lv
awaiters.wop.ro
kksebo.com
happyrainumbrella.qiji55.info
byoou.com
www.xy178.cn
tep.com
giftideasholiday.com
8669225104.phone.searchwww.com
repourvo.puk.ro
fujifilm.com.mx
www.vinavl.dk
pensionhotel.cz
www.jlmpraha.cz
wegather.com
aleksnovikov.ru
calentamos.com
kobelco2103.jp
blogcharts.net
haifanliwang.com
nuovaelettronica.it
gaixinhvietnam.info
qiqiang321.com
log-house.com.pl
pliggcms.info
musicfactorydirect.com
www.chn17.com
www.dagez.net
plmlemax.pl
xuxidi.com
remanded.wop.ro
www.w163.net
www.cocotan.co.jp
www.splav.cz
www.rimei1.us
equityhomeloan.co.uk
magyarallam.hu
cc.wwmmm.net
highenergysupport.com
dragnet.se
plcm.pl
goope.jp
projectego.net
jamespolanamusic.com
www.4949.com.cn
thenfdf.org
cnf-crew.de
www.lzlfanli.com
www.owww.cz
unsrat.ac.id
knightonline.tv
jkbjam.info
www.2306.cn
gdzierezonans.pl
zeitrech.wop.ro
www.hzy7.com
www.ref.so
avangarda66.za.pl
ucdavis.edu
indianplayschools.com
www.pladashop.com
nowa.su
raiffeisen.al
nnn21.com
eramika.digart.pl
omniatio.wop.ro
www.80av.in
darkmillenniumonline.com
droh.puk.ro
yiww.eknanke.com
dojindd.com
www.ss0476.com
www.666xa.com
www.yzav1.com
glitz.bdnews24.com
sony.co.za
mobly.com.br
1bu.co
x10demos.com
huiten99.com
qiksexe.info
toplistenserver.info
sissiviaggi.it
3529888.com
amupmdc.org
sbokeys.tumblr.com
allegro.pl
rinaldimunir.wordpress.com
www.c13051403391.co.sonhoo.com
ktabe.com
youthalternatives.com
yh6m.qiwen5.com
unholiday.wop.ro
wap49tm.com
vijfvoetig.puk.ro
myweb.ru
socialbookmarksitesfree.info
web4travel.co.za
carpetcleaning-belair.com
rpg-directory.com
www.cet6-cet4.com
dispost.wop.ro
www.194a.com
www.cnsuishiji.com
realestate-projects.info
c-date.at
natacioncrtc.com
hesperides.nl
806z.com
sidmailserver103.info
www.fzq686.com
chuan1.diandian.com
kxfzg.wh.cn
sealonline.com.cn
hojyo.wop.ro
jisko.ru
holidaypromo.info
www.wqgw.net
www.fsaoxi.com
faria.wop.ro
sheu.wop.ro
ekr13.info
borda.qip.ru
life-of-brian-full-movie.blogspot.cz
antoinezone.net
www.fansktv.com
greenbag.pcds.com.cn
www.juese123.com
zx00123.blog.ifeng.com
mui-ne.anantara.jp
www.0510anmo.com
kubuntu-art.org
kockafej.net
www.mwomen.org
webnoviny.sk
free-brushes.com
graphicdesignforum.com
mj9o.qiwen5.com
5o5o.info
zahlreich.puk.ro
hx.goojje.com
sejarah.info
lcxd.5food.cn
66066.info
istria.info
silvereaglecoinsus.com
www.shuoml.com
www.history.ca
ps2.ro
www.bate.hu
hkbuas.edu.hk
rolkenway.webstarts.com
kirinuki.jp
sunsonic.de
dooperelle.pl
kupildoma.ru
wangpengyu.com