www.fsyhx.net
mmodelisi.com
filthyriches.com
www.1-l.cc
nogre.blip.pl
atompoli.puk.ro
myjazabha.tk
thecheshire.co.uk
ngocphithuy.vn
leblogdecomydz.fr
inspiranic.com
flooyd.digart.pl
webtrunki.pl
fanlidg.com
mesto.zp.ua
joswide.blip.pl
bestrank.info
allied.edu
www.hiacynt.pl
www-paloma.com
eduquiz.info
ayna.az
blogjardineria.com
bartnik.digart.pl
medla.wop.ro
www.zwgay.com
hupan.net
mp3letoltes.info
foto-pasja.flog.pl
4kbbs.com
mysticalclicks.biz
aggelies24.gr
uetu.reexperiences.wwwwww.wop.ro
sewrightgifts.com
hms100.hyves.nl
fashion.365jia.cn
dsr.com.pl
ruez.eu
entermedia.mx
gs.189.cn
gz6t.com
perc.org
voo2do.com
actmyself.com
www.ha666.com.cn
installb.info
kurd.me
djfm.ca
legia.com.pl
hirlevelmanager.hu
saludnavarra.es
tekichuu.puk.ro
apne.tv
324324.name
1cpvlab.info
shidohikaru.digart.pl
filmeonlinehd.biz
master.jesusdavid.es
e-entertainment.biz
challa.wop.ro
follado.puk.ro
www.yyhair.com
www.jetzt.de
linkstag.info
adnx.com
groochus.pinger.pl
waphww.tk
08cup.mlap.hu
angil.net
burjan.fw.hu
trapaniwelcome.it
praca.gov.pl
roweryokey.pl
linux.no
humh.nfdy.net
2938.ir
dach.de
eimet.wop.ro
www.lmc.eu
www33wq.4dmn.com
sso.go.th
freeeeworld.info
asiayone.wop.ro
alcalahostal.com
www.c8051jiemi.com
mxd.cn
copipe.info
x8hh.com
maqc.nfdy.net
agarik.fr
www.schizoid.info
computerworld.pl
thetruthnews.info
ciounuzztiwee.zikle.nl
velo.flog.pl
ingatlankorzo.hu
8tz4.56dvd.net
verrecks.wop.ro
pixbaz.com
sexehook69.info
studiengaengen.wop.ro
akkord.in.ua
camelsounds.com
fetishlinks.ru
costajob.es
guolaotai.1168.tv
codeq.info
toert.puk.ro
banban.so
www.fz365.net
jutting.puk.ro
uncabled.wop.ro
www.akcjonariatobywatelski.pl
kouryuun.puk.ro
admin.ev123.com
knallharte.info
ershou.xtfw.cn
geoforum.pl
streamingsexehot.info
chachala.com
medications.wop.ro
elcorral.com
www.funshi.org
www.yihu.com
umgepflanzten.wop.ro
bintig.wop.ro
foz5.56dvd.net
logol.info
tupytaj.pl
prudentcorporate.com
rimmed.wop.ro
xzlw.dzz.cc
jiriurban.cz
romantunnel.info
notiziediprato.it
adsrvr.org
cacocoa.blog.so-net.ne.jp
one-living.com
mcs.gov.sa
52jrsh.com
frinklinspeaks.mu.nu
g.34ls.com
mia.be
350922.fjsnw.cn
bljesak.info
opennetworkers.info
espasserelle.net
stattracking.info
6dsd.nfdy.net
studiorasch.pl
4zb7.265link.com
demivamb.puk.ro
laufmonster.de
seufzende.splijthouten.radicose.afzaging.attainture.loquet.wwwwww.wop.ro
lula322.salon24.pl
veyknvye.freeblog.hu
apostleofspeech.org
seo-engineer.info
wmurphy.ie
properm.ru
www.egov.md
pariera.puk.ro
slownik-online.pl
purduelug.org
www.xafk120.com
sankygz.com
ado1.software.informer.com
www.delsin.org
mfl1.k3y3.net
bese.info
recouverte.puk.ro
phonho.info
guuin.puk.ro
aankeft.wwwwww.wop.ro
dissentere.puk.ro
ccarb.org
rotundas.puk.ro
angol.info
emusar.org
tower.org.pl
guihuaxiang.com
kangokei.wop.ro
aktivtraening.dk
konrei.wop.ro
lolaw.wrzuta.pl
chuangbo.li
fleggaard.dk
a2.ee55.info
eu-go.gov.pl
33223322.info
filesonic.jp
4148152.c.mychemy.com
mammagalan.se
artemisi.puk.ro
www.d7988.cn
herzinfarkten.wop.ro
culsexedesir.info
taobao09.5fa.so
prnf.info
freshtodays.info
cdig.info
kupitigra.ru
gonweb.co.jp
karp.fi
comerafuera.mx
iphonegen.fr
sollevi.wop.ro
nonfinis.puk.ro
99bill6.com
el-paso.tx.us
vn.answers.yahoo.com
expertlink.info
22beats.info
remis19.pinger.pl
pomorskie.eu
bollyhub.info
51wenshen.tel
www.ofcc.org.cn
hack44.cn
www.metina.nl
5htp.org
orangecoastcollege.edu
coord.info
52yinshua.com
d4digital.com
iwaimai.net
bbs.xjzjxh.com
ismar-society.org
annoiati.wop.ro
affaisserions.puk.ro
www.pornopaarden.nl
vesturrost.is
piqs.de
healthfreedom.info
bitaddict.org
bmarksservices.info
pantz.org
abbye.wop.ro
funnyfur.com
hshewl.com
ourdogs.co.uk
adfest.pl
9877.com
crays.wop.ro
perugia.it
hughes.in
georgiawebcrafters.com
mypdfdownload.info
tvptv.com
97md.org
rscs.cz