sclf.org
libellules.ch
taihi.wop.ro
hostingreviewz.info
culsexedesir.info
gig-news.pl
voipphonesystemz.info
profumo-clic.it
4444kk-823a.tumblr.com
www.uniqa.hr
wap6c.com
foste.wop.ro
www.platan.pl
bbs.pnol.net
www.leiyun.me
kavkaz.ge
achehnes.puk.ro
cellutitis.org
www.lmc.eu
dawida.wop.ro
exb.co.nz
fbifm.com
fe.aiao.cn
federn-forum.de
feest-spandoek.nl
fehlanzeigen.puk.ro
felixwoo.com
fencepicket.info
madenass.wop.ro
fengdingcn.org
fenghuolun1.com
fenlei.yihubaiying.com
ferndalepride.com
fesamics.com
feuerwehr-borken-hessen.de
fezpeanut.tumblr.com
fflian.com
fgw.xjalt.gov.cn
fgxiaolanpppp30m.1168.tv
fi33.com
fiblo.de
fikvhrja.blog.mongenie.com
filipetto.com
filtraie.puk.ro
filz.puk.ro
finance.dllp.cn
findfaster.org
findwebstats.com
firedog.puk.ro
fishingjunkiebanchan.naturum.ne.jp
fiss.me
fius-kifestok.kifesto1.hu
fj.189.cn
fj.house.sina.com.cn
commuerez.puk.ro
ifilhome.com
goo.pl
saplace.info
fjblogger.com
fjcqsz201117.21food.cn
fjyel.com
flodistro.com
florinpainting.com
flugelman.puk.ro
fluid-controls.cn
focus.jrj.com.cn
food998.com-yzm520.qzone.qq.com
forexinfocentrum.cz
fornication.puk.ro
fortlauderdalegaymenschorus.org
forum.maxthon.cn
fox.com.au
free.fr
freediveblog.com
freemoviesto.com
freewebdirs.info
freewebsitesubmission.co.uk
freewebsiteworth.org
eu1l.qiwen5.com
hopelessrecords.com
frenchentree-languedoc.com
fscyzg.com
fuchsmichael.net
fuguixiang.da.vancelle.net
fujian.qyi168.com
lzuu.lt
odludek.pl
internationalplayersassociation.webs.com
hospicernd.ru
meadowridge.com
uswares.info
www.jcow.net
eluxury-replica.co
british-centre.ru
kcbb.org
funedu.org.ar
fushun.chinaibi.cn
futura.org.br
futurodepresente.intel.com.br
fxet.210000.org
fzpu.nfdy.net
gazeta-tejkovo.ru
gehemelden.wop.ro
geleverden.puk.ro
geniessende.puk.ro
genomeinformatics.org
genot.wop.ro
getintheloophouston.com
godmother.fecsegj.hu
gs.tinyin.net
gsdh.k3y3.net
com-net.info
guayaquil.usconsulate.gov
gurullada.puk.ro
orlinos.blip.pl
gz.58.com.cn
gzcvheyjamvwcf.blogtrue.com
gzelectrolux.com
gzsdjck.com
h4g.co.uk
hackver.fad3.net
hades2011.pl
dem.1ue.pl
haijiangdy.com
haishun88.com
halloweencostumevampire.net
hangyujy.org
happy.ccsakura.to
harmsway4kids.com
harry-potter-4-full-movie.blogspot.com.au
www.emsdy.com
pligglog.info
samoha.digart.pl
www.dsj.de
local-mover.info
dazs.66law.cn
hs-heilbronn.de
3dcrystalshop.co.uk
shop-quick-cart.cz
hcai.cc
hcbbt.net
hdantennaconverterbo.9see.info
hdk-kwbbelchatow.pl
he.189.cn
healing4heroes.org
healthservicewiki.org
heavyrevy.com
hempseeds.pl
hfnhivmy.freeblog.hu
anbaa.info
hgzb.baidajob.com
mymobiles.info
hhstyle.pl
hials.no
hiasiewapad.blogger.hu
himin.gz.cn
himmelreichhuette.de
hipercole.net
hiro-games.com
hiry.blog.so-net.ne.jp
hitek-blog.com
hkirscout.org
hktkw.net
et1y.k3y3.net
hobley.wop.ro
hopoff.puk.ro
watchoutnow.info
huntermwr.com
igoex.com
saafe.info
igyvezetunk.hu
industrystock.it
invaren.wop.ro
isladelburguillo.es
its-sport.de
j-garage.co.jp
jabo.wop.ro
jacquieaiche.com
jacweb.info
jadr.de
hottsex.info
jakehi.wanye68.com
liuzijun.com
jamsonchina.com.cn
www.15bs.com
jbhxiaoercwkt.1168.tv
jbk.39.net
app-india.org
jbofscfrbi.blog.mongenie.com
jcjrfbzs.blogger.hu
jedistocks.com
zdolny.eu
jegyelovetel.hu
jena-im-wandel.de
jeparafurniture.com
jeuxmaker.com
jf-castelo.pt
jf.wgdnf.info
jf6d.uqc.cn
jgmalvqiyd.blog.hu
jgyy.wst.cn
jhkcrejiee.freeblog.hu
ip.5w.com
jiaju.99114.com
d-h.st
jianduedu.host4.idc136.com
jiangmen.job001.cn
jiangsu.martianreptile.com
jilin.ucar.cn
jinmmd.info
jiuyangshenguo.1168.tv
juegosdeben10.org
kaznet.info
kdu.cc
khaos.info
khoctham.us
kill.online.cq.cn
www.xy09.info
www.jswht.com
www.linode.im
kneppesexedepiger.com
qualitech.info
koelntourismus.de
korenat.hr
kuzamani.puk.ro
legman.wop.ro
www.uetd.nl
linkover.info
52apple.66rt.com
logiprint.es
luft.wop.ro
lzyxe.wanye68.com
malaghet.wop.ro
tarmak007.blogspot.in
martyniarzek.digart.pl
maxtelecom.bg
mcronous.webs.com
megasky.nl
mia.be
midweste.puk.ro
mirabab.fr
misnegocios-online.info
miyajima-wch.jp
momsfocusonline.com
monsterdrdreheadphones.org
moonpixel.com
mortycjamcgonagall.mylog.pl
mushines.wop.ro
myc.com.tw
mymotor.fr
neighed.wop.ro
neonteam.hu
new-jav.info
guihuaxiang.com
ruthful.puk.ro
newskaz.kz
zs.91.com
nissanklub.pl
polantis.info
nivea.digart.pl
noelgallagher.es
nonwovenbags.blog.163.com
ototo.puk.ro
desv.dict.cc
nyti.56dvd.net
o.rdy.jp
onlyfloor.pl
ooobelogorie.ru
oqqw.265link.com
osimatou.puk.ro
osyaku.puk.ro
overjob.wop.ro
pakir.wop.ro
paslek.wm.pl
tiendastore.net
pawelsawicki.digart.pl
paypal-marketing.pl
pdry.wop.ro
www.vdolady.com
pemadam.org.my
personterra.info
dobrapizza.prv.pl
piciasso.digart.pl
pigames.net
pill-counters.net
pingry.org
pit-gazeta.pl
pizzasibiu.ro
pjentaszeq.digart.pl
planet.hellug.gr
pnet.pl
polysporic.wop.ro
prerecor.wop.ro
adwheel.pl
pressenet.info
pro-quote.de
foolcars.com
prtq.info
tousokuh.puk.ro
q-store.vn
thuthuy.wop.ro
midcare.se
qbusiness.pl
r66.cn
radioparty.pl
radiowawa.pl
rank.509.jp
rapszodi.puk.ro
readymade.prv.pl
remisivo.wop.ro
namena.wop.ro
www.puig.pl
epity.pl
remusmunteanu.ro
reunie-bolsward.nl
myvtiger.it
ribaltan.wop.ro
ricksworkshop.org
rlzb.210000.org
robsequin.com
rommendo.wop.ro
rotundas.puk.ro
myforex.ch
rtg-mag.hu
rtlnitro.de
admoto.pl
ruez.eu
rusfootball.info
ruspod.ru
appsku.com
rwyj.nfdy.net
sabuska27.digart.pl
saidairi.wop.ro
scargill.net
ja-jebie.pl
scenari-platform.org
se.se
668h.net
castres-mazamet.com
seeger.wop.ro
seiken.vn
seizure-music.com
k12.ky.us
sejj8.info
seminarr.puk.ro
sendsms.ssl.mts.ru
it-notebook.org
shibobo.cn
shinkai.puk.ro
shop69400576.taobao.com
shopgiay.info
sinfest.net
sinoptik.ua
siodme-niebo.pl
siplex.pl
sitadex.oepm.es
sklep.avt.pl
skytube.jp
slakhoor.wop.ro
smartjobs.com.pk
smeet.de
finanzdefinition.de
smilecom-usa.info
soaz.artblog.fr
axa-polska.pl
solveren.puk.ro
sortere.no
sortesokker.dk
dj.kenhdj.net
souris.digart.pl
spicynodes.org
sspops.prv.pl
stahnu.to
adswaps.info
maratona.it
avvieres.puk.ro
boerse.wop.ro
statseks.puk.ro
streetmusic.pl
mugong.cc
studentsoftheworld.info
kangoshi-g.info
studiengaengen.wop.ro
stykaa.wrzuta.pl
saarig.wop.ro
subgit.wop.ro
sukienki.eu
sumy.ua
sundiscount.eu
maxabout.us
suretish.wop.ro
offroader.gr
ewuska497.wrzuta.pl
sweetorange.pl
symtab.wop.ro
syougais.puk.ro
szzhudi.com
t39.us
t78a.qiwen5.com
lionsbromolla.se
taggin.com
kcf.cz
2015.emperor-group.com
1821.ee66.in
financesmallbusinessz.info
dietforlosers.info
blog.kazulo.pt
benq.com.mx
modosa.wop.ro
usa.info.pl
mostradores.org
coupongravy.com
comic.52pk.com
www.ams7.com
insex.xiucai.info
usma.edu
honeyflower.puk.ro
baystate.wop.ro
sublimetext.info
eschaton2012.ca
ajada.wop.ro
chocolatetcaetera.fr
omosiro.info
www.cqycw.com.cn
azindex.info
www.mhzx8g.com
2004rena.hu
kamalov.uz
666686.info
lustube.com
alatest.pl
cartuning.cz
kellyfamily.pl
bbs.tech.163.com
goorny.com
lamam.wop.ro
gplusviet.com
cheaplink.info
www.fyjzgs.com
adpedia.pl
prepaidcardsupport.com
dasezhan1.com
anthonyrobbinsfoundation.org
thalassery.olx.in
jhltoys.info
gersimi.pl
hkbuas.edu.hk
0769himin.com
www.mesda.de
517111093.qqku.com
hogs.puk.ro
abclive.tv
www.chinawz.net
britishgolfclub.com
whatissocialbookmarkings.info
idesktop.tv
extermineront.puk.ro
devastando.wop.ro
lokale.nportal.pl
easg.56dvd.net
5zgz.k3y3.net
bodeboca.com
ducros.info
88.ggtt.cc
b52.blip.pl
aquafantasy.it
www.jlkeda.cn
coautilities.com
girri.blip.pl
cebyp.1168.tv
ratatouilles.puk.ro
kmbbs.cn
fujyo.wop.ro
evc-cit.info
anielsko.net
compass.com.pa
socio.ch
casa.r.gd
tures-aurina.com
factored.wop.ro
sharethebrutality.info
www.001union.com
iie.org
mypetducks.com
cs-swat.pl
tiavehol.bloguez.com
bajou.puk.ro
alleviar.puk.ro
freelinks.me
socialbookmarkingsubmissionsiteslist.info
giothangmuoi.info
komna.wop.ro
trainingyourlab.com
hb.newsccn.com
27324.info
71gh.qiwen5.com
canald.com
pps.im
www.crbook.cn
www.snowvillage.nl
2flyteam.pl
dsthdd.cn
chuvs.prv.pl
superdeals.my
szukamszczesciaa.pinger.pl
barredevie.com
wassalbert.lap.hu
machotesx.com
wojtiku.blip.pl
zengojuryu.com.br
appdriver.jp
italiadeivalori.it
mypds.co.kr
9mv.info
takyuuda.puk.ro
saraltaxoffice.com
talon.cz
easyart.de
tankauto.eu
tattoo-design.ru
tattoos-gallery.net
tclokaue.de
capriskye.com
www.aidai.en.cm
techkings.org
telegazeta.tvp.pl
terrasolusi.net
the-expendables-full-movie.blogspot.it
mameo.info
thongdiep.org
nsx.pl
tntyp.com
trademarkregistrationindia.com
treillage.wop.ro
tricksnew.info
triponline.hu
truth.sk
tupale.org
horripiler.puk.ro
tuzfeszek.hu
tvasta.pl
financiarul.ro
tweehoevig.persianu.wwwwww.wop.ro
ponisha.ir
umgepflanzten.wop.ro
us.is
www.daiyun.asia
nocking.wop.ro
utajeno.cz
uu9c.com
cinerama.no
vespucionorte.cl
vklube.tv
bozydar.blip.pl
vorhaeute.puk.ro
odpowiedz.pl
weaveman.info
bbs.0so.so
wetterleuchten.at
aqhamembers.org
aforizms.ru
wfyang.blog.51cto.com
whiskylive.ru
wikitags.info
wilczyca169.pinger.pl
williamlong.info
wmr.flog.pl
womenfreebies.ca
acclaima.puk.ro
wowedge.info
wsex.pl
www.021026.com
period3.to
www.038300.cc
www.0769htk.com
pcw.it
www.2729.cn
www.66fs.net
www.biblia.pl
www.bosup.info
www.caesar.it
www.china1702.cn
diestandard.at
www.chinarural.org
www.christianfoto.hu
www.combat.hu
www.crwstc.org
www.daliuliang.info
www.dazhongjy.com
www.everhost.nl
gratis-sexseiten.net
www.fjau.edu.cn
www.g4qq.4f9.org
cafeanimal.pl
www.glq88.net
choubats.puk.ro
www.gogyy.com
www.haichuntools.com.cn
getmysite.info
www.hapitu.pl
www.hongchaseo.com
www.hvhsa.com
www.inbook.net
www.iuse.com.cn
www.jhu.cn
www.k-n.com.cn
www.lelv001.com
www.lfzmcs.com
www.lhi.is
www.mgb.pl
www.mkm.ee
www.moof.pl
www.mypress.de
mankan.ojaru.jp
www.nbyzedu.cn
www.newstartchina.net
affinitygarden.com
www.nike168.biz
www.nixiou.com
www.npx700.com
www.oiopda.com.cn
atehenmei.com
whengeniusprevailed.comolyxkp.wordpress.com
www.pottia.net
www.pradziad.pl
www.psc.pl
www.pszfs.hu
kedzior.digart.pl
www.pyxxw.net
www.quickpai.mobi
www.revco.ro
www.rhxy.cc
qeus.210000.org
lzqf.net
www.romfilmpromotion.ro
www.segou.in
www.skbbs.info
www.smetc.net
www.speedmeter.hu
www.sppac.cz
www.stpaul.gov
www.szeb.edu.cn
www.taian.gov.cn
www.textera.se
technoboard.pl
www.tyfloemploy.org
szafranowy.eu
www.ueafc.org
www.wdzj.net
www.whzjjz.com
www.wizard101.pl
kercmeluana.blogger.hu
www.wpc.me
www.xxx225.com
www.yc18z.com
www.yezicheng.net
www.yiku.ws
fais.biz
www.starkl.pl
www.yiren1.co
www.youthinfo.biz
www.yuansubuy.com
www.zhihuilc.com
www.zhzsgc.cn
www.zmqgsp.com
www.zuidaowei.com
wycker.com.ar
wzl.pl
xiecheng.info
xlcg.taobao.com
xoso.wap.sh
yasudaju.puk.ro
articlemind.in
yirr.nfdy.net
yo24.pl
zbychaha.prv.pl
zeedclub.in.th
zelen.ru
zettinge.puk.ro
zgtuango.com
www.cast.net.cn
zhdf.dz.vancelle.net
zyiis.com
0823.info
0dyl.qiwen5.com
100mega.cz
114.dnfire.cn
17xxpp.info
modicums.puk.ro
18158.net
18mei.com
1a-ads.si
1sexhotlatin.a-liveprivates.com
2009.gnome.asia
24x7-spb.ru
2lj.info
hupan.net
31177.com
3xx.biz
4led.hu
4xstrategy.net
52843.5c5c.info
575pp.info
5847.210000.org
musicscene.org
585ccc.com
chaoshengbo.org
5862095813.phone.searchwww.com
6e.sterinna.osa.pl
6vii.qiwen5.com
7k7k7.fad3.net
9.atvtm.info
a2zsocialbookmarking.info
aaagreen.info
toplawfirmsz.info
aanga.puk.ro
aankeken.puk.ro
abating.puk.ro
abbrunar.puk.ro
abenyu.puk.ro
gdziejestdziecko.pl
absurdness.puk.ro
acatist.ro
accedo.tv
admin918.com
www.hbrp.pl
agenziascuola.it
aggiornamento.puk.ro
ahrtos.de
vedaprezivot.sk
logos.md
frp6.com
it-fans.tk
omspoelt.wop.ro
libc.210000.org
begay.puk.ro
kindle3gforkids.com
1gil.k3y3.net
7gr.pl
kamelot.pl
fabpro.pl
mpcs.keep.pl
ccftn.com
house.info
polsoft.pl
fangka.net