www.hy88168.com
unhaggle.puk.ro
xitaw.com
sjapte.wop.ro
getunia.blip.pl
2manydjs.org
psearch.yahoo.co.jp
jstream.info
ve2cyh.org
devlog.info
hci.org.pl
ykth.210000.org
nazieb.com
bainternet.info
kdu.cc
exoneit.de
fet.digart.pl
antag.pl
mammagalan.se
www.wwzj.net
vuilemmer.wop.ro
guihuaxiang.com
uthm.edu.my
zinelibrary.info
rodrigosilva.info
nzzjenxbpg.blogger.hu
rovo.puk.ro
fairfaxvirginiahomes.org
www.rongchen.org
www.010ci.com
www.630soft.com
yaknge.wop.ro
reptarium.cz
qxf.9998.tv
beskido.pl
www.qxqx.net
byq.digart.pl
partsdata.de
votencmentalhealth.info
roerich.info
alutrada.puk.ro
telefonkozpont.org
www.lto.de
sierrafan.pl
inetsoftware.de
mobileindia.info
terry.ubc.ca
nulltarif.de
g635.biz
woobin.puk.ro
zerschos.puk.ro
nzck.265link.com
977zy.net
www.99sexx.com
www.zengdala.com
twenters.wop.ro
evgenidinevphotography.com
kesaixin.wanye68.com
apweb.fr
jiaowu.scfc.edu
wandelkaart-oosterwijtwerd.istats.nl
toborek.info
www.domwina.pl
www.bzyfwy.net
www.rogavis.no
viudez.puk.ro
xn--kfsv93fnsl2gj.com
gratismuziekdownload.nl
doraggin.wop.ro
prestashop.sk
chinateaw.net
pikanteria.com.pl
www.hvhsa.com
lodib.wbsg.de
mikeallmond.co.uk
debond.wanye68.com
cakenetworkaffiliates.eu
er.pl
www.haproamthuc.vn
humyai75.info
k12.ne.us
dydu.digart.pl
innovar.gob.ar
nni.arizona.edu
sporthaverok.hu
tearz.prv.pl
pocztex.pl
web.9158.com
gartija.pl
www.dtbssc.com
quintes.pinger.pl
workwithjessemeyers.com
shop.668jzw.com
www.haitao9.com
www.smetc.net
kambie.digart.pl
myuoo.com
chinaprivatetravel.com
csgia.org
www.nemtv.ro
feizhouvl.1168.tv
joyousbirth.info
buzzmarks.in
meijiri.info
xxxmgi.wop.ro
revesa.wop.ro
hyoukayo.puk.ro
www.aphlw.net
pantallazo.com.uy
madzii.blip.pl
myvetsfirstchoice.com
jubfond.dk
qqcw.tk
provacafe.gr
sclf.org
anzukurb.puk.ro
thecinemaniacs.com
www.663mi.com
www.animoweb.be
52.ooohoh.info
profitads.pl
chenmiao.0fees.net
moduscrm.pl
asdfgh.puk.ro
www.xafk120.com
cicku.me
www.mint.si
gedoopte.wop.ro
www.aaaa848.com
meczenazywo.eu
dailybooth.com
dailygamecock.net
dailymotion.r.gd
dajunli119.fyfz.cn
dailydieuhoanhietdo.com
se131.xx2100.com
stopverzen.wop.ro
ksmym.bianyaqi.biz
www.xchat.pl
mama12.ru
autofurgon52.ru
www.bjfsjy.com
rundlich.wop.ro
eduweb.de
gudv.nfdy.net
m.gyao.yahoo.co.jp
www.mlsfw.com
popo520.info
kh.edu.tw
nitasrandomthoughts.info
nickcreations.co.ke
rios.pro
hb1tour.com
machinemonger.puk.ro
polonezy.prv.pl
www.emsdy.com
wayneswords.com
52kshu.com
www.cnboo.net
medikalize.com.tr
www.i027ktv.com
www.zhongxuew.com
resnichka.ru
z274v.db3388.com
www.cdsyfs.cn
4doma.info
paulgossen.info
www.tuanmei.net
my.xishui.net
xrpjtruawe.skynetblogs.be
ysnp.gov.tw
www.jncyjj.9998.tv
nu-vapor.com
www.hodeverk.no
newfiesoups.ca
backfire.pl
plusminusnull-berlin.de
gjest.puk.ro
gshc.ch
xixihuafu.com
ozdd.210000.org
park-our.pl
habous.gov.ma
whbz2.com
poleko.mtp.pl
khoctham.us
dey.ch
www.phpyo.com
ng.org
rosca-bogdan.info
vomira.wop.ro
govolo.es
del.999.cc
5577www.seo1122.com
trans-ferro.co
www.icranet.org
uir.ir
silje.prv.pl
abgaberaten.puk.ro
aol.com.co
dososinh.biz
madikka.blip.pl
www.camaroz28.com
socketapp.com
polaid.pl
groupfaces.com
85wq.net
hostzi.com
boogaard.eu
www.sohu.co
adega.info
rinj.210000.org
www.loppen.dk
centurion.bb
adticket.de
jerf.nfdy.net
peterbergmann.info
motyar.info
voxx.info
marcia.edu.pl
abg-net.de
sz.welltrend.com.cn
shunv1.info
okno-land.ru
burnettpainting.com
murderme.puk.ro
firanytkaniny.pl
8.8668a.com
wizardli.puk.ro
5yee.info
codger.wop.ro
www.arcub.ro
www.teleskop.pl
miguelit.puk.ro
bullterrponyva.hu
qqtuan.info
kleinod.puk.ro
devastando.wop.ro
www.97dxl.com
wezenlijke.wop.ro
arabsexuniversity.org
slowakis.puk.ro
www.6565jjj.com
itc.or.jp
www.hbzx.org
free-articledirectory.org
hq.jiaodong.net
aflangen.puk.ro
yplf.nfdy.net
io.com.gt
hume.ufm.edu
surestimera.puk.ro
jinkl.ru
tsp.vutbr.cz
www.buonissimo.ro
senshuke.wop.ro
www.lyang.net
ukparachuting.co.uk
travel-link.info
ketsuben.wop.ro
www.kifesto.atw.hu
news.175r.chu.jp
cdf.lu
halalmedia.my
www.vatera.hu
www.00k0.com
presse-net.fr
houqiu.com
www.72tx.com
deferr.puk.ro
imgtube.info
livetvsport.org
skanaffaer.de
iida.jp
efngif.com
cowardly.wop.ro
busuk.org
its-sport.de
women.gov.ir
www.wissen.nl
primo-clinic.jp
daogou.1688.com
portaldoagronegocio.com.br
www.kalinowski.pl
freenight.pl
checit.info
web-masteru.info
jarx.pinger.pl
mediafire.r.gd
moviegeek.pl
www.b21691.cn
albocine.puk.ro
spnadma.pl
tascam.pl
host24.lt