kpumuk.info
0662.1775.cn
0374.co
denotationeel.wop.ro
www.20ar.com
lousigerblick.de
jno.biletin.pl
digitalab.co.uk
www.cdzledu.cn
blurrypixel.com
www.rosdev.ro
cite-sciences.fr
www.oxatis.es
4ie.ie
internetzarada.org
61dz.nfdy.net
investfunds.ru
finial.wop.ro
watchalcatraztv.com
oopop.info
cfastream.info
minibookmarking.info
bulasmedicamentos.com
radioporusski.pl
detract.wop.ro
wein.cc
rezonans.info
icebergbux.ru
nomi.pl
lootheso.puk.ro
cbimobiliare.ro
bourgogne.puk.ro
jcoa.nfdy.net
wikiutil.info
yishu999.info
bildburg.de
88links.info
caressen.wop.ro
eswupe.blip.pl
kelly-unleashed.net
dziwnologia.blip.pl
www.argus.nc
jordan6969.pinger.pl
nanjing.jzcn.net
ddd.co
dague.wop.ro
starbeach.tv
wrldc.org
inblik.wop.ro
mondomilano.it
lyei.210000.org
unclerkl.wop.ro
shope.info
auroramontegrotto.org
handloom.wop.ro
nines.wop.ro
logos.md
www.lauber.pl
hdsexteen.com
chuanqi.1x.biz
www.spilonline.net
przymorzu.pl
penes.wop.ro
ismb.imaz.info
haznevi.net
www.rugbyforums.com
retea-web.info
piciasso.digart.pl
telekwiaciarnia.pl
bsbrodnica.pl
adiasz.pl
bestsitevalue.com
licoglass.vn
vtmkzoom.be
openclasses.info
hedytjen.hyves.nl
www.gracecz.cz
molochnica.info
bbs.cqafcp.com
triacebike.com
supcourt.kz
eletele.pl
theignatpost.ru
ikidoo.wop.ro
www.qybj100.com
kibisu.puk.ro
cocoon-seminare.info
topnews.com.sg
aapno1.com
toyo.ac.jp
kinitu.wop.ro
dishtvfree.4vw.info
kiss.com.tw
linkfull.info
aarresaari.net
laisladelmono.com.ar
www.jiuhang.cn
stilinberlin.de
womd.info
timmerloodsen.puk.ro
gallows.puk.ro
rbav.us
cegal.es
kotofey66.ru
cr.jogger.pl
corkartsupplies.com
diariovictoria.com.ar
vectro.com
blog.duyao.de
itsbetter.de
news.liao1.com
stepstar.gger.jp
laplink.puk.ro
huangshan.dinfang.net
wulien88.taobao.com
achaia.wop.ro
socialbookmarksubmissionservices.info
congloba.wop.ro
martaban.wop.ro
prpz.info
da.6h.com
cimladonland.ru
vwpx.nfdy.net
musicmeter.nl
www.hedu.at
alkotos.blogspot.hu
toysparadise.com.au
ngc7000.co.kr
campuslondon.com
hbk-concept.de
icms.info
cubuk.polter.pl
bmh.digart.pl
maids.puk.ro
laux.puk.ro
mamekiti.blog.so-net.ne.jp
juicycoutureuk.biz
bullionvault.pl
tutorialsbookmarks.com
linkhub.info
22420.com
marine-gpsshop.info
androidapps.ir
tavi.wop.ro
www.guorenshe.com
zela.ru
www.websas.hu
quanlcc.1168.tv
bbs.ecjtu.edu.cn
ad-bookmark.co.cc
ejka.blox.pl
hkwdh.com
profi-lingua.pl
handelszeitung.ch
codelab.ru
registerednames.net
www.gramatneusiedl.at
zeken.wop.ro
shirator.wop.ro
kvinnene.puk.ro
wsjf.nfdy.net
koutsui.wop.ro
easypanel.fr
heliocom.de
tpcc.ca
www.posuiji520.com
nonk.info
linkassist.info
52ri.info
www.mediatel.pl
shanxi.qyi168.com
snapstore.be
tud3.k3y3.net
lawyers-miami.info
gqhx.k3y3.net
www.munihualqui.cl
mitfcu.org
domainmaster.cz
rflbiab.com.au
menka1234.wrzuta.pl
latajpozakupy.pl
necro.it
campsankanac.org
wmb2.nfdy.net
518tzpf.com
mueblessur.cl
jerifiano.wop.ro
videofy.me
ysvh.nfdy.net
gunma.manzoku.or.jp
bookmarkall.info
bet.nl
www.the-miyanichi.co.jp
halifax.es
nursingdegreesonlinez.info
dcjv.210000.org
glueckst.puk.ro
sdh13.hyves.nl
cp.m6h.tv
49k.uyec.cn
dir123.info