eduzhai.net
668nt.com
tymy.cz
bencaoyit.1168.tv
supplementsolutions.co.uk
polmaratonwarszawski.pl
drewnet.poznan.pl
123socialbookmarking.info
360buyc.om
olkapazurki.pinger.pl
www.opowiesciwpr.bloog.pl
alidaa-alwatania.ma
klubkibicarp.pl
archivesnet.jp
optioncommingsoon.info
mcdis.wkraj.pl
hostwebsolutions.com.br
sportbet.pl
sns.cn|minhui.net|www.shuang5555.com|680829.com|www.21shhr.com|funpic.de|aangelonearthx.a-livesexasian.com|aringret.bloguez.com|skydivertour.ru|zudeq6624.huijucn.com|mangootv.com|starscell.com|www.detair.cn|www.pumch.cn|rknzxeskmb.blog.mongenie.com|thinkstr.com|mtcheng.info|www.tvjy.com|www.aaawatchreplica.com|www.sjkshop.com|elretaule.com|bct8888.com|www.jyjoy.com|bundcasul.bloguez.com|www.88yule8.com|wangqing11099.web-180.com|www.yljgxx.com|list.mail.ru|www.baimao.com|mudion.net|wjueehsh.blog.mongenie.com|zepteo.info|greyhounds.gr|gamescheatdirectory.com|www.yousogo.com|www.tushuo.me|www.shszc.com|www.023dy.com|mfgjlvgs.blog.mongenie.com|www.cqsldk.com|www.714302.com|hf0036.fyfz.cn|athomewithstylewichita.com|www.se123456.net|legadolibre.com.ar|www.tianwing.com|butzlaff.eu|www.zhongguo315.com|litmexico.com|downey.com|cdlzhg.cn|adminunion.com|www.hbzkw.com|tv.yahoo.co.jp|www.lmmw365.net|quarkbase.com|najem-avtodoma.info|bacanosinc.com|ep4.org|0311.dbqc.cn|jifawap.net|misacor.net|www.szraskj.com|brueckenschlaeger.de|www.ajh868.com|www.lue85.com|uxrun.com|www.beely123.com|www.longchampbilligtaschen.com|cegoazis.hu|www.qg-knives.com|calisafe.org|download-young-jeezy-ringtones.blogspot.co.nz|cansys.com|ozkuy.biz|tutix.net|www.jycj120.com|wikitemas.org|www.111814.com|offersbookmarks.com|yo.tsyouxi.cn|gamespace24.net|supercheapstores.com|www.qsys.cz|adult.21me.me|addjahlife.com|www.xshpjy.com|www.webjiankong.com|www.hp-dry.com|www.sfgg.in|www.hangxingxd.com|blog.pl|theprdirectory.info
uncas.wop.ro
spcollege.edu
uzetka.pl
oxu6.265link.com
charleselena.com.au
ayue.me
shift.pl
jiqingxx.info
bronka6.flog.pl
viaggibirrico.com
tubexxx18.info
68ecshop.com
shopcodes.co.uk
mtv.pl
www.aretesa.pl
graast.vergammelten.wwwwww.wop.ro
the-snowblower.info
www.bayoubucks.com
nuttynewstoday.com
celine.digart.pl
kocureqq.pinger.pl
trongthanglong.net
www.2ssdy.com
seizure-music.com
nutty.sc
2y7.info
www.tjdxgj.com
anglerverein-postbruch.com
officedepot.pl
collarfactory.com
angelstudios.at
www.umilit.ro
huagangyan.info
iadore.digart.pl
weddingfavorsinbulk.info
blogbiznes.pl
husveti-kifestok.kifesto1.hu
akpar140.33591.com
suzhou.baixing.com
www.drbody.hu
sportismadeforbetting.com
www.yjyfd.com
etrebelle.pl
vefsja.ni.is
dokclan.cba.pl
www.grasoft.pl
boys-shop-toys.pl
kic3k.blip.pl
fabpro.pl
pdflive.info
enchantmenot.org
yankstoes.com
kalendarz-365.pl
exclusivites.info
www.ccc.cat
vitamina.com.ar
olenkaaaxd.wrzuta.pl
qanungoh.info
imiduk.wop.ro
pousadas-hoteis.net
amatorszex.tlap.hu
yori.pinger.pl
casa.gov.au
dotrack.info
kasynointernetowe.biz.pl
lbox.me
roislandco.no
islamicthinking.info
webbr.pl
www.pornopaarden.nl
diaoyu123.com
pentail.puk.ro
hipster-mcdouchebag.soup.io
baozi.info
topshop.sk
mythopoet.wop.ro
www.efdinvestment.com
bloodi.digart.pl
754.pl
www.qdcyh.net
kuat.puk.ro
bcotlghlz.blogerzi.com
kinoplex.com.br
odnoklassniki-under4.info
cvr.pl
demiweb.info
1wurld.com
147.pl
01navi.info
onewseries.info
www.bqaz.org
gztv.210000.org
www.ranska.pl
wapo.st
jak.cyp.cz
britline.com
krh.spermochlipy.pl
abasic.puk.ro
tuulanikulainen.net
xonetv.info
appsoweek.ru
elektromag.com.pl
nosmeilleurescourses.fr
www.eco606.com
ll7.eu
hempdepot.ca
www.straz.pl
www.tfceo.com
wam.ae
xkb.pl
furious.pl
junv.210000.org
www.aoxingguanye.com
katicz.digart.pl
samplescanada.ca
hostzi.com
www.cha438.com
nai.is
zmarzlena.digart.pl
tatemura.puk.ro
soysparta.com
shoushen.com
student.pev.pl
chauth.wop.ro
jga.pl
1und1.info
liveitwithcharter.com
guihuaxiang.com
www.longccc.com
gazetaolsztynska.pl
purehrq.114.org
www.bjwqjz.com
www.tensmak.pl
edition.fm
8ung.info
hojevouassim.com.br
leycooa.co.cc
t4zone.info
uaika.digart.pl
veluxshop.de
aangevij.wop.ro
wtfbook.in
maxon.pl
tranviario.wop.ro
kvartirumne.ru
www.qwlove.com
darorealty.com
www.ttv.vn
www.028ym.com
backlinkpopularity.info
muabantt.net
smilingly.info
joelbecker.net
colorlist.info
article-rewriter.info
www.qichedj.net
die-hard-full-movie.blogspot.dk
petrobest.pl
suluam.info
marykay.pl
przemyslawpaszt.pl
nefrit.atw.hu
namuya.puk.ro
medikalize.com.tr
tui-guang.net
www.maidele.org
salariominimo.es
marathonsoftware.com.au
behatsdaa.org.il
vivorio.com.br
www.ipokoj.pl
heyhar.net
rolover.com
qebojgmlngov.com
prerecor.wop.ro
kasiabauer.blip.pl
www.zhaolong.co
lmunet.edu
akademianauczyciela.pl
trafionyprezent.pl
da168.com
automaticon.pl
webhostingproviderz.info
flasocial.com
www.stanford333.b2b.hc360.com
sohuman.pinger.pl
douyo.puk.ro
jiaowu.scfc.edu
grundstoff.net
housepainting.gr
fcg-media.com
shinkoue.wop.ro
wai1010-a13.tumblr.com
gral.pl
forexdemoaccountsz.info
5iwuhu.com
webit.ru
soundportal.at
s-lines.net
importio.puk.ro
chatsex.xxx
themakeupgallery.info
wmtyme.digart.pl
siemprelibres.com
ao2.aiao.cn
kamilbazelak.pl
heavy-metal.com.pl
domdevelopment.com.pl
www.51smzt.in
redtube.info
annsrants.com
blog.nguoiaolam.net
bobylegros.com
bookmarkdream.info
macro.blox.pl
nitani.net
domsportowca.pl
metodosanticonceptivos.info
leutermann.de