id.st
wuhandaxue.fdchs.cn
socialbookmarkingdel.info
www.7kav.org
nooise.digart.pl
bbs.xznu.org
dekordia.pl
afstuw.puk.ro
www.vlb.pl
volkswagen.pl
einsure.com.au
ueml.k12.tr
twistysextube.com
www.dfzxmr.net
sportinwestycja.pl
islamophobiatoday.com
ufopolitics.com
datahostingz.info
mojamafia.pl
inube.com
lublin.pl
bpp.waw.pl
bhsese.net
leoforos.gr
flashuser.net
hispanictips.com
pirsi.pl
pannonklima.hu
django.pl
avt.pl
wgci.com
tafel.pl
singer.yiqilai.com
sharing.zs-forever.info
lions.sagafan.jp
paulina346.wrzuta.pl
www.jiese.in
vieclam.inet.vn
rico-s.jp
bcbn.nfdy.net
shinmai.int
www.cbyts.net
gjek.us
opruimen.wop.ro
www.yinyueren.info
wyaekfbsn.freeblog.hu
bbs.tz.gov.cn
qiguai.com
mmlin.com
wo.tc
umsganze.org
6hbxz.cn
undermainers.info
jjwater.cn
agoing.puk.ro
www.191av.com
boudou.wop.ro
accountingdegreesz.info
news.google.com.tr
bebisziget.hu
monroe.blox.pl
www.liners.pl
prokatalog.pl
techblog.pl
www.lianmengmeng.com
nyna666.blip.pl
crazygirlll.flog.pl
goodu.info
1cc1.info
opentfl.co.uk
www.vdays.cn
buydiscountwatches.net
cn15.net
roberthalf.it
yagnenok.com
ffasoft.ru
ivanjevremovic.in.rs
soko-zabava.info
natusia11197.pinger.pl
ons881.info
www.ocoffee.com.cn
shonv.info
monnen.puk.ro
fun.ruonuo.com
modelki24.pl
www.2k4.pl
hi5articles.info
www.3r66.com
lply.net
www.zuim.net
aisejie.com
hugg.info
e-bursatil.com.co
morish.com.au
go4shoppings.info
hausundheim.net
webprostor.katedrala.cz
88uu.us
unwind.com
cookiejar.com.au
www.dietasos.pl
blavo.ru
www.see500.net
55wd.com
592jsq.com
highclass.pl
adminunion.com
lemologia.pl
varagund.edu.pl
zhaobailing.com
iguuu.flog.pl
ncb.ly
directorymedia.info
6l9h.265link.com
clifnasa.info
merckmanual.jp
keukenfo.unionstar.wwwwww.wop.ro
shisanbe.puk.ro
metodsilva.ru
skizakopane.blip.pl
guilin.66lyw.com
www.qiucao.info
beseoexpert.info
backoffice.be
fanland.ru
schlecker.de
samaraintour.ru
turbanto.wop.ro
dating.lt
nacpana0sloncem.digart.pl
comptonandwoodhouse.co.uk
nakada.net
gametrade.pl
www.dxbsm.cn
njure.puk.ro
www.91530.in
blogsport.ro
www.nnuh.nhs.uk
sosbamako.org
rafalala.bloog.pl
gratisrecursos.info
qqc.co
vagabondo.net
xxln.net
unconfuted.wop.ro
aangravi.puk.ro
www.sheng0312.cn
01kuaile.com
buzztin.com
51chuntie.com
guapan.info
gotalk.com.au
2012new.info
wz.0372.cn
joomla-master.org
alphareturn2.com
dejoie.puk.ro
51cihai.com
znaj0ma.digart.pl
alip.tk
3w-media.pl
www.lessa.so
51codes.net
vvki.info
socialweblink.info
www.gegegan.com
non.pinger.pl
erepublikhu.info
fragme.info
pathsofgloryfullmovie.blogspot.ch
ootsusin.puk.ro
masadera.puk.ro
1x-upon.com
molihua.net
abolirent.wop.ro
keijoumy.puk.ro
tgirl-network.com
66rt.info
51hsp.cn
9999.3199.cn
5wbjl.info
argusian.wop.ro
rpme.com.br
bookmarkmysite.info
agro-stiri.info
bookmarkingshack.info
agnesk.flog.pl
abe-paint.com
saov.info
goo.pl
www.222abcd.com
bh12.info
metin2.ae
anova.tv
azardownload.com
nni.arizona.edu
blog.calta.info
www.cccljt.com
azmoon.net
bleib-gesund-service.info
clientarea.co.in
compact-guide.jp
epaule.puk.ro
abzuloesen.puk.ro
boobcleavage.info
auzlink.net.au
a-zsite.info
ciit-isb.edu.pk
www.yeyaba.net
tuutijy.puk.ro
jianghuaidujia.taobao.com
cao.oo.fi
bedthrows.info
bdmaniac.fr
branchcut.com
www.musee-magnin.fr
cicloleiriense.com.br
capitalinvestmententrantscheme.info
risishot.wop.ro
benxishi.m69.info
imgino.com
chsou.com
ben10.fad3.net