cos.pl
down.yes58.net
www.bdbsxx.com
chevrolet.pl
boci.com.hk
bdmaniac.fr
www.shenzhenkaihu.com
lazienkowe.info
www.chinasex.cc
www.cdjbqj.com
nuanpp.org
elwisek88.flog.pl
ccftn.com
www.vatera.hu
curiosi.wop.ro
energyfactor.tv
telemedicus.info
cinefun4all.info
directorychart.info
baozi.info
dimonbos.a-liveprivates.com
www.sbc.hu
cyberprogs.ru
daniex.info
clickmeeting.pl
useful-information.info
czasopism.pl
datzitzo.info
55wd.com
77qe.com
cwebgame.com
brlinking.info
devlog.info
www.sesejjj.info
forolatino.info
galaxytabcomputer.3ia.info
urgot.com.pl
zdolny.eu
agaelettronica.it
furibunda.wop.ro
demonstr.wop.ro
jordan6969.pinger.pl
heimbygda.puk.ro
alley.wop.ro
onlinedirectoryweb.info
www.yijiamai.com
faipredfoaskyr.page.tl
jedisoft.cz
besthomesecurityservicesz.info
hycp.info
hosting55.hu
cd.120job.cn
maxon.pl
knives.pl
insignia-bible.info
groovejob.com
haskovo.info
humyai75.info
dy.11xxxx.info
ing.pl
teenxxx1.info
kemer.wop.ro
e-lekar.ru
zytzb.cn
ganhedinheirocomcafe.info
healthinsuranceagentsz.info
chaochui8.com
ipolisa.pl
heywhateversocial.info
e-gogle.pl
erybka.pl
duelled.wop.ro
eu1l.qiwen5.com
gandhist.wop.ro
sisco.info
arscsc.wop.ro
duntz.info
jqju.nfdy.net
lena87.digart.pl
www.medion.de
destek.com.au
zakko.digart.pl
niceit.pl
152.ini.hu
kzpii.cz
komna.wop.ro
maticomp.net
twacomm.com
federmanager.it
trf2.gov.br
www.algf.ru
binbango.com
www.omnia.pl
targi.lublin.pl
yukino-sex.info
ostelazi.info
leadership.ng
ilona60.flog.pl
clenched.puk.ro
maojuan.info
webconomy.com
bossafx.pl
stalker.pl
imlemes.info
japes.digart.pl
lodz.gumtree.pl
ridenights.info
pwm.org.pl
siwykon.flog.pl
milenka03.pinger.pl
seks.xx.pl
zeclip.com
www.rising.cn
dvbtv.prv.pl
linkmediazone.info
mettablogs.info
heiligere.wop.ro
peacepiece.info
firmycentrum.pl
prono.com.pl
sm-ex.com7.info
teensexehd.info
hello-mail.info
www.ruif.com.cn
voytekp.blip.pl
s3.flog.pl
mobilesegg.info
emailservicesz.info
www.ptgzg.pl
om.flog.pl
bylinky.info
makko.biz
meusacessoriosapple.com.br
kwiatowe.be
nextera.cz
liilas.info
krishaweb.info
juridat.be
marionex.pl
bitworking.org
kamot.puk.ro
007gzzt.info
holidayasia.info
logxxxx.info
innovativedance.com.au
yidana.wop.ro
hayesmedi.com
linkexcellent.info
tudas.info
naweb.sk
kvatv.se
clipcul9.info
bbs.qbj.cc
www.rafael.pl
www.iwpax.pl
educationusa.info
cp520.info
abbye.wop.ro
danhmay.info
latajpozakupy.pl
bfcec.com.cn
afrikiannu.info
mmtu.tk
rockasspig.com
softcom.biz
uaika.digart.pl
naontenan.freeforums.org
sesejjj.info
bestcheapshopbuysaleprices.info
fshow.info
dzhamblog.ru
mm.mv98.info
mep5.nfdy.net
nsp.bg
maimw.78.cn
www.ttv.vn
miothermic.puk.ro
hld.focus.cn
piprojekt.pl
zl6h.org
www.hngtc.com
atehenmei.com
merkazi.info
r8a64.jx001.org
zaiks.org.pl
zfranciscus.wordpress.com
dollarchurn.info
hottsex.info
paedgymbruneck.info
bezegele.wop.ro
debdan.edu.pl
ooo0.info
dengruo.info
multirama.gr
spriglet.wop.ro
pecheur.info
ootukati.puk.ro
artemishealingcenter.info
porntube69.info
luszczyca.info
www.ldl120.com
mapcrow.info
mn.6766.info
mts5.software.informer.com
dmdclub.info
onlyfloor.pl
rechtslupe.info
meditare.it
eneloop.info
basienka9090.wrzuta.pl
www.atmgrupa.pl
quequi.com.mx
boxhillvietnam.edu.vn
www.anovi.pl
pthh.210000.org
ctf.digart.pl
prgh.info
56china.com
qqmuchang.info
monsterdirectory.info
kswuliu.info
peridial.puk.ro
peterbergmann.info
rogersim.com
motoclub.pl
melchiorre.info
passdb.info
validpr.info
schroder.net.pl
3121777.info
spodnepradlo.eu
pneumoto.cz
outdoors.org.cn
dinbaghave.dk
kvartplata.info
okn7.qiwen5.com
vlegeltj.puk.ro
linkground.info
k49.us
sadf.asia
shm.com.cn
train2drive.info
zapraudu.info
radianpc.info
delfinariy.info
www.mlsfw.com
holdfruit.info
presitmv.osa.pl
6888.tv
primely.wop.ro
www.mai22.com
sblab.info
photostart.info
carcareconsultant.info
zhuwu.info
coronifo.wop.ro
zynk.jgnz.cn
contentrich.info
seolist.info