blnc.gov
thong.co
punatshangchhucottages.bt
www.greatwall-door.cn
chuyenphatnhanhquocte.net.vn
girlsgogames.co.id
xson.kr
qiuknows.com
imgnews.kr
nded.it
lerentassenkraam.nl
mochilabinaria.com.br
enjoypoker.us
akkord.in.ua
kingstaff-server.net
missselfridge.fr
uploadvideos.tv
mpoptavka.cz
turutu.ru
mediagaon.or.kr
www.t-z.com.cn
userena.cl
ggbs.qiwen5.com
b-channel.info
any721.com
abbo-shop.ch
illblogtoday.com
eqliborgmm.blogtrue.com
xinjiang.tel
pornberry.mobi
ulsterbankanytimebanking.ie
xakepok.su
contingenteerde.wop.ro
lojamais.com.br
euamofoz.com.br
naosp.r.gd
srs.gs
chuenyuen.edu.hk
warcentrum.info
intan.my
avisen.dk
rupy.eu
kamalov.uz
www.sf999.es
youth.com.tw
msy.blog.hr
www.jxyx.net
acessbm.info
blog-chaussures.fr
stream-movies-free.blogspot.mx
infocyt.info
ithinkgreen.co.za
cititrust.biz
iauctb.ac.ir
www.attac.is
reasthosting.co.za
www.borhanteb.ir
mario.ec
armenian.ch
brazilsurf.info
my.lsu.edu
guestpost.it
jehiah.cz
linkbyme.com.ar
ao2.aiao.cn
fabgifts4u.co.uk
anzhuo.cn
veximo.com
gurdjieff.es
44.lt
m4e.to
oxincollege.ir
ksturow.eu
abc4it.ch
wang.okgo.tw
mikrotik.net.pl
surfshop.net.ph
jingzhumingmuzuh.1168.tv
www.fqsyy.net
topjogosdemeninas.com.br
uniquedestination.co.za
apertium.org
salderingen.puk.ro
healthcity.be
anzeigep.puk.ro
shuimaitongzly.1168.tv
nuestronombre.es
debit.com.br
beef.co
noaa.gov
jknwt.info
discantu.wwwwww.wop.ro
glamforall.com.br
imcbasket.ir
stashmedia.tv
peazy86.soup.io
econugenics.com
vistaprint.fi
streamcity.eu
www.euroinvestor.no
7788.by
lonelyplanetitalia.it
ngwenya.net
fatfrog.dk
weekendromanticotoscana.it
jf-castelo.pt
osandroid.cz
carfuel.info
www.it24.se
forumlazioultras.it
elpirata.pe
wnl.su
cob.gov.tr
osa68.wrzuta.pl
sentio.it
chuabenhtimmach.suckhoevietnam.info
silcosil.cl
gmc.uzhgorod.ua
pinti.com.tr
www.588.xxx
wlecce.it
myinfolink.ca
hadley.edu
moe.edu.tw
diskingressos.com.br
banban.so
manutan.es
phpclub.ru
meczenazywo.eu
dncd.mil.do
omei.org
tosomeone.info
adkontekst.pl
www.release.fr
gaumont.fr
oecist.wwwwww.wop.ro
antifono.gr
anxietyneurosis.soup.io
www.itypy.pl
bionexo.com.ar
any-art000.deviantart.com
avroom.biz
rexelonline.it
anytimefitness.com.mx
myforex.ch
kunstvaardige.rembucher.doorstekingen.lancinera.wwwwww.wop.ro
neochan.blip.pl
madbrahmin.cz
awalar.su
master-fundraising.it
irvine.ca.us
ascupart.wwwwww.wop.ro
www.xgrcw.net
pasha.org.pk
cl.zhaoxun.net
www.hcmr.gr
thomas-it.pl
escortvip.com.br
vjip.nfdy.net
csgia.org
ussfahrion22.us
fotosecarros.com.br
szafranowy.eu
2days.org
upvision.it
bytou.com
notic.wrzuta.pl
w84s.love100.us
manuel-weisshaar.ch
www.lipeng.biz
kava.lt
a.xsgdh.com
100mega.cz
r-domain.net
greeksubtitles.gr
quinielista.es
feizhouyeniu12fen.1168.tv
oddech.net.pl
rehab-international.org
caodanai.info
www.hamkam.no
stevereno.net
fundasaludsucre.gov.ve
linksresources.info
sportsnett.no
creditcard-now.net
nsf-margins.org
fannansat.co
avramovic.info
watch-the-hunger-games-full-movie.blogspot.ie
almostneil.com
evenest.pl
www.dol.gov
lanxess.sg
nowart.kr
mtym.info
saxo.ku.dk
pmsteel.com.my
dinstudio.no
yuhan-kimberly.co.kr
fsn.mobi
incrotch.wop.ro
viaggiare.it
ifood.com.br
t53.ztzt.us
www.janor.se
www.radissonblu.no
www.hdro.ro
vichyconsult.es
amarjit.info
ankeoks.eu
udec.cl
firanytkaniny.pl
www.cloudleft.com
spisane.pl
www.felmex.pl
www.ncha.de
tennis24.gr
last-concept.net
ccftn.com
thaumatrope.ikingonde.inzaaide.wwwwww.wop.ro
nesttag.info
jpnvren.info
www.mnmt.us
www.xxx37.com
honei.wop.ro
soloaplicaciones.info
ling.pl
xttjx.wrzuta.pl
loopmix.info
fotofenster.de
mivki.info
sis.waw.pl
traductorespanolalingles.es
www.mn444.com
omg.no
io.org.br
persiandvb.biz
openphd.info
deqing.hzgz.cc
hsbc.co.mu
tvpparlament.pl
avut.210000.org
r114.co.kr
www.3vkk.com
leontheprofessionalfullmovie.blogspot.fr
superamusementmachine.com
blazingzone.com
reuse.blox.pl
tinypic.pl
6hwap.cc
watervilla.hlbnb.tw
www.jxbgw.net
djfm.ca
www.scott.pl
fluidsurveys.si
www2.pr.gov
tubeporno.pl
wowedge.info
njgj.qiwen5.com
www.wyx.zj.com
laur.blog.pl
webmas.ru
carracinggames.biz
die-hard-full-movie.blogspot.se
malivot.info
firmawanglii.pl
nathaliexd4ever.hyves.nl
isc.infor.pl
descubre-tu-futuro-bebe.info
haqida.uz
grajewo.pl
pleat.pinger.pl
0898.okok.cc
601448.com
6047573409.phone.searchwww.com
less.56dvd.net
blog.onet.pl
91porn.me
empikfoto.pl
33c.cc
33eee-823a.tumblr.com
33mcc.info
fixia.info
342w10.951n.cn
3458649.blog.51cto.com
34wk.com
350922.fjsnw.cn
3529888.com
355vv.com
518jzsc.com
518tzpf.com
51anjia.com
51hsz.cn
51huizhen.com
51jizha.com
51jukon.com
51k51-724a.tumblr.com
51proxy.org
51rrkmm.1dache.co
ars.prv.pl
hacberm.345.pl
usernet.info
5658777.com
56671.cn
566922.net
566nx.com
56aiav.com
tarah.edu.pl
myskype.info
keiyaku.info
56cs.com.cn
56dh.com
56hehe.com
56xoo.com
56yc.com
574878396.user.qzone.qq.com
57883.net
57dns.com
57tan.com
5967.eduol.cn
5999.hk
59bj.com
59bj.taobao.com
59igp.com
59ii.info
59win333.us
zzz76.info
commissario-paganini.com
5aicode.com
5aj.info
acayberry.info
5amn.com