dietathcg.co.il
www.fqsyy.net
7h1.info
lapti.pl
bwabwanet.fr
tomipnh.blip.pl
xuxidi.com
suntfata.info
bonprix.pl
inficone.com
almostneil.com
cmc.edu
dreamgreenhousedesigns.com
guihuaxiang.com
001job.com
duelled.wop.ro
xpressvids.info
sis.waw.pl
tokarevs.ru
avaa.info
registry.eu
www.binhphuoc.edu.vn
126link.info
heamang.net
schneider-electric.cn
km-w.net
arcenal.com.ua
www.pvp.it
benefits.gov
dequeva.es
vespucionorte.cl
jetlinx.info
geithold.no
www.studyabroad.ttu.edu
sjdhz.tk
qqxuezi.com
www.az.gov
uthm.edu.my
aclys.wop.ro
erfolg-reich.org
itapemirimcorp.com.br
farsnevis.ir
beautynet.co.kr
bcochem.co.kr
huxpurak.cn
thewomaninthefifthfullmovie.blogspot.dk
sexe4.org
school-portal.co.uk
profumo-clic.it
cafulcurasc.com.ar
www.midea-com.cn
knowledge-management-tools.net
heatherly.soup.io
wojtekk.flog.pl
oprichte.verweichlichte.pfieffer.eekhoorns.wwwwww.wop.ro
www.perennial-plant.com.cn
newfiesoups.ca
mc-larsen.dk
www.wapnet.tk
3s0.info
redpages.ph
fmu.ir
samsunggalaxysmenorp.3vi.info
cobatab.edu.mx
tearz.prv.pl
boligfif.dk
www.asiabooking.com.vn
childrensclothingsit.7s4.info
110book.ir
castlevalleyoutdoorsgallery.com
www.dziedome.pl
nettserier.no
islamic-resource.org
racingclub.com.ar
dealfish.co.ug
www.mikep.at
www.amur.ro
renetamusic.cz
shokansh.knept.sperperati.wwwwww.wop.ro
www.crystaledu.hk
hottestgirls.7s4.info
www.jparker.co
fortelle.no
scooterx.biz
san-pablo.com.ar
cleankult.eu
fnaim.fr
gettyimages.at
www.cciks.com
avramovic.info
khda.gov.ae
ngu.vn
neste.fi
abelonian.fets.mambi.euwww.wop.ro
fan-forum.ch
glwx.info
ngc0419.info
deveinin.wwwwww.wop.ro
corsa-club.net
informatyczny.eu
independent.co.ug
itour.com.ua
vccinews.vn
traveldifferent.it
chery.digart.pl
dusha-loca.co.il
uconn.edu
milczeniezabija.pl
www.otaku.pl
bitcoinz.com.ar
catwalkqueen.tv
sesukaku.tk
monark.tur.br
purecash.co.il
agromat.ua
tinypic.pl
key103.co.uk
knx.ind.br
yksb.56dvd.net
bt.es
steinerhans.ch
dirjazz.info
chiluorenxing.com
vdsv.jp
caspi.az
tribemarine.it
www.kcfa.co
www.icn.bg
fmach.it
defrauding.info
uetu.reexperiences.wwwwww.wop.ro
blog.al
mulherdeclasse.com.br
tremer.wwwwww.wop.ro
swissparks.ch
perca.digart.pl
fluocarb.puk.ro
bhms.ch
www.akorda.kz
tachhydr.renewer.wwwwww.wop.ro
professionearchitetto.it
krzysztofmadel.natemat.pl
the-v.net
fanzin.clubsf.ro
contave.com.br
ciblexo.fr
fr-minecraft.net
poznati.info
www.inmsol.es
uncfsu.edu
gamesurf.it
ranvimana.info
mentors.ie
moinholounge.com.br
hamara.ir
limerickleader.ie
mecus.es
descubre-tu-futuro-bebe.info
diro.ws
clubkings.eu
iteach.kz
1069ba.com
gp24.pl
puroartejoyas.com.ar
gardendirectory.com.ar
catalogio.sk
taas.or.tz
spir.cz
donbosco-torino.it
erolos.prv.pl
contentmarketing.dk
rhdesign.no
cucharasbravas.com.pe
neiyipp.info
culpornohd.info
vacation-destinations.net
pemadam.org.my
katalogator.pl
propintelectual.com.br
papelariapaula.com.br
mo-mama.org.ua
code-snippet.co.uk
spezzerai.kersenti.caneyville.wwwwww.wop.ro
cataloguer.software.informer.com
www.lipeng.biz
www.bassdrop.ca
flashpromotions.biz
healthinn.me
tbd.my
lubevolley.it
kyqxs.com
cardif.fr
fujifilm.com.mx
www.tweaks.pl
lojadoprazer.com.br
imballas.puk.ro
ecoflame.cz
1blog1jour.fr
zoldtea.info
petitlien.fr
dq8.info
thebestexoticmarigoldhotelfullmovie.blogspot.gr
catalin.vinul.ro
www.black-granite.cn
rfnc.ro
citroen.gr
faf.dz
ratondownload.com.br
etravel.ch
www.omnia.pl
planetpoodle.eu
htceq.info
www.digineff.cz
toniu.digart.pl
ragnhild.bloghog.no
warnet.ws
dorset-college.ie
www.chmielno.pl
rehalab.eu
appropriating.babue.wwwwww.wop.ro
medebroeders.puk.ro
ipcjser.tk
prup.info
davidos.digart.pl
iweb.net.vn
caroleharris.co.za
gruppolen.it
juancong.com
mtym.info
assist247.co.za
carolcia93.blip.pl
westminster.co.us
aisei.info
culosardientes.com.ar
slavsport.ru
mobilewebsite.pro
partydepot.com.mx
fnb.co.za
opengl.software.informer.com
linksresources.info
gayhunks.co
2012.com.pa
www.florimed.si
www.geras.at
ccp.is
sikw.210000.org
www.0575.me
casualcorps.com
zakath.soup.io
pmoblog.kr
innovationnest.pl
shaihalov.ru
www.ballpod.de
n-ble.net
gettingpaidinstantnow.info
newsdroid.at
honeyflash.info
mblog.biz
goniopholidae.puk.ro
izgledaivideo.eu
xz8.me
kino-dom.tv
la-provenza.es
w4.kk111.info
spillene.wop.ro
mailerlite.fr
sgo.cepac.cz
rokuro.nu
caws.ws
perrosperdidos.es
giaiphapso.info
scamsa.co.za
nawebu.cz
cancan.ro
iomoss.dk
www.kuressaare.ee
grancacique.com.ve
path.com
elperiodico.cat
mdu.edu.tw
roislandco.no
bee.ir
comune.napoli.it
www.vietbambootravel.com.vn
livepoker.fr
softpedia.ro
jan-baz.ir
colegiowaldorfcali.edu.co
fecomercio.com.br
darmowy-kurs-pozycjonowania.pl
pzhgp-kluczbork.cal.pl
the-west.com.pt
mbank.com.pl
chiari.co.uk
katalog-seo.info
twipper.tk
alacourt.gov
nc-directory.com.ar
consorcioluiza.com.br
cadutacapellistop.it
miramagia.us
siriuscanada.ca
mminfo.mn
bytou.com
homemation.co.za
moutelecom.info
www.muftyat.kz
qensio-panel.biz
17bits.cl
addurlsubmit.info
isladelburguillo.es
iklankapuas.com
trf3.jus.br
boudai.wop.ro
iranmicro.ir
emporda.info
nxk.91.cn
hitmidia.com.br
mfanny.art.br
www.polimex.cz
cjdout.kr
uastf11.ac.ir
loovle.it
summerslam2009live.blogspot.fr
sermonettino.drejeskive.wwwwww.wop.ro
caodanai.info
cm36.ath.cx
irc.org.tr
upluslte.co.kr
marseille.tv
tapanki.r.gd
comunidadeabiblia.net
kvitka.ua
telovashe.kz
tupolecam.pl
blog.adelie.dk
www.marieclaire.com.au
abiogeny.puk.ro
vedaprezivot.sk
tu-webbusiness.co.uk
oetv.at
6hwap.cc
bdu.me
seniorweb.fr
debaj.ca
www.csll.ro
kcf.cz
ro.bab.la
www.130ppp.info
886879.com
ibuningu.wwwwww.wop.ro
etoilediese.fr
ali-aba.org
confinvest.it
vikax.prv.pl
lolislove.us
cebyp.1168.tv
u3d.as
bunt-reisen.at
reborn.cz
soloaplicaciones.info
irishheadsoftware.com
nexxt-change.org
e-conomic.se
watch-wall-e-online.blogspot.dk
ykdfsy.com
turikichi.biz
bobo.474pp.net
jedenbod.cz
vemega.net
www.wsyc.cn
presse-net.fr
jn.bwxx.net
tetao.puk.ro
91porn.na.tl
niswan.co.il
alio.lt
babanagyker.hu
drossos.eu
luxuo.it
ioffer.net.pl
selige.fr
www.art43.pl
coocha.co.kr
www.sls.fi
ohiosmartschools.org
free-web-templates.biz
icisleri.gov.tr
phsapplynow.com
verkaufen-im-internet.eu
impersonal.me
trans-ferro.co
kit.edu
sso.go.th
izmir.bel.tr
only-apartments.fr
myface.com.nu
maja85.blogger.ba
sbv.gov.vn