living-proof.pl
gesellt.wop.ro
irishheadsoftware.com
kit.edu
tupolecam.pl
www.art43.pl
www.130ppp.info
tetao.puk.ro
katalog-automobilu.cz
ykdfsy.com
ioffer.net.pl
guest-ranch.info
plus-care.info
www.a51g.info
indiannavy.nic.in
beauty-tipps.net
javeriana.edu.co
gdzieoddzialy.pl
deliveryhabibs.com.br
www.bianditt.com
kuriero.pl
vashidengi.info
hayed.info
inteli7processorfeat.7h1.info
1ha.info
legalstudiesdegrees.info
crax.pl
patriotic.puk.ro
caribbean-guide.info
businessloansstartup.info
investmentpropertyseminarsosz.info
natala1995.digart.pl
nnneversleeps.info
coffeeandchocolate.info
szexvideok.info
videomedia.info
dasemao.info
kartyajatekok.info
ssksorgulama.info
fcmtraining.info
vleech.info
tt.5aw.info
creativelist.info
amex.4zy.info
searchforhappiness.pinger.pl
adsearching.info
nexia.pl
boai.info
prnp.info
aitr.info
pornoyouporn.info
wapnha.info
24hrs-online.info
changweill.1168.tv
www.rws-verlag.de
sit.glogow.pl
divine-music.info
kb24.pl
carta.info
cybegg.info
contentscoverageinsurancez.info
se-world.info
onlinerockblues.info
xhq.pl
encyclopedialive.info
textadtrek.info
cio.cxo.pl
avangardo.pl
clixseo.info
skarbiecmennicy.pl
linkadmirals.info
lebardeswareziens.info
talk1.info
hercegsport.info
sibilate.puk.ro
polokwane.info
oberhaeuser.info
e-heaven.pl
justinonline.info
xdexcylly.typepad.com
1182.org
leonardo.info
syspytania.pl
rokuro.nu
adweb.pl
t.xdlinux.info
trarabul.info
rujiakuaijie.13337.info
crystallinks.info
bellina.wop.ro
cctn.info
hostingprovidersz.info
sari.net.pl
angloinvest.info
olsztyn-online.pl
tagbookmark.info
surreal-art.info
sichuan.qyi168.com
mangfpt.info
0nt.info
sou.wjw.cn
hometheatre.3ia.info
indiavoice.info
streamingsexehot.info
www.yahoomv.com
carsandcoffee.info
sewages.puk.ro
naabd.com
sem-seo.gz.cn
schwangerschaft-ernaehrung.info
mars1988.flog.pl
jff.info
datianxia.net
sevendays7.info
spring4u.info
jobsbookmarkingwebsite.info
www.zclw.net
webcash.pl
www.99aacc.com
bruclass.info
nycn.info
tjana-pengar.nu
123web.pro
it8wn.info
netarena.pl
chernyspisok.info
guihuaxiang.com
goldenscissors.info
dlugi.info
auditiondate.info
nnville.info
totalcmd.pl
chaela.info
realyestate.info
a.xx52se.com
econostrum.info
prjo.info
legeo.pl
mpgpl.blox.pl
magnets.com
kangoshi-g.info
ccfa.info
listrapid.info
pit-38.info
99ea.56dvd.net
humyai29.info
wzs1974.home.news.cn
wpia.blip.pl
kewy.k3y3.net
www.18xoo.com
carl-auer.de
www.ikadoo.be
information.de
stampelle.wop.ro
nilab.info
abgeboge.puk.ro
monolight.pl
suspectes.puk.ro
3g.tkss.co
hassan.massoudy.pagesperso-orange.fr
e-review.tv
6buu.qiwen5.com
72pityu.video.xfree.hu
78cn.78.cn
www-anquye.tumblr.com
congloi.info
gateway.gov.uk
terrengsykkel.no
www.jxyx.net
mfkkarvina.cz
tucodigo.mx
www.tv-2.dk
hojevouassim.com.br
pourbebe.com
thomas-krenn.de
tj.454.cn
mysay.co.il
bharatpatal.org
291.me
vidz.info
dmaodsdcc.puk.ro
bonavini.hu
www.hb444.com
www.tyyyqqxyq.com
www.pxrc.com.cn
abzuloesen.puk.ro
elmarino.info
fennek.no
fusagasuga-cundinamarca.gov.co
midiaville.com.br
www.windex.pl
notitiae.info
outlook.pl
ootsusin.puk.ro
wishonastar.info
www.vegjd.de
gedr.210000.org
www.eguilin.org
thehh.info
bonesofourancestors.com
friendsofbloomsburysquare.co.uk
f9h6.265link.com
www.a00r.com
hanko21.info
alcyone.com
olpt.210000.org
bjwl.w1680.com
wieowie.nl
hizbut-tahrir.or.id
swimwiki.info
www.55ys.net
fodderin.smeerden.wwwwww.wop.ro
www.badu.edu.tf
1o2.ir
thehistory.com.br
mogote.wop.ro
www.clarus.hu
www.027n.tk
viser.edu.rs
www.ewow.net
billstrickland.info
evkur.com.tr
3fcy.qiwen5.com
aroma-woman.com.tw
www.cfuba.net
www.0663.net
alomuaban.net
sibtel.ru
evolvonline.info
toniu.digart.pl
www.dziedome.pl
emporda.info
126link.info
citroen.gr
vdsv.jp
innovationnest.pl
www.repulj.hu
dirjazz.info
festiwale.info
www.omnia.pl
ngc0419.info
www.akorda.kz
boudai.wop.ro
carolcia93.blip.pl
belmusic.info
chery.digart.pl
xpressvids.info
opengl.software.informer.com
veiligbeter.nl
path.com
dreamgreenhousedesigns.com
beautynet.co.kr
univ-orleans.fr
www.cciks.com
opvordering.grassy.xang.wwwwww.wop.ro
w4.kk111.info
spillene.wop.ro
zoldtea.info
htceq.info
citytalk.cc
moutelecom.info
sgo.cepac.cz
mbank.com.pl
degiorgi.me
znajdzkuriera.pl
www.68uss.com
norcom.com.pl
www.tweaks.pl
opcuity.biz
shaihalov.ru
www.xxx885.com
inficone.com
ballonpedia.nl
rainbowcity.cn
cmc.edu
www.sxbjmy.cn
folk.com.pl
losed.tk
semblar.wop.ro
www.sifangsebo.com
ovedu.org
www.polimex.cz
www.textera.se
www.950915.info
sedo.210000.org
szybkooferty.pl
infosdesite.fr
tetuta.wop.ro
tupperware.ca
vinaso.vn
rusin.fi
isurvived.org
powerirc.org
rosier.de
www.141cn.com
quantuum.pl
blucolor.com.br
articles7.net
loksandhya.in
3833833.cn
3azv.com
parkour.pl
sharingit.co.uk
86400.es
xn.pcauto.com.cn
msbis.blip.pl
toiowo.pinger.pl
ariannacenter.org
free-tips-and-info.info
acccnet.net
raritanval.edu
coloriety.com
presurve.wop.ro
kontaktyfirm.pl
tishreen.info
cieux.wop.ro
www.surasuranini.net
autocarplaza.com
guideguide.me
nylonsx.com
bmw.win-cloud.yu.gs
sdh13.hyves.nl
havnes.info
amatorszex.tlap.hu
smilereminder.com
akpar140.33591.com
bronka6.flog.pl
gztv.210000.org
edition.fm
tymy.cz
www.ttxfsc.com
668nt.com
darorealty.com
supplementsolutions.co.uk
shift.pl
sportismadeforbetting.com
wechselwinkel.puk.ro
www.tfceo.com
akademianauczyciela.pl
trongthanglong.net
chatsex.xxx
marykay.pl
petrobest.pl
annsrants.com
envialia-urgente.com
www.eco606.com
www.aoxingguanye.com
kinostar.com
www.efdinvestment.com
domsportowca.pl
bezwadde.wop.ro
www.ranska.pl
bbog.nfdy.net
hempdepot.ca
shopcodes.co.uk
huagangyan.info
smilingly.info
gli.tc
muabantt.net
www.ceevip.com
wapo.st
6ku.cc
tuulanikulainen.net
renf.pinger.pl
kamilbazelak.pl
gazetaolsztynska.pl
147.pl
the-snowblower.info
domdevelopment.com.pl
pyroclas.puk.ro
www.028ym.com
oegs.210000.org
wai1010-a13.tumblr.com
www.umilit.ro
uzetka.pl
olenkaaaxd.wrzuta.pl
360buyc.om
acideurique.info
sovende.puk.ro
graast.vergammelten.wwwwww.wop.ro
filmhoer.nl
dotrack.info
enclinking.info
sccnursingalumni.org
backlinkpopularity.info
www.aretesa.pl
odnoklassniki-under4.info
www.51-jm.com
kasiabauer.blip.pl
yankstoes.com
www.magnat.de
colorlist.info
automaticon.pl
jak.cyp.cz
www.ccc.cat
furious.pl
drewnet.poznan.pl
bloodi.digart.pl
yareads.com
przemyslawpaszt.pl
sohuman.pinger.pl
ayue.me
bookmarkdream.info
vitamina.com.ar
douyo.puk.ro
ll7.eu
anglerverein-postbruch.com
tranviario.wop.ro
flasocial.com
nefrit.atw.hu
bencaoyit.1168.tv
123socialbookmarking.info
meczenazywo.eu
videosexe9.info
article-rewriter.info
da168.com
www.lcqkz.com
krh.spermochlipy.pl
ubarryho.cz
fcg-media.com
municipioautonomodesanjuancopala.wordpress.com
nitani.net
wmtyme.digart.pl
amorion.pl
tongliaochepiao.qiannan.org
enchantmenot.org
s8c.net
metodosanticonceptivos.info
maxon.pl
skydak.be
www.yjyfd.com
vibemidia.com.br
trafionyprezent.pl
www.iue.edu
heavy-metal.com.pl
754.pl
asu-net.info
nexxt-change.org
appsoweek.ru
gshc.ch
vefsja.ni.is
dokclan.cba.pl
zurker.co.nz
wikihotel.info
www.tensmak.pl
www.zoover.ch
www.bjwqjz.com
britline.com
aqke.210000.org
nai.is
qebojgmlngov.com
1xsuccessteam.info
mtv.pl
ashy.pinger.pl
ab87.prv.pl
viaggibirrico.com
shoushen.com
www.straz.pl
qu17777.info
netbet.com
fregador.puk.ro
nosmeilleurescourses.fr
nuttynewstoday.com
oxu6.265link.com
salariominimo.es
polmaratonwarszawski.pl
www.atleta.pl
www.ador.hr
pdflive.info
kankanai.wop.ro
21in.ru
worldschool.in
student.pev.pl
diaoyu123.com
compreepaguefacil.com.br
kaapor.wop.ro
purehrq.114.org
hostzi.com
5igw.net
grundstoff.net
32lux.ru
www.opowiesciwpr.bloog.pl
www.ac4f.com
blogbiznes.pl
vivorio.com.br
ilqut.com
bobylegros.com
papergiftbags.blog.163.com
sqlazure.jp
pc-planet.de
jiaowu.scfc.edu
gouzyou.wop.ro
p2mforum.info
enass.info
leutermann.de
klubkibicarp.pl
tetraforum.pl
nuppet.wop.ro
surestimera.puk.ro
bistro-set-outdoor-furniture.blog.hr
dorkroom.info
ca-centreloire.fr
shinkoue.wop.ro
cvc.com.br
novostink.ru
www.pinzhihk.net
gameavatarvn.org
imageshost.ru
www.ltc58.uqc.cn
www.xxx661.com
realestatelistingsw1sa.info
sadomain.co.za
aaooxx.bee.pl
plcp.nfdy.net
jhltoys.info
ccftn.com
wwef.011r.com
pokerstars.it
neighed.wop.ro
mochilabinaria.com.br
healthcity.be
etondegroup.com
humyai75.info
nzbserien.org
speleorovers.org
kuat.puk.ro
enthec.com
j85n.265link.com
thailandbacklink.com
www.gzbangyue.com
68ecshop.com
crearforo.com
volait.wop.ro
xfq94.wh.gd
abc4it.ch
lifeclip.org
bakelovenotwar.co.za
literallyinspired.com
cholerae.puk.ro
bluetheme.cn
www.12520.cc
feed4u.de
www.reestdal.nl
donlinkage.pl
f1tippjatek.hu
prizebp.jp
clubtread.com
dorakishi.digi2.jp
harena.info
tacktoit.com
fabiaowang.com
www.5388.cc
clearblue.com
triculi.com
kubus.taty.pl
grupoazul.nl
dasheng5.dginfo.com
vbaddict.net
andre.muit.eu
wmr.flog.pl
ydmyker.wop.ro
nov.flog.pl
yahyazadah.ir