kinaisho.wop.ro
www.0816yst.com
jacweb.info
ronjangingerich.com
www.domop.org
betting-portal.net
www.9mei.us
youropinion.gov.sy
netarena.pl
wapenzaal.wop.ro
30daymentalcleanse.info
www.nike88a.com
icepail.wop.ro
faldxgzqfr.blogger.hu
hassan.massoudy.pagesperso-orange.fr
www.hengan168.com
cholerae.puk.ro
gz3m.com
qkrk.56dvd.net
www.3hao.org
tymoshenko.ua
bbs.t.163.com
blasttheads.info
gandhist.wop.ro
utfallit.puk.ro
raooo.com
www.bjfw.mobi
sachen.wop.ro
motorizzazioneroma.it
festiwale.info
myvetsfirstchoice.com
tvsexehd.info
meetingtime.it
thend.wrzuta.pl
wkv0.265link.com
quanaodep.info
pill-counters.net
dusia1998.pinger.pl
www.52wf.org
mdlboys.info
meydane.info
company.efw.cn
turgescency.puk.ro
logxxxx.info
komparing.com
dehong.gov.cn
souschef.fr
www.ugk888.9v0.cn
platin.wop.ro
agoing.puk.ro
lateststory.net
police.be
satdy.info
cazforum.net
siedmiorog.pl
demo.baixing.me
siamusic.net
www.animonda.de
kanmaopian.com
whomex.com
xvz.pl
sabaudia.latina.it
www.dola.me
stovemaster.info
fimoklei.info
tulocura.net
the-expendables-full-movie.blogspot.it
wy07.qiwen5.com
angelsdemonsdownload.blogspot.in
www.removalistsmelbourne.com.au
pc-tronik.pl
mount-kinabalu-borneo.com
www.lx-ep.com
bechstein.de
wyspagier.pl
hqkp.nfdy.net
99k.org
tokyo.106.in
www.baidusc365.com
www.danmag.pl
edelnerd.de
lvdapeng.120.net
tagcentral.info
zpie.nfdy.net
zvrh.210000.org
www.nantong.biz
bridelle.pl
www.xxx899.com
verhaaste.wop.ro
opruimen.wop.ro
ronys.info
jxd.hk
b684.sutra999.net
wat.wap.ai
outlook.pl
trotze.wop.ro
webmini.pl
cloudydesign.net
afotec.puk.ro
espritmusique.fr
kruthai.info
bvhfykmvygqlj.blogtrue.com
www.usd.ch
l6d.info
gqszjambj.skynetblogs.be
av.8888ye.com
www.cljtxsc.com
trf3.jus.br
thyj.yzz.cn
bux999.info
flywheel.it
escpeuropealumni.org
bacho.ac.th
meuten.wop.ro
sexe8.info
lexic.us
pixel.gd
perkle.wop.ro
www.hr366.net
locco.digart.pl
matungo.wop.ro
besthometheatrerecei.26z.info
rentfurniture.com
affaisserions.puk.ro
zswf.k3y3.net
nachfolgeboerse.at
c1521.amlong.info
directoryspecify.info
laibaby.info
www.loft-vision.net
glaza.info
coollifeshop.com
aitikens.puk.ro
wanyo.wop.ro
www.shxfsw.com
imagengratis.org
vvki.info
www.517bocai.com
www.yixdk8.com
richrussell.co
bvzj.210000.org
bragat.wop.ro
coguri.jp
odnokllassniki.info
665mi.com
sevilla.org
gzsppf.78.cn
rbedemi.ru
jaslonet.pl
www.xxx552.com
zamalek.sc
ooftkeld.wop.ro
testkingworld.org
peur.digart.pl
seolinkdir.info
popa.210000.org
preisjaeger.de
movieshare.org
sanam.cn
transparentwebsite.com
owsiaknet.pl
vital.pl
umusic.ie
gow.by
www.cvdm.nl
usterk.blip.pl
otodok.puk.ro
3000y.net
afincadamente.puk.ro
www.ctfcw.cn
hitnauk.ru
ikidooru.info
achaz.puk.ro
bbft.nfdy.net
bud-man9.webs.com
climateroofing.com.au
www.zoover.ch
cumstains.info
frr.ro
gamigo.com
poliker.hu
robbers.de
1ywo.k3y3.net
www.1yang.net
deputymcgrane.com
fsjms.net
fnac.pt
traderteam.pl
sallyshey.pinger.pl
au108.info
blu-torrents.net
chicosabetudo.com.br
u-ryukyu.ac.jp
menshealth.com.tr
itcgroup.vn
borpas.info
mnenie.dp.ua
www.huayuan.org
protisto.wop.ro
sesjestrategii.pl
xbox360games-cheats.info
directorychart.info
efind.com
dosklejania.pl
keieisha.tw16.jp
boyi.nzw.cn
developlink.info
levonevsky.org
zyueru.wop.ro
www.jiyin190a.info
motomercado.com.ve
geabonneerde.puk.ro
860860.net
hupan.net
gmxq.nfdy.net
www.pollyklaas.org
hiowe.wop.ro
wtfbook.in
gynge.wop.ro
spisane.pl
jazz.lap.hu
www.jamievalentine.net
g4sd.qiwen5.com
copperwiki.org
abcportage.fr
centrumdrewniane.pl
6h6h.cc
arctium.puk.ro
memestache.com
wsgh.nbws.gov.cn
www.sexgs.net
volante.pt
havnes.info
canun.wop.ro
zoopriut.ru
galemortgage.com
phdonlineprogramsz.info
ttes.info
39910.com
zumdorfwirt.de
mmrtys.com
kousien.info
01navi.info
novobabes.com
organiczne.pl
adkontekst.pl
hmfz.78.cn
9422.210000.org
harleystadt.de
terugstotende.puk.ro
greenvillehousing.org
www.13366.info
kvik.es
hacktutors.info
chemnet.com
www.86ssss.com
bigasslover22.tumblr.com
www.qq1314521.com
www.t2av.info
zombiebook.org
59ii.info
www.55aise.com
softsportstv.eu
starcraft.md
www.zgqt.zj.cn
atb.tn
dejoie.puk.ro
www.hengcaizixun.com
cblearning.com
www.jschj.gov.cn
fititnt.org
avrinky.org
halses.puk.ro
suhw.210000.org
taninews.freeblog.hu
www.rpgmaker.pl
www.49lu.com
humyai44.info
statas.lt
da.com
www.veige.info
newskomp.pl
3336h.com
2013fordfusion.info
www.xiangyue0769.com
quemar.wop.ro
upsb.info
www.race.es
dred21.flog.pl
9cht.lizhidy.net
www.rb3j.com
piny2002.tk
driftig.no
okazik.pl
isperky.sk
www.fzl.angelqq.cn
www.xf3c.com
backoffice.be
abenyu.puk.ro
clickly.info
chuclone.com
32zolltv.info
eoneo.com
udayton.edu
mec.digart.pl
www.cdhf.org
kameraakcja.pl
sxrj.210000.org
epodatnik.pl
chen123.rrl88.com
blogsponsor.info
spraakwa.wop.ro
joelbecker.net
kupi.ba
radioelmundo.com.ar
news.k618.cn
acccnet.net
sadomain.co.za
sosobai.admin301.com
belajarpc.info
envilecer.puk.ro
icrt.cu
babyzine.ca
stokeylocal.org.uk
custombookmark.info
960.gs
harukaze.puk.ro
slice.wop.ro
shero.digart.pl
smacksonline.de
m1365.com
evep.nfdy.net
glfjsb.com
joinarticles.info
bustyteenstgp.com
www.x5wa.com
farrow-line.info
taghop.info
miee.tk
linux.8miu.com
polohatss.sitepedia.jp
www.8as.info
abolirent.wop.ro
onsengai.puk.ro
regzone.cz
rapprenant.wwwwww.wop.ro
www.roon.ro
2012se.info
www.knedy.com
ben10oyun.com
viiastudio.pl
fob.blip.pl
www.badubaike.com
liuhe.tv
www.uc3m.es
mjc-andre.org
www.ttxfsc.com
asf.fr
gehemelden.wop.ro
www.shenwan.gov.cn
communicationmaster.nl
artsonia.com
6ccp.com
kocgcupq.blog.mongenie.com
www.lhxf.org
www.co9co.com
miyosire.wop.ro
archpaper.com
dbw.topka.pl
marika.flog.pl
www.lsxs858.com
gendertravel.info
www.rejseliv.dk
markered.info
radcom.com
hgzhen.com
tianjin.jinpu.com
optivance360.com