kenreimer.com
ahiva.info
cl.orc.st
mdime.org
afrost.puk.ro
www.z24.nl
youthoutlook.org
haidea.wop.ro
65w5.nfdy.net
24au.info
articlesubmissionz.info
cueb.me
www.wjez.net
imprimante.biz
janitos.de
it-fans.tk
cardif.fr
honei.wop.ro
mykitchen.bg
www.mpmrecruitment.com.au
educationh.com
jazoka.info
gamersmind.info
www.sigmans.nl
frame.pl
j93w.265link.com
jxpma.org
angac.puk.ro
qhtygj.info
www.uetd.nl
sitesi.web.tr
snuifneu.wop.ro
atsiri.info
ymfs.org.uk
gites.fr
101woonideeen.nl
petlittle.com
nvod.cn
jolynn.puk.ro
cerne.puk.ro
www.sc10000.net.cn
noweinwestycje.pl
progbook.ru
www.sns.pl
nod32id.org
www.haitao9.com
jobble.pl
5igw.net
0395.1775.cn
we.bs
iphonehoesjes.goedbegin.nl
away.travel
mlist.it
chachala.com
hochtrei.wop.ro
hjcs.265link.com
bbs.xidian.edu.cn
www.pnnl.gov
fridhs.se
acer.de
florigen.puk.ro
dissimulons.puk.ro
www.gaben.ro
alphimedia.com
kotta.try.hu
shopcodes.co.uk
1mistresclariz.a-livesexasian.com
drsup.jp
www.opp.no
paike.dy365.cn
nhadatvip.vn
www.myjiaan.com
entropyholds.pl
pooh.cz
podajemy.pl
servicesuniversity.org
gorunfaster.com
ps116.org
tarif4you.de
rnby.210000.org
uhjb.nfdy.net
hptuners.com
gwrrakyv.org
ifjn.nfdy.net
afschuww.puk.ro
biologique.puk.ro
phonebank.de
nyrodev.info
1hqo.k3y3.net
academe.puk.ro
mediadar.ru
imgtube.info
www.jnrcw.cn
anglerschat.com
wegviele.wop.ro
c1522.amlong.info
caoliushequzz.tumblr.com
drupal-translation.com
adwords-buch.info
aviva.pl
cdgalaxis.hu
dailyfreeware.net
wkamsterdam.nl
gujarat.gov.in
agong.info
tytusz69.xfree.hu
68ee.info
dj-alfredo-da-matta.hyves.nl
sg.9998.tv
mymotor.fr
news.420.cn
onlyfloor.pl
ooftkeld.wop.ro
ooobelogorie.ru
learningpark.jp
mohi.210000.org
oprc.qiwen5.com
www.caesar.it
oqqw.265link.com
organono.puk.ro
osimatou.puk.ro
www.wenshen8.net
oublierais.puk.ro
pcpd.pl
outerbanksrentals.com
overclou.wop.ro
overjob.wop.ro
pacitel.fr
pak.blog.pl
pakir.wop.ro
panjinshi.m69.info
paraplubak.puk.ro
parhikuni.com.mx
parquons.wop.ro
calil.jp
partydepot.com.mx
pasamed.hu
paulgossen.info
pawelsawicki.digart.pl
paypal-marketing.pl
bonifratrzy.pl
pdry.wop.ro
tonkolyparna.info
perfuma2.es
peruano.info
petrosa.co.za
se.se
picturesindia.com
pigames.net
byq.nazwa.pl
pill-counters.net
pimenta.blog.br
pingry.org
piprojekt.pl
pit-gazeta.pl
piufan.it
pjentaszeq.digart.pl
plan.pl
planet.hellug.gr
playism.jp
pnet.pl
pokerstarslive.fr
polysporic.wop.ro
pornhentai.org
pornlazyfree.info
preisjaeger.de
preodenotebook.7m0.info
prerecor.wop.ro
pro-quote.de
projets-architecte-urbanisme.fr
prous.com
prtq.info
prwv.info
purelynsfw.com
puzz.wop.ro
pyrrhocoridae.wop.ro
pyvideo.org
q-store.vn
qbudkskk.blogger.hu
moje-seo.pl
qiche.info
radiowawa.pl
rank.509.jp
rankchecker.gr
rapszodi.puk.ro
laowantonggtt.1168.tv
raumfahrer.net
rawfoodcoach.com
readymade.prv.pl
real.pl
realhit.cz
redpages.ph
mmpk.nfdy.net
remusmunteanu.ro
rheuma-liga.de
rhga.ru
ri.sunho.jp
ribaltan.wop.ro
ossala.salon24.pl
ricardo92.wrzuta.pl
ricksworkshop.org
egyesult.hu
ridenights.info
ro.bab.la
rodete.wop.ro
roelandmeyer.org
rpcxtdgbsyf.1168.tv
rtg-mag.hu
ccshuang.rfjpp.com
rtlnitro.de
rtsi.ch
rundlich.wop.ro
shop69400576.taobao.com
signum.wop.ro
siodme-niebo.pl
sitadex.oepm.es
sitesanalytics.com
sjzsfjx.shop.qihuiwang.com
sklep.avt.pl
skott.blog.is
antikwiteit.puk.ro
skytube.jp
slakhoor.wop.ro
hhstyle.pl
smartjobs.com.pk
smilecom-usa.info
smrc.cc
smumn.edu
smzt.baomihua.com
snowriver.org
socialbookmarkingengine.info
socialbookmarkingfinder.info
socialbookmarkinglist.info
sofields.com
soku-deco.jp
solveren.puk.ro
soniaalicia.com.mx
sortesokker.dk
sostitut.wop.ro
souris.digart.pl
ihio.or.jp
speeder.fr
spicynodes.org
sqpx.91huayi.com
shinephp.com
sspops.prv.pl
ssto.digart.pl
stachyos.puk.ro
statseks.puk.ro
accessmanager.co.uk
stomachfully.wop.ro
stream-movies-free.blogspot.mx
crocuses.puk.ro
streetmusic.pl
streetwhore.info
strijdlust.info
stscript.info
studentsoftheworld.info
zso2bialystok.pl
studiengaengen.wop.ro
koelngrund.de
stumax.info
stykaa.wrzuta.pl
subboreal.wwwwww.wop.ro
submitalink.info
sugei.info
sumy.ua
superfaceci.pl
superpoop.com
suretish.wop.ro
lonerboristeria.com
surfnz.com
swjproperty.com
usaco.org
szybkiepisanienaklawiaturze.pl
szzhudi.com
t39.us
takyuuda.puk.ro
talon.cz
tankauto.eu
tanseged.info
taria.blip.pl
maysaytoc.net
tastyarticles.info
tattoos-gallery.net
tclokaue.de
teenage-porn.us
telegazeta.tvp.pl
terous.blip.pl
terrasolusi.net
the-twilight-saga-part-2-full-movie.blogspot.in
lvdapeng.120.net
milfinpantyhose.net
bloombiz.com
affairons.puk.ro
www.daliuliang.info
mikelonis.wop.ro
www.daocy.com
www.duoq8.com
arvatodigitalservices.com.br
spillene.wop.ro
atlas.sk
amateurporns.info
mamantravaille.fr
onlineinsurancequotez.info
pakiety.pl
www.crux-gd.org
www.52letv.com
sellvalid.com
www.easy.be
www.emsdy.com
sexotube.eu
ajc7.265link.com
www.51jianxia.com
yh5.cc
evoucher.com.pl
ishinabe.wop.ro
cib.com.ua
invado.pl
shanghai.fangtoo.com
guihuaxiang.com
acceptin.puk.ro
7yh.info
juancong.com
www.everhost.nl
www.fjau.edu.cn
www.flyup.cz
www.fnp.pl
www.fzrcw.cc
www.g4qq.4f9.org
bancogallego.es
www.gdbchr.com
www.gs1sk.org
www.haichuntools.com.cn
www.hapitu.pl
www.pmno.pl
www.haragei.net
www.hmsj.gov.cn
www.huolong.info
www.hvhsa.com
www.igc.int
www.inbook.net
www.ipmch.com.cn
www.iyaya.com
www.jhu.cn
www.jvc.ch
www.k-n.com.cn
www.kafei360zx.com
www.koral.pl
www.krokdoprzyszlosci.pl
www.njhuqing.com
www.kz2010.info
www.lelv001.com
www.lfzmcs.com
www.lhi.is
www.ljlrt.info
kbne.265link.com
www.llady.cc
www.lqshi.com
scorpene.wop.ro
www.mgb.pl
www.mkm.ee
www.moof.pl
www.mp3s.pl
www.mypress.de
www.nbyzedu.cn
www.netjunkie.ro
www.newflash.tv
www.newstartchina.net
www.nic.mx
2i84.k3y3.net
www.nieruchomoscislask.pl
www.nike168.biz
www.nixiou.com
www.njkaixin.com
www.npx700.com
www.nsexpert.com
hearya.com
www.oradev.net
d4ddd.info
www.ordbog.gyldendal.dk
007gzzt.info
www.pageup.cz
www.pottia.net
www.powerstreet.fr
gz.58.com.cn
www.ppbk.net
shop69301342.taobao.com
www.pradziad.pl
www.prm.md
www.puig.pl
www.pyxxw.net
www.qdnzy.cn
www.quickpai.mobi
www.ralphlaurenitalias.org
ftknox.wop.ro
www.revco.ro
www.rhxy.cc
www.saodh.com
www.stpaul.gov
www.thuocgiamcan.co
www.tuvankhoedep.com
www.ueafc.org
4399.yxyz.asia
www.uuuv.cn
cvm.qc.ca
www.wawaji.co
www.wizard101.pl
www.xj370.com
topxxxamateur.info
zdronet.pl
www.xxx883.com
bbs.xintiao.net
daogouwang.tk
promo47.fr
www.sss986.com
www.yuansubuy.com
www.zhuzhe.org
xdress.com
xiazhengxin.name
dreig.eu
xlcg.taobao.com
xn--zeltemizlik-qfb.com
xonetv.info
www.xenke.com
www.djwq.net
xoso.wap.sh
xtremsplit.fr
xxxkug.wop.ro
xxxone69.info
apcp.ie
duerk.info
yalandunyahd.com
4lt.info
yasudaju.puk.ro
yirr.nfdy.net
jiuyangshenguo.1168.tv
anguilles.puk.ro
zbychaha.prv.pl
zgtuango.com
zyiis.com
1sexhotlatin.a-liveprivates.com
2000-hyundai-accent-repair-man.blog.hr
evi.by
333ok.info
kill.online.cq.cn
f.epe.at
bfcfg.info
camptq.org
aandreas.digart.pl
4444kk-823a.tumblr.com
47tg.lizhidy.net
4kbbs.com
58xx.info
5cn.info
77qe.com
a-at.jp
equiandlove.com
beurten.puk.ro
verbaco.de
a2zsocialbookmarking.info
a4ph.qiwen5.com
abating.puk.ro
abenyu.puk.ro
asianladybugs.webs.com
10000072879.8.sunbo.net
acatist.ro
agoda.web.id
ahe.name
ainix.co.jp
allentat.wop.ro
alma.wop.ro
saabklub.pl
altairtours.ru
www.sppac.cz
stahnu.to
tntyp.com
alzava.puk.ro
amazon.co.za
osyaku.puk.ro
bsmart.se
ambertonas.lt
amichalski.blip.pl
17php.com
anneclapp.com
ar4es.info
4dk.ru
exotics24.de
argental.puk.ro
argentose.puk.ro
armene.wop.ro
classifiedreal.com
armvol.wop.ro
artwallpaper.co
asimmer.wop.ro
atesa.es
ausartet.wop.ro
auto.0916.tv
auto.ce.cn
automobiliai.biz
autonewsupdate.info
kneppesexedepiger.com
av.2kkm.com
babylon5.lap.hu
pornobabytv.info
vorhaeute.puk.ro
bagnini.wop.ro
bandweverij.puk.ro
bbs.d99net.net
bbs.mac.net.cn
www.christianfoto.hu
bhsturk.com
bijia123.cn
biodeals.de
blnc.gov
bluecity.pl
broadens.puk.ro
brusszel.utazni.info
bytelink.info
caditec.de
ghostriderace.de
cd.edulife.com.cn
chantal.puk.ro
chat.parlaq.net
chauffio.wop.ro
cheapestwebhostingz.info
triponline.hu
cheetah3d.com
chinaphonesreviews.com
chengdu.usconsulate.gov
chernihiv.info
chicksto.puk.ro
gurullada.puk.ro
choerops.wop.ro
cij.hu
neighed.wop.ro
dvdriplatino.info
cirurgiasplasticas.info
ciurma.puk.ro
cl.zhaoxun.net
clipsexe3.info
clnba.info
code-snippet.co.uk
taggin.com
cofyvitu.prv.pl
www.gogyy.com
colarte.com
cozaile.pl
csnf.qiwen5.com
aaagreen.info
cuni.cz
a.qsdg1.in
currentcity.org
cvr.pl
cyberbiznes.pl
cynosura.org
dailyfit.ru
damian234.prv.pl
danpacplus.hk
dbamyoceny.pl
ddip.info
derangedrecords.com
dichvutangle.com.vn
wqdjxx.com
dinstudio.no
directorymaster.info
directorymis.info
www.0769htk.com
byqz.k3y3.net
dawida.wop.ro
discoveredvisions.biz
diyiye.info
dizionariofinanziario.it
djgaucho.com.br
88uw.k3y3.net
doctorgev.org
dollarchurn.info
domainmarket.pl
domywstylu.pl
alewoda.pl
dona.wop.ro
dovolenkaside.info
jgbi.lizhidy.net
sejj8.info
drawn-hentai.com
drel.su
jacweb.info
rwyj.nfdy.net
dronacharya.info
dymol.flog.pl
rommendo.wop.ro
e-cyfrowe.pl
e-direct.info
e-heaven.pl
ebedmele.wop.ro
emonosale.info
8ung.info
empiresmarketing.com
emwoufjmj.skynetblogs.be
enable.hku.hk
eqnaiti.bloguez.com
exportli.wop.ro
f4.digart.pl
facegreece.com
farooa.wop.ro
fashion.dztv.tv
ferrao.com.br
fiat-bravo.info
firanytkaniny.pl
firmlandia.pl
ccftn.com
fitnessplatinium.pl
fixes.wop.ro
fluidsurveys.si
fortelle.no
itivarden.se
forumbola.org
the-expendables-full-movie.blogspot.it
33lian.dvdlinks.at
foudemusique.free.fr
fqhs.nfdy.net
fragland.net
frambringer.wop.ro
frej.blip.pl
luft.wop.ro
fsu.pl
fukugour.wop.ro
fun.idg.pl
ishawi.digart.pl
fungame.com.ua
fusionads.net
gagugo.pl
galerarox.net
game.tiexue.net
gardenplanet.pl
geizigeres.wop.ro
geneethics.org
qbusiness.pl
gersimi.pl
0790.1775.cn
gezeverd.wop.ro
am.com.mx
giatotmoingay.vn
giaydepdep.info
gift-basketsplus.info
analcavity.info
gz.wenming.cn
haber.soup.io
haiguan.info
haivip.info
sukhothai.puk.ro
k12.ne.us