azerenerji.gov.az
biznesstart.ru
vandale.nl
dyuc.210000.org
blogdeldia.org
www.omga.me
seo-pro.fr
sac.epfl.ch
fikturo.info
maine-coons-from-minstrel-hall.de
hcdukla.cz
przegladyrogow.pl
yuncheng.xinl.net
www.ali.ug
www.shousu-fod.com
frequencydesign.co.cc
stanleybet.ro
events.pedaily.cn
ishawi.digart.pl
www.intel.pl
pornokopilka.info
kwaii.biz
sourcefabric.org
www.immie.nl
anget.puk.ro
gepriesene.puk.ro
www.bjjtjd.cn
bru.ro
zdroweprzepisy.pl
www.123se.in
kozpont.ro
celebsy.wrzuta.pl
allonym.puk.ro
58g1.lizhidy.net
y8.in.th
stickies.puk.ro
infova.es
tokku.wop.ro
prwv.info
blenke.wop.ro
6668.hk
buzz-esante.com
perterra.org
oregonbigfoot.com
rapszodi.puk.ro
forum-cz.net
bigtopbullies.com
shicila.c.la
yamamura.com.br
alarmklo.wop.ro
rodekors.no
zskc.210000.org
aftab.ir
marketerinfos.net
electroworld.cz
lexusforum.nl
altti.wop.ro
rapclub.ru
j.gs
leasingnews.org
fffid.com
airlib.be
repenten.wop.ro
homepro.co.jp
auntiembb.ca
bjtdyz.com
jinkouei.wop.ro
uastf11.ac.ir
fhcwiki.org
boger.digart.pl
xixidieyuan.com
123hp.jp
zmarzlena.digart.pl
tongliaochepiao.qiannan.org
www.i-tour.com.tw
easylius.eu
facahn.wop.ro
aforizms.ru
vektorelcizim.net
napavalley.edu
jatek2000.hu
one-viewnewz.info
aaron-rodgers-t-shirt-jersey.tpten.com
www.eurovapers.ro
paraguay.co
turkuamk.fi
fnhd.nfdy.net
tagonsocial.info
dielytra.wop.ro
handwerkte.wop.ro
trotsky.wop.ro
thereviewengineroi.net
adjuvant.co.jp
mediadev.pl
fullwarez.net
74vo.210000.org
nugirls.info
lilly.puk.ro
kongruan.com
vipc9.com
quartos.puk.ro
armene.wop.ro
chazy.wop.ro
www.10086la.com
observatorio.info
athui.com
kolesa-online.ru
beak.puk.ro
qxf.9998.tv
bahtera.org
bidian.net
dphoto.jp
graphics.beareyes.com.cn
lawnmowersdirect.co.uk
fantastyczny.eu
ngocha.com.vn
www.vla.cn
www.fawell.eu
aaneengedriegd.puk.ro
ptwebserv.net
bbs.sinobuy.cn
jiweicun.net
kyqymdwm.blogerzi.com
caogen.anhui.cc
chachala.com
acp.pt
zettelte.wop.ro
ksmym.bianyaqi.biz
caribbeanmecca.com
3223.nfdy.net
alsagerchessclub.co.uk
ciblexo.fr
eliche.wop.ro
amichalski.blip.pl
dietvirus.info
annharveyfashion.co.uk
www.yindaoyindao.in
a2wnigeria.com
soulinstone.ca
bambeto.com
skolmynd.puk.ro
fengshiguba.1168.tv
88szs.com
a1directory.be
k1.haimunx.bee.pl
buxed.com
olderwomen.tv
www.0534wt.com
rypeck.wop.ro
adultscriptpro.com
yominaos.wop.ro
dimax.biz
chat.lwtv.net
www.rws-verlag.de
meteo.si
gamefreaks365.com
bokmarkstyle.info
newcitizen.info
gonk.wop.ro
escolainfo.com.br
linkexpress.info
www.campusnews.ro
dayperm.ru
nathalie-arthaud.info
adopt.wop.ro
gw.875.cn
vbuhanov.ru
marchs.co.jp
nickrthomas.co.uk
candc.blog.hu
legalized.us
jeleniagora.pl
guihuaxiang.com
eschaton2012.ca
formulino.de
onwersal.com