teamarket.org
l2thinktank.com
iyouf.info
ventosit.wop.ro
hotelkristal.bg
thefreeagencybalt.com
www.dongguang118.cn
samia.us
themewp.com
berlin4rent.de
tiempodevictoria.com.ar
diffamer.puk.ro
emallde.info
889800.com
www.rws-verlag.de
stratege.ru
www.jiyin88.com
clads.biz
iaw.hyves.nl
vstar.megaplus.vn
www.glsd.hk
www.egov.md
www.paipai971.com
sou.wjw.cn
nyllover.com
crbone.info
mcmanus.la
qanungoh.info
szukaj.wp.pl
xxx12.info
sat-module.de
kinoplex.com.br
www.m9191.com
die-hard-full-movie.blogspot.dk
phomac.de
editforlulu.jp
dwingers.wop.ro
5253.fad3.net
webdirectorys.info
gorubi.wop.ro
solms-delta.co.za
ue.wroc.pl
bega.de
bronystate.net
netelpla.wop.ro
noiretoile.flog.pl
www.hugweb.net
hoorprofs.nl
www.shyilong.info
grottacontinua.org
etre.flog.pl
tvpparlament.pl
www.vpner.net
56xoo.com
luisde.wop.ro
qute.biz
s8c.net
chachala.com
miserdom.wop.ro
sexotube.eu
konsultantkaonline.pl
56aiav.com
122111.com
poczta.home.pl
tofciak06.pinger.pl
acua.ti-da.net
tianmaowanggou.info
www.770123.com
myfineforum.org
gry-dladzieci.org
2days.org
w7p.info
www.fondazionebmlucca.it
fxet.210000.org
borona.wop.ro
viragcenter.hu
opsiges.wop.ro
radyodinle.info
gelangt.wop.ro
agusta27.info
juvia.wop.ro
nowart.kr
unitedmodels.eu
tipar.md
www.hbga.gov.cn
psearch.yahoo.co.jp
www.yzhj.net
www.zjj.la
dcassessor.org
www.j8j8.info
facegreece.com
www.merida.com.pl
cigarasylum.com
sommelier-wiki.org
trm.md
tvnplayer.pl
www.029wsw.com
jutting.puk.ro
yearner.puk.ro
managed-ppc.co.uk
dramatvseries.info
dgcq.b2b.hc360.com
fullfastonline.co.uk
ppfwd.prv.pl
www.omnia.pl
alialiba.org
brookes.ac.uk
fnac.pt
nivea.digart.pl
ivo.flog.pl
solicitar.wop.ro
saida.wop.ro
www.y3366.com
gruppobm.it
rnnb.210000.org
globkurier.pl
r25.jp
muzyka.57.pl
shopbaocaosu.info
www.ywwyedu.com
djshop.pl
hedninge.puk.ro
99bill7.com
naturaltherapyforalli7n.info
www.abwerk.de
stylistka.pl
www.officejobs.hu
genevievekay.com
train2drive.info
zanussi.co.uk
pnrstatus.co.in
www.gdfz.org
liuhe.tv
macua.wop.ro
groupweb.info
redpages.ph
660.a-thera.jp
nagareoc.puk.ro
www.mente.cl
2kom.ru
neobux.gd
ad.moinhat.info
oxford.pwn.pl
aufhelfe.wop.ro
www.clubtroppo.com.au
lojamais.com.br
selbst-doku.de
rupzzz.hyves.nl
viennamensgolf.info
www.bassdrop.ca
dutta.wop.ro
letapartment.com
harmoneat.jp
darts.lap.hu
1cpvlab.info
460l.nfdy.net
naghdnews.ir
decofinder.co.uk
brigrugbyleague.co.uk
xixidieyuan.com
microoven.info
kpf-guaranty.cn
verqualmte.puk.ro
www.xjnengyuan.com.cn
tmyafcvnp.blog.kazeo.com
wafuku.wop.ro
netlinking-referencement.fr
www.a668.net
tupfte.wop.ro
link.ua
xn--80afqvkbmny5g.net
crowdsourcing.org
carka.digart.pl
datonggouwu.fdchs.cn
twenters.wop.ro
sklepztapetami.pl
km-orzel.pl
fastpr.pl
www.kermi.pl
yahoo.de
jazzdanmark.dk
xalexadnrax.digart.pl
25ez.265link.com
www.qthxxw.com
thegodfatherpart3fullmovie.blogspot.co.uk
yeguadadelrey.org
xxxpalesteinxxx.hyves.nl
bbs.huaihai.tv
taninews.freeblog.hu
verdrongene.wop.ro
www.youxiang1.com
ww3231w.2pcn.com
afschuww.puk.ro
uploadvideos.tv
eastcoastminorleaguebasketball.info
tourdivide.org
nxs.prv.pl
vitaherb.no
www.eawag.ch
aznv.tv
chiangmainews.co.th
prwv.info
dinstudio.no
www.seoer.org
website-go.com
teezkehqpc.blogage.de
pling.org.uk
buttons.com
linkcomplete.info
mediclin.de
vaupe.wop.ro
internons.wop.ro
hy16528.com
mojezdravlje.net
www.csas.cz
peyronnet.info
zonakz.net
ruminances.unblog.fr
schapeve.wop.ro
www.plk-sa.pl
tvprogram.rs
pligglog.info
www.djwq.net
nuanpp.org
ingatlankorzo.hu
j8so.qiwen5.com
bookfilter.com
www.ugk888.icoc.cn
garmonia-med.ru
pogo.fotolog.pl
www.g2000.in
justfreebooks.info
gebiechteter.wop.ro
paroemio.puk.ro
pornoindir.name
cobatab.edu.mx
uncloudi.wop.ro
59tl.265link.com
www.666813.com
mediadar.ru
iida.jp
tsuusin.wop.ro
www.topauto.hu
torontobotanicalgarden.ca
porno123.info
tubuyori.wop.ro
yktdyy.1168.tv
spark.org.vn
solarlaw.co.il
oppgave.wop.ro
knixthqm.mobie.in
bbs.gay366.com