zehh.210000.org
schildkroete.net
jwkogdxrz.skynetblogs.be
custombookmarks.info
westpol.at
pmsteel.com.my
kirka.wop.ro
61jjj-a.diandian.com
www.cctv3-xgdd.com
84aaaa.diandian.com
www.psc.pl
zhdf.dz.vancelle.net
industrystock.it
gs.tinyin.net
blog.adelie.dk
prwv.info
chachala.com
paslek.wm.pl
areca-backup.org
bnb.flog.pl
clinique-star-tour.jp
dhre.210000.org
truth.sk
dol.gov
huntermwr.com
kdni.265link.com
hopelessrecords.com
hshewl.com
kanonista.eu
linglong.inhe.net
moe.edu.tw
dachs.puk.ro
bauschiger.puk.ro
4led.hu
77qe.com
rvgw.nfdy.net
sinfest.net
thomala.com
mario.ec
www.jjbctv.net
congloi.info
www.ku9.me
radioram.pl
bmtorrents.net
viudez.puk.ro
ric.spb.ru
myptc.info
pomiar24.pl
szosz.hu
sbsb.in
scooterx.biz
bestpsychicdirectory.com
xson.kr
100portal.pl
tricksnew.info
juegosdeben10.org
www.tyfloemploy.org
spccard.ca
wm2z.qiwen5.com
o.rdy.jp
kitesurfing-nord.de
www.038300.cc
www.combat.hu
eastcoast.yourguide.com.au
www.adra.be
fzpu.nfdy.net
mff-dp.startspot.nl
mi.99bitgongchang.com
tupot.prv.pl
www.456fff.com
gruppenrichtlinien.de
www.webniq.nl
admin918.com
wwt.it
www.gaogaose1.com
fsrar.ru
xxx22.info
freeusalinkdir.info
ratend.puk.ro
tdsinfo.info
ausl.re.it
kaid.78.cn
marginalisais.puk.ro
biologique.puk.ro
vklube.tv
pressenet.info
koelntourismus.de
isladelburguillo.es
czfo.210000.org
www.021026.com
shopgiay.info
gsdh.k3y3.net
lessons-tva.info
seizure-music.com
hempseeds.pl
foxdigital.net
vifilfell.is
castres-mazamet.com
rpgwars.pl
cursosonline.uol.com.br
direct-energie.tv
khawar.wop.ro
66.wapbm.me
www.scoutdubenin.org
daredteens.com
ulozenka.cz
bbs.lcxw.cn
siplex.pl
sporthaverok.hu
remisivo.wop.ro
www.54tj.net
doctrinarismo.puk.ro
www.tiptop.cn
www.natibaby.eu
szalona93.pinger.pl
shachihata.info
www.gzxfy.com
nuppet.wop.ro
khoctham.us
rybkon1962.digart.pl
gigacenter.it
aquaonline.com.br
kompressen.wop.ro
sanlucar.com
wa5161.allin99.net
www.zil0.tulv.org
www.365aijia.com
pauke.wop.ro
66bobo-726.tumblr.com
www.658456.com
30.media.tumblr.com
trikator.cz
azsatforum.info
sodinheiro.info
v7o.info
outlook.pl
f1news.es
makko.biz
e-rower.pl
fundacionctic.org
www.shiluan.com
shiny.flog.pl
www.qianga.net
sfdsa.pl
miyajima-wch.jp
crumbs.org
uncorner.wop.ro
martyniarzek.digart.pl
webwagon.biz
commuerez.puk.ro
se.se
zelen.ru
4xstrategy.net
zettinge.puk.ro
jinmmd.info
rlzb.210000.org
utajeno.cz
reunie-bolsward.nl
rotundas.puk.ro
documentcloud.org
dalethoughts.com
malaghet.wop.ro
aggiornamento.puk.ro
dyndns.biz
feminiweb.com
lzyxe.wanye68.com
fukyou.wop.ro
www.hongchaseo.com
gizmos.es
kaznet.info
ihi.org
j-garage.co.jp
kuzamani.puk.ro
kvartplata.info
literallyinspired.com
csi.poznan.pl
adventuregaming.co.uk
tupale.org
nychhc.org
www.xxx225.com
oponovum.pl
pdf-mags.com
salderingen.puk.ro
new-jav.info
segullah.org
sundiscount.eu
terase.wop.ro
dietz.soup.io
tetao.puk.ro
travelro.ro
ruspod.ru
watch-gossipgirl-season2.blogspot.ca
www.frgrg4rtt4.com
eshop.bobr.cz
kleinsde.wop.ro
bressure.net
www.wpc.me
remarcar.wop.ro
www.euroinvestor.no
www.everhost.nl
esleeve.com.cn
www.xnfdh.info
esvn.com.vn
cyberprogs.ru
www.zuidaowei.com
www.13770766650.com
www.xjxy.net
entersoft.vn
www.88uu.us
atehenmei.com
ylqq.nfdy.net
et20093.x111.org
ir-ma88.hyves.nl
eutfhpredp.blog.mongenie.com
zasobnik.eu
igol.flog.pl
minpromtorg.gov.ru
www.zhenai.org
www.gdhyweld.com
forghani.puk.ro
uppic.org
evangelgiftshop.com
virtua-footie.com
alphareturn2.com
dbamyoceny.pl
www.duomi.com
www.125jia.com
everyonehere.info
www.0516jy.com
www.etal.no
evmypiwxdy.freeblog.hu
evoucher.com.pl
ewelcia166666.digart.pl
soudansy.puk.ro
www.dzye.net
exb.co.nz
mymms.it
sexhd1.info
exedeinternetservice.org
qujiaozhi.net
exodyus.org
roelandmeyer.org
boi.gov.bd
yendi.wop.ro
tekichuu.puk.ro
fabiolahanna.com
expiracionlarambla.es
export.gov
exportli.wop.ro
expressbookmarks.com
eyebeam.spgw.cn
adultlove.us
baidu23.admin301.com
ezcyberspace.com
www.zztongyi.cn
auntiembb.ca
f4.digart.pl
peoplemeetme.com
www.vitrina.ro
www.afir.fr
f4e.cn
nelke.pev.pl
mrpizza.co.kr
facegreece.com
www.creativeloafing.com
www.jenn.nu
1sexhotlatin.a-liveprivates.com
facemaam.xiaoqiaoqiao.com
fadedillusions.com
xzfwzx.dda.gov.cn
shanhuji.com
qusk.nfdy.net
dequelleplaneteestu.wordpress.com
fadri.org
littlesaint.ca
salzgitter.de
fallschirmspringerclub-kaernten.at
www.82sasa.com
famille-emonet.com
familyfruit.net
fan-forum.ch
888qi.com
fanhui.cc
fantaccaniti.it
fantanapoli.it
drvb.nfdy.net
fantastic-host.net
www.k6so.co
farooa.wop.ro
amtra.org
lubin.blox.pl
fashion.dztv.tv
fashion.joy.cn
fashion.letian.net
sendflowers.ru
faulige.puk.ro
sizuk.wop.ro
fashion.people.com.cn
snm.edu.pl
www8098xlc.78.cn
gemak.9r.ro
stief85.sin.khk.be
muabantt.net
d.brsqb.cn
lloh.265link.com
fashionista.com
broglie.wop.ro
www.hncq.cn
oldcompany.info
q9o8.qiwen5.com
fbifm.com
fe.aiao.cn
fecn.net
federn-forum.de
msn2.me
fee1100.com
feel-u.info
guihuaxiang.com
heavenfresh.co.uk
teionsou.puk.ro
kktsd.jp
feest-spandoek.nl
pavoisons.puk.ro
www.taobao-6.com
fehlanzeigen.puk.ro
felixwoo.com
xawesaa.webs.com
fencepicket.info