febea.wop.ro
www.400-0431-908.cn
riposera.wop.ro
rybi.265link.com
yooxgroup.com
coinsecret.com
erdece.hyves.nl
www.rbscl.com
nitroact.info
dj-mixer-deals.info
gli.tc
2011.665566.net
ciop.pl
gq4t.qiwen5.com
wzl.pl
543aa.com
kogome.wop.ro
www.rws-verlag.de
5dd.com
seomarks.info
cyberprogs.ru
kneppesexedepiger.com
dls.78.cn
t-vliegveld.hyves.nl
39jc.com
india-center.org
shop.zlsb68.com
archadia.co.uk
atehenmei.com
www.zhouqinghua1989.com
fupukujuj2.prv.pl
jdnorunnmy.freeblog.hu
neftegas.info
selfdeco.puk.ro
perkle.wop.ro
directcp.net
www.peopleart.tv
logd.k3y3.net
concent.wop.ro
xixichengyuan.com
digifolio.org
ru-domain.info
920807.com
ltc-asaph.com
aggruppi.puk.ro
the-directory.us
special.ena.travel
e-field.info
flamme.de
myjizztube-d84.diandian.com
cherchiez.puk.ro
kwiatowe.be
greece.org
ewsr6.gn2012.com
asuspda.net
iranlinker.ir
benoit-de-bretagne.com
erclans.ru
www.y3366.com
shop58371848.taobao.com
deyang.66law.cn
taobao.53038.com
dontbuy4more.co.uk
fptsaigon.info
whbz2.com
0931.1775.cn
fengshichugen.1168.tv
ngoboards.org
lezspace.info
www.cavee.cn
molihua.net
natchat.dk
kks.8x5x.co
jameshughes.info
gracjana.blip.pl
666ak.com
qualitech.info
www.leling.cc
5lyx.cn
design-factory-leuthold.de
www.search.hc360.com
ttkt.nfdy.net
plusxplus.co.uk
aslteramo.it
graypic.com
nkik.265link.com
hura04.dyndns.org
aviva.pl
4008844442.com
domainefuneraire.com
hengguang58.net114.com
sulfonal.puk.ro
cao87-d86.diandian.com
think-tank.co.kr
suggest-url.info
dubux.info
kardashianmafia.com
kleinperzie.nl
risqueraient.puk.ro
e-vending.ru
2426.com
www.i3yx.com
uitwasem.puk.ro
monai.info
a-at.jp
guihuaxiang.com
rtlnitro.de
newwarranty.info
www.fnforum.net
400shencai.com
eurosporttuning.ca
activedancer.com
chaosmode.info
www.dz-tv.com.cn
peur.digart.pl
emer.kz
lucua.jp
s3s-viaj.com.br
1jlh.210000.org
enomi.blog.so-net.ne.jp
klipped.org
beely123.com
oviducal.puk.ro
6ccp.com
overclou.wop.ro
henningschuerig.de
efshop.com.tw
k8be.210000.org
kusubu.wop.ro
shads.puk.ro
non-non.info
jvcitalia.it
didactylos.bloguje.cz
tsiyon.puk.ro
11h1.com
jinj.1168.tv
jmdian.78.cn
2033.pl
isurvived.org
body.5200tv.com
cnc.3745.com.cn
clickz.asia
11incock4daddy.a-lsawards.com
www.kkgzzw.com
camsecret.com
xinhaimining.com
kdjmdl.78.cn
e708090.com
search4sex.biz
www.zyycgs.com
aristid.digart.pl
1138721.i.tiexue.net
punbb.ru
net110.ms.gov.cn
discovr.info
m1.12bt.info
matr3o.ro
nab.ch
375.ha.cn
isdh.265link.com
dsthdd.cn
17068001.5sing.com
v-ticket.com.ua
mypornonline.net
0335live.com
8181.com.cn
surestimera.puk.ro
www.hyves.nl
xczf.78.cn
xmd6.k3y3.net
nvisionarts.com
portal-cieszyn.pl
aquilawebs.info
wasvrouw.wop.ro
you-must-live.com
www.yyrtys.net
www.zghnjsf.com
xuui.net
3g.qq.com
azap107.33591.com
efewfef34e.com
kattintside.hu
pajarero.wop.ro
ghx.net
www.859.cc
3c.lzep.cn
q.115.com
greendata.pl
www.yiyiying.com
oligosit.puk.ro
shop.668jzw.com
appfull.net
irkzan.ru
xbox360games-cheats.info
m1.13bt.info
www.web-164.com
afrand.puk.ro
5x6p.com
fucinita.wop.ro
lazienkowe.info
goers.puk.ro
blog.1181.cc
affinitygarden.com
691.chlorovwc.orge.pl
code-snippet.co.uk
022jz.com
fredscloud.info
best-travel24.com
rs.anxiang.gov.cn
www.zljingzhui.com
www.ldfs.cn
satmex.com.mx
hypopsel.wop.ro
dejoie.puk.ro
voo2do.com
5wycy.78.cn
www.zhiweibf.com
evangelisch.de
14mirror.com
www.66scweb.com
tusi.pl
corei7new.7h1.info
metalsurfer.info
www.iqsys.hu
myi.digart.pl
wwwkk.150m.com
www.020g2000.com
freephotogallery.info
99bbbb.info
mjmyw.com
trackid.info
www.jccc.edu
hoofdton.wop.ro
59sex.info
007gzzt.info
ww.9177.org
www.zibi.pl
emzet.blip.pl
contentrich.info
vip.755.com
pqvl.265link.com
kmg.kz
55.aiao.cn
jica-alumni-china.com
charlys-midi-studio.de
5552288.com
m1.577gc.me
www.w3schools.com
fcyl9.net
mmw.78.cn
pobeditel.bg
www.sznews.zj.cn
kinsetsu.puk.ro
weihai.58.com
wping.me
fastpr.pl
deco46-l.petitlife.net
chinaz.com
3gsoft.tech.sina.com.cn
anbound.info
29-inch-bike.blog.hr
bestabcd.info
gs.189.cn
davis.ut.us
lesingenieurs.net
www.sangha-care.org.tw
beijus.info
oylinki.info
adrede.puk.ro
cs.52pk.com
terrasolusi.net
jxc5.k3y3.net
jj.gdga.gov.cn
toplistenserver.info