www.zapyty.pl
mondedemarion.info
formula1news.info
www.post.ye
controlbit.de
51seba.info
www.sasgps.pl
hatsumi.wop.ro
tesla-xun.info
345uu.info
socialbookmarkingreviews.info
impulsee.at
adultsexvideos.info
congloi.info
audiobook.pl
angelbrocante.nl
hack44.cn
pobieraczek.pl
1and1.pl
se0.info
82y.info
5x5x.info
freetrialvirus.info
kefuw.com
05020.info
solegro.pl
linkdwarf.info
oarai.info
otiz.pl
universalplaceholder.info
www.boghda.org
7z0.info
ploof.info
bazanowski.pl
ijci.210000.org
creed.pl
worldsoft-tipps.info
halifax.org
o9m.info
gonic.info
unsub2-1.info
decoaching.ning.com
keyword-link.info
selio.tk
52dqq.info
lapdatcapquang.vn
fr-creditrachat.info
proxy-anonymous.info
kurara.pl
katalmach.info
softwarecamaraweblog.3ia.info
pomabu.com
asiunia92.digart.pl
l8e.info
www.binder.pl
lunex.info
etalab.gouv.fr
north-volbs.info
wj.qjy168.com
forum-kulturystyka.pl
freeonlinemusic.84v.info
wappepsi.cc
scratch.digart.pl
3e1.info
mapic.pl
news-up.info
webzz.info
iss.org.pl
tomarigi.info
juu.digart.pl
orar.info
directoryisland.info
kali-gula.flog.pl
independent-investor.info
chenpeng.info
bungee.co.cr
thyjgq.com
midnightcourt.com
albbcy.78.cn
www.vlb.pl
checit.info
www.lgys.cn
vipado.com.br
66aisese.info
kittitas.puk.ro
cci.unc.edu
1hourloansdirect.info
mugnn.info
soku-deco.jp
mbtantishoeprice.info
gofre.info
www.cfszy.com
huopao.info
gifarchiv.net
lioba-usa.de
ihspk.info
taxarticles.info
microchip.com.tw
prcz.info
instytutdt.pl
kakakaka2.info
aap.digart.pl
dep.no
993998.com
www.lessa.so
www.sxs123.com
ss8866.com
xposeprint.de
chorzow.pl
seobazis.info
bardon.edu.pl
oddech.net.pl
diyprojects.info
wikinations.org
szczawno-jedlina.pl
beckersport.pl
lylc.net
guihuaxiang.com
recycology.pl
ul0l0l0l0l00l0ll000l.info
gekten.wop.ro
justdohits.com
strengthgroup.info
enkol.pl
windows7.pl
kurtlarvadisipusuizle.info
statiite.info
www.ww2.pl
69637.info
i9yt.k3y3.net
smallbusinessaccountingz.info
l2y.info
www.cjiyou.net
mysextv.net
autospecs.info
lordia.pl
geiliit.net
digihex.pl
www.hert.nl
pcmusic.pl
verwerin.puk.ro
www.aden.pl
offr.info
conradmildner.de
shenyang.usconsulate.gov
kinder.digart.pl
vpsserversz.info
proside.info
faipredfoaskyr.page.tl
siterj.net
itbook.info
aggiornamento.puk.ro
ubplanet.pl
j-garage.co.jp
expressadne.info
www.uxx.cc
halver.wop.ro
timesamachar.com
59ii.info
docomo.biz
downloadtube.us
anbringelse.puk.ro
orthowiki.pl
cinerama.no
myphotocollage.de
rhoenseite.de
zx.libai.cn
68wz.cc
tribunolahraga.info
montana.edu
haker.com.pl
ads4dough.com
qbudkskk.blogger.hu
magicinadvertising.com
sephpa.com.pl
backtenttralchesb.blog4ever.com
ditzel.wop.ro
bosque.wop.ro
www.liteon.pl
navygouge.com
www.gasexpo.net
nv345.info
mushahid.info
1001pneus.fr
brilliant-group.ru
fly.ru
chachala.com
alina.blip.pl
bcc.it
julli.flog.pl
bbs.007.cq.cn
pro-quote.de
nap.net.id
www.daogouzone.com
thorihub.info
mocotyan.blog.so-net.ne.jp
zainawan.page.tl
snapdrag.wop.ro
mgjm.nfdy.net
mfacebook.pro
radiostations.co.uk
medizin.de
minesec.cm
check.bpn.vn
q9o8.qiwen5.com
hqkp.nfdy.net
www.manmankan.com
mentoringstore.ca
www.ruta-inka.com.pe
qianwancaifujiaocheng.info
primetimedigital.ca
raccontioltre.it
softwareassetmanagementz.info
hostrullen.se
mercatinoannunci.it
effemina.puk.ro
metar.gr
geniusfundshourly.info
mediatv.ne.jp
erosfreeonline.it
stadtreisen.org
membraneous.jusin.switchkeeper.wwwwww.wop.ro
radio-set.ru
amthor.wop.ro
zakka.minkei.net
kain2.digart.pl
moebel-tipps.de
miltos.wop.ro
meiman.ilanbnb.tw
pedie.eu
nevtelen.hu
nzbserien.org
mexknyle.exblog.jp
sudanorphans.org
bra-seo.se
varo.wop.ro
merchang.puk.ro
mg-allmendingen.ch
crayonsalon.com
sobinbank.ru
kostia.digart.pl
mercedes171.hyves.nl
cdsqingyq.jinnong.cc
www.suaiqi.com
freeby.puk.ro
rushydro.ru
certissimo.it
s-bs.jp
raileurope.ca
vestsul.com.br
henery.puk.ro
escolainfo.com.br
mindigtvextra.hu
radio.bialystok.pl
kafuka.wop.ro
amazinglight.info
radio-alaaf.de
minaevlive.ru
korathealth.com
pisarze.pl
2zlote.info
domii.blip.pl
www.eiyoowo.com
mhoz.210000.org
minerva.co.id
scifihero.net
myvtiger.it
cloudydesign.net
www.xfqvod.com
banksoftwarez.info
meego-fr.org
www.rafael.pl
www.urasvadba.ru
cicku.me
okinao.puk.ro
zombiebook.org
news.navi.biglobe.ne.jp
www.sweets.ro
indianspeaks.in
hostukz.info
48cf.com
irik.blip.pl
cashondbuzz.info
attosoft.info
www.u6soft.net
da.com
wix.com
soshu8.info
kathi.flog.pl
henshuub.puk.ro
domowe-wypieki.pl
lonerboristeria.com
nasial.wop.ro
ste.eso9.cz
gonweb.co.jp
sh.tsyouxi.cn
www.0310.us
samenianrealms.com
topfirm.pl
lz27206657.zj8.53e.info
macandidature.fr
www.avtodelo.by
buscaok.com
marimari.info
192.dk
xbeta.info
draakhan.info
www.lightingenjoy.com
asianladybugs.webs.com
pligglog.info
abenyu.puk.ro
kmmtu.info
findgovernmentjobs.info
www.14499.info
hamahiga.info
ideality.pl
hit-counter.info
www.shuichan.cc
mimakos.com
afl.com.au
www.kyqvod.net
dromhem.blogg.se
jaramsie.pl
cestec.it
rueckgan.puk.ro
876786.com
bbs.xintiao.net
33ldh2.com
sportbet.pl
sourish.puk.ro
nathalie-arthaud.info
pllogic.com
www.jwgl.hbnu.edu.cn
propertyinvestmentgeti.info
www.longccc.com
wap.12530.com
1ywo.k3y3.net
www.gzrc.gov.cn
dresteche.com
blog.gke.cc
sitagae.puk.ro
gamegol.com.br
asfpiemonte.org
affery.puk.ro
winter.co
xixidieyuan.com
grannarium.com
mediadev.pl
eurostyle.pl
www.cyfinder.net
turkfood.se
www.362100.net
hariki.wop.ro
comoshop.jp
wahl.wop.ro
toangiaphat.info
lvkm.hyves.nl
www.afs.hu
kocureqq.pinger.pl
www.6h85.com
comiclink.com
centrumsportu.pl
mariannemoe.no
xn--tlqp91cyfo58p.com
www.33ldh6.com
qysx.k3y3.net
5fjg.k3y3.net
vw7c.nfdy.net
metallot.wop.ro
mywebsiteranking.com
hachette-diffusion.fr
btmaster.cn
cgi.jomon.ne.jp
buckeyeplanet.net
bosch-home.com.vn
btwjc.78.cn
cg.gzcz.gov.cn
changdao.familydoctor.com.cn
www.hdsz.hu
www.28-cc.com
btqueue.sourceforge.net
bostondurgabari.com
cgulbenkian.com
cfreewireless.org
cfxbqxqv.freeblog.hu
changba.kuwo.cn
chamsocsausinh.com
changewin.blogbus.com
www.drv.nl
chakakhan.com
cursomegaflores.com.br
botian268.cn.alibaba.com
cfqn.com.cn
matchclub.net
myeldirectory.com
toefl.xdf.cn
1hqo.k3y3.net
fzf.com
juancong.com
ds.78.cn
p8e5.210000.org
cyjm.9998.tv
bcss.210000.org
code4pizza.com
www.mm17u.com
kukje-ic.co.kr
cs.52pk.com
nzck.265link.com
techdox.info
horner.wop.ro
tr5b.qiwen5.com
v5dj.com
jpnzjm.78.cn
4zb7.265link.com
sat2hd1.com
www.6gfm.com
f1u3.qiwen5.com
solarte.pl
unitedpeople.jp
www.jh888.net
www.cz768.com
iadore.digart.pl
www.5222.in
inmedias.de
saugtest.wop.ro
monor.lap.hu
belmusic.info
hoaphuongclub.vn
belajarpc.info
articlefind.info
diestandard.at
l8pu.k3y3.net
modernt.wop.ro
job-less.info
vlz.ru
jeans.pl
bl-e.net