safesell.cn
0dyl.qiwen5.com
p2media.pl
edu.78.cn
xtj.net.cn
demissly.puk.ro
brandalive.be
mail.1j.pl
gametea.com
hupan.net
exercito.gov.br
100web2.it
filu89.digart.pl
hockey365.de
ngoinhateen.info
pirket.wop.ro
unqw.com
verge.puk.ro
iamsport.org
www.hmzsc.net
offersclick.pl
juancong.com
www.uti.edu.ec
xxbboo.info
clannaga.info
www.zaojia.cc
kebrokan.web.id
rpcxtdgbsyf.1168.tv
cnc.3745.com.cn
masterhair.de
chachala.com
www.nginfor.com
cxjyxx.me
fazes.wop.ro
poskok.info
jinan.16700.info
py.66wz.net
top-newsy.pl
www.about-face.org
www.lcqkz.com
bizw.k3y3.net
c.5kk.in
attosoft.info
123w.cc
www.961314.com
tishreen.info
guia-londres.com
www.eguilin.org
www.hncsxx.cn
5e2g.265link.com
give1get4-israel.com
icamtech.net
cheannunci.it
adverts.pl
uniwb.com
nyxtovioi.info
www.iphone-cloud.co.cc
vidz.info
www.nia.az
wahines.puk.ro
tatu.by
anmsoft.com
guminagyker.hu
ebookpoint.pl
opfq.210000.org
1planet.info
existentiel.info
bayridgevolvo.com
haras.gov.sa
www.rbscl.com
nf.pl
bluewallclock.7wx.info
kyxy.com
www.pese.co
hubi1906.flog.pl
adultlove.us
sodding.wop.ro
www.zaboe.be
pictime.fr
zinelibrary.info
mirjams-web.de
theresit.prerebellion.karaoke.hygien.wwwwww.wop.ro
ulozenka.cz
meydane.info
section8housinglist.info
www.shucm.sh.cn
h2ms.265link.com
hotbbs.info
truckdrive.info
moduscrm.pl
smartinc.com.au
thaigold.info
golpo.org
ssaa888.info
google.com.co
przemyslb.digart.pl
prospis.pl
www.wekaformation.fr
artero.wop.ro
hnryckjlbsf.1168.tv
watches-outlet.gr
gb5j.210000.org
cbcb8.net
ozkuy.biz
vgsclonesa.info
outbud.wop.ro
procarcare.com
hd.jgnz.cn
v2j.net
jama3fna.com
guihuaxiang.com
cdd.cn
india143.org
otoku-navi.sakura.ne.jp
pingbozhuye.info
olatorun.blip.pl
msnblog.net
shiryaev.eu
nxk.91.cn
vilolaeg.wop.ro
5ih.info
ds.78.cn
av523.info
coastalorganizingsolutions.com
www.epmsrt.hu
tarif4you.de
b2blocal.net
sil.digart.pl
165.cc
www.zhp.ru