wap.49tz.ne
juancong.com
communicatie.blog.nl
tenet.edu
carbonize.co.uk
caminobrowser.org
www.lwc.be
www.home.ch
marianblog.info
0564zp.com
soutirie.wop.ro
caifu818.net
maatje.wop.ro
comtugua.freeforums.org
aarama.org
com.cn
nekonec.ru
rekner.wop.ro
cache29.enet.com.cn
www.xxx553.com
compvter.it
keyhangers.dk
todo.ly
camelliaparlour.com
easy-smsversand.de
caditec.de
hebinzhicheng.com
hubei.ha168.net
c37.cc
www.amz.ru
comptalks.com
www.zelex.de
can-check-keno-online526.bravesites.com
merchang.puk.ro
www.jlkeda.cn
www.pc028.net
ca.mhzx8g.com
epac.to
calisafe.org
shurload.es
qaaq.210000.org
campus.eol.cn
kandisen.wop.ro
call58.cn
lmpw.210000.org
to-cino.com
antoinezone.net
dulichmongcai.vn
4gproxy.info
cabcv.com
eudal.wop.ro
sanfranciscosfaccountants.com
itidaizi.puk.ro
campus.360.cn
aborning.puk.ro
elgin.wop.ro
www.95522.org
a25.pz81.info
collectnike.com
guihuaxiang.com
camelegg.com
iogonline.net
www.0531dp.com
mee.nu
mirabab.fr
cadtechnologycenter.com
www.1cc1.info
www.ly521.org
anzeigep.puk.ro
atehenmei.com
camptarigo.com
benyt.puk.ro
www.renti.tw
hupan.net
caihao.com
pdinda.org
www.17169.net
cacgreen.com
kweekbed.wop.ro
sunzumar.puk.ro
intertrust.jp
peruano.info
brandalive.be
compassreviews.org
t3lmtumblr.info
webuiltit.biz
xixihuafu.com
nuss.56dvd.net
gotalk.com.au
cafe438.daum.net
www.biathlon.sk
caiba138.com