bistro-set-outdoor-furniture.blog.hr
www.ehzrt.hu
www.ljlrt.info
thecollegedropout.info
bbs.xingtai.net
recoifferaient.attainture.loquet.wwwwww.wop.ro
red.es
lemoncn.net
lenm.cz
lens.ph
lensway.nl
leoforos.gr
leonidas.be
lernia.se
leser-wissen-mehr.de
lesingenieurs.net
leso.epfl.ch
lespetites.fr
letscc.net
utakkb.net
doktorka.cz
dazs.66law.cn
ebonywhores.org
filmz.cz
hypopsel.wop.ro
brandingarc.com
makeyourblog.ru
rgpx.nfdy.net
hempinst.puk.ro
chomaynenkhi.vn
www.megyer.sk
0902muzapar.33591.com
staylocal.co.nz
paylane.pl
birthday.presentidea.org
billdear.com
saoxue.c.la
juancong.com
branchcut.com
sporthaverok.hu
www.520cc.cc
piking.wop.ro
bigasslover22.tumblr.com
jmzm.nfdy.net
billing.goo.ne.jp
numan.puk.ro
smarriti.wop.ro
indymedia.org
blog.sina.com.cn
affeksjon.wop.ro
bluegulf.7190.cc
facool.com.br
livetvsport.org
blog.sliderweb.ru
saisyouk.puk.ro
benfford.com
nrrd.210000.org
sixsixone.hu
splesh.net
www.mente.cl
blast.ncbi.nlm.nih.gov
enamours.wop.ro
bloomspot.cn
pnb.uz
pacay.wop.ro
cehuan.com
bfh.ch
6ddd.info
gulpin.wop.ro
bfbhp.com
bilig.cn
www.foodbase.hu
outhit.wop.ro
bloklists.blog.com
plus.org
blog.seopk.net
blogutils.net
indiamoney.com
muabantt.net
die-gruppe.info
pctl.210000.org
betting-portal.net
prismotube.cz
ficeler.puk.ro
katanore.puk.ro
bcz49.com
stickpage.com
bibleblackepisodesbqe.wordpress.com
ledstar.net
multirama.gr
6hcai.net
chsou.com
kebrokan.web.id
bbs.xznu.org
skolmynd.puk.ro
chorused.puk.ro
blog.voce.ro
kimberleymikki.pblogs.gr
socialbookmarkingcybernotics.info
cctv13.cntv.cn
appelant.puk.ro
sintoworld.jp
bqspa.wqghsj.com
happyet.org
dejoie.puk.ro
bloodfestival.livedoor.biz
pang.soup.io
blog.nguoiaolam.net
erfuellu.wop.ro
www.aody.net
xvastunov.net
edfagan.com
graftombe.nl
gtsb20f.1168.tv
bbs.xml.org.cn