shibobo.cn
www.meter.hu
tzzt.210000.org
www.sdlctc.cn
kiska.xfree.hu
golf-videos.seesaa.net
ufaina.wop.ro
googlemarketingsite.com
sohen.wop.ro
www.1idy.com
aofbilgi.net
businessworld.ws
good-pligg.net
www.brutalrape.nl
www.bd125.com
goedebedoeling.nl
mammagalan.se
aclys.wop.ro
alchimissa.it
qun.zix.cc
jiwi.nfdy.net
rewes.digart.pl
it.gen.nz
boingboing.net
j85n.265link.com
lmvi.210000.org
www.ruta-inka.com.pe
novoirk.ru
chanoma.co.jp
www.xingjiuba.net
jolynn.puk.ro
isport.blesk.cz
qmsvhbgm.blog.hu
guihuaxiang.com
hacktutors.info
neis.go.kr
hao.b2b.biz
bedpp.com
jutakuga.puk.ro
jogogames.nl
spezzo.com.br
stevendhill.net
smashingmagazine.com
hitches.puk.ro
0000ff.net
www.jxdhb.com
kmlk.nfdy.net
pllogic.com
wooba.info
navsoft.in
vipc9.com
psforum.pl
adrien.puk.ro
www.h-art.cn
choregus.wop.ro
43597338.7b.cn
staringl.wop.ro
cooeeonline.com.au
911lifeline.org
chachala.com
www.aid.nl
www.oradev.net
fvn.com.vn
www.runker.net
salkert.se
shads.puk.ro
serco.in
roonix.com.pl
bobonaza.wop.ro
5poundgigs.co.uk
adventurespiele.net
biwako.gr.jp