unbudgin.puk.ro
adrede.puk.ro
tk09.lizhidy.net
phovx.com
cuprum.wop.ro
itypqmiik.blog.mongenie.com
linkbyme.com.ar
itz.zhdk.ch
style.qooza.hk
cartuning.cz
behb.nfdy.net
sporthaverok.hu
byy55.com
next51.net
snaha.cz
bbs.dongtai.so
www.lylcjsw.gov.cn
sakidaka.wop.ro
love-drama.pl
diggimage.in
sendaphotocard.ca
www.88uu.info
turbanto.wop.ro
yz21.net
sakhalife.ru
dqz8.com
bestelvis.com
969se.com
ahwazna.org
bellana.flog.pl
com-web.cn
boozt.com
www.169ba.com
xixichengyuan.com
eauk.nfdy.net
tekkousy.puk.ro
www.ilse.be
www.qyedu.net
trucununweb.page.tl
wngl.nfdy.net
teoti.co.uk
namuya.puk.ro
www.firsthandbuy.com
cf163.com
webs4soft.co.uk
acetenyl.puk.ro
bxzcw.net
chevrony.puk.ro
borgognon.net
glasverkauf.net
acrl.org
wisely.wop.ro
kali-gula.flog.pl
www.xfedu.cn
97aisese.cn.vc
bloomex.ca
ericulous.com
pterygia.wop.ro
kyodo-inc.co.jp
www.cwts.ca
www.qianke.cc
77qe.com
sarah-hoedje.istats.nl
stockera.wop.ro
mytolive.net
usasse.puk.ro