yz21.net
bbs.hntz.org
ericulous.com
dzony.soup.io
axos.nfdy.net
xixihuafu.com
wngl.nfdy.net
slocum.wop.ro
rubyer.me
mytolive.net
e-mecha.jp
pouted.wop.ro
www.xpjxt.com
exper.org
tagvi.wop.ro
www.yjytg.com|apholxfkhn.blogdetik.com|www.havehome.com|www.kotarski.co.uk|www.11lg.com|www.zhongguo315.com|mbsmiley70.org|www.12333-hr.com|setools.cn|www.kanmaopian.org|www.xo52.com|www.dgqinyue.com|fcsalzburgwiki.at|bookmarkdiamond.com|www.uekeji.com|wmlz.78.cn|codeflow.org|www.988058.com|baidujpw.cn|www.szjhjc.com|www.caverta.in|a8t7.lizhidy.net|askhumanapplejack.tumblr.com|www.aikb.in|ylc.net.cn|www.owlmall.com|hcai.cc|28.vg|twclocaledition.com|socialshoppingnetwork.org|fibnjvqpyz.skynetblogs.be|www.365woyou.com|camorris.wop.ro|leeiio.me|rachelhammond.net|www.cpa139.com|huica.tk|www.airjordanyeezy.net|www.srszsm.com|cxxcsd.playz.it|www.kkyxw.com|www.taoess.com|gsebfchurch.webs.com|www.55sqz.com|r8r88.com|bytes.co|wiralodra.heck.in|bedpp.com|www.0399.net|www.qiaoqiao.net|www.shszc.com|newlcn.com|www.shszc.com|www.xshpjy.com|openhandhelds.net|fasmr.ssmb.ro|www.91sxo.com|neuebookmarks.com|t.zhzyw.org|barcelonarem.com|effectivetaxratecalculatoruvio.wordpress.com|www.zj558.com|cnph.cn|www.nbjiashan.com|hoodestate.ning.com|www.us-christianlouboutinonline.com|cn.maaao.com|chushi.hnpr.cn|qiuxian.com|blog.xuming.net|www.94dp.com|www.babaw.com|spb.renavigator.ru|realitatea.mobi|www.chuju010.com|hilts.wop.ro|cqrm.cn|www.szaaa.com|stacum.a-liveprivates.com|orlate.wop.ro|hempsygoq.blog.hu|3kse.com|jrtyn.com|www.op-woo.com|daaata.com|www.712q.com|go2left.com|w.beijingyiyuanguahao.org|mlemchukwu.com|9yin-vvoniuu.com|www.yunaimm.com|wetab-community.de|www.jzkeji.com.cn|www.dcyishu.com|hklny.taobao.com|rz-sd.cninfo.net|www.xiaoyoyo.com|www.gve.cn|downsrs.com|blogsome.com|claremanson.deviantart.com
auntiembb.ca
guihuaxiang.com
s-bs.jp
goldenmoney.biz
telemach.puk.ro
herumtre.wop.ro
clickpix.de
lanrenzhoumo.com
berkeleycollege.edu
knifepro.wop.ro
ryetech.biz
jacter.wop.ro
studiosus.de
geek-blog.it
s-event.cn
haigao.net
autoridaddelconsumidor.gob.pa
www.pnnl.gov
edmconnect.com.au
skyre.wop.ro
hathawaymix.org
3w.guizuse.com
s989.ztzt.us
3w.nv44.com
439pk.com
44126.cn
441x.com
44323.net
4444kk-823a.tumblr.com
444ca.com
delur.tv
citharex.puk.ro
446abc.com
iwin-online.org
44abcd.com
44bobo.net
44jq.com
44kk44.tumblr.com
44ss.net
44szs.com
44zl.com
4545.cc
454817409.taobao.com
4551.cc
49.aiao.cn
499tm.com
49c.cc
49c1.com
49cao.cn
49cc-pocket-bike-performance-p.blog.hr
49cq.net
49ff.net
hupan.net
49ft.com
49gf.net
lagt.nfdy.net
49gsm.net
49hh.net
49hk.me
49ic.nfdy.net
49k.us
nyheter24.se
49k49k.com
49kc.com
4fans.net
www.festivalbunnik.nl
www.fzrcw.cc
www.harmata.hu
www.hsjiptv.com
4heures-epinay.com
www.hu0.casedu.org.cn
www.it-serve.net
www.k-china.net
500dd.com
www.lylcjsw.gov.cn
www.magnat.de
www.myavon.pl
www.ngrx.net
500w.co
www.nkp.cz
www.ntjxt.com
www.ooo.lt
www.ruta-inka.com.pe
51736.org
www.screen.io
www.suaiqi.com
www.wenyou123.com
www.whlyst.com
www.yijiamai.com
xponte.net
xulibin.com
517anbo.com
517na.com
517wap.net
51812345.com
518jzsc.com
518tzpf.com
518wz.cc
519.travel
51anjia.ca
hkbuas.edu.hk
51anjia.com
51ava.tk
51bty2.jumpingcrab.com
a.mobantianxia.cn
aatouch.com
affairs.puk.ro
agequal.ru
ai880.com
albiazules.es
allenhr.co.za
ankus.wop.ro
anna-karenina-full-movie.blogspot.co.nz
okselstu.wop.ro
burlinga.puk.ro
lacerano.wop.ro
boathotel.nl
bqmy.210000.org
brookes.ac.uk
c-osztaly.mercedes-benz.hu
c8160.com
caid.wop.ro
carppassion.eu
carrufo.it
cehuan.com
chinawznews.net
cloob.us
cnjyzb.net
cost.eu
demiweb.info
dj21.info
e-review.tv
egises.puk.ro
twidder.info
erklaere.puk.ro
ficeler.puk.ro
fivergigs.co.uk
fou.emu.dk
foxdigital.net
fukusukegyouza.hamazo.tv
harpa.is
helium.co
henshuub.puk.ro
hotangel011.a-livesexasian.com
hutek.info
infocell.info
insart.co.il
interactivetutors.hk
januario.wop.ro
fushun.xinl.net
katusim.wop.ro
kddcup2012.org
kimipe-movie.jp
lamthenao.info
link-directory.com.au
lrjb.210000.org
marblefa.puk.ro
marxie.wop.ro
centrumwspolpracy.org.pl
mengd.wop.ro
metropolfm.de
mitula.co.uk
moduswort.puk.ro
mybodyflex.ru
mymms.it
neostrada.pl
asparges.wop.ro
news.net
nn.xdf.cn
opruimen.wop.ro
pinka.pl
pojistovnacs.cz
realitatea.tv
zahlenwe.puk.ro
rk-hpd.at
shop.ajax.nl
spoedcursussen.puk.ro
www.gay57.com
sukuma.wop.ro
szoborpark.lap.hu
claro.com.br
tepapa.govt.nz
tritanium.be
troua.wop.ro
ucf.edu
unkyuu.wop.ro
viagogo.be
www.839dy.co
www.babacao.net
www.biathlon.sk
www.cepi.org
85717171.cn