sarveyaz.com
guihuaxiang.com
23055000.ir
webmaster-toplist.de
custombookmarks.info
roche.it
mountainbuggy.co.nz
hupan.net
imenicka.cz
febea.wop.ro
5ki.ajswzp.com
germancraft.net
www.sdjgj.gov.cn
weltfremde.de
directseek.info
cititrust.biz
io.com.gt
directoryok.info
www.ptbg.nl
nith.210000.org
www.biblia.pl
m.55128.cn
cosmedictravel.pl
eqliborgmm.blogtrue.com
dakini.blog.hr
itogon.puk.ro
dirjazz.info
intimdialog.com
1616.net
lamer.wop.ro
kckj.tk
netbooksaustralia.com.au
prevail.wop.ro
5i2.net
axxiommfg.com
slim-line.info
www.longfeihz.com
mironamitache.net
qiche.info
myxybb.com
cuxkurlaub.de
hiyoutaikouka.jp
yis.ac.jp
sabaudia.latina.it
k-tai.infoseek.co.jp
9outof10.com.br
kokurou.puk.ro
sac.epfl.ch
afcommanderen.puk.ro
www.gzytvc.cn
trappine.puk.ro
99bii.com
www.yeyaba.net
hutaobao.tk
bf.yzz.cn
ja-jebie.pl
www.kosjesenice.cz
vikax.prv.pl
www.boloni.cn
quarante-deux.soup.io
fajneprzepisy.pl
tipster.bg
knomobags.com
wtfbook.in
516fc.net
www.xh222.net
lolaw.wrzuta.pl
www.0310.us
nvselang.info
thescreenshot.info
fridhem.blogg.se
bensinmo.wop.ro
mo-bilet.info
jiqingxx.info
www.sn0769sn.com
www.daocy.com
anyequ.info
unfei.puk.ro
valtiolle.fi
toven.hyves.nl
kocica.blip.pl
www.8848wholesale.net
mikeslife.org
servicedofficespacez.info
claranet.de
cdd.cn
eminem-relapse-2009-album.blogspot.ie
chachala.com
hebinzhicheng.com
www.nikkan.co.jp
huangjiamifang.1168.tv
xixidieyuan.com
chinaz.com
katalogator.pl
losslessworld.info
funglode.org.do
ss95.wap.sh
finril.org.pl
garla.9r.ro
elwater.cl
folk.com.pl
badassjewelry.com
viaembrateltvporassinatura.tv.br
umgetaner.puk.ro
buy.pinger.pl
logga.me
nyid.blip.pl
hatugen.wop.ro
indonetwork.co.id
slemish.info
australiansuper.com
www.harmata.hu
acsis.ca
www.ccstock.cn
news.55.la
dtcm.gov.ae
www.111k.cn
limitere.puk.ro
www.dogdinners.com.au
baogang.info
milice.wop.ro
xclones.me
westsci.org
xixihuafu.com
5af.info
860860.net
buaa.edu.cn
pariahstudios.co.uk
crohn.home.pl
co-opnet.co.ke
cimladonland.ru
www.cbyts.net
competet.puk.ro
sinhvien18.wap.sh
cora.fr
popstreams.eu
b.8x5x.com
renaiman.com
wahines.puk.ro
gaili.wop.ro
pornoh.info