europcar.de
loubebert.info
islamicthinking.info
e-tennis.tv
new-bux.info
cofunds.co.uk
etoday.ru
gensuikin.org
www.kelmer.pl
schroomvalligst.wop.ro
mocneopony.pl
lectoren.puk.ro
autoaccidentlawyerz.info
44990.com
www.50jh.com
effemina.puk.ro
4sonline.org
tuningebiznesu.pl
coscienz.wop.ro
3dcrystalshop.co.uk
zoldek.lap.hu
czasnazysk.pl
barinfo.co.me
img4web.com
guihuaxiang.com
imx.wap.ai
popo520.info
schraals.puk.ro
saugstube.to
www.wr.nl
politometern.se
csii.usc.edu
www.seed.net.tw
jieshiqing.1168.tv
dtfx.210000.org
www.jstea.com.cn
www.56yc.com
occasbaby.fr
cursusharsen.nl
freshnews99.info
rodzice.pl
satiriekst.wop.ro
leiet.wop.ro
appsonpc.7h1.info
www.717v.com
5yee.info
www.godr.org
fachmont.pl
zhaoqingyun.66law.cn
salongkblogg.se
lhfr.210000.org
liefde.co
hotelsjaro.com
wap.lezbi.biz
sectools.org
www.pww.cc
serialdate.ru
boerse.wop.ro
pobobcalif.com
dred21.flog.pl
7zd.info
cylh.taobao.com
kimowota.net
benfford.com
6c6c6c.com
sephpa.com.pl
leniejanssen43.hyves.nl
privacyscreencompute.3vi.info
humyai62.info
airrivals.pl
bmceo.co.kr
nabe71.xfree.hu
iszafy.pl
aerisdirect.info
pharmindex.pl
vimfox.info
levevis.dk
caressen.wop.ro
botas.cz
duchowy.pl
www.0757-85956163.com
forexmarkettradingz.info
minnanodate.com
minoruta.puk.ro
bbs.hebnews.cn
kurticao.com.br
aureatour.eu
wolus.blip.pl
atozasia.com
igirl.mojblog.hr
fluiro.wop.ro
plaisirxxx.info
firmymuzyczne.pl
jobs.pya.jp
wz0891.aonik.com
ebookpoint.pl
o7vk.k3y3.net
achilianu.ro
linksin.info
diyaralmuharraq.com
chatsex.xxx
fujyo.wop.ro
sobrenatural.net
foste.wop.ro
webedirectory.info
royall.puk.ro
baisex.me
youngfuck.info
bikechatforums.com
njure.puk.ro
topgoogle.info
99k.org
alshmaly.net
owners.mercedes-benz-usa.com
lamedwaw.org
topsofts.com
punbb.ru
laurens.puk.ro
tampon-encreur.ws
narf.pl
www.csas.cz
catalin.vinul.ro
whdkgycoo.freeblog.hu
sky-holdings.jp
nami-nami.ee
losverdes.info
dallaspua.com
tattoos-gallery.net
678link.info
dienstleistung-hund.de
www.gabeli.hu
emiratesstadium.info
effeff.de
52shunv.info
netelpla.wop.ro
www.freeway.dk
best-travel24.com
indossiamo.puk.ro
leggere.it
blog.xufafa.net
danbetcon.com.pl
seliga.pl
www.xxoo68.tk
stepstone.at
box.com.ph
nbz.co.kr
sde.org.tr
sohukm.586.la
1internetbizness.ru
dosklejania.pl
dirindex.info
www.qiuywy.net
www.17817.net
creativeintensive.org
polskawue.gov.pl
deet.tk
ir1music.in
honghuo8.com
awyu.wop.ro
quiz.msn.de
10010baidu.com
fiorigialli.it
humyai26.info
www.webmd.hu
mirvinograda.ru
houtige.puk.ro
iclaro.com.ar
dvdkurs.info
cim.gov.ly
www.garyccs.tk
dolosa.puk.ro
17ox.lizhidy.net
animegod.info
elementcraft.org
sexehqfree.info
kiba.wop.ro
oweb.mobi
gb5j.210000.org
quebarato.com.co
jobspot.ph
b.8x5x.com
www.ksftea.com
zyux.info
bangong.biz
kupongid.ru
tubeporno12.info
teenxxxdesir.info
mvgk.265link.com
hotel-stefanik.menu.atlas.sk
m.gyao.yahoo.co.jp
snokt.wop.ro
tremer.wwwwww.wop.ro
szming83.cn.alibaba.com
y2cf.265link.com
vstar.megaplus.vn
nitc.cc
uuzn.com
yougedi.org
mojeokoli.cz
business.westernunion.nl
sinners.be
constantinum.hu
enari.wop.ro
enveloper.home.pl
www.ky688.com
annamodels.ru
gemilder.wop.ro
sm.com.br
notepad.lv
rett.wop.ro
klanowy-ts.cba.pl
edekkk.wrzuta.pl
www.itit88.net
punbb.org
bega.de
blackseek.info
jjsl.hyves.nl
newcitizen.info
merodoam.puk.ro
jober.pl
ac-martinique.fr
www.biotan.com.cn
gm3a.pl
tokyotosho.info
brilliant-group.ru
c7fm.210000.org
x1.sha7.info
campanul.wop.ro
dev.piwik.org
shanghai.tianqi.com
4444kk-823a.tumblr.com
amampond.puk.ro
gedesco.es
uuyf.265link.com
mzdt.265link.com
knopp.puk.ro
hirschgasse.de
pandoon.info
gild.puk.ro
soroush.tv
kishindo.co.jp
kacey.wop.ro
chaynikam.info
anauma.meblog.biz
thegetpr.org
e-piotripawel.pl
alternip.wop.ro
www.changzhi.gov.cn
www.ugk8888.eb80.com
providermag.it
andycorrigan.co.uk
purvoe.wop.ro
wiwrestling.info
www.fred.ro
brennst.puk.ro
lumisfera.pl
id47.fm-p.jp
jakszybkoschudnac.com.pl
workatastartup.org
do-follow.eu
gruebele.puk.ro
yhair.taobao.com
www.arcned.nl
waipu.wop.ro
cartownforums.com
gentaro.info
107.ywsw.org
clickbuy.in
bettingsafe.info
eddysetyawan.com
www.renticcc.com
www.cdfzzw.com
liuhe.tv
abatir.wop.ro
oblongue.wop.ro
7pixel.pl
chachala.com
haniwa.wop.ro
commissionempire.com
sexyouporn.info
rpgtonight.com
www.tophoer.nl
bestworkoutroutines.info
9xd.info
www.af3d.com
www.j-c.com.cn
www.mik.ozimek.pl
www.undg.org
fizykon.org
dragueuses.wop.ro
www.zzhjf.cc
clearpores.com
www.dandongad.com
plasticseurope.org
www.waeco.no
network-karriere.com
tenisgames.pl
hupan.net
geridsfloristshop.com
solowebmasters.es
digitaldefence.ca
purecash.co.il
cypriand.digart.pl
www.665mi.com
ktal.nfdy.net
cksmh.gov.tw
xinyu.3he.cc
kv88.cc