www.semihk.com
cjyw.ypcol.com
anticapitalistas.org
cipfa.org.uk
indeed.wop.ro
sdox.nfdy.net
www.94xx.com
cucumiform.puk.ro
privatecams.sexybegin.nl
studiofly.net
szempilla.info
tampaforums.com
literallyinspired.com
yougedi.org
mariam.salon24.pl
culsexehot.info
nishadalar.com.tr
paczam.pl
nestle.cl
8669225104.phone.searchwww.com
www.starkl.pl
satdy.info
detop.mobi
apie.cl
xxm.me
gahy.nfdy.net
tiago.wop.ro
www.gcpu.pl
rompy.puk.ro
thuisbrachten.wop.ro
ideasregalo.info
wanrong.ycrcw.sx.cn
humyai12.info
soundpush.info
www.x77.in
28277.223355.info
arbeitsstunden.wop.ro
iww.ca
treppenliftinfo.net
florence.com.tr
imtech.eu
mudanjiangditu.fdcez.cn
feuillue.wop.ro
ankwe.wop.ro
plaisiez.puk.ro
wandelkaart-oosterwijtwerd.istats.nl
leblogdecomydz.fr
cpcwiki.eu
cultedad.wop.ro
seminegro.puk.ro
nvrmd.digart.pl
terryxxy.com
www.zhixibenn.com
xixichengyuan.com
www.wuqiku.org
gwede.wop.ro
mffaudios.info
aftersalesmagazine.nl
www.sxw366.casedu.org.cn
www.fjkeda.com
zijqwiatz.skynetblogs.be
shell-mx.net
www.top-read.cn
gbconline.it
solunina.it
024anmow.com
legacytales.net
www.huangye99.com
www.yishuyy.com
guihuaxiang.com
rabszolga.linkekneked.hu
rpgamer.pl
whitemagic.pl
prom.ua
hupan.com.cn
kepert.euwww.wop.ro
taihi.wop.ro
swissrock.tv
ukaachen.de
www.mokeju.com
aa9q.k3y3.net
shaihalov.ru
dealster.com
mangastream.info
lukeredpath.co.uk
money-finanse.pl
fajnamama.pl
um.edu.mt
www.amcoding.com
afho.lizhidy.net
hansarangobgy.co.kr
ldsdatingtips.com
rp-5.de
www.pcwt114.com
directorybright.info
www.miguo365.com
www.zp763.com
gs.tinyin.net
zqc.pl
akku-gebiet.de
boekamp.info
chili-mac.org
myface.com.nu
mall.oak.pl
restsuperannuation2nn.info
extremeporntube.tv
www.euroinvestor.no
w7p.info
xoops.lap.hu
watch-gossipgirl-season2.blogspot.sk
goro196.wrzuta.pl
6wnu.k3y3.net
kercmeluana.blogger.hu
drukarniaspeed.pl
videoxxx16.info
travellist.us
gamix.in
usa.info.pl
www.perlagroup.cz
www.520av.in
hin4.265link.com
mahu.cc
screamoboy.ru
mu.nu
www.epoli.cn
monkeysite.info
167e33.tjtongdai.com
rueckgan.puk.ro
zeigte.puk.ro
komputeo.pl
poco.blip.pl
radyodinle.info
race2005.jp
tweag.wop.ro
rfidequipmentleasing.com
www.dawenxue.org
jonasjohn.de
www.tzxz.net
calineczka.pl
directorymedia.info
www.zghnjsf.com
pinnacle.co.za
pornoh.info
repenten.wop.ro
begowk.wop.ro
snifbrasil.com.br
connectproxy.info
9.atvtm.info
sosyalyardimlar.gov.tr
bts-bmw.pl
animetoplist.org
sccnursingalumni.org
biel-bienne.ch
ishibori.puk.ro
schotbal.wop.ro
www.yinlaodi.com
ncah.com.au
theiphone.nl
hagard.blip.pl
pcmagvote.info
ekujawy.pl
banjin1.com
www.xidi18.com
vital.pl
kingtour.com
90houcao.info
darcy.wop.ro
photohall.be
senuke-x.info
rimmed.wop.ro
websamba.com
www.51wlmqjj.cn
tokobasi.puk.ro
period3.to
tfos.info
johann.puk.ro
alpenwahnsinn.de
zdroweprzepisy.pl
www.xqtc.com
freebox-forum.net
www.mypress.de
tomaklima.hu
bngjspdiea.blogger.hu
lenka2.digart.pl
3.cn.nf
www.kfcms.net
vorgekauten.puk.ro
668vip.net
seogwiazdor.pl
neff.de
www.sun011.cn
miss.33b.ru
msy.blog.hr
tibetaltan.hu
www.100sorrisi.it
chopin-freak.info
ddhssc.com
deadlier.wop.ro
demiweb.info
deon.goedbegin.nl
gzbqgs.net
rumli.puk.ro
studyforums.org
bablet.wop.ro
yamame1969.naturum.ne.jp
cn1688.org
marketerinfos.net
www.coal-link.com
www.gzxghl.com
21directorymis.info
sexowni.pl
thecomposites.tumblr.com
narreweng.puk.ro
escort.com.vn
www.iphonies.de
www.bjmeishunbao.com
sexehook1.info
ubplanet.pl
camchat.org
gxqq.aaidc.tk
zpie.nfdy.net
korenat.hr
www.dichaan.com
bousei.puk.ro
janski.edu.pl
xgma.210000.org
yoimise.info
lennar.com
3507.fjsnw.cn
litka.wop.ro
60s-clickers.info
lordporn.net
ossiflue.scallawa.overbrightly.dissuasion.wwwwww.wop.ro
dr-rath.de
contamais.com.br
www.jswht.com
www.ganchadu.com
zamarek.digart.pl
agusharyanto.net
quikr.pk
www.iowa.gov
zakazani.pl
www.crbook.cn
d107.210000.org
lisa18.wrzuta.pl
id47.fm-p.jp
33665.net
www.logoing.net
tuberculeux.puk.ro
430022.com
inductiestromen.puk.ro
rapidspool.info
66hk.us
yidana.wop.ro
paratomial.puk.ro
americaspeaks.org
vip.kuaibo.com
agal.blox.pl
www.370518.com
www.enom.com
lingzhiyishoul5f.1168.tv
eroticanime.com
saurabhrai.info
seokatalogi.pl
unfeudal.wop.ro
www.torst.pl
almagalla.info
souschef.fr
hlv.blox.pl
pps.im
letsfun.info
randale.info
9422.210000.org
nafco.it
homebusinessesideas.info
greenparts.ru
19bt.info
tryllede.wop.ro
ctds.info
yonelle.pl
next51.net
katalogseo.pl
jiangyapingpian.1168.tv
facegreece.com
zdrada.net.pl
markered.info
jafland.info
mochinig.wwwwww.wop.ro
5252mai.com
57tan.com
bodyenlightenment.me
aankeft.wwwwww.wop.ro
57883.net
www.saturion.pl
www.reey.net
millocra.puk.ro
pisir.edu.pl
premiumarticles.info
www.xxx266.com
www.xxx57.com
racionalmente.puk.ro
alkotos.blogspot.hu
maximmus.pl
www.888f.net
magpieseauto.ro
sukhothai.puk.ro
z274v.db3388.com
gz.goodjob.cn
jordangreen.info
angol.info
snowboard-online.pl
www.3g345.com
sozdaiuspech.info
propintelectual.com.br
bookmarky.cz
webdirectorysiteslinks.info
bonifratrzy.pl
bbs.zhu.net
savutoweb.it
opsla.wop.ro
ukpension.co.za
ep-infonet.de
autoline.com.pl