www.hongbolc.com
directadsmedia.com
kinkship.com
menopauza.pl
wh81.com
www.tiankai.cc
aderezo.puk.ro
skrypta.pl
statas.lt
rcseng.ac.uk
prangers.wop.ro
www.cupidov.nl
www.egatta.cz
igor001.wrzuta.pl
staszic.waw.pl
www.velu.pl
www.mesi.com.pl
usterk.blip.pl
www.xinsum.com
www.baibu.com
visionhousing.co
illuminati.li
salesforce.it
www.xcg158.com
bigblueberrysmile.digart.pl
psychologia.net.pl
www.27admin.com
czava.com
answer.it168.com
lxxdzj.taobao.com
totalinjury.com
slajner.wrzuta.pl
puppystar.pl
guadagni-online-ebay-affiliazioni.blogspot.com
xatut.com
wap.cntv.cn
scad.edu
wasteoftime.de
pornoimg.com
www.8feet.net
nutricityonline.com
0519.job1001.com
www.rasc.ru
fragons.wop.ro
locals.wop.ro
www.qdbdc.com
go4c.210000.org
j-power.blog.so-net.ne.jp
hssdh.info
accessibility.gmu.edu
tanzgames.com
educamia.org
bjtaiheshuncheng.com
astercity.flog.pl
mitula.at
tomnieboli.pl
wakacje-polska.pl
www.mdldc.net
www.allianz.com.cn
www.sinomould.com
hambi.blip.pl
kostenloser.info
tito.blip.pl
i-pizza.cn
healthywealth.org.uk
fauba.info
fikas.blip.pl
tenku-forum.org
cctvyh.com
sklepef.pl
geizigeres.wop.ro
dakini.blog.hr
linhchi.mang.vn
webdesign.zgora.pl
sid-web.info
roland-hamm.com
www.38bibi.com
montagproject.digart.pl
hnyytj.com
unitedsportsleague.com
fushun.myjob.com
www.123528.cn
imf.org
twitterscripts.net
mt6.tracharvz.osa.pl
rankingwarsztatow.pl
www.nck.pl
push2check.pl
pereless.com
autowerkstatt-hannover.de.vu
evqy.265link.com
jastawiam.blip.pl
kyodo-inc.co.jp
literallyinspired.com
antman.opx.pl
gs49.com
3401609.0370.cn
segregar.wop.ro
shopgiay.info
www.543qqq.com
guihuaxiang.com
www.ufida.com.cn
tudescargadirecta.com
pro-inwest.com.pl
net-lab.net
nrrd.210000.org
www.un5888.com
septeni-holdings.co.jp
gwsh.xlx.pl
beautyeditor.ca
parizeurovikend.cz
sassyirish.com
woyo.co
femmephoto.pl
www.coolwallpapershd.net
cmmb.zol.com.cn
kinetick.com
pqcf.nfdy.net
plessis.puk.ro
10000001.cn
bizspace.co.uk
avrilsmusic.net
www.rimei1.us
mypcsolutions.biz
www.sftl.be
xalonex.pinger.pl
mei112.legou888.com
www.xcy8093.com
cruzdesigner.com
annka90.digart.pl
fmfan.ru
uns.ac.id
www.redok.cn
elsol-krakow.pl
maopeluda.com
cebrero.puk.ro
kingston-college.ac.uk
www.dy2999.com
www.isp.sh
pinkdolphinonline.com
68xc.265link.com
styku.com
mocaz.pl
deltastate.edu.ng
unknownworlds.com
alatest.at
sport24.pl
sirf.eu
juancong.com
beata368.digart.pl
uweb.net.cn
mihonbai.wop.ro
icek.digart.pl
www.gavny.co
nokturnis.net
kmd.dk
carocean.pl
alexon.co.uk
onsgenoegen.tk
themodam.com
av178.net
di4se2.com
www.hsxinhai.com
kollers.at
intervenieren.puk.ro
www.umas.hr
sweetandmaxwell.co.uk
dsga.me
difaepakistan.com
gpnetsoft.com
disneylandparis.ie
emploi.gov.tn
buscaaqui.com.br
www.nic.nl
www.yuebingjie.org
bokuchan.blog.so-net.ne.jp
tabletowo.pl
www.xxys.com.cn
thedaytonfamily.net
e-merrilltech.com
kongruan.com
hiowe.wop.ro
www.undg.org
rhyme.wop.ro
prwv.info
hongwenedu.cn
gxui.265link.com
latebreaks.com
olivetree.com
3507.fjsnw.cn
bailer.wop.ro
karamete.puk.ro
mt4.acm.org
ololong.ru
meloenza.wop.ro
www.uk444.com
science360.gov
szyszak.flog.pl
akiboy700.hyves.nl
ondrejbaar.cz
www.emiljensen.se
sed2.info
nuanpp.org
bodrico.com
sklep.spirulina.pl
szuart.info
loadbr.info
komentajan.com
kuujinbo.info
vmchat.prv.pl
nrcstudios.info
dezkargaz.info
www.fge.pl
namevine.com
www.ctfcw.cn
jogogames.nl
skch.me
fyme.cn
ptoouptt.blog.cz
mydeal.lk
diadiem.co
dynie.wop.ro
kajakej.pinger.pl
tutoncana.puk.ro
celfo.wop.ro
moviesmantra.info
hiseek.info
courierpostonline.com
plugofb.cz
designers2-0.org
it.jobset.cz
pobierajzagrosze.pl
thinktank.coop
gotoip55.com
emmenmode.nl
wyjnjedm.freeblog.hu
www.ons81.info
fikas.pl
otyposnews.gr
tyo.jp
shamanseeds.net
yamanashibank.co.jp
mobips.info
www.dgzhaotian.cn
artweek.la
house.info
postronienatury.pl
stl.digart.pl
purevitaminreviews.info
bebekoyunlari.org
goalieguru.tv
www.sdgd.gov.cn
ictworld.vn
harpercollege.edu
www.dzxh120.com
bowenguanzhizao.com
xuec.wap.ai
litoralmania.com.br
www.olympc.cn
patrondash.com
mataramkota.go.id
www.weige.in
sadf.asia
robertatum.com.br
yz.sssc.cn
tablettek.com
moviegeek.pl
amazingts.info
www.mogano.pl
lygrc.78.cn
54fy.net
www.jobpilot.at
towler.wop.ro
aevn.fr
cathyrobinson.org
ztzy.info
mariam.salon24.pl
bollywoodfanatikleri.com
fishnews.ru
pferdewasser.info
incestvideo3d.com
bylinky.info
sunnyfly.com
664678.com
e0rf.qiwen5.com
wx818.info
brandsonfacebook.de
shishioh.info
fs.zx123.cn
porn-dolls.info
www.qiye000.com
neckermann-reisen.at
fb.blip.pl
mmee.blip.pl
turnto23.com
gowap.info
www.0710-zy.com
devcamp.pl
jugalbandi.info
mnkontir.hu
nanxinjixie.cn.alibaba.com
tetuta.wop.ro
ironsquad.pl
www.i-tour.com.tw
rpardz.com
www.pmds.ca
weblimani.net
jvncf.9r.ro
b2v.fr
www.zhunmami.net
www.vahur.hu
www.ybdmjy.com
wwww5c5c5c.com
praxys.com.br
baranmovie42.in
hcrc.78.cn
1millionkilochallenge.com.au
openpeak.org
suchnase.de
www.vzdy.sk
myrebirth.fr
manna.wop.ro
life-of-brian-full-movie.blogspot.com.ar
numbu.wop.ro
fmbolivia.tv
preshweb.co.uk
www.brw.cc
www.mbtprezzi.org
www.qq-love.tk
rondgesjouwden.puk.ro
zetts.wop.ro
sblz.nfdy.net
taiola.info
yogam-canada.org
fujyo.wop.ro
osmania.ac.in
tiao8.info
unsinn.wop.ro
www.pnek.org
infn.it
www.vietvbb.vn
www.digitalyeah.com
allebiler.no
leniejanssen43.hyves.nl
pisarze.pl
www.qzxw.net
finanse.se.pl
plkk.pl
matesfind.com
pstraghi.blox.pl
network.com.tw
nvnao.info
uxfocus.pl
boathotel.nl
kongotimes.info
citebeur.com
untz.ca
ihm.blox.pl
dwergach.wop.ro
mary13.pinger.pl
forum-gitara.pl
xtd.6633.cn
sdoppino.wop.ro
filmxxx8.info
smartgc.com.ar
orponury.blip.pl
hostaz.in
tablica.pl
bookmarkyaho.info
vendeevous.fr
diskcomp.puk.ro
linkcapture.info
spb.su
leibovitch.wop.ro
www.hrs.de
kbwretman.pl
top.togra.pl
shimoisa.puk.ro
www.toiyeugoogle.net
skinnygirls.biz
shoppingbenfica.com.br
www.aody.net
thongdiep.org
suhw.210000.org
hockey365.de
zfdt.nfdy.net
news.liao1.com
papeldigital.info
852852.com
obvysocina.cz
zlnmc.com
izend.info
vonderhaar.puk.ro
lezajsk.pl
pwoeiu.fr.gg
gwede.wop.ro
bru.ro
zento.wop.ro
pcmusic.pl
allbout.info
www.aoi.so
xxxmgi.wop.ro
stylishfetish.com
huyenchip.com
babaaga.flog.pl
nevtelen.hu
qbusiness.pl
shop.ajax.nl
stropex.pl
www.jzjj8.cn
piasta.pl
www.csll.ro
tanjungpinangpos.co.id
chi.blip.pl
osbridge.com
decofinder.co.uk
seniorweb.fr
yihaoquan.com
www.11player.com
opdist.wop.ro
www.97.56sqg.com
pacay.wop.ro
www.mxcygs.com
ccftn.com
www.animonda.de
rez.pl
wecansex.com
88.6h20.com
www.pradziad.pl
2000massage.com
bluebellwoodsbnb.co.uk
www.5460shop.com
johann.puk.ro
markered.info
sturgeon.wop.ro
webprostor.katedrala.cz
wspinanie.pl
gewichtigste.puk.ro
chernihiv.info
belajarpc.info
myriem.puk.ro
t1c.info
itffarmacia.com
wystartowali.pl
www.zggwyw.com
pspfilm.su
www.zhufengslate.com
finansosfera.pl
mysbi.tk
motortweets.com
sale-price-store-cyber-monday-black-friday.info
rpsw.info
kenhcuoi.net
yume-maru.jp
sunnys.pinger.pl
www.xlingmao.com
univ-blida.dz
mudanjiangditu.fdcez.cn
wkv0.265link.com
tampaforums.com
searchlab.pl
vipgrup.info
bukmarksocial.info
interseaboard.puk.ro
kupiklubok.ru
www.jinanyingda.com
michaeljacksonscode.webs.com
ktal.nfdy.net
fiss.me
crystaldew.info
adflybot.info
dhl-bj.net
paperthin.de
wlap.hu