pak.blog.pl
parseta.home.pl
paulgossen.info
pctechmagazine.com
www.kaseya.de
pensjonistpartiet.no
nonukdbhb.freeblog.hu
quizzing.in
articlecoop.com
bbs.zm7.cn
impiger.pl
imvideotutorial.net
inblow.wop.ro
independentliving.org
indianspeaks.in
12i.pl
indiaprice.net
infeka2008.wroclaw.pl
infinityesports.org
ingatlankorzo.hu
didactylos.bloguje.cz
inlijst.puk.ro
internetia.pl
innersource.net
innovativeseo.net
lmp15.hu
ltc-asaph.com
mahj.org
enchtex.info
mahobin.info
abc.cz
2click.pl
opinatively.puk.ro
viaggi.cz
opxo.210000.org
www.tula.ru
www.karriere.at
synlighet.no
oralgutan.com
oregedes.eu
oru.ru
os80.info
otvetvam.net
outergk.info
oxeo.pl
pbzcard.biz
potpie.wop.ro
pozitiff.info
praktikumsanzeigen.info
prgh.info
prmz.info
promdress.co
psgui.com
publicdebts.org.uk
atomar.soup.io
mag.com.pl
kvartplata.info
www.lixingzidonghua.com
g2chem.or.kr
www.katechizmus.sk
careerjet.ro
gxfb.210000.org
toert.puk.ro
hyalosid.wop.ro
golpo.org
sikw.210000.org
howtoloseweightnews.org
agita.digart.pl
bikez.biz
19qq.co
agoravox.fr
www.fonds.org
kilogram.blogg.se
alazhar.gov.eg
xvz.pl
scalar.puk.ro
sexfile.info
urologyhealth.org
gaburich.jp
cyc.edu.tw
autoepoca.eu
concursos-abertos.org
claudiaarte.flog.pl
www.dtqsy.com
human-t.info
layert.ru
mlist.it
gildewezen.puk.ro
alewoda.pl
a-zlinkbuilding.info
schoolofmedicalcodingz.info
www.carmenmoldovan.ro
potted.wop.ro
www.originalpizzacompany.nl
importio.puk.ro
zamalek.sc
escort.com.vn
awebdirectory.info
hjbl.net
cadastrar.net
bababunm.wop.ro
chemnet.com
taeter.wop.ro
exper.org
www.biblia.pl
sonnige.puk.ro
www.ouou8.net
bewaste.puk.ro
socialbookmarkingflow.info
bynet.ro
www.mlqd.info
szfyjiancy.1168.tv
xh520.tk
gustaffik.digart.pl
www.yzuuu.com
www.tes.hu
mandavan.wop.ro
docbook.org
netguide.fr
kyhappyask.info
bfizffok.blog.mongenie.com
dflcd.info
cuchudua.puk.ro
bkz-online.de
antiwedge.puk.ro
sizumi.wop.ro
loquosexo.es
articledashboard.info
aanmonsteringen.puk.ro
ibah.210000.org
guuhatsu.wop.ro
kenteringen.puk.ro
smartmoda.ru
locasit.fr
ruszorallyteam.hu
oorlogsbedrijf.puk.ro
www.0931lanzhou.com
hanguocheng.net
openbit.pl
angoya.wop.ro
geekrevealed.com
optik-pro.de
optika.lap.hu
oracvalues.com
orgasmfun.net
osl.iu.edu
cyberbiznes.pl
otolista.pl
overgorge.puk.ro
www.fertilidade.org
e-cyfrowe.pl
ozdm.265link.com
www.drbody.hu
niveaux.puk.ro
padmak.de
twig-design.co.uk
papernstitchblog.com
pats.blip.pl
borona.wop.ro
preodenotebook.7m0.info
preshweb.co.uk
printer-spb.ru
proba.wop.ro
jamelia.wrzuta.pl
mojezdravlje.net
jeffgardner.ca
sellvalid.com
milf4u.net
takamiya.co.jp
www.kirch.ru
carcle.jp