yusou.wop.ro
nekolen.soup.io
zwaardvechters.puk.ro
www.jcy120.net
korenbeu.wop.ro
www.nantong.biz
gutin.wop.ro
www.shffcl.gov.cn
56le.net
glycocol.wop.ro
reeklam.be
directoryly.info
annamodels.ru
vendeevous.fr
buscojobs.com.uy
sbv.gov.vn
billigung.puk.ro
velo.flog.pl
donor.org.ua
netsprint.pl
bvlb.nfdy.net
horoscopodehoy.info
mielno.pl
nishka.wop.ro
overclou.wop.ro
www.gsjy.org
precinct.wop.ro
superhosting.cl
grembud.pl
beurten.puk.ro
penedofm.com.br
cjza.210000.org
local-hook-up.com
westernunion.co.th
datatransmission.co.uk
r114.co.kr
prosifier.puk.ro
neotys.com
layert.ru
wagner.edu
www.renar.ro
punky.wwwwww.wop.ro
radiomar.com.pe
equitycivilityrespect.jhu.edu
historic.puk.ro
scarborough.org.za
eehj.210000.org
khatib.wop.ro
senshuke.wop.ro
mojeciuchy.pl
harbourarticles.info
klaziena12.hyves.nl
www.monkey.be
vomo.co.za
wabcw.info
erfuellu.wop.ro
mycoding.net
kojyusyo.wop.ro
www.esp1.no
xixihuafu.com
concursos-abertos.org
maratona.it
mailfriends.us
afsy.org
homemoney.ua
abadgar.org
albatravelgroup.biz
atehenmei.com
cncobweb.com
sociohit.co.cc
wollschn.puk.ro
beca18.gob.pe
t-sushi.ru
imx.wap.ai
enveloper.home.pl
stylemyphone.de
loansettlementz.info
ondaradio.info
etalab.gouv.fr
7days.ae
hcma.hu
piert.wop.ro
housepainting.gr
math.co
a00daveskyler.a-lsawards.com
quadratm.wop.ro
neydamn.eu
theginblog.es
maaagdag.digart.pl
rasaee.ir
modelki24.pl
markt31.nl
dupez.wop.ro
www.kui.cc
kainone.digart.pl
a1directory.be
www.veryhuo.com
www.renti.tw
koukaijo.wop.ro
healthinn.me
dientudienlanhbachkhoa.com.vn
58g1.lizhidy.net
guihuaxiang.com
24x7-spb.ru
gateopen.ru
uniritter.edu.br
busuk.org
www.megafon.ru
maximmus.pl
contium.pl
aviva.pl
act.st
strefaelectro.pl
www.ujarculat.hu
spked.de
infoakademie.de
fullwarez.net
koktel.wyw.hu
lphp.ru
rk.edu.pl
sarkand.asia