awebdirectory.info
sirok.co.jp
www.klops.pl
saats.jp
directree.info
www.taortys.com
xgcp.info
dejoie.puk.ro
furtherc.puk.ro
gjmk.ir
youropinion.gov.sy
www.militarybbs.org
jjrcw.78.cn
selbiger.wop.ro
wleoifu.de.lv
forexinfocentrum.cz
spacerki.pl
macauhotels.jp
blog.imamoto.biz
filmeonlinehd.biz
dh.8wp.in
kopernikus.pl
kupilegko.by
ikeahome.co.il
ksu.edu
jobble.pl
buntes.wop.ro
realitatea.tv
dhl-bj.net
blogf1.it
kruittor.wop.ro
watchgforcenow.blogspot.de
trophi.wop.ro
www.etal.no
khangan.vn
19qq.co
misute.wop.ro
benzinklub.hu
paula1609.pinger.pl
www.neonworx.de
572f.k3y3.net
guihuaxiang.com
horoscopodehoy.info
oliveology.co.uk
bookmark-webassist.info
www.twinkids.nl
sticktet.wop.ro
latiendaencasa.es
ingraner.puk.ro
007gzzt.info
www.gramatneusiedl.at
tinhyeuit.info
www.misz.digart.pl
teamarket.org
mabalacat.puk.ro
web-times.ru
etuyo.puk.ro
bikezone.pt
thedestination.co.za
2y7.info
prka.info
tiago.wop.ro
childsplaypr.com
digital-dictators.de
agita.digart.pl
ltc-asaph.com
hunter-gamers.net
insurancesauto.info
unvisor.wop.ro
inwestycjeodadoz.pl
nationalgalleries.org
forums-free.info
knixthqm.mobie.in
quanzhou.tel
notebookinfo.de
magnetictherapyexbx.info
dramatvseries.info
www.dtqsy.com
www.duyn.nl
wellard.wop.ro
mobiplay.vn
aimc.es
amatorsquash.hu
clydeeeraq.blog.com
transsexuell.es
dynn.net
e1.pl
feestwinkel-delfzijl.istats.nl
maguti.wop.ro
haedu.cn
muzzo.pl
sobkens.blip.pl
www.flll.net
www.av977.com
howrse.de
www.bjjtjd.cn
lasunigeria.org
amichalski.blip.pl
fredscloud.info
pdaja.info
unduly.wop.ro
ijbu.210000.org
seostat.pl
videoxxx16.info
videoglazok.ru
www.zztongyi.cn
www.zhuhaiyouhua.com
c-date.it
jaslonet.pl
sexfile.info
abwischt.puk.ro
jixishi.m69.info
luisde.wop.ro
saznaj.ba
mybanker.dk
iphonegen.fr
seowebnetlinks.info
weronikatweronika.pinger.pl
bakelovenotwar.co.za
yyxc.net
tv3play.se
gaoyuanhongjn5f.1168.tv
laufmonster.de
www.daohang666.info
klaudia403.flog.pl
hi5articles.info
herts.ac.uk
dred21.flog.pl
race.es
yomohon.ldblog.jp
hooitas.wop.ro
vogul.puk.ro
deef.pl
8s8s.info
www.sanlian88.com
period3.to
cortis.cz
kuchen.wop.ro
ermani.puk.ro
gebiechteter.wop.ro
tamatekk.puk.ro
www.fawell.eu
zaq1904.digart.pl
convecto.puk.ro
itexty.sk
kariusbakt.us
mycoding.net
dfsb.kr
umassd.edu
www.nedves.hu
greenpeace.de
vseya.ru
mmtorun.pl
suponta.puk.ro
besttourism.ro
hunn.wop.ro
bigtopbullies.com
larswegink.hyves.nl
sfdsa.pl
xonetv.info
xz.yes515.com
salno.com.pl
bookmarksitenow.info
ykp5.qiwen5.com
rodbuster.info
sihu.210000.org
collimat.wop.ro
51nanmu.com
klackc.org
sentimientobohemio.info
hotcoin.info
genot.wop.ro
casal.wop.ro
thedarkcity.co
www.jjbctv.net
abidance.puk.ro
www.500hc.com
wordsplay.net
britnett-carveradv.co.uk
rackmast.wop.ro
bousei.puk.ro
difenderlo.wop.ro
www.poddo.be
sikw.210000.org
diotima.wop.ro
vegagerdin.is
baxi.it
www.brw.cc
xvz.pl
australianpdfmanuals.com
datahostingz.info
albertina.at
source.ba
2click.pl
viettripz.info
dan-links.dk
m.hup.hu
travelguide.com.ph
migrainesinchildrenfcu1.info
lurzdahk.edu.pl
hypodicrotous.puk.ro
www.unie.cz
babelea.org
103.mn
rechtshaendigen.puk.ro
alioli.puk.ro
indomobilbekas.com
cancervideo.dk
roweryokey.pl
gubenlzb27f.1168.tv
doublemedia.net
newskaz.kz
felicito.wop.ro
homeindenver.info
rapsli.ch
schaarhout.puk.ro
mog.digart.pl
www.caoya.info
www.mgfr.cn
truskawkowo.soup.io
tvfest.info
seoprofiler.de
stylishfetish.com
planowo.pl
mekk.waw.pl
hurman.wop.ro
www.whyred.se
dandongmangguo.qiannan.org
vbqh.nfdy.net
www.sdaksoft.cn
archallegro.pl
sportamore.se
1planet.info
directorygate.info
b2c.958shop.com
worriedness.puk.ro
blogshopr.com
vernietigend.puk.ro
bynet.ro
bharatpatal.org
kotuen.wop.ro
0898.okok.cc
igdirbarosu.org
www.dvd9998.com
www.fila.hu
bield.puk.ro
www.epjob.cc
shop.warau.jp
canun.wop.ro
ien2.hyves.nl
ostelazi.info
femmine.wop.ro
harbourarticles.info
www.brandsen.nl
zswf.k3y3.net
moefou.org
fulek.natemat.pl
ceuel.org
ivoz.nfdy.net
dulichcampuchia.edu.vn
www.szmi.hu
talia.ua
nonukdbhb.freeblog.hu
webkatalogus.info
ign.de
zwaardvechters.puk.ro
ftpv.nfdy.net
qihua.cc
katicz.digart.pl
audi.no
www.vpner.net
www.wawaji.co
remarshal.wop.ro
mcind.blog.hr
thepapershop.info
pariera.puk.ro
www.pro6.nl
aringen.puk.ro
directorybid.info
chuyenphatnhanhqt.com.vn
makemarketing.es
juancong.com
dpiphoto.eu
shop67097482.taobao.com
jago85.pinger.pl
trichode.puk.ro
xxxmojexxxzyciexxx.pinger.pl
neplueff.ru
psearch.yahoo.co.jp
ddt.439.w1.gs
www.bosko.pl
boger.digart.pl
gallt.wop.ro
praseodymium.wop.ro
irarse.wop.ro
www.5173keji.net
theupsetapplecart.com
nekokke.wop.ro
facefactory.info
polonezy.prv.pl
io.com.gt
mathi.ru
abcportage.fr
physicaltherapyassistantguide.org
demissly.puk.ro
shigemot.wop.ro
www.gezhong.cc
leadsafe.de
daredteens.com
8du.info
zafi.info
classiccar.com
hoboed.wop.ro
upfree.pl
www.ably.eu
businessphoneservicez.info
phones4u.co.uk
ghostpro.vn
psoriasis-help.org.uk
etiscan.de
caikoo.net
web-bi.net
utwdzialdowo.eu
mobinfo.pl
dorcia1905.polki.pl
a.xx52se.com
listbox.com
techytalk.info
unsort.puk.ro
icelan.puk.ro
iranserial.tk
mispicke.puk.ro
komsa.en.cx
terunoyu.co.jp
lauredal.wop.ro
glocap.com
motocentrum.pl
hungmok.wop.ro
daveguindon.info
www.ssdms.si
www.vvgi.nl
www.gmtanc.hu
www.aztv.az
shinseibank.co.jp
locasit.fr
colin39.hyves.nl
029seo.com.cn
58xx.info
giftservice.pl
banaliserait.puk.ro
progettoaxia.it
fclub.biz
bbbgreen.info
weitz.de
likarili.9r.ro
eduroute.info
thewaymakers.net
g.cn
www.ralphlaurenitalias.org
nnxa.210000.org
ultraviolet.ro
alexxela78.blox.pl
www.lfr.nl
browseverse.com.pl
ahoraque.org
mosses.puk.ro
vannetukku.fi
moban101.com
sevastopol.info
klaziena12.hyves.nl
dayzcommunity.eu
myphotocollage.de
feestwinkel-tiendeveen.istats.nl