3g.jaja.cc
ync.ne.jp
lindapop.com
tarek.org
gmbpath.com
kid.wsbgt.com
www.sjzpxr.com
sohu.laomo.us
globeslist.pk
nachschi.wop.ro
mrgooder.com
lemontech.cl
karim2000.info
usuariocompulsivo.com
i-do-i-do.be
www.szylconn.com
eszter.info
kdu.cc
fgy.pl
geabonneerde.puk.ro
www.ndcnc.gov.cn
magnolia146.digart.pl
www.deemoz.org
secuvita.es
bluedolphinhotel.eu
kolporter.com.pl
www.xb163.com
dongying.com.cn
bhseo.biz
forumsubiekta.pl
otwarcie.pev.pl
www.hdro.ro
tjmt.jus.br
sistemu.ru
langlipp.puk.ro
jobisjob.com
hupan.net
rutd.nfdy.net
www.65sa.com
luckipad.taobao.com
gdziejestdziecko.pl
factoryoutlet.cz
subtlerantings.com
mystatusnet.com
angars.com.ua
ygeianet.gr
gitarre-plus.de
www.lackoslott.se
www.ehzrt.hu
www.wurft.nl
surestimera.puk.ro
bidy.com.br
blackfade.org
forum.big.az
adero.de
resimsakla.com
bjmcy.com
babypro.com.ua
www.tbwis.coml.com
zbitacena.si
www.bsweb.cn
jsu.cc
webdoober.com
53sz.com
www.shwxsakura.com
babynameworld.com
www.ebain.cc
nehi.qiwen5.com
clbmedia.com.vn
swbank.az
51ibm.com
nanerge.wop.ro
macfarlanepackaging.com
0762jr.com
worldofminecraft.com
www.tila.be
thetatteredscroll.com
junanmiaomu.com
techplums.com
chennaiwow.com
www.kl2.cz
www.iriver.jp
thebookmarking.info
www.szflcp.net
mynameisnigeria.info
thisit.de
jc-alpha.de
www.liveseks.info
sxjs.chineseall.cn
analyticalflower.com
eb80.com.cn
directorylife.info
searchadmin.org
cerago.wop.ro
aangravi.puk.ro
annapalluch.digart.pl
besoffen.puk.ro
flvflashplayer.26z.info
shibetsu.lg.jp
knits.wop.ro
meps.hu
www.xxx3456.com
www.chweic.com
davidfinch.info
www.senvgo.com
mobilemaya.com
tirtaude.freeblog.hu
thenationalcouncil.org
fishnews.ru
fudiculous.com
uzenethaza.mlap.hu
shenghuo88.com
proxy-anonymous.info
wikisalamanca.org
www.freebackgroundweb.com
camelot-itlab.com
uniterra.com.pl
netpr.pl
taohv.info
duo8an.com
femh.org.tw
863052.shop.zzol360.com
renouere.puk.ro
dynamicdiscord.com
kr8.de
wishlist.com
www.kafeis.or.id
www.szs1122.com
www.jqlx.net
llt.msu.edu
abiogeny.puk.ro
kmxr.nfdy.net
www.haizhu.gov.cn
iplex.pl
www.lzlfanli.com
fameproducts.com
literature.21me.me
fnbconnect.co.za
overoude.wop.ro
teemail.gr
rijven.wop.ro
www.eiyoowo.com
meetin.gs
www.myentertainmenthall.net
guihuaxiang.com
giver.digart.pl
lionsgate.com
mojd.qiwen5.com
olro.nfdy.net
zjjzh.78.cn
onexamination.com
fichten.wop.ro
soleyn.puk.ro
sphinx-search.com
www.imls.gov
beijing.7kjia.com
idealtaxes.com
complexarticles.info
dwmy.wms.mofcom.gov.cn
rtys8.cc
buxinfozone.com
linkstand.com
streetman.dk
peruano.info
hani.wop.ro
pcsarticles.com
adwordser.com
anupa.puk.ro
kaenguru-online.de
www.at853.com
cctv3-o.net
pai.soufun.com
www.123528.cn
shop.668jzw.com
latestclassifiedsite.com
doujisib.wop.ro
ouzhoushenw10yb.1168.tv
qvod123.info
mgweib.1168.tv
lad.ck.ua
soxieke.com
turgescency.puk.ro
se.iii90.com
daku.cz
sansuimobile.cn
www.zhaoxi35.com
e-singers.info
weihai.58.com
6cotok.net
hccaprilli.nl
safran-gewuerzbasar.de
tanie-pozycjonowanie.pl
513hqsy.com
maxikovy-hracky.cz
kidle.7s4.info
hbwc.juran.com.cn
shihal.ru
kasis-jewelry.eu
mormani.com
die-3beiden.de
mediumrotation.com
eleno.info
zosiaikevin.pl
ravenousromance.com
anwil.pl
gordopervertido.com
uuuubt.com
www.jcxdcg.com
lampenwebshop.nl
frontpagefreebies.com
rinmarugames.com
twoo.puk.ro
watergardenandkoi.com
rocketnews.com
94sh.210000.org
laremix.com
freitraum.org
bjsunlight.net
beeplog.de
rwer.wordpress.com
www.rockting.com
japanx.info
www.fzlvision.com.cn
napkinnights.com
classicpetreview.com
yatou.name
k978.com
petraatje007.hyves.nl
apostazja.pl
cooled.wop.ro
pobu.210000.org
brahmakumaris.info
dofollowblogdirectory.info
minhaj.tv
www.a1a888.net
bmw.ee
isiame08.org
webstrat.fr
volgograd-trv.ru
intakt.info
annoying-beep-ringtone.blog.hr
kis.net.pk
barburao.puk.ro
berkeley.edu
occasioncardsandinvitations.co.uk
saugtest.wop.ro
aite.cn
perfectbookmarks.info
demo2.cz
www.sdlxinda.com
kuolaw.com.tw
renttoowndirect.com
www.pro6.tw
lasidra.as
shopniagara.ca
desaguisado.puk.ro
universalbookmarks.info
es.taofang.com
julemai.com
visualapex.com
gap98.com
www.velu.pl
back2style.ch
kokuban.in
handylist.de
se463.wooee.net
bbs.pianhua.net
ydmyker.wop.ro
femdom-now.com
tourbohol.info
linghelianmeng.net
acsis.ca
edoo.pl