antarctica.ac.uk
912358.com
streetmancandles.com
3cmoli.com
latiendaencasa.es
adult.cz
hlxshw.tk
cbs.pku.edu.cn
fitness4x4.com
osuuma.wop.ro
chinacache.net
shop.mz16.cn
africanews.com
czech-properties.cz
pearson.fr
akronvax.wop.ro
www.chenrenyongpin.uqc.cn
rosvesty.ru
aightgenossen.ch
heartmala.com
netto199.hp.infoseek.co.jp
ernone.fecsegj.hu
rayovac.com
amsterdampanthers.nl
anticopy.de
www.hcdjw.gov.cn
c-club.cn
brentozar.com
malhealth.com
dailyrush.dk
lostinidaho.me
310solutions.com
harlequiniberica.com
filmy-online01.pl
bedrijfskosten.puk.ro
boho-weddings.com
mundotecno.info
14ys.com
yulin.sxrcw.net
cakeobake.com
spanchbob.info
board.iamlights.com
simplegeo.com
52dqq.info
gonabit.com
cubrid.org
chungcuvn.info
docpdf.org
1186.cc
bigtopbullies.com
barihiend.it
fashionzila.com
sugarhillco.com
irishize.wop.ro
minimoviles.com
socw.cc
purefamemedia.com
www.bonka.es
mazopelis.net
xixidieyuan.com
zoecarter.com
dayperm.ru
aftnet.be
findurl.co.uk
kz.flog.pl
infoznanie.ru
main-filez.info
agencjagra.pl
happyfunvidsite.info
www.qsw222.com
superhost.pl
fulicaipiao.tv
buzztin.com
boletomail.com.br
crimsonhexagon.com
leahremini.com
pinkdylan.co.uk
childaidmyanmar.org
bujisongshui.com
myzeglarze.pl
020pgj.com
ecdir.info
cq.zxbo.net
investingf0zo.info
asturauto.info
dejzy.pl
chin.puk.ro
dillerdesign.com
lyfrj.com
job.0760.me
strangertickets.com
khapk.com
www.xxwqly.com
abgesprochenes.puk.ro
d-tt.nl
carbase.nl
4fastfile.com
aladel.gov.ly
netpoint.com
mp3asi.info
xl2016.com
59yyy.cn
evqy.265link.com
aaron-rodgers-super-bowl-jersey.ppepu.com
acs.pl
bjoern.wop.ro
besttheplace.com
bra-seo.se
dontexplain.com
gameery.com
kappedes.wop.ro
latindanceband.dk
maxximum-portal.com
poshglam.com
psoriasis-help.org.uk
royalpalace.co.kr
site-stats.info
t-oya.net
green-links.info
vektige.puk.ro
afed.info
voornoen.wop.ro
wamia.wop.ro
www.hanting168.cn
www.krokdoprzyszlosci.pl
www.overzicht.nl
y7zf.k3y3.net
anntgg.tk
caid.wop.ro
www.hzsjjx.net
kagami.wop.ro
what-el.se
alegromaniak.pl
libreinfo.net
new.leta.lv
678678.cc
przg.info
sato.fi
stormisca.wop.ro
unsrat.ac.id
upanh.ssc.vn
www.cdghk.com
ecoenclose.com
www.qipaiddz.com
arenaofpleasure.com
mt4.acm.org
blogspot.gr
forum.vuontinhyeu.info
searchengines.pl
weeped.wop.ro
www.fgpblog.cn
sateliteservicez.info
yogam-canada.org
zy0jsw.com
alenn.flog.pl
dh.jinluo.cn
www.yqppw.com
hangzhou.gov.cn
krasavica.lv
my91lg.co.cc
stuffblackpeopledontlike.blogspot.com
umbonati.puk.ro
abbyzabyss.com
aduni.org
hansig.wop.ro
tedumari.wop.ro
zodiaconline.com
qbudkskk.blogger.hu
segregar.wop.ro
interpelleren.wop.ro
annuaire-decoration.org
www.brim.nl
www.axx.hu
powerspace-domain.de
www.seodps.com
666ak.com
666we.com
667966.com
668628.net
66880.com
668h.net
668sq.in
33c.cc
8ya.webspring.od.ua
music.bagdax.cn
mysticvistas.com
nanny.fad3.net
ankbot.com
linkedin.ca
degourdi.com
cypseloi.puk.ro
msint.co.kr
bacbaphi.com.vn
con.hu
www.rawiplast.pl
bgt.gb-china.cn
filmz.cz
998853.com
ocean.edu
1182.org
0t7.info
ebusiness.info
jinjiang.cn.cebn.cn
dipendra.wop.ro
ncehome.com
www.51njtj.com
bookmarkingwebsiteslist.info
webisaac.com
generic-soma.org
amantis.net
05112.com
6hss998.com
runin.wop.ro
su.ac.th
enjoyday.net
ku188.net
gettyimages.at
audibank.de
samphotostock.cz
kt72.nfdy.net
kinhmaucaocap.vn
payway.com.np
healing4heroes.org
journalisten.dk
asian-eca.org
kaneso22.co.jp
4rn0.nl
chachala.com
gradx.net
brinkmantransholland.nl
freeporno2012.in
www.windu.org
palcodeportivo.com
tekstile.puk.ro
bbs.0731.cn
androidwallpaper.me
liuyan.cnzz.com
291.me
upek.pl
ancom-ink.ru
tracts.puk.ro
yo1j.210000.org
gadgetwe.com
blockstatus.com
telecomsquare.co.jp
ndali.puk.ro
titulka.rvp.cz
tiendastore.net
zakka.minkei.net
analytic-or.com
hao123.jp
getbeat.it
socialmediacoursesz.com
bollywoodfanatikleri.com
directo.r.gd
adult-planet.info
gimbes.pl
jqfiber.cn
dioson.com
litinstitut.ru
siwababy.com
7z0.info
feyv.nfdy.net
classiceliteyarns.com
gunya.wop.ro
edenkert.hu
aota.net
sim.fad3.net
sportreisen-fitness-und-sport.de
textcafe.ru
expertomultinivel.com
liancheng.info
cjx.qznc.cn
havealink.info
faithfulministries.net
claimyournewcard.com
movieshare.org
clickbahrain.com
tylkomarkowe.pl
tel-web.it
149aa.com
a.wechseln.de
aynaku.net
3n316.com
departures.com
fisiu.digart.pl
concerts.fr
www.zixinke.com
onesdog.net
esteridge.puk.ro
slothfurnace.com