56uuu.com
56yc.com
beronco.info
573.com
574878396.user.qzone.qq.com
energiewiki24.de
www.hao208.com
57883.net
57dns.com
58.duote.org
58kk.info
58mm.net
58nv.cn
58oo.in
bustalk.info
58song.com
ariesinnovations.com
58v.2044.cn
591yuyu.com
5928888.uni86.net
592rj.com
5966.cc
5967.eduol.cn
5969.cc
596av.com
598.be
598080707.net
5999.hk
5d6d.hostoi.com
5dd.com
5dy.181.net
5dzp.cn
dpmost.cz
5e3c7r.njlss.gov.cn
5e5e5e-722a112.tumblr.com
5earch.com
5ew.info
5fenka.tk
5gf.us
5hk.cc
5hk.hk
5htp.org
5hw.cc
5hw.tv
5i2.net
5ih.info
5ihb.cn
5irc.llflxx.net
5iwuhu.com
5izm.cn
5qq8.cn
kasiaaa99.pinger.pl
5seba.com
5starbookmarks.info
5tcw.com
html.371.net
latigueo.puk.ro
senshundo.jp
naahq.org
streetman.dk
x7777777.info
5top.pl
5ty.org
5u88.cn
5vn.info
palila.puk.ro
601448.com
westvirginia.usa.tigweb.org
www.232100.cn
6043634176.phone.searchwww.com
6047573409.phone.searchwww.com
mir17.ru
606dy.net
6070.az
60769310.taobao.com
60wh.com
60xz.com
61.tlt.cn
hdeg.k3y3.net
613631.com
6157418.5sing.com
6178406.5sing.com
669mi.com
66bobo-723a.tumblr.com
68liao.info
daogou.1688.com
68use.com
68uss.com
68uuu.net
68wz.cc
691.chlorovwc.orge.pl
696075962.xiaodoutao.com
69666.cc
696pk.net
698tm.com
6ku.cc
ecommercewebsitehostingz.info
6appleofdeye9.a-liveprivates.com
6av.info
6be3h.com
6ccp.com
x-top.info
6cfu.net
6chh.net
6cj.us
8ya.webspring.od.ua
bbs.lcu.cn
berkeley.edu
bronadmin.ru
casinodiner.pl
cobbassessor.org
codear.puk.ro
dtbmail.com
emailbackupz.info
www.mingshui.ccoo.cn
erosblog.com
eugaytube.com
jasny.polter.pl
eureeeka.net
foreo.pl
francis-miniatures.com
hotel.mezokovesd.szallas.istenhozta.hu
hsml.cn
hubrec.com
innovar.gob.ar
jins8.com
jsplumb.org
kochana666.digart.pl
ksp.or.th
m3.se
mangguo.de
mblg.tv
mhsz.nj.focus.cn
mujka.ca
1stkent-dating.co.uk
neckermann-reisen.at
olx.lv
nije.puk.ro
nortehanon.com
omtuin.wop.ro
onlinespieleblog.de
parkour.pl
peopleviews.net
petmania.pl
pornohdweb.info
pornrelive.com
jpxo.210000.org
cometacavia.com.pl
hfbk-hamburg.de
natusia11197.pinger.pl
outducks.org
untendur.puk.ro
bravo-company.info
www.saodaohang.info
yh5.cc
web.nidongde.com
zktimes.com
00t7.56dvd.net
valuepartners.com.hk
amos.alicdn.com
bambini-intelligenti.it
toven.hyves.nl
www.yasitk888.com
usinfo.pl
studentloansearch.info
01.ma
sponzedo.puk.ro
p9.pl
urosario.edu.co
www.66ssss.com
opentfl.co.uk
damie.jp
colorectal-cancer.ca
alittihad.co.ae
ricksworkshop.org
ngy-blue.net
bese.info
socmel.net
xyyjh.com
rencontrefrancaise.com
maochenwen.com.pl
gimpforum.de
www.rootnull.com
jaskolka.digart.pl
isto.digart.pl
chaichejian.beimai.com
changsha.ddmap.com
changtu.huoche.com.cn
chblt.81666.net
chukki.com
shmq.net.cn
idokep.hu
bognorpubs.co.uk
deremate.com.uy
emi.prv.pl
nailclub.ru
654321.q.sohu.com
www.webniq.nl
centocitta.info
cn.adways.net
blog.ngochieu.com
428702.5sing.com
hoge-heksenhoed-voor-kinderen.warenhuis-shop.nl
www.cps8.org
gedrenkt.puk.ro
blogaid.net
chengdu.16555.info
volga.digart.pl
fenedo.pl
mam-aid.jp
jago85.pinger.pl
cntrades.com
gconline.de
profit7days.com
bxsf.210000.org
pascoa.info
www.taobao8899.com
3g6hc.com
cfpchina.com
otwarcie.pev.pl
www.chinaynk.com
mya.co.uk
sissiviaggi.it
usaco.org
hxjy01.co.sonhoo.com
h.99999m.com
passivemassiveprofits.info
buyu.qiwen5.com
russian.yekaterinburg.usconsulate.gov
walkswithbear.com
catb.org
aike01.com
midu.info
malegroomingkit.com
www.liners.pl
visitingmexico.info
inventi.puk.ro
tsp.vutbr.cz
www.m3h.nl
rueckgan.puk.ro
happynis.hyves.nl
carpartsdiscount.com
nj.xiudianqi.net
83.com.cn
m.yyynn.net
bolerofilm.it
www.zpkpkp.pl
www.cenoa.com.cn
www.heihercw.cn
manufacturingsoftwarez.info
minotstateu.edu
www.kankan.in
yougedi.net
poeppel-media.info
titirimundi.wop.ro
zdjecia.pl
tibni.puk.ro
newskyenergy.ca
franken-business.de
zasobnik.eu
wptheme.eu
dewart.wop.ro
sos-software.com
nbdaili.info
jakoscobslugi.pl
zentrada-network.com
adcloud.net
www.weblist.az
gateway.gov.uk
bigislandnow.com
kyle-xd.info
baoyubi.com
xwallix.hyves.nl
tarmak007.blogspot.in
www.yxzgrs.cn
elaml.info
guihuaxiang.com
fjjlcm.com