armene.wop.ro
chimie-sup.fr
114zhe.info
ridokain.wop.ro
www.jobisjob.com.mx
filmykino.pl
jatimprov.info
e-cyfrowe.pl
www.xtezx.com
7ahn.265link.com
bgzjw.com
bfvyfhaldq.blogger.hu
bgt.gb-china.cn
9.tiosysdez.osa.pl
superlinklist.info
bass-sklep.pl
ce4z.265link.com
dimax.biz
footcrab.soup.io
wojsko-polskie.pl
gvt.com.br
data.owni.fr
www.w899sanxing.com
spkzuotapj.blogger.hu
rococo.fecsegj.hu
gamedown.info
daurhopoz.blogger.hu
chachala.com
duerk.info
verderbtheit.puk.ro
coursedeschtis.com
ffdhsc.78.cn
dukely.wop.ro
biurovita.pl
totalfoto.it
tao.xiaoyoyo.com
hardoof.co.il
www.038300.cc
www.mn8mn8.com
www.shumemol.com
blurayblankmedia.26z.info
lcl.fr
cfxbqxqv.freeblog.hu
skilas.info
mr702.fyfz.cn
blogrundschau.ch
33221.in
zegarki.com.pl
ote22.info
adamieva.info
bathroomcity.co.uk
parkanex.pl
surveysampling.com
brimg.info
buxhyip.info
fray.com
qindongkui.com
bestuff.com
cs.52pk.com
mvbmusic.wrzuta.pl
hadril.edu.pl
jatko.digart.pl
fotogruppe.at
christianmp3.ucoz.ru
www.jfsky.com
www.aif.ru
e-goju.net
yogou.sinaapp.com
abasic.puk.ro
eu1l.qiwen5.com
www.abstynencja.pl
080.8.je
raumklim.puk.ro
unsinn.wop.ro
www.animoweb.be
wap38.com
wap.111hz.net
namevine.com
hrb.digart.pl
directorioweb.info
ep-infonet.de
affilieront.wop.ro
atehenmei.com
ggdir.info
bomben.wop.ro
www.meinvyy.net
www.autokawa.pl
www.226aa.com
quon.nfdy.net
itour.com.ua
tarots.jp
unicycle-team.de
www.medicossinfronteras.org.mx
632b.nfdy.net
aprilzaa.wop.ro
oander.hu
kenfu.digart.pl
www.wkyz.net
boyi.nzw.cn
rusimperia.info
ir-ma88.hyves.nl
www.bsdh2.com
indiannavy.nic.in
sjvmr.net
prwv.info
aranzadi.es
www.fxwzg.com
cpz1.56dvd.net
filmparadiset.se
www.tzxz.net
szafranowy.eu
eetbaar.puk.ro
b.8x5x.com
cisaillo.wop.ro
zw.tibet.cn
web.9158.com
ytzx.net
kiep24.pl
nr-7comunicacao.com.br
sjzsfjx.shop.qihuiwang.com
www.pingguo.gov.cn
seven-7eas.tk
successus.dk
croydon.gov.uk
mew5.com
mpoptavka.cz
sfi.se
www.poniard.ru
drukarniaspeed.pl
brightish.puk.ro
www.zz24.info
wptuts.info
jarnvag.puk.ro
bookmarkyaho.info
hd8858.com
zonefiles.net
netenacegem.hu
artsboston.org
zhongyi.jiankangzu.com
fanzin.clubsf.ro
nguoidaukhovn.info
bestcycling.es
www.iwpax.pl
meblekessler.pl
stock-board.info
42iii.info
hebinzhicheng.com
2011.665566.net
buykey.fr
qiyi365.info
tetrakis.puk.ro
websiteslike.org
crocuses.puk.ro
cangcut-abg.uni.me
nifd.net
meinv.7755.com
ablog.ro
www.sdhhwz.com
americangeneral.com
www.cuteseo.cn
shinkai.puk.ro
esportesite.com.br
word.waw.pl
iranserial.tk
filehurricane.com
laso.jp
tylko.blip.pl
stephaniesw.hyves.nl
9agucha.soup.io
ai-yellow.me
condortrekkers.org
juancong.com
diptote.wop.ro
big-library.info
tyachi.wop.ro
aentra.puk.ro
ksc.de
ros-med.info
aboundin.puk.ro
abschiede.puk.ro
casino.lap.hu
abschliessendem.puk.ro
abseilende.puk.ro
absoluterproductions.com
abspruen.puk.ro
advent.lap.hu
advertisinginflatable.com.au
advsites.com
ady8844.com
a.xsgdh.com
studypeers.net
a.xx52se.com
aaadaemonscrewsplayground.com
aakf.org
p53net.com
aalder.puk.ro
aalskruik.puk.ro
absente.puk.ro
absforums.com
absolutes.puk.ro
abwischt.puk.ro
taianh.info
www.dzxh120.com
www.486xx.com
charpentemenuiserie22.fr
www.panna.org
adata.pl
www.cg5688.com
bzw.tw
www.wy0.net
hipaasecurityz.info
ke-jamon.bloog.pl
pannonklima.hu
doublemedia.net
directemailmarketingz.info
rheuma-liga.de
verekedosjatekok.eu
granice.pl