massbio.org
dls.78.cn
www.caravan.no
folle.puk.ro
cjuez.co.cc
faiv.com.ve
allied.edu
aynur.us
360430.com
jeep-forum.ru
balay.es
oa.jxbgw.net
nu-vapor.com
8gaf.nfdy.net
www.csna.cn
capsworld.ru
szatka.pl
adslen.co.za
pnz.pinger.pl
pliggcms.info
saxo.ku.dk
turksolu.org
stoffe-zanderino.de
teh-song8.in
thealankwan.info
amm521.com
www.wwq.cc
yaxz.k3y3.net
bastinad.wop.ro
pussylick.info
getsawed.info
nsexpert.com
mk-portal.org
ogyx.265link.com
knww.265link.com
hk49.cc
colquitt.puk.ro
beseitig.puk.ro
adultcity.to
blog.worldhelp.net
seichuus.puk.ro
worldhouse.vn
hassan.massoudy.pagesperso-orange.fr
mipaja.es
adamex.pl
www.tzbl.net
kristos.wop.ro
shopxinh.info
mzj.urumqi.gov.cn
degiorgi.me
hastanc.try.hu
wcoop.ne.jp
bibliosistemas.com.ar
www.zhoupets.com
cafeleak.net
webuiltit.biz
esuaspelak.blogger.hu
twtn.nfdy.net
6ku.cc
szedmakintarzia.hupont.hu
crawlr.net
rinse.wop.ro
ukdir.co.uk
www.tjkbl.com
abg-net.de
www.ykreed.tk
51zixue.com
nenaborrero.cl
holi.210000.org
www.wjg88.com
kyxy.com
483y.k3y3.net
www.cbtol.org
bauhof.ee
bayeux.puk.ro
giantisland.com
bgc-celle.de
chinanews.co.nz
beadwholesaler.com
www.epox.cn
discovr.info
bootjack.wop.ro
coutrier.com
socialbookmarkbutton.info
95598.yepg.com
www.shuangwaiwai.in
gzsjmg.net
www.20v.cn
53888.cc
lihaoda.cn
bbs.e666.cn
mrey.ilovei.cn
inhagnore.doorblog.jp
tenantsorrentersinsurancez.info
prosuco.nl
www.insa.de
eticketsupport.com
navygouge.com
mp3.zol.com.cn
anageimoveis.com.br
zkae.210000.org
uastf11.ac.ir
marunouchi.adire.jp
alexialive.com
www.bttc.cn
wls4kids.org
www.jdmzd.com
8liao8.info
lattlast.se
deckie.puk.ro
kleerscheuren.wop.ro
urbanoutfitters.fr
acclinal.puk.ro
mayaku.wop.ro
molenheide.be
qinyuancn.7190.cc
shijiazhuang.51chudui.com
blogshopr.com
weisliches.wop.ro
yedxxx.com
1177.tv
besant.wop.ro
www.100ec.cn
ervinstyle.hu
arbeitsb.puk.ro
reiker.pinger.pl
sblz.nfdy.net
deferr.puk.ro
lovesp.jp
iam4u.pl
volainrete.it
jojoufu.wwwwww.wop.ro
tkereset.info
taybaconline.com
clipx5.info
rmsq.nfdy.net
sulfoind.puk.ro
pottsbrendan.tigblog.org
gensuikin.org
123visiteurs.info
bibliotekr.dk
ebooklibrary.7s4.info
r1sk.net
htzw.nfdy.net
americangeneral.com
333web.eu
chengdu.xinl.net
helver.wop.ro
freshnet.se
anre.md
chachala.com
888.ac596.net
der-messershop.ch
gerk.210000.org
donbosco.pl
kingtour.com
etregalia.com
juegosdeautos.tv
33lian.owns.it
7city.jp
artsboston.org
huaxue.lvye.cn
jix2.nfdy.net
pcpoints.ca
hoidocthan.vn
miraclenoodle.com