juancong.com
www.rogavis.no
lusy.78.cn
calda.wop.ro
affaisserions.puk.ro
hupan.net
sdrzrgh.fyfz.cn
ugteuskadi.net
zuch.210000.org
www.sjh816.com
www.ccstock.cn
aroundthecornercandy.com
chachala.com
www.jeshotel.com
nyuujyuu.puk.ro
teleurope.eu
guihuaxiang.com
parafie-strzyzewo-jankowo.pl
www.qzbianmin.com
sinjukuh.puk.ro
xixichengyuan.com
hutselbe.puk.ro
nageganen.wop.ro
www.huachuxian.net
loanin.wop.ro
chloie.xfree.hu
agalignar.digart.pl
gbob.tv
quintary.puk.ro
demo.baixing.me
www.moguss.com
kwansubo.wop.ro
jfzc.210000.org
pussy-club24.de