guihuaxiang.com
pllogic.com
xixihuafu.com
juancong.com
www.xjtn.cn
podm.nfdy.net
flashes.eu
affaisserions.puk.ro
aiml.tk
chachala.com
namuya.puk.ro
stshimo.com
atehenmei.com
abgaberaten.puk.ro
aaron-rodgers-t-shirt-jersey.tpten.com
atrico.hamazo.tv
haizyu.puk.ro
ama.com.au
bullet.blox.pl
www.yijiamai.com
crockerfuneralhome.com
deyang.66law.cn
www.3hao.org
bexinh.dantri.com.vn
jfcpphb.org
www.5jxsj.com
www.1008888888.com
megashare.vn
chblt.81666.net
mjc-andre.org
manga.akihabara.cz
uggbootsclearancex.com
r6ad.lizhidy.net
accede.puk.ro
transparentwebsite.com
i9yt.k3y3.net
www.mundoanuncio.cl
sazla.com
www.hzj.gov.cn
afcommanderen.puk.ro
tribe.net
www.bb520.tk
adrede.puk.ro
kwansubo.wop.ro
www.heiloo.nl
www.wwf.org.au
cgzj.210000.org
acetify.puk.ro
erriko.it
www.veryhuo.com
www.posuiji520.com
schoof.puk.ro
jikast.cz
saoxue.c.la
abgesonderterer.puk.ro
hupan.net
myeldirectory.com
pelmel.info
ac.88888m.com
www.cnsae.com
sdrzrgh.fyfz.cn
nickie.puk.ro
skoczow.pl
www.gegegan.com
aanmonsteringen.puk.ro
ashiyane.ir
berghof.dk
www.9u8u.com
agoing.puk.ro
alzava.puk.ro
abbracciai.puk.ro