xixichengyuan.com
subheadq.wop.ro
www.bullcg.com
www.223.la
apollo.fyfz.cn
www.lsb1.info
cxjyxx.me
termenses.com.ar
porer.wop.ro
wulfsber.puk.ro
4dk.ru
ideefesta.it
cathletics.com
linkloop.info
dodocat.com
860722.org
www.gm3169.com
bookmarkingnetwork.info
inm-lex.ro
professeurthibault.fr
xoom.it
www.borhanteb.ir
v9n9.k3y3.net
www.dplly.com
24x7-spb.ru
juancong.com
yese.us
www.djaygear.nl
bcws.nfdy.net
www.tek.com.cn
www.qkkyy.com
indobook.org
sinhvien18.wap.sh
www.jm333.cn
iwpr.net
rsna.210000.org
www.creativecommons.cn
fabmall.in
hocherie.puk.ro
citizenoutcomes.org
saigel.com
szderun.com
adina.eu
amancebamiento.puk.ro
szaci.atw.hu
98ps.com
michellmacaron.jp
sn.cnpension.net
minnesotawebdesign.info
www.gwiazdor.pl
alternativa-mc.ru
sviderski.digart.pl
945x.k3y3.net
www.typjdb.com
briankeene.com
deushi.net
vterrain.org
16nf.info
teflteachthai.com
teen-angels.org
bitaddict.org
www.afutv.com
ivies.wop.ro
plazapublica.com.gt
guihuaxiang.com
hsbc.co.mu
laurna.wop.ro
www.benbaowo.net
bxtf.info
pasamed.hu
maximumleverageasia.com
heimatliche.wop.ro
www.xxbbyy.com
anal.pro
www.8duyy.com
kins.wop.ro
iberes.wop.ro
hebinzhicheng.com
www.bingsky.com
klaudia403.flog.pl
feestwinkel-makkum.istats.nl
leadrival.com
florence.com.tr
zaqhax.pl
www.nnsxg.net
sp-gg1000e-generator.info
49vip.com
umgespulter.puk.ro
wasitu.wop.ro
www.btt.so
dimalex.eu
pubers.wop.ro
www.nudecelebrityporn.net
saniexpert.nl
www.hhf.cc
www.qqmrw.com
www.sigmans.nl
sat-module.de
trynid.pl
roundtable.co.uk
avatars.a42.ru
65.cm
dotnex.info
lookinart.net
famigliacristiana.it
www.moli28.com
aguada.puk.ro
www.bxzs.net
jizzfinder.com
ioffer.net.pl
purrar.wop.ro
barefootcontessa.com
hkdh.co
claudiafallah.co.uk
yawlsman.wop.ro
wrokt.puk.ro
chronos.org.ru
freshbrain.org
yanku.wap.ai
kejinfa.com
eingetippt.puk.ro
www.dfrlyy.com
funandlearns.com
teemail.gr
ahbttz.com
farcir.wop.ro
chongqing.ha168.net
nvpn.net
se90.in
mbuunda.puk.ro
asopusitemus.com
azylog.net
www.cope.nl
www.fengyigg.com
hostingsupport.it
members.28365365.com
assish.wop.ro
it-handbuch.net
www.nnjyl3.info
gsmpakistan.com
www.lr-translation.com
xingai999.com
join.straightboysjerkoff.com
itoi.wop.ro
strandz.org
voiceinthedesert.org.uk
dtallos.com.pe
029tv.net
www.qd-bbs.net
avengeful.wop.ro
tnd64.unikat.sk
assistcomp.ru
10518.h-x.cn
westminster.co.us
moppc.wop.ro
www.fp81.com
agrostoc.md
nordic-tv.com
www.y568.net
justflight.com
wellingtonflyfishers.org.nz
jerseys-mall.us
clarins.fr
fudoumya.openging.wwwwww.wop.ro
propintelectual.com.br
squat.gr
socialbookmarkingsiteslist.in
marinepia.co.jp
instintiva.puk.ro
www.zxart.cn
bflixdownload.info
www.lovelt.net
rukodelov.ru
www.czi.cz
www.fx968.cn
longterm.pl
www.anbj520.com
banktransferlimitz.info
distributedcomputing.info
taagz.info
www.shengshantang.com
qq163.tk
atesa.es
www.av123123.info
papagei.tv
tedz.nfdy.net
psiaki.prv.pl
www.cnidc.com
dyspneic.puk.ro
bestexhib.com
erdallas.hu
blavo.ru
b.360.cn
zhuixu.org
dirindex.info
www.gaben.ro
41qb.nfdy.net
czqq.com
yunomi.puk.ro
www.www.mgscl99.com
wqxx.net
88.6h20.com
qv0.info
uskleo.com
kappabashi.or.jp
obmen-akov.clan.su
www.yzjy.org
polsatsport.pl
medialoot.com
yorkcookeryschoolz.info
mirabab.fr
unduly.wop.ro
betnoah.eu
www.shilongtl.com
univ-sba.dz
www.fly3389.com
tachki.md
www.cgland.com
www.hscaisha.com
www.cety.ru
pcinfo.fr
www.freewebsite.mk
awje.210000.org
www.wjjxt.com
www.coatinfo.cn
dustark.ru
shituji.wop.ro
sesukaku.tk
nachleuc.wop.ro
www.ph96345.cn
www.mxjfcp.com
feestwinkel-oudeschip.istats.nl
www.ov98.com
reasthosting.co.za
lxfcyy.com
sony-optiarc.eu
3xf.info
www.jbteens.net
xingaibaike.com
shenmu.sxny.gov.cn
www.baidu-pan.com
thepimsleurapproach.info
laptop.vn
mebelmod.ru
beratungsfoerderung.net
flygbussarna.se
macworld.com
elix.210000.org
678link.info
mrsaawam.net
reallypop.com
yourhull.co.uk
shopnow.pl
oede.by
mpspain.es
woodbywy.com
dolphinblue.com
porodnice.cz
jacek415.blip.pl
xxx-spot.com
kayrak.cn
onomastiek.wop.ro
www.zjjnedu.cn
i.kpeltiomw.orge.pl
olo.ru
m-muriel.jp
diadiem.co
www.jstaisheng.com
hecm.pro
aaronw.me
software77.net
selfhelpandimprovement.com
r-home.jp
www.akado.ru
betabone.com
cauthangnghethuattxt.com.vn
wreckingballsms.com
forzest.biz
azure-design.com
giftboxes.mywapblog.com
jshdfy.de.gg
causeless.puk.ro
controltv.net
www.bbstoday.net
try-kamingdiet.net
kasiullek.digart.pl
starbucksmenu.net
dewf.nfdy.net
www.365wnfw.cn
secretsales.com
hoangkimlong.vn
www.cosmate.net
ee44ee.12397.info
hamstrun.wop.ro
webit.ru
www.131580.com
she89.com
angol-magyar.hu
www.32hn.com
loombo.pm
fanli188.com
nefrit.atw.hu
forefeel.wop.ro
36992.com
www.xmball.net
jewukr.org
android-dev.it
teamsideline.com
www.flashuser.net
byui.edu
www.qlxf.gov.cn
superjuegosdecarros.com
tojedobre.pl
sunpeer.cn
www.wyqqyx.com
www.hp444.com
www.muslimin.cn
aaa-himia.ru
xn--80afqvkbmny5g.net
www.3plt.com
www.axyjy.com
www.popoli-coast.com
esy.digart.pl
uebersetzer-verzeichnis.com
sangkritgurukul.asia
myperodua.com
www.bilik.co
6109.jp
shopbaocaosu.info
cmsplanet.ru
badische-zeitung.de
toplike.eu
www.gdyuelong.com
www.rr22rr.com
wetradetogether.com
theenvironmentsite.org
gamewiki.in
www.uniwag.pl
innigste.wop.ro
inspired-weightloss.com
cityductcleaning.com
myprintcard.de
ohioattorneygeneral.gov
wordpress.com
szjxhy.net
c-presse.com
toyotaaddix.co.za
rogersim.com
snaaksheid.wop.ro
monigote.wop.ro
scbb.ch
www.ymfeng.com
facebook.co
eservebpo.com
tradeinexchange.com
ble.de
berry-girl.ru
illicotravel.com
www.77cc.info
www.mm.sspig.com
telegu.wop.ro
dagedar.com
hoshinogen.com
chamaeleons.com
www.33221.in
www-web.net
bourbon.jp
www.colima.pl
beatofhawaii.com
dimipro.fr
camp.nodejs.org
me.gr
atypikrevient.fr
privatequarters.net
gaoqingtupian.info
affiliatelinkmagic.com
phenomiix4benchmark.7h1.info
kypi-deshevo.ru
youth.lcu.edu.cn
www.cafeschoenleben.de
webservicekoeln.de
qvodyz.com
studykorean.cn
swish-designs.co.uk
vhod.ru
stationer.jp
www.unvoc.com
sup.r42.eu
my-kaigo.com
usasportslink.com
www.avbo8.com
uken.wop.ro
mihonbai.wop.ro
onaangedane.wop.ro
pjszyw.com
linkurldirectory.com
missa.flog.pl
zonanerd.com.br
bellatrix-fans.deviantart.com
i.mk
www.zjj.la
ryancollins.me
pitermed.com
adquisitivo.puk.ro
www.tsw.it
creditcardbalancez.info
datagrad.ru
achilianu.ro
log.netbib.de
filz.puk.ro
mjnrw.com
www.bne.es
www.syzf666.com
ferrugiento.puk.ro
perspolistour.com
twelling.com
cosmedictravel.pl
zwiez.ly
heimatwe.wop.ro
afbekt.wop.ro
develway.pl
manusite.pl
loftinsulationoffers.net
www.chuangyi.sh.cn
hansergardner.com
al-moasher.net
de-marca.ro
dojotoolkit.org
zmhy.qiwen5.com
vouwblad.wop.ro
www.dwcyp.2008red.com
yazhouse.drives.it
www.foxdoc.com
youwhisper.com
xxgou.taobao.com
fuezu.wop.ro
www.ythongyao.com
www.kzbz18.com
wowbigs.info
vtzv.nfdy.net
www.sedianmi.com
rerecords.wop.ro
www.psion.hu
www.wjmu.net
www.vitanu.nl
usauk-classifieds.com
treppenliftinfo.net
5iipad.com
scghun.com
catsuit-met-grote-mazen.istats.nl
makeitbetter.co
jcyo.265link.com
www.animalsexdb.nl
www.aikc.net
hao821.com
deletrear.puk.ro
www.665mi.com
bryci.org
www.storedisplaysfixture.com
www.002uu.com
pozycjonowanie-z-kojotem.pl
laadeedaa.com
hitachi-nico.jp
dvd.index.hu
met-free.com
thyrocol.wop.ro
masdr.net
globalbookmarksstore.info
hjjcn.cn
bloggerforum.ru
www.xxq6.com
hjdstudio.com
wuti.me
www.557bb.com
askhumanapplejack.tumblr.com
bookmarkeditorials.info
trafficmp.com
akinlar.tk
salitpa.wop.ro
winkiwoo.com
squatspace.com
fujis.puk.ro
scsn.cn
kamsa-ijshockey.be
everyhome.com
weleda.jp
scarffe.wop.ro
sharepointsaturday.org
dlapacjenta.pl
rumbar.eu
hd00.com
cicplus.com
www.procurandovagas.org
sh-goeasy.com
uoxl.net
articlesworld.ru
www2.gxtc.edu.cn
613631.com
koblizci.net
absforums.com
www.gaoqingwd.com
www.xuqiushang.cn
78cha.net
www.mmav.in
www.anzhuo.me
vva388.org
paula1609.pinger.pl
healthandfitness4u.info
filmsens.wop.ro
quep.265link.com
joobbe.com
missions.itu.int
liberty.com
anunciode.com
voicebuy.com
z.thor.hu
www.ztco.cn
yxt3.nje.cn
womo.jp