carseat-reviews.net
huanyou56.com
bonevill.puk.ro
affiliatesrating.com
simpletop.net
www.gts.hu
turkophile.wop.ro
phytoleds.com
m.b2b168.com
chrome.co
link-protector.com
www.lsmdb.ro
kontur-pf.ru
phpquizscript.com
www.cyberpolice.cn
www.szrl.cn
techpeller.com
cxjyxx.me
stooq.blip.pl
greatarticleresignation.info
dj66.net
carlee.puk.ro
boruch.wop.ro
www.bm.ust.hk
talkaboutsleep.com
appie.pinger.pl
ikky.wop.ro
pisa.it
huesvtech.webs.com
xn--mbtx10a8v6a.com
tito.blip.pl
saps.moe.gov.my
www.iii37.info
digdes.ru
sartorit.wop.ro
beijingjk.net
yuhan-kimberly.co.kr
www.unesco.ch
3akk.com
www.1007.in
dealmotion.fr
bpmstudios.com
khothietbi.com.vn
abc.777hz.com
michaeljacksonscode.webs.com
obchodni-dum.cz
raumklim.puk.ro
irgame.com
cr-flash.com
filz.puk.ro
easyuspayday.com
nadorite.wop.ro
sdok.k3y3.net
yanbal.com
www.woyaojiankangjianfei.com
ophtalmo.puk.ro
downloadmediafiremoviez.blogspot.com
bangedmoms.net
koctuk.ru
www.sypt.cn
infokop.net
kinoplex.com.br
ambranet.de
mwdd.com.ar
canefields.puk.ro
oii.xfree.hu
bookmarkinglab.info
radioklara.org
chaos-control.net
huizhou.bgo.cn
xwt-forums.net
www.yahoo.co.kr
midcurrent.com
kunstinzicht.nl
tropicalsky.co.uk
protomyo.wop.ro
reconstitutions.valutafo.euwww.wop.ro
aupul.com
greenerprinter.com
www.500007.com
infoski.pl
www.qiangren.org
ofroverb.freeforums.org
heroeswow.info
link.zhan76.com
kaplans.se
sacbo.it
falsburgers.biz
www.135cf.com
hild.wop.ro
gzjs.gov.cn
stald.puk.ro
keibun.wop.ro
musicenta.seesaa.net
01hrjiangsu.com
koolkelder.puk.ro
athoic.wop.ro
koujimac.puk.ro
nestle.cl
tecmotor.fr
bzzpxx.78.cn
moneyzone.info
ospedaleuniverona.it
gulpin.wop.ro
49wz.com
imeet.com
emmerson112.hyves.nl
hylle.puk.ro
dverg.puk.ro
dina.ee
sciomant.puk.ro
onbaatzu.puk.ro
it.cqe.cn
tqhlw.1168.tv
12fbs.com
www.shxiaoleng.com
trouwgel.wop.ro
rekibun.or.jp
aftnet.be
jogosdopicapau.org
batcafe.com
bieg-piastow.pl
chiping.net
soleyn.puk.ro
drukarniaspeed.pl
buildmyrankdiscount.com
osaka-f.net
www.hushihui.com
oceanspace.tk
2xfun.de
www.chinahollands.com
www.360away.com
www.duyn.nl
charita.cz
abguss.puk.ro
rrnba.com
revfnbykjs.typepad.com
gicpic.cn
fameproducts.com
www.gevma.nl
kphb.56dvd.net
ciit-isb.edu.pk
rme.hu
drunkchix.com
dipalermo.it
tosio.wop.ro
ideefesta.it
gmanews.tv
gedaante.puk.ro
hq.jiaodong.net
www.223443.com
agencjagazeta.pl
vbulletin.com
www.shinsei.net.cn
tbxuexi.com
unnes.info
webdengy.kz
jinxiaqingsu.1168.tv
suww.nfdy.net
bsmithsunionstation.3ia.info
yn.273.cn
afbekt.wop.ro
wow-petopia.com
www.3mb.nl
5ekk.com
tu11.com
www.tssgyy.com
cretaforce.gr
yourwebsitevalue.net
www.hwds888.com
8count.ca
aoc.fm
cezar92.wrzuta.pl
fqsm.nfdy.net
xvx.cc
cfda.hk
www.jinpinyuan.net
the-helix.com
whdkgycoo.freeblog.hu
18vip.net
miamiinktattoodesigns.com
sundesign.co.jp
articledashboard.info
pankadj-944.hyves.nl
netstel.pl
progamers.pl
www.jtljx.cn
astuces-se7ven.com
www.be2.cz
www.997bb.com
techung.com
parentingteenagers.info
www.cnshicai.net
kjoller.eu
opencapitalist.org
oneosaka.jp
o-d-k.net
www.lxncp.com
filmstreamingonline.net
ywwyh.com
www.hert.nl
loveyoga.at
siamtopup.com
kmindex.ru
rivierasun.net
www.799.com.cn
a4ph.qiwen5.com
rapidstoday.com
sittes.hu
scritte-glitterate.it
yilanbnb.tw
hipfa2.com
mixle.cz
incube.ch
tutorblitz.com
prijszoeken.nl
www.126egou.com
propertyfeast.com
repley.net
www.ydjd.net
www.suza.hr
porntubepromo.com
life-mp3.ru
tiempodevictoria.com.ar
yiqingyuan.com
mobilemarketing.inet.vn
www.hzjzl120.com
reactgear.com
szming83.cn.alibaba.com
www.nedubbs.cn
haowang.cc
www.ytsjg.net
www.sjfc.org.cn
amanti.biz
www.zhenshengshibfq.com
ombouw-wii.nl
urexsoft.com
inryou.wop.ro
javplus.com
mskj.net
warensortiment.de
3.cn.nf
yhair.taobao.com
koetst.wop.ro
harlequiniberica.com
www.quba8.com
qqsong.com|www.shbz.com.cn|foop.tk|nyny.wop.ro|vest.nfdy.net|wwcikvizm.freeblog.hu|www.net-china.net|tlcnevjjt.blog.mongenie.com|ecalelite.com|teishu.wop.ro|edh-ev.de|weitersc.puk.ro|kyanion.puk.ro|suzhou.51chudui.com|malac.linkekneked.hu|www.ok9080.com|pogodba.net|mossig.wop.ro|doctrinaux.puk.ro|zjzkbzjxyxgs.wenju.biz|shoushi001.com|www.shuo5200.com|www.dakeyi.net|zknw.nfdy.net|winemax.org|ypbb.nfdy.net|cyzm.nfdy.net|uvum.nfdy.net|www.essiw.com|883v.k3y3.net|mksn.nfdy.net|www.hnxinke.com.cn|tjfr.nfdy.net|www.ura-akiba.jp|1vagonka.ru|kamila69.a-liveprivates.com|www.808ys.com|boxer-vom-schatzkaestlein.de|luenk.wop.ro|coi0.nfdy.net|gsus.nfdy.net|www.gz-baiyou.com|675t.nfdy.net|news.gpxz.com|www.xunweicn.com|i8ic.lizhidy.net|iwenthungry.org|www.59cn.org|malier.wop.ro|ryuk.265link.com|itaru.wop.ro|cglm.nfdy.net|mkxp.nfdy.net|8923.nfdy.net|argaya.wop.ro|www.hdjiaoyuxinxi.com|www.zgc.gov.cn|www.lanfc.com|fotofrog.net|chrissiecool.deviantart.com|clps.nfdy.net|my-led.cn|www.bizun.net|osyaku.wop.ro|www.07qccg.com|www.rawan.in|nbxhkj.com|www.21shhr.com|qlmrc.net|0pzo.k3y3.net|eizr.nfdy.net|www.zdor.cn|icamtech.net|ilpg.k3y3.net|nvsv.nfdy.net|you.xiaoyoyo.com|rendu.wop.ro|www.dd378.com|aw60sdf.seesaa.net|kj6o.210000.org|6h1122.us|1818kj.com|tsmn.nfdy.net|www.zgjiageng.com|java-admin.iteye.com|octuor.wop.ro|hflz.nfdy.net|ykdljrbnai.blog.mongenie.com|www.iqio.org|kzoufdfkol.hexat.com|spueren.puk.ro|www.yjlfy.com|rffa.org|www.hongfuyuan.com.cn|wvryddzcth.blog.mongenie.com|e379.net|yu2.net.cn|fehg49.deviantart.com|orlate.wop.ro
furtgo.at
10-sec-to-draw-a-gun.deviantart.com
mgweib.1168.tv
sns.wmw.cn
mondane.wop.ro
sonnenkraft.com
yktj.yzz.cn
c.gouwuluo.com
59igp.com
lorinix.net
ekr13.info
wng.ch
kima.lt
bbs.xiaoshou.cn
opennet.se
stawiamnazdrowie.com.pl
completeocarro.com.br
museumcenter.az
www.hcmr.gr
www.debruijnhaarmode.nl
www.zerobarvy.cz
www.2tof.4f9.org
www.zsq11.com
cycy.cc
locata.org.uk
tckk.210000.org
hclaney.flog.pl
shopbot.co.za
de-marca.ro
venyoo.de
www.11ddmm.com
bbs.88mz.com
clarksons.net
bookingdom.com
shop34283080.taobao.com
manganews.jp
gardengrass.fr
game2.cn
www.bwtiles.cn
www.pp597.co
slide.eladies.sina.com.cn
grant-thornton.co.uk
ether.es
maritima.info
www.nnn62.com
vivaxis.com
sitebuilder-fx.com
s.fyme.cn
cwi.pl
xoom.it
duffy.wop.ro
tophipno.hu
hotel.mezokovesd.szallas.istenhozta.hu
myhealthdirectory.com
www.fondazionebmlucca.it
loansettlementz.info
eafit.edu.co
www.housing.ucr.edu
handsetmurah.com
engine-trade.com
misha-collins.net
www.9wbb.com
gainiantuan.com
arw.ro
rufv-steinfeld-muehlen.de
naptarak.com
digital-dictators.de
dred21.flog.pl
jurnal.md
ep-infonet.de
tainamor.ru
collavol.com
jelai.wop.ro
utsnyc.edu
2yzav.info
guihuaxiang.com
crawleyandporter.com
key103.co.uk
iroonimarket.ir
pestjobs.hu
www.hzcw120.com
www.chinaynk.com
www.xshpjy.com|www.ntkd-hk.com|kent-engineers.com|bwf-firmenverzeichnis.de|www.chinshiro.com|swiatplytek.pl|radabg.com|opium.se|www.nczfgjj.com|www.vprol.com|www.haogongju.net|stfusion.com|www.365shhr.com|www.lmmw365.net|www.tuyuetong.com|www.sjhfs.com|fastinfodomain.com|www.chuigejahu.com|www.showweb.cn|trailerparknetwork.com|www.babaw.com|www.17755.info|www.zhongguo315.com|www.szaaa.com|www.qg-knives.com|shfa.org|saveonconference.com|ciamariamalibran.com|nzep.nfdy.net|www.tianwing.com|zhidao.huarenblog.com|teensy.wop.ro|www.essiw.com|www.softku.net|dynaprint.be|accettare.puk.ro|ghost-hunting-center.com|copdregionalnetwork.org|www.jinhuisj.com|earkansaswebdesign.com|www.baimao.com|coupehyundai.co.uk|royalbluekennel.com|attorneys-for-traffic-tickets.blog.hr|wvryddzcth.blog.mongenie.com|www.qudadu.com|www.gpxz.com|www.zzcxw.com|www.gupuw.com|tekiralabalik.com|www.yct8.info|burlesquercise.ca|www.nxcsj.com|mahawks.com|simplybeautifulreflections.com|tidend.wop.ro|carglimpse.com|www.8898575.com|adminunion.com|www.paobu123.com|helong.wop.ro|toddmead.com|www.shszc.com
motorhomeclassifieds.com
sriramraj.com
dtbmail.com
tahacd.com
life.zgnt.net
hopkinsmedicine.org
mihata.puk.ro
wo.zhuxianll.com
on-mag.fr
radiofama.com.pl
livingenergysecrets.com
gd.273.cn
ksu.pl
yyes.qiwen5.com
www.84sese.com
pan-portal.info
slovakia-travelguide.info
www.tzsdl.org
www.polimex.cz
diemdaihoc.com
liyulong.net
1388gf.com
ye128.cn
graffica.info
www.aic666.com
0nlinenewspaper.co.uk
asian-gallery.co.uk
www.cio5.com
codear.puk.ro
www.adjol.com
budoxperten.dk
ipay.nl
sitedata.info
mysitefeed.com
zbuyer.com
joycode.com
fsmlabs.com
tolerancy.wop.ro
a.9game.cn
sia.go.jp
tellabs.com
fezpeanut.tumblr.com
inetsoftware.de
oraur.us
p1u6.k3y3.net
www.xiaosege1.org
tu.xiuna.com
cfo.cio.bg
yuelu.gov.cn
starringwebsites.info
stearman.us
www.hongfeng.co
feestdagen-nederland.nl
virens.net
www.szepagynemu.hu
mob.cx
www.99.selang.com
volgograd-trv.ru
bestfreewebservices.com
www.taobao.om
openpanel.com
mashhadsara.com
bestusabookmarking.info
www.quansude.com
sunhope.co.id
filtragg.puk.ro
heersen.puk.ro
middlekingdomlife.com
georgiasalpa.ie
myip.net
zhwz.info
iglesiadesancarlos.cl
www.t5177.com
novarider.com
fabiola.soup.io
talkreviews.es
voievodate.ro
zjky.210000.org
anova.tv
passion.pl
quiz.msn.de
dogpornmovies.info
jrpage.net
www.marrynews.com
nlio.nfdy.net
doujin.chii.in
afm-telethon.fr
urbanoutfitters.fr
www.dvdmv.com
offixsolutions.com
www.eyan.tk
www.rgoil.com
mcleainsbulldogges.com
codebox.es
jinshanguoji.3456.tv
sherlockmobilehomes.com
divasbydesign.co.za
celebcosmeticsurgery.com
triumphantevents.co.uk
chachala.com
mathi.ru
articleforsubmission.com
moo.blip.pl
7899g.co.cc
51bty3.jumpingcrab.com
7days.ae
belte.wop.ro
www.press9.gr.jp
www.apple1314.com
maritime-executive.com
topots.ch
efngif.com
advert-book.de
scamdetector.info
folk.wop.ro
sanmartin.com.co
www.jxlyzc.com
vkjr.210000.org
adultspace.co.nz
logo-planet.de
www.xingshang8.com
subaru.de
jiankang.laopo.cn
invorderingsbedrijf.nl
www.5917me.com
chinpo.me
kasja.pinger.pl
presubst.wop.ro
news.money.pl
residence-shibuheya.com
awbis.ru
quequi.com.mx
postepayfun.it
aluino.puk.ro
hillsong.co.uk
zodiaconline.com
nbrs.com
jxf.mf968.net
khole.wop.ro
blacksheepsound.ro
bootjack.wop.ro
whatareunlockedgsmph.3ji.info
kevinspencer.org
www.xxx59.com
pci.nic.in
molon.de
mrsjw.cn
coloradodirectory.us
catch-fashion.eu
anai.org.ua
gresbuis.wop.ro
webmasterparadies.de
teatrbilet.ru
indiatraveltours.com
abgefass.puk.ro
autobagchina.com
gsme.co.kr
www.jieyan360.com
shop66819353.taobao.com
belyegek.hu
www.m-ce.pl
dafabeiyongwangzhi.info
join.straightboysjerkoff.com
lepetitjuriste.fr
richardcastera.com
grupo.wop.ro
17986.taobao.com
hiphopkemp.de
u-hits.com
appsoweek.ru
tehanu.cba.pl
www.corus.nl
tenkaizy.wop.ro
home.buduo.cn
vodahost.net
commodoreusa.net
lzuu.lt
kp.ua
alexa.bj.cn
gzpgj.com
blocklay.wop.ro
comuf.com
brilloldies.com
bbs.sgchinese.net
fbfl.us
wrongfuldeathattorneyz.info
przyroda.org
hzrb.cn
sturgeon.wop.ro
66bb.com
twig-design.co.uk
officeholdings.co.uk
savemarriagecentral.com
enviers.wop.ro
www.ftbxzp.cn
quote.fm
szlumpf.pinger.pl
viva-woman.ru
filehold.com
www.sicher-einkaufen.at
bookrack.in
randell.ph
ritimo.info
waspsolutions.mobi
stonebuy.us