beaut.ie
careers.compass-group.com.au
coffeelibre.kr
aleph-dach.ch
spir.cz
webkits.com.br
www.vietbambootravel.com.vn
shokansh.knept.sperperati.wwwwww.wop.ro
benefits.gov
newsdroid.at
fortelle.no
moinholounge.com.br
fnaim.fr
vigd.puk.ro
tribemarine.it
www.sls.fi
traveldifferent.it
joomlack.fr.nf
pmoblog.kr
sqgl.nfdy.net
plus500.pt
bhms.ch
kellari.ws
gamesurf.it
laptop.vn
ukdirectory.com.ar
bestcars.com.ua
tqhlw.1168.tv
fourdegrees2011.com.au
medebroeders.puk.ro
dohc.ie
lane.no
www.binhphuoc.edu.vn
sjdhz.tk
mecus.es
nmit.ac.nz
cancan.ro
caspi.az
cadutacapellistop.it
cassa.org.au
cassini.ro
iweb.net.vn
cast.cau.edu.cn
castles.co
castlevalleyoutdoorsgallery.com
faf.dz
casualcorps.com
catalin.vinul.ro
taas.or.tz
schneider-electric.cn
consorcioluiza.com.br
thewomaninthefifthfullmovie.blogspot.dk
monark.tur.br
abelonian.fets.mambi.euwww.wop.ro
www.noho.ro
catalogio.sk
cataloguer.software.informer.com
mentors.ie
cfo.cio.bg
cfohkvra.blog.mongenie.com
chi-de.com
chiapas.puk.ro
ratondownload.com.br
chiari.co.uk
chibi-uchiha4.deviantart.com
childrensclothingsit.7s4.info
chiledoc.cl
chiluorenxing.com
china.eb80.com
registry.eu
tu-webbusiness.co.uk
iteach.kz
chiangmainews.co.th
dequeva.es
culosardientes.com.ar
thegodfatherfullmovie.blogspot.co.at
scooterx.biz
ragnhild.bloghog.no
apek.cz
holidaytours.in.th
gruppolen.it
relax.ir
seriousgames.dk
abcportage.fr
quotidianopiemontese.it
fmu.ir
assist247.co.za
caws.ws
cynet.com.my
la-provenza.es
killerdeals.co.za
diro.ws
trf3.jus.br
sesukaku.tk
yksb.56dvd.net
knowledge-management-tools.net
cleankult.eu
westminster.co.us
html-to-pdf.net
profumo-clic.it
www.iesl.lk
planetpoodle.eu
tbd.my
bibliata.tv
tachhydr.renewer.wwwwww.wop.ro
phpfusion-mods.net
mobilewebsite.pro
mo-mama.org.ua
spezzerai.kersenti.caneyville.wwwwww.wop.ro
contave.com.br
lasemainedansleboulonnais.fr
www.kcfa.co
homemation.co.za
nawebu.cz
gardendirectory.com.ar
farsnevis.ir
cjh.cz
bt.es
intelligence.sh
impersonal.me
gayhunks.co
2012.com.pa
aclys.wop.ro
steinerhans.ch
omsk.en.cx
fan-forum.ch
linda.com.pt
lapmangfpt.biz
corsa-club.net
donbosco-torino.it
flashpromotions.biz
clubkings.eu
catwalkqueen.tv
rooms.kiev.ua
mc-larsen.dk
fmach.it
mfanny.art.br
quikr.pk
miramagia.us
klikvind.dk
tremer.wwwwww.wop.ro
uastf11.ac.ir
www.studyabroad.ttu.edu
iomoss.dk
cpa3y.net
sbv.gov.vn
nc-directory.com.ar
knx.ind.br
toyokazu.puk.ro
pemadam.org.my
bobo.474pp.net
ecoflame.cz
contentmarketing.dk
rehalab.eu
fanzin.clubsf.ro
91porn.na.tl
uetu.reexperiences.wwwwww.wop.ro
pzhgp-kluczbork.cal.pl
appropriating.babue.wwwwww.wop.ro
1069ba.com
deveinin.wwwwww.wop.ro
dracik.sk
dienlanhtheviet.com.vn
hamara.ir
download-carly-rae-jepsen-ringtones.blogspot.cz
deco3000.eu
gartic.uol.com.br
fujifilm.com.mx
ccp.is
aktivtraening.dk
the-exorcist-full-movie.blogspot.co.at
uconn.edu
partydepot.com.mx
17bits.cl
uthm.edu.my
mblog.biz
izgledaivideo.eu
www.apro.lt
ciblexo.fr
lojadoprazer.com.br
purecash.co.il
vlogerzy.pl
vitaherb.no
zakath.soup.io
www.az.gov
kintek.com.au
etravel.ch
school-portal.co.uk
informatyczny.eu
healthinn.me
renetamusic.cz
vccinews.vn
kvitka.ua
watch-wall-e-online.blogspot.dk
www.lfr.nl
aol.com.co
www.asiabooking.com.vn
mailerlite.fr
swissparks.ch
charita.cz
uncfsu.edu
neste.fi
www.pvp.it
arcenal.com.ua
narkom.su
czestochowa.us
www.muftyat.kz
cardif.fr
khda.gov.ae
warnet.ws
www.schwazer.it
qensio-panel.biz
comune.napoli.it
jn.bwxx.net
cebyp.1168.tv
rhdesign.no
ngu.vn
www.mikep.at
artisteerhelp.fr
the-v.net
caroleharris.co.za
logout.do
siriuscanada.ca
redpages.ph
www.cdon.eu
eyeblinks.ie
www.geras.at
pagan-magic.co.uk
www.jparker.co
homes.bg
only-apartments.fr
www.perennial-plant.com.cn
www.crystaledu.hk
bitcoinz.com.ar
k12.mo.us
pass-wolf.net
bambini-intelligenti.it
key103.co.uk
epigraf.su
n-ble.net
geithold.no
heamang.net
eximtours.cz
professionearchitetto.it
twipper.tk
lubevolley.it
u3d.as
mulherdeclasse.com.br
macombcountymi.gov
www.digineff.cz
cucharasbravas.com.pe
freeporn.to
ipcjser.tk
dusha-loca.co.il
www.wapnet.tk
heatherly.soup.io
san-pablo.com.ar
vacation-destinations.net
presse-net.fr
www.0575.me
dorset-college.ie
110book.ir
boligfif.dk
kaikinsh.mountsinai.traghetti.alterata.wwwwww.wop.ro
puroartejoyas.com.ar
flc.vn
mochinig.wwwwww.wop.ro
francais-du-monde.org
sermonettino.drejeskive.wwwwww.wop.ro
www.ballpod.de
papelariapaula.com.br
afsop.geograaf.smoker.wwwwww.wop.ro
independent.co.ug
alacourt.gov
cafulcurasc.com.ar
fecomercio.com.br
zioale.it
racingclub.com.ar
kino-dom.tv
www.bassdrop.ca
www.amur.ro
agromat.ua
icisleri.gov.tr
www.icn.bg
dtv.gov
the-west.com.pt
oprichte.verweichlichte.pfieffer.eekhoorns.wwwwww.wop.ro
imagenesamor.com.ar
delur.tv
blog.al
to-rome-with-love-full-movie.blogspot.ie
vespucionorte.cl
lolislove.us
trans-ferro.co
fnb.co.za
nettserier.no
gettyimages.at
pesquisa.gov.pt
riserve.wop.ro
irc.org.tr
cobatab.edu.mx
1blog1jour.fr
alio.lt
www.black-granite.cn
propintelectual.com.br
petitlien.fr
bcochem.co.kr
thebestexoticmarigoldhotelfullmovie.blogspot.gr
www.inmsol.es
coocha.co.kr
limerickleader.ie
uss-victorious.net
www.florimed.si
www.089945.com.tw
debaj.ca
modele-de-lucrari-de-licenta.portalio.ro
itour.com.ua
mobo.ir
rfnc.ro
www.italiansdoitbetter.it
dealfish.co.ug
dineropornavegar.es
beautynet.co.kr
newfiesoups.ca
filmz.cz
taaze.tw
sexe4.org
manuales.co
erfolg-reich.org
fr-minecraft.net
sorry.so
sso.go.th
nxk.91.cn
upluslte.co.kr
itapemirimcorp.com.br
jedenbod.cz
xn--topf-hpfer-feb.ch
www.centralweb.fr
tensormedical.com.br
portaltyller.com.br
imperyusgames.com.br
summerslam2009live.blogspot.fr
ro.bab.la
gailrodgers.ca
patrouilleren.spedireste.gazel.wwwwww.wop.ro
maja85.blogger.ba
www.history.ca
lifein.hk
mirabab.fr
cjdout.kr
roislandco.no
www.romfilmpromotion.ro
myface.com.nu
eulerhermes.fr
lcc.com.vn
bilgievi.gen.tr
valenciabusiness.es
video-tion.net
clubepe.fm
neo.com.tw
editionbook.co.kr
chachala.com
vocehost.com.br
explorando.com.br
hk.88db.co
viaggindia.it
marseille.tv
norman.no
superdeals.my
mdu.edu.tw
mohe.gov.sa
ali-aba.org
roadrunner.vgb.no
blog.adelie.dk
noli.fr
proteingainer.sk
artediez.es
luxuo.it
izmir.bel.tr
www.mlpk11.tk
bfh.ch
nationallottery.co.za
teliadev.gr
886879.com
people-press.org
www.levente.nl
hipshop2.tk
8373.vgb.no
hk.st
tapanki.r.gd
rokuro.nu
guide-book.org
kampene.knuttels.wwwwww.wop.ro
assinesky.tv
bunt-reisen.at
etoilediese.fr
rupostel.sk
automobiliai.biz
netpeak.ua
tripplanner.travel
66hk.us
darmowy-kurs-pozycjonowania.pl
e-articles.net
loveyoga.at
verkaufen-im-internet.eu
dgp.gd
tokobasi.puk.ro
www.xalysc-ly.com
www.pivofest.cz
reborn.cz
kcif.or.kr
www.kuressaare.ee
dsi.gov.tr
nexxt-change.org
perrosperdidos.es
www.b-ok.nl
dreamsite.me
e-conomic.se
loovle.it
pinnacle.co.za
isladelburguillo.es
gol.hr
webmasterforums.ie
bee.ir
emule-pt.net
bitefight.com.pt
www.hifonics.cz
oreignin.puk.ro
iranmicro.ir
lear.hk
www.tulipmedia.cz
vedaprezivot.sk
xz8.me
seniorweb.fr
mugamradio.az
foragoodtimecallfullmovie.blogspot.com.es
drossos.eu
nandos.co.za
telovashe.kz
oetv.at
direct-energie.tv
kcf.cz
urex.co.il
bdu.me
lavoronelturismo.it
protesto.com.br
ccftn.com
wiki.rvp.cz
formulaf1.es
sferikos.gr
scamsa.co.za
kmphotos.ca
gzbqgs.net
jan-baz.ir
viu.ca
enterprise-concept.net
alweb.ch
findsomeone.co.nz
free-web-templates.biz
g07.ndw1.us
hitmidia.com.br
www.csll.ro
dy.2p2p.us
fieldy.mobi
www.xiasha.asia
turikichi.biz
aladdin-kociky.sk
www.116.la
bosch-career.it
gzsyddqkgc.wenju.biz
content.edu.tw
www.polimex.cz
www.b.dk
selige.fr
softpedia.ro
colegiowaldorfcali.edu.co
confinvest.it
anosefe.joj.sk
asp.net.tr
bloomex.ca
olmt.wop.ro
niswan.co.il
livepoker.fr
www.4-6.com.cn
stief85.sin.khk.be
stv.com.tr
cinemagic.dk
gxfb.210000.org
elperiodico.cat
mutable-instruments.net
6y.nuc.edu.cn
konicaminolta.fr
caikoo.net
bjxdqlddcyxgs.diandongche.biz
grancacique.com.ve