plantes-et-sante.fr
timewe.net
soap-japan.com
www.yinmin.info
convexiconindia.com
www.925.org
wap-2-go.com
science360.gov
cs.zgfj.cn
www.jxgmw.com
mustafaozsimseklerhoca.com
mixedcase.puk.ro
sigmafotbal.cz
agcacademy.com
sunnylaw.fyfz.cn
mccurdy.puk.ro
www.yfdry.cn
babymakingmachine.blogspot.com
virologi.info
olympia.nl
dhrosfin.org.pl
consultancy.nl
speedrewards.com
vanvalasztasod.blog.hu
sparkasse-ulm.de
www.gayhk.com
www.ufolabel.tv
www.yuanhuakeji.cn
kuntal.org
b4xb.qiwen5.com
ingyenmail.lap.hu
publico.pt
wakeuplater.com
cq.goodcar.cn
www.exiaoshuo.com
bookmarkworld.org
electrostudio.gr
salontais.pl
sqix.nfdy.net
welljx.com
jordanrudess.com
competet.puk.ro
jz.xyzx.cn
kelter.wop.ro
rita.wop.ro
maatje.wop.ro
www.tg531.com
mkbs.nfdy.net
vestir.eu
cjg.gazeta.pl
comobajarlatensionalta.com
gamesmeister.com
shenyang.baixing.com
sa-mp.nl
jjsem.com
98w.com
hshp415043.f31.net
northdakota.jobs
fjzuhikel.blogger.hu
dfh8.cc
ggweather.com
tubesexe2.info
rruss.net
domainerlounge.de
cccbbb.cn
sokurou.puk.ro
kreditklick.com
www.chsh.net
www.tryfilm.net
quirkilicious.deviantart.com
siriusweb.com.br
forum.xda-developers.com
hbzbw.wap.wisetong.com
fakka.puk.ro
fute.puk.ro
cooling.pl
clubhipotecario.com.mx
miaozuzhenggt.1168.tv
megamoneyemails.com
tirtaude.freeblog.hu
elm.com.sa
facefactory.info
tourismnewzealand.com
matematikbanken.dk
80renti.com
kytucxa.net
www.yihushixi.com
babelmondo.it
www.cen.hu
foroactivo.info
blancreme.com
good-pligg.net
ttfall.us
parishepiscopal.org
zz.96com.cn
wirelessnminipci.7kt.info
66h88.cc
www.170tk.com
przk.pl
5088888.com
winthrop.edu
wolfing.wop.ro
pinetum.wop.ro
thehappymedic.com
awbis.ru
alphainventions.com
arba-riders.com
rafaleq.blip.pl
3m-3m.net
jobchase.info
24on.pl
leah-k.jp
makeup.com
saudi-acc.com
www.sdricher.com
macfarlanepackaging.com
chistes-cortos.info
jigme.puk.ro
highzen.org
voltigeerde.wop.ro
3gsm.info
umbrahosting.com
www.gzweimeijia.net
bgp.he.net
lokoz.info
www.xiuzhan.net
regenthotels.com
www.alexandru-grumaz.ro
dam24.de
interreligiousdialogue.info
se.567qsw.com
freequalitybacklinks.info
addurlnow.info
gtdh.cc
grandiraient.puk.ro
nkca.210000.org
icpdas.com
homecompany.de
lusago.frondage.klocek.loquet.wwwwww.wop.ro
meteo24.de
hmz.cn
hachinohe-cb.jp
kikaninchen.de
ligatech-webservices.net
mfv-marbach.ch
axons.puk.ro
katalog-tvp.pl
www.hotelpraid.ro
sap.lap.hu
urlzy.com
kenakamatsu.tumblr.com
momi.digart.pl
bbs.rznews.cn
worktopfactory.co.uk
www.7p.com.cn
hecata.dk
utdeler.puk.ro
stqlfhjpco.blogdetik.com
cinemastore.pl
iploiesti.ro
humyai35.info
bramma.wop.ro
ycrcw.js.cn
news.bbc.co.uk
awesometits.tumblr.com
198.wo88.in
cwcm.com.tw
3tn.ru
hsc.9998.tv
scissorvixens.com
publishr.de
opio.cn
adepem.com
www.arkada.cz
indigitalworks.com
quickbr.cn
submergedshooters.com
9090.ws
www.kanpic.com
www.kuangweishop.com
jijimon.jp
panamalove.com
blog.ropross.net
adultcity.to
learning-webs.org
rapidgator.net
www.steinhoefel.de
vedur.blox.pl
articles-pack.com
pacificislandersclub.com
backienxuong.net
5dzp.cn
muzycznie.wek.pl
libalun.info
www.guanli13.com
www.dy008.com
www.djtu.edu.cn
groupbuyingcanada.com
xifu888.com
www.799.com.cn
ez-bizquickcash.com
math.co
cd.ya-k.com
nukumi.wop.ro
zapto.org
www.maksz.hu
com.be
vdpost.com
kko.pinger.pl
manafu.ro
230xzg.com
instylemode.com
meblenet.pl
shyongjia.com.cn
028qglp.com
kinhtevadubao.vn
www.njhuale.cn
xxcars.com
foottherapy.jp
www.755s.cn
voa.com
austrium.puk.ro
www.galeriasd.pl
www.hv51.com
souris.digart.pl
blackseek.info
vaartuig.wop.ro
beijing.ha168.net
aycz.nfdy.net
hoppe.blog.so-net.ne.jp
furong78.com
sosyalbilgiler.info
watchusgrow.org
www.xsepb.gov.cn
ragaillardisse.wop.ro
gamekapocs.hu
lightarticles.info
groparu.ro
eoqo.265link.com
legssexystockings.com
ad.moinhat.info
bmscentral.com
www.flower.fj.cn
webregister.eu
wasteprousa.com
www.chinamoad.com
innovadex.com
lxvoip.net
rencontrefrancaise.com
wattechweb.ca
client.cncmax.cn
lynkz.de
1331.tk
jousetuc.puk.ro
www.hfbj88.cn
www.aptc.cn
webdeti.net
bouma.org
retrocrush.com
roudousha.net
kemari.puk.ro
chl-live.at
whocallme.info
besttheplace.com
www.yb993684574.com
dolphinblue.com
www.7g2.net
ivan-ta.de
sturgeon.wop.ro
www.ylhw.gov.cn
volvo-occasion.fr
madrescalientes.com.ar
aqwo.nfdy.net
gb5j.210000.org
wiki.co
bxgold.com
www.animalsexdb.nl
www.alipage.net
ag53.de
guisubfaca.multiply.com
www.0769dlms.com
boatharbour.biz
am.gov.lv
522sese.com
novinkionlain.ru
bbs.51kaoshi.cn
devandicha.wop.ro
junhuili.com
justshareit.com
www.zuojia.net.cn
jiazhanghui.com.cn
impk.net
lyricscraze.com
amthucviet.info
www.outlook.pl
cheer-ann.taobao.com
www.jilinzwz.com
plitrabka.bloguez.com
cccv.cn
xwt-forums.net
extraessential.wop.ro
ammm.digart.pl
www.5201.cc
bezwaard.puk.ro
hoing.net
djeansonline.com
www.0991led.com
www.livespace.com.cn
azhostinq.info
newmusicpromotions.com
awolg.pl
deniru.wop.ro
yume-maru.jp
seobomb.ru
bezegele.wop.ro
colocation.fr
hello100good.taobao.com
safetyissues.com
royalty.ro
golf-gift-ideas.co
mywink.info
proassist.blip.pl
www.hebsande.com
fabw.ro
go-learning.org
womenonbusiness.com
chatmania.ch
hshewl.com
worldofrealestatesite.com
www.tyhw.net
yw99.cn
mygalileo.de
bycv.265link.com
73366.net
lo8s.com
stylishfetish.com
haiton.wop.ro
markasemnonia.de
wassalbert.lap.hu
simonehandbagmuseum.co.kr
ubdt.210000.org
www.dnevnik.bg
thepresentclub.co.uk
hked.nfdy.net
www.tsmjmm.com
bookmarkerportal.com
3rin.net
www.bighouse365.com
www.insecure.org
www.cdaist.cn
linkmac.info
www.unsese.com
eikx.210000.org
contra.fad3.net
www.unifycall.com
www.negitaku.org
jixie.jiancai.com
169zy.com
cssrocket.com
tibet81.cn
dosugcz.biz
jlgjw.com
web.jet.es
vitanova.eu.sk
juristas.com.br
13165432555a.11.host48.net
bullerosdemurcia.blogspot.com
stockinganal.com
ven2.sakura.ne.jp
nadr.cn
news2.7m.cn
mysite.im
www.afs.cz
ww-914w75.tumblr.com
www.akibaos.com
expressleech.com
turgescency.puk.ro
0paf.210000.org
www.bbmm.cc
illicotravel.com
kj.533q.com
www.ea-spring.com
mobile.mapbar.com
stockmarketwire.com
justyy.com
otiz.pl
nepg.qiwen5.com
www.kdwl888.com
heifawangwfw.1168.tv
frutella.digart.pl
1025458.b2b.qx100.com
ageofpeder.dk
kzoufdfkol.hexat.com
ismywebsite.com
whitedominated.puk.ro
poesia.es
mygymchina.com
bacove.wop.ro
heo.fr
unchi.co.uk
www.dg8989.com
www.52kzh.com
spreelichter.info
ikutv.info
kredite-web.info
calis.nju.edu.cn
promocity.eu
fullfat-fs.co.uk
radiodjs.net
www.bfb.az
wesz.nfdy.net
senioren-residenz-davao.info
3wpharm.com
www.nangen190.com
www.tsxdnk.com
lmdy.in
eetcafedeoptimist.nl
kiba.wop.ro
authorhouse.co.uk
bitfarm.co.za
littlesaint.ca
eikos.fr
hidecube.info
gagnon.wop.ro
nod32us.mihanblog.com
39910.com
yute.wop.ro
ozonated.info
mtgotraders.com
life-x.jp
sweetteen.naganoblog.jp
wakeup.pdg.pl
betandgames.net
vdkx.210000.org
kas8.digart.pl
12609.h-x.cn
solerider.com
changshu.focus.cn
b.8x5x.com
lvm.fi
srs.gs
weilei11599.blog.163.com
9999love.com
ml.5ay.com
articlewritershub.info
jikaiiko.puk.ro
android-galaxy.info
www.4kong.com
simswiki.info
schwarzen.puk.ro
cdyy.cn
thefutureofthenhs.com
muurahaiset.net
eseylanet.com
hume.ufm.edu
heinsohn.wop.ro
designxsdirectory.com
www.obon.com.cn
pilar.digart.pl
soycesues.com
sieuthimuachung.com
moostik.net
kimowota.net
orkdalhundepensjonat.no
santhu.co.in
6ccp.com
www.serun.net
www.fema.com.cn
homocere.wop.ro
zaip.info
yumi-ssa.blog.so-net.ne.jp
feizhouvl.1168.tv
team-5star.com
hirlevelszoftver.lap.hu
yymd.nfdy.net
eloproject.com
pornfame.info
brasted.co.uk
burirockclub.com
seven-soft.org
krak.tv
swine-flu-vaccine.info
spunked.eu
babyoutlet.hu
e-piotripawel.pl
ratondownload.com.br
niedo.com
www.djsava.ro
talia.pinger.pl
hljjj.gov.cn
www.maykhoan.org
katrina.puk.ro
yulu.info
hongwenedu.cn
ifse.de
31dc.com
search-logs.com