feedbackforum.info
www.cestap.eu
skifer.wop.ro
www.rcl.cz
www.tophospitality.ro
encode.pl
www.2012yyy.com
cl.orc.st
thehomebasedpro.info
turnen.puk.ro
hhstyle.pl
officeplayground.com
www.gzsiemenswx.com
feb17.info
ikeastampa.it
datingscripts.org
www.91dh.net
bard.blog.hr
bravehearts.net
i.damai.cn
ludhiana.nic.in
funfun.com.hk
iyuji.info
colegiocristianointegral.com
kidsgames.org
reconstitutions.valutafo.euwww.wop.ro
enhallig.wop.ro
www.emib.eu
bianjian.org
rsna.210000.org
gleneaglespethospital.com
yazikita.com
quadratwurzel.wop.ro
wizkhalifa.com
1-2-3.tv
norwexcs.com
www.tophoer.nl
bbbse.hu
www.sssyyy.com.cn
expressnist.info
sikhiwiki.org
mueblesparaesteticas.com.mx
pornoclipz.nl
radiofama.com.pl
www.buyonglani.com
apertium.org
drivingspirit.com
www.360leyi.com
gdd.ro
strandz.org
bbs.xidian.edu.cn
universalmission.com
www.mbank.net.pl
59ccc.com
cerradonoticias.com
matses.puk.ro
bookmarkme.org
crim.puk.ro
ivies.wop.ro
www.220ee.com
eingetippt.puk.ro
pixelbeat.org
qinyuan-water.com
transposh.org
zkph.210000.org
ilsamaritano.org
paoyewu.com
cs88.co.il
www.hjwsb.com
guidion.nl
pilotait.wop.ro
joydiv.org
huangpeng.com
radio4phone.com
www.189.mx
lww666.com
www.v0766.com
suntravel.com.sa
logosmarchmadness.com
mndaily.com
eegmusic.com
todofalcon.com.ar
aquinas.edu
www.ay303.com
sunlive.co.nz
abit.com.tw
chistikov.com
outchow.sino.tk
51sf.org
wxu.tuan592.com
babycard.pl
pakdirectory.net
jc.0316.cc
www.carol-f.co.jp
holywaterfoundation.com
ace.mu.nu
av-texte-sammlung.de
marcvidal.cat
www.keio.edu
xvideoz.es
socle.wop.ro
celebs.vn
www.hnlew.com
www.lyshgm.com
china188.net
supersport.al
oecon.wop.ro
www.a.de
tui-guang.net
www.gxmz.net
pszczolki.info
mexivasco.blogspot.com
599n.info
angeljewellery.info
page-view.jp
xueche.net
digartson.digart.pl
periscopeiq.com
romanorum.net
deutsche-online-casinos.info
roumon.puk.ro
ccsdruk.pl
sherylcanter.com
gxglq.net
sgalgerie.com.dz
hdbbs.com
apotheke-medikamente.info
activemind.co.cc
www.china-power.net
shop.sg0898.com
nlio.nfdy.net
triad-trading.ru
nk.wst.cn
www.xj555.net
lawebdelprogramador.com
www.tyccs.com
askactor.com
www.dzxlxj.com
qunarew.com
www.starboard.cz
www.kansebo.com
bookmarkwebonline.info
rockyouads.com
destejer.wop.ro
lajos.puk.ro
qieo.nfdy.net
voteable.info
celebritystyleandfashion.info
m1.dk
zbj1.com
focivb.lricsi.hu
trackmania-carpark.com
manipaldubai.com
mouht.wop.ro
ce-resources.com
batimatec.showguide.cn
hearingconsultantsinc.net
www.jieyan360.com
softobit.ru
bytow.pl
les.sch.gr
www.im286.cn
edus.si
precedens.art.pl
ys-a.info
desdecuba.com
paraceph.wop.ro
livetradingnews.com
www.ct138.net
22sqdy.info
malaysia-chronicle.com
indiz.wop.ro
hura04.dyndns.org
winkelprijzen.wop.ro
reima.puk.ro
griyoib.com
www.byggteknik.hbg.lth.se
www.pss-system.gov.cn
gorkori.uw.hu
wgasowski.blip.pl
cartoon.chinadaily.com.cn
igong.org
vozduh.ru
www.52chaxun.com
licicont.com
nudecelebs.ru
hd-player.net
imagenesbonitas.info
kerber.fecsegj.hu
civilica.com
xfsclan.net
ookla.com
inteliscorp.com
barcodingworks.com
www.gmachl.at
alexfeinman.com
www.kaixian.tv
lovehkfilm.com
cascada.ch
gs24.pl
nyxtobaths.blogspot.com
www.sport.ro
sphu.265link.com
crystalinks.com
eko-soft.pl
denimdebutante.com
londonlibraries.gov.uk
ikqe.qiwen5.com
fasmr.ssmb.ro
santenatureinnovation.fr
handekusuluoglu.com
asubowlingclub.com
adamieva.info
postolia.com
matomemo.net
bujet.ru
nozebra.dk
nandp.co.uk
christainsuccess.com
nsexpert.com
cosmo.com.ar
lebensfu.wop.ro
roberts.digart.pl
wpth.net
www.0396jx.com
cedim.edu.mx
stope.puk.ro
cutestar.info
digitalappreviews.com
samaa.tv
iwi997.wrzuta.pl
peaceboy.hyves.nl
herzegovina.wop.ro
www.dygod.cn
www.suvche.cn
sidneyphillips.co.uk
bbvanet.cl
americaoggi.info
vioset.com
hero.wan.360.cn
cmcommons.org
www.vobao0536.cn
www.mwif.info
jdwxs.com
www.jsweb.org
www.gequye.com
netsprint.pl
freakyshow.info
tp.58hh.info
spravki-v-drugih-stranah.zl.lv
www.odeum.lu.se
cqcounter.com
inhemsk.puk.ro
linksea.info
higg.pl
keshilliministrave.al
erratika.de
folk.wop.ro
uvmathletics.com
ummihanie.com
www.17css.com
weeklytrust.com.ng
yrho.nfdy.net
electrozon.ru
lady.56.com
mycelebrityfashion.co.uk
sitebuild.co.cc
tubeporno2.info
haemolager.ch
cdnet110.com
liiketoimintasovellus.fi
www.183yy.com
kuhbaner.de
dfh8.cc
yyjun.me
gd.273.cn
virenschutz.info
ensonaturals.com
www.npx.de
find-itonline.com
jiankangxiyi.com
tindleracing.com
bayareanewsgroup.com
taninsih.puk.ro
hyiponline.info
thebingham.co.uk
moneyzone.info
myfrontporchswing.com
merlin.org.uk
devhell.ro
www.kaixin0454.com
uchlhr.com
e-barty.it
blog.nettribe.org
tat-removal.net
schools9.com
www.31911.co
signsexpress.co.uk
3652888.com
i.try8.info
radpropaganda.org
hookclients.com
vongia.com
www.hhh47.com
jcrb.com.cn
hwbox.gr
xakepok.su
www.mercedes-benz.dealer.zhaopin.com
vn24h.vn
ktvolm.jp
pc123home.com
mmtorun.pl
ptlegenfhj.freeblog.hu
bel.com
gamedeep.jp
jibika.wop.ro
sceneryland.com
savage.fad3.net
www.cssmcb.com
gear.fad3.net
nababo.puk.ro
tylus.wop.ro
wirofe.wop.ro
drew.edu
www.7kav.org
loxx.cn
umassd.edu
sun-eyes.com
india-center.org
cityandguilds.gr
stoda.wop.ro
w26.org
midaj.digart.pl
weblove.pl
kashi.66law.cn
furasje.puk.ro
w84s.love100.us
www.shxbsw.com
mabinogiworld.com
hoteleqbal.com
lvyou.meinv.cn
sygeuyozpq.skynetblogs.be
www.56yc.com
seo-toy.de
fais.biz
hfqinye168.com
www.suliao360.net
funznlolz.com
www.meiguohf.com
han222.com
xuzhou.baixing.com
sorahane.org
on-the-lamb.com
www.tjshjy.com
www.hbenshi.gov.cn
wookz.com
takenots.wop.ro
sexbook1.info
greetingsisland.com
boba.bobazg.com
www.116.la
www.dybhxx.com
diezelfde.puk.ro
www.shikoo.com
postarticles.info
www.hziliao.com
sytt.wop.ro
virthes.digart.pl
otanew.jp
test5.r.gd
www.rikast.cz
www.de-cn.net
tnonline.com.ve
live.live8bo.net
www.wangbinseo.com
ntfhk.tk
saekularer.puk.ro
dodoshiryo-hokkaido.info
officelist.com
www.denglongku8.com
hideus.in
yuluqi.cn
www.jnhengchao.com
pouted.wop.ro
thegoodbeautyguide.com
cylm007.blog.163.com
www.6it3.com
310solutions.com
discountbinocularvision.info
www.zaboe.be
sjfeipin.b2bvip.com
sparklebox.co.uk
regalhotel.com
tripod.com
hsh.com
www.roal.cn
my-poetree.com
eselei.wop.ro
fcmtraining.info
watch-spirit-of-vengeance-full-movie.blogspot.ch
aa.is
theanorakscup.com
tswdx.com
hxdpipe.com
hbychrss.gov.cn
metroflogs.org
hangkong.xilu.com
34ppp.in
az.nl
viajeajapon.com
uebergriffen.wop.ro
sunivo.com
vojatiqiw8.htw.pl
modahombres.org
dy.33aaaa.info
tamoligado.net
lm9.9998.tv
www.3zzs.com
borda.qip.ru
www.js0523.cn
indexseo.pl
televantage.in
zagubieni.pl
www.hchjhd.org
mdsarcinc.com
mmhot.tw
transplantacija.lv
liuyi.co.cc
emm.to
www.110757.com
jyko.net
structuur.puk.ro
houseonline.be
www.olx.com.ni
bragg.wop.ro
underbev.puk.ro
123i.com.br
outart.digart.pl
bunka-s.co.jp
fun-action.at
searchinfo.in
pamlico.net
goutsu.puk.ro
sikw.210000.org
unchallengeable.puk.ro
bradwilson.typepad.com
milkboys.org
988hk.com
69g.info
gammaink.ro
bts-bmw.pl
bernardinai.lt
koelbel.de
www.pf9999.com
couponster.de
horre.puk.ro
rxpills.it
hohosoft.com
hengguang58.cn.alibaba.com
iori.hamazo.tv
dnbforum.com
jacweb.info
govd.com
elocutionists.puk.ro
lovenmarry.com
cvm.qc.ca
tmsv9.cn
kankou-hadano.org
iha.co.nl
wtgyu.com
sugarfreemom.com
liderfilm.com
fun.be
gqweb.net
probbkrtech.net
www.dasegeav.com
mdm.ua
schuro.xfree.hu
moct.gov.sy
e-atramenty.pl
acting-media.de
rueckbrodt.de
hongfa.fjyps.cn
www.98777.net
anai.org.ua
trancetream.hu
wabiworks.com
unitedyacht.com
sexclublive.info
www.cka.cz
gatesprograms.com
wnodiy.us.pn
www.hua234.com
gzhaisen.net
trovix.com
www.motul.fr
www.uuyse.com
lanway.ru
horo.tut.by
kamikazi.gr
vejret.tdc.dk
pytanko.pl
community.btbuckets.com
ilten.wop.ro
gossipqueen.nl
allmetalforums.com
ranking-spy.com
decenvirato.wop.ro
pflanzmich.de
www.jjybj.wanye68.com
semistyle.jp
leonardo.info
heefei.com
isss.ba
omote-sando.com
elitexp.com
cpc.to
isrnasuha.nl
vrpnhydnv.mixxt.info
fantastic-host.net
itmslit.com
vaskor.com
metnet.hu
ns1.jiasule.net
ishim.blog.so-net.ne.jp
bajou.puk.ro
aspireone.it
leukstedispuut.nl
ku9w.com
marinepia.co.jp
zozoka.com
www.ctedu.net
blog.scold.hu
mrd.hu
overhalfsale.com
movieshare.org
paidonlinewritingjobs.com
vilapinguin.com
search-indonesia.blogspot.com
jycyw.78.cn
marketing-internet.com
playstation-vita.nl
vnspace.com
lehighacresgazette.info
tcpiputils.com
fly.pl
www.chinasex.cc
seoranks.info
writeanewpost.info
wolfgnards.com
uczelnie.info.pl
olympiatile.com
credit-cgiserver.com
byznysweb.cz
atravelerslife.com
kapitaen.wop.ro
bookmarkinglink.com
uyjs.210000.org
seonightmares.com
www.mv369.info
www.kovotour.cz
greeneventos.net
ocker.wop.ro
hondaelementclub.ru
casagargiulo.it
davidnaylor.co.uk
alphachipiomega.org
kucharo.blip.pl
booksahred.com
fc-severn.org
www.bjp110.com
www.bluz.pl
msmalinowska.digart.pl
www.x5byh.tap.cn
mediacorecommunity.org
akpdcbbyzi.blogerzi.com
3gbtest.com
relevatestreaming.net
www.dg234.com
groth.digart.pl
www.move.dk
lnxm.56dvd.net
solidstatelogic.com
safemart.com
www.liveeyetv.org
englishrepublic.ru
iir.co.za
sebw.nfdy.net
amart.wop.ro
web.213yx.com
chromidium.puk.ro
roulartamail.be
171601433.qqku.com
idancing.cn
wayfm.com
articlefind.info
afkode.puk.ro
www.jugang.net
www.zqdxsc.com
coastalplain.com
www.barmot.pl
gewinnspiele.de
jnalkzpugj.blog.mongenie.com
www.debruijnhaarmode.nl
ecolife.jp
ar4u.k3y3.net
teenieparadise.com
comjuice.com
greatsocialbookmarkingsite.info
xpertpk.info
norcredit.info
bidsson-bidify.ws
rlltqctcslp.blogtrue.com
ahmadsamantho.wordpress.com
latvenergo.lv
verwerin.puk.ro
quelld.puk.ro
taas.or.tz
universia.net.co
cxjyxx.me
weihai.cyberpolice.cn
bookmark-factory.info
birthdaywishesandquotes.com
www.17caob.com
www.dianyiciu.com
maopsoi.flnet.org
totalgaa.com
44456129.qzone.qq.com
www.lishi8.com.cn
biyouti.cn
ugwz.210000.org
www.lxgs.net
santopedia.com
parasfera.pl
girlsfuckmovies.com
www.yageoo.com
teilar.net
mautau.com
x5vvayyo11r.diandian.com
newhd.taobao.com
conservativenewjersey.com
novycinema.ru
nanrenwa.com
findorama.de
kruemeln.puk.ro
affaticato.puk.ro
kruis.nl
negeer.puk.ro
ptks.nfdy.net
iis.software.informer.com
canadawebdirectory.info
b-channel.info
barunsonenter.com
www.efca.pl