jiangaole4f.1168.tv
kia-club.ru
www.bglzz.cn
57.zhalatu.cn
peema.us
gbkk.info
www.xianseor.com
mangavb.com
losed.tk
idm.picgo.info
dts24.pl
tv-forums.com
441x.com
snieznica.pl
y-axis.com
www.semihk.com
qq269.in
www.egenz.com
guzikprawda.pl
agriturismocalealta.it
azcare.info
lzfjp.1168.tv
728.com
www.wormcy.org
rzlexiang.com
www.gzcsdz888.com
tu-dresden.de
dtscinema.in
tl.tdxl.cn
www.rentittt.com
masterclassified.net
polskastacja.pl
24rus.ru
gsci.qiwen5.com
ccp.is
raett.wop.ro
otlr.210000.org
3xf.info
synechron.com
laurelonhealthfood.com
e1.pl
www.swh.hu
tuplaya.com
easyasvideo.com
www.meenwh.nl
rincorrere.puk.ro
argetohu.com
agoda.web.id
www.qq-love.tk
gnzx.gsta.gov.cn
ccoo.cn
88745.diandian.com
budownictwo.pl
www.lvhuashumiao.com
www.81hospital.com
creator24.pl
thokkthokkmarket.com
go4u.ru
44zl.com
nda.blog.hu
bfyy.qiwen5.com
marika.flog.pl
ardanis.digart.pl
fast-roam.software.informer.com
6hwcp.com
buckeyeplanet.net
www.phonefanli.com
www.xjsoc.com
aojian.573.com
airforums.com
shlina.ru
awbis.ru
e-kuchikomi.info
pesaredelsokhte.mihanblog.com
www.mfa.gov.bn
ititti.info
emudigital.net
www.elhay.cn
www.jcw029.com
aclx.qiwen5.com
touhangbbs.cn
myricegirl.com
gamozene.hu
663pp.com
uos.edu.pk
thegamestribe.com
fotobasia.pl
haseundco.de
ahbttz.com
dislocai.wop.ro
www.sinotranslator.com.cn
cubestat.in
axmdy.taobao.com
efri.puk.ro
atilaj.digart.pl
lobbyhobbys.com
0956209008.magent.com.tw
cheapcheapcheap.com
www.hmswsj.gov.cn
spisane.pl
fila.com.br
ith2o.com
www.a-pk.pl
cube3d.pl
adoresearch.com
netpeak.ua
actualiteduweb.com
lorinquer.com
www.a-good.com.cn
plemiona.pl
the-expendables-full-movie.blogspot.com.es
oyrkrdeybunkf.blogtrue.com
jameshughes.info
gossh.tk
parodia.lap.hu
ogiwara.wop.ro
www.9xty.com
directoryoflinks.info
bionixwallpaper.com
politiarutiera.md
huangfenchong.com
corker.puk.ro
brstar.ru
wwiimod.prv.pl
spir.cz
24h-blog.de
oesel.hyves.nl
combinait.wop.ro
uforhold.puk.ro
brigandishly.wop.ro
desipage.info
davsirsa.com
www.hydpf.org.cn
reviewcar-cars.com
www.kmsw007.com
riptors.blogspot.com
7b10.info
ioffer.net.pl
www.xhcf.cc
cerocreativo.cl
www.anantara.jp
kuruma.puk.ro
viviwidget.info
data.owni.fr
gengtima.com
backlink.it4t.info
penisbuyutucuhaplar.com
52pcbbs.cn
octoline.ru
gouwuzhushou.com
1bpw.k3y3.net
chacheng.cn
sos-odchudzanie.pl
fuzhong955.bbs.net
sunfar.com.tw
news.stack.nl
babur.puk.ro
artportalen.se
www.welcome-vietnam.info
activator.com
cartografen.wop.ro
foodforfriends.jp
ovh.org
atstsd.com
theimuniversity.com
tenisportal.cz
oraszijbolt.hu
68283.com
besozzi.puk.ro
www.807007.com
emeishan.sczt.net
viewpointforum.com
celebs.vn
theaviators.tv
allmobileaccessories.co.uk
www.topclanky.cz
fichten.wop.ro
askellogg.com
18-print.com
gemantic.cn
grandise.com
bierkastenbattle.de
jiahua088.huijucn.com
tonysurridge.co.uk
lineacaminos.com
cece.68mh.com
663yy.com
escapee.wop.ro
best.e2345.net
frontrowreviews.co.uk
hypho.wop.ro
www.ehox.de
556779.com
cheapticketscanada.com
www.a.de
kloss.pl
adult.cz
aynaku.net
contracostatimes.com
ftcc.nfdy.net
infos-zum-thema.de
lahmte.wop.ro
pussylequeer.tumblr.com
startuplawyer.com
recherche.epfl.ch
blog.pl
brainz.org
onlineclarity.co.uk
eshghohal5.tk
amvbybrkpp.freeblog.hu
bopor.com
greenz.jp
alc.ca
fsu.pl
hao.b2b.cn
www.gx-pb.com
forum.org.ng
forexhacked.com
0898.okok.cc
go755.net
www.lu
taipeicycle.com.tw
frostmagazine.com
cassina.com
brokenteepee.com
aangravi.puk.ro
yyjun.me
www.suzwang.com
www.rfholding.com
lurptebr.typepad.com
www.91pdf.org
artkids.info
aquinas.edu
fotosdegostosasamadoras.com
beholder-reputation.it
ershousou.com
potrilla.wop.ro
oa.xmcsa.com
vinck.wop.ro
acadiankennedys.com
amolli.wop.ro
zdqh.nfdy.net
pisu.digart.pl
moretruestories.com
2-a.net
maedamokuzai.com
weeped.wop.ro
worktex.pl
roteirosturisticos.tur.br
gesu.gportal.hu
ymxz.cxnews.cn
socialsitefun.com
7win7.ru
www.pornolia.pl
8899.cu.cc
jstzedu.net
fjwuzi.d.mychemy.com
21diamonds.fr
cardreadercf.3ia.info
59187.com
googlemap.com
cieled.puk.ro
verleer.wop.ro
444kk.com
sudanmp3.net
www.sgtf.eu
quartos.puk.ro
easyguide.de
bt.es
pling.org.uk
qyi168.com
www.xixise.com
timangio.com
viewpad7phone.7m0.info
lanqiou.info
pizzafilter.com
zgwt.k3y3.net
julekw.digart.pl
argentou.wop.ro
mipersonalidad.es
barinfo.co.me
ableiten.puk.ro
djofhardstyle.hyves.nl
xda-developers.com
ikarus.net
114zhe.info
extremepixels.com
apostleofspeech.org
deborahdachinger.com
bioverlag.de
foodlog.nl
rd.io
62xk.com
carenkaplan.com
www.youcams.be
bidyutbikashdhar.com
raxendorf.net
44ss.net
noclegi.pwi.pl
ladyj.blip.pl
arenabetting.com
kruthai.info
samenvielen.wop.ro
sjapte.wop.ro
cliquenabend.de
ruegen-reetdachhaus.de
casertaon.it
alexandergallery.biz
9japedia.com
freelistnow.info
luzdelmundocumana.com
livelybay.com
warnerchannel.com
dgt-transport.de
fantafirmo.it
all-uchastok.kiev.ua
100img.com
bbs.dbit.cn
dragon-torrents.biz
directwithhotels.com
fabrizio-branca.de
euryhaline.puk.ro
www.youuk.co.uk
iclassifiedsads.com
locservice.fr
desierta.wop.ro
ina.fr
casinoratingcenter.com
trevian.co.kr
delphine-desmarets.com
lamedwaw.org
trsseltzh.mixxt.pl
addurlwebsite.info
kraft.com
shandong.zg2sc.cn
mukf.nfdy.net
dd5.cc
9ytt.info
cbtonline.com
aisei.info
nerdcave.webs.com
irspreparertest.com
peniscam.info
mcfr.com
itn.vn
avvieres.puk.ro
all-books.biz
curvatura.puk.ro
43gan.com
selinda.wop.ro
escortlartr.net
jarnvag.puk.ro
interreligiousdialogue.info
afranselden.puk.ro
bransonwatchcompany.com
cpwz.hk
blogpingr.de
babyonline.pl
burrum.wop.ro
c88hain.info
eic-party.de
zonartis.com
oldtimer-tv.com
ecookshop.co.uk
manad.puk.ro
meego-fr.org
flowersforaghost.pinger.pl
revolutalinge.com
smg.media.mit.edu
3gqq520.tk
fck.dk
blogjardineria.com
nakedwee.puk.ro
isvor.com.br
elliottdavis.com
doumenbbs.com
qtkk.nfdy.net
a179.net
mi.99btgongchang.com
linuz89.pl
slates.org.cn
colinmitchells.co.za
artbible.net
nytcrossword.com
dihalt.ru
multitrader.com.br
feine.wop.ro
kopiart.com
powerirc.org
www.meirendu.com
guinnessworldrecords.jp
www.mongorian.net
1200-calorie-vegetarian-diet-p.blog.hr
rypeck.wop.ro
clubfiat.ro
ntv.mn
gradosa.wop.ro
isesco.org.ma
fct.unl.pt
dreamcup.jp
5iwuhu.com
erostime.tumblr.com
3dwiki.nl
cps.gome.com.cn
baibian88.gouwuke.com
bithub.r.gd
magrit.xfree.hu
konora.com
rhoenseite.de
18rt.info
gamps.it
faipredfoaskyr.page.tl
cdcinternacional.com
bazakont.pl
madeinulyanovsk.ru
gcrg-group.org
sjqt.info
355869.com
achmea.nl
enernoc.com
kadz.com.br
chenjz.com
dema-bicycles.com
e-joyworld.net
thrilla-pitbulls.com
agu.blip.pl
starkl.at
ppmm.biz
artinfo.pl
straighttalksim.com
344r2.951n.cn
febo.puk.ro
balatonfelvidek.info
bskumfeorhm.blogtrue.com
www.cnfish.com
acquariofiliaitalia.it
badjava.puk.ro
lutayo.wop.ro
magicrentals.com
carsandcoffee.info
linkcatalogs.info
010f8.com
doublemedia.net
ecupl.edu.cn
emprende-y-gana.info
dragonquest9.com
www.hsdczx.com
61zz.info
wam.ae
digiguide.tv
mkmso.com
hrea.org
music.douban.com
hbrcw.78.cn
skyline.wop.ro
sienafree.it
8614.zhua.biz
beaulieu-sur-oudon.com
donliang.com
bingostreet.com
www.2012.dy32.info
ocasionalia.com
aquaponicsuniverse.com
cdsqingyq.jinnong.cc
chugcore.org
asp.net.tr
lbschools.net
hit-counter.info
sigma-koki.com
bansko.net
istpravda.com.ua
heart-c.jp
ex-seo.pl
pollydiversao.com.br
etnic.be
manomylimaspriese.zebra.lt
geoblog.it
betterrecipes.com
5scdn.com
123counters.com
nj96196.jscd.gov.cn
cwi.pl
etenders.lt
tradeinexchange.com
alvino.puk.ro
auxanolo.puk.ro
globkurier.pl
aclys.wop.ro
edlund.dk
www.gdnet110.gov.cn
radio.elektroda.net
designuk.jp
battistella.it
phpdeveloperindia.net
cucardsonline.com
ontheborder.com
buffalo.edu
www.lxlsosi.tk
1000bl.info
ingekost.wop.ro
kizigames.net
caobiba.info
aachen.de
clipart.co