ocnmap.goo.ne.jp
coup-detat.info
11haosao.com
steamnclean.co.uk
alipac.us
aggregatorarticles.info
burlinga.puk.ro
strazwg.pl
91.cn
assourdit.wop.ro
barinfinity.com
forced-fuck.net
51piaobo.com
yapool.de
lotte2080.hyves.nl
usinspect.com
revolutalinge.com
chiptalk.net
dinmat.no
qruvbeizsqc.de.tl
678qqq.com
hagetaka.info
chitoseya.info
berycoid.wop.ro
ai59.ndw1.us
guilinok.com
cherrylipz.com
viamichelin.co.uk
chaochui8.com
bbc-heroes.be
princess.cc
clannaga.info
67xo.com
fanbb.net
bbs.sz9060.net
businesshealthinsurancez.info
corresponding.puk.ro
nutnow.com
aloyeu.info
blowcat.de
webanism.com
foul.co.jp
2jov.265link.com
www.yxbzhiliao.com
www.siyabas.lk
internet-science.eu
chronos.org.ru
baow.net
85st.co
associazionealar.it
cbi.as
infoski.pl
schiggysboard.com
55bt.eu
hebinzhicheng.com
femmixwrestling.com
1ldirectory.info
ritadombrowski.de
dsfawie3.tumblr.com
ka2.db966.com
disclass.puk.ro
elama.ru
gallows.puk.ro
incm.pt
boulangeries.wop.ro
cfits.cn
puurutrecht.nl
brain2020.com
tool.chinaz.com
arcaplex.hyves.nl
hyiponline.info
how2play.pl
chicagofreakfest.com
eierrekk.wop.ro
bonnuoctana.com
ex-seo.pl
365rili.duapp.com
www.mcztb.cn
bookmarkfire.info
rx-euro.com
detectorhobby.com
789988.com
38mama.ru
griffeyjroutlet.com
kostenloser.info
biedenko.wop.ro
9646197746.diandian.com
www.senvgo.com
furori.puk.ro
sekaitours.co.jp
www.caosaobi.com
www.five5.cn
epcyclopedia.com
fabrykaplikow.pl
link88.us
7win7.ru
5z5.com
cnsq.com.cn
beneaped.wop.ro
blogspot.ca
jjywx.com
juancong.com
www.boomben.com
infocyt.info
pinkolive.com
enteratecali.net
pga.jp
claytowne.com
autostar.com.br
hbgz.edu.cn
spddm.org
7seuu.com
desaingratis.com
fuqingzhaohui.ys168.com
grafika.co.hu
alnyu.com
clipxxx69.info
bas-rhin.com
3n2n.com
pretenciosas.com
bookmark-webassist.info
nmeinv.com
affiatan.puk.ro
drumlessons.com
approvis.puk.ro
riverdeep.net
blindgossip.com
pose-carrelage.eu
www.cwee.com.cn
www.20yx.com
chifeng.tielu.org
www.youuk.co.uk
310926.qzone.qq.com
fm.m4.cn
itycoon2.de
destoommachine.nl
baranmovie24.in
tedy.tk
afho.lizhidy.net
aevn.fr
5amn.com
jfss360.com
socialbookmarkshare.info
goldsea24.com
www.szcytsxh.com
alfred22.a-livesexasian.com
ba.5210.cn
linksutili.it
vanguarddrug.com
cpzl.org
corestandards.org
websiteoutlook.com
bbwsamantha38g.com
directwithhotels.com
rizhao.taofang.com
sellercrowd.com
oreignin.puk.ro
sucs.org
familienseiten-finder.de
trouwgel.wop.ro
keibun.wop.ro
kannada.wop.ro
collectionsocietegenerale.com
03886.info
sektoronline.com
fraterna.wop.ro
cseke.info
xizang.ucar.cn
recreatief.nl
nyheter24.se
iwebdevs.net
a-market.pl
euryhaline.puk.ro
groomstand.com
17986.taobao.com
9bytz.com
www.520556.com
y58.cn
cmbc.joycp.net
aip.pl
koudan.wop.ro
biblored.edu.co
fjrclh.com
demetrovics.hu
bresciacalcio.it
activeadmin.info
christian-garcia.es
engineer.jp
hermandadgalactica.info
21maxlink.info
iyouf.info
ppj.gov.my
www.taouseo.com
fh-trier.de
airstop.cz
colg.cn
www.fy.gov.cn
nspjzary.com
westend.hu
baixing.com
balconyshirts.co.uk
discountsurgical.com
68ddd.info
pussy-club24.de
noaa.gov
198j.nfdy.net
biznesmarket.pl
fashionfilmpjes.com
www.misuisui.com
banjar-jabar.go.id
linkpopularityservice.net
market-a.com.ua
bieberfever.com
500w.ca
biogems.info
www.xmysy.net
articlepool.info
camino.pl
designsnack.com
videotancverseny.hu
bogouwangzhi.info
lamedwaw.org
chile-excepcion.com
alphafunding.info
www.wyt11.com
kanani.wop.ro
ign.de
www.xsmov.com
above.net
bubunkou.wop.ro
dqz8.com
massalamanca.es
nanumnews.com
www.fuckteens.com
rockingham.info
gumruk.gov.tr
european-journal.org
digifolio.org
efox.cz
megarembertow.pl
d4syy.com
md.uz
www.aleksy.pl
alobmarlobs.blog.hu
herkimer.edu
laikas.lt
submitsiteto.info
yembe.wop.ro
link666.info
www.iso.gd
cholophein.wop.ro
hubei.ha168.net
uncaused.wop.ro
jianzhanzhe.com
www.zgqh.cn
cavalissimo.com
cxjyxx.me
undersom.wop.ro
888ss.info
tmhkym.net
viiip.com
30daymentalcleanse.info
tosiek.pl
songtot.vn
dachuan.66law.cn
mxwy.nfdy.net
0395.1775.cn
etransporter.info
jewishjournal.com
tierraerotica.com
zarubejestate.tk
oscam.cc
golgolgol.net
news.1k.by
machinemonger.puk.ro
tmn.pt
synergian.pl
cha.dn0.cn
www.dfpaintball.nl
anunciode.com
camelia.digart.pl
kerx.nfdy.net
verrecks.wop.ro
11.ki99.info
678678.cc
agileweboperations.com
www.playboyz.com.tw
linkrock.info
ukcampsitefinder.co.uk
dsfsere.r.gd
www.tiebao.com
video4asian.com
38nc.com
damoney.ru
www.hndayz.cn
geteut.wop.ro
exercicios-de-matematica.com
2era.com.cn
densha.blog.hr
cerago.wop.ro
bryanveloso.com
rasons.wop.ro
bvmw.de
gizmodigit.com
hoffmannbros.com
remai.bama234.com
www.leling.cc
www.chunvw.com
missmustache.deviantart.com
www.nuexu.com
www.sosuroda.pl
zwiedzamy.info
hpbbs.zol.com.cn
yelken-mandalinci.jouwpagina.nl
youshie.com
grom.wop.ro
apollo.de
seostats.us
favolist.com
zy405.fyfz.cn
dale-carnegie.fr
fatso.wop.ro
zzzs.si
lexuslove.hyves.nl
coffee-blends-now.com
usenext.com
lesta.wop.ro
calil.jp
isversari.it
streetblowjobs.com
wolfshardcore.com
khoddkdqwp.typepad.com
xjpp.gov.cn
firstus.org
2ch-news-vip.info
auker.wop.ro
9dmd.com
avto-ug.ru
bandietenstreek.puk.ro
thetravelwriterslife.com
jnbbs.soufun.com
52common.com
www.galeriasd.pl
holodilnik.info
teska.blip.pl
builtny.jp
howtoplayguitar-guitarlessons.com
usfbullspit.com
chuyentulanh.vn
www.jtplay.com
linkscr.info
www.krista.ru
travelingwithsweeney.com
mycrib.ru
all-best.pro
abiddul.wop.ro
33223322.info
mc-larsen.dk
www.mmdd11.com
www.xtepb.gov.cn
pfizer.fr
tequilanockpremium.com
kindlers.affronts.wwwwww.wop.ro
aite.cn
diffamer.puk.ro
47000.net
pipety.pl
www.677779.com
gerenzufang8.com
afvalpro.wop.ro
maincross.net
lancepollard.com
5dy.181.net
jkc.or.jp
3bbiptvhd.4yb.info
seisekih.wop.ro
3stepads.com
purpose.edelman.com
domaininfowhois.com
yrshen.com
agapemon.puk.ro
www.recyklujteshasici.cz
mondde.puk.ro
ukfree.tv
yasudaju.puk.ro
newhorizon.org
gattle.puk.ro
www.51haosao.com
www.xiongbei.cn
www.nmrb.com.cn
syydy.info
condortrekkers.org
dayjob.com
vb-reutlingen.de
stilhaus.hu
pro-tuning.info
astronomi.com
mybrute.com
cd-gold.co.jp
www.21lawyer.cn
pamunkey.info
kapanga.net
bookmarkingjam.info
utbygges.wop.ro
submitarticles-free.info
look.so
kinder.digart.pl
fck.dk
hew.com
75657.info
5ew.info
www.nonsteam.cz
htxh.qiwen5.com
www.deshenglaobao.com
hengshuisu8.fdcez.cn
samiajiklinik.com
jelisaueta.wop.ro
ta4a.info
www.ladder.hk
tiao.600ai.com
baidu.wangzhuan808.com
1p1k.com
simplesamlphp.org
av1414.com
www.cfsuper.com
www.dzzs.com
debit.com.br
yamato-baibai.jp
www.amu110.com
recommendedstuff.com
vip.crrd.biz
beidu.org
dimondchanel.info
www.eb-cn.org
skalice.ru
orazoon.freeforums.org
miniatory.com
andg.jp
donbas.net
webmini.pl
comprenait.wop.ro
dizilerbizde.com
www.guizhourc.com
lavani.wop.ro
zh.xingshi.name
dotz-wheels.co.uk
torpedo.com.pl
nearearth.com
therrien.puk.ro
pejdani.fecsegj.hu
www.ons818.com
ukhc.nfdy.net
www.neukenmetdochter.nl
dieutridaurang.suckhoevietnam.info
wholeapproach.com
plusany.ru
xemgiavang.org
www.zq95555.com
keywordcompeting.com
www.dvd0052.com
www.butterflycouture.fr
www.xj-led.cn
classdrive.net
www.cylex-tudakozo.hu
lavorincasa.it
petsharing.net
www.0555880.com
www.bhlnz.com
bironevica.hupont.hu
carea.digart.pl
seektime.info
www.17817.net
www.ficed.org
derby-betshop.ba
zs.czili.edu.cn
garnetchaney.com
www.kfxx.org
asociaalst.puk.ro
www.bb558.com
wedding-cakes-for-you.com
www.superkomorki.lowicz.pl
afgeschrabde.puk.ro
miee.tk
www.winfuture.de
zwaz.210000.org
campusdais.com
blindden.wop.ro
bagtjuh.zoom.nl
klmj.nfdy.net
52k.in
thesedonacitizen.com
iy0m.k3y3.net
www.jiningjiajiao.com
sexfotka.pl
forsvaret.dk
regioneumbria.eu
www.360xingai.com
www.youroffice.jp
omnia.com.mx
directsoulmusic.com
ksa.vse.cz
kingkongplaza.com
gaumonttv.net
www.654vv.com
komos.flog.pl
junyitangjzytt.1168.tv
britoweb.info
handypia.org
antee.cz
golteras.webs.com
netlog.com
zonaurbanavip.com
iinkai.wop.ro
paknet.net
621r.k3y3.net
koopjegadget.nl
wettanbieter.cc
twoj-macbook.pl
www.yancao88.com
kympno.pl
eoqo.265link.com
www.ballpod.de
tiago.wop.ro
littleangelandtherebellion.com
x1.sha7.info
accountancyage.com
www.gzlndz.cn
stadtwerke-bonn.de
www.xuu.pl
dcshop.ro
dorakishi.digi2.jp
arbecey.com
www.xiaoshuo53.com
brays59377.huijucn.com
ownedcraft.com
drawtheworld.me
mird.nfdy.net