www.jiemnengdaquan.org
rvv-volleybal.nl
www.lianpen.cc
dinakd.info
www.lirenhuiphoto.com
nintendo.es
auto-bloggerei.de
turism.acasa.ro
erklaere.puk.ro
paula2212.wrzuta.pl
forum.big.az
todoslot.es
www.jingutongw.com
bokkiger.wop.ro
modnitsa.info
eacsouko.alink7.uic.to
36988.in
tswjm.com
www.alisesame.cn
kab.info
www.easydot.com.cn
mobantianxia.cn
730c7.diandian.com
webkatalog.us
www.cstfkj.com
revctrl.org
www.hgba.4f9.org
tewassoul.org
inkuiri.com
p8e5.210000.org
www.sxrsksw.com
mephitin.wop.ro
blogam.info
www.djl0.com
www.modele.oh.pl
tempelden.wop.ro
subatomic.wop.ro
wdj.zhihaole.net
www.asfxw.com
www.lzcjjy.com
tada-doga.com
vitaminstuff.com
ies.jnvc.cn
zauderer.wop.ro
566334.txt.cir.cn
newmanveterinary.com
salescon.hu
punjabimob.org
www.geckofx.biz
s.de
ipscannerportable.3jx.info
wowclips.com
htaccess.net.ru
tekshop.co.uk
cityexpress.ru
85zl.net
pmpbootcamp.co
www.matureway.com
pushab.wop.ro
indianangelnetwork.com
stonenwater.kr
coccodrillo.pl
rawa-maz.pl
lv788.com
todoeko.blip.pl
makar.digart.pl
ngoisaonhi.com
uggbootsclearancex.com
bbk.800app.com
expansys-kr.com
dflcd.info
aoc.fm
kanchigai.blog.shinobi.jp
dddblue.info
miexperienciakindle.blogspot.com
www.jsren.com.cn
nanchang.myjob.com
waluty.wp.pl
392118954.taobao.com
www.dzdq.org.cn
r2integrated.com
kateract.com
www.hrcsgc.net
marine-gpsshop.info
www.403yy.com
guydegrenne.fr
dhl.co.il
linkspropeller.com
www.14448.info
8664814698.phone.searchwww.com
myeq.nfdy.net
rancagua.cl
vwtr.net
lsf-samp.info
nkjunak.com
ym.kukudm.com
www.66scweb.com
tanoc.pl
hrportalweb.com
bankcomputer.puk.ro
betoogsc.wop.ro
www.dog58.com
blancanieves.digart.pl
adtoll.com
topological.puk.ro
kinderbedden.info
yrpm.56dvd.net
egyfox.com
www.dlsepx.com
yifangpx.com
bbs.jinning8.com
superspill.cc
lasallevirlecha.es
2187.yoyuan.net
muraga.wop.ro
paulirish.com
www.office-china.com.cn
examresults99.info
foretime.wop.ro
bogateyte.ru
kimperfection.com
www.ccjlwj.com
www.sfs-cn.com
golfdownswinginfo.com
domii.blip.pl
footao.tv
kakuge.info
dnn-online.de
bbs.snost.cn
kidnaps.puk.ro
pyset.wop.ro
weare1.info
geocaching.lap.hu
mukoyous.wop.ro
gabija.pl
nvnc.265link.com
bay.ru
olka6633.flog.pl
elosdoamor.com.br
cayambelibre.com
chinaibi.cn
www.bbswj.gov.cn
myitworks.com
botc.com
anfangserfolge.puk.ro
bannut.puk.ro
gehaltreich.puk.ro
grammy.ru
sign-leasing.com
www.everflow.hu
blindsparts.com
skigo.pl
korg.co.jp
www.saotudou.com
schwarzelisten.com
6hgf.in
dj66.net
aql.awe.jp
www.birine.hk
tstars.ir
conncoll.edu
kubix.wrzuta.pl
trelogatos.gr
tving.wop.ro
www.7993.cn
aoqo.cn
magra.net.br
millisecond.com
www.hs.cm
6599.210000.org
023seo.cn
baywatqa.com
avildsen.puk.ro
spreeworld.com
losnegositios.com
gc.pinghu.gov.cn
beidu.org
qqzww.net
brandproducts.tk
sj2.ru
minigal.dk
siriusdezign.com
cityhealth.me
www.cpcrugao.cn
youth.dahe.cn
jrcc.sa
quehenshofe.jugem.jp
eric.asia
commuterpage.com
www.wimahosting.be
123artikelverzeichnis.com
coolcare520.co.gp
papagei.tv
billigmed.de
gouwu.soukeba.net
doomos.com.ar
wisatahatichannel.tv
dilli.wwwwww.wop.ro
fatuleu.wop.ro
tervigalle.soclog.se
ssscc.net
openmav.org
jamaica.fm
haoji.la
cravenne.wop.ro
exposeyourwife.net
prsu.265link.com
socw.cc
hothair.co.uk
hoechwirt.at
jiangmen.job001.cn
yodramas.blogspot.com
coppercoins.com
www.superdyskoteka.pl
networkedcollab.org
www.longshen.cc
ngoinhateen.info
ahwi.nfdy.net
guihuaxiang.com
otoys.ru
hottestgirls.7s4.info
www.118tt.net
haobi366.com
www.miegao.com
skyprose.com
trafex.info
naftalie.net
restaurent.wop.ro
0813fs.com
makro.pb.pl
www.gksro.cz
videosguarros.net
djfly.pl
a777818.taotao361.com
nejdarky.info
easylius.eu
dhl.com
nagano-relax.com
www.cldh2.com
www.dapaifa.com
www.incpass.com
old.dg.gd.cn
ninewestmail.com
mazovia.pl
jetzone.pl
ifos.k3y3.net
logan.flog.pl
www.cxsww.net
www.yingrengu.com
avi.co.za
www.jstz.lss.gov.cn
soutikou.wop.ro
toutsurlimmo.com
radiokrakow.pl
www.hxjygroup.com
windstuffnow.com
521x.net
lady.ty7.cn
www.bht158.com
sunatimes.com
priv.no
snapfish.it
beautyarmy.com
hauptmaechte.puk.ro
cfdian.com
websitedesign-sacramento.com
biz100.jp
www.qinglvzhuang8.com
www.jcjiajiao.com
hiwit.net
pneumoga.wop.ro
yantaihuaqiaohotel.com
www.jipinguan.com
www.qufuck.com
szyangxh.blog.163.com
equalizer.wop.ro
pagan-magic.co.uk
llpatterdaleterriers.nl
www.xj-led.cn
eyv.5ck7wy.com
cameracaptures.com
punctogr.wop.ro
korben.info
sidesprang.no
animashka.info
www.gycwjx.com
marplo.net
seoranktool.info
astroadictos.com
emerge.digart.pl
1010.org
wardata.cz
yifou.com
linkspion.de
theasianlawblog.com
estar.jp
www.vaovan.fr
www.wumiwang.net
www.92360.com
50guan.com
tribaltextiles.info
danen.wop.ro
radioamerica.org
flirteri.com
avsite.gr
www.sounea.com
9dmd.com
jungle.digart.pl
www.n4zg.4f9.org
fla.pl
www.fly3389.com
iortn.puk.ro
rockwell.flog.pl
yylgjj.com
6257.dyy08.info
bodyconscious.com
lifo.gr
alweb-it.ch
cobatab.edu.mx
mccurdy.puk.ro
imagetemplate.net
manga.blog.hu
bnb.fad3.net
thenewparentsguide.com
prachtlievend.puk.ro
einkommensstufe.puk.ro
bb-isp.jp
sa-mp.nl
kucharo.blip.pl
mdj.58.com
chassokdo.com
detaier.com
acsis.ca
www.dgquankai.com
cubiksonline.com
www.180kids.com
snowandmotion.se
www.forma1joe.tvn.hu
makemarketing.es
www.kc158.com
awedir.com
greenmama.ua
www.osnn.net
tubexxx10.info
www.chinahktd.com
tumencev.pp.ua
instantoracle.com
89.pl
freemoneyreports.org
imagesu.net
d101.org
sinica.edu.tw
clicksotrk.com
yet-another-server.com
sztab.com
www.jumav.com
yuinou.info
bravofly.es
ttxkrpgb.blogger.hu
alt-healthsearch.com
destinationtunisie.info
sjs.to8to.com
www.uniwebset.cz
qute.biz
yy.ahfyw.com
www.gouyufanyiqi.com
ziol.nfdy.net
retailinternet.dk
xmblues.com
jj.mu
konwerternapisow.pl
hurricanea.com
www.3yzw.com
elephanttube.me
dzhuiou.suliao.biz
www.dlmeida.cn
nikkihahn.com
mobile.mapbar.com
beastpieces.com
huodong.wmw.cn
www.smxsky.com
hbyyedu.com
actionsolaire.com
www.reny.nl
08ic.265link.com
playsoft.fr
darklord6666.blogspot.com
ihrauftragsstatus.de
www.fjjinjie.com
tolhuoche.buscx.cn
www.cmgl3.com
989av.info
www.aracnofobia.it
yywap.co
4script.info
quepandulces.com.ar
gazetaprawna.pl
ulinex.net
ggd1.265link.com
meblenet.pl
rrr90-722a108.tumblr.com
bodaclick.com.do
vistula.edu.pl
kardel.wop.ro
x.co
cajuns.puk.ro
www.371pc.cn
www.zhaoyi.net.cn
biljartten.puk.ro
vlegeltj.puk.ro
www.atleta.pl
djurgardsvarvet.se
www.ekfuke.com
gazprojekt.hu
watchoutnow.info
severouralsk.info
moban101.com
gerretfuchs.freeblog.hu
armacad.info
www.gaonimei.us
cougar-city.net
shoppezine.com
koalanet.ne.jp
gerenzufang8.com
www.bialog.ro
www.orionplus.pl
geowarehouse.ca
trynid.pl
uipoo.org
coupons55.com
marpartner.su
www.wzx.com.tw
efrardwiki.org
www.pos188.com
linkfamily.hu
main.puk.ro
elleselache.com
neoclubpress.com
suihuaganji.qiannan.org
protrept.wop.ro
kyoden-zen.com
nuworldcredit4u.info
argonathrpg.eu
sititalia.it
mmoworld.info
gegegan.com
cinosanap.eu
4hf.de
taycor.com
fliessfe.wop.ro
www.ugk888.9v0.cn
www.haolehui.net
hostenovations.in
skyventure.co.kr
lectoren.puk.ro
hx.hxgame.net
yared.flog.pl
www.d3759.cn
candycanee.wrzuta.pl
janski.edu.pl
costaricacolchoes.com.br
kmindex.ru
www.quanbs.com
airport.jp
www.ysjdh.com
kasja.pinger.pl
jerryyan.org
tupperwareindia.com
www.xx163.cn
www.youxiang1.com
kidstopic.com
mosomami.hu
umulig.wop.ro
cdsave.com
www.didao168.com
smartcollegevisit.com
www.stallonezone.com
ic112.com
tu-chemnitz.de
redvsblue.us
www.cndaoreyou.com
weihai.cyberpolice.cn
rjandjanell.com
www.recyklujteshasici.cz
zibo.xinl.net
ortspark.at
1pad.cn
www.asi91605.com
kangdansen.blogspot.com
ryo-ishikawa.jp
jielu.org
havermennekes.nl
horrifying.puk.ro
www.chuxing.jnn.cn
rs-direct.co.uk
www.31zs.net
www.cdltj.com
theplumbinginfo.com
www.xuqiushang.cn
freelove.com.pl
klartext.wop.ro
www.firstjob.sh.cn
nwjpb.org
traveltipsweb.info
www.evff.cn
www.lyghybz.com
tvn.blip.pl
www.lvons.com
casamona.com
al-mare.pl
debian-multimedia.org
fxfeeds.mozilla.org
www.ayusajapan.org
paiwanic.puk.ro
shadownlight.blogspot.com
chevroletov.ru
snappy-andy.com
wacko.digart.pl
divasbydesign.co.za
karaokeshow.ro
midweste.puk.ro
ringou.puk.ro
celutronic.com
norux.blip.pl
khawar.wop.ro
calibersrt4.net
www.rts.fm
conductility.wop.ro
yoio.info
www.ka70.com
www.xiaoshuo.cc
margotaustin.ca
jall.tk
synlighet.no
dlcy.78.cn
www.hao2345.net
www.price118.com
www.ykp.gdynia.pl
www.xiuxiudianying.com