enelbrasero.com
greecesite.ru
extremefitnessmilton.com
newhorizon.org
kakuzits.wop.ro
beijus.info
mccurdy.puk.ro
avto-france.ru
ita-savo.fi
skaugbohusky.no
midea.sn.cn
www.hullie.nl
wolfforth.puk.ro
lusago.frondage.klocek.loquet.wwwwww.wop.ro
purpose.edelman.com
km-w.net
16100.com
compendiumblog.com
westinghouselife.com
chinawsh.com
video-vault.co
maingames.co.id
yanneko.biz
fengsu.net
navicms.pl
438sq.info
bridgewell.org
howrse.de
qdb.us
cuscatlancr.com
www.ngprague.cz
fakeoakleysunglasses-sale.net
pipote.wop.ro
www.ibagjp.com
www.azuis.me
chartwellsupport.com
aumshantih.net
hayate.pl
galblazen.wop.ro
logoclic.info
from-ireland.net
umtcn.com
um63.yy85.us
www.weiyiqinhang.com
wellcom-ltd.de
clanassassin.com
ancangio.uga.edu
ranchocortesano.net
website-worth.org
qekx.k3y3.net
md.uz
bm135.com
fafsaonline.com
www.hdi.at
www.kafeis.or.id
www.xz.10086.cn
www.temaijie.net
ballonnen-100-jaar.istats.nl
cepobserver.com
www.fenghuo.cn
truskape.wop.ro
www.kingfifa.webd.pl
xm.525j.com.cn
88uw.k3y3.net
cartridge.co
searchve.com
iverifytherecall.com
pilniak.digart.pl
hk2018168.net
tranniesonline.ws
gossipall.com
www.0731.ca
www.voddown.com
automatyk-rzeszow.pl
calamitiesofnature.com
eikenlanen.wop.ro
tianjin.jinpu.com
xiecheng.info
beltlinebar.com
iiszifgzxx.typepad.com
k.8x5x.com
ultrachurchism.wop.ro
bekesi-ceg.lap.hu
2click.pl
nbamania.com
eroticartnews.com
games888.com
www.kj-cy.cn
hiernaast.puk.ro
skilopers.wop.ro
jamaica.fm
cp8.biz
52ebook.com
www.rjzb168.com
elosdoamor.com.br
atozbookmarks.com
movienuke.com
zhongyangb.1168.tv
gxwzzj.com.cn
www.cdrx.net
guoyaofang.com
downloadpaper.ir
goodon.com.tw
verdures.puk.ro
talon.cz
newsjungle.us
rdnavi.co.jp
lampchina.net
www.0750solo.com
yh5.cc
www.speedmeter.hu
ww-914w75.tumblr.com
www.sanfwan.com
momagenda.com
jdcpdl.78.cn
nmc.com
www.meinw.com
wipadres.nl
361du.net
www.ttyule3.com
the-expendables-full-movie.blogspot.in
lebensfu.wop.ro
dg.kunlun.com
dagaga.wop.ro
casadiscografica.tv
drcash.ru
katrinakaif.eu
srbionline.com
seclaw.com
edem-tour.com
ywrz.nfdy.net
connectseo.info
plusboard.de
kp.md
buehnehollenthon.at
antoniogrambone.it
brankibholdings.com
riptors.blogspot.com
uksupportgroup.info
www.m5c0ih.cqstar.cn
dssa.gov.co
mondoraro.org
1bpk.qiwen5.com
codelab.ru
www.eultras.eu
fraisiers.wop.ro
amateurmagazines.com
www.bjlchsz.com
gaseltek.hu
irminam.digart.pl
www.njkaixin.com
karmatube.org
www.fwceo.com
boycollector.net
brakeperformance.com
novelist.ch
778wt.net
23qz.nfdy.net
365aiao.com
crackedsky.com
bitsandbobs.eu
pdg.ru
werderfriesen.de
blocage.puk.ro
magiclantern.fm
seonightmares.com
df.kk66.cn
www.ir-sirc.com
pacounselingservices.com
www.97694.net
euromail.hu
www.tp34.com
autosules.lap.hu
vipc9.com
www.ke-ke.com
officetube.info
adang.puk.ro
bloghalconviajes.com
krishaweb.info
ywti.210000.org
www.1000ng.com
homebet.ro
33td.net
perth.usconsulate.gov
wiki-site.com
mediageeks.pl
fightgym.it
benicewicz.pl
www.yuanhuiren.com
www.fxdh.com.cn
chassokdo.com
erdon.ro
www.jxhsm.com.cn
packageprinting.com
readymade.prv.pl
rulon.digart.pl
tugaru.wop.ro
www.jh91.com
celestron.cl
www.noifilme.ro
golshidth.com
tweetwawa.com
update.com
mafors.ru
553473813.paipai.com
brother.sk
anuskadziu.wrzuta.pl
menschenzeitung.de
gnzx.gsta.gov.cn
2118.com.cn
fomh.210000.org
kawatakokinsei.net
silknet.ge
meczenazywo.eu
weddingdates.ie
big-dating.tk
www.jugang.net
ilike.cz
analytic-or.com
www.risaobi.com
icraft.ca
ahba.com.ar
zabawkopolis.pl
redfin.wop.ro
www.cepi.org
stantonamarlberg.com
020.cn-midea.com
indologist.puk.ro
bongofury.co.uk
pbaforum.net
appartement-lemel.istats.nl
www.jkbaojie.com
cybergeekshop.net
fordmuscleforums.com
etransporter.info
realmobilemoney4u.com
50497.info
www.85sss.com
hcai.cc
xhcl.210000.org
www.langziav.com
dotardis.puk.ro
absatzst.wop.ro
pornoelg.com
cal.pl
czg.chinaspirit.net.cn
www.xgzmzpc.com
www.lykindyroo.com
bemailer2.info
knsdo.com
hongyuncx.9998.tv
coffeefest.com
erwinabc.hyves.nl
nemborg.net
pyset.wop.ro
www.manyouhoem.com
www.fanli0838.com
www.500dvd.com
www.sdaksoft.cn
antifono.gr
848848.com
jdown.info
compasstravel.info
g4sd.qiwen5.com
elitegalleryz.net
kamery-internetowe.pl
matchfishing.it
roechels.wop.ro
www.859.cc
findwhatwhere.info
www.wfhyfrp.com
qvod.joke.joy.cn
groin-hernia.com
modalert.info
zaozhuang.tielu.org
www.pf9999.com
volait.wop.ro
fcmastentop.be
www.444bo.net
acrl.org
estounanet.com
www.hi871.com
www.sihrcw.com
nimfomane.com
pornodemotywatory.pl
cdoa.ca
hckozubova.cz
www.511vi.com
midguard.de
ggjz.nfdy.net
martinhealth.org
dobradieta.waw.pl
www.amberalert.gov
infortis-themes.com
childrenofpokot.org
gnu-magazine.doorblog.jp
onbrd.info
fau.soup.io
557k.com
www.hrcc.gr
jsww.fad3.cn
jutakuga.puk.ro
freestuffcanadaguide.ca
lindsaylohan.us
location-serveurs.net
unterhaus.at
www.sesertys.com
www.aiaigemali.co.cc
claranet.de
dorimolly.pblogs.gr
www.rboke.com
e.zjky.cn
coalchem.chem365.net
vistula.edu.pl
u-ryukyu.ac.jp
countershear.puk.ro
maxfortune.co
www.dghaoli.com
startuplokal.org
allesevolution.wordpress.com
louisvillewhitehats.com
wap.lezbi.biz
www.gomega.jp
infoboard.de
zus.pl
mp3.yesky.com
galaxy-only.com
anmsoft.com
kkm.su
9955599.ru
geogebratube.org
nyuujaku.puk.ro
coosccr.info
rootdiesomec.com
motke.co.il
bcnin.com
www.fosd.net
w.kkaac.com
infanciahoy.com
www.usj.in.th
vlz.ru
iytw.nfdy.net
v2-ricaud.com
59bj.com
lvcorsetti.pl
article-club.info
99100.taobao.com
tistler.puk.ro
www.wangzhanjianshe.org
34840.site.booen.com
sem-seo.gz.cn
edubt.cn
ogdx.nfdy.net
porntechnique.com
kroschke.de
difenderlo.wop.ro
kubung.puk.ro
troua.wop.ro
mustseeon.net
wholesomechildhood.com
cpush.com
www.257007.com
queest.puk.ro
tubeporno2.info
11070249.5sing.com
semistyle.jp
backlinks.de
evemeryczna.digart.pl
wojtiku.blip.pl
tv-sets.net
apalon.com
beweegkracht.wop.ro
totalcrysis.hu
titusboy25.deviantart.com
cebuanddavao.com
fuyuxian.com
www.haobi365.com
voip-4-free.net
mtgtwincast.co.uk
dancehallcelebrities.com
nee1.co.uk
bigmagnumkennels.com
provincia.rimini.it
www.baiyeyd.net
free-zodiac-horoscope.com
wakener.wop.ro
alianzabolivariana.org
finya.de
oquehubusb.3nc.info
www.siwacheng.com
www.altran.ch
start-london.com
fattyerotica.com
itready.org
radzionkow.pl
vkhl.info
vorwaerts-frankfurt.de
fb-theme.com
uutxt.com
www.cs2sc.cn
zsyzsm.78.cn
www.ceovv.com
izodi.com
68use.com
mojenoclegi.pl
4heures-epinay.com
teddyxiaole.com
www.5016.net
m.imp3.net
casa.it
ao8.aiao.cn
smokinapps.com
dz210.com
www.yinhushi.com
www.loszerszam.hu
fdcp.co.jp
xdexcylly.typepad.com
edge-1.com
derberater.de
crystalina.blog.so-net.ne.jp
castigabanionline.info
rysa.wop.ro
neerkomt.puk.ro
digitube.info
1ces.265link.com
www.5zysc.com
yaal.blip.pl
www.cxsyo.com
c-date.fi
iis.software.informer.com
theaviators.tv
ihlr.265link.com
18ise.co
qwee1.951n.cn
beskidy.pl
www.atleta.pl
clubracer.be
ko-clan.com
budapest-travel-guide.info
warusyaw.wop.ro
383972.com
roserobbins.com
iphoneblogger.net
bazaregon.pl
nages.wop.ro
lokale.nportal.pl
cashboxparty.com
13560061768.com
daleel.net
58kjd.com
shinseibank.co.jp
fsc.com.pl
kuwo.cn
kcf.cz
levevis.dk
www.fhcrjy.com
www.mobcam.cz
athena.puk.ro
www.szcda110.com
shambhala.org
janinecross.ca
nextshina.ru
vildmedviden.dk
www.rfnc.ro
habbotstudios.com
vip.1168.tv
aisin-asleep.com
stclaircounty.org
alisja6.pinger.pl
practiceone.co.uk
ribbonroadfarm.com
nudart.info
wuhu.tianqi.com
fatso.wop.ro
gagarinlib.ru
233.cc
www.aqsiq.biz
vishwa.us
ejohn.org
langtour.net
irishrowers.com
domainpageranks.com
womack.wop.ro
longtai.lkjt.cn
timepost.ru
gabija.pl
www.sefeiw.com
jesusfreakhideout.com
xwcm.cc
www.tangrense.com
denrddbuhnxjw.blogtrue.com
www.3dtz.cn
www.ehmall.com.cn
8898575.com
hairazor.com.au
www.shxiaoleng.com
abkuerze.wop.ro
khajochi.com
bikehotels.it
titancalc.com
dreamtemplates.com
chikotuk.wop.ro
www.edulife.cn
narew.info
kloeve.wop.ro
virallinkblaster.com
www.nact.jp
www.288job.cn
abracadabrapdf.net
slot-777.net
17php.com
hu-berlin.de
unduly.wop.ro
nemnd.9r.ro
comocomprarmelhor.com.br
www.haitaos.com
accessbankplc.com
weddinginvitations21.com
www.ms1216.com
royalcaribbeancruceros.mx
www.jtebh.com
stiftung-maennergesundheit.de
youpicktube.com