news.liao1.com
diagrammaticreasoning.org
qingyangmovie.be
xvds.com
lifehacks.web.id
nans.gov.sy
dbzregas.tk
linkdyr.info
www.diyixiaotuan.com
ekantipur.com
wleoifu.de.lv
cbshosts.com
productfeedtool.nl
www.qdwpc.com
worldsoft-cms.info
www.se128.com
zuicheng.com
gym.sheshewang.com
zuicheng.net
zuicheng.org
tefane.wop.ro
www.eryayixue.com
zuicheng.cn
zuicheng.com.cn
www.zhuangye888.com
www.800yule.com
logon.do
kindlers.affronts.wwwwww.wop.ro
html.371.net
www.eyy88.com
www.51jackpot.com
peekedinterest.com
hackgame4u.wap.sh
bizbeginners.net
wallpapersget.com
www.mogujiafanli.com
bene.com
www.wfwdgc.com
packaging-gateway.com
survivalblogs.com
meuvinho.com.br
mytopchina.info
lusundraeverett.com
ikent.me
www.xce123.com
altermedia.info
jutting.puk.ro
lago.flog.pl
sports.ws
danishprinciple.tumblr.com
cctv13.cntv.cn
www.dltits.com
crrd.cc
www.zz369.com
analyticsforwebsite.com
toybytoy.com
interieur.gov.dz
frnz.k3y3.net
www.waaao.com
ikia.210000.org
oprc.qiwen5.com
www.pripojsa.sk
www.shenzhenkaihu.com
www.f-3.net
lagevers.wop.ro
highereducation.gov.ly
praktika.de
yezjrgubnn.freeblog.hu
rpgmakervxace.net
afrost.puk.ro
www.97lang.com
kt72.nfdy.net
spinacz.pl
domandin.puk.ro
5earch.com
www.fanke123.cn
voyeurweb.com
wojiukan.com
www.jxrly.com
gtkumsxmsb.blogtrue.com
www.qoovod.com
alamisskennels.com
goooai.cn
dlso.it
bearby.com
01.com
rmfscrubs.com
gradientpixels.ca
getthisripped.com
fotw.net
milimao.com
webmagia.info
kfa.org
biynr0.co.cc
www.yuntong-boli.com
openlinksys.info
interactivetutors.hk
www.yzuuu.com
zzr-forum.de
bighospitality.co.uk
rogerstv.com
chilipoker.com
2012se.info
www.audionews.ru
wroc.pl
myzeglarze.pl
fudgegraphics.com
www.ahwsdp.com
thejerusalemgiftshop.com
www.sdjxdz.com
indojp.com
noopnet.com
baodian.yaolan.com
veracruzanos.info
schtrade.co.uk
800score.com
kolow.com.pl
ux.nu
www.tian.li
saikonki.puk.ro
hedon.org.nz
redyser.es
summthinspecial.com
putt.210000.org
edo.ir
secure.com.mt
qb1188.com
dqxdh.com
fj.cenn.cn
vvshu.com
traderselite.com
tj.bbs.jiaju.sina.com.cn
nerdcave.webs.com
se972.com
plur.210000.org
www.com10010.com
crypto-class.org
www.pbj010.com
mhoz.210000.org
www.1480w.com
mtn.co.ug
itkk.lizhidy.net
bepbousema.com
huntermwr.com
dvfs.210000.org
jixie.jiancai.com
97aixx.com
www.10tbk.com
baiduddt.info
dorset-college.ie
anxietyneurosis.soup.io
maxzu.com
proceso.hn
tpzj.com
love-is.ru
kloschuesselundspirale.de
sn.im
androidphonesarena.com
nagoya-yorutomo.net
dnuq.nfdy.net
queermeup.com
www.wwaa.pl
www.44szs.com
foehnein.wop.ro
www.wyshan.com
www.hactbg.info
nvidia.es
mail.163.com
meixun.com
www.cbfm3toques.com.br
teezkehqpc.blogage.de
shshitang.com
www.irm.pl
www.xiaoxia.org
enomi.blog.so-net.ne.jp
pulsstacja.fm
vooplayer.com
shishaka.puk.ro
powerprice.pl
pulsar.bg
myforex.ch
myip.com.tw
ekszerportal.hu
singaporebestsite.com
django-unchained-movie-online.blogspot.com.br
sss.gov
www.0pa.cc
www.176686.com
thembp.net
euroguitar.com
pebforum.com
trang-fc.com
great-yarmouthdirectory.co.uk
eodpfiu.de.gg
laudate.pl
become-a-singing-master.com
domigst.puk.ro
www.anrdoezrs.net
plainstone.com
eu-go.gov.pl
veedif.wop.ro
www.tonghuashi.com
forrest.apache.org
www.hongweitech.com.cn
xtlw.yk8.so
paxmusic.co.kr
getfitmississippi.com
domains-for-free.de
hj.cn.gongchang.com
bbs.machine-all.com
xyzdirectory.info
uschovna.cz
bosch-hausgeraete.de
umbrahosting.com
www.jlde.com
kanada-munka.lap.hu
dpe.nic.in
imos.net
www.cdhnc.com
www.gazetapolska.pl
libyagreen.com
zcc.hnedu.cn
www.meirongyuanjiameng.com
www.kansandian.com
www.kkmqr.com
hokage.cz
semedia.pl
salesportal.com
lordgalaxy.ru
ck360.net
mushitv.com
paganunitycampaign.org
www.66ro.net
shahrazade.info
mp3.ulinix.biz
sifflera.wop.ro
heatkeys.com
rastelli.hu
mpop99.com
www.588sun.net
dzm.me
ggconstruct.com
www.7y6y.com
nosferat696.digart.pl
killbillet.com
disrank.puk.ro
djsaniev.prv.pl
jzek.210000.org
familiejournal.dk
kacagva.hu
pnxa.nfdy.net
lo8s.com
www.52cbb.com
tzoefoyu.blog.cz
pujidao.mipang.com
kapiwiki.info
trostrei.puk.ro
jdtzj.com
kentai.wop.ro
wap.tainfo.net
yoururllive.info
todowiki.com
7ta.cn
0851gt.com
vjaffiliates.com
duelevolution.info
ngocha.com.vn
www.kouyi.org
pszczolki.info
xxxlazy1.info
linklaunch.info
z9.singdeadvs.osa.pl
intelligence.cn
stanford.org
domzogrodem.pl
idee-voyage.info
kiribosi.wop.ro
www.166sn.com
mendemagsalt.insanejournal.com
travestiguide.com
www.yocoojj.com
bookmarksitenow.info
ngene.puk.ro
carclub.mk
churchrelevance.com
www.bjszs.com
aiejia.com
akk.qjwm.com
www.tk988.com
www.dytuoyu.com
justz.info
www.f1dy.com
www.jdzjsw.gov.cn
www.yuxinzaojiao.com
msm.gov.om
susanyu.us
videox2.info
skleponline.co.uk
taozheba.com
www.qgy81.com
hyuugaclan1.deviantart.com
www.jw371.com
keyoministries.com
luve.wop.ro
www.shu08.com
coralbus.wop.ro
aangepas.wop.ro
taririon.org.pl
home.qdn.cn
ppdd.com.cn
www.ynrich.net
www.123bba.com
www.ycego.cn
www.hrbyygl.com
wtgyu.com
www.sellnotice.com
www.siwaav.com
atstudio.hu
memriaddr34gb.7q9.info
www.5iav.cn
www.52cool.com
linknic.info
clixseo.info
mokablog.com
dond.puk.ro
www.youai99.com
www.csbz666.com
xl.yiwang.cn
liy8.com
www.lasercutter.asia
www.nimeiyi.com
movezu.info
www.fzcts.net
tigerstudios.net
www.tangjing1207.com.cn
www.kuirui.com
tammymitchell.com
sp2.ro
avs.blog.so-net.ne.jp
swtor-rp.de
lady119.com
dnfight.com
marketingpiraten.com
www.maxcm.com
my.pclady.com.cn
www.stay2rock.de
www.hkaiyasi.com
flaccidcity.info
podgorny.cz
www.51sjj.com
pracawsprzedazy.gazeta.pl
coiffero.puk.ro
wakener.wop.ro
www.rqr.cn
www.010hi.com
www.zaphotel.net
proxify.eu
dukeba.com
www.klmyq.gov.cn
www.kemoqi.com
flynirvana.com
www.brw.cc
tutajdoladuj.pl
tiboteam.de.cg
seektime.info
lwzb.jsstjj.cn
nationalgiftsurvey.com
zuyupen913.com
www.westchinago.com
door.ac
norwexcs.com
dy.fanli31.com
dusty.net.pl
gxil.nfdy.net
www.fsx60.com
usacar.hu
manddiel.org.pl
www.threeduo.com
fortunehide.info
www.chunvw.com
turtlekid.com
2lex.net
www.ccnubbs.com
kuruc.info
claritine.hu
minutorioja.com.ar
ruh.ac.lk
kyouka.puk.ro
gvqz.nfdy.net
www.7599.com
roadbikeoutlet.com
www.jinanjj.org
hacker.salon24.pl
z.wap.ai
larkishness.puk.ro
www.com.bo
www.overclock.pl
pcsupportpro.org
missionimpossible4fullmovie.blogspot.ch
rjexpert.ru
www.nebraskagolf.info
gloriousk9kennels.com
forextradingtrainingz.info
squidlens.com
alcadi.freeforums.org
tiao.500dd.com
beautifulnight.pl
www.touax.pl
piebear.com
backlinkcharger.info
www.yyy78.com
wipo.int
www.dljinling.com
gabifleisch.at
www.116dyy.com
sy.serun.net
zhobgnkfnp.blogtrue.com
decalfx.com
omskreg.ru
www.wjwl.com
wiudyf.fr.gg
mtsotp.com
www.ygxrh.com
fxinco.com
econo.com.ua
electrogeneral.es
cultivat.wop.ro
weho.org
wincoremktg.com
live-map.st7.jp
thaigramophone.com
vb6.info
cinesign.wordpress.com
www.kelebule.com
findyourcashcow.com
721588.com
ohlahotel.com
gpscity.com
sozcukcevir.com
photoeye.cn
aap.digart.pl
johnfwagner.com
robi.com.mk
supplebusiness.com
tdarkcabal.blogspot.com
www.82xs.com
infobright.org
tosiek.pl
ontariocourtforms.on.ca
menology.wop.ro
www.73dj.com
bmedreport.com
yanbian.66law.cn
sampoorna.com
2face-tattoo.deviantart.com
smsslide.net
www.qinren8.com
podatnik.info
carpi.mo.it
www.wakealone.com
payrollapp.com
hent.wop.ro
tinysex.org
ekiscoaching.it
rankerspot.com
powerpay.ca
trafficdiggers.com
neckermann.info
www.toprealgroup.com
donki.puk.ro
0769tyn.com
315mro.com
chcrevolution.com
dirk.nl
www.daoyongyuan.com
fers.puk.ro
www.zjwhlaw.com
zls.jookn.com
hostinazo.com
www.xuyoupong.com
tulle4us.com
www.yfdry.cn
student.pev.pl
spicebox.jp
www.997dzx.com
eddyjugaks.blogspot.com
www.666xiaojie.com
rhbancos.com.br
playarena.pl
www.0451jw.com
media-powerhouse.com
www.360leyi.com
bezpapiru.cz
www.fda.gov
artdstract.home.pl
m1.dk
goldenworks.eu
niuba1.cn.alibaba.com
www.ofacg.com
signite.com
sincere-garden.jp
unwell.puk.ro
w3schools.com
onogue.com
flor360.com
www.fosongci.cn
palpi.puk.ro
kkwzone.com
volkswagen-up.com
www.939988.com
bdsec.mn
my96669.com
gossipall.com
www.masamaso.com
storemobi.com
asianluvscock.a-livesexasian.com
precipiti.puk.ro
zggcdyz.cn.gongchang.com
www.luangeli.com
qzv6.56dvd.net
www.tjtjjscl.com
www.jsdtj.com
danzstrandclub.hyves.nl
btc000642dmia.com
goodfigh.puk.ro
neijiangganji.qiannan.org
www.symantec.com
www.tpstar.net
www.cdcovers.cc
www.2012it.com
www.hzdf12.com
www.1000txt.com
voorgeko.puk.ro
schools9.com
www.kedengdz.com
yaruo-antenna.sakura.ne.jp
sielelectric.com
cruxbookmarks.com
e-imle.in
inwerken.wop.ro
pohodnik.info
faldxgzqfr.blogger.hu
yogavillageacademy.com
magv.info
www.kmshuhua.com
hcf.or.jp
shaboozey.com
hrb.kuche.com|www.cool-movie.co.cc|tinasc.com|jf.le5588.com|www.zqp168.cn|114.org|walkinginengland.org|www.bjbihua.com|www.szitwh.com|www.nuozhixin.com|lapianyi.sinaapp.com|www.gupuw.com|hz-cronicas.com|www.qg-knives.com|51tolive.com|loach.net.cn|b2b.in-en.com|www.130ee.com|www.xunweicn.com|gqweb.net|www.cndu.cn|jrpg.jp|www.hsdbg.com|www.fpiao18.com|www.dengjean.cn|a.mobantianxia.cn|www.topimitationwatches.com|www.www.mgscl99.com|www.serun.net|www.njzz.cn|www.sjhfs.com|www.huachengjiaju.com|www.aisangna.net|www.nj.gov.cn|bookcase30.jiuyuewoba.info|compose.com|gbpu.265link.com|omuma.com|iwphoto.ru|6h1122.us|lugojcultural.3x.ro|138dh.net|www.xdibanjia.com|wordpress.com|www.xshpjy.com|wapcfzf.com|linkologia.pl|zp6868.b2b.hc360.com|hgiaksiwnyxo.blogtrue.com|gefortomus.womanblogs.net|www.186hh.com|www.bjmeishunbao.com|sgyz.net|www.ylzuche.com|www.hunu.edu.cn|tsitaty.ru|www.ztseals.com|actresssex.a-maturescam.com|6442.nfdy.net|www.semm11.info|appspot.com|weinheim-web.info|capitoljs.com|bzw.tw|www.sunwaybag.com|cwkgfwlxzq.blogdetik.com|ungerfab.com|365aiao.com|www.4wt.cn|www.fjqsl.com|www.csapa.org|www.nttdata.co.jp|plusblog.pl|juliahanzl.com|balanciez.puk.ro|gameofworld.net|gs24.pl|www.zhongguo315.com|www.gameflve.net|www.dgsc.cc|www.chunyan.org|www.027jpw.com|lieche.tee5.com|www.shszc.com|qaplsxrm.blog.mongenie.com|shdb.org|www.zxint.cn|servador.puk.ro|www.173yh.com|www.tsjsr.com|qa9n.qiwen5.com|www.sc2bn.com|www.qiangzi.cc|mpenziwangu.net|you.xiaoyoyo.com|www.ehaiwan.com|webulog.de|www.hyytsteel.com|thesocialnetwork.org|www.chinaztt.cn|lqqxqeoh.blog.mongenie.com|virtua-footie.com|webgarden.com|adol.nfdy.net|www.qdsyjx.com|www.autosiskolamiskolc.hu|www.jinanyingda.com|xyun.com.cn|mediakosar.hu|news.gpxz.com|www.ap-gangbanwang.com|www.yihuei.com|www.sothink.cn|feiyiban.cn|offeso.wop.ro
mitutoyo.co.jp
makingstrange.info
design63.com.cn
zhukking.net
gimpuj.info
mo.bizdirlib.com
www.autonalepky.cz
luvisrani.com
www.eking.cc
tougao.eduanhui.com
greenville.sc
kelleyryan.com
rentals.com
sun-and-moon.net
scalepans.puk.ro
bzg2d.com
mo-mama.org.ua
therdstore.com
mkgenetic.digart.pl
www.mg150.com
www.webfly.pro
www.ceac.cu
softwarespc.net
freeuslinkdirectory.info
ishield.ro
megduerksen.typepad.com
kasja.pinger.pl
cs88.co.il
reproches.puk.ro
besoffen.puk.ro
eszak-magyarorszag.istenhozta.hu
mihailneamtu.ro
www.zltjb.com
captur.tv
afkode.puk.ro
linkses.com
joker-group.net
persianskin.com
www.xn--vguv6s9a860e.com
insertcoinclothing.com
battingcagesbb.com
www.dxsdiannao.com
fresia.puk.ro
martinguitar.com
sekininn.wop.ro
qqq315.com
puk.ro
www.fjit.gov.cn
jump.ag
caname-roof.jp
www.junminqing.com
www.77qe.com
sxd.plu.cn
www.13392791697.com
olimp-supplements.com
presitmv.osa.pl
demokratkocaeli.com
www.zzlifu.com
download-incubus-ringtones.blogspot.com.br
dongtini.com
thejonolsonproject.com
automaticwebsoftware.com
marlowecandlecompany.com
www.gojsj.com
notehallindia.com
planet.apache.org
adult-affiliate.tv
ghdhairsalon.com
www.8limi.com
h3qt.qiwen5.com
taniedlugopisy.pl
wiralodra.heck.in
nowa.su
pamunkey.info
medinaonline.se
9mannetwork.com
revistadesign.com.br
www.hywlm.com
muninetguide.com
officelist.com
xvwb.nfdy.net
kaopusj.com
kapolo.com
3g.tkss.co
www.meinvyy.net
www.mmtooo.com
cfau-pd.net
app-blog.tv
crowsdarts.com
freshgays.net
horo.wop.ro
nanjing.jhu.edu
www.xiaoxuew.com
halldis.com
www.reset.it
bitv-test.de
www.gths.cn
dysipo.dongying.gov.cn
florigen.puk.ro
fazes.wop.ro
www.puma88888.com
himeji.sexta.jp
blackteengf.com
studiengaengen.wop.ro
thirty.name
revistajardin.com.ar
cxtx.nfdy.net
fransitadawul.com.sa
lespom.flog.pl
watcharab.com
www.sanguo7.com
fuckcams.com
www.jj-fashion.com
yaohou888.com
f6rd.nfdy.net
weblogs.us
mici.gob.pa
www.mdqipai.com