jsw.tjbc.cn
empleosqueretaro.com.mx
teayuan.com
www.dagangjituan.com
scassino.puk.ro
backlinkcharger.info
www.futabasha.co.jp
gered.wop.ro
moretrend.net
dzix.nfdy.net
shop57490376.taobao.com
city32.com
ddea.info
mdoff.blip.pl
dhj.cc
www.dlysled.com
ovis.nl
wapfc.com
bbs.zaojiaohome.com
www.8paimai.com
fineteenimages.com
238000.net
www.3188.net
91jiji.com
wdfa3.011r.com
endstation-rechts.de
karsmanset.com
arenacineplex.com
dierenfan.nl
rozebome.puk.ro
www.5khh.com
echte-demokratie.info
unsecrec.wop.ro
zdm.ch
deltasearch.net
bbs.cfanclub.net
www.776zz.com
dreamysamplz.deviantart.com
websiteoutlook.com
nasaimages.org
activobank.com
apresto.puk.ro
intelpage.info
sushihouse.cl
crescographic.wop.ro
media.ifeng.com
realestatecomplaints.in
forumi.dervina.com
64ze.lizhidy.net
nanren.se
funtter.com
kruemeln.puk.ro
pulsstacja.fm
fiekevoncken.hyves.nl
myanmarsongs.net
024anmow.com
mlblogs.com
dyenamicsolutions.com
netgold.hu
dt2.yzz.cn
thefeministbreeder.com
wesclark.com
litsfdgqs.skynetblogs.be
dufair.com
prolineplayer.com
bbs.bt5156.com
ecgorzow.pl
heyash.com
logo54.com
metrojambi.com
yaki.puk.ro
ytjszy.9998.tv
the39clues.pl
podberi-notebook.ru
www.655rr.com
mp23.ch
atbbs.jp
korea-dating-tips.com
decorationchannel.com
dzikazabawa.pl
football-irkutsk.ru
www.gzcs11.com
myvacationconnection.info
www.jhreal.com
uni-sb.de
holycross.edu
alagoasreal.blogspot.com
vecino.wop.ro
mommyoctopus.com
www.jxrencai.com
suteto.wop.ro
pugyaaaaaaaaaaa.doorblog.jp
www.kole.cc
versosdeamor.info
www.tmz.com
gxtaotao.com
luxuryhomes-usa.com
www.hammaro.se
chnlove.asia
www.bnjj.com
siwykon.flog.pl
mall.goelia.com.cn
588722.com
docento.es
newham.gov.uk
kkcoo.com
etatposten.puk.ro
amhfcu.org
lianliankan.me
johnjoseco.deviantart.com
bfizffok.blog.mongenie.com
nuevalandia.net
benc.pl
haoysy.com
micromagic.ru
rhona.com
flabbete.puk.ro
love-black.com
cyberboards.biz
xapian.org
funznlolz.com
groei.wop.ro
www.inoherb-s.info
heavenfresh.co.uk
kate093.wrzuta.pl
erdos.com.br
srrc.78.cn
peopleviews.net
33c.cc
www.metasign.nl
intropagina.nl
body.5200tv.com
radio.queer.pl
e-lib.info
www.zzlbjh.com
milano24ore.net
hansoku-express.com
expendogames.com
exiug.com
ayamemayonaka.deviantart.com
www.cnsmo.net
airlib.be
divinedinnerparty.com
it-cp.net
inandaround.ie
changde.house.sina.com.cn
7766suncity.com
1.9787.com
kali-gula.flog.pl
0832idc.com
topblogged.com
hockey365.de
asciimw.jp
debianhackers.net
www.1941.cn
egesjavito.hu
leasedeals.nl
dn0f.qiwen5.com
kickitright.com
968111.com
jlru.nfdy.net
flash1.software.informer.com
bafanji.wop.ro
bys.aynu.edu.cn
courierpostonline.com
warema.puk.ro
baixingfeitonglfpjiageb.1168.tv
raui.org
cretaforce.gr
ivans.com
bohraganeshsansthan.org
migiue.puk.ro
indiesmusic.com
amrod.co.za
all-gay-video.com
huangsedianying.info
statushomerealty.com
clankillas.com
momondo.pt
banzaj.pl
concursosolucao.com.br
niuda421.blog.tianya.cn
520wpe.com
maxwell-light.com
8181168.info
fotos-host.ru
abitare.it
copywriterjournalist.com
bbgyy.com
tolerancy.wop.ro
ewuska497.wrzuta.pl
nfri.265link.com
squirrelmail.org
dl.impressbm.co.jp
www.spbopen.ru
myaccountingsdegree.com
atahotels.it
neergaar.wop.ro
ausbdsm.info
zvyq.210000.org
laptopfan.ca
insatisfaites.puk.ro
astraclips.com
euroticket.pl
ernsting.com
tsukuban.puk.ro
7b10.info
healthxchange.com.sg
cookies.soup.io
gekmeske.hyves.nl
doyeah.com
m1.517gc.info
absolutelynew.com
bizvotes.com
andrit.com
www.mm151.com
doggishl.puk.ro
www.mvvn.nl
quirksmode.org
car-body-parts.com
art.net
hostratings.co.uk
gamestrees.com
3g.sina.cn
cctv6dy.info
whiggarc.wop.ro
jeepsunlimited.com
apayao.puk.ro
bbs.0710-zy.com
kjmagnetics.com
sportingtv.eu
gruebele.puk.ro
ilchildsupport.com
articlemind.in
www.g25.com.cn
kvaz.com
myuti.com
www.190123.com
liveme.org
8090.info
bo2forum.com
syrfuture.com
24ddd.12397.info
cityprotocol.org
b3ay.210000.org
www.zsdysjj.net
dailydealgame.com
greenlitebites.com
byootmasr.com
nekobento.com
gopal.puk.ro
aimjunkies.com
www.pese.co
desperat.wop.ro
felton.pinger.pl
freezer.we-seo.net
prewashi.puk.ro
far3na.com
yun.im
www.saibox.net
kjfz.210000.org
angol-magyar.hu
asian-gallery.co.uk
dieticiandegreeonline.org
fullvn.net
changhong.com.cn
lsc.edu
bolisi.com.cn
azarask.in
fxxsw.com
oilsandsnetwork.ca
symetryczna.pl
3322.cu.cc
361du.net
nnd8.info
choowap.com
www.dvd2016.com
bermingh.puk.ro
tcpcam.org
eu.lap.hu
hollowne.wop.ro
sz.youjiao.com
afwas.puk.ro
avkuso.com
miee.tk
debant.cz
der-feuerwehr-shop.com
8373.vgb.no
sincopar.puk.ro
jelly-beans.co.jp
omerfarukkali.com
beautygirl-story.com
bestescorts.co.za
www.xglcq.com
jongensm.wop.ro
www.eawag.ch
438sq.info
acadiankennedys.com
banjin1.com
ex-astris-scientia.org
addtodirectories.com
airent.co.jp
chinab2b.so
s7hx.210000.org
linkpopularityservice.net
openusine.org
cmbl.biz
letteth.puk.ro
dui-nh.info
deluxe.wop.ro
44zl.com
vbzp.nfdy.net
be-lufthansa.com
souqm.com
0902muzapar.33591.com
artica.fr
centropuccini.it
e-yillik.com
am9.ru
ppopp2013.ics.uci.edu
3dprintables.org
zkstsm.com
www.cast.net.cn
www.quye.com
xianggangliuhecaigongsi.org
diariodecuiaba.com.br
aitr.info
pxxmjqnw.freeblog.hu
eurochance.bg
changgang.com
mediafinanz.de
www.esiwa.com
ciddiask.com
csillamtetovalas.lap.hu
daleel.net
ara.blip.pl
maraq.info
roelie30.hyves.nl
mastersite.info
www.sangha-care.org.tw
elinformedavid.com
www.twsese.com
itspark.ro
enagicwebsystem.com
klaziena12.hyves.nl
touben.wop.ro
allbordercollies.com
studio-synchro.fr
pr-directory.asia
8jzw.com
occupyyourself.org
www.gzdwp.com
www.haijiangdy.com
mafiascripts.info
gorlice.pl
dangdangcc.net
adda4u.com
triggs.puk.ro
cadpaui.com
unitn.it
kardia.pinger.pl
10-yuan.com
kremsa.com
bananagiant.com
cfssj.1168.tv
pegujar.puk.ro
emcee.digart.pl
onthesamehost.com
busse-yachtshop.de
mhsalumesquires.com
cityofthornton.net
49yc.us
omphali.puk.ro
kissamaailma.net
energyhealing.co.in
freshyi.com
utusan-malaysia-online.com
khutba.org
bel.com
movieshare.org
www.torst.pl
1024.inc.gs
buyu.qiwen5.com
97sd.com
pixelworks.com
czasplocka.pl
naturalparentsnetwork.com
medjugorjelive.org
fujobonaqepyq.de.tl
www.gw123.com.cn
www.vpner.net
olivebra.wop.ro
bgr.in
webnode.cl
i-network.com.co
4dk.ru
feodosia-motel.com
isocialbookmarking.com
www.sinoef.com
beskido.pl
hunter2.software.informer.com
crossinternetmarketing.nl
webauskunft.info
www.yyse.tk
grynet.puk.ro
electroniki.gr
9vod.info
barbados.se
www.bxzcw.net
beinsure.info
faltunisia.org
discdog.pl
andybaird.webs.com
reitousi.wop.ro
herr-schuessler.de
seharshaka.blogspot.com
innovative.com
chuangjia16.cn
fareast.sg
fpsc.gov.pk
alignrc.co
diecutstickers.com
broker-test.de
iphone-1.info
susanstechtips.info
bebekoyunlari.org
digg-tweet.info
itaxi.pl
gsfc.wop.ro
v-net.tv
bieszczadzkiewzgorze.pl
www.qqq88.net
domy-wakacyjne.info
gis.vsb.cz
www.h3478.cn
motocaina.pl
32463.diandian.com
irc.bg
cpadreams.info
dddblue.info
countryman.co.za
114.xiantao.hb.cn
bld166.com
wenzhou.baixing.com
grahamite.wop.ro
81o.info
vonkelde.puk.ro
karadhras.pl
dmdstudent.com
400.jxmmw.org.cn
amoregratisperledonne.it
arska.org
teleurope.eu
descular.wop.ro
ddnpx.net
www.9u8u.com
daiks.digart.pl
jktyre.com
auramag.ru
enlachamba.pe
cashes.wop.ro
ganmaojd.1168.tv
webmastercv.com
easobuy.com
ankang.66law.cn
beerknurd.com
myblogsite.com
gl6x.265link.com
krystalchen.co.uk
weilei11599.blog.163.com
lagt.nfdy.net
roddywoomble.co.uk
amsreo.com
trinityplaces.net
infomag.jp
sofcase.net
stovemaster.info
34ls.com
reszkessetek.uw.hu
etlz.nfdy.net
entretien.wop.ro
fallschirmspringerclub-kaernten.at
360buyc.om
vzochat.com
20jok.com
majorhollywood.co.th
honda88.huijucn.com
jwmis.zlvc.edu.cn
archallegro.pl
claimyournewcard.com
poleko.mtp.pl
agora.pl
itstartswith.com
buffalo.com
3zzs.com
huafeichashe.taobao.com
arrangetosettle.com
blaxa.com
www.hezuqingren.com
www.pytv.tv
five3.me
soolp.info
33.gy
www.nacta.edu.cn
www.unibag.cz
angol.info
byojet.com
fanyi.5w.com
cntrades.com
jenkle.com
blogatoi.com
putri3.co.cc
magazinga.com
ixck.com
bikergonia.com.pl
chexing.net
9.133hk.com
math93.com
acquistareuggs.com
playfreegames2.com
raucid.wop.ro
craphound.com
animalporntube.org
shxiling.com
china.soqi.cn
pros-du-net.com
tenendol.puk.ro
bizspace.co.uk
jcjy.jsjyt.edu.cn
www.dgsq.cn
5stank.com
prdoska.ru
freevisa.info
curama.jp
sunweb.nl
www.yinlaodi.com
2020gamer.com
www.13sse.com
www.invema.es
bjltly.com
www.0567.com.cn
aditro.fi
www.crh.pl
salerm.com
bookmarkingbizzard.info
3xf.info
arwen.flog.pl
all-transport.info
air.7kt.info
wilter.puk.ro
www.lsxs666.com
go2article.info
jinta.678114.com
blog.sg8.cc
fyva.265link.com
www.sanfengliantiao.com
www.mercedes-benz.dealer.zhaopin.com
it-fans.tk
t-gate.tv
ipsantarem.pt
fitnesynergia.pl
071magazine.pl
ouvertures.info
icg6.com
67xo.com
lecho.wop.ro
gilfondrt.ru
kit003.ru
django.pl
guardiannewspaper-momo.blogspot.com
tutticap.it
www.liempt.nl
guihuaxiang.com
burirockclub.com
ereflect.com
dsfc.net
cstyle.co.jp
idbipaisabuilder.in
destrozador.puk.ro
humyai63.info
amigascene.nl
heart.clevel.cn
megaplayer.info
solicits.wop.ro
drjeans.hu
exclusiviteshopping.com
bbs.sohuko.com
oslogo.com
www.monkbbs.com
ipc.blip.pl
dl00.k3y3.net
amerika.2link.be
ctweathergeeks.com
devis-piscine-gratuit.fr
cids.de
cahbagus.info
www.posuiji520.com
vip.51kids.com
60daysalestransformation.com
1639sex.com
lodov.com
ebano.puk.ro
waltharisfest.de
drivetheamericas.com
www.landg.nl
401.mx
www.kosekikai.or.jp
koelngrund.de
bemailer2.info
abgesonderterer.puk.ro
591ecpss.com
biza.puk.ro
ar-co.be
dns.la
hefei.qiannan.org
bulksmsindia.mobi
s1mone.cc
athleblog.com
aitu.wop.ro
miyosire.wop.ro
shushise.wop.ro
38811.com
lbtao.xindeke.com
yougedi.net
lickitty.com
www.iwugu.com
bunkre.wop.ro
armtoday.info
diversifiedbusiness.us
zlgmcu.com
inferia.se
a0331.9wad.com
blizoo.bg
aaronw.me
webcash.pl
anytimefitness.com.mx
bestwed.in
plusxplus.co.uk
anmoltv.info
ingegooi.wop.ro
58wenxue.com
flights.ctrip.com
coachingcomercial.com
www.gkin.net
6109.jp
milcomp.eu
colmextrading.com
46dy.com
91longzhan.co.cc
copiar.puk.ro
pedie.eu
baglett.co.za
www.sexjk.com
cyberprogs.ru