anaisnin.com
www.shoescheap.biz
www.yibin.cn
lifetree.com
bjjq.78.cn
www.bk1.jp
blaf.puk.ro
caob.5sai.net
73ss.com
motoros-kifestok.kifesto1.hu
brazip.com.br
linux88.info
bressure.net
agewithwealth.com
awaytoloseweight.com
ioffer.net.pl
xj.189.cn
txyq.nfdy.net
chuguidenvren.cc222.com
exper.org
www.cnzhnyu.com
238000.net
colorieforme.it
www.yihushixi.com
stockq.cn
www.sunderland.ac.uk
hupan.net
cipher.pe.kr
mrgoodenough.com
www.52022.net
hotelsunrouteplazashinjuku.jp
nutux.ch
www.firotour.cz
vaporizer.wop.ro
questionnerions.puk.ro
www.wlddd.com
castaluna.com
formedtouch.com
www.17kaixing.com
krueglein.puk.ro
adepem.com
spinnaker.blog.so-net.ne.jp
chistesverdes.net
promagnumcorp.com
active-bookmarks.com
www.ops.dti.ne.jp
www.zhuhai.gd.cn
cgfilm.net
doujisib.wop.ro
tss2.gov.do
diversifiedbusiness.us
www.semjl.com
znami.info
iniziass.puk.ro
nyanya00.xfree.hu
agoda.se
holdingbag.com
qqoq.cn
boothkoskoff.com
mhk.pl
chineseporns.com
www.sz-airs.com
narat.wop.ro
nintendowiki.ru
xehost.net
lygsdljx.com
kniver.puk.ro
www.yabais.com
www.zzhit.com
vip.kkaac.com
bookofsex.com
www.tssr.nl
djscene.lt
asiasex-pornofilme.xxx-365.net
non-non.info
guetissellfin.galleryblogs.net
fylkesmannen.no
danbarry.com
undevelo.wop.ro
www.aizhigu.cn
facsbook.org
tradestime.info
ylxk121.com
decofinder.co.uk
mesuradamente.puk.ro
www.pck550.com
adsdia.co.uk
abcissa.puk.ro
embraco.com
www.cheapbridalwholesale.com
immocb.info
bbs.xc.zj.cn
twistzie.wop.ro
tenagusa.puk.ro
blogs.guardian.co.uk
pixbaz.com
trommene.wop.ro
collagesonline.net
penedofm.com.br
crcf.org.cn
www.988hot.com
molliznar.puk.ro
wenbiquanzenmeyang.diandian.com
soulnyc.com
www.esemes.cz
shimizus.wop.ro
buch24.de
muaythai2000.com
ys.222hh.info
ibdaily.mofcom.gov.cn
www.zxhp.net
zhougongjiemeng.org
www.huluzhai.com
7vvbb.com
www.gzsht.com
rtg-mag.hu
www.pp4dvd.com
ed4s.com
wireless-driver.com
www.myspace.com
fabriekswaar.wop.ro
shlmkfp.com
tirandoonda.com.br
1koi.com
promocity.eu
marngguo.org
hpbbs.zol.com.cn
thenichecenter.com
skarbowo.pl
isunglass2000.com
a3.ck33.cc
www.jiyin88.com
obst.de
loonwatch.com
dofollowbookmarkingsites.info
agricamping.it
osl.iu.edu
t.home.news.cn
top81.cn
madgoat.cn
dgsport.cn
xn--8ey7wer.holy.jp
polskie-firmy.org
66289.info
igol.flog.pl
sineriz.com.uy
forumboards.info
www.zjygdq.cn
yokefellowofcaldwellco.org
xonetv.info
article-database.com
ipcase.info
www.apache.jp
zzywfzp.78.cn
yiwoduan.com
www.nxalm.com
9948.210000.org
avsese.info
www.ccys.cc
moopedia.org
upsset.com
mononchus.wop.ro
nbdongyingcom.7190.cc
zwiez.ly
blog.habitafrica.org
www.cheerioqz.com
cinema.lt
keyborsa.com
ohgodwhy.net
walllegel.freeforums.org
mattya.puk.ro
hongyaxiancbd.fdchs.cn
blotka.eu
sweetpoison.com
fissata.wop.ro
www.pengkuns.cn
hotedra.eu
enass.info
goldmax.pl
jingzhumingmuzuh.1168.tv
www.artishockevents.nl
sherlockclient.info
tuningzone.lu
drought.wop.ro
triptero.wop.ro
www.slhi.cn
zugen.1168.tv
startupselling.com
andybaird.webs.com
flashes.eu
www.128fp.com
selfandcamera.tumblr.com
pure-beauty.hu
spursfansays.com
www.kdly.gov.cn
c4w1.k3y3.net
girwali.puk.ro
www.d17.cc
marbella.to
shime.wop.ro
bigfishfullmovie.blogspot.co.nz
www.chinamidas.com
www.rjzb168.com
pfaendes.wop.ro
85wq.net
ivepesp.org
mdu.edu.tw
pmswworksite.com
cookies.soup.io
mcanime-ligero.blogspot.com
pyroclas.puk.ro
robertwhite.co.uk
outhit.wop.ro
www.tgxb.net
zpshop.nl
tvbtm.info
afflict.fad3.net
hj6v.265link.com
mada.265link.com
ydgi.210000.org
issip.org
kenesty.com
lunashops.com
toshikai.ca
www.djl0.com
saii.puk.ro
yam.co
nodga.wop.ro
sndimg.com
www.xingyufushi.com
sul-999.org
clintandrew.info
cypers.wop.ro
berlimosa.page.tl
www.ivpp.ac.cn
learnrealenglish.com
bauhaus.es
www.4006913999.com
eruris.pl
kzzp.78.cn
sungaijodoh.wordpress.com
wpark.info
shennongjialinqudaisi.fdcez.cn
snakeholes.com
niyaa.info
alecshao.tumblr.com
www.hzphs.com
colg.cn
nonsane.puk.ro
phcorner.net
nizze.se
www.gywj.cn
koph.hu
www.rentiju.com
qq-msn.com
www.miedzy.blog.pl
cafeandesloove.nl
www.g-blue.info
www.80banjia.com
www.opsa.org.nz
lengtv.com
www.cnweapon.com
putlockermovies.net
www.dlxgrc.com
www.smgbb.cn
huawen.qdao.cn
xf88gw.com
6070.az
forsetinn.is
snowboard-online.pl
wapcp.cc
www.hdi.at
syria3.com
bigmouthmedia.es
bezeqint.co.il
airbel.com
oead.at
messynessychic.com
n8or.qiwen5.com
efishwa.com
nbww.265link.com
harbourrecords.com
camdevcorp.com
wubomei.wop.ro
ugwz.210000.org
torrents.eu
mardigrasmusic.com
boulevarddrivein.com
www.profisport.hu
33suncity.com
guyw.210000.org
monsterdrdreheadphones.org
i.zailx.com
dvoogled.com
tkxin.com
przymusiala.pl
castleworldwide.com
oscilles.puk.ro
aphoticmag.com
pmadit.com
148casinos.com
travis.tx.us
ng.pl
rcy.fr
iconodul.puk.ro
xifenglie.info
zxw64897.68480.net
gudebrot.wop.ro
cablemodem.ch
fengji168.com
www.tezgc.com
www.eu-battery.com
forum-gitara.pl
akitaring.net
www.kleis.it
desition.wop.ro
noorin.net
www.qlhp.net
robmar.blip.pl
www.1go8.com
hd.0752rc.cn
www.udgnw.com
ferwor.flog.pl
www.tjtjjscl.com
alphatechny.com
nevesta.info
rixz.210000.org
www.it24.se
www.hsgyy.com
thedatahub.org
splinterdirectory.com
ronfla.wop.ro
tuu.com.vn
www.sanzuopian8.com
whois.com.tr
osaka-u.ac.jp
clixneo.com
www.boshop.no
defenceforumindia.com
www.90fh.com
groei.wop.ro
tvn.blip.pl
www.icfrussia.ru
brandsoft.pl
extremevidx.info
inpeperde.puk.ro
newsdemon.com
milkam13.digart.pl
szamitogepesjatekok.hu
macosz.hu
mountainbike.com
myphamohui.net.vn
indexr.info
www.lolajl.net
heavenandhome.com
livetvchannelsfree.in
teenshomefiles.com
artatelier.de
www.qq1314521.com
actualizatu-nod32.blogspot.com
adelle.ro
ishigakijima-paradise.net
1314916.com
inwerken.wop.ro
www.lihuiwh.com
www.91mrks.com
mister-wrong.info
yanfun.muzika.cn
sportsimages.blip.pl
www.nunes.nl
tappi.org
genelec.ba
curvescomplete.com
fracasseront.puk.ro
northwestontheweb.co.uk
ijobo.com
music-30ty.mihanblog.com
asaiberry.org
shuqi.com
mitsubishi-motors.com.pe
vereno.at
pelais.wop.ro
www.ddd20.com
athlonsports.com
www.feizhuming.net
www.nre.nl
sexgazetka.pl
oetv.at
cheapbattery.jp
www.91ttkan.com
cfdonline.cc
reopen911.info
google.co.je
434pp.com
irishbaggies.com
78c6.210000.org
freesocialbookmarkinglist.com
rightcopywriter.com
addresslink.info
atnm.56dvd.net
versosdeamor.info
www.bcs.ru
www.ganb.in
www.roon.ro
www.97ssdh.info
antman.opx.pl
domki-abart.pl
northkingdom.com
edofoto.net
cafeleak.net
julu.net
diqinggongjiao.fdchs.cn
oyajiclub.hamazo.tv
mandil.psychoed.wwwwww.wop.ro
korrdon.info
kitacchi.wop.ro
moogmusic.com
infegaming.hu
necom.de
seomarks.info
kangoshi-g.info
yczx.fengxin.gov.cn
wildfishandship.com
www.51plain.com
4theloveoffocus.com
edenkert.hu
www.lsmy.cn
www.wshzhx.com
history.daqi.com
livingofftheinternet.net
osram.it
bandacartoon.com.br
jd.365jia.cn
chemgio.bigphim.net
hidar510.blogfa.com
tfyogurt.com
www.gzlvnuo.com
manabinoma.com
shopthegateway.com
firstrowsports.net
bexsex.com
vonderha.wop.ro
7mbz.cn
www.fudian-bank.com
hzrb.cn
fcyl9.net
idev.co.in
www.wzfilter.com
listlesson101.com
www.789jianfei.com
town.ehime-iinet.or.jp
nakedwee.puk.ro
builderhouseplans.com
daujones.com
bcz49.com
mustardseedatl.com
davvero.org
bigfishfullmovie.blogspot.sg
5tfk.qiwen5.com
notebook-laptop-computers.com
www.eking.cc
dsthdd.cn
wsseo.ru
nikolaos-eventi.com
hafner.wop.ro
bloodfestival.livedoor.biz
everyday-wisdom.com
www.zhuzhou.gov.cn
www.mantoubi.co
upaithri.puk.ro
mdevonline.fr
w3og.info
worldracing.info
shop34597632.taobao.com
91084.com
www.cntaoxin.com
estoredream.com
photo.msn.com.cn
zycgrw.stuwap.com
www.xinhuangse.com
argesto.ru
exquisite.cc
themisstisdale.net
www.3888sao.com
advantageroofingsystem.com
babes69.us
rezhanchani.webs.com
freedofollowdirectory.org
penaddict.com
dominospizza.com.pe
banne.wop.ro
midworld.co.uk
ydfw.qiwen5.com
guestplace.net
nationaldebtrelief.co.uk
geschenkbox.ch
argusian.wop.ro
dm.vio.pl
bese.info
www.cbb.nl
newriders.com
www.fute-china.net
www.istic.ac.cn
www.lokbond.com
lygrc.78.cn
vcbytes.com
valuethe.net
seyiyi.com
junhuili.com
powerbullet.com
atomicon.nl
scooterpasion.com
pinakes-zografikis.info
yuaeuu.co.cc
broadcastpress.nl
sephisemagazine.org
linkdesk.info
bryanveloso.com
www.zjjta.com
kinoimageconsulting.com
tempus-vivit.net
sabormediterraneo.com
haokan.la
azarask.in
lightukid.bloguez.com
sd.jzrc.net
efficom.fr
bikol.puk.ro
www.bryedu.com
sneakerbardetroit.com
wirtualny-agent.pl
www.mmyy1.us
alexandersantiques.com
www.sunnulaekjarskoli.is
projectlombok.org
shzt.org
adfactorypro.com
lol.81813.com
domy-wakacyjne.info
summary.net
ontai.de
design63.com.cn
ducros.info
firstdata.com.ar
denkspiele-online.de
www.chinese-universe.com
cbonds.info
www.xq.net.cn
gxpx1.ceat.edu.cn
upcomingnudescenes.net
abc-faire-parts.com
myirena.com
etxf.nfdy.net
warpzone.jp
mmyy.us
www.320324.cn
hiveworkshop.com
v139.nfdy.net
cec.com.br
www.crucimarmura.simeria.info
bbs.zjghot.com
review-script.com
nb1500.com
btcf.fi
help.lab.alipay.com
fantasticmusical.com.my
www.btime.cn
sbarre.boshihok.wwwwww.wop.ro
guardianangelportraits.com
www.romania.ro-site.com
kingsroad.co.uk
analysis.no.net
jkbookmarks.com
propylaia.org
uu15.ucoz.com
www.waimao1.com
www.twcom.org
beanandgonecafe.com
thyj.yzz.cn
www.pixelunion.net
wordsendingin.com
gepros.com
publaw.fyfz.cn
nt-24.com
product.it168.com
nmfilm.com
1x01.in
www.ina-zhoucheng.com
vivelejeu.com
hdtvmedia.955uc.info
collegiatelearning.com
butwehavemusic.com
www.84eee.com
ztrmowerreviews.info
www.chuangtukuaidi.com
juegosdedoralaexploradora.net
shopoboom.ru
kifocus.com
fando.wop.ro
57mt.com
www.zufangb.com
wordai.com
andaka.com
lanzhou.51chudui.com
theimasd.com
markallencam.com
kravfitnow.com
skypehelp.com
programasok.com
feest-muziek.startbewijs.nl
www.cjnep.net
www.laiba520.com
www.pycx.4f9.org
catalog.lcms.org
koselakautosiskola.hu
pssix.blogspot.com
www.hkyj.net
cnp.hk
startour.dk
mau5hax.com
rekrute.ma
bingostreet.com
www-paloma.com
articlesbook.info
christwire.org
ukparachuting.co.uk
imballas.puk.ro
canalplus-caraibes.com
www.o51k.com
inform-insatsu.com
antropos.puk.ro
qmlandqj.eju.cn
shajuu.puk.ro
www.358tg.com
e-social.com.br
solmedlatinamerica.com
soczed.com
demotivacijamk.com
increasebroadbandspeed.co.uk
fjsp.org.br
weidaning-xz.com
iphonesa.co.za
wzgp888.com
bookmark-fastupdate.info
danilooneto.org
ucla.edu.ve
gabriella-kartenlegen.com
world-of-photo.net
davidmorgan.com
krssms.com
homeorgies.tumblr.com
s-elly.de
irkflowers.ru
kstbusinesssolutions.com
careerage.com
diyij.net
wir-bedrucken-shirts.com
kaluga-poisk.ru
1200-calorie-vegetarian-diet-p.blog.hr
danonki.pl
jeffreyjeromedean.com
9158luo.la
tatweer.edu.sa
cirurgiasplasticas.info
rhzhifu.78.cn
celestialstory.com
subeducation.com
wegbreek.wop.ro
www.sxzpsp.com
desi.io
www.e47.cn
www.leppin.is
tagesgeld-uebersicht.de