hcdukla.cz
txdy.tk
www.54com.cn
atemi.ru
sscn.pl
southbaylo.edu
ssc.pl
stadbewoners.puk.ro
srebromarket.pl
www.yiwu.gov.cn
spoletoweb.com
sport.com.mk
sportsimages.blip.pl
matchclub.net
ooops.pl
softsait.ru
blog.heiguang.com
soulati.com
bazarek.pl
webmarketingtips-4u.info
caditec.de
456bookmarks.com
opruimen.wop.ro
www.nunes.nl
pinoyau.info
a4u.pl
diplotop.fr
seo-reklama.pl
a00daveskyler.a-lsawards.com
suzhou.51chudui.com
euroabc.pl
ebbo.nfdy.net
honghot.net
hotmark.eu
drei-zinnen.at
truyentranhvn.org
survival4moms.com
susanstechtips.info
klubzixo.blip.pl
v-texting.com
svar.pl
chat.lwtv.net
www.91se52.com
sms.wim.pl
tshirt.st
baus.net
smietniczek.pl
smartclassonline.com
slupsk.pl
ediponatan.com.br
sms.ge
slump.info
hardwired.hu
smard.info
swiatzwierzatrybkoi.boo.pl
svoim.info
svtb.info
meetphp.pl
swiatswiatla.pl
club.tw
17520.info
www.smmail.cn
zbierka.sk
sweetorange.pl
www.cisco.pl
stancjowo.pl
newconnect.pl
www.tmb.busko.pl
forexforex.pl
www.vezetunk.hu
ewise.blip.pl
ws.flog.pl
mocaz.pl
www.xmball.net
djsatkoosfiesta.tk
hotproduct.info
ww1.mkf7.com
extech.cas.cn
konciq.wrzuta.pl
www.wawa66.com
w16.wrzuta.pl
coinombrab.freeforums.org
eko.wpt.pl
sky-video.pl
b2b-center.com.tr
agovv.nl
tpc.gov.tw
chunseju.info
livetvsport.org
gravatar.com
pozitiff.info
3e1.info
thyjgq.com
bardon.edu.pl
pleasurableeruptions.com
zmer.prv.pl
52dqq.info
www.sexingba.com
atusia.flog.pl
gartenpflanzen-infos.de
pomabu.com
shoppingzz.com
studiorasch.pl
naukowa.pl
forums.mapletip.com
pornhq.pl
andrzej08.digart.pl
www.ftshuku.com
rubyonrails.pl
eurobrokers.pl
itswet.hyves.nl
bevelyn.info
netwizarddesign.net.au
isneach.com
epomoc.pl
rvlt.info
ramar.wop.ro
aahv.210000.org
wowmagazine.pl
no3b.net
sabaragamuwa.info
www.mcafee.hu
jmaaze.diandian.com
heraldtimesonline.com
www.nuria.pl
nokero.com
fckgaytube.com
fuckmytoons.net
chachala.com
www.gzb2c.com
51gan.info
digihex.pl
turbulenceahead.com
wulfsber.puk.ro
543ggg.com
che.org
enchtex.info
523.info
alusshop.com.mx
servery.cz
www.uu11.com
wolca.info
www.168mm.info
kastamonu.evden-eve.gen.tr
dewitech.com
gonirwana.info
edgerails.info
ciema.info
edunauka.pl
ggral.flog.pl
www.ets18.net
educamia.org
www.elmastudio.de
neodaq.info
young-photos.info
toppotraviny.cz
aventurerons.puk.ro
viva.info.pl
fujianyan.net
angle520.info
beate-uhse.tv
freenight.pl
krijnhoetmer.nl
sgjgh.78.cn
bbs.icezz.com
cervera.se
www.seacha.com
clasweb.info
www.xxx41.com
controlarticles.info
wweather.info
docizi.mil.pl
certh.gr
gorlice.pl
fcwap.net
afriepen.puk.ro
rachel1145.pinger.pl
tamililquran.com
logsexe1.info
vergleichsweise.info
ddsoft.pl
tstzone.info
help.ninemsn.com.au
bz.newssc.org
pkp.pl
kdu.cc
finelife.pl
fabiaowang.com
tiger-co.tk
www.111zy.info
ultimahost.pl
www.huayi-kr.com
dosata.puk.ro
a6w.pl
www.uxx.cc
finelychopped.net
helenka.flog.pl
e-services.com.bh
4waves.ch
www.1ksns.com
iwaa.pinger.pl
anthems.com
wpsite.info
socialviews.info
6nj.info
xixihuafu.com
rihannavid.info
hotmovies25.blogspot.com.ar
sjp.pl
www.918cw.com
www.men.gov.pl
zajezdi.cz
www.amea.pl
samsunggalaxytabacce.3ia.info
lowcost-airline.info
e7z.info
geteut.wop.ro
pattinaggiorsm.info
westernregionaljail.info
www.freebackgroundweb.com
free-press-release-center.info
chouwazi.com
oncode.info
www.cbcz.net
www.inkoffice.com.au
rst.com.pl
kenwood.com.br
se.x92x.com
winter.co
antikwiteit.puk.ro
patheos.com
www.kopos.pl
troett.wop.ro
www.fcfastavzlin.cz
shaem.digart.pl
poe-m.info
rda.krakow.pl
vittlesandbits.blogspot.com
radiofama.com.pl
avviasse.puk.ro
www.sns.pl
sndx.nfdy.net
se117.info
etechnewsbuzz.info
e-wmmt.com
direttaradio.it
todio.info
job-less.info
webmiles.info
pcchips.com.tw
ntxqq2010.info
57kan.info
ranking.pl
hyipforum.pl
sonicbrew.info
zdupix.info
wmmarket.info
www.zebco.pl
www.nopgs.cn
tom000.info
av-qvod.com
video.soso.com
norris.flog.pl
buccaneers.com
muffi.pinger.pl
www.aicop.it
hzsse.com
xfmaya.info
ok.cidu.net
koubb.info
tylkoprogramy.pl
ncl-coll.ac.uk
xhq1.info
91hhsh.info
www.wmae.pl
sznik.jogger.pl
www.grpg.pl
redcactus.info
fpress.info
brainville.pl
ikaten.wop.ro
iroziro.wop.ro
lowcostwebhostingz.info
www.tivi.pl
cnpaf.net
sat-life.info
aharmony.ru
grannarium.com
visabureau.com
www.lgdxdl.com
url123.info
slounik.pl
bjbzzyc.cn
slownikkomputerowy.pl
ketw.info
hk.biaogeer.cn
juancong.com
b2search.pl
prta.info
fragnet.net
sattop.info
kulturystyka.org.pl
homepagebd.com
njzt.info
wqtty.com
showbbs.tianv.net
wikify.info
carbon-card.ru
phonho.info
fullorissa.com
bibliotekacyfrowa.pl
shofusa.com.pl
tvn.blip.pl
api.789zy.us
utoski.pl
kenyaplace.com
autofacts.info
mamfirme.pl
innews.pl
smile-web.info
opperhee.wwwwww.wop.ro
rocktown.pl
www.jtplay.com
wetfeet.com
www.tiexam.com
eigo-nikki.com
theireland.info
wowhd.co.uk
goodone.info
dekordia.pl
izk4.prv.pl
jukku.info
aussitube.info
lammaniee.info
wiara.wm.pl
baruch.pl
campermania.net
www.400288.com
ashy.pinger.pl
prawna.pl
dentonet.pl
priveadres.net
usa.se.pl
hnefatafl.info
wenren.com
piroforum.info
megashare.vn
uuys.info
freedirtoday.info
abifinance.pl
kobieta24.pl
tenzo-smr.ru
deloir.puk.ro
real.pl
qixi.w5w5.info
obtenir-rio.info
skyconn.info
freequalitybacklinks.info
fuscia.info
midamericanbank.com
healthservicedegreez.info
junkan.info