danielanonim2.wrzuta.pl
glgbpx.com
1314q.info
genot.wop.ro
kempwire.com
aaabillsremvalists.com.au
touritalynow.com
slashdotsite.info
zhucka.lt
rgf-hragent.asia
17044703.5sing.com
xixichengyuan.com
instantlinkbuildingsite.info
pelle.blip.pl
socialbookmarkingspider.info
youjizz-823a.tumblr.com
perech.com
nnxmbh.com
mtweb.pl
whinvasion.pl
onoz.cba.pl
dikaryon.puk.ro
thoja.com.pl
bbncci.puk.ro
www.cdmyjia.com
t3lmtumblr.info
www.shuangchaa.info
mxd.cn
socialoneplus.info
renem42.hyves.nl
alphaoch.com
boombang.tv
galopuje.pl
9s9q.265link.com
hectopascals.yunban.chu.jp
montplac.com.br
pixmania.pl
creativegroup.com
lottovergleich.com
wlfo.265link.com
americanbannerexchange.com
www.c1th.4f9.org
fundida.wop.ro
xixihuafu.com
gryczko.pl
mdwuyan.com
www.magyar.sk
arscsc.wop.ro
m.gyao.yahoo.co.jp
ayob.nfdy.net
blavish.com
ergoarena.pl
wmapa.pl
www.klops.pl
se7enfullmovie.blogspot.nl
www.010ugo.com
www.1stekeer.nl
tom-es-jerry.jatek-online.hu
www.8504110.cn
kevinmaher.info
cinewarez.net
fridayafternextfullmovie.blogspot.in
www.hifiklubben.dk
keg.cs.tsinghua.edu.cn
wosp.org.pl
zolza.digart.pl
punidora.wop.ro
lfccro.com
bestwebhostingservicesz.info
blogger-hints-and-tips.blogspot.in
red-knights.com
fastspeeddate.info
alud.wop.ro
cybernet4u.com
diezmesino.puk.ro
mediacontacts.com
www.aihaizi.net
ffue.210000.org
84aaa-823a.tumblr.com
mishakal.com
candc.blog.hu
napma.com
bqspa.cn
seo-shop.at
it.uz
vixen.co.jp
www.tscprint.cn
korathealth.com
socialroot.info
themewp.com
wanrong.ycrcw.sx.cn
kartgroup.fi
oksyd.blox.pl
e-monki.pl
40752.hemelsesex.nl
www.uxx.cc
www.cqcfyy.com
geekberry.net
ohioathletics.com
www.bdili.com
tiny.cc
kia.lap.hu
www.enom.com
chachala.com
motorsport24.pl
detoxyouinfo.com
mypm.net
www.beautiful-mood.cn
anunciad.com.br
plcf.info
uitsteke.wop.ro
iyans.com
www.yo-mei.com
rybnik.com.pl
givingitaway.ca
pozycjonowanie-kojotek.pl
freshsocialbookmarking.info
fjordhestlaget.com
consumer-rankings.com
breakthrough.org.uk
mhyelearning.com
fkzfdfni.blog.mongenie.com
365aiao.com
bubunkou.wop.ro
filegate.net
riim.210000.org
fyh.faayoo.com
fx.flash-l.net
darrein.wop.ro
fz.jxcn.cn
ubuntu.hu
aeroclub.com.au
fz1x.com
fghrt65745.917917.biz
www.zhichang.cn
268988.com
astronavepegasus.it
korseberg.com
atim.mb.ca
assocuochicagliari.it
indirimduyurulari.com
arthurnumanloyalrscmilngavie.co.uk
nibbl.ru
samenianrealms.com
perfectline.com
www.aimama.tk
emumame.ru
entermedia.mx
garudaindia.in
escolainfo.com.br
drupal-translation.com
e-l-l-y-5-4.hyves.nl
multiplusmobile.hr
huiz.114.org
www.leling.cc
diatomaceae.puk.ro
luigor.tk
dososinh.biz
annaitiz.wop.ro
bronchen.wop.ro
fractureme.com
hookers.rs
gomekongtiao.cn
nijmegen.web.nl
xrco.265link.com
bloklists.blog.com
devastiate.puk.ro
www.250071.com
treppenliftinfo.net
fatcowbusiness.com
blockemovietheaterejo.wordpress.com
www.yun-peng.com
patdollard.com
raumfahrer.net
persuasi.wop.ro
myppc.it
b-fit.com.tr
afe.pl
fuzoku-station.net
www.xxjsweb.cn
www.sykal.pl
porn-newsek.pl
betterbookmarking.info
vacancesespagne.fr
saxony.de
korkep.sk
moi-dieu-ta-chua-noi.vn
baros.wrzuta.pl
www.xtjingbao.com
bud-man9.webs.com
tupian.meinv.cn
xiao.zhi.ma
exportimportforum.com
aanharkt.wop.ro
www.bgk.pl
download-50-cent-ringtones.blogspot.fi
hvol.net
gire.vn
hxjl.maijx.com
henson.blip.pl
ksiegowosc4.eskk.pl
hxjtdc.com
romantica-roskilde.dk
uzoq.210000.org
gotbusinesscards.info
motorama.it
www.jylzs.cn
www.chitao.ru
www.reliu.net
daisuke.pinger.pl
fota.flog.pl
laplink.puk.ro
iwgd.nfdy.net
shiyan.orientalweekly.com
lifecho.org
playpc.pl
henshuub.puk.ro
petite-annonce-campingcar.com
hh.zlcw.us
www.hljjyw.com
voornoen.wop.ro
mizunoworld.info
it.buyvip.com
www.yaotiao.tk
borelia.pl
psnfans.com
bbs.chinaz.com
www.cbf.cz
herballuxuries.com
mojecelebrity.cz
bimbo.com.mx
www.jd3xin.com
bronkie.wop.ro
charlero.puk.ro
www.capitalsouffle.fr
chiefarticles.info
hisforeskin.com
purelynsfw.com
kansaifreeads.com
sports.chd.edu.cn
www.qieyu.info
rasmussen.fi
vecinabella.wordpress.com
www.6bet.us
minoruta.puk.ro
investorsinproperty.com
oiik.tk
sms-zdarma.as
juancong.com
nextlinks.info
powerdieselgenerators.com
huica.tk
visitbudapest.travel
reupload.it
bruna.puk.ro
mi.99btgongchang.org
stably.wop.ro
www.bosch-agd.pl
littleaudrey.com.au
ketsu.blip.pl
tunner.wop.ro
www.kx508.com
cyberrepublik.com.pl
just1word.com
www.laroche.nl
google.com
time.net.pl
give1get4-israel.biz
goingglobaleastmeetswest.blogspot.com
imprimante.biz
seo.pe
miyoshi69.digart.pl
yikaow.com|phitter.com|idwhois.info|edxyzxxj.blog.mongenie.com|www.yktairui.com|www.sldy.info|www.pts80.com|7898989.com|www.av977.com|www.dclinks.cn|prchecktool.com|paperpost.com|www.zbhuida.com|www.huliye.org|www.autoday.com.cn|blogmall.net|xnzk.nfdy.net|fb.ru|www.suhuicheng.com|www.rucinvren.com|www.cwebgame.com|xinse.net|www.qqlaoda.net|www.1216.cc|aprohirdetes.biz|xaryrcamev.blog.mongenie.com|carpettiles4u.co.uk|www.88f.com|edws88.com|www.gzf66.com|sktg.nfdy.net|www.shszc.com|weblearningit.com|shop203003.b203.shopex.cn|cn.le5588.com|www.355vv.com|chinataoci.taobao.com|geo.newworldwiki.org|www.diyixiaotuan.com|149zz.com|icar.by|offersbookmarks.com|occupyburlington.org|www.lmmw365.net|adminunion.com|www.rrk3d.com|style-huis.nl|www.ay303.com|punlun4436.huijucn.com|jiancai9.com|dianying.1913.cc|www.dfxz.org|www.22lxw.com|www.vu99.com|www.hmzsc.net|www.soqiye.cn|thraexsoftware.com|www.sss2222.com|www.shopfanhuan.com|www.spxdy.com|aiguowang.atwebpages.com|www.4006848085.com|www.lamtzs.com|utall.wop.ro|www.xshpjy.com|6ku.cc|www.yyhun.cn|oktelugu.org|tramecpolska.com.pl|wmlz.78.cn
94seav.net
blogbox.ch
borgognon.net
fxqyw.com
groovejob.com
syojyoreipu2.alink.uic.to
ventasdeoro.net
savicom.net
jognote.com
mein-italien.info
iulusfan.com
www.g2000.in
corian.cn.china.cn
kaerchercenter.at
kaffeebusiness.de
www.cybersulting.de
farceerd.puk.ro
alliedweb.net
aldonka.blip.pl
www.139ppp.us
io.com.gt
markered.info
keyborsa.com
cool-proxy.net
test.msk.ru
kwivu.com.pl
www.alrin.co.kr
bioecolo.info
dred21.flog.pl
gotdns.org
craigmurray.me.uk
en.wikibooks.org
planetpinup.com
www.4551.cc
whdkgycoo.freeblog.hu
doandroid.info
banwh.com
cybermonday2012tabletdeals.info
poradnikogrodniczy.pl
linksspot.info
falmouth.ac.uk
devzeal.com
cps.qianshou521.net
sterowane.net
angebote.allgaeu.info
alfatv.pl
gymzl.ic.cz
richosoft.co.uk
blogroyal.de
tianyami.com
farmvillepolska.pl
marmolade.digart.pl
prodigy.net
x.rentipic.org
logiprint.es
moualal.wop.ro
www.97789.net
goodental.com
rockasspig.com
missegzotica.com.pl
kroplowka.pinger.pl
www.fsnandu.com
recetas-cocina.com.es
www.fangshaoshi.com
jiepaisw.com
ftvgirlvideo.com
teredo.pl
ikumou01.com
onmam.com
hotelesperu.info
straalka.wop.ro
teachy.wop.ro
51xinxi.cn
iwaaa.blip.pl
wyxsk.com
electronistas.blogspot.com
sjrx.info
minicreateurs.com
georgiawebcrafters.com
thedailyclassifieds.com
shibaharikhatiwada.com.np
lemondedesavatars.info
hivaidstribe.com
www.huayi-kr.com
brechthouben.be
troostli.wop.ro
markcon.hu
hupan.net
kalocsai11.fecsegj.hu
theashleygroup.com
koalasplayground.com
beliceweb.it
aira.pinger.pl
gold-nm.ru
gamecard.mobi
7adesign.com
haigezhileng.com
www.langrenw.com
mi.99bitgc.org
przejdznaswoje.pl
mexiko-lexikon.de
neostrada.pl
suta.wop.ro
notebookpro.ru
hotmovies25.blogspot.com.ar
999120.net
jkmn.nfdy.net
wam.ae
28yes.com
ywbb.k3y3.net
sapphireenergy.com
freebooks.vn
greek-radio.fm
kotkapsotka.wrzuta.pl
amrk.blip.pl
www.11sdh.com
wondershake-jp.tumblr.com
grabthegifts.com
www.jufc.net
goooai.cn
lsatwin.net
iran-antik-3.tk
qun.zix.cc
herbarii.wop.ro
kfc.pl
cc.wwmmm.net
freeby.puk.ro
pelais.wop.ro
epica.nl
www.ewelosa.pl
www.119ww.com
www.boguwang.com
menelgame.pl
epac.to
www.cqxcs.com
www.zxooo.org
www.inovaairpurifiers.com.au
sztukasplotu.digart.pl
sylwu.digart.pl
prawybory.edu.pl
meusacessoriosapple.com.br
plusde.info
bzwbkpressfoto.pl
krabi.go.th
seans24.pl
www.binzhouzj.com
adarte.pl
www.881mi.com
london-se1.co.uk
radio-dream-dance.com
nekolen.soup.io
honghushan.com
yamamura.com.br
gi-backoffice.com
runwave.de
lorizzle.nl
sephora.pl
www.bct3344.com
trackurtime.info
storageshop.hu
www.yuehuib.com
www.petks.com
axhu.cn
akutv.pl
www.guifei.info
gorgony.pl
imgwykop.pl
www.mv01.net
vate.puk.ro
creativology.pk
15163.ywec.cn
domosti.ru
ilcia.pl
shablony.info
mazda3klub.hu
space.itpub.net
66h88.cc
xn--ick8a9gpb1412h.com
dirbud.pl
www.myphotobook.se
www.jingzhan.cc
toquebella.com.br
bermuda-attractions.com
ancangio.uga.edu
unicat.lk
bianjian.org
phpbb.com
hdchurch.org
webrisorsa.info
theprestigefullmovie.blogspot.hk
randombuzzers.com
gzlf168.com
5s5j.com
mkvi.info
gomania.co.za
igatto.blip.pl
m2-navi.com
classiccar.com
trannymovieclips.net
tur-info.pl
dy365.tv
sylwia1003.wrzuta.pl
eroewens.co.uk
pan.wroc.pl
uwbvmcrs.typepad.com
alarme-protection.info
www.fengshou.biz
pandaa.pinger.pl
bnr.epl.ee
wheelsecondhand.com
mo6.me
baby-walz.ch
mycam.hu
webmagnates.org
hxy173.com
socialsharing.tk
yfdisk.com
nasz-warez.info
autocarsrelease.com
cazforum.net
mp3.pl
elajty.pl
normanes.puk.ro
www.xinyinte.com
www.roca.pl
qurl.nl
muriculate.wop.ro
2581.wangbu.org
dynanet.pl
www.vipll88.tk
saarig.wop.ro
elfaelektronika.pl
lgblog.cl
mind4you.pl
skuptelefonow.pl
unternehmensberatung-wiechert.de
e-tlf.com