sa.newsclassifieds.com.au
webdevtuts.net
hearts.wop.ro
7-blog.cn
asiawebmarketing.asia
theextrememarketing.com
barrierepoker.fr
incubit.pl
www.sexgs.net
imokvjjucej.de.tl
linktransfer.info
linkstatistics.co
davidunited.digart.pl
gafoto.pl
weltfremde.de
esmalagha.ir
prwv.info
clevelandgolf.com
typhaceous.wop.ro
archivesnet.jp
bocarder.wop.ro
rumus.web.id
tao.lajiz.info
hereteens.tv
scorpene.wop.ro
www.030505.com
doublemedia.net
2click.pl
cracksites.com
sesefa-d73.diandian.com
icnb.pt
hs-heilbronn.de
katalogaptek.pl
maennersachen.info
trainwithme.co.uk
frontrowreviews.co.uk
gouyiyi.info
fc-zenit.ru
hi668.net
bettong.wop.ro
gedoopte.wop.ro
pendrions.puk.ro
rockchat.mobi
saznaj.ba
crocuses.puk.ro
anindes.bloguez.com
wijlimburg.nl
ditzel.wop.ro
tventje.sexybegin.be
desipage.info
3ji.info
www.hy1158.com
sistarbanc.com.uy
chocolate-ptc.info
hospital.fad3.net
radicalreference.info
zoyka.blip.pl
guihuaxiang.com
sydgm.gov.tr
1net2.com
23rt8.gn2012.com
2938.ir
66289.info
anunciamas.info
addictionblog.org
alma.wop.ro
amherstarmsandsupply.com
bcconsul.ru
beuche.info
britishcouncil.pl
bursa.ro
mephitin.wop.ro
dipendra.wop.ro
directoryinclusion.info
dkjulia.dk
flight.118114.cn
gaarf.info
glsz.2000y.net
hispace.info
ht-world.org
johann.puk.ro
korba08.digart.pl
ktalegal.com
kutyas.jatekod.hu
lanexa.wop.ro
llrenti.info
mojenoclegi.pl
mtv.pl
17fav.com
nuestronombre.es
otoku-juku.info
propartner.pl
pastarito.com
pixelvert.co.uk
sabaki.jp
sewmv.info
shov-shuv.uz
sinhvien18.wap.sh
skoedecentret-digital-tinglysning.info
soho98.net
teamrahola.fi
thomas-krenn.de
tracke.net
turnto23.com
vihar.linkpark.hu
vlz.ru
wariest.puk.ro
wesoho.com
www.cd5117.com
webuiltit.biz
www.evida.es
www.livedoor.com
www.myjiaan.com
www.platan.pl
2el4.56dvd.net
www.zsq9.com
wwww.777ke.com
rss-easy.de
catie.ca
bellesmith.com
baidu.com
fukugour.wop.ro
trannhom.vn
kabayantv.info
china.eb80.com
china188.net
40777.cn
chinaibi.cn
vinnitsa.info
articlesprove.info
diemden.trungdich.vn
diendan.gpm.vn
diggingfortruth.org
digitalizalo.net
dimonbos.a-liveprivates.com
directory4websites.com
diyitime.com
www.dj897.com
dobradieta.warszawa.pl
jedistocks.com
jeez.jp
jegyelovetel.hu
jena-im-wandel.de
jeparafurniture.com
jf6d.uqc.cn
jgmalvqiyd.blog.hu
atehenmei.com
jgyy.wst.cn
jhankinewz.info
jhkcrejiee.freeblog.hu
www.jzjj8.cn
rungmung.net
hholidayrentals.co.uk
52kzh.com
edit.li
omdeed.wop.ro
interpoleerde.wop.ro
www.91q1.com
taenda.puk.ro
sblz.nfdy.net
gotbusinesscards.info
khb.kameromania.pl
africaconamor.net
specanest.za.pl
moip.gov.ck
kruidhof.us
talia.ua
heg-portal.de
gzhimin.com
kabana9f.1168.tv
3034.cn
www.ttclub.pl
pc-online.es
doshops.net
52jrsh.com
tybnqhzmczfr.blogtrue.com
gersimi.pl
venturecraft.jp
noyait.wop.ro
infozones.in
telegazeta.tvp.pl
letterforms.puk.ro
kritte.wop.ro
bartolomeo.soup.io
ogbah.wop.ro
appartement-dun.istats.nl
travick.ne
deniru.wop.ro
kormarket.ru
sesefa-db73.diandian.com
koubb.info
angac.puk.ro
scsyfjy.9998.tv
tss.gov.do
ftp2share.net
tsukyomi.ldblog.jp
mgll.flog.pl
pwawrzyczek.pl
setia.pl
ribenav.info
gaixinhgoicam.info
birl.nfdy.net
aelchheb.free.fr
allargassi.puk.ro
xmm.co
licnioglasi.org
www.nntrr.com
sitesays.com
kdoteje.be
zadira.info
aremc.hyves.nl
kuechenhaus-online.com
perkle.wop.ro
tafelkleed-bumba.istats.nl
indexspider.net
www.ka7a.net
www.zkhospital.com
www.chuwei.biz
www.nczd.ru
weibo.com
kaizentracker.info
juancong.com
eluxury-replica.co
www.z24.nl
tarrianc.wop.ro
jandp.soup.io
locknclimb.net
jakoscobslugi.pl
gossipqueen.nl
elobservatodo.cl
ausliefernde.puk.ro
w3c.es
p8w.info
piprojekt.pl
www.qjedu.cq.cn
www.360ysh.com
nanman.wop.ro
tv.jingzong.org
inditrade.com
liroly.hu
rico86.wrzuta.pl
tt.5aw.info
tjgxgt.cn.china.cn
www.thegioitruyenhinh.net
bocian.org.pl
3458649.blog.51cto.com
www.modamp3.com
nijmegen.web.nl
ktyl.blip.pl
do-follow.info
diatomaceae.puk.ro
air.7kt.info
fhcwiki.org
youporncul.info
agoravox.fr
arcula.puk.ro