expansible.puk.ro
siwn.210000.org
onlinebankingservicesz.info
thebigu.info
znojmocity.cz
www.yeyaba.net
benefon.info
ingyen.wyw.hu
internons.wop.ro
eonespana.com
banban.so
klaraar.flog.pl
toneel.wop.ro
yaknge.wop.ro
interlinks.info
xfmaya.info
virgenespenetradas.info
fptsaigon.info
hunter-gamers.net
www.rb3j.com
www.yjyfd.com
nc.zxbo.net
9jo1.265link.com
31cao.31cao.com
shihal.ru
400shencai.com
480p.me
stat.gov.pl
aelchheb.free.fr
pantone-france.com
outhit.wop.ro
bellhops.wop.ro
gretelies.blogspot.de
www.xunta.cc
www.mn8mn8.com
www.jiyin190d.info
www.548.cc
www.jetzt.de
crivellato.puk.ro
check-your-website-ranking.nl
meranerland.com
marshallsales.info
www.yyets.net
umbrella.co.rs
indiamoney.com
www.lookgz.com
spanknet.info
sulfonal.puk.ro
www.unilever.pl
xdahbutwh.bloguez.com
dth-live.de
sakae.keizai.biz
www.kadanz.an
norran.se
www.xce123.com
hc-lan.de
www.xiaojie581.com
gotbusinesscards.info
myface.com.nu
falter.at
wifi-soft.com
warbook.pl
veldwachter.puk.ro
okselstu.wop.ro
jiudian.youxiba.info
trabulsi.com.mx
offstumped.in
southlondoncollege.co.uk
ngocphithuy.vn
www.kuaibo.li
todaystextads.info
shop.ecidu.net
www.lxw588.com
www.7k7khhsh.in
videveritatis.pl
katakiut.wop.ro
meth.tk
www.barmot.pl
daa-wirtschaftsakademie.de
www.szdef.com
69879.com
sundiscount.eu
zhailin.net
pacojana.pinger.pl
saisyouk.puk.ro
anieto2k.com
tuzmester.hu
ariena.wop.ro
www.94xx.com
sex-advertenties.eu
darazs.wop.ro
ruletaonline.biz
www.pro6.tw
magiczne-strony.pl
lz.58.com
www.88887100.net
www.ahbz.net
top10000.info
zattiero.wop.ro
diarioelnortino.cl
csii.usc.edu
sptc.ac.th
litka.wop.ro
www.jd.com
blog.meta.ua
superangelical.wop.ro
hack44.cn
www.kanmen8.com
w7ed.k3y3.net
nk577.com
dubb.9r.ro
zdto.nfdy.net
salankikoktel.info
domain-generator.net
zasobnik.eu
morgenau.wop.ro
tymu.265link.com
leontheprofessionalfullmovie.blogspot.fr
wilner.wop.ro
gondtalansag.hu
dotnetwebservices.phpchinaz.cn
komparing.com
7sale.taobao.com
blucolor.com.br
videoporn7.info
findwhatwhere.info
www.zjj.la
tecoloco.com
movieszilla.info
hvtvalkvv.blog.mongenie.com
www.icfrussia.ru
hotcast.info
steroides.biz
www.hr366.net
usertutor.org
www.kxnw.net
www.6666eeee.com
www.bluz.pl
tortownia.pl
alltm.org
causers.puk.ro
mannoket.puk.ro
www.nbcl.org.cn
cb6.cc
iref.nfdy.net
www.unesco.ch
carhopp.info
zzzs.si
gbki.nfdy.net
twtn.nfdy.net
www.cpa96.com
oilonwhyte.com
jarlen.wop.ro
tubesexe2.info
muk.ac.th
animetoplist.org
touritalynow.com
sunnyfly.com
sso.go.th
mehrverdienst.info
www.citybd.net
keepyourbookmarks.info
kreken.wop.ro
blog.kazulo.pt
lizza.ru
rzulita.digart.pl
www.lawog.at
fioreperu.com
mobilfunk.ru
ttann.com
www.mayin.net.vn
moean.ru
bookmarkinguk.info
thuthuy.wop.ro
traveletour.com
mpcreation.pl
www.iwpax.pl
turserwis.pl
blogusav.info
wein-reich.info
www.vivat.be
el-oso.net
plkk.pl