vividworks.fi
hpnokia.info
evoucher.com.pl
kodbul.org
napoleontrois.fr
starkl.at
www.redyk.pl
travel-mexico.info
mufti.in
www.x789.com
verdomme.puk.ro
freeoa.org
hdfreewallpaper.info
wikitags.info
b20o.265link.com
smartibs.pl
blog.3czhidao.com
6296.com.cn
samsunggalaxytab10in.7m0.info
font.cc
hiddengate.info
hitechpc.info
ekujawy.pl
humyai95.info
independent-investor.info
krzeszowice.org.pl
anguilles.puk.ro
hinrichsen.puk.ro
v-gn.de
www.boxun.com.cn
piotrekkaktus.digart.pl
freeclassifieds.pro
jagoi.wop.ro
sacdivino.org
heijinsha.com
www.ilse.be
direct.co
www.ssc60.com
caiunanet.us
www.meter.hu
psiaki.prv.pl
ttkxgwdau.typepad.com
beerven.wop.ro
massgear.wop.ro
zdto.nfdy.net
blumio.net
xj.taofang.com
linkstag.info
0663idc.com
tofciak06.pinger.pl
verjubel.wop.ro
strategygamesonline.org
en.app.hu
www.sxxhq.com
hckozubova.cz
d-modules.com
huhennews.net
super-turbo.net
kitcheninstallation.org
dorkroom.info
yyzs.zhuxiane.info
www.brickspace.eu
oobang.com
wahmommies.info
fuzhou.bgo.cn
lz.58.com
animegod.info
vostok.rs
www.nnn62.com
domenomania.pl
qd.digart.pl
scsqj.com
supercocktails.com
www.yuandaocn.com
taihi.wop.ro
free80sarcade.com
eu1l.qiwen5.com
sklep.tvp.pl
imigra.com.ar
www.fshg.cn
www.pornocammovie.nl
www.ota.ro
www.hbhb.cn
herogeme.alink7.uic.to
soifdezen.com
ltbz-free-beat-downloads.blogspot.co.at
j2kl.265link.com
manson.org
alish.digart.pl
eminem-relapse-2009-album.blogspot.ie
usc.edu.tw
reunie-bolsward.nl
bathroomshoppingclub.com
perterra.org
ofertadelmes.info
ccbc.co.jp
www.soehardi.nl
lifein.hk
bunoiu.ro
pubers.wop.ro
prwv.info
openonline.pl
1000day.dumex.com.cn
chachala.com
job.dyit.net
itbites.com
gizmodo.com
fehg.nfdy.net
unitn.it
var-immo.net
epicurisme.puk.ro
sexe4.org
zanussi.co.uk
www.leike5d.com
pos-bj.com
www.y4dg.com
marketingbyemailz.info
time.al
ijci.210000.org
nsdesign.co.uk
aeonity.com
esyoil.com
www.rdkc.4f9.org
4.am
marseille.tv
rapidspool.info
crawlr.net
inzl.nfdy.net
gadgetguruji.com
www.17817.net
xifeng1915.9998.tv
sexehook1.info
guihuaxiang.com
nathaliexd4ever.hyves.nl
jusaozh.info
dezt.265link.com
sociedadephd.com.br
polska-klasa.pl
www.bbswj.gov.cn
belmo.us
4nb.co.kr
bellhops.wop.ro
sunweb.nl
leile.flog.pl
sewages.wop.ro
www.5han.cc
zrce.210000.org
zyuuketu.wop.ro
656bb.info
hoppe.blog.so-net.ne.jp
www.191av.com
clickfordietfood.com
www.manufactor.at
www.gzxfy.com
www.yyets.net
www.industridesign.lth.se
voipsector.com
www.ir3s-sympo-eng.net
zosiaikevin.pl
livetvsport.org
3gqq.com
3twilightcocks.a-lsawards.com
hsport.ps
512bxfc.com
58g1.lizhidy.net
bzxwoqsffg.typepad.com
aisakura.wrzuta.pl
daigou.eachnet.com
daijia.bj.cn
dali.87bz.com
der-hausinspektor.de
dell-forum.de
souvenir.olsztyn.pl
dj.khodj.com
doggieblogs.com
www.vc010.com
dq12333.gov.cn
uploadgold.info
dukascopy.com
www.showsx.org
www.jrhjw.com
duplexers.puk.ro
wallpaperhub.net
edfagan.com
www.jaffa.hu
www.tarzania.pl
falter.at
ediponatan.com.br
soki.wop.ro
888.ac596.net
newry.wop.ro
enthusin.puk.ro
ficeler.puk.ro
fiss.me
fjpkw.com
forthegoodofmasonry.com
ghostriderace.de
isabellanilsson.se
jiwi.nfdy.net
www.16star.com
kapiwiki.info
kartenlegen-wiki.de
skedaddle.puk.ro
khapk.com
liuxuehr.com
newshere.info
mazdaspeed.com.au
pocketfulofdreams.co.uk
tastyarticles.info
400shencai.com
qianwancaifujiaocheng.info
8dph.nfdy.net
videoglazok.ru
18rt.info
hanko21.info
superautos.cl
pilniak.digart.pl