www.autokawa.pl
indicaties.info
alegramy.pl
caojinchunv.info
fqhs.nfdy.net
www.pbczyt.pl
world-star-pics.info
www.cxsww.net
soysparta.com
ocasionalia.com
qmq.78.cn
turkiyeturizm.com
www.sinoef.com
eoneo.com
ymccolumns.info
ccftn.com
cannapedia.me
bmsi.ru
r8a157.eakk.net
www.dayecao.com
parting.info
saoxue.c.la
kwiaciarnia-silentium.pl
cyrkulewski.pl
3db.pl
yorest.ru
ogusu.info
suluam.info
scootercommunity.com.au
stshimo.com
www.nocay.com
spell.pinger.pl
www.sexio.nl
gunp.jp
www.hbga.gov.cn
techcampglobal.org
gid43.ru
utajeno.cz
kyuusin.wop.ro
55wd.com
openbit.pl
www.algf.ru
www.bjfdc.com.cn
unpartiz.puk.ro
juancong.com
34wk.com
cos.pl
transora.pl
e-direct.info
www.volret.hu
webmemos.info
volga.digart.pl
tinyurl4.info
hlv.blox.pl
rb-new-voh.de
www.jejsukces.pl
www.ntit.cc
xtec.cat
securitymonitoringz.info
exposomealliance.org
www.coe.ro
idcard.jiuyaocha.cn
indigowebinc.com
itivarden.se
smssex.lt
jalougallery.com
worldsoft-oasis.info
wowsomegames.com
wtabkol.cba.pl
www.0663.net
www.0rbi.com
www.10086la.com
www.1212se.com
www.169ba.com
www.1717ly.com
www.33ldh3.com
www.365zhaosheng.com
www.369eee.com
www.festivalbunnik.nl
www.ayjyrc.com
linksin.info
www.e-ka.cn
www.abwerk.de
offersclick.pl
bakkepla.wwwwww.wop.ro
www.hotman101.com
www.414784.com
verascop.wop.ro
www.069f.com
www.517bocai.com
www.animonda.de
www.gaac456.com
www.ymysc.org
www.lidianchi.cc
www.51taobao.net
www.53dns.com
www.555787.com
www.5qcn.net
www.666za.com
www.765ggg.com
www.91huigui.com
www.aaalab.net
www.afutv.com
ultravnc.info
www.arcub.ro
www.baidu3234.com
www.shenbao.org
antuctimbga.womanblog.org
efxtrading.info
indian-jobs.info
www.qqqqssss.com
www.hmzsc.cn
brigrugbyleague.co.uk
www.bloomberg.co.jp
www.boxing.nl
www.boyaceo.com
www.caea.gov.cn
www.chiefwolf.com
www.cloudleft.com
www.cwebgame.com
www.spilonline.net
www.dajuanzhi.com
www.dgshunjia.com
www.dihadi.com
www.dofob.cn
www.dsb4.com
www.fitliving.dk
www.freedomairportservice.co.uk
www.haola.info
www.funv323.com
viessmann.pl
www.fxsx.com
www.fyjzgs.com
www.game1122.com
www.guannan.tk
nova921.fm
www.hnsbzg.cn
www.htys.cc
21linktay.info
www.huayuan.org
www.jfdibyibifbf.com
bestcellulitecream.co
www.jiese.in
www.kendo.pl
bizzone.pl
hit.waw.pl
www.market.ba
www.58dq.4f9.org
byui.edu
www.kmlg.net
www.ljeda.cn
myninjaproxy.info
www.llse3.net
www.longccc.com
www.manil.pl
www.meiyanjie.com
www.menorca.net
www.mn444.com
videoxxx16.info
www.zoolux.pl
stigroup.pl
bionet.vn
www.oakleysunglassessale-uk.com
mahendra.prv.pl
y0.pl
www.pipehy.com
www.pww.cc
www.qdbdc.com
www.qgar.hu
www.qvod-2.com
www.sncf.fr
www.sochor.cz
radideneg.ru
linkavailable.info
www.statika.hu
www.stock.vc
www.sxhack.net
mymobiles.info
www.szdef.com
www.taorenxi.com
pressenet.info
www.tjtjjscl.com
www.uetd.nl
www.upf.edu
sf66.com
www.verbon.nl
www.vikari.is
www.webniq.nl
www.weso.es
www.whufc.pl
www.womenofchina.net
www.wooup.net
www.wspia.pl
www.xawz.net
www.xsllzp.com
www.xxx332.com
www.yindaoyindao.in
www.yiys168.com
www.ynqd888.com
www.yunvtupian.com
www.yxb99120.com
houqiu.com
www.yyfke.com
hqlaw148.com
simpo.rs
77xi.info
www.yysafe.gov.cn
adish.info
www.yyuda.com
ishawi.digart.pl
www.z24.nl
plasaszr.bee.pl
www.zbxinshuo.com
speeder.fr
gtpz.265link.com
aviva.pl
avllzy.info
www.zf.ro
clinique-star-tour.jp
egxz.nfdy.net
www.zywbj.com
haras.gov.sa
nvxin.info
jakoscobslugi.pl
x8ll.com
jatko.digart.pl
xianbj.com
jpf777.com
xianning.117.cm
kain2.digart.pl
tablettek.com
xiaoke.info
lapetiteactu.fr
xiqu.botaoju.info
szybkooferty.pl
xn--eckvdwa7536a9ol.la
monia2308.wrzuta.pl
wonderlandtoyschnauzers.com
xruh.nfdy.net
yaelglazer.co.il
grandamerica.com
yanan.jzsx.org
ttkxgwdau.typepad.com
ybca.org
ycok.nfdy.net
yindumogen.1168.tv
yinmeimei.info
yooblog.gr
yougedi.net
ys.222ii.info
yutoo.info
yyymm.com
zaruski.pl
zdronet.pl
zehh.210000.org
zespoljack.pl
zewf.nfdy.net
zschie.iq.pl
zt008.cn
zurecht.de
06peng.com
10983.5o5o.info
119www.com
11xxxx.dasemao.info
1314.qyjy.cn
13ii.info
18061.info
19qq.co
1hqo.k3y3.net
1miancanju.taobao.com
23ise.com
2iki.info
32lux.ru
4.am
johann.puk.ro
51tbabc.com
52face.net
bekers-nijntje.istats.nl
56kompania.pl
59ii.info
88.6h20.com
prnf.info
888k.cc
888ss.info
888sunjinping.com.com
e4.digart.pl
889800.com
8898575.com
8899.me
8899lai.taobao.com
jdown.info
88lin.in
88ree.com
88szs.com
88tmxx.net
88uu.us
88xk.net
88xs.15852.com
88yv.210000.org
88zz.cc
899dd.com
8b662.com
8bei.cn
8c.contterrz.bee.pl
8count.ca
8cw.be
8d8r.com
8d8v.com
8liao8.info
8xiu.org
9.133hk.com
90hi.net
911lifeline.org
91ggg.aa.am
91porn.aa.am
941yin.info
9422.210000.org
97aixx.com
97sdd.net
a-at.jp
abbye.wop.ro
abkuerze.wop.ro
ablazewithtraffic.com
abolirent.wop.ro
acis-bg.org
acolop.info
activeskin.com.au
beseoexpert.info
it.xn--wicek-k0a.pl
intletail.com
cfib-fcei.ca
homepagebd.com
aaronw.me
97aisese.cn.vc
www.aqsjs.com
vojatiqiw8.htw.pl
www.567zzz.com
www.bxgksjt.com
shxiling.com
imsacup.free.fr
dichvutangle.com.vn
xf1.derezw.osa.pl
lekterme.puk.ro
imageserve.info
qanungoh.info
pomysl.zhr.pl
miasto.dsl.pl
frank-teens.com
www.zgqt.zj.cn
www.pacio6.digart.pl
finansosfera.pl
kenfu.digart.pl
5joh.qiwen5.com
www.m1gu3l.pl
400shencai.com
www.rch.hu
ebiz2u.com.my
zizol.wrzuta.pl
hotgas.net
linknic.info
bita.puk.ro
adkontekst.pl
ilink2.info
zzz76.info
benedigh.wop.ro
superkid.pl
u-bo.info
traveletour.com
55556.com
42os.nfdy.net
sturmboard.info
bradan.org
metalgods.com.ar
appworks.tw
197.71zs.com
www.lcwan.net
www.jjj123.info
pencil.org
printrestaurantcoupons.net
liuyix.com
p2mforum.info
522sese.com
www.abogadososorno.cl
linkast.info
flor.prv.pl
www.chinacloud.net
kweekbed.wop.ro
gbidowlu.wop.ro
kidon.digart.pl
www.51hnhxj.com
www.barmot.pl
voicedir.info
sklep-pomoc.home.pl
msi.flog.pl
pocieszanka.pl
bt.com.bn
sabaku.puk.ro
www.waga9.com
mid.edu.pl
choerops.wop.ro
seo.ac
bocceitaliaforum.net
atozofseo.com
www.xuu.pl
techdox.info
1bpk.qiwen5.com
web-wm.info
www.mygw.info
jknwt.info
www.adin.pl
xonetv.info
hci.org.pl
tilsvaret.wop.ro
friendsofbushgardens.org
dhosting.pl
pornlazyfree.info
rl.com.pl
abridge.cn
www.bk1.jp
boltusa.org