data.owni.fr
blog.1181.cc
racksrv.com
topdywan.pl
rupzzz.hyves.nl
666ak.com
etalab.gouv.fr
game-island.info
www.91530.in
elmarino.info
fabrykaplikow.pl
floralandhardy.co.uk
kroma.wrzuta.pl
visualworks.co.jp
w23ww.wangzhuan789.com
wagner.edu
wangstudio.com
webdesign.nowoczesny.pl
www.gz-xinmao.com
weitz.de
whatdotheyeat.info
whatsmysiteworth.com
wleoifu.de.lv
wmmarket.info
wowsomegames.com
wtabkol.cba.pl
www.boyaceo.com
www.91mycc.com
gbidowlu.wop.ro
avatary.pl
gesong.org
codeco.pl
chtotakoe.info
www.guilin8.com
keiyaku.info
kikonline.ru
nvnet.org
verfoeiden.wop.ro
paoxun.tk
fiat-bravo.info
kinsente.wop.ro
tipsofseo.blogspot.in
kitprotic.net
scgroup.es
espoir.digart.pl
www.ikuaibo.be
prepaid.wop.ro
canada-goose-trillium-parka.frnewsby.com
debianusers.pl
klartext.wop.ro
knives.pl
kosal.info
ktozbuduje.pl
kuruc.info
laquadrature.net
transora.pl
teakdek.pl
linkbuilding2website.info
linki24.pl
linkmac.info
liuzh668.com
livescore.im
llinkprobe.info
lqcs.org
lte-anbieter.info
lwam.qiwen5.com
lyzia.digart.pl
the-rock.sl
machy.blip.pl
dilettassi.wop.ro
dutta.wop.ro
magies.com
makingmemorieswithyourkids.blogspot.com
ruminances.unblog.fr
www.badaos.pl
margsworld.info
guihuaxiang.com
narguile.info
iphone5seller.info
xdey.net
renrne.com
marketinginstitut.biz
zefg.210000.org
gradates.wop.ro
qrct.210000.org
mc-sana.kz
meekcomic.com
meron.wop.ro
miniaw.polki.pl
mlizcochico.com
mopar.com
moto.zol.com.cn
moveinternationalz.info
9798109.5sing.com
multidomainsearch.info
myinfolink.ca
mythopoet.wop.ro
nanogb.com
nationalgunrights.org
nebusiness.co.uk
netarteria.info
netstel.pl
newlikes.com
nextera.cz
nichewebsitesuccess.com
omate.digart.pl
omnicomgroup.com
feedback.antiblock.ru
opiniolandia.com.ar
oqueeh.com.br
oscon.it
panjinshi.m69.info
papernstitchblog.com
papildus.info
peur.digart.pl
criaduelo.wop.ro
phpdeveloperz.com
pingiel.pl
pokerstars.it
pornoh.info
portalnaruto.com
procuraduria.gov.co
marketingonlinetoday.biz
puppyrzyce.pl
qktg.210000.org
www.chip.ro
quiz.msn.de
realamateurxxx.info
redblog.nto.pl
refog.es
rjchessfed.com
ronherman.com
dogcentral.info
sarvmail.info
sesjestrategii.pl
shoppingnews.pl
skutery-info.pl
myduca.info
sony.co.za
sosobai.admin301.com
voxbh.com.br
wap.56wz.net
waplh8.com
wojtek1.flog.pl
www.simpletelecommute.com
www.sinf.se
www.smert.gov.cn
www.sx-watersupply.gov.cn
yifuqiankun.com
001jd.com
0898.okok.cc
16ddd.info
auschan.org
17000.com.cn
2345.pptv.com
3000y.net
5388.net
58xx.info
warszawa.pl
5b6.info
5hk.hk
66321.hemelsesex.nl
7rilixiu.3199.cn
9ytt.info
actngo.info
adaderana.lk
adolstore.com
adoperai.wop.ro
adpic.de
adultlove.us
advanceyed.com
primetimedigital.ca
aeek.info
aeonic.wop.ro
afid.fbl.pl
aftertheride.org
agita.digart.pl
alegramy.pl
allenandunwin.com
anli163.info
www.cpcd.pl
anvietson.org
articlecoop.com
articledashboard.info
articulions.amorism.wwwwww.wop.ro
asp.m-live.jp
audi-zhj.com
autentika.pl
auto4surf.info
autoplan-peugeot.com.ar
www.qinrun.org
averting.wop.ro
awesomeapps.in
ayparty.com
azarnezam.ir
www.haqitu.com
azg168.cn
baiduddt.info
afranselden.puk.ro
baitsi.wop.ro
balises.info
ainaro.puk.ro
banyanbranch.com
baoming.neworiental.org
barelysfw.com
basketball-goals.com
bcotlghlz.blogerzi.com
bedienpu.puk.ro
bedthrows.info
biborate.wop.ro
biel-bienne.ch
bieszczadzkiewzgorze.pl
bigthink.com
bikemoto.ru
bioto.hu
bizzone.pl
blog.dan-teng.info
blogbox.ch
blogers.ir
bmsi.ru
brandart.pl
ladnydom.pl
buybacklinkscheap.com
bx4.waw.pl
by.yoher.com
xtendtracker.info
capriskye.com
cardif.fr
carped1em.com
castellanza.va.it
cc080.us
cd.kdd.cc
cepillar.puk.ro
chaynikam.info
ahml.ru
checkcreditscoreonline.info
chesterl.wop.ro
chikotuk.wop.ro
wtfbook.in
chl.soup.io
chrislo.hk
christainsuccess.com
cinepolis.com.co
www.animonda.de
clip.vn
clipxxx69.info
cliquedowns.com
musicmeter.nl
coatingsquare.com
coautilities.com
colabmo.com
coollifeshop.com
www.broekland.nl
coonexpress.info
npm.gov.tw
blog.atopowe.pl
wordpressinside.ru
foqe.net
vegagerdin.is
b-m.pl
jixishi.m69.info
lixiviate.puk.ro
www.bns-qq.com
gastronomia24.pl
kezt.com
lovewholelife.info
xxnxnxx.info
ling.pl
homeofnews.info
ccftn.com
turbo-proxy.info
www.ais.pl
meilleure-mutuelle.info
allbout.info
lz27206657.zj8.53e.info
digitalburndown.com
spacerki.pl
simzer.wop.ro
wunderli.st
sunsonic.de
www.eyko.hu
furriners.wop.ro
bernthaler.info
webidirectory.info
biteyw.taobao.com
scoobyshouse.org
ixde.pinger.pl
wishonastar.info
nxs.prv.pl
unsort.puk.ro
ozonmebel.ru
75q.info
centrumdrewniane.pl
www.misz.digart.pl
mylittletown.ca
lofd.nfdy.net
www.chinazzjxw.com
homeweblist.info
disguised.puk.ro
realkobeestate.jp
incarmobilephonechar.3ji.info
nelke.uw.hu
sem.nm.cn
kvartplata.info
period3.to
jarnvag.puk.ro
portkent.wop.ro
magboss.pl
vivakom.ru
priv.pl
ukpdf.info
www.leiyu88.cn
ijxg.210000.org
wikify.info
addurlsubmit.info
soku-deco.jp
dq.to
www.tvtravel.ro
demographia.ru
tigaku.wop.ro
rfgs.de
pitportal.ru
cosmostv.org
www.4888.cc
nmwn.210000.org
successus.dk
tinhyeuit.info
hothotblogs.info
03886.info
hao.b2b.biz
uncommunitymanager.es
novamed.pl
juancong.com
bullet.blox.pl
i.try8.info
natalka8888.wrzuta.pl
klimatyzacja.pl
tdfjtqdt.1168.tv
gewichtigste.puk.ro
maprotectionjuridique.ch
pinka.pl
auto.ce.cn
rlqztfyjzutq.blogtrue.com
hotcoin.info
ctav.nfdy.net
suplementy.pl
creuna.no
nsp.bg
radioamateur.org
herts.ac.uk
ocasionalia.com
5lyx.cn
anicka13.flog.pl
dred21.flog.pl
katalogika.pl
freepress.info
vaegteeksperten.dk
smilereminder.com
www.ivo.pl
dkcqqtozw.freeblog.hu
sesuda.puk.ro
bvlb.nfdy.net
janski.edu.pl
aspnethostingz.info
www.taortys.com
oslogo.com
debbiedoesdesigns.com
appartement-spekt.istats.nl
izami.info
opinieofirmie.pl
asid94.fr
juuki.wop.ro
88tmxx.net
alewoda.pl
filmowy.info
cengroup.vn
podajemy.pl