www.cpcd.pl
aibiki.wop.ro
macosz.hu
mosync.com
incarmobilephonechar.3ji.info
kometagroup.cz
fiat-bravo.info
ichi-ichi.info
ghbw.nfdy.net
hjbl.net
gujarat.gov.in
wow-annexe.fr
deathknight.info
topgrant.ru
pstraghi.blox.pl
dlch.210000.org
cosmostv.org
www.jetzt.de
test.zsy.cn
rusflat.ru
iltt.info
skenny.info
fujicars.jp
neijiangchepiao.qiannan.org
geldpolitik.wop.ro
kxyf.nfdy.net
migrainesinchildrenfcu1.info
www.gz-xinmao.com
autospecs.info
checkwebsiteranking.com
herogeme.alink7.uic.to
debbiedoesdesigns.com
renelindner.de
meilleure-mutuelle.info
kikuu.flog.pl
ukpension.co.za
www.animonda.de
gxfb.210000.org
transora.pl
spacerki.pl
www.leijuu.com
seks.xx.pl
inzyu.wop.ro
diema.bg
afkrabt.puk.ro
buscadorprop.com.ar
dilettassi.wop.ro
allbout.info
jixishi.m69.info
slubice24.pl
viewit.ca
zahipedia.info
9798109.5sing.com
icelan.puk.ro
www.saab.ie
ddt.439.w1.gs
www.it-serve.net
losplaat.puk.ro
www.nia.az
wappepsi.cc
lafzb.home.news.cn
tee24.de
postafreead.in
logxxxx.info
03886.info
hdsexvids.net
b-m.pl
foqe.net
tokarevs.ru
30daymentalcleanse.info
anupa.puk.ro
ilike.cz
www.linkbase.in
526h.net
m.fussball.ch
cam4premium.com
glaza.info
www.fyyy7.tv
dailyink.com
www.hnfzb.gov.cn
superspill.cc
touristikerverzeichnis.info
kroma.wrzuta.pl
beckam.wrzuta.pl
chtotakoe.info
www.lylcjsw.gov.cn
www.algahirek.hu
www.hukoubenyb.com
wavement.puk.ro
radioamateur.org
www.houzi.in
agaga35.flog.pl
listrapid.info
www.xxx57.com
bijsteek.wop.ro
tsp.vutbr.cz
region-bourgogne.fr
law.go.kr
5lyx.cn
live.live8bo.net
browamator.pl
www.shgay.com
domovie.tv
wrestabl.wop.ro
www.wuzhimei.info
www.neonworx.de
podajemy.pl
localfavourites.com.au
homemoney.ua
www.capitalsouffle.fr
www.dandongad.com
www.serika.biz
nsp.bg
juriguide.net
www.pave.hu
cjja.210000.org
www.trade.lt
www.ais.pl
n9hua.net
aproland.hu
kennelling.wop.ro
homeofnews.info
xnagpa.net
sinemaizle.org
www.chengda.com
tinhyeuit.info
danpacplus.hk
xdey.net
affairs.puk.ro
auschan.org
ling.pl
debianusers.pl
freepress.info
cheaplongchamp.org
nowy1980.wrzuta.pl
nyti.56dvd.net
avatary.pl
komp.1k.by
gastronomia24.pl
dejoie.puk.ro
laenderseite.wop.ro
www.bdbsxx.com
vensterramen.supinated.wwwwww.wop.ro
dep.no
centrumdrewniane.pl
msn2.me
bodystreet.com
feedback.antiblock.ru
www.daohang666.info
cruelbucks.com
disguised.puk.ro
zaq1904.digart.pl
nwchess.ru
www.xxx332.com
nxs.prv.pl
ocasionalia.com
saviugdosklubai.lt
peniscam.info
warszawa.pl
www.ludik.es
daiks.digart.pl
cs-serwers.pl
uncommunitymanager.es
socialbookmarkingdel.info
sklep-pomoc.home.pl
teakdek.pl
ovo.it
nsx.pl
www.laoposao.com
gonweb.co.jp
goro196.wrzuta.pl
gosiaxd.flog.pl
thedestination.co.za
gotowa-na-cos-wiecej.pinger.pl
gpsites.net
grahamite.wop.ro
grammes.wop.ro
dunedin.govt.nz
greenfingers.com
greplinks.info
soku-deco.jp
grupyzabawowe.pl
gsclean.com
dp.968.cc
gskkoch.de
gtpz.265link.com
gulpin.wop.ro
gus.pl
select-hoken.biz
haber.soup.io
hagodieta.com
hania.wop.ro
haopor.com
haprogroup.vn
havealink.info
hdlt88.com
hentaitube.info
herbarii.wop.ro
high-and-low-full-movie.blogspot.co.il
hit.waw.pl
hlbb.nfdy.net
hlfx.ru
hlifeshop.it
homeflow.co.uk
homeopatia.info.hu
hopevision.net
hotgas.net
howtolose-weight.info
hq355.com
hungaria.org
www.tokuma.jp
hunter-gamers.net
hypermediaisobar.pl
ibetherthol.page.tl
identifix.com
ihower.tw
saperski.dbv.pl
ikutv.info
ilwebmaster.info
ilze.nfdy.net
imsec.ac.in
intasamm.puk.ro
inwestycjewinnowacje.pl
dutta.wop.ro
inzl.nfdy.net
io.com.gt
ip7.info
ipa.im
iphone5seller.info
iranvl.ir
iref.nfdy.net
irik.blip.pl
irredimible.puk.ro
iscs.cz
isecure.hu
ishawi.digart.pl
itame.org
itc.or.jp
itidai.wop.ro
itojuku.net
ixde.pinger.pl
jafland.info
jakaona.flog.pl
jakbook.info
japan-onsen.com
jarocin.info
javenue.info
jbwz.nfdy.net
jcmanet.or.jp
jeepstercommandoclub.com
jennilee.wop.ro
jerf.nfdy.net
www.sfin.ro
jetfilmizle.com
jetmp3.com
jgbi.lizhidy.net
jhltoys.info
jica-alumni-china.com
jikaku.net
jin-co.com
jingnei.net
jmck.info
jnalkzpugj.blog.mongenie.com
jobagenciesinlondon.org.uk
jobalert.pl
johncabot.edu
johncarter.pl
johnmasters.com
joinopenclass.com
jordisk.puk.ro
fluocarb.puk.ro
jp0a.k3y3.net
jrpg.jp
jxf.mf968.net
k-fan.me
kamihoro.wop.ro
kamilbiela.blip.pl
kamot.puk.ro
kattintside.hu
kaytag.puk.ro
kea.dk
keiyaku.info
kejpa.wrzuta.pl
kellyskids.com
kerryleaf.info
kg9.info
khole.wop.ro
kikonline.ru
kinsei.wop.ro
www.qingqinggan.com
kinsente.wop.ro
kissyui.com
progman.pl
kiswara.com
kitesurfing-nord.de
kitprotic.net
kizigames.net
zasobnik.eu
kjzahheg.blogger.hu
klackc.org
renrne.com
klartext.wop.ro
knightfeg.info
knives.pl
juancong.com
kochatelier.de
koelbel.de
kokotori.net
kolokol.ru
kosal.info
koyou.wop.ro
kravet.com
ksppolonia.pl
ktozbuduje.pl
kyuusin.wop.ro
labrero.puk.ro
labrujula.travel
lady.youban.com
lagoona.blip.pl
laie.es
land.mv
lankanmasala.info
lankashopping.com
lanphong.net
laquadrature.net
lasmejoresescuelas.org
laurentlazard.com
lazzarettibikes.com.br
legalturkey.ru
legia.com.pl
leidesaw.com
lekterme.puk.ro
lhfr.210000.org
linkadvertiser.info
armymails.ru
linkbuilding2website.info
hyalosid.wop.ro
linki24.pl
marjanovka.net.ua
mdoff.blip.pl
mebtech.pl
media-tours.de
miki2.flog.pl
mediachoice.com.br
mediatorka.info
mediengestalter.info
medykforum.pl
megai.cc
merodoam.puk.ro
meron.wop.ro
metalserbia.com
meteociel.com
microline.ua
midiaville.com.br
mifan8.net
www.nv.gov
mike-wallace-steelers-jersey-cheap.ppenk.com
mercatinoannunci.it
milimao.com
mimp.gob.pe
minerver.com
miniaw.polki.pl
minimax.info
miscelanea.info
mitkbh.dk
mlizcochico.com
mlongines.com
mmkrakow.pl
moban101.com
moe.gov.sd
moip.gov.ck
montana.edu
mopar.com
moto.zol.com.cn
moveinternationalz.info
movieshare.org
movoto.com
mroweczka7.wrzuta.pl
mtweb.pl
mtz.digart.pl
multidomainsearch.info
new-liberty.net
muscularpaindhg.info
musicscene.org
muzyka.57.pl
mxyl.nfdy.net
mybulgaria.info
myduca.info
mygalileo.de
myinfolink.ca
mymobiles.info
myninjaproxy.info
myphotocollage.de
myriadgroup.com
mysohbet.net
mysquidoo.info
mythopoet.wop.ro
naghdnews.ir
nakada.net
namescout.com
nanogb.com
nationalgunrights.org
nazghrun.com.pl
nebusiness.co.uk
stshimo.com
nedan.puk.ro
nelnet.net
nesttag.info
electrorai.ru
netarteria.info
netelpla.wop.ro
netguru.pl
netstel.pl
netzaehler.de
newfiles3.pinger.pl
newlikes.com
nextera.cz
ngocha.com.vn
nhadatvip.vn
nine2five.digart.pl
jobinweb.ru
nitasrandomthoughts.info
nj180degree.net
visnia.wrzuta.pl
nof.org
webpac.jp
nonarrai.wop.ro
nonslipp.wop.ro
nonstopuzlet.hu
northsafety.com
nova921.fm
novopolotsk.biz
novostink.ru
noweinwestycje.pl
nrcstudios.info
nstoyanov.com
numero-tva.info
nvrp.k3y3.net
nvxin.info
unternehmen-in-der-gesellschaft.net
ifes.edu.br
nx.edu.cn
nyid.blip.pl
obd2store.de
ocbc.com.my
suimitsu.puk.ro
ocubezpieczenie.pl
okselstu.wop.ro
watch-marina-abramovic-online.blogspot.ca
smilereminder.com
superkariera.cz
yyzs.zhuxiane.info
www.8sxh.com
tool.med660.com
wap998.net
365ip.info
baiduddt.info
juurai.wop.ro
nickmann.info
as-garten.de
www.dh-airs.com
aangedur.puk.ro
www.donsun.net
www.speedmeter.hu
portalmorski.pl
kvartplata.info
12i.pl
bee4.biz
airguns.lt
prodigy.net
sarcolyte.puk.ro
www.vpner.net
xonetv.info
hgh.info
blikoogde.puk.ro
apuliastation.puk.ro
bneq.wop.ro
zitu.puk.ro
www.dtqsy.com
dogcentral.info
ai-yellow.biz
hupan.net
bewonderaars.wop.ro
1z4.info
pitportal.ru
coronifo.wop.ro
www.jiese.in
lots0cash.com
bestbooks.com.br
flyer-miles.com
oki.es
foreversa.co.za
9ytt.info
ingame.jp
perils.wop.ro
www.nic.sh
sentimientobohemio.info
gile.wop.ro
www.phpyo.com
zrqc.210000.org
nonperce.puk.ro
borda.qip.ru
naobcasach.pl
media-powerhouse.com
www.vmmtv.be
reclamar.puk.ro
www.fzrcw.cc
novamed.pl
salon.com
slavers.wop.ro
viettripz.info
sjaal.puk.ro
tongji.chinafeed.org.cn
oslogo.com
pcpd.pl
alutrada.puk.ro
bragat.wop.ro
www.wenxucity.com
travelwiki.nl
langlipp.puk.ro
and-you.de
carsclub.ru
webidirectory.info
7gov.nfdy.net
julianrouas.info
seotoolz.nl
lofd.nfdy.net
ukpdf.info
lx9.info
cooltemplates.ru
auto.ce.cn
bbog.nfdy.net
usg.edu
www.maiaedu.org
rimandammo.wop.ro
mutsuu.wop.ro
iranianlearn.com