dtqp.210000.org
hureca.fr
holden.no
www.tajf.gov.cn
gamerside.pl
uwph.210000.org
caobenxt.com
polymedia.ru
www.kcfa.co
niswan.co.il
optimalenergy.pl
jiaju.chinadaily.com.cn
elwisek88.flog.pl
multiforum.pl
gameland4girls.com
bbs.126egou.com
www.bors.hu
unbaronet.puk.ro
comcast.com.br
free-porn.info
kakukate.wop.ro
racingvideos.co
www.bzrzx.net
990209.p.cn
yyzs.zhuxiane.info
scsyfjy.9998.tv
fuzhou.bgo.cn
www.yyets.net
fotos-host.ru
minnanodate.com
gabi.soup.io
www.qyedu.net
nmxr.210000.org
zynk.jgnz.cn
domenomania.pl
ccftn.com
habbaniy.puk.ro
riversea.co.jp
remunerative.wop.ro
www.baidusc365.com
yooman.info
avanzast.wop.ro
wobfed.com
comiclink.com
linkforu.info
hotmovies25.blogspot.com.ar
aeonity.com
bookmarkingcake.info
dorset-college.ie
charita.cz
zabawkowicz.pl
5577www.seo1122.com
clearblue.com
116.com
ibis.puk.ro
noga.toplista.pl
game2.online.cq.cn
chuangfu3.blog.163.com
colouringbook.org
lauredal.wop.ro
jieshiqing.1168.tv
megachip.info
paluuuszek.flog.pl
mymobileporn.mobi
sticktet.wop.ro
dekoria.pl
gz.888ao.com
www.lynaite.b2b.youboy.com
marcdgz.wrzuta.pl
www.bjydy.com
eacsouko.alink7.uic.to
chengdu.usconsulate.gov
coautilities.com
www.bdche.net
ik-net.ne.nu
ptks.nfdy.net
korton.nl
curepsoriasisv.com
shoppen-online.startspot.nl
wzl.pl
life.zgnt.net
traductorespanolalingles.es
tonecartoons.co.uk
highprdofollowsocialbookmarkingsites.info
made-in-kent.co.uk
rentacar365.com
marginalisais.puk.ro
utakkb.net
bellhops.wop.ro
jdnorunnmy.freeblog.hu
bradan.org
holzwolke.de
www.5syy.com
stampamm.puk.ro
bezopasnostpc.ru
wiz.pl
csgia.org
kabana9f.1168.tv
www.ppsbaidu.com
pomocnicykuchenni.pl
read.pclady.com.cn
youngminds.org.uk
www.cp3319.co.cc
hmforces.info
nasztomaszow.pl
mg-allmendingen.ch
studioopinii.pl
ekologicznie.blip.pl
www.btpkw.com
dmk4.k3y3.net
existe.wop.ro
www.yuanjingchen.com
inter-store.cz
tvaz.nfdy.net
106.6654.com.cn
falter.at
jingulianj.1168.tv
sinfest.net
vbuhanov.ru
travelspecs.com
www.sh8010c.com.cn
fshow.info
ledwo.blip.pl
assunse.wop.ro
se.888ke.com
fikturo.info
undisturbable.puk.ro
yywztp1848.227916.info
motiw.ru
gekten.wop.ro
cmexota.ru
mall.10086.cn
pizzaexpress-offers.co.uk
danwaldschmidt.com
iverk.puk.ro
9agucha.soup.io
jbwz.nfdy.net
gewichtigste.puk.ro
exxtra.blip.pl
prwv.info
kouson.wop.ro
tukude.puk.ro
rujiajiudian.11766.info
google.co.zw
grenus.wop.ro
59sex.info
parafia.info.pl
junqueral.puk.ro
sjtg.k3y3.net
tabu-escort.de
ktal.nfdy.net
mc78.info
vlokacht.wop.ro
laibaby.info
vanac.digart.pl
henningschuerig.de
html-css.info
bookmarkwebonline.info
assemblages.puk.ro
findgovernmentjobs.info
ali-aba.org
kissid.ro
yuaeuu.co.cc
hisas.jp
www.crbook.cn
science360.gov
thequeenofextreme.info
www.fazon.pl
spa008.info
www.carol-f.co.jp
freeshareworld.com
htcflyertablet.7m0.info
tenda.puk.ro
cfdh.us
69tube.pl
vitanovum.se
www.cnkdzj.cn
fattidicronaca.it
23rt8.gn2012.com
www.qianke.cc