armar.wop.ro
win-schwaben.de
becker-furniture-world-going-o.blog.hr
cs-przebicie.pl
tykkes.puk.ro
domingo-savio.edu.pe
braziliantouch.com.au
dyxy.cz
www.qisoubao.com
gorubi.wop.ro
atehenmei.com
cc.wwmmm.net
www.zgso.so
guihuaxiang.com
kadoshim.puk.ro
skatoxyl.wop.ro
in.ebid.net
triboliu.wop.ro
jeromebrezillon.com
ausartet.wop.ro
www.ante.cc
dfs.is
coinombrab.freeforums.org
proconcept.ag
www.web4399.net
aaugymnastics.org
buysolar.com.cn
racconta.wop.ro
instantoracle.com
cablemodem.ch
konspira.puk.ro
blogdetik.com
abcportage.fr
abgaberaten.puk.ro
infodocs.net
gupiao.5w.com
love-drama.pl
smartinc.com.au
zettelte.wop.ro
adultlove.us
ccftn.com
chaoyangjn.1168.tv
iomoss.dk
webmas.ru
kikome.wop.ro
tahvel.ee
vecci.org.au
avholdsa.wop.ro
www.psyhealth.cn
ioffer.net.pl
tvgy.nfdy.net
www.simplesites4u.co.uk
insport.ro
newwaysurf.com