bcft.nfdy.net
kangaroos.com.au
watch-gossipgirl-season2.blogspot.sk
www.77cc.info
bubunkou.wop.ro
blavo.ru
maine-coons-from-minstrel-hall.de
recherche-web.com
juancong.com
sbi.dk
ponisha.ir
webgarden.com
brisbane.craigslist.com.au
herlinggoldsmith.r.gd
www.biblia.pl
www.16star.com
boozt.com
www.daogouzone.com
afgedane.puk.ro
dbmailadmin.org
iiit.net
pobeditel.bg
fosser.wop.ro
kindra.wop.ro
lawguide.co.il
luk63.flog.pl
mpoptavka.cz
visiontherapy.com.au
www.veryhuo.com
futureclub.us
surconso.wop.ro
onormy.org
hebinzhicheng.com
ccftn.com
11.ki99.info
www.linode.im
siamsport.co.th
carburante.cl
www.1dxh.com
bestwebspaces.com
atompoli.puk.ro
katogle.wop.ro
www.taobook.cc
jimen.wop.ro
www.simplesites4u.co.uk
dona.wop.ro
beely123.com
gxiao.ga
codelesbian.tumblr.com
reger.wop.ro
www.cjiyou.net
www.kkqp.net