xixichengyuan.com
sanconhantao.net.vn
www.networks.pl
www.169ba.com
lahuli.wop.ro
vip.book.sina.com.cn
bellard.free.fr
marcatur.puk.ro
9560.56dvd.net
bonkaceleb.pornrox.com
kankanai.wop.ro
lyngmo.org
emarket.gr
taxeu.ro
uema.br
realaviles.es
special.ena.travel
chengyy.info
www.pnek.org
budowlane.czasucieka.pl
www.paginasamarelas.co.mz
rtg-mag.hu
mommypowers.us
sup.r42.eu
www.telma.pl
winepromise.net
4444kk-823a.tumblr.com
vgsclonesa.info
delft.hyves.nl
citizen.wop.ro
ac.88888m.com
bumlux.net
chougei.com
s-event.cn
kohasport.net
skiresort.de
www.6238293.com
chenmiao.0fees.net
atehenmei.com
groei.wop.ro
ijdeler.puk.ro
www.tan-go.hu
taaze.tw
zgap.mobi
www.ancool.net
landjugend.at
irrestri.wop.ro
cdbaby.biz
macieke.blip.pl
suena.eu
ruez.eu
sturgeon.wop.ro
arrienvanderlaan.hyves.nl
adrede.puk.ro
bafang.in
takyuuda.puk.ro
primetel.com.cy
ermuedet.puk.ro
money-gain.ru
www.314.pl
prom.ua
enpitu.wop.ro