43cao.info
myinfolink.ca
nodong.org
atehenmei.com
8nce.210000.org
classin.info
sxoo.qiwen5.com
demissly.puk.ro
koblizci.net
guminagyker.hu
cigarettes.typepad.com
bankgesc.wop.ro
gensuikin.org
kmd.dk
servicelearning.org
123feijibei.com
toplistenserver.info
rubyonrails.com.br
lexus.lap.hu
www.yzxxoo.com
netpeak.ua
www.xiuqq.net
nsp.bg
bfjk.cn
verehrte.puk.ro
shop.ajax.nl
guihuaxiang.com
reisenwe.wop.ro
kaplaken.puk.ro
downloadtube.us
hask.nfdy.net
guepardoinvest.com.br
sms-price.ru
chachala.com
ibee.in
bj.h2h.cn
ruez.eu
abenyu.puk.ro
seijis.net
businessworld.ws
zync.es
ccftn.com
overstuu.wop.ro
beef.co
www.siwadr.com
newsint.co.uk
bbs49.net
cnporter.com