www.bz890.com
shop16291378.xintaonet.com
perugia.it
www.jz265.com
newepicmedia.com
jenkle.com
www.icoat.cc
muscularpaininlegsa8vy.info
immergas.com
www.femeii.ro
wg1e1hda49.b2b.hc360.com
mature-retro.com
wynnmacau.com
nextlinemedia.com
nehi.qiwen5.com
hochzeitideal.de
articlevolcano.co.cc
interpon.com.br
hiroenergeticoceara.com.br
geheimka.wop.ro
www.pycx.4f9.org
www.inlatplus.lv
e-poniatowa.pl
hotel-voederheil.istats.nl
itusersmagazine.com
air.7kt.info
jama.ama-assn.org
samsvojmajstor.com
polow.net
badgesociety.com
www.iwlk.cn
webdirectory2010.info
javajanes.com
bibersa.com.tr
97bug.com
topic.kdsj.sx.cn
jelly-beans.co.jp
hebinzhicheng.com
zamalek.sc
xinshi-nutribaby.21food.cn
13002008404.com
linkadvertise.info
arcflashforum.com
cvkhnvrq.blog.kazeo.com
newmexico.jobs
nevada.ie
123.xtata.com
nhacpro.info
3w.guizuse.com
zgz93.com
www.jh888.net
affeksjon.wop.ro
cauza.wop.ro
kingphotography.com
zilveren-ster-toverstok.istats.nl
fridhem.blogg.se
idc0839.com
fashionette.de
putts.puk.ro
netau.net
naturfotografen-forum.de
moool.net
ifon.pl
lymebeteg.hu
cep.uoregon.edu
seisekih.wop.ro
vwtr.net
www.tweer.nl
memcachedb.org
firecpu.com
www.0826sh.com
qjgd.zjw.cn
educationh.com
woman.ru
discountbinocularvision.info
bikyamasr.com
coccodrillo.pl
nanago.info
kengordonjr.com
arabbank.com.qa
cynet.mobi
durch-lernen-zum-erfolg.de
jd.ite68.cn
xxxmojexxxzyciexxx.pinger.pl
villaci.com
kayapa.wop.ro
poortsel.verruca.wwwwww.wop.ro
4yb.info
www.bneiyi.com
weavesocial.info
pitbullspr.com
bobo.3434hh.net
scytale.puk.ro
ideo.pl
unebensten.wop.ro
jaws-full-movie.blogspot.jp
internationalpassiveincome.com
getsitevalue.com
criminalsearch4u.net
www.bjxhsdjj.com
tecnoinfinity.info
leads3.com
www.cb5899.net
wdrv.com
socialbookmarkingspiders.info
wechselbad.puk.ro
poisonedreams.tumblr.com
gzds.78.cn
jianfeiwang.info
clydeeeraq.blog.com
100shuju.com
cdl.66law.cn
www.kaakaki.com.ng
installment.puk.ro
e-kurier.net
arboristsite.com
www.myren.cc
shingakunet.com
promoneve.com.br
lazzaritravel.com
faites-des-euros-en-ligne.com
cande-festival-hotel.jouwpagina.nl
www.ecraft.cn
bettong.wop.ro
lankatv.info
hostinginternetz.info
juancong.com
hertimeline.com
yllr.210000.org
stallehr.vol.at
xv4.cc
cpa021.blogbus.com
baskanij.punt.nl
vannetukku.fi
www.mirzw.com
ftvgirls.com
upsw.info
disrank.puk.ro
gerger.co
hundewelt.at
taxfreevitamins.us
ordlyd.wop.ro
plantezi.puk.ro
zela.ru
hsbc.co.mu
dlmibao.com
partnersuche.de
www.besthotelonline.com
trafficultimatum.com
www.boxing.nl
www.maisha8.com
ko.rzeszow.pl
bankdhofar.com
shime.wop.ro
adaramedia.com
wtoqc.cn
www.cafte.gov.cn
lo.se
dubai4cars.com
oppie.in
pctrecords.com
naziverl.wop.ro
khawar.wop.ro
netnic.com.cn
860722.org
needlework.ru
sexehook1.info
envydeal.com
gxfq.265link.com
hemispasm.puk.ro
mdgdgcid.blog.mongenie.com
citroen.cz
www.zaojiaojidi.com
lanzersatzteile.de
www.ufksp.com
www.ztgy.org
www.ijiazhe.com
babes.xxxpornosex.net
suiiritu.puk.ro
idealdirectory.info
virshow.com
netkeyfim.com
helponline.ro
vocehost.com.br
orbitost.puk.ro
pixelbeat.org
apn.com
elinext.com
www.5552.us
keibun.wop.ro
aufregendere.wop.ro
www.js-n-tax.gov.cn
victoriamls.ca
tempus-vivit.net
companyregistrations.co.uk
www.china-lexden.com
seeactive.by
narolkach.pl
sanie.puk.ro
alkaa.digart.pl
www.aaapuke.com
www.ramo.net.cn
innovadex.com
bestriding.erfuhrst.wwwwww.wop.ro
pollua.wop.ro
muninsho.wop.ro
magic-sportfood.de
queenofescort.com
web-radio-powerplay.de
affi-asp.pickup.jp
www.ihome007.com
ninaxx.flog.pl
sanyparts.com
kiemtientrenmang.org
scottiedog.net
www.oveaschin.com
livetests.info
scd-lunjina.org
sh.dadou.com
news.dsqq.cn
soluzioni-informatiche.info
jbjs.org
ancom-ink.ru
parsiland.com
greatchinaweb.com
gdimag.com
deniru.wop.ro
jfpventuresmain.com
www.cveen.com
gada.210000.org
zzpzh.com
spb.su
gz.58.com
www.9123.cc
aiaigime.nl.ae
www.janhandel.be
ugea.qiwen5.com
gjlvke.com.cn
informer.com
thumbangels.com
christopherimrie.com
www.maxina.cn
qqsong.com|www.shbz.com.cn|foop.tk|nyny.wop.ro|vest.nfdy.net|wwcikvizm.freeblog.hu|www.net-china.net|tlcnevjjt.blog.mongenie.com|ecalelite.com|teishu.wop.ro|edh-ev.de|weitersc.puk.ro|kyanion.puk.ro|suzhou.51chudui.com|malac.linkekneked.hu|www.ok9080.com|pogodba.net|mossig.wop.ro|doctrinaux.puk.ro|zjzkbzjxyxgs.wenju.biz|shoushi001.com|www.shuo5200.com|www.dakeyi.net|zknw.nfdy.net|winemax.org|ypbb.nfdy.net|cyzm.nfdy.net|uvum.nfdy.net|www.essiw.com|883v.k3y3.net|mksn.nfdy.net|www.hnxinke.com.cn|tjfr.nfdy.net|www.ura-akiba.jp|1vagonka.ru|kamila69.a-liveprivates.com|www.808ys.com|boxer-vom-schatzkaestlein.de|luenk.wop.ro|coi0.nfdy.net|gsus.nfdy.net|www.gz-baiyou.com|675t.nfdy.net|news.gpxz.com|www.xunweicn.com|i8ic.lizhidy.net|iwenthungry.org|www.59cn.org|malier.wop.ro|ryuk.265link.com|itaru.wop.ro|cglm.nfdy.net|mkxp.nfdy.net|8923.nfdy.net|argaya.wop.ro|www.hdjiaoyuxinxi.com|www.zgc.gov.cn|www.lanfc.com|fotofrog.net|chrissiecool.deviantart.com|clps.nfdy.net|my-led.cn|www.bizun.net|osyaku.wop.ro|www.07qccg.com|www.rawan.in|nbxhkj.com|www.21shhr.com|qlmrc.net|0pzo.k3y3.net|eizr.nfdy.net|www.zdor.cn|icamtech.net|ilpg.k3y3.net|nvsv.nfdy.net|you.xiaoyoyo.com|rendu.wop.ro|www.dd378.com|aw60sdf.seesaa.net|kj6o.210000.org|6h1122.us|1818kj.com|tsmn.nfdy.net|www.zgjiageng.com|java-admin.iteye.com|octuor.wop.ro|hflz.nfdy.net|ykdljrbnai.blog.mongenie.com|www.iqio.org|kzoufdfkol.hexat.com|spueren.puk.ro|www.yjlfy.com|rffa.org|www.hongfuyuan.com.cn|wvryddzcth.blog.mongenie.com|e379.net|yu2.net.cn|fehg49.deviantart.com|orlate.wop.ro
www.unifycall.com
madakiki-fc.deviantart.com
cjx.qznc.cn
insweb.co.jp
11st.co.kr
jnjmed.co.kr
cmdlt.edu.ve
sas-richard.blogspot.com
frank-teens.com
vc-mp.tk
www.nbeve.com
tannerbucks.com
alcabama.com.co
magazynhr.pl
mispicke.puk.ro
zaoxiesan.com
xiaoli.wop.ro
k2-tec.com
evilsquirrelcomics.com
invitationsfirstcommunion.com
blockbuzz-israel.org
edie.nfdy.net
hocmot.wap.sh
aufgeschuerftem.puk.ro
sokan.org
www.hzzfb.com
feedmailer.net
juilliard.edu
www.88985758.com
fujiya-avic.co.jp
www.euterpe.ro
nh.gov
upmchealthplan.com
directorytool.info
inutilit.puk.ro
dandan.fyfz.cn
xjp.cc
www.1qvod.tk
lacantinadoors.com
quakerci.erythemi.melbu.wwwwww.wop.ro
myprosper202.com
descartes-gym-nd.de
janas.flog.pl
fuwo.com
nieznaana.pinger.pl
0wnenstein.deviantart.com
resil.com
prodolgoletie.ru
vote42.com
javelincommunications.com
jingui.9998.tv
ntvsports.jp
www.partnerporno.nl
linkaddresses.info
heavenlyglow.net
www.seed.net.tw
migomex.com.pl
caressen.wop.ro
xinhua.mca.gov.cn
avkymppi.net
managerdefotbal.ro
noqueban.com
costabilespinelli.it
publicidadewinner.com.br
woodson.wop.ro
inongye.net
anquyecom.tumblr.com
nskfag.org
xnbh.100hg.com
movement.org.uk
www.roca.pl
wzdh.us
residenciahps.com
pirellireagency.com
7cait.net
odyn.blip.pl
vote.e23.cn
6n01.210000.org
miele.com
5jl.info
bukkit.org
ticketek.com.ar
searchengines.pl
jamesduffy.info
greenfields-kunstgras.nl
timeserver.ru
hackmeout.net
tuvater.com
6d3x.qiwen5.com
onbewimpelder.puk.ro
guni.digart.pl
www.sqsc.gov.cn
lphp.ru
www.boondocksbootleg.com
overshoe.puk.ro
popstarsplus.com
katalogues.com
egeo.puk.ro
www.0208848.com
closefri.wop.ro
gsb.or.th
forty.pl
buyforyou.com.tw
ukbest.net
radix.ru
baotin.info
fc-leki.ru
forumbrzeg.pl
getclosure.co.za
maopeluda.com
f-p.com.tw
thongtinmuaban.net
estribador.puk.ro
perspectives.org
revistatpm.uol.com.br
www.rosime.com
numan.puk.ro
sidmit.ru
quehaydenuevo.info
say-it-loud.org.uk
synthetischer.puk.ro
huangchuan.co
graphicdesignforum.com
jongensm.wop.ro
liselottedv.hyves.nl
ekstraklasa.org
can-check-keno-online526.bravesites.com
mountainwatch.com
webslug.info
beroepsb.puk.ro
mj021.com
www.whcgs.gov.cn
securitynewsportal.com
www.yus360.com
uh-ty.com.ua
www.segou.in
www.smetc.net
cytaty.info
realwifestories.com
csr.lap.hu
raviriez.puk.ro
phlegm.wop.ro
blogabond.com
sextraces.com
syrc.com.cn
shark-tank.net
www.egov.md
anbaa.info
northernway.org
miseffec.wop.ro
lifedevelopments.co.uk
assyou.wop.ro
pokegym.net
mincing.puk.ro
guihuaxiang.com
jugra.ru
templatica.net
www.cvkeskus.ee
jugendsc.wop.ro
ckisback.soup.io
catie.ca
viewresultz.info
thelotionsex.blogspot.com
sinhvien18.wap.sh
ijitisho.wop.ro
compreepaguefacil.com.br
kesaixin.wanye68.com
www.xhcf.cc
fy778.com
vliegene.wop.ro
adjungle.com
lokers.cn
szalona93.pinger.pl
www.hv51.com
kidult.com
vinahost.vn
boletinrenuevo.com
enopo.jp
dirjournal.info
www.ahfc.gov.cn
ritselt.wop.ro
film.ylx88.cn
lmdy.in
alumniclassic.com
demaio.info
vinasa.org.vn
finking.puk.ro
longdir.info
egazety.pl
helpharriet.org
kaosit.info
sensikim.wop.ro
www.inten.pl
8mvm.com
volcreole.com
www.ofeminin.pl
ropoliti.ca
sebmontaz.com
fizzdesign.net
www.waeco.pl
stroy-technics.ru
3993.net
bijsmaak.wop.ro
fixia.info
www.tdsho.5d6d.net
www.zdong.cn
lady119.com
varitopi.com
kazdin.wop.ro
mqseries.net
www.yiwuchina.com.cn
ftmtube.com
blockbuzz-israel.info
begood.vn
www.aaaa258-www.84aaa.com
jyab.265link.com
www.175345.com
wacko.digart.pl
topporno69.info
myaffiliatemagic.com
www.222bo.com
conciencia-animal.cl
whatstodo.in
kizigames.net
putokosvijeta.hr
ridinfool.com
kvkks.org
phpwebmaster.pl
www.xxx669.com
hartlebe.puk.ro
asphaltandrubber.com
www.dlysled.com
demisacrilege.paradentium.wwwwww.wop.ro
kairos.wop.ro
www.car0592.cn
10011s.info
gegegan.com
goodman-usa.cn
insuranceleadsguide.com
academ.info
benicewicz.pl
ebookreaderssouthafr.qixi55.info
a.138ap.com
www.kansaifutsal.net
www.20dy.cc
onlineauctiontrader.com
hjcs.265link.com
ryouyous.puk.ro
traveler.es
ikaten.wop.ro
rambam.org.il
blutheran.org
www.fengjihaha.com
ku2.cc
uveret.info
motorozastkedvelok.network.hu
mazitenshi.livedoor.biz
www.baijiale8888.com
www.dehua.net
miniseotool.com
freeforexspreadsheet.com
feestwinkel-achter-thesinge.istats.nl
ryoma.puk.ro
spintabak.wop.ro
cxzyx.blog.163.com
hedgefundsreview.com
socialbookmarkservices.info
arcada.com.ua
www.888888.hk
tribolat.puk.ro
www.ab-hotsex.com
humor.hu
cometogether.it
sociocide.com
vuilemmer.wop.ro
www.zjiswear.ccoo.cn
qqc.co
da.com
www.macachina.com
zigexn.co.jp
ansaldo-sts.com
makelaarsmiddelburg.goedbegin.nl
myfrontporchswing.com
mail.zhangjun.me
miraclebookmarking.info
dsk-wine.com
www.lyjk3.com
dzng.nfdy.net
mju.ac.th
www.hbyld.cn
www.caobi.in
moutelecom.info
sensualwallpapers.com
h05810.fyfz.cn
senkes.wop.ro
jpcert.or.jp
www.contoshitech.com.br
www.sindacn.com
pmyx.210000.org
866tryelite.com
ughr.digart.pl
kickoffdirectory.com
daveguindon.info
thankyou.ru
bodystore.com
www.fatsc.com
adral.wop.ro
musub.puk.ro
dominicanatours.pt
oelig.wop.ro
friendsbuddy.in
savebookmarkposition.info
www.djoles.pl
www.amazon.ca
estonian-air.ee
schueleraustausch-international.de
zdrowiutko.info
nancykeane.com
c-lemon.com
online777film.ru
kddcup2012.org
tuoferta.com.pe
cremerj.org.br
musicanapoli.org
989av.info
betaler.wop.ro
dipresse.fr
deira.puk.ro
shop58121731.taobao.com
vacationrentals.bg
mlxiya168.longluntan.net
www.df114.net
simtecsystem.com.pl
temptationstreats.com
zalige.puk.ro
sexycriollas.com
www.ahzzyy.com
sh501.com
www.fengquanfq.com
coinvest.ru
eromitai.2chblog.jp
seqingdonghua.tk
www.marine-e.co.jp
wcmhblogs.com
w.cn
bookmarkingnetworkingsite.info
www.31zs.net
flug24.at
digitalgupshup.com
motoverte.com
yuboto.com
opera.ru
sitrusfr.puk.ro
www.7898989.com
survivalcenter.us
forropuncik.hu
gumeizi.com
tesco-europe.com
domybarlinek.pl
www.htcbbs.cc
www.mmyy1.us
www.0531food.com
alternip.wop.ro
sexuria.org
www.123bba.com
solarhome.ru
recipebookmarks.com
cosmociudadano.mx
www.dqg1.com
megashare.vn
ulunix.cn
bid.zte.com.cn
tottenhamhotspurs.tv
seolist.info
alcazar.wop.ro
docs.simplemachines.org
web.jsr.cc
dabrowsk.puk.ro
mpcs.keep.pl
gebiechteter.wop.ro
arizonaduilawyerz.info
deutschesee.de
ukchat.com
fliegfix.com
www.inmures.ro
nycivic.org
www.xxx338.com
commercialphotographydirectory.info
hengguang58.cn.b2b168.com
inspiredbymiley.com
lxxdzj.taobao.com
medialappi.net
foodvideolog.com
namelessnow.info
k-state.edu
dollypop.pinger.pl
nugwnambu.org
www.dxzhangui.com
www.uxx.cc
shopbarbers.net
busiu.digart.pl
portal.wci.pl
lflive.net
webvigo.com
www.shrtfj.com
globopop.com
tuttyka.xfree.hu
mocsi.gov.ye
www.s-ng.ru
mjyh.210000.org
ctv.com.tw
revolutalinge.com
herogeme.alink7.uic.to
atyh.nfdy.net
rics.org
mminfo.mn
lindenchamber.net
bukinfo.com.ua
xtreemhost.com
skalnik.pl
fenti.biz
www.654vv.com
yeyour.diandian.com
vegasnights.co.za
amaban.com
hokkienkonghuay.org
applech.info
www.mercedes-benz.dealer.zhaopin.com
digiguide.tv
wyprawa.info
alumacraft.com
sinemaizle.org
mail.boe.com.cn
angola.lap.hu
android.gs
e-gracz.pl
folse.wop.ro
snowgang.com
tauti.wop.ro
teayuan.com
yz21.net
easylius.eu
deverde.elandbnb.tw
okitour.net
publishr.de
www.phys.ndhu.edu.tw
travian.ws
dsfc.net
kashi.66law.cn
am9d.265link.com
meihao.biz
bohdan.info
answer.it168.com
www.1236mm.com
crengland.net
www.yxlc.net
ifredrik.com
lovesuite.wrzuta.pl
lyricsmusica.it
www.xhby.net
mirabab.fr
stingit.info
americanbannerexchange.com
antiwedge.puk.ro
duanmu20.cn
www.nunes.nl
talkreviews.es
tab.do
max2promos.com
sparkasse-hochrhein.de
playpc.pl
sdfkh.co.cc
www.zbdxbyy.com
biyouti.cn
erolux.info
jahonnamo.tj
kenfu.digart.pl
ylqq.nfdy.net
www.freebackgroundweb.com
www.vvgi.nl
workfromhomefreebies.com
rentakun.net
hosu-gogo.jp
alzava.puk.ro
cyzx.gov.cn
rewall.co.jp
www.dller.pl
eleverem.wop.ro
raskroisebya.ru
www.yiyi360.net
sobretudo.org
rockfashion.sk
smosia.digart.pl
ingo.blog.is
bcard.com.cn
italus.wop.ro
soloentendidos.com
teleologische.puk.ro
www.liwudaquan.com
geniecoupons.in
federalregister.gov
zyw520.3.24c.cn
beidu.org
affiliates-money-online.net
download.omroep.nl
messaad.info
kremowy.eu
originals.ro
videosexe9.info
weihaiganji.qiannan.org
swimsuitstoddlers.7s4.info
the-hustler-full-movie.blogspot.com.br
pariera.puk.ro
moviewallpaper.net
tumiwisizm.pl
drumdogs.com
rusimperia.info
www.gscn.com.cn
www.chengrenchaoshi.com
7-stone.com.cn
lightake.com
liderwm2.ru
faststart.ru
futbolpasion.mx
456165.net
kadz.com.br
clickly.info
storageauctionforums.com
www.kc158.com
oprah.kbjkq.com
kaimenzhima.com
hsml.cn
directoryofeducation.org
rzxg.210000.org
ava8.qiwen5.com
www.rsdxyj.com
sateliti.info
www.julc.cn
www.hzp163.com
pvcf.k3y3.net
78c6.210000.org
acs.pl
houseinsuranceratez.info
cofcsports.com
apdepot.com
levavate.wop.ro
www.haojiaju.info
vdpost.com
dimepoker.cl
netway.co
aguapasion.es
wiki.finerywool.com
pras.fr