www.netcistirny.cz
www.tjzljt.com
zhangjiajiequnaer.qiannan.org
www.meinestrolche.de
ccdh.info
wohnen-interieur.at
www.ssmei1111.co.cc
abc.777hz.com
cpa.esnai.net
adleader.pl
cerita-sex.info
emiliaw.blip.pl
transora.pl
www.szswxj.info
ant.com
kaffeine.digart.pl
u76.cn
ochisatsu.com
stationsofthecross.us
taocicanju.net
www.digitalyeah.com
dolfijntje1957.hyves.nl
www.theaco.net
www.suzwang.com
ichikawa.lg.jp
www.ins.lu
jiywap.com
www.posuiji18.com
cz.h2h.cn
mrd.hu
myface.com.nu
lerosisland.gr
zy945.com
casalpoudelafiguera.net
circolia.wop.ro
www.cn3.in
nixp.ru
lovv.nfdy.net
www.shoubashou.net
www.xwodis.com
budospb.ru
atterres.org
vnspace.com
spreadshirt.dk
www.sazkino.com
wykrzyknik.digart.pl
sejunct.wop.ro
healthwaywealth.info
tep.com
zieba.wroclaw.pl
foliating.puk.ro
stupidgifs.com
ct1.shinobi.jp
xiaojianka.52ka.cn
borodajl.puk.ro
www.wcmjs.com
patshaughnessy.net
sikaruni.wop.ro
hibasport.com
luna1905.hyves.nl
www.fxxyy.2008red.com
cxzyx.blog.163.com
www.lateinboard.de
sanie.puk.ro
xj-the9.com
skags.wop.ro
jambonekennels.com
kosmos-x.net.ru
areir.xfree.hu
versenypolitika.lap.hu
ahbttz.com
ojciec-chrzestny.pl
uchospitals.edu
jlho.210000.org
www.gaylover.be
shop.minebb.com
yazikita.com
694free.com
www.38bibi.com
insteadofawebsite.info
bhn.net
zwsky.com
mgimo.ru
www.1235777.com
www.lnkj.com.cn
geetshabda.com
turkfutbolu.net
funradio.fr
wongsingrafton.com
rl.cz
marekwo.digart.pl
traff.wop.ro
pwbr.k3y3.net
www.nkk.pl
verqualmte.puk.ro
griffeyjroutlet.com
for-wigs.com
www.cheapest-beatsbydreheadphones.com
www.hbgw.org
www.598wl.net
chiken.co
vergessen-mich-nicht.pinger.pl
www.someta.cn
warriors.co.nz
webmer.tk
afgetekend.puk.ro
37c.info
www.jokom.com.cn
hjjcn.cn
www.replika.eu
pisir.edu.pl
www.popoli-coast.com
ambulanceservicesz.info
niam.pl
boyzone.co.za
www.furniture92.com
rssx.nfdy.net
919hh.com
www.ainb.org
commonsportsinjuriesmk1l.info
chongw88.com
cl.10.gov.cn
www.sjsztq.com
www.daofaziran.com
dzidek75.digart.pl
digutsoft.com
retraitements.puk.ro
solestruck.com
thelocal.fr
torrentz.org
samba-choro.com.br
ltc-asaph.com
krhk.210000.org
zdceo.bokee.net
www.ttxfsc.com
3cq.org
anart.pinger.pl
strezhevoy.ru
www.misshuiyuan.com
zokuraku.puk.ro
do-it-online.org.uk
www.leo1.jp
ipx.com.cn
cynet.mobi
www.ddzdpc.com
www.netlab.dk
jawatankosongkerajaan.my
yese.us
amazingeye.deviantart.com
8.cn
paypal-shopping.co.uk
ip-ua.com.ua
semesters.puk.ro
bl-e.net
fable.flog.pl
www.babyzbozi.cz
www.jkxws.com
anglaiscours.fr
www.tensmak.pl
www.y1923.cn
ronaldoweb.net
tp.222qq.info
vireporter.net
www.96mmm.com
fygps.ne
86kx.com
www.szs567.com
xain.265link.com
emwd.org
veterinerhekimiz.com
www.canaanvision.com
millionairemate.com
sh.tsyouxi.cn
burut.wop.ro
www.06ux.com
danoneactivia.hyves.nl
bainternet.info
www1.97down.info
hikingandbackpacking.com
1a-ads.si
realmatch.com
www.pfleiderer.pl
klumba.info
huica.tk
www.fz09.com
ikky.wop.ro
tracke.net
tradoweb.com
xdy.me
koncz.wop.ro
ondaradio.info
bvzj.210000.org
arart.info
www.tarac.nl
mdm.ca
xxxmgi.wop.ro
www.51vanda.com
44zl.com
animeron.info
79hmm.com
www.chamsocweb.com
laltra.ch
aswat.com
www.jianhuacq.com
outdoorandcountry.co.uk
www.zgdqsb.com
atou.puk.ro
www.ythongyao.com
www.jinri978.com
pinner.nl
tribolat.puk.ro
kecuk.com
www.slab.asia
david-adams.net
www.coloring.hu
perspolistour.com
adsalecprj.com
haisenat.wop.ro
1massagestore.com
freebert.com
game.cjcp.com.cn
rlpsuts.gdj.co.cc
sportvisserijnederland.nl
www.english119.cn
cnk.digart.pl
dokk.wop.ro
zh.minecraftwiki.net
hcoop.net
teenpunci.info
www.wears.jp
itsolutionssa.co.za
www.shxczj.com
xaf6.nfdy.net
www.sport.ro
51gan.info
www.tsgxv.com
100mega.cz
sohh.com
musicals.nl
cgonline.com
turnen.puk.ro
diseurs.wop.ro
comule.com
www.6tyy.cn
criminalsearch4u.net
verwoei.puk.ro
la-provenza.es
www.hhaavv.com
brennst.puk.ro
taiweekly.com
wpark.info
bilder-hochladen.net
insolvenz-ratgeber.de
www.piarim.net
hanover.edu
yuwae.wop.ro
byutexi.puk.ro
onlineteachingdegreez.info
tourism-education-online.info
epac.to
tab.do
www.sanxiawang.net
yakiin.puk.ro
harasdelafontainecypierre.fr
corrida-photo.com
www.nudecelebrityporn.net
lindatongkanggp.1168.tv
saludnavarra.es
senemi.com.br
woyo.co
booci.digart.pl
websitevaluebot.com
obernberger-inntoifen.at
acenet-inc.net
veelt.puk.ro
teredo.pl
lamentie.wop.ro
dlfkjs.ch.lv
hawaii.lap.hu
www.920rt.net
sylwiszons.digart.pl
vpswindowshostingz.info
8685.nfdy.net
tvundercover.com
www.yzjzw.cn
beautyarmy.com
www.tz15.com
beiwei315.com
oockommqm.blogger.hu
studiofilm.pl
gpsgolfsystems.org
www-anquye.tumblr.com
tc6.cc
spanherres.nl
igoex.com
iwebnet.org
streampedia.tv
a3webtech.com
dailysale.com
pornbig1.info
azstat.org
baya.tn
www.1ding.cc
jesusviveministries.org
meine-bookmarks.info
structuur.puk.ro
www.78mv.info
aliproject.jp
article-syndication.info
www.fngdsf.cn
www.pjhome.net
angusta.puk.ro
ymt.co.jp
expertenrat.info
aerofs.com
meimeidy-2go1.diandian.com
drewnet.poznan.pl
www.80banjia.com
vuur.wop.ro
spanchbob.info
osceolaclerk.com
svu.edu
www.oswiata-zgd.com.pl
bancocredichile.cl
osterspey.de
www.chuwei.biz
www.meimtao.com
www.ylmr.net
www.cheau-liang.com.tw
sao123.info
zhdf.dz.vancelle.net
www.szlg.edu.cn
www.tdche.com
modellbau-universe.de
untractarian.puk.ro
twistzie.wop.ro
bmw.lap.hu
oaza.pl
vq0w.qiwen5.com
recrudescencia.puk.ro
bluedroplet.com
digilink.net
www.attackers.net
www.451452.net
www.yinleduo.com
www.677779.com
alamclassified.com
spb.tvoe.tv
pullboat.wop.ro
cdalarmclocks.juxing55.info
tapanki.r.gd
sanmartin.edu.co
newjobs.com.cn
letaoba.info
downtownhost.com
www.aisedao.com
www.q-5.nl
planynawakacje.pl
myvintagebaby.com
velo.flog.pl
dukely.wop.ro
yxsyzx.hbu.cn
www.qsqk.net
www.moviedrive.nl
kuiage.wop.ro
enjoyz.com
nongtongnursery.com
www.345qsw.com
dragonbleu.fr
www.haxx.se
atram9.pl
zorantomic.net
nemovitosti.cz
zgtz0576.com
wiinintendo.net
zzbbs.com
kibol.info
merida.sk
photo.5669.com
spieldieritter.com
almalaurea.it
www.baoxingtang.com
www.roca.pl
gaf.soup.io
misterfun.gr
www.xoro.nl
christiaaneikelboom.nl
wardata.cz
123xa.org
www.ttrz5.com
emailsfromsanta.com
trouwgel.wop.ro
www.megyer.sk
tubepatti.info
rbcinsurance.com
chaozhouhuochezhan.fdchs.cn
www.451452.com
www.13366.info
www.f71.com
informtime.net
4sqatl.com
tving.wop.ro
a-market.pl
barbarellaa.pinger.pl
94ccav.info
schroth.puk.ro
softwarecamaraweblog.3ia.info
www.aisedao4.com
hbyee.org.cn
youpornclip.info
www.hehe256.com
zmxx.78.cn
servertalk.in
bbs.wz39.net
karcher24.ru
www.whguwan.com
livingenergysecrets.com
u-10-3.alink7.uic.to
www.hfbj88.cn
h-cosine.com
oldandyounggangbang-blog.com
lithosol.puk.ro
miximuesli.de
xiaoshiqjn.1168.tv
salgada.puk.ro
first.org
usagym.org
blogdokter.net
1hw.tv
socforum.pl
cancomuk.com
cosinetech.info
lpc.org.br
milos-djacic.info
mcmenamins.com
www.quoyan.com
khawar.wop.ro
abkuerze.wop.ro
www.cn-hunan.cn
dubo123.info
webbler.de
spriglet.wop.ro
tubbia.wop.ro
drcash.ru
www.magnat.by
oproei.wop.ro
luxury-spa-breaks.org.uk
esd-cd-6704.com
kommentvitez.hu
www.yinseuu.com
zuraka.wop.ro
www.tatalp.cn
fw55555.wjw.cn
hita.hr
6hw.us
skarnews.pl
naggy.wop.ro
hra-news.org
zwoelfto.wop.ro
haenawag.wop.ro
pornoelg.com
www.nihasa.ro
www.yk5.com
www.dc2000.cn
dreamzone.ro
capitaltattoo.info
www.panasonicsz.com
montersonbusiness.com
tonekabon-samacollege.ir
seopmr.ru
www.rcl.cz
teknolust.org
radiopryzmat.pl
4008001188.tk
chillies.co.za
mautau.com
chizys-spyware.blogspot.com
mhstatic.de
openlinksys.info
66066.info
www.yzzj.net
vegaia.info
iforex.in
lfyongchao.net
erlyvideo.org
rubbervalley.com
advent.lap.hu
mhb-carports.de
club.cntv.cn
main.ru
www.56er.net
www.czppk.cz
wood-china.org
sdovolena.cz
mozilla-nl.org
oscon.it
cfz.org.uk
fqth.com
signsquid.com
iimm.210000.org
kruittor.puk.ro
69637.info
66ssss.com
wcmhblogs.com
www.xfedu.cn
eromitai.2chblog.jp
mblg.tv
www.hdg22.com
hn.se
yunhaowj.taobao.com
www.caay.tk
x.co
greenmountain.com
sbh.org.br
0769tyn.com
mymilestonecard.com
newproductreview.info
wsousou.cn
3344.cc
dooperelle.pl
vc63t.com
remontstroyka.ru
clikango.com
googlemap.com
zeepter.de
nihonsik.puk.ro
curazicari.wop.ro
cfohkvra.blog.mongenie.com
wap.2007cp.com
vlz.ru
en.xdf.cn
berlin4rent.de
www.dipp.pl
russian-mistress.org
www.rhconsulting.cn
texu.qudao.com
ph.ncjxj.com
xmatii.wrzuta.pl
weghelp.wop.ro
micromagic.ru
suggest-link.net
flashcartoongames.com
my96669.com
woyun.me
hardcorowo.pl
mcgywyqfup.blog.mongenie.com
www.albeka.nl
goddiva.co.uk
boertala.66law.cn
168dy.cc
www.95588.net.cn
lensbaby.com.tr
hivips.com
www.jcyey.com
anzeigen-net.com
1bpw.k3y3.net
sellingtosmallbusinesses.com
ingyenapro.wyw.hu
hualin111.b2b.youboy.com
knihi.by
www.zj-motel.com.tw
asap24.pl
vrijbuiter.nl
c9.uuu9.com
getaway-villas.com
jjgyp.78.cn
www.tbzhuanhi.com
ruanxiansheng88.feijiu.net
spddm.org
amritsar.khojle.in
investspot.biz
www.tagver.com
edy4life.com
ikcopress.com
odleglosci.pl
www.zn888.com
prontofido.it
savutoweb.it
kongres2011.pl
schlaefrigere.wop.ro
fua.digart.pl
jhxvip.com
waphtw.com
obd2store.de
stylishfetish.com
agendadegirona.cat
haort.info
floripaec.com