slide.style.sina.com.cn
6hzt.org
xifenglie.info
newzly.info
www.wwebuy.com
o5wj.qiwen5.com
51xuehei.com
future-perfect.co.uk
www.wjnkyy.net
www.sdthsk.cn
probbkrtech.net
cees.ou.edu
marbleiz.wop.ro
impresa.wop.ro
huizhou.to8to.com
huskerpowerhour.com
erbarmd.puk.ro
coloca.info
noshes.wop.ro
xdexcylly.typepad.com
www.slw11.us
freesexclips.eu
mm.xsdxw.com
klfh.210000.org
hentet.puk.ro
www.sunytao.com
mindiam.com
pamebolta.gr
thefaultless.info
gracemontclair.org
www.amytour.com
7-zip.org
indeecairo.info
prangers.wop.ro
sitesurf.net
ovnihoje.com
www.xxx887.com
link.ua
zitbrno.cz
www.hzzjkc.com
lab.in.th
www.comfi.com
oguzodch.blog.cz
restos.tel
dermaske.puk.ro
www.chinahyweld.com
mcgiff.wop.ro
www.dongguanlvshiwang.com
www.fjbys.gov.cn
kontorsmagasinet.se
dvfu.ru
mandelkerlaw.com
www.ewzj.org
geetshabda.com
meble.mtp.pl
bigfishfullmovie.blogspot.co.nz
sm.com.br
lapresse.it
nba.blip.pl
www.procurandovagas.org
www.zzhcsm.com
chongsoft.com
roimedia.co.za
www.lzsxzfwzx.cn
qdjimo.com
kumpulan.info
inselgeb.wop.ro
tubeview.info
www.artsusa.org
www.dagangjituan.com
ftp.8u.cn
forum.deslyxie.nl
ithink.pl
teamarket.org
futbol-peru-en-vivo.blogspot.com
suntran.com
sosing.com
jfavzzpd.blog.hu
dtqp.210000.org
www.ybzhan.cn
tassimo.gr
operadorsantander.com.br
www.waitturn.com
ebrio.puk.ro
hostgiant.co.uk
www.chinanb.org
guihuaxiang.com
deutsches-seniorenportal.de
my96669.com
9japedia.com
axonsystem.edu.pl
vendre-sur-kindle.com
beanogas.com
jautukas.lt
rednook.com
3gdh.hk
lifeinsurancedealz.com
fxet.210000.org
rantsports.com
socibus.es
sfzxmr.com
doctorbootygood.com
suwon.ne.kr
www.027bbkk.com
himitsukichi.info
www.shdfaf.com
k12.nc.us
384012.com
tetviet.com.vn
ht.ua
www.sa-ga.info
manutan.es
wptemaindir.com
chpr.jp
tenerife.ru
tudan.com
photomag.wop.ro
jford.net
xgcp.info
chinahinge.com
blog.nettribe.org
aakf.org
tqhlw.1168.tv
xgtlsy168.com
webanalytiker.dk
suertematador.com
weianf.info
mv.org.ua
gry-blog.pl
www.sasgps.pl
plannegocios.info
art-plast.info
cuil.pt
vanac.digart.pl
ipo.pickup.jp
www.bozhou168.com
bookmarkupyourtraffic.info
cnhuyang.com
virtuafighter.com
www.zjblq.com
ousenchina.com
2011.665566.net
doujiang.biz
unitebookmarks.com
jianbanji8.sdthsk.com
total-web.jp
improvement.ru
tesco-europe.com
beiyagk.com
preesely.info
91gyy.cn
anapadays.ru
vinogalerie.cz
ramosdainformatica.com.br
farexpo.ru
iomoss.dk
xuanluwang.com
www.skebby.it
president.kremlin.ru
uigv.edu.pe
sekretystronwww.pl
interieurs.goedbegin.nl
importardechinahoymismo.com
toptrafficexchanges.com
edouga.net
huarencheng.com
insupro.net
oodweynenews.com
partycube.blog.so-net.ne.jp
sunskyad.org
liaochengyibisi.fdcez.cn
kubung.puk.ro
pci.nic.in
pirellireagency.com
nordsee24.de
ceap.br
movistar.cr
ooglaservergelijking.nl
osirisdevelopment.com
flw.jp
ip-check.info
backienxuong.net
coninpymeconsultores.org
cnic.cn
lionsbistrita.ro
goteo.org
thehindubusinessline.in
directoryly.info
debinaryindustry.com
lammis-moto-site.de
skalnik.pl
byethost14.com
www.e-ka.cn
fluxbb.info
www.ufoa.net
monshinh.puk.ro
paaulaxxx.pinger.pl
zmxx.78.cn
reflink.fr
totalfoto.it
saludnavarra.es
spidertech.com
tusjuegosparafacebook.com
eselectplus.ca
jiajiayou021.5jw.cn
bioverlag.de
chitgoks.com
wakemo.com
www.bdtv.cc
business-efficace.com
gzjx.info
detskie-prazdniki-dv.ru
bookcity.ro
niezle-strony.pl
juntehispano.com
www.professional-unions.com
wapmw.net
postcardpowermarketing.info
flooranddecoroutlets.com
flashseats.com
globeholidays.net
www.hhaavv.com
fd1.info
chaxun.zsbm.cn
dedovanje.si
mmjdw.com
ecotypic.puk.ro
shopdental.com.br
kentai.wop.ro
ukbodybuildingforums.co.uk
www.chengxinaoyuan.com
nfz-katowice.pl
fabot.info
henssler.com
www.czfi.cz
masteryconnect.com
weble.org
www.shtkyw.com
radio-redplanet.de
dushiliren.dv37.com
the-words-full-movie.blogspot.be
cortalconsors.es
fs.120job.cn
haloadbalancer.com
duffie.puk.ro
madeiramadeira.com.br
unfoolab.wop.ro
diarioelnortino.cl
gehuiverd.puk.ro
qiunanqi.com
anewtab.com
goplaza.vn
moneybookers.de
www.avgirlinfo.com
uglyhonest.com
fcb.tv
s-event.cn
baike.51cps.net
sixmarley.com
onlinepokerweblog.net
wgbei.info
jialei.us
aroes.org
layouts-for-facebook.info
awq4.gn2012.com
valicati.wop.ro
www.iilazy.com
3034.cn
www.jdnl.com
www.250dh.com
lueya.com
ssiceplanet.net
vdisk.weibo.com
www.seav1.us
www.dtv.ru
afr.pl
state.co.nz
www.9xty.com
pasternack.com
hypf.78.cn
moper.me
basalactionnetwork.4zy.info
pornbig1.info
na-local.com
selogerpro.com
manonii.hyves.nl
fuerstlicher-keller.de
davidbutcher.info
bzzpxx.78.cn
yozawa.info
tratamientoparaladiabetes.org
electrostudio.gr
www.erji.net
guestli.st
silavaracald.cotcodacii.ro
offshoresoftwaredevelopmentserivce.wordpress.com
kovopraha.cz
kyamites.com
petitionenligne.fr
volvomania.com
nightwish3.wrzuta.pl
done.is
microsoftstore.co.in
n.cc
kt37.qiwen5.com
atilaj.digart.pl
www.achd.net
www.tu.ro
vid.huh.hu
byweb.it
igrixl.ru
domico.info
coolblades.co.uk
sewages.wop.ro
oheng.asia
trouwgel.wop.ro
missdomain.se
url7.me
syuusaku.wop.ro
uespi.br
xiazailou.com
www.kaixingui.net
www.2oks.cn
www.xf021.com
fenglinw.net
ecdoweb.com
deepikapadukone.eu
jaridat.com
duanziwang.com
www.ergoline.de
cmaoa.com
m.133hk.com
www.cnboo.net
belgazprombank.by
kushtt.info
cbdo.me
redlog.pl
movie-download-portal.com
www.chinahti.com
www.hmy57.com
homeskoolrekordz.com
webcost.info
i80hou.cn
agoniseraient.wop.ro
egyesult.hu
horo.wop.ro
expendogames.com
iprotego.com
speed-killers.za.pl
www.shdhhq.com
sektion-alpen.net
www.onsbb.tk
android.or.id
n1986.com
88.txcp.info
geek.net
backlink-promoter.info
houxiyang.com
www.yingerbaobei.com
lrp.lg.lt
lavocedilucca.it
infoski.pl
royalpurple.com
greece.org
cl.orc.st
sovidigital.com
www.hct-test.com
4279.cn
www.lianghesuliao.com
www.22335555.com
cz.marys.eu
dailybruin.com
megajogos.com.br
fsinf.at
coata.wop.ro
gonweb.co.jp
kifle.wop.ro
sensualseductive.com
chinese-architects.com
dysse.puk.ro
digitalgupshup.com
vipcaribbean.com
www.jsycyz.cn
jiajiayou866.cn.china.cn
albanyhomezone.org
antchpld.org
0457.273.cn
xmm.co
stacum.a-liveprivates.com
okinawahai.com
izacz.digart.pl
www.wee.lt
www.qt7878.com
hent.wop.ro
bbs.neoimaging.cn
inventforum.com
www.cntrades.com
www.fooaoo.cn
www.ccq.gov.cn
zettelte.wop.ro
zeen.pl
makeyoursoftware.com
hf.86jcw.cn
bioecolo.info
www.jiemengdaquan.org
pugan.puk.ro
tv-wolfwil.ch
northcountry.org
www.attackers.net
michalkoziol.digart.pl
delaware-directory.net
saiyo-dr.jp
forex.mn
eesc.europa.eu
borona.wop.ro
strilets52.narod2.ru
kaefers.puk.ro
hlbb.nfdy.net
www.griffeynikeshoesoutlet.com
yxr123.com
thescape-r.jp
ncsbe.gov
blin.puk.ro
scarj.asia
bnjw.com
kelleyryan.com
101ako.com
sksg.org
www.mobio.ro
jxmgbs.com
shuangbibowenguan.org
artmedic.hu
cycy.cc
saxo.ku.dk
getfreecouponz.blogspot.com
fpoq.com
thrakisport.gr
www.xzzb.cn
freecashincome.info
suww.nfdy.net
soupesaient.wop.ro
9tube.com
newdjgroup.com
www.ncbs.com.cn
okwc.nfdy.net
ecoloca.jp
lacryma.info
www.678banjia.net
commoditiestips.com
chelzem.info
instantbacklink.info
psforum.pl
timespent7.info
ironcad.pl
huppes.puk.ro
onlinertjes.be
free-hentai-video.com
jkb1.e23.cn
hkwj.us
ladieslayasideloot.com
uaddit.com
cambetray.com
vereinsv.wop.ro
xrumer7.pl
www.hbbhyzgs.com
jiangmen.job001.cn
prom.lt
6lzo.nfdy.net
biedenko.wop.ro
brandsandbrands.ru
dondedormir.com
hyty7190cc.7190.cc
ojyosama.jp
gdp.pl
www.banzhengwangzhan.com
woodson.wop.ro
globus.in
www.xa58.cn
www.caodanai3.info
xbox-deals.info
thumbsplz.deviantart.com
www.zygzly.com
fh.ningbo.gov.cn
tools.58.com
msisurvey.com
iytw.nfdy.net
koopjegadget.nl
idzoom.com
10b.uw.hu
www.znjkw.net
flights.ctrip.com
articledashboard.info
www.235se.com
www.jttour.net
cimalpes.com
uis.edu
sunsweet.info
kpl.org
nyloncandi.com
sticktet.wop.ro
dnsviz.net
yg-love.com
crowdsourcing.org
www.xmu9.com
iesf.pinger.pl
csii.usc.edu
i-lateral.com
blinkingtextlive.com
connectt.fr
scrumy.com
valuveljed.com
velo.com.pl
software77.net
funbangla.com
upburn.wop.ro
www.tmoll.net
cn1688.org
htcshop.3ji.info
gzdnwx.com.cn
www.lxqqqw.com
trozo.ru
bielenda.pl
comui.edu.ng
mustardseedatl.com
indianpornvideos.in
epaule.puk.ro
angeln-in-luebeck.de
dtv.gov
tonvinyl.de
www.xgdqw.com
girlsfuckmovies.com
bibertaler-bogenschuetzen.de
profi-post.org
moemax.at
adriely.bordeel.nl
deycza.digart.pl
hocherie.puk.ro
www.szswxj.info
www.86gaso.com
freecdtracts.com
www.wlwxx.com
boursoweb.fr
sourceagency.ba
farmstay.co.uk
bbs.simen.cn
glanceworld.com
pornohdfree.info
gbmteam.prv.pl
donnersc.puk.ro
www.hapitu.pl
hango.puk.ro
photography-forums.com
aliraqnews.com
edrei.wop.ro
clickpayz.com
tuan.babaw.com
siampropertygroup.com
www.fahaowu.com
hit-exchange.org
misa.org
thuoctridaurang.suckhoevietnam.info
murmure.puk.ro