socle.wop.ro
kaqimaa.tumblr.com
wetter.at
gypsymag.com
www.dfjs18.com
sebw.nfdy.net
flu-pandemics.com
portal-ppoz.pl
bloodi.digart.pl
tenkaizy.wop.ro
xiaotianxin.info
booksbrothers.it
vienne.wop.ro
www.i-tour.com.tw
tiyu.to
e-skype.tk
link-tool.de
ww3231w.2pcn.com
endo.puk.ro
dueysdrawings.com
go.saus.cn
ssfw.ca
imaginecup.in
piska.wrzuta.pl
www.wrought-iron-craft.com
bbs.zmd5.com
www.hr762.com
colonic-cleanse.net
www.tiyu.cc
incars.ir
7tv.cc
dhl.com.hk
xsj.021.com
contactlink.info
baby.cqnews.net
www.shguxin.cn
atterrat.wop.ro
iberes.wop.ro
acetify.puk.ro
gourdpla.puk.ro
janasworld.de
offlineadvance.com
gojy.qiwen5.com
misulzden.freeforums.org
bvtlivetv.com
hro.org
qltd.nfdy.net
guihuaxiang.com
heurtera.wop.ro
eldictamen.mx
google.lt
www.xdaquan.com
hejr.nfdy.net
thailandoutlook.tv
stabs.wop.ro
dreamway.com
felicito.wop.ro
goto33.blog.so-net.ne.jp
www.2083.jp
www.770123.com
cuckold-place.net
radiodelmar.cl
piuo.k3y3.net
a-c.2-d.jp
criancasegura.org.br
gardenvista.com.sg
shellexy.info
bspcn.com
500w.co
ezprice.com.tw
291.me
cheese.gen.nz
ilperbenista.it
maureenjohnson.webs.com
bvmw.de
bib-alex.net
gsmchinois.com
sundaystandard.info
fuguixiang.da.vancelle.net
golook.it
www.tylib.org
avonmere.com
fffuuu-maker.ru
halifaxnewsnet.ca
edekkk.wrzuta.pl
haose100.hase.in
fsllong.e-nissan.com.cn
e-rower.pl
niik.com
321.gov.cn
a11.pz81.info
ilsamaritano.org
paslek.wm.pl
linkbusiness.co.nz
celticfestvancouver.com
joelbecker.net
tesla-xun.info
www.mususkelbimai.lt
linkalmanac.info
estamental.puk.ro
ztxz.cn
tajalibasirat.ir
concursosweb.info
fontina.puk.ro
mentoringstore.ca
kunstzijde.puk.ro
keisanji.wop.ro
fanali.puk.ro
www.happyevery.com
futloos.wop.ro
gurushosting.com
seoempresas.com.br
www.0668yz.com
jagram.com.pl
lrt.tv
332888.net
www.r8jzy.com
bejeweli.wop.ro
xoso.wap.sh
foxrivergrove.org
kuugun.wop.ro
pai.soufun.com
kefallin.puk.ro
foreverjewelleryspecialists.com
openwalnut.org
woskowanie.pl
mpg.in.ua
jollas.prv.pl
soyuzmash.ru
living-proof.pl
99bill7.com
grossmog.wop.ro
3g.tianya.cn
goldenteak.com
colo4dallas.com
autosflow.com
greentraveller.co.uk
famigliacristiana.it
www.0311seo.net
e4.digart.pl
gensizin.puk.ro
metal-rules.com
xn--szivattyk-d9a.hu
longlife24.ru
juron.wop.ro
envialia-urgente.com
dontbuy4more.co.uk
maxporn.com
mackozer.pl
9jrl.com
batsaw.wop.ro
ukdir.co.uk
youjizz-823b.tumblr.com
dws.org.pl
xixichengyuan.com
00cg.210000.org
1001pneus.fr
devi-nurvita.com
n10.cc
affiliatetoolstips.info
www.forum.sprzedaj-auto.eu
19611092.5sing.com
cscomputers.com.au
hcgdiethomeopathic.com
bambada.fr
pogodaducha.pl
avsky.net
toque.puk.ro
old.kairo.at
picc.net.cn
aladd.net
a-krediet.nl
feriencattolica.info
chang.wop.ro
vaclavovic.info
celebdaily.com
mog.digart.pl
minea.org
ooller.com
fantasy-in.de
wrozby-tarot.pl
migunoxylife.com
chachala.com
erolux.info
2nddegreeprogramsz.info
outlawsmcworld.com
fotodi.pl
625vgs.org.uk
craftdepot.jp
tv-shows.me
www.borudvar.eu
bhhn.210000.org
disc-jockey.de
www.hdqys.in
muhammad-hasan.info
livech.info
nomadu.digart.pl
bakurocy.wop.ro
inetverification.com
peugeot-dealer.jp
bookmarkingboom.info
av.ipobar.net
nvtc.ee
www.dawenxue.org
pokerstars.it
ohioreview.net
kroopnik.pl
qqmuchang.info
shop36152898.taobao.com
special-ability-horsemanship.info
9514.com
bigfishaudio.com
xemgiavang.org
back2style.ch
kitacchi.wop.ro
mediakosar.hu
kiteforum.it
www.hebjpk.com.cn
oakleypolarizedsunglasses.org
perfection.com.mx
amanti.biz
pevw.nfdy.net
gratias.jp
i-pit.net
todobariloche.com.ar
gankaikai.or.jp
donkraften.puk.ro
befindliches.wop.ro
mbooth.com
mapy.interia.pl
pcsoundbar.84v.info
mastermagazine.info
nonporph.puk.ro
guildlaunch.net
hiphopkemp.de
crm-metrix.fr
con.hu
nesler.info
sjlhc.net
icamtech.net
jddw.qiwen5.com
coltello.biz
joinopenclass.com
abenteuerurlaub-online.de
russetlike.wop.ro
shamanseeds.net
dr-feil.com
www.wangzhanjianshe.org
afgedwei.puk.ro
mahnte.wop.ro
soraya.biz.pl
mensen.at
sptc.ac.th
iveri.com
profnet.ch
shop.021021.net
oiik.tk
plingnet.wop.ro
somany.pinger.pl
dianying.1913.cc
ontrip.com.pt
sql-articles.com
kmd.dk
fnugg.wop.ro
ruijou.wop.ro
blueprintaffiliates.com
clickandpledge.com
ke-jamon.bloog.pl
sapiensweb.info
zgwt.k3y3.net
vcp-oploo.nl
amarcord.jp
lspace.org
qbkl.net
rbj.flog.pl
nsitf.net
aftraden.puk.ro
hundreddollarcars.com
zocktubuz.com.pl
kataleptyk.digart.pl
www.foxsexy.com
jn-pay.net
webcamtubes.info
csc.kbw.ne.jp
catur.web.id
os1.ru
neanthro.puk.ro
unsanften.wop.ro
fotoolo.digart.pl
hewo.210000.org
www.liveseks.info
gametivi.is
tarif4you.de
sethmondschein.com
ernone.fecsegj.hu
sun52.cn
www.ps4.ro
colitis-crohns.com
tjdumbrell.com
plymouth.ac.uk
otoku-navi.sakura.ne.jp
gmbpath.com
bbs.aiyouyoubbs.info
szedmakintarzia.hupont.hu
bjsnjmqnxh.page.tl
hgjob.com
qxyy.info
tauron-pe.pl
treebonesresort.com
blogspot.ie
toycamera.com.br
umema.info
noitcidary.com
articlesprove.info
sichuan.chinawutong.com
thinkmarket.info
1bub.265link.com
www.allianz.com.cn
huichel.wop.ro
egsp10-water-heater.info
mz.zhangye.gov.cn
southtexasfilms.com
www.digilentchina.com.cn
sexwo.info
3g.66dc.cn
aomenbocai.info
fronolow.pl
carocean.pl
hotcast.info
www.centralkavehaz.hu
zh516.info
oegs.210000.org
chifeng.mayi.com
nsp.bg
sxrj.210000.org
cranioty.wop.ro
gast.at
jnsb.e23.cn
www.321heji.com
pogledaj.to
auto.net.cn
www.7-5.biz
429674020.qqku.com
annonz.com
teenpunci.info
nyuujyuu.puk.ro
bud-man9.webs.com
wcoop.ne.jp
ridokain.wop.ro
sprachtest.de
cdsqingyq.jinnong.cc
www.33dyw.com
selangor.gov.my
awb.se
591yuyu.com
wai1010-a15.tumblr.com
opxo.210000.org
gesoebat.puk.ro
volga.digart.pl
minnanodate.com
what-el.se
hotstroy.info
wego.co.id
rv-studio.pl
park-our.pl
waipu.wop.ro
folux.nl
video.cjb.hu
akuseisi.puk.ro