dalsallskapet.se
siddall.info
derickrethans.nl
iamrobynfly.ning.com
emacswiki.org
clipxxx69.info
www.shgm.net
hotmilfz.info
ukparachuting.co.uk
hessler-schreib.de
bip.warszawa.pl
griesser.ch
sz.youjiao.com
nonfinis.puk.ro
www.premiifb.ro
pennymarket229.net
quove.info
j6cd.k3y3.net
jamisbikes.com
subagames.com
backgammon.org
shcqjx.cn.zhongsou.net
scotthammell.com
polexp.com
michellmacaron.jp
dynamicdiscord.com
www.laishanedu.cn
ems-ce.com
myblog.by
pinocle.puk.ro
trendwhore.ca
anfangserfolge.puk.ro
locknclimb.net
2dives.com
keysbarbabe.com
artykuly-seo.pl
www.yyets.net
azbrajeans.pl
polska-klasa.pl
ableiten.puk.ro
c-cc.cn
steinderrevuu.nl
www.dinggu.net
wegetdressed.com
my-addr.net
clocktowerstudio.com
internet-autoteile.de
c.5kk.in
rogalandsavis.no
4goh.qiwen5.com
re-max.cz
www.stl350.com
digioz.com
mwbn.265link.com
s7hx.210000.org
hyrax.org
linkjewellery.net
cuore-cosme.com
www.rentiom.com
vipcams4u.com
seomat.net
divasbydesign.co.za
www.daocy.com
nutricityonline.com
ede.soup.io
adfreeclassifieds.com
bithub.r.gd
a-en-j.hyves.nl
ttsm.info
euroclix.fr
mtctouch.com.lb
braatheenterprises.com
gzusana.com
hayhuy.com
favouritelinks.eu
8xx6.qiwen5.com
acckomputer.com
neustar.biz
5u.com
solfjell.org.uk
indaindustry.com
ecdir.info
bbs.wailb.com
myjobgh.com
k5n.us
www.qgar.hu
mttaborfarmerville.com
mypes.pl
brandonsavage.net
www.799.la
www.gharry.com.tw
stukbreek.wop.ro
j6we.265link.com
demon.net
mgff.info
jungtang.com
mybebook.com
baidudu.cn
68yin.com
finnalle.no
kerrydalestreet.co.uk
6178406.5sing.com
ankiano.com
diarihati.com
jbk.39.net
najszybszy-wygrywa.pl
iberempleos.es
wiki.7color.org
kai-fist.pl
mikeslife.org
qe5l.56dvd.net
lokiware.info
fecabookprofileview.in
ens.cm
blackbusinessspace.com
buzane.wop.ro
3dreserve.com
yum.vn
gvd.nl
bachlongmobile.com.vn
pan-yu.net
buildyourchannel.com
bookmarkmix.info
eluxury-replica.co
afars.in
dygs.nfdy.net
vidz.info
levian.gd
biblebaptistportorange.com
hosting-prestashop.es
businesshelping.info
2meter3.de
cgi.linkclub.or.jp
cichoo.digart.pl
eekstaza.digart.pl
hd.sxxw.net
880513.com
mapofemergence.com
marinepia.co.jp
conditer.ru
nospor.pl
motobloger.pl
culsexehot.info
online-dir.info
shawgmc.com
cheannunci.it
prlb.info
protvino.info
676867.com
jsdoc.cn
purelynsfw.com
safesell.cn
sponplat.puk.ro
wnrr.nfdy.net
bookmarkingboom.info
www.airproducts.com.pl
gulnur.cn
www.networks.pl
www.mwawa.24.gg
zafi.info
emonu.com
unnt.info
www.345333.com
s4.bitefight.pl
femdomtgp.net
bonnuoctana.com
2chblog-antenna.com
animaeducacao.com.br
aldenteblog.com
linkauthoring.info
bunt202.digart.pl
javatech.com.pl
sesuda.puk.ro
ccibrest.by
dazadaslietas.lv
klairedelys.com
psychonomy.info
meimm.in
assoilzi.wop.ro
romly.com
moriseba.com
ad110.com
www.donquijote.hu
169gold.com
theophyl.puk.ro
jmjl.210000.org
airespring.com
knowclub.com
ritto.wop.ro
balatonfelvidek.info
emi.prv.pl
bytow.pl
achaz.puk.ro
nauticexpo.fr
bredavandaag.nl
gouyiyi.info
gygy.pl
kouyoufu.puk.ro
speakychat.net
mercedesclub.at
articledirectory365.com
4apff.org
blog.163.com
malaysianbadgers.org
laptoppartsexpert.com
kxsz.cn
grandvalira.com
246kk.com
book.cboy.us
kirihara.co.jp
gandhist.wop.ro
allstateslawyer.co
anuskadziu.wrzuta.pl
www.forumukraine.net
flashscope.com
cis-natcon.com
buminthemud.co.uk
ifce.edu.br
keea.56dvd.net
3gwc.net
nortonbu.wop.ro
merlspik.puk.ro
bbs.hmz.cn
www.bfi.org.uk
bloomex.ca
cheltenham-goldcup.net
www.safari.nl
eads.pk
slojd-detaljer.se
khopnoimem.com
fitmax.it
biblioklept.org
socialroot.info
lindsaylohan.us
23.ywsw.org
davpack.co.uk
gra.fm
buysellthai.net
exhibera.wop.ro
buyflashmemory.3ji.info
podarimo.si
knowhow2go.org
gedgetsworld.in
toptalents.ro
bufl.nfdy.net
24rus.ru
clearsense.nl
la-strada.de
autoevenementnijkerk.nl
p-117724.hotnews.alibaba.com.cn
illu-member.jp
automobil-blog.de
downloadrealtekaudio.20j.info
turtles.soup.io
toetakel.wop.ro
www.hbxjy.com
dy.618110.cn
hfive.pro
ticketclic.it
findurl.co.uk
www.020hwdz.com
investortrader.co.uk
vantiez.wop.ro
byojet.com
67888.bggb.cn
qichezhuan.78.cn
asf.fr
assoe.it
iub.edu.pk
brennst.puk.ro
pingtandao.com
zxft.0513.org
thegetpr.org
neostrada.pl
hockeytu.puk.ro
61dz.nfdy.net
journalweek.com
1kru.k3y3.net
turismobrasil.gov.br
fcrp.nfdy.net
dge1023.tumblr.com
china3e.cn
hitai.wop.ro
new-skin185.blogbus.com
partyshop.si
www.bjrfbj.com
www.96mmm.com
mecanisma.com
effemina.puk.ro
beleuchtung-hamburg.de
rudejm.com
demolkerei-shop.nl
www.it0531.net.cn
www.kkkbz.com
watercampresort.com
thewhiteenglishman.deviantart.com
lupf.dk
prettymaids.dk
teaserfishing.com
jaysbodyshop.com
iwebsite.co.za
onepcs.7gt.info
articlehere.com
businessplan-profi.org
calabash-boy.com
darorealty.com
pigai.org
proassist.blip.pl
djajy.info
bbwsamantha38g.com
kuz.ru
reyi.in
soyuzmash.ru
chilanti.com
8se.us
howmarks.com
datingtipssite.net
yb9l.56dvd.net
debatainternetowa.pl
brreg.no
www.97dxl.com
dhaka.net
araucania7.cl
trashchicvirtual.com.br
e-seed.ru
claimyournewcard.com
tvn.blip.pl
benjiweber.co.uk
inumeridelvino.it
errigalfish.com
kiss.com.tw
imperspi.puk.ro
gaiolasquatigua.com.br
detailha.wop.ro
insopt.wop.ro
radio.cz
oks.ro
googleadpostingjobs.in
the-bourne-ultimatum-full-movie.blogspot.ca
naturfotografen-forum.de
lqjl.cn
board.joshgroban.com
9rang.com
euronova-italia.it
dgwencheng1.sm160.com
www.toyotasportautoklub.hu
hupan.net
gjxzw.info
funxone.com
sunglassus.info
opendi.lu
khimeros.com
digiautolinks.com
weren.wop.ro