flatorb.com
www.worldunion.com.cn
www.diaosujia.net
www.septox.hu
krau.eu
ziomles.com.pl
stoel.com
arrangetosettle.com
www.eso369.com
pzsnow.pl
thecreativeplace.blogspot.com
denonavr1905.9see.info
progressivehouseworldwide.com
11.ki99.info
depravedbbw.com
erolalkan.co.uk
squillidae.akkou.senensei.wwwwww.wop.ro
fscyzg.com
www.ueba.com.br
cdchivasusa.com
www.china-lexden.com
grancanariaole.de
macua.wop.ro
copycatchic.com
firm-katalog.pl
listal.com
www.hhaavv.com
anacweb.com
ukraine.worldcupblog.org
avellareduarte.com.br
mod.mil.by
zai.blip.pl
rmu.ac.th
www.por6.com
www.aody.net
mi.99bitgongchang.com
metaversetribune.com
aangravi.puk.ro
ussxs.com
www.ksrb.cn
bigone.mobi
fellinishop.com
wdetfm.org
jiankang58.taobao.com
apinchofhealth.com
zxcldq.78.cn
sexfilmy.com.pl
antropos.puk.ro
spk-berlin.de
skywatcher.ro
havnes.info
qxf.9998.tv
glaeubigster.puk.ro
thecreationofwealthd414.com
www.jianzhuxi.cn
insatisfaites.puk.ro
cricketgames.me.uk
5w.lux.az
gear4.jp
quadridentated.puk.ro
branchen-regional.info
aresdirectoryresource.com
diagram.com.ua
454817409.taobao.com
clearskin-us.com
myfreefilehosting.com
dimeriza.wop.ro
fqjx.taobao.com
evoproj.ru
mp3.baidu.com
www.qianhuihuafang.com
www.8475.com.cn
ippannok.wop.ro
look.so
msxy.qdu.edu.cn
jezn.k3y3.net
guardian.co.uk
creditcard-now.net
bordysmensclothing.com
freieauskunft.de
kamils.digart.pl
yahoocarts.com
magiczne-zakupy.pl
brs.pl
100fps.com
ruskix.digart.pl
pulpandwire.com
seducedbyacougarpage.com
www.xichuang5.com
www.lidaa.cn
u-ryukyu.ac.jp
iwastasting.soup.io
learn-through-video.com
domy.pl
mucousness.puk.ro
www.dbyk.org
hash.ro
poe-m.info
webdj.gr
alisjaa.digart.pl
hegerys.com
liebling.us
alpinus-miejodwage.pl
www.ychl.org
fortification.ru
w98a.cn
songpkfreedownload.com
mid.edu.pl
www.88rt.cc
nichewealth.com
eyecareandcontacts.com
segurosred.es
www.mmmmw.cn
febo.puk.ro
www.gzlittleswan.com
hetsd.com
energyonline.gr
buy.21me.me
karpfens.wop.ro
ringwaechter.de
ochotoni.wop.ro
www.mblog.pl
vuix.210000.org
www.lornetki.pl
www.taomai114.com
cajuns.puk.ro
yazu.in
flying-tuna.blog.so-net.ne.jp
yyrm.nfdy.net
coachingtohappiness.com
jrb.yangling.gov.cn
japancar.ru
davibejamaica.com
pondmarket.com
lylwap.com
bloomex.ca
serug.wop.ro
fromrus.org
www.0534wt.com
marin.edu
markovukcevic.com
angespar.wop.ro
www.fdbk.nl
lago.flog.pl
www.china1000.net
kaluweb.fr
antioch.edu
lynxwebdirectory.info
eqhm.qiwen5.com
poyner.wop.ro
5577www.seo1122.com
www.432qqq.com
kukou.puk.ro
queening.info
www.seksdateservice.nl
godic.net
kaikyaku.wop.ro
krukke.puk.ro
www.d-www.com
upm.edu.my
redbus.nl
traeres.wop.ro
carrollu.edu
club.do
59vr.265link.com
tai.com.tr
tuneup.pl
sfdsa.pl
world-of-video.de
mfpkbigrep.blogger.hu
niqund.1168.tv
www.tncms.ro
soldigital.com.br
kum.hu
amtra.org
synthes.com
ltfuke.com
www.wcjbb.com
ibad.info
bongofury.co.uk
www.ruta-inka.com.pe
magicalgirl1.flog.pl
upcomingnewssite.info
carolinaherrera.com
www.yinqiyi.com
www.torpesun.atw.hu
macfarlanepackaging.com
from.tv
crystalphuong.net
duoduo9155.info
gp32x.com
www.tudouxinyuan.com
drivingsalestv.com
www.kwmap.net
ujed.mx
holdfruit.info
www.sexgs.net
wa5205.allin99.net
futureclub.us
www.fanhui.cc
77xi.info
www.meinvyouhuo.com
tutorialoutpost.com
nailspace.com.tw
jisakuti.wop.ro
javierllorente.es
venturecraft.jp
heida.cn
adornasti.puk.ro
entoptoscope.puk.ro
libyaheart.com
sikw.210000.org
uvir.cn
copa2014.org.br
nationalaffairs.com
sabaudia.latina.it
gayporniphone.net
getpaidreview.com
viralize.us
minea.org
dartington.co.uk
www.520yzm.com
bjjinfuzljjy5f.1168.tv
western-hindu.org
vitivinicultora.puk.ro
r.ihot.jp
sigpad.gov.co
gilfondrt.ru
www.neworldedu.org
b3net.co.uk
reddoorspas.com
39ymas.com
nederporn.tv
stepstar.gger.jp
bidian.net
ibuddiez.com
www.a51.pl
anliyuyou.info
doorblog.jp
baltimorestyle.com
www.trb.org
bronzefa.puk.ro
reversirobo.com
kodbul.org
fatfingers.com
canti.soup.io
olavach.fr
loccitane.ru
ankurs.com
6109.jp
www.hkfanyi.com.cn
add2dir.info
benden.puk.ro
tehran-musiiic.rozblog.com
www.baiy.net
sciencestage.com
uni-blog.info
wcmhblogs.com
eromitai.2chblog.jp
votencmentalhealth.info
bayan24.net
hbyyedu.com
lozd.com
klick-ok.de
mhtk.game2.cn
qianfan360.com
pxevwzjkn.skynetblogs.be
28.vg
aigo168.com
artishotspot.blogspot.com
armchairempire.com
restreintes.puk.ro
milkybody.info
gaydemon.biz
doena.puk.ro
www.consense.be
leon.fl.us
strebber.wop.ro
mybenz.org
norcalsys.com
cavzod.net
www.ocad.ca
hbyx.y-e.cn
miempresa.info
geruhtet.wop.ro
ontvlamt.puk.ro
forsal.pl
smilereminder.com
precipiti.puk.ro
headwayblog.com
www.pp8d.com
www.hnrjz.com
pedrosnowboard.com
firanytkaniny.pl
sihasara.lk
amymichleb.com
irne.digart.pl
o8.com.pl
distoyota.com
stakemill.com
quintes.pinger.pl
oyuntimes.com
scottifi.wop.ro
www.koolang.com
beautyezy.com
hupan.cn
bibisfashion.com
dracik.sk
freeclippo.info
zenit.flog.pl
www.aqsiqccc.com
www.iyaxin.com
club-jukujyo.com
www.dazhongzhou.com
onlineadvertisingfree.info
do-web.ru
campings-belgie.startbewijs.nl
youku123.com
mep5.nfdy.net
3xx.biz
5uflash.com
mc123.hamazo.tv
sultoni-kabir.tj
www.110757.com
ottignies-louvain-la-neuve.be
mexboy.ru
2485.nfdy.net
whyisabortionwrong.info
symbian-developers.net
linkrocker.com
thinkwareinc.com
wbldy.net
pieczatki.pl
phuketgems.com
mandaflewaway.tumblr.com
drugdatabase.biz
www.0514yd.com
www.rejseliv.dk
www.caob8.com
www.ciprofloxacin-buy.sitew.com
slotregel.wop.ro
vzv.su
wa5199.x111.org
katuo.wop.ro
divorcedpeoplemeet.com
mukigens.puk.ro
guinnessworldrecords.jp
omsktut.ru
kajumaju.digart.pl
mypiao.com
jmxded95.net
rspx.pmjt.com.cn
guska.jp
topns.cn
istitutocomprensivogabrielli.it
www.adminx5.com
symbolernes.wop.ro
lgblog.cl
secondshoutout.com
weidaning-xz.com
quantatw.com
android-dev.it
lifezona.com
viraladhub.info
0775.1775.cn
www.bkjy.sdnu.edu.cn
65kkal.ru
www.ymghg.info
theused.net
artgo.info
theweatherprediction.com
av.ipobar.net
checkit.gr
news.linkmall.cn
tarsushaber.com
jetrox.a-livesexasian.com
0770.1775.cn
ebuilder.pl
ojointernet.com
www.schope.net
192.dk
yoikikaku1.com
knppaa.org
brightlightsinc.com
heimatmu.puk.ro
modetrends.info
durcharbeitung.wop.ro
exrelease.com
oceniacz.pl
acetarious.puk.ro
noggeendomeinnaam.nl
percy.ru
www.wgbn7i.com
dictionaryslang.com
e-rewards.co.uk
boutst.wop.ro
fielding.co.jp
3esi.nfdy.net
casioindiacompany.com
www.jaffa.hu
ozami.com
028fsk.wanye68.com
bbs.dynews.zj.cn
bbs.ylwap.hk
anticacascinasangeminiano.it
tremolierender.wop.ro
sardegna.net
historyfliks.com
cowley.puk.ro
htptfe.cn.alibaba.com
as-bearing.com
sunglo.wop.ro
seoinformationblog.net
shoebaghat.com
fotobasia.pl
www.x.xx74.com
sumerkisaga-rassvet.ru
onlinebusinesssolutionsz.info
fol.org.za
gannonsantiques.com
www.prins.nu
logos34.ru
finenest.ru
cropping.software.informer.com
www.unicycle.se
globalwebresource.com
wuqing.cc
massgear.wop.ro
tordex.org
sq.kaye.cn
nycmarketingcompany.us
meijiri.info
fxxzlxhxl.blogage.de
windjack-heren.viavoordeel.nl
domeus.es
writersblock.ca
pseudomo.puk.ro
grupobfx.com
administrations.puk.ro
abwischt.puk.ro
vietnamtourism.com
zivinicka-raja.com
japan-schools.info
iphoneapplicationdeveloperindia.com
nestindia.in
atap.wop.ro
usa.info.pl
mebeam.net
ccftn.com
www.9123.cc
free-directory.tk
www.0315.com.cn
game.czn.com.cn
3at4u1.tk
www.amsups.cn
wikideb.org
sitemap.3456.tv
krakow4u.pl
fj.swok.cn
issolutions.info
hotelsmandawa.com
www.bpmt.nl
hxjy.cn.gongchang.com
www.waguanweimian.com
jianhuameida.fdchs.cn
chimie-sup.fr
gz-web.com
www.sxcaideng.com
heelywelt.de
huplutzqqy.blogdetik.com
imperii.puk.ro
sectools.org
tatemura.puk.ro
fc-severn.org
wa1wa.net
filmes-online.info
elusivedisc.com
wb1290869079.goepe.com
ibizanightclub.pl
free-hostings.info
news.bbc.co.uk
www.jdgjzp.com
talknerdy2me.org
ihr.com
asca.it
3.cn.nf
hide-ip.biz
ip-auto.com.ua
gfafcu.com
601448.com
riyongtaocicanju.com
vcp-oploo.nl
da.com
www-vatti.com
gnic.nfdy.net
jt.szonline.net
www.ahfzjy.com
www.csxyushi.com
nutrition-place.com
konferencia.lap.hu
goo.com.br
alteya.net
aiaigimei.co.cc
zeeman.com
www.geise8.com
seo.pe
heroeswow.info
docomo.biz
www.love7y.com
q42t.56dvd.net
pit-38.info
chinaibi.cn
aandraafden.puk.ro
dementia.pt
aisc.org
xiehou360.com
lissaexplains.com
zuluo.net
stormcn.cn
www.maydonggoi.vn
fwkg.nfdy.net
axiom.hu
pay.91193.net
zapiska.pl
wishinfo.net
zgallerie.com
sunne.puk.ro
happyend.fr
www.7m22.com
hr.am
macwiki.nl
dreamgrow.ee
vid.nl
www.seoer.org
zosia.r.pinger.pl
kodaikanalguesthouse.com
68fa.net
linux5.sinaapp.com
sjapte.wop.ro
vru.ac.ir
beezeees.com
chiplove.biz
www.jxlyzc.com
bjsbrewhouse.com
editarfotos.org
www.7k78.com
imballas.puk.ro
tablica.pl
italiaspeed.com
warhol.org
anqing.012job.com
dachs.puk.ro
www.tek.com.cn
stoknig.ru
vermontlaw.edu
woodtools.nov.ru
midwayfashion.com
oxland.wop.ro
gafunk.info
acadiankennedys.com
canotiers.puk.ro
moe.edu.tw
www.5iads.cn
tze33-9bb7.tumblr.com
93.iresor.osa.pl
16mb.com
yys.qihaa.info
stroak.wop.ro
poliker.hu