randkabe2.blip.pl
xfc7.com
www.lxgzs168.com
fufanghaqing.1168.tv
knettishall.org
www.yanshi.com.cn
greenwich.gov.uk
sango.blog.so-net.ne.jp
ashdcl.com
ashenfold.com
dallo.wop.ro
basratuna.net
30.media.tumblr.com
www.cqyu.com
alertcaralarm.17toysbaby.com
plemiona.pl
www.wenda101.com
saobattu.net
twitjersey.com
02kkk.tumblr.com
strassbngraeben.puk.ro
wallstreetpit.com
www.daluap.in
ehogwart.pl
w5ma.265link.com
www.exjob.cn
yocooware.com
evoproj.ru
smb.gov.ru
vdns.pl
skku.edu
www.kfbjb100.com
blogbot.com
metronoticias.com.mx
www.zgcaijing.com
www.fujieyazi.com
www.msbn.tv
www.4a5b.com
ymca.digart.pl
articolista.com
caoni1986.com
ippx.pl
sdia.210000.org
public.homelinux.net
www.yidoufl.com
zhypermu.com
burrish.wop.ro
onbaatzu.puk.ro
www.111jz.cn
www.ythaoyue.com
www.eloam.cn
5c5c5c-115a18.diandian.com
domaingoat.com
www.sjsu.edu
www.onlypo.com
atehenmei.com
offersclick.pl
marylandsquare.com
sanfordb2b.com
criminalsearch4u.net
stpso.com
www.hbtejiao.com
www.shdfaf.com
senpaigamer.com
mxhub.com
mikko24.wrzuta.pl
www.cq981.com
hanfa.hr
www.sye.com.cn
mdc.1168.tv
socialbookmarkingmarketingsuccess.info
gitampramana2k12.com
marsziaes.pinger.pl
ppcalasparra.es
56uuu.com
bondwithkarla.com
eal.ee
checkoo.com
moebel-schulenburg.de
jastrzebiowate.zwierzeta.ekologia.pl
dpgc.ca
www.nfhkair.com
absplitterndes.puk.ro
weka.hu
ws.is
www.regielive.ro
masonezra.tigblog.org
aimimpossible.org
typhaceous.wop.ro
kashi.66law.cn
www.xiaofeizhetongmeng.com
callmedis.digart.pl
hs1.yy.ai
www.51falvguwen.com
5dzp.cn
biurowirtualnewarszawa.pl
www.yxsco.cn
duran.ca
www.okyb.net
mu-fang.net
jwjs.t.chinago.cn
www.ydjqyy.com
www.akkdr.com
shop69400576.taobao.com
gedreind.puk.ro
88.beihk.com
songtot.vn
armstroff.com
ghsky.com
www.elhay.cn
xbjy.info
indoirc.org
szqfyx.com
abcportage.fr
phsapplynow.com
www.hhqq.cn
dn0f.qiwen5.com
peridial.puk.ro
www.tangjing1207.com.cn
slurve.wop.ro
www.53aiai.com
www.yh-tech.com
raovattiepthi.wordpress.com
www.caijue.org
www.fhfanli.com
sexed.su
abolirait.puk.ro
theimaginationtree.com
fa95.ta22.us
www.peacecorps.umich.edu
vastars.info
clock2d.com
simple-loop.com
grafjozsef.hu
51jinshi.org
mileysweetz.pinger.pl
kantonow.com
www.newskaz.kz
7551.com
www.yhbx.net
guihuaxiang.com
taobaobuy.5d6d.com
tatteredandsplattered.co.uk
chatterpets.com
www.0455.gov.cn
megafootballcamps.com
www.nini.hu
www.597xo.com
www.94kmm.com
www.250yy.com
hebinzhicheng.com
netmarktools.info
xyun.com.cn
n-ble.net
norvalspont.info
uzpa.210000.org
zagol.com
ezytred.com
debt-settlement-tools.com
mazopelis.net
aiwo.puk.ro
paypal-biz.com
sgpc.net
www.123yxj.com
www.yyjd100.cn
lt.imobile.com.cn
snowmore.ru
inspectorbest.de
www.zdxxjs.com
tj.454.cn
searsvacations.com
siteinseo.com
getbetteratpublicspeaking.com
elsistema.info
www.6stock6.com
universopanico.com.br
tickets4bus.com
e31.ndw1.us
seedopia.info
girlfriendgalleries.net
meteo24.de
shushise.wop.ro
syfs88.com
hyperlinkcash.com
prodi.wrzuta.pl
yamaha-motor.co.th
leka.soup.io
vu.6ak.info
www.ehuaren.org
www.chinayasheng.cn
niqzone.cn
dianziyouxi.net
shidohikaru.digart.pl
elokwentny.eu
kkp.go.id
sportsgamesonlinefree.com
foxuc.cn
jstriclub.org
ksvr.org
sxsasa.org
duatravel.com
faiv.com.ve
itiruish.wop.ro
tytm.net
fastupfront.com
flash-design-india.com
www.jsshr.cn
www.goupengyou.net
calendario-lunar.net
site.lady8844.com
newskiwami.livedoor.biz
olee.de
www.0531dm.com
gpx2img.com
coroanamarostica.it
estudosgospel.com.br
moredigit.com
rajpanchayat.gov.in
teethgrinder.co.uk
pxnz.qiwen5.com
shoppozine.com
ngk.nl
seyishu.com
www.jianfubu.com
thestudycorner.co.uk
zadajpytanie.pl
rd.click.ro
smbnation.tv
sklep-pomoc.home.pl
www.emoed.net
pasadofuturo.com
lyfo.265link.com
loveleiju.com
www.serveurs-minecraft.org
psu.edu.sa
hipercole.net
frangulaceae.puk.ro
www.eiyoowo.com
svog-wollmatingen.de
www.hao229.com
rafe.wop.ro
colorbrand.at
www.linkidea.cn
gem.software.informer.com
tiger02.de
utstiller.puk.ro
kitari.info
conociendo.info
loudi.bbs.house.sina.com.cn
qycn.com
thedailydigi.com
www.fzhqw.com
vdns.vn
eszter.info
logo54.com
www.yinleduo.com
blackhatseo.com
ceshi.973.com
aftb-oscip.org
ricsporn.com
asptutorial.info
xn.365hk.net
refueling.wop.ro
www.866mi.com
atmoonblog.seesaa.net
www.zjkko.com
sangotunhien.info
rockfrog.co.uk
www.pangu.us
nacski.com
unioeste.br
amazinglight.info
smarterplanet.tumblr.com
www.3fkc9.com
xinhu.cn
godammit.com
tweettrust.com
commcbank.cp.cncgw.org
rancies.puk.ro
unitedhomeporn.com
prsites.fr
xfvhjoydf.blogdetik.com
rapcollabz.com
gg.org.sa
pc-teros.es
www.5isf.com
inntog.wop.ro
www.gzbpvi.org
pahlavani.babuism.wwwwww.wop.ro
centropuccini.it
155dy.com
pavelionut.eu
projectithera.com
wastelandski.com
doornkop-jackrussells.co.za
sudanyiat.net
www.clwz.tv
listal.com
cestlavie.vn
donnerskiranch.com
omst.me
polit.ru
laurashoe.com
www.8qp.cn
midea.gx.cn
embedvideoonwebsite.com
dbnz.org
www.e327.com
upl8.tv
bizweb.vn
ukyaku.com
thewholesaleforums.co.uk
www.xmzyjs.com
emaildjm.blog.163.com
prepperreport.com
icamtech.net
www.cwyuni.tw
www.pingpancun.com
ujyn.nfdy.net
hj6j.265link.com
www.gzqw.gov.cn
jonesday.com
noface.info
79hmm.com
acoteor.com
www.cnccct.com
xinghua.5food.cn
www.sedianmi.com
2click.pl
www.yz-tc.com
jipinmei.com
pic.gmw.cn
www.hwdtqx.com
klock.puk.ro
luturen.com
pcbet.info
www.schs888.com
77me.com
cf.qt263.cn
bronzefa.puk.ro
szybkooferty.pl
fuhei.net
www.sdyt8.com
jfba.jus.br
usaone.us
dagoneye.it
kilofun.com
popcornjs.org
jumppunk.com
sosna333.pinger.pl
diswebmaster98.blogspot.in
mapofemergence.com
www.zzzhiai.net
rjtlaaom.typepad.com
justwebvalue.com
rongpencil.tk
publicentral.com
thiep.xitrum.net
gxlib.org.cn
123xa.org
simtecsystem.com.pl
participating.puk.ro
therugest.com
99bbbb.info
www.bkvl.nl
yachtworld.de
premiumproductsonline.com
railnewzealand.com
htcforums.com
tpfm.lizhidy.net
lightburner.com
www.yeb.cn
extremeblack.ru
fandalism.com
vacation-apartments.com
tarstarkas.net
leonardovanni.com
yx1978.com
yourmediabox.com
4wei.cn
metaalgl.wop.ro
cero.in
mitka.org
shjm.78.cn
jego4.digart.pl
www.jxzfbt.com
www.zjfp.net
todesurteils.wop.ro
tbrmdh.com
qqomg.com
armilit.ru
www.resiay.com
ahbtyy.com
findlink.info
www.6611199.com
my.ust.hk
pompoese.puk.ro
f1-portal.ru
flavorofseattle.net
www.edc015.info
hbhospital.com
alfabank.by
enaca.net
vintageavenue.ch
kalauzolo.hu
radiko.jp
truprint.co.uk
buy-selltextlinks.com
www.hr-wz.com
practicalspreadsheets.com
www.caipiao.vc
marli.blip.pl
ybgg.265link.com
indonetwork.co.id
tamililquran.com
souyy321.com
permaculturaportugal.ning.com
wetteksten.puk.ro
keiousin.wop.ro
www.cprt.com.cn
fck.dk
ontariohealthstudy.ca
marketing-internet.com
zoink.it
qaplsxrm.blog.mongenie.com
vakantieegypte.info
cf.1713.com
sto.org.pl
mvprs.org
linkcatalogs.info
toutsurlimmo.com
engo.in
kyorin-u.ac.jp
findl.com
filu.digart.pl
marketingemoda.com.br
www.1000igw.com
viswijve.wop.ro
teihen.net
jafland.info
truetravellers.org
www.retardipedia.com
tomhuachina.cn
www.qingqinggan.com
disp.cc
topictures.com
www.wxzmjx.cn
voom.wop.ro
www.zdjsyy.com
mangootv.com
wordtothewise.com
ligimesekaitseks.ee
rovo.puk.ro
lelieuunique.com
linkjewellery.net
starmyname.com
enernoc.com
www.57ge.com
persianwell.com
cheapbeatsbydreaustralia.org
tran.cnsb.cn
wahllose.wop.ro
rxjhcdcxjdise.com
afroasian.puk.ro
oyonale.com
world-of-video.de
shop58793986.taobao.com
www.cn-ywq.com
www.qiaoleer.com
ezustpatak.hu
www.jbteens.net
deporteycombate.com
lavani.wop.ro
shop.xwcm.net
coffee.cn
www.etimes.cc
www.mxcygs.com
nptp.56dvd.net
www.zkhospital.com
sfc007.com
ciemnanocka.blip.pl
3tn.ru
sasluts.co.za
cosmos.mx
www.bangtao360.com
katalog-seo.eu
www.bjbihua.net
hnnawbbqb.exblog.jp
theweek.co.om
www.luomaicp.com
saperesaporishop.it
thailandoutlook.tv
mec.li
zasd.nfdy.net
nsw.co.jp
cetkatekstil.com.tr
startupselling.com
mysixpacksecret.com
smv.gob.pe
koni-na.com
pspfilm.su
onlinerecnik.com
starbeach.tv
minibulles.info
bluegulf.7190.cc
facebookstatus123.com
easywebdir.net
giter.pl
kambit.pl
p2003.com
pittart.com
logographos.com
creafimo.ch
www.88218.com
jdu.kz
adbertigant.blog.pl
sspig.com
www.qiqiqb.com
www.yautou.tk
swimming-information.co.uk
calories-in-foods.com
bru.ro
www.seerge.com
swtor-rp.de
www.fahei.net
www.fensehui.net
www.qingzhoujob.cn
www.hfbj88.cn
forcedfuckers.ru
www.shcaas.cn
rcgiannini.com
www.lbl.gov
fabasoft.com
katsumok.wop.ro
viajesalemaniaysuiza.com
jsperf.com
preistipp.at
inetshonai.or.jp
www.ipadtv.cc
www.besthowdy.com
www.mtv.net.cn
tusnovelas.com
tree3.net
auto.ttx.cn
inart.co.il
maker.co.il
astarcolombia.com
batdongsanvn.info
net84.net
remisivo.wop.ro
marcelanderson.com
caaitba.org.ar
tahoenuggets.com
sigpad.gov.co
www.hi6800.com
xphoz.com
spdrgoldshares.com
playoff-pro.com
www.bmqv.4f9.org
remmonmethoar.puk.ro
bf.90win.com
50er-forum.de
sfighter.pl
oldroad.info
www.obs.org
desree.punt.nl
snowdreamanimations.com
yinchuan.taofang.com
kerbe.puk.ro
tobuy.ir
www.jsdled.com
palmademallorca.es
moneyfactoring.ru
asda-photo.co.uk
unduetre.com
kcynia.pl
www.nscmp.com
haifanliwang.com
www.xxx1111.com
www.movdh.com
jiese.org
chenzhou.taofang.com
determan.it
juan.pl
cassey.wop.ro
ptl.org
nglib.ru
dyeleave.wop.ro
maizou.wop.ro
www.pacificstorms.org
www.nso.mn
www.rzzz.cn
urasenke.wop.ro
tians.in
anthropotheism.puk.ro
eldeportivo.com.co
usb.ve
neuzustellung.de
videocardz.com
nobius.ru
virtualsoccer.ru
elit.cz
juegosdaviones.com
aharmony.ru
primeurt.wwwwww.wop.ro
www.666nv.com
snua.210000.org
televanbh.com.br
uspcparts.com
alplist.com
alqotr.com
alsabah.puk.ro
alsagerchessclub.co.uk
alqd.nfdy.net
alterpismo.pl
altervista.org
www.egoogoo.cn
althoztorg.ru
altlinux.org
aluino.puk.ro
playboysbustybabes.com
alvino.puk.ro
alwaysdata.net
alyssanation.com
www.xnjd.net
alzey.puk.ro
ama.com.au
amadermodel.com
dkfp128.com
amadeus-full-movie.blogspot.ro
sklep.tvp.pl
amadorwa.com
amata.puk.ro
aquehorajuega.net
amateurspanking.net
amatortelsiz.com
marxie.wop.ro
amazing-giant.com
amazingbadboy.a-lsawards.com
amazon.cn
bscw.ethz.ch
ambientebrasil.com.br
ambitions.puk.ro
ambleo.puk.ro
amenajari-interioare.e5.ro
americaenvivo.org
americain.puk.ro
www.qjkj.net
americantrailboss.com
americasnextpornidol.com
americatube.com
www.soduxiaoshuo.org
amerimed.com
amfar.org
amical.puk.ro
onlineclarity.co.uk
amida.wop.ro
amimodo.it
aminadangerous.a-liveprivates.com
www.qujialing.gov.cn
amincit.puk.ro
amit4u.com
amourach.puk.ro
winespectator.com
amoureus.puk.ro
amrak.cc
amritvelaradio.com
03886.info
amstarglobal.com
amsterdam.keune.ru
amurca.puk.ro
amvsbiju.blogerzi.com
amway.gr
amzaidi.org
impowersuite.com
an.moonbasa.com
anahtarcizafer.com
anairda.soup.io
tiffany.co.uk
anaisnin.com
analyticsforwebsite.com
anastasialux.a-liveprivates.com
yougedi.org
freebusinesscheckingaccount.info
ancestors.lu
ancom.org.ro
ancrerait.puk.ro
www.77daikuan.com
andhratelangananews.com
andluk.ch
andoke.puk.ro
ordersatellitenow.com
andrewtai.top-site-list.com
android.journal.mycom.co.jp
andybaird.webs.com
www.ifra.nl
andyn.blog.xfree.hu
angaua.puk.ro
angel-le-prophete.be
8899lai.taobao.com
angelwhispers.co.uk
anget.puk.ro
angieo.com
faltigstes.puk.ro
angle520.info
anglicanaid.net
anglosaxon.puk.ro
zjcysl.com
angryfingers.com
angulate.puk.ro
anhielten.puk.ro
btf-steyrermuehl.at
anhui.qyi168.com
ticketdirecto.com
isobar.wop.ro
www.cszhhq.cn
yinxiao.net
sieuthinoithat.vn
distancenglish.com
animatch.ca
www.yuyihao.com
teerhart.puk.ro
ifail.info
vegastickets.com
now.ru
pestjobs.hu
www.cmsh.com
wzgp888.com
www.pathe.it
www.syhhidc.net
xl8x.265link.com