centuriontraining.com
firdaus.info
cracovia.krakow.pl
www.szmoom.com
mandalay.pl
www.mmnini.com
mall.10086.cn
ania.pinger.pl
uanews.org
gt78.210000.org
dbstczh.taobao.com
sas.unl.pt
parafiakrajenka.cba.pl
trainspotting-full-movie.blogspot.ca
jxlw.net
shenzhen.ucar.cn
www.zixunz.cn
pgegiek.pl
ssssg.com
www.zxkd-hk.com
richjo.com.pl
drinkndate.com
inmedblogs.us
gdjz.net
chodzezkijami.pl
swiatwyscigow.pl
rapatuja.digart.pl
lengmenhy.78.cn
vypocet.cz
www.239300.org
fromidea.com
www.latinasx.com.ar
internationaltransportforum.org
directory-link.info
mojezdravlje.net
cyclingteampk.nl
kamka103.wrzuta.pl
www.gboslaser.com.cn
villavinci.co.uk
kamlove.flog.pl
www.xout.cn
cornix.wop.ro
188lingd.lingd.net
ubarryho.cz
paypal.pl
mmlodz.pl
kryfka.blip.pl
designglass.com.au
mozi24.hu
www.gwyxzw.com
wainepittman.com
moaan.digart.pl
namely.us
www.szbbs.cn
piekneoczy.pl
ips.gov.py
pfaelzer-leichtathletik.de
postpet.com.tw
meili315.ftp5.ytaotao.net
www.iyuxiang.com
www.5stones.com.cn
wordpress.com
52kks.com
indicativo-do-pais.info
33665.net
www.dongguanlvshiwang.com
ate.fm
cuffie.wop.ro
ucmentor.com
www.tungtai.com.cn
hell-boys.pl
42kan.com
www.jiemengdaquan.org
www.pornocammovie.nl
www.qdpaiji.com
techsmash.in
www.dongguang118.cn
schlecker.de
alexanderhof.com
nordicism.puk.ro
yuesn.net
www.kadinresimleri.net
www.frix.it
pracetanio.pl
www.frw.pl
hormann.pl
backstreet-merch.com
ergoarena.pl
tewpik.com
k-tai.infoseek.co.jp
dwergach.wop.ro
lotos.pl
artsforafrica.info
d-vice.info
t-shirtblo.gs
onemoreday.pinger.pl
backtotheroots.pinger.pl
hutselbe.puk.ro
blog.dan-teng.info
www.dapprestrijders.nl
dirmoz.info
www.tmz168.com
lovingmuscle.com
me2.com
www.zz24.info
preferredconsumer.com
narozeni.cz
bexlab.pl
www.tnniketn2013.com
123bba.com
cerveza.org.ar
ipboard.hu
www.luoke.co
www.hbkbl.com
arqespqrx.blogger.hu
academy.jobg.cn
thitruongraovat.net
fc-porto.pl
diddi.wrzuta.pl
djjosh.hyves.nl
www.oridea.ru
myxo.css.msu.edu
www.0rbi.com
mande.tk
pirati.cz
dszy.cn
neo-guerillaz.de
qfig.210000.org
www.ploks.nl
www.sostoo.com
purina.cn
flippinburgers.se
xlh.1168.tv
watchdayofreckoningonline.blogspot.sk
www.59ii.info
www.shghxyedu.net
kameduli.pl
roody102.blip.pl
www.yghg.com.cn
ichao.puk.ro
80suncity.net
www.snow.it
pansebek.pl
mdpro.nfu.edu.tw
urlpulse.co
aluplast.com.pl
bbs5.cgiboy.com
ilfrc.com
fincaraiz.com.co
zxc.opx.pl
www.hzdlk.cn
goten.jp
housekeeping.tk
www.268txt.com
varagund.edu.pl
www.ljzpcg.com
www.gzxghl.com
tips98.com
bbs.e666.cn
phuphangmar.com
cooh.digart.pl
www.cip.gov.pl
deserted.flog.pl
toolwiz.com
aaxxx.soup.io
blogspot.sg
www.xxx226.com
e-vending.ru
www.doofaa.com
hupan.net
freeseowebdirectory.info
fotem.pl
rc-axis.com
www.xxxy9.com
www.travelbags.cn
8.5566.org
lstime.org
www.5555dh.com
gogle.blip.pl
homenspelados.net
interviewhelper.org
haprogroup.vn
slashdotsite.info
golpo.org
www.yya5.com
www.360away.com
isocepha.puk.ro
www.023dy.com
actebis.fr
covs67.com
ilze.nfdy.net
jxt-hc.com
soyiquique.cl
www.e8818.com
mayaxxxx.deviantart.com
deloreanworldtour.com
www.xtmpw.cn
netto199.hp.infoseek.co.jp
icg6.com
hdx6811.51.com
1millionkilochallenge.com.au
hy22.com
lighthouseherbs.me
jcouncil.net
ccftn.com
logicawiki.nl
rafi.pl
se.22szs.com
taicang.info
interhead.pl
www.capitalbio.com
humyai20.info
www.pdsgyxx.com.cn
hoboed.wop.ro
garmenttech.com.vn
mysocialflix.com
shenyang.usembassy-china.org.cn
cl.orc.st
sh.tsyouxi.cn
hiqd.net
distance.pl
www.zgyyw.net
www.huarense.com
phvgoedereede.nl
www.hnryyq.com
52kshu.com
leonidas.be
guahao.39.net
zestair.com.ph
www.bjmeishunbao.com
www.mayiol.com
www.mmuu00.com
www.97tyzc.com
hao.181.net
communicatie.blog.nl
c.admaster.com.cn
www.ksxjd.com
lvdv.nfdy.net
linksea.info
backpackermedan.org
www.eoeog.com
lechu.flog.pl
www.qimengzj.com
xiaozhou8.web-162.com
www.365chenggong.com
dqz8.com
neurolinguistic.com
kouryuun.puk.ro
www.seriespreview.com
kempwire.com
kotkapsotka.wrzuta.pl
centurion.bb
le-surendettement.org
ss.ququhe.com
www.avttk.com
kazeno.info
bbs.hkvmv.com
gamigo.com
motiva.fi
www.sdaksoft.cn
altervista.org
businessloansstartup.info
www.zhongyi528.com
www.diaosujia.net
atarionline.pl
shanghai.tianqi.com
mackt.se
www.52letv.com
lisek.blip.pl
reisenwe.wop.ro
h.stack-style.org
izabel.in.wonderland.pinger.pl
palnhumbwest.bloguez.com
2chmokemoke.doorblog.jp
xurixuefuhy.soufun.com
securesignupoffers.net
www.tee888.com
idesktop.tv
adamolly.com
blauwbek.puk.ro
www.shenbao.org
livesocialbookmarking.info
chevrony.puk.ro
www.typjdb.com
worldtruth.org
opticaloceansales.com
www.baimu88.com
sandradans.com
divagavi.wop.ro
www.lylcjsw.gov.cn
www.njhuqing.com
9086.cc
guihuaxiang.com
www.yzm520.com
www.jxthc.com
go5.100hg.com
hsc.9998.tv
masr.com.mx
koubb.info
bullterrponyva.hu
www.wfxygg.com
mobiledevicemanagementz.info
www.vmmtv.be
youthoutlook.org
www.ynrich.net
bcft.nfdy.net
6hk.cc
66c.in
www.8620s.info
lwid.nfdy.net
makevrndavan.org
zijqwiatz.skynetblogs.be
imagine-r.com
1a9.info
piterovski.blip.pl
futurowin.cl
c-osztaly.mercedes-benz.hu
ngobrol.us
www.ri1b.com
webgarden.ro
coroanamarostica.it
isysi.com
ufasta.edu.ar
bishuilicheng.soufun.com
suoomi.digart.pl
wynikilotto.com.pl
danbetcon.com.pl
lookaway1.pinger.pl
netfan.pl
www.ctfcw.cn
cnshu.cn
bozydar.blip.pl
sccnursingalumni.org
gamerstation.pl
www.mycoolboy.com
chachala.com
pjszyw.com
infn.it
overfee.puk.ro
kasiaratajczak.digart.pl
bwabwanet.fr
www.665cc.com
gedr.210000.org
nfinity.pl
capolado.wop.ro
gqnppmibk.blog.mongenie.com
www.cccljt.com
otrs.com.au
mariohry.info
xn--viagrafrum-mbb.hu
warmia.pl
www.avqqcom.com
nkjunak.com
spacecollective.org
blankref.com
ccmb.co.uk
idka.pl
b.h499.com
hambi.blip.pl
www.ges.hu
cqcy.info
bodong.7k3k.com
www.gzhsn.com
www.buypropeciaonlinenoprescription.org
portaliimmobiliari.net
ofertaobrasil.com
www.0591ej.com
layooo.com
piarroan.wop.ro
www.4040.com.cn
lagatka.pl
tiboo.com
day-z.org
hutx.de
inds.pl
4080records.com
franeq.digart.pl
65w5.nfdy.net
tplus.89.pl
kreditrechner-online.info
www.uy60.com
b-site.pl
76333.net
kupsprzedaj.pl
radio-electronics.com
redmanc.com
ru-an.info
www.qlfsw.net
loee.pl
drbeasleys.com
fiboomjobs.com
cinepolis.com.co
camst.org
szwang.com.cn
www.siyrcw.com
fp1m.qiwen5.com
hotfattube.com
mylikes.com
mkwfwibvum.blog.mongenie.com
tool.med660.com
www.9dxh.com
brujulea.info
www.1985s.org
2n0d.56dvd.net
texprint.org.uk
piratpartiet.se
spinna.wop.ro
jialebai.com
obugs.net
volts.wop.ro
971971.co
mario.blip.pl
rlp.nabu.de
tweetravel.net
vidyapatha.in
0759haixian.net
roweryokey.pl
www.shanghaizhongtie.info
pksbilety.pl
kasja.pinger.pl
onomatol.wop.ro
www.webcns.com
nb-lytools.com
alpenbahnen-spitzingsee.de
www.ergoline.de
k.alg.pl
effectivemarketer.com
seizor.net
wearesolrepublic.com
x-models.pl
myeq.nfdy.net
qvodxx.com
superlinks.blogspot.com.br
www.feiwangda.com
russian-world.info
kaleazy.com
starcraft.md
suxornot.com
d98.cc
www.fs231.com
forum.creamwaletbio.com
qisousuo.com
ak.se
magazynconsido.pl
023733.com
your-debtmanagement-articles.com
wygotski.com.pl
virginia.jobs
waldendegrees.com
au.edu.tw
0663idc.com
hsdyz.co.cc
graceful.ly
mysubtitles.org
sepultura.uol.com.br
lamnid.wop.ro
levneknihy.cz
www.qurujia.com
khothietbi.com.vn
eventvisa.com.ng
textmarket.pl
feeney.puk.ro
metropolfm.de
naabd.com
bms.ecm88.com
rasmussen.fi
jimmywesds.blog.com
librosintinta.in
kjfz.210000.org
sinovale.com
www.pigpy.com
umorismo.puk.ro
gdzie.net.pl
wannabeadoula.com
hotbusinessesonline.info
www.sitongbxg.com
pappyna.jp
naba.flog.pl
direct-golf.co.uk
www.tinyurl.pl
klarica.uw.hu
www.downza.cn
knowledge-management-tools.net
domovie.tv
11-11.tv
www.digitimes.com.cn
www.tienermovies.be
sportcup.pl
www.yinpin4.com
trundlin.wop.ro
www.leiyu88.cn
www.xiaoyaowang.net
alleviar.puk.ro
reso.210000.org
qbshtall.soup.io
mateo215.wrzuta.pl
mrenew.prv.pl
www.srzhw.com
www.szcda110.com
publishedscoops.info
hotmark.eu
www.hkwstar.com
znajdzprezent.home.pl
www.pemma.pl
randombuzzers.com
venerand.wop.ro
mf.zaitu.cn
dragonmedia.com.vn
265266.com
yomura.jp
implanty-zebow.poznan.pl
quaint-dame.deviantart.com
cashbux.info
p4a.jp
153154.com
www.yanzihome.com
go.ninemsn.com.au
fernandoalonso.com
rvak.210000.org
rsjk.qiwen5.com
0769himin.com
acetenyl.puk.ro
lichtcharakter.de
nethit.pl
www.wulin2.com.cn
fukugour.wop.ro
crazyhousereviews.com
bancoherrero.com
bumper.wop.ro
tigerdriver.blog.so-net.ne.jp
www.beichthaus.com
polskikosz.pl
www.silberauto.ee
billigaflaggor.se
friisdesign.net
www.abercrombiefitchparis.eu
blinkweb.com
vivetargi.pl
www.nnwb.com
www.trinity.org.hu
tucowsdomains.com
kingphp.com
www.mmsfw.com
vejita.wrzuta.pl
syoaku.wop.ro
viveaguascalientes.com
4148152.c.mychemy.com
job.dyit.net
kaotin.wop.ro
aliaga.wop.ro
a.chip.jp
www.siteloop.net
forumieren.biz
prazercemporcento.com.br
eltlwlklf.blog.mongenie.com
www.banjia600.com
naturalgas.org
navicms.pl
ilike.kz
nkjowrzesnia.pl
www.dong456.com
splesh.net
pcappland.com
aangedur.puk.ro
safesell.cn
treeweb.pl
docbase.us
rechecker.com
udayton.edu
inkasinncusco.com
giraal.wop.ro
stealth.to
simpledirectory.com.ar
socialbookmarkingcybernotics.info
www.caodanai3.info
sfide.wop.ro
lokalbolig.dk
xfire.com
www.548.cc
clinicadecirugiacosmetica.com
opinion.m4.cn
bagshunters.com
flashbuzz.info
konieczny.natemat.pl
www.85cafe.asia
yaruo-antenna.sakura.ne.jp
impact4life.de
foibos.cz
sualovisong.vn
www.xxx75.com
www.tgy678.com
mpfs.com.au
crayonsalon.com
www.qcypsc.com
gebiechteter.wop.ro
magboss.pl
jdgconstructionpt.com
0755sjmg.com
spicysnap.blogspot.in
www.seizor.net
uggbootsclearancex.com
dictionary.pl
tivionline.info
ceramizer.pl
lowertags.com
wqnqcngsuz.blogtrue.com
finam.fm
auto.gzbs.cn
meaningof.name
tvhradec.cz
www.xxqvip.com
linkfan.pl
bo724.com
www.devonenergy.com
fullmp3.pl
insidesales.blogg.se
littleorley.com
ragid.digart.pl
chatters.co
chncpa.org
wielkapolonia.pl
www.52wf.org
ngmzd.my.gov.cn
www.5460shop.com
www.zhaoyi.net.cn
www.g130.net
dir.vc
www.hicss.net
86ma.tk
ousocom.com
6cotok.net
www.discountmonclerjackets.com
restos.tel
www.321.ro
tianyami.com
www.incoreservice.pl
tarif4you.de
82lc.qiwen5.com
cgb5583.com
www.qujianfei8.com
www.u-q.com.cn
teenus.info