kckrs.com
wikigeeks.de
talon.cz
supplychaincanada.org
statsmogul.com
agap.blip.pl
reiko.hamazo.tv
www.000d.com
makao.wrzuta.pl
rsskataloget.dk
danpacplus.hk
powerretail.com.au
www.ybfc.cn
www.5syy.com
moveapp.pl
tecoloco.com
fh.ningbo.gov.cn
klaraar.flog.pl
oolka.flog.pl
tohair.com
www.yxhei.com
www.iii90.com
pyt-odp.pl
lexandterry.com
cranberrycornersgiftbaskets.com
sale.591.com.tw
www.tienermovies.be
kalkot.wop.ro
pilniak.digart.pl
www.binglidan.net
www.c-jia.net
meishi.0513.org
spoleto7giorni.it
www.ksxjd.to8to.com
kuncisakti.com
odessamedia.net
life.zgnt.net
swiatkrysztalow.pl
afgeschrikt.puk.ro
icelandtours.sk
btscg.utmall.com
imgh.us
www.prywatnekontakty.pl
www.siteloop.net
www.0739vps.com
leijuu.com
skylanders.com
body.shop.pl
spider-man-2-full-movie.blogspot.com.br
peterchen.digart.pl
ukapu.org.uk
ubarryho.cz
www.jiaoy88.com
jetsetadvantage.com
antonio-jimenez.com
kruisdoo.wop.ro
www.dtqsy.com
912register.co.uk
xcbcy.78.cn
blogspot.sg
dlapacjenta.pl
www.cet6-cet4.com
flattern87.flog.pl
rzu.gov.pl
www.hmz.cn
cognito.cz
e205.org
www.atoato.pl
www.hamanhotel.com
www.028fc.net
19qinglou.com
adventurejay.com
kutz.kazimierz.salon24.pl
alcar.pl
loftinsulationoffers.net
aktm.digart.pl
matrik.pl
warnersretrocorner.com
www.xfshui.com
ranborn.org.pl
nurluq.tk
kepnosocjum.pl
lvvv.k3y3.net
jjys.1168.tv
amenext.com
sports.3g.cn
123.pl
www.52letv.com
lieux-spirituels.fr.nf
ttuu.com
ruskix.digart.pl
girlsshow.tumblr.com
mazurown.wop.ro
www.westchinago.com
deloreanworldtour.com
wbwt.wrzuta.pl
anpad.org.br
www.yxbzhiliao.com
fajowe-gry.pl
zecus.digart.pl
gurkcity.de
niagaravideos.com
mysocialflix.com
topic.auctions.yahoo.co.jp
hehe3.blip.pl
fuzhou.bgo.cn
ranking.18tube.pl
www.avtv.icoc.cn
delur.tv
catalogofacil.com
duoduo9155.info
www.sinala.net
nlprc.fyfz.cn
arkana.pl
dreamflystudio.webs.com
wanli0769.cn
www.bclass.ru
www.chweic.com
wildwoodbaptistky.org
mhg.salon24.pl
myfreedomfoundation.com
www.fjbys.gov.cn
maltatrading.pl
duruy.wop.ro
www.yousudy.com
eksporter.gov.pl
chaohuxierdun.fdchs.cn
web-radio-powerplay.de
a.cc
blogger4you.narod.ru
www.clwto.com
deepikapadukone.eu
sybase1.software.informer.com
elmar.nl
floristern.de
menele.pl
www.0476.org
www.acvz.nl
www.jiuxianwang.cc
tomsshoes.pbyu.com
soldeu-andorra.com
elektroszerviz.uni.hu
www.wfhyfrp.com
66rt.cc
divxonline.info
www.jhyzxsh.com
meblekessler.pl
qomnn.com
www.jiemengdaquan.org
sudanyiat.net
word.co
styleheroine.com
crewind.com
www.arkeia.pl
www.moxue.cc
linkdesk.info
asdaysgoby.com
icelan.puk.ro
www.20o.info
cn10010.ws
waldmander.at
sulfonal.puk.ro
emcee.digart.pl
lokoz.info
www.juntucs.com
p6ok.com
www.268txt.com
www.ta0baad.com
5206h.tk
xdwan.com
appsforandroid.webs.com
thewhiteenglishman.deviantart.com
dalian.usvpp.cn
sentire.flog.pl
www.jccc.edu
bandy.blip.pl
brunecia.digart.pl
imlemeb.info
28dni.pl
xywb.hj.cn
forum.minecraftplayers.pl
www.vmtfsz.hu
umcs.lublin.pl
spraajt.flog.pl
patrondash.com
mail.thmz.net
brs.pl
nippertj.wop.ro
darbo-skelbimai.lt
dl3dl.com
www.mklzsh.com
just4sd.com
us.jobs
bbs.007.mx
um63.yy85.us
aldona16.blip.pl
blockstatus.com
mar-li.libmedia.nymc.edu
sklep.tvp.pl
szuperblog.hu
lahistoriaparalela.com.ar
rc-axis.com
panota.com
www.70sqz.com
elfii.digart.pl
mobinfo.pl
www.jipao.com
globopop.com
glforum.net
provette.puk.ro
klaudia3033.digart.pl
masrleaks.info
intersatdf.com.br
duod.digart.pl
modellove198.a-liveprivates.com
www.8dxh.com
www.quanzhoumv.com
bookmarkingdemondiscount.net
how2play.pl
www.bykongjian.com
huaihuaqq.qiannan.org
wsseo.ru
watchufc99live.blogspot.pt
mangf.com
www.clear.hu
kkbokk-823a.tumblr.com
www.lx77.cc
theligeia.flog.pl
www.dvode.com
anqu.pinger.pl
skicentrumdestne.cz
uuu.0826xd.com
brumek.pl
planasia.com
dduniverse.net
www.cuteseo.cn
jinsuguan.taobao.com
kawabeok.wwwwww.wop.ro
dienstleistung-hund.de
citebeur.com
tlgvieaot.blogdetik.com
www.tuoqing.com
www.dongguang118.cn
onlinetarot.pl
lezizi.net
hostingprod.com
www.jdb.nl
123hp.jp
vc-mp.tk
tuku.eastlady.cn
mz.zhangye.gov.cn
redvsblue.us
www.ip1840.cn
ngamgaixinh.com
qingting.org
gk.chsi.com.cn
junqueral.puk.ro
voipsector.com
sugarfree.digart.pl
www.888888.org
gyzhengyuang.1168.tv
www.jxt-hc.com
eurotext.hu
magheraf.puk.ro
xiaojie900.com
invulnerable.info
www.conceptlabs.com.pl
hupan.net
kirtic.deviantart.com
j.gs
piowiec.blip.pl
domkoncept.pl
netau.net
varicoseveins0y2.info
www.54317.com
ethnoradio.cz
resmed.com
mpcreation.pl
www.0834dz.com
bookmarkplanet.info
digthis.info
8d1.info
salvagedata.com
stardoorparts.com
popcorner.pl
www.custommopars.com
www.xy-0731.com
psicologo-orbassano.it
www.cinemapopular.com
gracjana.blip.pl
aga11.blip.pl
93se.info
eduroute.info
testonlinewebsite.com
5igw.net
angelika113.pinger.pl
carolinkie.digart.pl
yogam-canada.org
ncn-bg.org
gryziemy.pl
kuzelky-bohusovice.cz
lchfklubben.se
carramarro.regalista.canthi.wwwwww.wop.ro
mahadevatravels.com
marketingwww.pl
ekomputer.pl
www.goldendoc.org
use-less.ca
mobilitytransport.net
ishawi.digart.pl
diaocvang.com.vn
information.de
erofacies.com
www.bjfrqy.cn
rthk.org.hk
wine761.9998.tv
illuminex.co
www.fsbit.edu.cn
kryptis.lt
cezar92.wrzuta.pl
changchuncc.net
www.11qq.cc
fluke.com
www.duzeka.pl
www.lxw588.com
alexa.com
www.ifeng.it
marketingbyemailz.info
esite.china.alibaba.com
mz.gov.pl
vs.tc
utk.edu
delsolfurniture.com
oklhw.cn
blog.tkbbs.com
poradnia.pl
www.dgvivi.com
sidmailserver.info
manchester.ac.uk
stone.wrzuta.pl
solintermedia.com
onlinebhakti.com
www.124aj.cn
margaryny.pl
stefanieinecuador.be
bookmarkinglogics.info
lo22.cai555.us
www.gaovse.com
243242.951n.cn
www.kadinresimleri.net
cecconi.at
www.twistedlamb.com
www.hrcsgc.net
julieet.flog.pl
kissed.co.za
e-uczelnia.info
guihuaxiang.com
chomaynenkhi.vn
gryc.com.pl
cubestage.pl
www.paginasamarelas.co.mz
witcc.edu
e-bizo.pl
apeocorp.com
altoclick.es
qwee1.951n.cn
szlumpf.pinger.pl
dlgsoftware.net
boatsforsale.co
bluecentral.com
jxlw.net
skribles.com
slmame.com
siwykon.flog.pl
adult-planet.info
kzpii.cz
baltceramic.ru
www.devonenergy.com
mtd.digart.pl
www.rejseliv.dk
smaczny-torun.pl
www.bbswj.gov.cn
go148.com
donnons.info
luuu.qiwen5.com
al-mare.pl
www.1314wz.com
swiftyshows.info
www.0rbi.com
blas.blip.pl
www.avbtv.com
mosync.com
liderphon.ru
www.22rc.com
mog.digart.pl
galette-pur-buzz.com
3g6h.cc
www.exigenservices.by
portailsandco.com
dymol.flog.pl
polkadot.pl
lckv-wheelerkamp.nl
torpedo.com.pl
www.niketn2012pascher.com
www.latinasx.com.ar
seowindows.com
www.maofeng.com
cctv1.cntv.cn
bitlis.evden-eve.gen.tr
b2c.958shop.com
blog.scold.hu
www.w571.cn
gvifxgvyu.freeblog.hu
enekas.info|www.qg-knives.com|daonaq.com|www.shszc.com|nangai.wop.ro|www.xnhymy.com|gtwy.nfdy.net|www.tw-zfw.co.cc|www.606yy.com|www.szwxdn.com|bedrip.wop.ro|www.xshpjy.com|beirobot.com|www.luangeli.com|www.zhongguo315.com|hk68bc.com|myuoo.com|stellabrunermethven.com|www.fengxionggo.com|neustarmedia.biz|ttt998.com|www.ntkd-hk.com|ujbal.com|www.zhiyangji0.com|www.bricup.org.uk|www.7sujx.com|cobrawlers.webs.com|www.webcns.com|www.qisoubao.com|oleg.nfdy.net|www.hztopseo.com|www.xk2013.com|www.hbcpqc.com|traprain.com|www.yktairui.com|vvwadenoyen.nl|www.havehome.com|mightygirl.com|www.wjwl.com|www.bxgsxw.com|www.y3vision.com|okya.biz|test.gzzk.cn|www.xiaoyaxiao.com
designspektrum.pl
coreyobrien.ca
teshufuhao.com.cn
www.glxx.com
detacheren.it
www.szca110.com
www.xixi789.info
18tube.pl
pcw.it
wikipowell.org
rawa-maz.pl
multitech.com
tundaowata.info
hoiquantinhoc.com
cnkuc.114.org
cryptoparty.org
foto.delfi.lv
023788.com
helloworldbox.com
designerseven.com
www.zhuib.com
123xa.org
carptigers.at
bramajazzcafe.blip.pl
eve-central.com
rospiggarna.nu
infoinwestor.pl
bisnisonlinedaninternet.com
easyshop.pl
www.mediamagazine.com.cn
firmadresy.pl
digahole.info
www.sz-haifa.com
zhifukc.78.cn
hghhelp.info
firespeed.org
pya.org.pl
www.xq1993.com
sindbad.pl
www.ztky.org.cn
pawelzalewski.natemat.pl
arago.wop.ro
wangwenxuan.10.100new.net
247shop.nl
lilek.wrzuta.pl
xfh.hexun.com
www.foruic.com
97734.www.blox.pl
www.717mmw.com
vorp.blip.pl
www.zhangjiajie.gov.cn
sztab.com
biznesoferty.pl
payway.com.np
546184568.33591.com
www.548.cc
kiowatow.wop.ro
rn06.cn
www.0512xm.com
shuozhoutianqi.fdchs.cn
8.951n.cn
seo-analytics.info
allmusic.md
butik.net.pl
dangb.hue.edu.cn
mlenka.blox.pl
namazi.info
www.mmuu00.com
www.51tzw.net
fjolet.digart.pl
press-service.info
vision-ua.com
myxybb.com
grenus.wop.ro
kliog.pl
gueterki.freeblog.hu
www.move.dk
rew.pl
www.ls189.com
k2search.pl
copad.3x.ro
www.ygqnjy.com
paradoxmusic.cz
otwarcie.pev.pl
www.seizor.net
www.swaiai.com
ybnews.cn
mawej.blip.pl
www.xygw18.com
www.yiyuangu.com
86ao.nfdy.net
www.zjygdq.cn
www.wh12333.gov.cn
www.0374.co
cligo.net
marcilie.puk.ro
healthyisthenewskinny.com
www.sf590.in
pgp.infor.pl
pomorski-zpn.pl
hero.prv.pl
ansbz.com
xinhua.org
domainmarket.pl
inmedblogs.us
www.6china.info
przemekbednarz.pl
www.openinteo.pl
yourretailhelper.blogspot.com
atewabiz.33591.com
tvtotty.net
www.qhkysd.com
opiniarka.pl
www.cdyunfa.cn
noticia.es|oyoygbvff.blogage.de|www.shszc.com|www.web-164.com|buycdplayer.17toysbaby.com|zhangshigang.shgj.cn|www.fx321.com|vyrm.nfdy.net|www.xshpjy.com|d975.com|neusch.eu|www.gm8668.com|taikongczkjb10f.1168.tv|bitten.edgewall.org|developmen.hu|qsc156.com|hd.0752rc.cn|mrchou.com|www.tsyouxi.cn|aryanlink.com|jeffreyhorn.com|www.zhangfeiyijue8.com|gilliangladrag.co.uk|wordpress.com|www.bjbiaoqifeng.com|www.ouyacar.com|socialcompass.net|www.police520.com|akuma2.net|katecarruthers.com|www.gaobeigao.org|www.frgrg4rtt4.com|tlgvieaot.blogdetik.com|lww888.com|smartphonearticles.com|adminunion.com|xingguang00.net114.com|innommable.puk.ro|www.lzwin.com|cwrenren.com|camper38.com|fisherinvestments.org|websitevaluefinder.com|www.maijianfeishuang.com|www.360leyi.com|blog.tkbbs.com|meine-bookmarks.info|qiuxian.com|sina.hd.cn|bbs8.xlphp.net|www.dgsaxvi.com|www.secretsdujeu.com|www.moguss.com|www.qg-knives.com|todaystats.com|www.iogoc.com|mvpevkipu.skynetblogs.be|idsoo.com|www.xiaoyoyo.com|www.arm.com|www.gupuw.com|utsuru.jp|perzent.com|www.17hr.com|torsnima.bloguez.com|www.swktg.com|www.zhongguo315.com|h18r.nfdy.net|www.baimao.com|sh.tsyouxi.cn|www.qisoubao.com|greenhitodama.deviantart.com|hirten-der.ch|www.tszly315.com|www.91boo.com|readingeagle.com|www.canon.com|247deals.com.au|www.yiyimov.com|keeplowellbeautiful.org|www.duanqiaolvheye.com|gostats.ru|ingeniousfly.com|www.pgsl.cn|np.by|www.448000jm.com|bbs.salawed.com|www.0793jc.com|activemindsunh.webs.com|www.showweb.cn|blogbar.de|www.szybwltg.com|olympus.com.au|frontieraccounting.com|www.shopbila.com|campus.360.cn|lhlixumei.cn.alibaba.com|e7lai.me|mirkka.wop.ro|www.960961.com|zhidao.8008cn.net|www.hongboxin.com|dickersonowners.org|www.yitianvote.com|news.gpxz.com|www.gzrf007.com|www.nydfp.com|cakeblast.com|www.cntianxin.com|www.lmmw365.net|o.wxyingxiao.com
www.378824266.qqku.com
radiowawa.pl
tsbbb.com
www.1segou.info
qjdg.nfdy.net
e-skype.tk
aged.com.pl
argovia.ch
fenice.pl
itjob.xue.net
selmapilgrimage.com
nettavisen.no
zpotrzebypiekna.pl
benq.com.mx
cjaryuviyh.skynetblogs.be
www.x-niandai.com
fisiu.digart.pl
www.941ws.com
bzw.tw
87meinv.com
www.sutks8.com
socialbookmarkingpostlinks.info
www.zatcard.com
hindushaadi.in
epomoc.pl
najdom.pl
camino.pl
rapuxeci.prv.pl
kolaczyce.itl.pl
toodamnglam.co.uk
find-domains.org
bvbtnaetxz.blogerzi.com
www.yimeizx.com
wap.zhong8.in
brio3dstudio.com
farc-ep.co
sundd-web.info
agde.blox.pl
stropex.pl
www.20ar.com
hcinvestimentos.com
www.yzxxoo.com
videosexe11.info
howmuchdoeseverythingcost.com
workjuma.xtgem.com
www.game1122.com
io.com.gt
848484.info
cneggwet.skynetblogs.be
sccnursingalumni.org
www.zz24.info
butikuroda.pl
mgdesign.pl
posguys.com
www.aaawj.com
paluuuszek.flog.pl
rscs.cz
alegromaniak.pl
muzieknotatie.nl
www.yinianhotel.com
www.sitebarato.net.br
cos.pl
szkoda29.pl
yikaow.com|phitter.com|idwhois.info|edxyzxxj.blog.mongenie.com|www.yktairui.com|www.sldy.info|www.pts80.com|7898989.com|www.av977.com|www.dclinks.cn|prchecktool.com|paperpost.com|www.zbhuida.com|www.huliye.org|www.autoday.com.cn|blogmall.net|xnzk.nfdy.net|fb.ru|www.suhuicheng.com|www.rucinvren.com|www.cwebgame.com|xinse.net|www.qqlaoda.net|www.1216.cc|aprohirdetes.biz|xaryrcamev.blog.mongenie.com|carpettiles4u.co.uk|www.88f.com|edws88.com|www.gzf66.com|sktg.nfdy.net|www.shszc.com|weblearningit.com|shop203003.b203.shopex.cn|cn.le5588.com|www.355vv.com|chinataoci.taobao.com|geo.newworldwiki.org|www.diyixiaotuan.com|149zz.com|icar.by|offersbookmarks.com|occupyburlington.org|www.lmmw365.net|adminunion.com|www.rrk3d.com|style-huis.nl|www.ay303.com|punlun4436.huijucn.com|jiancai9.com|dianying.1913.cc|www.dfxz.org|www.22lxw.com|www.vu99.com|www.hmzsc.net|www.soqiye.cn|thraexsoftware.com|www.sss2222.com|www.shopfanhuan.com|www.spxdy.com|aiguowang.atwebpages.com|www.4006848085.com|www.lamtzs.com|utall.wop.ro|www.xshpjy.com|6ku.cc|www.yyhun.cn|oktelugu.org|tramecpolska.com.pl|wmlz.78.cn
www.sexfilmsrape.nl
jxt-hc.com
buxzer.com
www.gniki.com
jarina.de
taiso.flog.pl
yoursonglyrics.com
www.gzxghl.com
omenfly.com
www.taotao58.net
www.665cc.com
rmvboard.pl
kinoteka.pl
www.kskd.pl
odinka.mobi
regisland.com
chezt.gznet.com
nteam.blip.pl
milagrooo.pinger.pl
mickel.wop.ro
plakaty.blox.pl
tvereza.info
kouaa-blog.com
centurion.bb
05dx.seesaa.net
bhsf.cn
bjy.pl
kabana9f.1168.tv
bgtechnology.pl
www.prokopka.cz
bdxfy.chinacourt.org
czech-properties.cz
www.nsexpert.com
thunder-sky.com.cn
international-bookmark.info
fronolow.pl
anindes.bloguez.com
pleat.pinger.pl
www.xksw.cn
bondia.cat
cavalluccimusica.it
www.zzzrjx.com
gartentipps.com
credit.dl.gov.cn
www.ahm1.4f9.org
familylawaberdeen.co.uk
shop5678.com
crackonu.info
img-search.com
www.660my.com
foro24.pl
koubikong.com
24h.jun.pl
mauripress.info
cashperpost.asia
www.zzlifu.com
yanjiangkoucai.net
cz.mercuri.net
plancardlen.blog.com
disquiet.puk.ro
21ic.com
jobsy.tk
czarek.blip.pl
sau.edu
wolnepodreczniki.pl
www.starski.hu
current.com
babaaga.flog.pl
dep.no
ipcblog.es
kzcaqudva.skynetblogs.be
wdjc88.com
fgxne.78.cn
www.cz-fs.tk
www.hip.pl
uanews.org
5cina.pe
phind-corp.de
www.yasitkw88.com
www.9048.com
wroclaw.tvp.pl
quiz.msn.de
asdf91.wrzuta.pl
www.hbsmf.com
bbs.320921.com
mein-ebam.info
www.yinpin4.com
bonesofourancestors.com
legalized.us
www.shmydq.com
dewart.wop.ro
www.barossaliving.com.au
g.34ls.com
isatc.info
gongboa.taobao.com
baffetti-accordions.com
anjin.digart.pl
pfo.prv.pl
test-blog-test-12346.blogspot.com
www.520ddd.com
mo-dengxian.com
www.landee.cn
www.snwsj.gov.cn
thisiskushdvd.com
www.clstore-uk.com
abirdtold.me
www.shanmo999.info
www.xxq6.com
legersteden.puk.ro
buonisconto.it
danbraun.com
nutrifitmeals.net
ekologicznie.blip.pl
hottestgirls.7s4.info
countryworks.info
www.meinvxueyuan.com
liveness.wop.ro
sferikos.gr
weblogy.cz
www.abcwsj.com
fotoolo.digart.pl
testsbox.ru
lianliankan.me
tomos-riders.com
mxcygs.com
ui.kkkbo-kk.info
omei.org
rinok.md
mmatycoon.info
hr.linkpark.hu
siteglimpse.com
elwiria.blox.pl
iledzisiaj.pl
daneprairie.com
vcod.nfdy.net
www.cwebgame.com
reflection.pl
yk95918.com
drewniane.com.pl
friendsofbloomsburysquare.co.uk
agiri.org
develway.pl
telldomain.com
tvsulz.ch