thetravellersweb.in
tuzvedelem.lap.hu
okamgnienie.pl
cosmo.blip.pl
nette.pl
www.cdxmj.com
vobis.pl
blondlady.net
mandoria.cz
petertyson.co.uk
pgaik.digart.pl
paju.digart.pl
blognaz.com
arydigital.tv
haringka.puk.ro
www.roben.pl
www.xdlsj.com
www.5syy.com
usinfo.pl
oratorially.wop.ro
my.jjwxc.net
sferikos.gr
meishi.0513.org
aisa75.wrzuta.pl
www.skipass.pl
gonzalez.digart.pl
www.sczggl.net
ay13.265link.com
www.lomei.cn
www.daibankan.com
mmaolsztyn.pl
teatrakcje.pl
addurl.se
fana.blip.pl
mateuszkamzol.flog.pl
www.hisanming.com
www.hengde.com.cn
commercialappeal.com
boke.jayjrs.com
a.qsdg1.in
www.pdsgyxx.com.cn
location-voiture-reunion.info
toparina.com
n35.nkhe.info
sa4x4.net
test-blog-test-12346.blogspot.com
qisousuo.com
www.ksxjd.to8to.com
abogados.or.cr
dapurmaster.com
northshore.edu
myfreewso.com
za-szafa.pl
dziecisawazne.pl
www.zhixiaoren.com
desicomments.com
tranniesonline.ws
hq1388.com
byxta.info
www.olimpiaszalon.hu
pinks.wop.ro
www.aolake.cn
mystatusnet.com
ent.zsy.cn
seifq.wop.ro
www.gdzxjd.cn
9.133hk.com
antygen.pl
verywed.com
pmsteel.com.my
uk-flashers.net
zamzar.com
www.tv0762.com
zzbbs.com
fumigador.mystagog.verdensb.wwwwww.wop.ro
www.loreto.pl
www.gem-ol.com
www.b8ip.com
koliberek83.pinger.pl
alexanderhof.com
postgresql.org.pl
docbase.us
kupnaprezent.pl
comunidadeabiblia.net
www.jxsme.gov.cn
guihuaxiang.com
supplychaincanada.org
www.ppp47.com
www.heregays.tv
nazieb.com
www.girlshoping.com
www.jpsf2011.com
lstime.org
puedeone.com
qanungoh.info
loftinsulationoffers.net
britishgolfclub.com
eastcoasttaxconsulting.com
canale5.org
water-pollution.org.uk
innoveer.com
11491527.5sing.com
czarneyo.digart.pl
www.sixiangy.com
thechemicalengineer.com
radiopodlasie.pl
www.515fa.com
fossilforum.se
frenchentree-languedoc.com
rn06.cn
jednosc.com.pl
hewable.puk.ro
hirmag.hu
mytridir.info
zp6868.b2b.hc360.com
ewsite.lu
extraits-porno-gratos.com
mbank.com.pl
pojeta.cz
logout.do
www.149cc.com
fxfeeds.mozilla.org
tank.by
caditec.de
ss.ququhe.com
knowvisuals.com
suponta.puk.ro
mobilelinkbuilding.info
patecnikvartet.rajce.idnes.cz
www.livedoor.com
meimanpianyi.fyfz.cn
laseen.digart.pl
ennematerna.blip.pl
wangwenxuan.10.100new.net
familyradio.de
dduniverse.net
afkrabden.puk.ro
mail.thmz.net
programmableweb.com
www.g3cd.4f9.org
online-tvs.info
nft.com.br
www.domain.cn
www.lx77.cc
www.assdmc.com
griaulebiometrics.com
elektroworld-aukce.cz
leeney.org
hempseeds.pl
futurowin.cl
explorerockies.com
zpmiraz.pl
www.212qq.com
prup.info
lgwy.net
www.020baidu.com
huaxinlaoyin.tuan592.com
www.kijiji.cn
www.456uuu.com
u.to
xn--ipw186b.ws
savages-full-movie.blogspot.dk
www.asmeibai.com
argnetcast.info
xrumer7.pl
hotchinese.net
tcsw.zxq.net
bukat.puk.ro
hotjazz.cz
atehenmei.com
d98.cc
controlwebs.pl
marcelka.blip.pl
dq8.info
irvmzncsn.blog.mongenie.com
postcount.net
siteglimpse.com
chemica.flog.pl
bax1989.wrzuta.pl
fis.edu
zillx.com
xlh.1168.tv
crassula.wop.ro
rasaee.ir
ltfoto.cz
www.jyjjs.com
martenn.digart.pl
www.pornostart.net
7b10.info
abdn.ac.uk
yamy.taobao.com
yo-car.net
ngocton.pl
www.anskd.com
www7.tokelau-info.tk
qtwm.com
dienstleistung-hund.de
ogrodkroton.pl
ltcas.org.uk
xspace.vn
pokers.pl
carzycook.net
www.zzyy.in
86yushi.com
clipporno6.info
blog.meta.ua
gblocker.info
www.lxms.icoc.cc
cloneface.info
sbponline.com
lightoverpowers58.deviantart.com
dochodowe-strony-internetowe.pl
bjcenter.crtvu.cn
www.wuyeyh.com
baylakecommunications.com
www.beichthaus.com
www.olaszkert.hu
csustbbs.net
cies.org
moon.bbs.xoyo.com
www.xjguma.cn
motocentrum.pl
mmtuku.info
ciit-isb.edu.pk
parfiumibg.info
www.hnec.ly
jagha.digart.pl
www.xueji.sh.cn
a1autotransmission.com
lazy.098.pl
unitednatives.com
www.10000safe.com
www.fengshuo.tk
joswide.blip.pl
ngmzd.my.gov.cn
phototalk.co.zm
businessmums.com.au
sag.com.tw
ingenium.com.pl
ddwloclawek.pl
pydnwx.com
riedspatzen.de
ekrany.org.pl
566922.net
www.dltongyong.com
www.ulnux.com
shabbychicinteriors.blogspot.com
www.shundeexpo.cn
38836.com
paloma-china.com
tmsv9.cn
reddirect.co.uk
bildermedmusik.se
kkbokk-823a.tumblr.com
courtauld.ac.uk
dongthe.vn
www.77ilove.com
afrikiannu.info
wotevathatmeans.digart.pl
www.mediamagazine.com.cn
magiczna0.blip.pl
shieling.wop.ro
watchgforcenow.blogspot.dk
cahh.tk
lax5678.com
www.sska100.com
happyet.org
www.zhibeipifa.com
www.shouxi.net
radunc.pl
xnbh.100hg.com
www.17755.info
trojmiasto.pl
www.shenmua.com
soulofsydney.org
odynn.flog.pl
goo.pl
czysty.y0.pl
karolwasik.pl
www.52flb.com
www.banjia600.com
android-galaxy.info
chunkochoi.com.pl
atenea.edu.ec
quartic.pl
www.xxx336.com
mojauto.rs
www.clstore-uk.com
www.yuzhouzhiwang.com
telefe.com
theatres.co.jp
livemanplay.com
www.taotao58.net
habibi.hk
kinia417.flog.pl
xjw.pl
thuisvergelijken.nl
fs.yzz.cn
blogspot.sg
powgame.com
www.arkada.cz
sabores.co.cr
nano-tera.ch
www.meimtao.com
glocom.eu
gimc.ru
www.xxx3456.com
paete.org
six-telekurs.fr
bursztyn231.blox.pl
fatemehkia.ir
ebo.edu.pl
ghostpro.vn
s-lines.net
webgarden.ro
www.scoyco.net
hania.blip.pl
www.lauba-slonsko.pl
unikalnatresc.pl
hfdafu.com
beacze.blip.pl
kujawskopomorskie-forum-eksploracyjne.pl
yadou.digart.pl
vipbook.info
pornodemotywatory.pl
tommys-city.info
hanjin.taobao.com
tweetravel.net
echo.com.pl
dilen28.hyves.nl
mymacs.ca
xweby.cz
www.gddgky168.com
www.njhuqing.com
www.ijiazhe.com
welkinli.puk.ro
www.dgkyjx.com
www.yiren44.com
dungsoma.tk
pointshop.it
szdnmedt.skynetblogs.be
sirdax.la
multicultimpro.com
swcamclub.org
www.39ik.com
caiyuanr.com
caoliu522.pen.io
www.szcda110.com
43w3.nfdy.net
www.clwto.com
earnmoneyonline2.webs.com
gvltec.edu
kusiek.digart.pl
yafud.pl
v.chinadance.cn
www.life5000.com
backtenttralchesb.blog4ever.com
vlagalishe.info
darmowekonkursy.pl
essayontime.com
www.1556.net
memebot.com
www.qurujia.com
lajcikowo.wrzuta.pl
www.flirtpub-schweiz.ch
mauripress.info
bbs.kanshu.com
se.123qsw.com
gwebtools.de
homostart.info
www.gdadjs.com
www.gzrq.net
restaurantcrissier.com
tv.osp.ru
iaipocxqo.freeblog.hu
kensay.digart.pl
thelittleworldoffashion.fr
www.txmi.net
stokeylocal.org.uk
3gfu.tk
slutgalz.com
atlas-cwiczen.pl
www.cast.net.cn
kredyt24.edu.pl
www.bziqa.com
abc-rc.pl
zred.nfdy.net
www.w571.cn
philmacgiollabhain.ie
serieuze.wop.ro
www.shundehk.com
ughr.digart.pl
clubvillamar.co.uk
restoute.freeforums.org
vashmlmuspeh.ru
publiccom-projekte.de
terbukti.com
xlcg.taobao.com
xyx.2g.cn
www.bjydy.com
yandex.ua
edai.cn
brakwolnejnazwy.digart.pl
www.0668k.net
wydminy.wm.pl
voortzei.wop.ro
anglomaniacy.pl
www.oooccc.com.cn
kf.xwg.cc
thend.wrzuta.pl
bbs.ihei5.com
elektroda.pl
sklep2.pl
toporoji.puk.ro
kinieeq.pinger.pl
gilotynacnc.pl
tcnjsignal.net
tmkhanoff.digart.pl
cbf001.com
k-tai.infoseek.co.jp
www.hbgays.com
saltydroid.info
lofoten-tourist.no
marli.blip.pl
pokupay.by
ybbdycxxv.blog.mongenie.com
cewk.265link.com
www.tdzhaokao.com
freeguppy.org
yz.chsi.cn
micklehamweather.com
3alamonline.com
ffaerostation.org
ppelverdadero.com.ec
www.xy09.info
forumkierowcow.pl
sh.zx123.cn
www.vvvdj.com
bjlykke.dk
game.mop.com
lovingfriendz.com
www.1369916.b2b.youboy.com
chodkowska.edu.pl
www.hs49.com
www.wgfwang.com
goumenhu.com
www.tyutyqc.edu.cn
powerhousesolos.info
www.osud.cz
www.jinbx.com
best-toons.net
wiederse.puk.ro
149zz.com
polter.pl
schwarzelisten.com
www.trinity.org.hu
www.0905.com.cn
ultimatetube.net
seolux.pl
naointendo.com.br
jojoufu.wwwwww.wop.ro
webinspect.info
imagenes-friki.info
emol.com
www.dyyp.cn
www.qiancengjia.com
imleh.info
efixnow.com
bcdenekamp.nl
aster.pl
perevod-posolstvo.com
www.hnjlr.cn
www.laodaye.net
www.yy-movies.com
lahr.cn
www.phpcon.it
flamme.de
krolik.flog.pl
123flashchat.com
reibert.info
yourcaitlynn.a-liveprivates.com|cdpheritage.org|heretici.puk.ro|fx.xlpolo.com|naucmdkovj.freeblog.hu|safesell.cn|www.55ebuy.com|cherry365e.jumpingcrab.com|www.shszc.com|www.top-swiss-replica.com|wordpress.com|dcjxdwka.skynetblogs.be|www.zhongguo315.com|www.38dv.com|ous.edu|www.ld-led.net|rmbbpoml.typepad.com|www.fsdzbj.cn|www.ammof.com|tbaoqu.com|www.linuxmisc.com|www.qqjiemei.com|chouwazi.com|www.zjhuada.com|www.hongdadianti.com|www.131.tw|www.bashaspa.com|www.semm11.info|www.yingwuyu.org|www.jc-cnc.com|hfjj.nfdy.net|www.qusoo.com|www.culcn.cn|www.opv.se|www.chinaw3c.org|8168666.com|www.se8.com.cn|kimkirchen.lu|isobyglilg.freeblog.hu|qrsljgbbx.blog.mongenie.com|shoushi001.com|www.haosao1.info|www.milangou.com|2sebo.com|bbs.php.net.cn|hnzlw.com|www.webjiankong.com|www.apyunhao.com|phcc.files.cms-plus.com|www.xinshou8.com|all-gay-video.com|horseheart10.webs.com|www.hac-ker.tk|nateriggs.com|70475.dealer.it168.com|www.52taose.com|www.8415030.com|cracksites.com|taomeisz.taobao.com|www.139ppp.us|www.bjbihua.com|www.edgeautomotive.net|myxybb.com|respage.com|wmb.hebei.com.cn|www.hmz.cn|www.qg-knives.com|wwwaaa252.shunshunfa.com|btconnect.com|recept.lap.hu|niemuzycznapieciolinia.pl|shop33466885.taobao.com|solaris.software.informer.com|0902muzapar.33591.com|wetter.vol.at|wmuacfrfu.blog.mongenie.com|www.972sf.com|ccshuang.rfjpp.com|iofl.nfdy.net|www.baiduxc.com|www.hongqingxin.com|www.9iqh.com|www.daqiaowaiyu.com|www.hz38.cn|twhy.nfdy.net|zhejiang.ha168.net|www.xianqwer.co.cc|www.wgb320330.com|www.gupuw.com|www.nlsfc.com|yangquantianqi.qiannan.org|www.imwarm.com|www.fc0.cn|www.djyjob.com|gz.58.com|www.astraltrip.net|vip.1168.tv|www.60ask.com
mayaxxxx.deviantart.com
frankfxg.fyfz.cn
heol.hu
www.ifen8.com
deepsec.net
f1gra.pl
www.chinacath.net
geiin.wop.ro
sheikhali-waqfia.org.qa
elunya.ch
myoutside.net
thehuntingbeast.com
www.97tyzc.com
seizor.net
mowianamiescie.pl
locksmithsmdz.info
www.nsexpert.com
searchcore.com
bainternet.info
flipside.me.uk
www.haibi365.com
reise.shop.ebay.de
www.wxjf.net
hw.ac.uk
www.mytaoke.net
www.zzhedu.com.cn
www.sxajj.com
scc.pku.edu.cn
nissan-grade-search.com
www.yxbzhiliao.com
adklik.pl
www.foruic.com
www.rosdev.ro
www.loguje.pl
bespoke.pl
www.gauguin.lap.hu
pagerelay.pl
illinoispibetaphi.com
bobo678.com
um.zabrze.pl
qqdfn.tuita.com
www.paining.cn
ep-solutions.org
exler.ru
sergiuhelldragoon.com
smppbox.info
www.mercedes-benz-nakano.jp
52kshu.com
zestawgier.pl
natocrimes.com
www.tekac.si
vitasite.pl
norwegi.pl
atvpolska.pl
techcommunity.gr
ussfahrion22.us
publicdebts.org.uk
theyec.webs.com
rozogi.wm.pl
ufo-news-agency.com
www.tryine.com
watch-bikini-spring-break-online.blogspot.co.uk
www.xxx884.com
www.8shaoxing.com
www.y-ec.com
sadystka88.digart.pl
frantisekgela.cz
bourky.cz
hnbs.210000.org
ds3sportsclub.com
www.lzshishicai.com
naabd.com
malaysia.edu.pl
altitude.fr
bauer.com
7zgs.265link.com
www.xxx775.com
v-gn.de
dkce.210000.org
backyardtheater.com
alatest.pl
onlinehotel.com.br
ibeauty.pl
dclkhelp.appspot.com
www.jiaoy88.com
igotporn.org
waae.nfdy.net
c37.cc
8.951n.cn
cuba.tc
gotowe-projekty-domow.pl
tl4s.com.sa
piotr.flog.pl
www.webpagedesign.com.au
milko.wop.ro
jxthc.com
slkp.org
www.theme.netdohoa.com
www.cwebgame.com
gztyn.net
cornedbeefhash.wordpress.com
michaeljacksonscode.webs.com
www.diyij.net
neelsieshuttles.co.za
agvkwdrccw.bloguez.com
www.gddakun.com
www.wpc.me
designteka.pl
www.dlbest.com.cn
korrdon.info
www.wfdz.net.cn
architektura24.com.pl
www.yzyyd.com
dajryjka.digart.pl
www.rs.ge
ondaradio.info
www.yghg.com.cn
www.mnlsv2.com
chatlakozz.hu
divawwe.pinger.pl
deccart.cz
hqkp.nfdy.net
floristern.de
damcia.pinger.pl
ozylwpuz.typepad.com
rumbar.eu
www.mappy.it
luxmedlublin.pl
radio-mikrowelle.com
www.travelco.vn
021ftp.cn
lindenchamber.net
www.399988.com
fitnessboutique.it
bfjk.cn
www.youdows.com
jde.pinger.pl
chcekupicauto.pl
nomakaed.puk.ro
askan.wrzuta.pl
www.kadinresimleri.net