www.new-ag.info
laptopvip.vn
7pixel.pl
www.yahoomv.com
guihuaxiang.com
rouillac.com
www.megyer.sk
vege.com.pl
www.qcdmm.cn
www.rauxaf.mod.uk
7rilixiu.3199.cn
malawishop.pl
juancong.com
ballet.co
080.8.je
avitera.lt
loffciana.pinger.pl
www.bjfsjy.com
aldo.flog.pl
motorsport24.pl
www.woerma.cn
xnoy.210000.org
www.eshop15.cn
ikati.pinger.pl
cassa.org.au
internetsatelitarny.com.pl
caobibi.info
winstream.kamu.tamu.edu
gaoyao710.1168.tv
www.pearlsonly.com.au
imissyou2011.com
staylocal.co.nz
pablopicasso.org
yogeshv.info
newzealandvstongalive.info
difficultbookmarkskills.info
www.nscgj.com
www.ifaw.org.cn
miface.org
www.nbcl.org.cn
nekam.cz
023.qeo.cn
shop58371848.taobao.com
linkshunt.info
listek20.pinger.pl
wyolum.com
kitaakit.poliep.fuyuzora.karaoke.hygien.wwwwww.wop.ro
ncku.edu.tw
viriana.flog.pl
ts.nn88.info
atram9.pl
dlpark.com.tw
www.muyulou.com
campbellsoup.com
www.maiaedu.org
linknic.info
domerotyki.pl
humin.info
vitale.pl
granchat.com
allcoast.com
ilawa24.pl
makevrndavan.org
bookmarkwebonline.info
fupukujuj2.prv.pl
jzkm.210000.org
suplementy.pl
toronto.edu
weihai.58.com
www.fujinfoods.com
uy60.com
www.wmzos.pl
hupan.net
www.ulinix.be
ztxu.nfdy.net
dipgra.es
halla.digart.pl
io.com.gt
33www.seo1122.com
ponisha.ir
jasonflower.co.uk
moontv.fi
tuznajdziesz.pl
aare.edu.au
dh56.k3y3.net
bahmanbroker.com
ewity.pl
3kyx.qiwen5.com
www.xdgame.cn
bumlux.net
www.cheap-columbia-usa.com
crunchconnect.com
quickcashloanz.info
mundotecno.info
lyna.digart.pl
001design.it
diclehaber.com
pointclickprofits.info
hongwenedu.cn
ledessousdeshommes.com
mumble.info
kiloutou.fr
middleeastevents.com
digitoy.info
opvordering.grassy.xang.wwwwww.wop.ro
finiu.digart.pl
stadtreisen.org
canities.puk.ro
andola.wop.ro
www.maydonggoi.vn
arfum.fecsegj.hu
www.mente.cl
racocatala.cat
lagoona.blip.pl
www.91dnf.tk
cambridge800.es
vectorart5.com
www.weetix.fr
xixichengyuan.com
yamamura.com.br
pra.targhe.info
losportables.info
yatou.name
yavlinsky.ru
ycok.nfdy.net
yieldabl.puk.ro
zapodida.wop.ro
amirmusic1.in
tingchina.com
biel-bienne.ch
bjtdyz.com
bienxanh.info
black.hk
blog.dan-teng.info
boozt.com
boyzone.co.za
braseamless.1yl.info
mandatet.wop.ro
bestfilm.pl
www.maihjf.com
www.zhongff.com
sharemycock.com
obchod-detem.cz
triffdich.info
budowlanki.pl
ebiznesy.pl
ebonywhores.org
eiwvbkbgie.bloguez.com
eixin.co.cc
banpou.puk.ro
ctsorthodox.info
ejms.com
moule.digart.pl
mengel.wop.ro
elektronika.lap.hu
efachowiec.info
eminem-relapse-2009-album.blogspot.ie
www.ztm.waw.pl
enass.info
nagrody-internetowe.pl
epac.to
celac.digart.pl
filmz.cz
michaelcheney.com
xlarge.jp
vulcan.pl
finance.most.gov.cn
hottsex.info
imagenesdefondo.com.ar
fix-a-tile.com
tubescript.info
pogo.fotolog.pl
fixya.com
fizzbangseo.com
loinhuan.com.vn
fr.tradekey.com
run4fun.pl
se.66szs.com
zabbix.com
fsi.spline.de
affinitygarden.com
atreu.info
henhao1.info
canadianforextradingz.info
psychotropicon.info
shijian.org
www.ceqq.com
ompyme.com
shewes.wop.ro
www.matash.com.au
androidmodz.com
tybjerg.info
fusionads.net
suachuamayphatdien.info
winiary-foto.pl
legia.com.pl
blogbox.ch
www.huochepiao168.cn
domainmarket.pl
rusma.digart.pl
desollar.com
www.765ggg.com
tietoenator.com
cseie.com.pl
florigen.puk.ro
effemina.puk.ro
bestsexarchive.com
lacerano.wop.ro
www.bloomberg.co.jp
bausteln.de
x3.sha7.info
mediastre.am
mediatv.ne.jp
mediclin.de
medizin.de
meego-fr.org
redtube.info
meek.ir
megalinksdirectory.com.ar
caribbeanmecca.com
mehes.org
meiman.ilanbnb.tw
membraneous.jusin.switchkeeper.wwwwww.wop.ro
mensas.wop.ro
ankang55.salon24.pl
mentoringstore.ca
mentors.ie
mercatinoannunci.it
hq355.com
hopevision.net
mercedes171.hyves.nl
www.shgay.com
apptha.com
sunshinegreetingcards.com
merchang.puk.ro
pablolayus.info
merckmanual.jp
www.platora.pl
www.juniortrader.pl
c8.7iii.info
bbs.zm7.cn
sabaku.puk.ro
ykpwarszawa.pl
xa.digart.pl
zschie.iq.pl
www.fcyz.cn
4080records.com
yops.digart.pl
448448.hk
52kshu.com
amthor.wop.ro
argesto.ru
astrocd.pl
beaglefreunde-dresden.de
mediachoice.com.br
brothersofthesouth.pl
bwabwanet.fr
yihaoquan.com
ecgorzow.pl
eldia.org.ua
enpurse.net
amigarver.pinger.pl
entropyholds.pl
erosfreeonline.it
farly.wop.ro
haprogroup.vn
freelinkurl.info
hdlt88.com
jrsn.hsw.cn
kizigames.net
www.barossaliving.com.au
kostia.digart.pl
livewriters.com
medikalize.com.tr
movoto.com
pornlazyfree.info
qianwancaifujiaocheng.info
qingting.org
radiostations.co.uk
www.seizor.net
receptiki.pro
satzansatz.de
schneider-electric.cn
scootercommunity.com.au
sobinbank.ru
spicyip.com
rafi.pl
tqhlw.1168.tv
tube4.me
wholesaleunderwear.co
www.0310.us
www.0663.net
www.mzdh.com
www.njlacc.com
www.taorenxi.com
www.zebco.pl
www.zzwwsc.com
hoehlenf.puk.ro
shareasale-analytics.com
custombookmarks.info
fairfaxvirginiahomes.org
bcft.nfdy.net
ff.99hy.info
pump.flog.pl
wo177.com
laptophanoi.vn
apnafundaz.com
cropseyv.puk.ro
wap.uuuse.info
www.p5q.org
iskra1998.pinger.pl
www.ptnd.pl
maalik.pinger.pl
linksforme.info
hpark.pl
ytvtv.com
sovietjeans.com
events-holidays.todio.info
kamilbiela.blip.pl
yalwa.co.za
jy.6kgg.info
wap888999.net
prymus-agd.pl
gus-pkd.pl
www.copycon.pl
yomasta.wrzuta.pl
olx.ba
dieetwijzer.com
ccdh.info
kizilorenliyiz.biz
ponyatie-prava.ru
mba-master.info
3abber.com
uuu27.com
siteaero.com
dallaspua.com
homesexnews.com
octopusmobile.info
goaiyou.wop.ro
zaq1904.digart.pl
yvi.kz
clanpmp.info
descargaralbum.com
socialweblink.info
autoline.com.pl
unifi.it
femen.info
webz.cz
jambaje.wop.ro
ionwill.digart.pl
kelcours.com
vernsatni.bloguez.com
paydayloandebtsettlementaq.info
phcz.nfdy.net
360buyc.om
gamaarte.com
esolar.cz
funchmusic.com
agahipost.com
lepers.wop.ro
www.modeko.cn
waluty.wp.pl
8cw.be
build-your-affiliate-network.info
astroidentification.info
barraunorte.com
staryspichrz.pl
stonerscafe.net
princesscj.info
naspinning.pl
admin918.com
seo-fusion.info
viagogo.pl
imas.intentmedia.co.uk
weddinglds.info
onzen.puk.ro
www.networks.pl
peacepiece.info
www.0531bjq.cn
matite.puk.ro
miltec.ltd.uk
www.839dy.co
aomon.digart.pl
7i8.info
piciuu91.wrzuta.pl
stop-acta.lt
itsnotcheating.com
omsels.info
www.kaiem.pl
maddhossjackson.com
www.dwtc.pl
www.dykat.pl
www.zhongtiangolf.com
ngc0419.info
cbeex.cbex.com.cn
bencaoyit.1168.tv
neonet.co.kr
tvoyuspeh-kovtun.ru
nooise.digart.pl
wiadomosciwp.blip.pl
www.gzzb.gov.cn
futbolcup.net
katalogstron.com.pl
www.anodize.cn
ayue.me
freemoviesto.com
laruca.info
chengducc.net
schoonheidssalon.nl
yctuan.fdc.com.cn
sns.cn|minhui.net|www.shuang5555.com|680829.com|www.21shhr.com|funpic.de|aangelonearthx.a-livesexasian.com|aringret.bloguez.com|skydivertour.ru|zudeq6624.huijucn.com|mangootv.com|starscell.com|www.detair.cn|www.pumch.cn|rknzxeskmb.blog.mongenie.com|thinkstr.com|mtcheng.info|www.tvjy.com|www.aaawatchreplica.com|www.sjkshop.com|elretaule.com|bct8888.com|www.jyjoy.com|bundcasul.bloguez.com|www.88yule8.com|wangqing11099.web-180.com|www.yljgxx.com|list.mail.ru|www.baimao.com|mudion.net|wjueehsh.blog.mongenie.com|zepteo.info|greyhounds.gr|gamescheatdirectory.com|www.yousogo.com|www.tushuo.me|www.shszc.com|www.023dy.com|mfgjlvgs.blog.mongenie.com|www.cqsldk.com|www.714302.com|hf0036.fyfz.cn|athomewithstylewichita.com|www.se123456.net|legadolibre.com.ar|www.tianwing.com|butzlaff.eu|www.zhongguo315.com|litmexico.com|downey.com|cdlzhg.cn|adminunion.com|www.hbzkw.com|tv.yahoo.co.jp|www.lmmw365.net|quarkbase.com|najem-avtodoma.info|bacanosinc.com|ep4.org|0311.dbqc.cn|jifawap.net|misacor.net|www.szraskj.com|brueckenschlaeger.de|www.ajh868.com|www.lue85.com|uxrun.com|www.beely123.com|www.longchampbilligtaschen.com|cegoazis.hu|www.qg-knives.com|calisafe.org|download-young-jeezy-ringtones.blogspot.co.nz|cansys.com|ozkuy.biz|tutix.net|www.jycj120.com|wikitemas.org|www.111814.com|offersbookmarks.com|yo.tsyouxi.cn|gamespace24.net|supercheapstores.com|www.qsys.cz|adult.21me.me|addjahlife.com|www.xshpjy.com|www.webjiankong.com|www.hp-dry.com|www.sfgg.in|www.hangxingxd.com|blog.pl|theprdirectory.info