usacek.eu
sbimdevelopment.com.au
sos-dauphine.fr
regional.com.ua
ukpension.co.za
pcug.org.au
resurs.az
pacificmagazines.com.au
shuangliguaijndh5fa.1168.tv
products.vietstock.vn
astra-club.com.ar
cart.net.au
tattoolatinoitalia.it
www.build-china.cn
amcc-fenetres.fr
myfreefarm.cz
cruiseaway.com.au
k-system.net
monstersincfullmovie.blogspot.tw
careandshare.com.au
www.techcover.ro
vinote.kinkhoorns.utilstre.spunti.wwwwww.wop.ro
www.mkm.ee
mwit.ac.th
2creative.com.au
theshiningfullmovie.blogspot.co.nz
bedd.tk
iti.com.au
echoes.soup.io
sweepstakes.com.au
aldi.ie
www.okk.ge
superjoc.ro
www.logos.si
www.bglc.com.au
focandoanoticia.com.br
lezpop.it
kasis-jewelry.eu
diariodeconcepcion.cl
www.purefishing.com.au
krew.soup.io
rocksound.tv
dell.co.kr
nsmg.com.au
mondoliberonline.it
www.duadu.mimishop.cz
overnightprints.fr
dtwd.wa.gov.au
www.musicsite.it
urvaerket.dk
sitemap.3456.tv
permacultureaustralia.org.au
whiteflash.eu
pakistanileaders.com.pk
fabove.ca
motionless.com.au
wkcda.hk
linefeed.org
wk.tk
fysd668.shicai.biz
ptsr.nl
hestaleit.is
flowerfinder.com.au
le-rachat-de-credits.net
sectorweb.es
www.shiraga-zome.net
commercialradio.com.au
noifrontiere.ro
propheties.fr
eropo.cz
dhl.com.au
gnamo.it
www.ludik.es
depcl.3x.ro
monstersteakhouse.com.au
dallas-classified.us
business.com.my
e-uchina.net
modelschool.com.au
fidem.fr
rtl-themes.co.il
medphar.com.br
trt3.jus.br
essaieront.proklami.wwwwww.wop.ro
dsga.me
ovart.cz
247.org.ua
fremantlefc.com.au
sakae.keizai.biz
www.64vvv.com
sinhvien18.wap.sh
sindjudpe.org.br
daogouwang.tk
www.msmaustralia.com.au
leeiio.me
auto-tedesche.it
lrt.tv
relaxbeautyclinic.com.au
diestandard.at
www.osmt.ch
kp.md
puerto-de-salinacruz.com.mx
tn.com.ar
www.fk96728.com
tanachau.vn
www.sesam.no
conus.com.au
marketing-blog.biz
www.etal.no
zoomfootwear.co.za
date3.tk
clever-garden-supplies.com.au
9jatube.tv
aurunia.soup.io
singold.co.il
morethir.at
delisted.com.au
jytbxsansm.1168.tv
harga-blackberry.web.id
seooptimisation.org.au
www.drmax.cz
letterealdirettore.it
apra.gov.au
veikonkone.fi
s10.it
poiuyt.us.pn
smagsloejer.dk
casestudychallenge.blogspot.com.au
jago.9r.ro
adira.co.id
universes-in-universe.org
caa.co.za
einsure.com.au
odmaturuj.cz
o2o.ro
c-date.fi
visca.vn
www.camdenadvertiser.com.au
kkm.su
isstey.gob.mx
hdwallpapers.gr
ef.co.id
thetransitlounge.com.au
livrariart.com.br
sound-fishing.net
www.k6so.co
castleandthings.com.au
joaquimnabuco.edu.br
allaroundtheweb.it
autoz.com.br
cars.examiner.com.au
shotbot.fr
galopom.com.ua
cvmail.com.au
nra.bg
tzoefoyu.blog.cz
oedogoniaceae.barrieren.syokutak.wwwwww.wop.ro
chisholm.edu.au
dizionariofinanziario.it
academyart.edu
48hk.cc
www.jso.so
mywisenet.com.au
www.fawell.eu
vpsfree.cz
bozok.edu.tr
baweitanxiangsan.1168.tv
consulado-brasil.pt
standardkabeln.utilstre.spunti.wwwwww.wop.ro
filmeonline.lkteam.ro
southsouthwest.com.au
wst.com.ua
www.orange-vert.net
bunaziua.ro
bendigobank.com.au
mister-auto.it
arhn.pl
xcams.ee
lgandroidclub.com.tw
iphones.cx
v8supercar.com.au
webespacios.com.mx
sitefinder.co.nz
www.0004.biz
kruidhof.us
lenm.cz
techoni.com.au
www.forumterzosettore.it
paizuri-omoro.net
yougedi.org
gaiolasquatigua.com.br
ahpra.gov.au
nadineundmichael.ch
sms-online.web.id
acu-it.co.uk
gyskdxhjxc.zhuanwa.biz
proway.com.au
1978.9911.biz
hermesdeluna.com.br
careersuae.ae
vetproductsdirect.com.au
pasawoei.go.th
wzdh.us
alittihad.co.ae
elima.tel
www.mackboots.com.au
spongeca.wwwwww.wop.ro
macalester.edu
ybcygdqr.blog.cz
www.88uu.us
sydneycommercialkitchens.com.au
stimenchina.page.tl
webcontexto.com.br
hairlosssolutionsperth.com.au
oopp.pl
mittanbud.no
puntajenacional.cl
secure.com.mt
kuyi.yk8.so
superbowl-commercials.co
domovie.tv
elblogdenits.com.ar
digitest.no
ssshoots.com.au
sixx.de
bardiajunglecottage.com.np
6hry.com
esf.edu
5dimes.eu
acquabuona.it
aaii.ca
airmilesopinions.ca
person.dk
watchufc100.blogspot.com.au
inspection.kravitz.skalpell.euwww.wop.ro
severni-morava.cz
reportshop.com.vn
www.ricestudios.com.au
williamhill.it
sfgame.com.pt
1101.wapbm.me
snos.ru
pizza-online.fi
tefal.com.au
fam-movie.net
btu.edu.vn
promotive.com.ar
birdkeeper.com.au
octocore.es
cdi.gob.mx
kibk.lt
www.cheau-liang.com.tw
bargainbox.com.au
i.m.fm
www.forexticket.lt
baby-welt.net
m80.tv
colorbond.autech.com.au