locasun-vp.fr
teb.org.tr
aelchheb.free.fr
6888.tv
dlink.com.au
kkm.su
filcka.cz
beautycolleges.us
jobs.pnl.gov
www.hsve.is
studera.nu
www.abmauri.com.au
kfc.com.ph
22mz.us
allaboutprayer.org
dss.go.th
www.vietstock.vn
barsandnightclubs.com.au
x77.tv
chatto.us
ama.dp.ua
6livesexcam.sexcam-live.biz
fremantlefc.com.au
www.tulipmedia.cz
extremesilver.eu
telenovele-online.ro
btimes.com.my
pamako.cz
danceadois.com.br
importingfromchina.com.au
alexcellence.ca
juancong.com
gangschaltungen.dissolubility.cabrero.nordwaerts.henreki.wwwwww.wop.ro
harson.at
adiariobajio.mx
xphoz.com
hojenoticias.com.br
cinema.lt
www.mp3.kg
edmconnect.com.au
gadis.co.id
vismaya-maitreya.pl
internic.ca
g2000.com.hk
www.vans.cl
candportalen.dk
spottedcow.com.au
thanhtoanonline.vn
finance.wengo.fr
nickvegas.tv
cotf.edu
cashcats.biz
sony.it
www.aaa.lu
wweextremerules.blogspot.com.au
neumim.tanuki.cz
epd.gov.hk
web-ads.pl
exexp.at
www.zj7s.com
louisvuitton.fr
solofinanza.it
iparfumerie.at
dartmouth-hitchcock.org
hcns.com.au
www.jeuxdepizza.fr
avisen.dk
tanthaibinh.vn
www.jrtz.la
l1sa.li
ujed.mx
pronajem-eshop.cz
www.fitdog.com.au
oil.fi
frantech.ca
musculacaototal.com.br
66hh.me
idbarn.com
uamd.edu.al
identi.ca
ewar.lt
hairazor.com.au
casinoonlineitalia.it
ridemo.lv
v8supercar.com.au
www.travelco.vn
websaocarlos.com.br
alaska.edu
vashmagazin.ua
www.purefishing.com.au
arpa.piemonte.it
www.diy-crafts.com.tw
kaminsimses.difterit.faktiske.canevall.screwage.misuka.wwwwww.wop.ro
hsbc.co.th
internetgroup.rs
shsd.kz
fjellregionsamarbeidet.no
bikeqld.org.au
rusi.ro
bbs.007.mx
imenicka.cz
reservainn.mx
cybercite.fr
fesnet.ma
garyu.it
vinhoweb.pt
bluefire.com.au
cinemasteresina.com.br
oww.oaidc.tk
links777.co.uk
sinhgad.edu
doskaukr.com.ua
rtp.pt
muz.uz
muta.shredders.geckotian.wwwwww.wop.ro
commuserv.com.au
www.fk444.com
cnp.md
agoda.fr
opsofertas.com.br
www.yinianhotel.com
enmusique.ca
un.ua
pablogarcia.cl
www.news.bg
integr8it.com.au
wine761.9998.tv
bhauto.my
softreg.ir
yes8.info
ciao.it
ssl124.us
fortuna.lt
gg.org.sa
www.amonline.net.au
udanet.it
hebrewbible.co.il
termedipre.it
072.st
kik.gov.tr
www.lessa.so
aussiewebhost.com.au
armeni.it
esdradesign.com.br
lagger.biz
fenti.biz
www.ciip.ch
www.isance.cz
microplume.ch
download-ace-hood-ringtones.blogspot.no
citroen.gr
tourismsupport.org.au
directlight.co.uk
eurokinissi.gr
kafrila.gr
katrinakaif.eu
povazske-podhradie.sk
gardenvilla.ch
endotadayspa.com.au
www.farmet.cz
dyniu.net
funsky.fr
watch-marina-abramovic-online.blogspot.pt
www.qi-xi.net
larusg.blog.is
hunar.pk
bibliosistemas.com.ar
homestart.net.au
artwales.biz
mocality.co.ke
cncd.tv
dwn.cz
siemens-home.es
nexis-forum.net
alkaemia.it
besthealth.com.au
kite.hu
neowatt.fr
williamdam.dk
superbox.com.tw
www.tikkurila.ua
smsj86.suliao.biz
www.tigari123.ro
pcpowerplay.com.au
wap.meh.az
www.tuio.ro
urlpulse.dk
careernet.org.tw
treatme.co.nz
msa.ro
www.chen888.tk
2938.ir
arakwal.com.au
hankintailmoitukset.fi
karuni.fr
pagpop.com.br
dolce-gusto.fr
www.jazi.ch
trimurti.wwwwww.wop.ro
ozpoker.net.au
www.jobpilot.at
antimalware.cz
acclaima.puk.ro
taxipas.eu
fav.co.il
livetpanett.no
ngeblog.biz
www.636600.com
tli.st
gamesday.ro
wbroadband.net.au
bridgecap.ca
www.miis.edu
avenue-immobilier-metropole.fr
aseparationfullmovie.blogspot.pt
shesaid.com.au
iooaoo.cn
ingpec.eu
www.ulus.lt
utility-exchange.co.uk
thisit.de
aiaigime.nl.ae
www.stat.lv
www.mcb.tw
apartments.in.th
nuke.figsp.it
digitalcamerawarehouse.com.au
songtot.vn
innisfree.co.kr
fitundgesund.at
wirelessphone.co
vs.rs
dahar.eu
gorge.net
vecci.org.au
www.tbslw.tk
rup.vn
kuusnolla.fi
ekmsecure11.co.uk
diena.lt
uregina.ca
www.matarsetur.is
starnow.com.au
antbags.fr
www.metoo.ie
neydamn.eu
icjp.pt
swgc.cz
dxp.hu
www.ihost.ch
scmagazine.com.au
s404721578.onlinehome.us