ogcw.at
lasidra.as
tcexpress.com.ar
el-periodico.com.mx
zagranpasport.kiev.ua
vsao.vn
internetengagement.com.au
suggar.com.br
udanet.it
delur.tv
5cao.info
hanwharesort.co.kr
careerjet.it
cel.gr
www.easywebmarketing.com.au
cretesports.gr
www.epai.hk
largumentoire.free.fr
estimurl.in.th
www.livenation.cz
okpedia.it
01distribution.it
lotos.ee
www.filcomsports.org.au
cippic.ca
kennenzulernen.wwwwww.wop.ro
ersh.su
ina.fr
hkbuas.edu.hk
annuairetop.fr
ajunblog.tk
peripatetic.puk.ro
ameliaburton.com.au
estevanmercury.ca
rentacontrol.com.br
www.zgis.at
www.fute-china.net
www.nefab.at
www.harpersbazaar.com.au
costarica506.cr
encyc.org
guihuaxiang.com
0rz.tw
seokurs.biz
vishwa.us
realdesktop.eu
viamore.com.br
doujiang.biz
kinhtevadubao.vn
punky.wwwwww.wop.ro
www.purefishing.com.au
www.vemaybaygiare.vn
puntarle.wop.ro
federalreserve.gov
gdeposylka.ru
putts.puk.ro
it-cp.net
jeffgardner.ca
puvg.210000.org
jefj.hyves.nl
jemmie.wop.ro
puxy.nfdy.net
jerusalem.muni.il
jeuking.puk.ro
jheel.wop.ro
pyrula.puk.ro
jhep.jp
jingyoufengxiong.net
pysg.210000.org
jinhua.qiannan.org
pzhgp-kluczbork.cal.pl
jinlishebei.feijiu.net
cart.net.au
jipc.jp
jiqingxx.info
qatvenua.wop.ro
jiujiuhongyao.1168.tv
b2i.us
jiweicun.net
jldh.net
jn.sapo.pt
qlk.39.net
jodenkinderen.puk.ro
qq5.com.ru
jogogames.nl
jogusek.wrzuta.pl
johanna-krichling.de
az.wap.vn
johnbauer.nu
johndyer.name
r-home.jp
joinarticles.info
radio-set.ru
jongensgekken.puk.ro
joomlaportal.cz
jotunheimen.wop.ro
jpflappie.hyves.nl
jqlw.k3y3.net
jautukas.lt
jqrulqtbm.freeblog.hu
radio1.pf
k12.ct.us
jqueryscripts.ru
raierion.wop.ro
js.ce.esnai.net
recipe.anime-ranking.net
js2002.hyves.nl
js3.net
jsh-frankfurt.de
jtonline.info
redeararaquara.com.br
getmobile.com.au
marketingonlinetoday.biz
juegosindie.net
redrum.xfree.hu
juicycoutureonline.dinstudio.co.uk
julia494.hyves.nl
justamente.net
jutakuga.puk.ro
repota.puk.ro
jyobuzu.wop.ro
jzqi.nfdy.net
k-cosme.jp
rggc.nfdy.net
k12.ky.us
k12.or.us
kabtech.co.za
kado.im
kalman3.blog.xfree.hu
kamifox.eu
kaneduka.wop.ro
kanitel.com.ua
kankan.us
kappedes.wop.ro
kapsalontabak.nl
katalik.pl
katalogues.com
katanore.puk.ro
fliegeruhren.ch
kataweb.it
rimasti.buffalovalley.wwwwww.wop.ro
lomejordeviajar.com.es
katusi.puk.ro
buzz.vn
rocknytt.net
kauai.co.za
kcjv.210000.org
rs-direct.co.uk
kdu.cc
keast.wop.ro
kedges.wop.ro
kekq.210000.org
kennethkerckhofs.be
rushydro.ru
kettlebells.com.au
keukenfo.unionstar.wwwwww.wop.ro
scandal.vn
scbnet.8m.net
keyhangers.dk
keynote.co.uk
schoof.puk.ro
khodroweb.ir
schuro.xfree.hu
kidney.tk
scifihero.net
kiezfunk.net
kiks.56dvd.net
kilogram.blogg.se
scoobyshouse.org
kinofestivalis.lt
kinopobeda.ru
kinshostore.co.jp
scos.co.jp
kintaiatweb.jp
edunet.tn
kintek.com.au
kitgraphique.net
scripps.ucsd.edu
kkck.nfdy.net
newskyenergy.ca
kko.pinger.pl
scup.puk.ro
klqv.210000.org
scutum.jp
klub69.net
leaderaccountancy.com.au
klugekinder.at
km.zsto.net
sdegnosi.puk.ro
knihi.by
kniver.puk.ro
sdoppino.wop.ro
vipsaopaulo.com.br
knowledgeisinfectious.org
knusk.puk.ro
sds.r.gd
koblizci.net
koenne.wop.ro
se.se
kojyusyo.wop.ro
kokkelko.puk.ro
kolibri-kindergarten.at
se463.wooee.net
kolorowemarzenia.pl
kombu.de
uov.com.br
kompiuterija.pasimokom.lt
se8.in
kontorki.ru
korj.wop.ro
searchinfo.in
kosamui.de
sebw.nfdy.net
kosradio.gr
sedal.cl
kostengu.wop.ro
kouichih.wop.ro
kouryuun.puk.ro
krenn.wop.ro
seeweges.wop.ro
kriz.nfdy.net
segta.net
kruis.nl
bidy.com.br
sehat.wop.ro
kt72.nfdy.net
kubar.ammontammo.takedown.violines.teazelli.wwwwww.wop.ro
seibun.wop.ro
kubung.puk.ro
kuhbaner.de
fethiye.bel.tr
kukic.wop.ro
kulinyamka.ru
seitekia.wop.ro
kusatori.puk.ro
sekininn.wop.ro
kushtt.info
kw-eng.net
kyks.org
l9fx.k3y3.net
la-bancarella.it
wwf.gr
laatst.puk.ro
sekodata.no
lagmanns.puk.ro
selbiger.wop.ro
lagt.nfdy.net
lakeland.co.uk
lancia.es
landa70.hyves.nl
sellerforum.de
landingsterrein.wop.ro
langeoog-travel.de
langlipp.puk.ro
languidecer.wop.ro
lankahost.net
laopu.jinnong.cc
laoyaowengxixuecaojz.1168.tv
attraction-tickets-direct.co.uk
vecci.org.au
laptopbits.co.uk
chido.cl
lastarjetasdecredito.com.mx
www.jhotel.com.tw
latagliatella.es
latribune.fr
laurna.wop.ro
selneocranting.soclog.se
lavan.wop.ro
semzilla.pro
layert.ru
sendest.wop.ro
learnopenoffice.org
senket.wop.ro
lease-advice.org
www.webx.dk
leathern.wop.ro
seo-trendy.cz
leblogdecomydz.fr
seo.ac
leeuwinnetjefay.hyves.nl
seoline.it
legpic.net
seomat.net
legrand.us
legvar.lap.hu
seopackage.jp
leides.wop.ro
serialnod32.info
leist.puk.ro
lemoncn.net
sertum.puk.ro
lensway.nl
servcorponline.co.jp
leoforos.gr
leonidas.be
serverlar.gen.tr
lernia.se
leser-wissen-mehr.de
servershop24.de
lesingenieurs.net
servicepoint.hu
lespetites.fr
setai.wop.ro
levneknihy.cz
lhog.nfdy.net
lianliankan.me
liaoyangshi.m69.info
libreas.eu
libreoffice.org
severni-morava.cz
liers.wop.ro
lifechoice.biz
vorwahl-info.net
talehimiz.biz
link-box.de
freelance-seo.es
link.soilhome.in
linkbusiness.co.nz
linux.kiev.ua
linuxnarede.com.br
liseliporn.tv
liseliporno.org
literaturnetz.org
sexeo.pl
litos.com.ua
liupeng.us
live120.in
sextics.de
livingtechnologies.co.za
lkie.nfdy.net
lobbesachtigst.wop.ro
sfantasy.de
local-hook-up.com
sgpc.net
locasit.fr
loinhuan.com.vn
sgvps.net
lojabysamia.com.br
shadowable.bunmen.unsacredly.euwww.wop.ro
lokao.puk.ro
lokter.pl
shambhala.org
lolking.net
london-se1.co.uk
lonet.eu
www.mackboots.com.au
lumens.no
lordporn.net
louisiana.gov
lowracadic.blog.petitmallblog.jp
lslwiki.net
lubiszto.digart.pl
lubriciouskin.net
luckylabz.com
yr-gruppe.ch
luckylarry.co.uk
shanon.co.jp
luisde.wop.ro
luizrosanova.com.br
shaseifu.puk.ro
lyric.wop.ro
lyricskeeper.fr
shayari.biz
lzqf.net
shayasanm.ir
m.bum.vn
m3q.jp
shbab-2day.net
m7s.info
shenyang.usconsulate.gov
m80.tv
machinemonger.puk.ro
machioku-r.net
shesaid.com.au
macrobiotic-marche.jp
maessige.wop.ro
shiathecoolbug.deviantart.com
mafors.ru
shikutu.puk.ro
maghrebpress.net
magic-girl.com.tw
shina.ru
magija.org
magra.net.br
nvz.78.cn
shinmin.wop.ro
mail.bg
govolo.es
shiryoku.puk.ro
mail.camc.biz
nianduhoy.com.ar
mailto.no
dimerc.cl
shoki-bai.co.jp
maipa.pl
majestyship.wop.ro
shopping.tweednews.com.au
makant-europe.de
makeitbetter.co
makemeco.me
showbiz.jp
makeyourblog.ru
quequi.com.mx
manpower.gov.om
maochenwen.com.pl
maratona.it
marionex.pl
shreenathjibhakti.org
massig.puk.ro
mbtang.net
tefal.com.au
mcgi.org
mcodiuy.ch.lv
nisland.ryumachi.votes.toumeiyo.vouwinge.neergelegenen.wwwwww.wop.ro
mebel-dlya-doma.ru
mebelport.com.ua
mediastre.am
mediatv.ne.jp
medizin.de
megalinksdirectory.com.ar
megashare.vn
abest.com.br
megei.jp
membraneous.jusin.switchkeeper.wwwwww.wop.ro
midb.210000.org
mieszkania.trovit.pl
mifflint.wop.ro
miftg.1168.tv
miia.wop.ro
milkam13.digart.pl
miltos.wop.ro
sibou.puk.ro
misute.wop.ro
sieraden.blog.nl
mobiltel.bg
molecularlab.it
signix.net
51deal.vn
molliznar.puk.ro
momschoose.ru
msn2.me
muleauction.net
mysohbet.net
nairan.wop.ro
silvergoldgarden.net
bbs.com.ua
netregistry.com.au
silverjet.nl
nib.com.au
nikkeire.wop.ro
silverstone.wop.ro
nonarrai.wop.ro
nouhibus.co.jp
kinoplex.com.br
nsp.bg
ogar.wop.ro
ohl.es
oiik.tk
omn.ro
ono.es
opboomden.wwwwww.wop.ro
arbeidsbyrden.boordlint.sfoderiamo.wwwwww.wop.ro
opensourcescript.net
opera-mini.net
ord.yahoo.co.jp
ordineavvocaticagliari.it
osbm.co.za
otvetvam.net
papierz22.digart.pl
astuces-jeux.net
paseka.prv.pl
pegujar.puk.ro
careercollege.edu
sim.fad3.net
petrolwatch.com.sg
simplyhired.com.au
discoverwest.com.au
planet.dokuwiki.org
politich.puk.ro
sina.lt
pousadas-hoteis.net
promobagley.net
promotions-paradise.org
sioux-sound.org
propalasti.wop.ro
siretoko.wop.ro
gayalgarve.blogs.sapo.pt
prostrando.puk.ro
ps24.ch
pseudotr.wop.ro
sistaminuten.dk
psfocus.nl
sitedirect.se
ptctalk.org
ptmsik.pl
apn.ru
publicity4u.eu
publyworld.org
billdorman.me
pullboat.wop.ro
punatshangchhucottages.bt
sitefinder.co.nz
sitiosweb.com.mx
piloti.com.br
sizuko.wop.ro
sjvmr.net
skalice.ru
5793.vgb.no
skalnik.pl
skarbowo.pl
skilopers.wop.ro
catequisar.com.br
skinfood.co.jp
skipub.fr
skymusic14.in
skytours.nl
slating.puk.ro
repubblica.it
slightlydifferent.co.uk
sln-toimintakeskus.fi
besthealth.com.au
fullhousevn.vn
sloggio.puk.ro
smartphoneandroid.ru
smartweb.com.ua
smink.nu
snay.210000.org
trill.wwwwww.wop.ro
snm-portal.de
so.foyuan.net
host-services.us
sobory.ru
socialbookmarkbusiness.info
socialbookmarking-liberty.info
exfeletes.soup.io
socialmediafactory.net
softbankhc.co.jp
softcom.biz
omvangrijkheid.euwww.wop.ro
softime.me
softobit.ru
softwareoverzicht.goedbegin.nl
sokurou.puk.ro
xinzhou.biz
solarpanelforhome.org
bimot.co.il
www.hir.com.au
isicredit.it
soldierdoctor.mobi
solea.wop.ro
sollicitantes.wop.ro
www.2688.im
solutionpoint.in
sonna.wop.ro
sotovikmobile.ru
spaccherai.puk.ro
yi.si
imitables.wwwwww.wop.ro
online.ge
cognito.net.au
mipersonalidad.es
palmos-fm.gr
spartaco.wop.ro
spianai.wop.ro
spikelike.organisierenden.prerebellion.karaoke.hygien.wwwwww.wop.ro
spiraalvormig.puk.ro
spongebobgames.me
martialarts.com.my
sponplat.puk.ro
spontanes.wop.ro
spooneyn.wop.ro
blog.mn
sport1tv.cz
sportsmole.co.uk
sprouts.wop.ro
spurgeongems.org
squirrelmail.org
kucniposao.ws
sragionavo.puk.ro
src-support.ru
ssl-einkaufen.de
novosetor.com.br
sss2.aa.am
ssuo.nfdy.net
staringl.wop.ro
starstore.it
startrekfrontiers.net
ime.usp.br
stationer.jp
steamwhistle.ca
stylecollective.com.au
cbd.com.my
adsl2exchanges.com.au
subdupli.wop.ro
subgenus.puk.ro
subio.net
suche.ch
abc-construction.az
suggest-link.net
nandos.co.za
www.97ribi.info
anninhhoanggia.vn
sugita.puk.ro
tricae.com.br
newvake.ge
sunfar.com.tw
kadikoy.bel.tr
superhost.pl
superspamilka.ru
chat.lycos.au
supersurftipps.de
vdv.dri.edu
supplants.wop.ro
nongfuit.com
surconso.wop.ro
surf30.net
survivalcenter.us
susnet.co.uk
telhanorte.com.br
mymdc.net
suv-network.de
svalna.puk.ro
svarttra.puk.ro
svenkubiak.de
svincolate.puk.ro
sviti.wop.ro
synovitis.puk.ro
synthetischer.puk.ro
sysikt.no
sieuthitainha.com.vn
xxxkc.blog.hr
szablony.in
szafranowy.eu
giftcards.com.au
szatka.pl
aeon.pk
szfhmc.info
szigetfestival.it
sahafi.jo
szinonimaszotar.hu
manequinsalmighty.com.br
t-involved.it
t3n.de
tablethotels.de
hi5.tv
tadalista.net
taeter.wop.ro
tahen.wop.ro
gcccd.edu
zeriouz.com
taisiich.wop.ro
talentirosit.ro
firdaposten.no
talktoeachother.hyves.nl
tallbacka.blogg.se
tama-tokyo-action.blog.so-net.ne.jp
tampon-encreur.ws
plazapublica.com.gt
taniedlugopisy.pl
taobaoc.om
taobaotj.net
mocsi.gov.ye
scootercommunity.com.au
tapetenmarkt.de
tarlato.puk.ro
e-qanun.gov.az
tautomet.wop.ro
tavex.lv
tawsal.net
teamhanna.org
bielizna-codzienna.pl
teammagic.com.tw
techxplore.net
tee24.de
tm2888.in
notiziediprato.it
teenxxx1.info
tegv.org
teionsou.puk.ro
teliserver4.de
www.itguide.dk
teluguactress.org
temerariousness.puk.ro
temigratis-wordpress.it
tempauto.ru
terunoyu.co.jp
koneviesti.fi
infor.com.au
sandstein.serments.stuyvesant.wwwwww.wop.ro
amigoautos.es
terz.am
testuj.orange.pl
textilorszag.hu
myphoto.to
thcshopduc.tk
theater.co
themarketing.tv
magnaromagna.it
themusichall.org
theory.org
aljoufedu.gov.sa
thepc.ca
thepetshopboys.es
thepoc.net
businesswiki-sa.co.za
therange.com.au
thesistheme.org
thewavelength.net
thibaud.be
gsbc.or.kr
thinkdigitalscotland.co.uk
zdolny.eu
thisit.de
1millionkilochallenge.com.au
thjodarheidur.blog.is
thomas-krenn.de
the-sixth-sense-full-movie.blogspot.dk
threefifty.ca
escala.jp
www.humanpheromone.com.tw
thudded.puk.ro
tianhaiyan.dz.vancelle.net
revistaman.es
tibetaltan.hu
tieftauchen.wop.ro
www.tbwis.coml.com
tiekka.puk.ro
nyo.me
tiffany.co.uk
tiit.me
tikka.wop.ro
timeedit.se
arabalar.gen.tr
timespent7.info
tippend.puk.ro
tk-blog.de
tkptn.net
5htp.me
tlur.56dvd.net
toin.nfdy.net
tokyo.wop.ro
terra.mx
tools.store.ro
travian.hk
tremolierender.wop.ro
trepar.wop.ro
birdkeeper.com.au
yingyin.biz
tretti.no
www.1and1.ro
ihq.az
jowey.soup.io
cueb.me
lovivip.com.ua
ztw.cc
zalozfirmu.cz
yourmortgage.com.au
515.cc
ndsv.bg
spnews.gr
nikkei.me
mayfairdentist.ca
macguider.se
warriors.co.nz
fiveup.com.au
www.dichvuvisa.name.vn
soho.so
7khabar.ir
fotosoutez.laacr.cz
7jours.ca
ultimate-power-profits.me
mototv.de
keilab-dos.com.ar
agcreative.ca
gotgames.com.au
happysad.soup.io
bikesport.bg
www.regielive.ro
jireh.net.nz
alio.lt
brlinking.info
www.haproamthuc.vn
www.2ue.com.au
sarkand.asia
10directory.info
raycity.in.th
1200-calorie-vegetarian-diet-p.blog.hr
am.com.mx
kmu.ac.ir
oid.fr
street-rats.at
www.dirkbikkembergscarpe.it
primetimedigital.ca
alexandergallery.biz
memesdanet.com.br
tel-web.it
www.post.at
www.avvenire.it
eersteco.loofas.phractamphibia.wwwwww.wop.ro
antarctica.gov.au
medialo.gy
look4design.ie
aanmonsteringen.puk.ro
skydak.be
nexths.it
smartinternet.co.za
afgedane.puk.ro
cicloleiriense.com.br
www.rank.gs
abflusses.puk.ro
sewsistemas.com.br
hamiltonisland.com.au
sba.vn
ccftn.com
chestionabil.ro