mahlerundco.ch
billrogers.la
whoismydomain.com.au
czechwealth.cz
click.uol.com.br
buzzbuzz.ca
list-of-companies.org
thecollective.it
koreangirl.tov.vn
wcdsb.ca
funportal.ir
assaggi.it
hdt.gob.mx
relazionetecnica.it
eurocommerce.gr
prestashop.co.kr
www.couriramathieu.fr
sweetrevengefl.soup.io
tepsa.com.pe
freshlook.asia
gwrrakyv.org
hit.com.vn
shibobo.cn
catie.ca
primus-hub.ws
hadopi.fr
ihc.unc.edu
little-black-dress.fad3.cn
nasle-farda.ir
www.nascutinurss.ro
gpro.cz
silverado.by
chinaz.com
travian.com.mx
www.kreds1.dk
m80.tv
jamp.cz
vitaminapublicitaria.com.br
joergsieber.biz
vjip.nfdy.net
strategic-living.net
tipar.md
pinalcountyaz.gov
geriplan.ca
intelisys.ca
webgoo.vn
bergrettung.at
dhipaya.co.th
seznamit.cz
inn.co.il
comtech.com.ni
www.tatojaknato.cz
elib.nblib.net.cn
adventurespiele.net
atehenmei.com
filatelist.no
sidwaya.bf
borzoi.cz
peck.it
baise-anal.fr
91ggg.aa.am
plugmania.com.br
cczt.cc
firatnews.tv
gbrdirect.eu
habama.co.il
jobanova.it
www.929av.co
1plus1.co.il
supercheng.tv
htp.ac.id
dienthoaihanquoc.com.vn
www.cl24.cz
sieuthinoithat.vn
2020plan.dk
autoguide131.r.gd
greencoupons.me
rehire.wop.ro
tube4.me
danielurda.ro
mouvance.fr
kellan-lutz.net
dinhcao.vn
ksei.co.id
skipub.fr
mechrage.com.br
directo.r.gd
yhwc.me
animalwallpapers.us
xlogics.eu
seoblog.com.ua
comune.ascolipiceno.it
janowcity.by
dienmaydienlanhbachkhoa.vn
tunisieprojet.tn
upyupy.fr
fgv.br
ksa-mall.net
jadeit.soup.io
simonehandbagmuseum.co.kr
phimhd.vn
pokerstars.it
joyworld.ws
www.ilcane.it
www.bsb.by
webmail.raffles-design-institute.com.cn
xixihuafu.com
255wap.com
nejau.net
hls.lyw.cc
guihuaxiang.com
feishoushu.com|www.4006848085.com|telm.nfdy.net|www.shszc.com|www.zhongguo315.com|ungliberal.se|eifelhoelle.de|www.babaw.com|news.gpxz.com|www.eco666.com|biznax.com|www.stl350.com|zhidao.huarenblog.com|valuethe.net|www.shuaqqb.com|www.seoleiju8.com|www.cqwx120.com|hqhair.cn|www.gdyuelong.com|bhovxeh.a1.cn|edishwasherreviews.com|amazonaws.com|www.szitwh.com|buenas-practicas.com|www.jhnxw.com|www.xshpjy.com|www.lancns.com|tymy.cz|arena-barani.com|hiwix.com|hbwanguji.net|demardeals.com|yxpjlj.com|forum.lc|www.533fk.com|lzk168.com|magude.digart.pl|www.beely123.com|dy.kansm.in|bootskaufen.info|www.chinaflyer.cn|www.seizor.net|www.webcns.com|stax.net|www.facaishiye.com|pulsaraudiovisual.com|www.oaits.com|www.eco606.com|klhb.210000.org|www.fsxghl.com
varejaonet.com.br
vacu.org
sozialplattform.at
pc-spektrum.ch
esprit.fr
mihaicosti.ro
www.v-q.com.cn
pcprimipassi.it
crown.com.tw
nonconvenable.folioing.wwwwww.wop.ro
ipa.im
cp.enshi.us
colegioespiritusanto.edu.es
tupale.org
www.joomla.gr
matejovsky-povleceni.cz
funs.co
smartmobil.sk
rimi.ee
newspedia.it
hainefashion.ro
bjtdyz.com
civitanova.mc.it
www.sapko.fi
www.wikipixel.fr
www.p6yes.com
ws.md
blitzkrieged.wwwwww.wop.ro
gillmacmillan.ie
planetusa.us
clinicadepediatria.es
tostenso.venenifi.minske.touhaku.wwwwww.wop.ro
cybernautix2.co.uk
subschedule.lovforsl.virify.wwwwww.wop.ro
www.sanluigi.at
altriabusi.it
4-h.org
chris-pearce.net
ujed.mx
www.csango.eu
sanecovit.it
pbca.biz
zfa.la8.so
iranianlawyer.us
treppen-discount.eu
eway.com.au
zainawan.page.tl
castello.cat
gse.it
normala.normanish.phractamphibia.wwwwww.wop.ro
the-400-blows-full-movie.blogspot.co.il
nebula.fi
e-belgrade.net
villamixsp.com.br
id.st
molecularlab.it
siamsport.co.th
dcview.com.tw
muitomaisurbano.com.br
newstartautoloans.com.ip4.bz
subtel.es
nrjmobile.fr
audi.no
googleusercontent.biz
hbkworcjk.blog.mongenie.com
zverushka.net.ua
ocepre.gov.ve
ifes.edu.br
iconos-conseil.fr
ariwahyudi.web.id
yiliexin.1168.tv
apserver.org.ua
agendadorecife.com.br
slevydnes.cz
latvenergo.lv
realdeodorense.com.br
www.ty-web.net
atesa.es
porn.6996.us
palba.cz
h-tronic.eu