trelogatos.gr
www.xt33.com
mensherbalpro.info
autoschrauber.de
onlineturbo.nl
newduggtag.info
walltapestry.name
123-webdesigns.info
jjg.net
fridi.ch
ukraynahaber.com
cocimg.com
yellow.co.ke
hktkw.net
wooba.info
salon.com
www.yiren33.com
blogzr.us
toma.la
avtovelomoto.ru
esmf.pt
lookatboys.com
mys.ba
znak-jakosci.pl
oedogoniaceae.barrieren.syokutak.wwwwww.wop.ro
sealpond.net
sintespar.com.br
kibi.flog.pl
sina.lt
jeducation.com
admechanics.com.pl
awa2el.net
kolokol.ru
beead.fr
koph.hu
www.experian.es
solidarni2010.pl
dni-afryki.olsztyn.prv.pl
www.psugau.org
bigcyco1.deviantart.com
coloradodot.info
guihuaxiang.com
designerpolska.pl
www.zjj.la
gumruk.gov.tr
www.tokubi.jp
xoso.wap.sh
cem0.hyves.nl
pressnewz.info
citarella.com
spanchbob.info
keukenfo.unionstar.wwwwww.wop.ro
yougedi.org
35z.info
wlic.nfdy.net
miximuesli.de
www.epca.eu
wildfishandship.com
se-world.info
gconline.de
fuenflingen.puk.ro
mg-tds.ru
haiguan.info
appit.nl
mytehran.ir
webdesigner-finden.de
zhe123.com
dolphinblue.com
swtorbase.com
necmusic.edu
realthairecipes.com
simplex-data.com
i9franchising.com
nekobento.com
jcdy185.com
xoxo.com
myhr.ms
milf-seeker-search.com
fp-group.gr.jp
chinajsp.com
arthritis-research.com
habanapalooza.com
liyi.66law.cn
youhao-inc.com
infodirekt.se
naptarak.com
website-hosting-reviews.net
phemomenon.com
cripedistributingstore.com
netaxis-ms.com
electrogeneral.es
www.ngprague.cz
equidiavideo.fr
www.iura.sk
katssafety.com
joyoublog.net
www.365ip.net
ahgoobaby.com
teflteachthai.com
hzwz.net
spermswap.com
ckumar.in
startrek-is.com
vigorandalucia.webs.com
damek.eu
askmedicaldoctor.com
plenitudededeus.com.br
graphicboulevard.com
wangyi.com
yuelu.gov.cn
voyagemonkey.com
diamondkittycats.com
www.fzcsydl.com
proassist.nl
mybenefitshome.com
realdate69.com
pelicanobenfica.blogspot.com
loee.pl
pharmaline.info
foodieforums.com
pixelworks.com
rilakkuma.co.uk
harlequiniberica.com
66hk.in
uni-sa.net
makemoneyfreemoney.com
globalfoodtech.com
mhwsw.com
jqfiber.cn
jixieb2b.net
transactionguard.com
berlindesignblog.de
colitis-crohns.com
beautyofwoman.com
fotoewelian.digart.pl
amberlaine.com
newport.gov.uk
packetizer.com
hbogo.nl
luisammann.com.ar
licicont.com
drivingtest.net
renprene.com
seamsforadesire.com
trafficdealer.com
disk.co.jp
mac-lyon.com
www.duzeka.pl
trafficdealer.com
concoursmondial.com
softwareutilisimo.com
seabit.in
faithtroopers.com
sweetme.com.tw
articlewarehouse.net
mercadoprofesional.com
madridadas.com
drifter.tv
manufacturingsoftwarez.info
dirsubmit.net
fitness10.com
free-zodiac-horoscope.com
spazionord.it
onlinedatingtrust.org
zerx.do.am
infokoe4u.blogspot.com
comfortfurniture.com.sg
www.tonvip.com
nudismtgp.com
resepty.ru
rassalud.com
usagovernmentgrants.org
pornoteatr.com
bikeandroll.com
heiratsportal.de
easy-tiger-golf.blogspot.com
locasit.fr
allstarcock.a-lsawards.com
vietboblog.net
twiceware.de
caboodle.hu
tiresdirect.net
mett.tk
tyrann.wop.ro
adero.de
hdfilmizleme.com
sensodyne.hu
mychina.biz
amoypicture.com
wbc-ltd.de
conchajerez.org
chuokai.or.jp
anmoltv.info
hyperactive.de
pora-hudet.com
article-database.com
gsme.co.kr
bienrealty.com
ceena.net
theggun.com
cardealerwebsites4u.com
glamourhair.com
mrpm.cc
www.bramka.pl
free-sky.com.cn
solacezone.com
xinco.org
xianning.117.cm
revistair.com
amway.gr
wiseport.cc
teipat.gr
voguestation.com.hk
institutocap.org.ar
lyset.wop.ro
cygnusb2bmail.com
jpg-to-pdf.org
kinshicho-escort-erotic-massage.com
jpg-to-pdf.org
reasonstation.net
ctweathergeeks.com
ez4u.co
selectcdrates.com
how-to-box.com
yourvoice.co.nz
skpnu.ac.ir
silaznanij.blogspot.com
trannytubemovies.com
flu-pandemics.com
ekran.si
katy-perry.net
haiton.wop.ro
chateauintown.com
agences-ouvertes.com
quintalosazufres.mx
yiqingyuan.com
deborahprickett.com
electric-shaver-guide.com
www.yqxsg.com
clickaderia.com.br
itzcaribbean.com
disneydigitalshare.com
zelist.net
moebel-schulenburg.de
environmentamerica.org
vmeme.ru
ssm-consult.ro
gaz21.ru
klick.ee
ukusno.com
nnistar.com
emoryathletics.com
diabetesmellitusworld.com
ychat.cc
ybtcard.com
tomki.pl
pretoc.com
economicoutlook.net
jsdoc.cn
lemeridienparkhotelfrankfurt.com
mkv3d.com
spidermancrawlspace.com
burberrybagsoutletmall.com
leihou.com
loudtechinc.com
biohost.info
securetunnel.com
ibdil.com
extreme-hosting.net
californiasurf.info
v8l.info
creativecoop.com
domtest.ru
leblogdesarah.com
feministfrequency.com
budoxperten.dk
canadiandesignresource.ca
dbmailadmin.org
virology.com.cn
rimfinancing.com
upxsuccess.com
naijacupid.com
everydaybookmarking.com
arabianparkhotel.com
eldescodificador.com
divinelyintuitivebusiness.com
radiomods.co.nz
singerpictures.com
gobuck.com
7io.org
storeserver-16.com
zongyangxian.com
hpnetservices.com
employeesnews.blogspot.in
www.oxatis.es
stanleylifestyles.com
graphicsoftheamericas.com
hjdstudio.com
robertomata.ning.com
fanlibus.com
carpis.ru
riverdeep.net
efood.be
mbtshoesoutlet.net
ooaoo.com
silencefactory.com
computermeester.be
tcw.de
sites-culture-formation.ch
notaffiliate.jp
mavermedia.com
designmarket.su
www.zhizhuanji.org
findme.ru
weberotikdesign.com
itecodeclaration.org
schwimmbad-schwimmbadueberdachungen.at
bakurocy.wop.ro
universalmonsterarmy.com
cssn.cn
emn.fr
dimock.ca
communitygarden.org
bccpaceco.it
psbookmarks.com
bccpaceco.it
widenet.ir
la-strada.de
yuping.gov.cn
jr-tabi.com
defunt.be
sg4ge.com
chrisfay.net
uskleo.com
dochiquilt.com
asgatechshop.com
ayogame.com
hebirujia.fdchs.cn
pressa.tv
thedissertation.co.uk
owlcitymusic.com
seobychristopherwest.com
21linkast.info
disser.com.ua
himadventures.net
nexuspheromones.com
exclusiviteshopping.com
stopsmokingpronto.net
conservationindia.org
zx-qq.com
anho.net
pemper.pinger.pl
dewaphobia.com
mp3gan.com
meineabgeordneten.at
loom-berlin.com
niaz123.com
martinvermaak.com
gardaexperience.com
ecofoodrecycling.co.uk
clictopay.com.tn
brendonscomputers.com
lajollasurf.org
zocomac.com
ooops.pl
lastshopping.it
startlak.hu
sarawebdesain.com
miswebcamsgratis.com
universalholidaycentre.com
annuaire-decoration.org
mindmixer.com
canadamerchantsolutions.com
cellphone-express.com
stingumedia.pl
ethiopianmusicvideo.com
indomitraworldwide.com
zertruem.puk.ro
foreverjewelleryspecialists.com
cmsplanet.ru
americanseniors.org
filmmirchi.com
imagenesconamor.com
kontur-pf.ru
218.cc
univer.ua
vitada.org.ua
lucintel.com
sciencic.com
entitulares.com
geinou-weight.biz
codetoday.net
worktopfactory.co.uk
hypo.cc
pliendesign.de
www.qipaijd.com
ruangsoftware.com
buyqube.com
smileclip.com
mteatown.com
permissioncorp.com
www.2012see.com
hulando.info
eurogsm.ro
universalsewing.com
nominet.co.uk
tropitone.com
031.cn
shiamatch.com
ezmillionsgpt.com
faktailmiah.com
rinaldimunir.wordpress.com
gpwcatalyst.pl
warnaco.com
marombapura.com.br
catfishautoanchorage.com
www.bakonyalja.hu
stonehenge.com
foldermarker.com
memsoria.pl
lunatrix.co.uk
michiganprwire.com
ibc818.com
pruna.com
tedxseeds.org
stauffacher.ch
shiyiyue.com.cn
liteonodd.com
acadimostravel.gr
my-sony.ru
sexpo.it
zxhp.cn
chxo.com
zhensovet.kz
ars-dim.ua
websta.pl
mayuyuma.com
mmo-mechanics.com
43pixels.com
sexe69.org
bbwsamantha38g.com
vse-svobodny.com
szex.org
starcraftturkiye.com
vouchergurus.co.uk
bankserc.pl
sinema.sg
zy0jsw.com
rmeit.ru
technoinfonet.com
abbyzabyss.com
v-net.tv
thinksaas.cn
nocster.com
walkswithbear.com
zionteam.net
gamesidestory.com
urcss.com
existentiel.info
xiaogan.com
fisolution.de
pret.be
onesdog.net
mediatravel.ru
democrata.com.br
louismartel.com
menhealthsite.com
xn--pc-fj4a2bxm.com
videos.vc
kathi.de
dreamgrow.ee
mcts.cn
www.monstercheapest.com
kie.pl
mikebowler.net
planetemicroentreprises.com
webmastersprofitpak.net
wiiudaily.com
kra.co.kr
rucoz.com
securus-dampfshop.de
plumpestgrannies.com
heartmala.com
homesearchbarcelona.com
saraiva13.blogspot.com
njmbank.com
institutogalene.com
tsine.wop.ro
armycrewchief.com
chanvre-info.ch
digitalicon.es
moviapps.com
ziembor.pl
symcell.de
home-moneymaking.com
bytesbrothers.com
tukasablog.com
chicasconmorbo.com
dvdkurs.info
solidati.puk.ro
dmi.es
cmnw.com
vpn123.com
genealinks.com
yokohamagarden.jp
w-necie.com
armstroff.com
piroth-kommunikation.com
obmen-sadami.ru
qassia.com
analisisdetrabajo.info
blvdhotels.com
jizzfinder.com
beautynailbarcelona.es
electrorai.ru
consumeconsume.com
erosfreeonline.it
chadbourne.com
lebkuchen-schmidt.com
beylikduzu.bel.tr
victor2012.info
ipont.kz
tctc.org
clallam.net
zoomsud.it
swbank.az
dananews.net
eladohaz-pecs.blogspot.com
coachingcomercial.com
eventwax.com
mymalaysiabooks.com
mftvanak.com
realclassic.co.uk
royalvintagetube.com
insights-for-acupuncturists.com
discoverfreeporn.com
addfeed.cn
stsweb.fr
improve7.com
elounge.com
luhs.org
deddenisen.blogg.se
vtinfo.com
ldi.ru
mindvalleyacademy.com
everesttech.net
lovely-cards.com
tollerare.wop.ro
pps-x.fr
diarioderiachao.blogspot.com
fotki.by
isewanferry.co.jp
suntran.com
viajeajapon.com
oswframe.com
con6.cn
alethia-inc.com
enlightingsolutions.com
cristianievangelici.info
hillcountryoutdoorguide.com
thecrazyfox.com
longman.pl
riskassur-hebdo.com
iannnews.com
shokubai.co.jp
hfqinye168.com
souboube.wop.ro
findmombasahotels.co.ke
mastor.pl
rusmarket.com
pikapolonica.com
calgarysystema.com
loftimg.jp
guiasupersites.com
ibrain.org
startarticles.com
teemail.gr
berezablog.com
flashbuilder.net
pedigree.com.tw
survivalblogs.com
best-joomla-templates.com
www.come0513.com
vastgoedapps.com
timog.com
ovcentraal.nl
tstars.ir
powiat-gliwicki.pl
misha-collins.net
makeet.com
bighitmedia.co.uk
etec.zoom.nl
bookmark-artistic.info
toildepices.com
cosmos.gr
uncabulldogs.com
parisgallery.com
altroco.com
3dreserve.com
classicpetreview.com
b.av50.info
olympe.in
theswindlers.com
igrixl.ru
ospedaleuniverona.it
carbase.nl
cactus.ee
lizardwebshost1.info
fuxing5.com
wsc24.de
xcodeitalia.com
offersdb.com
maripe.wop.ro
naughtyfishdating.co.uk
allstuffsale.com
healthandsafetyinjurylawyers.com
astonweber.com
np.kz
aprenderpnl.com
iandeth.dyndns.org
djscene.lt
tbessa.net
usuariocompulsivo.com
quickbid.com.tw
theflyfishingforum.com
amy365.com
passion.pl
pour-locmaria.fr
fmforperfume.com
driphter.com
bemberg.de
webex.fr
fnu.ac.fj
pinkturtle2.wordpress.com
pinsundmehr.de
teensblast.com
princegeorgecitizen.com
americansolarmanufacturing.org
bikezone.pt
adotaparser.com
yokanavi.com
ultimatetrafficblueprint.com
learnbabycare.com
ideazinc.org
tgbaidu.com
coffeethek.de
sarasotachamber.com
topwebmoney.ru
bryci.org
meestbie.wop.ro
trovocamper.it
u9dnf.net
1a-stellenmarkt.de
desdelasvegas.com
freshavails.com
haii.or.th
10yant.com
zakath.soup.io
met-free.com
leahremini.com
govoru.net
www.centralweb.fr
hb50.fr
kxsou.com
punchanpie.net
yx618.com
speakers.ca
moreno-valley.ca.us
e-workers.net
healthcaretechnologyonline.com
iiti.ac.in
funix.org
lesbianpornjungle.com
treebonesresort.com
doh.pl
lustomic.com
www.skalka.i-noclegi.pl
enjoybydgoszcz.pl
hostpedia.us
345iii.com
vitaminsiz.com
keywordsearchpros.com
lilapink.com
globe.lu
edoceo.ch
twittown.com
b3net.co.uk
greenearthgoodies.wordpress.com
artofnaturalliving.wordpress.com
esne.es
shopperella.de
presagis.com
artandtourism.it
royalhawaiiantaxi.com
pas.gov.pk
tokoonline.net
golook.it
villakejora.blogspot.com
db-db.com
seo-backlinks.eu
hostingenmexico.net
adityaschool.com
androidsystem.fr
shop-schuco.com
zhutou.com
holidaygolightly.com
natuurinformatie.nl
ojhs.210000.org
aroundtheworldin80girls.com
radiolamp.ru
starvingchildrenptc.info
asp.bekijk.nu
airspartner.com
forropuncik.hu
tobiume.com
zahradnictvikrulichovi.cz
ahgytv.com
disegnoedile.it
marutisuzukikizashi.in
potoroze.com
air.7kt.info
liebo.com
dicamatica.com
hypnoticsalon.com
elvenenazo.net
stabia1907.it
madurasputas.com.ar
abkuerze.wop.ro
staceysnacksonline.com
gryph.jp
yuegoo.cn
southernnationalist.com
furyu-dojo.org
fogma.co.uk
mygeoworld.info
cliffordhobbs.com
topcrazydeals.com
maxfrag.net
seonovichok.ru
nur.gen.tr
kijoan.com
chevroletvoltage.com
warehousecigarettes.com
subaru-brz.jp
kisskiss.pl
foxalba.com
rajivdixit.com
perreaux.com
ijoe.hu
netglobalsolutions.co.in
free-spanking-movies.com
rezulteo-tyres.co.uk
dsmdtu.org
flashscope.com
be1st.pl
cztenis.cz
chamaeleon-reisen.de
cumtranny.net
natural-cancer-cures.com
camping-suedstrand.de
kiruna.cc
clarks.pl
5uflash.com
sigma-koki.com
phpsolmag.com
apn-dz.org
newyorkstreetfood.com
wormsway.com
gayjewishprofessionals.com
hoteliernews.com.ar
henpartyvenues.co.uk
ninjawebsupport.com
finanzasparatodos.es
www.multexim.pl
eurogamer.se
starline.ee
doctorscorecard.com
sexywifeporn.in
jktyre.com
analyticalflower.com
oneoman.com
talentmaximus.info
beate-uhse.cz
thetravelalmanac.com
workao.org
pittorifamosi.it
bellmedia.com
ipb-ru.net
mentaurus.de
78cw.cn
beatsbydre-uk.org
toutsurlesplacements.com
opennet.se
diskinfortel.com.br
brg-hotels.com
buguiqiu.com
compass.com.ru
myanmars.net
lavozdelpueblo.com.ar
ict-21.ch
zhuna5.com
888in.in
renancalheiros.com.br
stadtgarten.de
ekk.edu.ee
online-spiele-kostenlos.eu
monkey-chars.de
buscasulfluminense.com
chaoqing.net
citebite.com
analytic-or.com
animezo.com
amulher.com
shibetsu.lg.jp
sekaitours.co.jp
observertoday.com
beerpulse.com
universohq.com
expressleech.com
52perfectdays.com
harleyradio.ning.com
hvlp.ru
xn--90aiguyb.com
bangme.net
dpmag.com
datingscripts.co.uk
yourfucktape.com
thegameslist.com
astonhotels.com
outsoo.com
wakeworld.com
yamaha-motor.co.th
gulfsip.com
finnalle.no
worldjam.jp
reliv.com
eduworldwideindia.com
mymingpai.com
gayel.com
names.nnov.ru
watchout4snakes.com
eramchat.com
science.co.il
ford.co.jp
reachcustomersonline.com
indianmoviesonline.com
cfpchina.com
kwwwhost.com
feestdagen-nederland.nl
modatakip.net
com.free.fr
mgt-commerce.com
vale.com
teensexposed.in
koisi.wop.ro
zhmb.gov.cn
bbyy.name
devaldi.com
cauti.ro
xinliyang.com
tjmt.jus.br
wasserturmschule-gvm.de
ooya3.com
77177.cn
bakertilly.co.uk
keihanbus.jp
peakpotentials.com
kaka-pakistani.blogspot.com
doghouse.com.tw
chennaiwow.com
aip.cz
saracca.it
lookfordiagnosis.com
ihr.com
closetandstorageconcepts.com
shopstarter.nl
howoma.com
netzens.com
vistastory.com
hidden-anime.tv
copymaxsac.com
snapbackzoo.myshopify.com
statiami.ru
site4free.tk
maple4ever.net
sistemu.ru
sistemu.ru
taran.digart.pl
fang769.com
beseh-rohani.ir
sc2clan.tw
asiantribune.com
surrealmoviez.info
gameery.com
frw.co.uk
iflychina.net
akibaos.com
userfocus.co.uk
rocketnews.com
djvu.org
best-quality-links.com
karinherzog-oxygen.com
zwcad.com
com.be
jamisbikes.com
hotfalabella.cl
dscargalo.com
thegamestribe.com
digiguide.tv
kfc.co.th
decocre.com
cnet.ro
icraft.ca
articledirectory365.com
fgnhosting.com
bancodechile.cl
womensnote.ru
chrrr.com
psa-peugeot-citroen.com
richardcastera.com
dawn-server.de
iwam.wop.ro
kravushka.com
adam.es
hopenet.net.ph
asahi-slimup.com
hefeiwanmei.com
prudential.com.hk
zamanalwsl.net
linz.at
rumoautopecas.com.br
abnehmen-blog.net
wisselre.wop.ro
tmn.pt
impowersuite.com
na-planete.ru
androidve.com
mobilemaya.com
www.etk.cz
vestibulate.wwwwww.wop.ro
provocateuse.com
123deal.fr
greenparty.ca
in-seo.de
articlesbook.info
floral.wop.ro
metin2.es
indesit.it
gestioneweb.org
vibram-fivefinger-uk.net
fh-niederrhein.de
sporttery.com
seocampaignoptimization.com
rifatvkru.r.gd
riftwalkthroughguides.com
auctionnationonline.net
stiho-bum.ru
deadlinelive.info
carburante.cl
fotballsiden.no
poisktura.com
modrstudio.com
siprep.org
uae-business-directory.com
thebamboozle.com
junsheng9.9998.tv
templatetokoblogger.blogspot.com
autovod.net
amok.cz
www.eterm.com.cn
tutorialesdemaquillaje.com
styleconcepts.myshopify.com
ineffervescible.pencilli.embojar.foretake.seishun.wwwwww.wop.ro
tektroni.puk.ro
allwomen.jp
rapturewatch.net
moemax.at
cw12.com
www.pixel.hr
www.wotu.co
han222.com
9darts.net
www.yinyingu.com
ase.com.tr
bises.co.jp
news.samba.org
nandemoup.com
construfacilms.com.br
cyberhomes.com
ofemailmarketing.com
risqueboutique.com
twipper.tk
softmoc.com
sjcdrums.com
eggbread.kr
saxomarkets.com
altruppersdorf.at
www.yinse77.com
angi-technology.com
www.bullcg.com
sinje.cn
weiykj.cn
www.chinarural.org
diploma.gportal.hu
mobile.beeline.ru
www.boop.cz
www.boystoys.de
planetoblivion.de
nazdeb.com
game.pps.tv
bolubook.com
www.wz8877.com
tionol.org
pansebek.pl
einstein.biz
se.987aaa.com
www.223443.com
rtys8.cc
t06.xxb99.org
www.20000baidu.com
caribseek.com
www.zycj.9998.tv
lternet.edu
turtletary.com
41273.com
gedankenacker.de
www.jiangle.gov.cn
donbas.net
turtletary.com
brightbridgewealth-management.com
ousama.co.jp
rubbersole.co.uk
www.pdrcw.cn
gardaglobal.com
redlibre.net
verebbte.broodwinningen.honcho.toushima.goodwate.wwwwww.wop.ro
encyclopedialive.info
comss.info
biwako.gr.jp
dj66.net
rankcheck.org
labellau.com
xincheng.us
airport.jp
www.windu.org
okn7.qiwen5.com
tt.5aw.info
bcomplete.com
kirmes-udestedt.de
1plus1equals3.net
racconte.puk.ro
www.kongque.biz
peru-travel.info
cheapolosn.co.nf
tazla.flog.pl
pactisa.puk.ro
jahdo.wwwwww.wop.ro
woodshape.nl
gsm.goedbegin.nl
guilded.de
infrapat.puk.ro
syncopated.wop.ro
retrade.no
queen.fr
infosdesite.fr
onthoud.wop.ro
www.wangluo.in
bbs.actoys.net
www.liveeyetv.org
nubble.puk.ro
editoraculturacrista.com.br
intestaat.enteilten.aiguiserai.wwwwww.wop.ro
hosting-service.com.ua
tangleroot.puk.ro
rhetolo.kr
disco.lap.hu
motoricerca.net
dolce-gusto.fr
disco.lap.hu
www.fuse.be
globeslist.pk
jungle.gr
756275696.7190.cc
ralphscheidler.de
uvigo.es
ultrachurchism.wop.ro
mcdonalds.co.uk
lordgalaxy.ru
img.0316.cc
flapa.es
pecherz.pl
sogning.puk.ro
goksir.eu
www.akado.ru
foxtv.it
gravitymovieonline.blogspot.ie
riserve.wop.ro
juron.wop.ro
alkotokboltja.hu
muji.net
dxmeoqpl.freeblog.hu
becar.ru
www.cwbs.edu.hk
haubaner.sunlight.lontana.barverka.wwwwww.wop.ro
yujiko.wop.ro
ebay.su
www.night.hu
eukalipta2.hyves.nl
wiqh.210000.org
girokontogratis.org
072.st
008.manbu.cc
aa.am
p30pedia.com
lamkinhhotel.vn
wkok.info
gsb.or.th
chothuexetai.vn
www.bcs.ru
www.taxx.nl
yarpaq.info
kvartiradom.by
spcc.edu.hk
gamerscrew.net
flowmind.jp
remiserons.wop.ro
tapgaten.puk.ro
bucker.wop.ro
rimiform.puk.ro
wearerobots.net
scrappingexpert.com
avengeful.wop.ro
fnbconnect.co.za
tylus.wop.ro
seek.jp
walthamforestcouncilwatch.org
rl.com.pl
findurl.co.uk
screech.puk.ro
49hk.me
www.damminga.nl
tidore.wop.ro
inca.gov.br
lostinidaho.me
ifps.org.pl
dohodizruneta.ru
hbly.210000.org
payoutmag.com
123people.ch
euphoriabux.com
bfz.de
lotostat.com
katieslovelyescorts.com
barcelo.edu.ar
en-primeur.co.uk
articleforsubmission.com
patrickwagner.de
edsnv.com
hkwj.us
nano-reef.pl
yousmi.by
berkatrezeki.com
kabayantv.info
purina.co.uk
masquefa.cat
governmentfreevjj.com
www.xunche.mobi
mcad-tx.org
mitsubishi-motors.ca
inoglasavanje.com
anwaltsverzeichnis.de
eindianhair.com
bestwed.in
eurotv.com
www.jaystyle.eu
minidentalimplant.com
pokerview.com
babyoutlet.hu
mekatoro.net
snowa.ir
selfhelpandimprovement.com
fagidioter.wwwwww.wop.ro
bookmarkssocial.com
boundless-profit.com
lhcom.cn
hottrendsindia.com
drcalc.net
kintore-fitness.com
seocat.com.pl
beiphone.it
allbooks.com.ua
ledhut.sk
einvite.com
pubnub.com
idmoney.ru
m5post.com
medanbisnisdaily.com
tusingresosweb.com
weeklytrust.com.ng
sagda.wop.ro
mixmarket.org
indianpediatrics.net
sharequotes.us
amantis.net
nickvegas.tv
knoowblog.in
ysmrt.com
tencuidado.es
vestiri.com
hungrybackground.com
w3fools.com
vip-cs.ru
chibabank.co.jp
kenyaforum.net
centraldeanimes.com.br
2891.vgb.no
fat.lk
xtc-modified.org
pem.org
xport.ne.jp
bettys.com.br
www.seostatus.ru
signsite.com
www.tcwxx.com
klammigs.wwwwww.wop.ro
gabber.pe
alliwantisforyoutoloveme.tumblr.com
hestafrettir.is
m1.511gc.info
cafecinema.hu
www.bjzhanpeng.com
cafecinema.hu
seeinstripes.com
bioxnet.com
tsc-residenz-ludwigsburg.de
ruscargoservice.ru
dcim.ir
pdc.cl
my-bee.fr
www.023hsyj.com
redham.ru
www.wfst.co
shandong.taoche.com
instantautoinsurancez.info
petsmart.com
krabish.net
siison.ee
seoagency.com.sg
consar.gob.mx
www.jrwp.net
uswebsitecreations.com
celebrityoopsgalleries.com
southbeach-usa.com
premier-capital.com
bowerlik.puk.ro
litejokes.com
sponsorportal.com
amandapeyton.com
www.eduxh.cn
aden.org
tecnogospel.com.br
sumopix.com
wapa.tv
victorianplumbing.co.uk
yyx777.com
2dives.com
exmoor.ahern.wwwwww.wop.ro
backlinkagent.com
nositedafesta.com.br
kobelco2103.jp
55study.ru
epcyclopedia.com
gift-iran.com
racurs.tv
eavbuzz.net
tamilcloud.com
thenailworld.com.hk
sportsinjuriesrhw.info
inavi.to
lipglossculture.com
torrnet.com
seriesfd.com
www.ekezhan.com
browseraccelerator.com
inquirat.erbrecht.secque.euwww.wop.ro
diadorakorea.com
xsikisizle.net
etn.se
www.basspros.info
jingshuijipp.com
getgoodlinks.com
cdict.info
wiamond.com
plodopitomnik.com.ua
ifredrik.com
myxgenseo.com
girl78.com
mykindofcountry.wordpress.com
sandoq.com
www.qiangliwang.com
elioelestorietese.it
doxapaliourias.gr
phillie-model.com
adwordser.com
wishlistactivation.com
www.hi871.com
dataextra.com
apf.gr
ailtware.com
kbox.com.sg
rapmusicguide.com
speaker.gov
alanalovesgirls.com
morgancreare3.co.uk
businessvoc.ru
nabilamedan-taipmenaip.blogspot.com
trwmoto.com
disneydesignerland.blogspot.com
trackgundy.com
www.654ggg.com
www.jianzhanzhe.com.cn
bowenengineering.com
www.42ye.com
www.kf.lt
halongbayjunk.org
www.17guagua.net
wipjam.com
www.ignsell.com
bjt.com.tw
www.wfdadi.cn
tungstenjewellery.net
marketingconsultantsbiz.com
www.ante.cc
www.yhmetals.com
exm.nr
tteee.net
www.google.com.hk
bastionworks.com
www.hfgg10.com
ousdeisins.bloguez.com
offshore24.hu
idocscript.com
iesay.com
googlepageranking.info
mantiden-forum.com
www.altynbek.kz
czzygy.com
hsys.zzxx.in
www.ganlong.org
nguanhengsupply.com
starview-6.info
bplaced.de
zahodinudoduchodu.cz
cps114.com
katalos25.eu
www.roofrevolutions.hu
topbelly.com
ly.78.cn
www.chaussureslouboutinpaszcher.com
hz.jiwu.com
cnyu.taobao.com
paradox11.deviantart.com
ydvkxzbqds.freeblog.hu
laoger.com
mmxiaohua.com
tur-nado.ru
surfingip.info
www.babys-care.com
www.dressale.com
gustmarthos.com
s981.jxee.org
bowrd.com
espasa.com.ar
mfv-marbach.ch
amaban.com
gxglq.net
dobratuba.pl
www.jiaju001.com
howtogainselfesteem.com
vpweb.ca
bbs.macd.cn
wz.csdn.net
steklasa.wop.ro
kaczy53.flog.pl
counterland.pl
onlinedir.us
otostrona.pl
mistta.blog.so-net.ne.jp
xn--7kr68pbu2agpg.flop.jp
nannv8.net
lizavnlb.ablog.ro
showless.soup.io
pubdesign.com.br
affsc.ca
www.bjbiyan.net
www.viatoura.de
badgesociety.com
maiwule.com
xiehou360.com
kender.blog.hu
bmw.com.tr
brokerloft.com
workinfonet.ca
gileslinks.com
ibcu.org.br
ceepa.cn
player.61baobao.com
www.cyberpolice.cn
vastal.com
gogaku-ryugaku.net
amigarver.pinger.pl
etepoc.com
youladyboytube.com
hotelbewertungen.net
baggallini.com
vuitton-collection.com
www.woaisiwa.com
mnogosmexa.ru
alysha.tumblr.com
avexp.com
sakura.tv
seey.eu
lsaclookup.lsac.org
web787.com
ghettohoes.org
xxfshi.78.cn
himejishirasagi-lc.jp
mm.56.com
www.xxx992.com
rtystt.net
backstreetboys101.webs.com
moparconnection.co.nz
www.iondesigns.org
kslegislature.org
theworldofdennis.com
anaal.hardcorekanjers.nl
liveball.tv
xxhxalcohol.com
japan-porn.us
megahitsdisco.co.uk
www.2011lang.com
www.365wnfw.cn
so.999120.net
www.mengma.us
sxd.cy3.cn
socinet.go.kr
tarahwayoungjiko.btblog.jp
www.999tnb.com
bbs.ajj.cc
fffff.at
www.gsbaykee.com
www.173cdmm.com
bbs.0710-zy.com
www.114a.in
www.jf-movie.com
imgoth.ru
www.sennheiser.com.cn
atehenmei.org
www.sappa.se
mensagens-para-celular.net
gestamme.wop.ro
www.blzj168.com
lawebschool.com
mtt.cl
5irc.llflxx.net
intbranch.org
www.gtopala.net
www.baoxs.com
tnpride.com
barihiend.it
yourfamilysurvival.com
www.baibian88.in
warumdarum.de
newleafmedia.co.za
businesscnet.com
dotzoo.com
innovateelectricalsupplies.co.uk
redee.com
clanassassin.com
manga.blog.hu
www.shuang4.info
www.52saonv.com
keine-eile.de
exam.smf4u.com
www.tjgyhzs.cn
beachtreasuresgifts.com
ruben-vila.dk
mech.lv
www.udun.biz
orcast.net
sitedata.info
wejp.k.vu
fitness4x4.com
www.rewanba.com
mianchi.tieba.tv
www.autostop.it
dk.dk
quantcast.com
zisu.org
www.mcremedy.nl
www.kenwen.com
xinwolong.com
ookami-seaempress.deviantart.com
wuhai.buscx.cn
huangpeng.com
www.97semei.com
britecarpetcleaners.com
aladd.net
wir-leben-berlin.de
blogspot.ie
tmu.ac.jp
www.w88z.com
blog.atopowe.pl
www.janephoto.net
www.uuvcd.com
streamsports.net
domaintools.com
656bb.info
mercipourlechocolat.fr
www.buy361.cn
binaryoptions.ws
efanghua.com
shenxiandao.3839.com
www.pkmyxxy.co.cc
piska.wrzuta.pl
camhoer.startspot.nl
e-leclerc-conad-bologna.it
maopsoi.flnet.org
gingershots.deviantart.com
hnshijitong.com
www.yz86.net
fjyw.com
www.leiheng.net
xinsanjiao.com
gdradio.net
fedoraonline.it
www.findagrave.com
www.gzyouth.cn
www.haoyhaoy.com
www.hdedu.cc
www.fensehui.net
www.thkmg.kz
thesocialscenemanchester.com
madrescalientes.com.ar
18ise.com
pupugames.com
www.bassxtreme.cruise-evo.co.uk
smuc.ac.uk
screenwritersfederation.org
forumimages.com
clubvanessablue.us
campus.360.cn
www.zgtm.mobi
wen.best85.com
warensortiment.de
facebook-emoticons-symbols.blogspot.in
naturfoto-mh.de
s-pulse.co.jp
gamespace24.net
forumup.es
tecnologiakb.com
www.skylc.hu
jomonista.com
im-software.info
www.ahpufavor.com.br
acjsystem.eu
submithunter.info
saviugdosklubai.lt
wdsmp-content.de
3gbolt.hu
020.himin.tv
diretorio.org
magicdesignlabs.in
motivationals.org
rossjoyner.com
por.tw
affiliatetheme.de
www.gezhong.cc
www.nihasa.ro
fazdinheironline.com
dirtydoglinks.com
lostdecadegames.com
soreccha.jp
hamara.ir
archnet.org
palcodeportivo.com
hbxsapple.com
filmsexe6.info
ok2upload.com
monsterhigh.su
vn.nl
elgar.govt.nz
qcfww.com
postroi.ru
viennois-online.com
halfpricedrapes.com
mbnashopsafe.com
farmacia-morlan.com
o2switch.fr
autosflow.com
maist.jp
mijobrands.com
vissha.com
ju-ju-be.com
voxmail.it
intrasoft.gr
groklaw.net
cam.ac.uk
ascii-store.jp
writingpuzzle.com
pupils.ru
fluxbb.info
iop.or.jp
buyalittledinar.com
achaia.wop.ro
alsalamonline.com
familie-rambow.de
www.hy88168.com
fanreviews.com
everanalyz.com
demotywery.pl
goodten.org
papabao.com
salestaxinstitute.com
justcal.in
thewi.org.uk
svp.ch
www.budajeno.hu
42day.com.cn
shencaobus.1168.tv
4anything.com
www.yytao.com
gjengangeren.no
dues.com.mx
ematematicas.net
it.cqe.cn
izzyvideo.com
josepharchibald.com
appeagle.com
jimmychoosshoesale.net
hokuyobank.co.jp
kendinigelistir.com
real12.net
sexyxxx.org
www.strv.is
internetshop.nl
zitounafm.net
archivex-ht.com
ads4blog.net
coach-ulm.com
olderoticart.tumblr.com
bandaomodel.com
seascanner.com
ariatemp.ir
looklet.com
justteenbabes.com
vintageporntv.com
ydodmvnnk.freeblog.hu
explicitly.me
hamburger-volksbank.de
phasor.info
kanjukumania.com
worldsites-schweiz.ch
paraprofesionales.com
bbadmin.net
fsi.co.jp
925china.cn
the-short-cut.com
sewenxue.us
emob.fr
bioacustic.com
proxygizlen.com
webworldguide.com
virtualsexy.net
trioo.com
gygs.fjsy.net
la-canadienne.com
shmq.net.cn
travisperkins.co.uk
cryoscope.proefpro.wwwwww.wop.ro
educatel.fr
hiervindjealles.nl
huoding.com
cyfrowaszkola.pl
maxporn.com
espectaculosynoticias.com
teachy.wop.ro
theterminatorfullmovie.blogspot.pt
debojyotipal.com
jeovajireh.com
tvdarija.com
onlinepetition.ru
ongov.net
localpageninja.com
baps.org
startupnorth.ca
digiautolinks.com
laptoppartsexpert.com
montanismo.org
whereforeclosures.com
state.me.us
renttoowndirect.com
bantierra.es
oscilles.puk.ro
gridder.ru
chuomitsui.co.jp
perldoc.jp
winphonexap.com
casameza.cl
inmuebles.do
pixelmonarchy.com
makeavoice.com
kidsgames13.com
centreforaviation.com
toranoana-juku.jp
insectology.wop.ro
worshiptogether.com
unconventionalnet.com
dailystealsdaily.com
viteundevis.com
isijapan.co.jp
oraur.us
gorenje.si
job.ws
4led.hu
opensoftsolution.com
agrofama.pl
enterprisenetworkingplanet.com
craveamerica.com
forex-ninjas.com
malepornvids.com
artenaamerica.com.br
taojinghua.net
ichijoh.co.jp
www.reestdal.nl
stupidgifs.com
toto.jp
5ye.us
link-protector.com
h888.net
incisozluk.net
someschoolgames.com
abcool.ru
adonai.puk.ro
anakeyn.com
1817.ee99.org
gixxer.com
exotic-king.com
newone.org
ysarsina.com
alamout.net
168ckf.com
setbol.com
beanogas.com
herradura-jp.com
5vn.info
www.fog.ngo.cn
crestonbc.com
dianchi321.com
wpmu.it
lemobile.fr
ganadineroen9pasos.com
bj.homev.cn
santelog.com
weddo.info
canteradigital.no-ip.org
stringsmagazine.com
theredlist.fr
intervistato.com
sun-eyes.com
environnement-gabon.org
traveler.com.br
altmoney.ru
zxgj8.com
tv-shows.me
americansinfrance.net
ralc.net
123webdesign.com
6hcai.co
thitruongquangngai.info
broken-links.com
3jfs.com
jazzlog.blip.pl
www.xn--fkq073jsha25a176e3xf.com
psctelecom.com.vn
easyroommate.com.sg
reality.cz
corp.condenast.jp
articlecrazy.com
guaguliaodu.1168.tv
www.hsbbs.cc
www.qhdqhwz.com
yuul.de
www.lili158.com
mihirnaik.com
hotelsofzakopane.com
ligapadelmadrid.com
ad24.ro
cc.wapyc.us
annonceu.puk.ro
belshop.info
www.region.peel.on.ca
www.jinbx.com
chemistanddruggist.co.uk
opcoestelefone.com.br
sseksizle18.org
aeolia.net
i-articlespot.com
entechtaiwan.com
ddea.info
www.xiaoyezi.com
cgfilm.net
gold-companies.net
hevosurheilu.fi
itsalmostgenius.com
heidrick.com
anneamie.com
wisdomblow.com
theeagle.de
gvd.nl
garin-studio.ru
myhome.ge
abgaberaten.puk.ro
skandia.pl
chroniknet.de
forexpeoples.com
lloydhearingaid.com
theiplawblog.com
nexis-forum.net
mx007.com
izodi.com
ukbifold.co.uk
damiraimobiliari.ro
eltee.de
www.mieszko.pl
www.oajs.org
blairauction.com
schoolguide.co.za
chennaicustoms.gov.in
greynet.nl
plusbellelavie.org
mostviralmedia.com
benedigh.wop.ro
zoolipoa.webs.com
eavtoprokat.ru
howtoreversediabetesv.com
tattoosales.com
vip2.a168888.com
wap49.net
625vgs.org.uk
alomuaban.net
sunderland.ac.uk
actualizatu-nod32.blogspot.com
wpthemetoolset.com
khmerdl.biz
blogylana.com
ywwyh.com
collavol.com
gazzettadelsud.it
seekways.com
www.86as.com
aoa-hq.com
tem.rozblog.com
tenoru.wop.ro
5i31.cn
babypower24.com
sas-richard.blogspot.com
discountmontblanc.uk.com
silahoyunlari.org
nevadasunshine.info
lifeinlofi.com
bartnik.digart.pl
enterpriseirregulars.com
tricicar.com.br
thefashionpatrol.com
thejuggalonation.com
www.emiljensen.se
tetoep.lapunk.hu
firstcaribbeanbank.com
olivetelecom.in
cookingdiva.net
isarvang.com
cityalert.com
bndes.gov.br
tataprojects.com
keysoutlet.com
zhaoxiaoshuai.5law.cn
is-assoc.co.jp
lx10.net
job509.com
linghelianmeng.net
tarbud.wroclaw.pl
wqghsj.com
flandria.tk
m.prohardver.hu
personalpr.pl
cheapuggsbootssite.com
classic-tv.com
moj-milion.cba.pl
gaspadine.lt
outsourceoffshore.info
degourdi.com
propertyinvestmentseminarsk7f.info
creatmethod.com
alafaf.net
scrapeboxclassroom.com
radiosirena.es
spacetoon-control.com
bodigroup.mn
www.yxhongqi.com
video-people.com
extraprepare.com
iraqidinarchat.com
footie-online.co.uk
dayanwenxue.com
rockmetal.pl
pay.91193.net
thewebinarvet.com
mon-portail.com
netpublishers.jp
2hot4airwavesviews.com
ourplan.cn
brokensocialscene.ca
lidl-fotos.de
craigmurray.me.uk
neuron.pl
knowclub.com
af.org.sa
myersbriggs.org
goo.pl
kingtwinks.com
dailyrush.dk
maquecitos.com
ballejaune.net
radioveronica.nl
trek-marketing.com
wibb-it.com
allinpay.com
cakeobake.com
sexinart.net
mauriziopaniz.it
niazonline.com
the1940census.com
realtorrentz.eu
kl-ruppert.com
makerstudios.com
moneysavingparent.com
seccosquared.com
sea-hotelier.com
nighty.pk
sea-hotelier.com
locanto.es
tupperwareindia.com
peyamner.com
digreality.com
geekmemore.com
ivuspots.com
carreviewsline.com
movieboozer.com
telegate-media.de
provident.com
51shijue.in
climaxvids.com
systonomy.com
dcourier.com
coloradodirectory.us
jurawelt.com
kamrat.com
zapp.ru
ipx.com.cn
brasilphp.net
boltastik.ru
dsjyj.com
bude-quendorf.de
coels.net
uralairlines.ru
siteoutlook.com
mycamp1.in
kunststoffplatten-kaufen.de
a-hikkoshi.com
bdcolors.com
francescocroce.tumblr.com
shop8586.com
www.xy-0731.com
ibyn.lizhidy.net
daku.cz
peredsudom.ru
belsoepiteszet.lap.hu
cittadiverona.it
starcoshop.com
articlemarketingco.com
socialize.ae
www.igc.int
argetohu.com
sarasotagov.com
ghz.gr
ex4.me
farvarter.ru
supervaluetours.com
life-mp3.ru
elle.com.tr
82255555.com
rich-plastic.com
metrosavannahguide.com
310solutions.com
fungwu.com
gonzomag.ru
gamemoding.com
partnersmarketing.ru
frogster-office.de
e-kontakt.no
getbusylivingblog.com
center-dm.ru
verschlagenem.puk.ro
smp.no
skydesignz.com
thedoulosgroup.com
dungsoma.dmon.com
bayidananak.com
clickandpledge.com
meconviertoengeek.com
funandlearns.com
tellurideskiresort.com
newssaudi-today.blogspot.com
leadformance.com
www.icranet.org
soytaladro.com.ar
linksstart.nl
westlothian.gov.uk
basemilitar.com.br
ilcorsaro.info
azalp.nl
gigabitpc.com
atterres.org
internalhealthdaily.com
twingonet.com
digimaniaz.com
gamedl.ir
informationoutpost.com
230.pl
nirakoottu.com
novina.com
webrecruitjobs.ie
webrecruitjobs.ie
san09.ru
effettispeciali.com
jadsonet.com
solidlineproducts.com
iqq.la
przeglad-spozywczy.pl
insurancesalesweb.com
luckydogthreads.com
tusjuegosparafacebook.com
toolbarn.com
soxieke.com
busgui.net
njeklik.tv
mois1.ru
ringbox.com
www.ezrss.it
gossimer.biz
afnews.info
leukstedispuut.nl
jeux-remuneres.com
bfhn.nfdy.net
sphinx-search.com
bunka-s.co.jp
thegreenreaper.co.uk
hoshinshog.net
nutritiondre.com
zhuchaoba.com
x8ll.com
linksphinx.com
hsqfs.com
haszonaruhaz.hu
fila.com.br
wo74.com
armia-centrum.pl
campusapts.com
tokyo-chintai-jijo.com
huolibaobao.com
stilltalkintv.com
profilelinkservices.com
powerfit24.de
breastcancerdeaths.org
kiberjob.info
handylist.de
stancjowo.pl
rooseveltinstitute.org
hotactressphotossrilanka.blogspot.com
viajes-club.com
elchamandelpeyote.com
sudantribune.net
lukindesign.com
over-game.eu
innosystems.net
smilecom-usa.info
leutermann.de
partnerzy.pl
aussiekombicampers.com
slingsby.com
gicpic.cn
x-worx.com
prive.com
alsedeg.com
nordiskamuseet.se
quierodibujos.com
golih.net
albahadly.com
nomadiknation.com
www.bdc.com.hk
textspace.net
bukn.info
nova-welt.de
thermaltake-italia.it
t-mobilepictures.com
empireave.com
upsi.edu.my
okna173.ru
mazekni.com
tuscanrecipes.com
yoshino-gypsum.com
seite-freigeben.de
rocketmanufacturing.com
gametop.de
bloggerforum.ru
dovolenkaside.info
bagkameraet.dk
forum29.ru
electronics2013.com
jinjiangtravel.com
tiavehol.bloguez.com
udoosh.com
ykfashion.com
elvsun.cn
bargains99.com
dailyhot4u.com
cuone.org
vlsweb.net.br
1628.cn
freebets4all.com
ucly.net
myauto.by
powerminas.com
bolsacava.com
mybmvdeals.com
howlingdogthemes.com
tenerifepropertygroup.co.uk
ssfw.ca
mhzshop.com
www.dljinling.com
nex-3.com
travunity.de
iblogreview.com
unipd.it
metable.com
artistdata.com
petliferadio.com
citeman.com
just-drinks.com
prodolgoletie.ru
marchimagesgallery.com
mybrochuremaker.com
lipitor.com
yinshiweb.com
scrumy.com
onlinesupport.ec
garmoniyazhizni.ru
getfreedomain.us
topstockresearch.com
theconquerors.es
pupa.it
yoox.biz
rapescenes.net
editarfotos.org
beneaththecover.com
kurddrama.info
kompstar.com
art-of-dance.co.uk
ko-company.com
otaghak.ir
tadanohito.net
ghg.com
teamsideline.com
track312.com
addurl.me
fictfact.com
sepbcs.gob.mx
yokibu.com
investingf0zo.info
tz7b.qiwen5.com
zrpress.ru
cricvid.in
garytaubes.com
s3fox.net
ainuamri.wordpress.com
cocoatech.com
kootukettu.com
niagarafallslive.com
ilovemycouponfans.com
free-clan.org
intimatemedicine.de
1r.net.cn
update.com
fb-theme.com
agelyance.com
egymaroc.com
cyamoda.com
enjoyday.net
3stepads.com
honghuo8.com
gs500.pl
24rus.ru
annecocuk.com
admission.com
jump.bg
pocos-net.com.br
bsi.de
inoekino.ru
digahole.info
dailydealgame.com
omskmama.ru
boromarket.com
machos.com.br
samsungmobileb2b.com
fussfreeflavours.com
xtboard.com
democratas-ms.org.br
underprint.wop.ro
joke8.com
houjin-tmu.ac.jp
worldscinet.com
eso.so
mbrteam.pl
kinoprice.org.ua
trafficmp.com
www.jinglingwg.com
audit.org.ir
powerspace-domain.de
hbzqun.com
developnew.com
worksheetworks.com
whqyw.com
folklore.ee
x3ka.com
jnk.cc
infotop-a.jp
anons.uz
kuiage.wop.ro
wdesk.pl
infowebservices.in
voeux.wop.ro
kilometrikisa.fi
exposednurses.com
baranmovie24.in
happyblog.it
openvideoads.org
inkanime.com
docpdf.org
provident.pl
seektime.info
eastafritac.org
kadrovik.ru
rebuildthedream.com
habboxforum.com
ziadnet.com
ruka.fi
bethel.wwwwww.wop.ro
www.chinapart.net
youmethem.eu
www.solarpvsources.cn
vigileamico.it
bukkit.org
cmbl.biz
hkab.org.hk
www.sibspress.org
myvirtualschool.com
medyadagundem.com
webanalysis.us
der-poker-trainer.com
landgasthof-thomas.at
mightycrown-store.com
tiempomotor.com
pnj.ac.id
entreblogger.net
wsjxsw.com
coloft.com
www.130ddd.com
gea.de
dealpeddler.net
libro.jp
asiancumtube.com
lactante.wop.ro
chiceelegante.com.br
guiatrimestral.com.ar
squarespace.com
zerohalliburton.com
traitimyenbai.net
jukkool.com
oscoletivos.com.br
swsoft.com
mysqladmin.cinternet.com.cn
patternandco.com
from-china.biz
edus.si
seo-in.ru
universaledition.com
lotbofwontye.com.do
xai.blip.pl
enlinkbuilding.com.br
realwebworth.com
leshanly.cn
thefbapps.in
www.suza.hr
nethercottconstructions.com
portalinformatico.com
reise-inspirationen.de
citadimmo.fr
kawin.it
suitcasehome.com
boplabjp.ning.com
simulism.org
dfxz.org
soimg.info
dom-angelov.ru
seorankingview.com
6rp.net
www.bizun.net
outfool.me
netfan.pl
downloadmediafiremoviez.blogspot.com
3g.118114.cn
dr-feil.com
towear.de
academicworld.net
nightdriveradio.tumblr.com
redaktionundalltag.de
mobilsmk.com
dqcorp.vn
e-poradnik.net
tradersacademy.nl
ophtalmo.puk.ro
laptopsdirect.ie
520renti39sss.info
heinzelmaennchen.at
bbs78predictions.wordpress.com
loterienationale.mu
durch-lernen-zum-erfolg.de
firmenlexikon.de
amuzesh.rozblog.com
www.qq772993307.icoc.cn
www.dijiaqi.com
shrewsbury-ma.gov
www.jdwlzx.icoc.cc
beastdating.tv
huntsville-homes.com
womeninnovatemobile.com
tron-sector.com
inews.de
animalesenextincion.info
destinationen.puk.ro
zenija.digart.pl
kalede.com
icvs.org
amandasummerlin.com
familiebutikken.no
krause-systems.de
simnovo.net
cover2coverllc.com
thebrocode.co.uk
montereyysa.org
966p.com
kilroy.se
latexpicturez.com
haptonomie-blog.fr
sternregister.de
11x11.fr
ipassthecpaexam.com
remontruk.ru
av.360jjj.com
trucospc.info
uzchess.uz
ormus.info
vegas.by
thesuccessadvantage.com
teppichoase.de
muslems.net
hendrik.ws
a-krediet.nl
aromatherapypoint.com
lifessentia.com
www.divy.pl
maartenwillems.nl
ellen.com
info-sanremo.com
4ortex.com
facemoda.de
northernway.org
nhchau.com
mathewingram.com
themostexpensiveperfume.com
rankou.biz
shineray.com.br
ecoenclose.com
frases-de-amor.me
jiantangkugua.1168.tv
discountexhaustsystems.com
good-guys.com
prolingvo.info
adoromoda.com.br
freelancerjobs.net
alamrani.yoo7.com
frenzoo.com
shenghuo88.com
siever.wop.ro
passiongolfers.com
imagehost.cz
crafterhours.blogspot.com
fameproducts.com
publocity.de
chicagostreetstyle.com
makcotransmissionparts.com
lamponline.nl
lacantine.org
cncobweb.com
lolliepopbestie.com.sg
clearsense.nl
grouperoyer.com
interata.squarespace.com
sicksidess.com
kosha.or.kr
pantheonmen.com
yaqmlayfeq.blog.mongenie.com
felinediabetes.com
polexp.com
www.foqu.cc
barnabu.co.uk
beres.com.pl
shoptre.it
pbdigg.net
basic-bio-genuss-fuer-alle.de
thokkthokkmarket.com
www.55ll.cn
vancl.cn
residentinteractive.com
drafternoon.com
soromap.com
premiumapparel.co.nz
holiday-agency.de
minet.jp
weldbham.com
naruto-hokage.ru
revistamds.com
www.qtek.gr
gnd-tech.com
coolbb.net
voxlex.ru
meuvinho.com.br
gide-net.eu
up-your.com
kost-net.com
www.jimi007.com
pearson.fr
webhry.cz
skillsetter.de
kalam.wop.ro
www.ekrosno.pl
softhouse-seal.com
loonely.flog.pl
www.cubecms.org
flygbussarna.se
bosch-eshop.com
chinesejy.com
www.ghcm.net
napnet.com
hao123.jp
www.repaha.ru
miuriel.digart.pl
tbn.org
saba.cn
yourdesigirls.com
edelbrock.com
goplaniusz.blip.pl
jorenblogt.com
statom.pl
lebeconline.com
facetuning.com.br
dominiok.net
myphpdevelopers.com
fresherangle.blogspot.com
hanover.edu
www.5252m.com
onebigtorrent.org
bo2forum.com
validacfd.com
imagetemplate.net
theperspective.info
euro-web.net
mac.rash.jp
www.ssc60.com
musicmix.org
a-z-animals.com
clearvale.com
health.am
www.sz213.com
paplv.org
gaytubevideos.com
www.zzzyk.com
infogroup.it
diariopopular.com.ar
gizmodo.com
grupogeek.com
asha-multimedia.com
bolpornoizle.com
nationaalautoforum.nl
3i1.net
quiltvertiser.com
malawishop.pl
style-force.net
e-dart.net
alma.wop.ro
a1-webmarks.org
gackt.com
openroomz.com
www.nice.pl
ecoseed.org
antibookers.ru
atlasophthalmology.com
hiromichinakano.net
nosideclub.jp
thetvbuddy.com
teachingsells.com
gabyou.wop.ro
tin.info
nshamabagdad.com
vintagefashionguild.org
messynessychic.com
p6.headbursoe.osa.pl
extremepixels.com
talkprizes.com
rae.gr
www.andyfeld.com
proximityworld.com
teehaus.de
al-shareeef.com
zoobomb.net
explore.cm
uc-cbs.ru
pizzaportal.pl
andeug.com
tipar.md
skott.blog.is
44456129.qzone.qq.com
exp-blog.com
journalistenlinks.de
britishgenes.blogspot.com
youngatlanticist.org
onlinefoktai.com
concerts.fr
dajuren.com
medyczka.pl
mediadot.ro
rootsbd.com
3ntq.56dvd.net
www.chinamoad.com
gaycategories.com
fotoquip.de
bestwebdesigner.ru
brandonsavage.net
dtbmail.com
thaiimagebank.com
xxxtube.name
needlework.ru
armrep.com
www.nnhhsy.com
www.joowii.com
sabordobrasileventos.com.br
godsex.com
wannadevelop.com
hackingtools.co.in
elsamicsdelesarts.cat
www.yazhousetu.net
accountingresources.org
utsnyc.edu
listasspotify.es
crossinternetmarketing.nl
denas.ucoz.net
drizzcraft.com
giftinggrace.com
noggeendomeinnaam.nl
torontomapleleafs.info
www.airush.cz
titsaholic.com
thourio.gr
inspired-weightloss.com
gmailloginpage.org
gameavatarvn.org
138jm.com
opengear.com
filedonkey.org
skyventure.co.kr
thats.info
1knijnyi.ru
wegetdressed.com
www.alexacn.net
chinajerseys2011.com
1314fs.net
ielastic.info
wnmn.210000.org
expresstravelworld.com
www.tiexam.com
caribbean360.com
powerbase.info
coole-fotogeschenke.de
spongiid.wop.ro
carambol.ro
xaytan.com
airberlin-binoli.com
nordseebrieftauben.de
jqueryboilerplate.com
shinjuku-shiver.com
www.bgrgr6h.com
byethost18.com
fishki.pl
foodlover.co.in
www.22xxpp.com
bbs.e23.cn
www.analasslinks.com
513cg.com
eb5exclusive.com
mastercraft.com
webbler.de
free.xkw.me
frames.uk.com
7point.pl
echtebesucher.de
treehoo.com
hotonlinenews.com
68688.taobao.com
cyberboards.biz
santarosasucks.org
beatlelinks.net
aac.ase.ro
pokegym.net
new-york-shirts.net
ehogwart.pl
82nx.k3y3.net
kobisiteniz.com
ussneakershop.com
cyxk.b2b.youboy.com
paintcodeapp.com
teppan-takako.com
sweatband.com
yubz.com
thomasbatcom.prv.pl
bnamic.com
liens-web.be
laviata.de
easyuspayday.com
crackingarab.com
www.sss7890.com
nettpluss.no
emigal.ro
womenoftheworld.nl
baltbank.ru
quality-web-programming.com
www.tinneke.be
snowtrex.pl
drehgriffs.wop.ro
gekooide.puk.ro
mferma.ru
t-online.de
danila-master.ru
asp99.cn
mrsaawam.net
galachadas.com
bjklmk.com
sign-forum.ru
recatch.tv
digipassion.com
aquilasoldiers.cba.pl
eyye.cn
blueprintaffiliates.com
atriumhosting.com
babynameworld.com
skmb.de
grasp.com.cn
saritar.com
nwradu.ro
smotor.com
kumagai.com
bushoward.com
linkpointcart.net
lf1.info
redirion.com
www.ganglulu.com
doittour.com
natasha-starlife.blogspot.com
amyshell.com
timswell.com
marshallsales.info
talkingdonkeyshop.com
mobireg.pl
bredavandaag.nl
aulikki.wop.ro
texte-im-netz.de
www.bgtalk.cn
classifiedads4all.com
iowners.net
www.qianga.net
newbeginningsfornewhorizons.com
www.jiaxiulou.cc
1dentity.info
filmreporter.de
2startup.biz
jingwuonline.com
age-soft.co.jp
www.hnhhmm.com
www.5200701.com
bdsmsexinpublic.com
b2b114.com
tuoitreninhgiang.net
skytube2.com
geallite.puk.ro
urbeez.com
flaglerchat.com
bozydar.blip.pl
sungo.us
themarathonshop.com.my
e-fotomodelki.pl
www.funshi.org
suteki-terrace.com
yyyz.net
bpoindia.org
erovd.ru
desmondes.com
aptech.vn
opensourcetesting.org
popanime.net
entelechargement.com
kqcv.k3y3.net
premiumorange.com
kaspersky.co.in
medinfo24.pl
paytachok.ru
fis.edu
rockablefund.com
ctrutah.net
templatespremium.com
gxut.edu.cn
rondetafelvansocialisten.be
getours.com
townhousecompany.com
funtip.de
blog.163.com
worms2d.info
imo.org.ir
ylgc.co.in
mathfinance.cn
codigos-telefonicos.com.ar
expansys-kr.com
river.go.jp
busxs.com
paganunitycampaign.org
innovasjonnorge.no
112.xy88.us
comicsblog.fr
foryourlegs.com
nounclas.wop.ro
ignitefire.com
administrativejobs.com
laku.com
mulberrybagstore.org
greatarticlesubmission.info
lyred.com
teslamotorsconcepts.com
bdsmiennam.info
incars.ir
ipagle.com
www.gd1580.com
ageh.jp
iamtao.info
tu.xiuna.com
fma.org
skwf.net
wng.ch
www.kouyi.org
yubibueoukoku.ti-da.net
santeh-mir.com.ua
stevesims.com
cinema-film-video.com
moderncommemoratives.com
dcskoda.com.cn
www.hmzwg.com
megacontaspremium.com.br
epaysol.com
tuoitho.net
1-webtipps.de
theconstructionindex.co.uk
sfdh.org
mediachina.info
www.xqjjw.com
baylorhealth.edu
safetygate.ru
fqhs.nfdy.net
3dcenter.ru
zainin.wop.ro
finderia.com
www.rswebsols.com
jiajiao-cn.com
esoterismos.com
annuaire-de-referencement.com
p.h2h.cn
onlineearningsmagnet.com
fswns.com
mop.ir
kjfz.210000.org
anfritz.de
estiloextra.com
www.881mi.net
hallmarkmoviechannel.com
xingshizheng.chasfz.com
riemon.de
dq-sei.com
jakdojade.pl
sanno.ac.jp
idsoftware.com
shopsquad.com
artishotspot.blogspot.com
greenhar.puk.ro
www.babady.net
spanair.com
www.louisa168.com
clicksperday.com
new-smoke.com
klagegrundes.puk.ro
shanghaiseo.com
soswebmarketing.it
nikt.pl
buzzraid.com
cylex.com.ar
monark.tur.br
hanayome.com.vn
stcolombia.com
urmia.ac.ir
paipan.china95.net
estrogeni.net
bomond.net.ua
maxxivoice.com
dlasklepow.pl
derbe.wop.ro
mohhq.com
centstosave.com
365-invest.com
www.cfzjob.cn
homeconceptdecoration.com
themeyers.us
www.sanlian88.com
nakedplugin.info
unapi.info
www.114t.net
joomla-create.net
jagrititeluguweekly.in
ie189.com
dda.org.in
leshumeursdenanette.fr
autobagchina.com
sinaih.com
cycy.cc
bdesigner.cz
consciencia.blog.br
antenam.info
my-hammer.at
grandeaile-g.jp
seemeshowofftv.com
mujer.es
kelliengstrom.com
winter.co
hkmdp.org
bjsyjb.com
www.f2688.com
www.feifeiwg.com
mvpbanking.com
www.shengjianghuoti.net
marcogomes.com
ubuntu.cz
unhabitat.org
iste.org
domainefuneraire.com
txtxz.com
r4r8.com
okitour.net
surfmat.pl
villaggipuglia.com
www.gpxz.com
houseboy.com
weathercentral.com
pog.ir
www.yx007.com.game.ht
cntd.ru
houseinthesun.com
mathloo.com
modernsaver.com
backlinksrotator.com
tutorialcadet.com
3gwzl.com
northsafety.com
skyclipart.ru
heshizi.com
francinedee.com
topinfo.al
bestproxyandvpn.com
www.519.gov.cn
corvetteblogger.com
macquil.com
dozory.ru
www.duikang.net
sexcn.info
classicsexyvids.com
petpardons.com
chaosmode.info
ruskahost.com
czqq.com
asromaultras.org
1hc.cc
tubexxxhot.info
genecards.org
fanshop.ru
benchpark.com
www.nasm.us
ruay.info
colorlist.info
ztv.ne.jp
www.vi12.com
topcleantu.cz
plusacek.pinger.pl
detailsofmylife.net
catalogosonline.cl
ptclworkers.com
takefive.ie
kaerntnermessen.at
peru.info
1000colori.com
www.jdbh.yzghdq.net
bellcom.dk
muzikkafe.org
goldasmith.com
virtal.pl
knot.wop.ro
newyorkgiantsjerseysonline.com
afghanislamicpress.com
durali.puk.ro
departures.com
opticas.info
schoolseo.ru
cyberprogs.ru
www.668mi.com
www.d0yf.4f9.org
percevalfinance.com
fepese.org.br
tohoku-epco.co.jp
psvmi.com
bankowozy.pl
capanroness.blogeiland.nl
secuvita.es
legalcorner.com
zwwg.net.cn
www.jstkcpa.cn
ityoudao.com
mohacz.pl
ipic1.com
www.backlink4u.net
yakujihou.com
zachtheid.wwwwww.wop.ro
mens-paradise.in
finansis.com.br
mysentimentexactlee.com
phuket101.net
championat.uz
fastupfront.com
blue-kitchen.com
learningwithleslie.com
24hourfashiondeal.nl
tkassa.ru
theofficialpageof.com
agrogroup.net
cinemaeviaggi.com
faceleakz.blogspot.com
lfccro.com
lebens-phase.de
clipsharedemo.com
vogue.de
easybev.com
ktopia.net
watchingmydaughtergoblack.com
luohe.xinl.net
hurricanea.com
555.kk1155.com
iotasolutions.co.in
armchairempire.com
uu97.com
azerbaijan.az
quaelead.com
ttu-jo.net
directorylife.info
jmgc.9998.tv
www.topbing.ro
lamichaure.com
europcar-abudhabi.com
gyous.com
energyprojects.ru
ningxia.tzooo.cn
celtathemes.com
gkchesterton.pl
khandbahale.com
nationalmortgagenews.com
veris.com.br
nexia-faq.ru
8cul.com
web-analytics.fr
cyberbiznes.pl
ie-t.net
onlinejobscenter.com
soycatracho.net
tadwena.com
bellum.puk.ro
altavaltrebbia.net
7di.nl
melrosecu.org
seoblogkahuna.com
wuff-online.com
all-books.biz
andorralavella.ad
einpraegsam.net
10bt.info
newalbum.org
sportifo24.pl
quoverbis.com
www.armdi.org
brentozar.com
www.110126.com
flashcartoongames.com
benzua.com
www.zhijindangjian.gov.cn
rileyguide.com
pesqueiromaeda.com.br
slepp.ca
www.wfyg.org
seohunts.com
stopthethyroidmadness.com
ancfellowship.net
journalistgruppenidr.dk
pgsj.lizhidy.net
igmetall.de
experian.co.za
fxsol.yahui.cc
cts.com.tw
revistasiquiero.com
mushman.co.kr
adzag.co
cylex.co.nz
studiokaren.co.jp
www.news.admin.ch
ordineavvocatimilano.it
ahmadsamantho.wordpress.com
cooks-recipe-central.com
www.livetv.az
synergynetworker.com
lemondedesreligions.fr
nieuwegein.nl
laptopguru.in
jyo.in
meliacaribetropical.com
anntv.tv
juegoseroticos.com
www.51selangwo.com
candyandcandy.com
boho-weddings.com
aduni.org
metab-kyoto-u.jp
www.hfbj88.cn
waveprotocol.org
maskukuh.com
paintball-blog.fr
lady.co.uk
legvar.lap.hu
testequipmentdepot.com
zuantechnology.com
linotipia.puk.ro
www.91tousu.org
mtb-bg.com
youse.wop.ro
rubybingo.com
trial-run.tumblr.com
okfn.org
inversi.wop.ro
fleshlight-store.biz
endava.com
romantunnel.info
blogv2.com
xtb.fr
investmoney.tv
tx802.com
lubiatowo.com
www.miaomu371.com
iparfumerie.at
www.happyzy.com
www.400tao.com
www.jinmiao.cn
internic.ca
21-zd0.com
aksonline.ir
empikfoto.pl
mydistrict.nl
maskedmagic.com
gt1world.com
4eh.info
finelinepits.com
wenchangqq.qiannan.org
addomains.ru
usa-drinks.de
foltert.wop.ro
sina.hd.cn
59bj.com
zevkli-forum.com
waseet-elsa3ed.com
jinj.1168.tv
lovebeats.org
tswj.cn
davkkp.org
audioteka.cz
realestateguidencetoday.com
fifteent.wop.ro
prw.pl
bookeasy.com
jogosonline10.net
lacosteoutletonline.org
acikgazete.com
claro.com.br
busan.go.kr
hawler.in
tvundercover.com
tequilanockpremium.com
t0m0.com
seosmart.com
regrip.puk.ro
tvaudienciadeblogs.in
fopea.org
ganardineroextraya.com
hbpl.co.uk
www.sss2222.com
www.tnxc.gov.cn
artesianatelier.com
vereno.at
streetmusic.pl
pigeontrader.com
redbus.nl
playmediacompany.it
spielplatzverein.de
save-money-guide.com
bestwebtemplates.com
cherish-due.com
zh.minecraftwiki.net
tweaks.pl
storageauctionforums.com
bts.co.th
qualitysubmissions.com
diariovictoria.com.ar
womenstuff.info
shopium.ua
www.ok2sc.com
qn2.jp
cobbassessor.org
gonabit.com
batesville.com
sia.go.jp
foolishgadgets.com
bonlight.com
paolobarnard.info
finalyugi.com
iipm.edu
fdcxjbbab.skynetblogs.be
arbeidsbyrden.boordlint.sfoderiamo.wwwwww.wop.ro
friendawy.com
kostnixx.de
volnasport.ru
mediajobs.it
selfgrowth.ru
ozobrome.wop.ro
affermativo.puk.ro
discoverychannel.co.in
bemailer2.info
qlookblog.net
askactor.com
rufv-steinfeld-muehlen.de
wzayef.net
hellwaches.wop.ro
hangry.soup.io
marketingemoda.com.br
mobile911.ru
oyunmekan.net
africanholidaypackages.org
allied-enemies.org
libpng.org
pocitacestrasnice.cz
fucinita.wop.ro
epr.pl
bosch-pt.co.uk
enlachamba.pe
wishlist.com
mallubox.com
islamabadleague.com
rapghettoyouth.com
rysa.wop.ro
www.maritima.info
hxbfw.cn
budgetsavingmom.com
yinlaotou.com
enameforum.com
joomla.ro
spicebox.jp
5minmedia.com
cityleaves.com
parfumreduc.com
tieftauchen.wop.ro
pixel.by
eljaya.com
y88.in
www.gongzuofu8.com
clubkviar.com
gophp5.org
y10.com.br
obchodny-dom.sk
zgora.pl
mybeautifuljob.com
lionsgate.com
litinstitut.ru
sepfi.com
www.388ii.com
stiliausidejos.lt
www.gzyd120.com
cap-sciences.net
kino5.pl
etester.ro
africabiosciences.org
bernd-lehmann.de
allion.com.tw
www.xxx221.com
the330.com
videojuegos.cr
selneocranting.soclog.se
remai.bama234.com
inspiredbylight.co.uk
goroskop-sonniksni.ru
www.kmys.cn
harding.edu
cz-110.taobao.com
clipx5.info
worldofminecraft.com
brindice.com.br
pisir.edu.pl
spartoo.es
vdr-portal.de
kumogakure.com
myricegirl.com
websiteprofit.net
majchrowicz-stolarnia.cba.pl
littlehart.net
netcom6.com
riyadah.com.sa
www.drehscheibe.org
club312.info
socialomate.com
dcec-lb.com
get-hard.ru
y7.net
saintejeannedarc.org
subaru.se
romanorlovblog.ru
jf6d.uqc.cn
78xoo.com
whoo.net
aziatix.com
mobywrap.com
earcandymusic.com
janurtech.com
tomus91.wrzuta.pl
podsluchane.pl
jedrh.com
blog-vitalika.ru
yuopjdgil.blog.mongenie.com
studiosporno.com
acores.net
enpalermo.com
connect44.com
kasetchon.com
jandan.net
brangelina.co.kr
classoneeducation.com
9rang.com
bambuspflaster.com
dobroutro.info
wanliuliang.us
nhatcuong.vn
pwbr.k3y3.net
tripin.travel
www.musu.cc
claimyournewcard.com
organii.pt
o-juken.net
guangzhou.7kjia.com
ihlim.biz
toddwillsauctioneering.com
core-china.com
6lzo.nfdy.net
combatours.com
localsites.ca
ayudo.de
psmk2.net
ssiceplanet.net
ingevaren.puk.ro
proseostats.com
hockey365.de
atlanticcityelectric.com
qinyuan-water.com
telemax-tv.com
www.79msc.net
clubw.com
9kjw.com
kityoudaikou-osaka.com
www.258yb.com
universityhealthsystem.com
lshouse8.com
heichi.puk.ro
electroniki.gr
sever-vw.ru
www.kmbao.cn
chiari.co.uk
creativekristi.com
www.hszdc.com
jornaldelavras.com.br
budstechshed.com
tust.blog.com
dragon-torrents.biz
bloggervideo.ru
www.szmiracle.cn
gibsnglory.com
www.schwazer.it
educationviews.org
metris-community.com
missmustache.deviantart.com
fate-extra-ccc.jp
xedi.blip.pl
dorakishi.digi2.jp
brooke-lee-playmates.com
folderscout.com
onlinepeliculas.info
bama.mofcom.gov.cn
kekewg.com
www.lfzmcs.com
uwc-usa.org
antihydr.puk.ro
liehai.com
plusde.info
virus-protect.org
transora.pl
mommyladyclub.com
rockabullbulldogz.com
aca-m.org
o2switch.info
mobilatco.com
pentonmarketingservices.com
order.1und1.info
polysporic.wop.ro
wpmagazine.fr
reisebuch.de
forest2market.com
13-media.tumblr.com
thespinwizard.com
mars1988.flog.pl
dotkop.blogspot.com
nudebabespics.net
membersforlife.org
gatwickcheapparking.com
cityfarmer.info
zy945.com
advantagehotel.info
divtech.net
inccl.com
www.resiay.com
joomlack.fr.nf
saforguia.com
boungler.pl
leuchtmittelmarkt.com
travel-blue.com
hartman-group.com
rhinopub.com.br
esnapw.com
gordopervertido.com
okdahua.5d6d.net
www.weiykj.cn
antarctica.ac.uk
feeplay.com
najdi.si
yilindesign.com
mikmak.co.il
tuufy.com
pearl-guide.com
zx00123.blog.ifeng.com
sadurdupoetry.com
insurgente.org
metalnews.cn.china.cn
goalforthegreen.com
eruptionads.com
www.8090kk.co
rabota-i-trud.com.ua
www.financialpages.ca
niuba1.cn.alibaba.com
reportshop.com.vn
regexbuddy.com
execvalue.com
bbs.hnmazaigu.com
semanasanta.info
articledashboard.info
darhotwire.com
eurobattle.net
webitext.com
zlix.tk
iheartthat.com
sh-huigang.com
escliwqeke.freeblog.hu
www.myaoke.net
www.iae.cas.cn
lhpopopo.a213.72ym.cn
zanzibarmagic.com
familytreeforum.com
digitalpig.com
2400.nfdy.net
feindura.org
www.kanxw.org
vzedwuzz.blog.mongenie.com
j1homes.jp
datingforparents.com
alliedconsolidationloans.com
vzwforum.com
voicebuy.com
th21.jp
www.cpa96.com
tarih.gen.tr
unclaimed-money-finder.net
whitelabelhosting.org
martiniquetourisme.com
fishcharters.com
swiftowner.com
c-i-c.org.uk
uiccu.org
lindapop.com
xn--cckio1j4ik98t1w4d.com
xxxmgi.wop.ro
zadarma.com
ourstate.com
brainz.org
download-french-montana-ringtones.blogspot.ca
w88n88.com
buzzarchive.com
www.buyweddingdresses.net
drgaiderne.hu
anextour.com.ua
songsmap.com
register123.com
iappletree.com
gadis.co.id
lxttgy.com
noga.toplista.pl
www.szs1122.com
trackmyweb.net
humanmanagementsystem.com
eebuild.com
4617846.5sing.com
bicycling.co.za
bonjourlife.com
historiasdelmotor.com
exgayboyfriend.net
tvnopchd.net
evscschools.com
k7computing.com
bengou.cc
solar-company.com.pl
almalath.co
stovesareus.co.uk
myfollett.com
xqfq.nfdy.net
www.97sese.com
tbxuexi.com
westmdforward.org
g-kawada.com
aimannajmy.com
9955599.ru
epicurean.com
moresteam.com
seoboostershop.info
gioxx.org
wordgames.com
optional.is
www.277tv.com
affiliate-promoter.com
alcabama.com.co
zeigte.puk.ro
edoo.pl
www.666nv.com
umechando.com
oculosnovo.com.br
webfeeds.info
www.677x.com
www.ddos-hack.com
jonathancoulton.com
www.taobaotem.com
zjgjy.org
telovtelo.ru
kanpen.wop.ro
socialbyte.info
superstarwebshop.nl
802v.com
ync.ne.jp
boursoweb.fr
catur.web.id
flug24.at
avsz.ro
gendisasters.com
www.imls.gov
kroma.wrzuta.pl
turnersportsdesk.com
cq.008.net
wendyadema.sexdumpert.nl
twittmate.com
qvodcc.org
iita.org
youth.lcu.edu.cn
www.wkdmd.com
bollywoodmovies4u.com
tiny18tube.com
ipbux.ru
se465.wooee.net
www.hp444.com
interclinic.net
signmeup.com
savour.sg
cjssy.com
newham.gov.uk
seminar.60.by
acd89.com
awastha.co.cc
www.n998877.com
tuanbaidu.com
rytsol.com
inlineanet.it
wpslideshow.com
contentoptimizers.com
muratorplus.pl
ipornotube.net
guenstiger-bekommen.de
christiaaneikelboom.nl
www.ouyhan.com
bendiceme.com
vref101.com
biteharvest.com
scopehosts.com
tobii.com
www.nxnst.com
portlandgaragedoorrepairservice.com
yanapumaspanish.org
solid.org.za
www.edlund.dk
confinvest.it
autosiskolam.com
sparkasse-rhein-neckar-nord.de
contintasca.blogosfere.it
dreamhome1.com
u-kamiya.co.jp
arkansasdirectory.us
www.jdkj5188.com
androidpolska.pl
cdythk.com
zoobudapest.com
masa.go.jp
attacksuite.com
kenyawebsitecompany.com
epixeirisi.gr
www.uscis.gov
ccun.cn
ottignies-louvain-la-neuve.be
checkwebsiterank.com
inhaltsangabe.de
bgp-emedia.de
aulapc.es
tools.58.com
whipstitchfabrics.com
alk.pp.ru
blogsbyfans.com
bestanimations.com
nokiafree.org
internetklassiker.se
www.6qvn.4f9.org
lucidguitarstudio.com
www.0816seo.com
xyyjh.com
www.szmama.net
3samakkeesaraburi.com
autocasa.it
www.wfmhmm.com
jailbreaktech.com
anartlover.com
translink.co.jp
eviden.info
52ri.info
olkaba.soup.io
omadahosting.es
gaenserndorfcard.at
dubli-onlainmagazin.blogspot.com
gxxinet.com
czeladz.pl
hfbaykee.com
jrpage.net
aba.winball.tv
fanpicture.ru
greekmoney.gr
cyemen.com
xpartner.net.pl
tomanddoug.com
bookingdom.com
krogermail.com
demon.net
www.hsq.gov.cn
isperky.sk
emeishan.sczt.net
couple.co
emmali.cn
ecell-iitkgp.org
stripclublist.com
mytixu.com
cwm.66law.cn
crossfitterra-firma.com
adjudant.ru
www.airbbs.net
www.ebain.cc
expressionfiberarts.com
seoresearchproject.com
hostessbrands.com
lolcats.com
forniture-alberghiere.biz
www.xedap.org
qqxjbbs.com
kentfishing.webs.com
aladel.gov.ly
www.airshow.ru
homeworkhero.com
pma.com
articlewagon.com
bm.2cs.so
kowaza.net
import-export-romania.de
juntehispano.com
marchs.co.jp
kmrubber.com
0533jjc.info
332888.net
www.hd635.cn
textosenlinea.com.ar
www.toptaobao.org
anyladyboy.com
sandiwar.puk.ro
basis-32.org
thvoelkel.de
transcoderaient.wop.ro
techplums.com
mustangmerchantsystems.us
telefoner.ru
thepowerwithin.ca
deutschegrammophon.com
advancedaquarist.com
porterfuneralhome.net
www.gs123.com
marathi24.com
mathhome.ir
waalsekerkamsterdam.nl
www.70vvv.com
3g.66dc.cn
05112.com
priceofgold.info
136ss.cn
likebutton.com
fresnocitycollege.edu
www.chuan360.com
yan68.cn
us-soma-250.wetpaint.com
jzwtjnsq.1168.tv
www.salesuk.info
umgespulter.puk.ro
crashpadseries.com
on-linepaper.co.uk
blogrundschau.ch
ylbamboo.cn
www.lovetu.me
kellyfamily.pl
fodrasz.zoldrozsa.hu
mac2hack.com
maison-transfrontaliere.com
www.vuwplp.com
logistik-express.com
www.uubocai.com
txcs.51v.cn
148casinos.com
monsieurlam.com
anticopy.de
parklabrea.com
clickbahrain.com
manhattansc.org
www.3ksese.us
clarins.fr
gogozone.de
cleankult.eu
proimsolutions.com
ccctspm.org
monitechonline.com
bellybandit.com
www.k13121.cn
celutronic.com
olo.seesaa.net
24cast.tv
practi-comfort.be
reciti.wop.ro
www.itguide.dk
astro.ca
oscgold.com
ap-pro.ru
check24.net
watchsex.net
drumspeech.com
chmusiclive.com
subtitlesnl.com
www.sxgszx.com
dealout.in
1821.ee66.in
helpcenterlive.com
newinspire.ru
chinasbsj.net
www.taoq.net
pocketrubbish.com
www.ali158.com
gbook.521338.info
transanet.com.br
pararius.com
fitnessboutique.es
hotcuteorokay.com
www.rvarium.nl
www.dgxinshi.cn
svnlabs.com
zywyrozaniec.pl
codeanywhere.net
techtech.net
poeticcode.wordpress.com
iikang.com
byways.org
missvickie.com
www.yndhys.com
www.gea.de
www.qq799.com
niedostrzegalna.digart.pl
18hxbbs.info
92golf.com
favouritelinks.eu
ervin5.hyves.nl
sports.workercn.cn
journalisten.dk
www.shengfalong.com
bokone.com
sro-mosk.ru
navigators.org
www.ugr.net
5jdj.com
killtec.pl
punkgrl.com
okmarket.ru
877suethem.com
haus-des-pferdes.de
edigitaljobreport.com
savingmoneytoday.net
www.nikerequin2013.com
patents.uspto.gov
pflanzmich.de
cmr.blox.pl
allopsm.fr
antik-group.com
fishsim.net
pjcmotorservices.co.uk
asernet.it
fzznyqndcedn.blogtrue.com
neregate.com
qlweb.info
intrahealth.org
mcdonalds.it
www.r73.net
yamamay.com
www.rtysbb.com
nk.wgdnf.info
itze.com.ve
www.lvshuizg.com
pnet.pl
valu.cn
meta-learning.co.uk
daf-portal.de
oil4x.info
chatrank.com
nyist.net
kaf9.com
ck-promotion.com
560degree.com
easyjp.net
wesotec.de
www.hhdx120.com
marketinghub.info
hzbaykee.com
serendipitycat.no
hao123co.com
www.ladyqz.com
13022015959.pur5.com
tauti.wop.ro
felnottoktatas.info
completeocarro.com.br
truckertotrucker.com
www.pracuj.pl
einsteinbros.com
elkonsultorio.es
dgoca.cn
sanatudiabetes.com
mzm0.k3y3.net
makte.wop.ro
triplesun.co.jp
cardview.net
kanesh.wop.ro
nordicism.puk.ro
collegeanduniversity.net
kunstinzicht.nl
k50000.com
freeporno2012.in
pdesas.org
020512.taobao.com
oilprofessionals.com
htc.co.uk
bestpropertyinvestmentseminarseim.info
3amw.com
house.info
518tzpf.com
ayaco.ru
auto55.be
franciabulldog.net
lasthopestudios.webs.com
dollypop.pinger.pl
ahsouche.com
www.ucdavis.edu
tjdumbrell.com
www.ckd.cn
912358.com
fengshiguba.1168.tv
newearthexperience.com
yingshi.114la.com
aten.com
49xz.com
ripon-internet.com
bulaj.ru
kalabat.wop.ro
72966.hemelsesex.nl
yyfdldb.yyjczs.cn
agito.puk.ro
abretumentealdinero.com
www.chinajuyitang.com
greatplacetowork.ca
chinacoop.com
blizzardcraft.com
sokolovpavel.ru
gastgeber-verzeichnis.info
thdsjy.com
intiba.com
www.lafengdidai.com
www.fitforfun.de
www.rx247.net
nj.yunhouse.net
bama888.com
wlatcy.ych.pl
isu.blip.pl
gourmet.minkei.net
techramps.com
last-anchor.net
tp.piba.cn
zena-podnikatelka.cz
crea.iinaa.net
stoneagegamer.com
timgrendell.com
www.fmadjs.com
magix.net
www.antic.cm
53sz.com
chile-excepcion.com
tznetcom.com
europe-sightseeing.com
boston.com
www.pcuk.org
minneapolis.org
inteli7processorfeat.7h1.info
hipmama.com
souvenirs.com.sg
hostcname.info
santeverte.org
www1hhhh.shunshunfa.com
rongjunwang.com
pittsnewss.blog.com
webugs.net
jsconf.us
e2046.com
blackshemaledicks.com
mysoundofsilence.com
www.zimhxu.com
callingcards.com
leontocebus.puk.ro
www.kpf.pl
cast.org.cn
k9un.210000.org
linkplex.info
moydom-dv.ru
ottawa-airport.ca
costa-rica-immo.com
hzsmall.com
btsmth.com
obchodni-dum.cz
newsc.in
seo-sogou.com
arw.ro
nexport.com
sulkiness.info
comprometidas.com.br
univ-montp1.fr
www.hsjiptv.com
tharunayaglobal.com
evolutionsings.com
autoz.com.br
webledik.com
labmoreira.com
nonfinis.puk.ro
seutuliiga.fi
brighton-hove.gov.uk
netspaceindia.com
celeb-source.com
telecomsquare.co.jp
shisha-company.com
sauvegarde-donnees.com
autographworld.com
luna.it
sim.fad3.net
moet.com
only18teensex.com
whkc999.com
plagiarismdetect.com
www.serviweb.es
cine-online.eu
adopstools.net
thrilla-pitbulls.com
jerseygfk.schoolnet.co.nz
carrepointu.com
yifangpx.com
yaojing1128.n9.youmac.info
szxinchaoyue.taobao.com
hjkhfkf.prv.pl
www.usedu.net
021idc.net
parodia.lap.hu
up-room.com
kelme.livedoor.biz
fabricfarms.com
lojadoprazer.com.br
mbi12.com
grant-thornton.co.uk
autocarheadlights.info
chiangmai.go.th
00cg.210000.org
www.domeng.cn
solveren.puk.ro
globalgenealogy.com
arenacineplex.com
pufferiger.wop.ro
www.yazhoumei.com
uaslp.mx
churchmediadesign.tv
vchat.us
zurker.co.nz
slingshotdirectory.info
ichbinkeinrassistaber.tumblr.com
sabuska27.digart.pl
videosexe5.info
entorno.com
zhengzhou.kela.cn
global-adventures-llc.blogspot.com
eduroute.info
www.hao7hao7.com
kosova-mp3s.de
pzwl.pl
aforex.ru
www.dobimo.se
ura-remontu.ru
shgresources.com
ulorypa.prv.pl
ballonservice.de
www.p6yy.com
r-masoccer.com
urim.pl
mcleainsbulldogges.com
webdirectories.co
sopraant.puk.ro
mediajx.com
grootpap.wop.ro
donnu.edu.ua
alzeto.com
xuemeng.com
aimjunkies.com
dirtygardengirl.com
articlemod.info
keenandgraev.com
mahathir.org
domowe-wypieki.pl
thingsengraved.ca
shutterislandfullmovie.blogspot.com.ar
matomez.jp
52kshu.com
ad110.com
store-web.net
yves-rocher.se
trichiti.wop.ro
mango-surf.com
leadsbank.co.uk
qdfilm.com
piratenpartei.at
penguincheatscp.us
netnews.cz
42iii.info
opsjorre.wop.ro
revctrl.org
www.sgu.se
www.nnjyl3.info
www.edukatka.pl
www.97saob.com
ingehost.cl
statsbuzz.com
nsc.co.jp
nlucky.com
www.lr-translation.com
bayannaoer.mca.gov.cn
niyang5740.pixnet.net
segretaria24.it
www.studio-mario.jp
www.bf1111.com
pastylka.pl
webindexed.com
www.cdfzzw.com
kyouei-ltd.co.jp
ahshysh.cn
dynacel.co.jp
doershow.com
pageglance.com
pvdudjvw.freeblog.hu
wildvet.co.za
jeux-de-guerre.biz
meubles-tv.com
kotikovizig.hu
doramadaisukireview.blog.so-net.ne.jp
boogaard.eu
sendkun.info
t5dn.qiwen5.com
insuranceleadsguide.com
xny365.com
chyngreyes.com
bebeconcept.com
cityvilleguide.co
wzdl.yzz.cn
sarahxxxnightfallxxx.deviantart.com
xx.qztx.com
www.jnhengchao.com
4lawschool.com
logoorange.com
letswrite.info
agatsuma-games.jp
laurasscarves.com
sce.com.cn
edox.ch
www.99bill2.com
articlezata.com
riksarkivet.se
radioradio7.com
pageglimpse.com
gamezlinks.net
www.jianzhanzhe.net
hynfwxhtg.blog.hu
tmhobby.tsukuba.ch
dentalfocus.com.ph
www.95caobi.com
laiwu.gov.cn
efundraising.com
automatedlinksontap.com
lizenzo-trends24.de
fw.9191.cn
snapperzsteambar.com
donkraften.puk.ro
garyoutensei.com
leicesterbusinesswomen.co.uk
dari.kz
vanessaduplessie.com
polskie-firmy.org
mediasteed.com
jiyugaoka.com
webliste.ch
www.900ff.com
allmetalforums.com
norco.com
fundraisingbox.com
wap.4cl.us
flyingmuellerbrothers.com
ejoox.com
www.kuaibo.com
ke-zhong.com
www.568168.net
cxteaw.com
karperwereld.nl
thehackettgroup.com
hq0564.com
www.ndz120.org
freecomicsdownload.com
vangrind.se
libertybulldogges.com
spinalpainspecialists.com
bestmaturexxx.com
iimanager.dk
articleblotter.com
behandler.no
guidinglighths.com
conexionblogs.com
nexthousing.co.jp
seofemenino.com
laurelship.wop.ro
centrumkrzesel.pl
medienhaus.at
acemasters.org
e-global.es
ourclub.me
italrgi.it
megaheroesfanz.co.cc
cookfood.net
cityductcleaning.com
robbiewilliams.pl
www.fx321.com
sersmi.ru
obsceneflix.com
sairoscredit.ru
exactaudiocopy.de
onlinegraduateprogramz.info
dyndns.org
slava-cb.ru
gudrunsjoden.com
93union.com
rkomi.ru
my-kaigo.com
patrice-breal.com
htzw.nfdy.net
findinfoworld.com
frontpagefreebies.com
soundraum-radio.com
nc-werte.info
ctav.nfdy.net
www.1235777.com
www.fjcp.cn
www.xxx448.com
denaq.com
emonu.com
blrf.net
missingimage.com
11steel.com
modellflugsport-oberland.de
aota.net
77se.us
best-buy-deal.com
tinyassapartment.com
me2.it
nchr.cn
plantdelights.com
yernawe.be
gnublin.org
index.net
diy.xslweb.cn
ufjo.nfdy.net
pds122.com
blog.mobi
picads.blip.pl
defjay.de
769car.com
patrycjaa1427.wrzuta.pl
office-removals-london.co.uk
toxicola.org
seikoustudios.com
brmdq.com
cirtex.tv
xhosting.cz
krovatky.ru
www.wrought-iron-craft.com
www.yesegz.com
www.vegjd.de
fable.flog.pl
dtd.ru
www.zbj1.com
longshumi.com.pl
peopletweaks.com
sitesbookmarking.com
jnrc.cc
wideopenmind.info
mylady.gr
takasho.co.jp
zhuannet.com
fzf.com
rgp-journal.ru
yoshiwara-soap.com
musu.w50.1860php.com
encyclovideo.net
make-digital.com
webdex.ro
tinysolo.com
023nk.com
livingenergysecrets.com
www.meilianchenbj.com
brio-nantes.org
e-chinaedu.cn
federaljobs.net
www.sesebaibai.com
pysiapinki.wrzuta.pl
turkfutbolu.net
helpsmith.com
zamalek.sc
oraprednisolone.com
e-mo.com.pl
sexxyhappy.ru
8b662.com
nocowboys.co.nz
socialmediacoursesz.com
spyinthecamp.com
pill-counters.net
21ta.210000.org
www.chisa.edu.cn
livelifeofsuccess.com
tourismusverzeichnis.info
bznet58.com
atlas.com.py
fujixerox.com.my
southlakecarroll.edu
trailerparkboys411.com
swpark.or.th
nncyjs.com
cyclesportsuk.co.uk
www.zgzbsc.com
vkxijbasu.exblog.jp
capnito.cz
webentwickler24.com
elalquimista.org
001jd.com
stroit.ru
vnap.210000.org
ktina.video.xfree.hu
liteon.pl
bitemyapple.co
friendlyneighborspidey.tumblr.com
centerlight.org
bet.nl
68liao.info
psu.edu.sa
pyirpfltbvljj.blogtrue.com
auktion-ng.de
formulaf1.es
www.xmball.net
www.cosmate.net
zhijindangjian.gov.cn
mokk.me
fm93.cc
advrt.in
ratiokontakt.de
blackboxconcepts.com.pk
tripsguru.com
forsthofgut.at
planujemydziecko.pl
comoshop.jp
uksmobility.co.uk
kik.gov.tr
annuairefacile.fr
uckanleitungen.de
inprodev.com
expressal.info
obmen-akov.clan.su
lmyq.com
mwdd.com.ar
biura-magazyny.pl
misreput.wop.ro
www.naruto.hk
mundo-mascota.com
prosumidor.info
dianyings.info
seciki.pl
vdb.gov.vn
reifenversand.com
www.blogbee.net
unicnam.net
belfast1911.deviantart.com
aolianan.com.cn
diyff.com
songnho.xtgem.us
drivergames.net
totalgamingnetwork.com
on-lain.net
baidujpw.cn
benshanmedia.net
ksu.pl
cubuk.polter.pl
timezonedistance.com
rolandovera.com
secure-news.com
customcraftcontrols.com
grandprix-replay.com
manseng.net
733778.com
www.neta.pl
nudistvideochronicle.com
chordie.com
gitampramana2k12.com
www.49kk7.com
office67.ru
www.meter365.net
culinar.ro
greatdesignsfast.com
kanal-21.tv
www.kkavkk.com
sunshineandsmile.com
corcoran.edu
730c1.diandian.com
machotesx.com
lr-goes-russia.com
wapa.cc
hkdh.co
classic-auto.fr
aggettiv.pauperdom.civili.wwwwww.wop.ro
pkang.net
dailyjesus.info
sonepar.fr
stargold.in
saiseikai-wakayama.jp
wikidult.com
dentalworld.gr
ancom.org.ro
pnz-lp.ru
sandiegozooglobal.org
qingchuntuan.com
www.wjmu.net
eurosporttuning.ca
thebreastformstore.com
2012dy.com
promakers.ir
topmountainbike.info
toplineliving.com
filmjezjerzy.info
traveler-k.blog.so-net.ne.jp
www.wanho.net
fetishthai.com
headhunt.co.za
www.zippozhijia.com
tcwxx.com
embedvideoonwebsite.com
footballweekly.jp
naturewallpapers.in
osvita24.com.ua
habarisearch.com
muzykant.flog.pl
audibank.de
sociedadtecnologica.com
newyorkcommitteemen.org
kbne.265link.com
difenderlo.wop.ro
www.0739vps.com
uky.edu
yyrm.nfdy.net
kokuban.in
innerarchitect.com
d-tt.nl
sexylingeriemalaysia.com.my
strangertickets.com
zeanballonline.com
arirang.com.hk
congreso.us.es
daily-yamazaki.co.jp
yamahamusic.jp
stellensuche-berlin.de
www.u12.pl
nmipuecwg.blogger.hu
zvbf.210000.org
bezdroza.blip.pl
klshew.com
buy-hiking-equipment.blog.hr
mocnyweb.pl
dvd2hand.tv
monitor.lap.hu
game.b2z.cn
ruyihe.com
www.520.cn
bbn.ir
investmentsidea.info
dl.kuaiwan.com
bfit.jp
crokos.co.cc
56uuu.com
farsgold.com
timbaek.com
cardplayeritalia.com
airmaxesonline.com
y4d.info
www.mtj.ch
yat-net.com
theelectronicshobbyist.com
wvpl.biz
homezweethome.info
medications.wop.ro
nzrubber.com
haro.de
brapra.com
harel-group.co.il
www.sweets.ro
styletiba.com
deportesnecochea.com.ar
videochatbarato.com
www.seqingwangzhi.com
bj.digart.pl
stonechinese.us
lapommedeterrepompadour.com
mochaloff.ru
www.lutcte.com
myezinebookmarking.info
www.010zx.cn
comte-rose.kir.jp
luvulite.co.uk
netdoktor.dk
blogduvoyage.fr
lenmoserphotography.com
dl7awh.de
www.xxx92.com
autazchin.eu
awesometits.tumblr.com
justmeans.com
lyfrj.com
paylo.cz
bankpress.ru
arh665.ru
konstantlab.com
guideranno.puk.ro
simplifiedses.com
www.di3.us
informatika.si
hustwenhua.net
qlk.39.net
activemind.co.cc
lekvar.lap.hu
b.nrlm.info
catie.ca
dbowen.info
tl.h2h.cn
k12.in.us
rateyourpollie.webs.com
520ymm.com
go3.pl
jzsound.nl
3721mm.com
offspring.com
autorda.de
ggkf.tsnews.cn
mojeporodnice.cz
sakura.ne.jp
kunyansoft.com
gegrondverfden.puk.ro
thelegalwaytobroadway.com
videopress.com
dete.bg
jetnumbers.com
haowangjiao.com
wzshunwei.com
contactjuggling.org
blogculinar.ro
superkids.com
madlab.org.uk
oregonmusicnews.com
jeans.pl
leopalacehotels.jp
www.52cpa.net
www.maxina.cn
nordlicht-radio.de
toppy.org.uk
szovicc.blog.hu
actuar.org
hanger.jp
thegodfatherpart3fullmovie.blogspot.tw
swingersunderground.com
zblpw.com
ssw.co.jp
www.888198.com
nc.zxbo.net
handmadeshoppingguide.com
www.obudainyar.hu
tbsc.ir
bandersn.puk.ro
plasticcelebritysurgery.com
comune.udine.it
vectrix.hu
warez-host.com
star-motoring.com
lww666.com
www.farago.ro
querome.com.br
www.lotosquazar.eu
www.bloomberg.co.jp
sypher.wop.ro
aspector.net
letapartment.com
xwfxb.com
www.eru0.4f9.org
skins.nl
iconsportsmedia.com
christchurchquakemap.co.nz
shtion.com
reliablesite.net
kouka.info
fsa.br
bmh.digart.pl
wuaige.com
flcompres.com
expressaway.info
oddisee.tv
740074.ru
heraldinteractive.com
librosdebolsa.es
anargyro.puk.ro
tubeporno5.info
76.procjoueaw.osa.pl
viasetti.it
1001passagens.com
k363.18p2p.info
hm.nl
cirillas.com
ahr6.265link.com
sinosima.puk.ro
contingenteerde.wop.ro
wyszukiwarkafunduszy.pl
arka-windykacja.pl
psiaki.prv.pl
yosn.nfdy.net
ikworks.jp
vivi.ro
decoralis.com
730c7.diandian.com
hassei.puk.ro
mojblog.hr
antiwedge.puk.ro
placesandlocals.com
syokuryo.jp
www.positivi.jp
gong.hu
baidu-zx.com
stanstedexpress.com
fhli.tk
sklepbukowiec.pl
shendu123.com
kraftwerk.com
zxiu.com
kondopasion.com
exsoft.org
www.cangku.tel
safari.wop.ro
dior.game.tw
edodatki.pl
everythingrf.de
vfs-thailand.co.in
bucs.org.uk
marcepani.soup.io
bad-ass-full-movie.blogspot.pt
www84aaacom.diandian.com
1937.me
www.37008.com
wsti.pl
www.m8av.com
canalenapoli.it
clickpayz.com
insanity-gaming.co.uk
craftmobile.ru
stabletransit.com
51ava.tk
guerir-eft.com
kodansha.ne.jp
chitropas.com
downloading4fun.com
magiczne-strony.pl
flokwire.com
oecist.wwwwww.wop.ro
shinereet.com
kathie.wop.ro
bingsale.com
mar-k.cl
snaphost.com
loancash4you.com
apostazja.pl
meilanboats.com
www.danova.dk
www.tkouw.com
ruagra.biz
animalkingdompuns.net
03918kumacat.blog.so-net.ne.jp
geteut.wop.ro
shurey.com
www.swingfoto.be
pokereverything.com
www.ministere-finances.dj
webtalentshow.it
dar.org
tetsab.blip.pl
eejobs.de
www.yq8b.cn
sklepowicz.pl
templatesparanovoblogger.blogspot.in
ingyenmail.lap.hu
ultimatedebtcare.com
hccaprilli.nl
heliand.wop.ro
ceipa.edu.co
kormarket.ru
poweredbypligg.info
zeal-pro.com
megaredi.com
ewunia325.wrzuta.pl
022jz.com
derzeitigen.wop.ro
tistler.puk.ro
nashvillelife.org
0lovebite0.flog.pl
www.wngc.icoc.cn
shomoo5.com
n0.flowermn.osa.pl
celticfestvancouver.com
svar.pl
360430.com
venca.es
blogspot.co.nz
ngwili.puk.ro
rwextras.com
dizionariofinanziario.it
conventuelle.wop.ro
niunn.blip.pl
alaskanbux.com
www.aztv.az
safetyfactory.com
lennar.com
lrhand.com
www.pobatu.pl
royalvegascasino.com
www.ovh.pl
www.cfri.hu
waplele.net
www.contrepoints.org
esuaspelak.blogger.hu
phoenixhrdservices.net
aviva.ca
chinasewang.info
kxsz.cn
matok.net
www.4mzdh.com
natseclc.com
microboard.com.br
huainan.xinl.net
dbxtreme.com
gyxinyupian10f.1168.tv
www.fjbb.gov.cn
pchelenok.com
geski.flog.pl
webinspector.net
www.shxmqy.com
burroakscamp.com
apnabharath.in
pastelmybusiness.co.za
www.ousszx.com
tv1.ir
lagbook.com
hd00.com
worldspreads.com
squarefootproperties.com
campuslondon.com
hirschs.co.za
arp.ihep.ac.cn
sanjac.edu
dsl-speedtest.us
share76.com
undoukik.wop.ro
mideagz.net
bironevica.hupont.hu
mobilemarketing.inet.vn
pirr.puk.ro
bobokan.info
www.budoclubkarlsruhe.de
yazhouse.drives.it
xpn.org
industrystock.com
huiten99.com
dacia.com.tr
penasaran.net
www.0520baidu.com
alfred.edu
yigecun.com
samildemir.av.tr
catversushuman.blogspot.com
cheerall.com
okvacanze.org
casiopiri.puk.ro
howdoyoustartahedgefund.com
www.038300.cc
100cols.org
powerfulwebsitedirectory.com
worldhouse.vn
expansys.ae
autohelp.mn
www.fanyu.org
private-bad-credit-lenders.com
oehl.210000.org
mc-larsen.dk
www.hehekan.com
automobil-blog.de
seorank.eu.com
www.ptjp.gov.cn
www.az.gov
seekswflorida.com
calley.wop.ro
iihm.ac.in
hostjewelry.info
goldmax.pl
ryouyous.puk.ro
www.seas.sk
h200.net
8888.se
maarch.org
shuangcha.info
szdzwj.com
qiwei.6188.net
ehrlicher.puk.ro
pcchips.com.tw
geruhtet.wop.ro
6h.49cb.com
beckisback.it
www.docugroup.hu
rpgwars.pl
www.xidi18.com
yingmi.info
gigapromo.de
cursvalutar.info
stormweb.ie
hhstyle.pl
airodump.net
ekrana.info
zhdsy.78.cn
21directoryiso.info
tirol.orf.at
phenomiix4benchmark.7h1.info
chilanti.com
kabtech.co.za
omvag.wop.ro
techytalk.info
topxem.net
tiol.info
www.a1karpitos.hu
osa68.wrzuta.pl
e-guns.ru
sinhvien18.wap.sh
skjuta.wop.ro