aftakte.puk.ro
flyff-corner.info
freecharge.com
clinger.puk.ro
braip.com.br
www.antic.cm
netizens.pl
ankang55.salon24.pl
zoomacom.org
kongotimes.info
traipsing.info
fotojablonski.pl
visma.se
www.lx77.cc
fxfeeds.mozilla.org
wmuk-apache.co.uk
bobonaza.wop.ro
ben.edu
fobomade.org.bo
cnjpw.net
zmoving.com
vistaprint.co.uk
articles456.info
foxyy.flog.pl
elwisek88.flog.pl
bidsson-bidify.ws
comobajarpeso.net
zdr6hc.info
gilbertaz.com
www.26fys.com
gosperism.wop.ro
somany.pinger.pl
hupan.net
asianantiquestoday.info
85699.net
gpsfortoday.com
idrissaadi.yoo7.com
dev.joomla.fr
wl500g.info
guihuaxiang.com
voyance-internet.info
qu17777.info
zuverschenken.info
crax.pl
aurasma.com
www.baijiale8888.com
peterbergmann.info
beidake8.com
juicycoutureonline.dinstudio.co.uk
bibj.nfdy.net
www.zzwgy.cn
blog-er.cba.pl
aranor.bloguez.com
1tvnet.ru
kejpa.wrzuta.pl
multipasaz.pl
avramovic.info
bonkaceleb.pornrox.com
gamertagpics.com
www.hadm.pl
18061.info
millisecond.com
awq3.gn2012.com
www.eqvn.net
scfsez.com
rzgw.gov.pl
8685.nfdy.net
uncommunitymanager.es
ideali.wop.ro
qexh.210000.org
lcmwtfjiy.blog.mongenie.com
chtootvetit.info
gwrrakyv.org
hometrendy.org
www.qq1163.com
pet.rbc.cn
lrhand.com
52ranr.com
yesvpn.info
uksupportgroup.info
robertatum.com.br
pinkdylan.co.uk
chachala.com
achaz.puk.ro
casino-online-legali.info
cuvant.wop.ro
joinopenclass.com
mincing.puk.ro
aqeg.265link.com
k33.info
mifunny.info
qx.se
geschichtsbuch.puk.ro
www.009dy.info
freshminds.co.uk
www.infoseek.co.jp
futbolcup.pl
blog.kazulo.pt
rapszodi.puk.ro
streamfreetv.org
cegal.es
thekooples.co.uk
woolfs.ru
tiempopyme.com
www.zhizhuanji.org
argentose.puk.ro
lvlv.com
cont.acasa.ro
investmentpropertymortgageratesokch.info
naturactive.fr
www.interval.cz
tml.digart.pl
e-pal.me
nonrenun.wop.ro
materace.pl
sexeo.pl
www.83800000.com.cn
dao.taodat.com
eurosporttuning.ca
elpmultimedia.info
230.janexou.orge.pl
1025458.b2b.qx100.com
mrneo.pl
ttes.info
sdmesa.edu
snaresocial.com
www.ldl120.com
qixian.elandbnb.tw
www.022jin.com
nastole.pl
www.overtee.pl
radbraakte.rutena.zujyou.wwwwww.wop.ro
pyvideo.org
beingglutenfree.ca
85717171.cn
bhipcolombia.com
www.gdjswj.com
kidoyuri.wop.ro
clamp.wop.ro
www.peopleart.tv
osmoz.com
www.goldentulipsibiu.ro
inshining.puk.ro|jiin.wop.ro|hxh.bdwl.cn|ovis.jatek-online.hu|www.int.nf|www.sjzhuakang.com|asqj.nfdy.net|mndy.nfdy.net|spante.wop.ro|soreve.xtgem.com|gz.h2h.cn|www.avzai.com|xpdi.nfdy.net|youxi.com|kaiarei.deviantart.com|www.jzswdc.com|www.huanggua.com|moreb.wap.ai|canada-goose-shop.frnewsby.com|fct.unl.pt|arcade.rakuten.co.jp|qipabuluoge.taobao.com|www.guilin.gov.cn|cfwc.nfdy.net|unyn.nfdy.net|wjub.nfdy.net|www.biantaoti.in|www.zhongguo315.com|ytoh.nfdy.net|www.3111.co|mediakosar.hu|www.03187.com|zpbk.nfdy.net|wfylnwyql.mobie.in|nxkh.nfdy.net|medial.wop.ro|zbfp.nfdy.net|uyxzmjzacgcksn.blogtrue.com|www.1-l.cc|www.ksxjd.com|revctrl.org|ekxx.nfdy.net|masse.wop.ro|www.lmmw365.net|www.abc625.com|www.0351sem.com|www.youy8.com|lionbass2.blog.so-net.ne.jp|lwzy.nfdy.net|www.pixeltuuning.feim4u.ee|www.hecor.cn|nisa.nfdy.net|uggonline.info|vlieguren.wop.ro|icamtech.net|www.aiyunpw.com|www.xshpjy.com|ikng.nfdy.net|www.evenimenteromanesti.com|targanewfoundland.com|www.38767725.com|www.zfeiwang.co.cc|arena-barani.com|dibao.org|zhishangnet.cn|nexustournament.com|radabg.com|www.0539house.com|daogouwang.tk|3490.nfdy.net|tehl.nfdy.net|seostats.asia|www.cpa.hk.cn|modelschool.com.au|www.shszc.com|pocoma.wop.ro|18mei.com|0wnenstein.deviantart.com|nanrenwa.com|flambe.wop.ro|twitpic.com|gimzo.wop.ro|www.yhdnzc.com|tolhuoche.buscx.cn|autobodydynamics.net|www.ctt111.com|www.365shhr.com|iplforum.com|dicks.co|uggforcheap.info|fplt.nfdy.net|bbs.007.mx|www.wdhrb.com
schwerverwundet.wop.ro
beh3da.tk
efflate.puk.ro
www.pornoliefhebber.nl
asciimw.jp
www.shiernvzi.com
www.yiyeqinet.com
lane.no
lavkalavka.ru
www.poikkeusinfo.fi
watchusgrow.org
www.mint.si
imcbasket.ir
blurayprices.4yb.info
d152.dyy03.info
energycheap.info
knusk.puk.ro
carolduboc.com
sound-load.net
simonehandbagmuseum.co.kr
verstole.puk.ro
863.fjof.com
57883.net
creditcard-now.net
northsafety.com
7bo.info
grynet.puk.ro
directree.info
historymuseumnewyork.qu17777.info
xijm.210000.org
promotionproducts.com.au
tranchon.puk.ro
mep5.nfdy.net
kitchenstories.info
w3patrol.com
belajarblogger.info
filmowiec.pl
a.qsdg1.in
su-forum.de
www.c8051jiemi.com
legpic.net
www.gbbbs.org
paquet.puk.ro
forum-brukarskie.pl
scott.pl
teamarket.org
www.totoone.jp
www.sss6789.com
fridayfullmovie.blogspot.dk
www.qimingzi.net
anrhjfwy.blogger.hu
photographer4me.co.uk
www.hxz007.com
mydocshare.net
nyxtovioi.info
ww.taoyifu13.com
pllogic.com
onedropmusic.se
vietbao.vn
exbackadvice.info
supergamer.cz
vidio-video.ru
visathegioi.vn
burande.puk.ro
jyunitu.puk.ro
leontheprofessionalfullmovie.blogspot.fr
7-stone.cn
envialia-urgente.com
sun52.cn
adexchangeworld.com
worldhouse.vn
xbox360games-cheats.info
5969.cc
ericpp.blogger.de
lunivers.info
zjgwy.org
www.300200.net
samsunggalaxytabbest.7q9.info
863052.shop.zzol360.com
belalsoft.com
aqori.com
80lian.info
diapsida.wop.ro
gbook.521338.info
355vv.com
zswf.k3y3.net
kristen.org
seabank.com.vn
maule.wop.ro
programy48.pl
uninterred.wop.ro
ekiscoaching.it
1o2.ir
2012new.info
www.aa585.com
atakirock.pl
7mdigg.com
ooftkeld.wop.ro
wykrzyknik.digart.pl
kucniposao.ws
www.livetv.az
app.pconline.com.cn
54xj.cn
babia-gora.pl
jbw.digart.pl
culture.yunnan.cn
www.7x6.cn
akpar140.33591.com
www.ptymy.com
ajada.wop.ro
w3452.4dmn.com
anahtarcizafer.com
b69.soup.io
aovestnam.vn
april.fr
1414.info
aborto.cc
av.8888ye.com
newssocial.info
koga.pl
alusshop.com.mx
bfow.nfdy.net
buy.to-look.cn
zsy.ca
24sata.info
666749.com
bbs.sz9060.net
www.semm33.info
czarodziejskieliny.pl
bo79.info
hscr.org
clickz.asia
snabi.wop.ro
castigabanionline.info
batesville.com
drakerig.wop.ro
bafut.puk.ro
coiffured.wop.ro
blog.yiid.org
celesi.info
www.pdata.be
cmexota.ru
retailstreet.ru
brtnik.info
ebooklibrary.7s4.info
kalmar.se
teentopanga.com
eminem-relapse-2009-album.blogspot.ie
zwbk.org
ivies.wop.ro
www.zjrlzy.net
bathroomshoppingclub.com
freeonlinedir.org
helsenorge.no
dorakishi.digi2.jp
ruijou.wop.ro
aaaa.puk.ro
nordnet.no
samsungapps.csdn.net
lifebeyondlimits.info
antennipalvelu.com
festgestaltung.de
xamor.com.br
consultor.fr
argos-hockey.be
feed4u.de
edumail.edu.pl
lobbyservice.cz
doittour.com
egynews.org
penciltalk.org
eizirou.puk.ro
opendata-toulouse.numahel.net
shopzona.info