dianxin.so
michaelbuble.com
www.49idc.com
ghostpro.vn
datingdirectaffinity.com
portesdusoleil.com
stilistaboston.com
oceniacz.pl
cityexpress.ru
eurosport.de
loofamily.info
articlequeue.com
zwee.com
setup.sk
smallvideosoft.com
glow.dk
ym3a.com
quomodo.com
avapartner.jp
mymakemoneyonlinecoach.com
kwgr.nfdy.net
apinchofhealth.com
megaferias.com
konan-u.ac.jp
summerwood.com
cuves.puk.ro
wdjinhai.com
hostplay.com
jpshavers.com
getmovil.com
zonaurbanavip.com
ltvvltter.com
turbiner.wop.ro
wotflight.com
www.zuso114.com
bloger.com
shuoso.com
aralbalkan.com
articlebar.com
desert-operations.us
midhold.nl
seo-plans.com
spiroox.com
acroni.si
friseur.com
baltimorestyle.com
dressz.com
dinamalar.in
forexmentor.com
nesiot.wop.ro
topapply.com
abcnewsradioonline.com
kitaabghar.net
9youxi.com
regole-seo.com
watch-katy-perry-full-movie-online.blogspot.mx
physicianmedicalbillingz.info
www.wheretobuywholesale.org
multimedia-marketing-ideen.de
yourstats.net
wooxie.com
malaysiakini.tv
diecast-aviation.eu
www.hdsz.hu
jsgsj.gov.cn
4rum.info
publisher.im
daedalus.es
reclamao.com
designxsdirectory.com
servinox.com.mx
paymentclearing.com
online-income-business.com
naturallyknockedup.com
esoterikshopping.de
downloadseguro.org
internetmarketingzoom.com
kandysongs.net
familygo.eu
orkugifs.com
netorginfo.com
youpicktube.com
china0101.com
luisgonzalesblog.com
getsholidays.com
paneldehosting.com
bond520.com
patlechef.com
yourme.net
odahara.jp
easywebdir.net
propertysearch.com.ng
spicypr.com
train2game.com
foroaviones.com
allinonehealth.com
ufop.br
anet.net.tw
goldfeverprospecting.com
dmma.co.za
cooks4arab.com
powayusd.com
hcma.hu
premiumecigarette.com
crankyflier.com
adinsight.com
ex.ac.uk
oystermag.com
doceshop.com.br
english-coffee.com
thedaytradingacademy.com
myanmardir.com
docsity.com
mailtrackpro.com
jtob.com
55ds.com
xn--n8jzuh06edsc.com
asianwebbies.com
duo-cosmetics.com
sentimientobohemio.info
zzrsrc.com.cn
enguzelpornolarii.ws
autovisitas.com
insoft.com
ircquotes.fi
desteptarea.ro
www.dvdoke.nl
www.fanyu.org
inakanet.jp
peoplesdinar.com
hzp8.cn
pixydir.com
ipp.me
naviextras.com
iklanhouse.com
debtconsolidation.com
nexworld.tv
thegremlin.co.za
constructionjobforce.com
domainpunch.com
vipcars.com
globalbookmarksnow.info
c0fe.com
freedomscientific.com
prepaid-global.de
carcinos.puk.ro
bnaat.com
abacho.com
cronon.net
ceeger.com
organizersdb.org
scatboi.com
abc-english-grammar.com
wanttoknow.nl
dqname.jp
californiaproxy.com
shop.unas.hu
bjsrestaurants.com
allnigerianrecipes.com
www.tweer.nl
hostnews.com.ar
indianterminal.com
txtbuff.com
xen-tr.com
brandinst.com
chinaamuse.com
jammuuniversity.in
baang.ir
essaseoutras.com.br
ojointernet.com
supersoloads.com
ni.ac.rs
pornglory.com
adclick.pt
buzzyouporn.info
jesuis.cm
kiandso.com
codecm.com
crystone.net
watters.com
blogtronix.com
myxvids.com
ahyari.com
ataf.net
pragmatismopolitico.com.br
healthmango.com
3721se.com
ufcundisputed.com
emlakdream.com
livegonzo.com
sparklecat.com
site-sift.com
sazzy.co.uk
dogomania.pl
oliveology.co.uk
waterkant.net
72ym.com
vtuner.com
ihaveapc.com
mygolf.de
ccpgames.com
jpubb.com
iconsweets2.com
sdsol.com
cheldoctor.ru
xboli.com
easypic.com
texmedinfo.com
ergo.de
adefmark.com
carsforums.com
bigyellow.co.uk
edarabia.com
theappl.com
grandma-tube.com
ja-pics.net
fuvest.br
wangqu.org
mygoldenlife2.a-thera.jp
amkino.com
boeschung.de
bbs.com
sunet.se
bbs.96hq.com
abc4web.net
officeplayground.com
windingroad.com
chelseamegastore.com
imlqw.com
990m.com
bageldelightonline.com
redecastorphoto.blogspot.com
http-solutions.com
myfbfans.com
tnvipsuite.com
afvclub.com
freshapps.com
gaza-hacker.com
euroguitar.com
carlaschoice.com
fuss-schuhe.de
abitare.it
sorcerers.net
orientaldaily.com.my
early-retirement.org
procycling.no
a3webtech.com
jmmsn.com
childfund.org
abt-sportsline.de
alpine.co.jp
1c-pro.ru
seopen.com
beingfunchina.com
ai-yellow.biz
contestdomination.com
mini-itx.com
so-netmedia.jp
hasselblad.se
lifesablog.ca
thedailyshow.tumblr.com
oldsp.ru
securitynewsdaily.com
fragman.web.tr
emaildiscussions.com
thelinkvault.com
nationalpositionsoc.com
dailyfun.us
theguymagnet.com
filmyhd.net
3haoweb.cn
fertighaus.de
kobe-c.ed.jp
mobile-phonesdeals.co.uk
nilljunior.com.br
enigmawiki.com
android-k.com
newtechnetwork.org
govisitcostarica.com
traffic2web.com
executivemailingservices.com
recipebridge.com
everydaytipsandthoughts.com
extratuts.com
dyspneic.puk.ro
winechina.cn
neolane.com
stihi-xix-xx-vekov.ru
pcrx.com
persfinance.ru
centrovenezolano.com
tecnomalas.com.br
hryprodivky.cz
om-onny.com
tokobasi.puk.ro
lepape-info.com
jaramsie.pl
pornomina.net
clipproject.info
twaitter.com
mobilitywod.com
ontariohealthstudy.ca
northantset.co.uk
abluo-uk.co.uk
shamiphotos.com
thebestcolleges.org
maclatino.com
newtechtips.org
yeahh.com
bibliaonline.net
classificadosff.com.br
www.tyrolit.at
mauxa.com
douga-king.com
fiercebiotech.com
rc.cc
atproperties.com
topcashback.com
spillespill.no
phrenitis.wop.ro
accreditedmbaz.info
sz12333.gov.cn
federalregister.gov
kaoru-juon-kasane.deviantart.com
admsakhalin.ru
paradiseawards.com
cosmeticenhancementsforum.com
lowellonline.org
oje.pt
ustwrap.info
esa-dev.com
www.toet.nl
www.snowvillage.nl
vigiliam.com
dension.com
tzuchi.com.tw
whmsyy.com
amolli.wop.ro
viry.cz
templatesfreelance.com
sucessonainternet.net
h2o-space.com
mojowhois.com
fotochat.com
ps-take1.com
drummerforum.de
beautifulpeoples.info
be1.ru
mp3zone.sk
vooplayer.com
digitalpodcast.com
globalbusinesslist.com
hakecun.com
hacberm.345.pl
hiperlegal.com.br
edrc.cn
einetwork.net
viactt.pt
ronk.wop.ro
trendydressup.com
moneygreenlife.com
sypp.oicp.net
zigexn.co.jp
singaporebestsite.com
bestfreestuffguide.com
aku.edu.tr
rvb.ru
arisek12.com
dbox.cn
uszcn.com
marocdeal.com
diotka.pinger.pl
uas.edu.mx
cherrygirls.co.uk
alfor.ru
znyata.com
masterpisem.ru
siem.gob.mx
messe-stuttgart.de
posot.com.br
scrollsawer.com
xuec.wap.ai
intersport.at
hotmasalaboard.com
wiseseosuite.de
ucubakery.blogspot.com
imadmirer.com
primus-onlinedruck.de
twin-set.it
www.094.cn
linecoaching.com
goo2o.com
version-four.com
capg.com
blogspot.ch
mondediplo.net
trendystyle.net
conseil-constitutionnel.fr
adultwebmasternet.com
mysinema.org
cumbang.com
iflybusiness.com
damawang.com
estoesporno.com
indiatechjob.com
linkingdir.com
hhh258.com
0838.com
indiacollegesearch.com
onlinemarketinglatam.com
megacherche.com
serverdedicati.it
nega.ir
hortmag.com
mygolfspy.com
gamerzacademy.com
quietlightbrokerage.com
thaicozy.com
usahockey.com
cswed.cn
2810.gr
poboczem.pl
2jiy.k3y3.net
htnet.hr
www.csdz68.com
brandosa.co.uk
5ligi.com
seasons52.com
majortests.com
smart-consumer-living.com
emergenzeonline.tv
algadwa.com
hideus.in
enmaracaibo.com.ve
francis-miniatures.com
88j6.210000.org
erodvd.nl
kloxo.com
batclips.com
010so.com
deconstructioninstitute.com
rightscripts.com
medizin-forum.de
cine.com.do
minfo.pt
theeuropean.de
shoki-bai.co.jp
www.2014lang.com
compendiumblog.com
apsche.org
marketingcamp.dk
laptopfan.ca
smgov.net
plussvvs.no
mail.bg
heimbygda.puk.ro
buscapalabras.com.ar
derberater.de
menupan.com
toshop.ru
www.nike2012hk.com
cajacantabria.com
envilecer.puk.ro
abcconsultants.in
cacti.wop.ro
lalaport.jp
bigcontentsearch.com
jailbreak-untethered.com
myweb.sg
mettya-siawase.blog.so-net.ne.jp
dawnavril.com
tweag.wop.ro
hosteasier.com
ileon.com
ryo-ishikawa.jp
lantarenvissen.puk.ro
56ye.net
jesuitenmission.at
arindamchakraborty.com
shushpanzer.ru
otisak.ba
freelancehunt.com
erate.com
sexxxyteentube.net
abstractsonline.com
sanofi-synthelabo.com
v63.info
uacg.net
medfuehrer.de
page-view.jp
www.rcnn.nl
ibunker.us
honey18girls.com
avtotut.ru
digyourowngrave.com
loter.pl
elmonitodedarwin.com
modelcarworld.de
crawlerlinks.info
dnbnor.no
www.itdaren.com
drew.edu
mumzworld.com
mynextcollege.com
freizeitengel.de
hit-meble.com.pl
jscsdkj.cn
ktj.in
adamhaiqal89.com
manpower.com.ar
autonationdirect.com
desktoprating.com
tedxamsterdam.com
ip1188.com
1jyo.com
killerguides.de
studiovision.tv
download-fanatico.blogspot.com
morogate.com
indianpassion.com
yachay.com.pe
shopwithsocks.com
purple-directory.com
accor.net
moeauto.ru
actuiphone.fr
lorenzetti.com.br
xboxfrance.com
11-4-08.com
vcomlive.com
modelsownit.com
thebulls.co.za
j-club.co.jp
gooshnavaz49.in
gkillcity.com
newschoollearning.com
duoduo9155.info
lov.ru
besttabletpcsreviews.com
noix.com.br
internetjobplacement.com
tothego.com
galaxyygaming.blogspot.com
businesscreditcards.com
edu-backlinks.com
clickgold.net
silvereaglecoinsus.com
enigmatic.az
pamperingpages.co.nz
sexooops.com
mjingcai.com
megatunes.pl
vcbb.net
getcinemas.com
az-peche.com
cyberpornstars.com
ilten.wop.ro
atcoresystems.com
allsorts.typepad.com
sharedsoal.blogspot.com
vj-style.com
vergegraphics.com
biancabeauchamp.com
sac.or.kr
thehungergamesadventures.com
par30song.ir
www.pro6.tw
asiainternethosting.com
spongebob.de
e-mlodzi.com
hurdman.org
carlsoncraft.com
portalinoweb.it
racinggames.com
mcvane.ge
goodreader.net
4--all.com
schulminator.com
wysistat.com
muzsait.ru
17808.net
visuallinklanguages.com
caf-sassari.com
endir.az
deaio.net
thai-toku.com
7rm.es
oh-dara.com
fireprotectiononline.co.uk
onlinecasino.com
1stymnetworker.com
yourtribute.com
travellingcorner.com
ogmina.lt
komar.org
77yq.com
isleofwhisky.pl
indowebhoster.com
hshp415043.f31.net
sanma.wop.ro
gundemkibris.com
pixelsilk.com
richcontentdaily.com
tagbrand.com
slmhosting.net
toronto-lime.com
vaclavek.com
academiasuporte.com.br
tires-easy.com
wallspiritshop.com
lovecebu.com
getgenericpharmacy.com
prestashop.kr
popcornstudio.co.kr
mcsaatchi.com
caras.com.br
tcpd.gov.tw
adoresearch.com
kzplay.fr
wenzhangwu.com
analysysmason.com
www.0512xm.com
saranti.com
iklanmas.com
laipsinaloa.gob.mx
amezor.to
ucutathome.com
leobaillard.org
misaskim.org
sponsorall.com
petsafari.com
aospartner.com
ochnik.com
federmoto.it
coachbags-canada.net
tobacco.ir
sharpeproperties.com
thetotalwellnessdoc.com
guaguliaodu.1168.tv
tropicaflore.com
thecowsheds.co.uk
shrop-directory.co.uk
fuck-yeahpickuplines.tumblr.com
ist.de
rapunzel.de
fdbank.net
monogram.com
perucomputec.com
merr.pl
zonalatina.com
taishukan.co.jp
bible-truth.org
wikimundo.com.br
3dsigames.co.uk
hyebro.com
vg-forum.it
youthscience.ca
majority.fm
selectholidays.de
vinvino.net
alosikayet.com
nouveautoys.com
renpy.org
ukwritingexperts.co.uk
asyadizi.tv
yhq.com
usayouma.com
mihilaradio.com
taoyuan18.com
sdmd.pl
highoctane.gr
comocomprardachina.info
hanuma.net
pudit.com
zgmp114.com
techiestuffs.com
agregarenlace.com
fulek.natemat.pl
smoothjazz.com
www.aussielines.nl
4-bid.com
xresponders.com
karensopinion.com
worldvideo.us
talents-r-us.com
stitchingcow.com
digitaldrops.com.br
kidult.com
pjf.org.uk
muslimco.com
p0weredbybl0gger.blogspot.com
spamtrackers.eu
domlinx.com
coffee.cn
groony.com
mosaicholidays.co.uk
wikipokerroom.com
escortgalery.com
vmmweb.com
megapolis.org
yamato-baibai.jp
betterthanhcg.com
djembe-webshop.com
onestreaming.com
infinity-universe.com
mojaczestochowa.pl
chinafashion.cn
collcit.com
www.nvyoo.net
sunday-suppers.com
myblogguest.ru
ka30.ru
deepvision.ro
bluwom-milano.com
socialbookmarkingdel.info
iconandcompany.com
pimelea.wop.ro
890580.com
invendium-dev.com
finishingmachines.com
manifestvegan.com
cmsfans.ru
nusaduahotel.com
coasterfriends.de
xn--42c6aon7c9a9c.com
thehomeschoolvillage.com
newbornfree.com
uk-www.com
northcentralcollege.edu
frenchkissrecords.com
quanlcc.1168.tv
thelocal.no
i-shevtsov.com
adversuite.com
dru.ac.th
my-test.ru
ocbizblog.com
corsetframework.eu
dealshout.com
ehgata.com.br
promostelcel.com
realyestate.info
vbgeest.de
sasken.com
jamhands.net
bybygames.com
stwing.jp
willinggames.com
seobomb.ru
mediasports.de
www.dianying258.com
vbcode.com
etalab.gouv.fr
jokeadayforums.com
metrowheels.net
bcbr.com
tbhaodian.cn
banhouse.net
html5gamedevelopment.org
bannermakersite.com
adresdefteri.info
bauhaus.es
radiomuslim.com
kenong5.com
digitalenterprise.org
bjsxt.com
sepehrm.com
strow.wop.ro
654.cu.cc
oogartsen.nl
iwatchfilm.com
muchosjuegos.net
down.55.la
www.lfr.nl
ust-ilimsk.mobi
smarttravelinfo.com
1manfactory.com
cristofoli.com
educationaltoysplanet.com
churchpropertylocator.com
gladiatus.us
www.haaropmijnkut.nl
3301raw.info
chillies.co.za
autosource.fr
www.7kzhw.com
downloadtube.us
mircen.su
oldee.net
tinescc.com
jayashali.tv
dagougou.cn
dvwarehouse.com
miguelit.puk.ro
creatiblogs.es
77qe.com
linuxgid.ru
popkulturjunkie.de
www.nnsxg.net
ahe.lodz.pl
119la.cc
www.av597.com
themobilerevolution.be
aadesanjaya.blogspot.com
chamber.uz
southbayriders.com
inwierp.puk.ro
null-po.net
sara.nl
rimedical.it
xixili.com
bitsor.com
eade.nfdy.net
rinsho.wop.ro
liveactor.com
so-net.ne.jp
savingissexy.info
damenschuh.de
iphonert.com
magpiegemstones.com
expresigue.blogspot.com
car-online.ru
luckylarry.co.uk
northfieldnews.com
tricia.me
forums.playcomet.com
cancun-airport.com
cambags.com
enterprise-advocate.com
deathknight.info
metatest.nl
tasanet.org
thuoctridaurang.suckhoevietnam.info
12pay.co.uk
varitopi.com
rocht.com
www.regiodom.pl
christianlouboutinoutlet2012.net
ishouldbefoldinglaundry.com
goodir.info
sponsorpremium.com
toateblogurile.ro
chileanski.com
escortsbaires.com.ar
indiamagica.com
cakeduchess.com
1gr.jp
hostpj.com
jeffjohnsonshelpdesk.com
su-forum.de
registar.com
alt-usage-english.org
worldshottestbabes.com
buen-dato.cl
d101.org
train2drive.co.uk
zaytsev.com
phrplus.org
imusic-shop.eu
rusff.ru
songfor.com
be-yu.com
xixihuafu.com
dangbb.com
photonlight.com
kerastase.com
utroxz.com
rolandclan.com
payment24.ir
www.dj.ru
outnet.no
wagner-wiki.de
jxddlpw.com
virallistgenerator.com
straighttalkandroid.com
taxi-ptc.info
retrocollector.org
seoformat.ru
www.bjjtjd.cn
losgenoveses.net
www.soehardi.nl
rtl-longueuil.qc.ca
sociodaseleccao.pt
inventist.com
yelyahwilliams.tumblr.com
adin.pl
industryrockstar.com
youcams.com
autourduriz.com
befashionablestyle.com
lebensberaterin-hemma.at
orbiville.nl
world-hotels-travel.com
menslife.jp
tejaratclik.com
cod3sun.com
mercedes-benz.ua
ghostrecon.net
bartek.digart.pl
www.tty56.net
abtn.co.uk
wendian.com.cn
ourfeeling.com
thanksgivingpoint.com
colorcoat-online.com
vivirconmascotas.com
isolstyle.com
f1online.pro
ciaclicks.com
beavertravel.com
amymichleb.com
fcdallas.com
mashhadhotels.org
karmania.net
belito.pl
aquadiary.net
ureplicawatch.com
dh.520edu.com
aquatic-gardeners.org
mexventas.com
eurocarnews.com
unrealsoftware.de
23055000.ir
gesundheits-webkatalog.de
lovci-mgnovenij.moy.su
1massagestore.com
kawoa.com
irbw.net
plugando.com.br
makemoney.com.pl
prolineplayer.com
citras.com.my
fiberzilla.info
launchcapetown.co.za
citygas.co
wintech.net.ru
517jx66.com
itbinhduong.info
bergmanluggage.com
usbwebserver.net
atotarreu.com
outdoorandcountry.co.uk
traveller.com.ua
korj.wop.ro
mozinins.wop.ro
gamez.ru
aplogin.com
fcgb.net
milfs-in-films.com
datingfactory.de
u.by5.cn
topbestnews.ru
abeme.com.br
swishappeal.com
coupies.de
touchweb.it
soccerbarcelona.com
retratosagua.com
webmystar.de
websitenseo.com
livbydesignevents.com
hirevue.com
www.onskenia.nl
paulisystems.net
knp.ir
sznet10000.com
selene-esute.com
estilorenner.com.br
virginplace.info
hedgefundsreview.com
www.piaoya.net
localslobby.com
shinra.wop.ro
quierocambiarlo.com
provincia.re.it
proclub.ru
cuscatlancr.com
parsiland.com
whats-on-london.co.uk
cpa3y.net
interculturaldialog.com
raccourci.fr
e-print.my
niekrytykrytyk.com
alkawthartv.ir
bookmarkspad.com
our-journey-home.com
specialtocard.com
minimalmovieposters.tumblr.com
advicepsychic.net
iranlinker.ir
sanibras.com.br
getpaydayloan.us
peabodycash.com
dasheng3.dginfo.com
supermart.com
vegass.ru
androidappreviewsource.com
netmask.hu
pacificclub.cl
pogona-vitticeps.cz
healthygenerations.com
mombrands.com
osakacastle.net
www.ly234.com
l-osaka.or.jp
petlink.net
clicksotrk.com
rally-america.com
xdwy.com.cn
mgsn-invest.ru
rockasspig.com
88.wmahui.in
wildearth.tv
body1.com
www.lansehudie.com
sacu.com
gocountry105.com
lcts.pl
foxclub.ru
nakedmilfs.net
livepartners.be
rabattie.wop.ro
muscularpaindhg.info
www.seller.fr
vmuziku.ru
imasnews765.com
migazin.de
worc.ac.uk
tutoringmonk.com
18-print.com
izmirtime.com
ainone.com
retrochicbloog.blogspot.com
hofu.wop.ro
topgirlshop.com
honeymoments.de
madjacksports.com
business-idea.com
hansoku-express.com
ohaus.com
googledevjp.blogspot.com
storebars.com
tunsi.3rab.pro
hobi-elektronika.net
livingwater4u.com
chrislouboutinshoessale.com
kinaze.org
stylehomme.com
thrilld.com
iwacu-burundi.org
jquerylink.com
www.a119.com.cn
cineseinitalia.it
www.seob.nl
hentaitoplist.org
rivercafe.com
jinnah.pk
takwing.idv.hk
jiggybob.com
zensah.com
interierynapajedla.cz
matkap.ru
visionofhumanity.org
301123.com
chilaquil.wop.ro
clearstorydata.com
dsy.it
go2school.com.tw
passiers.wop.ro
biz2uk.com
haokan.fmx.cn
recordings.ru
www.sexchatnl.nl
photofc.com
sorularlarisale.com
iphonedevelopers.info
virtualwebsiteassistant.co.uk
imu.fm
jabberarticles.info
admiralmarine.no
sextantmortgages.com
bussecombat.com
ukphonebook.com
flags-flags-flags.org.uk
fpsjk.net
cfids.org
italydesign.com
snowplaza.nl
donnygamble.com
lissaexplains.com
barnsleyfc.org.uk
mozol.net
aisc.org
motortrendautoshows.com
aza.pl
jounin.jp
pelviano.wop.ro
radzionkow.pl
icn.com
mfa.org.my
photosfree.ru
lovinghosting.com
signitysolutions.com
tenminutesago.info
xs220.com
qiqak.cn
cnebay.com
start4all.com
seminars4you.wordpress.com
myhealthjobs.com
haffiliation.com
szon.digart.pl
mykatalog.info
circled.us
wsodailydeal.com
appgear.com
gilipolleces.es
heimatmu.puk.ro
fyygame.com
thepit.com
876786.com
green-patriot.com
travelplatz.com
bespecial.ro
wynnmacau.com
punbb.org
hotleche.blogspot.com
imageshost.ru
www.yxfed.com
titi.100hg.com
deltalook.com
carpartsdiscount.com
monstermania.net
lukafa.digart.pl
samplelettersworld.com
tourisme-menton.fr
stropex.pl
evotraffic.co.uk
www.isso.nl
spirica.jp
ghiacciate.puk.ro
appurasse.puk.ro
theclassifiedfreeads.com
nnmarkedsdata.dk
discountfilters.com
im-tech.ro
recurtrack.com
tablet4u.co.uk
cabanova.ro
86kx.com
lewy91.fecsegj.hu
arkana.pl
theflyper.com
sextics.de
seelenintelligenz.de
creditrepairthoughts.org
hrportalweb.com
sta.gov.ua
troublezine.it
launchlab.co.uk
pravilno.com
antreando.com
seximir.ru
dragonquest9.com
spihost.com
mountainbuggy.co.nz
electroburg.ru
www.job.nl
dealsandyou.in
pec.org.pk
carreiradeti.com.br
cellbharat.com
musikadisco.com
sovereignmarine.biz
theexperthost.com
jkc.or.jp
ands.dz
fussballfreunde-dresden.de
krtya.co.in
lutayo.wop.ro
tradeplumbing.co.uk
wishop.cn
icon-generator.net
televisionesychat.tv
freeyourdesign.com
life-x.jp
visionaroma.com
vistula.edu.pl
bibliotecavasconcelos.gob.mx
christianlouboutinuksite.com
premiumusb.com
tipbongda.com.vn
bluemoosetech.com
prensaerotica.com
cpsmexico.com.mx
ghdhairsalon.com
hg-times.com
autosphere.fr
qvcproductsearch.com
0312.net
my-sex-porno.com
aleinfo.eu
hostmonsterreview.org
palcraft.co.uk
todolohago.com
birangi.com
rational-online.com
bazarbaneh.com
vitebsk.us
tqm.com
colormunki.com
ircfast2.com
shoestringventure.com
mallwu.com
lappy19.blogspot.com
e46fanatics.de
mimioconnect.com
glossybox.co.za
meduoduo.com
selman.us
tvfornonprofits.com
zwyrol.digart.pl
8ws.org
misssocialnetwork.com
donation-net.net
digitalfototreff.de
dr-rider.name
uxbite.com
best-running-tips.com
ashleyrenee.com
hei.org
1lg.co.uk
cadz.org.cn
samsungsmarttv.co.kr
1stopfreeads.com
dhammakaya.org
bestcardmessages.com
doc-club.ru
damazha.com
seibun.wop.ro
cyberformateur.com
sslcommerz.com.bd
borneocolours.com
changeov.puk.ro
scissorvixens.com
helloamore.de
www.liveseks.info
neuzustellung.de
qdg.ca
moslemwoman.com
britishpapers.co.uk
xtrfund.com
top10seorankingssolutions.com
lamusicarumbera.blogspot.com
uc35.com
solea.wop.ro
whiteboard-flipchart.de
vinbo.com
sirenishotels.com
design-notes.info
digitalsonline.nl
org-chem.org
reaccoun.puk.ro
benacity.com
juwelenmarkt.de
businessinfo.cz
porno.com.ar
ufostories.info
bluff.sk
at4re.com
sharedeals.de
perficadev.com
live-learning.net
historialuniversal.com
1footjob.com
chineseporns.com
americancomedynetwork.com
artmdesign.ru
followyou.info
njindiaonline.com
comchoicecu.org
loianegroner.com
dk-online.de
fsmoffice.net
echelonbusinesssolutions.com
gybo.ca
xaradu.de
pixelknete.de
wavlist.com
epic-fail.info
journaldesparticuliers.com
gloomboomdoom.com
classequattro.com
soundstage.com
chm-pdf.com
espemporium.com
linotravel.com
daimer.com
salesindia.com
meke.cn
mindful.org
w1office.com
server-rack-online.com
pasjans.net
phpvalley.com
juegosdedoralaexploradora.net
otsvetax.ru
yu-kun.info
loteriard.pl
buildlastingsuccess.com
phimhaven.com
flyabroadvisa.com
1wc.tv
bakay.com.ua
sfcrowsnest.net
nikesnowboarding.com
jxzx.cc
opencapitalist.org
getmeinsure.com
dvdfab.de
new-liberty.net
streetracersonline.com
hungergamesfan.com
acquariofiliaitalia.it
doodox.com
mtworld.com
dailybuzznation.com
www.axa.fr
dirheaven.net
eventbug.com
vexeo.de
milano24ore.net
randomdetox.com
idealcloudphone.com
ver-series-online.com
mochilasescolares.org
waki-st.co.jp
wmurphy.ie
greatestsongsofall.com
kolab.fr
surp.info
firmenanzeiger.net
mediapark.com.ua
mahna.jp
rocknroller.wrzuta.pl
designtec.com.br
juudian.com
fontina.puk.ro
www.bpmt.nl
trang-fc.com
bbw.gov.cn
pianotio.puk.ro
waverly.com
is.com
fuckbook.co.in
dynoxicon.de
savvyhomemade.com
canalpc.es
zbsports.com
mareridts.puk.ro
8bar8.com
impots-loi-scellier.com
wamoodle.org
fiedor.wrzuta.pl
hao88802.qjwm.com
mrfreestuff.com
buyfansplus1.com
roupas.com
wasvrouw.wop.ro
frequencydesign.co.cc
markless.jp
spokane.edu
koudan.wop.ro
zskc.210000.org
blendernetworks.com
upafile.com
brunswickgroup.com
acacia-africa.com
maineventusa.com
nuroa.it
jingo.fr
spargeld.puk.ro
kinggriffeysneaker.com
conzentra.com
myelim.org
tulsakennelclub.com
ilovemum.ru
vsm1.com
cooec.com
suanita.de
seotoools.com
kizsohbet.com
qiaoqiao.net
forexoptionsbrokerz.info
video4asian.com
fchmed.jp
jorsta.com
tass-ural.ru
www.psyq.nl
oneamerica.com
sport365.it
blancreme.com
byterevel.com
estrenos-sub.com
buybacklinkscheap.com
etapafinal.com.br
dengidoma.com
filmforum.se
mega-maya.com
sul.fi
cannarias.com
mblite.ru
great-yarmouthdirectory.co.uk
allthetexas.com
miercolesdigital.com.ar
nationalcenter.org
artofzoo.com
teachingtextbooks.com
mymembersedge.com
cjja.210000.org
movetransport.com
30yo.com
adclickerads.com
us-lotteries.com
koyoerc.or.jp
www.veryhuo.com
munromorris.com
queculomorena.com
cbsd.com
freelance-seo.es
dopsport.ru
7k7k7.com.cn
exound.com
www.cndanqi.cn
hupan.net
bestwedding-guide.com
arsnovastudio.com
do-web.ru
jwest.pl
muncha.puk.ro
flagsonline.it
magnetdigital.com
inspiraonline.com
khluais.com
sudokuwiki.org
qqj5.qiwen5.com
emultrix.com
www.av.887e.info
hotcrazycelebs.com
creativeagency.eu
realitymorava.cz
meetbeau.com
cwkz.nfdy.net
f108.com
generika-bestellen.net
customwritinghelp.co.uk
jointhealthmagazine.com
freddyandeddy.com
www.skalet.nl
demand.co.jp
www.pornocammovie.nl
sexemarocaine.com
weddingrings.com
better-dating.de
relaxyourwork.de
ppted.com
cassazione.com
gooddeals.ch
eseylanet.com
wikipoliti.org
lacucinaitalianamagazine.com
ozgurdunyam.com
sirmeccanica.com
rjeemcom.com
hsbcglobalresourcing.com
sendspecialflowers.com
princesspetwear.com
onepausepoetry.org
downtowndeals.com
demaxmedical.com
porta.com.pl
98fu.tk
azarea.jp
xpertizegroup.com
lo8s.com
papercraftmuseum.com
merdum.com
cleartechinfo.com
xintu.net
web3dots.co.il
metrostate.edu
staff.edu.pl
mashportal.ru
skorevi.com
eset.de
onlinefilmvilag.hu
photoguild.co.uk
lkhlamps.com
blueskydisney.blogspot.com
leapzip.com
belialatmusik.com
cinemablast.info
tesalliance.org
regents.ac.uk
sobretelenovelas.com
rtb.gov.bn
lomo.com
intheworld.com
biours.com
assedea.org
al-shaaba.net
violight.com
cafeetrusca.com.mx
nopayhost.com
mathmen.com
freesms-senden.net
kingbus.com.tw
mycelebrityfashion.co.uk
periodismodelmotor.com
momekh.com
www.0937a.com
pertutti.info
qkzz.net
sidthemanager.co.uk
d71.org
itvmragowo.pl
ereselling.com
online-allsports.ru
sunburst.com
www.tssr.nl
pilica.net.pl
mozg.by
www.evona.cz
www.arcub.ro
financecareservices.com
rankimproverdirectory.com
darrein.wop.ro
djongor.wop.ro
denshind.wop.ro
greenthumb.co.uk
xjrc365.com
keypress.com
martialartsalliance.org
kiryu-kyotei.com
cassina.com
aleksandr-lavrukhin.narod.ru
51nanmu.com
bbs.qbj.cc
borda.qip.ru
ighd.nl
isbm.org.in
classroom20.com
japan-asian.com
tubexxx18.info
stock-board.info
pigglywiggly.com
wbny.nfdy.net
giornoenotte.it
i9skb.cc
www.ccstock.cn
niuniaschabunia.pinger.pl
ancewtry.com
jago85.pinger.pl
page4.me
jasapenulisanartikel.com
panamairline.ru
enpi-info.eu
helsingor.dk
www.qnss.net
volvocarclubsa.co.za
lauftipps.ch
spectrumresorts.com
forumchinchilla.com
desdeinter.net
konzong.co.cc
w3china.org
liumangcf.com
successus.dk
daqiao.org.cn
savita-velamma.com
humpfle.de
pokapoka.pl
timeserver.ru
yakfaceforums.com
taoqkl.com
www.hualee.com
onedirect.it
sexyteenssite.com
www.nvlt.nl
perfectbookmarks.info
centracare.com
sinemaonline.org
sawret25.com
999vod.net
iie.org
onlinebusinessbuilders.co.uk
incurs.wop.ro
566922.net
lasersightusa.com
lalati.info
filu89.digart.pl
share-share.jp
fareck.com
autostar.com.br
zdronet.pl
shubki.com
mascus.pl
harderbloggerfaster.com
onwings.hyves.nl
h00ligan.de
mirpizzy.com
verdoos.ucoz.com
bolognabasket.it
edunet.tn
asntown.net
topfreeslots.com
hamcity.com
koala-toys.de
ccmetro.com
cneiw.com
kyoto-aeonmall.com
zephyr-re.com
webinar.co
brockenstube.ch
hwanbu.com
amitoosservices.com
atwody.com
www.paracin.us
www.zglpc.cn
webeden.net
oscarbarber.com
www.geyin123.com
bambi-zabawki.pl
pyramidci.com
tujm.nfdy.net
m1.577gc.me
thtv.info
sandiegozooglobal.org
socialdelicious.info
pinpointfinder2.jp
unwell.puk.ro
joniofilmfestival.net
closecorp.net
adamieva.info
73ca.com
www.rexuesf.info
millimeterweise.puk.ro
bbog.nfdy.net
xlarge.jp
reiki.info
tmtm.org
klobingresos.com
taubenreuther.info
pingbozhuye.info
yuji.wordpress.com
www.huishikong.com
houseonline.be
pitportal.ru
originaloff.com.ua
thinglabs.com
design-your-homeschool.com
meteoalarm.info
addictedtoallthingspretty.com
rankingalexa.com
recordholders.org
aztoile.com
luckycath.wordpress.com
www.xingzhiwenxue.com
9422.210000.org
changyou.net.ms
45ddd.in
nursingdegreesonlinez.info
lays-union.com
lunlip.info
www.100huts.com
webwooky.com
prostomore.ru
pixfun.ir
master-fundraising.it
shoeshop.com.br
macsessed.com
database.com.tr
countryreports.org
korupedia.com
pvxt.nfdy.net
cienciasemfronteiras.gov.br
www.seizor.net
x5x-noc.ru
pfruender.info
downloadover.com
tune2win.com
mybenz.org
uta6.mirume.net
redbull.in
wattspublishinggroup.com
wttool.com
curama.jp
gforums.net
ytkd168.com
cursoagoraeupasso.com.br
megashare.vn
www.mh.fy.cn
www.dlwf99.com
cad-notes.com
wwmen.com
www.wurft.nl
unep.org
cimanez.blogspot.com
afgedane.puk.ro
juegosdecamiones3d.com
businesstool.dk
uncalk.puk.ro
gjilanhost.com
ferienunterkunft-bodensee.de
www.weetix.fr
chinawsh.com
prokonto.pl
jocuri.de
satechi.net
parolecitoyenne.org
onthesamehost.com
tratamientoparaladiabetes.org
www.0510fp.com
jutta-schumacher.info
hltnjm.78.cn
bendmeover.net
worldhunger.org
programmableweb.com
diggtoday.info
robmaguire.com
livingyourmoment.com
info-alberghi.com
sesniper.com
www.hedric.nl
peidian.biz
apasscracker.com
debit.com.br