www.syf99.com
ebebd.78.cn
www.dqwsgroup.com
colosseum.cz
www.t132.com
y7.net
chamboa.wop.ro
homeskoolrekordz.com
servicemanagementsoftwarez.info
daogouwang.tk
flugscha.wop.ro
crash-aerien.aero
t5dn.qiwen5.com
www.dlxj.org
mp3store.pl
yuki.tk
carritus.com
ifflo.com
ifen.me
powerman.wroc.pl
declinan.wop.ro
malenka1909.wrzuta.pl
www.af3d.com
dlfoidud.de.gg
dut.ac.za
maya.st
w961.wrzuta.pl
drop.io
deon.pl
theultimatebattleground.webs.com
korton.nl
olay.ru
scriptores.pl
ioi.prv.pl
bbs.zmd5.com
arsnovastudio.com
adslen.co.za
kreativavilag.hu
tech.mtp.pl
sexe69.org
aranias.net
www.23jiji.com
freewareforu.de
mp3zero.com
heart.clevel.cn
cryptosuite.org
www.automagic.cn
uzdatniamywode.pl
xrumker.prv.pl
hatae.wop.ro
q-bpm.org
nxk.91.cn
umtcn.com
europelook.eu
geektoys.pl
ucbcba.edu.bo
getthroughguides.co.uk
oranje-joggingbroek.istats.nl
katalogpomorski.pl
surfmat.pl
jmgc.9998.tv
mamaaja.sk
forex.pl
www.vovotao.com
www.whhaoyun.com
pakplast.com.pl
parafarmaciamasbarata.es
mt-web.pl
www.yiboo.net
huyenchip.com
mahjoob.com
loudi.17wgp.cn
accamaterial.com
ent.pote.hu
www.sunnulaekjarskoli.is
tazla.flog.pl
www.seo.ge
usesthis.com
kagakusy.wop.ro
vsluh.ru
new-skyliner.jp
dedra.sklep.pl
akkumulator.bolt.hu
lamaintenduethereachouthand.org
alliance-scotland.org.uk
lovemeitu.net
ubootwaffe.pl
rostock.wop.ro
fffuuu-maker.ru
bognorpubs.co.uk
tech2go.in
mwpk.nfdy.net
kooaoo.com
radiowawa.pl
shaundachambers.com
trainspotting-full-movie.blogspot.ca
www.sjzsmw.com
watacchi-world.blog.so-net.ne.jp
23637.com
www.ragonese.hu
funnews.ru
laprimitiva.info
makeup.com
www.nowamagic.net
norman.no
www.wspolnota-polska.org.pl
izjpjlfne.blogdetik.com
jod.flog.pl
sso.go.th
www.zjdts.cn
bukn.info
oneworld.nl
uz.zgora.pl
batnam.blip.pl
www.msz.gov.pl
nuss.56dvd.net
eleveneggs.org
stampfl.wop.ro
www.yeyecha.com
c-osztaly.mercedes-benz.hu
assassinerait.puk.ro
almwirt.com
cube3d.pl
games24x7.com
www.se78se.com
bloombiz.com
claaaudiar.digart.pl
presstrends.io
www.zxcpa.net
shanghaiseo.com
hypervigilant.wop.ro
sexxtube.org
tupfte.wop.ro
5bb.in
sejj8.info
kurir.mk
knobz.home.pl
uttousi.puk.ro
www.zbj1.com
madakiki-fc.deviantart.com
szkolajogi.com.pl
wengerna.com
take-off.aero
shell.yilanbnb.tw
www.fotoz.pl
novisa.wop.ro
www.shanghaidx.cn
rpxz.265link.com
laowantonggtt.1168.tv
999giochi.it
inwierp.puk.ro
craftboard.pl
gs24.pl
shop8586.com
acmilan.pl
tanoth.net
lolli.com.hk
se.20sqz.com
hcgamer.pl
beijing.ha168.net
elima.tel
oferia.pl
www.crystaledu.hk
artificialgirl.digart.pl
goodbasic.com
submitindirectory.com
kisio.blip.pl
freesolutionmanual.com
daiban.asia
afsatravel.com
ruosoft.com
www.care2.com
inou.pl
www.zzzrjx.com
sfd.pl
ostrowiectv.pl
www.funfire.pl
linas.org
dahongshou.com
pornoone69.info
sortesokker.dk
amur.ru
creativehobby.pl
www.wjyyfck.cn
gb5j.210000.org
nagytalalkozas.hu
www.experian.es
www.fanyu.org
adarshexport.com
www.wheretobuywholesale.org
sbl-web.dk
www.ilgatonegro.digart.pl
crcc.qiwen5.com
deploying.software.informer.com
ginfes.com.br
haili168.com
xl.yiwang.cn
biloni.ru
kollart.hu
www.cctv3-wyscw.com
prom.ua
twittertothemoney.co.uk
htl-bregenz.ac.at
manga.akihabara.cz
shimane.lg.jp
gzcxw.nmjt.gov.cn
www.xaxyx.com
chachala.com
egeo.puk.ro
momoutnumbered.blogspot.com
iamsport.org
geaz.tk
magikthemes.com
koirat.com
www.z3ak.4f9.org
km.86office.com
www.chuanqisifu.com.co
batdongsanonline.org
konfederata.nowyekran.pl
www.xbrc.com.cn
misiekpsk.wrzuta.pl
myvideogamewebsite.com
nfyq.nfdy.net
kekol.blip.pl
webformation.co
sanguo.fad3.net
geabonneerde.puk.ro
web.utk.edu
gre1directory.info
trf3.jus.br
5wrf.qiwen5.com
akt-online.nl
omaddie.flog.pl
mukajebo.prv.pl
cavalissimo.com
kmd.dk
zeroemission.eu
midmich.edu
dososinh.biz
chuyentulanh.vn
forums.ag
www.limasspower.com
swissparks.ch
www.mfslw.cn
www.ensjel.blogg.no
eskela.sey.pl
demo2.cz
sekodata.no
web123.co
holly.blox.pl
markt31.nl
www.fbento.pt
caoliu-caoliu.5d6d.com
hscr.org
www.muabandat.org
hbwc.juran.com.cn
olacz.digart.pl
wsap.edu.pl
letsplaygames.pl
adpedia.pl
audi-style.lv
verdomme.puk.ro
www.ykclean.com
scandal.rs
hadaria.puk.ro
www.shandsc.cn
keft.ru
zakopanenocuj.pl
joooj.ir
nasoloda.ru
linksplurk.com
90nb.info
os81.com
cs-elaxy.pl
www.aaishangjz8.com
delay-dengi.ru
nvrmd.digart.pl
m.baidu.mobi
www.4cp.cn
fridi.ch
miau.pl
credit-cooperatif.coop
graphics.beareyes.com.cn
skyrama.cz
www.aikmar.pl
koga.pl
abekku.puk.ro
adwheel.pl
neanderthalmarketing.com
www.leiyu88.cn
www.rqzhaopin.com
sadowniczy.pl
xnet.pl
moean.ru
bodega-privada.com
www.wangzhuan818.com
maan.at
obyvatele.cz
www.uilinix.com
fngzpguu.blog.cz
movezu.info
universityofcalicut.info
www.publika.md
seomoose.pl
www.mortgagepaymentcalculator.pro
lerel.wop.ro
cyouin.wop.ro
yuns.jp
110book.ir
carolepope.com
ymir.prv.pl
www.cwts.ca
bernardinai.lt
ind-x.co.il
kx.wgdnf.info
healthwomen.com.tw
wassit.info
biblioklept.org
qantum.pl
www.0531go.net
effician.fr
najlacnejsinabytok.sk
www.chasaobi.info
thecoolbean.org
www.yangwo.net
dpiphoto.eu
renf.pinger.pl
uafortsmith.edu
burned.pl
cq.chinahrt.com
polinox.info
web-springer.ch
alatest.pl
smt-sps.com.tn
www.wlmqradio.com
ttyy.net
tankauto.eu
aspick.wop.ro
www.fangqiukui.com
swps.edu.pl
xmorsiriusradio.showsina.info
cjza.210000.org
ling.pl
verdiktor.com
caodanai.info
sgyy.cn
bingxiang.biz
18boybeauty.com
acetarious.puk.ro
mylifeinleeds.co.uk
cakenetworkaffiliates.eu
021.uni86.net
chocobox.pl
www.mercedes-benz-nakano.jp
coocha.co.kr
www.fbi110.com
autosules.lap.hu
www.dajuanzhi.com
stampsma.puk.ro
megamarket.pl
islamtv.biz
docbase.us
hotelewam.pl
powermeetings.pl
www.ylusb.com
indiana.edu
pkpkaa.cc
drizzcraft.com
webtrunki.pl
bj.51tie.com
sans-sucre-sans-sel.com
www.xoh.be
www.aztv.az
lasson.wop.ro
www.fdjzs.com
flynow.com
otturando.wwwwww.wop.ro
armia-centrum.pl
boxofphotos.digart.pl
jerf.nfdy.net
mirrorreaderoffers.co.uk
apple-faq.com
alufupus.htw.pl
taumel.wop.ro
www.scldh2.com
i-favoriten.info
ogfitness.com
1219.210000.org
www.zgtuango.com
listingtop.com
artelis.pl
www.hbzx.org
www.987aaa.com
antman.info
raz79.blox.pl
isdh.265link.com
loan-fast.info
adreklama.ru
wgno.265link.com
policymic.com
www.kuaibo.li
1000islandselectronics.com
hotcocoa.biz
leeeli.com.pl
iphonehoesjes.goedbegin.nl
uelbosque.edu.co
oznaczenie-ce.pl
yoyob.net
blogsport.ro
kwiatowe.be
www.ecommercetimes.com
website.tc
roughporn.info
kaikouit.puk.ro
polecambank.pl
pokupay.by
ubdt.210000.org
rafting.wop.ro
ikzoekeentrouwauto.nl
converse.es
legacytales.net
ttrumble.com
marseille.tv
ihookup.com
koromvirag.hu
mega-tds.net
andsoiwatchyoufromafar.tumblr.com
bbs.woeps.org
3gdh.hk
www.wuyishan.gov.cn
suzannadanna.net
communitywebs.org
chunxin8.com
lsatwin.net
nakayama.wop.ro
wsz.edu.pl
kvinnene.puk.ro
www.gramatneusiedl.at
www.daocy.com
bb-napoli.org
dotamaps.ru
fitorfat.info
rv-studio.pl
021dlwl.com
donativo.puk.ro
respecterais.puk.ro
oponovum.pl
72t1.210000.org
alweb.ch
www.tuopiji.com
sitsudok.puk.ro
crackle.com.br
spinna.wop.ro
r7rr.56dvd.net
mark-styler.co.jp
bullterrponyva.hu
wahmommies.info
aangeplakte.puk.ro
et1y.k3y3.net
crbone.info
creativeparis.info
crowdfunding-deutschland.de
crushitoncraigslist.com
bartek.digart.pl
seo.cylipin.com
cs-amazing.pl
csgia.org
screamoboy.ru
nabnevis.net
cwhaticando.com
cwlp.210000.org
cyicukolm.typepad.com
lawguide.co.il
91ggg.aa.am
um.edu.mt
cyrkulewski.pl
nudesplanet.com
d3webdesigns.com
vestraat.net
www.dlutcool.net
dach.de
www.lornetki.pl
www.eoyoo.com
dachuan.66law.cn
dinfone.info
ramar.wop.ro
biodeals.de
master99.com
bloggerjobs.biz
prlistplus.info
weglowa.blip.pl
hsn.com.pl
tialoto.bg
burs.puk.ro
dacixi.com
rechtslupe.info
peridial.puk.ro
www.shougej.com
recurvit.wop.ro
dagslyse.puk.ro
ekr13.info
veho.qiwen5.com
wptheme.eu
io.com.gt
www.kpf.pl
www.dg234.com
winningways.com
morosycristianosorihuela.es
www.sxluniu.com
www.riri666.com
w22.pl
ascension-wow.dk
dailystyle.info
ohno.soup.io
eskapada.net.pl
hzw.51wan.com
c7.6pdy.info
pakrishta.com
esmalagha.ir
zacla.edu.pl
dalegas.com.uy
klublifestyle.pl
rrrppp.com
webhostel.pl
shinephp.com
e-monki.pl
robo47.net
dandoporculo.com
mp3.com.pl
danhba.vdc.com.vn
freeshop.lt
datavis.ca
dazer.soup.io
amill.pl
tecsupport.info
bookmarkin.info
de-signone.co.uk
rskomusic.pl
enkol.pl
www.postnet.pl
debaj.ca
debonaire.puk.ro
dehajime.puk.ro
lol.garena.tw
blog-pinger.com
dekobaza.pl
planetarium-hamburg.de
vdv.crimea.ua
klineconstruction.info
dementia.pt
dafuq.info
freelists.org
qurl.nl
toplistenserver.info
dets.wop.ro
www.kamex.hu
www.cdsyfs.cn
deutschegirls.de
www.bzrzx.net
deutschesee.de
tekshop.co.uk
dgzgz.78.cn
euroclinix.com.pt
diavgeia.gov.gr
diet4all.info
dijo.ro
dilli.wwwwww.wop.ro
nyaweb.co
directindustry.fr
directorybid.info
tateobi.wop.ro
disciplinons.puk.ro
troedlern.puk.ro
disprophar.com
ncoast.info
smietniczek.pl
divagavi.wop.ro
krasnogorsk.info
www.mkxysy.com
www.trade.lt
django.pl
djbudi.prv.pl
www.52-gou.com
www.665mi.com
sadistic.pl
internettarifrechner.de
dls.gc73.com
pryj.info
tzjcxm.78.cn
kcpp.qiwen5.com
zs.efu.com.cn
dnflf.kickme.to
k363.18p2p.info
dobradieta.pl
eldiario.com.ar
dol.gov
domico.info
domolink.tv
club80.ch
domy.pl
dooktor.pl
lagrettemann.wop.ro
dregslist.net
silfid.es
drive.gr
www.chinareform.org.cn
prestigewashrooms.co.uk
drossos.eu
drukton.pl
women.it
dtv.gov
dukandiyeti.info
duzylotek.net
anticapitalistas.org
iranianlearn.com
huegel.wop.ro
lww666.com
tui-guang.net
areyes.info
gf-porno.com
dvbtv.prv.pl
fabfab.net
dwiattorneyz.info
dwsilks.com
dzz.cc
www.jd3j.com
kishindo.co.jp
ranking.pl
corinavos.hyves.nl
fuscia.info
e-nocleg.pl
e-pal.me
bettingcrown.com
e-shuushuu.net
earthrights.net
www.swingfoto.be
easyfm.lv
seizor.net
procarcare.com
fitmax.it
tj.454.cn
ebookfree24.info
www.djzj.org
eckankar.org
efri.puk.ro
ejka.blox.pl
elektrocabel.ru
elhuyar.com
memburu.info
elmar.ee
eloproject.com
www.viwin7.com
emitel.pl
emktagc.info
emsi.blip.pl
enesonora.edu.mx
enterbio.es
luxtime.pl
www.xxx733.com
grembud.pl
thx99.info
entertudo.com.br
eplastics.pl
nazwa.pl
erogu.sexysexy.info
esferabr.com.br
mebelport.com.ua
prachtlievend.puk.ro
etlz.nfdy.net
smartpress.cz
etravel.ch
mmjdw.com
wrokt.wop.ro
mabalacat.puk.ro
kks.8x5x.co
www.bady-shop.com
eudal.wop.ro
vccinews.vn
ewebarea.info
bima.astro.umd.edu
facepad.tk
fairmedia.se
famosa.wop.ro
fangensk.wwwwww.wop.ro
blog.imamoto.biz
fas.edu
prosines.wop.ro
fashionjp.net
1megamarket.ru
lipto.info
kino-dom.tv
www.ntmb.net
fatal.pl
www.ooxxnow.com
www.omga.me
slamander.wop.ro
fcwap.net
mail.21cbh.com
chopdong.net
ien.pl
feed.feedcat.net
festiwale.info
www.shiluan.com
fhcx.nfdy.net
filesonic.jp
filmpreise.info
filmypsp.pl
www.jncyjj.9998.tv
findvej.dk
bookmarktoday.info
www.aucklandtrains.co.nz
darty.it
sou.wjw.cn
mtcu.nfdy.net
firstus.org
ultras-tifo.net
fishemania.ru
winerman.puk.ro