www.2345se.com
fastdownload.co
noefv.at
fes.org.al
www.txyxgh.com
hra-news.org
avejar.wop.ro
azmoon.net
barrenn.flog.pl
kotuen.wop.ro
lt9d.k3y3.net
minerva.co.id
www.wanted.ch
marblefa.puk.ro
txcp.cc
ngocha.com.vn
knomobags.com
d-p-h.info
www.wawaji.co
97.84474.com
3034.cn
c-o.com.cn
check.bpn.vn
morish.com.au
tablons.puk.ro
punky.wwwwww.wop.ro
tcrh.gov.cn
atap.wop.ro
viervoud.wop.ro
servertalk.in
www.8ymd.4f9.org
glgbpx.com
www.binglidan.net
hntkw.com
roowei.com
neefs.wop.ro
www.av1414.com
bijon.puk.ro
enahojyg.blog.cz
knowzon.com
socialbookmarkingsubmissionsiteslist.info
slemish.info
40379.hemelsesex.nl
antoni.puk.ro
e-bach.eu
nages.wop.ro
cargotycoon.pl
pk.vqq.com
broadsha.puk.ro
alcar.pl
www.rogavis.no
asta66.hyves.nl
fishki.pl
mypornonline.net
www.webnet.lv
dfuu.210000.org
eliche.wop.ro
seamframework.org
wowbigs.info
migishit.puk.ro
mywebsitepr.com
sponsor.sexpartnerkontaktanzeigen.net
cassolet.puk.ro
bo2pic.ir
digitalfototreff.de
tgs-tennis.de
renem42.hyves.nl
4njd.k3y3.net
pogues.digart.pl
www.waga-waga.cn
blackbearhouse.pl
hassex.net
cz.zxbo.net
kaptajn.wop.ro
nj.newssc.org
abflusses.puk.ro
expressla.info
www.antyspam.pl
koenne.wop.ro
www.303dy.net
www.chuwei.biz
hupan.net
www.icaac.org
iceri.elk.pl
verlamt.wop.ro
caspi.az
filizankawy.polki.pl
myadultstore.net
teakdek.pl
aifsabroad.com
www.bet.co.za
erklaere.puk.ro
edelnerd.de
sanborondon.info
www.sooqu.net
qihua.cc
india-center.org
2012.forumspb.com
vistaprint.biz
cjinc.info
buy.shanhuojiaoyi.com
sesexxx.info
mscnoticias.com.ve
www.0816yst.com
blox.pl
860860.net
unterhaus.at
odesksolution.blogspot.com
natureforkids.net
bbs.17hair.com
www.bank.pingan.com.cn
onmam.com
chinaz.com
jqnk.nfdy.net
gartentipps.com
www.cbtol.org
ishibori.puk.ro
abipona.puk.ro
hk49.cc
www.511dh.com
mpk.czest.pl
5hk.hk
gs.189.cn
www.news.bg
www.mp3.kg
cioswnos.pl
b684.sutra999.net
isport.blesk.cz
adjunta.wop.ro
u-ryukyu.ac.jp
newrose.digart.pl
a2zsocialbookmarking.info
logiprint.es
esmf.pt
lublin.pl
iqdo.info
shijiazhuang.baixing.com
serug.wop.ro
tjana-pengar.nu
xixichengyuan.com
geschell.wop.ro
www.bosup.info
slideme.info
sazla.com
flikk.wop.ro
www.wchcz.cn
4sonline.org
cads.pk
karakapli.net
zbierka.sk
globmail.pl
nogreaterjoy.org
elsiglodedurango.com.mx
market-samurai.pl
job.bjhotel.cn
cellutitis.org
poe-m.info
aql.awe.jp
dejoie.puk.ro
prwv.info
tectospo.wop.ro
viuu.nfdy.net
se.669mi.com
www.yanzihome.com
51tes.com
i2zh.k3y3.net
itexty.sk
gk.chsi.com.cn
hostrullen.se
demurrage.wop.ro
saifalikhan.eu
pedie.eu
glaciona.puk.ro
gouwu.15566.info
casa.acasa.ro
ppsri.org
peeres.blip.pl
galiciana.puk.ro
icebergbux.ru
volts.wop.ro
igeta.wop.ro
www.91vpn.org.cn
www.125jia.com
www.chaoo.info
glib.wop.ro
rapnuty.pl
www.danova.dk
www.gdydb2b.com
diodati.org
xiezuo8.net
wetter.at
looktech.info
news.k618.cn
profibiz.cz
ruez.eu
sinomar.com.br
chocolatetcaetera.fr
bookmarkyaho.info
nongbiyadysh.1168.tv
www.jncyjj.9998.tv
rantapallo.fi
gli.tc
fuoco.blox.pl
smzt.kuwo.me
www.sdw.pl
ikaten.wop.ro
zuopin.4399.com
casamergaz.com
www.ysl-5a.com
wassalbert.lap.hu
shrek2fullmovie.blogspot.sg
cjdout.kr
untz.ca
monark.tur.br
www.yinrengu.net
dj.kenhdj.net
radio.orf.at
cn-english.cn
mahindraxylo.co.in
piny2002.tk
communitywebs.org
shibuheya-shinjuku.jp
belyegek.hu
overfly.puk.ro
fannywang.com
vichyconsult.es
nonperce.puk.ro
medvuz.info
artykuly.com.pl
topdj.by
bjhongbang.com
www.arcned.nl
ssszmzh.org
toumpano.net
kimipe-movie.jp
rcmart.com
kocgcupq.blog.mongenie.com
tameraonline.com
panetela.wop.ro
kibi.flog.pl
beskoinet.info
www.saodh.com
pathlink.info
91porn.aa.am
yayoi.wop.ro
88uu.info
cf.135cf.com