nuanpp.org
nyuujyuu.puk.ro
pemper.pinger.pl
jiexiu.tielu.org
btsearch.pl
www.ntit.cc
bbs.3xyc.net
www.gwar.pl
pugni.wop.ro
journeyman.cz
www.pornopaarden.nl
happytest.com.ua
threee.dk
graphics.beareyes.com.cn
listal.com
www.hy1158.com
mil.ee
tools.store.ro
www.bilvzhuangshi.icoc.cn
www.0096.info
finance.most.gov.cn
microoven.info
vectonemobile.se
supercias.gov.ec
flyringtones.org
olafl.de
hbjmd.78.cn
www.bjvolunteer.cn
goinertia.info
99zuoai.info
www.fanel.ro
meijiri.info
linktake.info
wassalbert.lap.hu
xxzx.hbucvc.info
on24h.info
turbanto.wop.ro
tablica.pl
tewpik.com
www.vfast.com.cn
www.sjhfs.com
knowhow2go.org
www.k720p.com
myhotsexypics.com
www.9423.me
electrostudio.gr
180724.com
izqg.265link.com
pivpiv.dk
www.gwktravelex.nl
www.news.admin.ch
www.chhome.cn
www.maler.ch
vqrt.nfdy.net
online-24-7.ru
gf30.nfdy.net
www.51selangwo.com
rapatuja.digart.pl
math.co
www.eeidc.net
toplistenserver.info
pythonfinder.info
halses.puk.ro
pucminas.br
www.90km.net
boxhillvietnam.edu.vn
ons5.info
4paredes.ru
stukbreek.wop.ro
lagor.org.pl
web-masters.org.uk
www.qiifu.com
galakleding.info
www.annaguseva.com
vandale.nl
www.kouyi.org
sitetiffany.info
agakolo.flog.pl
multikod.pl
cqsf.name
dyspneic.puk.ro
youngminds.org.uk
hebinzhicheng.com
yeguadadelrey.org
wetter.at
abbrunar.puk.ro
www.zyqh.net
afbudsrejser.dk
eslteaching.info
av3.5555av.com
mc-s.nu
skypehelp.com
emumame.ru
adrevamp.com
newyoumag.com
pozvonok.ru
contexto.com.ar
myeq.nfdy.net
www.5ee.com
sport.com.mk
www.799.com.cn
vru.ac.ir
bantincongnghe.info
zahlenwe.puk.ro
www.fealab.com
darty.it
www.vuv.cz
ifes.edu.br
goro196.wrzuta.pl
juve.by
gamecard.mobi
uwm.edu.pl
allebiler.no
mdc.1168.tv
pustamiska.pl
recherchieren.puk.ro
cdu.info
kangannews.ir
www.forumcenter.hu
transparentwebsite.com
www.3mb.nl
goten.jp
mklj.si
www.scdzzx.net
can-bee.com
poliuria.wop.ro
britaine.co.uk
jjrcw.78.cn
www.bbieshu.com
misreput.wop.ro
celava.wop.ro
sugei.info
piprojekt.pl
www.pacio6.digart.pl
singlereisen.de
pcpd.pl
craigrogers.co.uk
vuilnism.puk.ro
91ggg.aa.am
www.lizin.hu
radioelmundo.com.ar
fleshin.ru
weltfremde.de
lotoftalks.com
geiliit.net
tousokuh.puk.ro
chachala.com
detoxyouinfo.com
sereine.wop.ro
website.at
walth.puk.ro
skylarkwheel.info
greggypedia.info
rsk.it
f.epe.at
www.941ws.com
sscn.pl
weatherarticles.asia
dtcm.gov.ae
a.qsdg1.in
cpost.cz
kccr.265link.com
openoffice.org
sexcover.pl
hxjy01.atobo.com.cn
www.securite-sante.lu
themedev.me
lechia.gda.pl
www.alumec.it
avoues.puk.ro
qhtygj.info
rr5r.info
rangel.wop.ro
guerrieri.puk.ro
inntektsprofil.wop.ro
z4.laomo.cc
c211.210000.org
shopxinh.info
tkma.co.jp
wsoso3.wangzhuan777.com
kinsun.info
modosa.wop.ro
7766suncity.com
3vjr.k3y3.net
torinofc.it
sdoppino.wop.ro
mhxx.96pk.org
geovisions.org
www.gtjzjx.com
dosklejania.pl
azzs.info
www.hamkam.no
accables.puk.ro
youpornbuzz.info
neftegas.info
zouei.wop.ro
anthonyrobbinsfoundation.org
meydane.info
groteoorlog.be
dhao.56dvd.net
creativegroup.com
olgaurchenko.ru
www.yupiteru.co.jp