bancointernacional.com.gt
b20o.265link.com
lutyk.ro
finya.de
phenomiix4benchmark.7h1.info
poplinet.puk.ro
1o4.jp
ons5.info
canonical.com
topgoogle.info
gadufoto.pl
www.shuangchaa.info
obg0.265link.com
vinothek.info
allianzras.it
www.mxrdy.com
tagvi.wop.ro
cksmh.gov.tw
www.xiaosege.in
lww666.com
on24h.info
www.yiren1.co
cctvxf.com
byethost18.com
atehenmei.com
czejennet.prv.pl
hdva.265link.com
natureforkids.net
www.jiuxianwang.cc
newlikes.com
ghostpro.vn
hntkw.com
www.52pojie.cn
naanad.info
gotbusinesscards.info
efox.cz
emhotep.org
inlink.linkhelper.cn
www.wspx.org
vurq.210000.org
www.merkur.de
agapioro.blox.pl
southernrailway.gov.in
disneylandparis.ie
numero-tva.info
marlboroblacks.wordpress.com
10directory.info
periodico.co
unrolls.puk.ro
wordpresshosting.es
99bbbb.info
tankauto.eu
ssnq.nfdy.net
arestdesign.info
www.hub.hr
xx.58.com
zamalek.sc
nkp.digart.pl
jianghuaidujia.taobao.com
www.xoaaa.com
zhidao.gxp.cc
drawspri.wop.ro
wzl.pl
tnec.co.jp
yareads.com
www.dajuanzhi.com
dirindex.info
www.ppp47.com
www.aid.nl
wykladziny24.com
www.hvs.hr
literallyinspired.com
telkomsa.net
cofunds.co.uk
chloie.xfree.hu
adminwiki.de
sss2.aa.am
babelmondo.it
evep.nfdy.net
rechecker.com
seolinkdir.info
pumppricer.info
rankking.pl
miee.tk
webfail.at
zgsm.nfdy.net
cwlp.210000.org
enable.hku.hk
kathleenleavy.com
floralandhardy.co.uk
2.qise.us
primely.wop.ro
www.172dl.net
7oranges.pl
zmarzlena.digart.pl
erpy.nfdy.net
opiumbakery.com.tw
southlondoncollege.co.uk
michaelwinkler.de
www.1cc1.info
gaysize.fr
clapico.com
dejting-experten.se
dnflf.kickme.to
raileurope.ca
dklogs.net
classicmustang.sk
yunfu.ganji.com
erheblic.wop.ro
www.jzwalk.com
3ndme.digart.pl
www.diancifa.biz
brays59377.huijucn.com
kamillahc.dk
www.yinxing.name
leadyou.com
www.nice.pl
obyvatele.cz
rfidequipmentleasing.com
diekantinen.de
berkeleycollege.edu
www.czi.cz
guihuaxiang.com
movirutcamb.blogg.se
craigslist.com.mx
purecash.co.il
ymm.blip.pl
www.nso.mn
uhakmon.com
yase.wop.ro
hollowne.wop.ro
castellanza.va.it
zoodo.com.pl
qgap.210000.org
saabklub.pl
katalik.pl
aapostro.puk.ro
icons.co.th
kolesa-online.ru
superjoc.ro
the-friesens.net
slemish.info
dy365.tv
olgurban.com
www.thangmay.org
www.smaki.pl
peterbergmann.info
nptp.56dvd.net
superangelical.wop.ro
wechselwinkel.puk.ro
mariohry.info
aussie.fm
putokosvijeta.hr
www.12306.cn.cbt9.com
schriel.wop.ro
klangmassage-adam.de
yaokx.info
cheapsmarttv.info
www.zhufengslate.com
mirvinograda.ru
competet.puk.ro
daveguindon.info
www.epcopy.hu
exsoft.org
diplotop.fr
3w-media.pl
joy-tech.info
szempilla.info
granddesigns.us
yifuqiankun.com
bernthaler.eu
musiccube.jp
wilner.wop.ro
lazzero.info
1182.org
dsource.org
windowslive.de
www.6bw1.4f9.org
ncb.ly
www.msxx.cn
kwdhy.78.cn
mia.htw.pl
listbox.com
lolcats.soup.io
start-line.net
dyfk.210000.org
cl.orc.st
dnbp.nfdy.net
invaren.wop.ro
daddysdeals.co.za
seilasene.wop.ro
attosoft.info
thinkphp.cn
namikogahier.com
anupa.puk.ro
vcb.me
raiu.wop.ro
napiprojekt.pl
mukigens.puk.ro
texy.info
soyiquique.cl
radiowawa.pl