germi.puk.ro
www.colima.pl
unthrash.puk.ro
lotos.pl
anntgg.tk
www.skinfit.eu
www.tropicalshow.nl
www.xs222.com
wspiz.edu.pl
razved.info
linkscr.info
brighton.co.uk
boyfleisch.4gays.info
mzzj.net
www.waeco.no
bobokan.info
yihaoquan.com
growingpower.org
lagrettemann.wop.ro
ytj3.265link.com
fishnews.ru
ipaddressapi.com
wangyeba.com
bohdan.info
orientuslodz.pl
januario.wop.ro
gsdh.k3y3.net
www.saovangvietnam.com.vn
epf.pl
tnec.co.jp
ccftn.com
xkiniax.digart.pl
juancong.com
4opz.nfdy.net
dvvo.k3y3.net
www.kk3j.com
ryojou.puk.ro
concrete5-cms.de
xxoo.75hi.com
www.muhezhizuo.net
3vjr.k3y3.net
jrpg.jp
l6s4.265link.com
chevrony.puk.ro
schoof.puk.ro
tuzmester.hu
schee.wop.ro
puisterige.wop.ro
haisenat.wop.ro
mugnn.info
szsweb.com
4hf.de
lusting.puk.ro
onzetaal.nl
favoriten4you.de
6ddd.info
www.burggraaf.nl
www.0731oa.net
giftservice.pl
5joh.qiwen5.com
www.cavee.cn
wisniowski.pl
awsa.265link.com
xxy2b.com
dungri.wop.ro
www.aid.nl
puro-ocio.info
zsze.de
klublifestyle.pl
unsort.puk.ro
siamusic.net
www.pvp.it
weltfremde.de
mela.wop.ro
cnc.fafafa888.net
gnomonika.pl
shimizus.wop.ro
wdziek.info
chargers-express.co.uk
www.qingmo.net
www.creativeloafing.com
aankoppe.wop.ro
ginfes.com.br
kajibou.wop.ro
otolista.pl
www.0574h.net
www.ledinside.cn
dagstuhl.de
www.jiese.in
vsoloviev.ru
kaluweb.fr
ony3.qiwen5.com
av-workshop.net
www.tula.ru
orbiville.nl
immondic.wop.ro
pariera.puk.ro
soutikou.wop.ro
chunseju.info
drivingsalestv.com
wap.tmyx.info
matsugo.wop.ro
www.myoula.com
careerjet.ru
watch-wall-e-online.blogspot.dk
jrsebooks.com
devhell.ro
startutazas.hu
www.yuehuib.com
zhck.210000.org
aanaardi.puk.ro
www.tvtravel.ro
www.52letv.com
alsagerchessclub.co.uk
femmine.wop.ro
cdd.cn
thecae.wop.ro
zhdsy.78.cn
www.qq114la.com
events-holidays.todio.info
twsearch.info
videorama.gr
chinaprint.org
coglinked.info
logga.me
statman.info
vespucionorte.cl
captcha.biz
unsanften.wop.ro
www.ptbg.nl
rt-tracker.org
socle.wop.ro
on24h.info
ktokogo.pl
viaggi.cz
www.tongrentangkj.com
maplecre.puk.ro
immobiliare.it
wapgf.info
www.smileagd.pl
lelekahobby.ru
adivohost.ru
katherinejenkins.co.uk
gusta.puk.ro
verbaco.de
www.lishi99.com
usavdo.info
pannonklima.hu
realyestate.info
qrct.210000.org
anli163.info
nuanpp.org
caseminiitx.7h1.info
firethost.com
d152.dyy03.info
lww666.com
forumrpg.ru
golden-circle.biz
burat.jp
www.windows7keysp.com
sdyskfyjz20f.1168.tv
innisfree.co.kr
vistbpl.org
obchod-detem.cz
faststart.ru
www.kuaizip.com
liuzh668.com
www.y3366.com
www.afailure.tk
hupan.net
hdva.265link.com
dnv.org
acii.digart.pl
www.hh7hh.com
www.onlineseeding.vn
fictionalley.org
gb-china.cn
dreamtube.info
www.520lady.com
galerarox.net
blindden.wop.ro
citydomain.com.ua
pilsacher-batzis.de
girri.blip.pl
bo2pic.ir
maltsandmore.de
warnet.ws
www.abc120.tk
www.bhsv.nl
fashionvstyle.info
centrumkrzesel.pl
mastiquerons.puk.ro
dimock.ca
www.jzwalk.com
itvmragowo.pl
ll0.eu
alley.wop.ro
humyai18.info
french-property-1st.co.uk
trucununweb.page.tl
gewichtigste.puk.ro
medikalize.com.tr
freehentia.net
netenergy.net
wz.yq920.com
kirstenkors.hyves.nl
hypolimn.puk.ro
www.sn0769sn.com
canyonco.org
nj180degree.net
wlj.com.cn
guihuaxiang.com
pivote.wop.ro
www.znjkw.net
www.xxx661.com
akt-online.nl
icio.us
twirate.ru
cloudydesign.net
pqvl.265link.com
furriners.wop.ro
aforizms.ru
fpress.info
zumaya.wop.ro