el.wiktionary.org
ugteuskadi.net
gt78.210000.org
wehrdienst.puk.ro
abbrunar.puk.ro
getaetigte.puk.ro
salon.com
xgnn.nfdy.net
www.0551bj.com
arthus.puk.ro
sirja.wop.ro
leist.puk.ro
www.oradev.net
creatorspark.info
agnostics.puk.ro
grynet.puk.ro
www.moliniao.net
dollarra.wop.ro
tavoli.hu
aprohirdetes.biz
felvidekivarak.lap.hu
czech-properties.cz
primeb.puk.ro
esfri.hyves.nl
aanplak.puk.ro
bungee.co.cr
webset.com
hg919.cc
volait.wop.ro
entends.puk.ro
kzkgop.com.pl
abelmosk.puk.ro
xmm.co
43597338.7b.cn
zewf.nfdy.net
kweet.puk.ro
ozxq.nfdy.net
iba.edu.pk
guihuaxiang.com
atena.puk.ro
www.egenz.com
ifyouwantblood.de
www.ets18.net
censasyntyo.blogger.hu
pornoclipz.nl
www.ancool.net
sainsbur.wop.ro
www.anmo0451.com
mmil.qiwen5.com
admin.ev123.com
selfseo.info
bbs.dt123.net
yuansuy.net
listaseo.pl
www.4489.net
zizitsu.puk.ro
aplacetolovedogs.com
lunliba.info
changchuncc.net
mcdunn.puk.ro
blog.soa.org
weresorry.org
www.pres-aix-marseille.fr
bud-man9.webs.com
abgesprochenes.puk.ro
wwv.188vod.net
7t2.info
uploadpic.org
mandag.puk.ro
www.3hao.org
hupan.net
nqsnzaybrt.blog.mongenie.com
onzetaal.nl
www.meihaojz.com
a.chip.jp
chugcore.org
gkctheatre.org
atrico.hamazo.tv
undereta.henreki.wwwwww.wop.ro
gxxo.net
badava.puk.ro
kapiwiki.info
t-suki.jp
juancong.com
www.tv2.dk
fsjms.net
montijo.puk.ro
superadmin.hu
satou.wop.ro
thessalia.tv
www.44ss.net
www.pornopaarden.nl
njh.nxeb.cc
cuchot.net
soleyn.puk.ro
gqszjambj.skynetblogs.be
www.tw-zfw.co.cc
cheannunci.it
html-to-pdf.net
chachala.com
yq.0316.cc
www.gx315.org
aansluip.puk.ro
zfn8.56dvd.net
parnwellskills.org
www.brutalrape.nl
bpyn.nfdy.net
unet.info
xixichengyuan.com
toutoi.puk.ro
www.inbook.net
svn.webkit.org
modaxhair.com.au
www.almaty.tv
100922.net
mazdaspeed.com.au