www.egenz.com
uruuru.net
overacut.wop.ro
guihuaxiang.com
codelab.ru
infoakademie.de
bestwebspaces.com
aatouch.com
cc.wwmmm.net
anadoluhayat.com.tr
betting-portal.net
rlp.nabu.de
spoedcursussen.puk.ro
fucinita.wop.ro
gxiao.ga
alley.wop.ro
affairs.puk.ro
www.gamet.eu
sihatu.wop.ro
teleurope.eu
lentejar.puk.ro
kaduno.wop.ro
i9yt.k3y3.net
pterygia.wop.ro
clearskin-us.com
bmw-joy.com.cn
armerons.puk.ro
afincadamente.puk.ro
madlab.org.uk
xixihuafu.com
damn.so
hk.damn.so
sacdivino.org
atehenmei.com
parerais.wop.ro
v2e.com
v2ex.com
agonija.eu
sextics.de